1672790236.9745398,1672790236.9745398,1672790236.9745398,1672790241.3838375,4.409297704696655
1672790237.0291739,1672790237.0291739,1672790237.0291739,1672790241.6086824,4.579508543014526
1672790237.0811677,1672790237.0811677,1672790237.0811677,1672790241.823444,4.742276191711426
1672790237.1333282,1672790237.1333282,1672790237.1333282,1672790242.0389545,4.90562629699707
1672790240.8881316,1672790240.9864235,1672790240.8881316,1672790242.2567616,1.3686299324035645
1672790240.937529,1672790241.0351858,1672790240.937529,1672790242.471982,1.5344529151916504
1672790240.9864235,1672790241.0841167,1672790240.9864235,1672790242.6869366,1.7005131244659424
1672790241.0351858,1672790241.133269,1672790241.0351858,1672790242.9029582,1.8677723407745361
1672790241.0841167,1672790241.1824915,1672790241.0841167,1672790243.1196554,2.035538673400879
1672790241.133269,1672790241.2321365,1672790241.133269,1672790243.3382032,2.2049341201782227
1672790241.1824915,1672790241.2831862,1672790241.1824915,1672790243.5557883,2.3732967376708984
1672790241.2321365,1672790241.3365853,1672790241.2321365,1672790243.773568,2.541431427001953
1672790241.2831862,1672790241.3929718,1672790241.2831862,1672790243.9912338,2.70804762840271
1672790242.8514102,1672790242.7533038,1672790242.6558616,1672790244.5551775,1.7037672996520996
1672790242.8998675,1672790242.8029902,1672790242.70427,1672790244.7407696,1.8409020900726318
1672790242.949209,1672790242.8514102,1672790242.7533038,1672790244.9206183,1.9714093208312988
1672790243.0025344,1672790242.8998675,1672790242.8029902,1672790245.1037402,2.101205825805664
1672790243.0566258,1672790242.949209,1672790242.8998675,1672790245.4636178,2.406991958618164
1672790249.6680608,1672790249.8634112,1672790249.8154573,1672790252.079898,2.411837339401245
1672790249.718091,1672790249.9128516,1672790249.8634112,1672790252.2989068,2.5808157920837402
1672790249.7672985,1672790249.9616737,1672790249.9128516,1672790252.5175982,2.7502996921539307
1672790249.8154573,1672790250.0098035,1672790249.9616737,1672790252.7382596,2.922802209854126
1672790249.8634112,1672790250.0577233,1672790250.0098035,1672790252.9686246,3.1052134037017822
1672790251.562815,1672790251.6682987,1672790251.6682987,1672790253.1862025,1.6233875751495361
1672790251.6150763,1672790251.722112,1672790251.722112,1672790253.403145,1.7880687713623047
1672790251.6682987,1672790251.7744482,1672790251.7744482,1672790253.6221962,1.953897476196289
1672790251.722112,1672790251.827214,1672790251.827214,1672790253.8408315,2.1187195777893066
1672790251.7744482,1672790251.8800995,1672790251.8800995,1672790254.0591855,2.2847373485565186
1672790251.827214,1672790251.9330962,1672790251.9330962,1672790254.2785828,2.451368808746338
1672790251.8800995,1672790251.986584,1672790251.986584,1672790254.5004964,2.620396852493286
1672790251.9330962,1672790252.0389533,1672790252.0389533,1672790254.719647,2.786550760269165
1672790251.986584,1672790252.0901158,1672790252.0901158,1672790254.9388757,2.95229172706604
1672790252.0389533,1672790252.1379464,1672790252.1379464,1672790255.1591861,3.1202328205108643
1672790253.7947302,1672790253.7947302,1672790253.6405659,1672790255.3776062,1.5828759670257568
1672790253.8468664,1672790253.8468664,1672790253.6913717,1672790255.5981567,1.7512903213500977
1672790253.8996015,1672790253.7432828,1672790253.7947302,1672790255.81867,1.9190685749053955
1672790255.9668288,1672790256.076308,1672790255.9145868,1672790258.5453339,2.578505039215088
1672790256.020337,1672790256.1289885,1672790255.9668288,1672790258.7443392,2.7240021228790283
1672790267.863986,1672790267.863986,1672790268.0572367,1672790270.81142,2.9474339485168457
1672790267.9128983,1672790267.9128983,1672790268.1048124,1672790271.0471783,3.13427996635437
1672790267.9614217,1672790267.9614217,1672790268.1525402,1672790271.284407,3.3229851722717285
1672790270.1451344,1672790270.336243,1672790270.336243,1672790272.9378242,2.792689800262451
1672790270.1925588,1672790270.385976,1672790270.385976,1672790273.1787589,2.9862000942230225
1672790270.2403557,1672790270.4333477,1672790270.4333477,1672790273.4157465,3.1753907203674316
1672790270.2884536,1672790270.4809773,1672790270.4809773,1672790273.6553504,3.366896867752075
1672790272.3730948,1672790272.3730948,1672790272.568625,1672790274.6032994,2.2302045822143555
1672790272.4213712,1672790272.4213712,1672790272.6162891,1672790274.8393428,2.417971611022949
1672790272.4724972,1672790272.4724972,1672790272.665378,1672790275.0746033,2.6021060943603516
1672790272.5211453,1672790272.5211453,1672790272.7155638,1672790275.3108695,2.789724111557007
1672790272.568625,1672790272.568625,1672790272.7635522,1672790275.5470293,2.9784042835235596
1672790274.5952623,1672790274.7886467,1672790274.6435783,1672790276.257429,1.6621665954589844
1672790274.6435783,1672790274.8363817,1672790274.6920495,1672790276.5226102,1.8790318965911865
1672790274.6920495,1672790274.884453,1672790274.7408924,1672790276.7851198,2.0930702686309814
1672790274.7408924,1672790274.934502,1672790274.7886467,1672790277.0506313,2.309738874435425
1672790274.7886467,1672790274.9828472,1672790274.8363817,1672790277.3078668,2.5192201137542725
1672790274.8363817,1672790275.0327718,1672790274.884453,1672790277.559031,2.722649335861206
1672790274.884453,1672790275.0843906,1672790274.934502,1672790277.8100662,2.9256131649017334
1672790274.934502,1672790275.133329,1672790274.9828472,1672790278.0634115,3.1289095878601074
1672790274.9828472,1672790275.181311,1672790275.0327718,1672790278.3131685,3.3303213119506836
1672790275.0327718,1672790275.2307985,1672790275.0843906,1672790278.564016,3.5312442779541016
1672790277.0402937,1672790276.9888217,1672790276.8412852,1672790278.8162563,1.7759625911712646
1672790277.0889556,1672790276.938329,1672790276.8892696,1672790279.064978,1.9760222434997559
1672790284.631874,1672790284.631874,1672790284.7938101,1672790287.111673,2.4797990322113037
1672790284.687832,1672790284.687832,1672790284.8501246,1672790287.352747,2.664914846420288
1672790284.7417667,1672790284.7417667,1672790284.9008782,1672790287.5986457,2.8568789958953857
1672790284.7938101,1672790284.7938101,1672790284.9538703,1672790287.844284,3.050473928451538
1672790284.8501246,1672790284.8501246,1672790285.0069997,1672790288.0940487,3.243924140930176
1672790284.9008782,1672790284.9008782,1672790285.0603108,1672790288.344673,3.4437947273254395
1672790286.8964944,1672790286.7991402,1672790286.8483996,1672790288.5861485,1.6896541118621826
1672790286.9462507,1672790286.7462974,1672790286.8964944,1672790288.8284879,1.882237195968628
1672790287.0475395,1672790287.240692,1672790287.0475395,1672790289.3248198,2.277280330657959
1672790287.0962243,1672790287.2883222,1672790287.0962243,1672790289.574813,2.478588581085205
1672790287.1445017,1672790287.335701,1672790287.1445017,1672790289.8270254,2.682523727416992
1672790287.1931403,1672790287.3831854,1672790287.1931403,1672790290.0779848,2.8848445415496826
1672790287.240692,1672790287.4305522,1672790287.240692,1672790290.3289819,3.088289976119995
1672790289.3823483,1672790289.2132342,1672790289.2132342,1672790292.0886753,2.706326961517334
1672790297.2006245,1672790297.2006245,1672790297.3488438,1672790300.6611493,3.460524797439575
1672790301.7209246,1672790301.7209246,1672790301.8804715,1672790303.650916,1.9299914836883545
1672790301.7760217,1672790301.7760217,1672790301.9343643,1672790303.89871,2.1226882934570312
1672790301.828428,1672790301.828428,1672790301.987409,1672790304.145909,2.31748104095459
1672790301.8804715,1672790301.8804715,1672790302.0409925,1672790304.3971574,2.516685962677002
1672790301.9343643,1672790301.9343643,1672790302.093311,1672790304.642651,2.708286762237549
1672790301.987409,1672790301.987409,1672790302.1432521,1672790304.8909028,2.903493642807007
1672790302.0409925,1672790302.0409925,1672790302.1925695,1672790305.1449137,3.1039211750030518
1672790302.093311,1672790302.093311,1672790302.2410204,1672790305.396527,3.303215980529785
1672790304.2348993,1672790304.3949294,1672790304.2348993,1672790307.221701,2.9868016242980957
1672790304.289415,1672790304.4491906,1672790304.289415,1672790307.4966266,3.20721173286438
1672790304.3421242,1672790304.503558,1672790304.3421242,1672790307.7811224,3.438998222351074
1672790304.3949294,1672790304.5528483,1672790304.3949294,1672790308.05577,3.6608405113220215
1672790304.4491906,1672790304.6013339,1672790304.4491906,1672790308.327886,3.878695487976074
1672790306.696522,1672790306.6460874,1672790306.7452776,1672790308.6013873,1.9048652648925781
1672790306.7452776,1672790306.5941277,1672790306.7938883,1672790308.8781517,2.132874011993408
1672790306.8909461,1672790307.087914,1672790306.8909461,1672790309.414495,2.5235488414764404
1672790306.9405594,1672790307.1362839,1672790306.9405594,1672790309.6697013,2.7291419506073
1672790306.9901283,1672790307.1847186,1672790306.9901283,1672790309.928295,2.938166618347168
1672790307.0395217,1672790307.2348099,1672790307.0395217,1672790310.17951,3.139988422393799
1672790307.087914,1672790307.2836368,1672790307.087914,1672790310.4394116,3.3514976501464844
1672790307.1362839,1672790307.3319287,1672790307.1362839,1672790310.6940258,3.55774188041687
1672790309.3099341,1672790309.3099341,1672790309.4636264,1672790311.6395335,2.329599380493164
1672790309.3576782,1672790309.3576782,1672790309.5114584,1672790311.8879535,2.530275344848633
1672790309.6072168,1672790309.7667246,1672790309.6072168,1672790313.1403341,3.5331172943115234
1672790311.8193986,1672790311.8193986,1672790312.0135303,1672790314.140403,2.3210043907165527
1672790311.8677108,1672790311.8677108,1672790312.0640273,1672790314.3889022,2.521191358566284
1672790311.9165335,1672790311.9165335,1672790312.113489,1672790314.637462,2.720928430557251
1672790311.9646719,1672790311.9646719,1672790312.1646059,1672790314.8851254,2.9204535484313965
1672790314.4101841,1672790314.4101841,1672790314.56748,1672790317.1295776,2.719393491744995
1672790314.4616342,1672790314.4616342,1672790314.6196952,1672790317.3762085,2.914574384689331
1672790314.5161695,1672790314.5161695,1672790314.6693702,1672790317.6245174,3.1083478927612305
1672790314.56748,1672790314.56748,1672790314.7173467,1672790317.870792,3.303311824798584
1672790314.6196952,1672790314.6196952,1672790314.769069,1672790318.1176896,3.4979944229125977
1672790316.9317522,1672790316.9844508,1672790317.0923095,1672790319.8863719,2.9546196460723877
1672790316.9844508,1672790317.0398152,1672790317.1445637,1672790320.1319237,3.147472858428955
1672790317.0398152,1672790317.0923095,1672790317.1937308,1672790320.381453,3.3416378498077393
1672790317.0923095,1672790317.1445637,1672790317.2447255,1672790320.624443,3.5321335792541504
1672790319.5684018,1672790319.7269568,1672790319.6771464,1672790322.8018322,3.2334303855895996
1672790319.6201465,1672790319.775569,1672790319.7269568,1672790323.0422711,3.4221246242523193
1672790322.0240815,1672790322.0240815,1672790322.2180774,1672790325.3266883,3.3026068210601807
1672790361.2701917,1672790361.1738217,1672790361.1207983,1672790364.9691706,3.698978900909424
1672790363.8436234,1672790363.98903,1672790363.796424,1672790367.411744,3.5681207180023193
1672790366.310786,1672790366.2143848,1672790366.1198597,1672790368.035009,1.7242228984832764
1672790366.3591874,1672790366.1670618,1672790366.1670618,1672790368.2837052,1.9245178699493408
1672790366.5013127,1672790366.6928182,1672790366.5013127,1672790370.1193254,3.6180126667022705
1672790366.5499218,1672790366.7399955,1672790366.5499218,1672790370.3897312,3.8398094177246094
1672790368.7809715,1672790368.8298793,1672790368.8298793,1672790370.661408,1.8804364204406738
1672790368.8298793,1672790368.8770413,1672790368.8770413,1672790370.9317985,2.101919174194336
1672790368.8770413,1672790368.9267595,1672790368.9267595,1672790371.2027488,2.32570743560791
1672790368.9267595,1672790368.7809715,1672790368.9771442,1672790371.4751668,2.5484073162078857
1672790369.2290015,1672790369.379294,1672790369.2290015,1672790372.8316233,3.6026217937469482
1672790371.3558438,1672790371.3558438,1672790371.5131319,1672790373.499989,2.1441452503204346
1672790371.4067454,1672790371.4067454,1672790371.565865,1672790373.7495575,2.3428120613098145
1672790371.45891,1672790371.45891,1672790371.621736,1672790373.9956262,2.5367162227630615
1672790371.5131319,1672790371.5131319,1672790371.674081,1672790374.2448125,2.7316806316375732
1672790371.565865,1672790371.565865,1672790371.723377,1672790374.4927504,2.9268853664398193
1672790371.621736,1672790371.621736,1672790371.772215,1672790374.7386954,3.1169593334198
1672790374.008386,1672790374.008386,1672790374.1636124,1672790376.7246141,2.7162282466888428
1672790374.0602596,1672790374.0602596,1672790374.2144608,1672790376.9710476,2.910788059234619
1672790374.1636124,1672790374.1636124,1672790374.3436203,1672790377.4677095,3.3040971755981445
1672790374.2144608,1672790374.2144608,1672790374.392073,1672790377.7201772,3.505716323852539
1672790391.175473,1672790391.0753353,1672790390.9758046,1672790394.7665954,3.5911223888397217
1672790393.7306643,1672790393.7781274,1672790393.6295319,1672790397.4687686,3.7381043434143066
1672790396.209796,1672790396.0495577,1672790396.0495577,1672790398.5521314,2.3423354625701904
1672790396.30639,1672790396.4992201,1672790396.30639,1672790399.9084256,3.6020355224609375
1672790396.353577,1672790396.5483499,1672790396.353577,1672790400.1820471,3.828470230102539
1672790398.7361174,1672790398.6410801,1672790398.6410801,1672790400.4508905,1.714773178100586
1672790398.7833626,1672790398.6882236,1672790398.6882236,1672790400.7226784,1.9393157958984375
1672790398.8310394,1672790398.7361174,1672790398.7361174,1672790400.9945877,2.163548231124878
1672790399.0219555,1672790399.210317,1672790399.0219555,1672790402.6182995,3.596343994140625
1672790399.068994,1672790399.2573905,1672790399.068994,1672790402.8870595,3.8180654048919678
1672790401.2451403,1672790401.3418865,1672790401.3418865,1672790403.1658847,1.9207444190979004
1672790401.2930188,1672790401.391872,1672790401.391872,1672790403.4191206,2.1261017322540283
1672790401.3418865,1672790401.442282,1672790401.442282,1672790403.673395,2.3315083980560303
1672790401.391872,1672790401.2930188,1672790401.490873,1672790403.927704,2.535832166671753
1672790403.8012562,1672790403.8012562,1672790403.9560468,1672790406.1516936,2.3504374027252197
1672790403.8520284,1672790403.8520284,1672790404.0094051,1672790406.3997614,2.5477330684661865
1672790403.9034858,1672790403.9034858,1672790404.0608613,1672790406.6530955,2.7496097087860107
1672790403.9560468,1672790403.9560468,1672790404.1122293,1672790406.9037704,2.947723627090454
1672790404.0094051,1672790404.0094051,1672790404.166886,1672790407.146942,3.1375367641448975
1672790404.0608613,1672790404.0608613,1672790404.215931,1672790407.3962657,3.335404396057129
1672790404.1122293,1672790404.1122293,1672790404.2633193,1672790407.6441214,3.5318920612335205
1672790406.3364344,1672790406.3875954,1672790406.4906993,1672790408.889262,2.5528275966644287
1672790406.3875954,1672790406.43899,1672790406.5437343,1672790409.1380332,2.7504377365112305
1672790406.43899,1672790406.4906993,1672790406.5949004,1672790409.387132,2.9481418132781982
1672790406.4906993,1672790406.5437343,1672790406.6465259,1672790409.6352,3.144500732421875
1672790406.5437343,1672790406.5949004,1672790406.6954262,1672790409.8827488,3.3390145301818848
1672790406.5949004,1672790406.6465259,1672790406.7462833,1672790410.130962,3.5360615253448486
1672790408.7230272,1672790408.7230272,1672790408.9209688,1672790410.8345873,2.111560106277466
1672790408.9724736,1672790409.1245286,1672790408.9724736,1672790411.8751478,2.9026741981506348
1672790409.0253706,1672790409.1719978,1672790409.0253706,1672790412.1234848,3.098114252090454
1672790409.0763686,1672790409.2202363,1672790409.0763686,1672790412.3758328,3.299464225769043
1672790409.1245286,1672790409.2971976,1672790409.1245286,1672790412.6209092,3.496380567550659
1672790416.889106,1672790416.8378146,1672790416.9411643,1672790418.8206468,1.9315407276153564
1672790417.1836495,1672790417.340639,1672790417.1836495,1672790419.895529,2.7118794918060303
1672790417.2362995,1672790417.3920243,1672790417.2362995,1672790420.159809,2.9235095977783203
1672790417.2891643,1672790417.4413211,1672790417.2891643,1672790420.423705,3.1345407962799072
1672790417.340639,1672790417.4895124,1672790417.340639,1672790420.6885097,3.3478705883026123
1672790417.3920243,1672790417.5368266,1672790417.3920243,1672790420.9524524,3.5604281425476074
1672790419.5209942,1672790419.5209942,1672790419.6745486,1672790421.854646,2.3336517810821533
1672790419.571745,1672790419.571745,1672790419.7214396,1672790422.1039004,2.5321555137634277
1672790419.624518,1672790419.624518,1672790419.7712393,1672790422.3538716,2.729353666305542
1672790422.1191037,1672790422.1191037,1672790422.2915645,1672790425.1162446,2.997140884399414
1672790422.1711755,1672790422.1711755,1672790422.3506637,1672790425.364249,3.1930735111236572
1672790422.2287393,1672790422.2287393,1672790422.401311,1672790425.6122086,3.383469343185425
1672790422.2915645,1672790422.2915645,1672790422.4500995,1672790425.8605537,3.5689892768859863
1672790424.8384454,1672790424.8384454,1672790425.0317585,1672790428.3563857,3.5179402828216553
1672790436.816257,1672790436.6620517,1672790436.6620517,1672790440.302075,3.4858179092407227
1672790436.8639426,1672790436.714062,1672790436.714062,1672790440.5750167,3.711074113845825
1672790436.9162714,1672790436.7657454,1672790436.7657454,1672790440.843811,3.927539587020874
1672790439.502902,1672790439.3439214,1672790439.3439214,1672790441.6567512,2.1538491249084473
1672790439.5542064,1672790439.3965547,1672790439.3965547,1672790441.9283943,2.37418794631958
1672790439.6053386,1672790439.4506476,1672790439.4506476,1672790442.2012212,2.5958826541900635
1672790439.6544995,1672790439.502902,1672790439.502902,1672790442.4742978,2.819798231124878
1672790439.7020695,1672790439.5542064,1672790439.5542064,1672790442.7466567,3.0445871353149414
1672790439.752728,1672790439.6053386,1672790439.6053386,1672790443.0162485,3.2635204792022705
1672790442.1672761,1672790442.0138214,1672790442.0138214,1672790444.104598,1.9373219013214111
1672790442.2217875,1672790442.0645268,1672790442.0645268,1672790444.3735373,2.151749849319458
1672790442.274545,1672790442.1160429,1672790442.1160429,1672790444.6464992,2.3719542026519775
1672790442.3239956,1672790442.1672761,1672790442.1672761,1672790444.9208736,2.5968780517578125
1672790442.3712146,1672790442.2217875,1672790442.2217875,1672790445.1952312,2.824016571044922
1672790442.418529,1672790442.274545,1672790442.274545,1672790445.4668198,3.048290729522705
1672790442.4661567,1672790442.3239956,1672790442.3239956,1672790445.738571,3.272414207458496
1672790444.7408133,1672790444.7408133,1672790444.7408133,1672790446.5591283,1.818315029144287
1672790444.7893214,1672790444.7893214,1672790444.7893214,1672790446.8312767,2.0419552326202393
1672790444.837048,1672790444.837048,1672790444.837048,1672790447.1071482,2.2701001167297363
1672790444.8849425,1672790444.8849425,1672790444.8849425,1672790447.37713,2.4921875
1672790444.9353743,1672790444.9353743,1672790444.9353743,1672790447.6490667,2.7136924266815186
1672790444.9840968,1672790444.9840968,1672790444.9840968,1672790447.9238718,2.939774990081787
1672790445.0311387,1672790445.0311387,1672790445.0311387,1672790448.2013507,3.1702120304107666
1672790447.2292826,1672790447.4275916,1672790447.4275916,1672790449.286791,2.0575084686279297
1672790447.3260605,1672790447.3260605,1672790447.4783394,1672790449.6423945,2.3163340091705322
1672790447.37416,1672790447.37416,1672790447.529568,1672790449.889004,2.5148439407348633
1672790447.4275916,1672790447.4783394,1672790447.5804775,1672790450.1339736,2.7063820362091064
1672790447.4783394,1672790447.529568,1672790447.6313994,1672790450.388682,2.9103424549102783
1672790447.529568,1672790447.6826556,1672790447.6826556,1672790450.6607473,3.1311793327331543
1672790447.5804775,1672790447.735251,1672790447.735251,1672790450.9327216,3.3522441387176514
1672790447.6313994,1672790447.6313994,1672790447.7854643,1672790451.2048736,3.573474168777466
1672790449.9930925,1672790449.9930925,1672790450.1516056,1672790453.1026947,3.109602212905884
1672790450.044797,1672790450.044797,1672790450.2008038,1672790453.349926,3.305129051208496
1672790450.0969477,1672790450.0969477,1672790450.2520838,1672790453.5985358,3.5015881061553955
1672790469.6296482,1672790469.4296756,1672790469.4296756,1672790472.1865423,2.556894063949585
1672790469.680904,1672790469.481715,1672790469.481715,1672790472.4596426,2.7787387371063232
1672790469.7319448,1672790469.5326204,1672790469.5326204,1672790472.7303731,2.9984283447265625
1672790472.154355,1672790472.000551,1672790472.000551,1672790474.091121,1.9367659091949463
1672790472.2085118,1672790472.051549,1672790472.051549,1672790474.3643272,2.155815362930298
1672790472.2611988,1672790472.102639,1672790472.102639,1672790474.6358638,2.3746650218963623
1672790472.311069,1672790472.154355,1672790472.154355,1672790474.9092453,2.5981762409210205
1672790472.3596451,1672790472.2085118,1672790472.2085118,1672790475.1813898,2.821744680404663
1672790472.4128785,1672790472.2611988,1672790472.2611988,1672790475.45282,3.0399415493011475
1672790474.6560693,1672790474.7064536,1672790474.7064536,1672790476.5424469,1.8863775730133057
1672790474.7064536,1672790474.7549984,1672790474.7549984,1672790476.8145857,2.1081321239471436
1672790474.7549984,1672790474.803381,1672790474.803381,1672790477.0879405,2.332942008972168
1672790474.803381,1672790474.8512948,1672790474.8512948,1672790477.3595636,2.556182622909546
1672790474.8512948,1672790474.900658,1672790474.900658,1672790477.6329126,2.7816178798675537
1672790474.900658,1672790474.9505918,1672790474.9505918,1672790477.904187,3.0035290718078613
1672790474.9505918,1672790474.9982266,1672790474.9982266,1672790478.1750677,3.224475860595703
1672790477.2490935,1672790477.444914,1672790477.444914,1672790479.2670848,2.017991304397583
1672790477.2979257,1672790477.492657,1672790477.492657,1672790479.5396986,2.2417728900909424
1672790477.3470714,1672790477.540398,1672790477.540398,1672790479.8104553,2.463383913040161
1672790477.396411,1672790477.58807,1672790477.58807,1672790480.0833058,2.6868948936462402
1672790477.444914,1672790477.6368036,1672790477.6368036,1672790480.3554792,2.910565137863159
1672790477.492657,1672790477.6845467,1672790477.6845467,1672790480.6285782,3.1359212398529053
1672790479.9518988,1672790479.9518988,1672790480.114791,1672790482.5206075,2.568708658218384
1672807795.3339849,1672807795.3339849,1672807795.3339849,1672807799.8004017,4.466416835784912
1672807795.3886952,1672807795.3886952,1672807795.3886952,1672807799.9836187,4.594923496246338
1672807795.4398253,1672807795.4398253,1672807795.4398253,1672807800.185632,4.745806694030762
1672807795.4929018,1672807795.4929018,1672807795.4929018,1672807800.3936088,4.900707006454468
1672807795.545047,1672807795.545047,1672807795.545047,1672807800.5999126,5.054865598678589
1672807799.307325,1672807799.307325,1672807799.307325,1672807800.80741,1.5000851154327393
1672807799.3564136,1672807799.3564136,1672807799.3564136,1672807801.0144129,1.6579992771148682
1672807799.4065828,1672807799.4065828,1672807799.4065828,1672807801.221857,1.8152742385864258
1672807799.4562824,1672807799.4562824,1672807799.4562824,1672807801.4294827,1.9732003211975098
1672807799.5052412,1672807799.5052412,1672807799.5052412,1672807801.6357846,2.1305434703826904
1672807799.5543687,1672807799.5543687,1672807799.5543687,1672807801.8429108,2.2885420322418213
1672807799.6057065,1672807799.6057065,1672807799.6057065,1672807802.051276,2.4455695152282715
1672807799.65609,1672807799.65609,1672807799.65609,1672807802.2583113,2.6022212505340576
1672807799.7081256,1672807799.7081256,1672807799.7081256,1672807802.4657047,2.7575790882110596
1672807801.3587303,1672807801.3587303,1672807801.1621075,1672807802.8804214,1.521691083908081
1672807801.4075968,1672807801.4075968,1672807801.2111065,1672807803.0939982,1.6864013671875
1672807801.4560544,1672807801.4560544,1672807801.2599769,1672807803.301832,1.8457775115966797
1672807801.5046566,1672807801.3100429,1672807801.3100429,1672807803.507484,2.0028274059295654
1672807801.5550292,1672807801.2599769,1672807801.3587303,1672807803.713137,2.1581077575683594
1672807803.4292204,1672807803.1334562,1672807803.1334562,1672807805.446756,2.017535448074341
1672807803.477765,1672807803.1832387,1672807803.1832387,1672807805.6159968,2.1382317543029785
1672807805.87646,1672807806.171535,1672807806.12334,1672807808.517938,2.6414778232574463
1672807805.925654,1672807806.2200286,1672807806.171535,1672807808.7266235,2.8009696006774902
1672807805.9760401,1672807806.2707705,1672807806.2200286,1672807808.934836,2.9587957859039307
1672807807.662735,1672807807.958978,1672807807.8607776,1672807809.351257,1.6885221004486084
1672807807.7148309,1672807808.0085511,1672807807.910061,1672807809.5633276,1.848496675491333
1672807807.7627246,1672807808.0609367,1672807807.958978,1672807809.7699263,2.007201671600342
1672807807.8117774,1672807808.1099107,1672807808.0085511,1672807809.9776943,2.165916919708252
1672807807.8607776,1672807808.158628,1672807808.0609367,1672807810.1846862,2.323908567428589
1672807807.910061,1672807808.2078948,1672807808.1099107,1672807810.3921502,2.4820892810821533
1672807807.958978,1672807808.2567239,1672807808.158628,1672807810.6140716,2.6550936698913574
1672807808.0085511,1672807808.3049126,1672807808.2078948,1672807810.8221653,2.8136141300201416
1672807808.0609367,1672807808.354483,1672807808.2567239,1672807811.0407968,2.9798600673675537
1672807809.686225,1672807809.686225,1672807809.5775278,1672807811.2498186,1.5635936260223389
1672807809.738873,1672807809.738873,1672807809.686225,1672807811.4611366,1.7222635746002197
1672807809.792511,1672807809.792511,1672807809.738873,1672807811.6697292,1.877218246459961
1672807809.849584,1672807809.849584,1672807809.792511,1672807811.8788934,2.0293092727661133
1672807809.9042814,1672807809.9042814,1672807809.849584,1672807812.0881906,2.1839091777801514
1672807809.9566202,1672807809.9566202,1672807809.9042814,1672807812.2966692,2.3400490283966064
1672807810.0087798,1672807810.0087798,1672807810.0087798,1672807812.508057,2.499277353286743
1672807810.0620174,1672807810.0620174,1672807809.9566202,1672807812.719958,2.657940626144409
1672807811.7981565,1672807811.5319266,1672807811.5319266,1672807813.5095096,1.711353063583374
1672807811.8537252,1672807811.5834239,1672807811.5834239,1672807813.680309,1.8265838623046875
1672807811.904892,1672807811.637256,1672807811.637256,1672807813.8507323,1.9458403587341309
1672807811.9527864,1672807811.6908808,1672807811.6908808,1672807814.0212278,2.068441390991211
1672807812.0032864,1672807811.7432506,1672807811.7432506,1672807814.1917882,2.1885018348693848
1672807816.1065352,1672807816.1065352,1672807816.3758285,1672807818.0075684,1.9010331630706787
1672807816.162154,1672807816.162154,1672807816.4309568,1672807818.217531,2.0553770065307617
1672807816.2156563,1672807816.2156563,1672807816.4852948,1672807818.4329002,2.2172439098358154
1672807816.266298,1672807816.5429,1672807816.5429,1672807818.639985,2.3736870288848877
1672807816.3211863,1672807816.5945094,1672807816.5945094,1672807818.8494043,2.5282180309295654
1672807816.3758285,1672807816.6455517,1672807816.6455517,1672807819.0619514,2.6861228942871094
1672807816.4309568,1672807816.7051158,1672807816.7051158,1672807819.2753496,2.844392776489258
1672807816.4852948,1672807816.7584364,1672807816.7584364,1672807819.484473,2.999178171157837
1672807818.102576,1672807817.9485445,1672807818.1525965,1672807819.6946592,1.592083215713501
1672807818.1525965,1672807818.300237,1672807818.2023048,1672807819.9125361,1.7599396705627441
1672807818.2023048,1672807818.3572116,1672807818.2512503,1672807820.1227643,1.920459508895874
1672807818.2512503,1672807818.4069202,1672807818.300237,1672807820.3339937,2.0827434062957764
1672807818.300237,1672807818.5023603,1672807818.3572116,1672807820.5441363,2.243899345397949
1672807818.3572116,1672807818.5504994,1672807818.4069202,1672807820.758147,2.400935411453247
1672807818.4069202,1672807818.5995424,1672807818.5023603,1672807820.9703708,2.563450574874878
1672807818.5023603,1672807818.6497116,1672807818.5504994,1672807821.1793742,2.677013874053955
1672807818.5504994,1672807818.7006445,1672807818.5995424,1672807821.3896742,2.839174747467041
1672807818.5995424,1672807818.750097,1672807818.6497116,1672807821.6008425,3.001300096511841
1672807820.272504,1672807820.272504,1672807820.0612168,1672807821.8210762,1.548572063446045
1672807820.3243074,1672807820.3243074,1672807820.115481,1672807822.0317254,1.7074179649353027
1672807820.3734918,1672807820.3734918,1672807820.1696682,1672807822.2407508,1.8672590255737305
1672807820.4242601,1672807820.4242601,1672807820.2208207,1672807822.4500434,2.0257833003997803
1672807820.4747305,1672807820.4747305,1672807820.3243074,1672807822.6616144,2.1868839263916016
1672807820.5245118,1672807820.5245118,1672807820.3734918,1672807822.8749442,2.3504323959350586
1672807824.8987458,1672807824.8987458,1672807825.1887505,1672807827.5448422,2.6460964679718018
1672807826.7866323,1672807827.0855544,1672807826.9399858,1672807828.825925,2.039292812347412
1672807826.8407116,1672807827.1355915,1672807826.9881094,1672807829.0375063,2.1967947483062744
1672807826.891398,1672807827.184478,1672807827.0363638,1672807829.2506824,2.3592844009399414
1672807826.9399858,1672807827.234056,1672807827.0855544,1672807829.4622784,2.5222926139831543
1672807826.9881094,1672807827.2833662,1672807827.1355915,1672807829.6735291,2.685419797897339
1672807827.0363638,1672807827.3325732,1672807827.184478,1672807829.8916051,2.855241298675537
1672807827.0855544,1672807827.3826718,1672807827.234056,1672807830.1034634,3.017909049987793
1672807828.7709484,1672807828.8259575,1672807828.665279,1672807830.3267674,1.555819034576416
1672807828.8259575,1672807828.8796556,1672807828.7181005,1672807830.5400286,1.7140710353851318
1672807828.8796556,1672807828.9321582,1672807828.8259575,1672807830.7533007,1.8736450672149658
1672807828.9321582,1672807828.9876451,1672807828.8796556,1672807830.9660282,2.033869981765747
1672807828.9876451,1672807829.0401335,1672807828.9321582,1672807831.1797738,2.1921286582946777
1672807829.0401335,1672807829.0919256,1672807828.9876451,1672807831.3923733,2.3522398471832275
1672807829.0919256,1672807829.1406868,1672807829.0919256,1672807831.6054192,2.513493537902832
1672807829.1406868,1672807829.1893563,1672807829.0401335,1672807831.8280609,2.6873741149902344
1672807830.8721936,1672807830.6001325,1672807830.6001325,1672807832.473275,1.601081371307373
1672807830.9240859,1672807830.9240859,1672807830.6526535,1672807832.6771896,1.7531037330627441
1672807830.9762588,1672807830.9762588,1672807830.7057,1672807832.888882,1.9126231670379639
1672807831.0295844,1672807831.0295844,1672807830.7600448,1672807833.1019263,2.0723419189453125
1672807831.0817578,1672807830.8721936,1672807830.8210316,1672807833.3131154,2.2313575744628906
1672807835.4169462,1672807835.4169462,1672807835.683362,1672807837.82903,2.412083864212036
1672807835.575889,1672807835.829316,1672807835.731882,1672807838.482611,2.906721830368042
1672807835.6298735,1672807835.878355,1672807835.7797434,1672807838.699158,3.069284439086914
1672807837.3128798,1672807837.151943,1672807837.3674936,1672807838.9115047,1.5986249446868896
1672807837.3674936,1672807837.5320728,1672807837.4223182,1672807839.1250148,1.757521152496338
1672807837.4223182,1672807837.5880117,1672807837.4773269,1672807839.3349602,1.912642002105713
1672807837.4773269,1672807837.6427634,1672807837.5320728,1672807839.5472224,2.0698955059051514
1672807837.5320728,1672807837.695767,1672807837.5880117,1672807839.762682,2.230609178543091
1672807837.5880117,1672807837.7513154,1672807837.6427634,1672807839.975756,2.387744188308716
1672807837.6427634,1672807837.8050876,1672807837.695767,1672807840.1955764,2.5528130531311035
1672807837.695767,1672807837.8567758,1672807837.7513154,1672807840.4104707,2.7147037982940674
1672807837.7513154,1672807837.9053977,1672807837.8050876,1672807840.6240265,2.872711181640625
1672807837.8050876,1672807837.9549525,1672807837.8567758,1672807840.8361163,3.0310287475585938
1672807839.4688735,1672807839.4688735,1672807839.2525241,1672807841.0503333,1.5814597606658936
1672807839.5207644,1672807839.5207644,1672807839.3619552,1672807841.2660706,1.7453062534332275
1672807839.5731282,1672807839.5731282,1672807839.4162672,1672807841.4793625,1.9062342643737793
1672807839.6261249,1672807839.6261249,1672807839.4688735,1672807841.7014341,2.0753092765808105
1672807839.6822155,1672807839.6822155,1672807839.5207644,1672807841.91349,2.2312746047973633
1672807839.7364175,1672807839.7364175,1672807839.6261249,1672807842.1362717,2.3998541831970215
1672807839.7896273,1672807839.7896273,1672807839.5731282,1672807842.3496826,2.5600552558898926
1672807841.6297028,1672807841.372161,1672807841.372161,1672807843.865477,2.235774278640747
1672807844.1943738,1672807844.1943738,1672807844.4496286,1672807847.0579789,2.86360502243042
1672807845.8719478,1672807845.978281,1672807846.1560423,1672807847.5623639,1.6904160976409912
1672807845.9262571,1672807845.9262571,1672807846.2108445,1672807847.7377782,1.811521053314209
1672807846.0315893,1672807846.3208797,1672807846.2663503,1672807848.1397862,2.108196973800659
1672807846.0822623,1672807846.3745534,1672807846.3208797,1672807848.3557994,2.2735371589660645
1672807846.1560423,1672807846.4287949,1672807846.3745534,1672807848.5717537,2.4157114028930664
1672807846.2108445,1672807846.4813967,1672807846.4287949,1672807848.7841566,2.5733120441436768
1672807846.2663503,1672807846.5332174,1672807846.4813967,1672807848.99865,2.7322998046875
1672807846.3208797,1672807846.6001265,1672807846.5332174,1672807849.2172112,2.896331548690796
1672807846.3745534,1672807846.6553125,1672807846.6001265,1672807849.448619,3.0740654468536377
1672807848.0847511,1672807848.1373675,1672807847.975707,1672807849.6544876,1.5697364807128906
1672807848.1373675,1672807848.1908195,1672807848.0847511,1672807849.8717473,1.734379768371582
1672807848.1908195,1672807848.2425966,1672807848.1373675,1672807850.0950978,1.90427827835083
1672807848.2425966,1672807848.2964077,1672807848.1908195,1672807850.3098998,2.06730318069458
1672807848.2964077,1672807848.3479645,1672807848.2425966,1672807850.5298219,2.2334141731262207
1672807848.3479645,1672807848.4010177,1672807848.3479645,1672807850.7457225,2.3977580070495605
1672807848.4010177,1672807848.4547703,1672807848.4010177,1672807850.9615192,2.5605015754699707
1672807848.4547703,1672807848.5039995,1672807848.2964077,1672807851.1739824,2.719212055206299
1672807850.2300332,1672807849.964811,1672807849.964811,1672807851.9532518,1.7232186794281006
1672807850.2800333,1672807850.018455,1672807850.018455,1672807852.128174,1.8481407165527344
1672807850.3346806,1672807850.0711846,1672807850.0711846,1672807852.3034325,1.9687519073486328
1672807850.389705,1672807850.1232383,1672807850.1232383,1672807852.480065,2.090360164642334
1672807850.4404974,1672807850.389705,1672807850.1757681,1672807852.676805,2.2363076210021973
1672807854.706604,1672807854.706604,1672807854.963247,1672807856.7869344,2.0803303718566895
1672807854.7575455,1672807854.7575455,1672807855.015963,1672807857.0008895,2.2433440685272217
1672807854.8086863,1672807854.8086863,1672807855.0713096,1672807857.2151914,2.4065051078796387
1672807854.9097521,1672807855.1775556,1672807855.1242688,1672807857.655586,2.7458338737487793
1672807854.963247,1672807855.2291322,1672807855.1775556,1672807857.870624,2.907377004623413
1672807855.015963,1672807855.283314,1672807855.2291322,1672807858.0846434,3.0686802864074707
1672807856.712902,1672807856.5499637,1672807856.7668111,1672807858.2985928,1.5856907367706299
1672807856.7668111,1672807856.9285202,1672807856.8186703,1672807858.513487,1.746675968170166
1672807856.8186703,1672807856.9818993,1672807856.8737237,1672807858.7286878,1.910017490386963
1672807856.8737237,1672807857.034345,1672807856.9285202,1672807858.942303,2.0685791969299316
1672807856.9285202,1672807857.0883574,1672807856.9818993,1672807859.1581135,2.229593276977539
1672807856.9818993,1672807857.140768,1672807857.034345,1672807859.3770754,2.3951761722564697
1672807857.034345,1672807857.1933784,1672807857.0883574,1672807859.5960374,2.561692476272583
1672807857.0883574,1672807857.2443721,1672807857.140768,1672807859.8098764,2.7215189933776855
1672807857.140768,1672807857.2941887,1672807857.1933784,1672807860.0267766,2.8860085010528564
1672807857.1933784,1672807857.3434777,1672807857.2443721,1672807860.2411177,3.047739267349243
1672807858.8495789,1672807858.8495789,1672807858.684603,1672807860.4568408,1.6072618961334229
1672807858.90191,1672807858.90191,1672807858.738227,1672807860.674512,1.772601842880249
1672807858.9545274,1672807858.9545274,1672807858.7930784,1672807860.8908248,1.9362974166870117
1672807859.0072308,1672807859.0072308,1672807858.8495789,1672807861.1059487,2.0987179279327393
1672807859.0599375,1672807859.0599375,1672807858.90191,1672807861.3198543,2.2599167823791504
1672807859.1115556,1672807859.1115556,1672807859.0072308,1672807861.5361118,2.424556255340576
1672807859.1663423,1672807859.1663423,1672807858.9545274,1672807861.7549675,2.588625192642212
1672807861.0166779,1672807860.7568545,1672807860.7568545,1672807863.3127544,2.296076536178589
1672807863.615634,1672807863.615634,1672807863.8681026,1672807866.344706,2.729072093963623
1672807863.6675959,1672807863.6675959,1672807863.9212122,1672807866.560345,2.892749071121216
1672807865.4119506,1672807865.4661329,1672807865.6801949,1672807867.1067474,1.6947968006134033
1672807865.6238368,1672807865.8976061,1672807865.7345212,1672807867.876913,2.2530763149261475
1672807865.6801949,1672807865.9508138,1672807865.7893138,1672807868.0920787,2.41188383102417
1672807865.7345212,1672807866.0013785,1672807865.843372,1672807868.3091612,2.5746400356292725
1672807865.7893138,1672807866.052597,1672807865.8976061,1672807868.5250146,2.735700845718384
1672807865.843372,1672807866.1045616,1672807865.9508138,1672807868.74197,2.8985979557037354
1672807865.8976061,1672807866.1576126,1672807866.0013785,1672807868.9591434,3.061537265777588
1672807867.5875635,1672807867.6932158,1672807867.5361388,1672807869.1756907,1.5881271362304688
1672807867.6404781,1672807867.746982,1672807867.5875635,1672807869.3912137,1.7507355213165283
1672807867.6932158,1672807867.801476,1672807867.6404781,1672807869.6088698,1.915653944015503
1672807867.746982,1672807867.8563602,1672807867.6932158,1672807869.8235996,2.076617479324341
1672807867.801476,1672807867.9085324,1672807867.801476,1672807870.0411844,2.239708423614502
1672807867.8563602,1672807867.9602802,1672807867.8563602,1672807870.2657206,2.409360408782959
1672807867.9085324,1672807868.013275,1672807867.9085324,1672807870.4812555,2.572723150253296
1672807867.9602802,1672807868.0674295,1672807867.9602802,1672807870.6974325,2.737152338027954
1672807869.774062,1672807869.774062,1672807869.5261765,1672807871.353756,1.5796940326690674
1672807869.8234797,1672807869.8234797,1672807869.5753543,1672807871.5701957,1.746716022491455
1672807869.8762624,1672807869.8762624,1672807869.6253922,1672807871.793918,1.9176554679870605
1672807869.927854,1672807869.927854,1672807869.6755815,1672807872.0143394,2.0864853858947754
1672807869.97879,1672807869.7241838,1672807869.7241838,1672807872.2312512,2.2524611949920654
1672807871.9357939,1672807871.640443,1672807871.640443,1672807874.1301174,2.1943235397338867
1672807871.9839933,1672807871.6889205,1672807871.6889205,1672807874.3122633,2.3282699584960938
1672807876.5517056,1672807876.6634755,1672807876.8249803,1672807878.9975502,2.4458446502685547
1672807876.6099813,1672807876.7180085,1672807876.874004,1672807879.2121327,2.602151393890381
1672807876.6634755,1672807876.7703476,1672807876.923145,1672807879.4301183,2.7666428089141846
1672807876.7180085,1672807876.8249803,1672807876.976085,1672807879.6477396,2.9297311305999756
1672807876.7703476,1672807876.874004,1672807877.0284793,1672807879.8638496,3.0935020446777344
1672807878.4929066,1672807878.7480955,1672807878.7480955,1672807880.1552248,1.662318229675293
1672807878.5422893,1672807878.799147,1672807878.799147,1672807880.345677,1.8033876419067383
1672807878.5927472,1672807878.851372,1672807878.851372,1672807880.5371346,1.944387435913086
1672807878.6448026,1672807878.6448026,1672807878.9039555,1672807880.7430837,2.098281145095825
1672807878.6969736,1672807878.6969736,1672807878.9535503,1672807880.9680119,2.271038293838501
1672807878.7480955,1672807878.9039555,1672807879.0029411,1672807881.1850092,2.4369137287139893
1672807880.7201524,1672807880.7201524,1672807880.669253,1672807882.2932298,1.5730774402618408
1672807880.7694068,1672807880.669253,1672807880.7201524,1672807882.513148,1.7437412738800049
1672807880.8178864,1672807880.6156626,1672807880.7694068,1672807882.7304597,1.9125733375549316
1672807880.8662996,1672807881.1266475,1672807880.8662996,1672807883.0309396,2.164639949798584
1672807880.9151804,1672807881.1781743,1672807880.9151804,1672807883.2259638,2.3107833862304688
1672807880.968149,1672807881.2285788,1672807880.968149,1672807883.4198763,2.4517273902893066
1672807881.0207253,1672807881.2767928,1672807881.0207253,1672807883.6198864,2.599161148071289
1672807881.0727258,1672807881.3280804,1672807881.0727258,1672807883.8229096,2.7501838207244873
1672807882.9049788,1672807882.9049788,1672807882.64768,1672807884.4812193,1.5762405395507812
1672807882.954119,1672807882.954119,1672807882.6978383,1672807884.7079322,1.7538132667541504
1672807883.01184,1672807883.01184,1672807882.7497587,1672807884.9271636,1.9153234958648682
1672807883.0604334,1672807883.0604334,1672807882.7986765,1672807885.1468189,2.086385488510132
1672807883.1084733,1672807883.1084733,1672807882.9049788,1672807885.3662975,2.257824182510376
1672807883.160491,1672807883.160491,1672807882.954119,1672807885.5926485,2.432157516479492
1672807883.214172,1672807883.214172,1672807883.01184,1672807885.81205,2.5978782176971436
1672807885.079948,1672807884.7837894,1672807884.7837894,1672807887.1046858,2.02473783493042
1672807885.1276023,1672807884.832793,1672807884.832793,1672807887.299363,2.1717605590820312
1672807885.1760325,1672807884.8822186,1672807884.8822186,1672807887.492713,2.316680431365967
1672807885.2250257,1672807884.9322476,1672807884.9322476,1672807887.6892283,2.464202642440796
1672807889.9990726,1672807890.0506155,1672807890.2618442,1672807893.1171544,3.11808180809021
1672807892.0133934,1672807892.0133934,1672807892.2760227,1672807894.4646766,2.4512832164764404
1672807892.0668526,1672807892.0668526,1672807892.32702,1672807894.6902604,2.6234078407287598
1672807892.1199067,1672807892.1199067,1672807892.3766725,1672807894.912625,2.7927184104919434
1672807892.1723037,1672807892.1723037,1672807892.42619,1672807895.1332738,2.960970163345337
1672807892.2251563,1672807892.2251563,1672807892.4776905,1672807895.351995,3.1268386840820312
1672807893.9275558,1672807893.9275558,1672807894.191451,1672807895.8005302,1.8729743957519531
1672807893.9810452,1672807893.9810452,1672807894.2521236,1672807896.0205343,2.0394890308380127
1672807894.033387,1672807894.033387,1672807894.3033328,1672807896.2410824,2.207695484161377
1672807894.1377592,1672807894.1377592,1672807894.405337,1672807896.6840556,2.5462963581085205
1672807894.2521236,1672807894.5123916,1672807894.4599383,1672807897.1309104,2.87878680229187
1672807894.3033328,1672807894.5634801,1672807894.5123916,1672807897.3531888,3.049855947494507
1672807894.405337,1672807894.617161,1672807894.5634801,1672807897.575379,3.170041799545288
1672807896.1619267,1672807895.959459,1672807896.213571,1672807897.7974095,1.6354827880859375
1672807896.213571,1672807896.3685224,1672807896.2643015,1672807898.0177927,1.8042216300964355
1672807896.2643015,1672807896.4194443,1672807896.3182604,1672807898.2385585,1.974256992340088
1672807896.3182604,1672807896.469349,1672807896.3685224,1672807898.4575636,2.139303207397461
1672807896.3685224,1672807896.5206816,1672807896.4194443,1672807898.6785038,2.309981346130371
1672807896.4194443,1672807896.572621,1672807896.469349,1672807898.898997,2.479552745819092
1672807896.469349,1672807896.6250648,1672807896.5206816,1672807899.1277523,2.6584033966064453
1672807896.5206816,1672807896.678305,1672807896.572621,1672807899.3512774,2.8305957317352295
1672807896.572621,1672807896.7300403,1672807896.6250648,1672807899.5754175,3.0027964115142822
1672807896.6250648,1672807896.7793918,1672807896.678305,1672807899.8106651,3.1856002807617188
1672807898.4078274,1672807898.4078274,1672807898.255971,1672807900.0368648,1.6290373802185059
1672807898.4588735,1672807898.4588735,1672807898.307505,1672807900.2618804,1.803006887435913
1672807898.5103176,1672807898.5103176,1672807898.357561,1672807900.4800162,1.9696986675262451
1672807898.560777,1672807898.560777,1672807898.4588735,1672807900.7072868,2.146509885787964
1672807898.6107342,1672807898.6107342,1672807898.5103176,1672807900.9253538,2.314619541168213
1672807898.659992,1672807898.659992,1672807898.560777,1672807901.145113,2.485121011734009
1672807900.6777732,1672807900.3806043,1672807900.3806043,1672807902.444928,1.7671546936035156
1672807900.7282822,1672807900.4309857,1672807900.4309857,1672807902.6455903,1.9173080921173096
1672807900.7780223,1672807900.4805381,1672807900.4805381,1672807902.8428824,2.0648601055145264
1672807900.8270965,1672807900.9281895,1672807900.6282222,1672807903.439661,2.6125645637512207
1672807907.8792288,1672807908.1437082,1672807908.0907812,1672807911.1218314,3.242602586746216
1672807909.8304513,1672807909.991674,1672807910.0965245,1672807912.0400019,2.209550619125366
1672807909.883472,1672807910.0444183,1672807910.1486967,1672807912.2709877,2.3875157833099365
1672807909.9386747,1672807910.0965245,1672807910.2018368,1672807912.502484,2.563809394836426
1672807909.991674,1672807910.1486967,1672807910.2516382,1672807912.7408054,2.749131441116333
1672807910.0444183,1672807910.2018368,1672807910.300961,1672807912.9706423,2.9262239933013916
1672807910.0965245,1672807910.2516382,1672807910.35361,1672807913.2000067,3.103482246398926
1672807910.1486967,1672807910.300961,1672807910.407512,1672807913.423416,3.27471923828125
1672807911.949437,1672807911.949437,1672807911.949437,1672807913.6495976,1.7001607418060303
1672807911.9987855,1672807911.9987855,1672807911.9987855,1672807913.886554,1.8877685070037842
1672807912.04944,1672807912.04944,1672807912.04944,1672807914.1190047,2.0695648193359375
1672807912.0983813,1672807912.0983813,1672807912.0983813,1672807914.3497963,2.2514150142669678
1672807912.1510077,1672807912.1510077,1672807912.1510077,1672807914.5837169,2.432709217071533
1672807912.2051756,1672807912.2051756,1672807912.2051756,1672807914.81363,2.608454465866089
1672807912.263896,1672807912.263896,1672807912.263896,1672807915.0428588,2.7789628505706787
1672807912.4060419,1672807912.664156,1672807912.4060419,1672807915.493551,3.0875091552734375
1672807912.4568777,1672807912.7183032,1672807912.4568777,1672807915.729178,3.2723002433776855
1672807914.2946196,1672807914.044245,1672807914.044245,1672807915.9582303,1.6636106967926025
1672807914.3435285,1672807914.4453535,1672807914.1956232,1672807916.4451282,2.10159969329834
1672807914.3955102,1672807914.4995666,1672807914.2452064,1672807916.6257267,2.2302165031433105
1672807914.4453535,1672807914.5602467,1672807914.2946196,1672807916.8143218,2.3689682483673096
1672807914.4995666,1672807914.6183224,1672807914.3435285,1672807917.006429,2.5068624019622803
1672807919.3389096,1672807919.3389096,1672807919.5949533,1672807922.4300628,3.091153144836426
1672807919.3934622,1672807919.3934622,1672807919.6474433,1672807922.6627548,3.2692925930023193
1672807921.2334685,1672807921.294058,1672807921.515698,1672807923.0273705,1.7939019203186035
1672807921.4027567,1672807921.6743338,1672807921.56803,1672807923.600846,2.198089361190796
1672807921.4545908,1672807921.7280762,1672807921.6199956,1672807923.8324933,2.3779025077819824
1672807921.515698,1672807921.7861075,1672807921.6743338,1672807924.0606468,2.5449488162994385
1672807921.56803,1672807921.8416915,1672807921.7280762,1672807924.2899942,2.721964120864868
1672807921.6199956,1672807921.8979828,1672807921.7861075,1672807924.5191257,2.89913010597229
1672807921.6743338,1672807921.952493,1672807921.8416915,1672807924.7535794,3.0792455673217773
1672807921.7280762,1672807922.0071714,1672807921.8979828,1672807924.990739,3.262662887573242
1672807923.5504322,1672807923.5504322,1672807923.5021079,1672807925.224558,1.6741259098052979
1672807923.5987883,1672807923.5987883,1672807923.5504322,1672807925.4573705,1.8585822582244873
1672807923.6509628,1672807923.6509628,1672807923.5987883,1672807925.689702,2.0387392044067383
1672807923.70219,1672807923.70219,1672807923.6509628,1672807925.916679,2.214488983154297
1672807923.7537348,1672807923.7537348,1672807923.7537348,1672807926.150703,2.396968126296997
1672807923.8067749,1672807923.8067749,1672807923.8067749,1672807926.3749354,2.5681605339050293
1672807923.8597763,1672807923.8597763,1672807923.8597763,1672807926.6068032,2.7470269203186035
1672807923.9110408,1672807923.9110408,1672807923.9110408,1672807926.8423886,2.9313478469848633
1672807923.9620543,1672807923.9620543,1672807923.70219,1672807927.0776134,3.1155591011047363
1672807925.862056,1672807925.7550008,1672807925.6099927,1672807927.5413508,1.6792948246002197
1672807925.9116385,1672807925.7071795,1672807925.6576188,1672807927.773676,1.8620374202728271
1672807925.9630682,1672807926.177685,1672807925.9116385,1672807928.6899266,2.726858377456665
1672807933.1590803,1672807933.4243116,1672807933.3165624,1672807935.7476356,2.588555335998535
1672807933.21298,1672807933.4734862,1672807933.3693247,1672807935.9722435,2.759263515472412
1672807933.2650733,1672807933.5217352,1672807933.4243116,1672807936.2077959,2.9427225589752197
1672807933.3165624,1672807933.5739348,1672807933.4734862,1672807936.4447558,3.1281933784484863
1672807933.3693247,1672807933.6261852,1672807933.5217352,1672807936.683979,3.3146543502807617
1672807935.224458,1672807935.224458,1672807935.3295982,1672807936.9224055,1.6979475021362305
1672807935.2767045,1672807935.2767045,1672807935.381283,1672807937.158079,1.8813743591308594
1672807935.3295982,1672807935.3295982,1672807935.4330063,1672807937.3900177,2.0604195594787598
1672807935.381283,1672807935.381283,1672807935.4842222,1672807937.6156237,2.2343406677246094
1672807935.4330063,1672807935.4330063,1672807935.5421007,1672807937.8502994,2.417293071746826
1672807935.4842222,1672807935.4842222,1672807935.595512,1672807938.09023,2.6060078144073486
1672807935.5421007,1672807935.5421007,1672807935.647524,1672807938.3316627,2.7895619869232178
1672807935.595512,1672807935.595512,1672807935.6987894,1672807938.5673475,2.9718356132507324
1672807935.647524,1672807935.647524,1672807935.7473814,1672807938.802108,3.1545839309692383
1672807937.5942466,1672807937.44709,1672807937.44709,1672807939.2586076,1.6643610000610352
1672807937.646471,1672807937.3957722,1672807937.5440514,1672807939.5049846,1.858513593673706
1672807937.6981401,1672807937.8551364,1672807937.5942466,1672807939.7440941,2.0459539890289307
1672807937.749754,1672807937.908353,1672807937.646471,1672807939.982885,2.233130931854248
1672807937.8014283,1672807937.9587805,1672807937.6981401,1672807940.2213578,2.4199295043945312
1672807937.8551364,1672807938.010959,1672807937.749754,1672807940.4536917,2.598555326461792
1672807937.908353,1672807938.0605214,1672807937.8014283,1672807940.6908252,2.7824721336364746
1672807937.9587805,1672807938.1102977,1672807937.8551364,1672807940.9279494,2.9691689014434814
1672807939.9796007,1672807939.7202094,1672807939.7202094,1672807942.122765,2.1431643962860107
1672807940.0338032,1672807939.7734275,1672807939.7734275,1672807942.326594,2.2927908897399902
1672807940.0869827,1672807939.8276014,1672807939.8276014,1672807942.5279899,2.441007137298584
1672807940.1387746,1672807939.878528,1672807939.878528,1672807942.7294579,2.5906832218170166
1672807945.1458004,1672807945.1458004,1672807945.4094157,1672807948.4804702,3.334669828414917
1672807947.2414708,1672807947.2414708,1672807947.5260022,1672807949.4260187,2.1845479011535645
1672807947.2891884,1672807947.2891884,1672807947.5737624,1672807949.6706436,2.381455183029175
1672807947.4320037,1672807947.7167068,1672807947.621769,1672807950.368669,2.9366652965545654
1672807947.4791229,1672807947.7648625,1672807947.6687567,1672807950.605252,3.126129150390625
1672807947.5260022,1672807947.8170822,1672807947.7167068,1672807950.8419235,3.3159213066101074
1672807949.443646,1672807949.6342134,1672807949.6342134,1672807951.173294,1.7296481132507324
1672807949.4921453,1672807949.6855066,1672807949.6855066,1672807951.3882215,1.8960762023925781
1672807949.5395226,1672807949.734102,1672807949.734102,1672807951.6010964,2.0615737438201904
1672807949.58709,1672807949.785315,1672807949.785315,1672807951.817239,2.230149030685425
1672807949.6342134,1672807949.8351936,1672807949.8351936,1672807952.042998,2.4087846279144287
1672807949.6855066,1672807949.58709,1672807949.8868506,1672807952.2640395,2.5785329341888428
1672807949.734102,1672807949.8868506,1672807949.9376006,1672807952.4996417,2.7655396461486816
1672807949.785315,1672807949.9376006,1672807949.986218,1672807952.7330894,2.9477744102478027
1672807949.8351936,1672807949.986218,1672807950.0336645,1672807952.9678392,3.132645606994629
1672807951.7799602,1672807951.7799602,1672807951.828313,1672807953.4349437,1.6549835205078125
1672807951.828313,1672807951.7321177,1672807951.8754466,1672807953.669861,1.841547966003418
1672807951.8754466,1672807951.6854007,1672807951.9229817,1672807953.905933,2.0304863452911377
1672807951.9229817,1672807952.1836839,1672807951.9729645,1672807954.1451304,2.2221486568450928
1672807951.9729645,1672807952.2365305,1672807952.026293,1672807954.379936,2.4069714546203613
1672807952.026293,1672807952.2879038,1672807952.080005,1672807954.622103,2.5958099365234375
1672807952.080005,1672807952.3378766,1672807952.1321523,1672807954.8618016,2.78179669380188
1672807952.1321523,1672807952.3860347,1672807952.1836839,1672807955.10482,2.972667694091797
1672807952.1836839,1672807952.4343615,1672807952.2365305,1672807955.3439484,3.160264492034912
1672807952.2365305,1672807952.486096,1672807952.2879038,1672807955.580186,3.3436553478240967
1672807954.1272268,1672807954.1272268,1672807953.9845183,1672807955.8160126,1.6887857913970947
1672807954.176575,1672807954.176575,1672807954.031908,1672807956.0544574,1.877882480621338
1672807954.226006,1672807954.226006,1672807954.0790784,1672807956.290104,2.0640978813171387
1672807954.2778423,1672807954.2778423,1672807954.176575,1672807956.5298407,2.2519984245300293
1672807954.3272727,1672807954.3272727,1672807954.226006,1672807956.7677867,2.440514087677002
1672807954.3790548,1672807954.3790548,1672807954.2778423,1672807957.0039098,2.6248550415039062
1672807954.4297261,1672807954.4297261,1672807954.3272727,1672807957.238677,2.808950901031494
1672807954.481284,1672807954.481284,1672807954.3790548,1672807957.4752128,2.993928909301758
1672807956.507817,1672807956.2546165,1672807956.2546165,1672807958.4176443,1.9098272323608398
1672807956.5576723,1672807956.7127032,1672807956.457137,1672807959.2551975,2.6975252628326416
1672807956.6084096,1672807956.7650638,1672807956.507817,1672807959.463869,2.855459451675415
1672807958.867254,1672807958.6013467,1672807958.6013467,1672807961.5022821,2.635028123855591
1672807968.7296915,1672807968.7296915,1672807969.0174608,1672807971.706931,2.9772396087646484
1672807968.7772307,1672807968.7772307,1672807969.064975,1672807971.944126,3.1668951511383057
1672807968.8255491,1672807968.8255491,1672807969.1137688,1672807972.180387,3.3548378944396973
1672807970.8987336,1672807971.044823,1672807971.1891675,1672807973.1298447,2.2311110496520996
1672807970.9476657,1672807971.0927799,1672807971.2390718,1672807973.3647592,2.417093515396118
1672807970.9963663,1672807971.1410923,1672807971.2873764,1672807973.6030118,2.6066455841064453
1672807971.044823,1672807971.1891675,1672807971.335002,1672807973.8392422,2.794419288635254
1672807971.0927799,1672807971.2390718,1672807971.3878603,1672807974.0745504,2.9817705154418945
1672807971.1410923,1672807971.2873764,1672807971.4375303,1672807974.3125827,3.171490430831909
1672807973.142975,1672807973.288674,1672807973.3360589,1672807974.880698,1.7377228736877441
1672807973.1917746,1672807973.2407515,1672807973.3853188,1672807975.093448,1.9016733169555664
1672807973.2407515,1672807973.1917746,1672807973.4335737,1672807975.306554,2.065802574157715
1672807973.3360589,1672807973.6254811,1672807973.481042,1672807975.7494402,2.413381338119507
1672807973.3853188,1672807973.6743855,1672807973.5293026,1672807975.9750218,2.58970308303833
1672807973.4335737,1672807973.7228348,1672807973.5769255,1672807976.2161582,2.7825844287872314
1672807973.5293026,1672807973.7836592,1672807973.6254811,1672807976.6889007,3.1595981121063232
1672807973.5769255,1672807973.8312204,1672807973.6743855,1672807976.9248705,3.347944974899292
1672807975.489,1672807975.489,1672807975.4413457,1672807977.1640255,1.675025463104248
1672807975.538961,1672807975.538961,1672807975.489,1672807977.3993423,1.8603813648223877
1672807975.5902734,1672807975.5902734,1672807975.538961,1672807977.635477,2.045203685760498
1672807975.6395404,1672807975.6395404,1672807975.5902734,1672807977.8725154,2.2329750061035156
1672807975.6883867,1672807975.6883867,1672807975.6395404,1672807978.1063817,2.417994976043701
1672807975.7397747,1672807975.7397747,1672807975.7397747,1672807978.346738,2.6069633960723877
1672807975.7885854,1672807975.7885854,1672807975.7885854,1672807978.5914235,2.802838087081909
1672807975.8369164,1672807975.8369164,1672807975.8369164,1672807978.82822,2.9913034439086914
1672807975.9006603,1672807975.9006603,1672807975.9006603,1672807979.066895,3.1662347316741943
1672807975.9508638,1672807975.9508638,1672807975.6883867,1672807979.3029006,3.352036714553833
1672807977.812386,1672807977.7638416,1672807977.6676874,1672807979.5395553,1.7271692752838135
1672807977.8605163,1672807977.7156167,1672807977.7156167,1672807979.77602,1.915503740310669
1672807977.9189086,1672807977.6676874,1672807977.7638416,1672807980.01951,2.1006014347076416
1672807977.9666524,1672807978.1946955,1672807977.9189086,1672807980.469912,2.5032596588134766
1672807978.049981,1672807978.24367,1672807977.9666524,1672807980.6816046,2.6316235065460205
1672807978.0975635,1672807978.2925422,1672807978.049981,1672807980.8953598,2.7977962493896484
1672807978.145974,1672807978.342376,1672807978.0975635,1672807981.1179085,2.9719345569610596
1672807980.2425554,1672807979.9968672,1672807979.948898,1672807981.9730535,1.7304980754852295
1672807980.2905893,1672807980.0471582,1672807979.9968672,1672807982.1878233,1.8972339630126953
1672807980.3411512,1672807980.0956557,1672807980.0471582,1672807982.407353,2.066201686859131
1672807980.388688,1672807980.388688,1672807980.0956557,1672807982.6281655,2.2394773960113525
1672807980.4375634,1672807980.4375634,1672807980.1449268,1672807982.867889,2.430325508117676
1672807980.4879322,1672807980.3411512,1672807980.1935084,1672807983.1050904,2.6171581745147705
1672807980.536758,1672807980.2905893,1672807980.2425554,1672807983.3410585,2.804300546646118
1672807989.9851453,1672807989.9851453,1672807990.250241,1672807992.6585052,2.6733598709106445
1672807990.0412962,1672807990.0412962,1672807990.2999256,1672807992.8966384,2.855342149734497
1672807990.0937676,1672807990.0937676,1672807990.3500154,1672807993.1321416,3.0383739471435547
1672807990.145561,1672807990.145561,1672807990.4024568,1672807993.370353,3.224792003631592
1672807990.1984286,1672807990.1984286,1672807990.451685,1672807993.6089463,3.410517692565918
1672807992.1000507,1672807992.1535132,1672807992.3132896,1672807993.8753493,1.7752985954284668
1672807992.1535132,1672807992.1000507,1672807992.3660834,1672807994.103226,1.9497127532958984
1672807992.3132896,1672807992.5667968,1672807992.458783,1672807994.8058934,2.4926037788391113
1672807992.3660834,1672807992.620953,1672807992.5137224,1672807995.045095,2.679011583328247
1672807992.458783,1672807992.6754417,1672807992.5667968,1672807995.2842016,2.825418710708618
1672807992.5137224,1672807992.7257733,1672807992.620953,1672807995.5275495,3.013827085494995
1672807992.5667968,1672807992.7755504,1672807992.6754417,1672807995.7620342,3.195237398147583
1672807992.620953,1672807992.828342,1672807992.7257733,1672807996.0006104,3.37965726852417
1672807994.463047,1672807994.463047,1672807994.4099243,1672807996.2372994,1.7742524147033691
1672807994.515635,1672807994.515635,1672807994.463047,1672807996.473998,1.9583630561828613
1672807994.5710862,1672807994.5710862,1672807994.515635,1672807996.7113385,2.1402523517608643
1672807994.6252365,1672807994.6252365,1672807994.5710862,1672807996.946054,2.320817470550537
1672807994.6783378,1672807994.6783378,1672807994.6252365,1672807997.18331,2.504972219467163
1672807994.733287,1672807994.733287,1672807994.6783378,1672807997.4204295,2.6871423721313477
1672807994.7864301,1672807994.7864301,1672807994.733287,1672807997.6673632,2.8809330463409424
1672807994.8398077,1672807994.8398077,1672807994.8398077,1672807997.9335291,3.093721389770508
1672807996.9067972,1672807996.6533804,1672807996.6533804,1672807998.6648228,1.7580256462097168
1672807996.9622123,1672807997.0696611,1672807996.8050265,1672807998.9172912,1.9550788402557373
1672807997.0152357,1672807997.1218953,1672807996.8545783,1672807999.1695573,2.1543216705322266
1672807997.0696611,1672807997.1753461,1672807996.9067972,1672807999.4229004,2.3532392978668213
1672807997.1218953,1672807997.229685,1672807996.9622123,1672807999.6626008,2.540705442428589
1672807997.1753461,1672807997.2833476,1672807997.0696611,1672807999.9094732,2.7341270446777344
1672808002.3141282,1672808002.6047478,1672808002.4840033,1672808005.7283657,3.4142374992370605
1672808004.2321498,1672808004.4055643,1672808004.3452926,1672808005.9754758,1.74332594871521
1672808004.2906482,1672808004.4589472,1672808004.4055643,1672808006.2138379,1.923189640045166
1672808004.3452926,1672808004.5163572,1672808004.4589472,1672808006.4534967,2.1082041263580322
1672808004.4055643,1672808004.5703945,1672808004.5163572,1672808006.7215745,2.3160102367401123
1672808004.4589472,1672808004.625462,1672808004.5703945,1672808006.959994,2.501046895980835
1672808004.5163572,1672808004.678036,1672808004.625462,1672808007.1983736,2.682016372680664
1672808004.5703945,1672808004.7371433,1672808004.678036,1672808007.4397461,2.869351625442505
1672808004.625462,1672808004.7883244,1672808004.7371433,1672808007.677335,3.051872968673706
1672808004.678036,1672808004.8440619,1672808004.7883244,1672808007.9151428,3.2371068000793457
1672808004.7371433,1672808004.8945138,1672808004.8440619,1672808008.1549723,3.4178290367126465
1672808006.7090995,1672808006.6554227,1672808006.44527,1672808008.3959072,1.686807632446289
1672808006.7582893,1672808006.6040242,1672808006.552723,1672808008.6417093,1.8834199905395508
1672808006.8070982,1672808006.552723,1672808006.6040242,1672808008.8801594,2.073061227798462
1672808006.8621905,1672808007.0752501,1672808006.8070982,1672808009.6025903,2.7403998374938965
1672808013.9074738,1672808013.956808,1672808014.2027683,1672808015.7582824,1.8508086204528809
1672808014.153988,1672808014.4436975,1672808014.2515562,1672808016.827139,2.6731510162353516
1672808014.2027683,1672808014.4914844,1672808014.2997315,1672808017.0682845,2.865516185760498
1672808014.2515562,1672808014.5394676,1672808014.3474941,1672808017.307257,3.0557007789611816
1672808014.2997315,1672808014.5892825,1672808014.3958056,1672808017.5455084,3.245776891708374
1672808014.3474941,1672808014.6402485,1672808014.4436975,1672808017.7831979,3.435703754425049
1672808016.3441613,1672808016.3441613,1672808016.3441613,1672808018.0233262,1.6791648864746094
1672808016.3933327,1672808016.3933327,1672808016.3933327,1672808018.2608588,1.8675260543823242
1672808016.442297,1672808016.442297,1672808016.442297,1672808018.502688,2.0603909492492676
1672808016.4927967,1672808016.4927967,1672808016.4927967,1672808018.7397997,2.2470030784606934
1672808016.541077,1672808016.541077,1672808016.541077,1672808018.9814966,2.4404196739196777
1672808016.59075,1672808016.59075,1672808016.59075,1672808019.220909,2.6301591396331787
1672808016.6392536,1672808016.6392536,1672808016.6392536,1672808019.455459,2.8162055015563965
1672808016.6872435,1672808016.6872435,1672808016.6872435,1672808019.6935456,3.0063021183013916
1672808018.7631514,1672808018.5174751,1672808018.5174751,1672808020.4099052,1.6467537879943848
1672808018.811814,1672808019.0035875,1672808018.713776,1672808021.1159408,2.304126739501953
1672808018.8596978,1672808019.0525076,1672808018.7631514,1672808021.325218,2.465520143508911
1672808018.9075508,1672808019.1019735,1672808018.811814,1672808021.533445,2.625894069671631
1672808018.955381,1672808019.1501176,1672808018.8596978,1672808021.7356772,2.7802963256835938
1672808019.0035875,1672808019.2028253,1672808018.9075508,1672808021.9363258,2.9327383041381836
1672808021.1026025,1672808021.1026025,1672808020.809558,1672808022.8204956,1.717893123626709
1672808021.152236,1672808021.152236,1672808020.8594174,1672808023.062197,1.9099609851837158
1672808021.2004042,1672808021.2004042,1672808020.9095414,1672808023.304658,2.1042537689208984
1672808021.2485719,1672808021.2485719,1672808020.9576793,1672808023.5465736,2.298001766204834
1672808021.2979295,1672808021.054723,1672808021.0067432,1672808023.7910852,2.4931557178497314
1672808040.8852322,1672808040.8852322,1672808041.1362307,1672808044.160973,3.2757408618927
1672808040.936173,1672808040.936173,1672808041.1845968,1672808044.4059982,3.469825267791748
1672808043.3018699,1672808043.5919285,1672808043.447175,1672808046.3745615,3.0726916790008545
