0.13704133033752441,0.2478160858154297,0.21904778480529785
0.08195900917053223,0.18659687042236328,0.16621828079223633
0.08252120018005371,0.18219470977783203,0.16592836380004883
0.08130788803100586,0.17519879341125488,0.16542577743530273
0.0827949047088623,0.17648720741271973,0.16531157493591309
0.08827495574951172,0.18159174919128418,0.16491460800170898
0.08235454559326172,0.17333340644836426,0.1657547950744629
0.07853055000305176,0.1720123291015625,0.16657066345214844
0.08123254776000977,0.17641329765319824,0.16716241836547852
0.07989001274108887,0.1705002784729004,0.16562533378601074
0.0806422233581543,0.17269396781921387,0.1658496856689453
0.08224225044250488,0.17314362525939941,0.1663527488708496
0.08123993873596191,0.17242145538330078,0.16667938232421875
0.08041000366210938,0.17244744300842285,0.1668548583984375
0.08134579658508301,0.17257070541381836,0.1666276454925537
0.08252501487731934,0.17376971244812012,0.1665494441986084
0.08258485794067383,0.17290401458740234,0.1663362979888916
0.08005356788635254,0.17268800735473633,0.1659376621246338
0.08202457427978516,0.1736440658569336,0.16605901718139648
0.0804741382598877,0.1738266944885254,0.16369247436523438
0.08522486686706543,0.17784619331359863,0.16742229461669922
0.0812382698059082,0.17469143867492676,0.17342925071716309
0.08387064933776855,0.17319416999816895,0.1666102409362793
0.08141422271728516,0.17835021018981934,0.16713500022888184
0.08799052238464355,0.17702078819274902,0.1746227741241455
0.09070134162902832,0.17426395416259766,0.18116331100463867
0.0984797477722168,0.17504048347473145,0.16707587242126465
0.08480215072631836,0.1747903823852539,0.17019033432006836
0.08292579650878906,0.17512297630310059,0.17247271537780762
0.08411622047424316,0.18386125564575195,0.16949892044067383
0.09270429611206055,0.17551827430725098,0.1660451889038086
0.0826418399810791,0.17325448989868164,0.16675782203674316
0.0828545093536377,0.1750035285949707,0.16577792167663574
0.08437228202819824,0.1726362705230713,0.16642498970031738
0.0826864242553711,0.17174959182739258,0.16653037071228027
0.0825958251953125,0.17285799980163574,0.16901040077209473
0.08254289627075195,0.17335033416748047,0.1665346622467041
0.08442091941833496,0.17323923110961914,0.16848516464233398
0.08161640167236328,0.17252612113952637,0.1663525104522705
0.08183002471923828,0.17568039894104004,0.17576098442077637
0.08304286003112793,0.17526698112487793,0.17376065254211426
0.08207297325134277,0.17453980445861816,0.17130827903747559
0.08198428153991699,0.17208361625671387,0.16648149490356445
0.0819549560546875,0.1693127155303955,0.16719722747802734
0.08125042915344238,0.1744370460510254,0.16747474670410156
0.08229875564575195,0.17505669593811035,0.1667478084564209
0.0836186408996582,0.17284822463989258,0.16790056228637695
0.08253145217895508,0.17333316802978516,0.1675252914428711
0.08307099342346191,0.17518162727355957,0.16641998291015625
0.08294391632080078,0.1741626262664795,0.16675138473510742
0.08119010925292969,0.17518019676208496,0.1675701141357422
0.08355998992919922,0.1745760440826416,0.1671886444091797
0.08330202102661133,0.17406797409057617,0.16701221466064453
0.08239412307739258,0.173722505569458,0.16741204261779785
0.08266973495483398,0.1746819019317627,0.1649160385131836
0.08571791648864746,0.17537927627563477,0.17143607139587402
0.08382892608642578,0.1743929386138916,0.1681220531463623
0.08788394927978516,0.17424535751342773,0.1778407096862793
0.08779478073120117,0.17587900161743164,0.17476940155029297
0.0848846435546875,0.17588233947753906,0.17232227325439453
0.08403325080871582,0.1755084991455078,0.17297625541687012
0.09145975112915039,0.1746053695678711,0.17672157287597656
0.08524513244628906,0.17388176918029785,0.16868090629577637
0.08715939521789551,0.17331981658935547,0.16924262046813965
0.08402776718139648,0.17358899116516113,0.16886234283447266
0.08246445655822754,0.17419886589050293,0.16878676414489746
0.08333420753479004,0.18304228782653809,0.1740565299987793
0.08281540870666504,0.1801302433013916,0.17037749290466309
0.08421063423156738,0.17430901527404785,0.16666030883789062
0.08206605911254883,0.17844128608703613,0.1667487621307373
0.09791398048400879,0.17399168014526367,0.16670489311218262
0.0830850601196289,0.17354893684387207,0.16790199279785156
0.0847480297088623,0.17418336868286133,0.16793107986450195
0.08179569244384766,0.17317962646484375,0.16858744621276855
0.08443880081176758,0.1731703281402588,0.16895246505737305
0.08150196075439453,0.17349839210510254,0.16816186904907227
0.08432745933532715,0.17414331436157227,0.16812443733215332
0.08440542221069336,0.17521286010742188,0.17435693740844727
0.08348417282104492,0.17368578910827637,0.16963648796081543
0.08202838897705078,0.17434406280517578,0.16932439804077148
0.08297491073608398,0.17441797256469727,0.16704297065734863
0.08172035217285156,0.17443323135375977,0.16726350784301758
0.08238434791564941,0.17388296127319336,0.16887855529785156
0.08307552337646484,0.17662453651428223,0.16647887229919434
0.0805366039276123,0.1732029914855957,0.16811227798461914
0.08090639114379883,0.17392659187316895,0.16716790199279785
0.0829005241394043,0.17395901679992676,0.16876769065856934
0.08143258094787598,0.17497038841247559,0.1681230068206787
0.08061575889587402,0.17494964599609375,0.16825222969055176
0.08299541473388672,0.1780073642730713,0.16896843910217285
0.09176754951477051,0.17554903030395508,0.1684434413909912
0.08397507667541504,0.17870211601257324,0.16743063926696777
0.09182262420654297,0.17655014991760254,0.16865205764770508
0.08169722557067871,0.174560546875,0.16887497901916504
0.09781074523925781,0.17417645454406738,0.17728447914123535
0.08278775215148926,0.17623519897460938,0.16928386688232422
0.0816659927368164,0.1751868724822998,0.16959929466247559
0.08168625831604004,0.1786632537841797,0.16837239265441895
0.08426165580749512,0.1965491771697998,0.1802353858947754
0.08311820030212402,0.17848730087280273,0.1674356460571289
0.09146666526794434,0.17727994918823242,0.16832613945007324
0.08164429664611816,0.17623066902160645,0.1683650016784668
0.08905196189880371,0.17598676681518555,0.16821575164794922
0.08181190490722656,0.17748498916625977,0.16902637481689453
0.08315348625183105,0.17774176597595215,0.1689462661743164
0.08142948150634766,0.1783907413482666,0.1694648265838623
0.08953666687011719,0.1763916015625,0.17715954780578613
0.08620476722717285,0.17528986930847168,0.1747441291809082
0.08597874641418457,0.17708301544189453,0.16909456253051758
0.08556485176086426,0.17488360404968262,0.17032742500305176
0.09318113327026367,0.17398476600646973,0.16943597793579102
0.08364510536193848,0.17402434349060059,0.16760849952697754
0.08284878730773926,0.175750732421875,0.1689281463623047
0.08539319038391113,0.17446327209472656,0.16833162307739258
0.08282017707824707,0.1782224178314209,0.16830873489379883
0.08424949645996094,0.17762231826782227,0.16826581954956055
0.09308218955993652,0.1777174472808838,0.1684098243713379
0.09242439270019531,0.17800259590148926,0.1671130657196045
0.0813751220703125,0.17620468139648438,0.1685323715209961
0.08814573287963867,0.17825007438659668,0.17043113708496094
0.09258484840393066,0.17734909057617188,0.17012333869934082
0.08252429962158203,0.17554378509521484,0.1766822338104248
0.08616876602172852,0.1765272617340088,0.18372082710266113
0.08148741722106934,0.1779329776763916,0.16990876197814941
0.0914306640625,0.17622637748718262,0.17036175727844238
0.0934910774230957,0.1712644100189209,0.18599772453308105
0.08361196517944336,0.17646574974060059,0.17796039581298828
0.08366680145263672,0.17787623405456543,0.16756343841552734
0.08212161064147949,0.1772141456604004,0.17086029052734375
0.09454703330993652,0.17758750915527344,0.18314337730407715
0.08243370056152344,0.17814970016479492,0.1697847843170166
0.08845257759094238,0.1789073944091797,0.17824435234069824
0.0936732292175293,0.17595481872558594,0.17155766487121582
0.08364677429199219,0.17713260650634766,0.17051076889038086
0.09603214263916016,0.1749274730682373,0.17380785942077637
0.08442306518554688,0.17647576332092285,0.17946076393127441
0.08236479759216309,0.17766237258911133,0.16919231414794922
0.08742713928222656,0.17612719535827637,0.18050527572631836
0.08128643035888672,0.17855334281921387,0.1701030731201172
0.09373903274536133,0.17864775657653809,0.1762254238128662
0.08140373229980469,0.17726898193359375,0.18076658248901367
0.09426569938659668,0.17566800117492676,0.17293834686279297
0.08359932899475098,0.17608118057250977,0.17219233512878418
0.08424925804138184,0.17692875862121582,0.16988515853881836
0.08628225326538086,0.17633438110351562,0.17107510566711426
0.09051084518432617,0.17717337608337402,0.1716325283050537
0.09512948989868164,0.17564940452575684,0.17283320426940918
0.09304237365722656,0.17567896842956543,0.17190837860107422
0.08419919013977051,0.17511391639709473,0.1724398136138916
0.08375215530395508,0.17579913139343262,0.17450785636901855
0.08304381370544434,0.17761635780334473,0.17300820350646973
0.0833425521850586,0.17782831192016602,0.17377662658691406
0.08397507667541504,0.18915104866027832,0.1856698989868164
0.08437919616699219,0.17897295951843262,0.17165327072143555
0.0824117660522461,0.17853450775146484,0.16951608657836914
0.0848381519317627,0.1774883270263672,0.1687617301940918
0.08406281471252441,0.17719388008117676,0.16974210739135742
0.08571457862854004,0.17905426025390625,0.17002415657043457
0.08274126052856445,0.1757495403289795,0.17002105712890625
0.08288216590881348,0.17632532119750977,0.16883373260498047
0.08748507499694824,0.17896056175231934,0.16940712928771973
0.08185982704162598,0.17835474014282227,0.17322015762329102
0.08545446395874023,0.17635512351989746,0.17609953880310059
0.09609556198120117,0.17919516563415527,0.17009902000427246
0.08499026298522949,0.1770176887512207,0.17019391059875488
0.08597922325134277,0.17548561096191406,0.17057132720947266
0.08281826972961426,0.17759275436401367,0.17016339302062988
0.08598208427429199,0.17690634727478027,0.16983938217163086
0.08185863494873047,0.17628693580627441,0.16953468322753906
0.094268798828125,0.17857837677001953,0.16902685165405273
0.08831262588500977,0.17576241493225098,0.16965675354003906
0.08384561538696289,0.17632222175598145,0.16893839836120605
0.08247590065002441,0.17933249473571777,0.16881871223449707
0.09419703483581543,0.17939305305480957,0.17086505889892578
0.08235669136047363,0.1739046573638916,0.17009902000427246
0.09575057029724121,0.1780107021331787,0.17292261123657227
0.08769631385803223,0.17700600624084473,0.17781949043273926
0.0850076675415039,0.17798137664794922,0.17289066314697266
0.08576035499572754,0.17972850799560547,0.1793079376220703
0.11451005935668945,0.17852115631103516,0.1687607765197754
0.08488869667053223,0.1786198616027832,0.17166876792907715
0.08361554145812988,0.19046688079833984,0.1725320816040039
0.08371686935424805,0.18256521224975586,0.16926884651184082
0.0984947681427002,0.1770937442779541,0.16861891746520996
0.08325672149658203,0.1779041290283203,0.1711263656616211
0.0917809009552002,0.17806315422058105,0.17078232765197754
0.08423113822937012,0.17699170112609863,0.17167997360229492
0.08871960639953613,0.17710185050964355,0.17219829559326172
0.08758354187011719,0.17950916290283203,0.17120718955993652
0.08415508270263672,0.18370389938354492,0.17464518547058105
0.09264183044433594,0.17768573760986328,0.17493891716003418
0.08406209945678711,0.17771315574645996,0.1798722743988037
0.08845877647399902,0.17760586738586426,0.17226076126098633
0.08846807479858398,0.17748522758483887,0.17203235626220703
0.08501029014587402,0.17703962326049805,0.16943836212158203
0.08262419700622559,0.17626476287841797,0.1696012020111084
0.08637166023254395,0.1769702434539795,0.17015743255615234
0.08410501480102539,0.1798551082611084,0.17059063911437988
0.08586835861206055,0.17901849746704102,0.17030000686645508
0.0845944881439209,0.17722344398498535,0.16986846923828125
0.08574318885803223,0.1780235767364502,0.17044615745544434
0.08542990684509277,0.17685937881469727,0.17167067527770996
0.08563017845153809,0.17758536338806152,0.17163848876953125
0.08937931060791016,0.17858195304870605,0.1707608699798584
0.09318399429321289,0.17778420448303223,0.1711268424987793
0.08186912536621094,0.17790436744689941,0.17556190490722656
0.0936436653137207,0.17934632301330566,0.17258715629577637
0.08315229415893555,0.18139266967773438,0.17564129829406738
0.09292054176330566,0.17711329460144043,0.1736769676208496
0.09989023208618164,0.17684149742126465,0.18128728866577148
0.08450627326965332,0.17772865295410156,0.17107152938842773
0.08419227600097656,0.1781015396118164,0.17638230323791504
0.08595585823059082,0.18021512031555176,0.1786656379699707
0.09816360473632812,0.17744112014770508,0.1735525131225586
0.08452320098876953,0.17987966537475586,0.17658305168151855
0.08967804908752441,0.17805743217468262,0.1706392765045166
0.09900856018066406,0.1780259609222412,0.17385435104370117
0.0879371166229248,0.17904257774353027,0.17471575736999512
0.08398962020874023,0.1785428524017334,0.1799778938293457
0.09014487266540527,0.17913055419921875,0.17263555526733398
0.08505797386169434,0.17687606811523438,0.17425131797790527
0.08659219741821289,0.17815184593200684,0.18584561347961426
0.0834200382232666,0.1778249740600586,0.17142653465270996
0.08550834655761719,0.17666029930114746,0.1720259189605713
0.08510375022888184,0.1788313388824463,0.18310332298278809
0.08352017402648926,0.1782701015472412,0.1728346347808838
0.08538079261779785,0.177046537399292,0.17734479904174805
0.08774590492248535,0.18074631690979004,0.17943263053894043
0.08591222763061523,0.17721080780029297,0.17298269271850586
0.08513331413269043,0.17936277389526367,0.17774415016174316
0.08708333969116211,0.1918933391571045,0.17328786849975586
0.09711360931396484,0.18048858642578125,0.17169857025146484
0.08228087425231934,0.18009352684020996,0.17043590545654297
0.08534646034240723,0.17983269691467285,0.17098498344421387
0.08222603797912598,0.17991089820861816,0.17085909843444824
0.09421515464782715,0.18057560920715332,0.16996431350708008
0.08275032043457031,0.18574237823486328,0.17154979705810547
0.08323335647583008,0.180739164352417,0.1699202060699463
0.08469700813293457,0.17740345001220703,0.17067885398864746
0.08412408828735352,0.17795634269714355,0.17120766639709473
0.08280587196350098,0.1772301197052002,0.17050552368164062
0.08359289169311523,0.1768798828125,0.17225956916809082
0.08392763137817383,0.1770157814025879,0.17184925079345703
0.08279585838317871,0.17787647247314453,0.1699676513671875
0.08375334739685059,0.17775416374206543,0.17136311531066895
0.08289146423339844,0.17710185050964355,0.17261767387390137
0.08362770080566406,0.18866181373596191,0.172898530960083
0.09066557884216309,0.17989134788513184,0.17313027381896973
0.08651208877563477,0.18007159233093262,0.17510676383972168
0.0972452163696289,0.17899727821350098,0.17378544807434082
0.08981728553771973,0.1791088581085205,0.1810762882232666
0.08668017387390137,0.17877721786499023,0.18160462379455566
0.09229326248168945,0.17836999893188477,0.17359638214111328
0.08765435218811035,0.178084135055542,0.17321038246154785
0.08312559127807617,0.17907452583312988,0.1782081127166748
0.09517836570739746,0.17762446403503418,0.17263484001159668
0.08472442626953125,0.17958450317382812,0.17303991317749023
0.09063482284545898,0.1796555519104004,0.17310023307800293
0.09452629089355469,0.18417048454284668,0.17461776733398438
0.10127782821655273,0.17909860610961914,0.17683696746826172
0.08364248275756836,0.17796778678894043,0.17724204063415527
0.08748698234558105,0.18003439903259277,0.18342232704162598
0.08453106880187988,0.17752718925476074,0.174666166305542
0.09940266609191895,0.17846012115478516,0.1751856803894043
0.08364510536193848,0.18002843856811523,0.18439769744873047
0.08597850799560547,0.17848539352416992,0.1764664649963379
0.09024286270141602,0.17764687538146973,0.17504096031188965
0.08501815795898438,0.17966175079345703,0.1773207187652588
0.09468889236450195,0.1796863079071045,0.1775367259979248
0.08528852462768555,0.18033671379089355,0.17362761497497559
0.09250760078430176,0.18892431259155273,0.17273426055908203
0.08444809913635254,0.18009734153747559,0.1715385913848877
0.08661341667175293,0.1780376434326172,0.17228055000305176
0.08437943458557129,0.18062663078308105,0.17307519912719727
0.08681273460388184,0.18096399307250977,0.17339110374450684
0.08988475799560547,0.18021893501281738,0.17132329940795898
0.08292293548583984,0.17952895164489746,0.1721956729888916
0.08791232109069824,0.1779181957244873,0.17403793334960938
0.0953671932220459,0.18090391159057617,0.17458128929138184
0.08935403823852539,0.1799776554107666,0.174757719039917
0.08506488800048828,0.1805887222290039,0.1803138256072998
0.09344840049743652,0.17826318740844727,0.17532730102539062
0.08631777763366699,0.17459917068481445,0.17421293258666992
0.08373141288757324,0.17989182472229004,0.1720571517944336
0.08781027793884277,0.17820262908935547,0.1731715202331543
0.08576726913452148,0.18015694618225098,0.1717209815979004
0.08367037773132324,0.17984414100646973,0.17127728462219238
0.09226679801940918,0.17972064018249512,0.1693735122680664
0.08657121658325195,0.18101835250854492,0.17226934432983398
0.0914914608001709,0.18333673477172852,0.17223310470581055
0.09839701652526855,0.17837953567504883,0.17140507698059082
0.08846831321716309,0.17971539497375488,0.17321228981018066
0.09012389183044434,0.1791393756866455,0.17244553565979004
0.09211230278015137,0.1764087677001953,0.172471284866333
0.08530569076538086,0.18021011352539062,0.17426347732543945
0.08359336853027344,0.18037199974060059,0.17567753791809082
0.09032630920410156,0.1790480613708496,0.16989755630493164
0.08336067199707031,0.18108272552490234,0.17586421966552734
0.10950589179992676,0.17848968505859375,0.17472505569458008
0.08430647850036621,0.1786177158355713,0.17547369003295898
0.08995366096496582,0.17940497398376465,0.17605924606323242
0.0848386287689209,0.17879796028137207,0.17887306213378906
0.09816312789916992,0.17834806442260742,0.1844792366027832
0.0845181941986084,0.18088221549987793,0.17297005653381348
0.08328628540039062,0.18257474899291992,0.17493247985839844
0.08434700965881348,0.1806333065032959,0.1822824478149414
0.0865626335144043,0.18094658851623535,0.1746807098388672
0.08426117897033691,0.18193984031677246,0.18683481216430664
0.08341455459594727,0.17983531951904297,0.1779022216796875
0.08735466003417969,0.18117237091064453,0.17658662796020508
0.08569192886352539,0.18265056610107422,0.18436312675476074
0.09038758277893066,0.18378901481628418,0.17962408065795898
0.08358573913574219,0.18388772010803223,0.17650723457336426
0.08784270286560059,0.1905221939086914,0.17522859573364258
0.08460855484008789,0.18116426467895508,0.1727313995361328
0.0951230525970459,0.18087077140808105,0.1739957332611084
0.08852481842041016,0.18429350852966309,0.17381501197814941
0.09518861770629883,0.18149375915527344,0.17371749877929688
0.08417725563049316,0.18057632446289062,0.17309188842773438
0.09523797035217285,0.17923617362976074,0.17264342308044434
0.08575558662414551,0.18352007865905762,0.17438030242919922
0.09726381301879883,0.17883729934692383,0.17968058586120605
0.08487892150878906,0.18248224258422852,0.17711639404296875
0.0916893482208252,0.17906618118286133,0.1775524616241455
0.09387469291687012,0.18017125129699707,0.18539094924926758
0.09662294387817383,0.17832183837890625,0.18572163581848145
0.08445572853088379,0.1815047264099121,0.1734323501586914
0.08681774139404297,0.18094611167907715,0.17696881294250488
0.08714675903320312,0.18075919151306152,0.1761462688446045
0.08323550224304199,0.18064570426940918,0.18220281600952148
0.08633971214294434,0.18143558502197266,0.17366385459899902
0.08605790138244629,0.1804661750793457,0.17450261116027832
0.08399820327758789,0.18074703216552734,0.17470645904541016
0.08330678939819336,0.18097162246704102,0.17196059226989746
0.08315515518188477,0.1783921718597412,0.17381858825683594
0.08325839042663574,0.17849326133728027,0.17451834678649902
0.08588027954101562,0.17996740341186523,0.17373943328857422
0.08356451988220215,0.17886638641357422,0.17402148246765137
0.08417177200317383,0.17887234687805176,0.17302751541137695
0.08591675758361816,0.17865276336669922,0.17374730110168457
0.08390974998474121,0.1784670352935791,0.17346930503845215
0.08360457420349121,0.1790313720703125,0.1734914779663086
0.08349347114562988,0.17803359031677246,0.1736760139465332
0.08403849601745605,0.18070197105407715,0.17298340797424316
0.08524942398071289,0.1802506446838379,0.17586398124694824
0.09077715873718262,0.18218231201171875,0.1748371124267578
0.08907747268676758,0.18135690689086914,0.17549872398376465
0.09319758415222168,0.18158674240112305,0.18595242500305176
0.0910184383392334,0.18012213706970215,0.17378568649291992
0.08474302291870117,0.1786341667175293,0.17608213424682617
0.09783935546875,0.1795816421508789,0.17756271362304688
0.08744287490844727,0.18140745162963867,0.17499947547912598
0.0868375301361084,0.18204784393310547,0.1759657859802246
0.08403968811035156,0.1838219165802002,0.18079400062561035
0.08498978614807129,0.18202829360961914,0.18488049507141113
0.0833740234375,0.18390583992004395,0.18381166458129883
0.0975944995880127,0.184248685836792,0.18489670753479004
0.09462952613830566,0.18155455589294434,0.17956805229187012
0.08606123924255371,0.1811215877532959,0.17743754386901855
0.08922624588012695,0.1824800968170166,0.17484378814697266
0.08566164970397949,0.18690133094787598,0.17868661880493164
0.08407258987426758,0.18323612213134766,0.17510628700256348
0.08568763732910156,0.18006515502929688,0.17369651794433594
0.08547043800354004,0.1811833381652832,0.17493820190429688
0.09331679344177246,0.1800215244293213,0.17628049850463867
0.08319664001464844,0.180131196975708,0.1752321720123291
0.0911865234375,0.17982959747314453,0.17422723770141602
0.08330941200256348,0.18181133270263672,0.17409682273864746
0.08741903305053711,0.1847238540649414,0.1748185157775879
0.08425140380859375,0.18111419677734375,0.17574357986450195
0.08578205108642578,0.18498873710632324,0.17518210411071777
0.08513951301574707,0.18205928802490234,0.17637181282043457
0.08732867240905762,0.18050742149353027,0.1757946014404297
0.08481287956237793,0.18035387992858887,0.17719745635986328
0.08349347114562988,0.17966341972351074,0.17577791213989258
0.08385634422302246,0.18014264106750488,0.1743631362915039
0.08409452438354492,0.18113064765930176,0.1764669418334961
0.08572173118591309,0.1799931526184082,0.1771249771118164
0.08446717262268066,0.18078351020812988,0.17497873306274414
0.08525371551513672,0.1825847625732422,0.17707252502441406
0.09301638603210449,0.18182802200317383,0.17510437965393066
0.08668923377990723,0.18015003204345703,0.17600035667419434
0.08820438385009766,0.18043017387390137,0.17615079879760742
0.0851132869720459,0.18204522132873535,0.17532920837402344
0.09358811378479004,0.18351006507873535,0.17670273780822754
0.08342838287353516,0.18338942527770996,0.17693614959716797
0.09531950950622559,0.18176937103271484,0.1788029670715332
0.09278297424316406,0.18117475509643555,0.17770719528198242
0.09527468681335449,0.18118906021118164,0.17819690704345703
0.09064006805419922,0.18046307563781738,0.17849278450012207
0.08988165855407715,0.18116283416748047,0.17792558670043945
0.09101486206054688,0.1836998462677002,0.17472219467163086
0.08290243148803711,0.18087029457092285,0.17580461502075195
0.09295964241027832,0.18155765533447266,0.17861509323120117
0.09572386741638184,0.1811063289642334,0.17707085609436035
0.08372020721435547,0.18210244178771973,0.17957615852355957
0.09008216857910156,0.1839613914489746,0.17761778831481934
0.0938568115234375,0.18071961402893066,0.1762678623199463
0.09351468086242676,0.18281126022338867,0.1788463592529297
0.09262847900390625,0.18238210678100586,0.1785297393798828
0.09985661506652832,0.18246030807495117,0.18062329292297363
0.09148597717285156,0.1824951171875,0.17892217636108398
0.08399486541748047,0.18061184883117676,0.1781597137451172
0.08909010887145996,0.1864464282989502,0.1776750087738037
0.0862269401550293,0.1835179328918457,0.17685484886169434
0.08450031280517578,0.18084216117858887,0.17882871627807617
0.08323311805725098,0.1820847988128662,0.17998290061950684
0.08337950706481934,0.18073749542236328,0.17890071868896484
0.08381152153015137,0.18015074729919434,0.18031883239746094
0.08290410041809082,0.18061470985412598,0.17975592613220215
0.0854330062866211,0.1810610294342041,0.18281006813049316
0.0874783992767334,0.17903661727905273,0.17915582656860352
0.08513617515563965,0.1809382438659668,0.18059945106506348
0.08707571029663086,0.18077325820922852,0.18166279792785645
0.08583879470825195,0.18029284477233887,0.1837608814239502
0.08427786827087402,0.1814737319946289,0.17804861068725586
0.0858926773071289,0.18097758293151855,0.1768636703491211
0.09692549705505371,0.18223118782043457,0.18023681640625
0.08348512649536133,0.18130779266357422,0.17926621437072754
0.08316612243652344,0.18228578567504883,0.1772325038909912
0.08320760726928711,0.18207836151123047,0.1823129653930664
0.08567190170288086,0.18053436279296875,0.18388700485229492
0.0875558853149414,0.18099117279052734,0.18274545669555664
0.0904839038848877,0.18059563636779785,0.18133068084716797
0.09607148170471191,0.18293356895446777,0.18265676498413086
0.08374834060668945,0.18152904510498047,0.18187236785888672
0.09717702865600586,0.18193316459655762,0.1821897029876709
0.08729267120361328,0.18218374252319336,0.17792510986328125
0.09056425094604492,0.1822185516357422,0.18130993843078613
0.08504056930541992,0.18285274505615234,0.18291664123535156
0.0874185562133789,0.18218994140625,0.17963790893554688
0.09593343734741211,0.18154525756835938,0.17519044876098633
0.08571386337280273,0.1814720630645752,0.1773078441619873
0.08674764633178711,0.18252182006835938,0.18227052688598633
0.08360171318054199,0.18163514137268066,0.1934506893157959
0.09579205513000488,0.18014025688171387,0.18395256996154785
0.08434939384460449,0.1804828643798828,0.18454790115356445
0.08321452140808105,0.17990922927856445,0.1846311092376709
0.09383630752563477,0.17976880073547363,0.18407392501831055
0.0838918685913086,0.18160629272460938,0.18647456169128418
0.08644580841064453,0.17972040176391602,0.18236231803894043
0.08452892303466797,0.18231987953186035,0.18437480926513672
0.08324050903320312,0.1841728687286377,0.1829051971435547
0.08518314361572266,0.18298077583312988,0.18378996849060059
0.08422636985778809,0.18288612365722656,0.18506217002868652
0.08642148971557617,0.1843578815460205,0.1839592456817627
0.08332681655883789,0.1846907138824463,0.18535137176513672
0.08406615257263184,0.18166851997375488,0.18481922149658203
0.09497523307800293,0.1833817958831787,0.18464970588684082
0.08407855033874512,0.18432402610778809,0.18451833724975586
0.08432531356811523,0.1869213581085205,0.18549346923828125
0.08273839950561523,0.19325518608093262,0.18663263320922852
0.08620500564575195,0.18288230895996094,0.18558406829833984
0.0848393440246582,0.1802811622619629,0.18122005462646484
0.08678412437438965,0.18212151527404785,0.18420171737670898
0.09281587600708008,0.18093228340148926,0.18725228309631348
0.09163832664489746,0.1817946434020996,0.19769787788391113
0.08646416664123535,0.1822052001953125,0.1806178092956543
0.08366656303405762,0.18212628364562988,0.17692804336547852
0.08475017547607422,0.18090462684631348,0.17915034294128418
0.08325648307800293,0.18102002143859863,0.18129324913024902
0.0841684341430664,0.18094253540039062,0.18611502647399902
0.08837628364562988,0.1805737018585205,0.1874220371246338
0.0858144760131836,0.1806027889251709,0.18904638290405273
0.0869140625,0.18131470680236816,0.18638086318969727
0.08550167083740234,0.18308615684509277,0.18724799156188965
0.08672499656677246,0.18244147300720215,0.18834352493286133
0.09030890464782715,0.18382048606872559,0.19160676002502441
0.10008049011230469,0.18190455436706543,0.1911468505859375
0.08572769165039062,0.1814877986907959,0.18401885032653809
0.08685994148254395,0.18481969833374023,0.18698430061340332
0.0843958854675293,0.18474721908569336,0.18388080596923828
0.09445810317993164,0.1833512783050537,0.18030142784118652
0.09281182289123535,0.1812760829925537,0.1788179874420166
0.08544802665710449,0.18351364135742188,0.18037867546081543
0.10186910629272461,0.18263792991638184,0.18811631202697754
0.08433341979980469,0.18288516998291016,0.18892192840576172
0.09635210037231445,0.18373942375183105,0.18747925758361816
0.08464789390563965,0.1848599910736084,0.18837451934814453
0.09753918647766113,0.1821756362915039,0.1886153221130371
0.08522605895996094,0.17905735969543457,0.18764495849609375
0.0913400650024414,0.18164539337158203,0.19065308570861816
0.08720827102661133,0.1827390193939209,0.18804001808166504
0.0907294750213623,0.18374371528625488,0.1843581199645996
0.0847475528717041,0.18358945846557617,0.18589282035827637
0.09525680541992188,0.18512773513793945,0.18715763092041016
0.08746075630187988,0.1832575798034668,0.18777894973754883
0.08756852149963379,0.18700337409973145,0.18936967849731445
0.09604430198669434,0.18714332580566406,0.18727326393127441
0.08471035957336426,0.19175410270690918,0.18402814865112305
0.09629583358764648,0.18449807167053223,0.18317890167236328
0.09708333015441895,0.1832125186920166,0.18765687942504883
0.08486270904541016,0.18327593803405762,0.18981242179870605
0.08597564697265625,0.19695067405700684,0.1885395050048828
0.10565328598022461,0.1826035976409912,0.1894984245300293
0.08604145050048828,0.18320608139038086,0.18871188163757324
0.09319067001342773,0.18347525596618652,0.1903839111328125
0.08699274063110352,0.18665647506713867,0.19122862815856934
0.10360407829284668,0.18410611152648926,0.19261527061462402
0.08527231216430664,0.1851363182067871,0.1997387409210205
0.0885767936706543,0.18207693099975586,0.1899585723876953
0.08749771118164062,0.18272614479064941,0.19241833686828613
0.08778238296508789,0.18516016006469727,0.19069695472717285
0.08644771575927734,0.1916186809539795,0.18562889099121094
0.08389830589294434,0.1827232837677002,0.1863570213317871
0.0849153995513916,0.18338990211486816,0.18975162506103516
0.08672308921813965,0.182603120803833,0.19041037559509277
0.0858912467956543,0.18428540229797363,0.19019317626953125
0.09776830673217773,0.1854255199432373,0.1832265853881836
0.09563112258911133,0.18553614616394043,0.17612814903259277
0.08859777450561523,0.18637967109680176,0.17809367179870605
0.08434081077575684,0.18480873107910156,0.1836695671081543
0.08429074287414551,0.1828601360321045,0.19232583045959473
0.0900869369506836,0.1830601692199707,0.1995253562927246
0.08525991439819336,0.18231916427612305,0.1928701400756836
0.08450865745544434,0.1837306022644043,0.19229340553283691
0.0846853256225586,0.18464875221252441,0.19335293769836426
0.08492612838745117,0.1886889934539795,0.1922914981842041
0.0869135856628418,0.18309640884399414,0.19282793998718262
0.08759832382202148,0.1829833984375,0.192732572555542
0.08704042434692383,0.18396997451782227,0.19486665725708008
0.08521652221679688,0.18413376808166504,0.19083786010742188
0.0963895320892334,0.18404102325439453,0.19132161140441895
0.09376168251037598,0.1846141815185547,0.19216609001159668
0.09941363334655762,0.18466591835021973,0.18933773040771484
0.09786748886108398,0.18414640426635742,0.1874094009399414
0.08642292022705078,0.1869964599609375,0.1912708282470703
0.09291243553161621,0.18440485000610352,0.19332623481750488
0.09675717353820801,0.18589234352111816,0.19239592552185059
0.08449935913085938,0.2021188735961914,0.19156146049499512
0.08739590644836426,0.18589115142822266,0.1938939094543457
0.08438682556152344,0.18513965606689453,0.18828320503234863
0.08443570137023926,0.18329453468322754,0.18406462669372559
0.08315753936767578,0.18474364280700684,0.18051862716674805
0.08374238014221191,0.1824955940246582,0.18450045585632324
0.08597278594970703,0.1861560344696045,0.1920614242553711
0.08366274833679199,0.18965530395507812,0.19422030448913574
0.10245728492736816,0.18940520286560059,0.19409418106079102
0.08530426025390625,0.18836760520935059,0.2000277042388916
0.09821510314941406,0.1871950626373291,0.20519518852233887
0.0980691909790039,0.18474817276000977,0.1923995018005371
0.10582304000854492,0.18639564514160156,0.19501328468322754
0.08394408226013184,0.18602585792541504,0.1936485767364502
0.08688879013061523,0.18947577476501465,0.19261574745178223
0.0984487533569336,0.18842172622680664,0.1934211254119873
0.09690594673156738,0.19561457633972168,0.1942768096923828
0.08376550674438477,0.18467164039611816,0.19427132606506348
0.08388829231262207,0.18359637260437012,0.19380617141723633
0.08433318138122559,0.18249297142028809,0.19292473793029785
0.0834047794342041,0.1824030876159668,0.19234919548034668
0.08580589294433594,0.18300938606262207,0.19264888763427734
0.08550572395324707,0.18272137641906738,0.19382119178771973
0.09105849266052246,0.18381476402282715,0.20136141777038574
0.08624601364135742,0.1836080551147461,0.1929006576538086
0.08428072929382324,0.18890643119812012,0.19228506088256836
0.10031795501708984,0.18675851821899414,0.1903703212738037
0.0841059684753418,0.18568706512451172,0.1906602382659912
0.09113836288452148,0.18494820594787598,0.19060850143432617
0.09740614891052246,0.18735313415527344,0.19231247901916504
0.08707666397094727,0.18989849090576172,0.19424772262573242
0.08835649490356445,0.18573212623596191,0.2016618251800537
0.08563065528869629,0.19576430320739746,0.20368695259094238
0.0838315486907959,0.18579721450805664,0.20192646980285645
0.08541393280029297,0.18199944496154785,0.20170927047729492
0.0855097770690918,0.1852571964263916,0.1979358196258545
0.08893680572509766,0.18548989295959473,0.1945500373840332
0.08471941947937012,0.18497490882873535,0.19623231887817383
0.08517742156982422,0.1840353012084961,0.19465279579162598
0.0836954116821289,0.18760371208190918,0.19472122192382812
0.08720827102661133,0.1886434555053711,0.19508004188537598
0.08811330795288086,0.18653082847595215,0.18570494651794434
0.10193324089050293,0.18457365036010742,0.17937302589416504
0.08664155006408691,0.18465280532836914,0.17730426788330078
0.08621716499328613,0.18456482887268066,0.18010711669921875
0.08537149429321289,0.19869494438171387,0.18204498291015625
0.08504438400268555,0.18908405303955078,0.1897869110107422
0.08736634254455566,0.18975043296813965,0.19215154647827148
0.08817172050476074,0.18442177772521973,0.20193862915039062
0.08885025978088379,0.18380355834960938,0.1943960189819336
0.08491849899291992,0.18431425094604492,0.19269275665283203
0.0858299732208252,0.18466448783874512,0.19380831718444824
0.08515763282775879,0.18311285972595215,0.19246888160705566
0.08817625045776367,0.18520236015319824,0.1936957836151123
0.08463072776794434,0.18611407279968262,0.1930220127105713
0.08359146118164062,0.18747162818908691,0.1932384967803955
0.11115074157714844,0.18691134452819824,0.19276165962219238
0.08525729179382324,0.18552303314208984,0.19203424453735352
0.0843510627746582,0.18782401084899902,0.19208192825317383
0.08653640747070312,0.18810081481933594,0.1928865909576416
0.08651852607727051,0.18694829940795898,0.19471144676208496
0.08391642570495605,0.18692398071289062,0.19434428215026855
0.08539414405822754,0.18639850616455078,0.19527435302734375
0.08400082588195801,0.19106531143188477,0.19698071479797363
0.08624529838562012,0.18459057807922363,0.20525860786437988
0.09259343147277832,0.18215250968933105,0.20005083084106445
0.08717608451843262,0.1823747158050537,0.19536399841308594
0.08552956581115723,0.18634366989135742,0.19474482536315918
0.08275389671325684,0.19039368629455566,0.19457578659057617
0.08418393135070801,0.18538498878479004,0.19519639015197754
0.08503103256225586,0.187269926071167,0.19372940063476562
0.08389592170715332,0.18546843528747559,0.1935253143310547
0.08409881591796875,0.18660211563110352,0.19262981414794922
0.08708381652832031,0.18635797500610352,0.18592166900634766
0.08639717102050781,0.18445038795471191,0.18316340446472168
0.08817481994628906,0.186187744140625,0.18396830558776855
0.08741497993469238,0.18879294395446777,0.19385337829589844
0.0968787670135498,0.18881607055664062,0.20353007316589355
0.08640575408935547,0.18627691268920898,0.19787001609802246
0.09754824638366699,0.18857216835021973,0.1979541778564453
0.09688305854797363,0.18907880783081055,0.19691061973571777
0.08365583419799805,0.18590164184570312,0.19620537757873535
0.0855405330657959,0.1885850429534912,0.19756412506103516
0.0868520736694336,0.18820929527282715,0.19974184036254883
0.08487629890441895,0.1892707347869873,0.19807219505310059
0.08632802963256836,0.19374299049377441,0.19840550422668457
0.08343029022216797,0.18853259086608887,0.2032320499420166
0.09569668769836426,0.18869280815124512,0.20049691200256348
0.0841531753540039,0.18711209297180176,0.19734597206115723
0.08714056015014648,0.19135785102844238,0.196638822555542
0.08448076248168945,0.18943476676940918,0.19657659530639648
0.08591508865356445,0.18707537651062012,0.19999980926513672
0.08580160140991211,0.18695425987243652,0.20044207572937012
0.0838160514831543,0.18569159507751465,0.19783926010131836
0.08490610122680664,0.18636679649353027,0.1974937915802002
0.08514738082885742,0.18705487251281738,0.19938039779663086
0.08301830291748047,0.18804264068603516,0.19939851760864258
0.08542323112487793,0.19879674911499023,0.19689154624938965
0.0957024097442627,0.18613839149475098,0.19689369201660156
0.08426594734191895,0.1862034797668457,0.1970372200012207
0.08382725715637207,0.1865077018737793,0.2015364170074463
0.08668661117553711,0.19046235084533691,0.19641876220703125
0.08412289619445801,0.18962883949279785,0.1976795196533203
0.08621788024902344,0.19031357765197754,0.19835829734802246
0.08492517471313477,0.2066783905029297,0.2051546573638916
0.09837889671325684,0.19877171516418457,0.20034003257751465
0.08314704895019531,0.1924731731414795,0.20186495780944824
0.08490300178527832,0.18953180313110352,0.19852638244628906
0.08558773994445801,0.18882369995117188,0.2064509391784668
0.0872652530670166,0.19247889518737793,0.19854497909545898
0.08853554725646973,0.18990421295166016,0.19888710975646973
0.08408641815185547,0.18828916549682617,0.19751501083374023
0.08574509620666504,0.18833494186401367,0.19782257080078125
0.0846858024597168,0.19014954566955566,0.1995077133178711
0.08746838569641113,0.18743515014648438,0.19749712944030762
0.0864553451538086,0.1857750415802002,0.1969161033630371
0.08449912071228027,0.18889212608337402,0.19758272171020508
0.08402228355407715,0.19078946113586426,0.20359420776367188
0.08628249168395996,0.1876060962677002,0.19796442985534668
0.08374142646789551,0.18549132347106934,0.19864845275878906
0.08434367179870605,0.1814405918121338,0.19843506813049316
0.09182000160217285,0.18619465827941895,0.19908595085144043
0.08346986770629883,0.18842077255249023,0.1985461711883545
0.08545422554016113,0.1922006607055664,0.19736385345458984
0.0845499038696289,0.20548176765441895,0.20185232162475586
0.10837864875793457,0.19320273399353027,0.20109009742736816
0.10592961311340332,0.20205998420715332,0.2134387493133545
0.08458757400512695,0.19440889358520508,0.20623469352722168
0.08399772644042969,0.18993449211120605,0.19767522811889648
0.08348727226257324,0.19074106216430664,0.19743847846984863
0.0849461555480957,0.18993377685546875,0.1990036964416504
0.08358263969421387,0.19371581077575684,0.19568872451782227
0.08530831336975098,0.19292688369750977,0.19565963745117188
0.08573746681213379,0.18863248825073242,0.19624066352844238
0.08655524253845215,0.19078850746154785,0.19735264778137207
0.08599400520324707,0.19215893745422363,0.1958627700805664
0.0862727165222168,0.18947482109069824,0.19634103775024414
0.08367729187011719,0.1897439956665039,0.1972966194152832
0.08411359786987305,0.18883872032165527,0.19793033599853516
0.08530807495117188,0.18804717063903809,0.1981186866760254
0.09466195106506348,0.1939830780029297,0.1986234188079834
0.0970914363861084,0.19307255744934082,0.19861650466918945
0.08734512329101562,0.19180893898010254,0.20019054412841797
0.08537507057189941,0.19724178314208984,0.19729280471801758
0.0844733715057373,0.19016766548156738,0.19614195823669434
0.08487796783447266,0.1860218048095703,0.1977691650390625
0.084747314453125,0.18443560600280762,0.20380735397338867
0.0861973762512207,0.18311190605163574,0.19644713401794434
0.08431458473205566,0.18293237686157227,0.19674301147460938
0.08387589454650879,0.18902826309204102,0.1964552402496338
0.08373212814331055,0.19863414764404297,0.19840216636657715
0.08580207824707031,0.19033169746398926,0.1990664005279541
0.08389878273010254,0.19815945625305176,0.19955825805664062
0.08457279205322266,0.19269275665283203,0.19902253150939941
0.08333325386047363,0.20804452896118164,0.21399950981140137
0.09995388984680176,0.19380855560302734,0.20334172248840332
0.08494305610656738,0.19164633750915527,0.19643688201904297
0.08505535125732422,0.19125676155090332,0.19853591918945312
0.08582091331481934,0.19195199012756348,0.20611143112182617
0.08350014686584473,0.1935901641845703,0.1964564323425293
0.08599567413330078,0.19710445404052734,0.1989889144897461
0.08353781700134277,0.19258689880371094,0.19923639297485352
0.08410215377807617,0.19273877143859863,0.1955561637878418
0.08380627632141113,0.19201207160949707,0.19674921035766602
0.08461737632751465,0.19453835487365723,0.1978440284729004
0.08828473091125488,0.19408178329467773,0.19837403297424316
0.10302567481994629,0.19085097312927246,0.19879651069641113
0.08491659164428711,0.1899256706237793,0.19768953323364258
0.08403968811035156,0.1894526481628418,0.1979694366455078
0.08467292785644531,0.18869781494140625,0.19676971435546875
0.08477330207824707,0.19124388694763184,0.20008063316345215
0.09310436248779297,0.19006824493408203,0.19916605949401855
0.09241127967834473,0.19229435920715332,0.19711661338806152
0.08381891250610352,0.1945514678955078,0.19743657112121582
0.08482551574707031,0.19283676147460938,0.19719600677490234
0.08490109443664551,0.19032597541809082,0.20467066764831543
0.08649182319641113,0.19137883186340332,0.19849443435668945
0.08877801895141602,0.19319653511047363,0.19732332229614258
0.08385324478149414,0.1999509334564209,0.19772005081176758
0.0850374698638916,0.19172334671020508,0.2030947208404541
0.08687829971313477,0.19390606880187988,0.19763731956481934
0.08597493171691895,0.1923074722290039,0.19658422470092773
0.08784008026123047,0.1931016445159912,0.19848847389221191
0.09735965728759766,0.19740581512451172,0.19983172416687012
0.08445048332214355,0.19673871994018555,0.20875787734985352
0.0857231616973877,0.1946549415588379,0.1970047950744629
0.08539080619812012,0.19344043731689453,0.19665241241455078
0.10052371025085449,0.19592523574829102,0.19739675521850586
0.08531975746154785,0.1990058422088623,0.19832706451416016
0.11384844779968262,0.19865870475769043,0.19808673858642578
0.08435583114624023,0.19751596450805664,0.19907331466674805
0.09754300117492676,0.20237183570861816,0.21198201179504395
0.08346986770629883,0.2014598846435547,0.19919109344482422
0.08756303787231445,0.19875597953796387,0.1981191635131836
0.08457589149475098,0.19422602653503418,0.20023131370544434
0.08466148376464844,0.19532179832458496,0.20559096336364746
0.08501720428466797,0.20729541778564453,0.19183588027954102
0.10916352272033691,0.20747113227844238,0.17851901054382324
0.09443306922912598,0.19393587112426758,0.18275189399719238
0.09880924224853516,0.19291305541992188,0.18786931037902832
0.08563828468322754,0.191481351852417,0.1976635456085205
0.0986475944519043,0.1909492015838623,0.20177984237670898
0.08355331420898438,0.19132637977600098,0.20079755783081055
0.08525490760803223,0.19499588012695312,0.2000730037689209
0.09163546562194824,0.1980440616607666,0.20008468627929688
0.085723876953125,0.19364404678344727,0.2072751522064209
0.08418488502502441,0.19522452354431152,0.2025928497314453
0.08763289451599121,0.19319415092468262,0.20732569694519043
0.08450651168823242,0.19429993629455566,0.20454192161560059
0.08468914031982422,0.19641590118408203,0.2005159854888916
0.08963942527770996,0.20218944549560547,0.20052146911621094
0.08381056785583496,0.19151759147644043,0.19966697692871094
0.0851900577545166,0.1949629783630371,0.20317697525024414
0.08435249328613281,0.19311881065368652,0.2015693187713623
0.09061646461486816,0.19092893600463867,0.1994163990020752
0.0840156078338623,0.19428229331970215,0.19662928581237793
0.08636140823364258,0.19688796997070312,0.19484901428222656
0.09345293045043945,0.19166350364685059,0.19597673416137695
0.0848839282989502,0.19271492958068848,0.19989728927612305
0.08731746673583984,0.19316840171813965,0.19068408012390137
0.08471059799194336,0.18910503387451172,0.1895895004272461
0.08808088302612305,0.18999218940734863,0.19010210037231445
0.08614850044250488,0.19250750541687012,0.18915319442749023
0.09458279609680176,0.19374752044677734,0.18733501434326172
0.08565258979797363,0.1986989974975586,0.18875813484191895
0.08720803260803223,0.19225358963012695,0.18819737434387207
0.08490586280822754,0.19022154808044434,0.19048523902893066
0.08410406112670898,0.19349408149719238,0.1867971420288086
0.08442807197570801,0.19321703910827637,0.18588471412658691
0.08588862419128418,0.19263410568237305,0.18173956871032715
0.08472776412963867,0.18454909324645996,0.18151330947875977
0.08524322509765625,0.18280768394470215,0.18659400939941406
0.08425712585449219,0.1839749813079834,0.18543171882629395
0.08639740943908691,0.18661785125732422,0.18463826179504395
0.08564496040344238,0.1960303783416748,0.18213272094726562
0.0880732536315918,0.1964855194091797,0.18355727195739746
0.08507180213928223,0.19712448120117188,0.1917562484741211
0.09894371032714844,0.21229910850524902,0.18929529190063477
0.08420991897583008,0.19315671920776367,0.18610095977783203
0.0904855728149414,0.19219374656677246,0.18659710884094238
0.08452248573303223,0.19420742988586426,0.18667244911193848
0.0964956283569336,0.19417810440063477,0.18742108345031738
0.08771753311157227,0.19654130935668945,0.18906188011169434
0.08331179618835449,0.19499444961547852,0.18717455863952637
0.08597636222839355,0.1959981918334961,0.1858525276184082
0.08499932289123535,0.19519782066345215,0.18195056915283203
0.08597731590270996,0.194901704788208,0.18331408500671387
0.08550095558166504,0.19329500198364258,0.18587827682495117
0.08579349517822266,0.19618630409240723,0.18642544746398926
0.09290003776550293,0.1995236873626709,0.18670654296875
0.08341169357299805,0.19590544700622559,0.19572949409484863
0.08614635467529297,0.19422531127929688,0.1841592788696289
0.08584856986999512,0.19419169425964355,0.18768620491027832
0.08490657806396484,0.1936349868774414,0.18808412551879883
0.08770418167114258,0.19968843460083008,0.18761086463928223
0.08483242988586426,0.19231510162353516,0.18776392936706543
0.0843498706817627,0.19115996360778809,0.1861116886138916
0.0873265266418457,0.18913793563842773,0.19158029556274414
0.08553123474121094,0.19263672828674316,0.19369196891784668
0.09960126876831055,0.1919851303100586,0.1984851360321045
0.08703494071960449,0.19353914260864258,0.191070556640625
0.08440947532653809,0.19134950637817383,0.18883180618286133
0.08329200744628906,0.19472360610961914,0.18932414054870605
0.08471155166625977,0.1961348056793213,0.1910088062286377
0.08479595184326172,0.19538331031799316,0.19048023223876953
0.08497190475463867,0.19683265686035156,0.18859124183654785
0.08558344841003418,0.19777441024780273,0.19710016250610352
0.09381532669067383,0.20374369621276855,0.1940290927886963
0.08388686180114746,0.19356656074523926,0.1868886947631836
0.08387279510498047,0.19631695747375488,0.1907517910003662
0.08472847938537598,0.1960587501525879,0.1906118392944336
0.08557605743408203,0.19555377960205078,0.1911001205444336
0.08744359016418457,0.19433307647705078,0.1891031265258789
0.08488202095031738,0.1930394172668457,0.19240570068359375
0.08674788475036621,0.18994617462158203,0.17849040031433105
0.0857994556427002,0.18749451637268066,0.17977666854858398
0.08865141868591309,0.18527698516845703,0.1888875961303711
0.0844428539276123,0.18955326080322266,0.1925814151763916
0.08539462089538574,0.1871168613433838,0.19325900077819824
0.09596896171569824,0.18919849395751953,0.19434428215026855
0.09633111953735352,0.19895124435424805,0.19378662109375
0.08439826965332031,0.19737958908081055,0.19469404220581055
0.08594870567321777,0.1957712173461914,0.19426178932189941
0.08524322509765625,0.19494080543518066,0.1943342685699463
0.08727169036865234,0.19510602951049805,0.19589519500732422
0.08582735061645508,0.19861507415771484,0.19487428665161133
0.0906829833984375,0.19666409492492676,0.1942121982574463
0.08317375183105469,0.1946094036102295,0.1934196949005127
0.08469414710998535,0.1961958408355713,0.19559955596923828
0.08368277549743652,0.19528770446777344,0.19398021697998047
0.08423066139221191,0.20678210258483887,0.19290447235107422
0.09299492835998535,0.19384121894836426,0.19398164749145508
0.08333826065063477,0.19562530517578125,0.19241952896118164
0.08783602714538574,0.19663715362548828,0.19092917442321777
0.08611011505126953,0.19702839851379395,0.19178152084350586
0.09399747848510742,0.19712591171264648,0.1932680606842041
0.08618307113647461,0.1966416835784912,0.19533872604370117
0.08671879768371582,0.19469714164733887,0.19214606285095215
0.08375358581542969,0.1942594051361084,0.1936028003692627
0.08503890037536621,0.1941514015197754,0.193861722946167
0.08654141426086426,0.19678926467895508,0.19341087341308594
0.094390869140625,0.19748401641845703,0.19432544708251953
0.08560848236083984,0.1943652629852295,0.19048810005187988
0.08490729331970215,0.19661355018615723,0.18322014808654785
0.08745026588439941,0.19488835334777832,0.17848467826843262
0.08441829681396484,0.19756460189819336,0.17833232879638672
0.09312772750854492,0.19318008422851562,0.18356871604919434
0.08552360534667969,0.19022560119628906,0.19032573699951172
0.08422231674194336,0.1953423023223877,0.19208550453186035
0.08802461624145508,0.19397664070129395,0.19403553009033203
0.09358716011047363,0.19198918342590332,0.19550156593322754
0.0846860408782959,0.19322466850280762,0.19907879829406738
0.09613800048828125,0.2020266056060791,0.19481205940246582
0.08566761016845703,0.19337677955627441,0.19395136833190918
0.08563709259033203,0.1945328712463379,0.1914362907409668
0.08636140823364258,0.19626092910766602,0.1945633888244629
0.09433722496032715,0.1961655616760254,0.19524264335632324
0.08409261703491211,0.19744634628295898,0.19234800338745117
0.08759474754333496,0.19394755363464355,0.1932389736175537
0.08414959907531738,0.19455289840698242,0.19326329231262207
0.08827590942382812,0.19757509231567383,0.1930830478668213
0.08370780944824219,0.19783639907836914,0.2010941505432129
0.08724141120910645,0.19594097137451172,0.1962296962738037
0.08540225028991699,0.1894228458404541,0.19616985321044922
0.08377218246459961,0.1854534149169922,0.19329261779785156
0.08603310585021973,0.18351054191589355,0.19675064086914062
0.08467483520507812,0.1871192455291748,0.19566059112548828
0.08597111701965332,0.190887451171875,0.19414258003234863
0.08926653861999512,0.20299243927001953,0.1934654712677002
0.08398699760437012,0.19693493843078613,0.1937105655670166
0.08618545532226562,0.1950700283050537,0.19681787490844727
0.08558011054992676,0.19559121131896973,0.1958787441253662
0.08364629745483398,0.20838236808776855,0.19484591484069824
0.08475995063781738,0.1959667205810547,0.19406485557556152
0.08506321907043457,0.19715428352355957,0.1940751075744629
0.08519172668457031,0.19679665565490723,0.18924331665039062
0.08565115928649902,0.19676589965820312,0.1774749755859375
0.0847022533416748,0.19851255416870117,0.19456696510314941
0.0839223861694336,0.19644856452941895,0.19242024421691895
0.08584451675415039,0.2022387981414795,0.1927657127380371
0.08611798286437988,0.20627880096435547,0.1887044906616211
0.10049962997436523,0.20137381553649902,0.1936502456665039
0.09542560577392578,0.19798755645751953,0.20209026336669922
0.08449196815490723,0.19689249992370605,0.20518898963928223
0.08475637435913086,0.19841670989990234,0.20413470268249512
0.08580994606018066,0.20644497871398926,0.20571660995483398
0.08426475524902344,0.19642376899719238,0.20432662963867188
0.08410191535949707,0.2006540298461914,0.20372748374938965
0.08545732498168945,0.20009708404541016,0.20642447471618652
0.08440423011779785,0.19933032989501953,0.21452975273132324
0.08607172966003418,0.18970680236816406,0.20532941818237305
0.08500528335571289,0.18896102905273438,0.2051856517791748
0.08629655838012695,0.1900179386138916,0.2023916244506836
0.08504843711853027,0.19813084602355957,0.19907689094543457
0.08738398551940918,0.20637845993041992,0.1972966194152832
0.09042954444885254,0.19733309745788574,0.19604825973510742
0.08464312553405762,0.19553375244140625,0.19986271858215332
0.0862283706665039,0.1964585781097412,0.19375991821289062
0.09430956840515137,0.19782280921936035,0.19055652618408203
0.08476948738098145,0.19798851013183594,0.1885983943939209
0.08421921730041504,0.19538426399230957,0.18714642524719238
0.08567333221435547,0.19914555549621582,0.18823790550231934
0.08773517608642578,0.19768571853637695,0.18996191024780273
0.08539986610412598,0.19944143295288086,0.19593572616577148
0.09353303909301758,0.19806313514709473,0.1960148811340332
0.10654973983764648,0.20360183715820312,0.19779229164123535
0.08447885513305664,0.20337939262390137,0.1881706714630127
0.08409571647644043,0.1956040859222412,0.18816184997558594
0.09261512756347656,0.1981649398803711,0.18877720832824707
0.08451986312866211,0.19968891143798828,0.18781518936157227
0.08466911315917969,0.19824719429016113,0.18695569038391113
0.08408308029174805,0.19715476036071777,0.1875317096710205
0.08419632911682129,0.1978447437286377,0.19086003303527832
0.08379864692687988,0.19791316986083984,0.1866896152496338
0.08588862419128418,0.19775056838989258,0.18590235710144043
0.08475828170776367,0.1965177059173584,0.1845695972442627
0.08616995811462402,0.19745206832885742,0.18095993995666504
0.08428764343261719,0.19778180122375488,0.18497037887573242
0.09723114967346191,0.1969919204711914,0.18617033958435059
0.08515667915344238,0.19839024543762207,0.18701982498168945
0.08581376075744629,0.1981799602508545,0.1826338768005371
0.08505487442016602,0.19980311393737793,0.18160486221313477
0.08438467979431152,0.19925713539123535,0.1866321563720703
0.09513545036315918,0.19724488258361816,0.19147753715515137
0.08421802520751953,0.19458746910095215,0.18881559371948242
0.0853874683380127,0.19652533531188965,0.1875593662261963
0.08443570137023926,0.1974327564239502,0.18987703323364258
0.0850071907043457,0.19683837890625,0.1896378993988037
0.08434891700744629,0.1963796615600586,0.18634247779846191
0.08550429344177246,0.19829893112182617,0.1891474723815918
0.08755970001220703,0.19671273231506348,0.18547940254211426
0.08720684051513672,0.19945406913757324,0.18529224395751953
0.08806133270263672,0.1994776725769043,0.1908550262451172
0.09486603736877441,0.19722437858581543,0.19258403778076172
0.0849313735961914,0.1987917423248291,0.18972992897033691
0.08454060554504395,0.1986865997314453,0.18439817428588867
0.08504986763000488,0.20497417449951172,0.18068790435791016
0.08450126647949219,0.2016615867614746,0.1839618682861328
0.08354568481445312,0.20090842247009277,0.18886280059814453
0.0845804214477539,0.1978754997253418,0.19201326370239258
0.09283065795898438,0.19839954376220703,0.1925644874572754
0.0847010612487793,0.19701504707336426,0.1938793659210205
0.08603477478027344,0.19560837745666504,0.1946122646331787
0.0845787525177002,0.19887566566467285,0.19207310676574707
0.08460807800292969,0.19790911674499512,0.19182538986206055
0.08661890029907227,0.1976921558380127,0.1923835277557373
0.0837256908416748,0.19844627380371094,0.19218015670776367
0.0845942497253418,0.19662857055664062,0.19408607482910156
0.08853697776794434,0.19884085655212402,0.19133257865905762
0.08617973327636719,0.2035045623779297,0.19289588928222656
0.08394312858581543,0.197249174118042,0.19187355041503906
0.08495903015136719,0.1968672275543213,0.18844079971313477
0.0852518081665039,0.19745540618896484,0.19107985496520996
0.08628964424133301,0.19971847534179688,0.19420623779296875
0.08535122871398926,0.19632768630981445,0.19343972206115723
0.08371686935424805,0.1970078945159912,0.1929769515991211
0.08598709106445312,0.19823670387268066,0.1932978630065918
0.08501434326171875,0.19762897491455078,0.19333958625793457
0.09782648086547852,0.19807696342468262,0.19283318519592285
0.0845496654510498,0.19606733322143555,0.1866748332977295
0.09387350082397461,0.19541430473327637,0.18267059326171875
0.08623242378234863,0.1965479850769043,0.17821431159973145
0.08522748947143555,0.19679880142211914,0.18024253845214844
0.08634090423583984,0.19656729698181152,0.18722319602966309
0.0859379768371582,0.20879244804382324,0.20276546478271484
0.09866523742675781,0.19979548454284668,0.20508122444152832
0.08347249031066895,0.19829249382019043,0.19621515274047852
0.08686947822570801,0.19802618026733398,0.19572114944458008
0.08653950691223145,0.1961979866027832,0.19667363166809082
0.10815310478210449,0.19721055030822754,0.19759821891784668
0.08439183235168457,0.19916915893554688,0.2046337127685547
0.10427665710449219,0.20123815536499023,0.19384527206420898
0.09494423866271973,0.19588327407836914,0.19341063499450684
0.0844721794128418,0.19637751579284668,0.19443130493164062
0.08411884307861328,0.19819235801696777,0.19433236122131348
0.08680844306945801,0.19880032539367676,0.206587553024292
0.09136509895324707,0.1991109848022461,0.1940910816192627
0.08395600318908691,0.20052504539489746,0.19401073455810547
0.08534932136535645,0.19773006439208984,0.1936051845550537
0.08808207511901855,0.1993083953857422,0.19403648376464844
0.08536219596862793,0.20012807846069336,0.1989438533782959
0.09950923919677734,0.19985389709472656,0.2029564380645752
0.08487486839294434,0.19839191436767578,0.19374752044677734
0.0955653190612793,0.20122098922729492,0.19559383392333984
0.08467793464660645,0.19884634017944336,0.1954033374786377
0.08553028106689453,0.20121383666992188,0.19627737998962402
0.08609914779663086,0.19901371002197266,0.19695711135864258
0.09048080444335938,0.20216989517211914,0.19723916053771973
0.0856626033782959,0.19929862022399902,0.20227456092834473
0.08768391609191895,0.19707441329956055,0.19412016868591309
0.08676338195800781,0.19742417335510254,0.2015213966369629
0.10774970054626465,0.1998910903930664,0.19774746894836426
0.08428788185119629,0.20099329948425293,0.20972299575805664
0.08432936668395996,0.19715523719787598,0.19716835021972656
0.08591675758361816,0.19791865348815918,0.19730377197265625
0.08601903915405273,0.19725608825683594,0.1978294849395752
0.08624148368835449,0.19767403602600098,0.19797825813293457
0.08598041534423828,0.1965181827545166,0.19809556007385254
0.08640384674072266,0.19785237312316895,0.1981971263885498
0.09431767463684082,0.19855999946594238,0.19848918914794922
0.08467745780944824,0.19748377799987793,0.19736766815185547
0.08547043800354004,0.19585347175598145,0.19888877868652344
0.09827566146850586,0.19757413864135742,0.19882535934448242
0.08722972869873047,0.19973516464233398,0.19598007202148438
0.09481978416442871,0.20023584365844727,0.1981058120727539
0.08526253700256348,0.19713139533996582,0.199326753616333
0.08525776863098145,0.1970996856689453,0.19956731796264648
0.08646631240844727,0.19824647903442383,0.20110392570495605
0.08621954917907715,0.2010331153869629,0.19890546798706055
0.0846407413482666,0.19911408424377441,0.19680523872375488
0.08719873428344727,0.1987154483795166,0.19833803176879883
0.08884572982788086,0.19928574562072754,0.20593023300170898
0.10604262351989746,0.19902896881103516,0.1989586353302002
0.08646321296691895,0.20920181274414062,0.2063157558441162
0.08442926406860352,0.19674110412597656,0.20510506629943848
0.08457469940185547,0.19673919677734375,0.20553326606750488
0.08679747581481934,0.1985166072845459,0.20519661903381348
0.08363795280456543,0.19868254661560059,0.20706462860107422
0.08592700958251953,0.19819259643554688,0.2057194709777832
0.08436417579650879,0.19800853729248047,0.2056748867034912
0.0847325325012207,0.199721097946167,0.18977594375610352
0.08593177795410156,0.20151519775390625,0.18737053871154785
0.08804202079772949,0.19621539115905762,0.19148516654968262
0.09080886840820312,0.1972801685333252,0.20078015327453613
0.08709836006164551,0.19768381118774414,0.20482921600341797
0.08470559120178223,0.19829440116882324,0.20961642265319824
0.08664083480834961,0.19948315620422363,0.20078492164611816
0.08527827262878418,0.19877338409423828,0.19185543060302734
0.08744335174560547,0.19838500022888184,0.18462109565734863
0.08448982238769531,0.19804978370666504,0.1830425262451172
0.09933996200561523,0.19843125343322754,0.18982577323913574
0.08464288711547852,0.19803547859191895,0.19977235794067383
0.08791255950927734,0.19881772994995117,0.21132922172546387
0.08454442024230957,0.19854044914245605,0.2197561264038086
0.08682775497436523,0.19733238220214844,0.21847820281982422
0.08422160148620605,0.19852900505065918,0.20721697807312012
0.08503985404968262,0.1976611614227295,0.18918585777282715
0.08375835418701172,0.2000577449798584,0.18240022659301758
0.08611273765563965,0.20080828666687012,0.19175410270690918
0.08717012405395508,0.20444130897521973,0.19045805931091309
0.08484935760498047,0.19676947593688965,0.19513559341430664
0.09795308113098145,0.1962878704071045,0.20206594467163086
0.08511233329772949,0.19867277145385742,0.20575523376464844
0.08593916893005371,0.19786977767944336,0.21517181396484375
0.08483457565307617,0.20220661163330078,0.21878695487976074
0.08557987213134766,0.1990652084350586,0.20240235328674316
0.0859684944152832,0.199493408203125,0.19219398498535156
0.0857851505279541,0.19897794723510742,0.19026923179626465
0.08732390403747559,0.20527887344360352,0.1853334903717041
0.09209442138671875,0.198225736618042,0.18509364128112793
0.09189724922180176,0.19905853271484375,0.190474271774292
0.09839558601379395,0.1978013515472412,0.19395208358764648
0.08495783805847168,0.1960146427154541,0.20687055587768555
0.08644270896911621,0.19882631301879883,0.20610809326171875
0.09007740020751953,0.20275044441223145,0.20546936988830566
0.09812021255493164,0.19584226608276367,0.2065896987915039
0.08581018447875977,0.19715166091918945,0.20579290390014648
0.0850837230682373,0.19693374633789062,0.20563602447509766
0.08924341201782227,0.19864678382873535,0.20479512214660645
0.08580231666564941,0.19962763786315918,0.20706844329833984
0.08572554588317871,0.1979987621307373,0.20419096946716309
0.08583688735961914,0.1969754695892334,0.20222234725952148
0.08577775955200195,0.19931650161743164,0.1987624168395996
0.08890104293823242,0.19784832000732422,0.19954395294189453
0.0855252742767334,0.19852042198181152,0.1942603588104248
0.08550882339477539,0.1981189250946045,0.19326353073120117
0.08492684364318848,0.1987447738647461,0.19190049171447754
0.0852515697479248,0.19697213172912598,0.1928861141204834
0.08908724784851074,0.20015764236450195,0.18799376487731934
0.08705687522888184,0.1988990306854248,0.1873917579650879
0.10088682174682617,0.19785404205322266,0.18906664848327637
0.0859375,0.1970512866973877,0.19439291954040527
0.0857553482055664,0.1974806785583496,0.18979597091674805
0.08553862571716309,0.19770288467407227,0.18979501724243164
0.08532500267028809,0.2030489444732666,0.1899278163909912
0.0855250358581543,0.19760775566101074,0.18692708015441895
0.0858161449432373,0.19832730293273926,0.18932056427001953
0.08632540702819824,0.1992032527923584,0.19396662712097168
0.08412337303161621,0.20324325561523438,0.19873476028442383
0.08762145042419434,0.20730209350585938,0.19692015647888184
0.08559727668762207,0.19989705085754395,0.1860790252685547
0.08469080924987793,0.19957423210144043,0.18570590019226074
0.08591413497924805,0.2071075439453125,0.18524384498596191
0.0856776237487793,0.1978771686553955,0.18506789207458496
0.0850985050201416,0.19742226600646973,0.18150758743286133
0.08701729774475098,0.19807791709899902,0.1852555274963379
0.0865471363067627,0.20034456253051758,0.18669748306274414
0.0853886604309082,0.208298921585083,0.1836261749267578
0.0865330696105957,0.19877004623413086,0.17916321754455566
0.08716917037963867,0.1978776454925537,0.1796550750732422
0.08725666999816895,0.1993424892425537,0.18610095977783203
0.08671855926513672,0.2093501091003418,0.20013213157653809
0.08638978004455566,0.21277332305908203,0.19645953178405762
0.08474230766296387,0.19909238815307617,0.1895127296447754
0.08806800842285156,0.19922995567321777,0.19742631912231445
0.08602046966552734,0.20169520378112793,0.18754291534423828
0.08670783042907715,0.20133209228515625,0.1892411708831787
0.08550572395324707,0.20032310485839844,0.18882036209106445
0.08486056327819824,0.19966626167297363,0.18869757652282715
0.08775830268859863,0.19991517066955566,0.18714523315429688
0.08929920196533203,0.19919848442077637,0.19039463996887207
0.10064172744750977,0.2003023624420166,0.18613123893737793
0.0862417221069336,0.20166015625,0.18394923210144043
0.08526754379272461,0.1971728801727295,0.18813800811767578
0.08485293388366699,0.19917035102844238,0.1914224624633789
0.08576846122741699,0.20028376579284668,0.1927168369293213
0.0877084732055664,0.20385003089904785,0.18758296966552734
0.08675813674926758,0.2067549228668213,0.19047832489013672
0.08650684356689453,0.2012627124786377,0.17750000953674316
0.08679080009460449,0.20188498497009277,0.18390560150146484
0.09717321395874023,0.20389986038208008,0.19152188301086426
0.08571887016296387,0.20012617111206055,0.1937413215637207
0.08498930931091309,0.2001042366027832,0.19504237174987793
0.0875554084777832,0.19974946975708008,0.19504284858703613
0.08849358558654785,0.20318341255187988,0.19581317901611328
0.0865790843963623,0.18773531913757324,0.19259953498840332
0.0882728099822998,0.18539977073669434,0.19292974472045898
0.08634185791015625,0.18637466430664062,0.19402313232421875
0.08555197715759277,0.18811511993408203,0.19419193267822266
0.08501768112182617,0.20064139366149902,0.19208884239196777
0.08441591262817383,0.20176219940185547,0.19261741638183594
0.08636474609375,0.19877362251281738,0.19367742538452148
0.08748269081115723,0.20195913314819336,0.20178437232971191
0.09683728218078613,0.20107245445251465,0.1930999755859375
0.08530235290527344,0.1990048885345459,0.19313526153564453
0.08530926704406738,0.2014315128326416,0.19247984886169434
0.08590507507324219,0.20316815376281738,0.1928107738494873
0.08570384979248047,0.1996750831604004,0.19243335723876953
0.0856635570526123,0.20288991928100586,0.19498825073242188
0.09592700004577637,0.1992807388305664,0.1955585479736328
0.08813142776489258,0.1989765167236328,0.19466900825500488
0.08535575866699219,0.2013533115386963,0.19421601295471191
0.08662199974060059,0.20159482955932617,0.19436979293823242
0.08495831489562988,0.19896697998046875,0.19381403923034668
0.08720803260803223,0.19987177848815918,0.20273542404174805
0.0863807201385498,0.20069479942321777,0.19488835334777832
0.0852670669555664,0.1990978717803955,0.19483232498168945
0.0862112045288086,0.20102596282958984,0.1938307285308838
0.08563899993896484,0.19974207878112793,0.19392061233520508
0.08798503875732422,0.19889616966247559,0.18684887886047363
0.08521199226379395,0.20269989967346191,0.18927478790283203
0.09277224540710449,0.2091236114501953,0.19016814231872559
0.0863180160522461,0.193817138671875,0.1829063892364502
0.08394861221313477,0.19372916221618652,0.1873936653137207
0.08771967887878418,0.2007617950439453,0.19248151779174805
0.08545398712158203,0.2020721435546875,0.1965649127960205
0.0872652530670166,0.2013554573059082,0.19771170616149902
0.08522343635559082,0.19858455657958984,0.19904732704162598
0.08330368995666504,0.1997385025024414,0.19696426391601562
0.08716392517089844,0.20589184761047363,0.19651365280151367
0.09153175354003906,0.1910398006439209,0.19675755500793457
0.0847325325012207,0.18768715858459473,0.19655799865722656
0.08441305160522461,0.1924893856048584,0.2006981372833252
0.08622455596923828,0.19843482971191406,0.19682788848876953
0.0841512680053711,0.2135779857635498,0.19565773010253906
0.08597850799560547,0.1998615264892578,0.19991016387939453
0.08495497703552246,0.20025873184204102,0.19639372825622559
0.08612370491027832,0.2004098892211914,0.1978921890258789
0.08597278594970703,0.1997358798980713,0.20749831199645996
0.08501791954040527,0.20048260688781738,0.19616246223449707
0.10440897941589355,0.20604252815246582,0.19278717041015625
0.08746671676635742,0.1875934600830078,0.1929917335510254
0.08484888076782227,0.18409228324890137,0.19171977043151855
0.08603334426879883,0.1940462589263916,0.19185638427734375
0.0888676643371582,0.21016359329223633,0.19271492958068848
0.08656501770019531,0.20987606048583984,0.19327783584594727
0.08501529693603516,0.20420360565185547,0.19098639488220215
0.08557963371276855,0.20325899124145508,0.18970775604248047
0.08580613136291504,0.20365238189697266,0.18886971473693848
0.08493185043334961,0.19864368438720703,0.18627524375915527
0.08438515663146973,0.19748520851135254,0.18657422065734863
0.08672738075256348,0.19963812828063965,0.18791460990905762
0.08502483367919922,0.20255446434020996,0.18731141090393066
0.0864553451538086,0.2090294361114502,0.20175385475158691
0.11786985397338867,0.21342992782592773,0.18895697593688965
0.11612892150878906,0.19976019859313965,0.18596458435058594
0.08453655242919922,0.2007603645324707,0.1813526153564453
0.08622002601623535,0.20135211944580078,0.1789078712463379
0.08412981033325195,0.20030713081359863,0.1813364028930664
0.08853435516357422,0.20109343528747559,0.18857884407043457
0.08725333213806152,0.20072412490844727,0.19190073013305664
0.08475995063781738,0.1990971565246582,0.19451379776000977
0.08394980430603027,0.19894194602966309,0.18985605239868164
0.08736729621887207,0.20766139030456543,0.1882460117340088
0.08712029457092285,0.19902563095092773,0.19092154502868652
0.08414268493652344,0.19954562187194824,0.19189095497131348
0.08415699005126953,0.19931793212890625,0.19417023658752441
0.08708667755126953,0.2005143165588379,0.1934642791748047
0.08597946166992188,0.20652437210083008,0.19285154342651367
0.08516144752502441,0.19956445693969727,0.18715214729309082
0.08890056610107422,0.20000481605529785,0.1866462230682373
0.09469342231750488,0.20430397987365723,0.1902940273284912
0.08574604988098145,0.1977062225341797,0.18965697288513184
0.09331536293029785,0.19780445098876953,0.194868803024292
0.08522462844848633,0.2006380558013916,0.19119524955749512
0.08604860305786133,0.19885540008544922,0.1795520782470703
0.08586597442626953,0.19866037368774414,0.18057918548583984
0.08553290367126465,0.19952034950256348,0.1789255142211914
0.08383321762084961,0.20013427734375,0.18304109573364258
0.0848243236541748,0.19923877716064453,0.19286298751831055
0.0864250659942627,0.2037639617919922,0.19367384910583496
0.08759307861328125,0.19956660270690918,0.19367170333862305
0.08765387535095215,0.19736146926879883,0.19327425956726074
0.08529257774353027,0.1994342803955078,0.19612836837768555
0.09436583518981934,0.20188403129577637,0.2064511775970459
0.08445119857788086,0.20208525657653809,0.1954183578491211
0.09130978584289551,0.1990375518798828,0.19292736053466797
0.0841212272644043,0.20209598541259766,0.19920897483825684
0.08471369743347168,0.20332884788513184,0.20974111557006836
0.08611083030700684,0.2008223533630371,0.19452667236328125
0.09967446327209473,0.2096717357635498,0.19365310668945312
0.08516812324523926,0.2028334140777588,0.19631266593933105
0.08666658401489258,0.20369863510131836,0.19437456130981445
0.08599543571472168,0.2146151065826416,0.19376206398010254
0.08817434310913086,0.19999074935913086,0.19556641578674316
0.08650803565979004,0.20137572288513184,0.1932675838470459
0.08811211585998535,0.20433998107910156,0.19366812705993652
0.09881711006164551,0.20123791694641113,0.19225835800170898
0.08539104461669922,0.20059514045715332,0.1931600570678711
0.08636164665222168,0.20379900932312012,0.1915428638458252
0.08654999732971191,0.19992733001708984,0.20141959190368652
0.08710694313049316,0.2008659839630127,0.19231700897216797
0.08539891242980957,0.19953155517578125,0.19319605827331543
0.08559823036193848,0.20038771629333496,0.1939857006072998
0.08820080757141113,0.2064344882965088,0.1933891773223877
0.08724379539489746,0.2016768455505371,0.2060534954071045
0.08536005020141602,0.19985198974609375,0.19173741340637207
0.08672571182250977,0.19969868659973145,0.19324302673339844
0.08663630485534668,0.20552754402160645,0.19350743293762207
0.08532977104187012,0.1996159553527832,0.2037050724029541
0.08446240425109863,0.19832158088684082,0.1943514347076416
0.08467721939086914,0.2019507884979248,0.19364500045776367
0.08478593826293945,0.1998577117919922,0.1931617259979248
0.08681988716125488,0.20081877708435059,0.19348692893981934
0.0890343189239502,0.20068025588989258,0.19720196723937988
0.09590554237365723,0.20101714134216309,0.19272518157958984
0.08424973487854004,0.20396041870117188,0.18433332443237305
0.08525729179382324,0.2056283950805664,0.18177247047424316
0.08503079414367676,0.1995861530303955,0.18513774871826172
0.08609533309936523,0.20390653610229492,0.18711590766906738
0.0968012809753418,0.2028040885925293,0.193129301071167
0.08492803573608398,0.19214820861816406,0.19881868362426758
0.08532166481018066,0.18570613861083984,0.20704269409179688
0.08574819564819336,0.18559575080871582,0.20533370971679688
0.08516144752502441,0.18861842155456543,0.20350933074951172
0.08700180053710938,0.2020282745361328,0.20541167259216309
0.09449338912963867,0.21240830421447754,0.20860695838928223
0.08657193183898926,0.2029280662536621,0.20568537712097168
0.08653450012207031,0.20172548294067383,0.20675086975097656
0.08473920822143555,0.2120213508605957,0.20879554748535156
0.08440494537353516,0.19888997077941895,0.20835113525390625
0.08433198928833008,0.19487237930297852,0.21543025970458984
0.08835053443908691,0.19318628311157227,0.20334458351135254
0.08456707000732422,0.19692325592041016,0.19879961013793945
0.08757877349853516,0.19424057006835938,0.19619393348693848
0.0848395824432373,0.19609427452087402,0.19809770584106445
0.0949714183807373,0.19498467445373535,0.1954503059387207
0.08785557746887207,0.19623160362243652,0.19498682022094727
0.08614110946655273,0.19850564002990723,0.1962873935699463
0.0867912769317627,0.20386862754821777,0.19629502296447754
0.08517670631408691,0.20137238502502441,0.1924736499786377
0.08479905128479004,0.20091652870178223,0.19410324096679688
0.08686590194702148,0.20035123825073242,0.1923966407775879
0.09711861610412598,0.20101618766784668,0.19885492324829102
0.10851025581359863,0.20163273811340332,0.19238519668579102
0.08656454086303711,0.2101438045501709,0.18372702598571777
0.08616924285888672,0.19815611839294434,0.18234825134277344
0.10086202621459961,0.19388055801391602,0.18474483489990234
0.08898186683654785,0.19176912307739258,0.1923978328704834
0.08500862121582031,0.19086313247680664,0.19891119003295898
