0.13933229446411133,0.24215221405029297,0.21760225296020508
0.08278846740722656,0.17655467987060547,0.17205429077148438
0.08359694480895996,0.1748061180114746,0.16736817359924316
0.0815424919128418,0.17482566833496094,0.16900420188903809
0.0880880355834961,0.17728495597839355,0.16832256317138672
0.09133315086364746,0.17729592323303223,0.16891837120056152
0.08101439476013184,0.17687773704528809,0.17484474182128906
0.08304929733276367,0.17540264129638672,0.17099857330322266
0.08145880699157715,0.17578554153442383,0.16994476318359375
0.09193038940429688,0.17547035217285156,0.1697373390197754
0.08198118209838867,0.17509222030639648,0.16878104209899902
0.08441638946533203,0.17466259002685547,0.16937494277954102
0.08377742767333984,0.17450594902038574,0.16974496841430664
0.08288216590881348,0.17490172386169434,0.16925787925720215
0.08079147338867188,0.17959213256835938,0.16897034645080566
0.08111190795898438,0.176560640335083,0.16890716552734375
0.0813298225402832,0.17833948135375977,0.169189453125
0.08258390426635742,0.17600226402282715,0.16968774795532227
0.0806422233581543,0.1746973991394043,0.1683657169342041
0.08109116554260254,0.17533063888549805,0.16832613945007324
0.08249735832214355,0.17497944831848145,0.16966724395751953
0.08347868919372559,0.1754312515258789,0.1686551570892334
0.08333754539489746,0.17492008209228516,0.1692953109741211
0.08251667022705078,0.17899250984191895,0.1725776195526123
0.08316373825073242,0.17708778381347656,0.1724226474761963
0.08337569236755371,0.18528342247009277,0.17143774032592773
0.08736968040466309,0.17806124687194824,0.16965341567993164
0.08810973167419434,0.17696833610534668,0.16828584671020508
0.08265805244445801,0.17754244804382324,0.17016911506652832
0.09340953826904297,0.17594695091247559,0.16881799697875977
0.0891563892364502,0.17855262756347656,0.16905426979064941
0.08587193489074707,0.17641162872314453,0.16970539093017578
0.0901496410369873,0.17803382873535156,0.16884946823120117
0.09253263473510742,0.17669153213500977,0.17137455940246582
0.09505081176757812,0.17472171783447266,0.17467331886291504
0.09154701232910156,0.17552804946899414,0.17022037506103516
0.08950471878051758,0.17580628395080566,0.1696796417236328
0.0861654281616211,0.17566943168640137,0.1696939468383789
0.08338594436645508,0.1756582260131836,0.1704087257385254
0.0848848819732666,0.1771376132965088,0.16909074783325195
0.08370614051818848,0.1796867847442627,0.16910672187805176
0.09561872482299805,0.17935824394226074,0.16868972778320312
0.1022329330444336,0.17591571807861328,0.16990113258361816
0.0825052261352539,0.1777939796447754,0.16966795921325684
0.08224058151245117,0.17705321311950684,0.17165470123291016
0.08251833915710449,0.1781020164489746,0.16997194290161133
0.09121489524841309,0.17745304107666016,0.16951656341552734
0.09132957458496094,0.17696690559387207,0.1743636131286621
0.09048652648925781,0.17725896835327148,0.17807626724243164
0.08954548835754395,0.17727065086364746,0.17143750190734863
0.0863652229309082,0.1791393756866455,0.1783733367919922
0.08257436752319336,0.17664003372192383,0.1698775291442871
0.08131003379821777,0.17596220970153809,0.16955924034118652
0.08251762390136719,0.17671656608581543,0.1721339225769043
0.08217000961303711,0.17656421661376953,0.17150139808654785
0.08228445053100586,0.17632389068603516,0.1738145351409912
0.08204245567321777,0.17928671836853027,0.17542767524719238
0.08147788047790527,0.1800403594970703,0.17769575119018555
0.0822596549987793,0.17911648750305176,0.17848491668701172
0.08403348922729492,0.18447279930114746,0.172332763671875
0.08551287651062012,0.18113446235656738,0.17232108116149902
0.09191656112670898,0.1774604320526123,0.17031407356262207
0.09306097030639648,0.1801905632019043,0.1670238971710205
0.09998512268066406,0.17873525619506836,0.17100286483764648
0.0849909782409668,0.17648029327392578,0.1717529296875
0.085113525390625,0.18049287796020508,0.17034220695495605
0.08652234077453613,0.17925596237182617,0.18041515350341797
0.08921027183532715,0.18008804321289062,0.17188668251037598
0.08413052558898926,0.17991423606872559,0.17313194274902344
0.08763647079467773,0.177170991897583,0.17581748962402344
0.09392642974853516,0.17888736724853516,0.17174243927001953
0.08265280723571777,0.18026232719421387,0.17052268981933594
0.08513236045837402,0.17934584617614746,0.17154645919799805
0.08363485336303711,0.17944836616516113,0.17201733589172363
0.08252716064453125,0.1793057918548584,0.170151948928833
0.0842447280883789,0.17703914642333984,0.17096686363220215
0.08259773254394531,0.17808914184570312,0.1706531047821045
0.09894299507141113,0.18007755279541016,0.17037510871887207
0.08307051658630371,0.17829203605651855,0.17064785957336426
0.0829312801361084,0.17987847328186035,0.17267227172851562
0.08522319793701172,0.18082666397094727,0.17056751251220703
0.08301663398742676,0.19156360626220703,0.17392587661743164
0.09322118759155273,0.19052624702453613,0.17548179626464844
0.08333039283752441,0.17680072784423828,0.17210030555725098
0.08183884620666504,0.17714142799377441,0.17184114456176758
0.08179068565368652,0.1765918731689453,0.1728076934814453
0.08337974548339844,0.1776289939880371,0.17044925689697266
0.08241820335388184,0.1778123378753662,0.17316770553588867
0.08278465270996094,0.17668795585632324,0.17313241958618164
0.0825190544128418,0.17630505561828613,0.17238664627075195
0.08467793464660645,0.17641115188598633,0.17002320289611816
0.08325982093811035,0.17743492126464844,0.1713390350341797
0.08519363403320312,0.17742657661437988,0.17042064666748047
0.08251142501831055,0.18085598945617676,0.17125368118286133
0.09614944458007812,0.17920637130737305,0.17187047004699707
0.08352875709533691,0.1792922019958496,0.1712498664855957
0.08348798751831055,0.17947983741760254,0.17017674446105957
0.08417892456054688,0.17832636833190918,0.1719503402709961
0.08263468742370605,0.17850112915039062,0.17107295989990234
0.08300971984863281,0.17830872535705566,0.17085480690002441
0.08454513549804688,0.17864012718200684,0.1704692840576172
0.08205032348632812,0.1775352954864502,0.1704084873199463
0.08466482162475586,0.17888236045837402,0.170654296875
0.08249449729919434,0.17917656898498535,0.17111802101135254
0.09351944923400879,0.17918062210083008,0.17996835708618164
0.10296893119812012,0.17706966400146484,0.17289400100708008
0.08372616767883301,0.17754077911376953,0.17354249954223633
0.0860741138458252,0.17856264114379883,0.17206835746765137
0.08252906799316406,0.17847776412963867,0.17197060585021973
0.1088249683380127,0.17769289016723633,0.17441654205322266
0.0866696834564209,0.17768120765686035,0.17865562438964844
0.09132242202758789,0.17723965644836426,0.17470932006835938
0.08323240280151367,0.17842626571655273,0.17632174491882324
0.08344221115112305,0.17763781547546387,0.17751526832580566
0.08400630950927734,0.1779639720916748,0.1745600700378418
0.08370828628540039,0.17985105514526367,0.1735525131225586
0.08770871162414551,0.18182992935180664,0.17955589294433594
0.08986973762512207,0.17836523056030273,0.17394280433654785
0.08376789093017578,0.18663311004638672,0.1740117073059082
0.09263825416564941,0.1752946376800537,0.17181921005249023
0.08322620391845703,0.18078017234802246,0.17106175422668457
0.10686397552490234,0.17754006385803223,0.17528724670410156
0.08256196975708008,0.18091630935668945,0.1712794303894043
0.08303236961364746,0.18172788619995117,0.1717088222503662
0.0830850601196289,0.18215560913085938,0.17200446128845215
0.09115004539489746,0.18071246147155762,0.17121362686157227
0.08333182334899902,0.18072104454040527,0.17154979705810547
0.09731006622314453,0.1794295310974121,0.1756598949432373
0.08428502082824707,0.1805412769317627,0.1730501651763916
0.09185099601745605,0.17820978164672852,0.183518648147583
0.09364604949951172,0.1782069206237793,0.1739044189453125
0.08298635482788086,0.17806124687194824,0.17256879806518555
0.08520007133483887,0.18139410018920898,0.17186474800109863
0.08453774452209473,0.18076133728027344,0.17180800437927246
0.0925741195678711,0.18058204650878906,0.17198753356933594
0.0877077579498291,0.18059682846069336,0.17214751243591309
0.09233570098876953,0.17961597442626953,0.172410249710083
0.08266377449035645,0.17937397956848145,0.17225027084350586
0.08362150192260742,0.17930889129638672,0.17252850532531738
0.08327031135559082,0.18172621726989746,0.1744856834411621
0.09688138961791992,0.18159747123718262,0.17220067977905273
0.08436775207519531,0.1816270351409912,0.17296576499938965
0.08528876304626465,0.18099403381347656,0.17210817337036133
0.08282661437988281,0.18320775032043457,0.17335009574890137
0.08308744430541992,0.18194150924682617,0.17514562606811523
0.08397555351257324,0.17871356010437012,0.17201018333435059
0.08329439163208008,0.1783607006072998,0.1727893352508545
0.08288455009460449,0.17931628227233887,0.17473578453063965
0.08370542526245117,0.17951250076293945,0.17216253280639648
0.08619070053100586,0.17952370643615723,0.17009282112121582
0.08468437194824219,0.18033719062805176,0.17228913307189941
0.0926198959350586,0.17930817604064941,0.17260169982910156
0.08238673210144043,0.18114829063415527,0.17221331596374512
0.10157966613769531,0.18094897270202637,0.17357730865478516
0.0843191146850586,0.18021368980407715,0.17372679710388184
0.0894315242767334,0.17883896827697754,0.17357683181762695
0.09831833839416504,0.17930936813354492,0.17313122749328613
0.08475327491760254,0.1792299747467041,0.17260003089904785
0.0861663818359375,0.18001461029052734,0.17290544509887695
0.08716392517089844,0.1805126667022705,0.17369771003723145
0.08679866790771484,0.1824662685394287,0.1729285717010498
0.10435676574707031,0.17885065078735352,0.17356491088867188
0.08338069915771484,0.17978143692016602,0.17393946647644043
0.08646416664123535,0.18162798881530762,0.17412137985229492
0.09143328666687012,0.17969465255737305,0.17354989051818848
0.09578561782836914,0.18207001686096191,0.17392277717590332
0.08365201950073242,0.19245338439941406,0.17349863052368164
0.08453011512756348,0.18139243125915527,0.18566417694091797
0.08264660835266113,0.18209099769592285,0.17888808250427246
0.08416175842285156,0.1802654266357422,0.17604637145996094
0.08505105972290039,0.18091392517089844,0.1809525489807129
0.08450603485107422,0.18220901489257812,0.1779625415802002
0.08455777168273926,0.18087315559387207,0.17431020736694336
0.08501386642456055,0.18874144554138184,0.18053221702575684
0.09010672569274902,0.1847975254058838,0.1740865707397461
0.08562278747558594,0.1821756362915039,0.17369723320007324
0.09323287010192871,0.18007659912109375,0.17449355125427246
0.09181737899780273,0.18293523788452148,0.1743021011352539
0.09612274169921875,0.1843113899230957,0.17424964904785156
0.09414124488830566,0.18363523483276367,0.17708849906921387
0.08236551284790039,0.18198132514953613,0.17447829246520996
0.0935220718383789,0.1834397315979004,0.1760711669921875
0.10534429550170898,0.17880749702453613,0.17542123794555664
0.08916640281677246,0.1793532371520996,0.17490077018737793
0.08414316177368164,0.1789999008178711,0.17315983772277832
0.08624529838562012,0.18056678771972656,0.1753098964691162
0.08635139465332031,0.1814560890197754,0.17464804649353027
0.08296322822570801,0.18179869651794434,0.18659257888793945
0.08811473846435547,0.1812303066253662,0.17551422119140625
0.08317732810974121,0.17992186546325684,0.176069974899292
0.08409333229064941,0.18220973014831543,0.17415475845336914
0.09501051902770996,0.1806190013885498,0.17302465438842773
0.08288860321044922,0.18250513076782227,0.1748061180114746
0.08422541618347168,0.18291711807250977,0.17624735832214355
0.08324217796325684,0.18100357055664062,0.1774001121520996
0.08399653434753418,0.1818070411682129,0.17657780647277832
0.08332681655883789,0.18091583251953125,0.17648077011108398
0.08565950393676758,0.1797630786895752,0.1770954132080078
0.08402228355407715,0.17987322807312012,0.17682290077209473
0.08495068550109863,0.1799006462097168,0.17786431312561035
0.08423185348510742,0.17966461181640625,0.17718505859375
0.08484363555908203,0.1798405647277832,0.17827558517456055
0.08602452278137207,0.18010258674621582,0.1764523983001709
0.08412384986877441,0.1801738739013672,0.17909812927246094
0.09247660636901855,0.17948484420776367,0.18050384521484375
0.08389878273010254,0.18128275871276855,0.17834043502807617
0.0850365161895752,0.18175482749938965,0.18199658393859863
0.09793305397033691,0.183213472366333,0.18038582801818848
0.08379435539245605,0.18072152137756348,0.1766972541809082
0.08451700210571289,0.18269729614257812,0.18163323402404785
0.08708882331848145,0.18204665184020996,0.18347644805908203
0.09282517433166504,0.183807373046875,0.18262481689453125
0.08553457260131836,0.18338394165039062,0.1876378059387207
0.09572625160217285,0.1802380084991455,0.17658138275146484
0.08811712265014648,0.1809067726135254,0.1789395809173584
0.09557914733886719,0.17982912063598633,0.18162250518798828
0.08571195602416992,0.1804521083831787,0.17735624313354492
0.08419275283813477,0.18068504333496094,0.18159079551696777
0.08717775344848633,0.18020367622375488,0.18313074111938477
0.08465433120727539,0.1804032325744629,0.17976784706115723
0.08385491371154785,0.1806163787841797,0.17664098739624023
0.08382272720336914,0.182037353515625,0.1773366928100586
0.0854644775390625,0.1798403263092041,0.1822061538696289
0.08968901634216309,0.181013822555542,0.18031024932861328
0.08476495742797852,0.18067073822021484,0.18047761917114258
0.1117551326751709,0.18188905715942383,0.18549442291259766
0.08495163917541504,0.18220758438110352,0.18366336822509766
0.08373808860778809,0.18240642547607422,0.18514490127563477
0.08956551551818848,0.18046021461486816,0.19382500648498535
0.0840907096862793,0.180711030960083,0.1843559741973877
0.08391380310058594,0.17975592613220215,0.1824054718017578
0.08482098579406738,0.17999887466430664,0.1843104362487793
0.08472776412963867,0.18309378623962402,0.18314027786254883
0.09396553039550781,0.1818690299987793,0.17868828773498535
0.1054847240447998,0.18295812606811523,0.18348193168640137
0.08422160148620605,0.18183112144470215,0.18531060218811035
0.0850989818572998,0.18168377876281738,0.18446826934814453
0.08354377746582031,0.1835784912109375,0.18136215209960938
0.11313986778259277,0.18077659606933594,0.18273258209228516
0.08305883407592773,0.1801297664642334,0.18509936332702637
0.08681869506835938,0.18068528175354004,0.18500947952270508
0.08696866035461426,0.1818249225616455,0.18657970428466797
0.08306026458740234,0.1851346492767334,0.18577146530151367
0.08305191993713379,0.18738985061645508,0.18763041496276855
0.08297014236450195,0.18262100219726562,0.1864306926727295
0.08455467224121094,0.1824350357055664,0.18948936462402344
0.09697651863098145,0.18033742904663086,0.1884150505065918
0.0914309024810791,0.18100714683532715,0.18281197547912598
0.08462023735046387,0.18051505088806152,0.1870098114013672
0.08361673355102539,0.18075251579284668,0.18741822242736816
0.08458471298217773,0.18104910850524902,0.18699908256530762
0.0840146541595459,0.1828899383544922,0.18529939651489258
0.08503913879394531,0.18085932731628418,0.18297195434570312
0.08485674858093262,0.18114233016967773,0.18473052978515625
0.08307194709777832,0.18090057373046875,0.19045114517211914
0.09066581726074219,0.18091082572937012,0.19856882095336914
0.08751082420349121,0.18163275718688965,0.1906733512878418
0.0854792594909668,0.18078112602233887,0.190263032913208
0.08371162414550781,0.18147683143615723,0.18903088569641113
0.08575105667114258,0.1835644245147705,0.1910228729248047
0.08666872978210449,0.18077898025512695,0.19288897514343262
0.08310985565185547,0.18374061584472656,0.19161319732666016
0.08378887176513672,0.1849381923675537,0.19532251358032227
0.08313226699829102,0.18130970001220703,0.19140124320983887
0.08469820022583008,0.18111157417297363,0.20244765281677246
0.08424830436706543,0.18166542053222656,0.19044113159179688
0.0854334831237793,0.18298625946044922,0.19315862655639648
0.08765578269958496,0.18275070190429688,0.19512724876403809
0.09330606460571289,0.18250608444213867,0.1900629997253418
0.09446358680725098,0.18274831771850586,0.1926708221435547
0.08462047576904297,0.18253469467163086,0.18961644172668457
0.08682847023010254,0.18171000480651855,0.18935489654541016
0.0836188793182373,0.18686199188232422,0.19546127319335938
0.08624911308288574,0.18439483642578125,0.19179105758666992
0.1077585220336914,0.18041467666625977,0.18896055221557617
0.08440423011779785,0.181884765625,0.19463396072387695
0.0850987434387207,0.18305492401123047,0.1943650245666504
0.08418393135070801,0.1826012134552002,0.1860654354095459
0.09197258949279785,0.18227696418762207,0.18123984336853027
0.11156821250915527,0.18100547790527344,0.18001055717468262
0.08355951309204102,0.1810741424560547,0.1829969882965088
0.08588361740112305,0.1818687915802002,0.19014358520507812
0.08411264419555664,0.18791723251342773,0.1928393840789795
0.09568524360656738,0.1951451301574707,0.1968250274658203
0.08451390266418457,0.19115161895751953,0.19548797607421875
0.11656546592712402,0.19446849822998047,0.19480562210083008
0.08525490760803223,0.19548392295837402,0.2050485610961914
0.08427023887634277,0.1845870018005371,0.2067725658416748
0.10730862617492676,0.18311810493469238,0.19590067863464355
0.09800481796264648,0.1828920841217041,0.19223618507385254
0.08490967750549316,0.18166136741638184,0.1935734748840332
0.08405113220214844,0.18492817878723145,0.19370341300964355
0.08318352699279785,0.1852724552154541,0.19206595420837402
0.10169076919555664,0.18512558937072754,0.19394421577453613
0.09183311462402344,0.18406200408935547,0.19395756721496582
0.09594321250915527,0.18371129035949707,0.19526362419128418
0.08566951751708984,0.18312430381774902,0.1962721347808838
0.08922219276428223,0.18419528007507324,0.19546961784362793
0.08343958854675293,0.18464922904968262,0.19280314445495605
0.08388876914978027,0.18613123893737793,0.19502615928649902
0.0827176570892334,0.18576908111572266,0.1929454803466797
0.08464312553405762,0.18284130096435547,0.19262385368347168
0.08414959907531738,0.18307948112487793,0.19226884841918945
0.08343887329101562,0.18464303016662598,0.19350099563598633
0.08446550369262695,0.18956780433654785,0.1946089267730713
0.0924222469329834,0.18612194061279297,0.19919371604919434
0.08366703987121582,0.18831276893615723,0.1968071460723877
0.10995793342590332,0.18371176719665527,0.19377923011779785
0.08381366729736328,0.18367290496826172,0.19461917877197266
0.08466839790344238,0.18561744689941406,0.1934351921081543
0.08594822883605957,0.18369746208190918,0.19361233711242676
0.09258580207824707,0.18437814712524414,0.19369864463806152
0.08389043807983398,0.1926097869873047,0.19382047653198242
0.08320307731628418,0.18586158752441406,0.19354653358459473
0.0862276554107666,0.184403657913208,0.1908254623413086
0.08504366874694824,0.1843574047088623,0.18170666694641113
0.08361268043518066,0.18581247329711914,0.17850208282470703
0.08345532417297363,0.185166597366333,0.18228745460510254
0.08572769165039062,0.18692660331726074,0.18744277954101562
0.0849754810333252,0.1863420009613037,0.19392895698547363
0.08425140380859375,0.18737006187438965,0.19788670539855957
0.08629727363586426,0.19800877571105957,0.2027757167816162
0.0995781421661377,0.18790888786315918,0.2097492218017578
0.08554434776306152,0.18591713905334473,0.20560789108276367
0.08374762535095215,0.18512749671936035,0.20708012580871582
0.08420634269714355,0.1863408088684082,0.20555448532104492
0.08425331115722656,0.18733978271484375,0.20541858673095703
0.08593010902404785,0.18996524810791016,0.21060943603515625
0.1051797866821289,0.18670368194580078,0.21683526039123535
0.08440876007080078,0.18983864784240723,0.20557379722595215
0.08618831634521484,0.18929433822631836,0.206742525100708
0.08473348617553711,0.19050359725952148,0.20359444618225098
0.08576655387878418,0.1893017292022705,0.20338749885559082
0.08464884757995605,0.18850111961364746,0.20119881629943848
0.08704304695129395,0.18824386596679688,0.19711637496948242
0.09731602668762207,0.18677353858947754,0.19397473335266113
0.08556580543518066,0.18739104270935059,0.19438624382019043
0.09653377532958984,0.18853545188903809,0.19057416915893555
0.0838479995727539,0.18947339057922363,0.19016432762145996
0.08646941184997559,0.18915224075317383,0.19086527824401855
0.08675718307495117,0.18729567527770996,0.1919238567352295
0.0900726318359375,0.18610095977783203,0.19245266914367676
0.08370304107666016,0.18831682205200195,0.19052600860595703
0.08310580253601074,0.18948650360107422,0.18974733352661133
0.08390235900878906,0.18869829177856445,0.19000601768493652
0.08977127075195312,0.1892719268798828,0.19055700302124023
0.08510708808898926,0.19229769706726074,0.19202017784118652
0.11322236061096191,0.19246459007263184,0.18881797790527344
0.08770179748535156,0.19433856010437012,0.18861842155456543
0.08385968208312988,0.1912546157836914,0.19092583656311035
0.09804916381835938,0.19323110580444336,0.19001030921936035
0.08576703071594238,0.19061803817749023,0.18950271606445312
0.08425354957580566,0.19029784202575684,0.1900043487548828
0.08391833305358887,0.18859577178955078,0.18638229370117188
0.09097766876220703,0.19410347938537598,0.18571019172668457
0.08353424072265625,0.19170045852661133,0.1829068660736084
0.08434295654296875,0.189866304397583,0.18627452850341797
0.09836268424987793,0.1823873519897461,0.18897485733032227
0.08518838882446289,0.19005846977233887,0.20169711112976074
0.0833580493927002,0.18959259986877441,0.18758606910705566
0.08586859703063965,0.19209671020507812,0.18878769874572754
0.08421897888183594,0.19432806968688965,0.18576598167419434
0.08538651466369629,0.18783974647521973,0.18870806694030762
0.0837712287902832,0.1882190704345703,0.19147253036499023
0.0993032455444336,0.18721556663513184,0.1920032501220703
0.08426046371459961,0.1934981346130371,0.19020676612854004
0.08579754829406738,0.19397258758544922,0.19019007682800293
0.08872842788696289,0.19277238845825195,0.18951797485351562
0.11345052719116211,0.19335436820983887,0.19057226181030273
0.08474540710449219,0.19365739822387695,0.19043517112731934
0.0844569206237793,0.19834113121032715,0.19037961959838867
0.0859231948852539,0.1921372413635254,0.19073200225830078
0.08475804328918457,0.19201064109802246,0.19125604629516602
0.08397746086120605,0.1915750503540039,0.19097661972045898
0.08425211906433105,0.1938033103942871,0.1926441192626953
0.09364199638366699,0.1949930191040039,0.1922283172607422
0.08536648750305176,0.19582366943359375,0.1913905143737793
0.09027862548828125,0.19250226020812988,0.1849958896636963
0.08519196510314941,0.19285225868225098,0.19392013549804688
0.08545708656311035,0.19497156143188477,0.18994355201721191
0.08452129364013672,0.19279170036315918,0.18999195098876953
0.086669921875,0.20700669288635254,0.20159244537353516
0.08430194854736328,0.19400310516357422,0.19479727745056152
0.08495450019836426,0.19485187530517578,0.1919100284576416
0.0864267349243164,0.19280076026916504,0.1941840648651123
0.08552837371826172,0.19792819023132324,0.19271087646484375
0.08863711357116699,0.19357609748840332,0.18200922012329102
0.08472132682800293,0.203582763671875,0.17811226844787598
0.08970379829406738,0.19616103172302246,0.1799323558807373
0.08508014678955078,0.19665956497192383,0.18583941459655762
0.09308981895446777,0.19160175323486328,0.1927030086517334
0.09218549728393555,0.18964409828186035,0.1933441162109375
0.08459925651550293,0.2024216651916504,0.19444751739501953
0.08572649955749512,0.19442176818847656,0.1940755844116211
0.08377885818481445,0.1888718605041504,0.19414067268371582
0.08466506004333496,0.19176578521728516,0.1950826644897461
0.09240150451660156,0.19231796264648438,0.19508075714111328
0.08459281921386719,0.19334650039672852,0.19257402420043945
0.08391070365905762,0.19486093521118164,0.1937241554260254
0.10018014907836914,0.20217561721801758,0.19416189193725586
0.08793258666992188,0.19205617904663086,0.1923811435699463
0.08638715744018555,0.1981339454650879,0.19437527656555176
0.08381533622741699,0.19458246231079102,0.19212102890014648
0.0839540958404541,0.1959991455078125,0.1924881935119629
0.08564472198486328,0.1955721378326416,0.19470834732055664
0.08479499816894531,0.19062161445617676,0.1951007843017578
0.08690428733825684,0.18795251846313477,0.1943650245666504
0.08492207527160645,0.18593740463256836,0.19504308700561523
0.08657240867614746,0.18532204627990723,0.1935405731201172
0.08529925346374512,0.18696904182434082,0.19361019134521484
0.09738969802856445,0.19666600227355957,0.1937105655670166
0.08559942245483398,0.20010638236999512,0.19501948356628418
0.08476758003234863,0.19823765754699707,0.1943373680114746
0.08594083786010742,0.19626545906066895,0.1960461139678955
0.0865931510925293,0.1956329345703125,0.19062209129333496
0.08410000801086426,0.1961963176727295,0.1818540096282959
0.08737373352050781,0.20114755630493164,0.17824029922485352
0.08474874496459961,0.20050859451293945,0.1844959259033203
0.08423113822937012,0.19858694076538086,0.18902993202209473
0.08471941947937012,0.20193696022033691,0.19767260551452637
0.09092998504638672,0.20022320747375488,0.2066349983215332
0.08522653579711914,0.19999957084655762,0.20687389373779297
0.0851447582244873,0.20167016983032227,0.2076115608215332
0.08512377738952637,0.2042245864868164,0.2103567123413086
0.09447503089904785,0.2079923152923584,0.20825862884521484
0.08425378799438477,0.19740629196166992,0.2091071605682373
0.08555102348327637,0.19844770431518555,0.2201368808746338
0.08681130409240723,0.20107293128967285,0.20625066757202148
0.08665275573730469,0.19786429405212402,0.20690703392028809
0.08481669425964355,0.19675564765930176,0.20713448524475098
0.08532023429870605,0.19861817359924316,0.2057790756225586
0.08690190315246582,0.20322704315185547,0.20168375968933105
0.08562111854553223,0.19882535934448242,0.20013904571533203
0.0841834545135498,0.19634270668029785,0.1986534595489502
0.08683061599731445,0.19792723655700684,0.20119094848632812
0.0841212272644043,0.19827675819396973,0.2084805965423584
0.08475852012634277,0.19718027114868164,0.19911432266235352
0.08504605293273926,0.19698286056518555,0.199631929397583
0.08400797843933105,0.198944091796875,0.1993088722229004
0.0852811336517334,0.19833731651306152,0.19720458984375
0.08413505554199219,0.19756102561950684,0.196549654006958
0.08459901809692383,0.19763851165771484,0.19727230072021484
0.08836984634399414,0.1983022689819336,0.19769954681396484
0.0844430923461914,0.1988682746887207,0.199354887008667
0.08401632308959961,0.1982583999633789,0.19689297676086426
0.08476781845092773,0.19887828826904297,0.19847941398620605
0.08989667892456055,0.19873952865600586,0.19817900657653809
0.08596014976501465,0.19963550567626953,0.19965171813964844
0.08790445327758789,0.1986708641052246,0.19759631156921387
0.08472585678100586,0.1998000144958496,0.19836711883544922
0.08471298217773438,0.19858050346374512,0.19833707809448242
0.0852975845336914,0.19721341133117676,0.20016026496887207
0.0841829776763916,0.19743800163269043,0.1984114646911621
0.08504366874694824,0.19887590408325195,0.19756722450256348
0.08416581153869629,0.201155424118042,0.19718456268310547
0.10235404968261719,0.2003161907196045,0.1994929313659668
0.08733797073364258,0.20160269737243652,0.20038104057312012
0.08634185791015625,0.19803571701049805,0.19803524017333984
0.08370232582092285,0.19965004920959473,0.19798946380615234
0.08488202095031738,0.20181059837341309,0.198441743850708
0.08371663093566895,0.20275449752807617,0.19883465766906738
0.08554697036743164,0.19666004180908203,0.20034384727478027
0.084197998046875,0.19771218299865723,0.1983170509338379
0.08614373207092285,0.1971111297607422,0.19727087020874023
0.08353829383850098,0.20026707649230957,0.19910836219787598
0.10648131370544434,0.20137929916381836,0.20039677619934082
0.08443474769592285,0.19977116584777832,0.19791555404663086
0.0829613208770752,0.19911718368530273,0.1992173194885254
0.08469414710998535,0.19881176948547363,0.1995401382446289
0.0877537727355957,0.20998597145080566,0.19936561584472656
0.08532404899597168,0.20532917976379395,0.19827747344970703
0.08514714241027832,0.19933032989501953,0.1979689598083496
0.08639693260192871,0.2025613784790039,0.1978447437286377
0.0848076343536377,0.20020151138305664,0.945793867111206
0.08373236656188965,0.19580483436584473,0.37989354133605957
0.10553288459777832,0.19935059547424316,0.3212127685546875
0.08387589454650879,0.20099997520446777,0.27721333503723145
0.0846860408782959,0.1981508731842041,0.2686905860900879
0.0860440731048584,0.2010204792022705,0.25679802894592285
0.08754611015319824,0.2049410343170166,0.24532032012939453
0.09019994735717773,0.19917821884155273,0.24303221702575684
0.08586454391479492,0.1993579864501953,0.24034404754638672
0.08503055572509766,0.1952347755432129,0.24251484870910645
0.08431196212768555,0.19121646881103516,0.2305586338043213
0.08641505241394043,0.19721245765686035,0.22770166397094727
0.08444619178771973,0.19947052001953125,0.22626113891601562
0.08403611183166504,0.20232939720153809,0.2278904914855957
0.08528470993041992,0.20567822456359863,0.22786283493041992
0.08574318885803223,0.2045600414276123,0.2324526309967041
0.08802270889282227,0.18883395195007324,0.22113513946533203
0.10291910171508789,0.1891310214996338,0.21094512939453125
0.0863654613494873,0.20069646835327148,0.2125227451324463
0.08741998672485352,0.1998453140258789,0.21072888374328613
0.08616971969604492,0.199782133102417,0.21075081825256348
0.08711838722229004,0.20000219345092773,0.22029685974121094
0.0863943099975586,0.20812630653381348,0.2108316421508789
0.08415722846984863,0.19935822486877441,0.21251273155212402
0.09310102462768555,0.19919848442077637,0.2103567123413086
0.08609485626220703,0.19996261596679688,0.21018004417419434
0.08679628372192383,0.202958345413208,0.21115469932556152
0.0867149829864502,0.19086885452270508,0.21083593368530273
0.08514904975891113,0.20251083374023438,0.20167899131774902
0.09090518951416016,0.18995094299316406,0.19153666496276855
0.09256315231323242,0.19130468368530273,0.19310331344604492
0.08430743217468262,0.1881399154663086,0.19467401504516602
0.08416438102722168,0.1938152313232422,0.20254969596862793
0.0854485034942627,0.21632742881774902,0.18751120567321777
0.09710884094238281,0.21388864517211914,0.19907116889953613
0.08600020408630371,0.21137452125549316,0.20102548599243164
0.08472895622253418,0.20957112312316895,0.1927649974822998
0.09441971778869629,0.20436835289001465,0.1984853744506836
0.08443045616149902,0.2039334774017334,0.2055830955505371
0.08602452278137207,0.20664548873901367,0.20823192596435547
0.08459901809692383,0.20334982872009277,0.20312833786010742
0.08527684211730957,0.20154404640197754,0.1919875144958496
0.08443975448608398,0.20363116264343262,0.18600749969482422
0.09555482864379883,0.20308923721313477,0.1838376522064209
0.08666205406188965,0.19983506202697754,0.18661785125732422
0.08540868759155273,0.20286130905151367,0.19183683395385742
0.08866739273071289,0.20345544815063477,0.19770264625549316
0.08670902252197266,0.200927734375,0.19752240180969238
0.08594346046447754,0.2026224136352539,0.19763469696044922
0.08515667915344238,0.20081448554992676,0.19988656044006348
0.08543515205383301,0.19859790802001953,0.19696331024169922
0.08398914337158203,0.19991207122802734,0.1981525421142578
0.0897972583770752,0.20154476165771484,0.20084929466247559
0.0859384536743164,0.19909358024597168,0.19738984107971191
0.08516836166381836,0.20058369636535645,0.19710993766784668
0.08540797233581543,0.20132851600646973,0.19752168655395508
0.08575081825256348,0.19975972175598145,0.20050978660583496
0.09998369216918945,0.19821786880493164,0.20756268501281738
0.08852910995483398,0.20050740242004395,0.1946859359741211
0.08725428581237793,0.20122599601745605,0.19262290000915527
0.09215950965881348,0.2031421661376953,0.19344735145568848
0.08540987968444824,0.20144343376159668,0.19337797164916992
0.08590936660766602,0.20083308219909668,0.1934185028076172
0.08911514282226562,0.19878673553466797,0.19453001022338867
0.10180163383483887,0.1990373134613037,0.19306135177612305
0.0850367546081543,0.1994340419769287,0.19760775566101074
0.08838343620300293,0.2046031951904297,0.19454526901245117
0.08758974075317383,0.19925999641418457,0.1927039623260498
0.09428262710571289,0.2017364501953125,0.19695043563842773
0.08551645278930664,0.20252299308776855,0.19354677200317383
0.08528637886047363,0.2033383846282959,0.1930246353149414
0.08531379699707031,0.2057662010192871,0.18997788429260254
0.09122490882873535,0.2012953758239746,0.1903834342956543
0.09617447853088379,0.20049047470092773,0.18733620643615723
0.08431100845336914,0.19990825653076172,0.1957409381866455
0.08753347396850586,0.20163297653198242,0.19149136543273926
0.08576655387878418,0.20213913917541504,0.19042754173278809
0.08677959442138672,0.19997382164001465,0.19295120239257812
0.08769369125366211,0.19989657402038574,0.19152593612670898
0.08615326881408691,0.20168137550354004,0.1924431324005127
0.08505964279174805,0.20229434967041016,0.18286514282226562
0.09349942207336426,0.20278429985046387,0.17982769012451172
0.1073918342590332,0.20431923866271973,0.17775869369506836
0.08783340454101562,0.202070951461792,0.1896045207977295
0.0860896110534668,0.2051692008972168,0.19339871406555176
0.09885263442993164,0.20829081535339355,0.20520925521850586
0.08488583564758301,0.2003769874572754,0.19570207595825195
0.08531689643859863,0.20093441009521484,0.19293928146362305
0.08524680137634277,0.20267868041992188,0.19349884986877441
0.1027374267578125,0.20279383659362793,0.1932220458984375
0.09330582618713379,0.20343828201293945,0.19365787506103516
0.08756828308105469,0.2012770175933838,0.19443821907043457
0.08528518676757812,0.20244193077087402,0.19275474548339844
0.08492922782897949,0.20203828811645508,0.19471073150634766
0.08628082275390625,0.19922184944152832,0.19677472114562988
0.08477401733398438,0.20059919357299805,0.19318318367004395
0.08741426467895508,0.2031717300415039,0.19311189651489258
0.08533573150634766,0.20254969596862793,0.19400811195373535
0.09397029876708984,0.20131468772888184,0.19388389587402344
0.08605122566223145,0.20036005973815918,0.19533824920654297
0.08756732940673828,0.19928741455078125,0.20204830169677734
0.08740615844726562,0.20018959045410156,0.196058988571167
0.08649086952209473,0.2026376724243164,0.19688796997070312
0.10070085525512695,0.20419740676879883,0.19496750831604004
0.09227824211120605,0.1979680061340332,0.19588255882263184
0.08710289001464844,0.19782328605651855,0.2056434154510498
0.08929777145385742,0.20068120956420898,0.19522881507873535
0.08548259735107422,0.2028193473815918,0.19431185722351074
0.08704638481140137,0.20016145706176758,0.1954798698425293
0.08600330352783203,0.19779276847839355,0.19360828399658203
0.08553886413574219,0.19440770149230957,0.19584965705871582
0.08953332901000977,0.18758392333984375,0.19476866722106934
0.0853729248046875,0.1942741870880127,0.19527316093444824
0.08586931228637695,0.20628595352172852,0.19221973419189453
0.08452510833740234,0.20628881454467773,0.1832118034362793
0.08576822280883789,0.2140359878540039,0.1802046298980713
0.0850820541381836,0.20523428916931152,0.19328570365905762
0.0847160816192627,0.20358586311340332,0.19386959075927734
0.0861959457397461,0.20337200164794922,0.20137310028076172
0.08739161491394043,0.20532441139221191,0.20475411415100098
0.08877706527709961,0.2064192295074463,0.2123548984527588
0.08417558670043945,0.20226693153381348,0.21947598457336426
0.08557701110839844,0.204359769821167,0.21882867813110352
0.084808349609375,0.21386170387268066,0.21794962882995605
0.09067893028259277,0.20448613166809082,0.2109072208404541
0.08638906478881836,0.20192384719848633,0.20850300788879395
0.0850672721862793,0.21050119400024414,0.21098828315734863
0.09058523178100586,0.20382332801818848,0.21521615982055664
0.08528470993041992,0.20047426223754883,0.21207690238952637
0.0871725082397461,0.20032525062561035,0.2074580192565918
0.09142899513244629,0.20024514198303223,0.21160411834716797
0.08516097068786621,0.20248770713806152,0.20598793029785156
0.08836627006530762,0.20095539093017578,0.20496892929077148
0.0879514217376709,0.20052075386047363,0.20201468467712402
0.08646845817565918,0.2015821933746338,0.19905686378479004
0.0852808952331543,0.20456385612487793,0.19992566108703613
0.08443093299865723,0.202040433883667,0.197343111038208
0.08713769912719727,0.20060157775878906,0.19324541091918945
0.10608530044555664,0.20403647422790527,0.19937348365783691
0.08472156524658203,0.20392990112304688,0.19352245330810547
0.08449077606201172,0.20214390754699707,0.19364333152770996
0.08758258819580078,0.20516014099121094,0.202378511428833
0.08713555335998535,0.21216654777526855,0.1979045867919922
0.09811282157897949,0.21749615669250488,0.20502638816833496
0.08734130859375,0.20036959648132324,0.19225382804870605
0.08544063568115234,0.2013411521911621,0.19063305854797363
0.08431005477905273,0.20952129364013672,0.19105148315429688
0.08617329597473145,0.20148682594299316,0.19089198112487793
0.08668947219848633,0.19968175888061523,0.1920175552368164
0.08613967895507812,0.1995837688446045,0.19007468223571777
0.08551764488220215,0.19810867309570312,0.19159603118896484
0.1098947525024414,0.20063495635986328,0.19206929206848145
0.09905195236206055,0.20261192321777344,0.19076180458068848
0.09813380241394043,0.20337629318237305,0.1905384063720703
0.08529806137084961,0.20349955558776855,0.19083285331726074
0.08687543869018555,0.20224857330322266,0.18758177757263184
0.08481073379516602,0.21425604820251465,0.19066786766052246
0.08670759201049805,0.20254206657409668,0.1937732696533203
0.08768701553344727,0.18990778923034668,0.18897080421447754
0.08697366714477539,0.18904376029968262,0.18065142631530762
0.09906363487243652,0.1858673095703125,0.1767578125
0.08632874488830566,0.19213414192199707,0.17920804023742676
0.08386373519897461,0.20296645164489746,0.18663883209228516
0.08496618270874023,0.20599746704101562,0.19273686408996582
0.08750534057617188,0.20653271675109863,0.1940319538116455
0.0881507396697998,0.1957550048828125,0.19545412063598633
0.08708691596984863,0.18596482276916504,0.19616961479187012
0.08637213706970215,0.18543291091918945,0.1968212127685547
0.0960993766784668,0.1891002655029297,0.19399738311767578
0.09728050231933594,0.19746613502502441,0.19359517097473145
0.08545756340026855,0.2027723789215088,0.19316792488098145
0.08774399757385254,0.2078876495361328,0.19378399848937988
0.08704137802124023,0.2061464786529541,0.1937096118927002
0.09356904029846191,0.21338772773742676,0.19648241996765137
0.08693838119506836,0.2163105010986328,0.19477128982543945
0.08686232566833496,0.214493989944458,0.19206500053405762
0.10341954231262207,0.2152118682861328,0.19369006156921387
0.0879058837890625,0.2128744125366211,0.1943356990814209
0.08658337593078613,0.21180009841918945,0.1944122314453125
0.08648133277893066,0.2094893455505371,0.19216132164001465
0.09932088851928711,0.2083144187927246,0.19523882865905762
0.08854198455810547,0.20732331275939941,0.19545912742614746
0.08806610107421875,0.2078852653503418,0.19378304481506348
0.08638262748718262,0.21195721626281738,0.19343256950378418
0.08481431007385254,0.20888280868530273,0.1947472095489502
0.08713531494140625,0.2099599838256836,0.19965600967407227
0.09764337539672852,0.21213984489440918,0.19536685943603516
0.0879054069519043,0.21177339553833008,0.1949021816253662
0.08921599388122559,0.21105694770812988,0.19542407989501953
0.08643007278442383,0.21105647087097168,0.19337701797485352
0.0848090648651123,0.21015071868896484,0.1871039867401123
0.08675575256347656,0.2097456455230713,0.18189716339111328
0.08794713020324707,0.2099616527557373,0.1894078254699707
0.08722186088562012,0.20876145362854004,0.18705034255981445
0.08784842491149902,0.2086493968963623,0.19246816635131836
0.09920978546142578,0.21036481857299805,0.20540976524353027
0.09668993949890137,0.20487689971923828,0.21534514427185059
0.08719205856323242,0.20513486862182617,0.211899995803833
0.08624768257141113,0.20310425758361816,0.21488118171691895
0.08900737762451172,0.20388126373291016,0.2120952606201172
0.08656978607177734,0.20319104194641113,0.213836669921875
0.08647370338439941,0.20296406745910645,0.21553492546081543
0.08771586418151855,0.20475268363952637,0.20750069618225098
0.08536052703857422,0.20533442497253418,0.20615005493164062
0.08674240112304688,0.20308709144592285,0.20161771774291992
0.08713555335998535,0.2040388584136963,0.2000124454498291
0.0862724781036377,0.2049698829650879,0.20043444633483887
0.09813284873962402,0.20308160781860352,0.20111489295959473
0.08649301528930664,0.2041795253753662,0.19876408576965332
0.0865631103515625,0.20526790618896484,0.20014071464538574
0.08785033226013184,0.20662546157836914,0.19972634315490723
0.0884251594543457,0.20764398574829102,0.19811582565307617
0.08576107025146484,0.20517373085021973,0.19661283493041992
0.08497834205627441,0.20252680778503418,0.19584989547729492
0.08700728416442871,0.20398259162902832,0.1940629482269287
0.10528039932250977,0.20785236358642578,0.19402480125427246
0.08736586570739746,0.20408415794372559,0.19939041137695312
0.08666014671325684,0.2036271095275879,0.19041657447814941
0.08743166923522949,0.20634889602661133,0.19137024879455566
0.0859062671661377,0.20339584350585938,0.19028902053833008
0.08656835556030273,0.20355701446533203,0.19427251815795898
0.08678770065307617,0.20460176467895508,0.19330835342407227
0.08479166030883789,0.2044682502746582,0.19987273216247559
0.0842442512512207,0.20582175254821777,0.18936729431152344
0.08352780342102051,0.2073531150817871,0.18410706520080566
0.08794856071472168,0.2023601531982422,0.1766645908355713
0.08814001083374023,0.20781254768371582,0.17901277542114258
0.0855109691619873,0.2050917148590088,0.1843547821044922
0.0861356258392334,0.20397257804870605,0.19103455543518066
0.08604812622070312,0.2080240249633789,0.19408607482910156
0.0985116958618164,0.20580744743347168,0.19502687454223633
0.08678817749023438,0.20627856254577637,0.19648432731628418
0.08544731140136719,0.20204401016235352,0.19289302825927734
0.0843970775604248,0.2084639072418213,0.19391989707946777
0.08802103996276855,0.20003604888916016,0.19369196891784668
0.08729672431945801,0.20179486274719238,0.193556547164917
0.0854043960571289,0.2019815444946289,0.19498777389526367
0.08709526062011719,0.20892643928527832,0.2212209701538086
0.12239670753479004,0.2022087574005127,0.19238066673278809
0.08566832542419434,0.2004845142364502,0.19459867477416992
0.08660745620727539,0.20170307159423828,0.19492053985595703
0.08702397346496582,0.20298242568969727,0.20341801643371582
0.08469939231872559,0.20156526565551758,0.2079319953918457
0.08484864234924316,0.20292377471923828,0.19426870346069336
0.0847020149230957,0.20291519165039062,0.19426226615905762
0.08855366706848145,0.20305752754211426,0.20192527770996094
0.0936884880065918,0.21241021156311035,0.19535541534423828
0.10996031761169434,0.20540237426757812,0.19381213188171387
0.09595036506652832,0.204193115234375,0.19479656219482422
0.08634281158447266,0.2021806240081787,0.19708824157714844
0.0846405029296875,0.20246672630310059,0.19333696365356445
0.08854126930236816,0.20990610122680664,0.19436264038085938
0.08718156814575195,0.20189142227172852,0.19429445266723633
0.08703207969665527,0.1990070343017578,0.19381952285766602
0.0876016616821289,0.2009141445159912,0.19350790977478027
0.08590483665466309,0.20363998413085938,0.1939530372619629
0.08575320243835449,0.20653867721557617,0.1934201717376709
0.08620262145996094,0.20418381690979004,0.19500255584716797
0.08899807929992676,0.20319437980651855,0.20101428031921387
0.08582925796508789,0.20124316215515137,0.19279694557189941
0.08476448059082031,0.20125985145568848,0.19396281242370605
0.08419275283813477,0.1971285343170166,0.19441962242126465
0.08749651908874512,0.18674087524414062,0.19432425498962402
0.08690118789672852,0.1860811710357666,0.20296168327331543
0.08764958381652832,0.18714451789855957,0.19498443603515625
0.0849461555480957,0.1845378875732422,0.19419145584106445
0.08678531646728516,0.19678568840026855,0.19382095336914062
0.08552241325378418,0.21811699867248535,0.19632601737976074
0.0897989273071289,0.21677923202514648,0.19553732872009277
0.09043049812316895,0.21634125709533691,0.22412633895874023
0.08660674095153809,0.21899628639221191,0.21613335609436035
0.08487558364868164,0.21538066864013672,0.21550941467285156
0.08971333503723145,0.2139756679534912,0.2148427963256836
0.08628177642822266,0.21013951301574707,0.21656131744384766
0.08525443077087402,0.20792508125305176,0.21454691886901855
0.08870887756347656,0.21610426902770996,0.21451210975646973
0.08558511734008789,0.20753765106201172,0.21753573417663574
0.08632636070251465,0.2084958553314209,0.21463394165039062
0.08721542358398438,0.21109843254089355,0.22094011306762695
0.09387016296386719,0.207258939743042,0.2135016918182373
0.08781003952026367,0.20618319511413574,0.2147538661956787
0.10152745246887207,0.20937514305114746,0.21694111824035645
0.0954446792602539,0.21334266662597656,0.21727561950683594
0.08571910858154297,0.20752334594726562,0.21567845344543457
0.0862739086151123,0.2073836326599121,0.21653485298156738
0.08688545227050781,0.20956778526306152,0.21655988693237305
0.08586311340332031,0.20853519439697266,0.21711468696594238
0.08573150634765625,0.20925164222717285,0.2156076431274414
0.09372067451477051,0.20783376693725586,0.21680998802185059
0.08539986610412598,0.2076253890991211,0.21894526481628418
0.08707714080810547,0.20694780349731445,0.20043706893920898
0.08729100227355957,0.20696139335632324,0.190781831741333
0.08736014366149902,0.2077958583831787,0.18371272087097168
0.08427143096923828,0.2062976360321045,0.1826624870300293
0.09384608268737793,0.20662450790405273,0.1963176727294922
0.08723640441894531,0.20383119583129883,0.19228601455688477
0.08558511734008789,0.20402789115905762,0.19712138175964355
0.08664894104003906,0.20664167404174805,0.21069598197937012
0.09564542770385742,0.20701360702514648,0.2241959571838379
0.08593463897705078,0.2032182216644287,0.21915531158447266
0.08716011047363281,0.20369553565979004,0.2024393081665039
0.08833622932434082,0.20470380783081055,0.1928722858428955
0.09229254722595215,0.20447134971618652,0.18340539932250977
0.08487725257873535,0.20261168479919434,0.18542027473449707
0.09697461128234863,0.20290207862854004,0.19192957878112793
0.08505630493164062,0.20388531684875488,0.19401907920837402
0.08655834197998047,0.20906519889831543,0.20130085945129395
0.0860128402709961,0.2035984992980957,0.21439623832702637
0.08534002304077148,0.20310401916503906,0.22997403144836426
0.08646655082702637,0.20736980438232422,0.21987462043762207
0.11020636558532715,0.20349550247192383,0.2222750186920166
0.0842123031616211,0.20267248153686523,0.2124166488647461
0.08618640899658203,0.2037642002105713,0.21247410774230957
0.08500313758850098,0.2019345760345459,0.21227169036865234
0.08560895919799805,0.20351672172546387,0.21171021461486816
0.08768129348754883,0.20227789878845215,0.2120952606201172
0.08744025230407715,0.20343708992004395,0.20963239669799805
0.08621573448181152,0.2044997215270996,0.20614171028137207
0.0922083854675293,0.21311736106872559,0.20257091522216797
0.08563232421875,0.20102667808532715,0.20340609550476074
0.09225726127624512,0.20339393615722656,0.19964838027954102
0.08765840530395508,0.20422577857971191,0.1972336769104004
0.08532929420471191,0.20161080360412598,0.19655346870422363
0.08631038665771484,0.20359230041503906,0.19623160362243652
0.08729100227355957,0.20247340202331543,0.20920658111572266
0.08873105049133301,0.21534013748168945,0.1950831413269043
0.08649897575378418,0.20502710342407227,0.19279789924621582
0.08527159690856934,0.20700454711914062,0.1947026252746582
0.0850975513458252,0.2099776268005371,0.19446492195129395
0.08919429779052734,0.2008512020111084,0.19643139839172363
0.08727598190307617,0.1995222568511963,0.19335627555847168
0.08780550956726074,0.20322942733764648,0.19301652908325195
0.08395147323608398,0.20095300674438477,0.1924290657043457
0.08576273918151855,0.20014500617980957,0.19142556190490723
0.09249281883239746,0.20025205612182617,0.19323134422302246
0.08611130714416504,0.20006608963012695,0.19259119033813477
0.08720159530639648,0.20171594619750977,0.19493985176086426
0.0852963924407959,0.20366930961608887,0.1905193328857422
0.08594274520874023,0.2044212818145752,0.20505261421203613
0.11286640167236328,0.2077775001525879,0.19255375862121582
0.08713936805725098,0.20471835136413574,0.18977808952331543
0.09467649459838867,0.20280981063842773,0.1931767463684082
0.0882422924041748,0.20371222496032715,0.19377541542053223
0.08594441413879395,0.20276474952697754,0.19223833084106445
0.08790445327758789,0.20354628562927246,0.1925511360168457
0.09009838104248047,0.20406484603881836,0.18846535682678223
0.08903622627258301,0.20433616638183594,0.19013214111328125
0.08610415458679199,0.20368027687072754,0.19320058822631836
0.08708930015563965,0.20549798011779785,0.1927475929260254
0.1153709888458252,0.205643892288208,0.1934959888458252
0.08756041526794434,0.204819917678833,0.19387030601501465
0.08650422096252441,0.20328783988952637,0.18916964530944824
0.08780527114868164,0.2022535800933838,0.18471527099609375
0.09663605690002441,0.20280218124389648,0.18640398979187012
0.08539772033691406,0.21148967742919922,0.1867067813873291
0.08603835105895996,0.20192694664001465,0.19350242614746094
0.08805394172668457,0.20328354835510254,0.1924266815185547
0.0861656665802002,0.20370817184448242,0.19334721565246582
0.08785796165466309,0.202833890914917,0.19298267364501953
0.08607172966003418,0.2034313678741455,0.19340038299560547
0.08641529083251953,0.1954514980316162,0.19298410415649414
0.08695816993713379,0.18785572052001953,0.19318366050720215
0.0863804817199707,0.18520283699035645,0.19522380828857422
0.0975341796875,0.1850597858428955,0.20289182662963867
0.08481168746948242,0.18931865692138672,0.19373416900634766
0.08397030830383301,0.20277166366577148,0.19338178634643555
0.08694052696228027,0.21343636512756348,0.1938326358795166
0.08742666244506836,0.21003031730651855,0.19397997856140137
0.0881953239440918,0.20832490921020508,0.19401907920837402
0.08820891380310059,0.2102375030517578,0.19349932670593262
0.09869813919067383,0.21007037162780762,0.19677400588989258
0.09383726119995117,0.20918917655944824,0.19545364379882812
0.08427858352661133,0.20966053009033203,0.20154047012329102
0.08607649803161621,0.2103407382965088,0.19713735580444336
0.08742833137512207,0.21028375625610352,0.19717764854431152
0.08475875854492188,0.20966172218322754,0.199141263961792
0.1029367446899414,0.20940160751342773,0.2077805995941162
0.08581709861755371,0.20923852920532227,0.20780563354492188
0.08609223365783691,0.2093498706817627,0.20807170867919922
0.08702254295349121,0.21042084693908691,0.2148730754852295
0.09507274627685547,0.21230268478393555,0.20901250839233398
0.08449435234069824,0.2089557647705078,0.20767903327941895
0.08773231506347656,0.211777925491333,0.20940685272216797
0.11141085624694824,0.22169828414916992,0.21381211280822754
0.08721399307250977,0.21125173568725586,0.20816421508789062
0.08597564697265625,0.21166610717773438,0.20032405853271484
0.08462333679199219,0.21613311767578125,0.1906578540802002
0.08792471885681152,0.20933866500854492,0.1829371452331543
0.08664512634277344,0.2109835147857666,0.1911005973815918
0.08994054794311523,0.2083885669708252,0.19485044479370117
0.08586764335632324,0.20802736282348633,0.20455121994018555
0.08681106567382812,0.20990562438964844,0.22834253311157227
0.08776378631591797,0.20641303062438965,0.24039769172668457
0.08592748641967773,0.20526480674743652,0.23970723152160645
0.08530879020690918,0.2074742317199707,0.24067282676696777
0.0846257209777832,0.20337343215942383,0.23843121528625488
0.08709192276000977,0.20636987686157227,0.23857426643371582
0.0889120101928711,0.20883989334106445,0.23557472229003906
0.09117603302001953,0.20702910423278809,0.23831844329833984
0.08465766906738281,0.20496129989624023,0.225754976272583
0.08691978454589844,0.20373225212097168,0.22404861450195312
0.08698701858520508,0.2052457332611084,0.22588348388671875
0.09214067459106445,0.2064974308013916,0.23522663116455078
0.08640122413635254,0.20775151252746582,0.22548222541809082
0.08670496940612793,0.20650434494018555,0.2240619659423828
0.08797097206115723,0.20563364028930664,0.21538496017456055
0.08590292930603027,0.2034134864807129,0.20842480659484863
0.08453512191772461,0.21466875076293945,0.20528244972229004
0.09084415435791016,0.20405030250549316,0.20270490646362305
0.08799529075622559,0.2035658359527588,0.19704890251159668
0.08591032028198242,0.20282244682312012,0.19706201553344727
0.08847761154174805,0.20176100730895996,0.19628334045410156
0.0963125228881836,0.19362926483154297,0.19527983665466309
0.08676671981811523,0.1912841796875,0.19347476959228516
0.08787131309509277,0.19562911987304688,0.19063758850097656
0.08836722373962402,0.1977400779724121,0.19161343574523926
0.0879976749420166,0.2017345428466797,0.1938772201538086
0.11029314994812012,0.20038509368896484,0.19281005859375
0.09775710105895996,0.19934582710266113,0.19390320777893066
0.08507752418518066,0.1950063705444336,0.1939253807067871
0.08589673042297363,0.19600963592529297,0.19179677963256836
0.08658146858215332,0.2008657455444336,0.1837916374206543
0.08656692504882812,0.21053600311279297,0.17938899993896484
0.08868741989135742,0.20418262481689453,0.17897915840148926
0.0866847038269043,0.2014622688293457,0.18320441246032715
0.08892178535461426,0.19656586647033691,0.1905527114868164
0.0918738842010498,0.18932414054870605,0.19568610191345215
0.08696365356445312,0.18557977676391602,0.2005314826965332
0.08765697479248047,0.19046592712402344,0.19326114654541016
0.0881350040435791,0.19532513618469238,0.19391298294067383
0.08893847465515137,0.19268393516540527,0.19304323196411133
0.08693480491638184,0.19655132293701172,0.1945176124572754
0.08607769012451172,0.19942688941955566,0.1950368881225586
0.08685684204101562,0.20123934745788574,0.1926283836364746
0.08719134330749512,0.21329164505004883,0.1934499740600586
0.08613777160644531,0.20963478088378906,0.19356727600097656
0.08827543258666992,0.2111339569091797,0.19195199012756348
0.08760237693786621,0.2174360752105713,0.19232821464538574
0.08555865287780762,0.21364617347717285,0.1928563117980957
0.0886387825012207,0.22631072998046875,0.1940157413482666
0.08700227737426758,0.21968650817871094,0.1949918270111084
0.08496785163879395,0.22287893295288086,0.19391751289367676
0.08885693550109863,0.21500229835510254,0.1940615177154541
0.08801913261413574,0.21547245979309082,0.19582748413085938
0.0888509750366211,0.21719574928283691,0.19910430908203125
0.08640909194946289,0.21579766273498535,0.19475650787353516
0.09662699699401855,0.21757197380065918,0.1949443817138672
0.0842597484588623,0.21684670448303223,0.19457554817199707
0.08684945106506348,0.21637940406799316,0.19915246963500977
0.08476376533508301,0.21886491775512695,0.20647525787353516
0.10695481300354004,0.21373677253723145,0.20069074630737305
0.08608031272888184,0.21283173561096191,0.19326257705688477
0.08760499954223633,0.21270203590393066,0.19534778594970703
0.08659768104553223,0.21146273612976074,0.2419147491455078
0.08612465858459473,0.21239256858825684,0.2403411865234375
0.08670997619628906,0.21452832221984863,0.2417135238647461
0.08583903312683105,0.2122952938079834,0.24466490745544434
0.08474850654602051,0.21215510368347168,0.23963594436645508
0.08795046806335449,0.21275901794433594,0.22916030883789062
0.1003110408782959,0.21189165115356445,0.22702980041503906
0.08542799949645996,0.2102501392364502,0.2293379306793213
0.08661365509033203,0.21372294425964355,0.2270348072052002
0.08610701560974121,0.21126246452331543,0.22873830795288086
0.08984375,0.21381115913391113,0.22798538208007812
0.08650088310241699,0.21034550666809082,0.2274160385131836
0.08630228042602539,0.20807480812072754,0.22842669486999512
0.08531570434570312,0.21769332885742188,0.23184418678283691
0.0859992504119873,0.20827436447143555,0.2415006160736084
0.08707380294799805,0.20569086074829102,0.2309246063232422
0.08969688415527344,0.20868539810180664,0.2279071807861328
0.08774280548095703,0.20627450942993164,0.22716355323791504
0.08790063858032227,0.2074878215789795,0.22795939445495605
0.0853126049041748,0.21012282371520996,0.23055481910705566
0.08680129051208496,0.2077493667602539,0.22672581672668457
0.10426735877990723,0.21505451202392578,0.22891020774841309
0.08677029609680176,0.20919418334960938,0.23055243492126465
0.08953642845153809,0.20893502235412598,0.22865676879882812
0.08916044235229492,0.21230030059814453,0.22963929176330566
0.08713769912719727,0.20501232147216797,0.22719645500183105
0.08744573593139648,0.20621919631958008,0.22800922393798828
0.08621978759765625,0.20694446563720703,0.22908782958984375
0.0852503776550293,0.20598959922790527,0.22805404663085938
0.08598637580871582,0.20789098739624023,0.22998785972595215
0.09330415725708008,0.21176862716674805,0.22534561157226562
0.08886909484863281,0.2070159912109375,0.22686386108398438
0.08663225173950195,0.20520782470703125,0.22733592987060547
0.08491969108581543,0.21034741401672363,0.22762823104858398
0.08925247192382812,0.20536375045776367,0.22826743125915527
0.08753728866577148,0.20776939392089844,0.23046183586120605
0.09669113159179688,0.20654606819152832,0.22608351707458496
0.0874185562133789,0.20821881294250488,0.22864198684692383
0.08492016792297363,0.2049098014831543,0.22733736038208008
0.08633756637573242,0.20422911643981934,0.22803139686584473
0.08771514892578125,0.20592927932739258,0.22612738609313965
0.08805394172668457,0.2065291404724121,0.23938894271850586
0.08560299873352051,0.20453906059265137,0.2388925552368164
0.08655810356140137,0.21199274063110352,0.23638010025024414
0.08811593055725098,0.20273351669311523,0.21219873428344727
0.08656883239746094,0.20272040367126465,0.258739709854126
0.09069108963012695,0.20544934272766113,0.2619657516479492
0.08722734451293945,0.20858407020568848,0.2595555782318115
0.0874936580657959,0.2041792869567871,0.2613813877105713
0.08775186538696289,0.1882946491241455,0.26540446281433105
0.09201526641845703,0.18482327461242676,0.26314306259155273
0.08455348014831543,0.19133591651916504,0.26227855682373047
0.09961462020874023,0.19887804985046387,0.2641794681549072
0.08903694152832031,0.20067906379699707,0.26041412353515625
0.08687305450439453,0.2001478672027588,0.2581517696380615
0.08749723434448242,0.20118451118469238,0.26114797592163086
0.08763980865478516,0.20699763298034668,0.26057934761047363
0.08504748344421387,0.19934439659118652,0.26372265815734863
0.08807611465454102,0.1995692253112793,0.26161980628967285
0.0868375301361084,0.1984081268310547,0.2608299255371094
0.08693122863769531,0.18897390365600586,0.2624673843383789
0.08757925033569336,0.20122265815734863,0.26725006103515625
0.0865786075592041,0.2023153305053711,0.2633540630340576
0.09084248542785645,0.20484542846679688,0.2631256580352783
0.08702588081359863,0.20565557479858398,0.2599797248840332
0.0912623405456543,0.20360469818115234,0.2622060775756836
0.11835598945617676,0.1869966983795166,0.2640655040740967
0.08680462837219238,0.1902177333831787,0.2620711326599121
0.09235715866088867,0.19946527481079102,0.26067399978637695
0.08780169486999512,0.2008516788482666,0.26134800910949707
0.0865013599395752,0.20050930976867676,0.26113271713256836
0.08725261688232422,0.19969677925109863,0.2616133689880371
0.08786463737487793,0.20696091651916504,0.2605011463165283
0.08494329452514648,0.2035083770751953,0.25905585289001465
0.08655047416687012,0.19748973846435547,0.2605011463165283
0.1076817512512207,0.1877765655517578,0.2653365135192871
0.08576750755310059,0.18812227249145508,0.26358747482299805
0.08620333671569824,0.1921861171722412,0.261505126953125
0.08829832077026367,0.20180678367614746,0.2610933780670166
0.08681416511535645,0.21993088722229004,0.2614772319793701
0.08863091468811035,0.2192833423614502,0.26065564155578613
0.08834362030029297,0.20732355117797852,0.2617344856262207
0.08689188957214355,0.20029497146606445,0.2626307010650635
0.08675360679626465,0.20143508911132812,0.2625393867492676
0.08649539947509766,0.20322608947753906,0.2618567943572998
0.08591651916503906,0.22671079635620117,0.2622244358062744
0.09794425964355469,0.23117589950561523,0.2624661922454834
0.08761215209960938,0.23013710975646973,0.2624504566192627
0.09799885749816895,0.23054170608520508,0.2635171413421631
0.08702778816223145,0.23134374618530273,0.2635490894317627
0.08552765846252441,0.22995829582214355,0.26242685317993164
0.10517597198486328,0.22487878799438477,0.2626776695251465
0.08610224723815918,0.22686338424682617,0.26085376739501953
0.08689165115356445,0.22428488731384277,0.2629215717315674
0.08599710464477539,0.2231454849243164,0.26270413398742676
0.08715534210205078,0.22479748725891113,0.26194238662719727
0.08728337287902832,0.22774362564086914,0.2639474868774414
0.08649349212646484,0.2267897129058838,0.2639286518096924
0.08522963523864746,0.21864652633666992,0.2604942321777344
0.08883428573608398,0.22100162506103516,0.2612588405609131
0.08919644355773926,0.2195417881011963,0.26096129417419434
0.08762168884277344,0.22051644325256348,0.2635819911956787
0.08614206314086914,0.2284221649169922,0.2605617046356201
0.08711767196655273,0.21839451789855957,0.2619764804840088
0.1111457347869873,0.22057271003723145,0.2639131546020508
0.08718156814575195,0.21611571311950684,0.2613654136657715
0.08527660369873047,0.21823620796203613,0.26212549209594727
0.08662915229797363,0.21433115005493164,0.26337695121765137
0.08739948272705078,0.21472692489624023,0.25998783111572266
0.08960962295532227,0.2159876823425293,0.26260876655578613
0.08935070037841797,0.21373343467712402,0.2630748748779297
0.08888745307922363,0.21978998184204102,0.262357234954834
0.08750081062316895,0.21467876434326172,0.26361608505249023
0.08630847930908203,0.21761584281921387,0.2605628967285156
0.08588218688964844,0.21519064903259277,0.26339054107666016
0.08712911605834961,0.21227598190307617,0.26181864738464355
0.08671212196350098,0.21161866188049316,0.26425957679748535
0.08831095695495605,0.20864605903625488,0.2625620365142822
0.0865178108215332,0.2081136703491211,0.2633090019226074
0.08702588081359863,0.20668935775756836,0.2633695602416992
0.0867469310760498,0.2202014923095703,0.26494312286376953
0.08612179756164551,0.2087702751159668,0.2624986171722412
0.08864974975585938,0.20933175086975098,0.2657783031463623
0.08682036399841309,0.20780372619628906,0.2606537342071533
0.08753466606140137,0.2091977596282959,0.22423577308654785
0.08892154693603516,0.21189093589782715,0.3510575294494629
0.08649873733520508,0.2076408863067627,0.3752462863922119
0.08873796463012695,0.2092287540435791,0.3729360103607178
0.08677530288696289,0.20769071578979492,0.3711516857147217
0.08584094047546387,0.21001410484313965,0.3682827949523926
0.08665323257446289,0.2041606903076172,0.3367481231689453
0.0860741138458252,0.20622849464416504,0.3330862522125244
0.08742904663085938,0.20367765426635742,0.32616233825683594
0.0870213508605957,0.20315194129943848,0.3016171455383301
0.08823227882385254,0.2159121036529541,0.30072951316833496
0.08529782295227051,0.20501017570495605,0.27757978439331055
0.08527636528015137,0.20688509941101074,0.2739236354827881
0.0872194766998291,0.20626282691955566,0.2739121913909912
0.08681011199951172,0.2052316665649414,0.27385711669921875
0.0851297378540039,0.20998716354370117,0.2753634452819824
0.08875179290771484,0.20460963249206543,0.27500057220458984
0.08802986145019531,0.20870542526245117,0.2772202491760254
0.08931326866149902,0.20379924774169922,0.2757139205932617
0.08486270904541016,0.18521595001220703,0.25934624671936035
0.08649539947509766,0.18413949012756348,0.2591826915740967
0.08608317375183105,0.2062397003173828,0.25796008110046387
0.08729410171508789,0.1987898349761963,0.25666260719299316
0.08675599098205566,0.20145702362060547,0.25760793685913086
0.08626842498779297,0.19976806640625,0.2552919387817383
0.08616971969604492,0.20343995094299316,0.21916699409484863
0.09855508804321289,0.21407771110534668,0.19524240493774414
0.08640885353088379,0.19961023330688477,0.19484519958496094
0.08742713928222656,0.1911776065826416,0.19444942474365234
0.08817815780639648,0.18582749366760254,0.1925489902496338
0.09379911422729492,0.18356657028198242,0.1893599033355713
0.10083675384521484,0.19191956520080566,0.20677852630615234
0.08576583862304688,0.19937944412231445,0.22313165664672852
0.0880124568939209,0.2247772216796875,0.21309185028076172
0.10668730735778809,0.25100135803222656,0.2910726070404053
0.09859561920166016,0.24849295616149902,0.2993907928466797
0.08746051788330078,0.24892044067382812,0.3135261535644531
0.08592796325683594,0.24031996726989746,0.31281518936157227
0.08621001243591309,0.23125696182250977,0.3087184429168701
0.08505511283874512,0.22320199012756348,0.3106396198272705
0.0933387279510498,0.22125625610351562,0.3151261806488037
0.08850288391113281,0.22207999229431152,0.3100106716156006
0.0867619514465332,0.22344422340393066,0.2959291934967041
0.08743453025817871,0.23364734649658203,0.2817533016204834
0.0865318775177002,0.2192540168762207,0.2572908401489258
0.08824610710144043,0.21337080001831055,0.2456989288330078
0.0879824161529541,0.21054840087890625,0.23401331901550293
0.08825135231018066,0.21121883392333984,0.22884893417358398
0.09728240966796875,0.21099448204040527,0.21936273574829102
0.08718228340148926,0.21136713027954102,0.21109366416931152
0.0868227481842041,0.21184778213500977,0.2062063217163086
0.0861654281616211,0.21146392822265625,0.20742344856262207
0.0938112735748291,0.2106478214263916,0.20504021644592285
0.08907222747802734,0.21087288856506348,0.2050776481628418
0.08566880226135254,0.21056103706359863,0.20231986045837402
0.08800768852233887,0.2096543312072754,0.20044684410095215
0.09937167167663574,0.21514391899108887,0.20272254943847656
0.08676409721374512,0.21057868003845215,0.1954813003540039
0.08709526062011719,0.20922374725341797,0.19509196281433105
0.0895533561706543,0.21200156211853027,0.19511818885803223
0.09060788154602051,0.2128586769104004,0.19527697563171387
0.09114980697631836,0.20920324325561523,0.19932126998901367
0.08630108833312988,0.2089550495147705,0.19935131072998047
0.08487081527709961,0.21016740798950195,0.19559478759765625
0.08641338348388672,0.21513938903808594,0.198319673538208
0.08823204040527344,0.21010851860046387,0.19541287422180176
0.09046506881713867,0.2117612361907959,0.19620394706726074
0.09107780456542969,0.20848345756530762,0.19704461097717285
0.09071469306945801,0.20883655548095703,0.2007746696472168
0.08784246444702148,0.21065425872802734,0.19419360160827637
0.0873723030090332,0.2080996036529541,0.19583702087402344
0.08740758895874023,0.207991361618042,0.19580721855163574
0.08741521835327148,0.20952057838439941,0.19558978080749512
0.08696413040161133,0.20624351501464844,0.1966092586517334
0.0878293514251709,0.20715022087097168,0.20586824417114258
0.08814501762390137,0.2076876163482666,0.19639182090759277
0.08497190475463867,0.21361207962036133,0.19451689720153809
0.08669590950012207,0.2098696231842041,0.19615983963012695
0.08933258056640625,0.20923447608947754,0.20386481285095215
0.10301685333251953,0.2111971378326416,0.20635294914245605
0.08786463737487793,0.20855188369750977,0.20049166679382324
0.08964776992797852,0.20924830436706543,0.1970992088317871
0.08907604217529297,0.20987725257873535,0.1946561336517334
0.08952975273132324,0.20602202415466309,0.19387125968933105
0.08680891990661621,0.20761370658874512,0.19459056854248047
0.08896636962890625,0.20725011825561523,0.19382190704345703
0.08688211441040039,0.2067861557006836,0.19637227058410645
0.08867907524108887,0.20774292945861816,0.19347476959228516
0.0883798599243164,0.21581315994262695,0.19976592063903809
0.0921332836151123,0.20673227310180664,0.19624090194702148
0.08552289009094238,0.20673489570617676,0.19626545906066895
0.08783841133117676,0.21525931358337402,0.19585180282592773
0.0879216194152832,0.20534467697143555,0.19599676132202148
0.10227394104003906,0.20534110069274902,0.1966400146484375
0.08881497383117676,0.20563197135925293,0.19693493843078613
0.08787274360656738,0.2057957649230957,0.21408510208129883
0.08795285224914551,0.20663690567016602,0.21352219581604004
0.09878301620483398,0.204620361328125,0.21240472793579102
0.08539962768554688,0.1873476505279541,0.21381688117980957
0.08559656143188477,0.1848442554473877,0.21227216720581055
0.08762717247009277,0.18710803985595703,0.21837067604064941
