0.14488601684570312,0.2418076992034912,0.2028191089630127
0.10141539573669434,0.17801427841186523,0.17314958572387695
0.09772729873657227,0.17980170249938965,0.16252779960632324
0.08968591690063477,0.17885780334472656,0.16799283027648926
0.08053731918334961,0.17610979080200195,0.16660714149475098
0.09447050094604492,0.17354917526245117,0.1712963581085205
0.11002564430236816,0.1768031120300293,0.16884183883666992
0.0825338363647461,0.17772936820983887,0.17995905876159668
0.08338117599487305,0.1749720573425293,0.16742444038391113
0.08376240730285645,0.17608904838562012,0.16524887084960938
0.10764241218566895,0.17445802688598633,0.1686875820159912
0.08168530464172363,0.17458176612854004,0.16769623756408691
0.0832972526550293,0.17616772651672363,0.16750073432922363
0.08464765548706055,0.1772754192352295,0.1676478385925293
0.08337759971618652,0.17561578750610352,0.16754937171936035
0.09409904479980469,0.17572832107543945,0.16876626014709473
0.09346747398376465,0.17693376541137695,0.16780948638916016
0.08162951469421387,0.1781752109527588,0.16834783554077148
0.09098696708679199,0.17783856391906738,0.1689302921295166
0.09662008285522461,0.1748354434967041,0.1743946075439453
0.11285281181335449,0.17505741119384766,0.17346835136413574
0.09396600723266602,0.17504262924194336,0.17081165313720703
0.08100485801696777,0.1773066520690918,0.16902542114257812
0.08995962142944336,0.17610979080200195,0.17153549194335938
0.08338141441345215,0.1780233383178711,0.16965174674987793
0.08372998237609863,0.17557787895202637,0.16929864883422852
0.08199667930603027,0.17581605911254883,0.16859054565429688
0.08585715293884277,0.17476797103881836,0.16912198066711426
0.10496878623962402,0.17594265937805176,0.1689598560333252
0.08054852485656738,0.1764218807220459,0.16848516464233398
0.082916259765625,0.176375150680542,0.1692674160003662
0.08146119117736816,0.177565336227417,0.1683943271636963
0.08314108848571777,0.17925739288330078,0.16901469230651855
0.09073877334594727,0.17950057983398438,0.1681663990020752
0.08329558372497559,0.1771249771118164,0.1691882610321045
0.0822439193725586,0.17450284957885742,0.16791963577270508
0.08090090751647949,0.17540407180786133,0.16847586631774902
0.08050537109375,0.175797700881958,0.1684715747833252
0.0809016227722168,0.17583274841308594,0.16855382919311523
0.08072876930236816,0.17725634574890137,0.16816139221191406
0.08131957054138184,0.17740321159362793,0.16811180114746094
0.08214616775512695,0.1775059700012207,0.16855192184448242
0.08724498748779297,0.1779346466064453,0.17093682289123535
0.09451055526733398,0.17787981033325195,0.17447948455810547
0.09336185455322266,0.17656683921813965,0.1700906753540039
0.08800148963928223,0.17703008651733398,0.1687619686126709
0.08358478546142578,0.1757338047027588,0.17139601707458496
0.08040142059326172,0.17938685417175293,0.17073845863342285
0.08213114738464355,0.17546892166137695,0.17874860763549805
0.08057618141174316,0.17846465110778809,0.1743621826171875
0.08098340034484863,0.1884293556213379,0.17210865020751953
0.08272528648376465,0.17749428749084473,0.16905903816223145
0.08320975303649902,0.1786179542541504,0.1682603359222412
0.08178877830505371,0.18013525009155273,0.1689155101776123
0.09417581558227539,0.18656015396118164,0.16861701011657715
0.09102392196655273,0.17505574226379395,0.16928315162658691
0.08287811279296875,0.17510247230529785,0.16929292678833008
0.08044624328613281,0.17868733406066895,0.16944146156311035
0.08084702491760254,0.17729544639587402,0.1687018871307373
0.08159184455871582,0.18051719665527344,0.16901755332946777
0.08156991004943848,0.1782214641571045,0.16978788375854492
0.08177304267883301,0.1773204803466797,0.1705150604248047
0.10459399223327637,0.17859196662902832,0.16988420486450195
0.08138871192932129,0.17885160446166992,0.17197871208190918
0.08890557289123535,0.17760658264160156,0.17087697982788086
0.09255838394165039,0.1779482364654541,0.17078447341918945
0.09471559524536133,0.1783757209777832,0.17743587493896484
0.09864163398742676,0.17596220970153809,0.17189288139343262
0.09974241256713867,0.17659568786621094,0.16982793807983398
0.09324932098388672,0.17859697341918945,0.1730496883392334
0.10258984565734863,0.17872238159179688,0.17508625984191895
0.0820775032043457,0.18830013275146484,0.1724257469177246
0.08499693870544434,0.1766672134399414,0.16924571990966797
0.09596562385559082,0.17827725410461426,0.17020893096923828
0.08426642417907715,0.1775515079498291,0.16915225982666016
0.09452676773071289,0.17698454856872559,0.16949939727783203
0.09917902946472168,0.1782519817352295,0.16926836967468262
0.08171772956848145,0.17973709106445312,0.16773533821105957
0.09399819374084473,0.1770775318145752,0.17070508003234863
0.08114457130432129,0.17911243438720703,0.1705176830291748
0.08459782600402832,0.17646265029907227,0.16999411582946777
0.08250880241394043,0.17709112167358398,0.1706252098083496
0.08379006385803223,0.17990422248840332,0.16984939575195312
0.08215069770812988,0.17941784858703613,0.1695249080657959
0.08575797080993652,0.17830181121826172,0.1701502799987793
0.08537769317626953,0.17695975303649902,0.16997075080871582
0.08254170417785645,0.17637372016906738,0.17035984992980957
0.0821080207824707,0.17713308334350586,0.17141485214233398
0.08171224594116211,0.17673039436340332,0.1709120273590088
0.08273053169250488,0.17699885368347168,0.17009854316711426
0.0845794677734375,0.17632150650024414,0.1706693172454834
0.08295607566833496,0.17695999145507812,0.1731281280517578
0.08353328704833984,0.1766054630279541,0.17297625541687012
0.08287286758422852,0.17753887176513672,0.17264533042907715
0.08336138725280762,0.1808476448059082,0.17473721504211426
0.08352494239807129,0.1808946132659912,0.171220064163208
0.09311747550964355,0.17885518074035645,0.17117619514465332
0.08677840232849121,0.17785978317260742,0.1699516773223877
0.09129023551940918,0.1782093048095703,0.16934609413146973
0.0853724479675293,0.17778706550598145,0.1700291633605957
0.10522675514221191,0.1795811653137207,0.16988134384155273
0.08301591873168945,0.17850494384765625,0.1709892749786377
0.08291482925415039,0.17878150939941406,0.17169618606567383
0.09566926956176758,0.1798877716064453,0.17119598388671875
0.08720755577087402,0.18049192428588867,0.17293286323547363
0.09480404853820801,0.17804598808288574,0.1755669116973877
0.08504366874694824,0.17720842361450195,0.17122578620910645
0.09354877471923828,0.17722702026367188,0.17061829566955566
0.10395264625549316,0.17949819564819336,0.17200827598571777
0.0839846134185791,0.17790746688842773,0.17092132568359375
0.09203600883483887,0.1780238151550293,0.1712779998779297
0.09672784805297852,0.17941737174987793,0.17159223556518555
0.08530378341674805,0.17727208137512207,0.1722877025604248
0.09292864799499512,0.17866158485412598,0.17156648635864258
0.09252190589904785,0.18195223808288574,0.17082428932189941
0.09626007080078125,0.1890544891357422,0.1711106300354004
0.08762574195861816,0.18175721168518066,0.17006134986877441
0.0838167667388916,0.17918610572814941,0.1825881004333496
0.08258485794067383,0.17945384979248047,0.17192625999450684
0.08286499977111816,0.1799328327178955,0.1715259552001953
0.08197331428527832,0.18930435180664062,0.17226171493530273
0.08208990097045898,0.17882156372070312,0.17082428932189941
0.08361101150512695,0.17827129364013672,0.17142367362976074
0.0968935489654541,0.18029141426086426,0.17105555534362793
0.08483433723449707,0.1798114776611328,0.17097997665405273
0.09493231773376465,0.17994046211242676,0.17055988311767578
0.09303116798400879,0.17792415618896484,0.17184138298034668
0.1104116439819336,0.17749333381652832,0.17150068283081055
0.0831613540649414,0.17947626113891602,0.17383670806884766
0.08474540710449219,0.17960691452026367,0.17214012145996094
0.08468842506408691,0.17914628982543945,0.1717381477355957
0.08563804626464844,0.17774415016174316,0.17140626907348633
0.10646247863769531,0.17890048027038574,0.17206978797912598
0.0831911563873291,0.18084406852722168,0.1718447208404541
0.09247756004333496,0.17840576171875,0.17379307746887207
0.11581301689147949,0.1779482364654541,0.17215585708618164
0.08266472816467285,0.1787106990814209,0.17186784744262695
0.08681082725524902,0.18303585052490234,0.17286396026611328
0.08506894111633301,0.18132519721984863,0.17384958267211914
0.09173440933227539,0.17922258377075195,0.1758589744567871
0.09495234489440918,0.18059062957763672,0.17603135108947754
0.10731077194213867,0.17934060096740723,0.17717194557189941
0.08977103233337402,0.18382549285888672,0.17767691612243652
0.09635353088378906,0.18398261070251465,0.17814087867736816
0.08386778831481934,0.18737220764160156,0.18673443794250488
0.0859520435333252,0.19116616249084473,0.18317008018493652
0.08353853225708008,0.18943023681640625,0.17718291282653809
0.09810042381286621,0.18119597434997559,0.1739823818206787
0.08539390563964844,0.182694673538208,0.17424726486206055
0.09396195411682129,0.17786693572998047,0.17227482795715332
0.09423065185546875,0.17733454704284668,0.17222929000854492
0.08343887329101562,0.17799925804138184,0.172135591506958
0.08300304412841797,0.17975068092346191,0.1722278594970703
0.08348536491394043,0.1782534122467041,0.1728837490081787
0.08532500267028809,0.17850112915039062,0.17165517807006836
0.08314347267150879,0.17818880081176758,0.17275619506835938
0.08252596855163574,0.17889761924743652,0.17166614532470703
0.08321714401245117,0.17933917045593262,0.1724398136138916
0.08386850357055664,0.1802821159362793,0.17233037948608398
0.08462047576904297,0.18157029151916504,0.17184805870056152
0.0850379467010498,0.18046092987060547,0.17143607139587402
0.09359931945800781,0.18040037155151367,0.17216038703918457
0.0984652042388916,0.17922139167785645,0.1721811294555664
0.09394049644470215,0.17985153198242188,0.17210006713867188
0.09095239639282227,0.17940497398376465,0.17415904998779297
0.09369492530822754,0.18028688430786133,0.17351746559143066
0.0906217098236084,0.18201804161071777,0.1721811294555664
0.09594368934631348,0.18526148796081543,0.17040276527404785
0.09224438667297363,0.17618823051452637,0.1753246784210205
0.08418631553649902,0.1790170669555664,0.17441320419311523
0.08261299133300781,0.18232488632202148,0.17663359642028809
0.08189272880554199,0.1805727481842041,0.17961478233337402
0.08271527290344238,0.179732084274292,0.17921876907348633
0.08262419700622559,0.18160414695739746,0.17624664306640625
0.0843813419342041,0.1860666275024414,0.17987966537475586
0.08353734016418457,0.18005800247192383,0.19519615173339844
0.09195971488952637,0.1792604923248291,0.17859339714050293
0.1091926097869873,0.17960262298583984,0.17781281471252441
0.09649538993835449,0.18114471435546875,0.1755356788635254
0.08336496353149414,0.18033623695373535,0.18156671524047852
0.08940887451171875,0.18155765533447266,0.18144607543945312
0.08337736129760742,0.18019318580627441,0.17576360702514648
0.0876924991607666,0.18088722229003906,0.18569469451904297
0.09751605987548828,0.1793982982635498,0.1766831874847412
0.08977699279785156,0.18079233169555664,0.17928814888000488
0.10678434371948242,0.18113446235656738,0.18387460708618164
0.0838766098022461,0.18270587921142578,0.17510175704956055
0.08386874198913574,0.18274998664855957,0.18283748626708984
0.09980106353759766,0.1823716163635254,0.17946434020996094
0.08492565155029297,0.1808013916015625,0.18439650535583496
0.09421920776367188,0.18030071258544922,0.17913413047790527
0.08376622200012207,0.1828627586364746,0.17464566230773926
0.08319425582885742,0.19301843643188477,0.1746211051940918
0.08320999145507812,0.18214750289916992,0.17430496215820312
0.10313796997070312,0.18136239051818848,0.17346549034118652
0.08298683166503906,0.18053054809570312,0.17355656623840332
0.0951080322265625,0.18450188636779785,0.17430567741394043
0.09201192855834961,0.18140530586242676,0.17482638359069824
0.09707498550415039,0.18149852752685547,0.173844575881958
0.09592390060424805,0.1808476448059082,0.17518115043640137
0.09274506568908691,0.18064403533935547,0.1777968406677246
0.0851130485534668,0.18044281005859375,0.17572593688964844
0.09171915054321289,0.18071436882019043,0.17450261116027832
0.10680413246154785,0.1791841983795166,0.1734607219696045
0.08441734313964844,0.18148422241210938,0.17461538314819336
0.08512663841247559,0.18518662452697754,0.17359590530395508
0.08643269538879395,0.1790461540222168,0.17515325546264648
0.1143498420715332,0.18033194541931152,0.17361664772033691
0.08472752571105957,0.18174076080322266,0.17334342002868652
0.08458209037780762,0.18202805519104004,0.17314624786376953
0.08858537673950195,0.18088388442993164,0.1744542121887207
0.10404062271118164,0.18277430534362793,0.17722368240356445
0.08274197578430176,0.18162155151367188,0.17370867729187012
0.08702754974365234,0.18097662925720215,0.17352008819580078
0.09495258331298828,0.18062448501586914,0.18416857719421387
0.10027146339416504,0.1821908950805664,0.17642974853515625
0.08994579315185547,0.1822526454925537,0.1760568618774414
0.09376335144042969,0.18274974822998047,0.17627406120300293
0.09335041046142578,0.19069385528564453,0.17637109756469727
0.0917212963104248,0.18220829963684082,0.17743396759033203
0.08640909194946289,0.1818678379058838,0.17812871932983398
0.08356213569641113,0.1821300983428955,0.18129324913024902
0.08340311050415039,0.18035387992858887,0.18005156517028809
0.08264684677124023,0.1931929588317871,0.18738937377929688
0.08468079566955566,0.1835629940032959,0.19063472747802734
0.09046077728271484,0.18215155601501465,0.17765164375305176
0.09901976585388184,0.18764257431030273,0.19657135009765625
0.08566999435424805,0.1797184944152832,0.18842291831970215
0.10202264785766602,0.1875617504119873,0.1872389316558838
0.0839376449584961,0.19033241271972656,0.17516398429870605
0.0858151912689209,0.18356657028198242,0.1774590015411377
0.09383344650268555,0.18033170700073242,0.18040108680725098
0.08248710632324219,0.18085503578186035,0.1775674819946289
0.08300566673278809,0.18298792839050293,0.1802053451538086
0.08340597152709961,0.18253540992736816,0.18746399879455566
0.08321189880371094,0.1847236156463623,0.18234491348266602
0.08530974388122559,0.18253493309020996,0.1774449348449707
0.0841984748840332,0.19468450546264648,0.17879152297973633
0.08642148971557617,0.18805909156799316,0.17580771446228027
0.09308671951293945,0.18062901496887207,0.17773199081420898
0.0850069522857666,0.1823282241821289,0.1768186092376709
0.08288407325744629,0.18165874481201172,0.17665457725524902
0.08395957946777344,0.18159246444702148,0.17834806442260742
0.08275175094604492,0.18184828758239746,0.1794877052307129
0.08447551727294922,0.18163013458251953,0.1775188446044922
0.0833578109741211,0.18088793754577637,0.17819523811340332
0.10807657241821289,0.18012762069702148,0.18059349060058594
0.08319759368896484,0.17995524406433105,0.1793985366821289
0.08516740798950195,0.18040251731872559,0.18852019309997559
0.08861947059631348,0.18093109130859375,0.1778717041015625
0.08232378959655762,0.18135595321655273,0.17903709411621094
0.08497357368469238,0.18318724632263184,0.17942333221435547
0.08394551277160645,0.18194174766540527,0.17897582054138184
0.08379507064819336,0.1815938949584961,0.17711687088012695
0.10038280487060547,0.19241714477539062,0.1810288429260254
0.08597302436828613,0.18225383758544922,0.18046092987060547
0.0843505859375,0.18320441246032715,0.1805400848388672
0.08307123184204102,0.18075156211853027,0.18149852752685547
0.08353710174560547,0.18191313743591309,0.1809854507446289
0.08258748054504395,0.18184590339660645,0.1824798583984375
0.08349967002868652,0.1817307472229004,0.18200969696044922
0.08643865585327148,0.18028044700622559,0.18344974517822266
0.08390045166015625,0.1815040111541748,0.18123483657836914
0.08503389358520508,0.18096685409545898,0.1770915985107422
0.08523702621459961,0.18069052696228027,0.18409419059753418
0.08334779739379883,0.1804957389831543,0.1789548397064209
0.08785581588745117,0.18070387840270996,0.1745004653930664
0.1082298755645752,0.18025541305541992,0.17690134048461914
0.08432555198669434,0.18151617050170898,0.18226957321166992
0.08457732200622559,0.18069100379943848,0.18640947341918945
0.08309102058410645,0.18084120750427246,0.1843404769897461
0.08466029167175293,0.18031954765319824,0.18862700462341309
0.08411073684692383,0.1801912784576416,0.19466948509216309
0.0837697982788086,0.18073081970214844,0.18468785285949707
0.0866236686706543,0.18416285514831543,0.18500685691833496
0.0850534439086914,0.19310402870178223,0.1797332763671875
0.09488391876220703,0.1819300651550293,0.1851515769958496
0.08526968955993652,0.18077468872070312,0.18549370765686035
0.08364677429199219,0.18125534057617188,0.18470144271850586
0.08459806442260742,0.18140864372253418,0.1865999698638916
0.08464288711547852,0.18131327629089355,0.18736910820007324
0.08310127258300781,0.1813962459564209,0.18794560432434082
0.08417272567749023,0.1807386875152588,0.18673348426818848
0.08248472213745117,0.1838078498840332,0.1860055923461914
0.084136962890625,0.18040037155151367,0.18679451942443848
0.08303356170654297,0.18303942680358887,0.18628430366516113
0.0842583179473877,0.18349218368530273,0.1849064826965332
0.08791494369506836,0.1847364902496338,0.187530517578125
0.09639286994934082,0.185638427734375,0.18281865119934082
0.09437227249145508,0.18448948860168457,0.18516826629638672
0.10063862800598145,0.18302512168884277,0.18853497505187988
0.09730052947998047,0.18360257148742676,0.1881418228149414
0.09189987182617188,0.1849651336669922,0.19932770729064941
0.09126830101013184,0.18381142616271973,0.19300127029418945
0.08362650871276855,0.18135738372802734,0.18006348609924316
0.1084444522857666,0.18054747581481934,0.1822185516357422
0.08541512489318848,0.18268060684204102,0.18578290939331055
0.08747029304504395,0.18168091773986816,0.19128060340881348
0.09436440467834473,0.18115496635437012,0.19408726692199707
0.09775757789611816,0.18199443817138672,0.19094228744506836
0.08559918403625488,0.18327713012695312,0.19054222106933594
0.08453893661499023,0.18286848068237305,0.19143223762512207
0.0850529670715332,0.18301987648010254,0.19126272201538086
0.08904528617858887,0.18268561363220215,0.19080591201782227
0.08493494987487793,0.1843562126159668,0.19092392921447754
0.0968017578125,0.18635797500610352,0.19174885749816895
0.08528351783752441,0.18299102783203125,0.1895298957824707
0.08742332458496094,0.1837458610534668,0.189133882522583
0.09120583534240723,0.18132805824279785,0.1903531551361084
0.09535861015319824,0.18488359451293945,0.19075250625610352
0.08771944046020508,0.18497037887573242,0.1898481845855713
0.08327484130859375,0.18395137786865234,0.18997836112976074
0.08382511138916016,0.19413471221923828,0.18769454956054688
0.08360075950622559,0.1816239356994629,0.1869068145751953
0.08329916000366211,0.18291354179382324,0.1868596076965332
0.08604240417480469,0.18161845207214355,0.19452309608459473
0.08458471298217773,0.17652273178100586,0.19277024269104004
0.08618402481079102,0.18280553817749023,0.19572830200195312
0.08331704139709473,0.18406891822814941,0.19289422035217285
0.08540844917297363,0.19709396362304688,0.19865894317626953
0.08533024787902832,0.1996290683746338,0.20335173606872559
0.08330011367797852,0.1855173110961914,0.19383645057678223
0.095123291015625,0.18411040306091309,0.19318222999572754
0.083404541015625,0.18320822715759277,0.1930243968963623
0.0832223892211914,0.18329524993896484,0.20159363746643066
0.08474946022033691,0.18450164794921875,0.1928575038909912
0.0869591236114502,0.18675541877746582,0.19309759140014648
0.08382105827331543,0.1889488697052002,0.19331884384155273
0.08319616317749023,0.1892530918121338,0.19234728813171387
0.09545707702636719,0.18573689460754395,0.1929636001586914
0.08343958854675293,0.18508076667785645,0.19434881210327148
0.10775566101074219,0.18459033966064453,0.19442486763000488
0.0955193042755127,0.17999935150146484,0.19319677352905273
0.08517146110534668,0.18187427520751953,0.1902904510498047
0.08333659172058105,0.1846909523010254,0.19270849227905273
0.08567476272583008,0.1849219799041748,0.19325804710388184
0.0848386287689209,0.1843414306640625,0.1938025951385498
0.08500885963439941,0.18372702598571777,0.1940622329711914
0.08321571350097656,0.18662405014038086,0.1925346851348877
0.08419513702392578,0.18523883819580078,0.19317913055419922
0.08437418937683105,0.18774771690368652,0.18764519691467285
0.08458113670349121,0.18634915351867676,0.18629884719848633
0.09776186943054199,0.18290066719055176,0.1768181324005127
0.08623600006103516,0.1813826560974121,0.1790332794189453
0.08462071418762207,0.18224644660949707,0.18538951873779297
0.08388257026672363,0.18285489082336426,0.19164729118347168
0.08387136459350586,0.18470096588134766,0.19435477256774902
0.08420252799987793,0.18547916412353516,0.19583845138549805
0.0852973461151123,0.18732404708862305,0.19687938690185547
0.08385920524597168,0.1962435245513916,0.19724631309509277
0.10905265808105469,0.20352840423583984,0.19407963752746582
0.0863187313079834,0.1903524398803711,0.19568777084350586
0.08328795433044434,0.18460702896118164,0.19419074058532715
0.08478260040283203,0.18462729454040527,0.19443488121032715
0.08530974388122559,0.1857764720916748,0.19806718826293945
0.08536505699157715,0.1870260238647461,0.19239473342895508
0.08413529396057129,0.1856367588043213,0.1929795742034912
0.0903325080871582,0.18517541885375977,0.19447827339172363
0.08512115478515625,0.1863722801208496,0.2025890350341797
0.08420777320861816,0.18595600128173828,0.1939849853515625
0.08547711372375488,0.18564701080322266,0.19412851333618164
0.08388590812683105,0.18627071380615234,0.19525861740112305
0.08467507362365723,0.18907856941223145,0.19606566429138184
0.08688569068908691,0.1924576759338379,0.2005763053894043
0.09603071212768555,0.18680882453918457,0.19505786895751953
0.08605408668518066,0.18697071075439453,0.19554877281188965
0.08364224433898926,0.18507122993469238,0.19873833656311035
0.08321714401245117,0.18596792221069336,0.19649195671081543
0.08393025398254395,0.18496274948120117,0.19285011291503906
0.08379125595092773,0.1857893466949463,0.18772149085998535
0.08397102355957031,0.18893170356750488,0.18403196334838867
0.08401608467102051,0.2000887393951416,0.18641233444213867
0.0841667652130127,0.1828312873840332,0.19247817993164062
0.08553719520568848,0.1840975284576416,0.20318341255187988
0.09147095680236816,0.18890810012817383,0.20849013328552246
0.08430242538452148,0.19049906730651855,0.20954084396362305
0.08310937881469727,0.18978309631347656,0.21294188499450684
0.09543490409851074,0.19466662406921387,0.20951509475708008
0.0846090316772461,0.18799138069152832,0.20849990844726562
0.08574175834655762,0.19188737869262695,0.20708465576171875
0.0834808349609375,0.18861079216003418,0.2077162265777588
0.08359956741333008,0.18961882591247559,0.21544265747070312
0.08376789093017578,0.1909627914428711,0.20736980438232422
0.08479547500610352,0.19351911544799805,0.2081003189086914
0.08347296714782715,0.18742132186889648,0.20777654647827148
0.08427953720092773,0.18563437461853027,0.21368741989135742
0.08314657211303711,0.18946456909179688,0.21223163604736328
0.084136962890625,0.19074273109436035,0.20414495468139648
0.08517193794250488,0.18944311141967773,0.20428085327148438
0.08414125442504883,0.1893315315246582,0.20421171188354492
0.0863640308380127,0.18773841857910156,0.20310282707214355
0.0843040943145752,0.18724846839904785,0.2031872272491455
0.0830686092376709,0.18876934051513672,0.20440125465393066
0.08358001708984375,0.19162225723266602,0.20291543006896973
0.0849609375,0.19058680534362793,0.20372557640075684
0.08353567123413086,0.19313478469848633,0.20444154739379883
0.08394265174865723,0.1897127628326416,0.2037792205810547
0.08382010459899902,0.19272089004516602,0.2041187286376953
0.08456683158874512,0.2033994197845459,0.20613861083984375
0.08524751663208008,0.1911029815673828,0.21660375595092773
0.08401846885681152,0.19548606872558594,0.2032761573791504
0.08468413352966309,0.19312357902526855,0.20503854751586914
0.08479690551757812,0.18956923484802246,0.20571184158325195
0.08506560325622559,0.19175362586975098,0.20337915420532227
0.0849611759185791,0.19081997871398926,0.20542001724243164
0.08525896072387695,0.18950319290161133,0.2072615623474121
0.10010838508605957,0.19097065925598145,0.20630836486816406
0.1042032241821289,0.19134163856506348,0.20524883270263672
0.08604955673217773,0.19353985786437988,0.2047712802886963
0.09927082061767578,0.19115018844604492,0.20529437065124512
0.08435964584350586,0.1868140697479248,0.20531988143920898
0.08401131629943848,0.1850109100341797,0.2071399688720703
0.08364558219909668,0.18692350387573242,0.2070152759552002
0.0855252742767334,0.19017910957336426,0.1947486400604248
0.08463549613952637,0.2014150619506836,0.19174838066101074
0.08439350128173828,0.1933891773223877,0.19420623779296875
0.08587121963500977,0.19385457038879395,0.20157575607299805
0.08603191375732422,0.19621515274047852,0.20488452911376953
0.08339095115661621,0.199188232421875,0.20402121543884277
0.08512544631958008,0.19497990608215332,0.2037348747253418
0.0845344066619873,0.19362354278564453,0.20238256454467773
0.08564352989196777,0.19635581970214844,0.19654369354248047
0.08313965797424316,0.19368934631347656,0.19530010223388672
0.08496379852294922,0.19486427307128906,0.1892719268798828
0.08872318267822266,0.19554662704467773,0.18357086181640625
0.08536696434020996,0.1965937614440918,0.18817949295043945
0.08376860618591309,0.2034602165222168,0.19318628311157227
0.08459830284118652,0.19520998001098633,0.19692587852478027
0.0837106704711914,0.1958913803100586,0.20384669303894043
0.08325839042663574,0.1978914737701416,0.20825695991516113
0.08609724044799805,0.19612908363342285,0.21651005744934082
0.09349894523620605,0.19355249404907227,0.2164149284362793
0.08519291877746582,0.191910982131958,0.22062420845031738
0.0836632251739502,0.19280362129211426,0.2149808406829834
0.08329081535339355,0.19266080856323242,0.2169961929321289
0.08424615859985352,0.19468235969543457,0.21570324897766113
0.0851447582244873,0.19414567947387695,0.21811676025390625
0.0834507942199707,0.19654178619384766,0.21938252449035645
0.08397150039672852,0.1971886157989502,0.2163679599761963
0.08382391929626465,0.1964704990386963,0.21566438674926758
0.09312820434570312,0.1971592903137207,0.21514344215393066
0.08474588394165039,0.19535064697265625,0.21483612060546875
0.08426761627197266,0.1920173168182373,0.2192058563232422
0.08718490600585938,0.18803882598876953,0.21451354026794434
0.10296487808227539,0.19249677658081055,0.21772408485412598
0.08592844009399414,0.19957685470581055,0.22170782089233398
0.08418607711791992,0.20059537887573242,0.2155442237854004
0.08328580856323242,0.1980605125427246,0.22281765937805176
0.08336114883422852,0.20101594924926758,0.21634936332702637
0.08489537239074707,0.1976017951965332,0.2138981819152832
0.08484315872192383,0.19658708572387695,0.2102527618408203
0.08446550369262695,0.19731354713439941,0.20988774299621582
0.08509588241577148,0.19704461097717285,0.20782876014709473
0.09619450569152832,0.19536614418029785,0.21034455299377441
0.0854043960571289,0.19670510292053223,0.20966649055480957
0.08399462699890137,0.19957995414733887,0.21083831787109375
0.08470416069030762,0.20026183128356934,0.2124335765838623
0.08513522148132324,0.19762253761291504,0.20973825454711914
0.08375239372253418,0.19758868217468262,0.21020984649658203
0.08424735069274902,0.19906091690063477,0.2104189395904541
0.08479499816894531,0.20812439918518066,0.21146082878112793
0.08597898483276367,0.1992969512939453,0.21312308311462402
0.08529496192932129,0.19734477996826172,0.20755386352539062
0.08582282066345215,0.19689583778381348,0.2094898223876953
0.08350801467895508,0.19598841667175293,0.20176219940185547
0.0836038589477539,0.1965334415435791,0.1845242977142334
0.08408951759338379,0.19922161102294922,0.18093562126159668
0.0846853256225586,0.19628000259399414,0.18596506118774414
0.08518505096435547,0.19735503196716309,0.1915454864501953
0.08366203308105469,0.20206999778747559,0.21673130989074707
0.0838475227355957,0.20309233665466309,0.21723532676696777
0.10379433631896973,0.1985030174255371,0.22205018997192383
0.0866398811340332,0.1987011432647705,0.22178101539611816
0.08555722236633301,0.19902253150939941,0.22032928466796875
0.08478546142578125,0.19913053512573242,0.22242259979248047
0.09839725494384766,0.19756317138671875,0.22164416313171387
0.08539390563964844,0.19673824310302734,0.22162747383117676
0.0843038558959961,0.2013108730316162,0.22167468070983887
0.08434486389160156,0.19831228256225586,0.2209787368774414
0.08563804626464844,0.2005023956298828,0.22625398635864258
0.08336091041564941,0.19837594032287598,0.2192835807800293
0.0840005874633789,0.20690011978149414,0.22159719467163086
0.08403563499450684,0.19904708862304688,0.21425271034240723
0.09209060668945312,0.19730138778686523,0.2086193561553955
0.08325791358947754,0.19778800010681152,0.20310068130493164
0.08629393577575684,0.19877338409423828,0.20856547355651855
0.08618426322937012,0.1992168426513672,0.19691801071166992
0.08696770668029785,0.19947242736816406,0.1951582431793213
0.08452749252319336,0.19749093055725098,0.1960437297821045
0.08359503746032715,0.19837713241577148,0.19328546524047852
0.08316874504089355,0.2064211368560791,0.19300436973571777
0.08409857749938965,0.19843721389770508,0.19340729713439941
0.08402156829833984,0.19900035858154297,0.19141387939453125
0.08834218978881836,0.2006089687347412,0.1897902488708496
0.08523321151733398,0.2019658088684082,0.1903059482574463
0.09921860694885254,0.19907927513122559,0.19655966758728027
0.09216022491455078,0.1989884376525879,0.19106411933898926
0.08589601516723633,0.1999807357788086,0.19140148162841797
0.08472585678100586,0.19939708709716797,0.19103121757507324
0.0962836742401123,0.19851350784301758,0.18810510635375977
0.08464694023132324,0.19921278953552246,0.19183754920959473
0.08505821228027344,0.2001664638519287,0.19382071495056152
0.08432888984680176,0.2004103660583496,0.19136762619018555
0.08459281921386719,0.20030784606933594,0.19354677200317383
0.08402156829833984,0.2047882080078125,0.19070863723754883
0.08444714546203613,0.20435357093811035,0.18994712829589844
0.08550024032592773,0.1997072696685791,0.1896522045135498
0.08572053909301758,0.19842100143432617,0.2003922462463379
0.09828448295593262,0.19838404655456543,0.1900033950805664
0.08791232109069824,0.20000386238098145,0.1856393814086914
0.08649396896362305,0.1993865966796875,0.1884000301361084
0.08686113357543945,0.1984395980834961,0.18905425071716309
0.08454155921936035,0.19786715507507324,0.19251561164855957
0.0857841968536377,0.19946885108947754,0.18877744674682617
0.0950465202331543,0.19900989532470703,0.18311405181884766
0.08557891845703125,0.19881105422973633,0.17927145957946777
0.08399772644042969,0.20056867599487305,0.17891311645507812
0.08507609367370605,0.20009732246398926,0.18669605255126953
0.09570455551147461,0.1994171142578125,0.1913440227508545
0.08389902114868164,0.19968938827514648,0.1934833526611328
0.08472609519958496,0.200639009475708,0.1947178840637207
0.08642292022705078,0.2081587314605713,0.19443416595458984
0.08714914321899414,0.20423221588134766,0.19500946998596191
0.08486247062683105,0.21343088150024414,0.1948683261871338
0.08593130111694336,0.2014613151550293,0.20421743392944336
0.08463549613952637,0.1991274356842041,0.19242644309997559
0.0933687686920166,0.20198702812194824,0.19249200820922852
0.08535146713256836,0.20055913925170898,0.1928260326385498
0.08504486083984375,0.20149564743041992,0.19234919548034668
0.08466482162475586,0.19968676567077637,0.1998605728149414
0.08583712577819824,0.20073771476745605,0.1912860870361328
0.08729863166809082,0.20061922073364258,0.18991327285766602
0.08485865592956543,0.20064306259155273,0.19292831420898438
0.08441329002380371,0.19891810417175293,0.1941211223602295
0.08567404747009277,0.20325064659118652,0.19618964195251465
0.0868523120880127,0.2015702724456787,0.1949625015258789
0.09015154838562012,0.1995704174041748,0.1924128532409668
0.0852518081665039,0.19945454597473145,0.19154667854309082
0.08393740653991699,0.201369047164917,0.18467998504638672
0.08498024940490723,0.20203328132629395,0.1801309585571289
0.0880894660949707,0.20253753662109375,0.18004226684570312
0.08545136451721191,0.20433330535888672,0.20353913307189941
0.08740496635437012,0.20851373672485352,0.20812463760375977
0.08845067024230957,0.20551800727844238,0.19650912284851074
0.08545398712158203,0.20245599746704102,0.19433236122131348
0.08464169502258301,0.2005763053894043,0.19466209411621094
0.08492732048034668,0.2007439136505127,0.19463205337524414
0.08964347839355469,0.20013904571533203,0.19591736793518066
0.08465790748596191,0.20050811767578125,0.1943800449371338
0.08649277687072754,0.20394492149353027,0.19410181045532227
0.08487200736999512,0.20135831832885742,0.19378948211669922
0.08786392211914062,0.20228075981140137,0.19602036476135254
0.0852205753326416,0.2002239227294922,0.19854521751403809
0.09697484970092773,0.2035973072052002,0.19423127174377441
0.08673691749572754,0.1993563175201416,0.19768404960632324
0.08434581756591797,0.20078063011169434,0.196028470993042
0.08622598648071289,0.19964170455932617,0.19850540161132812
0.08533835411071777,0.20820951461791992,0.19804954528808594
0.08536005020141602,0.1992793083190918,0.19603681564331055
0.08636355400085449,0.20068979263305664,0.19574379920959473
0.0856935977935791,0.20238757133483887,0.1970512866973877
0.08548331260681152,0.2115802764892578,0.19788646697998047
0.08664846420288086,0.19961071014404297,0.1983335018157959
0.08613252639770508,0.20216012001037598,0.19791269302368164
0.0836946964263916,0.2019650936126709,0.19725561141967773
0.0843050479888916,0.20076465606689453,0.19861149787902832
0.08476400375366211,0.2031257152557373,0.1997699737548828
0.08390974998474121,0.20090246200561523,0.19976544380187988
0.08472251892089844,0.20090007781982422,0.1970224380493164
0.08682656288146973,0.20040655136108398,0.1964588165283203
0.09685802459716797,0.19866013526916504,0.19657683372497559
0.08513331413269043,0.2012777328491211,0.19405484199523926
0.08458614349365234,0.21126317977905273,0.19350242614746094
0.08540678024291992,0.20204734802246094,0.1839287281036377
0.08731460571289062,0.2076256275177002,0.18812847137451172
0.08475756645202637,0.20087194442749023,0.19331979751586914
0.08654093742370605,0.2002420425415039,0.2041318416595459
0.08415484428405762,0.20087027549743652,0.20505499839782715
0.08513951301574707,0.20192933082580566,0.21551895141601562
0.08565282821655273,0.20409512519836426,0.2242729663848877
0.08499622344970703,0.19925546646118164,0.20692229270935059
0.08595442771911621,0.1987595558166504,0.19398045539855957
0.08656978607177734,0.2005753517150879,0.1807715892791748
0.08565211296081543,0.19982337951660156,0.19751501083374023
0.08496809005737305,0.1959846019744873,0.1881415843963623
0.0849003791809082,0.20647048950195312,0.18848490715026855
0.0857551097869873,0.20343303680419922,0.19162917137145996
0.09824204444885254,0.20029902458190918,0.1990799903869629
0.08827805519104004,0.20268797874450684,0.20476722717285156
0.08846330642700195,0.2038724422454834,0.20757412910461426
0.08530902862548828,0.1952197551727295,0.20261526107788086
0.08883333206176758,0.18765950202941895,0.20695757865905762
0.08464312553405762,0.1879880428314209,0.2032783031463623
0.08514142036437988,0.20019125938415527,0.2052145004272461
0.08550786972045898,0.2093031406402588,0.2204596996307373
0.08928060531616211,0.20224690437316895,0.20292448997497559
0.08387398719787598,0.2013399600982666,0.20521020889282227
0.083984375,0.2031095027923584,0.20264220237731934
0.08917617797851562,0.2035682201385498,0.20331525802612305
0.08377575874328613,0.20250868797302246,0.20152497291564941
0.08460831642150879,0.20166754722595215,0.2050609588623047
0.08466839790344238,0.19920659065246582,0.20076894760131836
0.08718490600585938,0.19432401657104492,0.19690990447998047
0.0838468074798584,0.19786310195922852,0.194441556930542
0.0841360092163086,0.20181941986083984,0.19440579414367676
0.0840144157409668,0.20418357849121094,0.19540953636169434
0.08576703071594238,0.20692992210388184,0.19995403289794922
0.0855715274810791,0.21620607376098633,0.20496630668640137
0.11086177825927734,0.20757675170898438,0.19801735877990723
0.11654925346374512,0.20360684394836426,0.1892402172088623
0.08642315864562988,0.2046372890472412,0.1952495574951172
0.08457255363464355,0.20389628410339355,0.18852829933166504
0.08419275283813477,0.2029407024383545,0.18933773040771484
0.08432722091674805,0.2038414478302002,0.19954466819763184
0.08393454551696777,0.2043297290802002,0.18967413902282715
0.0877230167388916,0.2043609619140625,0.1891772747039795
0.08405184745788574,0.20393705368041992,0.18923735618591309
0.08365464210510254,0.20197129249572754,0.1875319480895996
0.08529019355773926,0.20125222206115723,0.19011449813842773
0.08493971824645996,0.20239686965942383,0.19574546813964844
0.0858306884765625,0.21061491966247559,0.18988037109375
0.08380699157714844,0.20262455940246582,0.18783307075500488
0.08517694473266602,0.2006971836090088,0.19188761711120605
0.08733892440795898,0.20655131340026855,0.18822002410888672
0.08646297454833984,0.206040620803833,0.18672561645507812
0.08527898788452148,0.2022702693939209,0.19049715995788574
0.0866093635559082,0.20013141632080078,0.18999290466308594
0.09516334533691406,0.20202231407165527,0.19012093544006348
0.1024928092956543,0.2014169692993164,0.19018220901489258
0.08565092086791992,0.20119619369506836,0.18789005279541016
0.0866098403930664,0.20442938804626465,0.18016624450683594
0.0865013599395752,0.20211386680603027,0.18318605422973633
0.08830618858337402,0.19950151443481445,0.19044923782348633
0.08414673805236816,0.19864511489868164,0.19419407844543457
0.08625340461730957,0.20027732849121094,0.19379448890686035
0.08654928207397461,0.2034611701965332,0.1924419403076172
0.08586597442626953,0.1997966766357422,0.1912083625793457
0.08433699607849121,0.20016789436340332,0.19305706024169922
0.08594918251037598,0.20409369468688965,0.19288396835327148
0.08483195304870605,0.21056103706359863,0.20443058013916016
0.08392715454101562,0.2035658359527588,0.19621586799621582
0.08496356010437012,0.2043600082397461,0.19694781303405762
0.0863797664642334,0.20099139213562012,0.19390583038330078
0.0881204605102539,0.20297574996948242,0.19387483596801758
0.0857396125793457,0.2017958164215088,0.19530224800109863
0.08976435661315918,0.2002708911895752,0.19193816184997559
0.08465695381164551,0.20372772216796875,0.19186902046203613
0.0862128734588623,0.20194745063781738,0.1920928955078125
0.08724832534790039,0.20203399658203125,0.19314026832580566
0.08529114723205566,0.20387601852416992,0.19918537139892578
0.08475518226623535,0.20177173614501953,0.19368481636047363
0.0866556167602539,0.1999807357788086,0.1943809986114502
0.08566403388977051,0.20183777809143066,0.19296002388000488
0.08427095413208008,0.20314979553222656,0.19049668312072754
0.08859848976135254,0.20313525199890137,0.18489360809326172
0.11111998558044434,0.20243501663208008,0.18140602111816406
0.09447479248046875,0.20163702964782715,0.18129897117614746
0.08536314964294434,0.20320725440979004,0.1857297420501709
0.08565473556518555,0.21729040145874023,0.20076513290405273
0.08677291870117188,0.20614862442016602,0.20058822631835938
0.08674502372741699,0.20283007621765137,0.19867897033691406
0.08500790596008301,0.20407891273498535,0.19916319847106934
0.08536934852600098,0.20077800750732422,0.19902634620666504
0.10079479217529297,0.20165324211120605,0.20088982582092285
0.08392119407653809,0.2016162872314453,0.19745922088623047
0.08512139320373535,0.20453786849975586,0.19838428497314453
0.08505010604858398,0.2011256217956543,0.19935011863708496
0.08638477325439453,0.20063233375549316,0.19829988479614258
0.08788824081420898,0.2015085220336914,0.19735956192016602
0.08468794822692871,0.1992495059967041,0.19790005683898926
0.09718751907348633,0.19935393333435059,0.19836640357971191
0.08418798446655273,0.2006072998046875,0.1980915069580078
0.0845787525177002,0.20253920555114746,0.19796133041381836
0.08365559577941895,0.20201683044433594,0.19800353050231934
0.08820390701293945,0.2022876739501953,0.19926953315734863
0.0855550765991211,0.20110583305358887,0.2015678882598877
0.08823895454406738,0.19895601272583008,0.1987912654876709
0.08524703979492188,0.2002551555633545,0.20107269287109375
0.08613801002502441,0.19967103004455566,0.2028369903564453
0.08704304695129395,0.2037217617034912,0.19932961463928223
0.08657670021057129,0.2046213150024414,0.198502779006958
0.09143900871276855,0.19983243942260742,0.2014636993408203
0.08504033088684082,0.19953680038452148,0.20295238494873047
0.08513069152832031,0.19899725914001465,0.20314359664916992
0.10765767097473145,0.20194196701049805,0.2020268440246582
0.09502267837524414,0.20050930976867676,0.20289039611816406
0.09367012977600098,0.1996910572052002,0.20238780975341797
0.08526253700256348,0.20152854919433594,0.2175889015197754
0.08598637580871582,0.20432376861572266,0.20733118057250977
0.0891118049621582,0.20180320739746094,0.2082815170288086
0.086517333984375,0.19956135749816895,0.21529650688171387
0.08595657348632812,0.19997739791870117,0.20820164680480957
0.08808279037475586,0.2008969783782959,0.20812630653381348
0.08546829223632812,0.20762872695922852,0.21105051040649414
0.08554816246032715,0.2021498680114746,0.21194839477539062
0.08696269989013672,0.20069360733032227,0.20504117012023926
0.08836770057678223,0.22024989128112793,0.19448018074035645
0.08797121047973633,0.19846391677856445,0.18510866165161133
0.0843667984008789,0.19906187057495117,0.19402217864990234
0.08475589752197266,0.1995220184326172,0.18773126602172852
0.0874483585357666,0.19690179824829102,0.1941816806793213
0.0853271484375,0.19179105758666992,0.20651865005493164
0.0974111557006836,0.18942475318908691,0.23070025444030762
0.0847177505493164,0.1870131492614746,0.2470848560333252
0.08637046813964844,0.1916050910949707,0.24298954010009766
0.08403539657592773,0.2028203010559082,0.24669241905212402
0.08511042594909668,0.20871400833129883,0.24329924583435059
0.0849907398223877,0.20840835571289062,0.24390649795532227
0.08646249771118164,0.21683740615844727,0.24185442924499512
0.08671951293945312,0.21174240112304688,0.23801064491271973
0.08585810661315918,0.2116408348083496,0.2302248477935791
0.08553934097290039,0.2085862159729004,0.22622299194335938
0.08453083038330078,0.207733154296875,0.21490716934204102
0.0848841667175293,0.2088320255279541,0.20939326286315918
0.08704400062561035,0.20978379249572754,0.20510315895080566
0.09623074531555176,0.2095508575439453,0.20526957511901855
0.0891714096069336,0.2095479965209961,0.20392894744873047
0.08676838874816895,0.20499372482299805,0.19833779335021973
0.0886087417602539,0.20458674430847168,0.19675922393798828
0.08708977699279785,0.20434880256652832,0.1956641674041748
0.0849609375,0.20331954956054688,0.19513630867004395
0.08727121353149414,0.20283174514770508,0.1974163055419922
0.09004759788513184,0.20162749290466309,0.193068265914917
0.08636593818664551,0.20331144332885742,0.19305157661437988
0.0851597785949707,0.2017354965209961,0.19344782829284668
0.09627389907836914,0.20268678665161133,0.19159817695617676
0.08650970458984375,0.20151734352111816,0.19248628616333008
0.09003043174743652,0.20161747932434082,0.19935226440429688
0.09824728965759277,0.2025148868560791,0.19179749488830566
0.08652710914611816,0.2013106346130371,0.19748449325561523
0.08544397354125977,0.20394492149353027,0.19284605979919434
0.08534836769104004,0.20671844482421875,0.19249701499938965
0.08920812606811523,0.2063448429107666,0.1926107406616211
0.08513951301574707,0.20066189765930176,0.19772791862487793
0.08476495742797852,0.20113825798034668,0.19226622581481934
0.08836555480957031,0.20284104347229004,0.18981719017028809
0.08720660209655762,0.20384597778320312,0.18895530700683594
0.09429311752319336,0.2027139663696289,0.18943214416503906
0.08452367782592773,0.20258426666259766,0.19311046600341797
0.08512639999389648,0.2048356533050537,0.19320988655090332
0.08611774444580078,0.20144295692443848,0.19334769248962402
0.0877225399017334,0.202347993850708,0.1910243034362793
0.0848073959350586,0.20475554466247559,0.18411612510681152
0.08817434310913086,0.20412802696228027,0.18115758895874023
0.08653545379638672,0.20273947715759277,0.18657469749450684
0.08535933494567871,0.21091723442077637,0.19294977188110352
0.08520197868347168,0.20552802085876465,0.19247984886169434
0.09092116355895996,0.2046358585357666,0.19446396827697754
0.08924984931945801,0.20484471321105957,0.1951282024383545
0.09184956550598145,0.20554184913635254,0.1932826042175293
0.08414268493652344,0.20282912254333496,0.1934809684753418
0.08956456184387207,0.2021007537841797,0.19376158714294434
0.08562660217285156,0.20165181159973145,0.19241547584533691
0.08588528633117676,0.20167899131774902,0.19277310371398926
0.0873405933380127,0.20173072814941406,0.19353866577148438
0.10427737236022949,0.20239877700805664,0.19337153434753418
0.08916282653808594,0.20227909088134766,0.20266366004943848
0.0873100757598877,0.20252108573913574,0.19268226623535156
0.08800482749938965,0.20560765266418457,0.1951594352722168
0.08546137809753418,0.20168852806091309,0.19478845596313477
0.08564567565917969,0.20026612281799316,0.19300270080566406
0.08972573280334473,0.1996910572052002,0.19491219520568848
0.08632326126098633,0.19859051704406738,0.19533824920654297
0.08770465850830078,0.21199417114257812,0.19219160079956055
0.0874636173248291,0.20386314392089844,0.18579339981079102
0.09160089492797852,0.20464277267456055,0.18848967552185059
0.08738398551940918,0.20728707313537598,0.18398427963256836
0.08705496788024902,0.19636750221252441,0.18970823287963867
0.08699202537536621,0.19039130210876465,0.1964871883392334
0.08370018005371094,0.19419336318969727,0.20604467391967773
0.09251189231872559,0.19582724571228027,0.2120368480682373
0.08577203750610352,0.2097179889678955,0.21022319793701172
0.08441042900085449,0.20205211639404297,0.20937871932983398
0.08920907974243164,0.20700526237487793,0.20996332168579102
0.08428335189819336,0.2087266445159912,0.21430110931396484
0.0861811637878418,0.19040942192077637,0.2108769416809082
0.08561253547668457,0.18628621101379395,0.20937561988830566
0.08596372604370117,0.18799614906311035,0.21135950088500977
0.08771085739135742,0.1973257064819336,0.20536231994628906
0.08602023124694824,0.20062708854675293,0.20219707489013672
0.08501482009887695,0.20212507247924805,0.20112943649291992
0.08724474906921387,0.2017815113067627,0.19665932655334473
0.08615374565124512,0.20712685585021973,0.1965632438659668
0.08559370040893555,0.21767115592956543,0.1963634490966797
0.09306120872497559,0.22183990478515625,0.19802594184875488
0.08560991287231445,0.21947550773620605,0.19707036018371582
0.08681821823120117,0.21988725662231445,0.19770193099975586
0.08509683609008789,0.21591639518737793,0.197098970413208
0.08563113212585449,0.21021008491516113,0.20466089248657227
0.08806705474853516,0.21186161041259766,0.1944103240966797
0.08519291877746582,0.20937228202819824,0.19365811347961426
0.08525681495666504,0.21120738983154297,0.1954200267791748
0.08674478530883789,0.2128763198852539,0.19576358795166016
0.08675265312194824,0.20871710777282715,0.19487667083740234
0.08823251724243164,0.21053028106689453,0.19675755500793457
0.08637380599975586,0.21169424057006836,0.19425296783447266
0.08378887176513672,0.21068286895751953,0.19326210021972656
0.0952444076538086,0.21036696434020996,0.19120502471923828
0.08411765098571777,0.21938061714172363,0.1949751377105713
0.08452653884887695,0.2107234001159668,0.19350433349609375
0.10687565803527832,0.2097330093383789,0.19263887405395508
0.10090112686157227,0.20988249778747559,0.20218777656555176
0.09917497634887695,0.2109236717224121,0.192000150680542
0.08595728874206543,0.20917105674743652,0.19129443168640137
0.08532452583312988,0.2111358642578125,0.19146275520324707
0.08540081977844238,0.21102333068847656,0.19259095191955566
0.08566737174987793,0.20899081230163574,0.19412970542907715
0.0842893123626709,0.20651912689208984,0.19351601600646973
0.08393597602844238,0.2075634002685547,0.1930851936340332
0.08500862121582031,0.20632505416870117,0.19814109802246094
0.08686423301696777,0.2064070701599121,0.1952991485595703
0.08624649047851562,0.20261597633361816,0.19416332244873047
0.08693289756774902,0.20333099365234375,0.19272422790527344
0.09900331497192383,0.20282697677612305,0.18993377685546875
0.09134459495544434,0.20455455780029297,0.19175171852111816
0.08829569816589355,0.20389080047607422,0.19185733795166016
0.08537864685058594,0.20249605178833008,0.1944262981414795
0.08425736427307129,0.20644116401672363,0.19319605827331543
0.08666849136352539,0.20645523071289062,0.19387578964233398
0.0865793228149414,0.20386791229248047,0.19233012199401855
0.08816909790039062,0.2043454647064209,0.18890118598937988
0.08563065528869629,0.20707464218139648,0.18409132957458496
0.08749842643737793,0.20861434936523438,0.18303680419921875
0.08786225318908691,0.21029949188232422,0.19163870811462402
0.0868520736694336,0.20761919021606445,0.19429302215576172
0.08673286437988281,0.2075343132019043,0.19517803192138672
0.08587884902954102,0.202470064163208,0.1972353458404541
0.08646535873413086,0.20377230644226074,0.1931474208831787
0.08799505233764648,0.2140488624572754,0.19321560859680176
0.08558297157287598,0.20247793197631836,0.1934192180633545
0.08669447898864746,0.20384430885314941,0.19521737098693848
0.0876011848449707,0.20403528213500977,0.20328831672668457
0.08600950241088867,0.2058420181274414,0.20271754264831543
0.08478784561157227,0.20555496215820312,0.2017686367034912
0.08521842956542969,0.20122933387756348,0.20176029205322266
0.0848691463470459,0.19709205627441406,0.20241904258728027
0.09027409553527832,0.18974757194519043,0.21254777908325195
0.091094970703125,0.18386626243591309,0.20235180854797363
0.08932971954345703,0.1871020793914795,0.2016146183013916
0.08485889434814453,0.20374035835266113,0.20402312278747559
0.08776497840881348,0.2170734405517578,0.20094585418701172
0.08528017997741699,0.21671104431152344,0.2015078067779541
0.08508682250976562,0.2173011302947998,0.20236754417419434
0.08488059043884277,0.21764039993286133,0.2006235122680664
0.08554649353027344,0.21618008613586426,0.20064043998718262
0.08752751350402832,0.21500825881958008,0.20136427879333496
0.08535075187683105,0.2125241756439209,0.20158624649047852
0.08637523651123047,0.20783185958862305,0.20255589485168457
0.0880281925201416,0.20763278007507324,0.2008824348449707
0.08643627166748047,0.2083721160888672,0.20069360733032227
0.08733105659484863,0.20760631561279297,0.20201492309570312
0.08596038818359375,0.20694923400878906,0.20182013511657715
0.08814215660095215,0.2105720043182373,0.20388007164001465
0.08789706230163574,0.20929932594299316,0.2094268798828125
0.08691215515136719,0.20679354667663574,0.21206426620483398
0.08411693572998047,0.2107987403869629,0.20869827270507812
0.08647561073303223,0.209733247756958,0.2084813117980957
0.08661890029907227,0.21154356002807617,0.20746064186096191
0.08517026901245117,0.21082735061645508,0.19882965087890625
0.08719038963317871,0.20727825164794922,0.19457101821899414
0.0877530574798584,0.2180793285369873,0.19396519660949707
0.08564949035644531,0.20736956596374512,0.18995308876037598
0.08534026145935059,0.20878386497497559,0.210646390914917
0.08484482765197754,0.2090449333190918,0.21692824363708496
0.08669829368591309,0.2074892520904541,0.21642112731933594
0.08495807647705078,0.20609831809997559,0.2042863368988037
0.08513402938842773,0.207899808883667,0.1958479881286621
0.08404064178466797,0.21002435684204102,0.18892216682434082
0.09920859336853027,0.20691466331481934,0.18730449676513672
0.08509206771850586,0.20668268203735352,0.19586896896362305
0.08509111404418945,0.20540785789489746,0.19912147521972656
0.08679580688476562,0.20517897605895996,0.20698285102844238
0.08761739730834961,0.20571303367614746,0.20706939697265625
0.08697724342346191,0.204362154006958,0.2135179042816162
0.08613348007202148,0.20422101020812988,0.2143702507019043
0.08614659309387207,0.20123600959777832,0.20175862312316895
0.08697128295898438,0.2082200050354004,0.1918504238128662
0.09444260597229004,0.20291519165039062,0.18465971946716309
0.09260368347167969,0.2014167308807373,0.19327092170715332
0.0871286392211914,0.20300936698913574,0.19401288032531738
0.08606934547424316,0.20466256141662598,0.2004852294921875
0.08751082420349121,0.20356464385986328,0.21397161483764648
0.08499836921691895,0.201585054397583,0.20336461067199707
0.10687255859375,0.20144152641296387,0.19602060317993164
0.08584737777709961,0.20367169380187988,0.1942143440246582
0.08643388748168945,0.20194625854492188,0.1995398998260498
0.08602666854858398,0.20264196395874023,0.2066354751586914
0.08487987518310547,0.20424652099609375,0.2088484764099121
0.08617305755615234,0.20128226280212402,0.21037697792053223
0.08624935150146484,0.2016892433166504,0.20910239219665527
0.0992734432220459,0.20222043991088867,0.2093489170074463
0.08425092697143555,0.20199894905090332,0.20965027809143066
0.08692502975463867,0.2022383213043213,0.21088576316833496
0.08679342269897461,0.2029578685760498,0.21536827087402344
0.1129148006439209,0.2007598876953125,0.20219087600708008
0.0873723030090332,0.20188546180725098,0.19962763786315918
0.08473634719848633,0.2026832103729248,0.19846177101135254
0.08518457412719727,0.20291543006896973,0.19690632820129395
0.10727500915527344,0.20422005653381348,0.1946277618408203
0.08734893798828125,0.20436525344848633,0.19518375396728516
0.08796286582946777,0.20529985427856445,0.19547390937805176
0.09220218658447266,0.20322346687316895,0.19392991065979004
0.0850379467010498,0.2034740447998047,0.19425129890441895
0.0859065055847168,0.20626401901245117,0.19370388984680176
0.08678913116455078,0.2031867504119873,0.18947291374206543
0.08642697334289551,0.20386147499084473,0.18770194053649902
0.08645796775817871,0.20419073104858398,0.19811010360717773
0.08412909507751465,0.20532965660095215,0.1891191005706787
0.08650064468383789,0.20540809631347656,0.19317960739135742
0.08612799644470215,0.20195627212524414,0.203873872756958
0.08649730682373047,0.21336770057678223,0.2126162052154541
0.08747434616088867,0.20466375350952148,0.19422149658203125
0.08657288551330566,0.2024834156036377,0.19158077239990234
0.08749198913574219,0.2013857364654541,0.19250249862670898
0.0866386890411377,0.2021503448486328,0.1941227912902832
0.08537888526916504,0.20284652709960938,0.19504070281982422
0.08598947525024414,0.20492196083068848,0.1926722526550293
0.08947968482971191,0.20481204986572266,0.19282197952270508
0.08686518669128418,0.20291805267333984,0.19380831718444824
0.0855860710144043,0.2031419277191162,0.19682908058166504
0.08570528030395508,0.1974809169769287,0.1955430507659912
0.08698654174804688,0.18883252143859863,0.19415616989135742
0.08497214317321777,0.2019181251525879,0.2006855010986328
0.08682394027709961,0.18810462951660156,0.19373798370361328
0.0970149040222168,0.1962270736694336,0.19349241256713867
0.0843806266784668,0.19873261451721191,0.19291257858276367
0.08707690238952637,0.20017695426940918,0.19374608993530273
0.08604931831359863,0.20155692100524902,0.19567441940307617
0.08523774147033691,0.20030426979064941,0.1929187774658203
0.0883643627166748,0.20015740394592285,0.19186639785766602
0.09222126007080078,0.19989538192749023,0.193267822265625
0.08468294143676758,0.20215725898742676,0.19426560401916504
0.08592987060546875,0.20061087608337402,0.1958305835723877
0.08707618713378906,0.20418381690979004,0.19574236869812012
0.08744311332702637,0.2129969596862793,0.19430828094482422
0.08579277992248535,0.2128899097442627,0.19330573081970215
0.08656597137451172,0.21410560607910156,0.1934499740600586
0.0847175121307373,0.21755218505859375,0.20540785789489746
0.08727192878723145,0.21198463439941406,0.2028205394744873
0.08500242233276367,0.21205997467041016,0.19358038902282715
0.08540225028991699,0.21501493453979492,0.1862800121307373
0.08417749404907227,0.20812678337097168,0.18154168128967285
0.08808183670043945,0.2106485366821289,0.18331217765808105
0.08763265609741211,0.21156072616577148,0.18838024139404297
0.0874640941619873,0.20990228652954102,0.19763588905334473
0.08571290969848633,0.2099442481994629,0.20804405212402344
0.08639669418334961,0.2098684310913086,0.2062225341796875
0.08617305755615234,0.20909953117370605,0.2063305377960205
0.08590531349182129,0.20960140228271484,0.20819091796875
0.08693265914916992,0.21320843696594238,0.20534586906433105
0.08779692649841309,0.21111202239990234,0.20547199249267578
0.0875248908996582,0.2106776237487793,0.20638561248779297
0.08744454383850098,0.21630859375,0.20846104621887207
0.08574938774108887,0.21179485321044922,0.209212064743042
0.08688068389892578,0.2116692066192627,0.1988518238067627
0.08622097969055176,0.21168756484985352,0.17961740493774414
0.08622002601623535,0.20987558364868164,0.1789994239807129
0.08533287048339844,0.21618151664733887,0.18477725982666016
0.08512401580810547,0.20967984199523926,0.19008994102478027
0.08712220191955566,0.20726871490478516,0.19498753547668457
0.0868082046508789,0.2098391056060791,0.19548678398132324
0.08513760566711426,0.20641660690307617,0.1963646411895752
0.08612251281738281,0.2064206600189209,0.2045764923095703
0.08843588829040527,0.20697975158691406,0.19491076469421387
0.0875098705291748,0.2082974910736084,0.19507956504821777
0.0855400562286377,0.2064976692199707,0.19545578956604004
0.0865013599395752,0.2092130184173584,0.1989116668701172
0.09223723411560059,0.2100973129272461,0.201765775680542
0.08777260780334473,0.2103590965270996,0.19554829597473145
0.0857846736907959,0.2132883071899414,0.1947948932647705
0.08783841133117676,0.2082386016845703,0.19655966758728027
0.08705377578735352,0.20659375190734863,0.19581174850463867
0.08742523193359375,0.20773673057556152,0.1956925392150879
0.0865163803100586,0.20577239990234375,0.19621944427490234
0.0879366397857666,0.20675015449523926,0.19402694702148438
0.08714985847473145,0.20785999298095703,0.1947765350341797
0.08661890029907227,0.21109867095947266,0.19453191757202148
0.10343003273010254,0.2078711986541748,0.19309282302856445
0.09815382957458496,0.20668935775756836,0.1887500286102295
0.08657598495483398,0.2077481746673584,0.18923664093017578
0.0867464542388916,0.19786810874938965,0.1904311180114746
0.08621883392333984,0.18800783157348633,0.19174933433532715
0.08512210845947266,0.18400359153747559,0.19240403175354004
0.08815765380859375,0.1867506504058838,0.1928083896636963
0.08768415451049805,0.18864941596984863,0.18908023834228516
0.08755159378051758,0.19955825805664062,0.18444347381591797
0.10632443428039551,0.21982192993164062,0.18398189544677734
0.08605265617370605,0.22167420387268066,0.18671083450317383
0.0883169174194336,0.2205958366394043,0.19113969802856445
0.09318041801452637,0.22200655937194824,0.1936933994293213
0.08818483352661133,0.22099614143371582,0.1897602081298828
0.08916378021240234,0.2168266773223877,0.19094252586364746
0.08530378341674805,0.21724438667297363,0.18964028358459473
0.08612537384033203,0.21364116668701172,0.19037771224975586
0.08733868598937988,0.21249008178710938,0.18983221054077148
0.08716511726379395,0.21042990684509277,0.1867387294769287
0.08784103393554688,0.2125842571258545,0.18892669677734375
0.08533668518066406,0.21404695510864258,0.19122767448425293
0.0865781307220459,0.21160221099853516,0.19379782676696777
0.09820866584777832,0.21196794509887695,0.20430397987365723
0.08628153800964355,0.214036226272583,0.1917421817779541
0.08551692962646484,0.2114400863647461,0.19333720207214355
0.08564996719360352,0.2155139446258545,0.19517898559570312
0.08701014518737793,0.2151200771331787,0.18300247192382812
0.08885884284973145,0.2126016616821289,0.18280339241027832
0.08925724029541016,0.21062898635864258,0.18889069557189941
0.08522653579711914,0.21432185173034668,0.19309473037719727
0.0846548080444336,0.21161270141601562,0.1933736801147461
0.08904623985290527,0.2071671485900879,0.1947312355041504
0.08665037155151367,0.20720958709716797,0.19925475120544434
0.0866091251373291,0.21452856063842773,0.1935882568359375
0.08688044548034668,0.2067394256591797,0.19371414184570312
0.08538055419921875,0.2084660530090332,0.19434475898742676
0.08623123168945312,0.22159290313720703,0.1978621482849121
0.0885474681854248,0.20906567573547363,0.19484949111938477
0.10795044898986816,0.20827198028564453,0.20078182220458984
0.09269022941589355,0.20894241333007812,0.1930689811706543
0.0874488353729248,0.20868992805480957,0.19411778450012207
0.09842061996459961,0.20790433883666992,0.19354486465454102
0.0865163803100586,0.20614862442016602,0.19263863563537598
0.08608078956604004,0.20822739601135254,0.19272661209106445
0.0883779525756836,0.20650982856750488,0.19569659233093262
0.08593916893005371,0.20672965049743652,0.19477367401123047
0.08699226379394531,0.20719242095947266,0.19295120239257812
0.08652663230895996,0.20704913139343262,0.19432330131530762
0.08598852157592773,0.20734453201293945,0.19364094734191895
0.08733582496643066,0.20719051361083984,0.19478845596313477
0.08824515342712402,0.20966243743896484,0.1969892978668213
0.09934639930725098,0.20702528953552246,0.19279789924621582
0.08457827568054199,0.20599627494812012,0.19122004508972168
0.08440732955932617,0.2062540054321289,0.1844184398651123
0.08657121658325195,0.20755314826965332,0.1834549903869629
0.08689403533935547,0.2071220874786377,0.19436335563659668
0.08539032936096191,0.20923757553100586,0.199127197265625
0.08835077285766602,0.20695018768310547,0.21156930923461914
0.09203672409057617,0.20725393295288086,0.22332549095153809
0.08700132369995117,0.20795822143554688,0.22179365158081055
0.08649635314941406,0.20545506477355957,0.22113513946533203
0.08574724197387695,0.2056746482849121,0.2222301959991455
0.08672451972961426,0.2070462703704834,0.22190546989440918
0.08722400665283203,0.20888328552246094,0.22851967811584473
0.08717966079711914,0.21864843368530273,0.22516632080078125
0.08705329895019531,0.21724653244018555,0.2316758632659912
0.08540821075439453,0.2081444263458252,0.2205507755279541
0.08816647529602051,0.20826125144958496,0.22107863426208496
0.0862894058227539,0.21152853965759277,0.22139859199523926
0.08902907371520996,0.2073514461517334,0.22185397148132324
0.08934807777404785,0.2073979377746582,0.21288228034973145
0.08925032615661621,0.2082676887512207,0.21040630340576172
0.08558177947998047,0.2063446044921875,0.20672297477722168
0.08922481536865234,0.20662665367126465,0.20797395706176758
0.08802318572998047,0.21108269691467285,0.20869135856628418
0.08830809593200684,0.2055666446685791,0.2034621238708496
0.08883261680603027,0.20586609840393066,0.1996307373046875
0.08656191825866699,0.20633554458618164,0.1990501880645752
0.08623671531677246,0.2069075107574463,0.19987726211547852
0.08751535415649414,0.20592141151428223,0.197723388671875
0.08778190612792969,0.2070755958557129,0.1938314437866211
0.08530616760253906,0.2127704620361328,0.19434785842895508
0.08693265914916992,0.20825433731079102,0.19481921195983887
0.0865628719329834,0.2096560001373291,0.19864845275878906
0.08835172653198242,0.21562957763671875,0.20624923706054688
0.08888840675354004,0.2064838409423828,0.19667577743530273
0.08818626403808594,0.20712971687316895,0.19187116622924805
0.09065508842468262,0.21115803718566895,0.19171857833862305
0.08713793754577637,0.20918917655944824,0.19060301780700684
0.09259605407714844,0.2091693878173828,0.1926119327545166
0.08691954612731934,0.2096712589263916,0.19172453880310059
0.08469033241271973,0.20965027809143066,0.1938796043395996
0.0883324146270752,0.2078871726989746,0.1963181495666504
0.08698344230651855,0.2076566219329834,0.20023894309997559
0.08727550506591797,0.2101731300354004,0.19454407691955566
0.08640003204345703,0.20779085159301758,0.18514347076416016
0.0871889591217041,0.2182164192199707,0.19068121910095215
0.08720684051513672,0.2081127166748047,0.1779935359954834
0.08908653259277344,0.2059650421142578,0.1850574016571045
0.0852670669555664,0.20630717277526855,0.18909931182861328
0.08759570121765137,0.2071976661682129,0.19341063499450684
0.09449267387390137,0.20691823959350586,0.19586539268493652
0.09174108505249023,0.20574450492858887,0.19414734840393066
0.0906822681427002,0.2062849998474121,0.19883108139038086
0.08582568168640137,0.2067890167236328,0.1949143409729004
0.08625435829162598,0.20917844772338867,0.19541311264038086
0.08758187294006348,0.20696783065795898,0.19455480575561523
0.08672761917114258,0.20794296264648438,0.19840359687805176
0.08737373352050781,0.2058706283569336,0.20444345474243164
0.08886837959289551,0.20605134963989258,0.1982271671295166
0.08660340309143066,0.21002793312072754,0.20053982734680176
0.08820056915283203,0.2144932746887207,0.21309924125671387
0.08913922309875488,0.21151185035705566,0.20119833946228027
0.08662295341491699,0.2070908546447754,0.1975107192993164
0.08656811714172363,0.20707297325134277,0.1997058391571045
0.08731365203857422,0.206801176071167,0.20107674598693848
0.08868598937988281,0.20856571197509766,0.21534323692321777
0.0852665901184082,0.2092266082763672,0.21577143669128418
0.08702254295349121,0.20725107192993164,0.21648168563842773
0.08808708190917969,0.208052396774292,0.21686816215515137
0.0866236686706543,0.21464848518371582,0.22322297096252441
0.08595919609069824,0.2090284824371338,0.22773313522338867
0.08698678016662598,0.20825433731079102,0.21592307090759277
0.0886991024017334,0.20665526390075684,0.21624064445495605
0.08573079109191895,0.20586705207824707,0.21805763244628906
0.0841360092163086,0.20601606369018555,0.21695947647094727
0.08751845359802246,0.20113897323608398,0.21769976615905762
0.08692002296447754,0.1887531280517578,0.21642613410949707
0.08960318565368652,0.18516016006469727,0.2172260284423828
0.08577322959899902,0.18541979789733887,0.21750211715698242
0.08866381645202637,0.18602895736694336,0.21603035926818848
0.08842825889587402,0.1917264461517334,0.2187333106994629
0.08671832084655762,0.21156740188598633,0.21565699577331543
0.08891081809997559,0.21486997604370117,0.21667981147766113
0.0894463062286377,0.21537256240844727,0.20180678367614746
0.08595776557922363,0.21444940567016602,0.19016122817993164
0.08722186088562012,0.21529531478881836,0.18276143074035645
0.08602142333984375,0.22212576866149902,0.18944621086120605
0.08665227890014648,0.21201133728027344,0.1892561912536621
0.0885763168334961,0.2141578197479248,0.19865822792053223
0.08740782737731934,0.21628260612487793,0.21652483940124512
0.08701920509338379,0.21340441703796387,0.22114777565002441
0.0959022045135498,0.21630001068115234,0.20621538162231445
0.08773660659790039,0.21222186088562012,0.1994936466217041
0.08731365203857422,0.2140946388244629,0.19361662864685059
0.08432340621948242,0.21557021141052246,0.19119691848754883
0.08586883544921875,0.21267986297607422,0.1941695213317871
0.08646798133850098,0.21346807479858398,0.20058059692382812
0.08838415145874023,0.21593666076660156,0.20836305618286133
0.08777356147766113,0.2135319709777832,0.19801855087280273
0.08725261688232422,0.21882152557373047,0.18867111206054688
0.08638525009155273,0.21256589889526367,0.1889209747314453
0.08774805068969727,0.21438360214233398,0.19046783447265625
0.08580231666564941,0.21330666542053223,0.19276022911071777
0.09464287757873535,0.21210289001464844,0.19859623908996582
0.10055184364318848,0.2077639102935791,0.20959806442260742
0.08789396286010742,0.2072148323059082,0.21997976303100586
0.08707213401794434,0.21021580696105957,0.2205665111541748
0.1023714542388916,0.2080533504486084,0.21942567825317383
0.08939003944396973,0.20780658721923828,0.21827220916748047
0.08635997772216797,0.20829272270202637,0.21144652366638184
0.08711600303649902,0.206437349319458,0.20637297630310059
0.0876924991607666,0.21690893173217773,0.2022850513458252
0.08466839790344238,0.20973849296569824,0.20083999633789062
0.0872647762298584,0.2103738784790039,0.19722247123718262
0.08853435516357422,0.2111196517944336,0.19668221473693848
0.08696341514587402,0.21032452583312988,0.19565558433532715
0.08708500862121582,0.20936179161071777,0.1951901912689209
0.0876913070678711,0.20845293998718262,0.19499993324279785
0.08642077445983887,0.20763397216796875,0.19740915298461914
0.08745050430297852,0.20847320556640625,0.19926857948303223
0.08750510215759277,0.20819640159606934,0.19512653350830078
0.08742499351501465,0.20995378494262695,0.20276165008544922
0.086639404296875,0.21331310272216797,0.2091233730316162
0.08695054054260254,0.21199822425842285,0.19641375541687012
0.08909296989440918,0.20864653587341309,0.19313549995422363
0.08592438697814941,0.2107253074645996,0.19312095642089844
0.08615922927856445,0.20947742462158203,0.19192194938659668
0.08670186996459961,0.20866179466247559,0.1874220371246338
0.08724403381347656,0.21075725555419922,0.18680763244628906
0.08816123008728027,0.2096855640411377,0.1898670196533203
0.08911013603210449,0.20892095565795898,0.19503998756408691
0.08830904960632324,0.20850300788879395,0.19523286819458008
0.1015939712524414,0.2069091796875,0.20599055290222168
0.08811283111572266,0.21043086051940918,0.19329833984375
0.08980059623718262,0.2082231044769287,0.19303488731384277
0.08781075477600098,0.2203221321105957,0.19438505172729492
0.08720755577087402,0.21214890480041504,0.19457268714904785
0.08896994590759277,0.2069697380065918,0.19413495063781738
0.08921313285827637,0.20816731452941895,0.19413471221923828
0.10680508613586426,0.20777440071105957,0.19428706169128418
0.09712457656860352,0.2083268165588379,0.1941206455230713
0.09821081161499023,0.20771026611328125,0.19303441047668457
0.09454202651977539,0.20795440673828125,0.19321799278259277
0.08458304405212402,0.19922828674316406,0.1921398639678955
0.08904838562011719,0.18837785720825195,0.19260787963867188
0.0867166519165039,0.18759894371032715,0.1921086311340332
0.08514881134033203,0.19142365455627441,0.19479107856750488
0.08542394638061523,0.1948072910308838,0.20006108283996582
0.0873715877532959,0.19742393493652344,0.19348859786987305
0.08704471588134766,0.19859623908996582,0.19388294219970703
0.08818531036376953,0.20900821685791016,0.19317913055419922
0.08776259422302246,0.20704150199890137,0.1941537857055664
0.08909058570861816,0.20466995239257812,0.19420552253723145
0.0883173942565918,0.20499229431152344,0.19378161430358887
0.08661603927612305,0.21143031120300293,0.18953180313110352
0.0867607593536377,0.21134042739868164,0.1923975944519043
0.08547091484069824,0.2031397819519043,0.17687535285949707
0.08821630477905273,0.20002388954162598,0.1843702793121338
0.08907961845397949,0.1859426498413086,0.1866133213043213
0.08677196502685547,0.185136079788208,0.1933917999267578
0.08572077751159668,0.18645668029785156,0.19732904434204102
0.08552193641662598,0.18593811988830566,0.20235562324523926
0.08989143371582031,0.19300389289855957,0.20093655586242676
0.10140752792358398,0.23680543899536133,0.20035624504089355
0.08896541595458984,0.26757001876831055,0.20038557052612305
0.08613014221191406,0.253582239151001,0.2005786895751953
0.0865781307220459,0.2519838809967041,0.21336841583251953
0.08784937858581543,0.24583768844604492,0.20062685012817383
0.08900976181030273,0.23729658126831055,0.20064473152160645
0.08493614196777344,0.23626017570495605,0.2000255584716797
0.08950304985046387,0.2259373664855957,0.20061492919921875
0.08690428733825684,0.22548222541809082,0.20112037658691406
0.08760333061218262,0.2266378402709961,0.20202136039733887
0.08658146858215332,0.22408461570739746,0.2025444507598877
0.08758091926574707,0.219956636428833,0.19875717163085938
