0.15052080154418945,0.23549365997314453,0.20555496215820312
0.09116435050964355,0.18974566459655762,0.19079065322875977
0.08830070495605469,0.2016613483428955,0.1754302978515625
0.08277511596679688,0.20659255981445312,0.19003009796142578
0.08717560768127441,0.19774985313415527,0.18246960639953613
0.08334827423095703,0.1964569091796875,0.1750783920288086
0.0857384204864502,0.19432282447814941,0.1749417781829834
0.08534669876098633,0.19093060493469238,0.17587065696716309
0.08249235153198242,0.18481159210205078,0.1737346649169922
0.08243012428283691,0.1963818073272705,0.1747589111328125
0.08128046989440918,0.19693875312805176,0.17652034759521484
0.08344721794128418,0.1929018497467041,0.1823110580444336
0.09496164321899414,0.1949455738067627,0.18834686279296875
0.08353352546691895,0.2041480541229248,0.19130849838256836
0.08426809310913086,0.20438170433044434,0.19309353828430176
0.08364534378051758,0.19499778747558594,0.1746203899383545
0.09211063385009766,0.18870186805725098,0.17221951484680176
0.08260202407836914,0.19699597358703613,0.17366933822631836
0.0833125114440918,0.18628454208374023,0.17136859893798828
0.08394932746887207,0.1927940845489502,0.17322254180908203
0.08221793174743652,0.18915200233459473,0.17248153686523438
0.08549332618713379,0.2020246982574463,0.17616963386535645
0.08656930923461914,0.19739794731140137,0.17285871505737305
0.09256124496459961,0.2026233673095703,0.18075037002563477
0.08220982551574707,0.1867203712463379,0.17226052284240723
0.08237314224243164,0.19356632232666016,0.17140889167785645
0.08563041687011719,0.1898329257965088,0.22163081169128418
0.08510684967041016,0.1990365982055664,0.17498183250427246
0.0873105525970459,0.1855928897857666,0.17307686805725098
0.08421969413757324,0.1927046775817871,0.17244434356689453
0.0836338996887207,0.19272971153259277,0.17450642585754395
0.08422112464904785,0.19887018203735352,0.17395591735839844
0.0824432373046875,0.20476412773132324,0.1811542510986328
0.08541560173034668,0.19282746315002441,0.1801588535308838
0.08447813987731934,0.2184751033782959,0.17201805114746094
0.09585762023925781,0.1936948299407959,0.17183732986450195
0.08274722099304199,0.1915900707244873,0.1714174747467041
0.08552265167236328,0.20429754257202148,0.17371249198913574
0.08425569534301758,0.19104218482971191,0.1844484806060791
0.08781147003173828,0.21334004402160645,0.1759798526763916
0.08541178703308105,0.21533870697021484,0.1740405559539795
0.09430241584777832,0.1943826675415039,0.1718430519104004
0.08617019653320312,0.19065213203430176,0.1733102798461914
0.0841062068939209,0.19668817520141602,0.1746196746826172
0.08552145957946777,0.19986987113952637,0.17574572563171387
0.08699417114257812,0.19884943962097168,0.17333722114562988
0.0887298583984375,0.20010042190551758,0.18425798416137695
0.08422088623046875,0.2072594165802002,0.1762080192565918
0.0900580883026123,0.18836140632629395,0.17289161682128906
0.08377695083618164,0.19423913955688477,0.1729724407196045
0.08300900459289551,0.18955397605895996,0.17398643493652344
0.0836036205291748,0.20294618606567383,0.17343497276306152
0.08617830276489258,0.18942523002624512,0.18142271041870117
0.09145712852478027,0.20768070220947266,0.18550419807434082
0.08598637580871582,0.19968438148498535,0.18702030181884766
0.08324575424194336,0.1993112564086914,0.1735389232635498
0.08533120155334473,0.1889042854309082,0.17365455627441406
0.08541512489318848,0.2029738426208496,0.1739950180053711
0.0861668586730957,0.20082688331604004,0.19154119491577148
0.08505368232727051,0.20212483406066895,0.20087933540344238
0.10723066329956055,0.2133193016052246,0.18773841857910156
0.08927369117736816,0.1947169303894043,0.18546605110168457
0.09274077415466309,0.22108817100524902,0.19662690162658691
0.08321166038513184,0.2684767246246338,0.21540427207946777
0.1287393569946289,0.19475793838500977,0.18529272079467773
0.12559080123901367,0.21740055084228516,0.1899886131286621
0.11142349243164062,0.2086632251739502,0.1880052089691162
0.13305449485778809,0.1918478012084961,0.18555045127868652
0.11259913444519043,0.1904468536376953,0.19395804405212402
0.10995268821716309,0.23146772384643555,0.2251720428466797
0.12543082237243652,0.18864202499389648,0.18137598037719727
0.1263713836669922,0.19289278984069824,0.1753990650177002
0.09619855880737305,0.18887591361999512,0.17621231079101562
0.08475041389465332,0.21103453636169434,0.18277788162231445
0.08558535575866699,0.18878769874572754,0.17529702186584473
0.08436107635498047,0.20129919052124023,0.1847972869873047
0.08309650421142578,0.18915796279907227,0.18430352210998535
0.11358523368835449,0.20243000984191895,0.19486403465270996
0.08622622489929199,0.18985652923583984,0.18125605583190918
0.11046361923217773,0.19497251510620117,0.1832897663116455
0.08386635780334473,0.19551873207092285,0.18900203704833984
0.09408402442932129,0.20360970497131348,0.21900606155395508
0.11422467231750488,0.2095351219177246,0.2071683406829834
0.11546921730041504,0.20880341529846191,0.19358181953430176
0.12695026397705078,0.19147300720214844,0.19462847709655762
0.11197209358215332,0.20144414901733398,0.19463729858398438
0.08834600448608398,0.22116541862487793,0.21646404266357422
0.1261584758758545,0.24100041389465332,0.22437334060668945
0.11571025848388672,0.22470808029174805,0.23132109642028809
0.12732172012329102,0.20863962173461914,0.2216801643371582
0.13327264785766602,0.2283318042755127,0.22379708290100098
0.16449904441833496,0.22724151611328125,0.1937084197998047
0.12076663970947266,0.20309829711914062,0.23627018928527832
0.13223791122436523,0.214127779006958,0.19512248039245605
0.12442636489868164,0.20379924774169922,0.204315185546875
0.12582659721374512,0.1913442611694336,0.211653470993042
0.1351642608642578,0.19490265846252441,0.18835806846618652
0.08287978172302246,0.20986509323120117,0.19997262954711914
0.1206052303314209,0.19905447959899902,0.21222496032714844
0.12152695655822754,0.21186614036560059,0.20983409881591797
0.15018582344055176,0.19544458389282227,0.18685150146484375
0.09769177436828613,0.23585104942321777,0.2197723388671875
0.12369537353515625,0.23822832107543945,0.2274913787841797
0.08857870101928711,0.24006175994873047,0.22101211547851562
0.11663532257080078,0.20810747146606445,0.2058858871459961
0.15435457229614258,0.1979234218597412,0.1922290325164795
0.11924290657043457,0.21158361434936523,0.2125096321105957
0.11113643646240234,0.2286970615386963,0.1954963207244873
0.12825417518615723,0.1919550895690918,0.19162225723266602
0.12339973449707031,0.19542336463928223,0.17399311065673828
0.08360123634338379,0.19762563705444336,0.17402219772338867
0.10027122497558594,0.19778943061828613,0.1753523349761963
0.09154844284057617,0.19260859489440918,0.18148159980773926
0.08373284339904785,0.19752740859985352,0.17494893074035645
0.08407092094421387,0.19200968742370605,0.1757650375366211
0.0835118293762207,0.18963170051574707,0.17338299751281738
0.0839395523071289,0.1869964599609375,0.17564868927001953
0.08539247512817383,0.19442415237426758,0.17472577095031738
0.08736515045166016,0.188307523727417,0.17336010932922363
0.09357118606567383,0.19054627418518066,0.18387269973754883
0.08585810661315918,0.19965171813964844,0.18541264533996582
0.08472537994384766,0.21025967597961426,0.19508814811706543
0.08444857597351074,0.1960465908050537,0.1733098030090332
0.08266115188598633,0.19175457954406738,0.17466974258422852
0.09378695487976074,0.18923354148864746,0.17300057411193848
0.0831153392791748,0.19099688529968262,0.17589211463928223
0.08384418487548828,0.20366597175598145,0.17447495460510254
0.08484125137329102,0.19019651412963867,0.17481660842895508
0.08682894706726074,0.18900704383850098,0.17488431930541992
0.08579373359680176,0.19634222984313965,0.1764826774597168
0.0851280689239502,0.19502711296081543,0.18737053871154785
0.08659243583679199,0.19782567024230957,0.17648839950561523
0.09825849533081055,0.189650297164917,0.17465710639953613
0.09706902503967285,0.1906745433807373,0.1753828525543213
0.08500552177429199,0.19226598739624023,0.17462563514709473
0.08478236198425293,0.1976020336151123,0.17569255828857422
0.0863790512084961,0.19228291511535645,0.1770002841949463
0.08633923530578613,0.19349074363708496,0.17609691619873047
0.0844261646270752,0.190582275390625,0.18174433708190918
0.08368349075317383,0.2113192081451416,0.18033695220947266
0.08396244049072266,0.19304442405700684,0.19141435623168945
0.08374428749084473,0.19461703300476074,0.17690014839172363
0.09219598770141602,0.18950271606445312,0.17487025260925293
0.08415937423706055,0.19959259033203125,0.17713284492492676
0.08501505851745605,0.1916673183441162,0.17533183097839355
0.09164571762084961,0.19078707695007324,0.17517781257629395
0.08387327194213867,0.1928706169128418,0.17620444297790527
0.08417391777038574,0.2003018856048584,0.17430949211120605
0.08538222312927246,0.20224380493164062,0.1832263469696045
0.08347153663635254,0.19220900535583496,0.17595481872558594
0.08584046363830566,0.20061469078063965,0.17563748359680176
0.08396005630493164,0.18990373611450195,0.17688608169555664
0.09836840629577637,0.19232749938964844,0.1749587059020996
0.08607745170593262,0.19426321983337402,0.17595481872558594
0.08426737785339355,0.19550371170043945,0.1761455535888672
0.08511710166931152,0.19101738929748535,0.1759185791015625
0.0934147834777832,0.1923525333404541,0.17692828178405762
0.0846095085144043,0.20196318626403809,0.1827394962310791
0.08574628829956055,0.19741058349609375,0.1754915714263916
0.08904814720153809,0.19110918045043945,0.1767725944519043
0.0896766185760498,0.18930530548095703,0.1769707202911377
0.08381199836730957,0.19062185287475586,0.1764061450958252
0.08465242385864258,0.19361376762390137,0.1762385368347168
0.08637142181396484,0.19885945320129395,0.1753218173980713
0.08312511444091797,0.18878698348999023,0.17635536193847656
0.09472370147705078,0.19200468063354492,0.17499494552612305
0.08544325828552246,0.19405889511108398,0.18019914627075195
0.08525514602661133,0.19963431358337402,0.18365740776062012
0.08498334884643555,0.19016695022583008,0.177293062210083
0.10716509819030762,0.19030547142028809,0.17638540267944336
0.08550047874450684,0.19091463088989258,0.17724227905273438
0.08513808250427246,0.1912233829498291,0.1767110824584961
0.08763980865478516,0.19338059425354004,0.17603182792663574
0.0859382152557373,0.1908740997314453,0.17950224876403809
0.0868687629699707,0.18849563598632812,0.17593908309936523
0.08475947380065918,0.18933868408203125,0.17601251602172852
0.08424520492553711,0.19219684600830078,0.18793821334838867
0.08471465110778809,0.19731998443603516,0.18393802642822266
0.09350705146789551,0.20384740829467773,0.18140721321105957
0.09097480773925781,0.18901515007019043,0.17789864540100098
0.09799766540527344,0.1954786777496338,0.1770009994506836
0.08424973487854004,0.19264531135559082,0.17758393287658691
0.08468317985534668,0.19258642196655273,0.17594075202941895
0.0829615592956543,0.18911170959472656,0.17779278755187988
0.08391261100769043,0.19885921478271484,0.1785728931427002
0.08382749557495117,0.19831228256225586,0.17609405517578125
0.08506464958190918,0.19221234321594238,0.180267333984375
0.09289908409118652,0.19373798370361328,0.17725443840026855
0.08335018157958984,0.19560694694519043,0.17672991752624512
0.08628058433532715,0.192230224609375,0.17683839797973633
0.0886693000793457,0.19097232818603516,0.17867708206176758
0.085052490234375,0.19266223907470703,0.17738866806030273
0.08439350128173828,0.1930229663848877,0.1790940761566162
0.08841776847839355,0.1998882293701172,0.17602276802062988
0.09089946746826172,0.1918928623199463,0.17712187767028809
0.08713912963867188,0.19190311431884766,0.17923545837402344
0.08464860916137695,0.1898186206817627,0.18094563484191895
0.0845646858215332,0.2057969570159912,0.18654179573059082
0.08397936820983887,0.19669246673583984,0.18615436553955078
0.09299969673156738,0.19982004165649414,0.191178560256958
0.08469986915588379,0.20059752464294434,0.17778587341308594
0.0852348804473877,0.19602704048156738,0.1763606071472168
0.0853884220123291,0.19467496871948242,0.17713212966918945
0.08369731903076172,0.19320130348205566,0.1763899326324463
0.08532929420471191,0.1990971565246582,0.17743730545043945
0.08920526504516602,0.19693303108215332,0.18013572692871094
0.11142683029174805,0.19027447700500488,0.17897772789001465
0.09319400787353516,0.19686150550842285,0.18534088134765625
0.08594965934753418,0.1978626251220703,0.18051838874816895
0.08559179306030273,0.21083974838256836,0.19535017013549805
0.08554911613464355,0.19531559944152832,0.19234657287597656
0.09957551956176758,0.19179105758666992,0.17809319496154785
0.08447813987731934,0.19244670867919922,0.1800525188446045
0.08498549461364746,0.19472908973693848,0.1800403594970703
0.08649206161499023,0.19220685958862305,0.17879509925842285
0.09377384185791016,0.18873858451843262,0.1780862808227539
0.08520913124084473,0.19931745529174805,0.17998194694519043
0.08654046058654785,0.19155049324035645,0.17821502685546875
0.08658933639526367,0.19279956817626953,0.17843127250671387
0.08769893646240234,0.19115877151489258,0.18158197402954102
0.08444905281066895,0.19959545135498047,0.19244718551635742
0.08407735824584961,0.19991445541381836,0.19115757942199707
0.08876395225524902,0.19898700714111328,0.20855355262756348
0.08532428741455078,0.20435500144958496,0.1873941421508789
0.11663436889648438,0.20231151580810547,0.18291330337524414
0.11200165748596191,0.1944568157196045,0.19338607788085938
0.09339785575866699,0.20043206214904785,0.1913163661956787
0.08377408981323242,0.19284343719482422,0.18047165870666504
0.08768486976623535,0.1947793960571289,0.17998886108398438
0.08501839637756348,0.19939517974853516,0.1784677505493164
0.10982108116149902,0.19402146339416504,0.18023681640625
0.09077715873718262,0.1930217742919922,0.18106746673583984
0.08467793464660645,0.1942005157470703,0.18291354179382324
0.08479714393615723,0.19048094749450684,0.1817328929901123
0.08403968811035156,0.19077730178833008,0.18074369430541992
0.09720826148986816,0.19047045707702637,0.18779778480529785
0.08459877967834473,0.19712448120117188,0.1802816390991211
0.08464169502258301,0.20075464248657227,0.1866919994354248
0.09100556373596191,0.19349312782287598,0.18934082984924316
0.08746576309204102,0.19532203674316406,0.18904733657836914
0.08503508567810059,0.19504904747009277,0.18265199661254883
0.08424115180969238,0.19112586975097656,0.1796412467956543
0.08487439155578613,0.19224810600280762,0.18252873420715332
0.08511877059936523,0.19019389152526855,0.18698978424072266
0.0899205207824707,0.19510793685913086,0.19344568252563477
0.0858757495880127,0.20622849464416504,0.1824791431427002
0.09126973152160645,0.19429898262023926,0.18426871299743652
0.09155964851379395,0.19073772430419922,0.1857433319091797
0.08396697044372559,0.19494295120239258,0.1840360164642334
0.0860300064086914,0.19426631927490234,0.18429327011108398
0.08958745002746582,0.19575881958007812,0.1838839054107666
0.10784554481506348,0.19103431701660156,0.19305920600891113
0.09988880157470703,0.19386029243469238,0.19296789169311523
0.08365345001220703,0.19195175170898438,0.1953597068786621
0.08563899993896484,0.19849085807800293,0.2052321434020996
0.08455491065979004,0.20638322830200195,0.18216419219970703
0.10659265518188477,0.20350170135498047,0.18659400939941406
0.08818721771240234,0.20012211799621582,0.18640446662902832
0.08428645133972168,0.19276666641235352,0.18174195289611816
0.08817410469055176,0.19081711769104004,0.1845390796661377
0.08443498611450195,0.1928856372833252,0.18834137916564941
0.08651113510131836,0.1916344165802002,0.19148516654968262
0.09842729568481445,0.19110512733459473,0.19739151000976562
0.095916748046875,0.19620347023010254,0.19128799438476562
0.08417940139770508,0.19959473609924316,0.1866927146911621
0.0966191291809082,0.19255995750427246,0.19063711166381836
0.09822225570678711,0.1930098533630371,0.1885223388671875
0.08346128463745117,0.19359946250915527,0.18761515617370605
0.08503174781799316,0.20609235763549805,0.1841585636138916
0.09105086326599121,0.19121170043945312,0.18602633476257324
0.09292006492614746,0.1915113925933838,0.19634103775024414
0.08385491371154785,0.19240283966064453,0.18913030624389648
0.08428120613098145,0.19606614112854004,0.1897420883178711
0.0847923755645752,0.19212007522583008,0.19084501266479492
0.09435200691223145,0.1900796890258789,0.187530517578125
0.08508634567260742,0.19329214096069336,0.19745635986328125
0.08362984657287598,0.19315743446350098,0.19651508331298828
0.08816146850585938,0.20446467399597168,0.18723845481872559
0.09332966804504395,0.19356060028076172,0.19589996337890625
0.09366130828857422,0.19092726707458496,0.19224023818969727
0.08545994758605957,0.19211196899414062,0.19392824172973633
0.08675670623779297,0.19300246238708496,0.19448423385620117
0.08539795875549316,0.1927168369293213,0.1964707374572754
0.09805035591125488,0.19638609886169434,0.20141816139221191
0.09429502487182617,0.19573068618774414,0.19250059127807617
0.09659242630004883,0.1888422966003418,0.19339227676391602
0.10202288627624512,0.19501233100891113,0.19486141204833984
0.08406829833984375,0.1930696964263916,0.20430779457092285
0.08477425575256348,0.19415760040283203,0.2005467414855957
0.08600950241088867,0.19431829452514648,0.1921248435974121
0.08566141128540039,0.19406509399414062,0.19301486015319824
0.09419870376586914,0.19300079345703125,0.1930387020111084
0.0837852954864502,0.19835424423217773,0.19225692749023438
0.0852663516998291,0.19482207298278809,0.20191431045532227
0.0872037410736084,0.19604182243347168,0.1975100040435791
0.09468746185302734,0.19563841819763184,0.19977378845214844
0.08878588676452637,0.1940157413482666,0.19741296768188477
0.08403801918029785,0.19081687927246094,0.19665050506591797
0.08623957633972168,0.1940474510192871,0.1967792510986328
0.08688068389892578,0.20380568504333496,0.20226001739501953
0.09818577766418457,0.19279265403747559,0.19516730308532715
0.09643435478210449,0.19129252433776855,0.19359278678894043
0.08405327796936035,0.1959683895111084,0.19148898124694824
0.08414793014526367,0.21086955070495605,0.19989728927612305
0.08506178855895996,0.20354580879211426,0.1880664825439453
0.10912299156188965,0.20772147178649902,0.18940067291259766
0.08603858947753906,0.20323705673217773,0.20169782638549805
0.08636474609375,0.1903243064880371,0.2130582332611084
0.08504104614257812,0.19418597221374512,0.1990489959716797
0.11386275291442871,0.19652628898620605,0.19272232055664062
0.08533167839050293,0.19541049003601074,0.1927781105041504
0.08514237403869629,0.19346165657043457,0.20267200469970703
0.08506011962890625,0.19371795654296875,0.19457054138183594
0.08731818199157715,0.19421744346618652,0.1951441764831543
0.08543539047241211,0.2014608383178711,0.19173574447631836
0.09941911697387695,0.19450712203979492,0.18628215789794922
0.09156918525695801,0.1921064853668213,0.18515229225158691
0.08545351028442383,0.19262099266052246,0.19666504859924316
0.09063076972961426,0.20293688774108887,0.1796867847442627
0.08708786964416504,0.19271230697631836,0.18667054176330566
0.08792734146118164,0.19304585456848145,0.19364619255065918
0.08562088012695312,0.19424653053283691,0.1943824291229248
0.08662080764770508,0.2028484344482422,0.19876623153686523
0.08532071113586426,0.20077204704284668,0.2026207447052002
0.08934569358825684,0.23545169830322266,0.20380663871765137
0.09073042869567871,0.20003080368041992,0.19557929039001465
0.08470010757446289,0.19259977340698242,0.19634437561035156
0.0846712589263916,0.1918339729309082,0.19745278358459473
0.08574676513671875,0.19243264198303223,0.20300889015197754
0.08846068382263184,0.1927790641784668,0.1958296298980713
0.0845940113067627,0.19213128089904785,0.19690823554992676
0.08513331413269043,0.19503569602966309,0.1981823444366455
0.08508920669555664,0.19561314582824707,0.20308756828308105
0.0856475830078125,0.1938009262084961,0.19585943222045898
0.08393597602844238,0.19540095329284668,0.19656062126159668
0.0863044261932373,0.1953270435333252,0.19838500022888184
0.08422684669494629,0.19300103187561035,0.20656466484069824
0.08479189872741699,0.19588947296142578,0.19517946243286133
0.08537054061889648,0.19480395317077637,0.19598007202148438
0.0860908031463623,0.2007906436920166,0.19600725173950195
0.11136126518249512,0.19064903259277344,0.1952815055847168
0.09317636489868164,0.19331932067871094,0.19675874710083008
0.08568549156188965,0.19144892692565918,0.20110630989074707
0.0843348503112793,0.1963670253753662,0.19684457778930664
0.08525466918945312,0.19410037994384766,0.19287586212158203
0.08608460426330566,0.19351816177368164,0.19297409057617188
0.08770585060119629,0.19516849517822266,0.20138239860534668
0.08421015739440918,0.20480060577392578,0.19494175910949707
0.08495974540710449,0.1943821907043457,0.19449734687805176
0.09569525718688965,0.1923384666442871,0.19716715812683105
0.08521533012390137,0.1941993236541748,0.19878935813903809
0.08543252944946289,0.19458961486816406,0.1985945701599121
0.08517837524414062,0.1951289176940918,0.1943988800048828
0.08519959449768066,0.20491862297058105,0.19515562057495117
0.08661985397338867,0.19443535804748535,0.195831298828125
0.10016489028930664,0.19209504127502441,0.19189667701721191
0.08597159385681152,0.19289112091064453,0.18898391723632812
0.08464503288269043,0.21361517906188965,0.1831371784210205
0.08602738380432129,0.20395302772521973,0.18309497833251953
0.09319758415222168,0.20516300201416016,0.19329571723937988
0.08594393730163574,0.1942763328552246,0.19468140602111816
0.0850372314453125,0.1957688331604004,0.20658087730407715
0.08663749694824219,0.19188952445983887,0.1980443000793457
0.09357476234436035,0.1936173439025879,0.19652295112609863
0.08724617958068848,0.1927344799041748,0.20757150650024414
0.08462738990783691,0.19359302520751953,0.19759321212768555
0.08591222763061523,0.19428205490112305,0.19669270515441895
0.08518457412719727,0.19913482666015625,0.19622802734375
0.08600187301635742,0.19463157653808594,0.20537734031677246
0.08533096313476562,0.19318413734436035,0.1975405216217041
0.08586883544921875,0.20359396934509277,0.19544029235839844
0.08409404754638672,0.1955878734588623,0.19641399383544922
0.0862431526184082,0.19463896751403809,0.20532989501953125
0.08678483963012695,0.1929914951324463,0.19317889213562012
0.0867612361907959,0.19559669494628906,0.19359493255615234
0.08569169044494629,0.2020423412322998,0.19227075576782227
0.09433555603027344,0.19350481033325195,0.19331932067871094
0.09406709671020508,0.1952366828918457,0.19963645935058594
0.08613443374633789,0.19189810752868652,0.19099855422973633
0.09354662895202637,0.20627546310424805,0.19228863716125488
0.08501029014587402,0.19583821296691895,0.19016218185424805
0.08888626098632812,0.1954958438873291,0.19385218620300293
0.08573436737060547,0.19490361213684082,0.191483736038208
0.08449101448059082,0.2027571201324463,0.18502521514892578
0.09508299827575684,0.19284701347351074,0.18602228164672852
0.09405398368835449,0.19481396675109863,0.18617916107177734
0.08515739440917969,0.19646525382995605,0.19063591957092285
0.08498620986938477,0.19703245162963867,0.1876235008239746
0.08675527572631836,0.19376802444458008,0.18590521812438965
0.09636735916137695,0.193464994430542,0.18785667419433594
0.0845022201538086,0.19492506980895996,0.1932682991027832
0.08506298065185547,0.19408392906188965,0.18854331970214844
0.08611059188842773,0.20366787910461426,0.19434452056884766
0.09439754486083984,0.19547820091247559,0.1841592788696289
0.0972135066986084,0.20386481285095215,0.19241929054260254
0.08517622947692871,0.21108055114746094,0.20360898971557617
0.08673310279846191,0.19354629516601562,0.1997075080871582
0.10263395309448242,0.19436001777648926,0.18505311012268066
0.09198498725891113,0.19630789756774902,0.1838517189025879
0.08620047569274902,0.19603610038757324,0.18383049964904785
0.08396053314208984,0.1947004795074463,0.17984294891357422
0.0842289924621582,0.19573163986206055,0.18704009056091309
0.08476734161376953,0.19942617416381836,0.18655967712402344
0.08817887306213379,0.19515061378479004,0.18413710594177246
0.09028339385986328,0.1944141387939453,0.20139145851135254
0.08426451683044434,0.19573402404785156,0.18010640144348145
0.08489489555358887,0.20539498329162598,0.18613433837890625
0.08648490905761719,0.20617175102233887,0.18662357330322266
0.08842730522155762,0.20201444625854492,0.1989119052886963
0.08422255516052246,0.20618247985839844,0.19800305366516113
0.08614587783813477,0.1941378116607666,0.19795966148376465
0.08476567268371582,0.19573044776916504,0.18884015083312988
0.09920001029968262,0.1969296932220459,0.1878190040588379
0.08540129661560059,0.2064206600189209,0.18784022331237793
0.08881568908691406,0.19537639617919922,0.18687796592712402
0.08484959602355957,0.19421029090881348,0.186309814453125
0.0850975513458252,0.19585323333740234,0.18206548690795898
0.08470273017883301,0.2047438621520996,0.18881559371948242
0.0896003246307373,0.19496941566467285,0.18829846382141113
0.08817076683044434,0.19788503646850586,0.18914556503295898
0.08660078048706055,0.1976311206817627,0.19801807403564453
0.08483600616455078,0.197829008102417,0.178114652633667
0.08689332008361816,0.19596004486083984,0.1845560073852539
0.08800482749938965,0.2044203281402588,0.1868152618408203
0.09127616882324219,0.1949775218963623,0.19537901878356934
0.08650708198547363,0.20365262031555176,0.18925762176513672
0.09568548202514648,0.21715521812438965,0.21620488166809082
0.08668947219848633,0.19673442840576172,0.2004098892211914
0.10720205307006836,0.2016758918762207,0.19445180892944336
0.08643555641174316,0.2082514762878418,0.2046222686767578
0.08694839477539062,0.21228599548339844,0.21529006958007812
0.08783555030822754,0.196000337600708,0.18321800231933594
0.10724997520446777,0.19976019859313965,0.1894519329071045
0.08612990379333496,0.19493985176086426,0.18545866012573242
0.08769512176513672,0.19741344451904297,0.18741464614868164
0.08794713020324707,0.19498753547668457,0.19296765327453613
0.09593868255615234,0.19461584091186523,0.19796252250671387
0.08651924133300781,0.19352388381958008,0.20180034637451172
0.09808993339538574,0.19643115997314453,0.19507980346679688
0.09592318534851074,0.19972634315490723,0.1956784725189209
0.08881497383117676,0.20166301727294922,0.19361281394958496
0.10016393661499023,0.1970536708831787,0.19264936447143555
0.09416651725769043,0.19391942024230957,0.19359660148620605
0.08621716499328613,0.1955099105834961,0.19502735137939453
0.08931851387023926,0.1981191635131836,0.20424556732177734
0.1009523868560791,0.20557355880737305,0.19348406791687012
0.09082961082458496,0.1932969093322754,0.19545578956604004
0.09170746803283691,0.19532179832458496,0.1915452480316162
0.08848881721496582,0.19768285751342773,0.19156455993652344
0.08584141731262207,0.19835901260375977,0.19214224815368652
0.08820796012878418,0.20390796661376953,0.18992280960083008
0.09680509567260742,0.1937110424041748,0.19285249710083008
0.09541893005371094,0.19519925117492676,0.19324135780334473
0.08499383926391602,0.19786667823791504,0.19318509101867676
0.08922815322875977,0.20906448364257812,0.19120526313781738
0.0893867015838623,0.1950061321258545,0.18470501899719238
0.08805680274963379,0.20654726028442383,0.19029760360717773
0.08574771881103516,0.20383024215698242,0.1947464942932129
0.08806443214416504,0.19556808471679688,0.19252681732177734
0.08893561363220215,0.19691133499145508,0.1953904628753662
0.08878183364868164,0.19523882865905762,0.20422887802124023
0.0942072868347168,0.19559478759765625,0.19632172584533691
0.08702516555786133,0.1982419490814209,0.1964099407196045
0.08729362487792969,0.20498418807983398,0.1961054801940918
0.08737897872924805,0.19776701927185059,0.1956188678741455
0.09541702270507812,0.19706130027770996,0.20437192916870117
0.08497023582458496,0.19735002517700195,0.1963791847229004
0.09387946128845215,0.20517230033874512,0.19637346267700195
0.08718562126159668,0.19584012031555176,0.1951613426208496
0.08948206901550293,0.19374537467956543,0.20740008354187012
0.08498525619506836,0.19408917427062988,0.19300436973571777
0.08944821357727051,0.20302963256835938,0.19733238220214844
0.08783173561096191,0.19490671157836914,0.19739603996276855
0.0900564193725586,0.19599294662475586,0.19729876518249512
0.0871119499206543,0.19587278366088867,0.20395159721374512
0.08898234367370605,0.19803285598754883,0.1944119930267334
0.09693169593811035,0.2057819366455078,0.19564414024353027
0.08697366714477539,0.19976067543029785,0.1948540210723877
0.09462738037109375,0.19914484024047852,0.19501447677612305
0.08588719367980957,0.19987726211547852,0.20029568672180176
0.08779072761535645,0.19925379753112793,0.19745087623596191
0.08853411674499512,0.20836925506591797,0.19414591789245605
0.08707427978515625,0.1969773769378662,0.19475674629211426
0.08713316917419434,0.19570255279541016,0.1951453685760498
0.08713078498840332,0.19378399848937988,0.19217395782470703
0.08671164512634277,0.20312118530273438,0.212188720703125
0.09046030044555664,0.19609999656677246,0.1933727264404297
0.08849000930786133,0.19554805755615234,0.1939229965209961
0.0875093936920166,0.1970677375793457,0.19518351554870605
0.08626317977905273,0.20358991622924805,0.19602751731872559
0.08964729309082031,0.19597434997558594,0.20276308059692383
0.08969855308532715,0.19724440574645996,0.19698786735534668
0.08586621284484863,0.20223093032836914,0.19517803192138672
0.08914542198181152,0.20670318603515625,0.19635796546936035
0.08895611763000488,0.19745779037475586,0.1958146095275879
0.09407448768615723,0.19730138778686523,0.20033550262451172
0.08655476570129395,0.19740581512451172,0.19615936279296875
0.09215378761291504,0.20877313613891602,0.19765186309814453
0.08737707138061523,0.19522809982299805,0.19536542892456055
0.08741497993469238,0.19620513916015625,0.19043374061584473
0.08764386177062988,0.19738173484802246,0.18483710289001465
0.08690047264099121,0.20930838584899902,0.19033503532409668
0.08860445022583008,0.21360325813293457,0.2017219066619873
0.09023118019104004,0.19996166229248047,0.2058696746826172
0.09940981864929199,0.20125770568847656,0.20429754257202148
0.08913588523864746,0.19788599014282227,0.20035934448242188
0.0861673355102539,0.19971728324890137,0.19876980781555176
0.09048700332641602,0.19801855087280273,0.19755077362060547
0.08663678169250488,0.19790935516357422,0.1938033103942871
0.10036087036132812,0.19620752334594727,0.19519734382629395
0.08658909797668457,0.2007284164428711,0.19568777084350586
0.08726930618286133,0.19624018669128418,0.19581151008605957
0.08576369285583496,0.19375371932983398,0.19955682754516602
0.09198856353759766,0.192702054977417,0.20197367668151855
0.0996401309967041,0.19476985931396484,0.19616103172302246
0.09310793876647949,0.19466853141784668,0.19606399536132812
0.08928227424621582,0.2079787254333496,0.19665265083312988
0.08844399452209473,0.19625139236450195,0.19828462600708008
0.08927631378173828,0.19457674026489258,0.19785714149475098
0.09020805358886719,0.1942141056060791,0.19527125358581543
0.09273195266723633,0.19684362411499023,0.1948990821838379
0.08787751197814941,0.21068477630615234,0.19638919830322266
0.09058046340942383,0.1986546516418457,0.19590210914611816
0.09977841377258301,0.19882988929748535,0.19934964179992676
0.0861966609954834,0.1971590518951416,0.20718979835510254
0.10336041450500488,0.20136260986328125,0.1952531337738037
0.0934748649597168,0.20197010040283203,0.1969621181488037
0.08822965621948242,0.19348573684692383,0.19649839401245117
0.08932137489318848,0.19538664817810059,0.19495797157287598
0.08779549598693848,0.19652080535888672,0.19440197944641113
0.08893370628356934,0.19435453414916992,0.20395731925964355
0.08951616287231445,0.19893741607666016,0.19556689262390137
0.08801889419555664,0.19924569129943848,0.19479584693908691
0.10146498680114746,0.1987144947052002,0.19544410705566406
0.0854330062866211,0.19936347007751465,0.19578170776367188
0.0885469913482666,0.2003469467163086,0.19716143608093262
0.09123396873474121,0.199554443359375,0.20595335960388184
0.08784818649291992,0.1991887092590332,0.19553399085998535
0.08634686470031738,0.19952869415283203,0.19782543182373047
0.08797001838684082,0.20211005210876465,0.19649839401245117
0.08844947814941406,0.19539761543273926,0.1992039680480957
0.09179878234863281,0.19366812705993652,0.19891762733459473
0.08502340316772461,0.20099806785583496,0.19771838188171387
0.08802175521850586,0.21637344360351562,0.19649219512939453
0.08696508407592773,0.19562745094299316,0.19673705101013184
0.09485840797424316,0.20416593551635742,0.19828414916992188
0.0861961841583252,0.19426894187927246,0.20011353492736816
0.08631253242492676,0.19836211204528809,0.19713091850280762
0.08791351318359375,0.19922852516174316,0.19725465774536133
0.08672761917114258,0.19452190399169922,0.19623470306396484
0.10020327568054199,0.19548344612121582,0.19498491287231445
0.08530282974243164,0.19237136840820312,0.18962645530700684
0.087005615234375,0.20798492431640625,0.18568086624145508
0.08785390853881836,0.20064997673034668,0.22207903861999512
0.09737586975097656,0.2008969783782959,0.20782899856567383
0.11653375625610352,0.19357514381408691,0.2052757740020752
0.09087610244750977,0.19526290893554688,0.19318556785583496
0.08603167533874512,0.19483065605163574,0.19224214553833008
0.08829021453857422,0.1967167854309082,0.1996457576751709
0.08734321594238281,0.19904398918151855,0.20154547691345215
0.0955655574798584,0.19450807571411133,0.2002255916595459
0.08800578117370605,0.19458508491516113,0.1974959373474121
0.09144330024719238,0.19561409950256348,0.19976592063903809
0.08721804618835449,0.19807648658752441,0.20009922981262207
0.08865952491760254,0.20922136306762695,0.19977951049804688
0.0882105827331543,0.2020399570465088,0.19678711891174316
0.09984302520751953,0.2045896053314209,0.19503283500671387
0.08539652824401855,0.20038866996765137,0.18478655815124512
0.08896303176879883,0.19735169410705566,0.18826889991760254
0.08701848983764648,0.1937236785888672,0.19371294975280762
0.08940005302429199,0.1955561637878418,0.19679546356201172
0.1025838851928711,0.19670486450195312,0.19696927070617676
0.09354519844055176,0.1952216625213623,0.19610810279846191
0.08645915985107422,0.20522308349609375,0.19742822647094727
0.09037017822265625,0.1963644027709961,0.19458842277526855
0.09134078025817871,0.19659852981567383,0.19773221015930176
0.08636689186096191,0.20158791542053223,0.19570159912109375
0.11220431327819824,0.19575810432434082,0.20511960983276367
0.08965516090393066,0.19784998893737793,0.19205522537231445
0.09224510192871094,0.1967313289642334,0.19380474090576172
0.08991503715515137,0.1966090202331543,0.19379091262817383
0.08853316307067871,0.194932222366333,0.19196033477783203
0.08631467819213867,0.19504022598266602,0.19990324974060059
0.08788728713989258,0.19440698623657227,0.1922605037689209
0.08936166763305664,0.19511795043945312,0.19599080085754395
0.08831787109375,0.1984410285949707,0.20200347900390625
0.08798384666442871,0.1996457576751709,0.18767285346984863
0.0942690372467041,0.19367408752441406,0.18832111358642578
0.09375381469726562,0.1953868865966797,0.18408846855163574
0.08689355850219727,0.19697952270507812,0.18534350395202637
0.08794021606445312,0.20540857315063477,0.18738651275634766
0.08799505233764648,0.20232772827148438,0.18756604194641113
0.09781217575073242,0.2031855583190918,0.18248724937438965
0.08782553672790527,0.19849348068237305,0.18423795700073242
0.09507393836975098,0.19753479957580566,0.1868584156036377
0.08845114707946777,0.20094704627990723,0.18646025657653809
0.09153532981872559,0.20151042938232422,0.1855933666229248
0.08660173416137695,0.20884084701538086,0.1882941722869873
0.08993339538574219,0.2021477222442627,0.18562889099121094
0.0879507064819336,0.2010960578918457,0.18577837944030762
0.08978033065795898,0.20138001441955566,0.18191885948181152
0.08559155464172363,0.20634078979492188,0.19252800941467285
0.08553767204284668,0.20540356636047363,0.1804060935974121
0.08662152290344238,0.1982409954071045,0.18300557136535645
0.08865642547607422,0.198866605758667,0.180924654006958
0.08824467658996582,0.19619178771972656,0.18042469024658203
0.08870744705200195,0.20488333702087402,0.18484139442443848
0.09122705459594727,0.20350289344787598,0.18522334098815918
0.08617401123046875,0.20648503303527832,0.18423867225646973
0.09061431884765625,0.2055492401123047,0.1902933120727539
0.08663535118103027,0.20732569694519043,0.19489216804504395
0.08695578575134277,0.22377943992614746,0.19864487648010254
0.0920860767364502,0.20418810844421387,0.1867687702178955
0.08783578872680664,0.20247101783752441,0.18595480918884277
0.10056900978088379,0.20297479629516602,0.18500304222106934
0.09380269050598145,0.20255756378173828,0.18036270141601562
0.09514808654785156,0.20113563537597656,0.1862504482269287
0.0915379524230957,0.20153474807739258,0.18704700469970703
0.09819626808166504,0.20331335067749023,0.2015061378479004
0.08789348602294922,0.20430779457092285,0.18284177780151367
0.08683061599731445,0.20716404914855957,0.18190383911132812
0.08881974220275879,0.1976308822631836,0.18640565872192383
0.08596372604370117,0.19836187362670898,0.18956351280212402
0.08864212036132812,0.20649170875549316,0.1879594326019287
0.0917055606842041,0.19561457633972168,0.18769097328186035
0.0971364974975586,0.19617581367492676,0.18921375274658203
0.08717083930969238,0.19683122634887695,0.18940496444702148
0.08773684501647949,0.19859886169433594,0.18717098236083984
0.09222197532653809,0.2013258934020996,0.18584370613098145
0.09051752090454102,0.19405126571655273,0.18378114700317383
0.09433460235595703,0.1963355541229248,0.1896355152130127
0.08849120140075684,0.19827580451965332,0.1937885284423828
0.08928704261779785,0.19472002983093262,0.18738722801208496
0.08912920951843262,0.19494271278381348,0.19272279739379883
0.09269952774047852,0.21489810943603516,0.19016003608703613
0.09748363494873047,0.21311426162719727,0.18860316276550293
0.11203169822692871,0.19661545753479004,0.18689584732055664
0.10298395156860352,0.19483470916748047,0.19377779960632324
0.0907602310180664,0.1968235969543457,0.2003765106201172
0.08813047409057617,0.19587349891662598,0.19147133827209473
0.09327459335327148,0.2004988193511963,0.19742155075073242
0.08934903144836426,0.20752334594726562,0.19265508651733398
0.1093909740447998,0.19996094703674316,0.19315242767333984
0.09574151039123535,0.20223069190979004,0.1924138069152832
0.08773374557495117,0.20683979988098145,0.19942307472229004
0.0894613265991211,0.21094942092895508,0.19195103645324707
0.08919024467468262,0.20244979858398438,0.19233942031860352
0.10008835792541504,0.20374441146850586,0.19090723991394043
0.09293246269226074,0.20378375053405762,0.19240641593933105
0.08897972106933594,0.20578908920288086,0.2104198932647705
0.08637380599975586,0.20450568199157715,0.1941666603088379
0.08729863166809082,0.19975852966308594,0.19582700729370117
0.08871269226074219,0.2073371410369873,0.19289088249206543
0.09038686752319336,0.20470857620239258,0.19304776191711426
0.09019875526428223,0.20378994941711426,0.2062242031097412
0.08855891227722168,0.2046043872833252,0.19494962692260742
0.09200692176818848,0.2148303985595703,0.19458293914794922
0.08989667892456055,0.20346760749816895,0.19338488578796387
0.08827495574951172,0.2058119773864746,0.18772315979003906
0.08693885803222656,0.20878386497497559,0.1824653148651123
0.08653831481933594,0.20635533332824707,0.17980289459228516
0.0990602970123291,0.21502971649169922,0.19177746772766113
0.08903288841247559,0.21574187278747559,0.20389318466186523
0.09007501602172852,0.20605087280273438,0.19530606269836426
0.08855175971984863,0.20386123657226562,0.19785737991333008
0.09876585006713867,0.20219755172729492,0.20469903945922852
0.09031152725219727,0.19610118865966797,0.19473886489868164
0.09634208679199219,0.2005751132965088,0.1954479217529297
0.09023928642272949,0.19656777381896973,0.1961045265197754
0.09383749961853027,0.19612717628479004,0.19652485847473145
0.08590483665466309,0.20225930213928223,0.19742941856384277
0.08691859245300293,0.20217227935791016,0.2102658748626709
0.08960962295532227,0.20684075355529785,0.19646286964416504
0.1049349308013916,0.19278264045715332,0.19575095176696777
0.0925757884979248,0.1972043514251709,0.19637680053710938
0.0868377685546875,0.19503068923950195,0.19658589363098145
0.08800268173217773,0.19968724250793457,0.20466256141662598
0.08996272087097168,0.19417905807495117,0.1948096752166748
0.09079217910766602,0.19651532173156738,0.1954054832458496
0.08550858497619629,0.19582891464233398,0.19586777687072754
0.08750557899475098,0.19690299034118652,0.19527697563171387
0.08905363082885742,0.19766688346862793,0.1941390037536621
0.09259247779846191,0.2077465057373047,0.1916813850402832
0.09905099868774414,0.1999225616455078,0.1956937313079834
0.09180665016174316,0.1998274326324463,0.19948434829711914
0.08832073211669922,0.19774389266967773,0.2030797004699707
0.08812594413757324,0.1976621150970459,0.19199895858764648
0.08792901039123535,0.19919347763061523,0.19739508628845215
0.08977770805358887,0.1979227066040039,0.19624853134155273
0.10899591445922852,0.20058107376098633,0.19766759872436523
0.09256672859191895,0.1938025951385498,0.19861745834350586
0.09661126136779785,0.1990206241607666,0.20125937461853027
0.09033679962158203,0.19562911987304688,0.19897007942199707
0.08853912353515625,0.19811725616455078,0.19722652435302734
0.08849787712097168,0.19401240348815918,0.19740509986877441
0.08823633193969727,0.20015788078308105,0.19597744941711426
0.08647823333740234,0.1982276439666748,0.1969461441040039
0.08669662475585938,0.19925475120544434,0.2043619155883789
0.08778738975524902,0.20541000366210938,0.1953589916229248
0.0890355110168457,0.1974201202392578,0.20277667045593262
0.0935971736907959,0.19424676895141602,0.19292759895324707
0.08773064613342285,0.1966409683227539,0.1907498836517334
0.08771848678588867,0.19543218612670898,0.20408844947814941
0.08751511573791504,0.19889283180236816,0.20076847076416016
0.08839845657348633,0.19892382621765137,0.2004070281982422
0.10106134414672852,0.19563698768615723,0.1967620849609375
0.08684301376342773,0.19490337371826172,0.1951761245727539
0.08805274963378906,0.19370126724243164,0.19974899291992188
0.08930134773254395,0.19506573677062988,0.19980072975158691
0.1060636043548584,0.19669580459594727,0.20393610000610352
0.09764432907104492,0.20063042640686035,0.1969611644744873
0.08933615684509277,0.19685649871826172,0.19245219230651855
0.09747815132141113,0.21306490898132324,0.18811702728271484
0.09177398681640625,0.20623159408569336,0.19870662689208984
0.08799552917480469,0.20375299453735352,0.19866251945495605
0.09061312675476074,0.20232319831848145,0.19863677024841309
0.0889286994934082,0.2081432342529297,0.19612455368041992
0.09391498565673828,0.20758533477783203,0.19786405563354492
0.08953666687011719,0.2039487361907959,0.19585180282592773
0.0860435962677002,0.20789074897766113,0.19568777084350586
0.08949041366577148,0.20427608489990234,0.19807219505310059
0.09142589569091797,0.2080683708190918,0.20052146911621094
0.08949112892150879,0.2077322006225586,0.21091246604919434
0.0878760814666748,0.20571589469909668,0.19237065315246582
0.09754800796508789,0.20829272270202637,0.19304323196411133
0.08542990684509277,0.2071232795715332,0.19266963005065918
0.08934211730957031,0.20734405517578125,0.19016146659851074
0.09700846672058105,0.20694279670715332,0.1968083381652832
0.08733654022216797,0.21247553825378418,0.20624732971191406
0.08844900131225586,0.22979426383972168,0.2057955265045166
0.08985209465026855,0.20553326606750488,0.18889546394348145
0.11667180061340332,0.20876145362854004,0.18888092041015625
0.08901309967041016,0.20691633224487305,0.18831634521484375
0.08994317054748535,0.20285940170288086,0.1885526180267334
0.09988641738891602,0.20791125297546387,0.1897141933441162
0.08696198463439941,0.21279335021972656,0.1893467903137207
0.08619141578674316,0.20632076263427734,0.1871507167816162
0.0880129337310791,0.21249628067016602,0.18620562553405762
0.0903310775756836,0.2051253318786621,0.1862654685974121
0.09004616737365723,0.19945502281188965,0.18624353408813477
0.08683419227600098,0.20670104026794434,0.18672871589660645
0.08620810508728027,0.20710182189941406,0.18437933921813965
0.08946895599365234,0.21538925170898438,0.1794898509979248
0.09424924850463867,0.20759129524230957,0.18456220626831055
0.09457087516784668,0.20528697967529297,0.18547463417053223
0.08793139457702637,0.2211322784423828,0.185699462890625
0.08943581581115723,0.20653200149536133,0.18520450592041016
0.08982515335083008,0.2051868438720703,0.185075044631958
0.08822298049926758,0.20440387725830078,0.18552637100219727
0.08872771263122559,0.2026972770690918,0.18070197105407715
0.10247230529785156,0.19981694221496582,0.18260407447814941
0.1000213623046875,0.19508767127990723,0.18613624572753906
0.08763003349304199,0.19953012466430664,0.18398737907409668
0.08879303932189941,0.21790647506713867,0.19118452072143555
0.08871960639953613,0.20504236221313477,0.182175874710083
0.1097562313079834,0.20181798934936523,0.18642497062683105
0.10037589073181152,0.20425081253051758,0.192002534866333
0.08635854721069336,0.20456242561340332,0.20077300071716309
0.08833718299865723,0.19633960723876953,0.1880354881286621
0.09351277351379395,0.20433545112609863,0.18933916091918945
0.09681510925292969,0.20142626762390137,0.18898987770080566
0.08837652206420898,0.2080702781677246,0.18838095664978027
0.08876442909240723,0.20469379425048828,0.18986153602600098
0.08552885055541992,0.20494413375854492,0.18969130516052246
0.08910822868347168,0.21342945098876953,0.1927928924560547
0.08883261680603027,0.20313000679016113,0.1836996078491211
0.08936238288879395,0.20375752449035645,0.1888904571533203
0.0917813777923584,0.2036588191986084,0.19182825088500977
0.08836150169372559,0.2010209560394287,0.19155645370483398
0.09420990943908691,0.20282626152038574,0.18279814720153809
0.1006326675415039,0.19707512855529785,0.1796860694885254
0.09646415710449219,0.19611048698425293,0.18024659156799316
