1673405268.7992346,1673405268.7992346,1673405268.7992346,1673405271.7839482,2.984713554382324
1673405271.7423804,1673405271.7770007,1673405271.7770007,1673405272.0046713,0.26229095458984375
1673405271.811587,1673405271.8758717,1673405271.811587,1673405272.2093458,0.39775872230529785
1673405272.0115957,1673405272.043526,1673405271.9765878,1673405272.4085124,0.39691662788391113
1673405272.2117977,1673405272.2117977,1673405272.143509,1673405272.6029572,0.3911595344543457
1673405272.4114227,1673405272.4114227,1673405272.3455207,1673405272.8111372,0.39971446990966797
1673405272.614267,1673405272.5786889,1673405272.5116665,1673405273.0031414,0.3888742923736572
1673405272.8147445,1673405272.7806797,1673405272.7145627,1673405273.2023356,0.3875911235809326
1673405273.0164082,1673405273.0467901,1673405272.88466,1673405273.3972213,0.3808131217956543
1673405273.2161756,1673405273.2161756,1673405273.0467901,1673405273.599278,0.3831024169921875
1673405273.3825214,1673405273.417627,1673405273.2481952,1673405273.7929926,0.41047120094299316
1673405273.5823426,1673405273.6187015,1673405273.6187015,1673405273.9914188,0.4090762138366699
1673405273.7826123,1673405273.7826123,1673405273.650886,1673405274.1943536,0.4117412567138672
1673405273.9832056,1673405273.9832056,1673405273.9832056,1673405274.4210663,0.43786072731018066
1673405274.2210014,1673405274.1841378,1673405274.1841378,1673405274.6137981,0.39279675483703613
1673405274.4206994,1673405274.452259,1673405274.3516383,1673405274.8115623,0.39086294174194336
1673405274.6194026,1673405274.6194026,1673405274.7552538,1673405275.00604,0.38663744926452637
1673405274.8225605,1673405274.8225605,1673405274.7871208,1673405275.212802,0.3902413845062256
1673405275.0222878,1673405274.9898376,1673405274.9214613,1673405275.4145584,0.392270565032959
1673405275.2237837,1673405275.1891093,1673405275.1236415,1673405275.6146984,0.3909146785736084
1673405275.4257202,1673405275.456908,1673405275.289648,1673405275.8106027,0.38488245010375977
1673405275.6248732,1673405275.6248732,1673405275.4931607,1673405276.011771,0.3868978023529053
1673405275.7904124,1673405275.8254273,1673405275.6569145,1673405276.2048063,0.41439390182495117
1673405276.1917703,1673405276.1917703,1673405276.0281153,1673405276.430215,0.23844456672668457
1673405276.2271373,1673405276.2922904,1673405276.2271373,1673405276.6379948,0.4108574390411377
1673405276.6338997,1673405276.560234,1673405276.3925562,1673405276.8399525,0.2060527801513672
1673405276.6618948,1673405276.6618948,1673405276.5941763,1673405277.0320003,0.370105504989624
1673405276.827801,1673405276.827801,1673405276.7619896,1673405277.2376611,0.40986013412475586
1673405277.0295334,1673405277.0295334,1673405276.963136,1673405277.432089,0.4025557041168213
1673405277.2307508,1673405277.2654219,1673405277.1641986,1673405277.6332786,0.4025278091430664
1673405277.430527,1673405277.4660904,1673405277.3301055,1673405277.8294723,0.39894533157348633
1673405277.631466,1673405277.631466,1673405277.530946,1673405278.0351589,0.40369296073913574
1673405277.831653,1673405277.831653,1673405277.6972723,1673405278.2444994,0.41284632682800293
1673405278.067127,1673405278.0316508,1673405278.067127,1673405278.4645865,0.3974595069885254
1673405278.2710445,1673405278.3012555,1673405278.2338061,1673405278.6737397,0.4026951789855957
1673405278.4749827,1673405278.5033827,1673405278.4344487,1673405278.8751013,0.4001185894012451
1673405278.6720617,1673405278.6720617,1673405278.637386,1673405279.084816,0.4127542972564697
1673405278.8715267,1673405278.8715267,1673405278.8049266,1673405279.2809727,0.40944600105285645
1673405279.0756493,1673405279.0388305,1673405278.9723675,1673405279.4755979,0.3999485969543457
1673405279.2739944,1673405279.308359,1673405279.1401362,1673405279.6732936,0.39929914474487305
1673405279.474685,1673405279.474685,1673405279.340756,1673405279.8706362,0.3959512710571289
1673405279.676606,1673405279.676606,1673405279.5073853,1673405280.081544,0.4049379825592041
1673405279.8770053,1673405279.8429575,1673405279.8770053,1673405280.286671,0.409665584564209
1673405280.0781422,1673405280.044679,1673405280.0781422,1673405280.4873075,0.4091653823852539
1673405280.2781425,1673405280.3139844,1673405280.2454505,1673405280.6832159,0.4050734043121338
1673405280.4800313,1673405280.4800313,1673405280.4454777,1673405280.8831544,0.403123140335083
1673405280.6797204,1673405280.6797204,1673405280.6139832,1673405281.0807078,0.4009873867034912
1673405280.8809457,1673405280.8809457,1673405280.8141148,1673405281.2834044,0.40245866775512695
1673405281.0821033,1673405281.0821033,1673405281.0157452,1673405281.4858372,0.4037339687347412
1673405281.2831638,1673405281.2495642,1673405281.181915,1673405281.685563,0.40239930152893066
1673405281.4892895,1673405281.5172517,1673405281.3849165,1673405281.8885388,0.3992493152618408
1673405281.6846912,1673405281.7190745,1673405281.5509734,1673405282.0894895,0.4047982692718506
1673405281.8848329,1673405281.8848329,1673405281.7518163,1673405282.2900915,0.4052586555480957
1673405282.0850315,1673405282.1203713,1673405281.9528356,1673405282.491559,0.4065275192260742
1673405282.285772,1673405282.285772,1673405282.1203713,1673405282.6984048,0.41263270378112793
1673405282.6871789,1673405282.6871789,1673405282.5223231,1673405282.9105623,0.22338342666625977
1673405282.7229671,1673405282.7877285,1673405282.7229671,1673405283.12538,0.40241289138793945
1673405283.091531,1673405283.055251,1673405282.8931909,1673405283.3224862,0.2309551239013672
1673405283.1237123,1673405283.1237123,1673405283.091531,1673405283.5179887,0.39427638053894043
1673405283.4903202,1673405283.526219,1673405283.256984,1673405283.7381976,0.2478773593902588
1673405283.526219,1673405283.5907857,1673405283.4578624,1673405283.9304242,0.404205322265625
1673405283.7258892,1673405283.692146,1673405283.6262856,1673405284.1279078,0.40201854705810547
1673405283.9252393,1673405283.958678,1673405283.7924764,1673405284.3231313,0.3978919982910156
1673405284.2931712,1673405284.2263067,1673405283.9940903,1673405284.528079,0.234907865524292
1673405284.3288321,1673405284.3288321,1673405284.1606584,1673405284.7431157,0.41428351402282715
1673405284.7304215,1673405284.694668,1673405284.7304215,1673405284.9501443,0.21972274780273438
1673405284.7648177,1673405284.7648177,1673405284.7648177,1673405285.1427786,0.3779609203338623
1673405285.1295216,1673405285.1634536,1673405284.92881,1673405285.3548906,0.22536897659301758
1673405285.1634536,1673405285.263345,1673405285.1295216,1673405285.5520947,0.3886411190032959
1673405285.396746,1673405285.4298923,1673405285.2967882,1673405285.7560008,0.3592548370361328
1673405285.5692325,1673405285.5333502,1673405285.4650218,1673405285.9521554,0.382922887802124
1673405285.772854,1673405285.803236,1673405285.6657019,1673405286.1519365,0.37908244132995605
1673405285.9370477,1673405285.9661856,1673405285.839802,1673405286.3462222,0.40917444229125977
1673405286.133052,1673405286.1681004,1673405286.0382638,1673405286.5479174,0.41486525535583496
1673405286.33322,1673405286.33322,1673405286.1999812,1673405286.7466643,0.41344428062438965
1673405286.5333643,1673405286.5333643,1673405286.568252,1673405286.9673457,0.43398141860961914
1673405286.7736604,1673405286.8031843,1673405286.9358258,1673405287.175102,0.4014415740966797
1673405286.9707768,1673405287.0040061,1673405286.9707768,1673405287.3741672,0.40339040756225586
1673405287.1695879,1673405287.1695879,1673405287.1362429,1673405287.5684047,0.3988168239593506
1673405287.3706105,1673405287.3706105,1673405287.308847,1673405287.7763932,0.40578269958496094
1673405287.5727475,1673405287.5377042,1673405287.47072,1673405287.9792392,0.406491756439209
1673405287.773141,1673405287.7393625,1673405287.6731389,1673405288.1754184,0.40227746963500977
1673405287.9730337,1673405288.0106642,1673405287.840152,1673405288.3760731,0.40303945541381836
1673405288.1784153,1673405288.1784153,1673405288.0449986,1673405288.5813873,0.4029719829559326
1673405288.3744712,1673405288.3744712,1673405288.2080793,1673405288.7860425,0.4115712642669678
1673405288.5757205,1673405288.5757205,1673405288.4126236,1673405288.9950862,0.41936564445495605
1673405288.7769141,1673405288.7421207,1673405288.7769141,1673405289.2011807,0.4242665767669678
1673405289.0120406,1673405289.0120406,1673405288.9773138,1673405289.4060202,0.393979549407959
1673405289.2125702,1673405289.2125702,1673405289.1445932,1673405289.6075873,0.395017147064209
1673405289.4137511,1673405289.3782341,1673405289.3448234,1673405289.8082478,0.3944966793060303
1673405289.6137342,1673405289.6456368,1673405289.5123277,1673405290.004804,0.3910696506500244
1673405289.814728,1673405289.846706,1673405289.679544,1673405290.2089455,0.39421749114990234
1673405290.0182676,1673405290.0182676,1673405289.8813026,1673405290.4116178,0.39335012435913086
1673405290.2149768,1673405290.2149768,1673405290.2503588,1673405290.6308777,0.41590094566345215
1673405290.4161267,1673405290.3819253,1673405290.4161267,1673405290.8328726,0.4167459011077881
1673405290.6165228,1673405290.5824697,1673405290.6165228,1673405291.035924,0.4194011688232422
1673405290.8169725,1673405290.8520756,1673405290.8169725,1673405291.2324166,0.41544413566589355
1673405291.0186224,1673405291.0186224,1673405290.9844692,1673405291.4417539,0.42313146591186523
1673405291.2542622,1673405291.2231984,1673405291.1847916,1673405291.637491,0.38322877883911133
1673405291.419051,1673405291.386081,1673405291.3523865,1673405291.8330867,0.4140357971191406
1673405291.6206653,1673405291.5866177,1673405291.520766,1673405292.0308197,0.4101543426513672
1673405291.8206632,1673405291.857044,1673405291.720636,1673405292.2408676,0.42020440101623535
1673405292.057083,1673405292.02241,1673405291.889088,1673405292.4473853,0.3903024196624756
1673405292.2578135,1673405292.2903042,1673405292.2578135,1673405292.6579359,0.40012240409851074
1673405292.4581733,1673405292.4904246,1673405292.4581733,1673405292.8786714,0.4204981327056885
1673405292.692935,1673405292.6593766,1673405292.6239684,1673405293.0821476,0.38921260833740234
1673405292.8938916,1673405292.8596306,1673405292.8243976,1673405293.2807868,0.38689517974853516
1673405293.0967593,1673405293.1258328,1673405292.9927857,1673405293.4850163,0.3882570266723633
1673405293.295716,1673405293.3266313,1673405293.1927109,1673405293.6899033,0.39418721199035645
1673405293.4960802,1673405293.4960802,1673405293.360351,1673405293.900543,0.4044628143310547
1673405293.694914,1673405293.694914,1673405293.5610662,1673405294.0991302,0.40421605110168457
1673405293.8961859,1673405293.861834,1673405293.7301354,1673405294.2962382,0.4000523090362549
1673405294.097311,1673405294.1349142,1673405294.097311,1673405294.5077598,0.4104487895965576
1673405294.2990353,1673405294.3329134,1673405294.2990353,1673405294.7133327,0.41429734230041504
1673405294.49797,1673405294.3982165,1673405294.4643154,1673405294.9362755,0.4383053779602051
1673405294.734668,1673405294.6994398,1673405294.899499,1673405295.1348894,0.4002213478088379
1673405294.9352407,1673405294.9682388,1673405294.9352407,1673405295.340373,0.4051322937011719
1673405295.1356623,1673405295.1356623,1673405295.1007755,1673405295.5435286,0.4078662395477295
1673405295.3350046,1673405295.3350046,1673405295.3012486,1673405295.755658,0.4206533432006836
1673405295.571944,1673405295.6020434,1673405295.4687192,1673405295.9588935,0.3869495391845703
1673405295.736302,1673405295.7026231,1673405295.6364756,1673405296.153549,0.41724705696105957
1673405296.137632,1673405295.971906,1673405296.0044367,1673405296.3978446,0.26021265983581543
1673405296.1739235,1673405296.1739235,1673405296.2042887,1673405296.5949757,0.4210522174835205
1673405296.5409636,1673405296.338607,1673405296.3744738,1673405296.7745085,0.23354482650756836
1673405296.5752215,1673405296.5409636,1673405296.5752215,1673405296.9711373,0.3959157466888428
1673405296.941837,1673405296.9078884,1673405296.7773497,1673405297.1909213,0.2490842342376709
1673405296.9827712,1673405296.9827712,1673405296.941837,1673405297.3864708,0.4036996364593506
1673405297.1796927,1673405297.1796927,1673405297.145564,1673405297.5924485,0.41275572776794434
1673405297.3797147,1673405297.3797147,1673405297.3177853,1673405297.7871122,0.4073975086212158
1673405297.580625,1673405297.5482025,1673405297.5135164,1673405297.9888043,0.40817928314208984
1673405297.781089,1673405297.8145912,1673405297.6818905,1673405298.1823812,0.401292085647583
1673405297.9817398,1673405297.9817398,1673405297.8482738,1673405298.3856094,0.40386962890625
1673405298.1825109,1673405298.1825109,1673405298.0489364,1673405298.594142,0.41163110733032227
1673405298.383274,1673405298.383274,1673405298.2171535,1673405298.803852,0.4205780029296875
1673405298.5840223,1673405298.5513158,1673405298.6208878,1673405299.0023217,0.41829943656921387
1673405298.98524,1673405299.0209281,1673405298.785511,1673405299.21323,0.22798991203308105
1673405299.0209281,1673405299.120294,1673405298.98524,1673405299.4149625,0.39403438568115234
1673405299.3884537,1673405299.3884537,1673405299.153878,1673405299.6303682,0.2419145107269287
1673405299.4210029,1673405299.487635,1673405299.3536506,1673405299.8238308,0.4028279781341553
1673405299.6234424,1673405299.6564422,1673405299.5221856,1673405300.0274544,0.40401196479797363
1673405299.822302,1673405299.8559902,1673405299.6887283,1673405300.2213013,0.3989992141723633
1673405300.0229623,1673405300.0229623,1673405299.8896403,1673405300.425241,0.4022786617279053
1673405300.2250853,1673405300.2250853,1673405300.0581539,1673405300.6266935,0.4016082286834717
1673405300.4256885,1673405300.3917677,1673405300.4607232,1673405300.8422248,0.4165363311767578
1673405300.6272936,1673405300.6617365,1673405300.6272936,1673405301.045879,0.41858530044555664
1673405300.862992,1673405300.862992,1673405300.99465,1673405301.2534482,0.3904561996459961
1673405301.0672657,1673405301.0672657,1673405301.0281644,1673405301.4583468,0.3910810947418213
1673405301.2645879,1673405301.228871,1673405301.1943119,1673405301.6573377,0.3927497863769531
1673405301.463872,1673405301.4961734,1673405301.3949404,1673405301.857051,0.39317893981933594
1673405301.6626604,1673405301.696121,1673405301.5637763,1673405302.0571747,0.3945143222808838
1673405301.868465,1673405301.868465,1673405301.7368064,1673405302.2568088,0.38834381103515625
1673405302.065731,1673405302.065731,1673405301.9302557,1673405302.4667895,0.4010584354400635
1673405302.2668202,1673405302.2310305,1673405302.0974908,1673405302.6671774,0.4003572463989258
1673405302.467946,1673405302.5007126,1673405302.467946,1673405302.875906,0.4079599380493164
1673405302.6669521,1673405302.701334,1673405302.6669521,1673405303.0814672,0.41451501846313477
1673405302.8686924,1673405302.8686924,1673405302.8339942,1673405303.294306,0.4256136417388916
1673405303.104474,1673405303.069998,1673405303.0350835,1673405303.497861,0.3933868408203125
1673405303.3038447,1673405303.335562,1673405303.2063322,1673405303.7018719,0.3980271816253662
1673405303.5031526,1673405303.5363822,1673405303.4023592,1673405303.9067023,0.4035496711730957
1673405303.7035923,1673405303.7035923,1673405303.5698717,1673405304.1173272,0.41373491287231445
1673405303.9041872,1673405303.9041872,1673405303.9396725,1673405304.3453028,0.4411156177520752
1673405304.139631,1673405304.1718144,1673405304.139631,1673405304.546607,0.40697598457336426
1673405304.340848,1673405304.340848,1673405304.3105276,1673405304.760706,0.4198579788208008
1673405304.5399725,1673405304.5399725,1673405304.5064843,1673405304.958323,0.4183504581451416
1673405304.9427483,1673405304.9078927,1673405304.6740088,1673405305.161542,0.21879363059997559
1673405304.9760933,1673405305.0084612,1673405304.875165,1673405305.3568876,0.3807942867279053
1673405305.142747,1673405305.1776786,1673405305.0436478,1673405305.5601852,0.417438268661499
1673405305.377944,1673405305.377944,1673405305.2426775,1673405305.7712526,0.3933086395263672
1673405305.579277,1673405305.5433385,1673405305.4093719,1673405305.9744287,0.39515161514282227
1673405305.7789793,1673405305.744742,1673405305.7789793,1673405306.182605,0.4036257266998291
1673405305.979185,1673405306.014061,1673405305.979185,1673405306.4015863,0.42240118980407715
1673405306.2162797,1673405306.2162797,1673405306.1839006,1673405306.6089776,0.392697811126709
1673405306.416161,1673405306.381145,1673405306.3468697,1673405306.81487,0.3987090587615967
1673405306.6165872,1673405306.5827487,1673405306.5475175,1673405307.014978,0.3983907699584961
1673405306.8172474,1673405306.8495495,1673405306.7162554,1673405307.2127888,0.3955414295196533
1673405307.0167775,1673405307.0506666,1673405306.8829246,1673405307.4138603,0.3970828056335449
1673405307.2187226,1673405307.2187226,1673405307.0842223,1673405307.6155288,0.3968062400817871
1673405307.418559,1673405307.418559,1673405307.2854352,1673405307.8168664,0.39830732345581055
1673405307.6195076,1673405307.6195076,1673405307.4537213,1673405308.0306566,0.4111490249633789
1673405307.8202918,1673405307.8202918,1673405307.8541973,1673405308.2362463,0.41595458984375
1673405308.0210748,1673405307.98633,1673405308.0210748,1673405308.4488814,0.4278066158294678
1673405308.2559655,1673405308.2559655,1673405308.221859,1673405308.6544335,0.398468017578125
1673405308.4559908,1673405308.4559908,1673405308.3875768,1673405308.8582697,0.4022789001464844
1673405308.657224,1673405308.6223361,1673405308.5882556,1673405309.0604565,0.4032325744628906
1673405308.8579712,1673405308.824006,1673405308.756123,1673405309.257751,0.3997797966003418
1673405309.0576222,1673405309.091264,1673405308.9570532,1673405309.4611573,0.4035351276397705
1673405309.2574286,1673405309.2574286,1673405309.1247692,1673405309.662668,0.4052393436431885
1673405309.4597688,1673405309.4597688,1673405309.3257787,1673405309.8755808,0.41581201553344727
1673405309.6596832,1673405309.6596832,1673405309.6950421,1673405310.0875328,0.42784953117370605
1673405309.902358,1673405309.927592,1673405309.902358,1673405310.2955523,0.39319419860839844
1673405310.0965383,1673405310.0965383,1673405310.0613775,1673405310.4966176,0.40007925033569336
1673405310.296494,1673405310.296494,1673405310.261962,1673405310.7085793,0.41208529472351074
1673405310.4971976,1673405310.4971976,1673405310.4308944,1673405310.9076645,0.41046690940856934
1673405310.6973786,1673405310.6636038,1673405310.6305995,1673405311.1079695,0.41059088706970215
1673405310.8983657,1673405310.8646643,1673405310.7987185,1673405311.3050728,0.4067070484161377
1673405311.0994194,1673405311.1377494,1673405310.9991531,1673405311.5060203,0.4066009521484375
1673405311.3001733,1673405311.3001733,1673405311.1709957,1673405311.711534,0.4113607406616211
1673405311.5009792,1673405311.5009792,1673405311.3672526,1673405311.9117463,0.4107670783996582
1673405311.7015545,1673405311.6673148,1673405311.7348568,1673405312.1181734,0.41661882400512695
1673405311.9378803,1673405311.9378803,1673405311.9015598,1673405312.330439,0.3925588130950928
1673405312.1378472,1673405312.1378472,1673405312.1021264,1673405312.533601,0.3957538604736328
1673405312.338119,1673405312.338119,1673405312.270454,1673405312.7438214,0.4057023525238037
1673405312.5385156,1673405312.5042727,1673405312.469778,1673405312.942542,0.40402650833129883
1673405312.7380393,1673405312.7061942,1673405312.6386569,1673405313.1430573,0.4050180912017822
1673405312.938288,1673405312.9720843,1673405312.8456733,1673405313.344321,0.4060330390930176
1673405313.1400926,1673405313.1728349,1673405313.006555,1673405313.54842,0.4083273410797119
1673405313.3410232,1673405313.3410232,1673405313.2065027,1673405313.7538874,0.41286420822143555
1673405313.540975,1673405313.540975,1673405313.3800583,1673405313.952968,0.41199278831481934
1673405313.741956,1673405313.708932,1673405313.5765715,1673405314.1608121,0.418856143951416
1673405313.9427984,1673405313.9782717,1673405313.9782717,1673405314.3626404,0.419842004776001
1673405314.1787884,1673405314.1787884,1673405314.1431632,1673405314.5773559,0.39856743812561035
1673405314.380113,1673405314.380113,1673405314.3439064,1673405314.783377,0.40326404571533203
1673405314.579329,1673405314.579329,1673405314.5111136,1673405314.98953,0.4102010726928711
1673405314.7797964,1673405314.748604,1673405314.712545,1673405315.1878521,0.40805578231811523
1673405314.9815164,1673405314.9469717,1673405314.8803413,1673405315.3884156,0.40689921379089355
1673405315.1816444,1673405315.215228,1673405315.0807545,1673405315.5861182,0.40447378158569336
1673405315.382032,1673405315.382032,1673405315.2485058,1673405315.7914782,0.40944623947143555
1673405315.5830376,1673405315.5830376,1673405315.4494607,1673405315.9956708,0.41263318061828613
1673405315.7827122,1673405315.7827122,1673405315.6179514,1673405316.210471,0.42775869369506836
1673405316.018574,1673405316.0515652,1673405316.018574,1673405316.4252012,0.40662717819213867
1673405316.2215412,1673405316.2215412,1673405316.1840167,1673405316.6360471,0.4145059585571289
1673405316.4180179,1673405316.4180179,1673405316.3843112,1673405316.8369327,0.418914794921875
1673405316.6538217,1673405316.685472,1673405316.5520432,1673405317.041654,0.3878324031829834
1673405316.8208158,1673405316.786595,1673405316.7527432,1673405317.2386,0.4177842140197754
1673405317.2211263,1673405317.15443,1673405317.1209414,1673405317.4996011,0.2784748077392578
1673405317.2552748,1673405317.3227189,1673405317.2891378,1673405317.6852849,0.4300100803375244
1673405317.6228478,1673405317.5253747,1673405317.490076,1673405317.869449,0.24660110473632812
1673405317.6569676,1673405317.6908753,1673405317.6569676,1673405318.0674188,0.41045117378234863
1673405318.0582032,1673405318.0939589,1673405317.8572502,1673405318.281333,0.2231297492980957
1673405318.0939589,1673405318.1916354,1673405318.0582032,1673405318.4787538,0.3847949504852295
1673405318.4616318,1673405318.4616318,1673405318.2258565,1673405318.6894426,0.22781085968017578
1673405318.49563,1673405318.5599341,1673405318.4262457,1673405318.889658,0.3940279483795166
1673405318.8627777,1673405318.8290608,1673405318.5951633,1673405319.0947957,0.23201799392700195
1673405318.8963296,1673405318.9284406,1673405318.7942586,1673405319.2903666,0.39403700828552246
1673405319.2625535,1673405319.2007935,1673405319.1621256,1673405319.5516467,0.2890932559967041
1673405319.2987494,1673405319.397338,1673405319.3633533,1673405319.7422585,0.4435091018676758
1673405319.6650143,1673405319.498173,1673405319.5339897,1673405319.927135,0.26212072372436523
1673405319.6977055,1673405319.6650143,1673405319.7333357,1673405320.1277351,0.43002963066101074
1673405320.1000001,1673405320.0330448,1673405319.8994403,1673405320.33568,0.23567986488342285
1673405320.1357152,1673405320.1357152,1673405320.1000001,1673405320.5346699,0.3989546298980713
1673405320.5011804,1673405320.5345936,1673405320.299517,1673405320.7478282,0.24664783477783203
1673405320.5345936,1673405320.6006837,1673405320.4678993,1673405320.9438188,0.4092252254486084
1673405320.7352698,1673405320.7009892,1673405320.6675284,1673405321.1471317,0.4118618965148926
1673405320.9348316,1673405320.9695315,1673405320.8351972,1673405321.3445122,0.4096806049346924
1673405321.1354482,1673405321.1710453,1673405321.03525,1673405321.5481613,0.41271305084228516
1673405321.336551,1673405321.336551,1673405321.202755,1673405321.7457676,0.40921664237976074
1673405321.537219,1673405321.537219,1673405321.4036074,1673405321.9554203,0.418201208114624
1673405321.7383661,1673405321.7383661,1673405321.6043406,1673405322.164274,0.42590785026550293
1673405322.1416416,1673405322.106982,1673405321.974873,1673405322.3815627,0.23992109298706055
1673405322.1750495,1673405322.2085755,1673405322.1750495,1673405322.587144,0.4120943546295166
1673405322.5760887,1673405322.5760887,1673405322.3738918,1673405322.8042,0.22811126708984375
1673405322.6106405,1673405322.6750069,1673405322.5408704,1673405323.0098615,0.39922094345092773
1673405322.9766011,1673405322.9766011,1673405322.7417552,1673405323.2164307,0.23982954025268555
1673405323.01029,1673405323.0443454,1673405322.9422843,1673405323.409499,0.39920902252197266
1673405323.210503,1673405323.2438695,1673405323.10996,1673405323.6134956,0.40299248695373535
1673405323.4122407,1673405323.4122407,1673405323.3106353,1673405323.8141522,0.40191149711608887
1673405323.612094,1673405323.612094,1673405323.4783423,1673405324.038814,0.42672014236450195
1673405323.8489296,1673405323.8806427,1673405323.6787243,1673405324.2412684,0.39233875274658203
1673405324.053549,1673405324.0864873,1673405323.8806427,1673405324.4551966,0.40164756774902344
1673405324.2479734,1673405324.2479734,1673405324.053549,1673405324.6733851,0.4254117012023926
1673405324.4500325,1673405324.488192,1673405324.488192,1673405324.8914616,0.44142913818359375
1673405324.690142,1673405324.690142,1673405324.690142,1673405325.1202707,0.430128812789917
1673405324.923322,1673405324.8876264,1673405324.8876264,1673405325.3236005,0.40027856826782227
1673405325.1225212,1673405325.153721,1673405325.053338,1673405325.527328,0.40480685234069824
1673405325.32101,1673405325.3592715,1673405325.2538586,1673405325.7284813,0.4074711799621582
1673405325.5215585,1673405325.5552156,1673405325.454685,1673405325.928064,0.4065055847167969
1673405325.7224197,1673405325.756377,1673405325.6220212,1673405326.1296365,0.40721678733825684
1673405325.924462,1673405325.924462,1673405325.8232205,1673405326.3330107,0.40854859352111816
1673405326.125348,1673405326.125348,1673405326.025418,1673405326.5490294,0.42368125915527344
1673405326.3605878,1673405326.3261712,1673405326.1914768,1673405326.7532837,0.39269590377807617
1673405326.5596125,1673405326.593508,1673405326.3921883,1673405326.9573555,0.39774298667907715
1673405326.7612996,1673405326.7933207,1673405326.593508,1673405327.1664057,0.4051060676574707
1673405326.9604704,1673405326.9604704,1673405326.7612996,1673405327.3693945,0.4089241027832031
1673405327.1607943,1673405327.195223,1673405327.1607943,1673405327.5901084,0.42931413650512695
1673405327.3992167,1673405327.3992167,1673405327.5626144,1673405327.8058875,0.40667080879211426
1673405327.600489,1673405327.5626144,1673405327.600489,1673405328.0216293,0.4211404323577881
1673405327.8317876,1673405327.8639882,1673405327.797408,1673405328.2390075,0.40721988677978516
1673405328.0334966,1673405328.0334966,1673405327.9988356,1673405328.4528863,0.4193897247314453
1673405328.2673414,1673405328.2326205,1673405328.1989257,1673405328.6602283,0.3928868770599365
1673405328.4679534,1673405328.5014503,1673405328.3997,1673405328.862417,0.39446353912353516
1673405328.6694396,1673405328.7006733,1673405328.5677733,1673405329.0682638,0.39882421493530273
1673405328.8678207,1673405328.8678207,1673405328.767304,1673405329.268086,0.4002652168273926
1673405329.068514,1673405329.068514,1673405328.967983,1673405329.481179,0.41266489028930664
1673405329.2701302,1673405329.2701302,1673405329.1354678,1673405329.687402,0.41727185249328613
1673405329.5052402,1673405329.4699512,1673405329.3364568,1673405329.893438,0.3881978988647461
1673405329.6719413,1673405329.637758,1673405329.5368812,1673405330.09256,0.42061877250671387
1673405330.073663,1673405330.0052803,1673405329.9069629,1673405330.3133397,0.23967671394348145
1673405330.1064732,1673405330.1064732,1673405330.1064732,1673405330.521856,0.41538286209106445
1673405330.5094483,1673405330.5094483,1673405330.3087006,1673405330.7415168,0.23206853866577148
1673405330.5440905,1673405330.5765057,1673405330.4752018,1673405330.9409232,0.3968327045440674
1673405330.912352,1673405330.8766425,1673405330.6761172,1673405331.1485207,0.23616862297058105
1673405330.945161,1673405330.978383,1673405330.8766425,1673405331.34579,0.40062880516052246
1673405331.3134968,1673405331.2453601,1673405331.078712,1673405331.5538003,0.24030351638793945
1673405331.3455727,1673405331.3455727,1673405331.2800288,1673405331.7538884,0.40831565856933594
1673405331.5460796,1673405331.5460796,1673405331.4818265,1673405331.9639983,0.41791868209838867
1673405331.747179,1673405331.747179,1673405331.6836789,1673405332.1602232,0.4130442142486572
1673405331.9495318,1673405331.9146805,1673405331.8819818,1673405332.368684,0.41915225982666016
1673405332.1489284,1673405332.185595,1673405332.0505736,1673405332.5687928,0.4198644161224365
1673405332.5508409,1673405332.4853268,1673405332.451316,1673405332.8533483,0.3025074005126953
1673405332.5916753,1673405332.6852138,1673405332.652019,1673405333.0509403,0.45926499366760254
1673405332.9521134,1673405332.8856475,1673405332.852949,1673405333.243246,0.29113268852233887
1673405333.021671,1673405333.0861983,1673405333.0527968,1673405333.435568,0.4138970375061035
1673405333.2219179,1673405333.2544174,1673405333.2219179,1673405333.6354783,0.4135603904724121
1673405333.4209604,1673405333.6571698,1673405333.6214921,1673405333.8462167,0.42525625228881836
1673405333.6214921,1673405333.7561965,1673405333.6571698,1673405334.0473664,0.4258742332458496
1673405333.8222551,1673405334.0596602,1673405334.023066,1673405334.261651,0.4393959045410156
1673405334.0596602,1673405334.1234837,1673405334.0596602,1673405334.4824061,0.422745943069458
1673405334.2933097,1673405334.3242865,1673405334.46033,1673405334.7002318,0.4069221019744873
1673405334.494886,1673405334.527957,1673405334.494886,1673405334.905796,0.41091012954711914
1673405334.6948833,1673405334.7283401,1673405334.6600566,1673405335.1073804,0.41249704360961914
1673405334.895171,1673405334.9287903,1673405334.8608563,1673405335.3225586,0.42738771438598633
1673405335.1296763,1673405335.0941653,1673405335.2297199,1673405335.536247,0.4065706729888916
1673405335.330102,1673405335.3000538,1673405335.2669978,1673405335.7381148,0.40801286697387695
1673405335.5293393,1673405335.5628328,1673405335.6293879,1673405335.939456,0.41011667251586914
1673405335.7297125,1673405335.7642462,1673405335.664052,1673405336.1404297,0.410717248916626
1673405335.9302337,1673405335.9302337,1673405335.8297603,1673405336.3460073,0.4157736301422119
1673405336.131136,1673405336.131136,1673405335.9972565,1673405336.5546906,0.4235546588897705
1673405336.3673723,1673405336.3320246,1673405336.197882,1673405336.762026,0.3946537971496582
1673405336.5689113,1673405336.5998802,1673405336.398592,1673405336.9660907,0.39717936515808105
1673405336.7676153,1673405336.8002555,1673405336.7676153,1673405337.174618,0.40700268745422363
1673405336.9697342,1673405337.0032067,1673405336.8002555,1673405337.378923,0.40918874740600586
1673405337.169026,1673405337.204051,1673405337.204051,1673405337.5812645,0.41223859786987305
1673405337.369034,1673405337.369034,1673405337.2363243,1673405337.7982178,0.4291837215423584
1673405337.6046653,1673405337.5699086,1673405337.6046653,1673405338.0032468,0.39858150482177734
1673405337.8097055,1673405337.837365,1673405337.6406035,1673405338.2062113,0.39650583267211914
1673405338.0039062,1673405338.0433173,1673405338.0039062,1673405338.4092553,0.4053490161895752
1673405338.2054543,1673405338.2397046,1673405338.0433173,1673405338.6115437,0.40608930587768555
1673405338.405654,1673405338.4414334,1673405338.405654,1673405338.8140247,0.4083707332611084
1673405338.6074755,1673405338.6074755,1673405338.475411,1673405339.018884,0.4114084243774414
1673405338.8079073,1673405338.8079073,1673405338.67359,1673405339.2301311,0.4222238063812256
1673405339.0432858,1673405339.008701,1673405338.8741992,1673405339.4400904,0.3968045711517334
1673405339.2443502,1673405339.2750764,1673405339.0751286,1673405339.6419523,0.3976020812988281
1673405339.4431233,1673405339.4796865,1673405339.2750764,1673405339.8487616,0.4056382179260254
1673405339.6445081,1673405339.6814985,1673405339.4796865,1673405340.0501888,0.40568065643310547
1673405339.8444414,1673405339.8829348,1673405339.6814985,1673405340.2560203,0.411578893661499
1673405340.045002,1673405340.045002,1673405340.0806727,1673405340.457715,0.41271305084228516
1673405340.2459593,1673405340.2459593,1673405340.1120288,1673405340.6669254,0.42096614837646484
1673405340.4465346,1673405340.4465346,1673405340.4825625,1673405340.879129,0.43259429931640625
1673405340.8495183,1673405340.9171898,1673405340.885022,1673405341.1362808,0.2867624759674072
1673405340.885022,1673405341.0170093,1673405340.9171898,1673405341.330337,0.4453151226043701
1673405341.0834115,1673405341.2839766,1673405341.3192732,1673405341.540667,0.45725560188293457
1673405341.3192732,1673405341.3845737,1673405341.3504903,1673405341.74531,0.4260368347167969
1673405341.5180826,1673405341.753315,1673405341.7195637,1673405341.9550014,0.4369187355041504
1673405341.7195637,1673405341.8519604,1673405341.753315,1673405342.1647797,0.44521594047546387
1673405341.918822,1673405342.1193728,1673405342.154965,1673405342.3803856,0.4615635871887207
1673405342.154965,1673405342.2201848,1673405342.1882603,1673405342.578272,0.4233071804046631
1673405342.3553064,1673405342.5891469,1673405342.555735,1673405342.7969158,0.44160938262939453
1673405342.555735,1673405342.6889338,1673405342.5891469,1673405342.9951265,0.4393913745880127
1673405342.7555828,1673405342.7903948,1673405342.7903948,1673405343.1897645,0.43418169021606445
1673405342.9572036,1673405342.9920688,1673405342.9920688,1673405343.4091733,0.45196962356567383
1673405343.3922482,1673405343.3922482,1673405343.3922482,1673405343.6321142,0.23986601829528809
1673405343.425376,1673405343.4580183,1673405343.425376,1673405343.8425577,0.41718173027038574
1673405343.8273187,1673405343.8273187,1673405343.7931497,1673405344.0554314,0.22811269760131836
1673405343.8626335,1673405343.9266667,1673405343.8273187,1673405344.2597573,0.3971238136291504
1673405344.2287035,1673405344.2287035,1673405343.994065,1673405344.4741974,0.24549388885498047
1673405344.2698808,1673405344.3333359,1673405344.1950037,1673405344.6727736,0.4028928279876709
1673405344.462583,1673405344.4963791,1673405344.3955257,1673405344.8754518,0.4128687381744385
1673405344.663545,1673405344.6974878,1673405344.5971477,1673405345.0772913,0.41374635696411133
1673405344.8644428,1673405344.898276,1673405344.8331566,1673405345.2873821,0.4229393005371094
1673405345.0663064,1673405345.101721,1673405345.0332167,1673405345.4866529,0.4203464984893799
1673405345.4690185,1673405345.4690185,1673405345.236039,1673405345.7018363,0.2328178882598877
1673405345.503325,1673405345.568025,1673405345.4347982,1673405345.9008658,0.397540807723999
1673405345.8707063,1673405345.8352048,1673405345.6343093,1673405346.1091309,0.23842453956604004
1673405345.9032133,1673405345.9356923,1673405345.8352048,1673405346.3082619,0.4050486087799072
1673405346.102815,1673405346.1365657,1673405346.238361,1673405346.5163422,0.413527250289917
1673405346.3040621,1673405346.3040621,1673405346.2708254,1673405346.72393,0.41986775398254395
1673405346.5443919,1673405346.5048716,1673405346.6394668,1673405346.9342961,0.389904260635376
1673405346.739825,1673405346.772352,1673405346.6714728,1673405347.135858,0.39603304862976074
1673405346.9411197,1673405346.97293,1673405346.8723063,1673405347.3445523,0.40343260765075684
1673405347.1403494,1673405347.1403494,1673405347.0732203,1673405347.5502207,0.40987133979797363
1673405347.341732,1673405347.341732,1673405347.4758,1673405347.7598147,0.41808271408081055
1673405347.541524,1673405347.541524,1673405347.5139832,1673405347.9622867,0.4207627773284912
1673405347.9451337,1673405347.9127297,1673405347.8760703,1673405348.1714878,0.22635412216186523
1673405347.9786031,1673405348.0098088,1673405347.9127297,1673405348.3696883,0.391085147857666
1673405348.347099,1673405348.3128133,1673405348.2775035,1673405348.5783138,0.2312147617340088
1673405348.3797219,1673405348.4118087,1673405348.347099,1673405348.778461,0.3987390995025635
1673405348.7528112,1673405348.7845883,1673405348.5468252,1673405348.9908304,0.23801922798156738
1673405348.7845883,1673405348.8796885,1673405348.7528112,1673405349.2014618,0.4168734550476074
1673405349.1831331,1673405349.1478567,1673405348.948985,1673405349.4104168,0.22728371620178223
1673405349.21605,1673405349.2479432,1673405349.1478567,1673405349.61122,0.3951699733734131
1673405349.5822427,1673405349.547377,1673405349.3481772,1673405349.8199208,0.23767805099487305
1673405349.6138175,1673405349.6138175,1673405349.547377,1673405350.0205069,0.4066894054412842
1673405349.8154018,1673405349.8154018,1673405349.7479055,1673405350.2328863,0.4174845218658447
1673405350.0152736,1673405350.0152736,1673405349.9507134,1673405350.4345393,0.4192657470703125
1673405350.2164083,1673405350.1825202,1673405350.150959,1673405350.6373174,0.42090916633605957
1673405350.4168832,1673405350.4514482,1673405350.3510427,1673405350.8361268,0.41924357414245605
1673405350.6178646,1673405350.6526043,1673405350.5552418,1673405351.0418692,0.42400455474853516
1673405350.853341,1673405350.853341,1673405350.7534602,1673405351.247329,0.39398789405822754
1673405351.0554256,1673405351.0196667,1673405350.9530776,1673405351.4564142,0.4009885787963867
1673405351.256325,1673405351.220099,1673405351.1546493,1673405351.6606605,0.40433549880981445
1673405351.4571655,1673405351.488283,1673405351.3554258,1673405351.8650885,0.40792298316955566
1673405351.6562703,1673405351.6902597,1673405351.5560443,1673405352.073262,0.4169917106628418
1673405351.8566856,1673405351.8902113,1673405351.790325,1673405352.2760355,0.41934990882873535
1673405352.0565298,1673405352.0910711,1673405351.989754,1673405352.482325,0.425795316696167
1673405352.2923489,1673405352.2923489,1673405352.1921217,1673405352.6992795,0.40693068504333496
1673405352.4933276,1673405352.457498,1673405352.391545,1673405352.902951,0.409623384475708
1673405352.6945345,1673405352.7259104,1673405352.5927634,1673405353.1035984,0.40906381607055664
1673405352.8928332,1673405352.926274,1673405352.7926855,1673405353.3082278,0.41539454460144043
1673405353.0931902,1673405353.127454,1673405352.9931118,1673405353.508157,0.4149668216705322
1673405353.2940955,1673405353.2940955,1673405353.2294805,1673405353.7139795,0.41988396644592285
1673405353.4959774,1673405353.4959774,1673405353.4300745,1673405353.9255285,0.4295511245727539
1673405353.7324238,1673405353.6967452,1673405353.6298223,1673405354.138535,0.4061112403869629
1673405353.933051,1673405353.90178,1673405353.831514,1673405354.341664,0.4086129665374756
1673405354.1315808,1673405354.1654687,1673405354.0312808,1673405354.5422735,0.4106926918029785
1673405354.3315754,1673405354.3315754,1673405354.2310722,1673405354.744761,0.41318559646606445
1673405354.532119,1673405354.532119,1673405354.467577,1673405354.9608788,0.4287598133087158
1673405354.7733557,1673405354.7377942,1673405354.6690423,1673405355.1652672,0.39191150665283203
1673405354.9731965,1673405355.0053997,1673405354.8730118,1673405355.3714879,0.39829134941101074
1673405355.1725965,1673405355.2059462,1673405355.0721648,1673405355.5754046,0.40280818939208984
1673405355.3736806,1673405355.3736806,1673405355.2733338,1673405355.7818825,0.4082019329071045
1673405355.5750573,1673405355.5750573,1673405355.473746,1673405355.9978273,0.42277002334594727
1673405355.8119001,1673405355.7762098,1673405355.711088,1673405356.2090614,0.39716124534606934
1673405356.0102549,1673405356.0430386,1673405355.9120302,1673405356.4094813,0.39922642707824707
1673405356.2109501,1673405356.244568,1673405356.1122477,1673405356.6142116,0.4032614231109619
1673405356.4128041,1673405356.4128041,1673405356.2781324,1673405356.8193026,0.40649843215942383
1673405356.611652,1673405356.611652,1673405356.4780624,1673405357.0345159,0.4228639602661133
1673405356.8175378,1673405356.8175378,1673405356.6785386,1673405357.2369187,0.41938090324401855
1673405357.0483415,1673405357.0799947,1673405356.8792427,1673405357.4444976,0.39615607261657715
1673405357.247793,1673405357.281474,1673405357.0799947,1673405357.6474419,0.39964890480041504
1673405357.4495926,1673405357.4495926,1673405357.281474,1673405357.8574128,0.4078202247619629
1673405357.6506085,1673405357.6506085,1673405357.4824374,1673405358.0682538,0.4176452159881592
1673405358.0522375,1673405357.9166865,1673405357.9166865,1673405358.3120139,0.25977635383605957
1673405358.085403,1673405358.119166,1673405358.119166,1673405358.5225208,0.4371178150177002
1673405358.4521134,1673405358.3214343,1673405358.3214343,1673405358.727932,0.2758185863494873
1673405358.48667,1673405358.48667,1673405358.5199184,1673405358.9331565,0.4464864730834961
1673405358.8532562,1673405358.6862605,1673405358.720075,1673405359.133076,0.2798197269439697
1673405358.8871744,1673405358.9534748,1673405358.921278,1673405359.3387995,0.45162510871887207
1673405359.08758,1673405359.1550534,1673405359.1209831,1673405359.5378497,0.4502696990966797
1673405359.2881582,1673405359.5226128,1673405359.5226128,1673405359.7538955,0.46573734283447266
1673405359.4890327,1673405359.6230047,1673405359.5570745,1673405359.953326,0.4642932415008545
1673405359.6894202,1673405359.8912373,1673405359.9271638,1673405360.1640656,0.47464537620544434
1673405360.0924194,1673405359.997017,1673405359.9592159,1673405360.3631678,0.2707483768463135
1673405360.1273153,1673405360.359974,1673405360.328189,1673405360.572871,0.4455556869506836
1673405360.4950812,1673405360.4603314,1673405360.359974,1673405360.788913,0.29383182525634766
1673405360.5270562,1673405360.7271178,1673405360.7608976,1673405360.9988427,0.4717864990234375
1673405360.7271178,1673405360.8277009,1673405360.7945244,1673405361.1990619,0.47194409370422363
1673405360.9642565,1673405361.1955416,1673405361.1629374,1673405361.4081733,0.44391679763793945
1673405361.1629374,1673405361.128328,1673405361.1955416,1673405361.6096187,0.44668126106262207
1673405361.3634295,1673405361.3961654,1673405361.3961654,1673405361.8238168,0.4603872299194336
1673405361.5634537,1673405361.5984268,1673405361.5984268,1673405362.0230978,0.459644079208374
1673405361.7639785,1673405361.9653578,1673405362.0007927,1673405362.235505,0.4715266227722168
1673405362.0007927,1673405362.0663888,1673405362.0366786,1673405362.435339,0.43454623222351074
1673405362.2022476,1673405362.4352283,1673405362.4002583,1673405362.6474218,0.4451742172241211
1673405362.4002583,1673405362.5337338,1673405362.4352283,1673405362.8654501,0.4651918411254883
1673405362.6018078,1673405362.842235,1673405362.842235,1673405363.0644052,0.4625973701477051
1673405362.8012183,1673405362.9357474,1673405362.8761802,1673405363.2565928,0.45537447929382324
1673405363.0022159,1673405363.202669,1673405363.2379239,1673405363.471749,0.46953320503234863
1673405363.2379239,1673405363.3032112,1673405363.270373,1673405363.6774433,0.43951940536499023
1673405363.436998,1673405363.675231,1673405363.6423602,1673405363.9016623,0.4646644592285156
1673405363.6423602,1673405363.7713041,1673405363.7077153,1673405364.1037993,0.4614391326904297
1673405363.873184,1673405363.938617,1673405363.9075117,1673405364.2969913,0.42380738258361816
1673405364.0751321,1673405364.0389037,1673405364.0751321,1673405364.5054047,0.43027257919311523
1673405364.318335,1673405364.318335,1673405364.4748063,1673405364.7240028,0.405667781829834
1673405364.5091722,1673405364.5091722,1673405364.5091722,1673405364.933636,0.42446374893188477
1673405364.7469962,1673405364.7095594,1673405364.875748,1673405365.1382647,0.3912684917449951
1673405364.9450192,1673405364.975755,1673405364.9092476,1673405365.3464444,0.4014251232147217
1673405365.143903,1673405365.1766949,1673405365.2768748,1673405365.5529227,0.40901970863342285
1673405365.3458297,1673405365.3458297,1673405365.3123384,1673405365.7562182,0.4103884696960449
1673405365.5444887,1673405365.5444887,1673405365.5114055,1673405365.974277,0.42978835105895996
1673405365.7840822,1673405365.8126,1673405365.7119193,1673405366.183238,0.399155855178833
1673405365.9800365,1673405366.0183516,1673405366.1134586,1673405366.3904073,0.4103708267211914
1673405366.184203,1673405366.2137837,1673405366.1476433,1673405366.597005,0.41280198097229004
1673405366.382398,1673405366.382398,1673405366.3501043,1673405366.8010051,0.418607234954834
1673405366.6181803,1673405366.58355,1673405366.549642,1673405367.0165105,0.3983302116394043
1673405366.8187957,1673405366.783389,1673405366.7506433,1673405367.2193153,0.40051960945129395
1673405367.0176764,1673405367.0501754,1673405366.9500158,1673405367.4257047,0.40802836418151855
1673405367.2220967,1673405367.2547128,1673405367.3547587,1673405367.6292217,0.40712499618530273
1673405367.426536,1673405367.426536,1673405367.393078,1673405367.8371089,0.41057276725769043
1673405367.624289,1673405367.624289,1673405367.5887306,1673405368.0581028,0.43381381034851074
1673405367.858429,1673405367.8248382,1673405367.7895463,1673405368.2684057,0.4099767208099365
1673405368.0586073,1673405368.092168,1673405367.994352,1673405368.4724905,0.4138832092285156
1673405368.2575989,1673405368.2270331,1673405368.1906831,1673405368.6788487,0.4212498664855957
1673405368.4600272,1673405368.4922576,1673405368.5930727,1673405368.8802981,0.4202709197998047
1673405368.6948133,1673405368.6948133,1673405368.626482,1673405369.0889251,0.39411187171936035
1673405368.8953645,1673405368.8953645,1673405368.9929774,1673405369.301531,0.40616655349731445
1673405369.0995996,1673405369.0620153,1673405369.0271547,1673405369.5096161,0.4100165367126465
1673405369.2950945,1673405369.2607527,1673405369.3955917,1673405369.714262,0.41916751861572266
1673405369.6961262,1673405369.6297605,1673405369.4283361,1673405369.9269745,0.2308483123779297
1673405369.730998,1673405369.730998,1673405369.5956986,1673405370.1404455,0.40944743156433105
1673405370.1026673,1673405370.199865,1673405370.1666238,1673405370.4002469,0.2975795269012451
1673405370.134382,1673405370.1026673,1673405370.199865,1673405370.594788,0.4604060649871826
1673405370.5330384,1673405370.6013894,1673405370.5677173,1673405370.8126743,0.2796359062194824
1673405370.5677173,1673405370.6667457,1673405370.6013894,1673405371.0024097,0.4346923828125
1673405370.935344,1673405370.7699926,1673405370.802322,1673405371.2159035,0.2805595397949219
1673405370.9697523,1673405370.9697523,1673405371.0041275,1673405371.4174004,0.4476480484008789
1673405371.3690906,1673405371.4031065,1673405371.2044153,1673405371.6212773,0.25218677520751953
1673405371.4031065,1673405371.4693725,1673405371.4031065,1673405371.838022,0.43491554260253906
1673405371.8039515,1673405371.7704713,1673405371.6041193,1673405372.0528579,0.24890637397766113
1673405371.838978,1673405371.838978,1673405371.8039515,1673405372.2583592,0.41938114166259766
1673405372.2402785,1673405372.2402785,1673405372.00446,1673405372.4722219,0.23194336891174316
1673405372.2775247,1673405372.338808,1673405372.205045,1673405372.6740744,0.39654970169067383
1673405372.6411068,1673405372.6070702,1673405372.4064028,1673405372.885637,0.24453020095825195
1673405372.673589,1673405372.7079403,1673405372.5736098,1673405373.085481,0.4118919372558594
1673405372.8751905,1673405372.8751905,1673405372.7748456,1673405373.2988684,0.423677921295166
1673405373.0757034,1673405373.0757034,1673405372.9755738,1673405373.5101628,0.4344594478607178
1673405373.4767046,1673405373.3768814,1673405373.3431702,1673405373.7434163,0.2667117118835449
1673405373.51202,1673405373.5480614,1673405373.5480614,1673405373.9406743,0.42865419387817383
1673405373.7112057,1673405373.745955,1673405373.745955,1673405374.138329,0.4271233081817627
1673405373.9112883,1673405373.9470031,1673405373.9470031,1673405374.343174,0.4318857192993164
1673405374.3130217,1673405374.3481634,1673405374.1126688,1673405374.5551054,0.24208378791809082
1673405374.3481634,1673405374.4467099,1673405374.3130217,1673405374.770307,0.42214369773864746
1673405374.7500045,1673405374.7156096,1673405374.5138946,1673405374.9841087,0.23410415649414062
1673405374.7833543,1673405374.8162878,1673405374.8818948,1673405375.190415,0.4070606231689453
1673405375.1829135,1673405375.117976,1673405374.915527,1673405375.4111767,0.22826313972473145
1673405375.2188022,1673405375.2188022,1673405375.2834537,1673405375.618971,0.40016889572143555
1673405375.5844185,1673405375.5844185,1673405375.316689,1673405375.8376243,0.2532057762145996
1673405375.6185005,1673405375.6846483,1673405375.4838095,1673405376.0410933,0.4225928783416748
1673405376.0201116,1673405375.8856738,1673405375.8856738,1673405376.2987318,0.27862024307250977
1673405376.0536594,1673405376.0866678,1673405376.0866678,1673405376.5053537,0.4516942501068115
1673405376.4211981,1673405376.2882264,1673405376.2882264,1673405376.7005618,0.27936363220214844
1673405376.4547367,1673405376.4547367,1673405376.489496,1673405376.904833,0.45009636878967285
1673405376.6550922,1673405376.6550922,1673405376.6908255,1673405377.1117437,0.4566514492034912
1673405376.8977618,1673405376.9257383,1673405376.8977618,1673405377.308382,0.41062021255493164
1673405377.0925875,1673405377.1276038,1673405377.0925875,1673405377.5150394,0.4224519729614258
1673405377.291456,1673405377.327081,1673405377.327081,1673405377.7270372,0.4355812072753906
1673405377.5288699,1673405377.4926825,1673405377.5288699,1673405377.946566,0.4176962375640869
1673405377.72904,1673405377.6928365,1673405377.72904,1673405378.1556714,0.42663145065307617
1673405377.9644651,1673405377.9644651,1673405377.9271314,1673405378.369326,0.4048609733581543
1673405378.1659586,1673405378.1659586,1673405378.1275349,1673405378.584383,0.4184243679046631
1673405378.397979,1673405378.42882,1673405378.329185,1673405378.7950764,0.3970973491668701
1673405378.596893,1673405378.6296363,1673405378.5298913,1673405379.0027843,0.40589118003845215
1673405378.7985647,1673405378.8307297,1673405378.6963034,1673405379.212074,0.4135093688964844
1673405378.999153,1673405378.999153,1673405378.8978565,1673405379.419557,0.42040419578552246
1673405379.2343369,1673405379.199257,1673405379.0984397,1673405379.6368911,0.4025542736053467
1673405379.434787,1673405379.3999572,1673405379.2995937,1673405379.84176,0.40697288513183594
1673405379.6346173,1673405379.6681712,1673405379.5009675,1673405380.0498202,0.4152028560638428
1673405379.834114,1673405379.8677804,1673405379.702545,1673405380.251176,0.41706204414367676
1673405380.2353768,1673405380.1351655,1673405380.1044688,1673405380.5067,0.27132320404052734
1673405380.271034,1673405380.3357284,1673405380.3024287,1673405380.6960173,0.42498326301574707
1673405380.6378484,1673405380.6033688,1673405380.5073888,1673405380.8927517,0.25490331649780273
1673405380.6704612,1673405380.7057219,1673405380.7057219,1673405381.1038477,0.43338656425476074
1673405381.0724254,1673405381.1083775,1673405380.8713045,1673405381.3218393,0.24941396713256836
1673405381.1083775,1673405381.207716,1673405381.0724254,1673405381.5299504,0.4215729236602783
1673405381.5087655,1673405381.4743586,1673405381.2737443,1673405381.7423055,0.23354005813598633
1673405381.5404694,1673405381.574568,1673405381.4743586,1673405381.9461732,0.4057037830352783
1673405381.9086018,1673405381.8759797,1673405381.67507,1673405382.1610944,0.25249266624450684
1673405381.941661,1673405381.941661,1673405381.8759797,1673405382.3648503,0.4231894016265869
1673405382.3432837,1673405382.3432837,1673405382.0804815,1673405382.5844972,0.24121356010437012
1673405382.379543,1673405382.443697,1673405382.2816646,1673405382.7883801,0.40883708000183105
1673405382.779128,1673405382.7117498,1673405382.6782238,1673405383.092788,0.3136599063873291
1673405382.8136902,1673405382.9139667,1673405382.8790307,1673405383.2906835,0.4769933223724365
1673405383.17995,1673405383.1145027,1673405383.0796492,1673405383.4926727,0.31272268295288086
1673405383.2147658,1673405383.2808037,1673405383.2808037,1673405383.7023509,0.48758506774902344
1673405383.6167986,1673405383.5166142,1673405383.5166142,1673405383.9140306,0.29723191261291504
1673405383.6507926,1673405383.6817105,1673405383.7175508,1673405384.1145077,0.4637150764465332
1673405384.01622,1673405383.9502776,1673405383.922525,1673405384.317516,0.3012959957122803
1673405384.0843735,1673405384.1502414,1673405384.1190448,1673405384.5264175,0.4420440196990967
1673405384.285368,1673405384.3507662,1673405384.3196383,1673405384.7310312,0.4456632137298584
1673405384.4913223,1673405384.5560682,1673405384.5227013,1673405384.93255,0.44122767448425293
1673405384.6853619,1673405384.7240176,1673405384.7240176,1673405385.1432617,0.457899808883667
1673405384.9205835,1673405384.9205835,1673405384.9205835,1673405385.357115,0.43653154373168945
1673405385.1210265,1673405385.1210265,1673405385.1553748,1673405385.5638676,0.4428410530090332
1673405385.3568819,1673405385.3214133,1673405385.3568819,1673405385.7801032,0.4232213497161865
1673405385.5635421,1673405385.7912524,1673405385.7569563,1673405385.988759,0.4252169132232666
1673405385.7569563,1673405385.8910584,1673405385.7912524,1673405386.204173,0.4472167491912842
1673405385.993545,1673405386.193869,1673405386.193869,1673405386.431169,0.4376239776611328
1673405386.3919597,1673405386.2911336,1673405386.2263534,1673405386.6366343,0.2446746826171875
1673405386.427527,1673405386.3919597,1673405386.6262293,1673405386.8520818,0.42455482482910156
1673405386.8272023,1673405386.8679862,1673405386.664296,1673405387.076324,0.24912166595458984
1673405386.8679862,1673405386.9610467,1673405386.8272023,1673405387.2884216,0.42043542861938477
1673405387.268924,1673405387.233197,1673405386.99464,1673405387.5041285,0.23520445823669434
1673405387.2963126,1673405387.3336732,1673405387.195252,1673405387.7083735,0.4120609760284424
1673405387.496622,1673405387.5319324,1673405387.4007373,1673405387.919843,0.4232208728790283
1673405387.6978815,1673405387.7322686,1673405387.5980108,1673405388.1437232,0.44584178924560547
1673405388.1339328,1673405387.9988973,1673405387.9988973,1673405388.4259923,0.29205942153930664
1673405388.1667256,1673405388.1995878,1673405388.2339306,1673405388.6291926,0.4624669551849365
1673405388.5335217,1673405388.4665864,1673405388.4358058,1673405388.8338103,0.30028867721557617
1673405388.567508,1673405388.6676905,1673405388.6357884,1673405389.0379019,0.4703938961029053
1673405388.934972,1673405388.8685102,1673405388.8347163,1673405389.2435515,0.3085794448852539
1673405388.9697826,1673405389.0401855,1673405389.0401855,1673405389.4614198,0.4916372299194336
1673405389.372042,1673405389.2388787,1673405389.27567,1673405389.6664715,0.2944295406341553
1673405389.4055002,1673405389.5036485,1673405389.470904,1673405389.8670342,0.4615340232849121
1673405389.7732358,1673405389.704448,1673405389.6729412,1673405390.0783613,0.30512547492980957
1673405389.8067832,1673405389.9070148,1673405389.8742785,1673405390.281287,0.474503755569458
1673405390.2098143,1673405390.074737,1673405390.074737,1673405390.5016623,0.29184794425964355
1673405390.241347,1673405390.275047,1673405390.3094883,1673405390.706255,0.4649078845977783
1673405390.6418166,1673405390.5417037,1673405390.5091722,1673405390.9108105,0.2689938545227051
1673405390.6767356,1673405390.7445724,1673405390.7088983,1673405391.1205723,0.44383668899536133
1673405391.0437121,1673405390.9432924,1673405390.9096375,1673405391.3221638,0.27845168113708496
1673405391.078937,1673405391.1456192,1673405391.1119347,1673405391.5269406,0.44800353050231934
1673405391.478186,1673405391.3120568,1673405391.3120568,1673405391.7289822,0.2507963180541992
1673405391.5123935,1673405391.5123935,1673405391.5123935,1673405391.9418993,0.4295058250427246
1673405391.8809385,1673405391.713849,1673405391.7474036,1673405392.1538253,0.2728867530822754
1673405391.9138248,1673405391.9138248,1673405391.9495645,1673405392.3631992,0.4493744373321533
1673405392.3519812,1673405392.2837424,1673405392.1545641,1673405392.5772154,0.2252342700958252
1673405392.3870409,1673405392.3870409,1673405392.3519812,1673405392.7799315,0.39289069175720215
1673405392.7541568,1673405392.7875862,1673405392.518295,1673405392.9990652,0.24490833282470703
1673405392.7875862,1673405392.852661,1673405392.7197337,1673405393.2055426,0.4179563522338867
1673405393.1879654,1673405393.1539824,1673405392.9196434,1673405393.4230802,0.23511481285095215
1673405393.221205,1673405393.2542496,1673405393.1205468,1673405393.627732,0.406527042388916
1673405393.5903988,1673405393.557083,1673405393.3216174,1673405393.840863,0.25046420097351074
1673405393.6222646,1673405393.6569743,1673405393.526865,1673405394.0478406,0.42557597160339355
1673405394.024611,1673405393.924404,1673405393.924404,1673405394.3434944,0.31888341903686523
1673405394.0598764,1673405394.1250556,1673405394.1250556,1673405394.5587595,0.4988830089569092
1673405394.4617505,1673405394.3261929,1673405394.360883,1673405394.7673204,0.3055698871612549
1673405394.493352,1673405394.526757,1673405394.5617764,1673405394.9695961,0.4762442111968994
1673405394.8606925,1673405394.7311866,1673405394.7655332,1673405395.175411,0.31471848487854004
1673405394.894404,1673405394.927473,1673405394.9606106,1673405395.376204,0.4818000793457031
1673405395.2618177,1673405395.1951063,1673405395.1613724,1673405395.5832033,0.32138562202453613
1673405395.2958426,1673405395.332468,1673405395.3627105,1673405395.7835183,0.48767566680908203
1673405395.6967082,1673405395.6967082,1673405395.764162,1673405395.9923515,0.29564332962036133
1673405395.7312102,1673405395.8001866,1673405395.8001866,1673405396.194148,0.4629378318786621
1673405396.1326866,1673405396.2036738,1673405396.167401,1673405396.4107306,0.2780439853668213
1673405396.167401,1673405396.2664847,1673405396.2036738,1673405396.6153674,0.4479663372039795
1673405396.5340538,1673405396.3687854,1673405396.401083,1673405396.819943,0.2858891487121582
1673405396.5683916,1673405396.5683916,1673405396.602345,1673405397.0282445,0.459852933883667
1673405396.968607,1673405396.968607,1673405397.002389,1673405397.2396905,0.2710835933685303
1673405397.002389,1673405397.069164,1673405397.0364094,1673405397.4420688,0.4396798610687256
1673405397.4043305,1673405397.4436157,1673405397.4436157,1673405397.6675386,0.26320815086364746
1673405397.4436157,1673405397.5366945,1673405397.4717677,1673405397.8883834,0.44476771354675293
1673405397.8376598,1673405397.8376598,1673405397.8746336,1673405398.1043012,0.26664137840270996
1673405397.8746336,1673405397.9382749,1673405397.9050996,1673405398.292695,0.4180614948272705
1673405398.2739966,1673405398.2060995,1673405398.2739966,1673405398.5127158,0.23871922492980957
1673405398.3080056,1673405398.3080056,1673405398.3080056,1673405398.729327,0.42132139205932617
1673405398.7089667,1673405398.7089667,1673405398.675084,1673405398.9525113,0.2435445785522461
1673405398.7482355,1673405398.808832,1673405398.7089667,1673405399.1577764,0.40954089164733887
1673405398.9470072,1673405398.9091518,1673405398.875298,1673405399.3665898,0.4195826053619385
1673405399.142882,1673405399.112032,1673405399.0761123,1673405399.5727632,0.42988109588623047
1673405399.5441391,1673405399.5776367,1673405399.4770799,1673405399.787252,0.24311280250549316
1673405399.5776367,1673405399.677744,1673405399.5115778,1673405399.9948301,0.4171934127807617
1673405399.9789217,1673405399.9789217,1673405399.7112737,1673405400.2150006,0.23607897758483887
1673405400.0139406,1673405400.0796168,1673405399.9142036,1673405400.4236388,0.4096982479095459
1673405400.4141836,1673405400.348466,1673405400.313903,1673405400.6344285,0.2202448844909668
1673405400.4498498,1673405400.4498498,1673405400.348466,1673405400.8367531,0.3869032859802246
1673405400.8203382,1673405400.849415,1673405400.7154918,1673405401.0486467,0.22830843925476074
1673405400.849415,1673405400.9491549,1673405400.7490408,1673405401.255695,0.4062800407409668
1673405401.2241535,1673405401.2551682,1673405401.149906,1673405401.4719462,0.24779272079467773
1673405401.2551682,1673405401.3507779,1673405401.1900678,1673405401.685024,0.4298558235168457
1673405401.652182,1673405401.652182,1673405401.3845599,1673405401.9000254,0.24784326553344727
1673405401.6874554,1673405401.7240355,1673405401.5857434,1673405402.1037865,0.41633105278015137
1673405402.0872219,1673405402.0215733,1673405401.7908206,1673405402.3216295,0.23440766334533691
1673405402.1216972,1673405402.1216972,1673405401.9866433,1673405402.5309634,0.40926623344421387
1673405402.5221298,1673405402.423307,1673405402.3894014,1673405402.805629,0.28349924087524414
1673405402.5602808,1673405402.7905858,1673405402.7905858,1673405403.0214984,0.46121764183044434
1673405402.9237502,1673405402.890847,1673405402.8253653,1673405403.2316015,0.30785131454467773
1673405402.957796,1673405403.1913567,1673405403.1913567,1673405403.4345467,0.47675061225891113
1673405403.3585346,1673405403.291519,1673405403.2265553,1673405403.627479,0.26894450187683105
1673405403.3938632,1673405403.3938632,1673405403.4253323,1673405403.8310354,0.43717217445373535
1673405403.793424,1673405403.7595968,1673405403.6290488,1673405404.0382798,0.2448558807373047
1673405403.8296301,1673405403.861379,1673405403.8296301,1673405404.247001,0.4173707962036133
1673405404.2280116,1673405404.2635512,1673405404.0281467,1673405404.4947863,0.26677465438842773
1673405404.296927,1673405404.362137,1673405404.2280116,1673405404.701921,0.40499401092529297
1673405404.4980788,1673405404.4637265,1673405404.4291015,1673405404.911607,0.4135282039642334
1673405404.6975806,1673405404.6660879,1673405404.6302423,1673405405.119939,0.42235851287841797
1673405404.9316702,1673405404.9316702,1673405404.8316624,1673405405.3307364,0.3990662097930908
1673405405.134094,1673405405.134094,1673405405.0315309,1673405405.5362926,0.40219855308532715
1673405405.3345766,1673405405.3345766,1673405405.1992574,1673405405.758135,0.42355847358703613
1673405405.5712214,1673405405.5343354,1673405405.3992195,1673405405.972573,0.4013516902923584
1673405405.76759,1673405405.8009608,1673405405.6000268,1673405406.1837027,0.41611266136169434
1673405405.9691758,1673405406.0029027,1673405406.0029027,1673405406.4068298,0.4376540184020996
1673405406.2061222,1673405406.2061222,1673405406.2061222,1673405406.6482966,0.44217443466186523
1673405406.4385817,1673405406.4058008,1673405406.4058008,1673405406.8594396,0.42085790634155273
1673405406.6448722,1673405406.6045942,1673405406.6045942,1673405407.0662017,0.4213294982910156
1673405406.8743255,1673405406.8743255,1673405406.8064215,1673405407.2791748,0.4048492908477783
1673405407.0732753,1673405407.0732753,1673405407.006802,1673405407.4941423,0.4208669662475586
1673405407.4741125,1673405407.4741125,1673405407.2094023,1673405407.7110853,0.23697280883789062
1673405407.5094068,1673405407.5747006,1673405407.409056,1673405407.9189072,0.4095003604888916
1673405407.9089577,1673405407.8425374,1673405407.8099108,1673405408.2008262,0.2918684482574463
1673405407.943434,1673405408.0433307,1673405408.010202,1673405408.3931262,0.4496922492980957
1673405408.310205,1673405408.1457925,1673405408.1769598,1673405408.5920691,0.2818641662597656
1673405408.3442802,1673405408.3442802,1673405408.3775706,1673405408.7885156,0.44423532485961914
1673405408.7119937,1673405408.5458143,1673405408.5786672,1673405408.9916542,0.2796604633331299
1673405408.7466006,1673405408.9461355,1673405408.982949,1673405409.1953723,0.44877171516418457
1673405409.181893,1673405409.1474783,1673405409.0141962,1673405409.4113083,0.2294151782989502
1673405409.217388,1673405409.2488542,1673405409.181893,1673405409.6235845,0.40619659423828125
1673405409.6159093,1673405409.515206,1673405409.3836632,1673405409.84004,0.22413063049316406
1673405409.6509113,1673405409.6509113,1673405409.582178,1673405410.0442026,0.3932912349700928
1673405410.0171833,1673405410.0171833,1673405409.7496386,1673405410.2669399,0.2497565746307373
1673405410.0533001,1673405410.1174827,1673405409.95116,1673405410.4717445,0.4184443950653076
1673405410.4521916,1673405410.385422,1673405410.1523778,1673405410.6924152,0.24022364616394043
1673405410.4876015,1673405410.4876015,1673405410.3526042,1673405410.9016714,0.41406989097595215
1673405410.8881915,1673405410.787704,1673405410.7551522,1673405411.1492183,0.26102685928344727
1673405410.9253435,1673405410.992377,1673405410.9608302,1673405411.3485498,0.4232063293457031
1673405411.3231468,1673405411.1886134,1673405411.155564,1673405411.5653224,0.24217557907104492
1673405411.3578734,1673405411.3578734,1673405411.3578734,1673405411.785638,0.4277646541595459
1673405411.757074,1673405411.757074,1673405411.757074,1673405412.0102408,0.25316667556762695
1673405411.792421,1673405411.858293,1673405411.792421,1673405412.2171168,0.4246957302093506
1673405412.192335,1673405412.2260587,1673405412.192335,1673405412.4413688,0.24903392791748047
1673405412.2260587,1673405412.3255792,1673405412.2260587,1673405412.6696906,0.4436318874359131
1673405412.6282003,1673405412.6282003,1673405412.5933886,1673405412.883385,0.2551846504211426
1673405412.6630003,1673405412.7274067,1673405412.6282003,1673405413.0877848,0.42478442192077637
1673405413.062768,1673405413.0285854,1673405412.9946668,1673405413.3021293,0.23936128616333008
1673405413.0967994,1673405413.0967994,1673405413.0285854,1673405413.5084205,0.41162109375
1673405413.4977906,1673405413.4977906,1673405413.3965635,1673405413.7343109,0.23652029037475586
1673405413.5312958,1673405413.5981991,1673405413.4316106,1673405413.9409902,0.4096944332122803
1673405413.9316826,1673405413.8649528,1673405413.80308,1673405414.152883,0.22120046615600586
1673405413.9655695,1673405413.9655695,1673405413.836037,1673405414.3614635,0.39589405059814453
1673405414.3332634,1673405414.2707222,1673405414.233386,1673405414.6402063,0.3069429397583008
1673405414.368597,1673405414.4338453,1673405414.4338453,1673405414.840791,0.47219395637512207
1673405414.7693472,1673405414.6343522,1673405414.6343522,1673405415.043233,0.27388572692871094
1673405414.8033497,1673405414.8710034,1673405414.8358507,1673405415.2503557,0.4470059871673584
1673405415.203524,1673405415.0365689,1673405415.0365689,1673405415.4491808,0.24565672874450684
1673405415.2404373,1673405415.2404373,1673405415.2404373,1673405415.6700697,0.42963242530822754
1673405415.6388764,1673405415.6388764,1673405415.4753437,1673405415.891443,0.2525665760040283
1673405415.6738327,1673405415.740418,1673405415.6738327,1673405416.1091816,0.4353489875793457
1673405416.0739315,1673405416.0069396,1673405415.875995,1673405416.316184,0.24225258827209473
1673405416.109181,1673405416.109181,1673405416.0739315,1673405416.5187364,0.40955543518066406
1673405416.3095508,1673405416.3095508,1673405416.2753687,1673405416.7460778,0.4365270137786865
1673405416.544982,1673405416.5092776,1673405416.4753978,1673405416.9504602,0.40547823905944824
1673405416.7442148,1673405416.710991,1673405416.6760876,1673405417.159696,0.4154813289642334
1673405416.944327,1673405416.9794607,1673405416.8767893,1673405417.3593292,0.41500210762023926
1673405417.149188,1673405417.181302,1673405417.0775304,1673405417.5672584,0.41807031631469727
1673405417.3453054,1673405417.3795545,1673405417.2790637,1673405417.7686312,0.423325777053833
1673405417.7471304,1673405417.6798682,1673405417.5153024,1673405417.9797933,0.23266291618347168
1673405417.7805936,1673405417.7805936,1673405417.7168972,1673405418.181172,0.40057826042175293
1673405418.1496692,1673405418.1822896,1673405417.9153953,1673405418.3957179,0.2460486888885498
1673405418.1822896,1673405418.2816787,1673405418.1167376,1673405418.6024556,0.420166015625
1673405418.5831103,1673405418.5831103,1673405418.3156085,1673405418.82098,0.2378697395324707
1673405418.6195989,1673405418.6836429,1673405418.5166526,1673405419.0274284,0.40782952308654785
1673405419.0180213,1673405418.9520025,1673405418.7211926,1673405419.241048,0.22302675247192383
1673405419.0522685,1673405419.0522685,1673405418.9175398,1673405419.4499557,0.3976871967315674
1673405419.420382,1673405419.4566782,1673405419.318945,1673405419.680122,0.25973987579345703
1673405419.4881833,1673405419.5553489,1673405419.3533719,1673405419.8890402,0.40085697174072266
1673405419.6897657,1673405419.6540022,1673405419.7211275,1673405420.1013982,0.4116325378417969
1673405419.8889,1673405419.8551733,1673405419.7586946,1673405420.3135006,0.42460060119628906
1673405420.1248088,1673405420.1248088,1673405420.1568234,1673405420.529711,0.40490221977233887
1673405420.324381,1673405420.324381,1673405420.189231,1673405420.7383263,0.41394519805908203
1673405420.5238497,1673405420.5238497,1673405420.5579257,1673405420.966323,0.4424731731414795
1673405420.7603414,1673405420.7245154,1673405420.592131,1673405421.170775,0.4104335308074951
1673405420.9602814,1673405420.9250526,1673405420.7914872,1673405421.385032,0.42475056648254395
1673405421.159508,1673405421.1273384,1673405420.9926367,1673405421.5927546,0.4332466125488281
1673405421.561982,1673405421.4288568,1673405421.4288568,1673405421.8492095,0.2872276306152344
1673405421.5953627,1673405421.6959014,1673405421.6621916,1673405422.0568838,0.4615211486816406
1673405422.029515,1673405421.99687,1673405421.8653405,1673405422.262585,0.23306989669799805
1673405422.0659275,1673405422.097495,1673405422.0659275,1673405422.4750078,0.40908026695251465
1673405422.465315,1673405422.465315,1673405422.2669835,1673405422.7097218,0.24440670013427734
1673405422.5011604,1673405422.5644858,1673405422.465315,1673405422.9186194,0.41745901107788086
1673405422.8992836,1673405422.867303,1673405422.63139,1673405423.132702,0.23341846466064453
1673405422.9337704,1673405422.9662251,1673405423.0327592,1673405423.33856,0.40478968620300293
1673405423.3020892,1673405423.2672415,1673405423.0692425,1673405423.5541763,0.2520871162414551
1673405423.3343983,1673405423.3676093,1673405423.434397,1673405423.7567236,0.42232537269592285
1673405423.7418616,1673405423.7418616,1673405423.5035522,1673405423.9901004,0.24823880195617676
1673405423.7704284,1673405423.8391137,1673405423.703247,1673405424.19634,0.42591166496276855
1673405424.1723554,1673405424.2051864,1673405424.271351,1673405424.4962258,0.3238704204559326
1673405424.2051864,1673405424.3051958,1673405424.3051958,1673405424.693322,0.48813557624816895
1673405424.6056683,1673405424.6056683,1673405424.6727204,1673405424.907072,0.3014037609100342
1673405424.6421518,1673405424.711059,1673405424.711059,1673405425.1064732,0.4643213748931885
1673405425.0408537,1673405425.1082199,1673405425.075827,1673405425.3267088,0.2858550548553467
1673405425.075827,1673405425.1790743,1673405425.1082199,1673405425.5302796,0.4544527530670166
1673405425.475766,1673405425.475766,1673405425.513924,1673405425.7457001,0.26993417739868164
1673405425.513924,1673405425.5757763,1673405425.5432608,1673405425.9502985,0.4363746643066406
1673405425.9112606,1673405425.948699,1673405425.9112606,1673405426.1723197,0.261059045791626
1673405425.948699,1673405426.0474527,1673405425.948699,1673405426.3726904,0.42399144172668457
1673405426.3487463,1673405426.3487463,1673405426.114161,1673405426.5982058,0.24945950508117676
1673405426.3830504,1673405426.4486694,1673405426.3138952,1673405426.803123,0.4200725555419922
1673405426.7834797,1673405426.7544942,1673405426.514556,1673405427.0205343,0.23705458641052246
1673405426.816445,1673405426.8494382,1673405426.7202249,1673405427.2279792,0.41153407096862793
1673405427.2173288,1673405427.116793,1673405427.116793,1673405427.527539,0.3102102279663086
1673405427.2528644,1673405427.317666,1673405427.317666,1673405427.7310872,0.4782228469848633
1673405427.652777,1673405427.5183434,1673405427.5183434,1673405427.9247875,0.27201056480407715
1673405427.6866,1673405427.7195282,1673405427.7195282,1673405428.1304395,0.44383955001831055
1673405428.0600734,1673405427.9210515,1673405427.9210515,1673405428.3320658,0.27199244499206543
1673405428.087795,1673405428.1211348,1673405428.1211348,1673405428.532556,0.4447610378265381
1673405428.488745,1673405428.524361,1673405428.3215997,1673405428.7436652,0.25492024421691895
1673405428.524361,1673405428.6228445,1673405428.5573237,1673405428.9671638,0.44280290603637695
1673405428.9234943,1673405428.9234943,1673405428.7229006,1673405429.1869252,0.2634308338165283
1673405428.9921095,1673405429.0240495,1673405429.1248467,1673405429.3958907,0.4037811756134033
1673405429.1934192,1673405429.1934192,1673405429.1593337,1673405429.6120458,0.4186265468597412
1673405429.396735,1673405429.4271317,1673405429.5257075,1673405429.821798,0.4250631332397461
1673405429.627179,1673405429.627179,1673405429.5642865,1673405430.0357795,0.4086005687713623
1673405429.7933576,1673405429.8297772,1673405429.9271274,1673405430.2452517,0.45189404487609863
1673405429.8297772,1673405429.8605373,1673405429.962126,1673405430.4398997,0.6101224422454834
