1673404432.308834,1673404432.308834,1673404432.308834,1673404435.4978642,3.189030170440674
1673404435.4542289,1673404435.4164035,1673404435.3815436,1673404435.7065475,0.2523186206817627
1673404435.4934764,1673404435.5357015,1673404435.4164035,1673404435.9010313,0.40755486488342285
1673404435.8534992,1673404435.8162816,1673404435.7460825,1673404436.1129127,0.259413480758667
1673404435.9178572,1673404435.9178572,1673404435.7818856,1673404436.3090193,0.3911621570587158
1673404436.085577,1673404436.1168838,1673404436.1168838,1673404436.5376606,0.4520835876464844
1673404436.2954595,1673404436.2954595,1673404436.2954595,1673404436.7473745,0.45191502571105957
1673404436.5239484,1673404436.5711405,1673404436.4866076,1673404436.9600847,0.43613624572753906
1673404436.7556536,1673404436.7556536,1673404436.6788285,1673404437.1596797,0.4040260314941406
1673404436.9286458,1673404436.9650342,1673404436.8559744,1673404437.3662035,0.4375576972961426
1673404437.1500602,1673404437.1900575,1673404437.2313526,1673404437.5683274,0.41826725006103516
1673404437.3348866,1673404437.3670983,1673404437.2651646,1673404437.764321,0.42943453788757324
1673404437.734041,1673404437.734041,1673404437.4361508,1673404437.9823818,0.24834084510803223
1673404437.768487,1673404437.8463714,1673404437.5901976,1673404438.1784146,0.4099276065826416
1673404438.1500103,1673404438.1183786,1673404438.0169375,1673404438.3976781,0.24766778945922852
1673404438.1856635,1673404438.225652,1673404438.1856635,1673404438.6068609,0.42119741439819336
1673404438.577757,1673404438.577757,1673404438.3603733,1673404438.8180351,0.2402782440185547
1673404438.6202285,1673404438.6974595,1673404438.5380802,1673404439.0309339,0.4107053279876709
1673404438.990734,1673404438.990734,1673404438.6974595,1673404439.2343524,0.24361824989318848
1673404439.0261798,1673404439.0963316,1673404439.0963316,1673404439.4282496,0.4020698070526123
1673404439.397614,1673404439.3636923,1673404439.1312037,1673404439.6328766,0.23526263236999512
1673404439.4298642,1673404439.4632409,1673404439.4632409,1673404439.8262074,0.3963432312011719
1673404439.7754629,1673404439.741309,1673404439.5010638,1673404440.0359313,0.2604684829711914
1673404439.808325,1673404439.8467262,1673404439.8467262,1673404440.2443824,0.43605732917785645
1673404440.2097635,1673404440.241344,1673404440.2097635,1673404440.4803488,0.270585298538208
1673404440.2784936,1673404440.3458078,1673404440.241344,1673404440.6841588,0.40566515922546387
1673404440.5446928,1673404440.6402946,1673404440.6087792,1673404440.9265451,0.381852388381958
1673404440.6770995,1673404440.7498965,1673404440.7184389,1673404441.1186793,0.44157981872558594
1673404440.8487465,1673404440.8817198,1673404440.8817198,1673404441.2996392,0.45089268684387207
1673404441.0536962,1673404441.12377,1673404441.0862813,1673404441.4939532,0.44025707244873047
1673404441.4684906,1673404441.5019176,1673404441.3025227,1673404441.7178884,0.24939775466918945
1673404441.5019176,1673404441.4035761,1673404441.4684906,1673404441.9216492,0.41973161697387695
1673404441.8964942,1673404441.8964942,1673404441.6442473,1673404442.1386852,0.24219107627868652
1673404441.930792,1673404442.001665,1673404441.8289742,1673404442.333472,0.4026799201965332
1673404442.11715,1673404442.0818622,1673404442.001665,1673404442.5387511,0.4216010570526123
1673404442.3336236,1673404442.370136,1673404442.191517,1673404442.7374706,0.40384697914123535
1673404442.5387578,1673404442.5728066,1673404442.410688,1673404442.9403894,0.40163159370422363
1673404442.736723,1673404442.7730129,1673404442.5728066,1673404443.1365154,0.3997924327850342
1673404442.9385264,1673404442.9385264,1673404442.9385264,1673404443.362213,0.42368650436401367
1673404443.141102,1673404443.141102,1673404442.973848,1673404443.5833898,0.4422876834869385
1673404443.3590841,1673404443.3590841,1673404443.3590841,1673404443.80802,0.44893598556518555
1673404443.5796351,1673404443.5796351,1673404443.686435,1673404444.014511,0.4348759651184082
1673404443.9692948,1673404443.9692948,1673404443.7238128,1673404444.2220764,0.25278162956237793
1673404444.0023615,1673404444.072328,1673404443.9018304,1673404444.4198623,0.41750073432922363
1673404444.3874264,1673404444.2393584,1673404444.2393584,1673404444.6592696,0.27184319496154785
1673404444.4216805,1673404444.4590876,1673404444.4216805,1673404444.8392189,0.4175384044647217
1673404444.7765558,1673404444.7443156,1673404444.8092923,1673404445.038677,0.26212120056152344
1673404444.8429613,1673404444.8429613,1673404444.8429613,1673404445.2570415,0.4140801429748535
1673404445.0553937,1673404445.0553937,1673404445.0163748,1673404445.4810882,0.42569446563720703
1673404445.2665532,1673404445.2257473,1673404445.19293,1673404445.678025,0.4114718437194824
1673404445.482762,1673404445.5190969,1673404445.3713973,1673404445.8826003,0.3998382091522217
1673404445.6592696,1673404445.625182,1673404445.5547194,1673404446.080686,0.4214165210723877
1673404445.872821,1673404445.9085865,1673404445.7357225,1673404446.28451,0.41168880462646484
1673404446.076086,1673404446.076086,1673404445.9085865,1673404446.4885092,0.41242313385009766
1673404446.2825005,1673404446.2825005,1673404446.320814,1673404446.7197437,0.4372432231903076
1673404446.4872024,1673404446.4872024,1673404446.4872024,1673404446.9380422,0.4508397579193115
1673404446.7066007,1673404446.6695223,1673404446.7066007,1673404447.1455965,0.4389958381652832
1673404446.92903,1673404446.891502,1673404446.891502,1673404447.3428192,0.4137892723083496
1673404447.13824,1673404447.1771736,1673404447.1014085,1673404447.5578876,0.4196474552154541
1673404447.3417292,1673404447.3417292,1673404447.2737598,1673404447.7967668,0.45503759384155273
1673404447.529714,1673404447.5739095,1673404447.4521675,1673404448.0153325,0.48561835289001465
1673404447.775058,1673404447.826794,1673404447.6550303,1673404448.2238002,0.448742151260376
1673404447.9769762,1673404447.9027991,1673404447.8655272,1673404448.4868925,0.5099163055419922
1673404448.2488208,1673404448.2996314,1673404448.0260255,1673404448.7391703,0.49034953117370605
1673404448.5204456,1673404448.5605907,1673404448.47037,1673404448.991107,0.4706614017486572
1673404448.7158434,1673404448.639957,1673404448.9078355,1673404449.2397723,0.5239288806915283
1673404448.9466765,1673404448.9078355,1673404448.9466765,1673404449.5151923,0.5685157775878906
1673404449.263971,1673404449.263971,1673404449.1575224,1673404449.7490356,0.4850645065307617
1673404449.5063467,1673404449.5063467,1673404449.3954906,1673404449.965612,0.45926523208618164
1673404449.70709,1673404449.7403636,1673404449.5970654,1673404450.198384,0.49129414558410645
1673404449.9103663,1673404449.8201149,1673404449.7782261,1673404450.4197805,0.5094141960144043
1673404450.1971908,1673404450.247075,1673404450.1971908,1673404450.6365414,0.43935060501098633
1673404450.3897905,1673404450.4231098,1673404450.3897905,1673404450.8939092,0.5041186809539795
1673404450.6043327,1673404450.649783,1673404450.556757,1673404451.098036,0.49370336532592773
1673404450.8980265,1673404450.8980265,1673404450.8029988,1673404451.297646,0.39961957931518555
1673404451.0966394,1673404451.0966394,1673404451.0279436,1673404451.5054219,0.4087824821472168
1673404451.294589,1673404451.294589,1673404451.22898,1673404451.7148948,0.4203057289123535
1673404451.6937587,1673404451.6937587,1673404451.395133,1673404451.9474154,0.25365662574768066
1673404451.726289,1673404451.8003252,1673404451.5899737,1673404452.1927562,0.46646714210510254
1673404452.163726,1673404451.9413133,1673404451.9814973,1673404452.4234838,0.25975775718688965
1673404452.198329,1673404452.2383022,1673404452.2383022,1673404452.6589358,0.46060681343078613
1673404452.588157,1673404452.588157,1673404452.4017243,1673404452.8793635,0.29120659828186035
1673404452.6404543,1673404452.685441,1673404452.6404543,1673404453.0788722,0.438417911529541
1673404452.8580441,1673404452.8580441,1673404452.8208902,1673404453.33448,0.47643589973449707
1673404453.0403843,1673404453.0735362,1673404453.0044687,1673404453.5612512,0.520866870880127
1673404453.541349,1673404453.4377978,1673404453.4050548,1673404453.8657396,0.3243906497955322
1673404453.5876462,1673404453.5876462,1673404453.5876462,1673404454.0863593,0.49871301651000977
1673404454.0228417,1673404454.0638342,1673404454.0638342,1673404454.3355885,0.3127467632293701
1673404454.1077251,1673404454.184497,1673404454.1077251,1673404454.5834794,0.4757542610168457
1673404454.329483,1673404454.329483,1673404454.4861395,1673404454.8532026,0.5237195491790771
1673404454.565664,1673404454.565664,1673404454.5261192,1673404455.1026294,0.5369653701782227
1673404454.855131,1673404454.855131,1673404454.706921,1673404455.3354287,0.4802978038787842
1673404455.0838146,1673404455.123377,1673404454.9514854,1673404455.554376,0.47056126594543457
1673404455.2912452,1673404455.2519596,1673404455.1704566,1673404455.7639236,0.47267842292785645
1673404455.5142806,1673404455.4682448,1673404455.3878212,1673404455.9813683,0.4670877456665039
1673404455.69904,1673404455.651471,1673404455.6034706,1673404456.2230394,0.5239994525909424
1673404455.9334252,1673404455.888559,1673404455.7926185,1673404456.4675932,0.534168004989624
1673404456.2107751,1673404456.2631369,1673404456.2631369,1673404456.7002828,0.48950767517089844
1673404456.427887,1673404456.3893747,1673404456.3049524,1673404456.9434128,0.5155258178710938
1673404456.6528876,1673404456.6936858,1673404456.4793284,1673404457.1873305,0.5344429016113281
1673404456.9385276,1673404456.9385276,1673404456.6936858,1673404457.425198,0.48667049407958984
1673404457.163862,1673404457.2007055,1673404457.163862,1673404457.6893573,0.5254952907562256
1673404457.4050324,1673404457.3633811,1673404457.4050324,1673404457.9556077,0.5505752563476562
1673404457.6357074,1673404457.6357074,1673404457.6357074,1673404458.2168972,0.5811898708343506
1673404457.8703854,1673404457.920461,1673404457.7593145,1673404458.4549398,0.5845544338226318
1673404458.2124784,1673404458.2124784,1673404458.0026467,1673404458.7033246,0.4908461570739746
1673404458.4794433,1673404458.4794433,1673404458.4794433,1673404458.9837396,0.5042963027954102
1673404458.6770775,1673404458.6770775,1673404458.6770775,1673404459.2570322,0.5799546241760254
1673404459.2155123,1673404459.2155123,1673404459.1813712,1673404459.5043275,0.2888152599334717
1673404459.26669,1673404459.3426058,1673404459.2155123,1673404459.7200847,0.45339465141296387
1673404459.6735,1673404459.6421595,1673404459.6421595,1673404459.9254985,0.2519984245300293
1673404459.7097833,1673404459.745627,1673404459.6735,1673404460.1218166,0.4120333194732666
1673404460.1003585,1673404460.027676,1673404459.8440366,1673404460.330782,0.2304234504699707
1673404460.134816,1673404460.134816,1673404460.027676,1673404460.5268521,0.39203619956970215
1673404460.4990022,1673404460.4671183,1673404460.4019415,1673404460.7356734,0.23667120933532715
1673404460.5304222,1673404460.5304222,1673404460.4330277,1673404460.9343264,0.4039041996002197
1673404460.904827,1673404460.7311273,1673404460.76881,1673404461.1745918,0.26976466178894043
1673404460.9400475,1673404461.1497502,1673404461.1497502,1673404461.3748074,0.43475985527038574
1673404461.3238957,1673404461.3544085,1673404461.190477,1673404461.6061404,0.2822446823120117
1673404461.398629,1673404461.4652693,1673404461.528963,1673404461.8064058,0.4077768325805664
1673404461.5992594,1673404461.6340377,1673404461.5613816,1673404462.0092683,0.41000890731811523
1673404461.7987607,1673404461.8356638,1673404461.8999152,1673404462.2071133,0.4083526134490967
1673404462.0101933,1673404462.0101933,1673404461.9319634,1673404462.4121022,0.40190887451171875
1673404462.1903126,1673404462.226158,1673404462.1150966,1673404462.6124303,0.4221177101135254
1673404462.4080787,1673404462.4080787,1673404462.3015323,1673404462.8207796,0.412700891494751
1673404462.6096532,1673404462.6096532,1673404462.6780982,1673404463.023105,0.4134516716003418
1673404463.0023448,1673404463.0023448,1673404462.7098045,1673404463.2476292,0.2452843189239502
1673404463.037311,1673404463.1120896,1673404463.037311,1673404463.450912,0.4136009216308594
1673404463.2130706,1673404463.1792984,1673404463.0768883,1673404463.678443,0.46537232398986816
1673404463.4759948,1673404463.4759948,1673404463.4369736,1673404463.891641,0.4156460762023926
1673404463.677016,1673404463.677016,1673404463.7791119,1673404464.1036258,0.42660975456237793
1673404463.915893,1673404463.878187,1673404463.812282,1673404464.3080778,0.3921847343444824
1673404464.0793586,1673404464.0484893,1673404463.9786508,1673404464.5075498,0.4281911849975586
1673404464.4661407,1673404464.428958,1673404464.18324,1673404464.7202134,0.2540726661682129
1673404464.4988642,1673404464.5335827,1673404464.3592534,1673404464.9200385,0.4211742877960205
1673404464.87815,1673404464.7337968,1673404464.7769148,1673404465.1601794,0.282029390335083
1673404464.942684,1673404464.942684,1673404464.942684,1673404465.3595357,0.4168517589569092
1673404465.13935,1673404465.3482058,1673404465.3151338,1673404465.574915,0.4355649948120117
1673404465.3482058,1673404465.2479467,1673404465.3482058,1673404465.7950625,0.4468567371368408
1673404465.7416916,1673404465.7416916,1673404465.7416916,1673404466.0095866,0.267894983291626
1673404465.811682,1673404465.8483655,1673404465.7746892,1673404466.2086103,0.3969283103942871
1673404466.0163097,1673404466.0539548,1673404465.9434645,1673404466.4144998,0.3981900215148926
1673404466.2208812,1673404466.2208812,1673404466.1507282,1673404466.6145074,0.39362621307373047
1673404466.3901892,1673404466.4269028,1673404466.3196166,1673404466.8161411,0.4259519577026367
1673404466.6049027,1673404466.639165,1673404466.4997776,1673404467.0181878,0.4132850170135498
1673404466.812691,1673404466.812691,1673404466.710284,1673404467.224096,0.411405086517334
1673404467.0483892,1673404467.012229,1673404466.8799694,1673404467.4426823,0.39429306983947754
1673404467.2442565,1673404467.2442565,1673404467.0837564,1673404467.6629972,0.41874074935913086
1673404467.4587314,1673404467.4969442,1673404467.6359723,1673404467.8757098,0.4169783592224121
1673404467.6359723,1673404467.6003706,1673404467.6758757,1673404468.0866797,0.45070743560791016
1673404468.0618598,1673404468.0982072,1673404467.9963965,1673404468.3080812,0.24622130393981934
1673404468.0982072,1673404468.1646078,1673404468.0292633,1673404468.5033479,0.40514063835144043
1673404468.4642224,1673404468.4642224,1673404468.3634357,1673404468.710555,0.24633264541625977
1673404468.4981887,1673404468.5331287,1673404468.3959124,1673404468.9095232,0.4113345146179199
1673404468.886706,1673404468.7443485,1673404468.7443485,1673404469.1548834,0.2681772708892822
1673404468.9212992,1673404469.1214223,1673404469.1214223,1673404469.3530066,0.43170738220214844
1673404469.270008,1673404469.2348,1673404469.1652665,1673404469.5528245,0.28281641006469727
1673404469.3011394,1673404469.541101,1673404469.5067708,1673404469.7685027,0.4673633575439453
1673404469.6871982,1673404469.617875,1673404469.541101,1673404469.9613118,0.27411365509033203
1673404469.7311099,1673404469.7311099,1673404469.7311099,1673404470.1750243,0.44391441345214844
1673404470.0784202,1673404469.971595,1673404469.9315512,1673404470.3623743,0.2839541435241699
1673404470.119394,1673404470.3753178,1673404470.3351567,1673404470.5839121,0.46451807022094727
1673404470.5128965,1673404470.4779732,1673404470.3753178,1673404470.7964973,0.2836008071899414
1673404470.5439615,1673404470.7874882,1673404470.7420785,1673404471.0036223,0.45966076850891113
1673404470.7420785,1673404470.6599598,1673404470.7874882,1673404471.2319028,0.4898242950439453
1673404470.9720538,1673404470.9720538,1673404470.9720538,1673404471.4647598,0.4927060604095459
1673404471.212324,1673404471.1760905,1673404471.1760905,1673404471.6718566,0.4595327377319336
1673404471.4554696,1673404471.4179966,1673404471.3862016,1673404471.8738256,0.41835594177246094
1673404471.6601858,1673404471.6254025,1673404471.5571024,1673404472.081288,0.42110228538513184
1673404471.8648489,1673404471.899491,1673404471.9347906,1673404472.2840774,0.41922855377197266
1673404472.068165,1673404472.068165,1673404471.968725,1673404472.4925368,0.42437171936035156
1673404472.247186,1673404472.282906,1673404472.1007926,1673404472.690012,0.4428260326385498
1673404472.6699736,1673404472.7029743,1673404472.7029743,1673404472.9419482,0.2719745635986328
1673404472.7029743,1673404472.8133519,1673404472.740917,1673404473.1343305,0.43135619163513184
1673404473.081873,1673404473.1137192,1673404473.081873,1673404473.3427825,0.2609095573425293
1673404473.1137192,1673404473.0154068,1673404473.1137192,1673404473.5332322,0.4195129871368408
1673404473.502801,1673404473.5366368,1673404473.3179667,1673404473.7721658,0.2693648338317871
1673404473.5775383,1673404473.6456687,1673404473.502801,1673404473.9751587,0.39762043952941895
1673404473.7813613,1673404473.7461808,1673404473.7137191,1673404474.1784108,0.3970494270324707
1673404473.978106,1673404473.9445953,1673404473.877993,1673404474.3784873,0.40038132667541504
1673404474.1815567,1673404474.2165217,1673404474.0786574,1673404474.5841427,0.4025859832763672
1673404474.3491583,1673404474.315799,1673404474.2501822,1673404474.7828138,0.4336555004119873
1673404474.5623412,1673404474.5623412,1673404474.422455,1673404474.9887197,0.4263784885406494
1673404474.7799683,1673404474.7799683,1673404474.6006691,1673404475.2037048,0.423736572265625
1673404475.179129,1673404475.2125516,1673404475.0155976,1673404475.433101,0.25397205352783203
1673404475.2125516,1673404475.1165302,1673404475.3868997,1673404475.6500652,0.4375135898590088
1673404475.5956323,1673404475.5956323,1673404475.4177108,1673404475.869497,0.27386474609375
1673404475.669763,1673404475.669763,1673404475.5956323,1673404476.0714843,0.4017212390899658
1673404475.880114,1673404475.880114,1673404475.8129888,1673404476.280563,0.4004490375518799
1673404476.0742404,1673404476.0742404,1673404476.0067117,1673404476.4898636,0.41562318801879883
1673404476.2775571,1673404476.2775571,1673404476.1759973,1673404476.7082958,0.4307386875152588
1673404476.4917128,1673404476.4917128,1673404476.3612902,1673404476.9254975,0.43378472328186035
1673404476.7056856,1673404476.6707942,1673404476.7056856,1673404477.1523101,0.4466245174407959
1673404476.9351537,1673404476.9868042,1673404476.9351537,1673404477.363547,0.4283933639526367
1673404477.146736,1673404477.1867566,1673404477.1138904,1673404477.572426,0.4256901741027832
1673404477.3569975,1673404477.3569975,1673404477.2857013,1673404477.787546,0.43054842948913574
1673404477.5753634,1673404477.5753634,1673404477.5055788,1673404477.9949553,0.41959190368652344
1673404477.7558198,1673404477.7558198,1673404477.6800263,1673404478.1906178,0.434798002243042
1673404478.161122,1673404478.1282506,1673404477.8697917,1673404478.3981032,0.23698115348815918
1673404478.194622,1673404478.2290766,1673404478.0552063,1673404478.5947921,0.40017008781433105
1673404478.5676668,1673404478.4351647,1673404478.4698954,1673404478.8419604,0.2742936611175537
1673404478.599002,1673404478.599002,1673404478.6326385,1673404479.0406137,0.44161176681518555
1673404478.9762397,1673404478.7970724,1673404478.8344533,1673404479.2321754,0.2559356689453125
1673404479.0148706,1673404479.0148706,1673404479.0148706,1673404479.4365952,0.4217245578765869
1673404479.400568,1673404479.439066,1673404479.22671,1673404479.6555305,0.2549624443054199
1673404479.439066,1673404479.335053,1673404479.439066,1673404479.8981388,0.4590728282928467
1673404479.8584816,1673404479.8584816,1673404479.6487043,1673404480.1100457,0.25156402587890625
1673404479.8958275,1673404479.9661593,1673404479.8258212,1673404480.310917,0.41508936882019043
1673404480.2613306,1673404480.2613306,1673404480.0360994,1673404480.5179074,0.2565767765045166
1673404480.2978923,1673404480.3321736,1673404480.224031,1673404480.720131,0.4222385883331299
1673404480.6965246,1673404480.6965246,1673404480.4000046,1673404480.9342852,0.2377605438232422
1673404480.729897,1673404480.8152723,1673404480.5653415,1673404481.139421,0.40952396392822266
1673404481.1044552,1673404480.9292297,1673404480.967722,1673404481.3789415,0.2744863033294678
1673404481.1385636,1673404481.1385636,1673404481.1385636,1673404481.5872178,0.4486541748046875
1673404481.5267878,1673404481.5585334,1673404481.3617167,1673404481.807332,0.2805442810058594
1673404481.6001306,1673404481.6769712,1673404481.5585334,1673404482.032386,0.43225550651550293
1673404481.8206196,1673404481.7781425,1673404481.959024,1673404482.2485437,0.42792415618896484
1673404482.0314667,1673404482.0756547,1673404481.992172,1673404482.4486132,0.4171464443206787
1673404482.2079794,1673404482.1737146,1673404482.1737146,1673404482.6548524,0.4468729496002197
1673404482.3970897,1673404482.3613372,1673404482.3613372,1673404482.8592567,0.46216702461242676
1673404482.6364853,1673404482.673469,1673404482.7753456,1673404483.066185,0.4296996593475342
1673404482.8553236,1673404482.8918219,1673404482.8117726,1673404483.2656798,0.4103562831878662
1673404483.0684097,1673404483.107458,1673404483.1709032,1673404483.4743154,0.40590572357177734
1673404483.2417684,1673404483.2417684,1673404483.2028348,1673404483.6807868,0.43901848793029785
1673404483.4517524,1673404483.4517524,1673404483.3659449,1673404483.8885257,0.43677330017089844
1673404483.6474485,1673404483.6843688,1673404483.5720983,1673404484.0920117,0.4445631504058838
1673404484.0471852,1673404484.0134494,1673404483.7574937,1673404484.3117795,0.26459431648254395
1673404484.110083,1673404484.110083,1673404483.946208,1673404484.521281,0.4111979007720947
1673404484.3148668,1673404484.282163,1673404484.3148668,1673404484.7481806,0.43331384658813477
1673404484.5326855,1673404484.4913583,1673404484.357563,1673404484.9755065,0.44282102584838867
1673404484.7498002,1673404484.7956314,1673404484.7498002,1673404485.1915479,0.44174766540527344
1673404484.976973,1673404484.976973,1673404484.93772,1673404485.3976486,0.42067551612854004
1673404485.188843,1673404485.188843,1673404485.1214936,1673404485.6059592,0.4171161651611328
1673404485.3689132,1673404485.4024146,1673404485.4778018,1673404485.812804,0.4438908100128174
1673404485.768726,1673404485.800781,1673404485.511236,1673404486.0578976,0.2891714572906494
1673404485.800781,1673404485.8796947,1673404485.6939397,1673404486.2726152,0.4718341827392578
1673404486.0339425,1673404485.9980829,1673404485.8796947,1673404486.4808521,0.44690966606140137
1673404486.2620828,1673404486.228631,1673404486.0762908,1673404486.6812737,0.4191908836364746
1673404486.4759407,1673404486.5190716,1673404486.3055608,1673404486.8977008,0.42176008224487305
1673404486.6567254,1673404486.6211667,1673404486.6932027,1673404487.1156132,0.45888781547546387
1673404487.0933738,1673404487.0933738,1673404486.881332,1673404487.3555694,0.2621955871582031
1673404487.1335309,1673404487.2070947,1673404487.059083,1673404487.5575097,0.4239788055419922
1673404487.533969,1673404487.4996123,1673404487.2422109,1673404487.7700157,0.23604679107666016
1673404487.5713665,1673404487.607829,1673404487.4645414,1673404487.9734943,0.402127742767334
1673404487.9329963,1673404487.898542,1673404487.642103,1673404488.185242,0.2522456645965576
1673404487.965769,1673404487.965769,1673404487.824855,1673404488.39282,0.4270508289337158
1673404488.3394644,1673404488.4074538,1673404488.4074538,1673404488.6323488,0.29288434982299805
1673404488.3737602,1673404488.5198145,1673404488.4495265,1673404488.8469243,0.47316408157348633
1673404488.799652,1673404488.833624,1673404488.799652,1673404489.0959752,0.2963230609893799
1673404488.833624,1673404488.733159,1673404488.833624,1673404489.3202891,0.4866652488708496
1673404489.2966151,1673404489.3322675,1673404489.2641654,1673404489.564306,0.26769089698791504
1673404489.3322675,1673404489.228755,1673404489.2966151,1673404489.7679782,0.4357106685638428
1673404489.5248702,1673404489.564755,1673404489.4464102,1673404489.9799771,0.4551069736480713
1673404489.7711098,1673404489.7711098,1673404489.6474404,1673404490.1865792,0.4154694080352783
1673404489.9566615,1673404489.9888701,1673404489.851151,1673404490.3903134,0.4336519241333008
1673404490.1690679,1673404490.207715,1673404490.0269485,1673404490.5993435,0.43027567863464355
1673404490.4103634,1673404490.4103634,1673404490.4103634,1673404490.8199654,0.40960192680358887
1673404490.5798993,1673404490.5798993,1673404490.4475398,1673404491.0293796,0.4494802951812744
1673404490.9781218,1673404490.947569,1673404490.84051,1673404491.25842,0.28029823303222656
1673404491.046919,1673404491.046919,1673404491.0118563,1673404491.482049,0.43512988090515137
1673404491.4284863,1673404491.460165,1673404491.186694,1673404491.69764,0.2691535949707031
1673404491.460165,1673404491.539097,1673404491.5702102,1673404491.897734,0.43756890296936035
1673404491.8619738,1673404491.8280082,1673404491.61564,1673404492.1109548,0.24898099899291992
1673404491.900652,1673404491.937627,1673404491.750874,1673404492.3135688,0.412916898727417
1673404492.2919424,1673404492.3254256,1673404492.3254256,1673404492.5967155,0.30477309226989746
1673404492.3254256,1673404492.4351175,1673404492.398461,1673404492.7874353,0.4620096683502197
1673404492.7115219,1673404492.5720441,1673404492.5720441,1673404493.0008895,0.28936767578125
1673404492.7426858,1673404492.7788088,1673404492.7426858,1673404493.2181885,0.47550272941589355
1673404493.1064942,1673404492.986252,1673404492.986252,1673404493.4127233,0.3062291145324707
1673404493.1422977,1673404493.1422977,1673404493.180023,1673404493.627211,0.48491334915161133
1673404493.5318615,1673404493.5318615,1673404493.5660655,1673404493.843624,0.31176257133483887
1673404493.5660655,1673404493.6457634,1673404493.601597,1673404494.028113,0.4620473384857178
1673404493.9729183,1673404493.9397056,1673404493.9729183,1673404494.2447815,0.2718632221221924
1673404494.0098062,1673404494.0523925,1673404494.0098062,1673404494.468621,0.4588148593902588
1673404494.4285686,1673404494.3567004,1673404494.2843828,1673404494.708938,0.28036928176879883
1673404494.5053205,1673404494.5053205,1673404494.4285686,1673404494.9183161,0.4129955768585205
1673404494.7124145,1673404494.7124145,1673404494.6405876,1673404495.1327808,0.4203662872314453
1673404494.8956823,1673404494.931468,1673404494.816339,1673404495.3354797,0.43979740142822266
1673404495.083218,1673404495.0408049,1673404495.0078268,1673404495.5507276,0.46750950813293457
1673404495.2859387,1673404495.3250675,1673404495.1648118,1673404495.7593646,0.47342586517333984
1673404495.4911304,1673404495.4551523,1673404495.369483,1673404495.9924114,0.5012810230255127
1673404495.8033435,1673404495.7539103,1673404495.8033435,1673404496.270818,0.46747446060180664
1673404496.200952,1673404496.200952,1673404496.0089374,1673404496.5221324,0.3211803436279297
1673404496.297701,1673404496.3406186,1673404496.200952,1673404496.7273123,0.4296114444732666
1673404496.489544,1673404496.5303864,1673404496.407706,1673404496.9406407,0.451096773147583
1673404496.6901407,1673404496.7346303,1673404496.641456,1673404497.1472967,0.4571559429168701
1673404496.9013133,1673404496.9013133,1673404496.817556,1673404497.3991048,0.4977915287017822
1673404497.143541,1673404497.1816604,1673404497.0348926,1673404497.6088393,0.4652981758117676
1673404497.4218242,1673404497.4218242,1673404497.2186613,1673404497.821296,0.3994717597961426
1673404497.5913343,1673404497.6245136,1673404497.4622304,1673404498.0329015,0.44156718254089355
1673404497.7644176,1673404497.701727,1673404497.6245136,1673404498.2493494,0.48493170738220215
1673404497.9928262,1673404497.9485226,1673404497.8099933,1673404498.4535818,0.4607555866241455
1673404498.203511,1673404498.238008,1673404498.0401983,1673404498.6610813,0.45757031440734863
1673404498.4510927,1673404498.4510927,1673404498.238008,1673404498.8699372,0.41884446144104004
1673404498.642767,1673404498.574549,1673404498.4510927,1673404499.0961814,0.4534144401550293
1673404498.8580544,1673404498.7843637,1673404498.8580544,1673404499.3248897,0.46683526039123535
1673404499.0587769,1673404499.016186,1673404499.0587769,1673404499.5485249,0.4897480010986328
1673404499.3213398,1673404499.3213398,1673404499.2799783,1673404499.7784574,0.45711755752563477
1673404499.5516014,1673404499.599856,1673404499.4803538,1673404499.9839885,0.432387113571167
1673404499.7732472,1673404499.7732472,1673404499.6992836,1673404500.1967463,0.42349910736083984
1673404499.9930952,1673404499.9930952,1673404499.881605,1673404500.4007761,0.4076809883117676
1673404500.1680048,1673404500.2014863,1673404500.0993342,1673404500.609776,0.4417712688446045
1673404500.3617017,1673404500.3981936,1673404500.2759979,1673404500.8142643,0.4525625705718994
1673404500.559143,1673404500.604143,1673404500.4776382,1673404501.0278077,0.46866464614868164
1673404500.804802,1673404500.804802,1673404500.6472998,1673404501.2387238,0.43392181396484375
1673404501.0316246,1673404501.0704231,1673404500.850687,1673404501.4465945,0.41496992111206055
1673404501.2174122,1673404501.253488,1673404501.0704231,1673404501.6516068,0.43419456481933594
1673404501.4234383,1673404501.3881574,1673404501.253488,1673404501.8552158,0.4317774772644043
1673404501.6359043,1673404501.6745734,1673404501.4588058,1673404502.0619504,0.42604613304138184
1673404501.8547473,1673404501.8547473,1673404501.6745734,1673404502.2675915,0.412844181060791
1673404502.0336304,1673404502.0336304,1673404501.8928843,1673404502.4936714,0.4600410461425781
1673404502.2606833,1673404502.2606833,1673404502.2606833,1673404502.7275743,0.4668910503387451
1673404502.4558904,1673404502.488178,1673404502.4558904,1673404502.9534824,0.4975919723510742
1673404502.9139004,1673404502.9541063,1673404502.660499,1673404503.2056003,0.2916998863220215
1673404502.9541063,1673404502.837634,1673404502.8743331,1673404503.407184,0.4530775547027588
1673404503.1682892,1673404503.204922,1673404503.0850458,1673404503.6187022,0.4504129886627197
1673404503.3990912,1673404503.437346,1673404503.2810771,1673404503.8226097,0.42351841926574707
1673404503.5785,1673404503.6109068,1673404503.504878,1673404504.0269625,0.44846248626708984
1673404503.812466,1673404503.8479834,1673404503.6951747,1673404504.238644,0.426177978515625
1673404503.9902556,1673404504.0271316,1673404503.885027,1673404504.4445772,0.45432162284851074
1673404504.2208447,1673404504.2208447,1673404504.0692444,1673404504.693034,0.47218918800354004
1673404504.4474103,1673404504.4133663,1673404504.4998653,1673404504.9345582,0.48714780807495117
1673404504.878289,1673404504.8414502,1673404504.6812787,1673404505.1613088,0.2830197811126709
1673404504.9125125,1673404504.9565287,1673404504.878289,1673404505.3680239,0.45551133155822754
1673404505.1122572,1673404505.1496825,1673404505.0704918,1673404505.5990279,0.4867706298828125
1673404505.3531246,1673404505.30623,1673404505.2686188,1673404505.80624,0.45311546325683594
1673404505.593575,1673404505.6352723,1673404505.4386396,1673404506.0141234,0.4205484390258789
1673404505.8162851,1673404505.8493729,1673404505.6753793,1673404506.2187364,0.4024512767791748
1673404505.983433,1673404506.0172012,1673404505.8493729,1673404506.4315865,0.4481534957885742
1673404506.21226,1673404506.21226,1673404506.0172012,1673404506.668364,0.456104040145874
1673404506.3953788,1673404506.432755,1673404506.248615,1673404506.8885932,0.49321436882019043
1673404506.6504178,1673404506.6504178,1673404506.432755,1673404507.1359417,0.48552393913269043
1673404506.90698,1673404506.90698,1673404506.6504178,1673404507.3543644,0.4473843574523926
1673404507.1321664,1673404507.1321664,1673404506.90698,1673404507.5748172,0.44265079498291016
1673404507.3440208,1673404507.3866072,1673404507.1740887,1673404507.815587,0.47156620025634766
1673404507.5327706,1673404507.4647543,1673404507.3440208,1673404508.0278695,0.4950988292694092
1673404507.8051975,1673404507.8051975,1673404507.5768826,1673404508.2580633,0.4528658390045166
1673404508.0093708,1673404508.0454543,1673404507.8051975,1673404508.4617653,0.4523944854736328
1673404508.2194688,1673404508.1808007,1673404508.0454543,1673404508.667515,0.4480462074279785
1673404508.420397,1673404508.3877048,1673404508.2977648,1673404508.87289,0.45249295234680176
1673404508.6510603,1673404508.6173186,1673404508.5370798,1673404509.0847487,0.4336884021759033
1673404508.8206482,1673404508.7861552,1673404508.7177315,1673404509.2887459,0.4680976867675781
1673404509.2603412,1673404509.1415327,1673404509.103598,1673404509.5683608,0.30801963806152344
1673404509.301141,1673404509.422347,1673404509.525821,1673404509.8088586,0.5077176094055176
1673404509.4892933,1673404509.5655916,1673404509.5655916,1673404510.009055,0.5197615623474121
1673404509.7107754,1673404509.8053253,1673404509.7604163,1673404510.2141714,0.5033960342407227
1673404509.9722252,1673404510.011877,1673404509.9722252,1673404510.4385593,0.46633410453796387
1673404510.1969063,1673404510.236378,1673404510.3873081,1673404510.6825705,0.48566412925720215
1673404510.3873081,1673404510.3501134,1673404510.4266129,1673404510.9438384,0.556530237197876
1673404510.6578739,1673404510.6021135,1673404510.8408995,1673404511.1955807,0.5377068519592285
1673404510.9744868,1673404511.053669,1673404510.9098232,1673404511.459875,0.48538827896118164
1673404511.200813,1673404511.200813,1673404511.1607404,1673404511.6819036,0.4810905456542969
1673404511.4103653,1673404511.4686027,1673404511.3762558,1673404511.9106214,0.5002560615539551
1673404511.6803854,1673404511.6803854,1673404511.5834203,1673404512.1389227,0.45853734016418457
1673404511.8763459,1673404511.9298332,1673404511.793552,1673404512.3652244,0.4888784885406494
1673404512.1172118,1673404512.0731695,1673404512.0262613,1673404512.5947554,0.47754359245300293
1673404512.3186784,1673404512.2825854,1673404512.210094,1673404512.8006496,0.48197126388549805
1673404512.5456827,1673404512.5063279,1673404512.4118423,1673404513.007648,0.46196532249450684
1673404512.7907567,1673404512.8232381,1673404512.6720228,1673404513.2129,0.42214322090148926
1673404512.9655254,1673404513.0012877,1673404512.8554955,1673404513.441946,0.47642064094543457
1673404513.2060018,1673404513.2060018,1673404513.0406976,1673404513.6729012,0.46689939498901367
1673404513.4511228,1673404513.4511228,1673404513.2476768,1673404513.9157357,0.4646129608154297
1673404513.7100697,1673404513.6698768,1673404513.7100697,1673404514.1497476,0.4396779537200928
1673404513.9374938,1673404513.8974648,1673404513.9374938,1673404514.361254,0.42376017570495605
1673404514.1367345,1673404514.1756477,1673404514.1021745,1673404514.6391606,0.5024261474609375
1673404514.3638842,1673404514.4021037,1673404514.2923467,1673404514.872464,0.5085797309875488
1673404514.5965545,1673404514.528399,1673404514.528399,1673404515.1167443,0.5201897621154785
1673404514.8640947,1673404514.8640947,1673404514.8203492,1673404515.3659256,0.5018308162689209
1673404515.152085,1673404515.1874096,1673404515.024877,1673404515.5783339,0.42624878883361816
1673404515.3368778,1673404515.3812666,1673404515.2222674,1673404515.7825346,0.44565677642822266
1673404515.5477197,1673404515.5099487,1673404515.4192874,1673404515.9862297,0.4385099411010742
1673404515.7663214,1673404515.800393,1673404515.653974,1673404516.1973977,0.4310762882232666
1673404515.9798348,1673404516.0175645,1673404515.8377519,1673404516.408286,0.4284512996673584
1673404516.357588,1673404516.388998,1673404516.2601652,1673404516.6432364,0.2856483459472656
1673404516.423129,1673404516.497902,1673404516.423129,1673404516.85702,0.43389081954956055
1673404516.6352766,1673404516.6737232,1673404516.5998535,1673404517.069285,0.4340083599090576
1673404516.8199518,1673404516.8589127,1673404516.783159,1673404517.2939622,0.4740104675292969
1673404517.252575,1673404517.252575,1673404516.9679866,1673404517.512734,0.2601590156555176
1673404517.2887764,1673404517.3249588,1673404517.3579643,1673404517.7375307,0.44875431060791016
1673404517.660724,1673404517.660724,1673404517.3901606,1673404517.9587204,0.29799652099609375
1673404517.7445161,1673404517.7831297,1673404517.5703537,1673404518.1882913,0.4437751770019531
1673404517.9273605,1673404517.8877394,1673404517.7831297,1673404518.435999,0.5086383819580078
1673404518.157117,1673404518.1166456,1673404517.9698253,1673404518.6516075,0.4944906234741211
1673404518.41976,1673404518.41976,1673404518.2682877,1673404518.8672485,0.44748854637145996
1673404518.6557298,1673404518.6557298,1673404518.5298452,1673404519.0878348,0.43210506439208984
1673404519.038885,1673404519.038885,1673404518.7644982,1673404519.3013575,0.26247239112854004
1673404519.0724266,1673404519.1486833,1673404518.9346201,1673404519.5024536,0.4300270080566406
1673404519.2640054,1673404519.228405,1673404519.1123254,1673404519.7124877,0.4484822750091553
1673404519.492252,1673404519.5290456,1673404519.3023367,1673404519.929007,0.4367549419403076
1673404519.8787062,1673404519.8438425,1673404519.7408824,1673404520.1562304,0.2775242328643799
1673404519.9452977,1673404519.9452977,1673404519.9452977,1673404520.3782582,0.43296051025390625
1673404520.1571534,1673404520.1571534,1673404520.12248,1673404520.6071582,0.45000481605529785
1673404520.3479927,1673404520.3479927,1673404520.3479927,1673404520.8279064,0.47991371154785156
1673404520.7725372,1673404520.7725372,1673404520.5427012,1673404521.0421414,0.2696042060852051
1673404520.8093634,1673404520.8820167,1673404520.7355187,1673404521.2495346,0.4401712417602539
1673404521.197455,1673404521.162897,1673404520.9173737,1673404521.4622364,0.26478147506713867
1673404521.2308147,1673404521.2656205,1673404521.1274319,1673404521.6719987,0.44118404388427734
1673404521.5626955,1673404521.5626955,1673404521.3031886,1673404521.8919845,0.32928895950317383
1673404521.6381898,1673404521.6740332,1673404521.4835305,1673404522.0974755,0.4592857360839844
1673404522.0742247,1673404522.1088696,1673404522.1088696,1673404522.3714342,0.2972095012664795
1673404522.1088696,1673404522.2175589,1673404522.1840405,1673404522.573276,0.46440649032592773
1673404522.4938157,1673404522.3507285,1673404522.3507285,1673404522.7780747,0.2842590808868408
1673404522.5254729,1673404522.5254729,1673404522.5641174,1673404522.9761634,0.45069050788879395
1673404522.8856745,1673404522.7490811,1673404522.7854886,1673404523.179807,0.2941324710845947
1673404522.9507458,1673404522.9507458,1673404522.9907386,1673404523.3844407,0.43369483947753906
1673404523.1478686,1673404523.1478686,1673404523.1840627,1673404523.5930562,0.4451875686645508
1673404523.3439796,1673404523.3439796,1673404523.3771548,1673404523.8083117,0.46433210372924805
1673404523.5503092,1673404523.587141,1673404523.587141,1673404524.0179174,0.4676082134246826
1673404523.730361,1673404523.8006358,1673404523.762513,1673404524.231628,0.5012669563293457
1673404524.153831,1673404524.0030649,1673404524.0030649,1673404524.4504666,0.29663562774658203
1673404524.1900878,1673404524.2308214,1673404524.2308214,1673404524.6419961,0.4519083499908447
1673404524.5768273,1673404524.4387965,1673404524.4387965,1673404524.8600113,0.2831840515136719
1673404524.6422985,1673404524.6422985,1673404524.6422985,1673404525.0675619,0.4252634048461914
1673404524.8493023,1673404524.8493023,1673404524.8493023,1673404525.2781694,0.4288671016693115
1673404525.0718431,1673404525.0718431,1673404525.0361261,1673404525.498409,0.42656588554382324
1673404525.4406147,1673404525.475477,1673404525.4406147,1673404525.7228699,0.2822551727294922
1673404525.5128944,1673404525.5767787,1673404525.475477,1673404525.9273827,0.4144883155822754
1673404525.898956,1673404525.865698,1673404525.801069,1673404526.1411846,0.24222850799560547
1673404525.929549,1673404525.9625652,1673404525.8314133,1673404526.3436897,0.4141407012939453
1673404526.3100631,1673404526.2400591,1673404526.205287,1673404526.5578942,0.24783110618591309
1673404526.3764052,1673404526.3764052,1673404526.2400591,1673404526.7655034,0.3890981674194336
1673404526.567589,1673404526.567589,1673404526.6072521,1673404526.9860451,0.4184560775756836
1673404526.76526,1673404526.734277,1673404526.6390975,1673404527.1926336,0.42737364768981934
1673404526.940271,1673404526.940271,1673404526.9747593,1673404527.406766,0.4664950370788574
1673404527.18271,1673404527.1394799,1673404527.01484,1673404527.611917,0.42920708656311035
1673404527.3925521,1673404527.3589208,1673404527.3925521,1673404527.8181934,0.4256412982940674
1673404527.6340024,1673404527.6711726,1673404527.431631,1673404528.0303822,0.3963797092437744
1673404527.8296595,1673404527.863274,1673404527.8296595,1673404528.2337155,0.4040560722351074
1673404528.0260806,1673404528.0585787,1673404527.863274,1673404528.44411,0.4180293083190918
1673404528.235295,1673404528.235295,1673404528.235295,1673404528.6530018,0.4177067279815674
1673404528.4539266,1673404528.4539266,1673404528.2721536,1673404528.8891659,0.435239315032959
1673404528.711133,1673404528.7437654,1673404528.711133,1673404529.1237972,0.41266417503356934
1673404529.0908825,1673404529.123901,1673404529.0908825,1673404529.3550858,0.2642033100128174
1673404529.123901,1673404529.0300758,1673404529.123901,1673404529.5614922,0.4375913143157959
1673404529.497554,1673404529.5363793,1673404529.497554,1673404529.781643,0.2840888500213623
1673404529.5791786,1673404529.6494346,1673404529.5363793,1673404529.9937766,0.4145979881286621
1673404529.9688902,1673404529.9688902,1673404529.8759983,1673404530.2092316,0.2403414249420166
1673404530.0067794,1673404530.0691822,1673404529.9374182,1673404530.4148288,0.4080493450164795
1673404530.3796477,1673404530.3430557,1673404530.1347377,1673404530.6313593,0.2517116069793701
1673404530.4130583,1673404530.4483128,1673404530.308508,1673404530.8352349,0.4221765995025635
1673404530.5969298,1673404530.6424286,1673404530.4839673,1673404531.0484943,0.4515645503997803
1673404530.8580585,1673404530.8580585,1673404530.7163503,1673404531.257535,0.3994765281677246
1673404531.0500998,1673404531.0500998,1673404530.956133,1673404531.4700189,0.4199190139770508
1673404531.2819302,1673404531.2819302,1673404531.1494684,1673404531.6814203,0.3994901180267334
1673404531.4436016,1673404531.4775414,1673404531.345974,1673404531.8967574,0.4531557559967041
1673404531.857086,1673404531.7787597,1673404531.7407079,1673404532.1929646,0.3358786106109619
1673404531.893277,1673404531.9309945,1673404531.9309945,1673404532.3963256,0.5030486583709717
1673404532.2827165,1673404532.3550565,1673404532.3550565,1673404532.6069632,0.3242466449737549
1673404532.3550565,1673404532.4597292,1673404532.395992,1673404532.807889,0.4528324604034424
1673404532.5501318,1673404532.7308903,1673404532.764555,1673404533.0285475,0.47841572761535645
1673404532.7308903,1673404532.8643281,1673404532.817951,1673404533.2389212,0.508030891418457
1673404532.9383233,1673404533.1050224,1673404533.1767712,1673404533.4792988,0.5409755706787109
1673404533.1767712,1673404533.2637286,1673404533.2637286,1673404533.708804,0.5320327281951904
1673404533.409591,1673404533.444529,1673404533.4759872,1673404533.9127274,0.503136396408081
1673404533.5868647,1673404533.6278696,1673404533.6649525,1673404534.1350446,0.5481798648834229
1673404533.8213348,1673404534.0902116,1673404534.0902116,1673404534.3431642,0.52182936668396
1673404534.0546007,1673404534.1961274,1673404534.1253908,1673404534.5470579,0.49245715141296387
1673404534.2304947,1673404534.2644482,1673404534.2980304,1673404534.7482836,0.5177888870239258
1673404534.4617136,1673404534.4617136,1673404534.507301,1673404534.945985,0.4842715263366699
1673404534.6848714,1673404534.8885086,1673404534.8885086,1673404535.1606138,0.4757423400878906
1673404534.8885086,1673404534.999979,1673404534.9254947,1673404535.3988924,0.5103838443756104
1673404535.108069,1673404535.3934956,1673404535.3554873,1673404535.6075416,0.49947261810302734
1673404535.3554873,1673404535.4968934,1673404535.3934956,1673404535.8144796,0.45899224281311035
1673404535.5923731,1673404535.7872436,1673404535.7872436,1673404536.049559,0.4571859836578369
1673404535.7872436,1673404535.896069,1673404535.8313708,1673404536.2846236,0.49738001823425293
1673404536.0038953,1673404536.1701796,1673404536.242736,1673404536.5198069,0.5159115791320801
1673404536.242736,1673404536.2805922,1673404536.2805922,1673404536.7394443,0.4967081546783447
1673404536.4222486,1673404536.5122926,1673404536.4721558,1673404536.9820197,0.5597710609436035
1673404536.656525,1673404536.702105,1673404536.702105,1673404537.2518034,0.5952785015106201
1673404536.9217165,1673404537.145956,1673404537.1839576,1673404537.4687104,0.5469939708709717
1673404537.2471263,1673404537.2951918,1673404537.2471263,1673404537.669004,0.4218776226043701
1673404537.4536738,1673404537.6586492,1673404537.621787,1673404537.900542,0.4468681812286377
1673404537.6586492,1673404537.5535998,1673404537.6586492,1673404538.114607,0.45595788955688477
1673404537.8771112,1673404538.1117733,1673404538.0751433,1673404538.324769,0.44765782356262207
1673404538.0751433,1673404538.2069242,1673404538.1117733,1673404538.5311882,0.45604491233825684
1673404538.3059115,1673404538.531749,1673404538.4965918,1673404538.7500103,0.44409871101379395
1673404538.4965918,1673404538.6295874,1673404538.531749,1673404538.9588325,0.46224069595336914
1673404538.695568,1673404538.9409637,1673404538.9026759,1673404539.1747077,0.4791395664215088
1673404538.9409637,1673404539.0428326,1673404538.9798374,1673404539.374539,0.4335751533508301
1673404539.1365747,1673404539.1365747,1673404539.1722965,1673404539.5868225,0.45024776458740234
1673404539.365989,1673404539.329496,1673404539.365989,1673404539.7937725,0.4277834892272949
1673404539.5580888,1673404539.7377415,1673404539.7711978,1673404540.009299,0.45121026039123535
1673404539.7711978,1673404539.8477435,1673404539.8110023,1673404540.302299,0.5311012268066406
1673404539.9998224,1673404540.050791,1673404539.9479365,1673404540.5354862,0.5356638431549072
1673404540.4938962,1673404540.4246085,1673404540.2221177,1673404540.8016531,0.3077569007873535
1673404540.5347161,1673404540.5347161,1673404540.4246085,1673404541.0335464,0.49883031845092773
1673404540.9813087,1673404540.8122926,1673404540.85096,1673404541.3410769,0.3597681522369385
1673404541.0150225,1673404541.0150225,1673404541.0150225,1673404541.6185954,0.6035728454589844
1673404541.494807,1673404541.3174195,1673404541.3174195,1673404541.8488638,0.35405683517456055
1673404541.6479473,1673404541.601046,1673404541.6479473,1673404542.0725832,0.4246358871459961
1673404541.8413615,1673404541.8830752,1673404541.8413615,1673404542.3305814,0.48921990394592285
1673404542.0236647,1673404541.9888644,1673404542.0236647,1673404542.5849953,0.5613305568695068
1673404542.3215888,1673404542.363705,1673404542.2640786,1673404542.855971,0.5343823432922363
1673404542.5946686,1673404542.5946686,1673404542.5946686,1673404543.1348455,0.5401768684387207
1673404543.1027267,1673404543.053157,1673404542.8444746,1673404543.3958802,0.2931535243988037
1673404543.1452916,1673404543.1903434,1673404543.1027267,1673404543.6539016,0.5086100101470947
1673404543.5803947,1673404543.497178,1673404543.317863,1673404543.91367,0.33327531814575195
1673404543.6262336,1673404543.6262336,1673404543.5387464,1673404544.1618376,0.5356040000915527
1673404544.1043942,1673404544.065046,1673404543.8078084,1673404544.4006944,0.29630017280578613
1673404544.1607122,1673404544.1607122,1673404544.0249474,1673404544.652916,0.4922037124633789
1673404544.6157877,1673404544.4920552,1673404544.5480113,1673404544.9965088,0.3807210922241211
1673404544.6508548,1673404544.7732964,1673404544.7732964,1673404545.2046793,0.5538244247436523
1673404545.0621943,1673404544.989969,1673404544.9605267,1673404545.4335623,0.3713679313659668
1673404545.0980577,1673404545.2308815,1673404545.1887844,1673404545.6806314,0.582573652267456
1673404545.5392244,1673404545.4501905,1673404545.4033332,1673404545.9279044,0.38867998123168945
1673404545.5815063,1673404545.698598,1673404545.661359,1673404546.169536,0.5880298614501953
1673404545.8045628,1673404545.847161,1673404545.8957238,1673404546.4491315,0.644568681716919
1673404546.5002074,1673404546.4456565,1673404546.406181,1673404546.831299,0.33109164237976074
1673404546.5489066,1673404546.5905502,1673404546.4456565,1673404547.0384421,0.4895355701446533
1673404546.7698822,1673404546.7698822,1673404546.632952,1673404547.280081,0.5101988315582275
1673404547.003263,1673404547.0539477,1673404546.8660574,1673404547.514905,0.5116419792175293
1673404547.2282405,1673404547.1865027,1673404547.3198824,1673404547.7526186,0.5243780612945557
1673404547.489155,1673404547.4423072,1673404547.362321,1673404547.991253,0.5020978450775146
1673404547.7470126,1673404547.715966,1673404547.5492432,1673404548.2669108,0.5198981761932373
1673404548.007873,1673404548.007873,1673404547.7470126,1673404548.4959283,0.4880552291870117
1673404548.2765684,1673404548.321481,1673404548.2295494,1673404548.7436433,0.4670748710632324
1673404548.7071383,1673404548.642531,1673404548.7071383,1673404549.0080843,0.3009459972381592
1673404548.739503,1673404548.8810828,1673404548.81565,1673404549.2333565,0.4938535690307617
1673404548.9120605,1673404548.987732,1673404548.987732,1673404549.488286,0.5762255191802979
1673404549.1072068,1673404549.2457035,1673404549.2017512,1673404549.7148201,0.6076133251190186
1673404549.3362136,1673404549.3820887,1673404549.3820887,1673404549.929846,0.5936324596405029
1673404549.615674,1673404549.6972237,1673404549.6972237,1673404550.1576593,0.541985273361206
1673404549.8609674,1673404549.8979833,1673404549.8979833,1673404550.3658903,0.5049228668212891
1673404550.1153088,1673404550.243213,1673404550.304255,1673404550.6165605,0.5012516975402832
1673404550.3420315,1673404550.4565368,1673404550.3818479,1673404550.8536217,0.5115902423858643
1673404550.5182045,1673404550.6066868,1673404550.5618184,1673404551.0910292,0.5728247165679932
1673404550.7449658,1673404550.700594,1673404550.7960427,1673404551.3759615,0.6309957504272461
1673404551.175231,1673404551.2699955,1673404551.3396606,1673404551.6569138,0.48168277740478516
1673404551.3769503,1673404551.430742,1673404551.430742,1673404551.888177,0.5112266540527344
1673404551.6190112,1673404551.5446243,1673404551.6190112,1673404552.0926285,0.4736173152923584
1673404551.8743293,1673404551.9153378,1673404551.8743293,1673404552.3040624,0.4297330379486084
1673404552.0829,1673404552.1222696,1673404552.0490825,1673404552.5209801,0.4380800724029541
1673404552.3273978,1673404552.3273978,1673404552.259499,1673404552.7416136,0.4142158031463623
1673404552.5508614,1673404552.515316,1673404552.4853435,1673404552.9536827,0.40282130241394043
1673404552.7709875,1673404552.8012595,1673404552.6743743,1673404553.1599436,0.38895606994628906
1673404552.9595008,1673404552.9944212,1673404552.8624275,1673404553.3697248,0.41022396087646484
1673404553.1730342,1673404553.1730342,1673404553.065307,1673404553.583516,0.41048169136047363
1673404553.3802702,1673404553.4162972,1673404553.2765555,1673404553.7945013,0.4142310619354248
1673404553.576207,1673404553.576207,1673404553.4766445,1673404553.9988716,0.4226646423339844
1673404553.7896068,1673404553.8260112,1673404553.728166,1673404554.2074895,0.41788268089294434
1673404553.983455,1673404554.019574,1673404553.9164815,1673404554.4174585,0.4340035915374756
1673404554.1620367,1673404554.1957202,1673404554.0874338,1673404554.6304665,0.4684298038482666
1673404554.4061754,1673404554.448528,1673404554.3234463,1673404554.8388186,0.43264317512512207
1673404554.5902164,1673404554.5521872,1673404554.5192711,1673404555.0442467,0.45403027534484863
1673404555.0229278,1673404554.9590585,1673404554.9257045,1673404555.3461394,0.323211669921875
1673404555.055702,1673404555.157414,1673404555.1218338,1673404555.5774775,0.521775484085083
1673404555.4882102,1673404555.318108,1673404555.318108,1673404555.7771456,0.28893542289733887
1673404555.5226321,1673404555.5226321,1673404555.5226321,1673404555.9805038,0.457871675491333
1673404555.908629,1673404555.7270262,1673404555.7705367,1673404556.2214274,0.31279850006103516
1673404555.9417806,1673404556.0613718,1673404555.9929261,1673404556.4664757,0.5246951580047607
1673404556.3768365,1673404556.3768365,1673404556.211841,1673404556.7422988,0.3654623031616211
1673404556.4687698,1673404556.5147862,1673404556.4687698,1673404557.0345466,0.5657768249511719
1673404556.7443833,1673404556.6938913,1673404556.6938913,1673404557.3027444,0.5583610534667969
1673404557.1203332,1673404557.1203332,1673404557.2453768,1673404557.5278118,0.40747857093811035
1673404557.282028,1673404557.3188956,1673404557.282028,1673404557.7577055,0.475677490234375
1673404557.5001562,1673404557.5595627,1673404557.4292185,1673404557.991555,0.49139881134033203
1673404557.739302,1673404557.776133,1673404557.6899548,1673404558.2359555,0.49665355682373047
1673404557.941666,1673404557.8987806,1673404557.8987806,1673404558.5165443,0.574878454208374
1673404558.2417128,1673404558.285672,1673404558.1469717,1673404558.7468784,0.5051655769348145
1673404558.4894867,1673404558.426068,1673404558.3847625,1673404558.9823148,0.4928281307220459
1673404558.708207,1673404558.5700238,1673404558.6050892,1673404559.204979,0.49677205085754395
1673404558.9539316,1673404558.9539316,1673404558.8371446,1673404559.4341898,0.4802582263946533
1673404559.2138276,1673404559.2480595,1673404559.094888,1673404559.6587684,0.44494080543518066
1673404559.389362,1673404559.434314,1673404559.281361,1673404559.8644385,0.47507643699645996
1673404559.6021657,1673404559.6606317,1673404559.4782217,1673404560.089769,0.48760318756103516
1673404559.8149617,1673404559.780774,1673404559.7101636,1673404560.3262672,0.511305570602417
1673404560.0316405,1673404559.9870222,1673404559.8796878,1673404560.5965905,0.5649499893188477
1673404560.546027,1673404560.4502225,1673404560.4151456,1673404560.8388724,0.2928454875946045
1673404560.575913,1673404560.575913,1673404560.6111872,1673404561.0535452,0.4776322841644287
1673404560.972692,1673404560.9245706,1673404560.7931523,1673404561.280319,0.30762696266174316
1673404561.0610676,1673404561.1042006,1673404561.0610676,1673404561.5200348,0.4589672088623047
1673404561.4632313,1673404561.5013494,1673404561.2632363,1673404561.7960935,0.33286213874816895
1673404561.588595,1673404561.6209972,1673404561.4632313,1673404562.0271492,0.4385542869567871
1673404561.7644699,1673404561.7262275,1673404561.6570847,1673404562.23366,0.4691901206970215
1673404562.0139205,1673404562.0139205,1673404561.8540518,1673404562.4486754,0.4347548484802246
1673404562.232682,1673404562.232682,1673404562.0510557,1673404562.6722817,0.43959975242614746
1673404562.4395065,1673404562.4760232,1673404562.4760232,1673404562.8933883,0.45388174057006836
1673404562.6345062,1673404562.665066,1673404562.5317488,1673404563.1078942,0.4733879566192627
1673404563.054552,1673404562.9100351,1673404562.9100351,1673404563.3564878,0.30193567276000977
1673404563.0888124,1673404563.3446927,1673404563.3064132,1673404563.559712,0.4708995819091797
1673404563.479791,1673404563.4482307,1673404563.3446927,1673404563.7690766,0.28928565979003906
1673404563.5919125,1673404563.5443742,1673404563.7185297,1673404564.0110388,0.4191262722015381
1673404563.7843537,1673404563.7487488,1673404563.7487488,1673404564.2645032,0.480149507522583
1673404564.0055606,1673404563.9629233,1673404564.1546803,1673404564.4803426,0.47478199005126953
1673404564.1855416,1673404564.1855416,1673404564.1855416,1673404564.6899116,0.5043699741363525
1673404564.4650073,1673404564.501464,1673404564.3760726,1673404564.89971,0.43470263481140137
1673404564.708049,1673404564.708049,1673404564.5729709,1673404565.1118834,0.40383434295654297
1673404564.9074924,1673404564.9074924,1673404564.9446497,1673404565.3190281,0.41153573989868164
1673404565.1017542,1673404565.1017542,1673404564.975935,1673404565.5333538,0.43159961700439453
1673404565.306522,1673404565.306522,1673404565.3425384,1673404565.7621195,0.4555976390838623
1673404565.732334,1673404565.7634876,1673404565.732334,1673404565.999229,0.266895055770874
1673404565.8009589,1673404565.8636632,1673404565.8009589,1673404566.2104566,0.4094977378845215
1673404566.1847308,1673404566.1511502,1673404565.990071,1673404566.4273505,0.24261975288391113
1673404566.2280717,1673404566.2280717,1673404566.1847308,1673404566.6327212,0.4046494960784912
1673404566.3954244,1673404566.4302428,1673404566.3619106,1673404566.845466,0.4500415325164795
1673404566.623162,1673404566.623162,1673404566.5393214,1673404567.0529137,0.4297516345977783
1673404567.0060043,1673404566.96933,1673404566.7668786,1673404567.2737722,0.26776790618896484
1673404567.0725868,1673404567.0725868,1673404566.96933,1673404567.4941144,0.421527624130249
1673404567.4690595,1673404567.4690595,1673404567.1694453,1673404567.7124434,0.24338388442993164
1673404567.5055838,1673404567.5835366,1673404567.339709,1673404567.918387,0.41280317306518555
1673404567.8646464,1673404567.8646464,1673404567.6851292,1673404568.1336765,0.2690300941467285
1673404567.934088,1673404567.9725232,1673404567.7217941,1673404568.345337,0.41124892234802246
1673404568.1336272,1673404568.1707215,1673404568.1336272,1673404568.5711784,0.43755125999450684
1673404568.3724728,1673404568.3724728,1673404568.5040815,1673404568.786076,0.4136033058166504
1673404568.5708864,1673404568.5708864,1673404568.5361788,1673404569.0169067,0.44602036476135254
1673404568.7880864,1673404568.7486246,1673404568.714405,1673404569.2265882,0.43850183486938477
1673404569.0137959,1673404568.977678,1673404568.9014108,1673404569.4387395,0.4249436855316162
1673404569.2178798,1673404569.2546225,1673404569.2879508,1673404569.6608872,0.4430074691772461
1673404569.4575553,1673404569.4575553,1673404569.321921,1673404569.8930194,0.43546414375305176
1673404569.6530325,1673404569.6922176,1673404569.6530325,1673404570.0993676,0.4463350772857666
1673404569.871879,1673404569.9080374,1673404569.6922176,1673404570.3459687,0.4740896224975586
1673404570.1391687,1673404570.0888505,1673404570.1391687,1673404570.5795653,0.4403965473175049
1673404570.3792312,1673404570.4115713,1673404570.50947,1673404570.7903833,0.4111521244049072
1673404570.584044,1673404570.6199195,1673404570.5421803,1673404570.9983485,0.4143044948577881
1673404570.78461,1673404570.8200974,1673404570.92067,1673404571.2124274,0.42781734466552734
1673404570.996872,1673404570.996872,1673404570.9596777,1673404571.4194348,0.422562837600708
1673404571.2164726,1673404571.2164726,1673404571.2880268,1673404571.6328528,0.4163801670074463
1673404571.428842,1673404571.428842,1673404571.3187656,1673404571.8403182,0.41147613525390625
1673404571.630127,1673404571.630127,1673404571.6997936,1673404572.0539784,0.42385149002075195
1673404571.8271616,1673404571.8628223,1673404571.7309353,1673404572.263418,0.43625640869140625
1673404572.038216,1673404572.038216,1673404571.8997395,1673404572.497934,0.4597179889678955
1673404572.2976298,1673404572.2575724,1673404572.4723167,1673404572.7253556,0.42772579193115234
1673404572.5092087,1673404572.4723167,1673404572.5092087,1673404572.947563,0.4383542537689209
1673404572.7113533,1673404572.7504365,1673404572.6772442,1673404573.1592562,0.4479029178619385
1673404572.9716663,1673404572.9716663,1673404572.8982487,1673404573.391638,0.4199717044830322
1673404573.176281,1673404573.1421204,1673404573.0693662,1673404573.6181543,0.44187331199645996
1673404573.399485,1673404573.3601618,1673404573.2524893,1673404573.8356779,0.43619275093078613
1673404573.6292953,1673404573.5835469,1673404573.4756272,1673404574.0442948,0.41499948501586914
1673404573.8368843,1673404573.8702247,1673404573.70002,1673404574.2518065,0.41492223739624023
1673404574.0120316,1673404574.045761,1673404573.8702247,1673404574.461256,0.44922447204589844
1673404574.236737,1673404574.273172,1673404574.0849054,1673404574.6750133,0.4382762908935547
1673404574.455191,1673404574.4939792,1673404574.273172,1673404574.8829255,0.4277346134185791
1673404574.639416,1673404574.673725,1673404574.4939792,1673404575.0965889,0.45717287063598633
1673404574.8683515,1673404574.8683515,1673404574.673725,1673404575.3369503,0.4685988426208496
1673404575.1424005,1673404575.096516,1673404575.1424005,1673404575.5856793,0.44327878952026367
1673404575.3470094,1673404575.3093176,1673404575.5223298,1673404575.8076055,0.46059608459472656
1673404575.7532208,1673404575.717483,1673404575.561346,1673404576.028072,0.27485132217407227
1673404575.8260775,1673404575.8260775,1673404575.928475,1673404576.2489772,0.4228997230529785
1673404576.029995,1673404576.029995,1673404575.9638073,1673404576.4642687,0.43427371978759766
1673404576.2681758,1673404576.301497,1673404576.1294792,1673404576.6718955,0.4037196636199951
1673404576.4648588,1673404576.4980047,1673404576.3340268,1673404576.8813336,0.4164748191833496
1673404576.6684394,1673404576.6684394,1673404576.5316253,1673404577.091341,0.42290163040161133
1673404576.8902333,1673404576.8902333,1673404576.7043667,1673404577.3045504,0.41431713104248047
1673404577.0990806,1673404577.0990806,1673404577.0990806,1673404577.5361123,0.43703174591064453
1673404577.3331287,1673404577.295533,1673404577.1386545,1673404577.7678971,0.4347684383392334
1673404577.566624,1673404577.5293689,1673404577.566624,1673404577.9912455,0.42462158203125
1673404577.7714965,1673404577.8093045,1673404577.732001,1673404578.2100463,0.4385497570037842
1673404577.9506102,1673404577.9856281,1673404577.9144418,1673404578.4358094,0.4851992130279541
1673404578.3841748,1673404578.3502038,1673404578.1387975,1673404578.6510966,0.2669217586517334
1673404578.451369,1673404578.451369,1673404578.3841748,1673404578.8576097,0.40624070167541504
1673404578.6508787,1673404578.6838222,1673404578.5837302,1673404579.075362,0.4244832992553711
1673404578.8469398,1673404578.8808072,1673404578.7762923,1673404579.2877007,0.44076085090637207
1673404579.241366,1673404579.167412,1673404578.9517627,1673404579.5163743,0.2750084400177002
1673404579.3065975,1673404579.3065975,1673404579.167412,1673404579.7326856,0.4260880947113037
1673404579.683894,1673404579.5886364,1673404579.5396245,1673404579.9790783,0.2951843738555908
1673404579.7557912,1673404579.7913718,1673404579.7557912,1673404580.1966105,0.44081926345825195
1673404580.1454542,1673404580.179328,1673404579.9678137,1673404580.424559,0.27910494804382324
1673404580.2201395,1673404580.2918909,1673404580.1454542,1673404580.6547666,0.43462705612182617
1673404580.4297385,1673404580.3941665,1673404580.5303452,1673404580.91229,0.48255157470703125
1673404580.6535313,1673404580.6535313,1673404580.5709841,1673404581.1235254,0.46999406814575195
1673404581.0632267,1673404581.0256417,1673404580.994381,1673404581.375499,0.312272310256958
1673404581.1035755,1673404581.1455028,1673404581.0256417,1673404581.5909085,0.4873330593109131
1673404581.3186476,1673404581.2800808,1673404581.3902218,1673404581.8253498,0.506702184677124
1673404581.5781786,1673404581.5289223,1673404581.4299467,1673404582.044316,0.4661374092102051
1673404581.7907405,1673404581.7595067,1673404581.8241253,1673404582.257728,0.46698760986328125
1673404582.0308962,1673404581.9881856,1673404581.8655324,1673404582.4679396,0.4370434284210205
1673404582.2753446,1673404582.3062508,1673404582.2753446,1673404582.7004912,0.42514657974243164
1673404582.443415,1673404582.409079,1673404582.3417368,1673404582.9143028,0.4708878993988037
1673404582.6269684,1673404582.5900652,1673404582.5153124,1673404583.1371992,0.5102307796478271
1673404582.880697,1673404582.8462627,1673404582.7452164,1673404583.3774223,0.49672532081604004
1673404583.348782,1673404583.2685122,1673404583.2291093,1673404583.6388574,0.29007530212402344
1673404583.3801136,1673404583.4562938,1673404583.4170809,1673404583.826187,0.4460732936859131
1673404583.7652693,1673404583.7326705,1673404583.6297336,1673404584.0461576,0.28088831901550293
1673404583.8048377,1673404583.8447528,1673404583.8048377,1673404584.277693,0.4728553295135498
1673404584.2325144,1673404584.1567147,1673404584.0027587,1673404584.5426586,0.31014418601989746
1673404584.281385,1673404584.281385,1673404584.2325144,1673404584.8193858,0.5380008220672607
1673404584.7655783,1673404584.7167141,1673404584.5105462,1673404585.1029496,0.3373713493347168
1673404584.8154135,1673404584.8539548,1673404584.7655783,1673404585.3404388,0.5250253677368164
1673404585.292034,1673404585.292034,1673404585.251624,1673404585.7694588,0.47742486000061035
1673404585.359025,1673404585.454064,1673404585.5025134,1673404586.00102,0.6419949531555176
1673404585.7885776,1673404585.741986,1673404585.741986,1673404586.213672,0.4250943660736084
1673404585.8890939,1673404586.0176175,1673404585.981552,1673404586.444301,0.5552070140838623
1673404586.120826,1673404586.120826,1673404586.1634843,1673404586.6595085,0.5386824607849121
1673404586.3174381,1673404586.3604188,1673404586.3604188,1673404586.8956337,0.5781955718994141
1673404586.551285,1673404586.6847532,1673404586.640303,1673404587.1034734,0.5521883964538574
1673404586.8051481,1673404586.905541,1673404586.8632147,1673404587.3225973,0.517449140548706
1673404587.252553,1673404587.252553,1673404587.252553,1673404587.6121495,0.35959649085998535
1673404587.337506,1673404587.3801723,1673404587.2959924,1673404587.8472164,0.5097103118896484
1673404587.5962331,1673404587.643717,1673404587.7574165,1673404588.136641,0.5404078960418701
1673404587.808037,1673404587.7574165,1673404587.808037,1673404588.3752503,0.5672132968902588
1673404588.0938041,1673404588.0392573,1673404587.9908917,1673404588.602063,0.5082588195800781
1673404588.403939,1673404588.3643565,1673404588.322679,1673404588.8464324,0.4424934387207031
1673404588.572081,1673404588.572081,1673404588.5006201,1673404589.0880973,0.5160162448883057
1673404589.0573032,1673404588.946416,1673404588.9068587,1673404589.3725157,0.3152124881744385
1673404589.0977302,1673404589.1366932,1673404589.0977302,1673404589.6405053,0.5427751541137695
1673404589.5786176,1673404589.6332867,1673404589.3690608,1673404589.9085066,0.32988905906677246
1673404589.6332867,1673404589.7171996,1673404589.6332867,1673404590.1309648,0.4976780414581299
1673404590.0853183,1673404590.0421665,1673404589.8425922,1673404590.3634803,0.27816200256347656
1673404590.1395667,1673404590.1794014,1673404590.0853183,1673404590.5849864,0.4454197883605957
1673404590.5475113,1673404590.5475113,1673404590.3117044,1673404590.8442986,0.2967872619628906
1673404590.5900862,1673404590.6546729,1673404590.5133379,1673404591.1065772,0.5164909362792969
1673404591.0680385,1673404590.9491007,1673404590.9491007,1673404591.398034,0.32999563217163086
1673404591.116979,1673404591.1543133,1673404591.1543133,1673404591.5988405,0.48186159133911133
1673404591.5143015,1673404591.583488,1673404591.5487025,1673404591.8059247,0.2916231155395508
1673404591.5487025,1673404591.683112,1673404591.583488,1673404592.0299602,0.48125767707824707
1673404591.9686987,1673404591.9686987,1673404591.9686987,1673404592.2866192,0.317920446395874
1673404592.055697,1673404592.0980282,1673404592.055697,1673404592.5181768,0.462479829788208
1673404592.479138,1673404592.5129752,1673404592.270393,1673404592.7612355,0.28209757804870605
1673404592.5487106,1673404592.6111493,1673404592.479138,1673404592.9676034,0.41889286041259766
1673404592.7507372,1673404592.7091582,1673404592.6764112,1673404593.1906238,0.43988656997680664
1673404592.9264944,1673404592.8913052,1673404592.8913052,1673404593.3999102,0.4734158515930176
1673404593.3679144,1673404593.3315237,1673404593.0730932,1673404593.6297953,0.26188087463378906
1673404593.4022772,1673404593.466969,1673404593.3315237,1673404593.8510046,0.4487273693084717
1673404593.7990777,1673404593.7990777,1673404593.5004866,1673404594.088227,0.28914928436279297
1673404593.8365197,1673404593.9534733,1673404593.7196622,1673404594.3227377,0.4862179756164551
1673404594.0576043,1673404594.1004233,1673404593.9534733,1673404594.5628898,0.5052855014801025
1673404594.277987,1673404594.227823,1673404594.184566,1673404594.81878,0.5407929420471191
1673404594.7677228,1673404594.6904237,1673404594.6519186,1673404595.16322,0.39549708366394043
1673404594.820638,1673404594.858616,1673404594.858616,1673404595.3747394,0.5541014671325684
1673404595.290295,1673404595.3338666,1673404595.3338666,1673404595.617783,0.3274881839752197
1673404595.3338666,1673404595.4556458,1673404595.3732932,1673404595.8707383,0.5368716716766357
1673404595.5460427,1673404595.604764,1673404595.5460427,1673404596.170781,0.6247382164001465
1673404595.9564803,1673404595.9969656,1673404595.8195057,1673404596.4173827,0.46090245246887207
1673404596.1894338,1673404596.2296221,1673404596.266952,1673404596.6703146,0.4808807373046875
1673404596.4186318,1673404596.3476322,1673404596.3082242,1673404596.923295,0.5046632289886475
1673404596.6680264,1673404596.618265,1673404596.4965549,1673404597.1785185,0.5104920864105225
1673404596.8878448,1673404596.8464026,1673404596.7183757,1673404597.4330688,0.5452239513397217
1673404597.1415255,1673404597.179615,1673404596.959396,1673404597.6838164,0.5422909259796143
1673404597.4187965,1673404597.3388197,1673404597.179615,1673404597.9505906,0.5317940711975098
1673404597.699114,1673404597.6453686,1673404597.699114,1673404598.2088096,0.5096955299377441
1673404597.9170356,1673404597.9585254,1673404597.7423637,1673404598.445306,0.5282704830169678
1673404598.1952167,1673404598.1477678,1673404598.1952167,1673404598.7358336,0.5406169891357422
1673404598.4335473,1673404598.3943443,1673404598.3943443,1673404599.0282028,0.5946555137634277
1673404599.001769,1673404599.001769,1673404598.9558372,1673404599.436571,0.4348018169403076
1673404599.0392616,1673404599.084069,1673404599.1717322,1673404599.669091,0.6298294067382812
1673404599.5044322,1673404599.4584663,1673404599.4172823,1673404599.87059,0.36615777015686035
1673404599.5406713,1673404599.5805676,1673404599.6183784,1673404600.1203234,0.5796520709991455
1673404599.9808261,1673404599.88607,1673404599.8436766,1673404600.3830574,0.40223121643066406
1673404600.0232754,1673404600.1324813,1673404600.0906758,1673404600.5898924,0.5666170120239258
1673404600.1809857,1673404600.3331673,1673404600.3331673,1673404600.8327446,0.6517589092254639
1673404600.4642901,1673404600.557927,1673404600.557927,1673404601.0818737,0.6175835132598877
1673404600.8093328,1673404600.763926,1673404601.0242653,1673404601.3484025,0.539069652557373
1673404601.091792,1673404601.0242653,1673404601.091792,1673404601.6109014,0.5191092491149902
1673404601.3004248,1673404601.3598807,1673404601.2586057,1673404601.889647,0.5892221927642822
1673404601.6524327,1673404601.601856,1673404601.5020447,1673404602.1475883,0.49515557289123535
1673404601.872957,1673404601.920991,1673404601.6939547,1673404602.3835256,0.5105686187744141
1673404602.108343,1673404602.0236428,1673404601.920991,1673404602.6799018,0.571558952331543
1673404602.4077125,1673404602.3654323,1673404602.4077125,1673404602.9596634,0.5519509315490723
1673404602.689665,1673404602.65155,1673404602.65155,1673404603.24008,0.5504150390625
1673404602.9499657,1673404602.9499657,1673404602.9098496,1673404603.527063,0.5770971775054932
1673404603.4618523,1673404603.3395228,1673404603.169789,1673404603.8222864,0.36043405532836914
1673404603.589196,1673404603.6429567,1673404603.3783803,1673404604.0508885,0.46169257164001465
1673404603.8329937,1673404603.7935379,1673404603.6429567,1673404604.2987747,0.46578097343444824
1673404604.0289629,1673404604.0672722,1673404603.8329937,1673404604.5213878,0.49242496490478516
1673404604.261094,1673404604.2202454,1673404604.0672722,1673404604.8006732,0.5395791530609131
1673404604.459416,1673404604.5104694,1673404604.261094,1673404605.0624583,0.6030423641204834
1673404605.0285566,1673404604.94537,1673404604.8169208,1673404605.3460958,0.3175392150878906
1673404605.079747,1673404605.0285566,1673404605.0285566,1673404605.6086957,0.5289487838745117
1673404605.545072,1673404605.5906768,1673404605.3057888,1673404605.9343755,0.38930344581604004
1673404605.633791,1673404605.6784236,1673404605.545072,1673404606.1766095,0.542818546295166
1673404605.950903,1673404605.9904435,1673404605.817395,1673404606.4425483,0.49164533615112305
1673404606.207857,1673404606.1647933,1673404606.0299344,1673404606.6894896,0.48163270950317383
1673404606.4083424,1673404606.4083424,1673404606.2816904,1673404606.9298103,0.521467924118042
1673404606.6969988,1673404606.776837,1673404606.5165122,1673404607.2360013,0.5390024185180664
1673404606.9799273,1673404607.0279253,1673404606.9799273,1673404607.541927,0.5619997978210449
1673404607.3030844,1673404607.3481696,1673404607.253341,1673404607.8211446,0.5180602073669434
1673404607.5541487,1673404607.638425,1673404607.4982493,1673404608.084342,0.5301933288574219
1673404608.0134068,1673404608.0134068,1673404607.7149205,1673404608.323281,0.3098742961883545
1673404608.0587533,1673404608.203346,1673404607.9401789,1673404608.5722008,0.5134475231170654
1673404608.284398,1673404608.3164232,1673404608.203346,1673404608.7999055,0.5155074596405029
1673404608.5228345,1673404608.5674026,1673404608.4153602,1673404609.0323515,0.5095169544219971
1673404608.984548,1673404608.8648584,1673404608.9057608,1673404609.377758,0.39320993423461914
1673404609.0199902,1673404609.0199902,1673404609.0984237,1673404609.6125107,0.5925204753875732
1673404609.2619822,1673404609.3135753,1673404609.3639305,1673404609.8419113,0.5799291133880615
1673404609.5217004,1673404609.4837627,1673404609.5610995,1673404610.0967453,0.5750448703765869
1673404609.76249,1673404609.806324,1673404609.806324,1673404610.3775916,0.6151015758514404
1673404610.0430307,1673404610.0961716,1673404610.0961716,1673404610.6104517,0.5674209594726562
1673404610.3146558,1673404610.2690692,1673404610.3146558,1673404610.942989,0.628333330154419
1673404610.665539,1673404610.7074063,1673404610.6216786,1673404611.1993203,0.5337812900543213
1673404610.8700109,1673404610.8700109,1673404610.8260756,1673404611.460603,0.5905921459197998
1673404611.1718664,1673404611.1718664,1673404611.0644236,1673404611.7280502,0.5561838150024414
1673404611.4473152,1673404611.5013964,1673404611.3482466,1673404611.9655163,0.5182011127471924
1673404611.700986,1673404611.700986,1673404611.6183636,1673404612.213672,0.512686014175415
1673404611.9953952,1673404611.9953952,1673404611.8484435,1673404612.4844823,0.4890871047973633
1673404612.1866148,1673404612.226618,1673404612.0665557,1673404612.711502,0.5248873233795166
1673404612.422154,1673404612.379458,1673404612.3346376,1673404612.9474342,0.525280237197876
1673404612.7110095,1673404612.759315,1673404612.5402389,1673404613.184098,0.47308850288391113
1673404612.9168546,1673404612.9168546,1673404612.7948234,1673404613.442538,0.5256834030151367
1673404613.1390893,1673404613.1760015,1673404613.0522256,1673404613.6714048,0.5323154926300049
1673404613.4302933,1673404613.5108848,1673404613.2828195,1673404613.9285114,0.4982180595397949
1673404613.6613386,1673404613.6613386,1673404613.54904,1673404614.1789424,0.517603874206543
1673404613.8764405,1673404613.8764405,1673404613.746595,1673404614.4320154,0.555574893951416
1673404614.1212583,1673404614.1617558,1673404613.9625335,1673404614.6740067,0.552748441696167
1673404614.3936424,1673404614.4386606,1673404614.2168658,1673404614.9281406,0.5344982147216797
1673404614.6342678,1673404614.5871072,1673404614.4386606,1673404615.208169,0.5739011764526367
1673404614.9934611,1673404615.0329998,1673404614.7391086,1673404615.4647474,0.4712862968444824
1673404615.2292676,1673404615.1786158,1673404615.2292676,1673404615.7651503,0.5358827114105225
1673404615.7270408,1673404615.6018345,1673404615.4692938,1673404616.0495691,0.3225283622741699
1673404615.778064,1673404615.778064,1673404615.6862872,1673404616.3166544,0.5385904312133789
1673404616.2567878,1673404616.1006854,1673404616.1424274,1673404616.6260452,0.36925745010375977
1673404616.2964876,1673404616.421672,1673404616.3778524,1673404616.8740714,0.5775837898254395
