0.12709355354309082,0.23227214813232422,0.21273565292358398
0.08048343658447266,0.19854140281677246,0.18575596809387207
0.0816349983215332,0.18696141242980957,0.1798539161682129
0.08238458633422852,0.18434643745422363,0.16850733757019043
0.08192873001098633,0.18514299392700195,0.1796550750732422
0.0817255973815918,0.19009113311767578,0.1692817211151123
0.08424210548400879,0.18436622619628906,0.1739799976348877
0.0823829174041748,0.18512177467346191,0.17011523246765137
0.08226704597473145,0.18569135665893555,0.1699059009552002
0.08128023147583008,0.18582534790039062,0.17534708976745605
0.08326435089111328,0.18787646293640137,0.17929530143737793
0.08139944076538086,0.18421220779418945,0.18288064002990723
0.08247208595275879,0.19595575332641602,0.16914677619934082
0.08086681365966797,0.1981828212738037,0.17661452293395996
0.08082008361816406,0.18347406387329102,0.1718904972076416
0.08562636375427246,0.18375229835510254,0.19408011436462402
0.08939194679260254,0.18631291389465332,0.17009925842285156
0.08109426498413086,0.19127488136291504,0.17037677764892578
0.0827322006225586,0.18605470657348633,0.1697525978088379
0.08185315132141113,0.18283438682556152,0.17282342910766602
0.08127212524414062,0.187286376953125,0.16867709159851074
0.08238101005554199,0.18645620346069336,0.1801009178161621
0.08262085914611816,0.18640851974487305,0.16610074043273926
0.08186745643615723,0.20369863510131836,0.1797780990600586
0.08129119873046875,0.19153332710266113,0.17937850952148438
0.08280110359191895,0.1836836338043213,0.17630910873413086
0.08394837379455566,0.18590736389160156,0.17249226570129395
0.08369183540344238,0.1883707046508789,0.1814711093902588
0.10435843467712402,0.1872549057006836,0.1791677474975586
0.0943138599395752,0.18631291389465332,0.17093348503112793
0.08493900299072266,0.18561339378356934,0.17007231712341309
0.08271598815917969,0.18790388107299805,0.17150545120239258
0.0814368724822998,0.1981511116027832,0.17033982276916504
0.0814051628112793,0.1878340244293213,0.1810762882232666
0.0815892219543457,0.19337081909179688,0.1783766746520996
0.08254742622375488,0.1863090991973877,0.17053890228271484
0.08226537704467773,0.19656801223754883,0.16941452026367188
0.08281898498535156,0.1848125457763672,0.17027592658996582
0.08124852180480957,0.18408465385437012,0.16891264915466309
0.0819852352142334,0.18549108505249023,0.17017722129821777
0.08322525024414062,0.18435096740722656,0.17167353630065918
0.08092522621154785,0.19431042671203613,0.17600083351135254
0.08178114891052246,0.18674492835998535,0.17647671699523926
0.08133935928344727,0.1869802474975586,0.17087316513061523
0.08213138580322266,0.18719220161437988,0.17020654678344727
0.0810387134552002,0.1864454746246338,0.18095898628234863
0.0821068286895752,0.18762755393981934,0.17034339904785156
0.08848047256469727,0.18509340286254883,0.18438410758972168
0.08318185806274414,0.18813276290893555,0.17984890937805176
0.08204841613769531,0.18459796905517578,0.17063379287719727
0.08101654052734375,0.19319796562194824,0.17153525352478027
0.08291435241699219,0.1856675148010254,0.17128920555114746
0.08245277404785156,0.1942274570465088,0.17900776863098145
0.0829782485961914,0.18674945831298828,0.17055726051330566
0.08213424682617188,0.20009160041809082,0.17580652236938477
0.08105731010437012,0.188828706741333,0.18610310554504395
0.08254265785217285,0.19274497032165527,0.17333459854125977
0.08199238777160645,0.18483781814575195,0.17208576202392578
0.0822763442993164,0.18793368339538574,0.17108774185180664
0.08427166938781738,0.18948030471801758,0.17114663124084473
0.08202314376831055,0.1861112117767334,0.17472171783447266
0.08152890205383301,0.18337297439575195,0.1733386516571045
0.08252573013305664,0.18796992301940918,0.16955828666687012
0.08410787582397461,0.1845102310180664,0.17920994758605957
0.08225727081298828,0.1918649673461914,0.18026328086853027
0.0833132266998291,0.18726706504821777,0.1739809513092041
0.08227229118347168,0.1888878345489502,0.17561936378479004
0.08248353004455566,0.1893296241760254,0.17429375648498535
0.08280491828918457,0.18937444686889648,0.17069792747497559
0.08896136283874512,0.18779206275939941,0.16987156867980957
0.0809473991394043,0.18684959411621094,0.1718132495880127
0.08101320266723633,0.1850130558013916,0.17176580429077148
0.08193206787109375,0.18822765350341797,0.17160415649414062
0.08650445938110352,0.18668031692504883,0.1710219383239746
0.08345222473144531,0.19005465507507324,0.1799333095550537
0.0818333625793457,0.19974565505981445,0.17155742645263672
0.08318090438842773,0.19779515266418457,0.17426228523254395
0.08390045166015625,0.18510723114013672,0.17228388786315918
0.08265924453735352,0.18803620338439941,0.17159175872802734
0.08182811737060547,0.1880035400390625,0.17337775230407715
0.0824134349822998,0.18828439712524414,0.17191243171691895
0.08285760879516602,0.18508553504943848,0.1765730381011963
0.08339619636535645,0.18944573402404785,0.17116570472717285
0.08342933654785156,0.18691444396972656,0.180403470993042
0.08169198036193848,0.19446396827697754,0.17531800270080566
0.08316755294799805,0.19069695472717285,0.1818859577178955
0.08180737495422363,0.19269561767578125,0.1713705062866211
0.08307409286499023,0.18947863578796387,0.1718308925628662
0.0837104320526123,0.19087791442871094,0.17134308815002441
0.08189821243286133,0.18599629402160645,0.1707005500793457
0.0828404426574707,0.18807411193847656,0.1727275848388672
0.08516359329223633,0.18881011009216309,0.1712815761566162
0.0824117660522461,0.18689346313476562,0.18202519416809082
0.08165836334228516,0.1903679370880127,0.1722724437713623
0.08339667320251465,0.1903831958770752,0.17650723457336426
0.08193421363830566,0.19002199172973633,0.1760694980621338
0.08292388916015625,0.18842196464538574,0.172285795211792
0.08173704147338867,0.19304299354553223,0.1717841625213623
0.08238077163696289,0.18524670600891113,0.1764819622039795
0.08347201347351074,0.18743371963500977,0.17305374145507812
0.08283853530883789,0.18598151206970215,0.17137670516967773
0.08349156379699707,0.2019813060760498,0.17210721969604492
0.08146286010742188,0.18773293495178223,0.17151665687561035
0.08223915100097656,0.19386839866638184,0.17261672019958496
0.08430695533752441,0.1918632984161377,0.17275071144104004
0.08305692672729492,0.18996715545654297,0.1725912094116211
0.08190011978149414,0.1866455078125,0.17260074615478516
0.0844414234161377,0.1916062831878662,0.1718730926513672
0.08251094818115234,0.18866586685180664,0.17287659645080566
0.08104276657104492,0.1963026523590088,0.17272639274597168
0.0839681625366211,0.18690848350524902,0.17427897453308105
0.08157515525817871,0.18814897537231445,0.17178845405578613
0.08426308631896973,0.1897425651550293,0.18134045600891113
0.08383655548095703,0.19064927101135254,0.17551541328430176
0.09515714645385742,0.19328951835632324,0.24742341041564941
0.08135700225830078,0.1910233497619629,0.1732943058013916
0.08275341987609863,0.19024348258972168,0.17670297622680664
0.0835411548614502,0.1884756088256836,0.173081636428833
0.08284997940063477,0.1916334629058838,0.17357397079467773
0.08142685890197754,0.18831729888916016,0.17205524444580078
0.08299374580383301,0.1882638931274414,0.17413830757141113
0.08346676826477051,0.18578290939331055,0.17536568641662598
0.08234071731567383,0.19010329246520996,0.18227124214172363
0.08236503601074219,0.19008350372314453,0.17565679550170898
0.08225560188293457,0.19448304176330566,0.17619061470031738
0.08354544639587402,0.19280433654785156,0.17762446403503418
0.08303070068359375,0.18916726112365723,0.17223739624023438
0.08269953727722168,0.18935632705688477,0.17375898361206055
0.08400607109069824,0.18744683265686035,0.17266845703125
0.08141207695007324,0.18773484230041504,0.1727445125579834
0.0829169750213623,0.1879892349243164,0.17338085174560547
0.08518648147583008,0.1871623992919922,0.17286396026611328
0.08254456520080566,0.19390034675598145,0.17313933372497559
0.08268213272094727,0.1904292106628418,0.1728990077972412
0.08214497566223145,0.19300413131713867,0.1752004623413086
0.0818638801574707,0.18867135047912598,0.17624497413635254
0.10599017143249512,0.19603347778320312,0.17337417602539062
0.08300185203552246,0.19087672233581543,0.1725454330444336
0.08285784721374512,0.18740344047546387,0.1734018325805664
0.08240509033203125,0.18856191635131836,0.17312049865722656
0.08284568786621094,0.1852717399597168,0.17302942276000977
0.0817408561706543,0.1890861988067627,0.17371892929077148
0.0813899040222168,0.18781232833862305,0.18109393119812012
0.08216738700866699,0.19103193283081055,0.1745293140411377
0.08388066291809082,0.19001340866088867,0.1897752285003662
0.08254265785217285,0.1922893524169922,0.18065285682678223
0.08431839942932129,0.18849658966064453,0.1742396354675293
0.08335351943969727,0.18798565864562988,0.17311692237854004
0.0821077823638916,0.18792510032653809,0.17471742630004883
0.0846555233001709,0.18724989891052246,0.17339110374450684
0.0819859504699707,0.18776988983154297,0.1756887435913086
0.0830087661743164,0.19071340560913086,0.17318272590637207
0.08182334899902344,0.18688154220581055,0.17481374740600586
0.08334493637084961,0.19420456886291504,0.17479848861694336
0.08359336853027344,0.19098663330078125,0.17533588409423828
0.08313679695129395,0.1986677646636963,0.1750175952911377
0.08164143562316895,0.18842720985412598,0.17377209663391113
0.08250236511230469,0.19457602500915527,0.1736443042755127
0.08376145362854004,0.18999695777893066,0.17385172843933105
0.0822141170501709,0.19797587394714355,0.17431902885437012
0.0827631950378418,0.21097064018249512,0.17429161071777344
0.08265113830566406,0.19036602973937988,0.18036222457885742
0.08329081535339355,0.1988539695739746,0.17545628547668457
0.08327317237854004,0.188737154006958,0.17393803596496582
0.08353734016418457,0.18726110458374023,0.17465686798095703
0.08454704284667969,0.1895127296447754,0.17529797554016113
0.08356261253356934,0.18900752067565918,0.17571330070495605
0.083953857421875,0.1925361156463623,0.17438030242919922
0.0827338695526123,0.1884627342224121,0.18497252464294434
0.08352017402648926,0.19935250282287598,0.18304705619812012
0.08444547653198242,0.1931779384613037,0.17659568786621094
0.0870356559753418,0.1931750774383545,0.17628073692321777
0.08367347717285156,0.18790626525878906,0.17453622817993164
0.08286428451538086,0.1880490779876709,0.17388105392456055
0.08250737190246582,0.18691110610961914,0.17364048957824707
0.0858302116394043,0.1894514560699463,0.17530584335327148
0.09217429161071777,0.18923377990722656,0.18242144584655762
0.08377695083618164,0.18912172317504883,0.17389297485351562
0.08145380020141602,0.18927240371704102,0.17792749404907227
0.08371162414550781,0.18980979919433594,0.1766679286956787
0.08263731002807617,0.1910533905029297,0.18004107475280762
0.08278822898864746,0.1910533905029297,0.17443442344665527
0.08379602432250977,0.19265270233154297,0.1749250888824463
0.08348941802978516,0.18741083145141602,0.17485594749450684
0.08362889289855957,0.1876232624053955,0.17441415786743164
0.08319854736328125,0.1885077953338623,0.17527198791503906
0.08255720138549805,0.19117307662963867,0.1747589111328125
0.08238434791564941,0.19618558883666992,0.17565131187438965
0.08292222023010254,0.19757485389709473,0.1747446060180664
0.08308243751525879,0.1935896873474121,0.17726993560791016
0.08251285552978516,0.1907358169555664,0.17406439781188965
0.08337926864624023,0.1894092559814453,0.17517876625061035
0.08300948143005371,0.18909883499145508,0.17490053176879883
0.08249616622924805,0.18834495544433594,0.17646241188049316
0.08316540718078613,0.18797016143798828,0.1757805347442627
0.08425784111022949,0.1893911361694336,0.17554736137390137
0.0823662281036377,0.19150686264038086,0.17525076866149902
0.0827634334564209,0.1886281967163086,0.1764829158782959
0.08220386505126953,0.19322609901428223,0.17629265785217285
0.08351397514343262,0.19277548789978027,0.17597365379333496
0.08350491523742676,0.19040417671203613,0.17571258544921875
0.08257269859313965,0.19661617279052734,0.17631077766418457
0.0830223560333252,0.187485933303833,0.17469239234924316
0.08496665954589844,0.19208264350891113,0.17490720748901367
0.08304619789123535,0.1891486644744873,0.17449021339416504
0.08328127861022949,0.19117045402526855,0.17471957206726074
0.08213663101196289,0.19175338745117188,0.17514657974243164
0.08407306671142578,0.19034504890441895,0.18416428565979004
0.0830385684967041,0.19350218772888184,0.17461442947387695
0.08422732353210449,0.19494271278381348,0.17803096771240234
0.08291339874267578,0.18991971015930176,0.1785891056060791
0.08276009559631348,0.19253301620483398,0.17495417594909668
0.08164405822753906,0.19014739990234375,0.17493772506713867
0.08311724662780762,0.18932580947875977,0.17562484741210938
0.08241939544677734,0.18944382667541504,0.176544189453125
0.08368659019470215,0.18849539756774902,0.17463183403015137
0.08330488204956055,0.1896495819091797,0.1754131317138672
0.08313965797424316,0.19195342063903809,0.17515277862548828
0.08374547958374023,0.19963860511779785,0.17606186866760254
0.08483099937438965,0.19591331481933594,0.1781604290008545
0.08309173583984375,0.19730377197265625,0.17602896690368652
0.08240437507629395,0.18938612937927246,0.17633605003356934
0.08252429962158203,0.1902923583984375,0.1758432388305664
0.08267903327941895,0.19066905975341797,0.17599153518676758
0.08440470695495605,0.1912548542022705,0.17535948753356934
0.08997893333435059,0.1987597942352295,0.17923879623413086
0.08359742164611816,0.18881750106811523,0.1745898723602295
0.08340334892272949,0.2012641429901123,0.18021106719970703
0.08334803581237793,0.1948530673980713,0.17701339721679688
0.08895158767700195,0.19136404991149902,0.17675256729125977
0.08310389518737793,0.19063043594360352,0.17897677421569824
0.08682131767272949,0.19262957572937012,0.17665505409240723
0.08353948593139648,0.18806791305541992,0.17661380767822266
0.08346867561340332,0.18965649604797363,0.17684102058410645
0.08668065071105957,0.18881630897521973,0.17885708808898926
0.09347915649414062,0.19409465789794922,0.17960715293884277
0.08367514610290527,0.1906602382659912,0.17742204666137695
0.08330273628234863,0.20317506790161133,0.1781940460205078
0.0883340835571289,0.1883680820465088,0.17944908142089844
0.08292603492736816,0.19288992881774902,0.17805862426757812
0.08365583419799805,0.18977689743041992,0.17722797393798828
0.08229684829711914,0.18983173370361328,0.17608308792114258
0.08270883560180664,0.18988704681396484,0.17653322219848633
0.08493375778198242,0.19138669967651367,0.1773545742034912
0.08465456962585449,0.18837571144104004,0.17634081840515137
0.08573317527770996,0.19086980819702148,0.17603611946105957
0.08246684074401855,0.19376015663146973,0.17738008499145508
0.09353995323181152,0.19494295120239258,0.17862248420715332
0.08359837532043457,0.19199061393737793,0.18468379974365234
0.08365917205810547,0.20246338844299316,0.18220257759094238
0.08408880233764648,0.1953890323638916,0.18019986152648926
0.09600830078125,0.19936418533325195,0.17942595481872559
0.08384013175964355,0.18846702575683594,0.17745089530944824
0.08366942405700684,0.18809175491333008,0.17682886123657227
0.08373403549194336,0.18893957138061523,0.17644047737121582
0.08450174331665039,0.18980884552001953,0.17864489555358887
0.08382081985473633,0.19657421112060547,0.1773390769958496
0.08507633209228516,0.1914231777191162,0.1819450855255127
0.08398079872131348,0.1951601505279541,0.17739319801330566
0.08538222312927246,0.19585871696472168,0.19697904586791992
0.09416389465332031,0.20499229431152344,0.18819522857666016
0.08395552635192871,0.2017838954925537,0.18298697471618652
0.08361935615539551,0.19002318382263184,0.17900776863098145
0.0894923210144043,0.19041180610656738,0.1804037094116211
0.09368228912353516,0.18980097770690918,0.1806027889251709
0.09590268135070801,0.19123125076293945,0.17977499961853027
0.08595490455627441,0.19075512886047363,0.17903494834899902
0.0861501693725586,0.19053912162780762,0.1781606674194336
0.08508419990539551,0.20095348358154297,0.1780390739440918
0.08611488342285156,0.19185328483581543,0.17813706398010254
0.08385848999023438,0.19144582748413086,0.1807858943939209
0.0852518081665039,0.19460582733154297,0.18170475959777832
0.09768438339233398,0.19282317161560059,0.19741010665893555
0.08539795875549316,0.19983124732971191,0.19565749168395996
0.08300280570983887,0.19939398765563965,0.19783329963684082
0.08425593376159668,0.1934053897857666,0.19322514533996582
0.08770871162414551,0.19602632522583008,0.18846988677978516
0.08357095718383789,0.1997389793395996,0.18320941925048828
0.08400845527648926,0.18998384475708008,0.18143749237060547
0.08430004119873047,0.19378185272216797,0.1814892292022705
0.08457446098327637,0.19134044647216797,0.18254876136779785
0.08651137351989746,0.19053196907043457,0.18149232864379883
0.08481621742248535,0.19303035736083984,0.18116235733032227
0.08418130874633789,0.19598698616027832,0.18295526504516602
0.08360743522644043,0.189988374710083,0.17940878868103027
0.08314895629882812,0.19315123558044434,0.18333673477172852
0.08741211891174316,0.1950387954711914,0.1795802116394043
0.08412361145019531,0.20122456550598145,0.1813828945159912
0.0838785171508789,0.19031620025634766,0.180894136428833
0.08754754066467285,0.19388961791992188,0.18508172035217285
0.08280181884765625,0.19127845764160156,0.18749022483825684
0.08769917488098145,0.19165563583374023,0.18665719032287598
0.09098148345947266,0.18984198570251465,0.185624361038208
0.08855533599853516,0.19220328330993652,0.19083952903747559
0.0827324390411377,0.19376587867736816,0.18333888053894043
0.08468747138977051,0.19101619720458984,0.1846168041229248
0.08255147933959961,0.1913166046142578,0.1844789981842041
0.08535575866699219,0.1933598518371582,0.18698811531066895
0.09541988372802734,0.1919536590576172,0.1839892864227295
0.1029360294342041,0.19379234313964844,0.18593406677246094
0.10037589073181152,0.20588088035583496,0.182969331741333
0.08362436294555664,0.19268035888671875,0.18032193183898926
0.08375358581542969,0.19432306289672852,0.18997573852539062
0.08380389213562012,0.19255781173706055,0.18962383270263672
0.0882575511932373,0.19573593139648438,0.19457483291625977
0.08328008651733398,0.19753432273864746,0.1919713020324707
0.10684585571289062,0.20839452743530273,0.20812106132507324
0.08408999443054199,0.20487093925476074,0.185499906539917
0.08447909355163574,0.1900320053100586,0.18480372428894043
0.08543014526367188,0.19206976890563965,0.18372488021850586
0.08500981330871582,0.20191550254821777,0.18864011764526367
0.08363080024719238,0.20144391059875488,0.1881117820739746
0.08427715301513672,0.1895744800567627,0.18974828720092773
0.09299325942993164,0.19199752807617188,0.1799781322479248
0.0846245288848877,0.18978643417358398,0.1785600185394287
0.08426499366760254,0.19450807571411133,0.17816472053527832
0.08310508728027344,0.19112396240234375,0.1801767349243164
0.08355045318603516,0.19214129447937012,0.18569445610046387
0.0863809585571289,0.19069385528564453,0.19214296340942383
0.08407258987426758,0.1932666301727295,0.1908409595489502
0.08902978897094727,0.19144034385681152,0.2026376724243164
0.08560395240783691,0.1928730010986328,0.19018888473510742
0.08352828025817871,0.20240521430969238,0.20080232620239258
0.08315181732177734,0.19233393669128418,0.18945622444152832
0.0846409797668457,0.19082427024841309,0.19626903533935547
0.08311343193054199,0.19051218032836914,0.1897282600402832
0.08412742614746094,0.1904137134552002,0.19425392150878906
0.08463311195373535,0.19072771072387695,0.20404696464538574
0.08410859107971191,0.19250011444091797,0.19014906883239746
0.08386921882629395,0.19861388206481934,0.1918182373046875
0.08321642875671387,0.1918354034423828,0.19469118118286133
0.08391952514648438,0.19333577156066895,0.18930435180664062
0.08871936798095703,0.1906147003173828,0.19219064712524414
0.08404159545898438,0.19315266609191895,0.1907639503479004
0.08422255516052246,0.19152069091796875,0.21245288848876953
0.08355474472045898,0.19333171844482422,0.19025611877441406
0.08292746543884277,0.19312238693237305,0.19342374801635742
0.08412027359008789,0.20267510414123535,0.19047021865844727
0.08586478233337402,0.19225215911865234,0.1911005973815918
0.08386659622192383,0.19353485107421875,0.1945507526397705
0.0841982364654541,0.20539140701293945,0.19059133529663086
0.08446025848388672,0.1936202049255371,0.19236493110656738
0.08495926856994629,0.19388055801391602,0.19077706336975098
0.08769917488098145,0.1929163932800293,0.20625662803649902
0.08324718475341797,0.20854902267456055,0.19008898735046387
0.0843343734741211,0.19321012496948242,0.1934642791748047
0.08528614044189453,0.1910996437072754,0.1946704387664795
0.09359264373779297,0.19193458557128906,0.19380450248718262
0.08548784255981445,0.1967918872833252,0.17857861518859863
0.08467626571655273,0.21398186683654785,0.20917320251464844
0.08404064178466797,0.19302749633789062,0.1909935474395752
0.08293890953063965,0.20039868354797363,0.18378996849060059
0.08407449722290039,0.19340133666992188,0.17979121208190918
0.0991978645324707,0.19400763511657715,0.18753957748413086
0.0840766429901123,0.19041991233825684,0.19080471992492676
0.0842127799987793,0.19245600700378418,0.19356346130371094
0.0937814712524414,0.19055390357971191,0.1976304054260254
0.09195756912231445,0.195143461227417,0.20570850372314453
0.0850522518157959,0.19462227821350098,0.20092225074768066
0.0849905014038086,0.1939408779144287,0.193526029586792
0.08411574363708496,0.19447565078735352,0.1939713954925537
0.08785176277160645,0.19424200057983398,0.1945502758026123
0.08347845077514648,0.19149398803710938,0.1948087215423584
0.0859832763671875,0.19282054901123047,0.2022838592529297
0.08441543579101562,0.1923680305480957,0.19387054443359375
0.08281445503234863,0.19721579551696777,0.1949625015258789
0.08643770217895508,0.1914510726928711,0.19301128387451172
0.09022974967956543,0.19434738159179688,0.19766497611999512
0.08655667304992676,0.1919708251953125,0.19545221328735352
0.08376693725585938,0.19341754913330078,0.19639968872070312
0.08280730247497559,0.19298815727233887,0.19383716583251953
0.08414959907531738,0.19532465934753418,0.19643282890319824
0.08288145065307617,0.19196677207946777,0.19565296173095703
0.08706068992614746,0.19239091873168945,0.19449949264526367
0.08366942405700684,0.19321393966674805,0.2056872844696045
0.08442091941833496,0.19403576850891113,0.19396567344665527
0.08369684219360352,0.1926746368408203,0.19220304489135742
0.08880925178527832,0.20246028900146484,0.19383692741394043
0.08363771438598633,0.1917867660522461,0.19382286071777344
0.0859067440032959,0.19609928131103516,0.19645905494689941
0.08463573455810547,0.19254803657531738,0.1938314437866211
0.08542156219482422,0.1944284439086914,0.18458104133605957
0.08435535430908203,0.19565534591674805,0.18213939666748047
0.08437824249267578,0.19328927993774414,0.1885991096496582
0.08397793769836426,0.19226455688476562,0.19205570220947266
0.08598065376281738,0.19128966331481934,0.19382786750793457
0.08748865127563477,0.19418692588806152,0.1966392993927002
0.08584380149841309,0.19246768951416016,0.19760751724243164
0.08452439308166504,0.19488835334777832,0.1934666633605957
0.08452558517456055,0.19206953048706055,0.19522762298583984
0.08516335487365723,0.19246292114257812,0.19530892372131348
0.0847923755645752,0.19248151779174805,0.19429254531860352
0.10219264030456543,0.19519925117492676,0.1954948902130127
0.08488798141479492,0.1940469741821289,0.19480156898498535
0.08598995208740234,0.19373583793640137,0.1969597339630127
0.08328771591186523,0.19170355796813965,0.19556784629821777
0.08887624740600586,0.19257473945617676,0.19427227973937988
0.08488798141479492,0.19310212135314941,0.19445466995239258
0.08695340156555176,0.19201350212097168,0.19527578353881836
0.08544683456420898,0.19257855415344238,0.1959991455078125
0.0923914909362793,0.2021167278289795,0.19529223442077637
0.08285331726074219,0.1901545524597168,0.19437170028686523
0.08332419395446777,0.19406938552856445,0.194380521774292
0.08684921264648438,0.19049811363220215,0.19389605522155762
0.08650445938110352,0.1931753158569336,0.19486021995544434
0.08661079406738281,0.20237040519714355,0.1970829963684082
0.08353686332702637,0.19299030303955078,0.19356584548950195
0.0856316089630127,0.19161272048950195,0.1933884620666504
0.08598661422729492,0.1905810832977295,0.19297504425048828
0.0865943431854248,0.19368410110473633,0.1937878131866455
0.08726835250854492,0.20298218727111816,0.20949721336364746
0.08494305610656738,0.19446063041687012,0.18959856033325195
0.08396673202514648,0.19128918647766113,0.1845083236694336
0.0861811637878418,0.1921076774597168,0.18282437324523926
0.08484578132629395,0.19431328773498535,0.1859896183013916
0.08361029624938965,0.19699764251708984,0.1904613971710205
0.08473992347717285,0.1934342384338379,0.19333934783935547
0.08506059646606445,0.19384288787841797,0.196183443069458
0.08609795570373535,0.1930243968963623,0.19774723052978516
0.08545613288879395,0.1933879852294922,0.19386935234069824
0.08317971229553223,0.20175909996032715,0.1936047077178955
0.08659911155700684,0.19155359268188477,0.19385504722595215
0.08568787574768066,0.1924571990966797,0.195021390914917
0.08550596237182617,0.19197893142700195,0.19641971588134766
0.08460307121276855,0.19713139533996582,0.19362974166870117
0.08473515510559082,0.1915416717529297,0.19615483283996582
0.08533358573913574,0.19411301612854004,0.1939990520477295
0.08303380012512207,0.19167017936706543,0.19600129127502441
0.0850071907043457,0.19275450706481934,0.19993972778320312
0.08471560478210449,0.19082999229431152,0.19483542442321777
0.08409285545349121,0.19540119171142578,0.19289875030517578
0.08656573295593262,0.19485735893249512,0.19605064392089844
0.08498334884643555,0.1967155933380127,0.19437456130981445
0.08579826354980469,0.19095611572265625,0.21236634254455566
0.08502960205078125,0.19699788093566895,0.19323062896728516
0.08741235733032227,0.20534610748291016,0.1960463523864746
0.0845344066619873,0.19253301620483398,0.19265365600585938
0.08558225631713867,0.1925344467163086,0.19583845138549805
0.08405137062072754,0.19572830200195312,0.19777441024780273
0.08562254905700684,0.19172954559326172,0.19594073295593262
0.08389735221862793,0.1981804370880127,0.19504594802856445
0.08398747444152832,0.19167637825012207,0.19499492645263672
0.08428311347961426,0.1934986114501953,0.19469308853149414
0.08591675758361816,0.19319748878479004,0.2086021900177002
0.08590292930603027,0.19237446784973145,0.18465566635131836
0.0865473747253418,0.1951436996459961,0.18875789642333984
0.08390593528747559,0.199845552444458,0.1984255313873291
0.08629536628723145,0.19648480415344238,0.1991257667541504
0.08433890342712402,0.1958765983581543,0.2037825584411621
0.08596992492675781,0.19475030899047852,0.19636988639831543
0.08540701866149902,0.20044255256652832,0.1792452335357666
0.08401179313659668,0.20372462272644043,0.1919112205505371
0.08727812767028809,0.1986093521118164,0.18584370613098145
0.08592820167541504,0.1965489387512207,0.19301366806030273
0.08628487586975098,0.19164299964904785,0.19099640846252441
0.08876323699951172,0.19603490829467773,0.1998305320739746
0.08431124687194824,0.19202804565429688,0.19411563873291016
0.08504438400268555,0.19498181343078613,0.19799327850341797
0.08470964431762695,0.19432663917541504,0.19773626327514648
0.08477210998535156,0.19480586051940918,0.20056438446044922
0.09531331062316895,0.19405007362365723,0.19629693031311035
0.08664512634277344,0.1939096450805664,0.19737792015075684
0.08591198921203613,0.1936936378479004,0.1966695785522461
0.08340740203857422,0.1942729949951172,0.19773483276367188
0.0846872329711914,0.19359040260314941,0.19879961013793945
0.09075284004211426,0.192108154296875,0.20524024963378906
0.08464288711547852,0.19340276718139648,0.19632816314697266
0.08372068405151367,0.19350433349609375,0.19514060020446777
0.08705949783325195,0.20688676834106445,0.1940298080444336
0.08529138565063477,0.19202184677124023,0.1937408447265625
0.09700894355773926,0.194122314453125,0.1943056583404541
0.0845034122467041,0.19451045989990234,0.19265198707580566
0.0867624282836914,0.19347882270812988,0.1924283504486084
0.08619284629821777,0.19337201118469238,0.19205331802368164
0.08507990837097168,0.2033402919769287,0.18529129028320312
0.08374834060668945,0.19448041915893555,0.18713164329528809
0.08447384834289551,0.1981642246246338,0.1835031509399414
0.08619499206542969,0.19565463066101074,0.18532776832580566
0.08381223678588867,0.19980144500732422,0.18617033958435059
0.084716796875,0.19352054595947266,0.18715786933898926
0.08701300621032715,0.19474434852600098,0.1894378662109375
0.08532428741455078,0.19361209869384766,0.1995398998260498
0.08548474311828613,0.19598007202148438,0.18315887451171875
0.08449912071228027,0.19583964347839355,0.19251656532287598
0.08288192749023438,0.20351696014404297,0.19251346588134766
0.08406376838684082,0.20422983169555664,0.18853282928466797
0.08450698852539062,0.19948244094848633,0.19156956672668457
0.08624505996704102,0.19501113891601562,0.19022512435913086
0.08510923385620117,0.19827508926391602,0.18450117111206055
0.08546590805053711,0.19415926933288574,0.18427538871765137
0.08566093444824219,0.1955413818359375,0.18258976936340332
0.08432555198669434,0.1930389404296875,0.18329477310180664
0.08478283882141113,0.19298291206359863,0.18306732177734375
0.08755779266357422,0.1966695785522461,0.17911243438720703
0.08484315872192383,0.20532464981079102,0.18181920051574707
0.08461260795593262,0.19255971908569336,0.1849958896636963
0.08462333679199219,0.19548821449279785,0.18308115005493164
0.08566069602966309,0.19894123077392578,0.18160200119018555
0.08640503883361816,0.19519281387329102,0.177581787109375
0.08365797996520996,0.19329476356506348,0.18016719818115234
0.08543872833251953,0.20921850204467773,0.1827552318572998
0.08297467231750488,0.19548535346984863,0.18764686584472656
0.09009051322937012,0.20004582405090332,0.18470406532287598
0.08597517013549805,0.1978588104248047,0.18757081031799316
0.08739590644836426,0.2025146484375,0.18778419494628906
0.09061217308044434,0.1931629180908203,0.18837881088256836
0.08486795425415039,0.19746947288513184,0.18712949752807617
0.08379006385803223,0.19474101066589355,0.1912541389465332
0.08719038963317871,0.19473028182983398,0.1981520652770996
0.08653664588928223,0.19260668754577637,0.18613409996032715
0.08418154716491699,0.1953117847442627,0.19772791862487793
0.08618450164794922,0.20129847526550293,0.19620609283447266
0.0864858627319336,0.19528460502624512,0.18990015983581543
0.0852503776550293,0.20231294631958008,0.1950671672821045
0.0853123664855957,0.19994187355041504,0.19679808616638184
0.08565020561218262,0.21563458442687988,0.19112610816955566
0.08331441879272461,0.19820737838745117,0.18874764442443848
0.08522486686706543,0.197371244430542,0.18656229972839355
0.08562684059143066,0.20376276969909668,0.18865442276000977
0.08562302589416504,0.19559240341186523,0.18646502494812012
0.08574986457824707,0.19588875770568848,0.18393325805664062
0.08713293075561523,0.19573187828063965,0.18179702758789062
0.08594942092895508,0.19863414764404297,0.18598103523254395
0.08301949501037598,0.1941077709197998,0.186354398727417
0.0847313404083252,0.19482970237731934,0.18695735931396484
0.0853872299194336,0.1940906047821045,0.1988680362701416
0.0843966007232666,0.19501066207885742,0.18442654609680176
0.08745145797729492,0.2036435604095459,0.18753671646118164
0.08443307876586914,0.19265317916870117,0.1821427345275879
0.08470273017883301,0.20057106018066406,0.17918634414672852
0.08522629737854004,0.19687581062316895,0.18357467651367188
0.08630609512329102,0.1980571746826172,0.1806166172027588
0.08890247344970703,0.19296693801879883,0.18087077140808105
0.08493542671203613,0.19454216957092285,0.18713068962097168
0.08621811866760254,0.1968374252319336,0.19205307960510254
0.08402299880981445,0.19619131088256836,0.19408035278320312
0.08826017379760742,0.1975085735321045,0.19237685203552246
0.08424496650695801,0.1986222267150879,0.19670915603637695
0.0831303596496582,0.19753718376159668,0.18998169898986816
0.08533430099487305,0.1970374584197998,0.1914048194885254
0.08406448364257812,0.19618964195251465,0.19057917594909668
0.08584141731262207,0.20538687705993652,0.19167685508728027
0.08384871482849121,0.19690418243408203,0.2016313076019287
0.0853278636932373,0.19347047805786133,0.1987621784210205
0.08412480354309082,0.19790196418762207,0.19135808944702148
0.09107542037963867,0.20351409912109375,0.19193577766418457
0.09275531768798828,0.19665741920471191,0.20313739776611328
0.08609986305236816,0.19411444664001465,0.19124102592468262
0.0854034423828125,0.19614839553833008,0.19385409355163574
0.08550500869750977,0.19744181632995605,0.19546031951904297
0.08624982833862305,0.19657373428344727,0.2093355655670166
0.08558464050292969,0.20414066314697266,0.19093990325927734
0.08545184135437012,0.19953083992004395,0.20885181427001953
0.08406996726989746,0.20195746421813965,0.19140052795410156
0.09059023857116699,0.20233416557312012,0.20760059356689453
0.08296895027160645,0.20663881301879883,0.1978304386138916
0.09278368949890137,0.19795846939086914,0.20099258422851562
0.08315515518188477,0.20667624473571777,0.1794452667236328
0.08443570137023926,0.19776630401611328,0.18355989456176758
0.0861966609954834,0.1976006031036377,0.17785024642944336
0.08652305603027344,0.19669413566589355,0.18231797218322754
0.08615279197692871,0.19707775115966797,0.18715715408325195
0.08508110046386719,0.19592070579528809,0.19249176979064941
0.08474326133728027,0.2090137004852295,0.1941392421722412
0.08364319801330566,0.194352388381958,0.20275521278381348
0.08542513847351074,0.19518494606018066,0.19518756866455078
0.08434605598449707,0.1942577362060547,0.19458818435668945
0.08538198471069336,0.19893097877502441,0.19414758682250977
0.08647465705871582,0.1949174404144287,0.19321870803833008
0.08321499824523926,0.19732117652893066,0.20478081703186035
0.08484959602355957,0.19638633728027344,0.19370007514953613
0.08646774291992188,0.19644951820373535,0.1949620246887207
0.09278416633605957,0.19565033912658691,0.19260931015014648
0.0840303897857666,0.19652605056762695,0.19426202774047852
0.08546137809753418,0.1958777904510498,0.20366692543029785
0.08558177947998047,0.19790911674499512,0.19358110427856445
0.08598875999450684,0.19551658630371094,0.19385766983032227
0.09723424911499023,0.20743560791015625,0.19302630424499512
0.08661627769470215,0.19612693786621094,0.19424867630004883
0.08952093124389648,0.19736194610595703,0.19391942024230957
0.08623695373535156,0.19398880004882812,0.19471359252929688
0.08404541015625,0.19808721542358398,0.20135188102722168
0.08417987823486328,0.20688629150390625,0.19972467422485352
0.08456015586853027,0.2039947509765625,0.18521428108215332
0.08491206169128418,0.19369769096374512,0.18021798133850098
0.08779740333557129,0.19511079788208008,0.18032264709472656
0.08693313598632812,0.19525933265686035,0.184844970703125
0.1016383171081543,0.19701266288757324,0.19285106658935547
0.08713674545288086,0.19507694244384766,0.19410324096679688
0.0854184627532959,0.1985318660736084,0.1934347152709961
0.0886843204498291,0.19614958763122559,0.19431185722351074
0.08815670013427734,0.19924354553222656,0.19356036186218262
0.09003067016601562,0.19930171966552734,0.1945638656616211
0.08595824241638184,0.1997668743133545,0.2039318084716797
0.08781623840332031,0.19425415992736816,0.19449734687805176
0.08552145957946777,0.1972498893737793,0.19545936584472656
0.08659958839416504,0.19229817390441895,0.193800687789917
0.08907580375671387,0.19571948051452637,0.19712519645690918
0.10881996154785156,0.19517302513122559,0.19467496871948242
0.08513617515563965,0.19855070114135742,0.1966400146484375
0.08632516860961914,0.19564175605773926,0.1941070556640625
0.0854637622833252,0.19888687133789062,0.19742369651794434
0.08861184120178223,0.1961805820465088,0.19445085525512695
0.08726906776428223,0.1983785629272461,0.20120501518249512
0.08832573890686035,0.19608521461486816,0.1937873363494873
0.08970355987548828,0.2009570598602295,0.20383858680725098
0.08789944648742676,0.19906115531921387,0.19362139701843262
0.08742737770080566,0.19916248321533203,0.19701886177062988
0.08707284927368164,0.20690631866455078,0.1958770751953125
0.09012126922607422,0.20149803161621094,0.21851086616516113
0.08560395240783691,0.20718097686767578,0.19513320922851562
0.08707785606384277,0.1986098289489746,0.184584379196167
0.09353065490722656,0.19521760940551758,0.18769478797912598
0.0902857780456543,0.20386624336242676,0.19099855422973633
0.08883547782897949,0.20040655136108398,0.18704891204833984
0.08712172508239746,0.19838356971740723,0.18986940383911133
0.08782196044921875,0.19431734085083008,0.19223666191101074
0.08831286430358887,0.1986997127532959,0.19757509231567383
0.08562541007995605,0.1984095573425293,0.2092294692993164
0.0958249568939209,0.20092511177062988,0.1981515884399414
0.08698272705078125,0.20011115074157715,0.1956641674041748
0.08564114570617676,0.2025737762451172,0.2003159523010254
0.08838105201721191,0.19483017921447754,0.19777202606201172
0.08979392051696777,0.1969895362854004,0.19931578636169434
0.08727359771728516,0.19347929954528809,0.20648670196533203
0.1041264533996582,0.20140790939331055,0.1938917636871338
0.08611631393432617,0.19813060760498047,0.19634270668029785
0.0935206413269043,0.20634794235229492,0.19333434104919434
0.08590102195739746,0.19599175453186035,0.19332575798034668
0.08708310127258301,0.19852471351623535,0.19501256942749023
0.089019775390625,0.19988179206848145,0.19313764572143555
0.08687424659729004,0.20125508308410645,0.19295811653137207
0.08854150772094727,0.19844818115234375,0.1933581829071045
0.08811211585998535,0.19872403144836426,0.19630980491638184
0.09778332710266113,0.19720911979675293,0.20671319961547852
0.08640670776367188,0.19841957092285156,0.18754339218139648
0.08676338195800781,0.19866418838500977,0.1884322166442871
0.08599019050598145,0.20325779914855957,0.18570780754089355
0.08557915687561035,0.20435309410095215,0.1910381317138672
0.08896684646606445,0.19805073738098145,0.1938002109527588
0.08926510810852051,0.2092723846435547,0.18453407287597656
0.09052085876464844,0.19713926315307617,0.18610739707946777
0.08844685554504395,0.19632196426391602,0.18795466423034668
0.0883951187133789,0.19892334938049316,0.1857616901397705
0.08961200714111328,0.1960153579711914,0.18574047088623047
0.0868673324584961,0.19814825057983398,0.18508052825927734
0.08387279510498047,0.20284199714660645,0.18748164176940918
0.08590245246887207,0.19531631469726562,0.18482232093811035
0.08664560317993164,0.19757676124572754,0.18387961387634277
0.08773565292358398,0.20160484313964844,0.1891310214996338
0.0848085880279541,0.20690083503723145,0.18649840354919434
0.08844780921936035,0.19657540321350098,0.19594693183898926
0.08823800086975098,0.1972806453704834,0.18917131423950195
0.09684920310974121,0.19645929336547852,0.18799757957458496
0.08808708190917969,0.20504069328308105,0.18430709838867188
0.08569073677062988,0.19889497756958008,0.18745064735412598
0.0912015438079834,0.19898462295532227,0.18399858474731445
0.08704090118408203,0.19559836387634277,0.18294644355773926
0.08707737922668457,0.19643902778625488,0.18268513679504395
0.0888218879699707,0.1947154998779297,0.19000840187072754
0.08764171600341797,0.19725656509399414,0.18601679801940918
0.08748340606689453,0.19517779350280762,0.19348526000976562
0.08889651298522949,0.21543383598327637,0.18163490295410156
0.08707213401794434,0.20021867752075195,0.18812084197998047
0.09361886978149414,0.19791531562805176,0.18901348114013672
0.10189223289489746,0.19902586936950684,0.18451380729675293
0.08550477027893066,0.19812560081481934,0.17776894569396973
0.08557558059692383,0.20135211944580078,0.18724489212036133
0.08396387100219727,0.19927358627319336,0.18102812767028809
0.0871286392211914,0.20072126388549805,0.18593955039978027
0.0877072811126709,0.2021350860595703,0.18919610977172852
0.08994078636169434,0.1997058391571045,0.18979263305664062
0.08926272392272949,0.20284080505371094,0.19043540954589844
0.08751749992370605,0.2027759552001953,0.2017383575439453
0.08819866180419922,0.2072124481201172,0.20920205116271973
0.0856471061706543,0.20224332809448242,0.1996300220489502
0.08759617805480957,0.20430660247802734,0.19727492332458496
0.08992719650268555,0.1978909969329834,0.1907026767730713
0.09042167663574219,0.20571041107177734,0.19168686866760254
0.08824658393859863,0.19741320610046387,0.18999624252319336
0.08743810653686523,0.1983485221862793,0.19300270080566406
0.0853874683380127,0.19835686683654785,0.19137144088745117
0.0895700454711914,0.1980876922607422,0.20113897323608398
0.08733129501342773,0.1983199119567871,0.1895735263824463
0.08604025840759277,0.19925308227539062,0.19184422492980957
0.0882101058959961,0.1962132453918457,0.19023799896240234
0.08775043487548828,0.2017078399658203,0.1931169033050537
0.09053206443786621,0.2088758945465088,0.19258856773376465
0.08623528480529785,0.19918155670166016,0.191925048828125
0.08520007133483887,0.1980423927307129,0.1918637752532959
0.0862882137298584,0.20007848739624023,0.19217300415039062
0.08692312240600586,0.19891023635864258,0.19205379486083984
0.08742761611938477,0.21398615837097168,0.1981363296508789
0.08775973320007324,0.2066359519958496,0.19329333305358887
0.0888516902923584,0.20496654510498047,0.20177793502807617
0.08875894546508789,0.19506287574768066,0.19235849380493164
0.08833146095275879,0.19523358345031738,0.1908276081085205
0.08788681030273438,0.20563077926635742,0.19243431091308594
0.08726882934570312,0.19282150268554688,0.19085335731506348
0.08684563636779785,0.19230198860168457,0.19251227378845215
0.08849072456359863,0.1939561367034912,0.19352984428405762
0.09372806549072266,0.19359421730041504,0.19625210762023926
0.09097647666931152,0.19652152061462402,0.1984846591949463
0.08789300918579102,0.1940929889678955,0.1998424530029297
0.0878150463104248,0.19449496269226074,0.19250154495239258
0.08698153495788574,0.19560694694519043,0.19152307510375977
0.09984278678894043,0.1998889446258545,0.19732213020324707
0.08681058883666992,0.2013239860534668,0.1923065185546875
0.08643770217895508,0.200577974319458,0.19372892379760742
0.08613443374633789,0.1972520351409912,0.19268226623535156
0.0856468677520752,0.20192432403564453,0.19458580017089844
0.08769941329956055,0.20640802383422852,0.19401955604553223
0.0861515998840332,0.19739651679992676,0.19526290893554688
0.08948826789855957,0.19692516326904297,0.20479440689086914
0.09641194343566895,0.20277976989746094,0.1986408233642578
0.09804272651672363,0.19985556602478027,0.19417810440063477
0.08738970756530762,0.20063495635986328,0.19539141654968262
0.08743023872375488,0.20200562477111816,0.19247007369995117
0.0877065658569336,0.197418212890625,0.1959519386291504
0.08681225776672363,0.2005631923675537,0.193406343460083
0.0863192081451416,0.20126843452453613,0.19658803939819336
0.08606147766113281,0.2071552276611328,0.2135918140411377
0.09254908561706543,0.20856189727783203,0.18824148178100586
0.0866239070892334,0.20472145080566406,0.18764543533325195
0.0906829833984375,0.19815826416015625,0.19162297248840332
0.08833169937133789,0.2118091583251953,0.18405985832214355
0.08829236030578613,0.20002102851867676,0.18569016456604004
0.08777713775634766,0.19603276252746582,0.20097947120666504
0.11006593704223633,0.20017099380493164,0.19497036933898926
0.08525705337524414,0.19725823402404785,0.19524931907653809
0.09163331985473633,0.19762611389160156,0.21037983894348145
0.0852198600769043,0.2063758373260498,0.19121313095092773
0.08440780639648438,0.20210909843444824,0.18688273429870605
0.08848309516906738,0.19970083236694336,0.1888124942779541
0.09061694145202637,0.20239591598510742,0.1946854591369629
0.08942484855651855,0.2041475772857666,0.194627046585083
0.08732843399047852,0.20697641372680664,0.19690895080566406
0.08587074279785156,0.20070457458496094,0.1976487636566162
0.08673667907714844,0.2032773494720459,0.19583678245544434
0.08584237098693848,0.20482444763183594,0.1977555751800537
0.08788204193115234,0.20519018173217773,0.18936419486999512
0.08902525901794434,0.19779467582702637,0.18257474899291992
0.10154271125793457,0.19678044319152832,0.18774151802062988
0.08841180801391602,0.19988608360290527,0.1902761459350586
0.08771419525146484,0.19960284233093262,0.19140839576721191
0.08638405799865723,0.20045065879821777,0.1889786720275879
0.08616089820861816,0.2012312412261963,0.19175457954406738
0.09074187278747559,0.1994788646697998,0.19230008125305176
0.09487724304199219,0.20537734031677246,0.18866991996765137
0.08501291275024414,0.19668316841125488,0.18903684616088867
0.08625054359436035,0.20314431190490723,0.1912081241607666
0.08834528923034668,0.19889092445373535,0.1925826072692871
0.08995223045349121,0.2012171745300293,0.18924832344055176
0.08758902549743652,0.21047735214233398,0.19501399993896484
0.09790897369384766,0.20168828964233398,0.1927783489227295
0.08843040466308594,0.2002706527709961,0.18998456001281738
0.08788800239562988,0.20006179809570312,0.18465948104858398
0.08727049827575684,0.19964838027954102,0.18748712539672852
0.0963125228881836,0.20057153701782227,0.19705486297607422
0.08718228340148926,0.19675302505493164,0.18440866470336914
0.0914301872253418,0.20358896255493164,0.18376541137695312
0.0963294506072998,0.18906188011169434,0.18636274337768555
