1662757756409653663 0.05749249458312988
1662757756455172061 0.04086756706237793
1662757756499223947 0.04071187973022461
1662757756542754888 0.04032707214355469
1662757756586210012 0.040131568908691406
1662757756629872560 0.040146589279174805
1662757756673768281 0.0402989387512207
1662757756717370033 0.03492426872253418
1662757756761103153 0.03443765640258789
1662757756804542779 0.03438735008239746
1662757756848338127 0.03415513038635254
1662757756891954898 0.034464120864868164
1662757756935411453 0.03446841239929199
1662757756978846788 0.034546613693237305
1662757757022496461 0.035033226013183594
1662757757066006898 0.034754276275634766
1662757757109649896 0.034390926361083984
1662757757153408527 0.03441429138183594
1662757757196800231 0.03471255302429199
1662757757240389108 0.034729957580566406
1662757757283919095 0.03477644920349121
1662757757327378273 0.034880638122558594
1662757757370950460 0.03456878662109375
1662757757414729833 0.03408932685852051
1662757757458410501 0.034453630447387695
1662757757502018451 0.03439140319824219
1662757757545832157 0.034461021423339844
1662757757589664936 0.034583091735839844
1662757757633237361 0.03473830223083496
1662757757676615238 0.03420424461364746
1662757757720296144 0.034049034118652344
1662757757763988733 0.03391385078430176
1662757757807501792 0.034417152404785156
1662757757850855827 0.03524899482727051
1662757757894355535 0.03514814376831055
1662757757938001871 0.03497767448425293
1662757757981334686 0.03445768356323242
1662757758024774074 0.03399181365966797
1662757758068136930 0.03446245193481445
1662757758111753702 0.034698486328125
1662757758155276775 0.03463411331176758
1662757758198477506 0.0345461368560791
1662757758242142677 0.03481936454772949
1662757758285647392 0.034790754318237305
1662757758329031229 0.03452706336975098
1662757758372552156 0.03413867950439453
1662757758415945529 0.034281015396118164
1662757758459300041 0.03476357460021973
1662757758502796173 0.034508466720581055
1662757758546230554 0.03493213653564453
1662757758589797258 0.035172224044799805
1662757758633231163 0.03470659255981445
1662757758676723718 0.03463315963745117
1662757758720193386 0.03438735008239746
1662757758763532876 0.03474855422973633
1662757758807077884 0.03465533256530762
1662757758850604534 0.03493618965148926
1662757758894154787 0.03495025634765625
1662757758937731504 0.03466391563415527
1662757758981131553 0.03435063362121582
1662757759024716615 0.0341486930847168
1662757759068149805 0.03435516357421875
1662757759111771821 0.03438377380371094
1662757759155189752 0.03479933738708496
1662757759198626995 0.03476071357727051
1662757759242357254 0.03472423553466797
1662757759285992622 0.034397125244140625
1662757759329686164 0.03428506851196289
1662757759373169183 0.0346376895904541
1662757759416943550 0.03445696830749512
1662757759460388183 0.034494876861572266
1662757759503689289 0.034384727478027344
1662757759547231912 0.03447723388671875
1662757759590534925 0.03430032730102539
1662757759634116649 0.03432035446166992
1662757759677635431 0.03465461730957031
1662757759721154212 0.03445291519165039
1662757759764655113 0.03470873832702637
1662757759808217763 0.03464627265930176
1662757759851737022 0.03491663932800293
1662757759895371675 0.03434443473815918
1662757759938862323 0.034314870834350586
1662757759982243299 0.034544944763183594
1662757760025834321 0.0350956916809082
1662757760069261789 0.035202741622924805
1662757760112769842 0.035141706466674805
1662757760156194210 0.03455471992492676
1662757760199746370 0.0344393253326416
1662757760243285655 0.034281253814697266
1662757760286731958 0.03444337844848633
1662757760331143140 0.0342555046081543
1662757760376037836 0.03469395637512207
1662757760419136762 0.034523963928222656
1662757760462203025 0.03439593315124512
1662757760505258321 0.03405570983886719
1662757760548357009 0.03406977653503418
1662757760591112852 0.034566640853881836
1662757760634245872 0.034490346908569336
1662757760677213668 0.03437161445617676
1662757760720368862 0.03451943397521973
1662757760763410091 0.0343475341796875
1662757760806441068 0.03405880928039551
1662757760849624395 0.03379964828491211
1662757760892589092 0.03419828414916992
1662757760935720443 0.03411364555358887
1662757760979003190 0.03406047821044922
1662757761022176265 0.034555912017822266
1662757761065490007 0.034981489181518555
1662757761108911991 0.03513312339782715
1662757761152055740 0.03404498100280762
1662757761195326089 0.03414154052734375
1662757761238631248 0.03415179252624512
1662757761282051324 0.034357309341430664
1662757761325103044 0.03420281410217285
1662757761367973566 0.03440213203430176
1662757761411343097 0.035253286361694336
1662757761454471588 0.034093618392944336
1662757761497761011 0.03358817100524902
1662757761541050434 0.03389573097229004
1662757761584486246 0.03420305252075195
1662757761628206491 0.034169912338256836
1662757761671784400 0.034377336502075195
1662757761715323686 0.034372568130493164
1662757761758615970 0.034531593322753906
1662757761802140712 0.03451108932495117
1662757761845872879 0.0341336727142334
1662757761889137744 0.03441810607910156
1662757761932460784 0.03438997268676758
1662757761975756406 0.034795284271240234
1662757762019324302 0.03482174873352051
1662757762062806129 0.03460550308227539
1662757762106486082 0.03450202941894531
1662757762150002956 0.03440427780151367
1662757762193662643 0.03474760055541992
1662757762237263679 0.03457236289978027
1662757762280799388 0.03462791442871094
1662757762324142932 0.034601449966430664
1662757762367447853 0.03447866439819336
1662757762410876989 0.034148216247558594
1662757762454299449 0.03412055969238281
1662757762497805356 0.034096717834472656
1662757762541168451 0.03454256057739258
1662757762584586858 0.034584999084472656
1662757762627813100 0.03499317169189453
1662757762671457290 0.0343167781829834
1662757762715154409 0.03696942329406738
1662757762758738756 0.034281253814697266
1662757762802106857 0.03408694267272949
1662757762845640897 0.034155845642089844
1662757762888875007 0.03432273864746094
1662757762932521581 0.0343623161315918
1662757762975959539 0.03490424156188965
1662757763019497394 0.03475618362426758
1662757763062889814 0.034226179122924805
1662757763106244325 0.03406500816345215
1662757763149752855 0.03399085998535156
1662757763193025112 0.03469514846801758
1662757763236690282 0.03476667404174805
1662757763280290365 0.03506350517272949
1662757763323999166 0.03467583656311035
1662757763367445707 0.03415727615356445
1662757763410903453 0.034705162048339844
1662757763454389095 0.03459763526916504
1662757763498015403 0.03564882278442383
1662757763541590690 0.03466391563415527
1662757763584901571 0.034750938415527344
1662757763628570079 0.03484773635864258
1662757763672022581 0.03520512580871582
1662757763715339660 0.03462982177734375
1662757763758891582 0.0344233512878418
1662757763802351713 0.03485989570617676
1662757763845988512 0.03519487380981445
1662757763889521598 0.035904645919799805
1662757763933162212 0.034966468811035156
1662757763976591110 0.0347747802734375
1662757764020053863 0.03429365158081055
1662757764063291311 0.03445005416870117
1662757764106556892 0.03711199760437012
1662757764150126695 0.035616397857666016
1662757764193738937 0.036257266998291016
1662757764237281322 0.03505086898803711
1662757764280898332 0.03467130661010742
1662757764324677467 0.034674644470214844
1662757764368907690 0.034586191177368164
1662757764412548542 0.035101890563964844
1662757764456175088 0.03493309020996094
1662757764499526977 0.034943342208862305
1662757764542979240 0.0348055362701416
1662757764586576223 0.0345911979675293
1662757764630151748 0.03436470031738281
1662757764673522710 0.03479743003845215
1662757764717112541 0.03457164764404297
1662757764760474681 0.03572797775268555
1662757764804126024 0.03498649597167969
1662757764847863912 0.03450441360473633
1662757764891377449 0.034235239028930664
1662757764935292720 0.03406238555908203
1662757764978779554 0.03489851951599121
1662757765022294521 0.03464484214782715
1662757765065875768 0.034526824951171875
1662757765109487295 0.03457307815551758
1662757765152947664 0.03524065017700195
1662757765196794986 0.034317970275878906
1662757765242847204 0.034096717834472656
1662757765285814046 0.034651994705200195
1662757765329243421 0.03466367721557617
1662757765372382879 0.03453707695007324
1662757765415591955 0.03470754623413086
1662757765458612442 0.03473329544067383
1662757765501707077 0.03446555137634277
1662757765544810771 0.03418993949890137
1662757765587837934 0.03453564643859863
1662757765631089925 0.03463935852050781
1662757765674206495 0.035059213638305664
1662757765717234611 0.034750938415527344
1662757765760532617 0.03464508056640625
1662757765803637742 0.03424882888793945
1662757765846954822 0.03452873229980469
1662757765890045166 0.03499031066894531
1662757765933151245 0.03428244590759277
1662757765976400852 0.034417152404785156
1662757766019496679 0.034551143646240234
1662757766062656879 0.03488302230834961
1662757766105915784 0.034894466400146484
1662757766149167537 0.03441643714904785
1662757766192189216 0.03415989875793457
1662757766235637664 0.034554243087768555
1662757766278993368 0.03496670722961426
1662757766322431087 0.03487229347229004
1662757766366469621 0.03495335578918457
1662757766409706592 0.03544974327087402
1662757766453673839 0.034481048583984375
1662757766497173547 0.034400224685668945
1662757766540749311 0.034139156341552734
1662757766584412813 0.034295082092285156
1662757766627982854 0.03417038917541504
1662757766671339988 0.03457212448120117
1662757766714797019 0.03505706787109375
1662757766758757114 0.03465771675109863
1662757766802158832 0.03448677062988281
1662757766845876932 0.0346987247467041
1662757766889341115 0.034639596939086914
1662757766933096647 0.03480195999145508
1662757766976544618 0.034766197204589844
1662757767020556688 0.034410953521728516
1662757767064043760 0.034178972244262695
1662757767107774019 0.03343534469604492
1662757767151941776 0.034262657165527344
1662757767195590257 0.03398489952087402
1662757767240128517 0.034865617752075195
1662757767283821821 0.034157514572143555
1662757767328375816 0.034346580505371094
1662757767371891975 0.03435778617858887
1662757767416718006 0.03453850746154785
1662757767460578918 0.034810543060302734
1662757767505242824 0.03483319282531738
1662757767548733949 0.03457069396972656
1662757767593199014 0.03429889678955078
1662757767636843681 0.034241676330566406
1662757767681581020 0.034630775451660156
1662757767725225925 0.03482413291931152
1662757767770005702 0.034828901290893555
1662757767813634395 0.03456735610961914
1662757767858436107 0.03426933288574219
1662757767902288913 0.034375905990600586
1662757767947035551 0.03475642204284668
1662757767990822076 0.03479933738708496
1662757768035572052 0.034490346908569336
1662757768079409599 0.03412652015686035
1662757768124034166 0.03380107879638672
1662757768167642593 0.03470897674560547
1662757768212202548 0.0346376895904541
1662757768255882263 0.03467726707458496
1662757768300539255 0.03447747230529785
1662757768344159841 0.03476548194885254
1662757768388893842 0.0346987247467041
1662757768432599306 0.03450894355773926
1662757768476996898 0.03538036346435547
1662757768520866870 0.03509259223937988
1662757768565480470 0.034494638442993164
1662757768609174966 0.033962249755859375
1662757768653705358 0.03436422348022461
1662757768697387218 0.03475546836853027
1662757768741984844 0.03469443321228027
1662757768785711526 0.03472256660461426
1662757768830489635 0.03437495231628418
1662757768874221324 0.0341947078704834
1662757768919251441 0.03470873832702637
1662757768962727308 0.03468656539916992
1662757769007402658 0.03491640090942383
1662757769051072835 0.03459429740905762
1662757769095806360 0.03443408012390137
1662757769139958381 0.03435254096984863
1662757769184853315 0.03480386734008789
1662757769229005813 0.034563302993774414
1662757769273983001 0.03458666801452637
1662757769317814588 0.03450489044189453
1662757769362685203 0.03461742401123047
1662757769406639099 0.03413271903991699
1662757769451428651 0.03473258018493652
1662757769495240211 0.03389382362365723
1662757769539991617 0.03331136703491211
1662757769583919048 0.03358793258666992
1662757769629240274 0.03436613082885742
1662757769673199653 0.0345766544342041
1662757769718052148 0.03512835502624512
1662757769762262344 0.03428792953491211
1662757769807223558 0.03384566307067871
1662757769851232051 0.034159183502197266
1662757769896171569 0.03431057929992676
1662757769940171718 0.03451895713806152
1662757769985196352 0.03373098373413086
1662757770029068946 0.03426551818847656
1662757770073875665 0.03460550308227539
1662757770118221759 0.0344088077545166
1662757770162956476 0.03444504737854004
1662757770206805229 0.03408646583557129
1662757770252939701 0.03399252891540527
1662757770296792984 0.03450655937194824
1662757770341603279 0.03457355499267578
1662757770385714769 0.03448915481567383
1662757770430900573 0.03393149375915527
1662757770474790334 0.034219980239868164
1662757770519665956 0.034719228744506836
1662757770563966512 0.03464078903198242
1662757770610950469 0.034612417221069336
1662757770654533624 0.034561872482299805
1662757770698219060 0.03454422950744629
1662757770741587162 0.03432345390319824
1662757770785025596 0.03437447547912598
1662757770828270435 0.03566288948059082
1662757770871652364 0.03475022315979004
1662757770915188789 0.03532242774963379
1662757770958461046 0.03476738929748535
1662757771001833915 0.03497576713562012
1662757771045021295 0.03485560417175293
1662757771088495731 0.034296512603759766
1662757771131866455 0.034919023513793945
1662757771175057172 0.03493070602416992
1662757771218324184 0.034607887268066406
1662757771261612176 0.03502917289733887
1662757771304824113 0.03460812568664551
1662757771348039865 0.03444314002990723
1662757771391050100 0.03477287292480469
1662757771434156656 0.034758567810058594
1662757771477197885 0.03482246398925781
1662757771520505428 0.03551793098449707
1662757771563797712 0.03554797172546387
1662757771607358217 0.03484296798706055
1662757771650650978 0.03471803665161133
1662757771694181919 0.03520488739013672
1662757771738534927 0.03470325469970703
1662757771781773805 0.03498101234436035
1662757771825884819 0.0347445011138916
1662757771869490146 0.03474736213684082
1662757771912780284 0.03442120552062988
1662757771956477165 0.03413033485412598
1662757772000051498 0.03458261489868164
1662757772043591022 0.03494548797607422
1662757772087092161 0.03481769561767578
1662757772131118297 0.03494620323181152
1662757772174307107 0.03496813774108887
1662757772217927932 0.034845829010009766
1662757772261439561 0.03453707695007324
1662757772305067777 0.03480172157287598
1662757772348600387 0.03467059135437012
1662757772392313241 0.035349130630493164
1662757772436016321 0.03513216972351074
1662757772479749202 0.03497004508972168
1662757772523896694 0.03476238250732422
1662757772567445039 0.034607648849487305
1662757772611873388 0.03477358818054199
1662757772655597925 0.0351262092590332
1662757772700309514 0.03503894805908203
1662757772743857860 0.03458356857299805
1662757772788399219 0.0342714786529541
1662757772831938028 0.03462481498718262
1662757772876499652 0.03492331504821777
1662757772920082330 0.035114288330078125
1662757772964759349 0.035400390625
1662757773008351802 0.03490853309631348
1662757773053074598 0.03474760055541992
1662757773096587181 0.034590959548950195
1662757773141255617 0.03470015525817871
1662757773184891462 0.0347743034362793
1662757773229545116 0.03492379188537598
1662757773273191928 0.034698486328125
1662757773317849159 0.03442692756652832
1662757773361412763 0.0347599983215332
1662757773406180143 0.03456592559814453
1662757773450025558 0.03499722480773926
1662757773494535207 0.0348362922668457
1662757773538285732 0.03440380096435547
1662757773582770586 0.03432416915893555
1662757773626223087 0.0345301628112793
1662757773670720338 0.03464818000793457
1662757773714218378 0.035428524017333984
1662757773758732080 0.03457045555114746
1662757773802423238 0.03428840637207031
1662757773847014665 0.034525394439697266
1662757773890865564 0.0347137451171875
1662757773935418605 0.03502225875854492
1662757773978954076 0.03511214256286621
1662757774023528814 0.03511452674865723
1662757774067222833 0.03454327583312988
1662757774111804723 0.034594058990478516
1662757774155466794 0.03473639488220215
1662757774199904918 0.03628110885620117
1662757774243819236 0.03487205505371094
1662757774288674592 0.035919189453125
1662757774332538127 0.03507637977600098
1662757774377107143 0.0355525016784668
1662757774420979261 0.035431623458862305
1662757774465570449 0.03493928909301758
1662757774509443759 0.035260677337646484
1662757774554209709 0.03499245643615723
1662757774597845077 0.03472566604614258
1662757774642601251 0.03483414649963379
1662757774686386346 0.03505992889404297
1662757774730974674 0.034811973571777344
1662757774774936676 0.03507184982299805
1662757774819529533 0.0345301628112793
1662757774863046169 0.034348487854003906
1662757774907731771 0.03457832336425781
1662757774951363086 0.034924983978271484
1662757774996052980 0.03509879112243652
1662757775039851427 0.035047292709350586
1662757775084646701 0.03532910346984863
1662757775128217935 0.03563094139099121
1662757775173036575 0.035698890686035156
1662757775216763973 0.03544449806213379
1662757775261448383 0.035471439361572266
1662757775305379867 0.03521871566772461
1662757775350020170 0.03484225273132324
1662757775393693685 0.03455924987792969
1662757775438575029 0.03533768653869629
1662757775482158184 0.034967660903930664
1662757775526719093 0.035204410552978516
1662757775570553541 0.034623146057128906
1662757775615181684 0.03435969352722168
1662757775658866643 0.0346369743347168
1662757775703540802 0.0348973274230957
1662757775747221469 0.03510308265686035
1662757775791933774 0.034903526306152344
1662757775835761070 0.03519129753112793
1662757775880473375 0.03499197959899902
1662757775924319982 0.0347905158996582
1662757775969013929 0.03489947319030762
1662757776012814283 0.035413503646850586
1662757776057849407 0.034734249114990234
1662757776102057695 0.03447723388671875
1662757776148895740 0.03464388847351074
1662757776192253589 0.034514665603637695
1662757776235699176 0.03511404991149902
1662757776278931379 0.03507375717163086
1662757776322336435 0.035147905349731445
1662757776365796566 0.034815073013305664
1662757776409424304 0.03492927551269531
1662757776453046560 0.03557777404785156
1662757776496548652 0.035012006759643555
1662757776540130138 0.03476595878601074
1662757776583235025 0.03542137145996094
1662757776626682996 0.03522181510925293
1662757776670061826 0.035021305084228516
1662757776713232040 0.0343782901763916
1662757776756272315 0.03535866737365723
1662757776799286127 0.034804582595825195
1662757776842599153 0.03523373603820801
1662757776886027574 0.036000967025756836
1662757776929312705 0.0350492000579834
1662757776972207069 0.03460049629211426
1662757777015066385 0.034767866134643555
1662757777058304071 0.03515338897705078
1662757777101568698 0.035568952560424805
1662757777145711898 0.03527951240539551
1662757777189335346 0.035405874252319336
1662757777232817173 0.03484940528869629
1662757777276312351 0.03460216522216797
1662757777319607257 0.03448963165283203
1662757777363234758 0.03475642204284668
1662757777407330036 0.03537154197692871
1662757777450774431 0.03498697280883789
1662757777494295597 0.03491926193237305
1662757777537868738 0.03489041328430176
1662757777581242799 0.03426647186279297
1662757777624766826 0.034464359283447266
1662757777668275594 0.03485512733459473
1662757777711699008 0.03503727912902832
1662757777754967689 0.03519105911254883
1662757777798270463 0.035093069076538086
1662757777841789484 0.03495168685913086
1662757777885849237 0.03477144241333008
1662757777929135322 0.03440713882446289
1662757777972639322 0.03434252738952637
1662757778016033887 0.03471255302429199
1662757778059722661 0.03454780578613281
1662757778103197336 0.034674644470214844
1662757778146889925 0.0350031852722168
1662757778190437793 0.03467988967895508
1662757778233958005 0.03424811363220215
1662757778277471065 0.03409099578857422
1662757778320819616 0.034995317459106445
1662757778364359617 0.0351407527923584
1662757778407620906 0.0352022647857666
1662757778450959205 0.03589320182800293
1662757778494409799 0.03500795364379883
1662757778537981033 0.034346818923950195
1662757778581511259 0.034484148025512695
1662757778625366687 0.034576416015625
1662757778668944358 0.034691810607910156
1662757778712545394 0.03542900085449219
1662757778756286144 0.03486275672912598
1662757778799717426 0.03469729423522949
1662757778843571662 0.03430366516113281
1662757778887410879 0.03432273864746094
1662757778931238651 0.03499913215637207
1662757778974917411 0.034970998764038086
1662757779018597602 0.03522133827209473
1662757779062611341 0.03497028350830078
1662757779106339931 0.034552574157714844
1662757779150083303 0.03458905220031738
1662757779193949222 0.03481316566467285
1662757779237516641 0.034905195236206055
1662757779281186103 0.03547048568725586
1662757779324613094 0.035180091857910156
1662757779368063688 0.0345308780670166
1662757779411456823 0.03437519073486328
1662757779454739809 0.03438377380371094
1662757779498200893 0.034952640533447266
1662757779541730403 0.0350193977355957
1662757779585211038 0.03513002395629883
1662757779628819227 0.035230159759521484
1662757779672012090 0.03478360176086426
1662757779715381860 0.03442549705505371
1662757779758772850 0.034392356872558594
1662757779802114009 0.03482508659362793
1662757779845658302 0.03458285331726074
1662757779888774394 0.035227298736572266
1662757779932394027 0.03556466102600098
1662757779975741147 0.03505897521972656
1662757780018932580 0.03482317924499512
1662757780062299728 0.03462028503417969
1662757780105677604 0.03500032424926758
1662757780149053812 0.03569173812866211
1662757780192606687 0.03492569923400879
1662757780235935926 0.035037994384765625
1662757780278975248 0.03500247001647949
1662757780322182893 0.0345311164855957
1662757780365709543 0.03472161293029785
1662757780409134149 0.03511357307434082
1662757780452656745 0.03514671325683594
1662757780496192932 0.03482389450073242
1662757780539362192 0.03543519973754883
1662757780582612752 0.03517413139343262
1662757780625954866 0.03481698036193848
1662757780669343709 0.03416299819946289
1662757780712580680 0.034642934799194336
1662757780755868673 0.03503704071044922
1662757780799217462 0.035187482833862305
1662757780842316150 0.03521609306335449
1662757780885565042 0.03565788269042969
1662757780929020881 0.03511691093444824
1662757780972289085 0.03507804870605469
1662757781015728235 0.03519797325134277
1662757781059053659 0.035318613052368164
1662757781102370738 0.03514361381530762
1662757781145958662 0.03560829162597656
1662757781189440011 0.03574371337890625
1662757781232911109 0.03551006317138672
1662757781276398420 0.035109758377075195
1662757781319933414 0.034909725189208984
1662757781363279342 0.03508281707763672
1662757781406526327 0.035622358322143555
1662757781450030803 0.035544633865356445
1662757781493651866 0.03595471382141113
1662757781537182092 0.03578805923461914
1662757781580503702 0.035347700119018555
1662757781624123096 0.03523755073547363
1662757781670546293 0.03563976287841797
1662757781713752985 0.03586316108703613
1662757781757087707 0.03542208671569824
1662757781799969196 0.03604388236999512
1662757781842928886 0.0352168083190918
1662757781885829210 0.03534555435180664
1662757781928883790 0.03493642807006836
1662757781971784591 0.035141944885253906
1662757782014779090 0.03553438186645508
1662757782058044195 0.03520512580871582
1662757782100972652 0.03486156463623047
1662757782143977165 0.03566336631774902
1662757782186930418 0.03520917892456055
1662757782229751110 0.03514361381530762
1662757782272976398 0.03477597236633301
1662757782315787076 0.03464651107788086
1662757782358794212 0.03445243835449219
1662757782401780843 0.03413128852844238
1662757782444855690 0.03441429138183594
1662757782487883806 0.03436636924743652
1662757782530778169 0.0346522331237793
1662757782573859214 0.03482246398925781
