using cuda:0 device.
17381
1662757329251456022 0.04504084587097168
1662757329297370910 0.04063892364501953
1662757329341444492 0.03988075256347656
1662757329385435819 0.04012751579284668
1662757329429191827 0.04009103775024414
1662757329473464250 0.039696455001831055
1662757329517577171 0.03962254524230957
1662757329561428546 0.03504800796508789
1662757329605672359 0.03436136245727539
1662757329649522066 0.03436112403869629
1662757329693189382 0.03388166427612305
1662757329736438274 0.03388071060180664
1662757329779696702 0.033959388732910156
1662757329823221445 0.03437662124633789
1662757329866308450 0.03413963317871094
1662757329909676313 0.03445124626159668
1662757329953120470 0.03437972068786621
1662757329996380329 0.03421759605407715
1662757330039595842 0.03411245346069336
1662757330082571029 0.03417563438415527
1662757330125934123 0.033869266510009766
1662757330169322013 0.034409523010253906
1662757330212563514 0.034560441970825195
1662757330256011009 0.0344843864440918
1662757330299175500 0.034273386001586914
1662757330342343091 0.03370499610900879
1662757330385580539 0.03386831283569336
1662757330428757905 0.03357362747192383
1662757330472055912 0.03415322303771973
1662757330515515327 0.03412032127380371
1662757330558757543 0.034535884857177734
1662757330602259159 0.03452634811401367
1662757330645661354 0.0337679386138916
1662757330689011096 0.033867597579956055
1662757330732285261 0.03386831283569336
1662757330775570392 0.033980369567871094
1662757330819005727 0.03406500816345215
1662757330862225294 0.03439640998840332
1662757330905744791 0.03428292274475098
1662757330948938846 0.033997297286987305
1662757330992232561 0.03373837471008301
1662757331035483121 0.033687591552734375
1662757331078665971 0.03406023979187012
1662757331122304201 0.03424382209777832
1662757331165491104 0.034500837326049805
1662757331208858728 0.03420877456665039
1662757331252164602 0.03434276580810547
1662757331295141220 0.034683942794799805
1662757331338601589 0.03427386283874512
1662757331381775617 0.034377336502075195
1662757331424999952 0.03420519828796387
1662757331468547821 0.03452157974243164
1662757331512157917 0.03486514091491699
1662757331555561065 0.03503537178039551
1662757331598700761 0.034882307052612305
1662757331642076730 0.0341641902923584
1662757331685332298 0.03460693359375
1662757331728530168 0.03438305854797363
1662757331771710395 0.03496050834655762
1662757331814990758 0.03464365005493164
1662757331858334302 0.034761905670166016
1662757331901618480 0.0347137451171875
1662757331944855690 0.033895015716552734
1662757331988200902 0.0341649055480957
1662757332031337022 0.0338900089263916
1662757332074828624 0.03432965278625488
1662757332118143320 0.03413796424865723
1662757332161407470 0.03464913368225098
1662757332204797029 0.034594058990478516
1662757332247892141 0.03446197509765625
1662757332291057586 0.033748626708984375
1662757332334248781 0.03371691703796387
1662757332377536773 0.03399181365966797
1662757332420888900 0.034401655197143555
1662757332464086532 0.03445720672607422
1662757332507583141 0.034722328186035156
1662757332550673484 0.03430366516113281
1662757332594037532 0.03434038162231445
1662757332637306928 0.03417181968688965
1662757332680485010 0.03454399108886719
1662757332723607063 0.03446674346923828
1662757332766718149 0.03428077697753906
1662757332810095310 0.03461503982543945
1662757332853295087 0.03532290458679199
1662757332896566867 0.034581661224365234
1662757332939849615 0.034290313720703125
1662757332982866287 0.03406262397766113
1662757333026309728 0.03441762924194336
1662757333069615602 0.03451204299926758
1662757333113239526 0.03466033935546875
1662757333157769203 0.03473615646362305
1662757333202642679 0.03439974784851074
1662757333245627641 0.034288883209228516
1662757333288582563 0.03380393981933594
1662757333331422805 0.03421902656555176
1662757333374570608 0.034192562103271484
1662757333417457818 0.034554243087768555
1662757333460265398 0.0348963737487793
1662757333502914190 0.03438115119934082
1662757333545592546 0.03429532051086426
1662757333588273525 0.033936500549316406
1662757333630960464 0.03387284278869629
1662757333673945188 0.03404521942138672
1662757333716796875 0.03448319435119629
1662757333759958028 0.0341954231262207
1662757333802745103 0.03431415557861328
1662757333845630645 0.03431963920593262
1662757333888433456 0.03468728065490723
1662757333931167840 0.03408455848693848
1662757333974087953 0.034009456634521484
1662757334017047882 0.034201622009277344
1662757334060472726 0.033986568450927734
1662757334103994131 0.03467130661010742
1662757334147977590 0.03416872024536133
1662757334191159963 0.03423500061035156
1662757334234345912 0.03417658805847168
1662757334277725696 0.033529043197631836
1662757334321012020 0.033635616302490234
1662757334364261150 0.03387165069580078
1662757334407572746 0.03439521789550781
1662757334450664520 0.034154653549194336
1662757334493976831 0.03442120552062988
1662757334537285566 0.03429460525512695
1662757334580593347 0.0340273380279541
1662757334624027252 0.03408193588256836
1662757334667107105 0.03389286994934082
1662757334710620641 0.034316301345825195
1662757334753961324 0.03426003456115723
1662757334797266960 0.034517765045166016
1662757334840742349 0.03439736366271973
1662757334883811950 0.034116268157958984
1662757334927371978 0.034064531326293945
1662757334970499038 0.03403115272521973
1662757335013651609 0.03393864631652832
1662757335056844949 0.03413510322570801
1662757335099845647 0.03446507453918457
1662757335143420934 0.034427642822265625
1662757335186454057 0.034493207931518555
1662757335229700803 0.03399920463562012
1662757335272939682 0.0339505672454834
1662757335316151142 0.03375983238220215
1662757335359236240 0.03434443473815918
1662757335402505159 0.034374237060546875
1662757335445819139 0.03551030158996582
1662757335488823413 0.03521895408630371
1662757335532124519 0.034574270248413086
1662757335575328588 0.03452444076538086
1662757335618609905 0.03440976142883301
1662757335661817789 0.03388261795043945
1662757335704940557 0.03404498100280762
1662757335748369455 0.03457474708557129
1662757335791589260 0.03504538536071777
1662757335834752082 0.03463339805603027
1662757335878300189 0.03460240364074707
1662757335921885967 0.03395533561706543
1662757335965187788 0.03381013870239258
1662757336008554458 0.034291744232177734
1662757336051807641 0.03464531898498535
1662757336095385551 0.03477144241333008
1662757336138863801 0.03512835502624512
1662757336182169675 0.03466176986694336
1662757336225484609 0.03411698341369629
1662757336268609046 0.03440999984741211
1662757336312272548 0.03456687927246094
1662757336355486869 0.03450512886047363
1662757336398829221 0.03463315963745117
1662757336442128181 0.03481578826904297
1662757336485270977 0.03488469123840332
1662757336528741598 0.0344090461730957
1662757336571732997 0.03445100784301758
1662757336614892721 0.03452420234680176
1662757336658227920 0.0345911979675293
1662757336701585292 0.034544944763183594
1662757336744946718 0.03482389450073242
1662757336788167476 0.035127878189086914
1662757336831452131 0.03455066680908203
1662757336874600887 0.03442573547363281
1662757336917896509 0.03467988967895508
1662757336961107730 0.03441309928894043
1662757337004398584 0.03461503982543945
1662757337047797679 0.03470420837402344
1662757337091223001 0.03474736213684082
1662757337134687662 0.03463435173034668
1662757337178244113 0.03456521034240723
1662757337221623897 0.034574031829833984
1662757337264912843 0.03422069549560547
1662757337308356285 0.03455996513366699
1662757337351720809 0.03482484817504883
1662757337395107746 0.034639596939086914
1662757337438317060 0.03472447395324707
1662757337481801748 0.034409523010253906
1662757337525096416 0.034166574478149414
1662757337568596839 0.0343477725982666
1662757337612218141 0.03477048873901367
1662757337655900716 0.03478860855102539
1662757337699352502 0.0348811149597168
1662757337742841958 0.03476548194885254
1662757337786070823 0.035030364990234375
1662757337829400300 0.03456473350524902
1662757337872593164 0.03437089920043945
1662757337916015625 0.03441119194030762
1662757337959268093 0.03444218635559082
1662757338002443075 0.034473419189453125
1662757338048317670 0.034065961837768555
1662757338091231346 0.03440690040588379
1662757338134243488 0.03452706336975098
1662757338177409887 0.03420758247375488
1662757338220287799 0.034216880798339844
1662757338263583660 0.034426212310791016
1662757338306357145 0.03467273712158203
1662757338349246263 0.035108327865600586
1662757338392409801 0.03518509864807129
1662757338435455799 0.03465437889099121
1662757338478485822 0.034824371337890625
1662757338521567344 0.03431820869445801
1662757338564559936 0.03422355651855469
1662757338607427835 0.03438091278076172
1662757338650549411 0.03432273864746094
1662757338693595647 0.035378456115722656
1662757338736620187 0.03476691246032715
1662757338779813289 0.03501605987548828
1662757338822936534 0.03408098220825195
1662757338866132259 0.034206390380859375
1662757338910124778 0.03414797782897949
1662757338953157424 0.034245967864990234
1662757338996591329 0.03471016883850098
1662757339040076017 0.03526926040649414
1662757339083413600 0.03519082069396973
1662757339126887798 0.0347132682800293
1662757339170114517 0.03439068794250488
1662757339213428258 0.034803152084350586
1662757339256771564 0.034386634826660156
1662757339300348758 0.034544944763183594
1662757339343930482 0.034820556640625
1662757339387144088 0.03439164161682129
1662757339430600881 0.033807992935180664
1662757339474150896 0.034570932388305664
1662757339517702579 0.03494858741760254
1662757339561133623 0.034799814224243164
1662757339604599237 0.03455948829650879
1662757339648249149 0.03504157066345215
1662757339691405534 0.03428983688354492
1662757339734727859 0.03409528732299805
1662757339778175592 0.03398609161376953
1662757339821549892 0.03422188758850098
1662757339864979028 0.03404426574707031
1662757339908439636 0.03406095504760742
1662757339951901674 0.03456544876098633
1662757339995155811 0.03409004211425781
1662757340038443088 0.03418159484863281
1662757340081979751 0.03401637077331543
1662757340125510692 0.03438234329223633
1662757340168899059 0.0349726676940918
1662757340212546586 0.035176992416381836
1662757340255909681 0.035062313079833984
1662757340299154758 0.034494876861572266
1662757340342411041 0.03485536575317383
1662757340385844707 0.03455662727355957
1662757340429451942 0.03453230857849121
1662757340472755908 0.0347287654876709
1662757340516240358 0.034528255462646484
1662757340559581279 0.034659624099731445
1662757340602871656 0.034631967544555664
1662757340646419048 0.034226417541503906
1662757340689719200 0.034065961837768555
1662757340733367443 0.03401446342468262
1662757340776813745 0.03441262245178223
1662757340820173740 0.034505605697631836
1662757340863600492 0.03451037406921387
1662757340906841754 0.03423786163330078
1662757340950126647 0.03467535972595215
1662757340993469953 0.03421473503112793
1662757341036768674 0.03357267379760742
1662757341079947471 0.03455829620361328
1662757341123206138 0.03427410125732422
1662757341166476249 0.03482770919799805
1662757341209944248 0.03506302833557129
1662757341253161191 0.034714460372924805
1662757341296471357 0.0343022346496582
1662757341339687585 0.034322261810302734
1662757341382974863 0.03403186798095703
1662757341426317214 0.03431963920593262
1662757341469593524 0.03437495231628418
1662757341513053894 0.03470253944396973
1662757341556200504 0.034963130950927734
1662757341599693298 0.034271955490112305
1662757341643002510 0.03428936004638672
1662757341686259746 0.03441309928894043
1662757341729974985 0.03438925743103027
1662757341773417949 0.0349278450012207
1662757341817167758 0.0348508358001709
1662757341860659360 0.03475022315979004
1662757341904104232 0.03437376022338867
1662757341947772979 0.03433346748352051
1662757341991103410 0.03404593467712402
1662757342034585952 0.03471684455871582
1662757342078275442 0.034802913665771484
1662757342121745109 0.0352480411529541
1662757342165264129 0.03435969352722168
1662757342208762645 0.03426933288574219
1662757342252204656 0.033362388610839844
1662757342295476198 0.033559560775756836
1662757342338943243 0.03351593017578125
1662757342382573127 0.034210205078125
1662757342426356554 0.034261226654052734
1662757342470016002 0.033661603927612305
1662757342513720989 0.034262895584106445
1662757342557269811 0.03399062156677246
1662757342600921630 0.03380298614501953
1662757342644616127 0.0341949462890625
1662757342688345670 0.03414607048034668
1662757342732112169 0.03436160087585449
1662757342775450944 0.03406167030334473
1662757342818798780 0.034131765365600586
1662757342862235546 0.03397560119628906
1662757342905657052 0.0342555046081543
1662757342949308156 0.0343930721282959
1662757342992731809 0.03490471839904785
1662757343036447763 0.03423261642456055
1662757343079879522 0.03396773338317871
1662757343123264551 0.03367424011230469
1662757343166768312 0.0339055061340332
1662757343210469961 0.03435158729553223
1662757343254246473 0.03439927101135254
1662757343297973394 0.034454345703125
1662757343344250679 0.034200429916381836
1662757343387512683 0.03447103500366211
1662757343430881738 0.034262895584106445
1662757343473811864 0.03466463088989258
1662757343517236232 0.034589290618896484
1662757343560146331 0.03491830825805664
1662757343603361606 0.034836530685424805
1662757343646591424 0.0347592830657959
1662757343689517974 0.03448367118835449
1662757343732811689 0.03444528579711914
1662757343775675535 0.03455996513366699
1662757343818824052 0.033919572830200195
1662757343861791849 0.03447127342224121
1662757343904739856 0.034607648849487305
1662757343947643756 0.034572601318359375
1662757343990481376 0.03471875190734863
1662757344033433675 0.0342254638671875
1662757344076039314 0.0341951847076416
1662757344118970632 0.03420138359069824
1662757344161869287 0.03433799743652344
1662757344205335617 0.034673452377319336
1662757344248628139 0.0352628231048584
1662757344291758537 0.03505873680114746
1662757344335273742 0.0348513126373291
1662757344378315687 0.03460860252380371
1662757344421489715 0.034816741943359375
1662757344464898109 0.03400444984436035
1662757344508100748 0.03417825698852539
1662757344551305532 0.03440213203430176
1662757344594321250 0.034450531005859375
1662757344637318372 0.034956932067871094
1662757344680345535 0.03466796875
1662757344723669767 0.034117937088012695
1662757344766980648 0.03444409370422363
1662757344810328245 0.03398633003234863
1662757344853790521 0.03453540802001953
1662757344897082328 0.03476381301879883
1662757344940547943 0.0347750186920166
1662757344984019041 0.03466439247131348
1662757345027267694 0.034493207931518555
1662757345070658445 0.03407931327819824
1662757345114175796 0.03408336639404297
1662757345157450914 0.034235239028930664
1662757345200864553 0.03448009490966797
1662757345244222879 0.0346074104309082
1662757345287360668 0.03461313247680664
1662757345330568075 0.034536123275756836
1662757345373826265 0.03427767753601074
1662757345417276859 0.03388667106628418
1662757345460508823 0.03396105766296387
1662757345504099130 0.0342562198638916
1662757345547349452 0.03405356407165527
1662757345590656518 0.03435707092285156
1662757345634320974 0.03437972068786621
1662757345677487134 0.034314632415771484
1662757345720779418 0.034098148345947266
1662757345764024019 0.03404593467712402
1662757345807215690 0.03408479690551758
1662757345850464105 0.034319400787353516
1662757345893692731 0.034580230712890625
1662757345936992406 0.03477072715759277
1662757345980119466 0.034395456314086914
1662757346023521900 0.03409528732299805
1662757346066630125 0.034235477447509766
1662757346109931468 0.03438138961791992
1662757346153222560 0.0344538688659668
1662757346196392536 0.03492283821105957
1662757346239674329 0.03470969200134277
1662757346282932043 0.03461503982543945
1662757346325939893 0.03424978256225586
1662757346369416713 0.03390860557556152
1662757346412545204 0.03409266471862793
1662757346455818176 0.034163475036621094
1662757346499119758 0.03458976745605469
1662757346542433023 0.034731388092041016
1662757346586017370 0.03491687774658203
1662757346629241704 0.03457760810852051
1662757346672557592 0.03398013114929199
1662757346715898275 0.0340576171875
1662757346759445428 0.034497976303100586
1662757346803115606 0.035069942474365234
1662757346846339702 0.03499126434326172
1662757346889702558 0.03534269332885742
1662757346933207988 0.03487515449523926
1662757346976385593 0.0347442626953125
1662757347019630432 0.0344698429107666
1662757347062845468 0.03476357460021973
1662757347106020927 0.035300493240356445
1662757347149273157 0.03484773635864258
1662757347192683696 0.03507184982299805
1662757347236296176 0.03509712219238281
1662757347279400348 0.03483295440673828
1662757347322825670 0.0344235897064209
1662757347366262435 0.03408074378967285
1662757347409497499 0.034516334533691406
1662757347452987194 0.034616708755493164
1662757347496307611 0.03484964370727539
1662757347539698600 0.03464531898498535
1662757347583029747 0.03464460372924805
1662757347626263380 0.03452730178833008
1662757347669888973 0.034423828125
1662757347713165521 0.034676313400268555
1662757347756704807 0.03543972969055176
1662757347800276041 0.03600335121154785
1662757347843865394 0.035902976989746094
1662757347887693405 0.03518033027648926
1662757347931007146 0.03460216522216797
1662757347974277019 0.034395694732666016
1662757348017722845 0.0348508358001709
1662757348061234235 0.03470158576965332
1662757348104544162 0.03498554229736328
1662757348148027658 0.034844160079956055
1662757348191321611 0.035001277923583984
1662757348234807014 0.03444528579711914
1662757348278221368 0.03452920913696289
1662757348321637153 0.03465843200683594
1662757348365097045 0.0349271297454834
1662757348408527851 0.03459954261779785
1662757348451918363 0.03516745567321777
1662757348495381355 0.03539848327636719
1662757348538967132 0.035105228424072266
1662757348582386016 0.034651756286621094
1662757348625898122 0.03449869155883789
1662757348669655799 0.03466033935546875
1662757348713194131 0.03484344482421875
1662757348757069349 0.03453946113586426
1662757348803678989 0.03436994552612305
1662757348846730947 0.03408455848693848
1662757348890254020 0.034259796142578125
1662757348933613061 0.03477287292480469
1662757348976890802 0.03493189811706543
1662757349020270586 0.035332441329956055
1662757349063606739 0.03530001640319824
1662757349107076406 0.035398244857788086
1662757349150604486 0.03446173667907715
1662757349193741559 0.034124135971069336
1662757349237225532 0.03475785255432129
1662757349280385255 0.03509235382080078
1662757349323506832 0.03484535217285156
1662757349366801738 0.03488564491271973
1662757349409876585 0.03533053398132324
1662757349453241825 0.03462076187133789
1662757349496309041 0.034841299057006836
1662757349539448738 0.03486299514770508
1662757349582609415 0.03483128547668457
1662757349625703573 0.0348668098449707
1662757349669287919 0.035073280334472656
1662757349712522983 0.035809993743896484
1662757349755643129 0.03558039665222168
1662757349798831701 0.03479504585266113
1662757349842611312 0.034380197525024414
1662757349885936737 0.034479379653930664
1662757349929141759 0.03482937812805176
1662757349972561120 0.03454875946044922
1662757350015923023 0.03516364097595215
1662757350059194803 0.035277605056762695
1662757350102433443 0.03495073318481445
1662757350145963191 0.03459286689758301
1662757350189439058 0.03423309326171875
1662757350232650756 0.034142255783081055
1662757350276081562 0.03457164764404297
1662757350319524526 0.035123348236083984
1662757350362800359 0.034815073013305664
1662757350406312942 0.03541064262390137
1662757350449744224 0.03458571434020996
1662757350492936611 0.03393912315368652
1662757350536180973 0.0342864990234375
1662757350579320430 0.034346818923950195
1662757350622836828 0.034500837326049805
1662757350666218757 0.03476572036743164
1662757350709659576 0.03489398956298828
1662757350753166675 0.03420686721801758
1662757350796432495 0.03404808044433594
1662757350839773416 0.033757686614990234
1662757350882984638 0.03397774696350098
1662757350926485776 0.0342254638671875
1662757350970009803 0.034462690353393555
1662757351013335227 0.03503775596618652
1662757351056768417 0.0345759391784668
1662757351099845170 0.034346580505371094
1662757351143751621 0.034235239028930664
1662757351187008619 0.03439664840698242
1662757351230240106 0.03462338447570801
1662757351273763179 0.03408241271972656
1662757351317138433 0.03480720520019531
1662757351361152648 0.0348660945892334
1662757351404771566 0.034392356872558594
1662757351448205232 0.03408551216125488
1662757351491702556 0.033991098403930664
1662757351535173177 0.03443455696105957
1662757351578848600 0.03466367721557617
1662757351622641086 0.035074472427368164
1662757351666276454 0.03470253944396973
1662757351709925651 0.03466534614562988
1662757351753422737 0.03443098068237305
1662757351796579599 0.03417658805847168
1662757351840073108 0.03498411178588867
1662757351883500576 0.03497457504272461
1662757351926753997 0.0352170467376709
1662757351970116853 0.035430192947387695
1662757352013480424 0.034909963607788086
1662757352056594610 0.0344548225402832
1662757352099608421 0.03470587730407715
1662757352142744064 0.034737348556518555
1662757352186115264 0.035040855407714844
1662757352229383468 0.03505587577819824
1662757352272900342 0.0349733829498291
1662757352316111564 0.03434181213378906
1662757352359165430 0.03432106971740723
1662757352402244567 0.03430008888244629
1662757352445470571 0.03440380096435547
1662757352488538980 0.03457760810852051
1662757352531457424 0.03476667404174805
1662757352574550390 0.03500008583068848
1662757352617851495 0.03527545928955078
1662757352661099195 0.03515267372131348
1662757352704328298 0.03475046157836914
1662757352747475862 0.034392356872558594
1662757352790684223 0.034726619720458984
1662757352833832502 0.03466391563415527
1662757352877197504 0.03450584411621094
1662757352920283079 0.035326242446899414
1662757352963260173 0.03503012657165527
1662757353006501674 0.03497433662414551
1662757353049910783 0.034740447998046875
1662757353093061923 0.034500837326049805
1662757353136278390 0.03466677665710449
1662757353179267644 0.034926652908325195
1662757353222709417 0.034911155700683594
1662757353265930175 0.034868478775024414
1662757353309085607 0.03529238700866699
1662757353352251529 0.03514218330383301
1662757353395579099 0.034600257873535156
1662757353438474416 0.03444933891296387
1662757353481545209 0.03453803062438965
1662757353524845600 0.034726858139038086
1662757353568308115 0.034751176834106445
1662757353611730098 0.03547263145446777
1662757353655303239 0.035538434982299805
1662757353698415756 0.03528285026550293
1662757353742157936 0.0347139835357666
1662757353785282373 0.03490781784057617
1662757353828748226 0.03494453430175781
1662757353872075557 0.0347137451171875
1662757353915196180 0.03479170799255371
1662757353958839654 0.03504133224487305
1662757354002140522 0.03554081916809082
1662757354045482158 0.035170555114746094
1662757354088695287 0.03503131866455078
1662757354131732463 0.03491783142089844
1662757354175206899 0.03504061698913574
1662757354218442916 0.03543972969055176
1662757354261933803 0.03541302680969238
1662757354304901599 0.03604936599731445
1662757354347758769 0.035242557525634766
1662757354390312194 0.0345454216003418
1662757354432985544 0.03477835655212402
1662757354475749492 0.03447604179382324
1662757354518493175 0.03464841842651367
1662757354561317920 0.03494071960449219
1662757354604130268 0.035273075103759766
1662757354646982908 0.03522348403930664
1662757354689844846 0.0353856086730957
1662757354732687711 0.03480076789855957
1662757354775727272 0.03493666648864746
1662757354818386077 0.0345606803894043
1662757354861150979 0.0343782901763916
1662757354903779029 0.03455233573913574
1662757354946461439 0.03469419479370117
1662757354989238977 0.0345461368560791
1662757355032184839 0.03401517868041992
1662757355075134754 0.03470158576965332
1662757355118057012 0.03477668762207031
1662757355160982131 0.03416895866394043
1662757355203844070 0.03414130210876465
