using cuda:0 device.
18064
1662757578648409843 0.06012916564941406
1662757578694602251 0.040871381759643555
1662757578738448858 0.0402987003326416
1662757578782771110 0.039890289306640625
1662757578826827287 0.039834022521972656
1662757578870919466 0.039250850677490234
1662757578914794445 0.039533376693725586
1662757578958933830 0.03735804557800293
1662757579002330064 0.0342404842376709
1662757579045990228 0.03411436080932617
1662757579088760375 0.03434920310974121
1662757579132437705 0.034531593322753906
1662757579176568746 0.03529524803161621
1662757579219742059 0.03534436225891113
1662757579262919425 0.03512835502624512
1662757579306301355 0.034438133239746094
1662757579349639415 0.03419089317321777
1662757579393009662 0.0341486930847168
1662757579436075925 0.03455018997192383
1662757579479511260 0.034719228744506836
1662757579522840738 0.03452920913696289
1662757579566159248 0.034698486328125
1662757579609683036 0.03526473045349121
1662757579653003454 0.03478574752807617
1662757579696388721 0.034234046936035156
1662757579739595413 0.034132957458496094
1662757579782748222 0.034284114837646484
1662757579826267480 0.034481048583984375
1662757579869761466 0.03461861610412598
1662757579913096904 0.03490781784057617
1662757579956173658 0.034729957580566406
1662757579999663829 0.03422880172729492
1662757580042941331 0.03415870666503906
1662757580086275100 0.03438901901245117
1662757580129948139 0.03481340408325195
1662757580173333406 0.034632205963134766
1662757580216837644 0.03478384017944336
1662757580260118007 0.03468751907348633
1662757580303209781 0.034162044525146484
1662757580346568107 0.03431105613708496
1662757580389976978 0.03420615196228027
1662757580433188199 0.03444194793701172
1662757580476443290 0.03449273109436035
1662757580519555330 0.03472495079040527
1662757580563089370 0.034859657287597656
1662757580606314897 0.03430938720703125
1662757580649612903 0.03429675102233887
1662757580692899465 0.03449130058288574
1662757580736135721 0.03466606140136719
1662757580779562473 0.034708261489868164
1662757580822945356 0.034979820251464844
1662757580866221427 0.03510856628417969
1662757580909421920 0.03514719009399414
1662757580952597856 0.034711599349975586
1662757580996002674 0.03452491760253906
1662757581039129495 0.03435516357421875
1662757581082453727 0.03473258018493652
1662757581125905752 0.035051584243774414
1662757581169304609 0.035300493240356445
1662757581212668180 0.03474617004394531
1662757581255962848 0.034646034240722656
1662757581299345254 0.03429007530212402
1662757581342581033 0.03426623344421387
1662757581385863542 0.03455066680908203
1662757581429259538 0.03441286087036133
1662757581472666740 0.034750938415527344
1662757581516084432 0.034737586975097656
1662757581559292078 0.034438133239746094
1662757581602549791 0.03415536880493164
1662757581646186828 0.034173011779785156
1662757581689428806 0.034334421157836914
1662757581732595682 0.03417038917541504
1662757581775866031 0.03442788124084473
1662757581819067955 0.034987688064575195
1662757581862346172 0.03449749946594238
1662757581905579328 0.034403324127197266
1662757581948947668 0.03419613838195801
1662757581992273807 0.03463292121887207
1662757582035587787 0.034451961517333984
1662757582078824043 0.035210371017456055
1662757582122323274 0.03493857383728027
1662757582165748596 0.03481173515319824
1662757582209062337 0.034543514251708984
1662757582252637863 0.03481483459472656
1662757582295907735 0.034668684005737305
1662757582338944911 0.03467249870300293
1662757582382562637 0.03461170196533203
1662757582426109075 0.03541111946105957
1662757582470241069 0.034702301025390625
1662757582515744686 0.034287452697753906
1662757582559225559 0.034340858459472656
1662757582602741003 0.03462696075439453
1662757582646501779 0.034697771072387695
1662757582689937353 0.03483462333679199
1662757582733500242 0.03457450866699219
1662757582776654243 0.03417205810546875
1662757582819750547 0.03407621383666992
1662757582862783908 0.03432440757751465
1662757582905891656 0.03448343276977539
1662757582949318885 0.034399986267089844
1662757582992642164 0.0347750186920166
1662757583036079406 0.03477168083190918
1662757583079272985 0.034516096115112305
1662757583122364044 0.03444957733154297
1662757583165864944 0.03402876853942871
1662757583209322690 0.034200191497802734
1662757583252557277 0.03446316719055176
1662757583296234130 0.03496146202087402
1662757583339628458 0.03505682945251465
1662757583382946968 0.034697771072387695
1662757583426344156 0.03448367118835449
1662757583469871044 0.034140586853027344
1662757583513407945 0.034313201904296875
1662757583556647777 0.03501391410827637
1662757583600022554 0.03423929214477539
1662757583643234014 0.03463625907897949
1662757583686453819 0.03443622589111328
1662757583729740142 0.03427410125732422
1662757583773035526 0.03402209281921387
1662757583816344022 0.034122467041015625
1662757583859536647 0.03412890434265137
1662757583902883529 0.03399515151977539
1662757583946209907 0.03446459770202637
1662757583989509582 0.0346684455871582
1662757584032915353 0.0348813533782959
1662757584075926780 0.034676551818847656
1662757584119087934 0.03426647186279297
1662757584162309169 0.03437447547912598
1662757584205499887 0.034232378005981445
1662757584248683929 0.034651994705200195
1662757584291905879 0.03466916084289551
1662757584334954023 0.0347294807434082
1662757584378241300 0.03482174873352051
1662757584421684503 0.03436732292175293
1662757584465092182 0.03443479537963867
1662757584508230209 0.034255266189575195
1662757584551505804 0.03445839881896973
1662757584594883680 0.03464651107788086
1662757584638089895 0.034767866134643555
1662757584681512117 0.03490400314331055
1662757584724807977 0.034664154052734375
1662757584768325090 0.03421807289123535
1662757584811593532 0.03437066078186035
1662757584854866981 0.03474831581115723
1662757584898439645 0.03484392166137695
1662757584941710233 0.03512740135192871
1662757584984896183 0.0352325439453125
1662757585028129816 0.03511166572570801
1662757585071219444 0.03419208526611328
1662757585114409685 0.034535884857177734
1662757585157587528 0.03477621078491211
1662757585200853824 0.0345458984375
1662757585244270801 0.034900665283203125
1662757585287793159 0.03489351272583008
1662757585331158161 0.034942626953125
1662757585374524354 0.03461456298828125
1662757585418134450 0.0345454216003418
1662757585461559057 0.034618377685546875
1662757585504857063 0.034636735916137695
1662757585548462390 0.03489351272583008
1662757585591804504 0.035074710845947266
1662757585635065317 0.03513932228088379
1662757585678388118 0.03487110137939453
1662757585721718549 0.034578561782836914
1662757585765021085 0.0345606803894043
1662757585808009624 0.03475785255432129
1662757585851399183 0.03490281105041504
1662757585894825696 0.0349278450012207
1662757585938130855 0.03535294532775879
1662757585981404304 0.035092830657958984
1662757586024388790 0.03452253341674805
1662757586067741394 0.034446001052856445
1662757586110881567 0.03450512886047363
1662757586154246330 0.034766435623168945
1662757586197658777 0.03524184226989746
1662757586240793943 0.0352022647857666
1662757586284576654 0.03531646728515625
1662757586327810525 0.035172462463378906
1662757586371309518 0.03452944755554199
1662757586414642333 0.0345606803894043
1662757586458049535 0.03482651710510254
1662757586501925706 0.03468155860900879
1662757586545288562 0.03467392921447754
1662757586588663816 0.03529214859008789
1662757586632290363 0.03517937660217285
1662757586675723552 0.03488349914550781
1662757586719320774 0.03468918800354004
1662757586762638568 0.03470587730407715
1662757586806257247 0.03485369682312012
1662757586850152015 0.03482818603515625
1662757586893736600 0.03519916534423828
1662757586937160491 0.03525567054748535
1662757586980700254 0.034738779067993164
1662757587024352550 0.03434133529663086
1662757587067677497 0.03472280502319336
1662757587110927820 0.034905195236206055
1662757587154529333 0.03522801399230957
1662757587198127031 0.03535723686218262
1662757587241621255 0.034944772720336914
1662757587285157442 0.03463149070739746
1662757587328773260 0.03439474105834961
1662757587375324487 0.03494429588317871
1662757587419229030 0.03472566604614258
1662757587463085412 0.03489542007446289
1662757587506414890 0.03466224670410156
1662757587549786806 0.034493207931518555
1662757587592997550 0.03439188003540039
1662757587636308908 0.03453779220581055
1662757587679504394 0.03469276428222656
1662757587722657680 0.03476357460021973
1662757587765912532 0.0353395938873291
1662757587809106826 0.03527235984802246
1662757587852401494 0.034826040267944336
1662757587895701646 0.03502249717712402
1662757587939154386 0.03463935852050781
1662757587982432842 0.03486180305480957
1662757588025805473 0.034500837326049805
1662757588069244384 0.0351109504699707
1662757588112740516 0.03562188148498535
1662757588156319856 0.034685373306274414
1662757588199864625 0.03499436378479004
1662757588242901325 0.03442668914794922
1662757588286484241 0.03480839729309082
1662757588330028772 0.03490900993347168
1662757588373764514 0.035117387771606445
1662757588417307138 0.03522348403930664
1662757588460664510 0.03529071807861328
1662757588504188299 0.03503251075744629
1662757588547286033 0.03475499153137207
1662757588590594530 0.03460836410522461
1662757588634094476 0.03522014617919922
1662757588677450895 0.03487205505371094
1662757588720888614 0.0350041389465332
1662757588764158248 0.034871816635131836
1662757588807347059 0.03435373306274414
1662757588850527048 0.03441166877746582
1662757588893676042 0.034421682357788086
1662757588936911344 0.03522038459777832
1662757588980407714 0.03518319129943848
1662757589023710727 0.035019874572753906
1662757589066893339 0.034980058670043945
1662757589110025405 0.03425741195678711
1662757589153488159 0.034378767013549805
1662757589196709156 0.03409218788146973
1662757589240133285 0.03438091278076172
1662757589283606767 0.03436470031738281
1662757589326733827 0.03432416915893555
1662757589370113849 0.03513932228088379
1662757589413599491 0.03414511680603027
1662757589456954717 0.034102439880371094
1662757589500572681 0.033987998962402344
1662757589544034004 0.03436112403869629
1662757589587645769 0.034999847412109375
1662757589631030797 0.03510689735412598
1662757589674511671 0.035173654556274414
1662757589718006372 0.035169363021850586
1662757589761375427 0.0346217155456543
1662757589804921150 0.03478217124938965
1662757589848186254 0.03454327583312988
1662757589891622304 0.03502678871154785
1662757589934952020 0.03508305549621582
1662757589978520870 0.03519749641418457
1662757590022128105 0.0347895622253418
1662757590065481424 0.03459930419921875
1662757590108954668 0.034101009368896484
1662757590152543067 0.034458160400390625
1662757590196019411 0.03471183776855469
1662757590239580869 0.03517937660217285
1662757590283149003 0.03482532501220703
1662757590326410770 0.03447723388671875
1662757590369876384 0.03457164764404297
1662757590413131713 0.03426408767700195
1662757590456603765 0.03396463394165039
1662757590500108957 0.0347902774810791
1662757590543325662 0.03474068641662598
1662757590587049484 0.035193681716918945
1662757590630512714 0.034837961196899414
1662757590673826932 0.03435516357421875
1662757590717119693 0.03412437438964844
1662757590760388612 0.034395456314086914
1662757590803863286 0.03426527976989746
1662757590847121000 0.034377336502075195
1662757590890521526 0.034742116928100586
1662757590933794975 0.034754037857055664
1662757590977150678 0.03473329544067383
1662757591020738840 0.03447985649108887
1662757591064110994 0.03422403335571289
1662757591107500791 0.0345158576965332
1662757591150667428 0.03432631492614746
1662757591194035768 0.03516077995300293
1662757591237549066 0.034926414489746094
1662757591280859947 0.03493022918701172
1662757591324371337 0.034455299377441406
1662757591367739200 0.03451967239379883
1662757591411366224 0.03406786918640137
1662757591456036329 0.03483843803405762
1662757591499565839 0.035158395767211914
1662757591542971611 0.03481650352478027
1662757591586403608 0.03428530693054199
1662757591629776954 0.034028053283691406
1662757591673383712 0.03364825248718262
1662757591716898441 0.03383064270019531
1662757591760674476 0.0340728759765625
1662757591804458379 0.034612417221069336
1662757591848011732 0.03415656089782715
1662757591891823291 0.033905982971191406
1662757591935437202 0.03465104103088379
1662757591979006290 0.03424072265625
1662757592022830963 0.034348249435424805
1662757592066558122 0.03455018997192383
1662757592110435247 0.03444623947143555
1662757592154312849 0.03406882286071777
1662757592197849750 0.03438687324523926
1662757592241364955 0.0343022346496582
1662757592284836769 0.034265995025634766
1662757592328490734 0.03449058532714844
1662757592371941328 0.03499722480773926
1662757592415405750 0.03461456298828125
1662757592459005117 0.03433656692504883
1662757592502602100 0.03404569625854492
1662757592546097517 0.03399014472961426
1662757592589887142 0.03402876853942871
1662757592633606910 0.034255266189575195
1662757592680634737 0.035305023193359375
1662757592724684476 0.034538984298706055
1662757592768480777 0.03421473503112793
1662757592812057495 0.03440737724304199
1662757592855782032 0.034972429275512695
1662757592899483442 0.034848928451538086
1662757592943138122 0.03520345687866211
1662757592986796379 0.035028934478759766
1662757593030289649 0.03458452224731445
1662757593073831796 0.03484225273132324
1662757593117311239 0.03508901596069336
1662757593160886049 0.035297393798828125
1662757593204546928 0.03577685356140137
1662757593248102426 0.03492903709411621
1662757593291744709 0.03487372398376465
1662757593335262298 0.03447532653808594
1662757593378594398 0.03411126136779785
1662757593422132015 0.03464245796203613
1662757593465538024 0.034821510314941406
1662757593508900642 0.03494620323181152
1662757593552218675 0.03528332710266113
1662757593595329284 0.034662485122680664
1662757593638419389 0.03459763526916504
1662757593681741237 0.034935951232910156
1662757593725162982 0.03507256507873535
1662757593768337726 0.03511619567871094
1662757593811714887 0.03475642204284668
1662757593855049371 0.03549051284790039
1662757593898376941 0.03473401069641113
1662757593941593885 0.03477144241333008
1662757593985000610 0.03419041633605957
1662757594028328657 0.03387570381164551
1662757594071549177 0.03461599349975586
1662757594114922761 0.034520626068115234
1662757594158455610 0.03510117530822754
1662757594201719760 0.03525042533874512
1662757594244963169 0.0346832275390625
1662757594288302898 0.034410715103149414
1662757594331496953 0.03456425666809082
1662757594374652385 0.034897804260253906
1662757594417911767 0.03483319282531738
1662757594461504697 0.034853458404541016
1662757594504734516 0.03505969047546387
1662757594547898054 0.03514862060546875
1662757594591191530 0.034696340560913086
1662757594634416580 0.034894466400146484
1662757594677894830 0.03431534767150879
1662757594721093654 0.03491568565368652
1662757594764313697 0.0352170467376709
1662757594807764768 0.03528428077697754
1662757594851199150 0.03487586975097656
1662757594894630432 0.03464818000793457
1662757594937986850 0.03440666198730469
1662757594981294631 0.03400897979736328
1662757595024641990 0.0341944694519043
1662757595067753553 0.03457331657409668
1662757595111033439 0.03466510772705078
1662757595154506444 0.03506970405578613
1662757595197782278 0.03498029708862305
1662757595241008043 0.0346226692199707
1662757595284223556 0.034290313720703125
1662757595327567577 0.034247398376464844
1662757595370725154 0.034765005111694336
1662757595414138555 0.034708261489868164
1662757595457583665 0.03516221046447754
1662757595500871896 0.035085201263427734
1662757595544113397 0.0347902774810791
1662757595587239742 0.03442978858947754
1662757595630474328 0.03444194793701172
1662757595673794269 0.03449535369873047
1662757595717059135 0.03476381301879883
1662757595760492324 0.03471493721008301
1662757595803758382 0.034818410873413086
1662757595847111463 0.035002708435058594
1662757595890502929 0.0347447395324707
1662757595933809757 0.034668684005737305
1662757595977479934 0.034607887268066406
1662757596020892381 0.03477954864501953
1662757596064270019 0.03473186492919922
1662757596107820034 0.03500938415527344
1662757596151074886 0.03505659103393555
1662757596194215774 0.035015106201171875
1662757596237590551 0.03484058380126953
1662757596280915021 0.03451251983642578
1662757596324109554 0.03515625
1662757596367229938 0.034745216369628906
1662757596410640716 0.03494095802307129
1662757596454025745 0.03515768051147461
1662757596497375249 0.0356597900390625
1662757596540758132 0.03545641899108887
1662757596584022521 0.0343623161315918
1662757596627290964 0.03441643714904785
1662757596670464754 0.03474831581115723
1662757596713797330 0.03477644920349121
1662757596757220029 0.03512907028198242
1662757596800595521 0.035364389419555664
1662757596844186782 0.034787654876708984
1662757596887389421 0.0345463752746582
1662757596930611610 0.034357547760009766
1662757596974126815 0.03457331657409668
1662757597017532825 0.034864187240600586
1662757597060862779 0.03504061698913574
1662757597104249238 0.03513908386230469
1662757597147447109 0.034970760345458984
1662757597190880537 0.035428524017333984
1662757597234389781 0.03545403480529785
1662757597277939081 0.03556323051452637
1662757597321332216 0.03542470932006836
1662757597364896774 0.03514719009399414
1662757597408383846 0.035546302795410156
1662757597451440334 0.03532886505126953
1662757597494985580 0.03467059135437012
1662757597538503646 0.034601688385009766
1662757597581995248 0.034605979919433594
1662757597625530719 0.03503155708312988
1662757597668929815 0.03460574150085449
1662757597712406873 0.03462100028991699
1662757597755686044 0.03572559356689453
1662757597798917531 0.035224199295043945
1662757597842354536 0.03477311134338379
1662757597885743379 0.03483843803405762
1662757597929361820 0.035144805908203125
1662757597972845792 0.03581047058105469
1662757598016470193 0.035123586654663086
1662757598060180187 0.03557848930358887
1662757598103662729 0.03487849235534668
1662757598150789737 0.03451395034790039
1662757598194959402 0.034767866134643555
1662757598239037275 0.034715890884399414
1662757598282683849 0.03493094444274902
1662757598326390504 0.03519034385681152
1662757598370179176 0.03494691848754883
1662757598413922548 0.03489804267883301
1662757598457607984 0.03559064865112305
1662757598501225948 0.03557229042053223
1662757598545125961 0.035867929458618164
1662757598588856458 0.035414695739746094
1662757598632610321 0.034815073013305664
1662757598676092863 0.03513383865356445
1662757598719535827 0.03508710861206055
1662757598762998104 0.035102128982543945
1662757598806480169 0.03499913215637207
1662757598850020885 0.03555941581726074
1662757598893495082 0.03536081314086914
1662757598936594009 0.03542184829711914
1662757598979816675 0.03526949882507324
1662757599023179054 0.03471946716308594
1662757599066554784 0.03476262092590332
1662757599110162496 0.03524374961853027
1662757599153468370 0.03580760955810547
1662757599196716547 0.03615212440490723
1662757599240062475 0.035547494888305664
1662757599283513784 0.035147905349731445
1662757599326758623 0.034690141677856445
1662757599370229721 0.035188913345336914
1662757599413830995 0.03515148162841797
1662757599457212448 0.03549456596374512
1662757599500503301 0.03643083572387695
1662757599544146776 0.035608768463134766
1662757599587489128 0.03472590446472168
1662757599630791187 0.0348515510559082
1662757599673956394 0.03429985046386719
1662757599717058658 0.03500247001647949
1662757599760357618 0.03527569770812988
1662757599803579330 0.03540492057800293
1662757599846739530 0.035639047622680664
1662757599889903068 0.03512907028198242
1662757599933241605 0.034610748291015625
1662757599976559400 0.03467535972595215
1662757600019652605 0.03461766242980957
1662757600063111305 0.03507423400878906
1662757600106479644 0.03504610061645508
1662757600149816751 0.035109519958496094
1662757600193390607 0.034874677658081055
1662757600236696720 0.034650564193725586
1662757600279930830 0.03470635414123535
1662757600323089599 0.03409981727600098
1662757600366312265 0.03443002700805664
1662757600409586906 0.03461647033691406
1662757600452664375 0.03507876396179199
1662757600495800971 0.03524446487426758
1662757600539082288 0.035408735275268555
1662757600582492351 0.03523874282836914
1662757600625876426 0.03457522392272949
1662757600669061660 0.03454995155334473
1662757600712754249 0.034369707107543945
1662757600756266355 0.03488445281982422
1662757600799854278 0.035268545150756836
1662757600843455076 0.03508925437927246
1662757600886801242 0.034874916076660156
1662757600930628061 0.0345916748046875
1662757600974124193 0.034363746643066406
1662757601017728328 0.034952640533447266
1662757601061422348 0.035056352615356445
1662757601104847192 0.03523898124694824
1662757601148186683 0.035263776779174805
1662757601191480398 0.034708499908447266
1662757601234677553 0.03444647789001465
1662757601278027057 0.03464341163635254
1662757601321290731 0.034776926040649414
1662757601364901065 0.03503990173339844
1662757601408105134 0.03519248962402344
1662757601451302289 0.035253047943115234
1662757601494372129 0.034874916076660156
1662757601537349700 0.034702301025390625
1662757601580602645 0.034361839294433594
1662757601623549938 0.03452301025390625
1662757601666575908 0.03501009941101074
1662757601709683418 0.03521609306335449
1662757601752787113 0.03509092330932617
1662757601795622825 0.03509163856506348
1662757601838416337 0.03516411781311035
1662757601881372213 0.03492879867553711
1662757601924216747 0.034430503845214844
1662757601967179536 0.03460955619812012
1662757602010170936 0.035123586654663086
1662757602053250074 0.03523588180541992
1662757602096519947 0.0352625846862793
1662757602139564752 0.03525066375732422
1662757602182812452 0.03549504280090332
1662757602226110219 0.03540158271789551
1662757602269229650 0.03452301025390625
1662757602312431097 0.03427267074584961
1662757602355340480 0.034647464752197266
1662757602398336648 0.034964561462402344
1662757602441552162 0.035089969635009766
1662757602484887838 0.03547549247741699
1662757602528270483 0.03538942337036133
1662757602571296930 0.035318613052368164
1662757602614736557 0.035132646560668945
1662757602657907009 0.03465008735656738
1662757602700965404 0.034777164459228516
1662757602744235277 0.034551382064819336
1662757602787302255 0.03490257263183594
1662757602830526828 0.035373687744140625
1662757602873754024 0.0354611873626709
1662757602916970729 0.035103797912597656
1662757602959986209 0.03481864929199219
1662757603003088474 0.034706830978393555
1662757603046258926 0.03525209426879883
1662757603089339017 0.03580355644226074
1662757603132864952 0.03567361831665039
1662757603176054716 0.03559708595275879
1662757603219349622 0.03560280799865723
1662757603262411594 0.03551888465881348
1662757603305723905 0.03483438491821289
1662757603349211215 0.034674644470214844
1662757603392507553 0.03522348403930664
1662757603435826539 0.035427093505859375
1662757603479033946 0.03601193428039551
1662757603522383928 0.03583240509033203
1662757603565561771 0.035979509353637695
1662757603608837366 0.03534245491027832
1662757603656067371 0.03574776649475098
1662757603699898958 0.03559684753417969
1662757603743582725 0.03578996658325195
1662757603786994934 0.036101341247558594
1662757603830406188 0.03509092330932617
1662757603873660564 0.03526186943054199
1662757603916887760 0.03464078903198242
1662757603959965229 0.035100460052490234
1662757604003207683 0.03497624397277832
1662757604046254634 0.0357968807220459
1662757604089524507 0.035836219787597656
1662757604132969379 0.03548121452331543
1662757604176100492 0.03465533256530762
1662757604219336986 0.034879207611083984
1662757604262527704 0.034677982330322266
1662757604305714130 0.034958600997924805
1662757604348885059 0.03505301475524902
1662757604392182826 0.03503584861755371
1662757604435511589 0.03474712371826172
1662757604478600025 0.03430986404418945
1662757604521821022 0.03430938720703125
1662757604565110445 0.03412127494812012
1662757604608082532 0.034108638763427734
1662757604651370763 0.034284114837646484
