using cuda:0 device.
17697
1662757496014745950 0.05994009971618652
1662757496060466527 0.04111981391906738
1662757496104487895 0.04076242446899414
1662757496148548126 0.04024052619934082
1662757496192643165 0.03807520866394043
1662757496237110853 0.03419089317321777
1662757496281252622 0.034059762954711914
1662757496325451850 0.03428363800048828
1662757496368920326 0.0341944694519043
1662757496412449836 0.03444933891296387
1662757496455315351 0.034395694732666016
1662757496499049425 0.03481340408325195
1662757496543137788 0.03468656539916992
1662757496586291313 0.03476762771606445
1662757496629756450 0.034348487854003906
1662757496672928571 0.034422874450683594
1662757496716397285 0.03422713279724121
1662757496759909391 0.03451871871948242
1662757496803158760 0.03491926193237305
1662757496846626281 0.03487205505371094
1662757496889941692 0.03467369079589844
1662757496933109760 0.03430986404418945
1662757496976538181 0.034311532974243164
1662757497019850969 0.03424501419067383
1662757497063314676 0.03444409370422363
1662757497106691598 0.034342050552368164
1662757497150138378 0.03459978103637695
1662757497193411588 0.03473234176635742
1662757497236689805 0.034200191497802734
1662757497280071973 0.034171342849731445
1662757497323311328 0.03419184684753418
1662757497366484403 0.03424811363220215
1662757497410043478 0.03416109085083008
1662757497453505277 0.03446149826049805
1662757497496809244 0.03438687324523926
1662757497540105104 0.03411602973937988
1662757497583308458 0.03493976593017578
1662757497626594305 0.03447246551513672
1662757497669939517 0.034148454666137695
1662757497713314533 0.03424882888793945
1662757497756596326 0.034432172775268555
1662757497799993038 0.03439950942993164
1662757497843398809 0.0346064567565918
1662757497886623144 0.034789323806762695
1662757497929985284 0.03435158729553223
1662757497973252773 0.03429055213928223
1662757498016441106 0.03424715995788574
1662757498059446334 0.03464674949645996
1662757498102519750 0.03466010093688965
1662757498145891427 0.03476142883300781
1662757498188999176 0.03509521484375
1662757498232514619 0.03473186492919922
1662757498275993824 0.03470730781555176
1662757498319071531 0.03464031219482422
1662757498362313270 0.03452014923095703
1662757498405737876 0.034752845764160156
1662757498449149847 0.034513235092163086
1662757498492495059 0.03516340255737305
1662757498535902023 0.035269737243652344
1662757498579515457 0.03429555892944336
1662757498622727632 0.03451204299926758
1662757498666213035 0.034230947494506836
1662757498709622859 0.03449392318725586
1662757498752974987 0.03461503982543945
1662757498796702623 0.03449225425720215
1662757498840057611 0.034581899642944336
1662757498883147478 0.03438735008239746
1662757498926442146 0.03450942039489746
1662757498969743251 0.03441429138183594
1662757499013042211 0.034429073333740234
1662757499056351423 0.03427886962890625
1662757499099391460 0.03427529335021973
1662757499142634391 0.03462338447570801
1662757499185857534 0.0347750186920166
1662757499229071378 0.03450155258178711
1662757499272391080 0.034462690353393555
1662757499315783739 0.03412628173828125
1662757499359119176 0.034395456314086914
1662757499402286052 0.034433603286743164
1662757499445592641 0.035398244857788086
1662757499488770484 0.03489565849304199
1662757499532233476 0.03450655937194824
1662757499575493097 0.03434944152832031
1662757499618540525 0.034778594970703125
1662757499661890268 0.03469514846801758
1662757499705108165 0.03465771675109863
1662757499748655319 0.03468823432922363
1662757499792021274 0.03492236137390137
1662757499835286617 0.03456830978393555
1662757499879524946 0.03428769111633301
1662757499924721240 0.03453850746154785
1662757499968398809 0.034738779067993164
1662757500012324094 0.034842491149902344
1662757500055517196 0.03484988212585449
1662757500098738670 0.034515380859375
1662757500141890048 0.03421926498413086
1662757500184862136 0.03405141830444336
1662757500228074073 0.03414463996887207
1662757500270962238 0.03436398506164551
1662757500314098596 0.034429073333740234
1662757500357415914 0.034774065017700195
1662757500400592803 0.03465843200683594
1662757500443498611 0.034560441970825195
1662757500486496686 0.0344386100769043
1662757500529762506 0.033945322036743164
1662757500572703838 0.03393912315368652
1662757500616062402 0.0342257022857666
1662757500659253358 0.034616947174072266
1662757500702382802 0.03460526466369629
1662757500745691537 0.03506112098693848
1662757500788989782 0.03482317924499512
1662757500832395792 0.03419828414916992
1662757500875923633 0.03419375419616699
1662757500919156551 0.03412628173828125
1662757500962469339 0.0341033935546875
1662757501005662679 0.03457140922546387
1662757501049090385 0.03487563133239746
1662757501092295646 0.034328460693359375
1662757501135482549 0.034169673919677734
1662757501178818702 0.03410458564758301
1662757501222018718 0.03403902053833008
1662757501265146017 0.03438162803649902
1662757501308486700 0.03427839279174805
1662757501351757287 0.03441643714904785
1662757501394966602 0.03485274314880371
1662757501438205480 0.034622907638549805
1662757501481448411 0.03423285484313965
1662757501524536848 0.034204959869384766
1662757501567888498 0.034142255783081055
1662757501611155271 0.03472542762756348
1662757501654345750 0.0346379280090332
1662757501697613477 0.034874677658081055
1662757501740748882 0.03486943244934082
1662757501784081697 0.0343019962310791
1662757501827411174 0.03429102897644043
1662757501870466709 0.03402566909790039
1662757501914058685 0.03400540351867676
1662757501957321405 0.034203529357910156
1662757502000687837 0.03472447395324707
1662757502044241666 0.03463006019592285
1662757502087342739 0.034864187240600586
1662757502130727052 0.03450131416320801
1662757502173921346 0.03437042236328125
1662757502217231512 0.03452706336975098
1662757502260370016 0.0344243049621582
1662757502303754091 0.034815311431884766
1662757502347175359 0.03475618362426758
1662757502390401601 0.03524136543273926
1662757502433803558 0.03489995002746582
1662757502477224349 0.03450298309326172
1662757502520535945 0.03463315963745117
1662757502563695907 0.034380197525024414
1662757502606855154 0.034619808197021484
1662757502650315999 0.03444790840148926
1662757502693592786 0.034714698791503906
1662757502736830472 0.034741878509521484
1662757502780496835 0.034738779067993164
1662757502823851823 0.034574270248413086
1662757502867242574 0.034537315368652344
1662757502910588264 0.03464841842651367
1662757502954070091 0.0346529483795166
1662757502997497081 0.034970760345458984
1662757503040780305 0.035378217697143555
1662757503084029674 0.03472161293029785
1662757503127126455 0.03429007530212402
1662757503170236349 0.03433847427368164
1662757503213406324 0.03461790084838867
1662757503256890296 0.035042524337768555
1662757503300373792 0.035027265548706055
1662757503343579530 0.035160064697265625
1662757503386848688 0.03482508659362793
1662757503430152416 0.034691572189331055
1662757503473361968 0.03434920310974121
1662757503516920566 0.0345606803894043
1662757503560306549 0.03510022163391113
1662757503603446245 0.03479456901550293
1662757503646794319 0.03501534461975098
1662757503689923524 0.03560686111450195
1662757503733378887 0.0347895622253418
1662757503776664733 0.03461122512817383
1662757503820103168 0.03461003303527832
1662757503863657712 0.03467750549316406
1662757503907093286 0.03455495834350586
1662757503950514316 0.0353245735168457
1662757503993921756 0.03541421890258789
1662757504037556171 0.034703731536865234
1662757504080841302 0.03446602821350098
1662757504124083042 0.03465604782104492
1662757504167467594 0.03458523750305176
1662757504210917949 0.03481245040893555
1662757504254539251 0.034879446029663086
1662757504297979354 0.03501391410827637
1662757504341542720 0.034966468811035156
1662757504385095834 0.03446626663208008
1662757504428371191 0.034586429595947266
1662757504471840858 0.03455638885498047
1662757504515201330 0.03453207015991211
1662757504558656215 0.03487586975097656
1662757504602282524 0.03495526313781738
1662757504645927190 0.03478264808654785
1662757504689321517 0.03449249267578125
1662757504732838869 0.03440070152282715
1662757504779229879 0.03455781936645508
1662757504822932720 0.03438067436218262
1662757504866693019 0.03486466407775879
1662757504910041093 0.034942626953125
1662757504953442096 0.03439593315124512
1662757504996695280 0.034201622009277344
1662757505039896011 0.03419613838195801
1662757505083153247 0.034474849700927734
1662757505126381635 0.034815073013305664
1662757505169743776 0.03508877754211426
1662757505212979555 0.03528475761413574
1662757505256392955 0.035243988037109375
1662757505299503564 0.03465080261230469
1662757505342907905 0.034474849700927734
1662757505386085987 0.03436923027038574
1662757505429376840 0.03456878662109375
1662757505472689867 0.03538775444030762
1662757505516006469 0.03503608703613281
1662757505559359073 0.03539299964904785
1662757505602740049 0.03457188606262207
1662757505646347522 0.03450322151184082
1662757505689597129 0.0359044075012207
1662757505733278989 0.03452014923095703
1662757505776566028 0.03483462333679199
1662757505819962263 0.03546547889709473
1662757505863295316 0.03523421287536621
1662757505906419754 0.03489995002746582
1662757505949774742 0.034516096115112305
1662757505992937326 0.03472638130187988
1662757506036221504 0.03451418876647949
1662757506079541683 0.034501075744628906
1662757506122842788 0.034767866134643555
1662757506166195154 0.03481793403625488
1662757506209422111 0.03472495079040527
1662757506252998828 0.03443622589111328
1662757506296383380 0.0347900390625
1662757506339787483 0.034774065017700195
1662757506383195638 0.03459787368774414
1662757506426423788 0.03502964973449707
1662757506470034599 0.03474092483520508
1662757506513517856 0.034810781478881836
1662757506556970596 0.0340423583984375
1662757506600308179 0.03415846824645996
1662757506643782138 0.034194231033325195
1662757506687273740 0.033918142318725586
1662757506730570316 0.03472328186035156
1662757506773885488 0.03439640998840332
1662757506817335367 0.03454470634460449
1662757506860789537 0.034162044525146484
1662757506904605627 0.03435111045837402
1662757506948088169 0.03481411933898926
1662757506991372346 0.03488898277282715
1662757507035079479 0.0349125862121582
1662757507078539371 0.03496980667114258
1662757507122173070 0.03509664535522461
1662757507165433168 0.03474068641662598
1662757507208602428 0.03476715087890625
1662757507252279043 0.034718990325927734
1662757507295506715 0.03460812568664551
1662757507338956117 0.03495001792907715
1662757507382547855 0.035147905349731445
1662757507426137924 0.03477835655212402
1662757507469820737 0.03431439399719238
1662757507513245344 0.034413814544677734
1662757507556843280 0.03472423553466797
1662757507600413084 0.0347592830657959
1662757507643717288 0.034763336181640625
1662757507687060594 0.03456425666809082
1662757507730229616 0.034680843353271484
1662757507773424625 0.034494876861572266
1662757507816491842 0.03388690948486328
1662757507859849214 0.034475088119506836
1662757507903065681 0.034691572189331055
1662757507946420431 0.03497767448425293
1662757507989857196 0.03490138053894043
1662757508033088684 0.03473949432373047
1662757508076336383 0.03424334526062012
1662757508119728088 0.03441357612609863
1662757508162856817 0.03399348258972168
1662757508206012248 0.03436756134033203
1662757508249482154 0.03439044952392578
1662757508292515993 0.03454017639160156
1662757508335804700 0.035070180892944336
1662757508378917694 0.03464031219482422
1662757508422231435 0.034277915954589844
1662757508465639352 0.03451275825500488
1662757508509002208 0.034377336502075195
1662757508552412748 0.03447771072387695
1662757508595602512 0.03470015525817871
1662757508639119386 0.03511786460876465
1662757508682642221 0.03465723991394043
1662757508726064205 0.03440594673156738
1662757508769541978 0.033963918685913086
1662757508812933444 0.0346221923828125
1662757508856533050 0.03452706336975098
1662757508899977684 0.03483891487121582
1662757508943402767 0.03473711013793945
1662757508987044334 0.03436112403869629
1662757509030476331 0.03374934196472168
1662757509073808670 0.033449411392211914
1662757509117390155 0.03362751007080078
1662757509160979986 0.034299612045288086
1662757509204836130 0.03464174270629883
1662757509248642206 0.03431892395019531
1662757509292317390 0.0345768928527832
1662757509336139202 0.03417348861694336
1662757509379774093 0.03392839431762695
1662757509423736572 0.034330129623413086
1662757509467691659 0.03450489044189453
1662757509511322975 0.03468894958496094
1662757509555113554 0.034871578216552734
1662757509598691940 0.03454875946044922
1662757509642153739 0.03404378890991211
1662757509685581207 0.03444957733154297
1662757509729050636 0.0347745418548584
1662757509772745609 0.03485703468322754
1662757509816361427 0.035216331481933594
1662757509860243558 0.03436779975891113
1662757509903736591 0.03423309326171875
1662757509947318553 0.03421378135681152
1662757509991067647 0.03456234931945801
1662757510034933328 0.03484916687011719
1662757510082132816 0.034738779067993164
1662757510126265287 0.03436088562011719
1662757510170629978 0.034642934799194336
1662757510214233875 0.03509521484375
1662757510258147954 0.03490257263183594
1662757510301803588 0.0353240966796875
1662757510345209598 0.03511238098144531
1662757510388828516 0.03450131416320801
1662757510432227611 0.03493785858154297
1662757510475767850 0.035134077072143555
1662757510519241809 0.03492999076843262
1662757510562715291 0.035228729248046875
1662757510606478452 0.03476834297180176
1662757510650073766 0.03490877151489258
1662757510693540096 0.034517526626586914
1662757510737036466 0.03408980369567871
1662757510780316352 0.034522294998168945
1662757510823946952 0.03467559814453125
1662757510867462158 0.034497976303100586
1662757510910678386 0.03488922119140625
1662757510954344511 0.03479957580566406
1662757510997676372 0.03465914726257324
1662757511040968179 0.034848690032958984
1662757511084246635 0.0345914363861084
1662757511127552747 0.034746408462524414
1662757511170872688 0.03473258018493652
1662757511214145421 0.03525209426879883
1662757511257517814 0.03487253189086914
1662757511300874471 0.034682273864746094
1662757511344135999 0.03404569625854492
1662757511387334108 0.03412675857543945
1662757511430438518 0.034400224685668945
1662757511473924636 0.034647226333618164
1662757511517101049 0.0348508358001709
1662757511560531139 0.0348966121673584
1662757511603929996 0.03487443923950195
1662757511647080659 0.03441977500915527
1662757511690545320 0.034348249435424805
1662757511733865261 0.03446245193481445
1662757511776966094 0.03444933891296387
1662757511820428609 0.034726858139038086
1662757511864011049 0.03461575508117676
1662757511907187700 0.03484487533569336
1662757511950475454 0.034766197204589844
1662757511993625402 0.03444838523864746
1662757512036754608 0.03425455093383789
1662757512080040216 0.03439188003540039
1662757512123648166 0.03481721878051758
1662757512166908740 0.034848690032958984
1662757512210290193 0.034816741943359375
1662757512253819942 0.034702301025390625
1662757512297023534 0.03425002098083496
1662757512340234279 0.03386187553405762
1662757512383335828 0.03414511680603027
1662757512426854133 0.034391164779663086
1662757512470093250 0.03472638130187988
1662757512513334035 0.034929513931274414
1662757512556952476 0.034986019134521484
1662757512599963665 0.0344080924987793
1662757512643211603 0.0342864990234375
1662757512686531305 0.034191131591796875
1662757512729773759 0.034616708755493164
1662757512773375272 0.03467583656311035
1662757512816630601 0.03482985496520996
1662757512860045909 0.03490471839904785
1662757512903313398 0.03447604179382324
1662757512946338891 0.03448224067687988
1662757512989647865 0.03459286689758301
1662757513032913208 0.03435969352722168
1662757513076363325 0.03434133529663086
1662757513119464159 0.034455299377441406
1662757513162667036 0.03458762168884277
1662757513206138610 0.03520774841308594
1662757513249397039 0.035025835037231445
1662757513292605638 0.034684181213378906
1662757513335963487 0.03443288803100586
1662757513379343271 0.03447556495666504
1662757513422619819 0.035039663314819336
1662757513466141223 0.03479719161987305
1662757513509618520 0.03513455390930176
1662757513552935123 0.035059452056884766
1662757513595918416 0.0346531867980957
1662757513638967514 0.03456926345825195
1662757513682191133 0.035060882568359375
1662757513725711822 0.034731149673461914
1662757513769088506 0.03492307662963867
1662757513812525272 0.03502058982849121
1662757513856003999 0.035747528076171875
1662757513899004697 0.03530478477478027
1662757513942424535 0.03449821472167969
1662757513985593080 0.03450894355773926
1662757514028952360 0.03438711166381836
1662757514072361469 0.03501176834106445
1662757514115896463 0.035115718841552734
1662757514159384250 0.03516435623168945
1662757514202637672 0.034918785095214844
1662757514245944499 0.03469586372375488
1662757514289660692 0.03549528121948242
1662757514332813739 0.03487372398376465
1662757514376331329 0.03482818603515625
1662757514419752597 0.034877777099609375
1662757514463152170 0.03519797325134277
1662757514506796121 0.03525686264038086
1662757514550246953 0.03553485870361328
1662757514593667268 0.03566908836364746
1662757514637232065 0.035544395446777344
1662757514680529117 0.03539848327636719
1662757514723838806 0.03516411781311035
1662757514767452001 0.03521370887756348
1662757514810551881 0.03530097007751465
1662757514854088783 0.03487753868103027
1662757514897395610 0.03471231460571289
1662757514940454006 0.03455615043640137
1662757514983512878 0.034821510314941406
1662757515027029275 0.03478693962097168
1662757515070532798 0.034897565841674805
1662757515113919734 0.035503387451171875
1662757515157533168 0.035164833068847656
1662757515200899839 0.03475546836853027
1662757515244555711 0.034787893295288086
1662757515287987709 0.035248517990112305
1662757515331617593 0.0353701114654541
1662757515375112295 0.03520393371582031
1662757515418452501 0.03554725646972656
1662757515462101697 0.03502511978149414
1662757515505748510 0.03476119041442871
1662757515552547693 0.034770965576171875
1662757515596456050 0.034761905670166016
1662757515640403270 0.034903764724731445
1662757515683864831 0.03501415252685547
1662757515727377891 0.03479933738708496
1662757515771028518 0.035001277923583984
1662757515814482927 0.03543663024902344
1662757515858415603 0.03518104553222656
1662757515902139186 0.03567314147949219
1662757515945685148 0.035311222076416016
1662757515989266395 0.0348355770111084
1662757516032936334 0.035095930099487305
1662757516076776981 0.03513813018798828
1662757516120048284 0.03500652313232422
1662757516163609027 0.03479361534118652
1662757516206881284 0.03539538383483887
1662757516250169038 0.03541302680969238
1662757516293462991 0.03543353080749512
1662757516336446762 0.03548741340637207
1662757516379846334 0.03468728065490723
1662757516423052072 0.034647226333618164
1662757516466337442 0.03505539894104004
1662757516509811639 0.03586149215698242
1662757516552967309 0.035761117935180664
1662757516596099376 0.03543686866760254
1662757516639269590 0.03497052192687988
1662757516682409524 0.034441232681274414
1662757516725667476 0.03480362892150879
1662757516768811941 0.03476834297180176
1662757516812123060 0.034790992736816406
1662757516855161190 0.03540945053100586
1662757516898367166 0.03526806831359863
1662757516941664457 0.034989356994628906
1662757516984741926 0.03478097915649414
1662757517028340339 0.0341794490814209
1662757517071486473 0.03469204902648926
1662757517114731311 0.03513193130493164
1662757517158092975 0.03490114212036133
1662757517201274394 0.0356597900390625
1662757517244845151 0.03540802001953125
1662757517288211345 0.034567832946777344
1662757517331379890 0.034720420837402344
1662757517374772548 0.0343019962310791
1662757517417959690 0.03472733497619629
1662757517461447238 0.03457379341125488
1662757517504709959 0.035007476806640625
1662757517547953605 0.034654855728149414
1662757517591223239 0.03463125228881836
1662757517634541273 0.034436702728271484
1662757517677969217 0.0341339111328125
1662757517721014022 0.034070491790771484
1662757517764301300 0.03438830375671387
1662757517807531833 0.0349729061126709
1662757517850897312 0.034960269927978516
1662757517894248962 0.03497815132141113
1662757517937443733 0.03505086898803711
1662757517980681896 0.03450345993041992
1662757518023995637 0.034369468688964844
1662757518067410469 0.034358978271484375
1662757518111087083 0.03472447395324707
1662757518154528856 0.03530740737915039
1662757518197937250 0.03522825241088867
1662757518241267681 0.03476262092590332
1662757518284721612 0.03431367874145508
1662757518328584671 0.03426027297973633
1662757518372226715 0.03483295440673828
1662757518415912389 0.03479743003845215
1662757518459450960 0.035035133361816406
1662757518502797842 0.03524494171142578
1662757518546256780 0.03465390205383301
1662757518589679002 0.03454160690307617
1662757518633136272 0.03446841239929199
1662757518676779270 0.03472399711608887
1662757518720067739 0.0347139835357666
1662757518763586044 0.0350801944732666
1662757518806814432 0.035074710845947266
1662757518850010395 0.034525156021118164
1662757518893447637 0.0345461368560791
1662757518936611890 0.03435182571411133
1662757518979696273 0.03473615646362305
1662757519022715330 0.03481030464172363
1662757519066048860 0.0349729061126709
1662757519109282016 0.03514552116394043
1662757519152144908 0.0349583625793457
1662757519195144653 0.03448915481567383
1662757519238019466 0.03557157516479492
1662757519281173467 0.0344233512878418
1662757519324041128 0.03501272201538086
1662757519367344141 0.035035133361816406
1662757519410298585 0.03490614891052246
1662757519453346490 0.035451412200927734
1662757519496685743 0.03528404235839844
1662757519539670228 0.03506207466125488
1662757519582663059 0.03487730026245117
1662757519625917673 0.034456491470336914
1662757519669042348 0.0343472957611084
1662757519712094306 0.034954071044921875
1662757519755053043 0.03475761413574219
1662757519798079013 0.03531503677368164
1662757519841320276 0.0354924201965332
1662757519884444952 0.03491544723510742
1662757519927569150 0.03492569923400879
1662757519970860242 0.03474593162536621
1662757520014222145 0.034931182861328125
1662757520057407140 0.03499436378479004
1662757520100504636 0.03452563285827637
1662757520143586158 0.03517436981201172
1662757520186440229 0.03546953201293945
1662757520229627609 0.035016536712646484
1662757520272818088 0.03471875190734863
1662757520315813064 0.03477215766906738
1662757520358703136 0.03480052947998047
1662757520401733398 0.03545665740966797
1662757520445225238 0.03672289848327637
1662757520488427639 0.035787343978881836
1662757520531653404 0.035416364669799805
1662757520574816942 0.035324811935424805
1662757520618084669 0.035154104232788086
1662757520661423444 0.03463029861450195
1662757520704300642 0.0350489616394043
1662757520747697114 0.034981489181518555
1662757520790783643 0.035418033599853516
1662757520834106683 0.03591489791870117
1662757520877535820 0.03588676452636719
1662757520920616388 0.0353856086730957
1662757520963858127 0.035048484802246094
1662757521007039308 0.03532052040100098
1662757521053882837 0.03553652763366699
1662757521097882986 0.035806894302368164
1662757521141511678 0.035996437072753906
1662757521184722661 0.03475761413574219
1662757521227849960 0.03513813018798828
1662757521270908355 0.03478384017944336
1662757521314283370 0.03504371643066406
1662757521357418298 0.03517341613769531
1662757521400553941 0.03542733192443848
1662757521443909406 0.035224199295043945
1662757521486963510 0.035340070724487305
1662757521530181169 0.034760475158691406
1662757521573532342 0.0350794792175293
1662757521616371154 0.034555912017822266
1662757521659401178 0.03486323356628418
1662757521702506542 0.034909725189208984
1662757521745784282 0.0348358154296875
1662757521788928508 0.035004377365112305
1662757521832395553 0.0345609188079834
1662757521875743150 0.034429073333740234
1662757521919108390 0.03397321701049805
1662757521962315559 0.03412199020385742
1662757522005455732 0.03444623947143555
