using cuda:0 device.
24869
1662933238608452796 0.07345342636108398
1662933238671102285 0.05128884315490723
1662933238732111692 0.052181243896484375
1662933238792336225 0.04039478302001953
1662933238852734565 0.047074079513549805
1662933238913232803 0.04179549217224121
1662933238973711967 0.04192376136779785
1662933239033646583 0.04160046577453613
1662933239093967914 0.04198312759399414
1662933239154325962 0.04200100898742676
1662933239214477777 0.04333806037902832
1662933239274379730 0.042603254318237305
1662933239334269762 0.04203009605407715
1662933239394722461 0.04213523864746094
1662933239455186128 0.04197049140930176
1662933239515369415 0.041907548904418945
1662933239575858354 0.041750431060791016
1662933239635978937 0.04183030128479004
1662933239696035623 0.04155158996582031
1662933239756345272 0.04194140434265137
1662933239816459178 0.04166007041931152
1662933239877323865 0.04157543182373047
1662933239937205076 0.04237723350524902
1662933239997164726 0.049497365951538086
1662933240057164430 0.04180335998535156
1662933240117158651 0.04136967658996582
1662933240178004741 0.04141497611999512
1662933240238191843 0.041481971740722656
1662933240298867702 0.04121804237365723
1662933240359165668 0.04157233238220215
1662933240419223785 0.04139900207519531
1662933240479244947 0.04143667221069336
1662933240538986206 0.04139065742492676
1662933240599192380 0.041486501693725586
1662933240659170389 0.04153847694396973
1662933240719291925 0.041300296783447266
1662933240779341220 0.04126572608947754
1662933240839280843 0.041429996490478516
1662933240899285316 0.041259765625
1662933240959203243 0.04167914390563965
1662933241019506931 0.041860103607177734
1662933241079647302 0.04140734672546387
1662933241139493703 0.041522979736328125
1662933241199470043 0.04144644737243652
1662933241259289741 0.04140162467956543
1662933241319112539 0.04150128364562988
1662933241379153251 0.04154181480407715
1662933241439004421 0.04181504249572754
1662933241499260663 0.041640520095825195
1662933241559201240 0.041837215423583984
1662933241619992494 0.04188370704650879
1662933241679963111 0.04162955284118652
1662933241740169525 0.04192638397216797
1662933241800123453 0.04212546348571777
1662933241860250949 0.04217934608459473
1662933241920133352 0.04156064987182617
1662933241980174541 0.04177498817443848
1662933242040870189 0.04164743423461914
1662933242101202487 0.044069766998291016
1662933242161142587 0.04180288314819336
1662933242221053600 0.0422666072845459
1662933242281276941 0.04173088073730469
1662933242341228961 0.04190397262573242
1662933242401822090 0.0416259765625
1662933242461877584 0.041304588317871094
1662933242522164106 0.041718244552612305
1662933242582315921 0.041237831115722656
1662933242642430543 0.04172015190124512
1662933242702530622 0.04169130325317383
1662933242762958288 0.04142427444458008
1662933242822683572 0.041434526443481445
1662933242882556915 0.04121756553649902
1662933242942932128 0.041487693786621094
1662933243002938270 0.041561126708984375
1662933243063032627 0.04132962226867676
1662933243122910737 0.04170346260070801
1662933243183044672 0.04138064384460449
1662933243242945909 0.041506290435791016
1662933243303261041 0.04132652282714844
1662933243363299608 0.041893959045410156
1662933243423364639 0.04149317741394043
1662933243483398914 0.041588544845581055
1662933243544237613 0.04097700119018555
1662933243605615139 0.04197883605957031
1662933243665400028 0.04156136512756348
1662933243725208997 0.04171633720397949
1662933243785116910 0.041582345962524414
1662933243845019102 0.04152679443359375
1662933243904956102 0.04170584678649902
1662933243965147018 0.04170036315917969
1662933244024994134 0.041835784912109375
1662933244084754943 0.041265010833740234
1662933244144486665 0.04192924499511719
1662933244204217672 0.04215812683105469
1662933244263966560 0.0415644645690918
1662933244323804378 0.04189491271972656
1662933244383439302 0.04271578788757324
1662933244443003654 0.03398418426513672
1662933244503089666 0.03751230239868164
1662933244563059091 0.04177665710449219
1662933244622765541 0.04256439208984375
1662933244682468414 0.043226003646850586
1662933244742255687 0.03434014320373535
1662933244802358627 0.03600144386291504
1662933244862254142 0.042484283447265625
1662933244922078609 0.033834218978881836
1662933244982236146 0.03425860404968262
1662933245042126893 0.04272055625915527
1662933245102056503 0.03444170951843262
1662933245161661386 0.043354034423828125
1662933245221850633 0.03410148620605469
1662933245282131433 0.034223079681396484
1662933245342179059 0.043093204498291016
1662933245402385234 0.033861398696899414
1662933245462414503 0.04217696189880371
1662933245522575855 0.03404426574707031
1662933245582858324 0.04118609428405762
1662933245643107175 0.03589320182800293
1662933245703067541 0.03461861610412598
1662933245763152837 0.0410761833190918
1662933245823343276 0.03412914276123047
1662933245883797407 0.04250168800354004
1662933245944180488 0.0338742733001709
1662933246004317045 0.03415846824645996
1662933246065264463 0.03604722023010254
1662933246125562429 0.03447413444519043
1662933246185755729 0.04243779182434082
1662933246245878219 0.03426480293273926
1662933246305799007 0.034071922302246094
1662933246366303682 0.03432011604309082
1662933246426059484 0.03429150581359863
1662933246486430406 0.039125919342041016
1662933246546771764 0.03423762321472168
1662933246606857299 0.04426264762878418
1662933246667052745 0.03435182571411133
1662933246727235317 0.04270124435424805
1662933246787361860 0.03451037406921387
1662933246847092390 0.034478187561035156
1662933246907785892 0.03914594650268555
1662933246967978715 0.03438544273376465
1662933247028735637 0.04274916648864746
1662933247088911771 0.03451085090637207
1662933247148608207 0.03481340408325195
1662933247209057331 0.03466033935546875
1662933247269666194 0.0402834415435791
1662933247329484939 0.04345083236694336
1662933247390281200 0.038848876953125
1662933247450282335 0.045226097106933594
1662933247510460615 0.05226945877075195
1662933247570826768 0.042044878005981445
1662933247631042957 0.03923845291137695
1662933247691068172 0.043120622634887695
1662933247751825094 0.047441959381103516
1662933247812366962 0.05200982093811035
1662933247873279571 0.04115176200866699
1662933247935576438 0.04377269744873047
1662933247995456933 0.04155254364013672
1662933248057522773 0.04717111587524414
1662933248118124723 0.04248452186584473
1662933248179360628 0.042499542236328125
1662933248239994525 0.03819727897644043
1662933248301480054 0.04280233383178711
1662933248361971378 0.0455167293548584
1662933248423478364 0.04227924346923828
1662933248483835935 0.04195904731750488
1662933248545175552 0.04223299026489258
1662933248605467557 0.04258108139038086
1662933248666750192 0.0428624153137207
1662933248726918458 0.04261279106140137
1662933248788289070 0.04258084297180176
1662933248848597288 0.04233407974243164
1662933248909746170 0.04227566719055176
1662933248970024347 0.042482614517211914
1662933249031145572 0.04264092445373535
1662933249091434955 0.04436802864074707
1662933249152740955 0.042496681213378906
1662933249212829351 0.0424196720123291
1662933249274022340 0.043050289154052734
1662933249334103822 0.042054176330566406
1662933249394953727 0.04227495193481445
1662933249455332517 0.04248666763305664
1662933249516511678 0.03475046157836914
1662933249576988935 0.03450822830200195
1662933249638909101 0.03740978240966797
1662933249699511051 0.0430455207824707
1662933249760677099 0.03451824188232422
1662933249821022272 0.034923553466796875
1662933249882311820 0.04175162315368652
1662933249942730903 0.045636653900146484
1662933250004186868 0.034516096115112305
1662933250064774990 0.03581070899963379
1662933250126307010 0.04299449920654297
1662933250186968564 0.034395456314086914
1662933250249686956 0.034590959548950195
1662933250309909343 0.04968523979187012
1662933250370219469 0.04401111602783203
1662933250430001258 0.03476881980895996
1662933250490026235 0.03466224670410156
1662933250550013065 0.04183220863342285
1662933250610056638 0.04305624961853027
1662933250670019626 0.041007280349731445
1662933250730273246 0.0432133674621582
1662933250790331125 0.042650699615478516
1662933250850255727 0.04206252098083496
1662933250910236120 0.04314589500427246
1662933250970125198 0.03451991081237793
1662933251030042886 0.03742194175720215
1662933251089913845 0.04233598709106445
1662933251149590969 0.03435182571411133
1662933251209348678 0.03508472442626953
1662933251269366264 0.0407261848449707
1662933251329165458 0.04333305358886719
1662933251388879299 0.04356837272644043
1662933251448708057 0.046151161193847656
1662933251508555173 0.034905195236206055
1662933251568397283 0.034949541091918945
1662933251629307031 0.03724050521850586
1662933251689416170 0.03514218330383301
1662933251749191284 0.03509712219238281
1662933251809122085 0.0422520637512207
1662933251869285583 0.03488278388977051
1662933251929987668 0.034360408782958984
1662933251990264654 0.04240250587463379
1662933252049948215 0.03414297103881836
1662933252110736370 0.03581690788269043
1662933252170885324 0.03443551063537598
1662933252231463432 0.03477621078491211
1662933252291946172 0.039267778396606445
1662933252352463006 0.04008340835571289
1662933252414557695 0.038233280181884766
1662933252474873781 0.03495597839355469
1662933252535012245 0.03492450714111328
1662933252596283912 0.04086732864379883
1662933252656646966 0.04377245903015137
1662933252717744350 0.042694807052612305
1662933252778188705 0.04223203659057617
1662933252839553356 0.04182028770446777
1662933252899702787 0.043332576751708984
1662933252961192369 0.04040384292602539
1662933253021874904 0.036917686462402344
1662933253083362340 0.03601861000061035
1662933253143754243 0.034082889556884766
1662933253205079317 0.03427934646606445
1662933253265954732 0.0376131534576416
1662933253330593824 0.03757619857788086
1662933253391273975 0.03665018081665039
1662933253452830553 0.03444075584411621
1662933253513559579 0.03872251510620117
1662933253575104713 0.04153585433959961
1662933253635408401 0.04173111915588379
1662933253696774959 0.040996551513671875
1662933253757265806 0.040276288986206055
1662933253818954229 0.03980565071105957
1662933253879497766 0.0381159782409668
1662933253941035270 0.04107975959777832
1662933254001478433 0.04543280601501465
1662933254062971115 0.042491912841796875
1662933254123458623 0.04172992706298828
1662933254185194969 0.03673291206359863
1662933254245468854 0.037863731384277344
1662933254307098865 0.04299521446228027
1662933254367405891 0.04236793518066406
1662933254428932428 0.040380239486694336
1662933254490608692 0.03678083419799805
1662933254552246809 0.045822858810424805
1662933254612691879 0.041878461837768555
1662933254674296855 0.044473886489868164
1662933254734837055 0.04316425323486328
1662933254796149253 0.04225921630859375
1662933254856526374 0.0421290397644043
1662933254917879581 0.043238162994384766
1662933254978218317 0.042134761810302734
1662933255039669513 0.04617023468017578
1662933255099965095 0.043050289154052734
1662933255161432504 0.04623603820800781
1662933255221619129 0.042459726333618164
1662933255283150911 0.04176664352416992
1662933255343895196 0.04200148582458496
1662933255404904365 0.04180765151977539
1662933255465804338 0.04215574264526367
1662933255526875019 0.04154467582702637
1662933255587022781 0.0417938232421875
1662933255648990869 0.041576385498046875
1662933255709296703 0.04106330871582031
1662933255770425319 0.041651010513305664
1662933255830999374 0.041693687438964844
1662933255892208814 0.04163503646850586
1662933255952667951 0.0419926643371582
1662933256014106273 0.041698455810546875
1662933256074472904 0.04187965393066406
1662933256135970830 0.042096614837646484
1662933256196446180 0.04238486289978027
1662933256257856369 0.04195261001586914
1662933256318121671 0.04183554649353027
1662933256380202770 0.041614532470703125
1662933256441216945 0.04248332977294922
1662933256502919197 0.04222917556762695
1662933256563395023 0.041823387145996094
1662933256624870061 0.0416872501373291
1662933256685210227 0.04232525825500488
1662933256746727943 0.04178643226623535
1662933256807039499 0.04149961471557617
1662933256868488788 0.0420076847076416
1662933256928906679 0.041709184646606445
1662933256990528106 0.041799306869506836
1662933257050956010 0.04163360595703125
1662933257112376689 0.042346954345703125
1662933257173295021 0.04155302047729492
1662933257235164403 0.04248046875
1662933257295854806 0.04177665710449219
1662933257357403278 0.04138898849487305
1662933257418256521 0.04156804084777832
1662933257479456663 0.04178810119628906
1662933257539999485 0.042268991470336914
1662933257601676702 0.04232597351074219
1662933257665304660 0.04214644432067871
1662933257725185632 0.04229593276977539
1662933257785193681 0.04196572303771973
1662933257845360040 0.04257369041442871
1662933257905165910 0.0418853759765625
1662933257965265512 0.04181504249572754
1662933258025833129 0.041793107986450195
1662933258086195230 0.042937517166137695
1662933258146416425 0.0421445369720459
1662933258206553459 0.0426640510559082
1662933258266523599 0.04231882095336914
1662933258326580762 0.042684316635131836
1662933258386719942 0.042290687561035156
1662933258446837663 0.04227280616760254
1662933258506675958 0.04213523864746094
1662933258566853284 0.04232168197631836
1662933258627282857 0.04210472106933594
1662933258687374830 0.042562007904052734
1662933258747141361 0.04292631149291992
1662933258806620597 0.04270362854003906
1662933258866565942 0.04228401184082031
1662933258926866292 0.0417485237121582
1662933258986843109 0.04373908042907715
1662933259046765327 0.04239082336425781
1662933259106641054 0.04215359687805176
1662933259166456937 0.04214024543762207
1662933259226647138 0.0415189266204834
1662933259286750555 0.04230189323425293
1662933259346717119 0.0420529842376709
1662933259406861782 0.04236626625061035
1662933259466800928 0.04205179214477539
1662933259526693105 0.04266786575317383
1662933259586862325 0.04230523109436035
1662933259646806478 0.042250871658325195
1662933259706714868 0.042078495025634766
1662933259766815423 0.0425565242767334
1662933259826994895 0.041890859603881836
1662933259886951446 0.04214882850646973
1662933259947119474 0.04179549217224121
1662933260007112503 0.04407382011413574
1662933260067770957 0.04192638397216797
1662933260127684831 0.04170060157775879
1662933260187649965 0.04210019111633301
1662933260247358798 0.04203009605407715
1662933260307043552 0.04169344902038574
1662933260367046833 0.04183697700500488
1662933260426979780 0.04179024696350098
1662933260486977100 0.04182720184326172
1662933260547269821 0.04187583923339844
1662933260607525110 0.04201173782348633
1662933260667788028 0.041570186614990234
1662933260727963447 0.041756391525268555
1662933260788220643 0.041612863540649414
1662933260848481893 0.05052542686462402
1662933260908447980 0.04232287406921387
1662933260968334197 0.042079925537109375
1662933261028406381 0.04218769073486328
1662933261088597536 0.04176831245422363
1662933261148868083 0.04169631004333496
1662933261209146022 0.04228043556213379
1662933261269096612 0.04225301742553711
1662933261329003810 0.04188370704650879
1662933261389282464 0.04236555099487305
1662933261449747562 0.043304443359375
1662933261509835720 0.03446364402770996
1662933261570254087 0.036215782165527344
1662933261630440235 0.03732752799987793
1662933261690609455 0.039154767990112305
1662933261750944614 0.03514814376831055
1662933261811174869 0.04226350784301758
1662933261871306657 0.042679786682128906
1662933261931437969 0.04541420936584473
1662933261991586923 0.034462690353393555
1662933262051795482 0.035016536712646484
1662933262112750768 0.03733086585998535
1662933262174220323 0.0381925106048584
1662933262234555721 0.04414534568786621
1662933262294681310 0.042905569076538086
1662933262354701757 0.04269981384277344
1662933262414804458 0.04207134246826172
1662933262474682569 0.0419316291809082
1662933262534731864 0.04240155220031738
1662933262595441341 0.03815960884094238
1662933262655592679 0.04297018051147461
1662933262715746402 0.04175710678100586
1662933262776242017 0.0371246337890625
1662933262836370468 0.034507036209106445
1662933262897018432 0.03469419479370117
1662933262957535982 0.03678107261657715
1662933263018322706 0.03618288040161133
1662933263078836917 0.0348665714263916
1662933263138885259 0.04194450378417969
1662933263198994398 0.0435640811920166
1662933263259177207 0.042990922927856445
1662933263319313526 0.04248309135437012
1662933263379304885 0.04448986053466797
1662933263439448356 0.04303908348083496
1662933263499547719 0.04355454444885254
1662933263559752702 0.042270660400390625
1662933263619954586 0.042391300201416016
1662933263680099725 0.04174208641052246
1662933263740361213 0.042201995849609375
1662933263800607919 0.042725324630737305
1662933263860813856 0.04179883003234863
1662933263920843839 0.04186868667602539
1662933263981001615 0.04206228256225586
1662933264041003465 0.041764020919799805
1662933264101176977 0.048883914947509766
1662933264161471128 0.04341912269592285
1662933264221577405 0.04304814338684082
1662933264281738758 0.042449951171875
1662933264341922760 0.04248857498168945
1662933264402232885 0.04284834861755371
1662933264462811231 0.043546438217163086
1662933264522886753 0.045629262924194336
1662933264583096504 0.042473554611206055
1662933264643313884 0.034476280212402344
1662933264704180717 0.03728222846984863
1662933264764571428 0.040888309478759766
1662933264825557947 0.042412757873535156
1662933264885775089 0.04267287254333496
1662933264945887804 0.04242706298828125
1662933265006127357 0.0431668758392334
1662933265066575527 0.04046773910522461
1662933265127179622 0.03917193412780762
1662933265187909603 0.03802680969238281
1662933265251026868 0.03788113594055176
1662933265311088562 0.04659605026245117
1662933265371107578 0.04217863082885742
1662933265431161165 0.04330039024353027
1662933265491393327 0.043134212493896484
1662933265551399230 0.04210543632507324
1662933265611990690 0.04371929168701172
1662933265672060728 0.03499317169189453
1662933265732423067 0.04233980178833008
1662933265792165040 0.04221630096435547
1662933265852137327 0.042410850524902344
1662933265912102699 0.042012691497802734
1662933265972189188 0.04245424270629883
1662933266032404422 0.04260516166687012
1662933266092234611 0.04257535934448242
1662933266152284145 0.04259991645812988
1662933266212511777 0.043752193450927734
1662933266272731304 0.04376220703125
1662933266332994461 0.042980194091796875
1662933266392995357 0.04334735870361328
1662933266453132390 0.04296755790710449
1662933266512848615 0.04313540458679199
1662933266572996616 0.0425412654876709
1662933266633105039 0.042571067810058594
1662933266692967653 0.042392730712890625
1662933266753188133 0.04242825508117676
1662933266813416481 0.04422593116760254
1662933266873117446 0.04345107078552246
1662933266932873249 0.04645967483520508
1662933266992920160 0.03467607498168945
1662933267053174972 0.03513598442077637
1662933267113253593 0.03598451614379883
1662933267174229860 0.037079572677612305
1662933267235046148 0.03992199897766113
1662933267295284271 0.043747663497924805
1662933267355443954 0.043871402740478516
1662933267415918111 0.03521156311035156
1662933267476028919 0.034418344497680664
1662933267536405801 0.03770160675048828
1662933267596462011 0.048258304595947266
1662933267656796693 0.0444645881652832
1662933267717232704 0.03486800193786621
1662933267777535438 0.03669238090515137
1662933267837720632 0.050202369689941406
1662933267897859096 0.042558908462524414
1662933267958326339 0.04349207878112793
1662933268018724679 0.046871185302734375
1662933268079172849 0.04556989669799805
1662933268139369726 0.034833669662475586
1662933268199848651 0.03555035591125488
1662933268260087490 0.042227983474731445
1662933268320528745 0.04308652877807617
1662933268380748748 0.0455777645111084
1662933268441041469 0.03470802307128906
1662933268501603841 0.0394129753112793
1662933268561986446 0.04225778579711914
1662933268622460842 0.034276485443115234
1662933268682829141 0.0360255241394043
1662933268743054628 0.0432581901550293
1662933268803528308 0.04266953468322754
1662933268863678455 0.034384727478027344
1662933268923847675 0.03467893600463867
1662933268984042167 0.04330086708068848
1662933269044195652 0.03482317924499512
1662933269104281663 0.036367177963256836
1662933269164746522 0.03857994079589844
1662933269225134849 0.04257941246032715
1662933269285489559 0.0344235897064209
1662933269345741510 0.03456616401672363
1662933269406678676 0.03605198860168457
1662933269467836856 0.03642535209655762
1662933269528435707 0.04000425338745117
1662933269589167594 0.04084038734436035
1662933269650679349 0.03899097442626953
1662933269712009906 0.037103891372680664
1662933269772975683 0.039353132247924805
1662933269833904266 0.03900575637817383
1662933269894468069 0.04315185546875
1662933269954778909 0.042119741439819336
1662933270015030622 0.04251289367675781
1662933270075315952 0.042548179626464844
1662933270135529756 0.04190635681152344
1662933270195568084 0.042829275131225586
1662933270255982875 0.04676175117492676
1662933270315922260 0.04320979118347168
1662933270376037597 0.0430598258972168
1662933270435992717 0.04399228096008301
1662933270495967626 0.03492116928100586
1662933270556015729 0.035067081451416016
1662933270616336584 0.04509305953979492
1662933270676293134 0.034963369369506836
1662933270736228942 0.0347895622253418
1662933270796106100 0.03494381904602051
1662933270856155157 0.0347294807434082
1662933270916649580 0.03495478630065918
1662933270976745367 0.03764986991882324
1662933271037082433 0.040918827056884766
1662933271097048759 0.0348515510559082
1662933271157139301 0.035608768463134766
1662933271217329502 0.03682708740234375
1662933271277505636 0.03678107261657715
1662933271337706089 0.03912854194641113
1662933271397568702 0.04223799705505371
1662933271458265542 0.04150080680847168
1662933271518239974 0.034688472747802734
1662933271578157901 0.040435075759887695
1662933271638728857 0.04194474220275879
1662933271699262380 0.038730621337890625
1662933271759737968 0.04191851615905762
1662933271820157289 0.04077744483947754
1662933271880588054 0.05521535873413086
1662933271941004991 0.042443275451660156
1662933272002279996 0.04343414306640625
1662933272062525033 0.042288780212402344
1662933272124217510 0.0386354923248291
1662933272184454441 0.04546689987182617
1662933272245498657 0.042230844497680664
1662933272305963277 0.0381624698638916
1662933272367227792 0.0390932559967041
1662933272427313089 0.043509721755981445
1662933272488374471 0.04352164268493652
1662933272548534631 0.043738603591918945
1662933272609544277 0.04430127143859863
1662933272670480489 0.03830838203430176
1662933272731983184 0.0455777645111084
1662933272792189836 0.04308176040649414
1662933272853611946 0.04239392280578613
1662933272916335344 0.04205465316772461
1662933272975828409 0.04201531410217285
1662933273035619735 0.04409384727478027
1662933273095232248 0.03534531593322754
1662933273154809236 0.0356450080871582
1662933273215437173 0.039730072021484375
1662933273275404453 0.03852677345275879
1662933273335054874 0.03567242622375488
1662933273395018339 0.038950443267822266
1662933273454654932 0.0437016487121582
1662933273514217138 0.043114662170410156
1662933273573923587 0.03582572937011719
1662933273633442878 0.041155338287353516
1662933273693200349 0.04402327537536621
1662933273752752780 0.04294323921203613
1662933273812471389 0.0408017635345459
1662933273872306585 0.04344344139099121
1662933273931880235 0.04468584060668945
1662933273991451978 0.03537344932556152
1662933274051100969 0.04718327522277832
1662933274111185073 0.044416189193725586
1662933274170943498 0.04421591758728027
1662933274230352640 0.04347062110900879
1662933274290055513 0.04276084899902344
1662933274349811315 0.04232215881347656
1662933274409474611 0.04211688041687012
1662933274469793319 0.040688276290893555
1662933274529832363 0.037487030029296875
1662933274589819908 0.03486919403076172
1662933274649792194 0.042867422103881836
1662933274710182666 0.040932416915893555
1662933274770533561 0.04334688186645508
