using cuda:0 device.
27883
1662933785712085485 0.07332682609558105
1662933785774955272 0.051012516021728516
1662933785835920810 0.05126523971557617
1662933785896985054 0.05610299110412598
1662933785957705974 0.042427778244018555
1662933786018591165 0.04198789596557617
1662933786078967332 0.04327201843261719
1662933786139307260 0.04165148735046387
1662933786199482202 0.04187512397766113
1662933786259542942 0.042952537536621094
1662933786319705963 0.042803287506103516
1662933786379929304 0.04254937171936035
1662933786440041303 0.04276561737060547
1662933786500208377 0.0420379638671875
1662933786560151100 0.0419001579284668
1662933786619822740 0.04209184646606445
1662933786680250406 0.04156923294067383
1662933786740073680 0.04180598258972168
1662933786800206422 0.04184436798095703
1662933786860227823 0.04179739952087402
1662933786920810699 0.041753292083740234
1662933786980930566 0.04132485389709473
1662933787041556596 0.0416569709777832
1662933787101834535 0.04180550575256348
1662933787161852836 0.041385650634765625
1662933787221950054 0.04189491271972656
1662933787282219171 0.041892290115356445
1662933787342613697 0.04155278205871582
1662933787402875423 0.04146456718444824
1662933787463925600 0.041678667068481445
1662933787524232864 0.04160451889038086
1662933787584654569 0.04133129119873047
1662933787644990205 0.0413820743560791
1662933787705081462 0.04175400733947754
1662933787765342473 0.04144692420959473
1662933787825256109 0.0413355827331543
1662933787885515928 0.04171442985534668
1662933787945739746 0.04154348373413086
1662933788005971908 0.04157543182373047
1662933788066294431 0.04145193099975586
1662933788126450538 0.04225778579711914
1662933788186495542 0.04189777374267578
1662933788246877193 0.042656660079956055
1662933788306832313 0.04196572303771973
1662933788367277383 0.04152035713195801
1662933788427236557 0.041791439056396484
1662933788487477540 0.04180431365966797
1662933788547770023 0.04197216033935547
1662933788607796907 0.04219460487365723
1662933788668174266 0.04212331771850586
1662933788728173971 0.04211544990539551
1662933788788320779 0.041977643966674805
1662933788848887205 0.04190659523010254
1662933788909780740 0.042771100997924805
1662933788969812631 0.04226493835449219
1662933789030201673 0.04214930534362793
1662933789090723991 0.042122602462768555
1662933789150610208 0.042059898376464844
1662933789210898399 0.04929041862487793
1662933789270925283 0.042870283126831055
1662933789330923080 0.04197239875793457
1662933789390796661 0.0419156551361084
1662933789450815200 0.04162263870239258
1662933789510685920 0.042368412017822266
1662933789570445060 0.04180788993835449
1662933789630558729 0.05096149444580078
1662933789690785646 0.04229879379272461
1662933789750928878 0.04273366928100586
1662933789811183691 0.04201698303222656
1662933789871224164 0.04223895072937012
1662933789931365489 0.041660308837890625
1662933789991828441 0.04183149337768555
1662933790052192687 0.04146718978881836
1662933790112614154 0.04177236557006836
1662933790172821760 0.04205799102783203
1662933790233691692 0.04186749458312988
1662933790293958902 0.04215669631958008
1662933790354125022 0.04264235496520996
1662933790414891242 0.042331695556640625
1662933790475074529 0.04296588897705078
1662933790535464763 0.04193568229675293
1662933790595840215 0.04200410842895508
1662933790656096458 0.04208254814147949
1662933790716397523 0.042841434478759766
1662933790777709960 0.04166007041931152
1662933790839268445 0.0418393611907959
1662933790899283647 0.04235553741455078
1662933790958663225 0.0426788330078125
1662933791019028663 0.04272913932800293
1662933791078867435 0.04248809814453125
1662933791138746738 0.04214668273925781
1662933791199146509 0.04237103462219238
1662933791259229421 0.04194355010986328
1662933791319352149 0.04208254814147949
1662933791379346132 0.042168378829956055
1662933791439501523 0.04187321662902832
1662933791499672651 0.042754173278808594
1662933791559749841 0.034297943115234375
1662933791620029211 0.03496885299682617
1662933791680472373 0.03837132453918457
1662933791740514755 0.04285144805908203
1662933791800652027 0.04286980628967285
1662933791860624551 0.03431820869445801
1662933791920602798 0.03482842445373535
1662933791981011867 0.038130760192871094
1662933792041138172 0.045764923095703125
1662933792101207256 0.044930219650268555
1662933792161346673 0.040344953536987305
1662933792221510410 0.03441309928894043
1662933792281724214 0.03756594657897949
1662933792341820001 0.04320096969604492
1662933792401968479 0.03445792198181152
1662933792462059020 0.04191398620605469
1662933792522147178 0.03557443618774414
1662933792582353591 0.040454864501953125
1662933792642696142 0.03405618667602539
1662933792702928066 0.041547536849975586
1662933792762935876 0.03375697135925293
1662933792823095321 0.0339052677154541
1662933792883728981 0.03738284111022949
1662933792944008111 0.034124135971069336
1662933793004065752 0.04353523254394531
1662933793063820838 0.03409171104431152
1662933793123772859 0.03417801856994629
1662933793184087276 0.0369107723236084
1662933793244771480 0.03421831130981445
1662933793305027246 0.042658090591430664
1662933793365464925 0.03429150581359863
1662933793425898313 0.03412461280822754
1662933793486089944 0.034468650817871094
1662933793545788764 0.034451961517333984
1662933793606153964 0.040624141693115234
1662933793666501998 0.034232378005981445
1662933793726955175 0.042862653732299805
1662933793787488698 0.0345301628112793
1662933793847607612 0.042761802673339844
1662933793907689809 0.034426212310791016
1662933793967468261 0.03476309776306152
1662933794027575254 0.03441977500915527
1662933794087692022 0.04419684410095215
1662933794148221969 0.0346682071685791
1662933794208969354 0.03746962547302246
1662933794269002676 0.04029583930969238
1662933794329310894 0.04294848442077637
1662933794389536142 0.0426793098449707
1662933794449729204 0.04226112365722656
1662933794509653806 0.04048967361450195
1662933794569917917 0.04047513008117676
1662933794630287885 0.046224355697631836
1662933794690870523 0.0479123592376709
1662933794750800371 0.034783363342285156
1662933794810752868 0.03463888168334961
1662933794871002912 0.04290151596069336
1662933794930999517 0.04986095428466797
1662933794991234064 0.0423886775970459
1662933795051553487 0.04343080520629883
1662933795111917018 0.04089641571044922
1662933795173077583 0.03808116912841797
1662933795233370780 0.04321861267089844
1662933795293933391 0.04577755928039551
1662933795354344606 0.043453216552734375
1662933795414576530 0.04316878318786621
1662933795474813699 0.04225516319274902
1662933795535028934 0.04269099235534668
1662933795595802307 0.04468989372253418
1662933795656155109 0.042180776596069336
1662933795716489791 0.04273200035095215
1662933795776659011 0.04541206359863281
1662933795837036132 0.04270482063293457
1662933795897176980 0.04223346710205078
1662933795957208871 0.04215121269226074
1662933796017289876 0.0423274040222168
1662933796077528476 0.042331695556640625
1662933796137781858 0.04226374626159668
1662933796197989225 0.0427858829498291
1662933796258218765 0.042146921157836914
1662933796318308115 0.042113304138183594
1662933796378563642 0.04336190223693848
1662933796438845157 0.04289698600769043
1662933796499328851 0.042676448822021484
1662933796559516191 0.04321718215942383
1662933796619728326 0.03443169593811035
1662933796680206537 0.03605055809020996
1662933796740705490 0.04183387756347656
1662933796801026344 0.03586554527282715
1662933796861195325 0.03476357460021973
1662933796921931982 0.03906393051147461
1662933796982159137 0.046576499938964844
1662933797042673110 0.03435158729553223
1662933797103148460 0.03488802909851074
1662933797163294315 0.04252886772155762
1662933797223513364 0.034627676010131836
1662933797284100055 0.034577369689941406
1662933797344626426 0.04988884925842285
1662933797405265808 0.04579806327819824
1662933797465696573 0.035027503967285156
1662933797531565427 0.034581899642944336
1662933797591892004 0.03489327430725098
1662933797652280569 0.042736053466796875
1662933797712495803 0.042801856994628906
1662933797772750854 0.039908647537231445
1662933797832988739 0.03551077842712402
1662933797893365621 0.04331374168395996
1662933797953658580 0.04184770584106445
1662933798014227867 0.03954672813415527
1662933798074630737 0.0351252555847168
1662933798134742736 0.04153752326965332
1662933798194800615 0.04317069053649902
1662933798255041122 0.03421497344970703
1662933798315280914 0.03850436210632324
1662933798375613927 0.04268336296081543
1662933798435968399 0.04254865646362305
1662933798496187210 0.04431271553039551
1662933798556524991 0.03518247604370117
1662933798616608858 0.03478121757507324
1662933798677160024 0.03684878349304199
1662933798737601280 0.04363393783569336
1662933798797986984 0.04087710380554199
1662933798858529806 0.04114246368408203
1662933798918884754 0.04037833213806152
1662933798979022741 0.035546302795410156
1662933799039387226 0.04109072685241699
1662933799099609375 0.04288887977600098
1662933799159977197 0.03539609909057617
1662933799220760583 0.042140960693359375
1662933799281126976 0.03439927101135254
1662933799341461420 0.04161190986633301
1662933799401951551 0.043489694595336914
1662933799461914062 0.04568839073181152
1662933799521984577 0.04586052894592285
1662933799581953525 0.04453587532043457
1662933799642242670 0.04236268997192383
1662933799702471256 0.041603803634643555
1662933799765907049 0.04005908966064453
1662933799826848268 0.03906893730163574
1662933799887173652 0.037276506423950195
1662933799947499513 0.03551912307739258
1662933800007945299 0.039649248123168945
1662933800068122148 0.04647493362426758
1662933800128462553 0.04296231269836426
1662933800188683509 0.04230141639709473
1662933800248895406 0.0418088436126709
1662933800309174060 0.03482198715209961
1662933800369409799 0.04074811935424805
1662933800429624795 0.04211282730102539
1662933800489759206 0.04333925247192383
1662933800549823045 0.03993105888366699
1662933800610294580 0.03427457809448242
1662933800670288324 0.033892154693603516
1662933800730738639 0.03726458549499512
1662933800791192293 0.034194231033325195
1662933800851716518 0.03426551818847656
1662933800912222385 0.0400540828704834
1662933800972323417 0.04272294044494629
1662933801032471656 0.04231619834899902
1662933801092784166 0.04165840148925781
1662933801153263092 0.038330793380737305
1662933801213984727 0.04277539253234863
1662933801274460554 0.04345536231994629
1662933801334460020 0.04221057891845703
1662933801394816398 0.04725766181945801
1662933801455382823 0.04021334648132324
1662933801515613794 0.045662641525268555
1662933801575927495 0.042314767837524414
1662933801636180877 0.041146039962768555
1662933801696817636 0.04852890968322754
1662933801757219552 0.04221391677856445
1662933801817556142 0.040418148040771484
1662933801878058671 0.04263615608215332
1662933801938262939 0.042047739028930664
1662933801998459577 0.04315042495727539
1662933802059639453 0.04525423049926758
1662933802120139598 0.04292726516723633
1662933802180624723 0.04745221138000488
1662933802240937232 0.043550968170166016
1662933802300992727 0.04195141792297363
1662933802361606359 0.04229545593261719
1662933802421951055 0.04275321960449219
1662933802481999158 0.04172849655151367
1662933802541965723 0.041979074478149414
1662933802602102041 0.041628360748291016
1662933802662784814 0.041605234146118164
1662933802723678827 0.041629791259765625
1662933802783721208 0.04170799255371094
1662933802844006299 0.04244637489318848
1662933802904508352 0.041948556900024414
1662933802964618682 0.041857004165649414
1662933803024884939 0.04213547706604004
1662933803085239648 0.04151725769042969
1662933803145874500 0.04183530807495117
1662933803206349372 0.04191327095031738
1662933803266740560 0.0419158935546875
1662933803327033042 0.04174351692199707
1662933803387736558 0.0421905517578125
1662933803448148012 0.04207277297973633
1662933803508753299 0.043727874755859375
1662933803569011449 0.041578054428100586
1662933803629320621 0.04198479652404785
1662933803689813852 0.04148244857788086
1662933803750696659 0.04140210151672363
1662933803811153173 0.04118752479553223
1662933803871623754 0.04113030433654785
1662933803931942462 0.04110836982727051
1662933803992334842 0.04116940498352051
1662933804052543401 0.0411679744720459
1662933804114149570 0.04153323173522949
1662933804175073385 0.042226314544677734
1662933804235413074 0.04171562194824219
1662933804296169281 0.04228043556213379
1662933804356895446 0.041605234146118164
1662933804417413473 0.041443824768066406
1662933804477843999 0.042006492614746094
1662933804539338588 0.041899919509887695
1662933804599907636 0.04186248779296875
1662933804660437583 0.04166221618652344
1662933804720746278 0.04166102409362793
1662933804781160593 0.041875600814819336
1662933804841848611 0.04232454299926758
1662933804906646251 0.04193830490112305
1662933804966937780 0.04168510437011719
1662933805027374505 0.04164743423461914
1662933805087607860 0.041700124740600586
1662933805147790193 0.04192042350769043
1662933805208280563 0.04227399826049805
1662933805268559455 0.04199934005737305
1662933805329199075 0.045107364654541016
1662933805389508724 0.04305267333984375
1662933805449995517 0.04882979393005371
1662933805510548591 0.043030500411987305
1662933805570961952 0.04323530197143555
1662933805631636619 0.04241490364074707
1662933805692022562 0.042505502700805664
1662933805752422094 0.04212212562561035
1662933805813089370 0.04265141487121582
1662933805873605728 0.04295229911804199
1662933805934014320 0.04320883750915527
1662933805994506835 0.04207134246826172
1662933806055027008 0.04344964027404785
1662933806115288019 0.04250597953796387
1662933806175381183 0.0421144962310791
1662933806235389232 0.042823076248168945
1662933806295485496 0.042789459228515625
1662933806355540752 0.04256391525268555
1662933806415656566 0.04243159294128418
1662933806475805044 0.0420839786529541
1662933806535804748 0.0421445369720459
1662933806595947504 0.04250979423522949
1662933806656369209 0.04258298873901367
1662933806716623306 0.042704105377197266
1662933806776599884 0.0427401065826416
1662933806837500095 0.04285764694213867
1662933806897804737 0.04184150695800781
1662933806957828044 0.04200410842895508
1662933807017743110 0.042615652084350586
1662933807077966690 0.04239678382873535
1662933807138043403 0.04236316680908203
1662933807198849201 0.04238605499267578
1662933807258872985 0.04250383377075195
1662933807319216728 0.04224991798400879
1662933807379665374 0.042128562927246094
1662933807439599037 0.042188167572021484
1662933807499726772 0.04188847541809082
1662933807559707403 0.042456626892089844
1662933807619820833 0.042090415954589844
1662933807680594682 0.04223036766052246
1662933807740556478 0.04206228256225586
1662933807800734281 0.04211091995239258
1662933807860837221 0.04229402542114258
1662933807921115875 0.042264699935913086
1662933807981434583 0.0421602725982666
1662933808041666507 0.04228401184082031
1662933808102015495 0.04300403594970703
1662933808162263631 0.04196977615356445
1662933808222538232 0.04219818115234375
1662933808282776117 0.0419154167175293
1662933808342839717 0.04185342788696289
1662933808402885198 0.04182863235473633
1662933808463289022 0.04169583320617676
1662933808523409843 0.04279947280883789
1662933808583637475 0.03464007377624512
1662933808643767833 0.03616595268249512
1662933808703976869 0.03618907928466797
1662933808764281034 0.04626655578613281
1662933808824460268 0.03464174270629883
1662933808884760141 0.03737497329711914
1662933808945047140 0.03970503807067871
1662933809005133628 0.0421140193939209
1662933809065392494 0.04321169853210449
1662933809125785112 0.04000449180603027
1662933809186209678 0.04044628143310547
1662933809246473073 0.04292106628417969
1662933809306661844 0.0426783561706543
1662933809366907596 0.042025089263916016
1662933809427528381 0.0415802001953125
1662933809487437248 0.04173159599304199
1662933809548140525 0.040847063064575195
1662933809608718395 0.039652109146118164
1662933809669873952 0.04259657859802246
1662933809730294227 0.04268074035644531
1662933809790680170 0.04101228713989258
1662933809850944280 0.04167532920837402
1662933809911210060 0.03511190414428711
1662933809971536636 0.03466486930847168
1662933810032170772 0.034619808197021484
1662933810092621803 0.043355703353881836
1662933810153275966 0.04500555992126465
1662933810213503599 0.04638552665710449
1662933810273889303 0.046710968017578125
1662933810334296941 0.0439453125
1662933810394384145 0.04335212707519531
1662933810454436302 0.0436093807220459
1662933810514463186 0.04370927810668945
1662933810574495553 0.04305076599121094
1662933810634849786 0.042752981185913086
1662933810694650173 0.043413639068603516
1662933810754813432 0.04230928421020508
1662933810814818382 0.04236745834350586
1662933810876264095 0.04250359535217285
1662933810936578512 0.04254269599914551
1662933810996528625 0.04223489761352539
1662933811056935071 0.04297041893005371
1662933811117097139 0.04225277900695801
1662933811177429676 0.0421755313873291
1662933811237663745 0.04320979118347168
1662933811297921895 0.04318737983703613
1662933811358263015 0.0425870418548584
1662933811418587446 0.04221510887145996
1662933811478647232 0.04396700859069824
1662933811539059162 0.04394173622131348
1662933811600322723 0.04603123664855957
1662933811660739660 0.03565478324890137
1662933811720880746 0.03492164611816406
1662933811781671762 0.036238908767700195
1662933811842562913 0.040513038635253906
1662933811902845382 0.04290366172790527
1662933811963011503 0.0426027774810791
1662933812022972106 0.04249906539916992
1662933812083197593 0.04465317726135254
1662933812144142866 0.03925347328186035
1662933812205209255 0.03712725639343262
1662933812265733957 0.03660941123962402
1662933812326310873 0.03670024871826172
1662933812387143135 0.04318690299987793
1662933812447644472 0.040761709213256836
1662933812512428998 0.03554201126098633
1662933812573187351 0.04072761535644531
1662933812634171247 0.040307044982910156
1662933812694571733 0.04511880874633789
1662933812755196094 0.042589426040649414
1662933812815521717 0.041687965393066406
1662933812875905990 0.042104482650756836
1662933812936861276 0.04200577735900879
1662933812997437238 0.04259443283081055
1662933813057890653 0.04227900505065918
1662933813118659019 0.042246341705322266
1662933813179172277 0.04498863220214844
1662933813239944696 0.045058250427246094
1662933813300415039 0.042593955993652344
1662933813361257791 0.042901039123535156
1662933813421910047 0.042470693588256836
1662933813482380390 0.04228496551513672
1662933813542610645 0.04266500473022461
1662933813603709697 0.04290032386779785
1662933813664099931 0.04266071319580078
1662933813724387168 0.04296255111694336
1662933813784634828 0.04237246513366699
1662933813844950437 0.04236960411071777
1662933813905580759 0.04351091384887695
1662933813965761423 0.04449725151062012
1662933814025931596 0.04661917686462402
1662933814086112260 0.03495502471923828
1662933814146149396 0.03527712821960449
1662933814206469535 0.03590679168701172
1662933814266758680 0.04141354560852051
1662933814326869964 0.043759822845458984
1662933814387050390 0.042717695236206055
1662933814447145462 0.0445554256439209
1662933814507321834 0.03491330146789551
1662933814567444562 0.0346071720123291
1662933814628348112 0.037860870361328125
1662933814688850879 0.0424647331237793
1662933814748612403 0.0442042350769043
1662933814808651208 0.03473401069641113
1662933814868883132 0.035790205001831055
1662933814928985357 0.04154324531555176
1662933814989258289 0.0408022403717041
1662933815049624204 0.04194355010986328
1662933815109923601 0.04155921936035156
1662933815174982547 0.04429149627685547
1662933815239772319 0.034758806228637695
1662933815303265571 0.03728461265563965
1662933815367988109 0.04286003112792969
1662933815428769826 0.04345393180847168
1662933815488998889 0.04623699188232422
1662933815549210071 0.03504347801208496
1662933815609565258 0.03737950325012207
1662933815669917345 0.041449546813964844
1662933815729979038 0.03406572341918945
1662933815790438652 0.034616708755493164
1662933815850689888 0.04122018814086914
1662933815910951375 0.042944908142089844
1662933815971170902 0.03433418273925781
1662933816031123161 0.03462052345275879
1662933816091433763 0.04393911361694336
1662933816151459217 0.03480887413024902
1662933816211719512 0.0430445671081543
1662933816272065162 0.04557514190673828
1662933816332100868 0.034596920013427734
1662933816392789840 0.03613758087158203
1662933816453039884 0.04236721992492676
1662933816513067722 0.041548728942871094
1662933816573027610 0.04031801223754883
1662933816632829189 0.03547811508178711
1662933816693278789 0.034691572189331055
1662933816753741741 0.03991127014160156
1662933816813900947 0.04366040229797363
1662933816874455690 0.046334028244018555
1662933816934647083 0.034950971603393555
1662933816995053291 0.034798622131347656
1662933817055405855 0.04446721076965332
1662933817115517616 0.044112443923950195
1662933817175787687 0.04193520545959473
1662933817235935449 0.04151177406311035
1662933817295976161 0.04145956039428711
1662933817356075048 0.04661393165588379
1662933817416028261 0.044196128845214844
1662933817476278543 0.0359649658203125
1662933817536364793 0.0393369197845459
1662933817596767902 0.040865421295166016
1662933817656937360 0.043822526931762695
1662933817717012166 0.043016910552978516
1662933817777035713 0.04281163215637207
1662933817836765527 0.04507136344909668
1662933817896598100 0.04388022422790527
1662933817956740617 0.0407717227935791
1662933818016676664 0.034778594970703125
1662933818076750516 0.03441929817199707
1662933818136934518 0.03560447692871094
1662933818197206974 0.038832664489746094
1662933818257327079 0.044146060943603516
1662933818317883491 0.03534126281738281
1662933818377587795 0.04092669486999512
1662933818438117980 0.035030364990234375
1662933818498211383 0.035269975662231445
1662933818558357477 0.03943276405334473
1662933818618492603 0.03509020805358887
1662933818678598642 0.0440676212310791
1662933818739404201 0.04317331314086914
1662933818799276590 0.03525519371032715
1662933818859230518 0.044092655181884766
1662933818919819593 0.04378056526184082
1662933818980091571 0.04394245147705078
1662933819040376663 0.04273033142089844
1662933819100438356 0.04282999038696289
1662933819160917997 0.038609981536865234
1662933819220996856 0.04494047164916992
1662933819281085968 0.042999267578125
1662933819341231584 0.049407243728637695
1662933819401242733 0.04509139060974121
1662933819461180448 0.04459571838378906
1662933819521263599 0.0349125862121582
1662933819581487417 0.03622007369995117
1662933819641785621 0.03898811340332031
1662933819701948404 0.0364995002746582
1662933819762002706 0.04330778121948242
1662933819821981430 0.04300069808959961
1662933819882104873 0.04085826873779297
1662933819942414522 0.03622841835021973
1662933820002486228 0.034830570220947266
1662933820062600374 0.03484749794006348
1662933820123106002 0.034861087799072266
1662933820187885046 0.04116344451904297
1662933820248004913 0.043917179107666016
1662933820308153152 0.04371047019958496
1662933820368157863 0.04523491859436035
1662933820428186178 0.04455685615539551
1662933820488261461 0.04495835304260254
1662933820548400402 0.035463809967041016
1662933820608734130 0.04149436950683594
1662933820668920278 0.04409456253051758
1662933820728980541 0.04436206817626953
1662933820789171457 0.04443478584289551
1662933820848937749 0.042754173278808594
1662933820909976243 0.038661956787109375
1662933820970245599 0.04480624198913574
1662933821030124187 0.04337668418884277
1662933821090429067 0.04020118713378906
1662933821150448799 0.04316544532775879
1662933821211371183 0.04118680953979492
1662933821271591663 0.04622340202331543
1662933821332422494 0.038132667541503906
1662933821392661333 0.03884315490722656
1662933821452936410 0.0361027717590332
1662933821513129949 0.035508155822753906
1662933821573369264 0.03981781005859375
1662933821633386135 0.04357481002807617
1662933821693718433 0.04177975654602051
1662933821753839254 0.04305219650268555
1662933821814191579 0.04331564903259277
1662933821874441385 0.043051719665527344
