using cuda:0 device.
25614
1662933386496931552 0.07223224639892578
1662933386559493541 0.051114559173583984
1662933386620310544 0.05548095703125
1662933386681432247 0.03866887092590332
1662933386742802619 0.044806718826293945
1662933386803619861 0.04295682907104492
1662933386863625764 0.04289412498474121
1662933386923686027 0.04339194297790527
1662933386984205007 0.042676448822021484
1662933387044147968 0.04369330406188965
1662933387104296684 0.04451107978820801
1662933387164442062 0.04631853103637695
1662933387224523544 0.04330110549926758
1662933387285087585 0.04213690757751465
1662933387345265388 0.042539119720458984
1662933387405554533 0.042229413986206055
1662933387465863943 0.04190397262573242
1662933387526183366 0.042214393615722656
1662933387587084770 0.04241347312927246
1662933387647180318 0.04181981086730957
1662933387708050489 0.04206347465515137
1662933387768227577 0.04168248176574707
1662933387828286170 0.04212212562561035
1662933387888543605 0.04188895225524902
1662933387948978662 0.04192852973937988
1662933388009231567 0.04154849052429199
1662933388069952011 0.041718482971191406
1662933388129924535 0.042061805725097656
1662933388189828157 0.04152846336364746
1662933388249995946 0.0418095588684082
1662933388310252428 0.041834354400634766
1662933388370313405 0.042569875717163086
1662933388430398225 0.04172801971435547
1662933388490472793 0.04197859764099121
1662933388550806760 0.04169893264770508
1662933388610884189 0.04177045822143555
1662933388671034336 0.04175567626953125
1662933388731088399 0.04186296463012695
1662933388791177988 0.04158306121826172
1662933388851579189 0.04167747497558594
1662933388911912918 0.04172205924987793
1662933388972141504 0.041609764099121094
1662933389032372951 0.04172253608703613
1662933389092667579 0.0419774055480957
1662933389152873277 0.041652679443359375
1662933389213154554 0.041959285736083984
1662933389273243904 0.04203438758850098
1662933389333240032 0.04219794273376465
1662933389393498897 0.0424954891204834
1662933389453516483 0.04232454299926758
1662933389513500928 0.04220890998840332
1662933389573762655 0.04234123229980469
1662933389633959770 0.042310476303100586
1662933389694139957 0.04231858253479004
1662933389754262447 0.04244089126586914
1662933389814208984 0.042749881744384766
1662933389874251604 0.042691946029663086
1662933389934211015 0.04259204864501953
1662933389994139909 0.04241204261779785
1662933390054195165 0.04226398468017578
1662933390114318609 0.04205918312072754
1662933390174312114 0.04171442985534668
1662933390235179185 0.0418546199798584
1662933390295119524 0.042429208755493164
1662933390355346441 0.04167294502258301
1662933390415207624 0.04207897186279297
1662933390475188970 0.0418698787689209
1662933390535262346 0.04209327697753906
1662933390595226764 0.04220247268676758
1662933390655247688 0.04218149185180664
1662933390716017484 0.041795969009399414
1662933390776263236 0.04163026809692383
1662933390836014270 0.04166889190673828
1662933390896098852 0.04190635681152344
1662933390956279993 0.042061805725097656
1662933391016405820 0.04181194305419922
1662933391076322317 0.042252302169799805
1662933391136315822 0.041710853576660156
1662933391196178197 0.04183363914489746
1662933391256263494 0.04317116737365723
1662933391316416263 0.04228472709655762
1662933391376542091 0.042111873626708984
1662933391437395572 0.042320966720581055
1662933391498365402 0.042520761489868164
1662933391558053731 0.04231619834899902
1662933391617551326 0.041963815689086914
1662933391677204370 0.042153120040893555
1662933391736759662 0.04236578941345215
1662933391796349763 0.042304277420043945
1662933391856142282 0.04234647750854492
1662933391915901660 0.04250788688659668
1662933391975377559 0.04246330261230469
1662933392034979104 0.04226231575012207
1662933392094368934 0.04233384132385254
1662933392153968334 0.04178214073181152
1662933392213346958 0.04187202453613281
1662933392272777557 0.043054819107055664
1662933392332759618 0.034441471099853516
1662933392393010854 0.036777496337890625
1662933392452912569 0.041344404220581055
1662933392512460231 0.042525529861450195
1662933392572087049 0.04610180854797363
1662933392631671905 0.03448963165283203
1662933392692067623 0.036389827728271484
1662933392752034664 0.04230856895446777
1662933392811400175 0.03404092788696289
1662933392870999574 0.03416037559509277
1662933392930646419 0.04247283935546875
1662933392990617275 0.03435468673706055
1662933393050942420 0.04244732856750488
1662933393110830783 0.03463125228881836
1662933393170968532 0.03433942794799805
1662933393231155872 0.0428009033203125
1662933393291267633 0.03405618667602539
1662933393351247787 0.04177141189575195
1662933393411403417 0.0354769229888916
1662933393471778631 0.04205584526062012
1662933393532029628 0.03393268585205078
1662933393592323780 0.034003496170043945
1662933393652948379 0.04004621505737305
1662933393713084697 0.034180402755737305
1662933393773825168 0.04474329948425293
1662933393833390951 0.03428053855895996
1662933393893447160 0.03420066833496094
1662933393954878807 0.03745865821838379
1662933394015321969 0.03414154052734375
1662933394075458765 0.0424957275390625
1662933394135406255 0.03436756134033203
1662933394195623874 0.03421330451965332
1662933394256224870 0.035211801528930664
1662933394316517353 0.03460335731506348
1662933394376847267 0.041513681411743164
1662933394437039613 0.034310340881347656
1662933394497152566 0.043062686920166016
1662933394557215213 0.034743309020996094
1662933394617518901 0.04317784309387207
1662933394677764654 0.0344085693359375
1662933394737420082 0.03479766845703125
1662933394797979354 0.03434157371520996
1662933394858259201 0.03464150428771973
1662933394919135093 0.042607784271240234
1662933394979228019 0.040749549865722656
1662933395038954257 0.034516334533691406
1662933395099443912 0.035588741302490234
1662933395160372972 0.04250764846801758
1662933395219983577 0.04216337203979492
1662933395280140399 0.042643070220947266
1662933395341388702 0.03920936584472656
1662933395402288913 0.04352378845214844
1662933395464001417 0.04903364181518555
1662933395524656534 0.0432889461517334
1662933395585926771 0.03507351875305176
1662933395646317481 0.0464472770690918
1662933395708433151 0.050829410552978516
1662933395769443988 0.05149269104003906
1662933395831624269 0.042829036712646484
1662933395892545461 0.043245792388916016
1662933395953757524 0.044209957122802734
1662933396014123439 0.042670488357543945
1662933396076327562 0.038184165954589844
1662933396136592388 0.04625415802001953
1662933396197972297 0.042833566665649414
1662933396258587360 0.04143023490905762
1662933396321554660 0.03905177116394043
1662933396382820367 0.04505562782287598
1662933396444379091 0.04574775695800781
1662933396504676818 0.04347705841064453
1662933396566014766 0.04293251037597656
1662933396626363754 0.04257988929748535
1662933396687687635 0.0421290397644043
1662933396747905015 0.042395591735839844
1662933396809259176 0.04207468032836914
1662933396869649648 0.04206681251525879
1662933396930848598 0.04228639602661133
1662933396991230249 0.04243922233581543
1662933397052352666 0.0419158935546875
1662933397112518548 0.04270315170288086
1662933397173521041 0.042592525482177734
1662933397233583211 0.0420680046081543
1662933397294894695 0.04204535484313965
1662933397355135440 0.04242992401123047
1662933397416413068 0.034804582595825195
1662933397477081775 0.034786224365234375
1662933397539682626 0.038573265075683594
1662933397600148677 0.04394650459289551
1662933397661500215 0.03467607498168945
1662933397721919059 0.03465700149536133
1662933397783380508 0.04274749755859375
1662933397843881845 0.04514908790588379
1662933397905195951 0.03474736213684082
1662933397966318607 0.035956382751464844
1662933398027744293 0.04317116737365723
1662933398087991476 0.03502678871154785
1662933398149473190 0.03442645072937012
1662933398225367784 0.03493070602416992
1662933398286352872 0.03923797607421875
1662933398346477985 0.04233694076538086
1662933398406705379 0.03483176231384277
1662933398466591835 0.03534722328186035
1662933398527285814 0.03810620307922363
1662933398587350845 0.042536258697509766
1662933398647694826 0.042055368423461914
1662933398708452701 0.04009866714477539
1662933398769052267 0.04405045509338379
1662933398828889608 0.04349923133850098
1662933398888536930 0.04026675224304199
1662933398948343038 0.03462409973144531
1662933399008809566 0.03682088851928711
1662933399068486213 0.045538902282714844
1662933399128309249 0.03479313850402832
1662933399187971591 0.03493690490722656
1662933399248493909 0.04087495803833008
1662933399309279680 0.039825439453125
1662933399369098663 0.043182373046875
1662933399428824901 0.04523611068725586
1662933399488582372 0.034754276275634766
1662933399548428535 0.03984403610229492
1662933399609069108 0.04119110107421875
1662933399668785333 0.03505706787109375
1662933399729779958 0.040163278579711914
1662933399790029287 0.043058156967163086
1662933399850245237 0.03438448905944824
1662933399911364793 0.03867840766906738
1662933399971634864 0.034883975982666016
1662933400031967401 0.03436994552612305
1662933400092663049 0.04413485527038574
1662933400152785301 0.03499865531921387
1662933400212763547 0.0350651741027832
1662933400273677349 0.03526043891906738
1662933400334001064 0.04064607620239258
1662933400394434928 0.04598188400268555
1662933400454777717 0.0425570011138916
1662933400514985322 0.04208731651306152
1662933400575057744 0.042135000228881836
1662933400635416507 0.04210638999938965
1662933400695690155 0.04245114326477051
1662933400756055831 0.04160785675048828
1662933400817832231 0.04078865051269531
1662933400879324674 0.03827548027038574
1662933400940380811 0.03569793701171875
1662933401000714302 0.03469252586364746
1662933401060861587 0.034564971923828125
1662933401121230602 0.03448605537414551
1662933401182957649 0.037689208984375
1662933401244096994 0.037801265716552734
1662933401305357217 0.03822064399719238
1662933401366487979 0.03566789627075195
1662933401427614688 0.03992915153503418
1662933401487980365 0.04199624061584473
1662933401548206090 0.04262876510620117
1662933401608205318 0.042037010192871094
1662933401668050527 0.04210853576660156
1662933401728184461 0.04266786575317383
1662933401788282155 0.04145526885986328
1662933401849931478 0.03757786750793457
1662933401910686969 0.04168224334716797
1662933401970895767 0.0434727668762207
1662933402031161785 0.04168891906738281
1662933402092275619 0.03922224044799805
1662933402153291463 0.03579449653625488
1662933402213815450 0.041257619857788086
1662933402274209022 0.04218268394470215
1662933402334485530 0.0421757698059082
1662933402395343065 0.04022574424743652
1662933402456405878 0.038609981536865234
1662933402516725301 0.04371929168701172
1662933402577322006 0.042809247970581055
1662933402638918399 0.03794288635253906
1662933402699223041 0.04414677619934082
1662933402759475708 0.042160987854003906
1662933402821081161 0.038299560546875
1662933402881595849 0.03968000411987305
1662933402941837787 0.04203629493713379
1662933403002722978 0.04406571388244629
1662933403063008546 0.04243826866149902
1662933403123536825 0.043738603591918945
1662933403183916807 0.04334688186645508
1662933403243947267 0.04294228553771973
1662933403304203271 0.04203319549560547
1662933403364423990 0.04256129264831543
1662933403424598932 0.04191303253173828
1662933403485007762 0.04232978820800781
1662933403545287847 0.042110443115234375
1662933403605305433 0.04165792465209961
1662933403665812969 0.042527198791503906
1662933403726098537 0.04219198226928711
1662933403786051988 0.042389869689941406
1662933403846302747 0.042404890060424805
1662933403906718730 0.04223465919494629
1662933403967169523 0.04230976104736328
1662933404027464866 0.04197287559509277
1662933404087705850 0.04214167594909668
1662933404147982597 0.04204988479614258
1662933404208433628 0.04173612594604492
1662933404269138336 0.04195451736450195
1662933404329584598 0.04213237762451172
1662933404390090942 0.04267263412475586
1662933404451125144 0.0423583984375
1662933404511718511 0.041710853576660156
1662933404572107315 0.04182791709899902
1662933404632548332 0.04119253158569336
1662933404693085670 0.04153132438659668
1662933404753582477 0.041411638259887695
1662933404814291000 0.04173612594604492
1662933404874758958 0.04165196418762207
1662933404935409307 0.04137229919433594
1662933404995992422 0.041887760162353516
1662933405056770086 0.04163527488708496
1662933405117293119 0.042350053787231445
1662933405177882194 0.04200887680053711
1662933405238410234 0.04189777374267578
1662933405299128532 0.041643619537353516
1662933405359421968 0.042124032974243164
1662933405419888496 0.04201388359069824
1662933405480859041 0.04194760322570801
1662933405541466474 0.04184746742248535
1662933405604261875 0.042142391204833984
1662933405664273500 0.04218173027038574
1662933405724447488 0.04223370552062988
1662933405784622907 0.04172182083129883
1662933405844549179 0.04203295707702637
1662933405904543399 0.041718244552612305
1662933405964629173 0.04189944267272949
1662933406024621725 0.042124271392822266
1662933406084655046 0.042441368103027344
1662933406144750356 0.041815996170043945
1662933406204850673 0.042385101318359375
1662933406265036106 0.04202771186828613
1662933406325397014 0.04206109046936035
1662933406385497331 0.0418553352355957
1662933406445505380 0.042493343353271484
1662933406506083726 0.042043447494506836
1662933406565965652 0.04233527183532715
1662933406625881433 0.04262399673461914
1662933406686160087 0.04308056831359863
1662933406745901346 0.04276442527770996
1662933406805755138 0.04213213920593262
1662933406865869283 0.044992685317993164
1662933406925454139 0.04258084297180176
1662933406985492467 0.04247021675109863
1662933407045798540 0.04257392883300781
1662933407105838060 0.04263949394226074
1662933407166607379 0.04224872589111328
1662933407226907253 0.04285025596618652
1662933407287203073 0.042337656021118164
1662933407347694396 0.04306292533874512
1662933407407710313 0.04292750358581543
1662933407467855930 0.04270434379577637
1662933407528040885 0.04261040687561035
1662933407588392734 0.04275202751159668
1662933407649056196 0.042929887771606445
1662933407709327220 0.042424917221069336
1662933407770070552 0.04252982139587402
1662933407830275297 0.04202437400817871
1662933407890375137 0.04223322868347168
1662933407950960397 0.042316436767578125
1662933408010925531 0.04277396202087402
1662933408071234703 0.04226851463317871
1662933408131350040 0.04233193397521973
1662933408191963434 0.0424349308013916
1662933408253022193 0.0422055721282959
1662933408313200950 0.042754173278808594
1662933408373407125 0.042540550231933594
1662933408433602333 0.04246950149536133
1662933408493667364 0.04250693321228027
1662933408553826093 0.04220223426818848
1662933408613811492 0.04203677177429199
1662933408674135923 0.0424039363861084
1662933408734567403 0.04190182685852051
1662933408794724702 0.04226970672607422
1662933408855043411 0.04204559326171875
1662933408915249586 0.04245781898498535
1662933408975272417 0.04203534126281738
1662933409035693168 0.04209733009338379
1662933409095809936 0.041899681091308594
1662933409156067132 0.04231071472167969
1662933409216168403 0.04189109802246094
1662933409276420831 0.04218769073486328
1662933409336893081 0.04290938377380371
1662933409396976709 0.034760475158691406
1662933409457501888 0.03452467918395996
1662933409517945766 0.03470444679260254
1662933409578211545 0.04341626167297363
1662933409638770580 0.034296274185180664
1662933409699805021 0.04059600830078125
1662933409760286092 0.04257488250732422
1662933409820650577 0.0422208309173584
1662933409881094932 0.03496265411376953
1662933409941305637 0.03484678268432617
1662933410001711130 0.034448862075805664
1662933410062184095 0.041992902755737305
1662933410122487783 0.043137311935424805
1662933410182597160 0.04233360290527344
1662933410242650032 0.04209256172180176
1662933410302789926 0.04229903221130371
1662933410362882852 0.04250192642211914
1662933410423471450 0.040955305099487305
1662933410485125541 0.04333806037902832
1662933410545513629 0.043299198150634766
1662933410605962276 0.042755126953125
1662933410666720867 0.03832125663757324
1662933410727461814 0.03449535369873047
1662933410788253784 0.0346989631652832
1662933410850106477 0.03679847717285156
1662933410911062717 0.03684067726135254
1662933410971850156 0.03505206108093262
1662933411032151699 0.03480648994445801
1662933411092415809 0.03527045249938965
1662933411152756929 0.04262852668762207
1662933411213200569 0.043807268142700195
1662933411273273944 0.043115854263305664
1662933411333293676 0.04416465759277344
1662933411393637657 0.04398155212402344
1662933411453830718 0.043317556381225586
1662933411513959884 0.04346656799316406
1662933411574146747 0.04247093200683594
1662933411634418725 0.04215407371520996
1662933411694806337 0.04242658615112305
1662933411755079507 0.04211783409118652
1662933411815263748 0.04221224784851074
1662933411875629425 0.04269981384277344
1662933411935929298 0.042345523834228516
1662933411996052265 0.0421910285949707
1662933412056337356 0.04329633712768555
1662933412116572856 0.044405221939086914
1662933412176826000 0.04288768768310547
1662933412237071037 0.04294562339782715
1662933412297548770 0.04331326484680176
1662933412357975721 0.044458866119384766
1662933412418326616 0.04626870155334473
1662933412478893280 0.03519105911254883
1662933412539330720 0.03481268882751465
1662933412600418806 0.037183523178100586
1662933412660712242 0.041483402252197266
1662933412721839189 0.042569637298583984
1662933412782055139 0.042818546295166016
1662933412842368364 0.04306197166442871
1662933412902815341 0.04265022277832031
1662933412963808774 0.04056143760681152
1662933413025400161 0.03895258903503418
1662933413086723804 0.03808879852294922
1662933413148250102 0.038770437240600586
1662933413224256992 0.04256892204284668
1662933413284152269 0.0424041748046875
1662933413344109058 0.043050289154052734
1662933413403989791 0.03549671173095703
1662933413464086294 0.04343080520629883
1662933413525459766 0.04740738868713379
1662933413585834503 0.042789459228515625
1662933413646126508 0.04300069808959961
1662933413706019401 0.042195796966552734
1662933413765932559 0.04223179817199707
1662933413825752735 0.04222869873046875
1662933413886253356 0.04272961616516113
1662933413947000503 0.04262804985046387
1662933414007154226 0.04279160499572754
1662933414067099094 0.04259347915649414
1662933414127107381 0.04299616813659668
1662933414187469244 0.043334245681762695
1662933414247805356 0.04257607460021973
1662933414307700634 0.04276442527770996
1662933414367978096 0.04282069206237793
1662933414428211212 0.04320478439331055
1662933414488328218 0.042609214782714844
1662933414548115015 0.042626142501831055
1662933414607846260 0.042841434478759766
1662933414667423248 0.0429537296295166
1662933414727178812 0.043781280517578125
1662933414786888599 0.04617619514465332
1662933414847086429 0.04534626007080078
1662933414907217741 0.03516864776611328
1662933414967615842 0.03538370132446289
1662933415028733015 0.03562307357788086
1662933415090070962 0.040177106857299805
1662933415150663137 0.04298734664916992
1662933415211083412 0.04270124435424805
1662933415271451473 0.042662858963012695
1662933415332047939 0.03499412536621094
1662933415392776012 0.03674197196960449
1662933415452960968 0.04233503341674805
1662933415513591766 0.0435945987701416
1662933415573708295 0.03488731384277344
1662933415633926630 0.03494071960449219
1662933415694192171 0.041138648986816406
1662933415755101919 0.04309725761413574
1662933415815226793 0.04291033744812012
1662933415875515699 0.04350090026855469
1662933415935564279 0.04345107078552246
1662933415995826959 0.04261159896850586
1662933416056130886 0.03483009338378906
1662933416118086338 0.03783702850341797
1662933416178452014 0.04282259941101074
1662933416238591670 0.043590545654296875
1662933416298619747 0.0424196720123291
1662933416358998060 0.03465151786804199
1662933416420661449 0.03842926025390625
1662933416481385707 0.04228949546813965
1662933416542483091 0.03471636772155762
1662933416602997303 0.03420114517211914
1662933416663952112 0.04040861129760742
1662933416724212884 0.04199528694152832
1662933416784324884 0.04012751579284668
1662933416844486713 0.034233808517456055
1662933416904561519 0.042801856994628906
1662933416964549779 0.03454279899597168
1662933417025227069 0.036184072494506836
1662933417086647748 0.03801727294921875
1662933417147131681 0.04269266128540039
1662933417207510709 0.039319753646850586
1662933417268619537 0.03461861610412598
1662933417329576730 0.03637862205505371
1662933417390704154 0.03777503967285156
1662933417451884746 0.04053163528442383
1662933417512977838 0.041930198669433594
1662933417574757814 0.03992509841918945
1662933417635345935 0.035604238510131836
1662933417696460247 0.037781715393066406
1662933417757017374 0.03795266151428223
1662933417817721128 0.04293107986450195
1662933417879957914 0.0424802303314209
1662933417941779613 0.039556026458740234
1662933418003891229 0.039762020111083984
1662933418064506053 0.040891408920288086
1662933418125606298 0.04013514518737793
1662933418186074256 0.04740500450134277
1662933418246735572 0.04566550254821777
1662933418306912660 0.04147934913635254
1662933418367019176 0.040917396545410156
1662933418427160024 0.0346071720123291
1662933418487271308 0.03567934036254883
1662933418548601865 0.047013044357299805
1662933418608515024 0.034826040267944336
1662933418668751716 0.03624725341796875
1662933418729409933 0.03779006004333496
1662933418790385484 0.0385594367980957
1662933418850372314 0.041921138763427734
1662933418911103010 0.04230546951293945
1662933418970897197 0.04333209991455078
1662933419031340360 0.03482818603515625
1662933419091626167 0.040750980377197266
1662933419151878595 0.04317736625671387
1662933419211921930 0.042127370834350586
1662933419271233081 0.04299354553222656
1662933419331385135 0.04377889633178711
1662933419391414642 0.043401241302490234
1662933419451104164 0.03430008888244629
1662933419511005878 0.0430605411529541
1662933419571329832 0.04319620132446289
1662933419630801677 0.042639732360839844
1662933419690352916 0.042424917221069336
1662933419750223636 0.04129767417907715
1662933419812466621 0.03800249099731445
1662933419872899293 0.03685116767883301
1662933419933051109 0.04590106010437012
1662933419993281126 0.04264688491821289
1662933420054155826 0.04029369354248047
1662933420114620208 0.04389667510986328
1662933420174490451 0.042688608169555664
1662933420234354972 0.04157733917236328
1662933420294623136 0.04197192192077637
1662933420356106281 0.04354262351989746
1662933420416464805 0.0392303466796875
1662933420476422548 0.04724383354187012
1662933420536504507 0.04351067543029785
1662933420596524953 0.04320192337036133
1662933420657450914 0.039977073669433594
1662933420718042373 0.04426217079162598
1662933420778028249 0.04714679718017578
1662933420838590860 0.043788909912109375
1662933420901298761 0.04390454292297363
1662933420960946321 0.03513693809509277
1662933421020552396 0.03554034233093262
1662933421081044197 0.04044985771179199
1662933421140606880 0.04329395294189453
1662933421200362443 0.04239821434020996
1662933421260927677 0.04128408432006836
1662933421320680379 0.04428577423095703
1662933421380389928 0.03557276725769043
1662933421440119743 0.03536653518676758
1662933421499982357 0.04275941848754883
1662933421560241937 0.04308891296386719
1662933421620111942 0.042725324630737305
1662933421680448770 0.03794455528259277
1662933421739865303 0.04299330711364746
1662933421799676895 0.04281449317932129
1662933421859738111 0.03906655311584473
1662933421919949531 0.036504268646240234
1662933421980237483 0.04051399230957031
1662933422040617942 0.037790536880493164
1662933422101059675 0.03834724426269531
1662933422161201477 0.035379886627197266
1662933422221054792 0.04264497756958008
1662933422280768871 0.043166399002075195
1662933422340504646 0.046746253967285156
1662933422400323629 0.043703556060791016
1662933422460006237 0.04218316078186035
1662933422520195722 0.041341543197631836
1662933422581217288 0.03979635238647461
1662933422641623497 0.04507160186767578
1662933422702377557 0.04247260093688965
