using cuda:0 device.
50.50778388977051
50.77767372131348
50.78458786010742
58.45785140991211
50.4755973815918
50.66227912902832
50.64678192138672
50.77719688415527
50.89163780212402
50.54426193237305
51.13101005554199
51.42545700073242
51.2537956237793
51.157474517822266
51.383256912231445
50.57072639465332
50.34756660461426
51.05757713317871
50.59456825256348
51.5589714050293
51.12957954406738
51.43570899963379
51.30147933959961
51.27358436584473
50.9183406829834
50.98557472229004
50.92453956604004
51.186561584472656
51.16462707519531
51.06401443481445
51.04851722717285
51.60117149353027
51.08761787414551
51.058053970336914
51.119089126586914
51.60212516784668
50.8725643157959
51.01203918457031
50.58908462524414
50.62437057495117
51.01370811462402
51.16629600524902
50.95815658569336
51.4066219329834
51.03731155395508
51.16915702819824
50.80676078796387
51.53489112854004
50.98462104797363
50.72498321533203
51.27286911010742
50.711631774902344
51.067352294921875
51.187753677368164
50.74453353881836
51.3761043548584
51.35607719421387
51.026344299316406
50.833940505981445
51.13339424133301
50.71854591369629
50.97150802612305
51.364898681640625
51.00202560424805
50.812721252441406
51.40209197998047
50.882816314697266
51.35655403137207
51.345109939575195
51.22947692871094
51.136016845703125
51.759958267211914
51.27143859863281
51.331281661987305
50.87685585021973
50.89426040649414
51.03492736816406
51.48935317993164
51.34916305541992
51.23615264892578
51.26953125
51.169395446777344
50.56190490722656
50.83608627319336
51.51820182800293
50.53424835205078
51.403045654296875
51.65600776672363
50.77362060546875
51.09357833862305
51.40852928161621
50.86159706115723
51.14245414733887
51.78189277648926
51.47123336791992
50.89426040649414
53.64799499511719
53.62653732299805
52.02174186706543
51.66172981262207
51.6505241394043
51.00226402282715
51.36704444885254
51.422834396362305
51.661014556884766
52.217721939086914
51.90587043762207
51.851511001586914
51.03611946105957
51.64480209350586
51.421403884887695
51.3157844543457
51.62692070007324
51.421165466308594
51.21493339538574
51.61428451538086
51.44238471984863
51.410675048828125
51.35798454284668
51.738739013671875
51.25570297241211
51.50437355041504
51.688194274902344
51.94711685180664
51.31030082702637
51.68867111206055
51.404476165771484
51.64694786071777
51.44906044006348
51.53822898864746
51.06544494628906
51.51939392089844
51.68604850769043
51.51033401489258
51.702022552490234
52.31118202209473
51.67698860168457
51.38540267944336
51.57923698425293
51.93686485290527
51.35011672973633
51.45716667175293
51.60927772521973
51.573991775512695
51.63407325744629
51.810503005981445
51.37348175048828
51.2537956237793
51.733970642089844
50.94122886657715
51.633358001708984
51.7115592956543
51.820993423461914
51.44309997558594
51.32603645324707
52.00028419494629
51.24235153198242
51.470041275024414
52.05225944519043
51.262617111206055
51.60856246948242
52.18982696533203
51.19156837463379
51.674604415893555
52.01220512390137
51.44166946411133
51.49435997009277
51.41139030456543
51.383256912231445
51.192522048950195
51.68724060058594
51.97548866271973
51.43904685974121
51.41019821166992
51.629066467285156
51.27453804016113
51.828861236572266
51.69057846069336
51.71918869018555
51.46527290344238
51.483154296875
52.069902420043945
51.62930488586426
52.10161209106445
51.709890365600586
51.48148536682129
51.67698860168457
51.847219467163086
52.10113525390625
51.80001258850098
51.44476890563965
52.42657661437988
51.43022537231445
51.63073539733887
51.7425537109375
51.61333084106445
51.38802528381348
51.72395706176758
51.943302154541016
51.48959159851074
51.74612998962402
51.781654357910156
51.22542381286621
51.373958587646484
51.714420318603516
51.79119110107422
51.33700370788574
51.911115646362305
52.19864845275879
52.031517028808594
51.49102210998535
51.90849304199219
51.79142951965332
51.55754089355469
51.73230171203613
52.1392822265625
51.48935317993164
51.76138877868652
52.182674407958984
51.81002616882324
51.31363868713379
51.41639709472656
52.09183692932129
51.923274993896484
51.64051055908203
52.262306213378906
51.599740982055664
51.89633369445801
51.724910736083984
52.12831497192383
51.4373779296875
51.775455474853516
51.97858810424805
51.729440689086914
52.29473114013672
51.73516273498535
52.26612091064453
51.81765556335449
51.760196685791016
52.133798599243164
51.96857452392578
51.5744686126709
52.38080024719238
51.44309997558594
51.75018310546875
51.896095275878906
52.04582214355469
51.68890953063965
52.04916000366211
51.78356170654297
52.14190483093262
51.95212364196777
52.172183990478516
51.8031120300293
52.41584777832031
52.240610122680664
51.86200141906738
51.657676696777344
52.11758613586426
51.990509033203125
51.40542984008789
51.77044868469238
52.23488807678223
51.788330078125
51.92875862121582
52.06036567687988
51.94854736328125
51.31840705871582
51.51796340942383
52.290916442871094
51.65386199951172
51.81288719177246
51.77640914916992
52.117347717285156
51.94830894470215
51.668405532836914
52.046775817871094
51.70273780822754
51.48768424987793
52.17266082763672
51.548004150390625
51.825761795043945
52.38628387451172
51.77187919616699
51.75471305847168
51.50175094604492
51.78689956665039
52.66928672790527
51.92232131958008
52.558183670043945
51.64837837219238
51.839590072631836
51.96952819824219
52.03747749328613
52.02746391296387
52.12759971618652
51.88417434692383
52.03676223754883
51.95760726928711
52.29306221008301
52.086591720581055
51.83053016662598
52.33621597290039
51.49412155151367
51.991939544677734
51.88441276550293
52.11758613586426
51.74446105957031
52.40225791931152
52.150726318359375
51.89919471740723
51.81002616882324
51.953792572021484
51.47266387939453
51.62215232849121
52.13046073913574
52.046775817871094
52.14214324951172
51.596641540527344
51.985979080200195
51.718711853027344
51.93376541137695
52.36172676086426
51.8796443939209
51.830291748046875
52.09207534790039
52.22630500793457
51.660776138305664
51.84435844421387
52.00052261352539
52.17289924621582
51.69677734375
51.88703536987305
52.17432975769043
51.775217056274414
52.23369598388672
52.07562446594238
51.8341064453125
51.896095275878906
52.13570594787598
52.01911926269531
52.118539810180664
51.851749420166016
52.027225494384766
52.09779739379883
51.55467987060547
51.90896987915039
52.28710174560547
51.89681053161621
51.918745040893555
52.20437049865723
51.71704292297363
51.63908004760742
51.71775817871094
52.14238166809082
51.782846450805664
52.17456817626953
52.69050598144531
51.95045471191406
51.73349380493164
51.98502540588379
52.25849151611328
51.789283752441406
52.05106735229492
52.38604545593262
51.64027214050293
52.02150344848633
51.94091796875
52.039146423339844
51.84674263000488
51.641225814819336
51.921844482421875
51.91445350646973
52.021026611328125
52.211761474609375
51.63240432739258
52.08134651184082
51.97501182556152
52.117347717285156
51.68795585632324
52.521467208862305
52.46758460998535
52.34193801879883
51.75161361694336
51.92399024963379
52.08325386047363
52.00529098510742
51.73087120056152
51.74541473388672
51.43594741821289
51.491498947143555
51.26237869262695
51.34868621826172
51.09071731567383
50.900936126708984
