using cuda:0 device.
50.21214485168457
49.89457130432129
50.016164779663086
49.74651336669922
50.84729194641113
50.429582595825195
50.19879341125488
50.28271675109863
50.168514251708984
50.2164363861084
49.98421669006348
49.63517189025879
49.9417781829834
49.58295822143555
50.56357383728027
49.89290237426758
49.82733726501465
50.10557174682617
49.56173896789551
49.89767074584961
49.99876022338867
50.16326904296875
49.53455924987793
50.34232139587402
49.83830451965332
49.72076416015625
49.962520599365234
50.20427703857422
49.990177154541016
49.70741271972656
50.06051063537598
49.90744590759277
50.23527145385742
50.452232360839844
50.12154579162598
50.19807815551758
49.83711242675781
50.176143646240234
50.467491149902344
49.962520599365234
50.48537254333496
50.03976821899414
50.34041404724121
50.01020431518555
50.22287368774414
50.018310546875
50.136566162109375
50.260066986083984
49.68547821044922
49.757957458496094
49.50761795043945
49.6671199798584
49.645423889160156
49.706220626831055
50.280094146728516
50.00662803649902
50.29940605163574
49.89051818847656
50.113677978515625
49.567461013793945
50.10819435119629
49.79562759399414
49.54409599304199
49.69286918640137
49.99995231628418
50.104618072509766
49.53503608703613
49.87645149230957
50.063133239746094
49.834489822387695
49.880027770996094
49.55291748046875
49.80874061584473
50.29153823852539
50.113677978515625
50.33564567565918
50.10223388671875
50.29416084289551
49.81207847595215
49.55482482910156
50.516366958618164
50.08506774902344
50.283193588256836
49.9417781829834
50.200700759887695
50.356149673461914
50.41670799255371
50.628662109375
50.004005432128906
50.626516342163086
49.96657371520996
49.687862396240234
50.06051063537598
50.534725189208984
50.53877830505371
50.87161064147949
50.93717575073242
50.33731460571289
50.52495002746582
50.286293029785156
50.350189208984375
50.299882888793945
50.04715919494629
50.44817924499512
50.52638053894043
50.19116401672363
50.29916763305664
49.87668991088867
50.377607345581055
50.237417221069336
50.32682418823242
50.763845443725586
50.397396087646484
50.43458938598633
50.3389835357666
50.59480667114258
50.30488967895508
50.63319206237793
50.71377754211426
50.37331581115723
50.56452751159668
50.44388771057129
50.40860176086426
50.42147636413574
50.818443298339844
50.50039291381836
50.00925064086914
50.63915252685547
50.24099349975586
50.542354583740234
50.64749717712402
50.23670196533203
50.542354583740234
50.31466484069824
50.92287063598633
49.92032051086426
50.22406578063965
49.99899864196777
50.23813247680664
49.974918365478516
49.898624420166016
50.4002571105957
49.45874214172363
50.405263900756836
50.0788688659668
50.219058990478516
50.46367645263672
50.36044120788574
50.82225799560547
50.15277862548828
50.54426193237305
50.108909606933594
50.01521110534668
50.058841705322266
50.35209655761719
50.658226013183594
50.260066986083984
51.06496810913086
50.44221878051758
50.89712142944336
49.89767074584961
50.11343955993652
49.8960018157959
50.020456314086914
50.6281852722168
49.89767074584961
50.656795501708984
50.08864402770996
50.83751678466797
50.20308494567871
50.07219314575195
50.53067207336426
50.10414123535156
50.618886947631836
50.19855499267578
50.64964294433594
50.25935173034668
50.37045478820801
50.37665367126465
50.38166046142578
50.50301551818848
50.25601387023926
50.527334213256836
50.348520278930664
50.46200752258301
50.092220306396484
50.47440528869629
50.45628547668457
50.45604705810547
50.769805908203125
50.89998245239258
51.027774810791016
50.79150199890137
50.318241119384766
50.52614212036133
50.20713806152344
50.66871643066406
50.443410873413086
50.496816635131836
50.71544647216797
50.36640167236328
50.93717575073242
50.39048194885254
50.67253112792969
50.47106742858887
50.65751075744629
50.51279067993164
50.08959770202637
50.51469802856445
50.39477348327637
50.506591796875
50.3237247467041
50.5223274230957
50.33230781555176
50.48775672912598
50.71902275085449
50.27604103088379
50.438642501831055
49.822330474853516
50.56262016296387
50.626516342163086
50.931453704833984
50.879716873168945
50.94313621520996
50.96888542175293
50.32920837402344
50.80771446228027
50.473690032958984
50.53091049194336
50.6742000579834
50.25649070739746
50.5826473236084
50.3079891204834
51.08165740966797
50.89831352233887
50.54187774658203
50.734758377075195
50.89306831359863
50.861358642578125
50.31418800354004
50.390005111694336
50.18138885498047
50.26745796203613
50.71210861206055
50.58169364929199
50.35877227783203
50.45890808105469
51.11074447631836
50.80008506774902
50.969600677490234
50.38285255432129
50.295114517211914
50.884246826171875
50.45509338378906
51.09214782714844
50.46367645263672
51.05757713317871
50.15373229980469
50.97484588623047
50.2016544342041
50.879716873168945
50.39858818054199
50.68635940551758
50.6739616394043
50.59528350830078
50.60720443725586
50.194740295410156
50.66084861755371
50.34017562866211
50.40574073791504
50.74119567871094
50.425052642822266
50.92644691467285
50.597190856933594
50.99153518676758
50.835371017456055
50.77838897705078
50.11868476867676
50.60720443725586
50.466299057006836
50.7664680480957
49.981117248535156
50.54497718811035
50.53091049194336
50.37331581115723
50.97532272338867
52.22272872924805
51.00607872009277
50.57573318481445
50.56285858154297
50.77219009399414
50.64797401428223
50.88067054748535
50.97174644470215
50.95052719116211
50.71282386779785
50.9793758392334
50.7197380065918
50.67586898803711
51.41115188598633
51.08952522277832
51.06759071350098
50.972938537597656
51.38897895812988
50.4000186920166
50.91595649719238
50.957679748535156
50.469398498535156
51.10502243041992
50.87780952453613
50.69732666015625
50.25529861450195
50.98724365234375
50.93836784362793
50.695180892944336
51.44524574279785
50.939321517944336
50.99344253540039
50.644874572753906
50.7197380065918
50.873756408691406
50.75979232788086
50.850868225097656
50.76909065246582
50.90498924255371
50.554513931274414
51.01513862609863
50.366878509521484
50.74262619018555
50.90165138244629
50.524234771728516
51.239967346191406
50.3695011138916
50.43792724609375
50.86326599121094
50.31943321228027
51.16415023803711
50.83107948303223
50.9791374206543
50.52447319030762
50.84109306335449
50.96793174743652
50.71663856506348
50.83656311035156
50.56476593017578
50.92430114746094
50.73237419128418
50.68063735961914
50.910234451293945
50.8272647857666
52.09851264953613
51.81288719177246
51.09095573425293
50.85468292236328
51.023006439208984
51.02133750915527
50.76336860656738
50.977468490600586
50.68206787109375
50.60911178588867
50.93193054199219
51.01275444030762
51.18393898010254
50.67014694213867
51.186323165893555
50.58121681213379
50.75407028198242
50.92620849609375
50.61483383178711
51.184654235839844
50.40597915649414
51.0561466217041
50.35519599914551
50.65155029296875
51.03611946105957
50.48489570617676
51.05400085449219
50.78744888305664
50.97055435180664
50.48561096191406
50.729990005493164
51.047563552856445
50.92430114746094
50.97818374633789
50.62150955200195
51.609039306640625
51.59282684326172
50.905704498291016
51.126718521118164
50.64249038696289
51.00655555725098
50.70829391479492
50.855398178100586
50.909996032714844
50.57668685913086
51.2089729309082
50.89282989501953
51.02992057800293
50.72021484375
51.00560188293457
50.85325241088867
51.05948448181152
51.259517669677734
50.86636543273926
50.871849060058594
50.62675476074219
51.16844177246094
50.545692443847656
51.06925964355469
50.51898956298828
50.97508430480957
50.92811584472656
50.97770690917969
50.978899002075195
50.28963088989258
51.08308792114258
50.7969856262207
51.11813545227051
50.55570602416992
50.82440376281738
50.748586654663086
50.69923400878906
51.148414611816406
50.833702087402344
50.82821846008301
50.25005340576172
50.80080032348633
50.94718933105469
51.10669136047363
50.998687744140625
50.65512657165527
51.03278160095215
50.24313926696777
50.827741622924805
51.08928680419922
50.61745643615723
51.17917060852051
51.062583923339844
51.00202560424805
50.80699920654297
50.6742000579834
51.21803283691406
50.70757865905762
50.7659912109375
50.395965576171875
50.642967224121094
51.05757713317871
50.66394805908203
51.26237869262695
50.643205642700195
50.7357120513916
50.47273635864258
51.11050605773926
50.763845443725586
50.7965087890625
50.97365379333496
51.13577842712402
50.96697807312012
50.487518310546875
50.49848556518555
50.809383392333984
50.74357986450195
51.05233192443848
50.46844482421875
50.7354736328125
50.73881149291992
51.209449768066406
51.48053169250488
50.61197280883789
51.580190658569336
50.79793930053711
50.61149597167969
50.35972595214844
50.77314376831055
50.86684226989746
50.65417289733887
51.14483833312988
51.05113983154297
50.985097885131836
50.520896911621094
51.15199089050293
50.86684226989746
50.77004432678223
51.02992057800293
50.798892974853516
51.01609230041504
50.63772201538086
50.4307746887207
51.306724548339844
50.659894943237305
50.86708068847656
50.643205642700195
50.71687698364258
51.05280876159668
50.59504508972168
51.04970932006836
51.653385162353516
51.51176452636719
51.56087875366211
51.17011070251465
51.51486396789551
51.69034004211426
51.71394348144531
50.885915756225586
50.52375793457031
51.30267143249512
51.23329162597656
51.227569580078125
50.505638122558594
50.744056701660156
51.13554000854492
50.84586143493652
50.85468292236328
50.89712142944336
51.0706901550293
51.18513107299805
50.801992416381836
51.27263069152832
50.90832710266113
50.928354263305664
50.62222480773926
50.516605377197266
51.12934112548828
50.774335861206055
51.004648208618164
50.41646957397461
51.01656913757324
51.08284950256348
50.791025161743164
50.765275955200195
50.85492134094238
51.233768463134766
50.69088935852051
50.844430923461914
51.680564880371094
50.74596405029297
50.9340763092041
51.03921890258789
51.424503326416016
51.123619079589844
51.10931396484375
50.49538612365723
50.53567886352539
51.26667022705078
51.62167549133301
52.110910415649414
51.76258087158203
52.09660530090332
51.53369903564453
50.7502555847168
50.664424896240234
50.409555435180664
50.45342445373535
50.141096115112305
50.42600631713867
