using cuda:0 device.
49.5755672454834
49.762725830078125
100.46648979187012
100.75545310974121
96.08912467956543
91.6447639465332
88.11712265014648
78.22394371032715
68.14861297607422
49.66902732849121
101.0141372680664
99.78270530700684
96.34876251220703
97.81002998352051
97.52774238586426
90.31844139099121
84.74922180175781
73.00567626953125
49.20029640197754
100.10385513305664
97.10836410522461
100.45647621154785
97.59378433227539
96.27413749694824
95.9780216217041
91.23015403747559
94.93207931518555
76.27320289611816
49.111366271972656
99.99966621398926
97.35918045043945
100.51822662353516
97.79167175292969
97.32747077941895
91.97640419006348
88.31238746643066
171.93126678466797
96.99273109436035
97.15509414672852
97.27859497070312
97.12338447570801
97.40567207336426
96.9393253326416
96.73547744750977
93.9476490020752
82.6573371887207
166.87512397766113
96.98033332824707
96.74596786499023
103.10721397399902
90.68012237548828
197.49903678894043
96.34017944335938
97.84483909606934
97.08428382873535
96.17853164672852
97.82862663269043
97.0146656036377
96.91262245178223
96.56977653503418
97.78904914855957
96.56882286071777
97.78904914855957
93.83916854858398
90.77644348144531
80.77263832092285
69.81801986694336
49.6673583984375
100.48389434814453
100.48031806945801
96.31896018981934
97.12719917297363
97.23567962646484
92.00549125671387
88.5305404663086
171.7536449432373
97.07236289978027
96.6794490814209
97.16415405273438
97.00226783752441
96.62747383117676
98.04964065551758
91.07756614685059
86.68994903564453
76.30777359008789
79.22816276550293
49.767255783081055
100.28338432312012
100.42071342468262
94.55275535583496
100.40760040283203
96.62365913391113
92.1623706817627
82.69715309143066
165.7257080078125
97.02873229980469
96.79079055786133
103.44481468200684
91.400146484375
204.11348342895508
96.13180160522461
97.28527069091797
97.07331657409668
96.82917594909668
197.14927673339844
90.65675735473633
102.65326499938965
97.13077545166016
97.1827507019043
197.8316307067871
95.87240219116211
97.17726707458496
96.57597541809082
96.83632850646973
197.28422164916992
90.59476852416992
102.97513008117676
97.18513488769531
96.60100936889648
197.2949504852295
90.17705917358398
103.58762741088867
96.54402732849121
97.41878509521484
96.9853401184082
97.4578857421875
89.68567848205566
104.22229766845703
97.15557098388672
97.11575508117676
97.01156616210938
97.00894355773926
90.16728401184082
104.13837432861328
97.12433815002441
97.26285934448242
95.9463119506836
97.14031219482422
97.07069396972656
96.7409610748291
96.77362442016602
92.94319152832031
80.79719543457031
71.32863998413086
50.01258850097656
100.82650184631348
100.76260566711426
97.10574150085449
96.21644020080566
94.52104568481445
87.30459213256836
77.28171348571777
70.30057907104492
50.307273864746094
100.9514331817627
100.8152961730957
96.29321098327637
96.91143035888672
91.2477970123291
81.38179779052734
71.09856605529785
99.89643096923828
99.35498237609863
100.2504825592041
97.02658653259277
96.0848331451416
97.93758392333984
96.82512283325195
84.48290824890137
73.30203056335449
99.76005554199219
99.81703758239746
100.57878494262695
96.70376777648926
97.14341163635254
97.19967842102051
94.14958953857422
83.31680297851562
71.93756103515625
100.77548027038574
100.63028335571289
98.14453125
97.5027084350586
96.89712524414062
95.88885307312012
91.25447273254395
80.58023452758789
76.38883590698242
100.83889961242676
100.82411766052246
98.21081161499023
97.28837013244629
97.17035293579102
97.44787216186523
99.24864768981934
88.90390396118164
78.43708992004395
95.69835662841797
100.44360160827637
100.98934173583984
97.82195091247559
97.13196754455566
96.39430046081543
98.66070747375488
84.24019813537598
72.77917861938477
100.67081451416016
100.53253173828125
97.90706634521484
97.14102745056152
96.79603576660156
197.42178916931152
96.78196907043457
96.53472900390625
96.66204452514648
96.70352935791016
96.67253494262695
96.82774543762207
96.45915031433105
97.3806381225586
96.31800651550293
189.3620491027832
96.37165069580078
96.75860404968262
96.64678573608398
97.34272956848145
197.0834732055664
96.06766700744629
96.91095352172852
97.12791442871094
102.94818878173828
191.22552871704102
96.17924690246582
97.16486930847168
96.78339958190918
97.06759452819824
97.38016128540039
96.96245193481445
97.27907180786133
96.92549705505371
96.96388244628906
96.90093994140625
97.02610969543457
97.5186824798584
96.66037559509277
96.5733528137207
97.29814529418945
97.28837013244629
95.92342376708984
99.17068481445312
87.71705627441406
170.84717750549316
95.65067291259766
97.3508358001709
103.44433784484863
97.18823432922363
197.67475128173828
96.02141380310059
97.17702865600586
96.87376022338867
97.11146354675293
196.852445602417
96.90117835998535
96.86017036437988
97.09954261779785
96.74286842346191
192.72780418395996
94.99859809875488
97.09978103637695
97.67770767211914
97.30124473571777
97.49460220336914
97.39136695861816
97.27907180786133
97.14365005493164
96.60983085632324
204.25057411193848
96.405029296875
96.48919105529785
97.46217727661133
97.23258018493652
197.1435546875
96.34995460510254
97.2597599029541
96.7710018157959
97.61214256286621
197.07751274108887
97.20778465270996
96.72188758850098
96.76814079284668
97.52535820007324
197.13068008422852
96.43197059631348
97.52869606018066
96.41480445861816
97.03516960144043
97.07236289978027
97.41091728210449
97.14484214782715
97.19991683959961
96.61316871643066
97.58305549621582
96.45485877990723
97.08738327026367
97.08094596862793
97.40877151489258
96.92645072937012
96.88496589660645
97.29552268981934
97.22423553466797
96.93384170532227
96.78077697753906
97.52726554870605
97.02754020690918
97.09763526916504
97.60856628417969
96.68803215026855
97.58210182189941
96.97842597961426
97.3973274230957
97.46599197387695
96.61293029785156
97.06282615661621
97.00536727905273
96.82989120483398
86.72356605529785
75.74200630187988
100.63505172729492
101.09877586364746
100.72970390319824
97.06544876098633
96.81415557861328
96.9243049621582
97.01418876647949
94.64502334594727
84.11121368408203
74.1889476776123
100.12984275817871
99.86519813537598
100.25811195373535
97.22065925598145
96.09174728393555
97.02086448669434
91.86673164367676
81.82454109191895
71.43330574035645
100.44097900390625
100.1737117767334
98.71101379394531
97.07331657409668
96.79007530212402
103.25908660888672
96.86779975891113
87.50271797180176
78.0174732208252
89.91742134094238
100.66723823547363
101.16100311279297
98.26421737670898
96.71163558959961
96.62866592407227
97.4264144897461
83.57548713684082
71.65241241455078
100.95095634460449
100.70919990539551
97.89419174194336
97.49388694763184
96.42982482910156
97.24783897399902
95.18575668334961
91.65692329406738
80.80339431762695
70.99604606628418
101.34458541870117
100.78310966491699
97.16391563415527
96.97914123535156
96.80795669555664
95.43371200561523
90.82293510437012
100.81648826599121
101.43041610717773
100.6934642791748
97.5649356842041
96.83871269226074
103.27935218811035
96.15659713745117
86.19523048400879
75.36864280700684
100.75879096984863
100.77810287475586
100.42023658752441
97.53108024597168
97.1226692199707
96.84133529663086
97.10693359375
94.48671340942383
83.85729789733887
73.67587089538574
100.80981254577637
101.17363929748535
98.43683242797852
97.13363647460938
97.11003303527832
94.51723098754883
89.93172645568848
78.47332954406738
98.60992431640625
100.37541389465332
98.88243675231934
100.52227973937988
97.57256507873535
97.04375267028809
94.207763671875
82.49878883361816
71.52700424194336
99.9143123626709
99.22647476196289
100.42953491210938
97.9464054107666
96.61483764648438
94.23565864562988
88.84954452514648
74.75519180297852
100.38566589355469
99.51496124267578
100.30269622802734
97.37420082092285
97.09668159484863
96.59790992736816
95.33238410949707
83.91952514648438
72.83449172973633
101.06897354125977
100.49867630004883
97.79572486877441
97.21851348876953
96.54855728149414
97.14746475219727
99.78961944580078
89.53475952148438
79.09393310546875
81.63309097290039
100.09503364562988
98.98710250854492
100.13341903686523
97.51319885253906
96.36616706848145
96.90380096435547
98.02007675170898
88.14549446105957
76.06053352355957
100.85368156433105
101.50909423828125
100.60310363769531
96.36712074279785
96.0683822631836
96.79031372070312
95.14474868774414
84.11502838134766
72.87049293518066
101.60279273986816
100.80981254577637
97.44906425476074
96.58455848693848
96.76480293273926
95.1528549194336
90.3480052947998
78.6733627319336
87.80670166015625
100.20256042480469
100.71182250976562
98.41632843017578
96.36950492858887
96.91095352172852
97.08428382873535
94.65289115905762
84.08117294311523
73.67897033691406
100.7847785949707
99.79891777038574
99.79820251464844
97.70560264587402
96.86422348022461
96.36783599853516
96.90523147583008
94.28906440734863
84.95688438415527
168.77031326293945
96.47607803344727
97.2452163696289
96.59171104431152
97.97143936157227
96.12751007080078
96.57740592956543
95.08204460144043
84.10501480102539
73.57311248779297
100.64554214477539
99.32160377502441
99.68972206115723
97.58925437927246
96.6348648071289
96.83394432067871
95.47019004821777
84.37514305114746
73.38166236877441
100.63648223876953
99.52759742736816
100.16632080078125
97.58448600769043
97.20206260681152
96.96698188781738
97.3978042602539
93.84632110595703
83.24837684631348
166.5811538696289
96.73786163330078
97.2292423248291
97.10001945495605
96.56572341918945
97.17011451721191
97.52798080444336
94.8481559753418
91.10522270202637
81.43258094787598
70.7094669342041
100.47364234924316
99.81751441955566
99.43914413452148
96.83418273925781
96.31586074829102
96.52447700500488
97.00345993041992
86.34495735168457
170.04990577697754
96.43864631652832
96.46940231323242
103.6980152130127
96.98033332824707
190.20628929138184
96.99797630310059
96.8632698059082
96.92978858947754
97.06425666809082
96.72117233276367
96.89164161682129
97.19657897949219
96.41337394714355
96.8770980834961
93.82820129394531
90.72136878967285
80.40547370910645
77.41284370422363
