using cuda:0 device.
0.010393619537353516 0.012736082077026367 0.023129701614379883 0.00804758071899414 0.0011048316955566406 0.0016689300537109375 0.0013492107391357422
0.006842374801635742 0.011914491653442383 0.018756866455078125 0.007149219512939453 0.000997304916381836 0.0016629695892333984 0.0016148090362548828
0.00836634635925293 0.011816978454589844 0.020183324813842773 0.006888628005981445 0.0012955665588378906 0.0016579627990722656 0.0015101432800292969
0.0046634674072265625 0.011071205139160156 0.01573467254638672 0.006391763687133789 0.0011136531829833984 0.001668691635131836 0.0014770030975341797
0.008257389068603516 0.012401819229125977 0.020659208297729492 0.007546424865722656 0.0010530948638916016 0.0016627311706542969 0.0016679763793945312
0.006100893020629883 0.012125968933105469 0.01822686195373535 0.007250785827636719 0.0012431144714355469 0.0016717910766601562 0.0015239715576171875
0.008306026458740234 0.01251363754272461 0.020819664001464844 0.007532835006713867 0.001199483871459961 0.0016646385192871094 0.0016469955444335938
0.0037658214569091797 0.00956106185913086 0.013326883316040039 0.005438327789306641 0.0009949207305908203 0.0016481876373291016 0.0011386871337890625
0.008862018585205078 0.012295722961425781 0.02115774154663086 0.00748753547668457 0.0010907649993896484 0.0016617774963378906 0.0016033649444580078
0.007153749465942383 0.011767864227294922 0.018921613693237305 0.0070302486419677734 0.0012445449829101562 0.0016727447509765625 0.0013887882232666016
0.008514881134033203 0.01174473762512207 0.020259618759155273 0.006670236587524414 0.0011086463928222656 0.0016722679138183594 0.001850128173828125
0.0048923492431640625 0.010230779647827148 0.015123128890991211 0.006041049957275391 0.0010089874267578125 0.0016512870788574219 0.0011835098266601562
0.008291959762573242 0.012527227401733398 0.02081918716430664 0.007705211639404297 0.0010259151458740234 0.0016608238220214844 0.0016875267028808594
0.003561735153198242 0.009245157241821289 0.012806892395019531 0.005383014678955078 0.0009584426879882812 0.0016374588012695312 0.0009560585021972656
0.008953571319580078 0.012018680572509766 0.020972251892089844 0.007223606109619141 0.0010209083557128906 0.0016620159149169922 0.0016672611236572266
0.0038001537322998047 0.009433746337890625 0.01323390007019043 0.005429983139038086 0.0009641647338867188 0.0016508102416992188 0.0010685920715332031
0.00558161735534668 0.011363506317138672 0.01694512367248535 0.006812334060668945 0.0011730194091796875 0.001651763916015625 0.001318216323852539
0.00605320930480957 0.010620832443237305 0.016674041748046875 0.006379127502441406 0.0009708404541015625 0.0016543865203857422 0.0012416839599609375
0.005429506301879883 0.010727643966674805 0.016157150268554688 0.006143331527709961 0.000980377197265625 0.0016596317291259766 0.0015790462493896484
0.0049664974212646484 0.011060714721679688 0.016027212142944336 0.0064237117767333984 0.001132965087890625 0.0016667842864990234 0.0014488697052001953
0.005982398986816406 0.010652303695678711 0.016634702682495117 0.006196498870849609 0.0009729862213134766 0.0016596317291259766 0.0014529228210449219
0.0042877197265625 0.010437250137329102 0.014724969863891602 0.005911111831665039 0.0009801387786865234 0.0016632080078125 0.0015501976013183594
0.004044532775878906 0.009749412536621094 0.0137939453125 0.005442380905151367 0.0009772777557373047 0.0016529560089111328 0.0013382434844970703
0.003760099411010742 0.009366512298583984 0.013126611709594727 0.0054111480712890625 0.0009605884552001953 0.001668691635131836 0.0010080337524414062
0.0039103031158447266 0.009375333786010742 0.013285636901855469 0.005508899688720703 0.0009665489196777344 0.0016489028930664062 0.0009267330169677734
0.0047588348388671875 0.009985923767089844 0.014744758605957031 0.005927085876464844 0.0010046958923339844 0.0016434192657470703 0.0010602474212646484
0.004705667495727539 0.010262489318847656 0.014968156814575195 0.00609135627746582 0.0009870529174804688 0.001659393310546875 0.0011658668518066406
0.008289337158203125 0.012562036514282227 0.02085137367248535 0.00764918327331543 0.0012145042419433594 0.0016684532165527344 0.0015883445739746094
0.003937244415283203 0.009286880493164062 0.013224124908447266 0.00542140007019043 0.0009555816650390625 0.0016417503356933594 0.0009584426879882812
0.004807233810424805 0.009836912155151367 0.014644145965576172 0.005846738815307617 0.0009658336639404297 0.001642465591430664 0.0010368824005126953
0.004328489303588867 0.009525537490844727 0.013854026794433594 0.005597114562988281 0.0009860992431640625 0.0016410350799560547 0.0009653568267822266
0.004301548004150391 0.009633302688598633 0.013934850692749023 0.00568079948425293 0.0009775161743164062 0.0016415119171142578 0.0009942054748535156
0.004548311233520508 0.009876489639282227 0.014424800872802734 0.005842447280883789 0.0009818077087402344 0.00164031982421875 0.0010635852813720703
0.004412174224853516 0.009991168975830078 0.014403343200683594 0.00584101676940918 0.0009770393371582031 0.0016415119171142578 0.0011703968048095703
0.0042226314544677734 0.01001429557800293 0.014236927032470703 0.0059545040130615234 0.0009922981262207031 0.0016567707061767578 0.0010581016540527344
0.008142709732055664 0.012166738510131836 0.0203094482421875 0.0071811676025390625 0.0013794898986816406 0.0016603469848632812 0.001519918441772461
0.0037980079650878906 0.009325265884399414 0.013123273849487305 0.005429506301879883 0.0009567737579345703 0.0016422271728515625 0.0009818077087402344
0.0041201114654541016 0.00939178466796875 0.013511896133422852 0.005452871322631836 0.0009589195251464844 0.0016398429870605469 0.0009968280792236328
0.004061698913574219 0.009341001510620117 0.013402700424194336 0.005473136901855469 0.0009634494781494141 0.0016379356384277344 0.0009415149688720703
0.004206657409667969 0.009468555450439453 0.013675212860107422 0.0055446624755859375 0.0009629726409912109 0.0016407966613769531 0.0009808540344238281
0.004123687744140625 0.009421348571777344 0.013545036315917969 0.005533933639526367 0.0009655952453613281 0.00164031982421875 0.0009436607360839844
0.004557371139526367 0.009954452514648438 0.014511823654174805 0.005918264389038086 0.0009741783142089844 0.001641988754272461 0.0010745525360107422
0.004679203033447266 0.010335922241210938 0.015015125274658203 0.006136417388916016 0.001039743423461914 0.0016596317291259766 0.0011365413665771484
0.003916263580322266 0.010499715805053711 0.014415979385375977 0.0059986114501953125 0.0010044574737548828 0.0016579627990722656 0.0015070438385009766
0.003812551498413086 0.009723186492919922 0.013535737991333008 0.005432605743408203 0.000972747802734375 0.0016529560089111328 0.0013239383697509766
0.0038962364196777344 0.010219812393188477 0.014116048812866211 0.005774259567260742 0.000978231430053711 0.0016531944274902344 0.0014641284942626953
0.00446629524230957 0.009708881378173828 0.014175176620483398 0.0056536197662353516 0.000965118408203125 0.0016460418701171875 0.0011165142059326172
0.0038688182830810547 0.009348154067993164 0.013216972351074219 0.0054204463958740234 0.0009615421295166016 0.0016427040100097656 0.0009958744049072266
0.004882097244262695 0.010282754898071289 0.015164852142333984 0.006154298782348633 0.0009808540344238281 0.0016469955444335938 0.0011434555053710938
0.003915548324584961 0.009986400604248047 0.013901948928833008 0.00594019889831543 0.0009801387786865234 0.00165557861328125 0.0010764598846435547
0.008390426635742188 0.01218867301940918 0.020579099655151367 0.00748133659362793 0.0010104179382324219 0.0016598701477050781 0.001596212387084961
0.003466367721557617 0.009412527084350586 0.012878894805908203 0.005382061004638672 0.0009667873382568359 0.001644134521484375 0.0011105537414550781
0.005831718444824219 0.011296510696411133 0.01712822914123535 0.006597757339477539 0.001184701919555664 0.0016717910766601562 0.0014450550079345703
0.007592439651489258 0.012212991714477539 0.019805431365966797 0.007205009460449219 0.0014262199401855469 0.0016815662384033203 0.0014736652374267578
0.008132696151733398 0.011789560317993164 0.019922256469726562 0.00686955451965332 0.0011744499206542969 0.0016684532165527344 0.0016520023345947266
0.007357120513916016 0.011805534362792969 0.019162654876708984 0.007116794586181641 0.0010182857513427734 0.0016624927520751953 0.0015892982482910156
0.006524085998535156 0.011835336685180664 0.01835942268371582 0.0074155330657958984 0.000993490219116211 0.0016529560089111328 0.00138092041015625
0.004920482635498047 0.011005640029907227 0.015926122665405273 0.006561994552612305 0.0011603832244873047 0.0016739368438720703 0.0012104511260986328
0.00829625129699707 0.013048648834228516 0.021344900131225586 0.008012056350708008 0.001131296157836914 0.0016639232635498047 0.0017027854919433594
0.00603795051574707 0.011113882064819336 0.017151832580566406 0.006999969482421875 0.001001596450805664 0.0016562938690185547 0.0010385513305664062
0.007526874542236328 0.012592315673828125 0.020119190216064453 0.00777745246887207 0.001260995864868164 0.001657247543334961 0.0014820098876953125
0.0074672698974609375 0.011807441711425781 0.01927471160888672 0.006640434265136719 0.0011928081512451172 0.0016734600067138672 0.0019001960754394531
0.008146286010742188 0.01304173469543457 0.021188020706176758 0.007440090179443359 0.0014889240264892578 0.0016889572143554688 0.001993417739868164
0.008044719696044922 0.012128829956054688 0.02017354965209961 0.007421970367431641 0.0010182857513427734 0.0016603469848632812 0.001592874526977539
0.005564212799072266 0.011786222457885742 0.017350435256958008 0.006972789764404297 0.0013298988342285156 0.0016756057739257812 0.0014066696166992188
0.005307435989379883 0.010528564453125 0.015836000442504883 0.006274223327636719 0.0010628700256347656 0.001665353775024414 0.0011644363403320312
0.0036678314208984375 0.009479522705078125 0.013147354125976562 0.005417823791503906 0.000965118408203125 0.0016481876373291016 0.0011365413665771484
0.004846811294555664 0.009890079498291016 0.01473689079284668 0.0057866573333740234 0.00096893310546875 0.0016481876373291016 0.0011429786682128906
0.003815174102783203 0.009109020233154297 0.0129241943359375 0.005518436431884766 0.000972747802734375 0.0016489028930664062 0.0006508827209472656
0.008228540420532227 0.011728048324584961 0.019956588745117188 0.0074880123138427734 0.0010013580322265625 0.001661062240600586 0.0011315345764160156
0.003515958786010742 0.008954763412475586 0.012470722198486328 0.005387783050537109 0.0009603500366210938 0.0016376972198486328 0.0006616115570068359
0.008189916610717773 0.010914325714111328 0.0191042423248291 0.006682157516479492 0.0010063648223876953 0.0016627311706542969 0.001123189926147461
0.0037860870361328125 0.009027481079101562 0.012813568115234375 0.005427837371826172 0.0009660720825195312 0.0016455650329589844 0.0006573200225830078
0.0035521984100341797 0.0092315673828125 0.01278376579284668 0.00537419319152832 0.0009636878967285156 0.0016448497772216797 0.0009441375732421875
0.006945371627807617 0.009929895401000977 0.016875267028808594 0.0057795047760009766 0.0009729862213134766 0.0016551017761230469 0.0011835098266601562
0.0030164718627929688 0.009168386459350586 0.012184858322143555 0.005348920822143555 0.0009615421295166016 0.0016391277313232422 0.000926971435546875
0.004328012466430664 0.009151220321655273 0.013479232788085938 0.005560159683227539 0.0009636878967285156 0.001636505126953125 0.0006656646728515625
0.0037984848022460938 0.009017467498779297 0.01281595230102539 0.005418539047241211 0.0009655952453613281 0.0016450881958007812 0.0006628036499023438
0.003711700439453125 0.009003400802612305 0.01271510124206543 0.0053615570068359375 0.0009582042694091797 0.0016415119171142578 0.000732421875
0.006224155426025391 0.009770631790161133 0.015994787216186523 0.0055429935455322266 0.0009703636169433594 0.0016510486602783203 0.0012607574462890625
0.003567218780517578 0.009238719940185547 0.012805938720703125 0.005393266677856445 0.0009560585021972656 0.001636505126953125 0.0009467601776123047
0.006439685821533203 0.009932756423950195 0.0163724422454834 0.006138801574707031 0.0009627342224121094 0.001645803451538086 0.0008194446563720703
0.003421783447265625 0.009252071380615234 0.01267385482788086 0.0053980350494384766 0.0009541511535644531 0.0016379356384277344 0.0009562969207763672
0.0035784244537353516 0.00926518440246582 0.012843608856201172 0.005403041839599609 0.0009627342224121094 0.0016396045684814453 0.0009334087371826172
0.0038568973541259766 0.00901937484741211 0.012876272201538086 0.005437135696411133 0.0009562969207763672 0.0016400814056396484 0.0006654262542724609
0.0037603378295898438 0.009033203125 0.012793540954589844 0.0054416656494140625 0.0009534358978271484 0.0016391277313232422 0.000667572021484375
0.004775285720825195 0.009810209274291992 0.014585494995117188 0.005799293518066406 0.0009624958038330078 0.001641988754272461 0.0010540485382080078
0.004345893859863281 0.009554624557495117 0.013900518417358398 0.0056498050689697266 0.0009701251983642578 0.0016393661499023438 0.0009675025939941406
0.003843545913696289 0.009308099746704102 0.01315164566040039 0.005426645278930664 0.0009663105010986328 0.0016477108001708984 0.0009398460388183594
0.0037059783935546875 0.009267330169677734 0.012973308563232422 0.005403280258178711 0.0009644031524658203 0.001641988754272461 0.0009400844573974609
0.00632929801940918 0.009943962097167969 0.01627326011657715 0.005637645721435547 0.0009701251983642578 0.0016574859619140625 0.0013086795806884766
0.003165721893310547 0.00921320915222168 0.012378931045532227 0.005365848541259766 0.0009629726409912109 0.0016367435455322266 0.0009484291076660156
0.0065348148345947266 0.010393381118774414 0.01692819595336914 0.006198883056640625 0.0009748935699462891 0.0016460418701171875 0.0011816024780273438
0.0030024051666259766 0.009238243103027344 0.01224064826965332 0.005379676818847656 0.0009627342224121094 0.00164031982421875 0.0009608268737792969
0.005493879318237305 0.010347127914428711 0.015841007232666016 0.006148338317871094 0.000965118408203125 0.001657247543334961 0.0012063980102539062
0.0029180049896240234 0.009194374084472656 0.01211237907409668 0.005353689193725586 0.0009529590606689453 0.0016362667083740234 0.0009500980377197266
0.0062236785888671875 0.009849786758422852 0.01607346534729004 0.005582094192504883 0.0009658336639404297 0.0016491413116455078 0.0012693405151367188
0.003373384475708008 0.009224891662597656 0.012598276138305664 0.005383014678955078 0.0009615421295166016 0.0016367435455322266 0.0009396076202392578
0.0037310123443603516 0.009317159652709961 0.013048171997070312 0.005440711975097656 0.0009684562683105469 0.0016388893127441406 0.0009474754333496094
0.003564596176147461 0.009260177612304688 0.012824773788452148 0.0053865909576416016 0.0009748935699462891 0.001644134521484375 0.0009434223175048828
0.003560781478881836 0.009285211563110352 0.012845993041992188 0.0053637027740478516 0.0009601116180419922 0.0016417503356933594 0.0010068416595458984
0.0037763118743896484 0.009222269058227539 0.012998580932617188 0.005374908447265625 0.0009598731994628906 0.001638174057006836 0.0009400844573974609
0.003868579864501953 0.009361982345581055 0.013230562210083008 0.005457878112792969 0.0009593963623046875 0.0016407966613769531 0.0009720325469970703
0.0040836334228515625 0.009362220764160156 0.013445854187011719 0.005480527877807617 0.0009601116180419922 0.0016391277313232422 0.0009481906890869141
0.003176450729370117 0.009299039840698242 0.01247549057006836 0.005396127700805664 0.0009605884552001953 0.00164031982421875 0.0009889602661132812
0.003657102584838867 0.009306907653808594 0.012964010238647461 0.005384206771850586 0.0009605884552001953 0.0016422271728515625 0.00099945068359375
0.003890514373779297 0.008929252624511719 0.012819766998291016 0.005353689193725586 0.0009622573852539062 0.0016396045684814453 0.0006580352783203125
0.005000591278076172 0.009448528289794922 0.014449119567871094 0.005601644515991211 0.0009927749633789062 0.0016987323760986328 0.0008149147033691406
0.00473785400390625 0.009300470352172852 0.014038324356079102 0.005523204803466797 0.0009899139404296875 0.0016944408416748047 0.0007781982421875
0.004924297332763672 0.009604454040527344 0.014528751373291016 0.005540370941162109 0.0009891986846923828 0.0016891956329345703 0.0010666847229003906
0.004706859588623047 0.00940251350402832 0.014109373092651367 0.005408287048339844 0.0009672641754150391 0.0016431808471679688 0.0010671615600585938
0.0047795772552490234 0.009626626968383789 0.014406204223632812 0.005617856979370117 0.0009987354278564453 0.0016937255859375 0.0009586811065673828
0.0038797855377197266 0.009174823760986328 0.013054609298706055 0.005522727966308594 0.000982522964477539 0.0016880035400390625 0.000659942626953125
0.005173206329345703 0.009557008743286133 0.014730215072631836 0.005518198013305664 0.0009684562683105469 0.0016489028930664062 0.0010869503021240234
0.005223274230957031 0.009098052978515625 0.014321327209472656 0.005405426025390625 0.0009629726409912109 0.0016434192657470703 0.0007500648498535156
0.005297183990478516 0.010043621063232422 0.015340805053710938 0.006270170211791992 0.0009610652923583984 0.0016448497772216797 0.0007810592651367188
0.004204750061035156 0.009137392044067383 0.013342142105102539 0.005461454391479492 0.000997304916381836 0.0016524791717529297 0.0006811618804931641
0.003980398178100586 0.00907444953918457 0.013054847717285156 0.005463361740112305 0.0009644031524658203 0.0016396045684814453 0.0006811618804931641
0.0037794113159179688 0.009358882904052734 0.013138294219970703 0.005429744720458984 0.0009677410125732422 0.0016455650329589844 0.0009829998016357422
0.006604194641113281 0.009841442108154297 0.016445636749267578 0.005777597427368164 0.0009799003601074219 0.0016546249389648438 0.0010602474212646484
0.0035855770111083984 0.009253263473510742 0.01283884048461914 0.005404233932495117 0.0009541511535644531 0.0016505718231201172 0.0009367465972900391
0.00516200065612793 0.010053157806396484 0.015215158462524414 0.0059888362884521484 0.0009684562683105469 0.0016448497772216797 0.0010924339294433594
0.0035734176635742188 0.009019851684570312 0.012593269348144531 0.005392313003540039 0.0009989738464355469 0.0016388893127441406 0.000667572021484375
0.004170417785644531 0.009319067001342773 0.013489484786987305 0.0054280757904052734 0.0009682178497314453 0.0016472339630126953 0.0009527206420898438
0.006859779357910156 0.01006937026977539 0.016929149627685547 0.006022214889526367 0.0009794235229492188 0.0016565322875976562 0.001056671142578125
0.004305124282836914 0.00943613052368164 0.013741254806518555 0.005542278289794922 0.0009691715240478516 0.0016407966613769531 0.0009541511535644531
0.0052642822265625 0.009905815124511719 0.015170097351074219 0.005792140960693359 0.0009887218475341797 0.001645803451538086 0.001123666763305664
0.004213094711303711 0.009362459182739258 0.013575553894042969 0.0054662227630615234 0.0009708404541015625 0.0016369819641113281 0.0009553432464599609
0.0038263797760009766 0.009408712387084961 0.013235092163085938 0.005445003509521484 0.0009746551513671875 0.0016558170318603516 0.001003265380859375
0.003760099411010742 0.009375572204589844 0.013135671615600586 0.005446910858154297 0.0009903907775878906 0.0016448497772216797 0.0009589195251464844
0.0037217140197753906 0.009260177612304688 0.012981891632080078 0.005364894866943359 0.0009570121765136719 0.0016422271728515625 0.0009834766387939453
0.003946065902709961 0.009274721145629883 0.013220787048339844 0.005373477935791016 0.000965118408203125 0.001641988754272461 0.0009696483612060547
0.0036084651947021484 0.009279251098632812 0.012887716293334961 0.005388498306274414 0.000965118408203125 0.0016393661499023438 0.0009503364562988281
0.00472259521484375 0.009418725967407227 0.014141321182250977 0.005402326583862305 0.0009772777557373047 0.0016486644744873047 0.0010492801666259766
0.003945112228393555 0.0094146728515625 0.013359785079956055 0.005469799041748047 0.0009870529174804688 0.00164031982421875 0.0009672641754150391
0.00409245491027832 0.009345531463623047 0.013437986373901367 0.005455732345581055 0.0009598731994628906 0.0016384124755859375 0.0009622573852539062
0.004553556442260742 0.009961128234863281 0.014514684677124023 0.005948543548583984 0.0009751319885253906 0.0016427040100097656 0.0010600090026855469
0.0042247772216796875 0.009340286254882812 0.0135650634765625 0.005445241928100586 0.0009784698486328125 0.0016405582427978516 0.0009455680847167969
0.003783702850341797 0.00935983657836914 0.013143539428710938 0.005428314208984375 0.0009999275207519531 0.0016603469848632812 0.0009477138519287109
0.006466388702392578 0.009875774383544922 0.0163421630859375 0.005817413330078125 0.0009770393371582031 0.00165557861328125 0.001054525375366211
0.005143880844116211 0.009495258331298828 0.014639139175415039 0.005422353744506836 0.0009641647338867188 0.0016477108001708984 0.001127004623413086
0.0035545825958251953 0.009301424026489258 0.012856006622314453 0.0054168701171875 0.0009677410125732422 0.0016443729400634766 0.000949859619140625
0.006829023361206055 0.011554479598999023 0.018383502960205078 0.007039546966552734 0.0009741783142089844 0.0016567707061767578 0.0014500617980957031
0.005547761917114258 0.010495185852050781 0.01604294776916504 0.0061914920806884766 0.0010149478912353516 0.001661539077758789 0.0012552738189697266
0.0042955875396728516 0.00975942611694336 0.014055013656616211 0.005523204803466797 0.0009686946868896484 0.0016512870788574219 0.0012650489807128906
0.0039157867431640625 0.009363412857055664 0.013279199600219727 0.005445718765258789 0.0009636878967285156 0.0016407966613769531 0.0009801387786865234
0.004475831985473633 0.010042428970336914 0.014518260955810547 0.0059356689453125 0.0009794235229492188 0.001687765121459961 0.0010776519775390625
0.0039598941802978516 0.01040959358215332 0.014369487762451172 0.005948066711425781 0.0009775161743164062 0.0016562938690185547 0.0014700889587402344
0.008435726165771484 0.012292146682739258 0.020727872848510742 0.007476806640625 0.0010457038879394531 0.0016651153564453125 0.001653432846069336
0.0037267208099365234 0.009314298629760742 0.013041019439697266 0.005419492721557617 0.0009598731994628906 0.0016677379608154297 0.0009431838989257812
0.008304834365844727 0.011806488037109375 0.0201113224029541 0.007007598876953125 0.0010325908660888672 0.0016667842864990234 0.0016512870788574219
0.0036597251892089844 0.009804487228393555 0.013464212417602539 0.005661725997924805 0.000978708267211914 0.0016829967498779297 0.0011436939239501953
0.008356571197509766 0.012450695037841797 0.020807266235351562 0.007384300231933594 0.0014102458953857422 0.0016815662384033203 0.001535177230834961
0.007966041564941406 0.011104106903076172 0.019070148468017578 0.006424903869628906 0.0009810924530029297 0.001657724380493164 0.0016095638275146484
0.006048679351806641 0.010706186294555664 0.016754865646362305 0.00642848014831543 0.0009686946868896484 0.00167083740234375 0.0012507438659667969
0.005274534225463867 0.010363340377807617 0.015637874603271484 0.006227016448974609 0.0009632110595703125 0.00164794921875 0.0011565685272216797
0.004000186920166016 0.009820938110351562 0.013821125030517578 0.005791187286376953 0.0009875297546386719 0.001651763916015625 0.001033782958984375
0.006328105926513672 0.011516094207763672 0.017844200134277344 0.007032155990600586 0.0009770393371582031 0.0016574859619140625 0.0014302730560302734
0.006479740142822266 0.012437105178833008 0.018916845321655273 0.007486820220947266 0.0012352466583251953 0.001664876937866211 0.0016028881072998047
0.007696390151977539 0.01184535026550293 0.01954174041748047 0.007003307342529297 0.0013284683227539062 0.0016777515411376953 0.0014183521270751953
0.008536815643310547 0.011197566986083984 0.01973438262939453 0.006448984146118164 0.0010349750518798828 0.0016620159149169922 0.0016086101531982422
0.004845857620239258 0.010157346725463867 0.015003204345703125 0.006042957305908203 0.000982522964477539 0.0016443729400634766 0.0011234283447265625
0.0042607784271240234 0.010196685791015625 0.014457464218139648 0.00599217414855957 0.0009865760803222656 0.0016613006591796875 0.0011925697326660156
0.003939390182495117 0.010394811630249023 0.01433420181274414 0.005847930908203125 0.0010099411010742188 0.0016605854034423828 0.0015316009521484375
0.006056308746337891 0.011826753616333008 0.0178830623626709 0.006991863250732422 0.0013391971588134766 0.0016772747039794922 0.001413106918334961
0.004567146301269531 0.009867191314697266 0.014434337615966797 0.005674123764038086 0.0009708404541015625 0.0016505718231201172 0.001222372055053711
0.004542112350463867 0.009917020797729492 0.01445913314819336 0.005734443664550781 0.0009686946868896484 0.0016465187072753906 0.001207590103149414
0.005751132965087891 0.010684728622436523 0.016435861587524414 0.006238222122192383 0.0009851455688476562 0.0016574859619140625 0.001425027847290039
0.004594326019287109 0.009780406951904297 0.014374732971191406 0.0057659149169921875 0.0009930133819580078 0.0016417503356933594 0.0010225772857666016
0.004050731658935547 0.010107755661010742 0.014158487319946289 0.005930185317993164 0.000978231430053711 0.001657724380493164 0.0011849403381347656
0.003922224044799805 0.01018214225769043 0.014104366302490234 0.005712270736694336 0.00098419189453125 0.0016591548919677734 0.0014810562133789062
0.00418543815612793 0.009822845458984375 0.014008283615112305 0.005528926849365234 0.0009725093841552734 0.0016560554504394531 0.0013241767883300781
0.004662990570068359 0.009855985641479492 0.014518976211547852 0.005754232406616211 0.0009636878967285156 0.0016489028930664062 0.0011444091796875
0.004773139953613281 0.009864568710327148 0.01463770866394043 0.005852937698364258 0.0009598731994628906 0.0016431808471679688 0.0010368824005126953
0.004340648651123047 0.010059118270874023 0.01439976692199707 0.0059893131256103516 0.0009815692901611328 0.0016570091247558594 0.0010721683502197266
0.0055048465728759766 0.01016998291015625 0.015674829483032227 0.0058977603912353516 0.0009756088256835938 0.0016491413116455078 0.0012633800506591797
0.005255937576293945 0.009740591049194336 0.014996528625488281 0.005683422088623047 0.0009608268737792969 0.0016453266143798828 0.0010857582092285156
0.004035472869873047 0.009321451187133789 0.013356924057006836 0.0054531097412109375 0.0009632110595703125 0.0016391277313232422 0.0009434223175048828
0.004044055938720703 0.00933980941772461 0.013383865356445312 0.005445957183837891 0.0009660720825195312 0.0016474723815917969 0.0009579658508300781
0.003589153289794922 0.00929880142211914 0.012887954711914062 0.005413055419921875 0.0009641647338867188 0.0016438961029052734 0.0009417533874511719
0.0036373138427734375 0.009260416030883789 0.012897729873657227 0.005391120910644531 0.0009596347808837891 0.0016465187072753906 0.0009357929229736328
0.006392240524291992 0.009717226028442383 0.016109466552734375 0.005591392517089844 0.0009698867797851562 0.0016508102416992188 0.0011663436889648438
0.0033893585205078125 0.009233474731445312 0.012622833251953125 0.005390644073486328 0.0009586811065673828 0.0016412734985351562 0.0009396076202392578
0.004695892333984375 0.009622573852539062 0.014318466186523438 0.00567936897277832 0.0009634494781494141 0.0016407966613769531 0.0010013580322265625
0.0036330223083496094 0.009311199188232422 0.012944221496582031 0.0054378509521484375 0.0009608268737792969 0.0016436576843261719 0.0009455680847167969
0.00393986701965332 0.009288549423217773 0.013228416442871094 0.005426168441772461 0.0009644031524658203 0.0016384124755859375 0.0009348392486572266
0.003770112991333008 0.00934743881225586 0.013117551803588867 0.0054433345794677734 0.0009646415710449219 0.0016438961029052734 0.0009634494781494141
0.003739595413208008 0.009291648864746094 0.013031244277954102 0.005385637283325195 0.000965118408203125 0.0016405582427978516 0.0009748935699462891
0.00368499755859375 0.009308099746704102 0.012993097305297852 0.0053958892822265625 0.0009613037109375 0.0016369819641113281 0.0009999275207519531
0.0037508010864257812 0.009295225143432617 0.013046026229858398 0.005364656448364258 0.0009586811065673828 0.0016412734985351562 0.0009965896606445312
0.004622697830200195 0.009288549423217773 0.013911247253417969 0.005402803421020508 0.0009648799896240234 0.001651763916015625 0.0009486675262451172
0.0036950111389160156 0.009314537048339844 0.01300954818725586 0.00543665885925293 0.0009570121765136719 0.0016396045684814453 0.0009646415710449219
0.004887104034423828 0.009400606155395508 0.014287710189819336 0.005406379699707031 0.0009675025939941406 0.0016510486602783203 0.0010409355163574219
0.0035715103149414062 0.00924992561340332 0.012821435928344727 0.005396842956542969 0.0009541511535644531 0.0016391277313232422 0.0009441375732421875
0.004826545715332031 0.009649038314819336 0.014475584030151367 0.005629062652587891 0.0009596347808837891 0.0016422271728515625 0.0010728836059570312
0.003624439239501953 0.009297847747802734 0.012922286987304688 0.0054149627685546875 0.0009660720825195312 0.0016372203826904297 0.0009553432464599609
0.0028922557830810547 0.009232521057128906 0.012124776840209961 0.00536036491394043 0.0009605884552001953 0.00164031982421875 0.0009505748748779297
0.004530191421508789 0.009494304656982422 0.014024496078491211 0.005562305450439453 0.0009562969207763672 0.0016405582427978516 0.0009720325469970703
0.0036737918853759766 0.009274721145629883 0.01294851303100586 0.005396127700805664 0.0009670257568359375 0.001642465591430664 0.0009555816650390625
0.00654149055480957 0.00990152359008789 0.01644301414489746 0.005681514739990234 0.000982046127319336 0.0016543865203857422 0.0012218952178955078
0.003645658493041992 0.009294271469116211 0.012939929962158203 0.005418539047241211 0.0009615421295166016 0.0016407966613769531 0.0009598731994628906
0.004338979721069336 0.009552001953125 0.013890981674194336 0.005640268325805664 0.0009610652923583984 0.0016391277313232422 0.0009720325469970703
0.0037598609924316406 0.009341955184936523 0.013101816177368164 0.0054361820220947266 0.0009644031524658203 0.0016388893127441406 0.0009615421295166016
0.003671884536743164 0.009326934814453125 0.012998819351196289 0.005425930023193359 0.0009634494781494141 0.0016472339630126953 0.0009589195251464844
0.0036606788635253906 0.009279012680053711 0.012939691543579102 0.005375385284423828 0.0009584426879882812 0.0016429424285888672 0.0009832382202148438
0.006262540817260742 0.009842634201049805 0.016105175018310547 0.005556821823120117 0.0009684562683105469 0.001651763916015625 0.0012738704681396484
0.003769397735595703 0.00929117202758789 0.013060569763183594 0.005435466766357422 0.0009579658508300781 0.0016391277313232422 0.0009441375732421875
0.006789684295654297 0.010357379913330078 0.017147064208984375 0.0061838626861572266 0.000982522964477539 0.0016450881958007812 0.0011568069458007812
0.0032014846801757812 0.009202003479003906 0.012403488159179688 0.005368232727050781 0.0009620189666748047 0.0016391277313232422 0.0009293556213378906
0.0034983158111572266 0.009280920028686523 0.01277923583984375 0.005410432815551758 0.0009610652923583984 0.00164031982421875 0.0009543895721435547
0.0038919448852539062 0.009445428848266602 0.013337373733520508 0.005466461181640625 0.0009779930114746094 0.0016400814056396484 0.001018524169921875
0.0031728744506835938 0.009321928024291992 0.012494802474975586 0.0053958892822265625 0.0009679794311523438 0.0016393661499023438 0.0009834766387939453
0.0054187774658203125 0.009672164916992188 0.0150909423828125 0.005902528762817383 0.0009763240814208984 0.001645803451538086 0.0007679462432861328
0.004296302795410156 0.010027408599853516 0.014323711395263672 0.006060600280761719 0.0009870529174804688 0.0016415119171142578 0.0009768009185791016
0.0037484169006347656 0.009138107299804688 0.012886524200439453 0.005419254302978516 0.0009903907775878906 0.0016663074493408203 0.0007216930389404297
0.0031952857971191406 0.009101390838623047 0.012296676635742188 0.005447864532470703 0.0009737014770507812 0.0016410350799560547 0.0006861686706542969
0.00428009033203125 0.009145975112915039 0.013426065444946289 0.005429744720458984 0.0009686946868896484 0.0016460418701171875 0.0007593631744384766
0.0052585601806640625 0.011365413665771484 0.016623973846435547 0.007286548614501953 0.0009758472442626953 0.0016436576843261719 0.0010509490966796875
0.004980325698852539 0.011903047561645508 0.016883373260498047 0.007131338119506836 0.0017325878143310547 0.0016868114471435547 0.0009641647338867188
0.007777690887451172 0.012738704681396484 0.020516395568847656 0.007807731628417969 0.001081228256225586 0.0016646385192871094 0.0016932487487792969
0.004402637481689453 0.009448528289794922 0.013851165771484375 0.005439281463623047 0.0009670257568359375 0.0016422271728515625 0.0010650157928466797
0.005347728729248047 0.009745597839355469 0.015093326568603516 0.0056421756744384766 0.0009694099426269531 0.0016434192657470703 0.0011115074157714844
0.0052263736724853516 0.010084152221679688 0.015310525894165039 0.00598907470703125 0.0009706020355224609 0.001645803451538086 0.0011136531829833984
0.004491567611694336 0.00957489013671875 0.014066457748413086 0.005625247955322266 0.0009610652923583984 0.0016405582427978516 0.0009942054748535156
0.0069081783294677734 0.010277986526489258 0.01718616485595703 0.006077766418457031 0.0009922981262207031 0.0016579627990722656 0.0011615753173828125
0.0030412673950195312 0.00927877426147461 0.01232004165649414 0.0053827762603759766 0.0009591579437255859 0.0016410350799560547 0.0009808540344238281
0.0038156509399414062 0.009084939956665039 0.012900590896606445 0.005466461181640625 0.0009586811065673828 0.00164031982421875 0.0006728172302246094
0.003484487533569336 0.009361982345581055 0.01284646987915039 0.005428791046142578 0.0009672641754150391 0.0016443729400634766 0.0009911060333251953
0.0036568641662597656 0.009319067001342773 0.012975931167602539 0.005402326583862305 0.0009686946868896484 0.0016438961029052734 0.0009715557098388672
0.003814697265625 0.009388446807861328 0.013203144073486328 0.005405426025390625 0.0009660720825195312 0.0016438961029052734 0.0010318756103515625
0.004502534866333008 0.009368896484375 0.013871431350708008 0.005426168441772461 0.0009655952453613281 0.0016503334045410156 0.000990152359008789
0.0038216114044189453 0.009321451187133789 0.013143062591552734 0.005396604537963867 0.0009624958038330078 0.0016391277313232422 0.0009865760803222656
0.004620075225830078 0.009418010711669922 0.0140380859375 0.005422115325927734 0.0009670257568359375 0.0016415119171142578 0.0010364055633544922
0.0046427249908447266 0.009140491485595703 0.01378321647644043 0.00542449951171875 0.0009646415710449219 0.0016431808471679688 0.0007596015930175781
0.0039789676666259766 0.00911855697631836 0.013097524642944336 0.005483388900756836 0.0009648799896240234 0.001638650894165039 0.0006923675537109375
0.0037031173706054688 0.009025096893310547 0.012728214263916016 0.0054209232330322266 0.0009629726409912109 0.0016396045684814453 0.0006747245788574219
0.005120277404785156 0.009778022766113281 0.014898300170898438 0.006020784378051758 0.0009665489196777344 0.001645803451538086 0.0007681846618652344
0.005097627639770508 0.0098724365234375 0.014970064163208008 0.006092071533203125 0.0009675025939941406 0.0016446113586425781 0.0007963180541992188
0.004331111907958984 0.010175228118896484 0.014506340026855469 0.0060613155364990234 0.0009784698486328125 0.0016601085662841797 0.0010938644409179688
0.008425474166870117 0.01256108283996582 0.020986557006835938 0.0077168941497802734 0.0011844635009765625 0.001661539077758789 0.0015430450439453125
0.004677534103393555 0.010679244995117188 0.015356779098510742 0.006184101104736328 0.0010192394256591797 0.0016674995422363281 0.0014460086822509766
0.005254507064819336 0.010134696960449219 0.015389204025268555 0.0061798095703125 0.0009734630584716797 0.0016512870788574219 0.000919342041015625
0.00592494010925293 0.010211944580078125 0.016136884689331055 0.006336688995361328 0.0009655952453613281 0.0016493797302246094 0.0008749961853027344
0.0041654109954833984 0.009444713592529297 0.013610124588012695 0.0056841373443603516 0.0010221004486083984 0.0016551017761230469 0.0007319450378417969
0.00853276252746582 0.011972904205322266 0.020505666732788086 0.0075800418853759766 0.0011250972747802734 0.0016627311706542969 0.0011343955993652344
0.006636619567871094 0.009845495223999023 0.016482114791870117 0.006056785583496094 0.0009789466857910156 0.0016591548919677734 0.0007884502410888672
0.0038874149322509766 0.009351730346679688 0.013239145278930664 0.005437374114990234 0.0009622573852539062 0.0016374588012695312 0.0009701251983642578
0.003947019577026367 0.009064197540283203 0.01301121711730957 0.005465507507324219 0.0009567737579345703 0.0016407966613769531 0.0006668567657470703
0.004232883453369141 0.009113788604736328 0.013346672058105469 0.005484342575073242 0.0009737014770507812 0.0016393661499023438 0.0006747245788574219
0.003744840621948242 0.009047269821166992 0.012792110443115234 0.00538945198059082 0.0009620189666748047 0.0016407966613769531 0.0007266998291015625
0.003955364227294922 0.009283065795898438 0.01323843002319336 0.005379676818847656 0.0009577274322509766 0.0016388893127441406 0.0009720325469970703
0.0057141780853271484 0.01007080078125 0.01578497886657715 0.006223917007446289 0.000980377197265625 0.0016477108001708984 0.0008296966552734375
0.003225564956665039 0.00899648666381836 0.012222051620483398 0.005395174026489258 0.0009670257568359375 0.0016407966613769531 0.0006749629974365234
0.0069506168365478516 0.010065555572509766 0.017016172409057617 0.0058519840240478516 0.0009834766387939453 0.0016570091247558594 0.0011878013610839844
0.0032346248626708984 0.008999347686767578 0.012233972549438477 0.005401134490966797 0.0009639263153076172 0.001638174057006836 0.0006742477416992188
0.004315853118896484 0.009140253067016602 0.013456106185913086 0.005500078201293945 0.0009751319885253906 0.0016384124755859375 0.0006806850433349609
0.003813028335571289 0.00937342643737793 0.013186454772949219 0.005410432815551758 0.0009734630584716797 0.001642465591430664 0.0010132789611816406
0.006304025650024414 0.009751558303833008 0.016055583953857422 0.005817413330078125 0.0009768009185791016 0.0016510486602783203 0.0009033679962158203
0.0036890506744384766 0.009039878845214844 0.01272892951965332 0.005425214767456055 0.0009641647338867188 0.0016450881958007812 0.0006754398345947266
0.0052073001861572266 0.00961160659790039 0.014818906784057617 0.0054819583892822266 0.0009629726409912109 0.0016522407531738281 0.0011167526245117188
0.003951311111450195 0.009068727493286133 0.013020038604736328 0.005464792251586914 0.0009641647338867188 0.0016388893127441406 0.0006651878356933594
0.004262685775756836 0.009464502334594727 0.013727188110351562 0.005564212799072266 0.0009677410125732422 0.0016398429870605469 0.0009512901306152344
0.003765583038330078 0.009326696395874023 0.013092279434204102 0.005420684814453125 0.0009667873382568359 0.0016438961029052734 0.0009613037109375
0.0039081573486328125 0.00932621955871582 0.013234376907348633 0.005382537841796875 0.0009596347808837891 0.001641988754272461 0.001005411148071289
0.0039730072021484375 0.009248733520507812 0.01322174072265625 0.005358457565307617 0.0009572505950927734 0.0016410350799560547 0.0009737014770507812
0.003865480422973633 0.009341239929199219 0.013206720352172852 0.005444526672363281 0.0009601116180419922 0.0016379356384277344 0.0009555816650390625
0.003940105438232422 0.009359121322631836 0.013299226760864258 0.005465030670166016 0.0009622573852539062 0.0016450881958007812 0.000942230224609375
0.003824472427368164 0.009270429611206055 0.013094902038574219 0.005410909652709961 0.0009565353393554688 0.0016398429870605469 0.0009241104125976562
0.003525972366333008 0.009290695190429688 0.012816667556762695 0.005396604537963867 0.0009751319885253906 0.0016443729400634766 0.0009405612945556641
0.0038433074951171875 0.009284257888793945 0.013127565383911133 0.005368947982788086 0.00096893310546875 0.0016396045684814453 0.0009837150573730469
0.0035822391510009766 0.009289026260375977 0.012871265411376953 0.005394458770751953 0.0009617805480957031 0.0016660690307617188 0.0009441375732421875
0.0037240982055664062 0.009278297424316406 0.013002395629882812 0.005414247512817383 0.0009644031524658203 0.0016372203826904297 0.0009443759918212891
0.004059314727783203 0.009363651275634766 0.013422966003417969 0.005471944808959961 0.0009715557098388672 0.001638174057006836 0.0009434223175048828
0.0036835670471191406 0.00929570198059082 0.012979269027709961 0.005408525466918945 0.0009622573852539062 0.0016453266143798828 0.0009546279907226562
0.0038573741912841797 0.009278297424316406 0.013135671615600586 0.005368947982788086 0.0009686946868896484 0.0016400814056396484 0.0009839534759521484
0.0035729408264160156 0.009234189987182617 0.012807130813598633 0.005385875701904297 0.0009641647338867188 0.0016376972198486328 0.0009381771087646484
0.005197286605834961 0.009421825408935547 0.014619112014770508 0.0054073333740234375 0.0009644031524658203 0.0016505718231201172 0.001062631607055664
0.003622770309448242 0.00926351547241211 0.012886285781860352 0.005403757095336914 0.0009598731994628906 0.0016400814056396484 0.0009386539459228516
0.003927946090698242 0.009343147277832031 0.013271093368530273 0.005443096160888672 0.0009677410125732422 0.0016410350799560547 0.0009522438049316406
0.003827333450317383 0.009299039840698242 0.013126373291015625 0.005396842956542969 0.0009961128234863281 0.0016443729400634766 0.0009484291076660156
0.004666805267333984 0.00943899154663086 0.014105796813964844 0.005527973175048828 0.0009722709655761719 0.0016469955444335938 0.0009579658508300781
0.003903627395629883 0.009295940399169922 0.013199567794799805 0.0053653717041015625 0.0009598731994628906 0.0016453266143798828 0.0010111331939697266
0.004315614700317383 0.009352922439575195 0.013668537139892578 0.005445718765258789 0.0009682178497314453 0.0016460418701171875 0.0009655952453613281
0.0038623809814453125 0.009229898452758789 0.013092279434204102 0.005371809005737305 0.0009610652923583984 0.0016405582427978516 0.0009434223175048828
0.004488229751586914 0.009300470352172852 0.013788700103759766 0.0053980350494384766 0.0009887218475341797 0.0016477108001708984 0.0009474754333496094
0.0038788318634033203 0.00924229621887207 0.01312112808227539 0.005395174026489258 0.0009608268737792969 0.001641988754272461 0.0009341239929199219
0.005171298980712891 0.009407997131347656 0.014579296112060547 0.005405426025390625 0.0009753704071044922 0.0016431808471679688 0.001058816909790039
0.005134105682373047 0.009447813034057617 0.014581918716430664 0.005403995513916016 0.0009624958038330078 0.0016450881958007812 0.0010797977447509766
0.004392147064208984 0.009473562240600586 0.01386570930480957 0.005582332611083984 0.0009603500366210938 0.0016407966613769531 0.0009646415710449219
0.004000186920166016 0.009299039840698242 0.013299226760864258 0.005438089370727539 0.0009551048278808594 0.0016374588012695312 0.0009398460388183594
0.0040242671966552734 0.009346485137939453 0.013370752334594727 0.005467891693115234 0.0009679794311523438 0.0016512870788574219 0.0009334087371826172
0.004830837249755859 0.009806156158447266 0.014636993408203125 0.005803823471069336 0.0009620189666748047 0.0016446113586425781 0.0010416507720947266
0.003545045852661133 0.009215116500854492 0.012760162353515625 0.005358219146728516 0.0009813308715820312 0.001642465591430664 0.0009253025054931641
0.0043239593505859375 0.009392499923706055 0.013716459274291992 0.005518913269042969 0.0009684562683105469 0.0016515254974365234 0.0009243488311767578
0.006902933120727539 0.010174274444580078 0.017077207565307617 0.005806684494018555 0.0009815692901611328 0.0016570091247558594 0.0013623237609863281
0.005650758743286133 0.009754180908203125 0.015404939651489258 0.005627632141113281 0.0009634494781494141 0.0016541481018066406 0.0011408329010009766
0.005154132843017578 0.01007843017578125 0.015232563018798828 0.006023406982421875 0.0009641647338867188 0.0016429424285888672 0.0010981559753417969
0.004027128219604492 0.009395599365234375 0.013422727584838867 0.0054912567138671875 0.0009860992431640625 0.0016396045684814453 0.0009486675262451172
0.0039179325103759766 0.009335517883300781 0.013253450393676758 0.005434989929199219 0.0009665489196777344 0.001645803451538086 0.0009515285491943359
0.004427194595336914 0.009505271911621094 0.013932466506958008 0.005602836608886719 0.0009675025939941406 0.00164031982421875 0.0009589195251464844
0.004373788833618164 0.009532690048217773 0.013906478881835938 0.0056040287017822266 0.0009794235229492188 0.001641988754272461 0.0009605884552001953
0.00442051887512207 0.0095367431640625 0.01395726203918457 0.005584239959716797 0.000993967056274414 0.00164031982421875 0.0009713172912597656
0.0037848949432373047 0.009380817413330078 0.013165712356567383 0.0054242610931396484 0.0009601116180419922 0.001641988754272461 0.0010237693786621094
0.004025936126708984 0.009270906448364258 0.013296842575073242 0.00536656379699707 0.0009653568267822266 0.0016398429870605469 0.0009877681732177734
0.004050254821777344 0.009292840957641602 0.013343095779418945 0.0053670406341552734 0.0009765625 0.001638650894165039 0.0009784698486328125
0.0036525726318359375 0.009279966354370117 0.012932538986206055 0.005401611328125 0.0009572505950927734 0.0016467571258544922 0.0009567737579345703
0.005196809768676758 0.009982824325561523 0.015179634094238281 0.005907297134399414 0.0009715557098388672 0.0016434192657470703 0.0010972023010253906
0.004068613052368164 0.009418010711669922 0.013486623764038086 0.005496025085449219 0.0009720325469970703 0.0016529560089111328 0.0009655952453613281
0.0038094520568847656 0.009363174438476562 0.013172626495361328 0.00545191764831543 0.0009837150573730469 0.001646280288696289 0.0009512901306152344
0.003814697265625 0.009360790252685547 0.013175487518310547 0.0054056644439697266 0.0009639263153076172 0.0016474723815917969 0.0010192394256591797
0.004029750823974609 0.009347915649414062 0.013377666473388672 0.0054476261138916016 0.000965118408203125 0.0016412734985351562 0.0009565353393554688
0.0036089420318603516 0.00933527946472168 0.012944221496582031 0.00542902946472168 0.0009696483612060547 0.0016384124755859375 0.0009734630584716797
0.005328178405761719 0.009897947311401367 0.015226125717163086 0.005741596221923828 0.0009751319885253906 0.0016465187072753906 0.0011639595031738281
0.004770994186401367 0.009814023971557617 0.014585018157958984 0.005795478820800781 0.0009818077087402344 0.0016410350799560547 0.001047372817993164
0.004389762878417969 0.00941610336303711 0.013805866241455078 0.00553131103515625 0.0009579658508300781 0.0016448497772216797 0.0009484291076660156
0.0038628578186035156 0.009342670440673828 0.013205528259277344 0.005439043045043945 0.0009772777557373047 0.001645803451538086 0.0009477138519287109
0.003686666488647461 0.009303092956542969 0.01298975944519043 0.0053789615631103516 0.0009715557098388672 0.0016422271728515625 0.0009791851043701172
0.004413604736328125 0.009379148483276367 0.013792753219604492 0.00545954704284668 0.0009672641754150391 0.001657724380493164 0.0009493827819824219
0.004567146301269531 0.009454727172851562 0.014021873474121094 0.005545139312744141 0.0009791851043701172 0.0016391277313232422 0.0009579658508300781
0.003715038299560547 0.009406089782714844 0.01312112808227539 0.005423545837402344 0.0009729862213134766 0.0016422271728515625 0.0010387897491455078
0.0059642791748046875 0.009923458099365234 0.015887737274169922 0.005682229995727539 0.0009744167327880859 0.0016467571258544922 0.0012257099151611328
0.0051381587982177734 0.010020256042480469 0.015158414840698242 0.0059239864349365234 0.00096893310546875 0.0016448497772216797 0.001125335693359375
0.0043637752532958984 0.009447336196899414 0.013811111450195312 0.005544185638427734 0.0009555816650390625 0.0016412734985351562 0.0009722709655761719
0.0038673877716064453 0.00938558578491211 0.013252973556518555 0.005449533462524414 0.0009818077087402344 0.0016493797302246094 0.0009577274322509766
0.0037364959716796875 0.009309530258178711 0.013046026229858398 0.005398750305175781 0.0009667873382568359 0.001651763916015625 0.0009746551513671875
0.0065708160400390625 0.009972333908081055 0.016543149948120117 0.00563502311706543 0.0009744167327880859 0.0016515254974365234 0.001314401626586914
0.0035114288330078125 0.009294509887695312 0.012805938720703125 0.005403757095336914 0.0009796619415283203 0.001645803451538086 0.0009534358978271484
0.003943204879760742 0.009360790252685547 0.013303995132446289 0.005443572998046875 0.0009629726409912109 0.0016493797302246094 0.00096893310546875
0.003785848617553711 0.009331941604614258 0.013117790222167969 0.0054204463958740234 0.0009636878967285156 0.001646280288696289 0.0009756088256835938
0.0038166046142578125 0.009303808212280273 0.013120412826538086 0.005377531051635742 0.0009691715240478516 0.0016396045684814453 0.0010085105895996094
0.005707740783691406 0.010170698165893555 0.01587843894958496 0.005950450897216797 0.0009856224060058594 0.0016481876373291016 0.0011992454528808594
0.003669261932373047 0.009330987930297852 0.013000249862670898 0.005421638488769531 0.0009636878967285156 0.0016415119171142578 0.0009827613830566406
0.0037992000579833984 0.009297370910644531 0.01309657096862793 0.00540471076965332 0.0009629726409912109 0.0016438961029052734 0.000965118408203125
0.006844997406005859 0.010144233703613281 0.01698923110961914 0.005837917327880859 0.0009770393371582031 0.0016562938690185547 0.0013096332550048828
0.0034356117248535156 0.009254217147827148 0.012689828872680664 0.0053789615631103516 0.0009598731994628906 0.001646280288696289 0.000972747802734375
0.004242658615112305 0.009534120559692383 0.013776779174804688 0.005571603775024414 0.0009725093841552734 0.0016405582427978516 0.0009887218475341797
0.0036351680755615234 0.009347200393676758 0.012982368469238281 0.005385637283325195 0.0009648799896240234 0.0016422271728515625 0.0010263919830322266
0.006500959396362305 0.009915828704833984 0.01641678810119629 0.00560450553894043 0.0009748935699462891 0.0016524791717529297 0.0012886524200439453
0.003642559051513672 0.009330511093139648 0.01297307014465332 0.005423784255981445 0.0009751319885253906 0.0016391277313232422 0.0009722709655761719
0.0050199031829833984 0.009884357452392578 0.014904260635375977 0.0058252811431884766 0.0009729862213134766 0.0016484260559082031 0.0010902881622314453
0.005392551422119141 0.010210275650024414 0.015602827072143555 0.006114959716796875 0.0009615421295166016 0.0016486644744873047 0.001123666763305664
0.005886077880859375 0.010543346405029297 0.016429424285888672 0.006330966949462891 0.0009717941284179688 0.0016634464263916016 0.0012056827545166016
0.005230426788330078 0.010373592376708984 0.015604019165039062 0.0060520172119140625 0.0009713172912597656 0.0016531944274902344 0.0013377666473388672
0.004416942596435547 0.010220527648925781 0.014637470245361328 0.0057277679443359375 0.0009918212890625 0.0016748905181884766 0.0014812946319580078
0.00503087043762207 0.010015010833740234 0.015045881271362305 0.005941867828369141 0.0009629726409912109 0.001649618148803711 0.0010921955108642578
0.0051805973052978516 0.010717630386352539 0.01589822769165039 0.006377220153808594 0.0010685920715332031 0.0016663074493408203 0.0012273788452148438
0.004445791244506836 0.009420633316040039 0.013866424560546875 0.005469083786010742 0.0009672641754150391 0.0016407966613769531 0.001010894775390625
0.003947734832763672 0.009379386901855469 0.01332712173461914 0.005446672439575195 0.0009834766387939453 0.001659393310546875 0.0009677410125732422
0.003958463668823242 0.009445428848266602 0.013403892517089844 0.005556583404541016 0.0009567737579345703 0.001638650894165039 0.0009508132934570312
0.0037450790405273438 0.00930929183959961 0.013054370880126953 0.005415439605712891 0.0009667873382568359 0.001638650894165039 0.0009615421295166016
0.007116556167602539 0.010012149810791016 0.017128705978393555 0.005881786346435547 0.0009813308715820312 0.00165557861328125 0.0011036396026611328
0.0032291412353515625 0.009221315383911133 0.012450456619262695 0.005365610122680664 0.0009577274322509766 0.0016379356384277344 0.0009560585021972656
0.005235195159912109 0.010052204132080078 0.015287399291992188 0.0059566497802734375 0.0009951591491699219 0.0016431808471679688 0.0010967254638671875
0.0042324066162109375 0.009346723556518555 0.013579130172729492 0.0054433345794677734 0.0009794235229492188 0.0016400814056396484 0.0009489059448242188
0.0043947696685791016 0.009603023529052734 0.013997793197631836 0.0054721832275390625 0.0010039806365966797 0.0016722679138183594 0.0011277198791503906
0.00690913200378418 0.010297298431396484 0.017206430435180664 0.006119966506958008 0.0009870529174804688 0.0016450881958007812 0.0011494159698486328
0.003458261489868164 0.009324789047241211 0.012783050537109375 0.005415678024291992 0.00096893310546875 0.0016400814056396484 0.000972747802734375
0.004342555999755859 0.009417295455932617 0.013759851455688477 0.005499362945556641 0.0009622573852539062 0.0016400814056396484 0.0009701251983642578
0.004090547561645508 0.009458065032958984 0.013548612594604492 0.005461215972900391 0.0009701251983642578 0.0016369819641113281 0.0010578632354736328
0.0038330554962158203 0.009325742721557617 0.013158798217773438 0.005434513092041016 0.0009641647338867188 0.0016469955444335938 0.0009462833404541016
0.0036993026733398438 0.009313344955444336 0.01301264762878418 0.005387783050537109 0.0009570121765136719 0.0016415119171142578 0.001010894775390625
0.005966901779174805 0.009929180145263672 0.015896081924438477 0.005679607391357422 0.00096893310546875 0.001651763916015625 0.001241445541381836
0.003950834274291992 0.009334802627563477 0.013285636901855469 0.0054509639739990234 0.0009593963623046875 0.0016374588012695312 0.0009562969207763672
0.00703120231628418 0.010916948318481445 0.017948150634765625 0.006486654281616211 0.001031637191772461 0.0016646385192871094 0.0012946128845214844
0.00406336784362793 0.009400606155395508 0.013463973999023438 0.005472660064697266 0.0009605884552001953 0.0016434192657470703 0.0009906291961669922
0.005202770233154297 0.009901046752929688 0.015103816986083984 0.005817413330078125 0.0009684562683105469 0.0016427040100097656 0.001111745834350586
0.003804445266723633 0.009339332580566406 0.013143777847290039 0.005445957183837891 0.0009632110595703125 0.0016396045684814453 0.0009582042694091797
0.0039000511169433594 0.009749889373779297 0.013649940490722656 0.005811929702758789 0.0009672641754150391 0.0016374588012695312 0.0009849071502685547
0.004276752471923828 0.009285449981689453 0.013562202453613281 0.005370378494262695 0.0009884834289550781 0.001641988754272461 0.0009589195251464844
0.003795146942138672 0.00928807258605957 0.013083219528198242 0.005358219146728516 0.0009822845458984375 0.001641988754272461 0.0009891986846923828
0.0057566165924072266 0.01008296012878418 0.015839576721191406 0.005866527557373047 0.0009639263153076172 0.0016505718231201172 0.0012135505676269531
0.003881692886352539 0.009772300720214844 0.013653993606567383 0.005452632904052734 0.001089334487915039 0.0016684532165527344 0.0012302398681640625
0.003688812255859375 0.00966191291809082 0.013350725173950195 0.005745410919189453 0.0009634494781494141 0.0016460418701171875 0.0009522438049316406
0.006597757339477539 0.010704755783081055 0.017302513122558594 0.006586790084838867 0.0009760856628417969 0.0016565322875976562 0.0011212825775146484
0.003007650375366211 0.009191274642944336 0.012198925018310547 0.0053331851959228516 0.0009593963623046875 0.0016398429870605469 0.0009553432464599609
0.004343271255493164 0.009526491165161133 0.013869762420654297 0.005622148513793945 0.0009584426879882812 0.0016398429870605469 0.0009686946868896484
0.003850221633911133 0.009582757949829102 0.013432979583740234 0.005526304244995117 0.001102447509765625 0.0016591548919677734 0.0009608268737792969
0.003615856170654297 0.009298324584960938 0.012914180755615234 0.005371570587158203 0.0009579658508300781 0.00164031982421875 0.0010101795196533203
0.00588226318359375 0.009889364242553711 0.01577162742614746 0.0056989192962646484 0.0009717941284179688 0.0016491413116455078 0.0011868476867675781
0.004338502883911133 0.009565114974975586 0.013903617858886719 0.0056302547454833984 0.0009615421295166016 0.001644134521484375 0.0009899139404296875
0.004040956497192383 0.009820699691772461 0.013861656188964844 0.005479097366333008 0.0009982585906982422 0.001650094985961914 0.001338958740234375
0.0034825801849365234 0.009413480758666992 0.012896060943603516 0.005442142486572266 0.0010166168212890625 0.0016498565673828125 0.0009748935699462891
0.0048847198486328125 0.010563135147094727 0.015447854995727539 0.006007194519042969 0.0009839534759521484 0.0016601085662841797 0.001539468765258789
0.003298044204711914 0.009537696838378906 0.01283574104309082 0.005383491516113281 0.0009763240814208984 0.0016481876373291016 0.0012161731719970703
0.006452322006225586 0.010713577270507812 0.0171658992767334 0.006368160247802734 0.0009763240814208984 0.0016524791717529297 0.0013053417205810547
0.006211996078491211 0.00971078872680664 0.01592278480529785 0.005471229553222656 0.0009624958038330078 0.00164794921875 0.0012640953063964844
0.007469654083251953 0.01299428939819336 0.020463943481445312 0.008109569549560547 0.0011913776397705078 0.0016636848449707031 0.0015828609466552734
0.0065310001373291016 0.012327432632446289 0.01885843276977539 0.007824897766113281 0.0009768009185791016 0.0016562938690185547 0.0014281272888183594
0.004698514938354492 0.010789155960083008 0.0154876708984375 0.006445646286010742 0.0011136531829833984 0.0016677379608154297 0.0011773109436035156
0.004172563552856445 0.009782075881958008 0.013954639434814453 0.005552530288696289 0.0009737014770507812 0.0016503334045410156 0.0012705326080322266
0.004996538162231445 0.01016092300415039 0.015157461166381836 0.005944013595581055 0.0009672641754150391 0.0016510486602783203 0.0012292861938476562
0.003829479217529297 0.009079456329345703 0.012908935546875 0.005457162857055664 0.0009717941284179688 0.0016486644744873047 0.0006668567657470703
0.00592494010925293 0.010802507400512695 0.016727447509765625 0.006754875183105469 0.0009737014770507812 0.0016586780548095703 0.0010094642639160156
0.00472712516784668 0.011092901229858398 0.015820026397705078 0.006421804428100586 0.0011284351348876953 0.001669168472290039 0.0014903545379638672
0.004891633987426758 0.011716842651367188 0.016608476638793945 0.007152080535888672 0.001180410385131836 0.0016684532165527344 0.0013153553009033203
0.0078051090240478516 0.011804342269897461 0.019609451293945312 0.007469654083251953 0.0010859966278076172 0.0016629695892333984 0.0011239051818847656
0.008435249328613281 0.012650489807128906 0.021085739135742188 0.007456541061401367 0.001505136489868164 0.0016872882843017578 0.0015683174133300781
0.007430553436279297 0.012003898620605469 0.019434452056884766 0.007109880447387695 0.0009987354278564453 0.0016596317291259766 0.0018122196197509766
0.00567173957824707 0.010526895523071289 0.01619863510131836 0.0066754817962646484 0.0009672641754150391 0.001649618148803711 0.0008552074432373047
0.004866838455200195 0.01043701171875 0.015303850173950195 0.006228446960449219 0.0010173320770263672 0.0016603469848632812 0.0011584758758544922
0.00842142105102539 0.012891769409179688 0.021313190460205078 0.0077016353607177734 0.0014810562133789062 0.0016658306121826172 0.0015997886657714844
0.004279375076293945 0.00985264778137207 0.014132022857666016 0.005835294723510742 0.0009748935699462891 0.0016553401947021484 0.001032114028930664
0.007891416549682617 0.011809110641479492 0.01970052719116211 0.007075071334838867 0.001035928726196289 0.0016632080078125 0.0015900135040283203
0.0031249523162841797 0.009612321853637695 0.012737274169921875 0.005441904067993164 0.0009839534759521484 0.0016491413116455078 0.0012164115905761719
0.007825374603271484 0.011828899383544922 0.019654273986816406 0.00723576545715332 0.0014166831970214844 0.0016798973083496094 0.0010499954223632812
0.006408214569091797 0.01013326644897461 0.016541481018066406 0.0059986114501953125 0.0009887218475341797 0.001659393310546875 0.0011234283447265625
0.004246234893798828 0.009389877319335938 0.013636112213134766 0.005496025085449219 0.0009596347808837891 0.0016367435455322266 0.0009593963623046875
0.0038509368896484375 0.009354114532470703 0.01320505142211914 0.005447864532470703 0.0009624958038330078 0.0016405582427978516 0.0009562969207763672
0.0063855648040771484 0.010419607162475586 0.016805171966552734 0.006219148635864258 0.0009632110595703125 0.0016481876373291016 0.001192331314086914
0.003208637237548828 0.009243488311767578 0.012452125549316406 0.005368471145629883 0.0009646415710449219 0.0016405582427978516 0.0009567737579345703
0.0036466121673583984 0.009322643280029297 0.012969255447387695 0.005421876907348633 0.0009624958038330078 0.0016388893127441406 0.0009620189666748047
0.004286050796508789 0.009134292602539062 0.013420343399047852 0.005533933639526367 0.0009562969207763672 0.0016398429870605469 0.0006763935089111328
0.003915548324584961 0.00933074951171875 0.013246297836303711 0.00544285774230957 0.0009677410125732422 0.0016388893127441406 0.0009522438049316406
0.003907442092895508 0.009352922439575195 0.013260364532470703 0.005446910858154297 0.0009703636169433594 0.0016443729400634766 0.0009484291076660156
0.0035207271575927734 0.009287595748901367 0.01280832290649414 0.00538182258605957 0.0009648799896240234 0.0016427040100097656 0.0009558200836181641
0.003764629364013672 0.009276628494262695 0.013041257858276367 0.0053789615631103516 0.0009672641754150391 0.0016422271728515625 0.00095367431640625
0.0037512779235839844 0.009360551834106445 0.01311182975769043 0.005373716354370117 0.0009710788726806641 0.0016412734985351562 0.0010492801666259766
0.005462646484375 0.009924888610839844 0.015387535095214844 0.005763053894042969 0.0009751319885253906 0.0016484260559082031 0.0011606216430664062
0.0038585662841796875 0.009033679962158203 0.01289224624633789 0.0054433345794677734 0.0009672641754150391 0.0016410350799560547 0.0006558895111083984
0.003813028335571289 0.009406805038452148 0.013219833374023438 0.005448341369628906 0.0009686946868896484 0.0016465187072753906 0.0009992122650146484
0.0043604373931884766 0.009469985961914062 0.013830423355102539 0.005617618560791016 0.0009777545928955078 0.0016477108001708984 0.0008797645568847656
0.0039653778076171875 0.00931239128112793 0.013277769088745117 0.0056324005126953125 0.0009691715240478516 0.0016469955444335938 0.0007071495056152344
0.0039691925048828125 0.009142637252807617 0.01311182975769043 0.005425930023193359 0.0009732246398925781 0.0016434192657470703 0.0007393360137939453
0.0038912296295166016 0.008998870849609375 0.012890100479125977 0.005384683609008789 0.0009636878967285156 0.0016398429870605469 0.0006847381591796875
0.004510164260864258 0.009082317352294922 0.01359248161315918 0.005425453186035156 0.0009722709655761719 0.0016453266143798828 0.0007078647613525391
0.003771066665649414 0.009095191955566406 0.01286625862121582 0.005462646484375 0.0009667873382568359 0.0016417503356933594 0.0006840229034423828
0.005129098892211914 0.00918126106262207 0.014310359954833984 0.005429506301879883 0.0009801387786865234 0.0016448497772216797 0.0007693767547607422
0.0050411224365234375 0.00943446159362793 0.014475584030151367 0.005660057067871094 0.0009672641754150391 0.0016465187072753906 0.0007724761962890625
0.0035257339477539062 0.009034156799316406 0.012559890747070312 0.005412101745605469 0.0009641647338867188 0.0016398429870605469 0.0006804466247558594
0.00411677360534668 0.009155511856079102 0.013272285461425781 0.00550389289855957 0.0009658336639404297 0.0016431808471679688 0.0006866455078125
0.0037271976470947266 0.009159564971923828 0.012886762619018555 0.0054552555084228516 0.0010006427764892578 0.0016469955444335938 0.0007135868072509766
0.0036699771881103516 0.009047508239746094 0.012717485427856445 0.005398750305175781 0.0009832382202148438 0.0016469955444335938 0.0006775856018066406
0.00395965576171875 0.009037256240844727 0.012996912002563477 0.0053675174713134766 0.000982046127319336 0.001641988754272461 0.0007181167602539062
0.003698587417602539 0.00910496711730957 0.01280355453491211 0.005458831787109375 0.0009632110595703125 0.0016422271728515625 0.0007021427154541016
0.005419254302978516 0.009221315383911133 0.014640569686889648 0.005437135696411133 0.0009903907775878906 0.0016455650329589844 0.0007929801940917969
0.0054166316986083984 0.009351253509521484 0.014767885208129883 0.005489349365234375 0.0009732246398925781 0.001645803451538086 0.0008790493011474609
0.003916025161743164 0.0093231201171875 0.013239145278930664 0.0056073665618896484 0.0009646415710449219 0.0016407966613769531 0.0007658004760742188
0.0038323402404785156 0.00951075553894043 0.013343095779418945 0.005552768707275391 0.000965118408203125 0.0016467571258544922 0.0009913444519042969
0.00391697883605957 0.009124517440795898 0.013041496276855469 0.005471229553222656 0.0009694099426269531 0.0016498565673828125 0.0006766319274902344
0.0034995079040527344 0.009015560150146484 0.012515068054199219 0.005402565002441406 0.0009632110595703125 0.0016431808471679688 0.0006773471832275391
0.003701925277709961 0.009071588516235352 0.012773513793945312 0.005424976348876953 0.0009665489196777344 0.001645803451538086 0.0006885528564453125
0.0037512779235839844 0.00904393196105957 0.012795209884643555 0.005388736724853516 0.0009665489196777344 0.001642465591430664 0.0007228851318359375
0.006335258483886719 0.009710550308227539 0.016045808792114258 0.005773782730102539 0.0009698867797851562 0.001653909683227539 0.0009062290191650391
0.0036542415618896484 0.009038209915161133 0.012692451477050781 0.0054285526275634766 0.0009672641754150391 0.0016405582427978516 0.0006825923919677734
0.003734111785888672 0.009058713912963867 0.012792825698852539 0.0054340362548828125 0.0009703636169433594 0.001646280288696289 0.0006701946258544922
0.0036466121673583984 0.009043693542480469 0.012690305709838867 0.005403757095336914 0.0009658336639404297 0.0016438961029052734 0.0007040500640869141
0.0038437843322753906 0.009286642074584961 0.013130426406860352 0.005367279052734375 0.0009655952453613281 0.0016434192657470703 0.0009951591491699219
0.0038628578186035156 0.00904989242553711 0.012912750244140625 0.005410432815551758 0.0009729862213134766 0.0016412734985351562 0.0006778240203857422
0.004625797271728516 0.00951528549194336 0.014141082763671875 0.005515575408935547 0.0009906291961669922 0.0016434192657470703 0.0010237693786621094
0.0036585330963134766 0.009036779403686523 0.0126953125 0.0054073333740234375 0.0009810924530029297 0.001657247543334961 0.0006794929504394531
0.006193876266479492 0.010376691818237305 0.016570568084716797 0.006175518035888672 0.0009789466857910156 0.0016481876373291016 0.0011920928955078125
0.0032982826232910156 0.009273290634155273 0.012571573257446289 0.005377769470214844 0.0009968280792236328 0.0016388893127441406 0.0009472370147705078
0.004789113998413086 0.009436845779418945 0.014225959777832031 0.0053942203521728516 0.0009853839874267578 0.0016448497772216797 0.001073598861694336
0.003973245620727539 0.009384632110595703 0.013357877731323242 0.005449533462524414 0.0009772777557373047 0.0016758441925048828 0.0009598731994628906
0.003950595855712891 0.009395360946655273 0.013345956802368164 0.0054433345794677734 0.0009949207305908203 0.001661539077758789 0.0009555816650390625
0.0033104419708251953 0.009294748306274414 0.01260519027709961 0.005400657653808594 0.0009622573852539062 0.0016434192657470703 0.0009534358978271484
0.0037207603454589844 0.009350061416625977 0.013070821762084961 0.0053863525390625 0.0009634494781494141 0.0016438961029052734 0.0010368824005126953
0.0037250518798828125 0.009225845336914062 0.012950897216796875 0.005356550216674805 0.0009620189666748047 0.0016388893127441406 0.0009551048278808594
0.004515171051025391 0.009299755096435547 0.013814926147460938 0.005369663238525391 0.0009694099426269531 0.0016422271728515625 0.00099945068359375
0.004954099655151367 0.009487390518188477 0.014441490173339844 0.00541234016418457 0.0009891986846923828 0.0016469955444335938 0.0011129379272460938
0.004357337951660156 0.009281635284423828 0.013638973236083984 0.005362272262573242 0.0009815692901611328 0.001642465591430664 0.0009703636169433594
0.003926992416381836 0.009491920471191406 0.013418912887573242 0.005449056625366211 0.0009987354278564453 0.0016560554504394531 0.0010662078857421875
0.005038261413574219 0.009859561920166016 0.014897823333740234 0.005823373794555664 0.0009813308715820312 0.0016427040100097656 0.0010576248168945312
0.004931449890136719 0.009964466094970703 0.014895915985107422 0.005892753601074219 0.0009663105010986328 0.00164794921875 0.001100778579711914
0.004122495651245117 0.009411811828613281 0.013534307479858398 0.005488157272338867 0.0009641647338867188 0.0016398429870605469 0.0009679794311523438
0.0037589073181152344 0.009378910064697266 0.0131378173828125 0.00545811653137207 0.0009703636169433594 0.0016410350799560547 0.0009632110595703125
0.006448507308959961 0.009923934936523438 0.0163724422454834 0.005797624588012695 0.0009846687316894531 0.001657247543334961 0.0011150836944580078
0.0034415721893310547 0.009309768676757812 0.012751340866088867 0.0054204463958740234 0.0009596347808837891 0.001642465591430664 0.0009596347808837891
0.0035049915313720703 0.009321928024291992 0.012826919555664062 0.005415439605712891 0.0009608268737792969 0.0016467571258544922 0.0009632110595703125
0.003704071044921875 0.009357929229736328 0.013062000274658203 0.005436897277832031 0.0009663105010986328 0.0016455650329589844 0.0009629726409912109
0.003650188446044922 0.009348630905151367 0.012998819351196289 0.0053844451904296875 0.000965118408203125 0.0016393661499023438 0.0010335445404052734
0.005800008773803711 0.009928703308105469 0.01572871208190918 0.0057332515716552734 0.0009691715240478516 0.00164794921875 0.0011973381042480469
0.003596782684326172 0.00926971435546875 0.012866497039794922 0.00540614128112793 0.0009644031524658203 0.0016379356384277344 0.0009484291076660156
0.006779909133911133 0.010416269302368164 0.017196178436279297 0.006228208541870117 0.0009865760803222656 0.0016472339630126953 0.0011577606201171875
0.005127906799316406 0.00942850112915039 0.014556407928466797 0.00546717643737793 0.0009982585906982422 0.0016498565673828125 0.0009868144989013672
0.003978729248046875 0.009236574172973633 0.013215303421020508 0.0053484439849853516 0.0009608268737792969 0.0016407966613769531 0.0009539127349853516
0.0036334991455078125 0.0092926025390625 0.012926101684570312 0.0054187774658203125 0.0009596347808837891 0.0016422271728515625 0.0009570121765136719
0.004028797149658203 0.009324789047241211 0.013353586196899414 0.005440950393676758 0.0009603500366210938 0.0016460418701171875 0.0009429454803466797
0.003960132598876953 0.009348630905151367 0.01330876350402832 0.0054378509521484375 0.00096893310546875 0.0016393661499023438 0.0009608268737792969
0.0037889480590820312 0.009312152862548828 0.01310110092163086 0.005406618118286133 0.0009636878967285156 0.0016427040100097656 0.0009622573852539062
0.006621122360229492 0.010121583938598633 0.016742706298828125 0.00571441650390625 0.0009741783142089844 0.0016546249389648438 0.001378774642944336
0.00360870361328125 0.009297370910644531 0.012906074523925781 0.005404472351074219 0.0009722709655761719 0.0016398429870605469 0.0009655952453613281
0.004119157791137695 0.009447574615478516 0.013566732406616211 0.005497455596923828 0.0009770393371582031 0.0016503334045410156 0.0009839534759521484
0.003790616989135742 0.00932765007019043 0.013118267059326172 0.005414247512817383 0.0009653568267822266 0.0016450881958007812 0.0009741783142089844
0.006510257720947266 0.00995326042175293 0.016463518142700195 0.005733489990234375 0.000982522964477539 0.0016574859619140625 0.0012226104736328125
0.0033397674560546875 0.009313106536865234 0.012652873992919922 0.0053937435150146484 0.0009715557098388672 0.0016436576843261719 0.0009796619415283203
0.004826784133911133 0.009835004806518555 0.014661788940429688 0.005806684494018555 0.0009632110595703125 0.0016450881958007812 0.001065969467163086
0.003961324691772461 0.009359121322631836 0.013320446014404297 0.005439281463623047 0.0009698867797851562 0.0016405582427978516 0.0009713172912597656
0.004595279693603516 0.009706497192382812 0.014301776885986328 0.005712747573852539 0.0009872913360595703 0.0016443729400634766 0.0010178089141845703
0.003937721252441406 0.00937509536743164 0.013312816619873047 0.0054471492767333984 0.0009634494781494141 0.0016520023345947266 0.0009620189666748047
0.004662513732910156 0.009948253631591797 0.014610767364501953 0.005969524383544922 0.0009784698486328125 0.0016448497772216797 0.0010137557983398438
0.0042383670806884766 0.009428262710571289 0.013666629791259766 0.005487680435180664 0.0009849071502685547 0.0016446113586425781 0.0009732246398925781
0.004515647888183594 0.009594917297363281 0.014110565185546875 0.005635738372802734 0.0009763240814208984 0.00164031982421875 0.0009810924530029297
0.004270076751708984 0.009548187255859375 0.01381826400756836 0.0056416988372802734 0.0009560585021972656 0.0016372203826904297 0.0009739398956298828
0.0042133331298828125 0.009432077407836914 0.013645410537719727 0.005479574203491211 0.0009813308715820312 0.0016417503356933594 0.0009889602661132812
0.004591226577758789 0.00972747802734375 0.014318704605102539 0.005754232406616211 0.0009646415710449219 0.0016422271728515625 0.0010008811950683594
0.004376888275146484 0.009718894958496094 0.014095783233642578 0.005790233612060547 0.0009622573852539062 0.0016400814056396484 0.0009899139404296875
0.004316806793212891 0.009586572647094727 0.013903379440307617 0.005641460418701172 0.0009818077087402344 0.0016410350799560547 0.0009870529174804688
0.0042955875396728516 0.00971364974975586 0.014009237289428711 0.005658626556396484 0.0009753704071044922 0.0016512870788574219 0.0010716915130615234
0.0035552978515625 0.009495258331298828 0.013050556182861328 0.005439043045043945 0.0009653568267822266 0.0016427040100097656 0.0011036396026611328
0.00424957275390625 0.009751081466674805 0.014000654220581055 0.005679130554199219 0.0009748935699462891 0.0016415119171142578 0.0011022090911865234
0.003570079803466797 0.009498357772827148 0.013068437576293945 0.005425214767456055 0.0009589195251464844 0.0016484260559082031 0.0011324882507324219
0.005670785903930664 0.01049947738647461 0.016170263290405273 0.0060901641845703125 0.0009765625 0.0016503334045410156 0.0013625621795654297
0.0050907135009765625 0.01073598861694336 0.015826702117919922 0.006262063980102539 0.0009741783142089844 0.0016558170318603516 0.0014691352844238281
0.0056917667388916016 0.010493278503417969 0.01618504524230957 0.006162881851196289 0.0009744167327880859 0.00165557861328125 0.0013194084167480469
0.0056154727935791016 0.010773420333862305 0.016388893127441406 0.006550788879394531 0.0009732246398925781 0.001650094985961914 0.001215219497680664
0.005037069320678711 0.010082721710205078 0.015119791030883789 0.005967617034912109 0.0009882450103759766 0.001646280288696289 0.001129150390625
0.005513668060302734 0.01071929931640625 0.016232967376708984 0.006467342376708984 0.0009710788726806641 0.0016489028930664062 0.0012459754943847656
0.008719921112060547 0.012557744979858398 0.021277666091918945 0.007773876190185547 0.0010356903076171875 0.0016627311706542969 0.0016279220581054688
0.008201122283935547 0.012230634689331055 0.0204317569732666 0.007489919662475586 0.001027822494506836 0.0016624927520751953 0.0016021728515625
0.004781246185302734 0.010155916213989258 0.014937162399291992 0.006040096282958984 0.0009739398956298828 0.001645803451538086 0.0011429786682128906
0.008194684982299805 0.012225151062011719 0.020419836044311523 0.007486820220947266 0.0010104179382324219 0.0016622543334960938 0.001608133316040039
0.004981517791748047 0.011142492294311523 0.01612401008605957 0.00643467903137207 0.0011250972747802734 0.001667022705078125 0.0015256404876708984
0.008146286010742188 0.01183319091796875 0.019979476928710938 0.006976127624511719 0.0013191699981689453 0.001676797866821289 0.0014438629150390625
0.008302688598632812 0.011634349822998047 0.01993703842163086 0.006868124008178711 0.0010368824005126953 0.001665353775024414 0.001613616943359375
0.005457162857055664 0.011583805084228516 0.01704096794128418 0.006872653961181641 0.0012507438659667969 0.0016820430755615234 0.0013675689697265625
0.007428169250488281 0.012466907501220703 0.019895076751708984 0.007296323776245117 0.0014808177947998047 0.0016756057739257812 0.0015485286712646484
0.0071337223052978516 0.011503458023071289 0.01863718032836914 0.006681203842163086 0.0010802745819091797 0.0016674995422363281 0.0016696453094482422
0.004644632339477539 0.010085821151733398 0.014730453491210938 0.0059680938720703125 0.0009818077087402344 0.0016913414001464844 0.0010902881622314453
0.0036728382110595703 0.010148286819458008 0.013821125030517578 0.005739450454711914 0.0009770393371582031 0.0016627311706542969 0.001438140869140625
0.008859395980834961 0.012255430221557617 0.021114826202392578 0.0074841976165771484 0.0010218620300292969 0.0016634464263916016 0.0016329288482666016
0.006720066070556641 0.011339187622070312 0.018059253692626953 0.006695270538330078 0.001001596450805664 0.0016603469848632812 0.001577615737915039
0.006047964096069336 0.010922908782958984 0.01697087287902832 0.0065860748291015625 0.0009760856628417969 0.0016529560089111328 0.0013189315795898438
0.00827336311340332 0.012557506561279297 0.020830869674682617 0.007823467254638672 0.0010156631469726562 0.0016620159149169922 0.00160980224609375
0.005916118621826172 0.011831045150756836 0.017747163772583008 0.0069866180419921875 0.0013246536254882812 0.0016760826110839844 0.0014278888702392578
0.008157730102539062 0.012459278106689453 0.020617008209228516 0.0076482295989990234 0.0011048316955566406 0.0016624927520751953 0.0016090869903564453
0.005936384201049805 0.010573148727416992 0.016509532928466797 0.006138324737548828 0.0009753704071044922 0.0016646385192871094 0.0014231204986572266
0.005844593048095703 0.010697603225708008 0.01654219627380371 0.006282329559326172 0.0009980201721191406 0.0016567707061767578 0.0013875961303710938
0.005926370620727539 0.01084756851196289 0.01677393913269043 0.006441831588745117 0.0009753704071044922 0.0016660690307617188 0.0013751983642578125
0.00615692138671875 0.011501789093017578 0.017658710479736328 0.007019758224487305 0.0009796619415283203 0.0016579627990722656 0.0014421939849853516
0.006663322448730469 0.012162446975708008 0.018825769424438477 0.00738525390625 0.0009784698486328125 0.001659393310546875 0.0016856193542480469
0.0065708160400390625 0.011402606964111328 0.01797342300415039 0.006591796875 0.0012476444244384766 0.0016930103302001953 0.0014736652374267578
0.008069515228271484 0.011531829833984375 0.01960134506225586 0.006752729415893555 0.0011246204376220703 0.0016703605651855469 0.0015659332275390625
0.004810333251953125 0.010143518447875977 0.014953851699829102 0.0060176849365234375 0.0010073184967041016 0.0016486644744873047 0.0011219978332519531
0.008534908294677734 0.011955499649047852 0.020490407943725586 0.0071315765380859375 0.0010530948638916016 0.0016951560974121094 0.0016243457794189453
0.006352663040161133 0.011423587799072266 0.0177762508392334 0.0070209503173828125 0.0009717941284179688 0.0016586780548095703 0.0013704299926757812
0.008153438568115234 0.012432098388671875 0.02058553695678711 0.007647275924682617 0.0010287761688232422 0.0016608238220214844 0.0016469955444335938
0.006276845932006836 0.01174616813659668 0.018023014068603516 0.006824970245361328 0.001308441162109375 0.0016751289367675781 0.001531362533569336
0.00872659683227539 0.011977672576904297 0.020704269409179688 0.007157802581787109 0.0010478496551513672 0.0016644001007080078 0.0016422271728515625
0.004769802093505859 0.009839296340942383 0.014609098434448242 0.0056269168853759766 0.0010023117065429688 0.0016548633575439453 0.0012202262878417969
0.008634090423583984 0.012383699417114258 0.021017789840698242 0.007516622543334961 0.0010151863098144531 0.0016655921936035156 0.001729726791381836
0.006860256195068359 0.011313915252685547 0.018174171447753906 0.006463527679443359 0.0010857582092285156 0.0016658306121826172 0.0016949176788330078
0.007028818130493164 0.01167440414428711 0.018703222274780273 0.00717926025390625 0.0009744167327880859 0.0016584396362304688 0.00144195556640625
0.00485992431640625 0.010881423950195312 0.015741348266601562 0.006448268890380859 0.0011310577392578125 0.0016679763793945312 0.0012536048889160156
0.008467912673950195 0.012354373931884766 0.02082228660583496 0.0075740814208984375 0.0010144710540771484 0.0016663074493408203 0.0016522407531738281
0.006220102310180664 0.01110529899597168 0.017325401306152344 0.00634455680847168 0.0010867118835449219 0.0016620159149169922 0.0016269683837890625
0.0073201656341552734 0.010961055755615234 0.018281221389770508 0.0064356327056884766 0.0010302066802978516 0.001657247543334961 0.0014350414276123047
0.004817008972167969 0.01081991195678711 0.015636920928955078 0.006392717361450195 0.0011208057403564453 0.0016868114471435547 0.001238107681274414
0.007815122604370117 0.012372016906738281 0.0201871395111084 0.007624387741088867 0.0010235309600830078 0.0016651153564453125 0.0016024112701416016
0.00543665885925293 0.009804248809814453 0.015240907669067383 0.005835294723510742 0.0009806156158447266 0.0016531944274902344 0.000997304916381836
0.006245851516723633 0.010334253311157227 0.01658010482788086 0.006021022796630859 0.0009722709655761719 0.0016541481018066406 0.0012822151184082031
0.004677534103393555 0.009841442108154297 0.014518976211547852 0.005836963653564453 0.0009627342224121094 0.0016429424285888672 0.0010402202606201172
0.0041866302490234375 0.009480476379394531 0.013667106628417969 0.005484580993652344 0.0009984970092773438 0.0016422271728515625 0.001016855239868164
0.004475593566894531 0.009678840637207031 0.014154434204101562 0.005716562271118164 0.0009770393371582031 0.001642465591430664 0.0010058879852294922
0.004225730895996094 0.00955510139465332 0.013780832290649414 0.005606651306152344 0.0009763240814208984 0.0016407966613769531 0.0009877681732177734
0.004456758499145508 0.010032176971435547 0.014488935470581055 0.00592350959777832 0.0009620189666748047 0.0016429424285888672 0.0011472702026367188
0.0040853023529052734 0.009400129318237305 0.013485431671142578 0.00545048713684082 0.0009744167327880859 0.0016484260559082031 0.0009770393371582031
0.004698514938354492 0.009789705276489258 0.01448822021484375 0.0057566165924072266 0.0009984970092773438 0.0016436576843261719 0.001035451889038086
0.00434112548828125 0.009570837020874023 0.013911962509155273 0.00559544563293457 0.0009717941284179688 0.001641988754272461 0.0010123252868652344
0.006535053253173828 0.009962081909179688 0.016497135162353516 0.005872488021850586 0.0009779930114746094 0.0016663074493408203 0.0010764598846435547
0.005031108856201172 0.009450674057006836 0.014481782913208008 0.005475282669067383 0.0009729862213134766 0.0016710758209228516 0.000982046127319336
0.004239320755004883 0.009370565414428711 0.013609886169433594 0.005438566207885742 0.0009646415710449219 0.0016570091247558594 0.0009801387786865234
0.004379749298095703 0.009434700012207031 0.013814449310302734 0.005465507507324219 0.0009989738464355469 0.0016596317291259766 0.0009715557098388672
0.004363298416137695 0.009456396102905273 0.013819694519042969 0.005536079406738281 0.0009679794311523438 0.0016412734985351562 0.0009653568267822266
0.004469156265258789 0.009614944458007812 0.014084100723266602 0.005649089813232422 0.0009744167327880859 0.0016450881958007812 0.000997781753540039
0.003809213638305664 0.00935506820678711 0.013164281845092773 0.005420684814453125 0.0009791851043701172 0.0016679763793945312 0.0009529590606689453
0.0046846866607666016 0.009738683700561523 0.014423370361328125 0.005745649337768555 0.0009679794311523438 0.00164031982421875 0.0010297298431396484
0.004227638244628906 0.009473562240600586 0.013701200485229492 0.005545377731323242 0.0009617805480957031 0.0016412734985351562 0.0009887218475341797
0.004465818405151367 0.009600162506103516 0.014065980911254883 0.005645036697387695 0.0009684562683105469 0.00164031982421875 0.0010066032409667969
0.004340410232543945 0.00953984260559082 0.013880252838134766 0.005587100982666016 0.0009684562683105469 0.0016400814056396484 0.0010025501251220703
0.004387617111206055 0.009541988372802734 0.013929605484008789 0.0056035518646240234 0.0009696483612060547 0.0016410350799560547 0.000978708267211914
0.004510641098022461 0.009575843811035156 0.014086484909057617 0.005617380142211914 0.0009846687316894531 0.001644134521484375 0.0009882450103759766
0.004209756851196289 0.009471893310546875 0.013681650161743164 0.0055429935455322266 0.00096893310546875 0.0016400814056396484 0.0009753704071044922
0.0043315887451171875 0.009542703628540039 0.013874292373657227 0.005605220794677734 0.00095367431640625 0.0016417503356933594 0.000986337661743164
0.0044231414794921875 0.00960397720336914 0.014027118682861328 0.005634784698486328 0.0009710788726806641 0.0016422271728515625 0.0010151863098144531
0.004417896270751953 0.009575605392456055 0.013993501663208008 0.005620241165161133 0.0009624958038330078 0.0016405582427978516 0.0010056495666503906
0.004236459732055664 0.00944066047668457 0.013677120208740234 0.005508899688720703 0.0009696483612060547 0.0016415119171142578 0.0009810924530029297
0.004682302474975586 0.009720087051391602 0.014402389526367188 0.005702972412109375 0.0009632110595703125 0.0016541481018066406 0.0010364055633544922
0.0037679672241210938 0.009330034255981445 0.013098001480102539 0.005419254302978516 0.00096893310546875 0.0016469955444335938 0.0009739398956298828
0.004390716552734375 0.009474754333496094 0.013865470886230469 0.005559444427490234 0.0009737014770507812 0.0016415119171142578 0.0009646415710449219
0.004385948181152344 0.009479284286499023 0.013865232467651367 0.00557255744934082 0.0009684562683105469 0.0016412734985351562 0.0009579658508300781
0.004369258880615234 0.009605646133422852 0.013974905014038086 0.005635499954223633 0.0009725093841552734 0.0016415119171142578 0.001009225845336914
0.004378318786621094 0.009510993957519531 0.013889312744140625 0.00557398796081543 0.0009658336639404297 0.0016410350799560547 0.0009760856628417969
0.0044558048248291016 0.009765386581420898 0.01422119140625 0.005776882171630859 0.0009844303131103516 0.0016422271728515625 0.00101470947265625
0.0043027400970458984 0.009570598602294922 0.01387333869934082 0.005599498748779297 0.0009806156158447266 0.0016436576843261719 0.0009889602661132812
0.004476070404052734 0.009572267532348633 0.014048337936401367 0.005617856979370117 0.0009729862213134766 0.0016422271728515625 0.0009911060333251953
0.004391670227050781 0.009592771530151367 0.013984441757202148 0.005632638931274414 0.0009598731994628906 0.0016567707061767578 0.0009958744049072266
0.003673553466796875 0.009515047073364258 0.013188600540161133 0.00553441047668457 0.0009734630584716797 0.0016491413116455078 0.00102996826171875
0.004264116287231445 0.009575605392456055 0.0138397216796875 0.005590915679931641 0.0009760856628417969 0.0016508102416992188 0.0010006427764892578
0.004450321197509766 0.009600162506103516 0.014050483703613281 0.005628108978271484 0.0009732246398925781 0.0016431808471679688 0.0009963512420654297
0.004801034927368164 0.01005101203918457 0.014852046966552734 0.005979776382446289 0.0009639263153076172 0.0016465187072753906 0.0010983943939208984
0.005404472351074219 0.010744810104370117 0.016149282455444336 0.006462812423706055 0.0009770393371582031 0.0016505718231201172 0.0012657642364501953
0.006292104721069336 0.01148843765258789 0.017780542373657227 0.0069963932037353516 0.0009775161743164062 0.0016579627990722656 0.0014379024505615234
0.006441354751586914 0.011782407760620117 0.01822376251220703 0.007252931594848633 0.0009808540344238281 0.0016605854034423828 0.0014696121215820312
0.0066950321197509766 0.012334346771240234 0.01902937889099121 0.007597446441650391 0.0010249614715576172 0.0016667842864990234 0.0015993118286132812
0.007139921188354492 0.012660503387451172 0.019800424575805664 0.007793903350830078 0.0010771751403808594 0.0016696453094482422 0.0016629695892333984
0.006792783737182617 0.012382030487060547 0.019174814224243164 0.007500648498535156 0.0011813640594482422 0.0016632080078125 0.0015933513641357422
0.007648944854736328 0.011821269989013672 0.01947021484375 0.0069735050201416016 0.0013403892517089844 0.0016756057739257812 0.0014181137084960938
0.009097814559936523 0.012067794799804688 0.02116560935974121 0.00700831413269043 0.0015115737915039062 0.001705169677734375 0.0014252662658691406
0.00805354118347168 0.01224827766418457 0.02030181884765625 0.007529020309448242 0.0010213851928710938 0.0016646385192871094 0.0015897750854492188
0.0064258575439453125 0.011217117309570312 0.017642974853515625 0.0068302154541015625 0.0009770393371582031 0.0016546249389648438 0.0013461112976074219
0.005835294723510742 0.012067079544067383 0.017902374267578125 0.007025003433227539 0.0013959407806396484 0.0016624927520751953 0.0015707015991210938
0.006577730178833008 0.012174129486083984 0.018751859664916992 0.00739288330078125 0.0011687278747558594 0.0016627311706542969 0.0015206336975097656
0.0071675777435302734 0.011584758758544922 0.018752336502075195 0.006695985794067383 0.001201629638671875 0.0016722679138183594 0.0016016960144042969
0.0077877044677734375 0.011042594909667969 0.018830299377441406 0.006463289260864258 0.0009908676147460938 0.0016617774963378906 0.0014846324920654297
0.00580906867980957 0.010637044906616211 0.01644611358642578 0.0064280033111572266 0.0009696483612060547 0.0016491413116455078 0.0012123584747314453
0.005322456359863281 0.011561870574951172 0.016884326934814453 0.006793975830078125 0.0012497901916503906 0.0016770362854003906 0.0014278888702392578
0.008559703826904297 0.010626554489135742 0.01918625831604004 0.0060918331146240234 0.0010771751403808594 0.0016591548919677734 0.0013878345489501953
