using cuda:0 device.
1662755482933405399 0.04604959487915039
1662755483046226978 0.041478872299194336
1662755483157126665 0.040970802307128906
1662755483268470525 0.04088711738586426
1662755483379786729 0.04069256782531738
1662755483490701675 0.04068946838378906
1662755483601717710 0.04082298278808594
1662755483712737560 0.040813446044921875
1662755483822939634 0.04053974151611328
1662755483933276414 0.040277957916259766
1662755484043227434 0.04048633575439453
1662755484153299093 0.040418148040771484
1662755484263737916 0.04060721397399902
1662755484374337434 0.040548086166381836
1662755484484296083 0.040549278259277344
1662755484594325065 0.04040861129760742
1662755484704839944 0.041124582290649414
1662755484814444303 0.04044079780578613
1662755484924528360 0.04071950912475586
1662755485035177230 0.04055356979370117
1662755485145864963 0.04033493995666504
1662755485256070375 0.04069638252258301
1662755485366281509 0.04040241241455078
1662755485476319313 0.04044938087463379
1662755485586300849 0.04021453857421875
1662755485696246862 0.040342092514038086
1662755485807118177 0.040405988693237305
1662755485917186021 0.0402679443359375
1662755486027269363 0.040274858474731445
1662755486137200355 0.04036068916320801
1662755486247256517 0.04012131690979004
1662755486357283353 0.04029273986816406
1662755486467246294 0.040403127670288086
1662755486577344417 0.04051685333251953
1662755486687379360 0.04056429862976074
1662755486797348976 0.044297218322753906
1662755486907583475 0.04027843475341797
1662755487017808198 0.040207862854003906
1662755487128185033 0.040174007415771484
1662755487238940000 0.04023385047912598
1662755487349165678 0.040010690689086914
1662755487459871530 0.040368080139160156
1662755487570185184 0.040194034576416016
1662755487680185556 0.040392160415649414
1662755487790043354 0.040366172790527344
1662755487899872064 0.040236473083496094
1662755488010155916 0.04043316841125488
1662755488120464801 0.04065084457397461
1662755488230759859 0.040415287017822266
1662755488340592861 0.04058480262756348
1662755488450429916 0.04057741165161133
1662755488560985803 0.04064035415649414
1662755488671025753 0.04095816612243652
1662755488781352043 0.04063701629638672
1662755488891252756 0.040656328201293945
1662755489001969575 0.04018068313598633
1662755489112453460 0.0407106876373291
1662755489222500324 0.040639638900756836
1662755489332612276 0.040389299392700195
1662755489443479299 0.04030966758728027
1662755489554013729 0.040498971939086914
1662755489664010047 0.040849924087524414
1662755489774108648 0.04059171676635742
1662755489884219646 0.0405573844909668
1662755489994223117 0.04025602340698242
1662755490104319572 0.04076027870178223
1662755490215138912 0.04038190841674805
1662755490325386285 0.04046750068664551
1662755490435920476 0.04029059410095215
1662755490545794725 0.040125370025634766
1662755490656126976 0.04030919075012207
1662755490766000032 0.039838314056396484
1662755490875989437 0.0404355525970459
1662755490985982894 0.04018449783325195
1662755491096295356 0.040352821350097656
1662755491206900835 0.040390968322753906
1662755491317142248 0.040323734283447266
1662755491427238702 0.04039597511291504
1662755491537413597 0.04011225700378418
1662755491647428035 0.04112601280212402
1662755491757628202 0.0402979850769043
1662755491868097782 0.04062771797180176
1662755491978177785 0.04058098793029785
1662755492088326454 0.04130744934082031
1662755492198936223 0.04093337059020996
1662755492308913230 0.04101824760437012
1662755492419484376 0.04013633728027344
1662755492529990434 0.04055643081665039
1662755492640262126 0.040413618087768555
1662755492751269102 0.040665626525878906
1662755492861954450 0.04063129425048828
1662755492972199440 0.04032611846923828
1662755493081888437 0.04063296318054199
1662755493192160844 0.0407710075378418
1662755493302303075 0.04059910774230957
1662755493411971807 0.040482521057128906
1662755493522213935 0.04025983810424805
1662755493631995439 0.04045557975769043
1662755493741673231 0.040230751037597656
1662755493851864576 0.04048919677734375
1662755493962018728 0.04034161567687988
1662755494071982145 0.0404047966003418
1662755494181710004 0.04043006896972656
1662755494291283369 0.04066610336303711
1662755494400976896 0.04014301300048828
1662755494511323928 0.04005885124206543
1662755494621842861 0.04004049301147461
1662755494732023000 0.04102206230163574
1662755494842199563 0.0405573844909668
1662755494952165126 0.04066872596740723
1662755495062681674 0.040987491607666016
1662755495172926902 0.04031038284301758
1662755495282939434 0.040151119232177734
1662755495393176555 0.0398862361907959
1662755495503699779 0.040030717849731445
1662755495613838672 0.04024648666381836
1662755495724325656 0.0400848388671875
1662755495834892034 0.04024696350097656
1662755495945154905 0.0403745174407959
1662755496055301427 0.04050874710083008
1662755496165289640 0.040070533752441406
1662755496275226116 0.04017066955566406
1662755496385362148 0.04025006294250488
1662755496495829343 0.04030013084411621
1662755496606150388 0.04038119316101074
1662755496716210842 0.04047107696533203
1662755496826572179 0.040457963943481445
1662755496937199115 0.040749311447143555
1662755497047932624 0.04085183143615723
1662755497157942295 0.04023337364196777
1662755497268067836 0.04085111618041992
1662755497378156185 0.04042482376098633
1662755497488236427 0.04041171073913574
1662755497598323106 0.04063844680786133
1662755497708969831 0.040406227111816406
1662755497818962335 0.04071831703186035
1662755497929301023 0.04021644592285156
1662755498039831399 0.040557861328125
1662755498149995326 0.040195465087890625
1662755498260090351 0.040227413177490234
1662755498370151519 0.04023265838623047
1662755498480289936 0.0405728816986084
1662755498590188026 0.040761470794677734
1662755498700853347 0.040979862213134766
1662755498811437606 0.04073381423950195
1662755498921961307 0.04051804542541504
1662755499032088518 0.04072761535644531
1662755499142189979 0.040233612060546875
1662755499252295732 0.04085493087768555
1662755499362317085 0.04031968116760254
1662755499472330570 0.040892839431762695
1662755499582134485 0.04065060615539551
1662755499692881584 0.040410757064819336
1662755499803018331 0.04027962684631348
1662755499913068294 0.0403444766998291
1662755500023193359 0.04035615921020508
1662755500133311986 0.04050612449645996
1662755500243321895 0.040851593017578125
1662755500353271484 0.04078984260559082
1662755500463389873 0.04074263572692871
1662755500573987722 0.040729522705078125
1662755500684144496 0.04092812538146973
1662755500794259548 0.04068708419799805
1662755500904230833 0.040776729583740234
1662755501014214754 0.04063725471496582
1662755501124177217 0.040433406829833984
1662755501235081195 0.040868282318115234
1662755501345297574 0.04072237014770508
1662755501455642938 0.04081106185913086
1662755501566018342 0.04050850868225098
1662755501676191329 0.040633201599121094
1662755501786228895 0.0407412052154541
1662755501896209478 0.04053354263305664
1662755502006182909 0.04055023193359375
1662755502116316556 0.040962934494018555
1662755502226290702 0.040724992752075195
1662755502336402177 0.0407564640045166
1662755502446308851 0.041002750396728516
1662755502556908845 0.04041004180908203
1662755502667445659 0.04060101509094238
1662755502778212308 0.04045581817626953
1662755502888466358 0.040633201599121094
1662755502999287843 0.04087519645690918
1662755503110037326 0.040528059005737305
1662755503220214605 0.04125022888183594
1662755503331211328 0.04070711135864258
1662755503442126035 0.040590763092041016
1662755503552347898 0.04096269607543945
1662755503662345170 0.0404660701751709
1662755503772960424 0.040441036224365234
1662755503883074045 0.040750980377197266
1662755503993387460 0.04093432426452637
1662755504103596687 0.0409245491027832
1662755504214260816 0.040194034576416016
1662755504324404001 0.04087376594543457
1662755504434561729 0.04039335250854492
1662755504545246601 0.04051709175109863
1662755504655376911 0.041031837463378906
1662755504765588045 0.04054880142211914
1662755504875938415 0.04060959815979004
1662755504986047506 0.040689945220947266
1662755505097042798 0.040930747985839844
1662755505209859371 0.04022860527038574
1662755505319720745 0.04002547264099121
1662755505429296731 0.040361642837524414
1662755505539249658 0.04057145118713379
1662755505649089336 0.0403900146484375
1662755505759016036 0.039989471435546875
1662755505868971824 0.040323495864868164
1662755505979061365 0.04050564765930176
1662755506088767766 0.04070019721984863
1662755506198820352 0.041301727294921875
1662755506308797359 0.040791988372802734
1662755506418258905 0.04073357582092285
1662755506528088569 0.04082036018371582
1662755506638155460 0.04078197479248047
1662755506748343229 0.039975881576538086
1662755506858993291 0.04039192199707031
1662755506969143629 0.04135632514953613
1662755507079765796 0.03998708724975586
1662755507190301418 0.04043149948120117
1662755507300903320 0.040457725524902344
1662755507411409616 0.04049801826477051
1662755507522170066 0.04007744789123535
1662755507632291555 0.040285348892211914
1662755507742496967 0.04044008255004883
1662755507853064298 0.04126548767089844
1662755507963074922 0.040824174880981445
1662755508073182582 0.040943145751953125
1662755508183214187 0.04034996032714844
1662755508293236494 0.040831804275512695
1662755508403206348 0.04042363166809082
1662755508513227701 0.04014396667480469
1662755508623879432 0.04050087928771973
1662755508734294891 0.04023599624633789
1662755508844785451 0.04040408134460449
1662755508955360651 0.040465593338012695
1662755509065880060 0.04076719284057617
1662755509176016330 0.040819406509399414
1662755509286241054 0.0399479866027832
1662755509397038221 0.040808677673339844
1662755509507098674 0.04004216194152832
1662755509617156267 0.040130615234375
1662755509727239131 0.04011249542236328
1662755509837369203 0.0400538444519043
1662755509947562932 0.040224313735961914
1662755510058048963 0.039482831954956055
1662755510168189764 0.04042410850524902
1662755510278266668 0.04026508331298828
1662755510388309240 0.04015636444091797
1662755510498227357 0.039975881576538086
1662755510608432531 0.040489912033081055
1662755510718891859 0.040267229080200195
1662755510829110383 0.04030561447143555
1662755510939225196 0.04024100303649902
1662755511049412488 0.04015970230102539
1662755511160260915 0.04062819480895996
1662755511270909786 0.04015684127807617
1662755511380944728 0.04032540321350098
1662755511491115808 0.04090285301208496
1662755511601346969 0.04170417785644531
1662755511711410284 0.04075002670288086
1662755511822080850 0.04041099548339844
1662755511932195663 0.040663719177246094
1662755512043002605 0.04086112976074219
1662755512153381109 0.04018664360046387
1662755512263401269 0.04067635536193848
1662755512373990058 0.040496826171875
1662755512484323024 0.040305376052856445
1662755512594784021 0.03993558883666992
1662755512704993009 0.040448904037475586
1662755512815000534 0.04040718078613281
1662755512925279140 0.03958582878112793
1662755513035233974 0.040573835372924805
1662755513145203351 0.040496110916137695
1662755513256021738 0.04039478302001953
1662755513366086959 0.0408015251159668
1662755513476202249 0.0403292179107666
1662755513586637973 0.04012584686279297
1662755513696986913 0.04063081741333008
1662755513807118654 0.040079593658447266
1662755513917081832 0.03987431526184082
1662755514027029752 0.04044342041015625
1662755514137108802 0.03981900215148926
1662755514247064590 0.04071497917175293
1662755514357978343 0.040326595306396484
1662755514468123674 0.04041433334350586
1662755514578228950 0.04066324234008789
1662755514688556909 0.040053367614746094
1662755514798777341 0.04070234298706055
1662755514909255266 0.040270090103149414
1662755515019480228 0.040522098541259766
1662755515130007028 0.040651559829711914
1662755515240406513 0.04077649116516113
1662755515351402044 0.04015350341796875
1662755515461946010 0.04056501388549805
1662755515572325229 0.04043912887573242
1662755515682433366 0.04090738296508789
1662755515792964458 0.04011225700378418
1662755515903232812 0.040146827697753906
1662755516013536214 0.039496660232543945
1662755516124176502 0.039446353912353516
1662755516234427213 0.039778709411621094
1662755516345203638 0.040262460708618164
1662755516455745697 0.03957962989807129
1662755516566317796 0.040841102600097656
1662755516676627874 0.04091691970825195
1662755516787204027 0.03997015953063965
1662755516897529602 0.04004383087158203
1662755517008361101 0.03992319107055664
1662755517119137763 0.03986501693725586
1662755517229775667 0.0399167537689209
1662755517340245246 0.04027390480041504
1662755517450973033 0.04031038284301758
1662755517561522960 0.03986072540283203
1662755517672250509 0.04016280174255371
1662755517783128499 0.04030776023864746
1662755517893456459 0.04015517234802246
1662755518004199981 0.04030489921569824
1662755518114727020 0.040126800537109375
1662755518225201845 0.039789438247680664
1662755518336106538 0.03995013236999512
1662755518446286678 0.04017829895019531
1662755518557512998 0.04001736640930176
1662755518671145915 0.04034137725830078
1662755518781391620 0.040199995040893555
1662755518891557455 0.0405421257019043
1662755519001476764 0.04035234451293945
1662755519111435174 0.04052567481994629
1662755519222027778 0.04057812690734863
1662755519332231283 0.04083871841430664
1662755519442542552 0.04032468795776367
1662755519552532672 0.042124032974243164
1662755519663157701 0.040518760681152344
1662755519773304939 0.04088640213012695
1662755519883812665 0.04118704795837402
1662755519994775772 0.040131330490112305
1662755520106029510 0.04050588607788086
1662755520216506958 0.040170907974243164
1662755520326656341 0.03986644744873047
1662755520437315702 0.04040837287902832
1662755520547412395 0.04012441635131836
1662755520657503843 0.04033041000366211
1662755520767625808 0.041803836822509766
1662755520877670764 0.0400238037109375
1662755520988408565 0.04058265686035156
1662755521098409414 0.0408787727355957
1662755521208402156 0.04078173637390137
1662755521318488836 0.04057049751281738
1662755521428825855 0.04063987731933594
1662755521539115428 0.040969133377075195
1662755521649313449 0.03999662399291992
1662755521759609460 0.040081024169921875
1662755521869634389 0.03992581367492676
1662755521979621648 0.03997373580932617
1662755522090152502 0.04038524627685547
1662755522200435638 0.040041208267211914
1662755522310551643 0.04029273986816406
1662755522420600414 0.04064035415649414
1662755522530586957 0.04007530212402344
1662755522640752553 0.04027128219604492
1662755522750568389 0.040288448333740234
1662755522860662221 0.040610313415527344
1662755522971412897 0.04038810729980469
1662755523081440210 0.04053306579589844
1662755523192225694 0.04025101661682129
1662755523302160978 0.04005312919616699
1662755523412351131 0.04050326347351074
1662755523522444963 0.04046344757080078
1662755523633265733 0.040395498275756836
1662755523743375539 0.040170907974243164
1662755523853486537 0.04050278663635254
1662755523964455127 0.040564537048339844
1662755524075185060 0.041379451751708984
1662755524185261249 0.03996849060058594
1662755524295350313 0.0400385856628418
1662755524405447244 0.0400385856628418
1662755524516295194 0.040297746658325195
1662755524626530647 0.0402224063873291
1662755524736552238 0.04039287567138672
1662755524847165107 0.04001736640930176
1662755524957181692 0.04047393798828125
1662755525067282199 0.04032468795776367
1662755525177643775 0.040287017822265625
1662755525287443637 0.0401759147644043
1662755525397396564 0.04026317596435547
1662755525507465362 0.04041600227355957
1662755525618195056 0.0406494140625
1662755525728653669 0.04041409492492676
1662755525838884830 0.04028654098510742
1662755525949205875 0.04017162322998047
1662755526059243679 0.04038286209106445
1662755526169249773 0.04022669792175293
1662755526279322862 0.04032540321350098
1662755526389389753 0.04031538963317871
1662755526499440670 0.04021096229553223
1662755526609435796 0.04036355018615723
1662755526719500064 0.04026341438293457
1662755526829623460 0.04045438766479492
1662755526939529657 0.04058027267456055
1662755527049558639 0.0405580997467041
1662755527160142183 0.04048752784729004
1662755527270310163 0.04029965400695801
1662755527380318641 0.040485382080078125
1662755527490287065 0.04062628746032715
1662755527600249528 0.040709495544433594
1662755527710350036 0.04069161415100098
1662755527821116924 0.04108452796936035
1662755527931299209 0.040642738342285156
1662755528041537284 0.04068303108215332
1662755528151411294 0.04050612449645996
1662755528261192083 0.041036128997802734
1662755528371632337 0.041065216064453125
1662755528482146978 0.04045820236206055
1662755528592317104 0.04067397117614746
1662755528702442646 0.040140628814697266
1662755528812568902 0.04098916053771973
1662755528922542333 0.04040217399597168
1662755529033120155 0.04012584686279297
1662755529143550157 0.04025387763977051
1662755529253748416 0.04039502143859863
1662755529364364862 0.04051089286804199
1662755529474358081 0.04059934616088867
1662755529585159063 0.04052853584289551
1662755529695667028 0.04074501991271973
1662755529805470228 0.04064822196960449
1662755529915666103 0.04080319404602051
1662755530025657176 0.04140496253967285
1662755530135817766 0.04183006286621094
1662755530246081590 0.04817628860473633
1662755530356232881 0.041147708892822266
1662755530466635942 0.04075741767883301
1662755530576748132 0.040622711181640625
1662755530687083005 0.04085707664489746
1662755530797326564 0.04053163528442383
1662755530907516002 0.04051661491394043
1662755531017483949 0.04035043716430664
1662755531128315448 0.04080319404602051
1662755531238307237 0.040265560150146484
1662755531348462581 0.04052329063415527
1662755531458540439 0.0405275821685791
1662755531568473577 0.04064178466796875
1662755531679407835 0.04042530059814453
1662755531789654254 0.04061150550842285
1662755531899780750 0.04098320007324219
1662755532009785890 0.04136848449707031
1662755532119897127 0.041680335998535156
1662755532230352401 0.04165482521057129
1662755532340370178 0.04057192802429199
1662755532453113079 0.040422677993774414
1662755532563030958 0.040084123611450195
1662755532672976016 0.04047513008117676
1662755532782813072 0.04006361961364746
1662755532893032789 0.040409088134765625
1662755533003506422 0.0404200553894043
1662755533113359212 0.04088187217712402
1662755533223365306 0.04087638854980469
1662755533333402395 0.04074263572692871
1662755533443455696 0.04135274887084961
1662755533553462266 0.04050111770629883
1662755533663973808 0.04028439521789551
1662755533774093389 0.04070329666137695
1662755533884255409 0.04106426239013672
1662755533994130134 0.04051804542541504
1662755534104024648 0.04044938087463379
1662755534214009523 0.04062604904174805
1662755534323687314 0.04054450988769531
1662755534433908939 0.04075288772583008
1662755534543883085 0.04126429557800293
1662755534654111146 0.04055643081665039
1662755534763821601 0.04054594039916992
1662755534873895645 0.040381431579589844
1662755534983862876 0.04129791259765625
1662755535093566894 0.04111528396606445
1662755535203007698 0.04095816612243652
1662755535312788009 0.04095268249511719
1662755535422562599 0.040160179138183594
1662755535532116889 0.040632009506225586
1662755535642092466 0.040381669998168945
1662755535752705097 0.04078245162963867
1662755535863520145 0.04133009910583496
1662755535973719596 0.04059290885925293
1662755536083783388 0.040654897689819336
1662755536194523572 0.04043745994567871
1662755536304422855 0.04008913040161133
1662755536414851188 0.040636301040649414
1662755536524837493 0.04060506820678711
1662755536635165214 0.04194283485412598
1662755536745214700 0.04130673408508301
1662755536855650663 0.04055428504943848
1662755536965841293 0.04032492637634277
1662755537075877904 0.04050493240356445
1662755537186053991 0.04048633575439453
1662755537296188831 0.04053044319152832
1662755537406153202 0.04018068313598633
1662755537516677856 0.04007554054260254
1662755537627047538 0.0399022102355957
1662755537737824916 0.04028511047363281
1662755537848041057 0.04034757614135742
1662755537957973003 0.0399777889251709
1662755538068171024 0.04027962684631348
1662755538178232669 0.040068864822387695
1662755538288789510 0.04062938690185547
1662755538399906873 0.04035830497741699
1662755538510167837 0.04024076461791992
1662755538620073795 0.040676116943359375
1662755538730755329 0.04047131538391113
1662755538840953588 0.04051399230957031
1662755538950979948 0.04012584686279297
1662755539061805009 0.040050506591796875
1662755539172063589 0.04087114334106445
1662755539282855987 0.04066109657287598
1662755539393385887 0.040294647216796875
1662755539503947734 0.04041433334350586
1662755539614297151 0.04002046585083008
1662755539724439620 0.040496110916137695
1662755539835041046 0.04039597511291504
1662755539945132732 0.04051089286804199
1662755540055887937 0.04100656509399414
1662755540166092872 0.04043221473693848
1662755540276189088 0.040318965911865234
1662755540386273384 0.04008674621582031
1662755540496949911 0.04044175148010254
1662755540607031583 0.04092001914978027
1662755540717156171 0.040386199951171875
1662755540827576637 0.040682315826416016
1662755540937747955 0.04027891159057617
1662755541047590732 0.04027414321899414
1662755541157674312 0.04061079025268555
1662755541267639636 0.04087662696838379
1662755541377924919 0.04039573669433594
1662755541487829923 0.040314674377441406
1662755541597604513 0.04000735282897949
1662755541707253217 0.04034066200256348
1662755541817732095 0.041085004806518555
1662755541927592515 0.04030752182006836
1662755542037734746 0.04063296318054199
1662755542147720813 0.0408477783203125
1662755542257765531 0.040550947189331055
1662755542367541074 0.04067063331604004
1662755542477725982 0.04050159454345703
1662755542587947368 0.04065656661987305
1662755542698010683 0.0405879020690918
1662755542808539867 0.041211605072021484
1662755542918973922 0.04083657264709473
1662755543028852462 0.040013790130615234
1662755543139032602 0.04073739051818848
1662755543249162673 0.0404055118560791
1662755543359510898 0.04083418846130371
1662755543469717264 0.04080986976623535
1662755543580049753 0.04078793525695801
1662755543689872980 0.04109764099121094
1662755543799901962 0.04091691970825195
1662755543909629106 0.04076337814331055
1662755544019776344 0.04101920127868652
1662755544129646062 0.039980411529541016
1662755544239615440 0.040522098541259766
1662755544350073814 0.04053044319152832
1662755544460600137 0.04059648513793945
1662755544570499181 0.04101228713989258
1662755544680708885 0.0409693717956543
1662755544790625572 0.04086756706237793
1662755544900950431 0.0408473014831543
1662755545010830640 0.04103803634643555
1662755545120770215 0.040871620178222656
1662755545231078624 0.04095029830932617
1662755545341558694 0.041187286376953125
1662755545451492071 0.041414737701416016
1662755545561794281 0.040517330169677734
1662755545671568632 0.040822744369506836
1662755545781856298 0.040531158447265625
1662755545891908168 0.04123401641845703
1662755546002020597 0.041153907775878906
1662755546112311601 0.04130840301513672
1662755546222596645 0.04142403602600098
1662755546332896947 0.041129112243652344
1662755546445981979 0.04118680953979492
1662755546555833339 0.04115152359008789
1662755546665775060 0.041025638580322266
1662755546775794506 0.04144024848937988
1662755546885515928 0.04051089286804199
1662755546995044708 0.04115462303161621
1662755547104766130 0.04091691970825195
1662755547214717864 0.04071807861328125
1662755547324534177 0.040575265884399414
1662755547433879613 0.04108405113220215
1662755547543417930 0.04109454154968262
1662755547652842760 0.04078841209411621
1662755547762647151 0.04086756706237793
1662755547872823476 0.04123187065124512
1662755547982747316 0.0404963493347168
1662755548092472553 0.0408024787902832
1662755548202004909 0.04038500785827637
1662755548311677455 0.04036736488342285
1662755548421214580 0.040102243423461914
1662755548531160116 0.039740562438964844
1662755548640893697 0.04005885124206543
1662755548750863552 0.03984785079956055
1662755548860624313 0.03988361358642578
1662755548970679759 0.0398557186126709
