using cuda:0 device.
13805
1662756165345416784 0.06070899963378906
1662756165458762168 0.0413517951965332
1662756165569275379 0.04035139083862305
1662756165680352449 0.04048943519592285
1662756165790855646 0.04033684730529785
1662756165901417255 0.04044198989868164
1662756166012047290 0.040372610092163086
1662756166122891664 0.040445804595947266
1662756166232918024 0.04046201705932617
1662756166342892169 0.04053807258605957
1662756166453629016 0.040518999099731445
1662756166563777446 0.04052615165710449
1662756166673698186 0.040335893630981445
1662756166783758163 0.04073381423950195
1662756166893838882 0.040360212326049805
1662756167004364967 0.0406033992767334
1662756167114624738 0.04055333137512207
1662756167225342750 0.04058384895324707
1662756167335709810 0.04089808464050293
1662756167445822000 0.04037594795227051
1662756167555909633 0.04054856300354004
1662756167665860176 0.040288448333740234
1662756167775810956 0.040697574615478516
1662756167885778188 0.04041481018066406
1662756167995796442 0.04053187370300293
1662756168106445550 0.040344953536987305
1662756168216497182 0.04061579704284668
1662756168326462030 0.04026198387145996
1662756168436489105 0.04034781455993652
1662756168546525955 0.04039144515991211
1662756168656686067 0.040329933166503906
1662756168766823530 0.04010009765625
1662756168877074003 0.04008173942565918
1662756168987126588 0.0404818058013916
1662756169097507476 0.04055380821228027
1662756169207574129 0.04048752784729004
1662756169317589759 0.0402982234954834
1662756169428201913 0.04056096076965332
1662756169538517236 0.040195465087890625
1662756169648758172 0.04033517837524414
1662756169758628606 0.04026365280151367
1662756169868705034 0.040224552154541016
1662756169978761672 0.040422916412353516
1662756170089412927 0.040415048599243164
1662756170199448108 0.04045844078063965
1662756170309581756 0.04033255577087402
1662756170420396804 0.04042410850524902
1662756170530517816 0.0407414436340332
1662756170640799999 0.04050254821777344
1662756170750772953 0.04042792320251465
1662756170861375808 0.040680646896362305
1662756170971562147 0.040532827377319336
1662756171081557512 0.04068326950073242
1662756171191671609 0.04074740409851074
1662756171301790714 0.040535926818847656
1662756171411716938 0.04066157341003418
1662756171521842241 0.04063105583190918
1662756171632115364 0.04092550277709961
1662756171742065668 0.04042625427246094
1662756171852598190 0.04044771194458008
1662756171962823867 0.04012870788574219
1662756172073344945 0.04056668281555176
1662756172183540582 0.040435075759887695
1662756172293542861 0.040377140045166016
1662756172403503417 0.04044222831726074
1662756172513401746 0.04020500183105469
1662756172623547077 0.04048895835876465
1662756172733575820 0.04041862487792969
1662756172843470573 0.04053521156311035
1662756172953508377 0.04007863998413086
1662756173063392877 0.04033088684082031
1662756173173269033 0.03979182243347168
1662756173283710718 0.04017519950866699
1662756173394288063 0.04051351547241211
1662756173504457712 0.04024672508239746
1662756173614556312 0.04069232940673828
1662756173724472761 0.04037737846374512
1662756173834514141 0.04035496711730957
1662756173945334196 0.04046320915222168
1662756174055279016 0.04119682312011719
1662756174165330886 0.04039359092712402
1662756174275338172 0.04049944877624512
1662756174385290861 0.04049372673034668
1662756174495513200 0.04115700721740723
1662756174605550289 0.04059457778930664
1662756174715445041 0.04078841209411621
1662756174825359344 0.04032731056213379
1662756174935564279 0.040689706802368164
1662756175045397520 0.040422916412353516
1662756175156555175 0.040570735931396484
1662756175269115686 0.04070138931274414
1662756175378825902 0.040430307388305664
1662756175488920927 0.04042506217956543
1662756175599084377 0.04064178466796875
1662756175709584712 0.04022359848022461
1662756175819689035 0.040277957916259766
1662756175929706811 0.040349721908569336
1662756176040052175 0.040412187576293945
1662756176150305509 0.04035544395446777
1662756176260348081 0.040318965911865234
1662756176370493412 0.040354013442993164
1662756176480532646 0.040192365646362305
1662756176590561389 0.04007267951965332
1662756176701123237 0.04038834571838379
1662756176811240911 0.04019045829772949
1662756176921286106 0.04003334045410156
1662756177031340360 0.04044079780578613
1662756177141646146 0.04045271873474121
1662756177252444982 0.040735483169555664
1662756177362563610 0.04058122634887695
1662756177473336458 0.04036712646484375
1662756177583377122 0.04030346870422363
1662756177693467855 0.040236711502075195
1662756177803286552 0.039853811264038086
1662756177913274049 0.040030479431152344
1662756178023772478 0.03986406326293945
1662756178133663415 0.04168558120727539
1662756178243887662 0.04002571105957031
1662756178354283571 0.04006528854370117
1662756178464392662 0.040239810943603516
1662756178574501514 0.039926767349243164
1662756178684435606 0.040252685546875
1662756178794466018 0.03999590873718262
1662756178905155897 0.04018664360046387
1662756179015120983 0.04035782814025879
1662756179125334024 0.04026961326599121
1662756179235305309 0.04039907455444336
1662756179345432281 0.04040241241455078
1662756179455448389 0.040467262268066406
1662756179565646648 0.04028511047363281
1662756179675407886 0.040435791015625
1662756179785494089 0.04028940200805664
1662756179895648717 0.04027891159057617
1662756180006605148 0.04028916358947754
1662756180116786003 0.040399789810180664
1662756180227279424 0.04011034965515137
1662756180337381124 0.04017949104309082
1662756180448079347 0.04047250747680664
1662756180558158874 0.04021596908569336
1662756180668137311 0.0404665470123291
1662756180778212308 0.040068864822387695
1662756180888299226 0.04036259651184082
1662756180998483180 0.04069113731384277
1662756181108409404 0.04061698913574219
1662756181218302488 0.040360450744628906
1662756181328361034 0.04025602340698242
1662756181438154458 0.04037904739379883
1662756181548598289 0.040556907653808594
1662756181659406423 0.040454864501953125
1662756181769454240 0.04029107093811035
1662756181879714965 0.040618181228637695
1662756181990078210 0.040754079818725586
1662756182100399017 0.040749549865722656
1662756182210360050 0.04023289680480957
1662756182321008205 0.040357112884521484
1662756182431252002 0.04026007652282715
1662756182541266918 0.04048037528991699
1662756182651377916 0.040827035903930664
1662756182761358261 0.04048967361450195
1662756182871376037 0.040953636169433594
1662756182982188701 0.04131507873535156
1662756183092460393 0.04063534736633301
1662756183202647924 0.040877342224121094
1662756183313170671 0.04075813293457031
1662756183423516750 0.04058504104614258
1662756183533408880 0.04046034812927246
1662756183643459081 0.040506601333618164
1662756183753403425 0.040752410888671875
1662756183864257574 0.04098010063171387
1662756183974362373 0.040815114974975586
1662756184084603309 0.040772199630737305
1662756184195140838 0.04059028625488281
1662756184305433750 0.04054093360900879
1662756184415924787 0.04058980941772461
1662756184526233434 0.041060447692871094
1662756184636312484 0.04082536697387695
1662756184746296405 0.040625572204589844
1662756184856308460 0.041373491287231445
1662756184966444730 0.04059648513793945
1662756185077055931 0.040717124938964844
1662756185187288999 0.04095745086669922
1662756185297327756 0.040560245513916016
1662756185407643556 0.04068875312805176
1662756185518157720 0.04068636894226074
1662756185628608942 0.040914058685302734
1662756185739458322 0.04083728790283203
1662756185849539041 0.04046034812927246
1662756185960253238 0.04077553749084473
1662756186070487022 0.040894269943237305
1662756186180615663 0.04055166244506836
1662756186291308879 0.04078412055969238
1662756186401573657 0.04067587852478027
1662756186512267589 0.04079127311706543
1662756186622483491 0.04045748710632324
1662756186733283281 0.04076981544494629
1662756186843560934 0.04052615165710449
1662756186954109191 0.0407562255859375
1662756187064346075 0.04087066650390625
1662756187175282239 0.040404558181762695
1662756187285277605 0.04047226905822754
1662756187395491123 0.04047393798828125
1662756187506190538 0.04073071479797363
1662756187620011806 0.040220022201538086
1662756187730130910 0.04016613960266113
1662756187840235233 0.04032635688781738
1662756187950069427 0.04030656814575195
1662756188060232162 0.04048275947570801
1662756188170172214 0.040146589279174805
1662756188280076980 0.04038429260253906
1662756188390023708 0.04058098793029785
1662756188500171184 0.04062962532043457
1662756188610348463 0.04078507423400879
1662756188720680952 0.040534257888793945
1662756188831033706 0.04118514060974121
1662756188941369056 0.04053950309753418
1662756189052034139 0.04069018363952637
1662756189162252187 0.04007744789123535
1662756189272261142 0.04042768478393555
1662756189382164716 0.04075932502746582
1662756189492057085 0.04050183296203613
1662756189602140903 0.04078221321105957
1662756189712051391 0.0407109260559082
1662756189822185039 0.04051494598388672
1662756189932430267 0.04023146629333496
1662756190042510509 0.040331125259399414
1662756190152899742 0.04057669639587402
1662756190263079881 0.04106593132019043
1662756190373260736 0.041040897369384766
1662756190484166383 0.04098677635192871
1662756190594135761 0.040518999099731445
1662756190704177141 0.040880680084228516
1662756190814207315 0.0404360294342041
1662756190924612045 0.04039764404296875
1662756191035301923 0.04044747352600098
1662756191145429611 0.04032588005065918
1662756191255982875 0.04022359848022461
1662756191366100549 0.040334463119506836
1662756191476382732 0.04109048843383789
1662756191586319923 0.0405728816986084
1662756191696158170 0.04026985168457031
1662756191806087017 0.040389060974121094
1662756191916870594 0.04012179374694824
1662756192027036428 0.040349721908569336
1662756192137159585 0.04019737243652344
1662756192247119665 0.040105342864990234
1662756192357027292 0.04008007049560547
1662756192467158794 0.0397031307220459
1662756192577224731 0.04057121276855469
1662756192687384843 0.03943467140197754
1662756192797886610 0.040110111236572266
1662756192907961845 0.040128231048583984
1662756193018088817 0.04020190238952637
1662756193128201246 0.04048562049865723
1662756193238501310 0.04016566276550293
1662756193348931312 0.040155887603759766
1662756193459177494 0.04044461250305176
1662756193569874763 0.04044699668884277
1662756193680359363 0.040632009506225586
1662756193790304422 0.040294647216796875
1662756193900743484 0.04041886329650879
1662756194011060476 0.04050946235656738
1662756194121629476 0.040163516998291016
1662756194232039213 0.040322303771972656
1662756194342217922 0.040120840072631836
1662756194452393531 0.040242910385131836
1662756194562915563 0.04018521308898926
1662756194673277378 0.04042410850524902
1662756194783638000 0.04039311408996582
1662756194894206047 0.04008650779724121
1662756195004139661 0.03990674018859863
1662756195114952564 0.04023337364196777
1662756195225045442 0.04033303260803223
1662756195335103034 0.0395047664642334
1662756195444885969 0.040543317794799805
1662756195555202722 0.04048442840576172
1662756195665712356 0.04048752784729004
1662756195775782823 0.04048013687133789
1662756195886035442 0.04025125503540039
1662756195996145248 0.04012703895568848
1662756196106105327 0.04040670394897461
1662756196216098070 0.04001212120056152
1662756196326296091 0.03957843780517578
1662756196436118602 0.040119171142578125
1662756196546185731 0.04004192352294922
1662756196656105995 0.04060244560241699
1662756196766026735 0.04039168357849121
1662756196875924825 0.040590524673461914
1662756196986144781 0.04046130180358887
1662756197096059083 0.039984941482543945
1662756197206157684 0.04050779342651367
1662756197316286802 0.04018855094909668
1662756197426325798 0.04046630859375
1662756197536512613 0.04057431221008301
1662756197647235155 0.04065704345703125
1662756197758082151 0.03975343704223633
1662756197868999958 0.04040217399597168
1662756197979151725 0.040563344955444336
1662756198089289426 0.040338993072509766
1662756198199670076 0.0401301383972168
1662756198310217380 0.039841651916503906
1662756198421138286 0.039598703384399414
1662756198531347274 0.03961586952209473
1662756198642047166 0.03937816619873047
1662756198753399848 0.039829254150390625
1662756198864127635 0.039748191833496094
1662756198974802494 0.039980411529541016
1662756199085404157 0.040862083435058594
1662756199196178674 0.03997611999511719
1662756199306901454 0.04003262519836426
1662756199417962551 0.03980135917663574
1662756199528922080 0.039949655532836914
1662756199639464855 0.03991842269897461
1662756199750230312 0.040381431579589844
1662756199860931873 0.040433645248413086
1662756199971165180 0.04014396667480469
1662756200081217288 0.04024147987365723
1662756200191475868 0.04047131538391113
1662756200301848649 0.04030203819274902
1662756200413122415 0.040486812591552734
1662756200523978471 0.040160179138183594
1662756200634321928 0.04019904136657715
1662756200744620800 0.04006361961364746
1662756200854738950 0.04025888442993164
1662756200965179681 0.04026293754577637
1662756201079565286 0.040654897689819336
1662756201189481258 0.040160417556762695
1662756201299747943 0.040709495544433594
1662756201410116434 0.04033851623535156
1662756201521068811 0.040627479553222656
1662756201631323814 0.040703773498535156
1662756201741954803 0.04125785827636719
1662756201852437973 0.04062676429748535
1662756201963096380 0.040816545486450195
1662756202073289155 0.040792226791381836
1662756202183830499 0.0419764518737793
1662756202293961048 0.04088592529296875
1662756202404611110 0.039974212646484375
1662756202516233205 0.04066944122314453
1662756202627012968 0.040064334869384766
1662756202737203598 0.04004669189453125
1662756202847652435 0.0403900146484375
1662756202957894563 0.04030919075012207
1662756203067965269 0.040625572204589844
1662756203178693771 0.04061436653137207
1662756203289482831 0.04022622108459473
1662756203399637937 0.040451765060424805
1662756203509828805 0.040894269943237305
1662756203619921684 0.04094076156616211
1662756203730740070 0.04059910774230957
1662756203841535568 0.04054069519042969
1662756203951617002 0.040924787521362305
1662756204061572551 0.0400238037109375
1662756204171789169 0.0403447151184082
1662756204281854629 0.039872169494628906
1662756204391908407 0.039994239807128906
1662756204501933336 0.04046177864074707
1662756204612570524 0.04031205177307129
1662756204723093271 0.040601253509521484
1662756204832996845 0.040544986724853516
1662756204943316698 0.040242671966552734
1662756205053255319 0.040534019470214844
1662756205163680553 0.040566205978393555
1662756205273815393 0.04065132141113281
1662756205383803129 0.04041600227355957
1662756205494503259 0.040322065353393555
1662756205604812622 0.040137529373168945
1662756205714966773 0.04040384292602539
1662756205825438976 0.04020428657531738
1662756205936003923 0.04065227508544922
1662756206046172857 0.040160417556762695
1662756206156564712 0.040435791015625
1662756206266723632 0.04045605659484863
1662756206376906394 0.04050135612487793
1662756206487719535 0.0403594970703125
1662756206597930192 0.040248870849609375
1662756206708679914 0.04019737243652344
1662756206818645000 0.03990578651428223
1662756206928842544 0.04012608528137207
1662756207039063453 0.0399012565612793
1662756207149654388 0.04039883613586426
1662756207259692430 0.04045605659484863
1662756207369902133 0.040384531021118164
1662756207480659961 0.04024910926818848
1662756207590794086 0.040384769439697266
1662756207700966835 0.04048490524291992
1662756207811615705 0.040601253509521484
1662756207921753644 0.04055428504943848
1662756208032627820 0.04041767120361328
1662756208142747163 0.0404055118560791
1662756208253523826 0.040331363677978516
1662756208363734722 0.0405428409576416
1662756208474465847 0.0406041145324707
1662756208584409713 0.04020404815673828
1662756208694343566 0.04027891159057617
1662756208804321765 0.04047036170959473
1662756208914567232 0.04041552543640137
1662756209025485992 0.040322065353393555
1662756209135698080 0.04045605659484863
1662756209246521949 0.0407412052154541
1662756209356666564 0.04062676429748535
1662756209467510938 0.04075741767883301
1662756209577857494 0.04036378860473633
1662756209688550949 0.04031968116760254
1662756209798643350 0.04044151306152344
1662756209908811569 0.04056954383850098
1662756210018904924 0.04057741165161133
1662756210129434108 0.040531158447265625
1662756210239631175 0.04134392738342285
1662756210349556207 0.04051017761230469
1662756210459623098 0.04075789451599121
1662756210569952487 0.0407562255859375
1662756210680444478 0.04125046730041504
1662756210790621995 0.041380882263183594
1662756210900789260 0.04028654098510742
1662756211010903120 0.04079437255859375
1662756211120985269 0.04022049903869629
1662756211231474876 0.04070138931274414
1662756211341467380 0.04053807258605957
1662756211451580047 0.04036664962768555
1662756211561828374 0.04027128219604492
1662756211671800851 0.04032111167907715
1662756211781807184 0.04032611846923828
1662756211891865015 0.040551185607910156
1662756212001859426 0.04026985168457031
1662756212112074136 0.04065561294555664
1662756212222528934 0.04047989845275879
1662756212332684755 0.04108142852783203
1662756212443471193 0.04131746292114258
1662756212553700208 0.04164457321166992
1662756212664510726 0.04122638702392578
1662756212774650812 0.041139841079711914
1662756212885461330 0.04051661491394043
1662756212995526552 0.04075050354003906
1662756213105597496 0.040695905685424805
1662756213216397285 0.040581703186035156
1662756213326580762 0.04069018363952637
1662756213436658382 0.04038405418395996
1662756213546711444 0.04076099395751953
1662756213656867980 0.04031085968017578
1662756213767426967 0.040498971939086914
1662756213877523183 0.04073357582092285
1662756213987630128 0.04076695442199707
1662756214098345279 0.04049038887023926
1662756214208799123 0.04093813896179199
1662756214319554567 0.041023969650268555
1662756214430321455 0.041310787200927734
1662756214540699481 0.04072976112365723
1662756214651228189 0.04052734375
1662756214761943817 0.042017221450805664
1662756214872599840 0.04047656059265137
1662756214987073898 0.04027247428894043
1662756215096984624 0.04019427299499512
1662756215207722187 0.040268659591674805
1662756215318021059 0.04044342041015625
1662756215428663492 0.04060840606689453
1662756215539573907 0.04116654396057129
1662756215650006532 0.041027069091796875
1662756215760765075 0.041095733642578125
1662756215871889829 0.04113030433654785
1662756215982502222 0.040532588958740234
1662756216093006610 0.040457725524902344
1662756216203784704 0.04088234901428223
1662756216314177989 0.04078793525695801
1662756216424447774 0.040708065032958984
1662756216535345315 0.040447235107421875
1662756216645488739 0.041333913803100586
1662756216755637168 0.04109382629394531
1662756216865744590 0.04073953628540039
1662756216975834369 0.04134416580200195
1662756217086366653 0.04050922393798828
1662756217197212457 0.04047036170959473
1662756217307379007 0.04080653190612793
1662756217417228221 0.041214704513549805
1662756217527543783 0.041347503662109375
1662756217637536048 0.04091048240661621
1662756217747641563 0.040758609771728516
1662756217857510328 0.04034829139709473
1662756217967472791 0.040828704833984375
1662756218078227758 0.04041576385498047
1662756218188340902 0.04071998596191406
1662756218298344850 0.041318416595458984
1662756218408234834 0.040465354919433594
1662756218518222093 0.04036593437194824
1662756218628604412 0.04051399230957031
1662756218739341974 0.04021453857421875
1662756218849345684 0.04047083854675293
1662756218959245681 0.04087042808532715
1662756219069283723 0.04040074348449707
1662756219179218292 0.04125213623046875
1662756219289318561 0.04059338569641113
1662756219399158716 0.04034757614135742
1662756219509194850 0.040506839752197266
1662756219619146347 0.04038357734680176
1662756219729256629 0.040427207946777344
1662756219839361190 0.040323495864868164
1662756219949624538 0.04020810127258301
1662756220059668064 0.040067434310913086
1662756220169607400 0.03991293907165527
1662756220280146360 0.0404658317565918
1662756220390379428 0.03991389274597168
1662756220500427484 0.039971113204956055
1662756220610488653 0.03986072540283203
1662756220721129179 0.04035782814025879
1662756220831225872 0.040383338928222656
1662756220941365480 0.040346384048461914
1662756221051288604 0.04072427749633789
1662756221161391973 0.040377140045166016
1662756221271513938 0.04038286209106445
1662756221381778240 0.03994321823120117
1662756221492282152 0.04034161567687988
1662756221602540493 0.04047441482543945
1662756221712748765 0.040513038635253906
1662756221823617935 0.041051387786865234
1662756221934454441 0.04034852981567383
1662756222044753551 0.040112972259521484
1662756222155668973 0.04044651985168457
1662756222266074180 0.040544986724853516
1662756222376596450 0.04040670394897461
1662756222487214803 0.040830135345458984
1662756222597507238 0.04034852981567383
1662756222708373785 0.040323734283447266
1662756222818424463 0.04046368598937988
1662756222928569078 0.04053902626037598
1662756223039275884 0.04067373275756836
1662756223149356365 0.040622711181640625
1662756223259371280 0.04087185859680176
1662756223369312286 0.04052472114562988
1662756223479060411 0.04042625427246094
1662756223589342355 0.04072427749633789
1662756223699176073 0.04063582420349121
1662756223809279441 0.040277719497680664
1662756223919104576 0.0404515266418457
1662756224029101848 0.04009723663330078
1662756224139121294 0.04033994674682617
1662756224249089956 0.0403752326965332
1662756224359155178 0.04049253463745117
1662756224469019174 0.04034161567687988
1662756224578891992 0.04045867919921875
1662756224688950777 0.04085063934326172
1662756224799006938 0.04076981544494629
1662756224909104824 0.04060983657836914
1662756225019082069 0.04052019119262695
1662756225129139900 0.040535926818847656
1662756225239231586 0.04085421562194824
1662756225349209547 0.04005861282348633
1662756225459163427 0.04018521308898926
1662756225569125652 0.04060029983520508
1662756225679039478 0.04048871994018555
1662756225788978099 0.040683746337890625
1662756225899208307 0.040784358978271484
1662756226009365558 0.040679931640625
1662756226120120048 0.04079174995422363
1662756226230089902 0.04059863090515137
1662756226340245962 0.04058957099914551
1662756226450043201 0.040421247482299805
1662756226560040950 0.04020190238952637
1662756226669877529 0.04043984413146973
1662756226780118942 0.0406036376953125
1662756226889905691 0.04046487808227539
1662756227000236511 0.04070925712585449
1662756227110311269 0.040839433670043945
1662756227220302820 0.040560007095336914
1662756227330051183 0.040903568267822266
1662756227440276622 0.040985822677612305
1662756227550652742 0.040902137756347656
1662756227661070823 0.04073596000671387
1662756227770929813 0.041382551193237305
1662756227881079435 0.041059017181396484
1662756227991141557 0.04071760177612305
1662756228101114988 0.04086160659790039
1662756228211194992 0.04068636894226074
1662756228321094751 0.04123735427856445
1662756228430909156 0.04114890098571777
1662756228541039943 0.04131197929382324
1662756228651057720 0.04124569892883301
1662756228761158227 0.0409855842590332
1662756228871246814 0.04123187065124512
1662756228985649824 0.041007280349731445
1662756229095125913 0.04115104675292969
1662756229205207586 0.04144597053527832
1662756229315318107 0.04076671600341797
1662756229425785779 0.04099106788635254
1662756229535514116 0.040726661682128906
1662756229645698070 0.04048466682434082
1662756229755885839 0.0408017635345459
1662756229866132497 0.04110264778137207
1662756229975997924 0.04123067855834961
1662756230085770130 0.04053521156311035
1662756230195810794 0.04052400588989258
1662756230305751800 0.04102468490600586
1662756230415768861 0.040606021881103516
1662756230525690793 0.04051637649536133
1662756230636068820 0.04047513008117676
1662756230746144771 0.04030299186706543
1662756230856764554 0.040276527404785156
1662756230966938257 0.03964829444885254
1662756231076988935 0.04008150100708008
1662756231187436819 0.03998684883117676
1662756231297385692 0.03987693786621094
1662756231407490730 0.040303707122802734
