using cuda:0 device.
13288
1662755918225453853 0.06144118309020996
1662755918338144063 0.041019439697265625
1662755918448513984 0.04054093360900879
1662755918559383869 0.04051804542541504
1662755918670276165 0.04023313522338867
1662755918781086444 0.04060077667236328
1662755918891478061 0.04058837890625
1662755919002108097 0.04073834419250488
1662755919112287044 0.0404973030090332
1662755919222042322 0.04033708572387695
1662755919333263158 0.0404055118560791
1662755919443987131 0.040427207946777344
1662755919554638862 0.040590524673461914
1662755919664857625 0.04087400436401367
1662755919775824546 0.040785789489746094
1662755919886146783 0.04053449630737305
1662755919996824264 0.04054141044616699
1662755920107878923 0.04065752029418945
1662755920218503952 0.04080820083618164
1662755920328560113 0.04069662094116211
1662755920438780069 0.0407559871673584
1662755920549030542 0.040467262268066406
1662755920659278869 0.040692806243896484
1662755920769595146 0.04051661491394043
1662755920879832744 0.04051351547241211
1662755920989901781 0.04035210609436035
1662755921100069284 0.04041433334350586
1662755921210452556 0.0405120849609375
1662755921320688009 0.04053831100463867
1662755921430912733 0.04066753387451172
1662755921540905475 0.04035377502441406
1662755921651859998 0.04045987129211426
1662755921762769460 0.04046511650085449
1662755921873556137 0.04066300392150879
1662755921983705043 0.040641069412231445
1662755922093705415 0.04026198387145996
1662755922203735113 0.04027152061462402
1662755922313892841 0.04040050506591797
1662755922423881292 0.040474653244018555
1662755922533828020 0.04035592079162598
1662755922643947839 0.04065394401550293
1662755922753956794 0.04040408134460449
1662755922864791870 0.04046034812927246
1662755922975426673 0.04053306579589844
1662755923085512876 0.040146827697753906
1662755923195588588 0.04038429260253906
1662755923305971860 0.040541648864746094
1662755923415852546 0.04077553749084473
1662755923525820255 0.04066944122314453
1662755923636482000 0.04084014892578125
1662755923746653795 0.04117751121520996
1662755923856593370 0.040830373764038086
1662755923966946840 0.04098391532897949
1662755924077408552 0.04070162773132324
1662755924187574386 0.04078507423400879
1662755924297847509 0.040381431579589844
1662755924408601522 0.04080319404602051
1662755924518614292 0.040889739990234375
1662755924628989696 0.04090070724487305
1662755924739372014 0.04049253463745117
1662755924849420070 0.040697574615478516
1662755924959542989 0.04078984260559082
1662755925069576263 0.040314674377441406
1662755925179744958 0.04059886932373047
1662755925290094137 0.04016256332397461
1662755925399938821 0.04045820236206055
1662755925510081768 0.04037618637084961
1662755925620637178 0.04058718681335449
1662755925731516599 0.04059743881225586
1662755925841731548 0.0404510498046875
1662755925952377796 0.04032635688781738
1662755926062530040 0.039963722229003906
1662755926172653675 0.04027962684631348
1662755926282850742 0.04040718078613281
1662755926393424749 0.040467262268066406
1662755926503640651 0.040567636489868164
1662755926613582134 0.040457725524902344
1662755926723700523 0.04058051109313965
1662755926833786010 0.0403592586517334
1662755926944313049 0.04117131233215332
1662755927054486274 0.04058647155761719
1662755927164778470 0.04058480262756348
1662755927275673151 0.04073643684387207
1662755927385858535 0.04115867614746094
1662755927496428728 0.04091501235961914
1662755927606545448 0.04061555862426758
1662755927716530799 0.04031181335449219
1662755927826517343 0.04062485694885254
1662755927937391519 0.040497779846191406
1662755928048652648 0.04052114486694336
1662755928161697387 0.0407252311706543
1662755928272311449 0.04047799110412598
1662755928383219718 0.04044985771179199
1662755928493736982 0.040436744689941406
1662755928604504823 0.040236711502075195
1662755928714883565 0.04023480415344238
1662755928825484991 0.040322303771972656
1662755928936165571 0.04041099548339844
1662755929047283172 0.04039144515991211
1662755929157784223 0.04023146629333496
1662755929268541336 0.04033398628234863
1662755929379705190 0.040456295013427734
1662755929491114854 0.04017376899719238
1662755929601650238 0.040418148040771484
1662755929712508440 0.040021419525146484
1662755929823112010 0.04006385803222656
1662755929934354066 0.04003500938415527
1662755930045265674 0.04077267646789551
1662755930156437397 0.04046344757080078
1662755930266963958 0.04032754898071289
1662755930377840995 0.04039955139160156
1662755930488292932 0.0403597354888916
1662755930598840475 0.040259599685668945
1662755930709807395 0.04208970069885254
1662755930821255207 0.03998923301696777
1662755930931714057 0.04028511047363281
1662755931042591094 0.03994011878967285
1662755931153758287 0.039977073669433594
1662755931264651298 0.04036259651184082
1662755931375613689 0.03998160362243652
1662755931486615896 0.04008746147155762
1662755931597643375 0.04033350944519043
1662755931708495140 0.04012799263000488
1662755931818960428 0.040284156799316406
1662755931929827690 0.04025411605834961
1662755932040624856 0.04045295715332031
1662755932151415109 0.04035329818725586
1662755932261880397 0.04045891761779785
1662755932372548341 0.04036593437194824
1662755932483706474 0.040555477142333984
1662755932594459295 0.040419578552246094
1662755932704965114 0.04043269157409668
1662755932815562486 0.040349483489990234
1662755932926198244 0.04048800468444824
1662755933037268877 0.04065275192260742
1662755933147623538 0.040254831314086914
1662755933258278131 0.040264129638671875
1662755933368952035 0.040442705154418945
1662755933479664325 0.04045557975769043
1662755933590084075 0.04038357734680176
1662755933700660228 0.040308475494384766
1662755933811015129 0.04022550582885742
1662755933922172069 0.04030442237854004
1662755934032836914 0.04094743728637695
1662755934143451213 0.04038572311401367
1662755934253892421 0.04055047035217285
1662755934364549398 0.040761709213256836
1662755934475619077 0.04073166847229004
1662755934586512804 0.040400028228759766
1662755934696962118 0.04069924354553223
1662755934807605266 0.04056096076965332
1662755934917893409 0.04071497917175293
1662755935028525829 0.04040884971618652
1662755935139120578 0.04062175750732422
1662755935250224113 0.04100370407104492
1662755935360893011 0.040494680404663086
1662755935472273111 0.04047822952270508
1662755935583174467 0.04082536697387695
1662755935694344758 0.04070615768432617
1662755935805049180 0.04078960418701172
1662755935915642738 0.04074692726135254
1662755936026018381 0.04062151908874512
1662755936137162923 0.04075503349304199
1662755936247536897 0.04074859619140625
1662755936358333587 0.04069042205810547
1662755936468584537 0.04092741012573242
1662755936579393863 0.040608882904052734
1662755936689717769 0.04079866409301758
1662755936800406694 0.04095315933227539
1662755936910716533 0.04082942008972168
1662755937022123575 0.04052162170410156
1662755937132615089 0.04082441329956055
1662755937243377923 0.0406651496887207
1662755937354493141 0.040642499923706055
1662755937465475559 0.04096078872680664
1662755937576158285 0.0407564640045166
1662755937687207221 0.04086709022521973
1662755937797672748 0.04115629196166992
1662755937909062147 0.04071354866027832
1662755938019825458 0.040818214416503906
1662755938130740404 0.0406947135925293
1662755938241725683 0.04072213172912598
1662755938353392839 0.0409238338470459
1662755938464600086 0.040847063064575195
1662755938575608730 0.04115176200866699
1662755938686614036 0.04081583023071289
1662755938797836303 0.040583133697509766
1662755938908726215 0.04089212417602539
1662755939019749402 0.04049873352050781
1662755939130507707 0.0404205322265625
1662755939241565704 0.04064297676086426
1662755939352121114 0.040923118591308594
1662755939463244199 0.040793418884277344
1662755939573904752 0.040755510330200195
1662755939685459136 0.04074525833129883
1662755939796643733 0.04048013687133789
1662755939907525062 0.040746450424194336
1662755940018563747 0.04108142852783203
1662755940129577159 0.04059481620788574
1662755940240105867 0.04068589210510254
1662755940351861715 0.04065370559692383
1662755940462132930 0.040789127349853516
1662755940573609828 0.04028820991516113
1662755940683436393 0.04024219512939453
1662755940793170690 0.040575504302978516
1662755940902928829 0.040495872497558594
1662755941012555837 0.04038572311401367
1662755941122204065 0.040288686752319336
1662755941231906414 0.04048776626586914
1662755941341631650 0.0406491756439209
1662755941451570749 0.04081583023071289
1662755941561068058 0.0407261848449707
1662755941670883893 0.04078531265258789
1662755941780829191 0.041202545166015625
1662755941890951395 0.04073023796081543
1662755942001105546 0.04084277153015137
1662755942111167669 0.04025888442993164
1662755942221462011 0.04059457778930664
1662755942331309318 0.04092884063720703
1662755942440921306 0.04050445556640625
1662755942551137685 0.04125523567199707
1662755942661202907 0.040818214416503906
1662755942771291017 0.04062032699584961
1662755942880789995 0.040442705154418945
1662755942990572690 0.04048871994018555
1662755943100477218 0.040778398513793945
1662755943210189104 0.0410313606262207
1662755943320925235 0.04098367691040039
1662755943431060791 0.04093742370605469
1662755943540642976 0.04058694839477539
1662755943651047706 0.04091310501098633
1662755943761186361 0.04050803184509277
1662755943871260881 0.040416717529296875
1662755943981134653 0.0406341552734375
1662755944091116189 0.040427207946777344
1662755944201041221 0.04023265838623047
1662755944311178445 0.04053378105163574
1662755944421215534 0.041040658950805664
1662755944530956983 0.040930986404418945
1662755944640981912 0.04047966003417969
1662755944751163482 0.040593862533569336
1662755944861109972 0.04003167152404785
1662755944970919609 0.04028940200805664
1662755945081042289 0.040277719497680664
1662755945191360473 0.040189504623413086
1662755945301306486 0.039991140365600586
1662755945411096811 0.0396578311920166
1662755945521019458 0.04038119316101074
1662755945630987167 0.039592742919921875
1662755945740771532 0.04012584686279297
1662755945850237131 0.039923906326293945
1662755945959860801 0.040390968322753906
1662755946070270061 0.040607452392578125
1662755946180191040 0.0406641960144043
1662755946290205478 0.040436744689941406
1662755946400264263 0.04092121124267578
1662755946510092258 0.040503501892089844
1662755946620160579 0.04055619239807129
1662755946730249881 0.04080033302307129
1662755946840414285 0.04112505912780762
1662755946950244188 0.04052019119262695
1662755947059966564 0.040946006774902344
1662755947170307397 0.0403134822845459
1662755947280092000 0.04032540321350098
1662755947390283346 0.04033088684082031
1662755947500944137 0.040436506271362305
1662755947611978292 0.04068636894226074
1662755947722078561 0.040376901626586914
1662755947832046270 0.04039144515991211
1662755947942753076 0.04006814956665039
1662755948053005218 0.04048323631286621
1662755948163623332 0.04050874710083008
1662755948273734807 0.04010343551635742
1662755948383879423 0.04085659980773926
1662755948494721651 0.040628910064697266
1662755948604950666 0.04050946235656738
1662755948715844154 0.04066038131713867
1662755948826358556 0.04011821746826172
1662755948936239242 0.04040098190307617
1662755949046064138 0.04097342491149902
1662755949155995130 0.04022407531738281
1662755949266012191 0.04003548622131348
1662755949375838756 0.04018712043762207
1662755949485670089 0.04028654098510742
1662755949595907211 0.0410313606262207
1662755949706662893 0.04050183296203613
1662755949816694259 0.040683746337890625
1662755949927176237 0.040761709213256836
1662755950037840127 0.040056705474853516
1662755950148080348 0.040895700454711914
1662755950258874416 0.040494680404663086
1662755950369882822 0.04056072235107422
1662755950480152130 0.04070639610290527
1662755950590922832 0.04078817367553711
1662755950701886653 0.03991413116455078
1662755950812979221 0.04075479507446289
1662755950923187971 0.04057955741882324
1662755951033857583 0.04063558578491211
1662755951144066333 0.04014849662780762
1662755951254831552 0.0399937629699707
1662755951365148067 0.03965473175048828
1662755951475823640 0.03967475891113281
1662755951586176872 0.03971505165100098
1662755951697090625 0.039794921875
1662755951808089494 0.03978991508483887
1662755951918399333 0.03971672058105469
1662755952028890848 0.04074716567993164
1662755952140082597 0.03983664512634277
1662755952250257968 0.04000449180603027
1662755952360954761 0.04006075859069824
1662755952471782207 0.039972782135009766
1662755952582894325 0.040029048919677734
1662755952693179845 0.04054880142211914
1662755952803833961 0.040689945220947266
1662755952914944171 0.04034090042114258
1662755953025879144 0.04015922546386719
1662755953136135339 0.040505170822143555
1662755953246309041 0.04020285606384277
1662755953356881141 0.04033064842224121
1662755953468074798 0.040239810943603516
1662755953578855276 0.0402066707611084
1662755953689019203 0.03998160362243652
1662755953799953222 0.04044342041015625
1662755953910693645 0.0403599739074707
1662755954023004531 0.04047799110412598
1662755954133086919 0.04033541679382324
1662755954243078708 0.04079771041870117
1662755954352831602 0.04060554504394531
1662755954462824106 0.04065585136413574
1662755954572895288 0.0406651496887207
1662755954682924032 0.040724754333496094
1662755954793072462 0.04050159454345703
1662755954903384685 0.0406498908996582
1662755955013252258 0.04093337059020996
1662755955123731851 0.04104876518249512
1662755955233651161 0.040969133377075195
1662755955343896627 0.04024147987365723
1662755955453773498 0.04048633575439453
1662755955563934326 0.040419816970825195
1662755955673731088 0.039998769760131836
1662755955783695697 0.04069232940673828
1662755955893635988 0.04047966003417969
1662755956003648996 0.0405583381652832
1662755956113798379 0.04040813446044922
1662755956223507165 0.0402679443359375
1662755956333486318 0.04062843322753906
1662755956443330526 0.04096531867980957
1662755956553333044 0.040880441665649414
1662755956663233280 0.040791988372802734
1662755956773226737 0.040712594985961914
1662755956883042573 0.04111981391906738
1662755956993509292 0.040372371673583984
1662755957103471279 0.04071927070617676
1662755957213488340 0.04005837440490723
1662755957323504447 0.040235042572021484
1662755957433458328 0.04044985771179199
1662755957543469429 0.040566444396972656
1662755957653469800 0.04061436653137207
1662755957763614892 0.0407865047454834
1662755957873579740 0.04034781455993652
1662755957983327388 0.04056882858276367
1662755958093173503 0.0408475399017334
1662755958203587532 0.04108381271362305
1662755958313781499 0.04050254821777344
1662755958423632621 0.041083574295043945
1662755958533463239 0.040498971939086914
1662755958643684148 0.0405735969543457
1662755958753594160 0.040490150451660156
1662755958863641023 0.040886878967285156
1662755958973630905 0.040401458740234375
1662755959083533763 0.040740966796875
1662755959193362236 0.04059410095214844
1662755959303392410 0.04082894325256348
1662755959413446664 0.04027748107910156
1662755959523214578 0.04012441635131836
1662755959632879734 0.04032111167907715
1662755959743327140 0.04025912284851074
1662755959853478431 0.04030966758728027
1662755959963362455 0.040407657623291016
1662755960073406696 0.040473222732543945
1662755960183407068 0.04049396514892578
1662755960294044733 0.040457725524902344
1662755960403756141 0.04053449630737305
1662755960514457702 0.040302276611328125
1662755960625434398 0.04028940200805664
1662755960735531330 0.04066777229309082
1662755960846293210 0.04062199592590332
1662755960956517934 0.04067111015319824
1662755961067637443 0.04056358337402344
1662755961178310632 0.04033923149108887
1662755961289345979 0.040343523025512695
1662755961399420499 0.04067540168762207
1662755961510735273 0.040544748306274414
1662755961621355772 0.04073452949523926
1662755961732521772 0.04052281379699707
1662755961843426227 0.04038524627685547
1662755961954564571 0.04059171676635742
1662755962065314769 0.040461063385009766
1662755962176573991 0.040644168853759766
1662755962286573886 0.040758609771728516
1662755962398328542 0.040771484375
1662755962508947849 0.0406343936920166
1662755962620614767 0.04053497314453125
1662755962731473207 0.04052448272705078
1662755962843498945 0.04090738296508789
1662755962953875541 0.04079890251159668
1662755963065297603 0.04075264930725098
1662755963175392866 0.04133796691894531
1662755963286451339 0.04048967361450195
1662755963397330760 0.04059600830078125
1662755963508339881 0.040799856185913086
1662755963618468284 0.041385650634765625
1662755963729513168 0.04129505157470703
1662755963840232610 0.04054379463195801
1662755963951377391 0.04059481620788574
1662755964061889648 0.040814876556396484
1662755964173206806 0.0407109260559082
1662755964283515453 0.040598154067993164
1662755964394897699 0.040383100509643555
1662755964505331277 0.040433645248413086
1662755964617264270 0.04048943519592285
1662755964727535009 0.04036521911621094
1662755964838685750 0.04059195518493652
1662755964949513435 0.04061603546142578
1662755965060598373 0.04084491729736328
1662755965171257972 0.04058480262756348
1662755965282609224 0.040853023529052734
1662755965393182754 0.04138040542602539
1662755965504499912 0.04192185401916504
1662755965615547418 0.04134559631347656
1662755965727312088 0.041405677795410156
1662755965837713479 0.04062318801879883
1662755965949163675 0.04091620445251465
1662755966059388399 0.041412353515625
1662755966170541286 0.04085540771484375
1662755966281446695 0.040815114974975586
1662755966392555475 0.04064536094665527
1662755966502881526 0.040863752365112305
1662755966614496946 0.04071998596191406
1662755966725364208 0.040625572204589844
1662755966837148189 0.04071235656738281
1662755966947530031 0.04074740409851074
1662755967059222698 0.04089689254760742
1662755967169600248 0.04075288772583008
1662755967281314611 0.04107403755187988
1662755967391827821 0.041277408599853516
1662755967503607749 0.04085683822631836
1662755967614665269 0.040940046310424805
1662755967726347208 0.04069852828979492
1662755967837471246 0.040404558181762695
1662755967949849843 0.04028606414794922
1662755968060123443 0.04045534133911133
1662755968170404434 0.04035687446594238
1662755968280583620 0.040598392486572266
1662755968390569686 0.04048895835876465
1662755968500726222 0.04123544692993164
1662755968610793113 0.04120230674743652
1662755968720771312 0.04100203514099121
1662755968830681562 0.04128098487854004
1662755968940706729 0.04063606262207031
1662755969051166772 0.04045891761779785
1662755969161448001 0.04122328758239746
1662755969271554231 0.04134011268615723
1662755969381439447 0.04082679748535156
1662755969491203069 0.04047584533691406
1662755969601317644 0.040910959243774414
1662755969711089134 0.04075980186462402
1662755969821275472 0.04089236259460449
1662755969931221008 0.041283607482910156
1662755970041322469 0.040747880935668945
1662755970150909900 0.04039502143859863
1662755970260906696 0.04081106185913086
1662755970370702266 0.04129314422607422
1662755970480943918 0.041390180587768555
1662755970591099977 0.041074275970458984
1662755970701076745 0.04077458381652832
1662755970811014175 0.04043221473693848
1662755970921129465 0.04111218452453613
1662755971030992031 0.040714263916015625
1662755971141166448 0.04103899002075195
1662755971251260995 0.041466712951660156
1662755971360852479 0.040999412536621094
1662755971470940589 0.04091334342956543
1662755971580807447 0.04065680503845215
1662755971691166639 0.04028630256652832
1662755971800899028 0.04086160659790039
1662755971910553932 0.0409855842590332
1662755972021009683 0.040700435638427734
1662755972130918502 0.041251420974731445
1662755972241090774 0.04056358337402344
1662755972350940942 0.04071044921875
1662755972460983753 0.040720462799072266
1662755972570911645 0.04045891761779785
1662755972680899381 0.04074978828430176
1662755972791012048 0.04025983810424805
1662755972900578260 0.040430545806884766
1662755973010299444 0.04033851623535156
1662755973120283126 0.04029035568237305
1662755973230203866 0.040044546127319336
1662755973340037345 0.039988040924072266
1662755973449913501 0.04009389877319336
1662755973560019969 0.040305376052856445
1662755973670045137 0.040514469146728516
1662755973779934167 0.04065060615539551
1662755973889927625 0.04056978225708008
1662755973999954938 0.04097390174865723
1662755974110122919 0.04032015800476074
1662755974220074415 0.04054999351501465
1662755974329953432 0.0398252010345459
1662755974439961433 0.04046177864074707
1662755974550230264 0.04073524475097656
1662755974660643100 0.040619611740112305
1662755974770888566 0.04022073745727539
1662755974881098508 0.040525197982788086
1662755974992023706 0.04045295715332031
1662755975102967023 0.04056668281555176
1662755975213329315 0.0405580997467041
1662755975323616981 0.040438175201416016
1662755975434161424 0.0406804084777832
1662755975545013666 0.04044961929321289
1662755975655063867 0.04062485694885254
1662755975765831947 0.04039502143859863
1662755975876101732 0.04051351547241211
1662755975986166238 0.04066038131713867
1662755976096149921 0.04053926467895508
1662755976206052303 0.040724754333496094
1662755976315969944 0.040354013442993164
1662755976426070690 0.04046750068664551
1662755976536071062 0.040509939193725586
1662755976646048784 0.040784358978271484
1662755976755927801 0.04040813446044922
1662755976865920066 0.0407717227935791
1662755976975926160 0.04046225547790527
1662755977085622787 0.040465593338012695
1662755977195737600 0.04057717323303223
1662755977305620670 0.04045820236206055
1662755977415534257 0.040410518646240234
1662755977525910854 0.04048490524291992
1662755977635965585 0.040859222412109375
1662755977745805978 0.04057502746582031
1662755977855648517 0.0407562255859375
1662755977965645551 0.040439605712890625
1662755978075465679 0.0409085750579834
1662755978185323476 0.041002750396728516
1662755978295437097 0.04039502143859863
1662755978405665874 0.04033064842224121
1662755978515550613 0.04079556465148926
1662755978625762462 0.04052543640136719
1662755978735910415 0.0408329963684082
1662755978845976829 0.04059720039367676
1662755978955990314 0.040762901306152344
1662755979065818548 0.040758609771728516
1662755979175661563 0.04111337661743164
1662755979285803556 0.040581703186035156
1662755979396519660 0.04031682014465332
1662755979506561756 0.04015231132507324
1662755979616641998 0.04054522514343262
1662755979727103710 0.04084062576293945
1662755979836930274 0.0406947135925293
1662755979947485685 0.040837764739990234
1662755980057645559 0.04075026512145996
1662755980167610883 0.040667057037353516
1662755980277677297 0.041197776794433594
1662755980387809991 0.04102587699890137
1662755980497766733 0.04102444648742676
1662755980607614755 0.04253840446472168
1662755980717712640 0.04099702835083008
1662755980828045606 0.04110836982727051
1662755980937990903 0.040662527084350586
1662755981048484325 0.04086732864379883
1662755981158691406 0.04075193405151367
1662755981268708944 0.04123187065124512
1662755981378749370 0.041577816009521484
1662755981488545179 0.041284799575805664
1662755981598636627 0.041335344314575195
1662755981708664178 0.041251182556152344
1662755981818868160 0.04127931594848633
1662755981930686950 0.04112434387207031
1662755982040570259 0.04120206832885742
1662755982150009155 0.04130125045776367
1662755982259431600 0.04069161415100098
1662755982369216203 0.04114723205566406
1662755982478749036 0.04082798957824707
1662755982588528871 0.040799856185913086
1662755982697921514 0.040569305419921875
1662755982807422876 0.041307926177978516
1662755982917469263 0.04124331474304199
1662755983027004718 0.040811777114868164
1662755983136759757 0.040549516677856445
1662755983246632099 0.04116535186767578
1662755983356493234 0.04093337059020996
1662755983466340780 0.040468454360961914
1662755983576379299 0.04087328910827637
1662755983686440706 0.040734052658081055
1662755983796515226 0.040547847747802734
1662755983906133174 0.039978981018066406
1662755984015738725 0.0405576229095459
1662755984125701427 0.040274858474731445
1662755984235845327 0.04001116752624512
1662755984345800638 0.04034829139709473
