1662757151002172470 0.06015181541442871
1662757151115321397 0.04118013381958008
1662757151225806951 0.04011034965515137
1662757151336677551 0.0406193733215332
1662757151447069883 0.04033327102661133
1662757151557991981 0.04037666320800781
1662757151668363094 0.04053092002868652
1662757151779020309 0.04069256782531738
1662757151889092206 0.040608882904052734
1662757151998624324 0.04024958610534668
1662757152108728647 0.04039192199707031
1662757152218650102 0.04051661491394043
1662757152328735828 0.040463924407958984
1662757152438501358 0.040429115295410156
1662757152547846317 0.04045867919921875
1662757152657557249 0.04050326347351074
1662757152767990112 0.0407106876373291
1662757152878091812 0.040605783462524414
1662757152988460540 0.04080510139465332
1662757153098403692 0.04052853584289551
1662757153208777427 0.040650367736816406
1662757153319285154 0.040557146072387695
1662757153429792404 0.040441036224365234
1662757153539999008 0.040437936782836914
1662757153650014877 0.040302276611328125
1662757153760032176 0.04034090042114258
1662757153870207786 0.04034686088562012
1662757153980325460 0.04041647911071777
1662757154090524911 0.04009604454040527
1662757154200925111 0.040503740310668945
1662757154310800552 0.04021620750427246
1662757154421087980 0.04051637649536133
1662757154531186580 0.04023551940917969
1662757154641304969 0.04045295715332031
1662757154751489877 0.04067730903625488
1662757154860921144 0.04020977020263672
1662757154971806764 0.04032278060913086
1662757155082628726 0.04050564765930176
1662757155192636013 0.04032301902770996
1662757155302451848 0.04089999198913574
1662757155412873506 0.040609121322631836
1662757155522608041 0.04043292999267578
1662757155632961750 0.04059863090515137
1662757155743755578 0.04040956497192383
1662757155853686571 0.04042553901672363
1662757155963829040 0.04041457176208496
1662757156073772192 0.04063534736633301
1662757156183706045 0.04099774360656738
1662757156294035434 0.04051804542541504
1662757156404133796 0.0406491756439209
1662757156514007329 0.04077410697937012
1662757156623831987 0.04095745086669922
1662757156733587026 0.04080843925476074
1662757156843782186 0.040526628494262695
1662757156953636407 0.04095935821533203
1662757157063679933 0.04040193557739258
1662757157173706293 0.04052376747131348
1662757157283593893 0.040873050689697266
1662757157393515586 0.040220022201538086
1662757157503704071 0.0406801700592041
1662757157613639831 0.04022479057312012
1662757157723635911 0.04057812690734863
1662757157833750486 0.040277957916259766
1662757157943480730 0.04051804542541504
1662757158053615093 0.040373802185058594
1662757158163589954 0.04021024703979492
1662757158273677349 0.04028129577636719
1662757158383445262 0.04087710380554199
1662757158493711709 0.04032182693481445
1662757158603663682 0.04059720039367676
1662757158713660240 0.040186405181884766
1662757158823661804 0.0400547981262207
1662757158933708190 0.04010462760925293
1662757159043846845 0.04042792320251465
1662757159153744697 0.04013514518737793
1662757159263525962 0.04050159454345703
1662757159373588085 0.04110527038574219
1662757159483546733 0.04085421562194824
1662757159593783378 0.04050779342651367
1662757159704349040 0.04138064384460449
1662757159814370632 0.04072403907775879
1662757159924556255 0.04057002067565918
1662757160034596681 0.04098916053771973
1662757160144464015 0.041637420654296875
1662757160254560470 0.040740013122558594
1662757160364734649 0.040688276290893555
1662757160474987745 0.04051065444946289
1662757160585660219 0.040601491928100586
1662757160695504426 0.04046463966369629
1662757160806441068 0.04046177864074707
1662757160918642282 0.04060554504394531
1662757161028779268 0.040419816970825195
1662757161138957500 0.04050397872924805
1662757161248553037 0.04060244560241699
1662757161358324289 0.04036450386047363
1662757161468419551 0.04024624824523926
1662757161578902244 0.0401005744934082
1662757161688588142 0.04029202461242676
1662757161798956871 0.04023480415344238
1662757161909108638 0.0404815673828125
1662757162020112037 0.040404319763183594
1662757162130045890 0.04012560844421387
1662757162240608453 0.04043459892272949
1662757162350830316 0.040360450744628906
1662757162460691452 0.0402216911315918
1662757162570831298 0.04013538360595703
1662757162680915355 0.040302276611328125
1662757162790800809 0.040246009826660156
1662757162900928020 0.04039120674133301
1662757163010858535 0.040268898010253906
1662757163120924949 0.0404353141784668
1662757163231011390 0.040163516998291016
1662757163340984106 0.04011034965515137
1662757163451384544 0.03985118865966797
1662757163561840534 0.040315866470336914
1662757163671798229 0.04039311408996582
1662757163781894922 0.04024624824523926
1662757163891948699 0.040496110916137695
1662757164002118349 0.039888620376586914
1662757164112613439 0.04056048393249512
1662757164222869396 0.04018092155456543
1662757164332896709 0.040346622467041016
1662757164442729234 0.04004526138305664
1662757164552868127 0.04033637046813965
1662757164662574768 0.04041862487792969
1662757164772914648 0.04036378860473633
1662757164882867813 0.04025554656982422
1662757164993248939 0.040640830993652344
1662757165103902816 0.040270328521728516
1662757165214068889 0.04034996032714844
1662757165324008941 0.040639638900756836
1662757165434005498 0.04036283493041992
1662757165543965101 0.04052448272705078
1662757165653941392 0.04021263122558594
1662757165764665842 0.040993452072143555
1662757165874809741 0.04035782814025879
1662757165984759092 0.04043912887573242
1662757166094595432 0.0405430793762207
1662757166204582691 0.04052138328552246
1662757166314657449 0.0403742790222168
1662757166424596309 0.04054427146911621
1662757166534878492 0.04022407531738281
1662757166645612955 0.04053187370300293
1662757166755964517 0.04072856903076172
1662757166865889549 0.0403132438659668
1662757166975920438 0.040213584899902344
1662757167085896730 0.04022622108459473
1662757167195912361 0.04036378860473633
1662757167305914640 0.04041242599487305
1662757167415794372 0.04078102111816406
1662757167525776624 0.040503740310668945
1662757167635918855 0.04047441482543945
1662757167745939493 0.04042553901672363
1662757167855986118 0.04116678237915039
1662757167966539621 0.04020380973815918
1662757168076824426 0.040480852127075195
1662757168186836719 0.04028511047363281
1662757168297006845 0.04084634780883789
1662757168408468723 0.040753841400146484
1662757168518774271 0.04054617881774902
1662757168628865957 0.04087638854980469
1662757168738792896 0.04056072235107422
1662757168848719596 0.04073667526245117
1662757168958863019 0.040996551513671875
1662757169068972826 0.0407865047454834
1662757169178969144 0.040596961975097656
1662757169289600372 0.04072165489196777
1662757169399703025 0.041080474853515625
1662757169509959697 0.04091143608093262
1662757169619992733 0.04087996482849121
1662757169730015993 0.04060220718383789
1662757169840664625 0.04093790054321289
1662757169950610637 0.04501676559448242
1662757170060724258 0.040967702865600586
1662757170170785427 0.040953874588012695
1662757170280849695 0.0407106876373291
1662757170390826463 0.040618181228637695
1662757170500823974 0.04129433631896973
1662757170610893726 0.04062008857727051
1662757170720908403 0.040917396545410156
1662757170830999612 0.0407257080078125
1662757170941011190 0.04077625274658203
1662757171051012277 0.04058480262756348
1662757171161048889 0.04084944725036621
1662757171271754980 0.041257619857788086
1662757171381964206 0.05750322341918945
1662757171492671728 0.04041934013366699
1662757171603075981 0.040825605392456055
1662757171713130235 0.040735721588134766
1662757171823699235 0.04065060615539551
1662757171933666467 0.04137444496154785
1662757172043857812 0.04065370559692383
1662757172153985023 0.04053950309753418
1662757172264064073 0.04041028022766113
1662757172374146461 0.04063248634338379
1662757172484079122 0.04054141044616699
1662757172594078779 0.040555715560913086
1662757172704149484 0.04054594039916992
1662757172814216375 0.04044842720031738
1662757172924827337 0.04059410095214844
1662757173035713911 0.040448904037475586
1662757173148978233 0.04071855545043945
1662757173258605480 0.04024934768676758
1662757173368489265 0.04006338119506836
1662757173478244066 0.04026007652282715
1662757173588536977 0.0402982234954834
1662757173698222398 0.04017949104309082
1662757173807801246 0.04001975059509277
1662757173918180465 0.0401153564453125
1662757174028751373 0.040499210357666016
1662757174139410972 0.04050636291503906
1662757174249295949 0.040581703186035156
1662757174359580993 0.0405125617980957
1662757174469439983 0.04088854789733887
1662757174579537391 0.040712833404541016
1662757174689566135 0.040410518646240234
1662757174800221204 0.04033350944519043
1662757174910255670 0.04037928581237793
1662757175020634412 0.041057586669921875
1662757175130612373 0.04024505615234375
1662757175240704059 0.04051947593688965
1662757175351545333 0.04068112373352051
1662757175461542367 0.0406947135925293
1662757175572545766 0.04039883613586426
1662757175682579994 0.04082655906677246
1662757175792551279 0.04107189178466797
1662757175902548074 0.04155755043029785
1662757176012593269 0.04112577438354492
1662757176123388051 0.040929317474365234
1662757176233352422 0.04136490821838379
1662757176343586444 0.04182839393615723
1662757176454147577 0.040895938873291016
1662757176564428329 0.040439605712890625
1662757176674432754 0.04054760932922363
1662757176784615516 0.040270328521728516
1662757176895372390 0.04021191596984863
1662757177005425930 0.04064631462097168
1662757177115423679 0.04116058349609375
1662757177226318836 0.04065346717834473
1662757177336093187 0.04054880142211914
1662757177446293354 0.040548086166381836
1662757177556468725 0.040230751037597656
1662757177666454553 0.0403597354888916
1662757177777193784 0.03994393348693848
1662757177887245893 0.0403132438659668
1662757177997555494 0.04009723663330078
1662757178108261823 0.03967094421386719
1662757178218458175 0.04039335250854492
1662757178328612804 0.03959774971008301
1662757178438295364 0.04010653495788574
1662757178548292875 0.040190696716308594
1662757178658449888 0.04014086723327637
1662757178768676280 0.040393829345703125
1662757178878657817 0.04037809371948242
1662757178989124298 0.040422916412353516
1662757179099353551 0.04045748710632324
1662757179209551334 0.04064750671386719
1662757179320167064 0.0407872200012207
1662757179430711984 0.04032087326049805
1662757179541282415 0.04059576988220215
1662757179651443243 0.040415287017822266
1662757179761593103 0.04018545150756836
1662757179871655225 0.0404813289642334
1662757179981548309 0.040177106857299805
1662757180091659307 0.04043006896972656
1662757180202235221 0.04044675827026367
1662757180312474966 0.04049992561340332
1662757180422501325 0.040349721908569336
1662757180532622814 0.0401921272277832
1662757180642656803 0.03994274139404297
1662757180752491474 0.040482282638549805
1662757180862213850 0.040261268615722656
1662757180972727298 0.04025125503540039
1662757181083293676 0.04120659828186035
1662757181193358898 0.040860652923583984
1662757181303316593 0.041193246841430664
1662757181413496017 0.040309906005859375
1662757181524098873 0.04097390174865723
1662757181634515285 0.04001140594482422
1662757181744484663 0.04075479507446289
1662757181854310750 0.040033578872680664
1662757181964489936 0.040056467056274414
1662757182074317932 0.0400242805480957
1662757182184523105 0.040189266204833984
1662757182294985771 0.04096579551696777
1662757182405146360 0.04051852226257324
1662757182515362024 0.04056429862976074
1662757182625553369 0.040528297424316406
1662757182735714673 0.04014921188354492
1662757182845613479 0.04083514213562012
1662757182955489873 0.040457725524902344
1662757183066233396 0.04053378105163574
1662757183176560878 0.040717124938964844
1662757183286641597 0.040665626525878906
1662757183396723270 0.0400848388671875
1662757183508150577 0.040732383728027344
1662757183618335008 0.04043722152709961
1662757183728429794 0.04047274589538574
1662757183838627815 0.040152549743652344
1662757183948755979 0.04006195068359375
1662757184059096097 0.03986501693725586
1662757184169546604 0.03928041458129883
1662757184279597520 0.03983449935913086
1662757184390403032 0.039652347564697266
1662757184500710964 0.03990602493286133
1662757184611489057 0.03978109359741211
1662757184721740484 0.04034733772277832
1662757184832534790 0.04001331329345703
1662757184942896604 0.04002118110656738
1662757185053427457 0.03974485397338867
1662757185163918018 0.039667367935180664
1662757185274783849 0.03988766670227051
1662757185385145425 0.040308475494384766
1662757185495269536 0.04073143005371094
1662757185605464220 0.04027843475341797
1662757185715635299 0.0403134822845459
1662757185825788736 0.040341854095458984
1662757185936686277 0.04049873352050781
1662757186047646999 0.04021573066711426
1662757186158422708 0.039933204650878906
1662757186268657207 0.0401914119720459
1662757186379410982 0.04011034965515137
1662757186489641666 0.04032444953918457
1662757186600637197 0.04043936729431152
1662757186714231729 0.04032588005065918
1662757186824493646 0.040258169174194336
1662757186934684276 0.040549516677856445
1662757187044927597 0.040567874908447266
1662757187155483722 0.04074978828430176
1662757187265695333 0.0404667854309082
1662757187375870227 0.040651798248291016
1662757187486410379 0.040274858474731445
1662757187597378492 0.040932416915893555
1662757187707428455 0.040731191635131836
1662757187817523956 0.041051626205444336
1662757187927718162 0.041190385818481445
1662757188037963867 0.040398359298706055
1662757188148276329 0.04043006896972656
1662757188258371353 0.04049086570739746
1662757188368581533 0.040094614028930664
1662757188478438854 0.040822505950927734
1662757188588466167 0.04050612449645996
1662757188698294878 0.040578603744506836
1662757188808164596 0.04085040092468262
1662757188918316125 0.04029679298400879
1662757189028478622 0.04068922996520996
1662757189139044523 0.041036367416381836
1662757189249334812 0.04071211814880371
1662757189359919071 0.04092979431152344
1662757189470301389 0.04047226905822754
1662757189580588102 0.04117107391357422
1662757189691064834 0.040389299392700195
1662757189800986766 0.040430307388305664
1662757189911209821 0.04015302658081055
1662757190021220207 0.040033817291259766
1662757190131605148 0.04037880897521973
1662757190241426467 0.04019927978515625
1662757190351499080 0.04036593437194824
1662757190461424827 0.04054403305053711
1662757190571456193 0.04031085968017578
1662757190681452751 0.04015541076660156
1662757190792053461 0.04094862937927246
1662757190902199745 0.040697336196899414
1662757191012299060 0.04064679145812988
1662757191122332811 0.040463924407958984
1662757191232400655 0.04013180732727051
1662757191342203617 0.04031729698181152
1662757191452172517 0.040528059005737305
1662757191562072277 0.040834903717041016
1662757191672243595 0.04045605659484863
1662757191782263755 0.04059171676635742
1662757191892486095 0.040555477142333984
1662757192002946138 0.04071521759033203
1662757192113173007 0.040314435958862305
1662757192223276615 0.04012179374694824
1662757192333382368 0.04030132293701172
1662757192443389654 0.039871931076049805
1662757192553453922 0.040110111236572266
1662757192663421630 0.04017806053161621
1662757192773351907 0.0402987003326416
1662757192883239984 0.04039788246154785
1662757192993504762 0.04030609130859375
1662757193103491544 0.04039430618286133
1662757193213991880 0.040457963943481445
1662757193323785066 0.04008674621582031
1662757193434012889 0.04031944274902344
1662757193543967485 0.04078054428100586
1662757193654289960 0.040712594985961914
1662757193764825820 0.040593862533569336
1662757193875209569 0.04010152816772461
1662757193985277891 0.04032158851623535
1662757194095165491 0.04074263572692871
1662757194205179929 0.04013538360595703
1662757194315114498 0.04052543640136719
1662757194425036430 0.04028034210205078
1662757194534945487 0.04049277305603027
1662757194645112037 0.04025983810424805
1662757194755273818 0.04036521911621094
1662757194865982055 0.04036211967468262
1662757194976422309 0.040627479553222656
1662757195086730957 0.040761709213256836
1662757195196934700 0.040428876876831055
1662757195307519435 0.040471792221069336
1662757195417882919 0.04037928581237793
1662757195528137922 0.04096174240112305
1662757195638966560 0.04061102867126465
1662757195748962163 0.04079246520996094
1662757195859495162 0.041718244552612305
1662757195969297647 0.040704965591430664
1662757196079194784 0.04049992561340332
1662757196189137220 0.040660858154296875
1662757196299177169 0.04128456115722656
1662757196409833192 0.04105734825134277
1662757196519919633 0.04071450233459473
1662757196630138158 0.04047894477844238
1662757196740246295 0.040540218353271484
1662757196850315809 0.04070019721984863
1662757196960479736 0.04056048393249512
1662757197071120023 0.04055476188659668
1662757197181330919 0.04033946990966797
1662757197291290521 0.04043936729431152
1662757197401459217 0.04041266441345215
1662757197511289596 0.040395498275756836
1662757197621234416 0.040769338607788086
1662757197731306552 0.04056096076965332
1662757197841240882 0.0406947135925293
1662757197951881885 0.0407562255859375
1662757198062217235 0.04356575012207031
1662757198172241687 0.04172515869140625
1662757198283130884 0.04130268096923828
1662757198393288135 0.04082012176513672
1662757198503305435 0.04075980186462402
1662757198614129304 0.04051017761230469
1662757198724113941 0.040956735610961914
1662757198834210395 0.040384531021118164
1662757198944257020 0.04053688049316406
1662757199054215908 0.040183305740356445
1662757199164319992 0.04064440727233887
1662757199274918079 0.04022526741027832
1662757199385218858 0.040374755859375
1662757199495295047 0.04061460494995117
1662757199605243682 0.04069399833679199
1662757199715291738 0.04053163528442383
1662757199825323581 0.040593624114990234
1662757199935443878 0.041001319885253906
1662757200045523405 0.04091358184814453
1662757200155478239 0.0405733585357666
1662757200265623331 0.04022383689880371
1662757200376218795 0.04069805145263672
1662757200490252733 0.040737152099609375
1662757200600394964 0.040108680725097656
1662757200710050344 0.04024457931518555
1662757200820255517 0.04044961929321289
1662757200930390119 0.040241241455078125
1662757201040647983 0.040831804275512695
1662757201151790857 0.04121065139770508
1662757201262147426 0.04480767250061035
1662757201372999429 0.041008710861206055
1662757201483429431 0.04126739501953125
1662757201594193458 0.04074597358703613
1662757201704488515 0.04083561897277832
1662757201815092563 0.041094303131103516
1662757201925348281 0.04112386703491211
1662757202036140918 0.041204214096069336
1662757202147262811 0.04054594039916992
1662757202257214546 0.041115760803222656
1662757202367437601 0.04072999954223633
1662757202477299928 0.04103350639343262
1662757202587819337 0.04129910469055176
1662757202697963714 0.040651798248291016
1662757202808551073 0.04060506820678711
1662757202919139623 0.040877580642700195
1662757203029523134 0.04134416580200195
1662757203139996528 0.0413203239440918
1662757203250063180 0.040904998779296875
1662757203360929012 0.04070401191711426
1662757203471456527 0.04055619239807129
1662757203582664489 0.04068350791931152
1662757203692979097 0.04044294357299805
1662757203804057121 0.04151439666748047
1662757203914211988 0.04108238220214844
1662757204025168895 0.040616512298583984
1662757204135435342 0.04054141044616699
1662757204246799468 0.040431976318359375
1662757204357051849 0.04019665718078613
1662757204468360900 0.04083061218261719
1662757204578289747 0.04103541374206543
1662757204689232349 0.040772199630737305
1662757204799132585 0.04105734825134277
1662757204910709619 0.04066061973571777
1662757205020899057 0.04027271270751953
1662757205131999969 0.04068589210510254
1662757205242103815 0.04024100303649902
1662757205353109836 0.040546417236328125
1662757205463074445 0.040454864501953125
1662757205574495315 0.04016399383544922
1662757205684385538 0.03993725776672363
1662757205795915603 0.04005074501037598
1662757205906037807 0.04006481170654297
1662757206017145633 0.03983616828918457
1662757206127208948 0.04001951217651367
1662757206238036394 0.04006171226501465
1662757206347913742 0.04061126708984375
1662757206458903551 0.0407252311706543
1662757206569058656 0.0405580997467041
1662757206680011987 0.04091191291809082
1662757206790145397 0.04067826271057129
1662757206901143312 0.04030275344848633
1662757207011492013 0.04035520553588867
1662757207122401475 0.04048562049865723
1662757207232949972 0.040816307067871094
1662757207344167232 0.040618896484375
1662757207455034971 0.04059863090515137
1662757207566071271 0.04026055335998535
1662757207676481246 0.0401153564453125
1662757207788066387 0.04033493995666504
1662757207898173809 0.040711402893066406
1662757208010016202 0.04046297073364258
1662757208120143413 0.04054450988769531
1662757208231173276 0.04058647155761719
1662757208341174364 0.04042768478393555
1662757208452206611 0.040319204330444336
1662757208562254905 0.04094696044921875
1662757208673472404 0.040476322174072266
1662757208783994674 0.040302276611328125
1662757208895584583 0.04052400588989258
1662757209005897998 0.04054522514343262
1662757209116895198 0.040666818618774414
1662757209226964473 0.04042959213256836
1662757209337878942 0.04031801223754883
1662757209447920560 0.04082059860229492
1662757209559022426 0.04039740562438965
1662757209669599533 0.040015459060668945
1662757209780713558 0.040360450744628906
1662757209890993595 0.0404508113861084
1662757210002048254 0.04027533531188965
1662757210112876653 0.03995966911315918
1662757210223755836 0.04067707061767578
1662757210333752393 0.040665626525878906
1662757210444528102 0.04095172882080078
1662757210554773807 0.04073381423950195
1662757210665878057 0.04050636291503906
1662757210775982379 0.04079174995422363
1662757210886852979 0.04076409339904785
1662757210997100114 0.04005026817321777
1662757211108388900 0.040180206298828125
1662757211218906164 0.04065656661987305
1662757211329741001 0.04041481018066406
1662757211439963102 0.04057908058166504
1662757211551628112 0.04091811180114746
1662757211661574363 0.04069781303405762
1662757211772308111 0.04082989692687988
1662757211882833003 0.040848493576049805
1662757211993644237 0.040938377380371094
1662757212103679180 0.04043722152709961
1662757212214677095 0.04019331932067871
1662757212324538707 0.04037213325500488
1662757212435675144 0.040633201599121094
1662757212545835733 0.04061436653137207
1662757212656810045 0.040418148040771484
1662757212767086029 0.04085493087768555
1662757212878776073 0.04052114486694336
1662757212989086866 0.04060840606689453
1662757213100589275 0.041223764419555664
1662757213210551023 0.041280269622802734
1662757213321757555 0.040708303451538086
1662757213431599617 0.04126715660095215
1662757213542643785 0.04103207588195801
1662757213652956247 0.04062604904174805
1662757213763867616 0.040795326232910156
1662757213874153137 0.04070854187011719
1662757213985436916 0.04127693176269531
1662757214095642566 0.04165506362915039
1662757214206298351 0.041469573974609375
1662757214316565275 0.04133486747741699
1662757214427736043 0.04105257987976074
1662757214541770219 0.041174888610839844
1662757214651657819 0.04123830795288086
1662757214761081457 0.041013479232788086
1662757214870964288 0.04131627082824707
1662757214980858325 0.040868282318115234
1662757215090552806 0.04087519645690918
1662757215201215028 0.0408635139465332
1662757215311503410 0.040489912033081055
1662757215421976804 0.040747880935668945
1662757215531860828 0.04121255874633789
1662757215642052650 0.0411684513092041
1662757215751809835 0.040868282318115234
1662757215861604928 0.04060220718383789
1662757215971922159 0.04106545448303223
1662757216081940174 0.0405733585357666
1662757216191926479 0.04102158546447754
1662757216301957845 0.04052233695983887
1662757216411744356 0.04041004180908203
1662757216521493196 0.0402834415435791
1662757216631409406 0.03985857963562012
1662757216742024898 0.04004192352294922
1662757216852014064 0.04010486602783203
1662757216962112426 0.03978419303894043
1662757217072769165 0.03987908363342285

