using cuda:0 device.
23572
1662919568843987464 0.0861656665802002
1662919568956784009 0.051087141036987305
1662919569067365169 0.050974130630493164
1662919569178638696 0.05068325996398926
1662919569289363145 0.048914194107055664
1662919569399622678 0.04884624481201172
1662919569509641408 0.048712730407714844
1662919569619843244 0.04885983467102051
1662919569730428457 0.04898476600646973
1662919569841284036 0.04855465888977051
1662919569951268911 0.04854583740234375
1662919570061467885 0.0483546257019043
1662919570171655654 0.04783272743225098
1662919570281695127 0.048501014709472656
1662919570391707181 0.04774880409240723
1662919570501647949 0.04612326622009277
1662919570611691236 0.045581817626953125
1662919570721698760 0.04570317268371582
1662919570832364082 0.04593491554260254
1662919570942460298 0.04573988914489746
1662919571053160429 0.04568076133728027
1662919571163348674 0.04567670822143555
1662919571273590326 0.045911312103271484
1662919571383716821 0.04563283920288086
1662919571493994712 0.04558706283569336
1662919571604433298 0.045941829681396484
1662919571714383840 0.046062469482421875
1662919571824539661 0.04557466506958008
1662919571935059785 0.04551553726196289
1662919572045400142 0.046155452728271484
1662919572155726909 0.04568910598754883
1662919572265835523 0.04694533348083496
1662919572376105785 0.04610633850097656
1662919572486221551 0.04637289047241211
1662919572596363782 0.046474456787109375
1662919572706619977 0.04689145088195801
1662919572817440509 0.04684805870056152
1662919572927642583 0.04737424850463867
1662919573037595748 0.047499656677246094
1662919573147651910 0.04752182960510254
1662919573257742643 0.048259735107421875
1662919573367574930 0.04759073257446289
1662919573477675676 0.0478663444519043
1662919573588269710 0.047766685485839844
1662919573698293924 0.047332048416137695
1662919573808242321 0.0474238395690918
1662919573918331623 0.047289133071899414
1662919574028595924 0.04757261276245117
1662919574139146804 0.0473322868347168
1662919574249152660 0.04731273651123047
1662919574359139919 0.047334909439086914
1662919574469457149 0.0474703311920166
1662919574579488754 0.0480494499206543
1662919574689706325 0.0475616455078125
1662919574799694776 0.04770541191101074
1662919574910291910 0.04787397384643555
1662919575020349025 0.047573089599609375
1662919575130518674 0.04751086235046387
1662919575241200208 0.04775643348693848
1662919575351350784 0.04801535606384277
1662919575461433172 0.04866170883178711
1662919575571511268 0.04841876029968262
1662919575681623697 0.04822707176208496
1662919575791918277 0.04834723472595215
1662919575902305603 0.0481264591217041
1662919576012400388 0.0477747917175293
1662919576122588157 0.04755997657775879
1662919576232576370 0.0476531982421875
1662919576343367099 0.04767608642578125
1662919576453605890 0.047612905502319336
1662919576563614130 0.04745125770568848
1662919576674359083 0.0474395751953125
1662919576784312486 0.047429800033569336
1662919576894619941 0.0475311279296875
1662919577004726171 0.04759073257446289
1662919577115529537 0.04776644706726074
1662919577225882053 0.04776334762573242
1662919577336094141 0.047629594802856445
1662919577446476697 0.04767131805419922
1662919577556552410 0.04834938049316406
1662919577666774511 0.04764580726623535
1662919577777277469 0.04779815673828125
1662919577888745784 0.04949617385864258
1662919578000166177 0.049072265625
1662919578109854221 0.04866504669189453
1662919578220238685 0.04795384407043457
1662919578330220699 0.047775983810424805
1662919578440164089 0.047505855560302734
1662919578550318479 0.047635555267333984
1662919578660609483 0.04763507843017578
1662919578770536422 0.04747891426086426
1662919578880508661 0.04733729362487793
1662919578990381002 0.04759073257446289
1662919579100320100 0.04720449447631836
1662919579210126638 0.047376394271850586
1662919579319628477 0.04745936393737793
1662919579429446697 0.04706120491027832
1662919579539127588 0.04738879203796387
1662919579648559808 0.04716753959655762
1662919579758312940 0.04722142219543457
1662919579868283033 0.047423601150512695
1662919579978302717 0.04703068733215332
1662919580088576316 0.04858088493347168
1662919580197901964 0.04840683937072754
1662919580307427406 0.04874992370605469
1662919580417229652 0.048277854919433594
1662919580527512788 0.04828596115112305
1662919580637138128 0.04813957214355469
1662919580747249841 0.049210309982299805
1662919580857535123 0.03845810890197754
1662919580967488527 0.03846478462219238
1662919581077606201 0.03823733329772949
1662919581187964439 0.04742765426635742
1662919581298224449 0.03794288635253906
1662919581408610582 0.03794145584106445
1662919581519535541 0.04225754737854004
1662919581629937171 0.0495457649230957
1662919581740024089 0.037812232971191406
1662919581850038766 0.03761744499206543
1662919581960632324 0.03867650032043457
1662919582071657180 0.04320073127746582
1662919582181889533 0.05037188529968262
1662919582291836500 0.037606000900268555
1662919582402033805 0.03784060478210449
1662919582512866497 0.03770112991333008
1662919582623005628 0.03779006004333496
1662919582733238935 0.03773093223571777
1662919582843312025 0.049546241760253906
1662919582953999757 0.03801465034484863
1662919583064031839 0.0458376407623291
1662919583173886060 0.03625154495239258
1662919583284268617 0.04445028305053711
1662919583394268512 0.04423236846923828
1662919583504212379 0.04428839683532715
1662919583614183425 0.04466700553894043
1662919583724251985 0.044013023376464844
1662919583834311723 0.044243574142456055
1662919583944427728 0.04437685012817383
1662919584055125951 0.044315338134765625
1662919584165494203 0.044260501861572266
1662919584275530099 0.04385948181152344
1662919584386277675 0.04437971115112305
1662919584496524810 0.0448153018951416
1662919584607223987 0.04452848434448242
1662919584717299938 0.044123172760009766
1662919584827316522 0.043933868408203125
1662919584937224626 0.04581475257873535
1662919585047503471 0.04528236389160156
1662919585157945394 0.04607820510864258
1662919585267796277 0.04551529884338379
1662919585378200531 0.04580426216125488
1662919585488134145 0.045827627182006836
1662919585598397254 0.04662919044494629
1662919585709369182 0.04622817039489746
1662919585819467067 0.04583430290222168
1662919585930240154 0.04684281349182129
1662919586040595054 0.04698014259338379
1662919586151439189 0.048336029052734375
1662919586261693716 0.04772472381591797
1662919586372413635 0.047623634338378906
1662919586482637882 0.04775381088256836
1662919586593325376 0.04791665077209473
1662919586703517198 0.04751324653625488
1662919586813631772 0.04763484001159668
1662919586923702239 0.047638654708862305
1662919587034123420 0.04815316200256348
1662919587144420385 0.048512935638427734
1662919587255277156 0.048119306564331055
1662919587365557670 0.04906201362609863
1662919587476160526 0.04864072799682617
1662919587586228132 0.04840683937072754
1662919587696513175 0.048096418380737305
1662919587806576728 0.04821467399597168
1662919587916594266 0.04760265350341797
1662919588027070522 0.047846317291259766
1662919588137256383 0.047704458236694336
1662919588247096061 0.04769492149353027
1662919588357292175 0.048134565353393555
1662919588468087434 0.047812700271606445
1662919588578233003 0.047625064849853516
1662919588688405036 0.04768204689025879
1662919588798458099 0.047698020935058594
1662919588908548355 0.04740476608276367
1662919589019123792 0.04759979248046875
1662919589129525899 0.04762601852416992
1662919589239759445 0.04761195182800293
1662919589350526809 0.04748058319091797
1662919589461416006 0.04733920097351074
1662919589571432113 0.048885345458984375
1662919589682038068 0.048139095306396484
1662919589792336940 0.048105716705322266
1662919589902500391 0.047551870346069336
1662919590012454748 0.04781985282897949
1662919590122682571 0.04770255088806152
1662919590233587026 0.04773831367492676
1662919590343543052 0.04735732078552246
1662919590453206777 0.04756307601928711
1662919590563254594 0.047701358795166016
1662919590673553466 0.046982765197753906
1662919590783557653 0.047161102294921875
1662919590893198966 0.04698777198791504
1662919591003436803 0.04753422737121582
1662919591113451480 0.0470728874206543
1662919591223433017 0.04683423042297363
1662919591333337545 0.047544002532958984
1662919591443295717 0.04736971855163574
1662919591553282260 0.04739665985107422
1662919591663024902 0.04721355438232422
1662919591773205041 0.047432899475097656
1662919591883138656 0.04812884330749512
1662919591993012666 0.04903221130371094
1662919592103437662 0.048483848571777344
1662919592213062047 0.04822659492492676
1662919592322501182 0.04775381088256836
1662919592432404279 0.04779791831970215
1662919592542029857 0.047258615493774414
1662919592652132034 0.0468902587890625
1662919592762121677 0.04724264144897461
1662919592871990203 0.047762155532836914
1662919592981660604 0.04712057113647461
1662919593091176271 0.04805874824523926
1662919593201367855 0.04595232009887695
1662919593311553239 0.047467708587646484
1662919593421345233 0.04715776443481445
1662919593531100273 0.04714632034301758
1662919593641171455 0.047600507736206055
1662919593751420497 0.047704458236694336
1662919593861269235 0.04821133613586426
1662919593971454620 0.047913312911987305
1662919594081074237 0.04741358757019043
1662919594191182851 0.048418521881103516
1662919594301229715 0.0480046272277832
1662919594411115884 0.04838299751281738
1662919594521279811 0.04812431335449219
1662919594631247758 0.04748344421386719
1662919594741265058 0.047193050384521484
1662919594851164102 0.04707646369934082
1662919594961269855 0.04772782325744629
1662919595071332693 0.04767918586730957
1662919595181232690 0.047385215759277344
1662919595290989875 0.047354936599731445
1662919595401106834 0.04698944091796875
1662919595511310338 0.04707503318786621
1662919595621319532 0.0473482608795166
1662919595731147050 0.04714012145996094
1662919595841460466 0.04732322692871094
1662919595951431274 0.04631781578063965
1662919596061374902 0.04726719856262207
1662919596171433687 0.04651379585266113
1662919596281509876 0.04707789421081543
1662919596391433954 0.04681086540222168
1662919596501551151 0.047829389572143555
1662919596611397266 0.048653364181518555
1662919596721138715 0.04834866523742676
1662919596831460714 0.04916977882385254
1662919596941529273 0.048438310623168945
1662919597051232814 0.04820728302001953
1662919597161328315 0.047869205474853516
1662919597271158933 0.04759097099304199
1662919597381365537 0.0474088191986084
1662919597491189718 0.047715187072753906
1662919597601337194 0.047228336334228516
1662919597711156845 0.04750561714172363
1662919597821653604 0.04730391502380371
1662919597931503295 0.0475316047668457
1662919598041749238 0.047113656997680664
1662919598152292251 0.04753851890563965
1662919598262464761 0.047332763671875
1662919598372815608 0.047156333923339844
1662919598483019590 0.046494483947753906
1662919598593358993 0.047574520111083984
1662919598703498125 0.047265052795410156
1662919598814166545 0.04715156555175781
1662919598924915790 0.04782581329345703
1662919599035101890 0.048725128173828125
1662919599145305395 0.048508644104003906
1662919599256242275 0.049060821533203125
1662919599366988182 0.04825758934020996
1662919599477315664 0.04777812957763672
1662919599587455034 0.04778480529785156
1662919599697677850 0.04743218421936035
1662919599808335542 0.047176361083984375
1662919599918364763 0.04706120491027832
1662919600028981208 0.047199249267578125
1662919600139209747 0.04760336875915527
1662919600249276638 0.047415733337402344
1662919600359272003 0.04725956916809082
1662919600469354152 0.04734992980957031
1662919600580338716 0.046807050704956055
1662919600691056728 0.04737520217895508
1662919600801373720 0.04741477966308594
1662919600911610841 0.04738616943359375
1662919601022128343 0.04739642143249512
1662919601132353544 0.04743838310241699
1662919601242589712 0.04673457145690918
1662919601353396654 0.047278404235839844
1662919601464237928 0.04898500442504883
1662919601574488162 0.04863262176513672
1662919601685226678 0.047940969467163086
1662919601795511960 0.04804396629333496
1662919601905666351 0.04758858680725098
1662919602016435146 0.047177791595458984
1662919602126589298 0.04700446128845215
1662919602236695289 0.04749941825866699
1662919602347498178 0.047322988510131836
1662919602457811355 0.04723811149597168
1662919602568559169 0.047326087951660156
1662919602679505586 0.0477445125579834
1662919602790021657 0.04754352569580078
1662919602900567293 0.04723072052001953
1662919603010840892 0.047315120697021484
1662919603121226072 0.047222137451171875
1662919603231487989 0.04799628257751465
1662919603342254161 0.04803156852722168
1662919603452490329 0.047235727310180664
1662919603563357591 0.047489166259765625
1662919603675255060 0.04726576805114746
1662919603785535335 0.04721879959106445
1662919603895642518 0.04746198654174805
1662919604006422996 0.04702496528625488
1662919604116628646 0.046759843826293945
1662919604227290153 0.046915531158447266
1662919604337159156 0.047456979751586914
1662919604447815895 0.04721951484680176
1662919604557621955 0.04736661911010742
1662919604668373823 0.04703211784362793
1662919604778416633 0.04756283760070801
1662919604888457775 0.04717588424682617
1662919604998666763 0.04735302925109863
1662919605108605384 0.04852747917175293
1662919605218478441 0.04820561408996582
1662919605328491449 0.047753334045410156
1662919605438485622 0.04765510559082031
1662919605548447370 0.047661781311035156
1662919605658365011 0.04785561561584473
1662919605768470525 0.04793906211853027
1662919605878464937 0.04653525352478027
1662919605988411664 0.047217607498168945
1662919606098259687 0.046952009201049805
1662919606208305120 0.04673409461975098
1662919606318262815 0.0474398136138916
1662919606428250789 0.047301530838012695
1662919606538194894 0.04722881317138672
1662919606648177623 0.047344207763671875
1662919606758078813 0.046935081481933594
1662919606868016719 0.047101736068725586
1662919606978098154 0.047627925872802734
1662919607088161945 0.048436641693115234
1662919607198185682 0.04832053184509277
1662919607308032989 0.04885530471801758
1662919607418254375 0.04890918731689453
1662919607528393507 0.04776763916015625
1662919607638194084 0.04698991775512695
1662919607747965812 0.0469357967376709
1662919607857949972 0.04672694206237793
1662919607968077898 0.04727482795715332
1662919608078046798 0.046921491622924805
1662919608188174247 0.04764890670776367
1662919608298091888 0.047226667404174805
1662919608408016443 0.04721426963806152
1662919608517813205 0.0466306209564209
1662919608628054857 0.04749250411987305
1662919608738117933 0.047389984130859375
1662919608847901344 0.047185659408569336
1662919608957966804 0.04702043533325195
1662919609068042039 0.04729199409484863
1662919609177960634 0.04707789421081543
1662919609287603139 0.047289371490478516
1662919609397445440 0.04746532440185547
1662919609507270336 0.04770350456237793
1662919609617265701 0.04798460006713867
1662919609727429151 0.048711538314819336
1662919609837301254 0.048217058181762695
1662919609947083234 0.047765254974365234
1662919610056984901 0.04732871055603027
1662919610166781663 0.04696488380432129
1662919610276972293 0.04709935188293457
1662919610387084245 0.04723000526428223
1662919610497136831 0.04704642295837402
1662919610606955766 0.047240257263183594
1662919610717008590 0.047476768493652344
1662919610827201366 0.046924591064453125
1662919610937408924 0.04705548286437988
1662919611047114133 0.04706168174743652
1662919611158030033 0.047437429428100586
1662919611268215179 0.047582149505615234
1662919611378154993 0.04709148406982422
1662919611488381147 0.04760861396789551
1662919611598987102 0.04729628562927246
1662919611709398746 0.04756474494934082
1662919611820554256 0.04788970947265625
1662919611931861400 0.04896950721740723
1662919612041963815 0.04811263084411621
1662919612153647899 0.048284053802490234
1662919612264024496 0.048149824142456055
1662919612375102519 0.04776954650878906
1662919612485217332 0.047168731689453125
1662919612596269369 0.0475618839263916
1662919612706411600 0.0473787784576416
1662919612818132162 0.04735302925109863
1662919612928383588 0.04745602607727051
1662919613040092229 0.0472567081451416
1662919613150233507 0.0473024845123291
1662919613261449813 0.0474543571472168
1662919613371706485 0.04744243621826172
1662919613482921361 0.047675371170043945
1662919613593372821 0.04755282402038574
1662919613704941987 0.04817700386047363
1662919613815312623 0.04784512519836426
1662919613926322221 0.047602176666259766
1662919614036525964 0.04748964309692383
1662919614147961139 0.049096107482910156
1662919614258229494 0.04900979995727539
1662919614372632265 0.04845166206359863
1662919614483057260 0.04833555221557617
1662919614594085454 0.04781365394592285
1662919614704321384 0.047430992126464844
1662919614815497159 0.04741930961608887
1662919614925974130 0.04709482192993164
1662919615037056207 0.047129154205322266
1662919615147347927 0.047057390213012695
1662919615258368730 0.047261953353881836
1662919615368958473 0.047246456146240234
1662919615480175256 0.047358036041259766
1662919615590291023 0.04747176170349121
1662919615701982021 0.047437191009521484
1662919615812185049 0.04735112190246582
1662919615924103975 0.04822254180908203
1662919616035256624 0.04829883575439453
1662919616146406173 0.048108577728271484
1662919616256876707 0.047477006912231445
1662919616368249416 0.05192923545837402
1662919616478723764 0.04845571517944336
1662919616589950561 0.04734683036804199
1662919616700022459 0.04629158973693848
1662919616811241149 0.04692554473876953
1662919616921960592 0.046389102935791016
1662919617033318281 0.046784162521362305
1662919617144018650 0.04648852348327637
1662919617256048679 0.04671835899353027
1662919617366193294 0.04675149917602539
1662919617477889776 0.047205209732055664
1662919617590206384 0.046961307525634766
1662919617700131177 0.0471951961517334
1662919617810234069 0.047286272048950195
1662919617920112371 0.04721689224243164
1662919618029788970 0.046707868576049805
1662919618139918088 0.04676556587219238
1662919618250022411 0.046196699142456055
1662919618360517263 0.04752779006958008
1662919618470998048 0.04908561706542969
1662919618581118822 0.048087120056152344
1662919618691043615 0.047568559646606445
1662919618801217794 0.048543453216552734
1662919618911348819 0.04827284812927246
1662919619021347999 0.048183441162109375
1662919619131404399 0.04812312126159668
1662919619241339206 0.048096418380737305
1662919619351492881 0.04792189598083496
1662919619461650133 0.04732966423034668
1662919619572176456 0.047265052795410156
1662919619682358980 0.04759335517883301
1662919619792424917 0.048120975494384766
1662919619903030157 0.047545433044433594
1662919620013166427 0.04721808433532715
1662919620123114347 0.04752826690673828
1662919620232982635 0.04748702049255371
1662919620342696428 0.04740786552429199
1662919620452861070 0.0480806827545166
1662919620562756299 0.04737043380737305
1662919620672809123 0.04703569412231445
1662919620782611370 0.04760169982910156
1662919620892974615 0.047968149185180664
1662919621002715110 0.04938340187072754
1662919621112888574 0.04874396324157715
1662919621222763538 0.04845428466796875
1662919621332871437 0.04767417907714844
1662919621442839622 0.04801034927368164
1662919621552557706 0.04709625244140625
1662919621662096738 0.04741096496582031
1662919621771843433 0.047799110412597656
1662919621881798982 0.04759645462036133
1662919621991797447 0.04755353927612305
1662919622101834774 0.04716134071350098
1662919622211959123 0.04700016975402832
1662919622321879148 0.04711604118347168
1662919622431957244 0.047297000885009766
1662919622542030096 0.04714059829711914
1662919622651965618 0.04805946350097656
1662919622761810541 0.047363996505737305
1662919622871980190 0.047118425369262695
1662919622981787204 0.047353506088256836
1662919623092079639 0.04707932472229004
1662919623201941728 0.04757857322692871
1662919623311830997 0.04772639274597168
1662919623421519041 0.04854154586791992
1662919623531354427 0.04772329330444336
1662919623641124248 0.04782843589782715
1662919623750897645 0.047575950622558594
1662919623860859632 0.04725027084350586
1662919623970690011 0.04713034629821777
1662919624080209255 0.04729580879211426
1662919624190058231 0.047566890716552734
1662919624299658775 0.048067331314086914
1662919624409561395 0.04794931411743164
1662919624519123315 0.04794120788574219
1662919624628732681 0.04763627052307129
1662919624738700389 0.04758167266845703
1662919624848603487 0.047284841537475586
1662919624958205223 0.04767131805419922
1662919625068269729 0.047799110412597656
1662919625178632259 0.04775094985961914
1662919625289475440 0.0475773811340332
1662919625399562358 0.046983957290649414
1662919625510451555 0.046743154525756836
1662919625621828317 0.047060489654541016
1662919625732210397 0.047516584396362305
1662919625843028068 0.047057390213012695
1662919625954002618 0.047571420669555664
1662919626064187049 0.047434091567993164
1662919626174629211 0.0469818115234375
1662919626284769535 0.047109127044677734
1662919626395043134 0.04675436019897461
1662919626504977464 0.04692506790161133
1662919626615074872 0.04732394218444824
1662919626725093841 0.04723644256591797
1662919626835732221 0.04686594009399414
1662919626945968866 0.0471649169921875
1662919627055922985 0.048630475997924805
1662919627165839195 0.04800105094909668
1662919627275865554 0.04813504219055176
1662919627386260271 0.04735255241394043
1662919627496761083 0.047815561294555664
1662919627606549024 0.04701089859008789
1662919627716750621 0.04731011390686035
1662919627826579809 0.04705977439880371
1662919627936752557 0.04694676399230957
1662919628047081947 0.04736042022705078
1662919628157862663 0.04755973815917969
1662919628267752170 0.0477290153503418
1662919628377855777 0.047537803649902344
1662919628487707376 0.047698259353637695
1662919628597876310 0.04771757125854492
1662919628707644462 0.048089027404785156
1662919628817731618 0.04724693298339844
1662919628927495002 0.04706096649169922
1662919629037657260 0.04767870903015137
1662919629147823810 0.04770088195800781
1662919629257745981 0.04868125915527344
1662919629367938756 0.04863739013671875
1662919629477837800 0.04841494560241699
1662919629588598966 0.04863142967224121
1662919629698827505 0.04850578308105469
1662919629808768272 0.047210693359375
1662919629918832540 0.04747414588928223
1662919630028939485 0.04650282859802246
1662919630138577461 0.047063350677490234
1662919630248654365 0.04755258560180664
1662919630358806133 0.04756474494934082
1662919630468528032 0.04780006408691406
1662919630578717947 0.047484397888183594
1662919630688758134 0.04745149612426758
1662919630798679828 0.04780006408691406
1662919630908864021 0.0479583740234375
1662919631018778562 0.04764604568481445
1662919631128445863 0.04717826843261719
1662919631238415718 0.04719948768615723
1662919631348753929 0.04696512222290039
1662919631458773136 0.04708504676818848
1662919631570633411 0.04714035987854004
1662919631680502891 0.04711318016052246
1662919631790564775 0.04776430130004883
1662919631899939298 0.047513723373413086
1662919632009499311 0.04759931564331055
1662919632119076490 0.04757881164550781
1662919632228677272 0.047698259353637695
1662919632338591337 0.04767799377441406
1662919632448098897 0.04743480682373047
1662919632557874917 0.0476076602935791
1662919632667924165 0.04776740074157715
1662919632777602195 0.047196149826049805
1662919632887840270 0.049201011657714844
1662919632997531652 0.048174381256103516
1662919633107013463 0.04795980453491211
1662919633216578960 0.04772138595581055
1662919633325973749 0.047942161560058594
1662919633435683727 0.04783010482788086
1662919633545628309 0.047362565994262695
1662919633655647993 0.04650306701660156
1662919633765599012 0.04710531234741211
1662919633875587701 0.04673171043395996
1662919633985684394 0.04690241813659668
1662919634095715284 0.04674530029296875
1662919634205163002 0.04674506187438965
1662919634314804315 0.04627275466918945
1662919634424739122 0.045955657958984375
1662919634534638881 0.046105146408081055
1662919634644911766 0.0461878776550293
1662919634754970550 0.046423912048339844
1662919634864698648 0.04620695114135742
