using cuda:0 device.
27433
1662924430339596033 0.08384442329406738
1662924430452686786 0.051163434982299805
1662924430563099622 0.04998493194580078
1662924430674123048 0.0491948127746582
1662924430785303115 0.04860401153564453
1662924430895556211 0.048201560974121094
1662924431006069660 0.04851984977722168
1662924431116107702 0.04782533645629883
1662924431226224899 0.04790186882019043
1662924431336915731 0.04776334762573242
1662924431447277545 0.04725933074951172
1662924431557370662 0.04963421821594238
1662924431667296171 0.04781842231750488
1662924431777210950 0.05137467384338379
1662924431887103796 0.04781603813171387
1662924431997080326 0.04848361015319824
1662924432107087373 0.04809856414794922
1662924432217048168 0.045289039611816406
1662924432327014446 0.04570460319519043
1662924432437119483 0.04533100128173828
1662924432547171354 0.04489564895629883
1662924432657872200 0.04525136947631836
1662924432767975091 0.04531359672546387
1662924432878257989 0.045476675033569336
1662924432988914251 0.04509997367858887
1662924433098961114 0.04535484313964844
1662924433208973169 0.04492449760437012
1662924433319180488 0.044812679290771484
1662924433429403543 0.04975128173828125
1662924433539942502 0.04480481147766113
1662924433649928331 0.045305728912353516
1662924433760518074 0.04488205909729004
1662924433870679378 0.04476761817932129
1662924433980673789 0.04806852340698242
1662924434091456174 0.047791481018066406
1662924434201962947 0.047353506088256836
1662924434311800718 0.04680991172790527
1662924434421886920 0.04732012748718262
1662924434532063961 0.04686594009399414
1662924434642159461 0.04706144332885742
1662924434752166509 0.04685711860656738
1662924434862273693 0.04716682434082031
1662924434972862005 0.04706692695617676
1662924435082820653 0.047245025634765625
1662924435192919731 0.04697537422180176
1662924435303553581 0.047313690185546875
1662924435413944005 0.04696488380432129
1662924435523899078 0.0477447509765625
1662924435633902788 0.04738426208496094
1662924435743822574 0.04742908477783203
1662924435854246139 0.04791593551635742
1662924435965049028 0.04825735092163086
1662924436075585126 0.04820585250854492
1662924436186183452 0.0491633415222168
1662924436296895742 0.04881119728088379
1662924436408058643 0.04870867729187012
1662924436518732786 0.048036813735961914
1662924436628961086 0.04839277267456055
1662924436739688873 0.047724008560180664
1662924436850014686 0.04728984832763672
1662924436960310935 0.047469377517700195
1662924437070739269 0.046971797943115234
1662924437180989265 0.04767608642578125
1662924437291101455 0.04693412780761719
1662924437401734352 0.046611785888671875
1662924437511900424 0.047182321548461914
1662924437622071504 0.0476534366607666
1662924437732107877 0.04730391502380371
1662924437842076301 0.04732012748718262
1662924437952825069 0.047667741775512695
1662924438062909841 0.0469365119934082
1662924438173015594 0.0467832088470459
1662924438283335447 0.04686236381530762
1662924438393731355 0.04671335220336914
1662924438503859996 0.04712557792663574
1662924438614711761 0.04893970489501953
1662924438724915027 0.0489804744720459
1662924438835225343 0.04786491394042969
1662924438946031570 0.04741787910461426
1662924439056017398 0.04785966873168945
1662924439166350603 0.04797077178955078
1662924439276506900 0.04748106002807617
1662924439387547254 0.04676985740661621
1662924439499441623 0.04819130897521973
1662924439609711408 0.04811859130859375
1662924439719198703 0.04760098457336426
1662924439828926801 0.04782819747924805
1662924439938788890 0.0476222038269043
1662924440049013853 0.04811573028564453
1662924440158927202 0.04771590232849121
1662924440268777370 0.048035621643066406
1662924440378798246 0.04743313789367676
1662924440488731861 0.04788780212402344
1662924440598762035 0.048371315002441406
1662924440708869695 0.048299551010131836
1662924440818716764 0.048966407775878906
1662924440928426742 0.04814934730529785
1662924441038053989 0.04793977737426758
1662924441147771596 0.04742550849914551
1662924441257586240 0.0480191707611084
1662924441367162466 0.047402143478393555
1662924441476983308 0.047420501708984375
1662924441586854934 0.04721403121948242
1662924441696348190 0.047327518463134766
1662924441805752992 0.04693722724914551
1662924441915328979 0.04740166664123535
1662924442024832487 0.046987295150756836
1662924442134890317 0.04771161079406738
1662924442245810031 0.047551870346069336
1662924442355696916 0.04782509803771973
1662924442465293169 0.037491798400878906
1662924442575811147 0.036904096603393555
1662924442686243534 0.042714595794677734
1662924442796809911 0.036644697189331055
1662924442907003402 0.03653430938720703
1662924443017142534 0.0367891788482666
1662924443127495765 0.043402671813964844
1662924443237701654 0.04593992233276367
1662924443348007917 0.036695003509521484
1662924443458084106 0.036911725997924805
1662924443568071603 0.036777496337890625
1662924443678092002 0.03701448440551758
1662924443788458347 0.045497894287109375
1662924443898465633 0.045725345611572266
1662924444008434534 0.045404911041259766
1662924444118644237 0.045798540115356445
1662924444228945255 0.03781700134277344
1662924444339023828 0.047441720962524414
1662924444449420213 0.039048194885253906
1662924444559777975 0.04389357566833496
1662924444670078277 0.050878286361694336
1662924444780068397 0.04596447944641113
1662924444890639066 0.0442957878112793
1662924445000832080 0.0440521240234375
1662924445111516952 0.04418182373046875
1662924445221729755 0.044069528579711914
1662924445332047939 0.043842315673828125
1662924445442451715 0.04427146911621094
1662924445553001403 0.04413628578186035
1662924445663051366 0.043805837631225586
1662924445773778915 0.044286489486694336
1662924445883830070 0.04431509971618652
1662924445994408845 0.044661760330200195
1662924446104566097 0.04461669921875
1662924446214832782 0.044126033782958984
1662924446325025081 0.044673919677734375
1662924446435062885 0.04395461082458496
1662924446544959545 0.04431772232055664
1662924446655169486 0.04669356346130371
1662924446765370130 0.047101736068725586
1662924446875603914 0.04754495620727539
1662924446985642671 0.04743146896362305
1662924447095816850 0.04731345176696777
1662924447206711292 0.047287702560424805
1662924447316812038 0.0469512939453125
1662924447427205324 0.04690146446228027
1662924447537623405 0.047235727310180664
1662924447647856235 0.04784584045410156
1662924447757962942 0.047942399978637695
1662924447868715524 0.048894643783569336
1662924447978912830 0.04848027229309082
1662924448088937282 0.047751665115356445
1662924448199227809 0.047638654708862305
1662924448309456110 0.04781389236450195
1662924448419742107 0.0477137565612793
1662924448529603004 0.047686100006103516
1662924448639764785 0.04736328125
1662924448749829292 0.04769396781921387
1662924448860147953 0.04770302772521973
1662924448970470666 0.04748964309692383
1662924449080844640 0.04771304130554199
1662924449191160917 0.047391653060913086
1662924449301576852 0.047257184982299805
1662924449412093400 0.04756641387939453
1662924449522622823 0.04778480529785156
1662924449632847070 0.04761910438537598
1662924449742940664 0.04760384559631348
1662924449853232383 0.04809999465942383
1662924449963676929 0.04726552963256836
1662924450073775529 0.048813819885253906
1662924450184551000 0.04812812805175781
1662924450294550180 0.04917097091674805
1662924450405072450 0.04852628707885742
1662924450515722274 0.04829978942871094
1662924450626104593 0.04848480224609375
1662924450736417055 0.04766082763671875
1662924450846869945 0.046895503997802734
1662924450956987619 0.04702496528625488
1662924451067197322 0.04669547080993652
1662924451177618980 0.05289053916931152
1662924451287985801 0.04680037498474121
1662924451397984981 0.046979427337646484
1662924451509092569 0.04684805870056152
1662924451620214223 0.047899723052978516
1662924451733243227 0.04747962951660156
1662924451842910289 0.04690384864807129
1662924451952730655 0.046886444091796875
1662924452062822103 0.04775190353393555
1662924452172923088 0.046990156173706055
1662924452282528162 0.04651069641113281
1662924452392908573 0.04724550247192383
1662924452502933263 0.048790931701660156
1662924452612660646 0.048150062561035156
1662924452722455024 0.04764509201049805
1662924452832265377 0.047063350677490234
1662924452941897630 0.04752302169799805
1662924453051421642 0.04726386070251465
1662924453161441326 0.04738926887512207
1662924453271636247 0.04711461067199707
1662924453381379365 0.04732680320739746
1662924453491070747 0.04770827293395996
1662924453600759506 0.04757046699523926
1662924453710374355 0.04760885238647461
1662924453819793462 0.0476531982421875
1662924453929858446 0.04734325408935547
1662924454039814233 0.04670357704162598
1662924454149834632 0.04637575149536133
1662924454259776353 0.046499013900756836
1662924454369952440 0.04733586311340332
1662924454479878425 0.046636104583740234
1662924454589982748 0.0472562313079834
1662924454700651884 0.04947257041931152
1662924454810792922 0.04686260223388672
1662924454920903205 0.04679512977600098
1662924455031316518 0.04678821563720703
1662924455141704797 0.04670834541320801
1662924455252348899 0.04778933525085449
1662924455362629652 0.047245025634765625
1662924455472766399 0.04713010787963867
1662924455582687854 0.04672360420227051
1662924455692860841 0.04778909683227539
1662924455802883863 0.04737567901611328
1662924455912907600 0.048108816146850586
1662924456024056673 0.04807758331298828
1662924456134524583 0.04817962646484375
1662924456245064020 0.0478360652923584
1662924456355320930 0.04827117919921875
1662924456465711355 0.04822731018066406
1662924456575714588 0.04808306694030762
1662924456686181545 0.04711627960205078
1662924456796797752 0.04756784439086914
1662924456907160282 0.0469057559967041
1662924457017992734 0.04721975326538086
1662924457128571510 0.046949148178100586
1662924457239671945 0.0489497184753418
1662924457350589275 0.046872615814208984
1662924457461755037 0.04631495475769043
1662924457572621583 0.0472562313079834
1662924457684186935 0.04658675193786621
1662924457794385910 0.04713153839111328
1662924457905796527 0.0469212532043457
1662924458016708374 0.04761004447937012
1662924458127877473 0.04705929756164551
1662924458237899780 0.04719877243041992
1662924458349492549 0.04869818687438965
1662924458460060358 0.048146963119506836
1662924458571657180 0.04806065559387207
1662924458681706905 0.04749894142150879
1662924458793388128 0.04754304885864258
1662924458903705120 0.04757809638977051
1662924459015785694 0.0488286018371582
1662924459126276969 0.04711008071899414
1662924459237755298 0.04751300811767578
1662924459347984790 0.04750871658325195
1662924459459683656 0.04764151573181152
1662924459569895267 0.04735755920410156
1662924459681746959 0.04736900329589844
1662924459792022943 0.04749131202697754
1662924459903693199 0.0474550724029541
1662924460013864040 0.046990394592285156
1662924460125345230 0.04762721061706543
1662924460235550642 0.047701358795166016
1662924460346805334 0.04806780815124512
1662924460457610845 0.04887747764587402
1662924460569375991 0.04828810691833496
1662924460679707765 0.04845476150512695
1662924460790833234 0.047887325286865234
1662924460901567459 0.04669046401977539
1662924461012818098 0.04664468765258789
1662924461123747825 0.04720878601074219
1662924461235738277 0.04690217971801758
1662924461345833778 0.04684591293334961
1662924461457487821 0.047034263610839844
1662924461567654848 0.04671311378479004
1662924461678822517 0.04761791229248047
1662924461789602994 0.047452688217163086
1662924461900995016 0.047785043716430664
1662924462011629581 0.04768800735473633
1662924462123760223 0.04708981513977051
1662924462234739780 0.047414541244506836
1662924462345958948 0.0470736026763916
1662924462457069396 0.047646522521972656
1662924462568562269 0.04911518096923828
1662924462679534196 0.0484766960144043
1662924462790965080 0.047599077224731445
1662924462901307106 0.0479731559753418
1662924463013042449 0.04800581932067871
1662924463123715877 0.04767584800720215
1662924463235834598 0.04752397537231445
1662924463346185684 0.04666638374328613
1662924463457732439 0.04639768600463867
1662924463568678855 0.04613852500915527
1662924463680899620 0.04616856575012207
1662924463791809320 0.046962738037109375
1662924463903892040 0.04681801795959473
1662924464014832735 0.04640793800354004
1662924464126228809 0.04712104797363281
1662924464237025260 0.047188758850097656
1662924464348687648 0.04691195487976074
1662924464459457635 0.04671120643615723
1662924464571269750 0.0464930534362793
1662924464682024240 0.04638314247131348
1662924464793887376 0.047179222106933594
1662924464904897689 0.047365427017211914
1662924465016747474 0.04698348045349121
1662924465128024816 0.046894073486328125
1662924465241155862 0.04705047607421875
1662924465351686477 0.0470280647277832
1662924465462013483 0.04726982116699219
1662924465571959972 0.04716610908508301
1662924465682010889 0.04750943183898926
1662924465792014122 0.05208730697631836
1662924465902647495 0.048052310943603516
1662924466012804031 0.048386335372924805
1662924466122973680 0.04850172996520996
1662924466233027219 0.047837018966674805
1662924466343075275 0.04811811447143555
1662924466452986955 0.04782676696777344
1662924466563581943 0.04770326614379883
1662924466673753499 0.04725217819213867
1662924466783971786 0.047551870346069336
1662924466894097566 0.04743218421936035
1662924467003897428 0.04784870147705078
1662924467114055871 0.04764842987060547
1662924467223985433 0.04699826240539551
1662924467333660840 0.05223679542541504
1662924467443457841 0.04715466499328613
1662924467553914785 0.047141075134277344
1662924467663762331 0.0469818115234375
1662924467773679018 0.046779632568359375
1662924467884091854 0.04708075523376465
1662924467994504213 0.04686379432678223
1662924468104725837 0.04699897766113281
1662924468214993238 0.04710698127746582
1662924468325325250 0.04681563377380371
1662924468435678243 0.04713845252990723
1662924468546954393 0.04776430130004883
1662924468656605958 0.047197580337524414
1662924468767689943 0.04683732986450195
1662924468878321886 0.04677248001098633
1662924468988957166 0.047380924224853516
1662924469099489688 0.04643082618713379
1662924469210254669 0.04771995544433594
1662924469320668220 0.04737353324890137
1662924469431403160 0.04797935485839844
1662924469542028188 0.04806256294250488
1662924469651816606 0.04818129539489746
1662924469762376308 0.04784417152404785
1662924469872581958 0.04851102828979492
1662924469982954025 0.0476076602935791
1662924470092955827 0.04749441146850586
1662924470203712701 0.047591447830200195
1662924470314521074 0.04718422889709473
1662924470425120830 0.046952247619628906
1662924470536035299 0.04754042625427246
1662924470646636247 0.0468595027923584
1662924470758167028 0.04751944541931152
1662924470868441343 0.04736948013305664
1662924470980306386 0.04706287384033203
1662924471090416193 0.0469973087310791
1662924471202431440 0.04694032669067383
1662924471313320875 0.04707503318786621
1662924471424386262 0.04766511917114258
1662924471534521102 0.04686999320983887
1662924471645688533 0.04727602005004883
1662924471756094932 0.047347068786621094
1662924471867456674 0.05336427688598633
1662924471978245019 0.046698570251464844
1662924472089615583 0.04673314094543457
1662924472199847698 0.04686999320983887
1662924472311117649 0.04726219177246094
1662924472421727895 0.047364234924316406
1662924472532858133 0.04837942123413086
1662924472643337726 0.04858756065368652
1662924472754333019 0.048386335372924805
1662924472864556789 0.05457425117492676
1662924472975695133 0.04833984375
1662924473086363792 0.04860544204711914
1662924473197689533 0.04752659797668457
1662924473308358907 0.048059940338134766
1662924473420150041 0.04764080047607422
1662924473530388832 0.04770541191101074
1662924473641455650 0.04794144630432129
1662924473752403259 0.049912452697753906
1662924473863453865 0.04751753807067871
1662924473974233150 0.047040700912475586
1662924474085493087 0.04744458198547363
1662924474196481227 0.04736900329589844
1662924474307606697 0.0476832389831543
1662924474417713880 0.047640323638916016
1662924474529323101 0.04797792434692383
1662924474639745235 0.04775428771972656
1662924474751197814 0.04790067672729492
1662924474861613750 0.047666311264038086
1662924474972656965 0.04794454574584961
1662924475082828283 0.04917287826538086
1662924475194181680 0.04853487014770508
1662924475304619312 0.04919171333312988
1662924475415922641 0.04791116714477539
1662924475526592254 0.0477442741394043
1662924475637691974 0.047339439392089844
1662924475747904300 0.048152923583984375
1662924475859478950 0.0476992130279541
1662924475969771862 0.047200679779052734
1662924476081182956 0.0535733699798584
1662924476191634178 0.04754161834716797
1662924476303464651 0.04716944694519043
1662924476413638353 0.047301530838012695
1662924476525289535 0.04706716537475586
1662924476635267734 0.04740166664123535
1662924476746391057 0.04678225517272949
1662924476857252597 0.04702568054199219
1662924476968374013 0.047272682189941406
1662924477078628778 0.04712653160095215
1662924477190067768 0.047312259674072266
1662924477300480842 0.04848742485046387
1662924477412544250 0.047537803649902344
1662924477523795604 0.048619747161865234
1662924477635190486 0.048293113708496094
1662924477745574951 0.047997474670410156
1662924477856703519 0.04716086387634277
1662924477967406988 0.04658770561218262
1662924478078721761 0.0477447509765625
1662924478188974142 0.04684948921203613
1662924478299913406 0.04640340805053711
1662924478410595893 0.04672598838806152
1662924478521679401 0.04689502716064453
1662924478632265329 0.04734230041503906
1662924478743551015 0.04658937454223633
1662924478854479789 0.046724796295166016
1662924478966202259 0.046886444091796875
1662924479076791048 0.04685401916503906
1662924479190893888 0.046839237213134766
1662924479300819635 0.04676198959350586
1662924479410522222 0.04683518409729004
1662924479520468711 0.04836082458496094
1662924479630368232 0.04691886901855469
1662924479740431308 0.047144412994384766
1662924479850480556 0.04622197151184082
1662924479960368633 0.05562877655029297
1662924480070389747 0.04750418663024902
1662924480180342674 0.04703974723815918
1662924480290483236 0.05463457107543945
1662924480400624990 0.04826951026916504
1662924480510763406 0.04837608337402344
1662924480620749711 0.04883432388305664
1662924480730730772 0.048015594482421875
1662924480840752363 0.04790449142456055
1662924480950730085 0.048216819763183594
1662924481060715675 0.04768037796020508
1662924481170652389 0.04703187942504883
1662924481280852079 0.048021554946899414
1662924481391457080 0.04757857322692871
1662924481501258134 0.047632455825805664
1662924481611322402 0.04699897766113281
1662924481721383333 0.04715228080749512
1662924481832002401 0.04731631278991699
1662924481942279100 0.047808170318603516
1662924482052260160 0.047617435455322266
1662924482162443876 0.04757046699523926
1662924482272422552 0.04747343063354492
1662924482382314682 0.04791402816772461
1662924482492961883 0.04850268363952637
1662924482602630376 0.04868173599243164
1662924482713740587 0.04907941818237305
1662924482823949098 0.048760175704956055
1662924482934066534 0.04831528663635254
1662924483044481992 0.04867100715637207
1662924483155153036 0.04828286170959473
1662924483265318155 0.04750561714172363
1662924483375246286 0.04809975624084473
1662924483485855579 0.0478360652923584
1662924483595548629 0.047937870025634766
1662924483705749034 0.0479886531829834
1662924483816058158 0.04748940467834473
1662924483926065206 0.0477147102355957
1662924484036008119 0.04774880409240723
1662924484147041559 0.04737114906311035
1662924484257244110 0.04810523986816406
1662924484367432117 0.04722189903259277
1662924484478291511 0.04668092727661133
1662924484588353872 0.04705524444580078
1662924484699300289 0.046526193618774414
1662924484809441804 0.049781084060668945
1662924484920536041 0.04676318168640137
1662924485031404018 0.04682326316833496
1662924485142882108 0.04643869400024414
1662924485253366231 0.046672821044921875
1662924485364366531 0.04691123962402344
1662924485474470376 0.04631185531616211
1662924485585473775 0.04647707939147949
1662924485696094989 0.04654717445373535
1662924485807105779 0.0464475154876709
1662924485917179584 0.046346426010131836
1662924486028070449 0.04657268524169922
1662924486138351440 0.04851031303405762
1662924486250479698 0.04862046241760254
1662924486360631465 0.04853248596191406
1662924486472259044 0.048201799392700195
1662924486582680225 0.04821610450744629
1662924486693885087 0.047922372817993164
1662924486804401397 0.04786872863769531
1662924486915755033 0.04726052284240723
1662924487026651859 0.04703354835510254
1662924487137832164 0.04724740982055664
1662924487248439788 0.047634124755859375
1662924487359599828 0.047149658203125
1662924487470439434 0.047364234924316406
1662924487581578493 0.04743790626525879
1662924487692266225 0.04733538627624512
1662924487804349422 0.04732251167297363
1662924487914633989 0.04733467102050781
1662924488025663852 0.04712414741516113
1662924488136207103 0.05656147003173828
1662924488247334003 0.04784393310546875
1662924488358084201 0.04731559753417969
1662924488470396041 0.04692482948303223
1662924488581304550 0.04745364189147949
1662924488692109346 0.04704141616821289
1662924488802216529 0.047008514404296875
1662924488913206577 0.052754878997802734
1662924489024030685 0.04684901237487793
1662924489134675979 0.04732060432434082
1662924489245134115 0.04853940010070801
1662924489356108903 0.04861259460449219
1662924489466044425 0.04809880256652832
1662924489577119588 0.04879951477050781
1662924489687342882 0.0486454963684082
1662924489798118352 0.0487675666809082
1662924489908238410 0.04828977584838867
1662924490019249677 0.04810309410095215
1662924490129848718 0.047602176666259766
1662924490240884065 0.04781460762023926
1662924490351157665 0.048220157623291016
1662924490461944341 0.04705405235290527
1662924490572048902 0.04719972610473633
1662924490683007240 0.04794144630432129
1662924490793240785 0.04767274856567383
1662924490905019283 0.04781675338745117
1662924491015286445 0.04788398742675781
1662924491126368284 0.04739975929260254
1662924491236539125 0.047911643981933594
1662924491348044633 0.04826974868774414
1662924491458201408 0.0474855899810791
1662924491569043397 0.047177791595458984
1662924491679171323 0.047078847885131836
1662924491790757179 0.047217607498168945
1662924491900890588 0.047183990478515625
1662924492011968851 0.047269582748413086
1662924492122282028 0.04733538627624512
1662924492233350515 0.04781961441040039
1662924492343282461 0.04719996452331543
1662924492454561948 0.04753375053405762
1662924492564416170 0.047482967376708984
1662924492675240278 0.04687929153442383
1662924492785262346 0.0476832389831543
1662924492896998643 0.048081398010253906
1662924493007072925 0.047371625900268555
1662924493118893623 0.04733562469482422
1662924493233143806 0.04801368713378906
1662924493342694997 0.047936439514160156
1662924493452254533 0.04816246032714844
1662924493561993837 0.04825592041015625
1662924493671810150 0.04834938049316406
1662924493781412601 0.04866647720336914
1662924493891218662 0.04846596717834473
1662924494000858545 0.04991579055786133
1662924494111045598 0.04916501045227051
1662924494220802545 0.04865121841430664
1662924494330561161 0.047954559326171875
1662924494440396070 0.047838449478149414
1662924494549953460 0.04770016670227051
1662924494659635543 0.04700970649719238
1662924494770223855 0.04714536666870117
1662924494879922628 0.047119855880737305
1662924494989926338 0.04767608642578125
1662924495099835634 0.04731297492980957
1662924495209486007 0.04725337028503418
1662924495319131135 0.04716300964355469
1662924495429170131 0.04761862754821777
1662924495538870811 0.047112226486206055
1662924495648842334 0.04727625846862793
1662924495758207321 0.04709196090698242
1662924495868156433 0.04686737060546875
1662924495977963685 0.04689788818359375
1662924496087907552 0.046457529067993164
1662924496198035001 0.04736757278442383
1662924496308917760 0.047054290771484375
1662924496419337749 0.04841470718383789
1662924496530244350 0.04803824424743652
