using cuda:0 device.
24246
1662919732189842462 0.0727229118347168
1662919732303385257 0.0505673885345459
1662919732414183616 0.05052304267883301
1662919732526098728 0.04813981056213379
1662919732637218475 0.04777860641479492
1662919732747638225 0.047811031341552734
1662919732857614755 0.047629594802856445
1662919732968068361 0.04798460006713867
1662919733079328536 0.04753994941711426
1662919733190033435 0.04751467704772949
1662919733300750732 0.04790639877319336
1662919733411069631 0.04765152931213379
1662919733521076440 0.04777193069458008
1662919733631792068 0.04786944389343262
1662919733741915941 0.04793214797973633
1662919733852535724 0.04801321029663086
1662919733962631225 0.0479741096496582
1662919734072845935 0.04797029495239258
1662919734183664083 0.04818844795227051
1662919734293523788 0.04826521873474121
1662919734403993606 0.04756283760070801
1662919734514637231 0.04765677452087402
1662919734624923706 0.04792046546936035
1662919734735062360 0.04769444465637207
1662919734845613718 0.047295570373535156
1662919734955946683 0.04802441596984863
1662919735066744565 0.04873061180114746
1662919735176933288 0.04852414131164551
1662919735287052631 0.0491180419921875
1662919735397702932 0.04839181900024414
1662919735507942676 0.0481417179107666
1662919735618543148 0.04743385314941406
1662919735728756427 0.04766440391540527
1662919735839273929 0.04730057716369629
1662919735949485063 0.04721713066101074
1662919736059557437 0.04712843894958496
1662919736170064687 0.04731392860412598
1662919736280240297 0.04735565185546875
1662919736390537261 0.04696917533874512
1662919736500752210 0.04703402519226074
1662919736610863924 0.04728388786315918
1662919736720938205 0.04712271690368652
1662919736830993890 0.04714226722717285
1662919736941539764 0.04710507392883301
1662919737051619529 0.04715919494628906
1662919737161799669 0.047135114669799805
1662919737272003173 0.0472416877746582
1662919737382253408 0.04743242263793945
1662919737492930650 0.04936337471008301
1662919737602883338 0.048819780349731445
1662919737713460445 0.04817914962768555
1662919737823589563 0.0478515625
1662919737933688402 0.04757499694824219
1662919738043800115 0.04765033721923828
1662919738153991222 0.0476222038269043
1662919738264827966 0.04681968688964844
1662919738375257015 0.0470583438873291
1662919738485676050 0.04726839065551758
1662919738596111536 0.04721570014953613
1662919738706617832 0.04696345329284668
1662919738816921949 0.04708671569824219
1662919738927510499 0.04691910743713379
1662919739038102388 0.04685521125793457
1662919739148493766 0.04700016975402832
1662919739259141445 0.0467984676361084
1662919739369652032 0.047003984451293945
1662919739479802370 0.046826839447021484
1662919739589919328 0.046717166900634766
1662919739700459003 0.04678010940551758
1662919739810592651 0.047005653381347656
1662919739920725107 0.04842376708984375
1662919740031110286 0.04746699333190918
1662919740141658782 0.04754304885864258
1662919740251696586 0.04735970497131348
1662919740361843109 0.04738593101501465
1662919740472005844 0.04785490036010742
1662919740582388401 0.047448158264160156
1662919740692470073 0.047659873962402344
1662919740802837610 0.04746198654174805
1662919740912980556 0.0481715202331543
1662919741023618698 0.04756927490234375
1662919741134907245 0.04773211479187012
1662919741247008800 0.04758858680725098
1662919741357888460 0.04803133010864258
1662919741468457937 0.047728776931762695
1662919741578681707 0.04772758483886719
1662919741689348697 0.046843767166137695
1662919741799509286 0.047022342681884766
1662919741910758495 0.04667782783508301
1662919742021267175 0.0469515323638916
1662919742131616592 0.047010183334350586
1662919742241850137 0.04666614532470703
1662919742352446317 0.04709339141845703
1662919742462787866 0.047020673751831055
1662919742573536872 0.04669809341430664
1662919742683683395 0.046747684478759766
1662919742793742179 0.04684162139892578
1662919742903576850 0.04660463333129883
1662919743013540983 0.04703187942504883
1662919743123518705 0.04676222801208496
1662919743233620405 0.046985626220703125
1662919743344534635 0.04867863655090332
1662919743454522132 0.04790782928466797
1662919743564721345 0.04812979698181152
1662919743674742698 0.047460317611694336
1662919743785037517 0.04769277572631836
1662919743895144701 0.0471494197845459
1662919744005277633 0.04673337936401367
1662919744115697860 0.04762721061706543
1662919744226061344 0.0484466552734375
1662919744336182594 0.038101911544799805
1662919744446241855 0.03827023506164551
1662919744556706190 0.03823566436767578
1662919744667037487 0.04973459243774414
1662919744777116060 0.0390167236328125
1662919744887092590 0.03763270378112793
1662919744998186588 0.04055905342102051
1662919745108552932 0.04632997512817383
1662919745218703269 0.03731703758239746
1662919745328604936 0.037427663803100586
1662919745438380002 0.03747868537902832
1662919745548729896 0.03746151924133301
1662919745658662319 0.04624819755554199
1662919745768594503 0.04743075370788574
1662919745878445148 0.046691179275512695
1662919745988484144 0.04659628868103027
1662919746098502874 0.03760480880737305
1662919746208715677 0.04672598838806152
1662919746318645238 0.037583351135253906
1662919746430152654 0.04527926445007324
1662919746544861793 0.05050539970397949
1662919746655735731 0.047373056411743164
1662919746766366958 0.04732227325439453
1662919746876372337 0.047455787658691406
1662919746986640930 0.047522783279418945
1662919747097025871 0.04712653160095215
1662919747207439422 0.046808481216430664
1662919747317660331 0.04698348045349121
1662919747428618431 0.04732394218444824
1662919747538930654 0.04764962196350098
1662919747649545192 0.04757285118103027
1662919747759692192 0.048990488052368164
1662919747869841814 0.04871845245361328
1662919747980370283 0.04924964904785156
1662919748090777873 0.048615455627441406
1662919748201086521 0.04781007766723633
1662919748311486005 0.047286033630371094
1662919748421822071 0.04765129089355469
1662919748532356262 0.04807257652282715
1662919748642645359 0.04754066467285156
1662919748752778530 0.04805397987365723
1662919748863658428 0.04776906967163086
1662919748973888158 0.047905683517456055
1662919749084616184 0.047788143157958984
1662919749194773674 0.04767251014709473
1662919749305568933 0.047358036041259766
1662919749416557788 0.04801225662231445
1662919749526853799 0.0483553409576416
1662919749637573957 0.04809451103210449
1662919749747974395 0.04766416549682617
1662919749858486890 0.047451019287109375
1662919749968895196 0.04729580879211426
1662919750079567193 0.04789614677429199
1662919750190419435 0.04741263389587402
1662919750300909280 0.047560691833496094
1662919750411042213 0.04705357551574707
1662919750521531105 0.04762744903564453
1662919750632503986 0.04768800735473633
1662919750743336915 0.047812461853027344
1662919750853772640 0.04748892784118652
1662919750964550495 0.04767322540283203
1662919751075494050 0.04720163345336914
1662919751186531782 0.04731249809265137
1662919751297696590 0.04725289344787598
1662919751408025264 0.04771828651428223
1662919751518485307 0.04736042022705078
1662919751629296541 0.04792141914367676
1662919751739609003 0.0479741096496582
1662919751849802255 0.04753613471984863
1662919751960300445 0.048013925552368164
1662919752070704936 0.0476686954498291
1662919752181573152 0.04847550392150879
1662919752291881322 0.04754924774169922
1662919752402580022 0.048720598220825195
1662919752513444423 0.04864978790283203
1662919752624694824 0.0481414794921875
1662919752735517024 0.04774641990661621
1662919752846292257 0.04781007766723633
1662919752956667423 0.04751873016357422
1662919753067497968 0.04781174659729004
1662919753177724361 0.04773736000061035
1662919753288149595 0.048096418380737305
1662919753398724555 0.04798078536987305
1662919753514701604 0.047553300857543945
1662919753626579999 0.0477292537689209
1662919753738144874 0.04736447334289551
1662919753848420858 0.04772162437438965
1662919753958816289 0.047727108001708984
1662919754069943666 0.04773902893066406
1662919754181590080 0.04784870147705078
1662919754292006731 0.04757428169250488
1662919754402851104 0.04873299598693848
1662919754513601541 0.047986745834350586
1662919754623969316 0.04825401306152344
1662919754734248876 0.04845738410949707
1662919754844612121 0.048050880432128906
1662919754955430030 0.047281742095947266
1662919755066376209 0.04745888710021973
1662919755176609039 0.04732251167297363
1662919755287283182 0.0474400520324707
1662919755397457838 0.04761362075805664
1662919755507959604 0.04793906211853027
1662919755618571758 0.04785299301147461
1662919755728814125 0.0480349063873291
1662919755839402437 0.04749631881713867
1662919755949822664 0.047440528869628906
1662919756062022924 0.04777693748474121
1662919756172511339 0.047393798828125
1662919756282691955 0.04828023910522461
1662919756393009901 0.04714465141296387
1662919756503742933 0.04838061332702637
1662919756614517450 0.04771161079406738
1662919756725478410 0.04833364486694336
1662919756836408615 0.04894876480102539
1662919756947471857 0.04825949668884277
1662919757057944536 0.048482656478881836
1662919757168632030 0.04848480224609375
1662919757279747724 0.047798871994018555
1662919757390419960 0.047586679458618164
1662919757500867843 0.04681873321533203
1662919757611399412 0.04714345932006836
1662919757721750974 0.04676389694213867
1662919757832484960 0.046686649322509766
1662919757942759513 0.04670286178588867
1662919758053539276 0.04674649238586426
1662919758163728475 0.04785323143005371
1662919758274509906 0.04672074317932129
1662919758384877920 0.047405242919921875
1662919758495505809 0.04697060585021973
1662919758605801105 0.04678463935852051
1662919758716484785 0.04688405990600586
1662919758826744794 0.04631233215332031
1662919758937270879 0.04660773277282715
1662919759048166513 0.04879879951477051
1662919759158446311 0.0476377010345459
1662919759269327878 0.04783439636230469
1662919759379648923 0.046579837799072266
1662919759490342378 0.0476224422454834
1662919759601252794 0.04691028594970703
1662919759711894035 0.04724907875061035
1662919759822440147 0.04703092575073242
1662919759932775735 0.04734182357788086
1662919760043660402 0.04737234115600586
1662919760153904438 0.047460079193115234
1662919760264616727 0.047544002532958984
1662919760375937700 0.04758715629577637
1662919760486765861 0.04787611961364746
1662919760597242832 0.04741215705871582
1662919760707632303 0.047367095947265625
1662919760818344354 0.047350406646728516
1662919760928848028 0.047338008880615234
1662919761039516210 0.04717421531677246
1662919761150340795 0.047177791595458984
1662919761261538267 0.04736137390136719
1662919761372538089 0.04729628562927246
1662919761482747316 0.047187089920043945
1662919761593479394 0.047496795654296875
1662919761704007148 0.04736900329589844
1662919761814324140 0.04723978042602539
1662919761925417900 0.04688882827758789
1662919762035749673 0.047274112701416016
1662919762146389007 0.04734683036804199
1662919762256812095 0.04750871658325195
1662919762367483615 0.0484623908996582
1662919762478466987 0.04918360710144043
1662919762589011430 0.04870176315307617
1662919762699470281 0.04767274856567383
1662919762810217380 0.047196149826049805
1662919762920570135 0.04692220687866211
1662919763030791521 0.04734063148498535
1662919763141010284 0.04709315299987793
1662919763251186847 0.046872854232788086
1662919763362148046 0.04714345932006836
1662919763472585678 0.04700446128845215
1662919763582688808 0.0476534366607666
1662919763693353414 0.0476377010345459
1662919763804238557 0.04734683036804199
1662919763914904594 0.0471951961517334
1662919764025211572 0.047016143798828125
1662919764135467290 0.04745078086853027
1662919764245741605 0.047069549560546875
1662919764356483221 0.04755091667175293
1662919764466954231 0.04807329177856445
1662919764577698469 0.048032522201538086
1662919764688567399 0.04814743995666504
1662919764799057483 0.0482785701751709
1662919764909700870 0.04808378219604492
1662919765020112037 0.04768109321594238
1662919765130986928 0.047080039978027344
1662919765241315364 0.04663562774658203
1662919765351749897 0.04617047309875488
1662919765462254762 0.0462493896484375
1662919765572683095 0.04603457450866699
1662919765683728456 0.046486616134643555
1662919765794510602 0.046337127685546875
1662919765905703306 0.04598212242126465
1662919766016191482 0.04706168174743652
1662919766126902341 0.046308040618896484
1662919766237608432 0.045694589614868164
1662919766348706722 0.046564579010009766
1662919766459663867 0.046381473541259766
1662919766570522785 0.04651641845703125
1662919766680938482 0.046936988830566406
1662919766791798591 0.04695439338684082
1662919766902618408 0.0491182804107666
1662919767028926134 0.04821443557739258
1662919767140319585 0.04793810844421387
1662919767251318931 0.047224998474121094
1662919767361709594 0.0476994514465332
1662919767472515583 0.046819448471069336
1662919767583734512 0.04693794250488281
1662919767695868253 0.04684901237487793
1662919767806637525 0.047090768814086914
1662919767917736768 0.04719948768615723
1662919768028211116 0.04711341857910156
1662919768138845443 0.04704546928405762
1662919768249647378 0.047428131103515625
1662919768360292434 0.04734349250793457
1662919768470806360 0.047434329986572266
1662919768581526756 0.04736614227294922
1662919768692394971 0.04734659194946289
1662919768802888870 0.047210693359375
1662919768913611173 0.04757261276245117
1662919769024450302 0.047751426696777344
1662919769135618925 0.04681873321533203
1662919769246532917 0.047495365142822266
1662919769356983661 0.04662370681762695
1662919769467452526 0.04697275161743164
1662919769577697753 0.04701638221740723
1662919769688053607 0.047087669372558594
1662919769798562288 0.04804682731628418
1662919769909136056 0.048201560974121094
1662919770019464969 0.04774832725524902
1662919770130372762 0.04891657829284668
1662919770240638017 0.0481717586517334
1662919770350949048 0.04837989807128906
1662919770461341857 0.048140525817871094
1662919770572293996 0.048417091369628906
1662919770682454109 0.04793548583984375
1662919770793176889 0.04768800735473633
1662919770903732538 0.047918081283569336
1662919771014237403 0.04703235626220703
1662919771124648094 0.047118186950683594
1662919771235292673 0.04701590538024902
1662919771346156120 0.04703092575073242
1662919771456374883 0.0472407341003418
1662919771566578388 0.0472564697265625
1662919771677226781 0.04738211631774902
1662919771787369966 0.04735517501831055
1662919771897715091 0.04716348648071289
1662919772008150100 0.047269344329833984
1662919772118610620 0.04731106758117676
1662919772229373931 0.04743003845214844
1662919772339574813 0.04908132553100586
1662919772450277566 0.048845767974853516
1662919772560487985 0.04784870147705078
1662919772670705080 0.04754471778869629
1662919772781377553 0.04767298698425293
1662919772891610383 0.04756307601928711
1662919773002248287 0.04786205291748047
1662919773112565517 0.0476377010345459
1662919773223319292 0.04752230644226074
1662919773333590984 0.04746842384338379
1662919773444222450 0.04698038101196289
1662919773554798364 0.04714465141296387
1662919773665272235 0.04719042778015137
1662919773776288509 0.04685044288635254
1662919773886742115 0.04711270332336426
1662919773997242212 0.04694867134094238
1662919774107451677 0.0470433235168457
1662919774217595815 0.04729866981506348
1662919774327778339 0.047127723693847656
1662919774438366651 0.0471343994140625
1662919774548542022 0.04710221290588379
1662919774658757925 0.04712796211242676
1662919774769587755 0.04806971549987793
1662919774880234718 0.047571420669555664
1662919774990473270 0.047780752182006836
1662919775101133108 0.0476679801940918
1662919775211248159 0.047350406646728516
1662919775321527242 0.04762911796569824
1662919775431518554 0.04756808280944824
1662919775542144298 0.047536611557006836
1662919775652297735 0.04772329330444336
1662919775762412309 0.04737043380737305
1662919775872481584 0.04747271537780762
1662919775982840538 0.04733705520629883
1662919776093320846 0.04758310317993164
1662919776203646898 0.04769706726074219
1662919776314156770 0.047606706619262695
1662919776424878358 0.04764866828918457
1662919776535393953 0.046225547790527344
1662919776645962953 0.046900272369384766
1662919776756455183 0.0469508171081543
1662919776867010593 0.04674983024597168
1662919776977279901 0.04719352722167969
1662919777087343215 0.04718375205993652
1662919777197607517 0.04748249053955078
1662919777308183670 0.046961307525634766
1662919777418358325 0.04706382751464844
1662919777529050350 0.04714369773864746
1662919777639498472 0.04787731170654297
1662919777749960422 0.04749345779418945
1662919777860218524 0.04692721366882324
1662919777970362663 0.04696178436279297
1662919778080422401 0.04699254035949707
1662919778190555334 0.04874849319458008
1662919778301177024 0.048383474349975586
1662919778411691188 0.048055171966552734
1662919778522216558 0.04734635353088379
1662919778632495641 0.04733777046203613
1662919778742605209 0.047205209732055664
1662919778853124618 0.046997785568237305
1662919778963469982 0.04721498489379883
1662919779074069976 0.047417640686035156
1662919779184586763 0.047556400299072266
1662919779295090675 0.04755568504333496
1662919779405625104 0.04836630821228027
1662919779516009330 0.048514604568481445
1662919779626575708 0.04847002029418945
1662919779736764192 0.04709601402282715
1662919779847300291 0.04679989814758301
1662919779959587335 0.04757976531982422
1662919780070282697 0.04750490188598633
1662919780180419683 0.046721458435058594
1662919780291247844 0.04671120643615723
1662919780401568174 0.04661226272583008
1662919780512165069 0.04747128486633301
1662919780622551441 0.04668283462524414
1662919780733011722 0.04700422286987305
1662919780844034194 0.04831886291503906
1662919780971580743 0.04697060585021973
1662919781082473039 0.04682517051696777
1662919781193750381 0.04705214500427246
1662919781304322957 0.04732036590576172
1662919781414856672 0.04932451248168945
1662919781525602340 0.04832124710083008
1662919781637202262 0.04806709289550781
1662919781748196363 0.04746890068054199
1662919781858688831 0.047559261322021484
1662919781969481945 0.04714775085449219
1662919782080357789 0.04883933067321777
1662919782191225051 0.04707670211791992
1662919782301614284 0.047483205795288086
1662919782412276506 0.04753303527832031
1662919782523433923 0.04830813407897949
1662919782634687662 0.04755687713623047
1662919782745567798 0.04772686958312988
1662919782856451272 0.04818272590637207
1662919782966935873 0.047501325607299805
1662919783077556371 0.04745602607727051
1662919783188481569 0.0471954345703125
1662919783299280166 0.04720783233642578
1662919783410296916 0.047041893005371094
1662919783521041393 0.04688096046447754
1662919783631492614 0.04709982872009277
1662919783742125511 0.04711127281188965
1662919783852328538 0.04715275764465332
1662919783962348699 0.04744863510131836
1662919784072841882 0.04699063301086426
1662919784183138608 0.04666471481323242
1662919784293316602 0.04700446128845215
1662919784403449535 0.04706239700317383
1662919784514125108 0.047280073165893555
1662919784624933958 0.0472259521484375
1662919784735261917 0.04686570167541504
1662919784845494270 0.04832935333251953
1662919784956045150 0.04822373390197754
1662919785066239595 0.04773306846618652
1662919785176497459 0.047690391540527344
1662919785286786079 0.04793953895568848
1662919785397022485 0.04726123809814453
1662919785508188009 0.04696035385131836
1662919785619495630 0.047113895416259766
1662919785729706525 0.046616554260253906
1662919785839855194 0.04724740982055664
1662919785950129270 0.04740762710571289
1662919786060297250 0.04732823371887207
1662919786170326948 0.0475926399230957
1662919786280964612 0.0472409725189209
1662919786391983985 0.04665422439575195
1662919786502206802 0.04707074165344238
1662919786612386226 0.0469965934753418
1662919786722811222 0.046627044677734375
1662919786833160877 0.04686594009399414
1662919786943289041 0.04669547080993652
1662919787053715467 0.048284053802490234
1662919787164243221 0.048102617263793945
1662919787274347543 0.04809236526489258
1662919787384619712 0.04701948165893555
1662919787494929552 0.047133684158325195
1662919787605848789 0.04727530479431152
1662919787716325998 0.048015594482421875
1662919787826919794 0.04740333557128906
1662919787937146425 0.047807931900024414
1662919788047584056 0.047713279724121094
1662919788158202409 0.04752087593078613
1662919788269235849 0.04737091064453125
1662919788380141735 0.04723668098449707
1662919788490327835 0.04742574691772461
1662919788600717067 0.047904014587402344
1662919788711383342 0.047701120376586914
1662919788822222232 0.04756927490234375
1662919788933287620 0.04761862754821777
1662919789043597936 0.04796767234802246
1662919789154267311 0.04799795150756836
1662919789265030384 0.04904961585998535
1662919789375783205 0.048352956771850586
1662919789486300230 0.04851245880126953
1662919789597049236 0.0478825569152832
1662919789707471609 0.047614336013793945
1662919789818183183 0.04735922813415527
1662919789929076671 0.047698974609375
1662919790039248704 0.047289133071899414
1662919790149944305 0.04777240753173828
1662919790260720968 0.04758906364440918
1662919790370959043 0.04679155349731445
1662919790481319427 0.047181129455566406
1662919790591822862 0.04746198654174805
1662919790701898574 0.0475316047668457
1662919790812633037 0.04738020896911621
1662919790922704219 0.04700469970703125
1662919791032848358 0.047385215759277344
1662919791142685890 0.04652261734008789
1662919791253089904 0.04740452766418457
1662919791363082408 0.047156333923339844
1662919791473144769 0.048099517822265625
1662919791583011627 0.048410654067993164
1662919791693192005 0.04944944381713867
1662919791803637266 0.04861640930175781
1662919791913800477 0.04823422431945801
1662919792023859739 0.047713518142700195
1662919792134087562 0.04804563522338867
1662919792244831323 0.04783487319946289
1662919792355006217 0.046949148178100586
1662919792464968681 0.047293663024902344
1662919792575074195 0.04771733283996582
1662919792685227870 0.047643184661865234
1662919792795218229 0.04743814468383789
1662919792905458927 0.04746818542480469
1662919793015810489 0.04739832878112793
1662919793126019477 0.047533512115478516
1662919793236198663 0.04759478569030762
1662919793346198558 0.04746389389038086
1662919793456632614 0.04748129844665527
1662919793566626787 0.047020673751831055
1662919793676511764 0.04733633995056152
1662919793786268234 0.04746055603027344
1662919793896159410 0.04909014701843262
1662919794006401538 0.0487675666809082
1662919794116755008 0.04853034019470215
1662919794227102518 0.0478823184967041
1662919794337268114 0.04842877388000488
1662919794447654247 0.0483551025390625
1662919794557682752 0.047893524169921875
1662919794667983770 0.04763364791870117
1662919794778136253 0.047814369201660156
1662919794888673305 0.04573464393615723
1662919795003271341 0.047353506088256836
1662919795113200902 0.04784202575683594
1662919795224236726 0.04759359359741211
1662919795333804607 0.04773712158203125
1662919795443536996 0.048230648040771484
1662919795554124355 0.04780459403991699
1662919795665008544 0.04752206802368164
1662919795775205373 0.04743146896362305
1662919795885145902 0.04799485206604004
1662919795995121479 0.04753613471984863
1662919796105031251 0.047441959381103516
1662919796215905904 0.04763031005859375
1662919796325939655 0.047389984130859375
1662919796436029672 0.047316789627075195
1662919796546556949 0.04682517051696777
1662919796656881093 0.04696321487426758
1662919796766821861 0.046886444091796875
1662919796876829862 0.047502994537353516
1662919796986683607 0.0473179817199707
1662919797096759319 0.04719901084899902
1662919797207161426 0.04686284065246582
1662919797317253589 0.04876399040222168
1662919797427967071 0.04825401306152344
1662919797538029193 0.04805636405944824
1662919797647892236 0.047812700271606445
1662919797758049726 0.04785418510437012
1662919797868029594 0.046895742416381836
1662919797977927446 0.04684591293334961
1662919798088039875 0.04719400405883789
1662919798198819875 0.04705309867858887
1662919798309173345 0.047129154205322266
1662919798419015884 0.04733633995056152
