using cuda:0 device.
22852
1662918860928850650 0.06412935256958008
1662918861041558027 0.051203012466430664
1662918861152429580 0.0502016544342041
1662918861263278961 0.05026388168334961
1662918861373623847 0.05005168914794922
1662918861483802556 0.05047297477722168
1662918861594160318 0.05650663375854492
1662918861704197645 0.04901742935180664
1662918861814778804 0.04836082458496094
1662918861925152063 0.048287391662597656
1662918862035079956 0.04775357246398926
1662918862145073890 0.04775214195251465
1662918862255136251 0.047316789627075195
1662918862365189313 0.04775357246398926
1662918862476180791 0.0478057861328125
1662918862587054014 0.04775214195251465
1662918862696920871 0.05183768272399902
1662918862807259798 0.04740285873413086
1662918862917451381 0.048180580139160156
1662918863027355909 0.04752707481384277
1662918863137881278 0.04759025573730469
1662918863248040676 0.04780697822570801
1662918863358108520 0.04747772216796875
1662918863468162775 0.047736167907714844
1662918863578102350 0.047693729400634766
1662918863688757658 0.04743242263793945
1662918863799078226 0.04759573936462402
1662918863909198760 0.0487513542175293
1662918864019316673 0.047368764877319336
1662918864129466056 0.047777414321899414
1662918864239721536 0.04757952690124512
1662918864350260972 0.04733896255493164
1662918864460773229 0.04752039909362793
1662918864570879459 0.0474245548248291
1662918864680976390 0.04763221740722656
1662918864790949821 0.047315120697021484
1662918864900932788 0.04758048057556152
1662918865011051893 0.04744219779968262
1662918865121882677 0.0540156364440918
1662918865232035636 0.047197818756103516
1662918865341994762 0.049395084381103516
1662918865452111721 0.04719948768615723
1662918865562995433 0.04729604721069336
1662918865673056840 0.047545433044433594
1662918865784171104 0.04790377616882324
1662918865894685029 0.048490285873413086
1662918866004979848 0.04850053787231445
1662918866114937305 0.049436330795288086
1662918866225074291 0.048934221267700195
1662918866335241556 0.048467159271240234
1662918866445276737 0.04789161682128906
1662918866555329084 0.04819798469543457
1662918866665308713 0.0475459098815918
1662918866775989532 0.04761481285095215
1662918866886005401 0.04783439636230469
1662918866996073722 0.04749417304992676
1662918867106045961 0.04762411117553711
1662918867216033220 0.048291921615600586
1662918867326407194 0.04745078086853027
1662918867436724901 0.047389984130859375
1662918867547037124 0.04750871658325195
1662918867657228469 0.04745078086853027
1662918867767143011 0.047452688217163086
1662918867877067565 0.0476531982421875
1662918867987049818 0.04718351364135742
1662918868097684144 0.048583269119262695
1662918868208141803 0.047448158264160156
1662918868318006277 0.047432899475097656
1662918868428855895 0.04777669906616211
1662918868538988351 0.04907393455505371
1662918868649209260 0.048555612564086914
1662918868759688854 0.047868967056274414
1662918868869699239 0.04757571220397949
1662918868979794979 0.04753470420837402
1662918869090018272 0.04772639274597168
1662918869200150728 0.04788708686828613
1662918869310203075 0.047553062438964844
1662918869420739412 0.04802680015563965
1662918869531105041 0.04795670509338379
1662918869641747474 0.048299312591552734
1662918869751940488 0.048586130142211914
1662918869862056016 0.04796147346496582
1662918869973864078 0.04790973663330078
1662918870084889650 0.04846596717834473
1662918870194627523 0.048247575759887695
1662918870304149389 0.048203468322753906
1662918870413895845 0.04676938056945801
1662918870523907184 0.04695296287536621
1662918870633987426 0.047040462493896484
1662918870743909835 0.04654645919799805
1662918870853856801 0.05340409278869629
1662918870964086294 0.04685378074645996
1662918871073951482 0.04672574996948242
1662918871183711767 0.0470120906829834
1662918871293700456 0.04660391807556152
1662918871403412342 0.0462801456451416
1662918871512988090 0.04637956619262695
1662918871622768878 0.04633808135986328
1662918871732807159 0.04644274711608887
1662918871842084646 0.04675173759460449
1662918871951900005 0.04609513282775879
1662918872061745643 0.04660797119140625
1662918872171576738 0.047371625900268555
1662918872281244516 0.04739499092102051
1662918872391059875 0.046591758728027344
1662918872500609636 0.046791791915893555
1662918872610920906 0.04677319526672363
1662918872720752239 0.047395944595336914
1662918872830828189 0.04758262634277344
1662918872940989255 0.04887676239013672
1662918873050862073 0.0386960506439209
1662918873160958051 0.03920340538024902
1662918873271645545 0.03874373435974121
1662918873382200717 0.04919314384460449
1662918873492158412 0.03835558891296387
1662918873602097749 0.03904891014099121
1662918873712376594 0.03824758529663086
1662918873822920560 0.043569326400756836
1662918873933591604 0.04878687858581543
1662918874043705940 0.04882168769836426
1662918874153654813 0.038720130920410156
1662918874263697147 0.03856158256530762
1662918874373769760 0.038831472396850586
1662918874484275341 0.0385899543762207
1662918874594525337 0.03891921043395996
1662918874704910516 0.039316415786743164
1662918874815174579 0.04662609100341797
1662918874925308465 0.04278969764709473
1662918875036308765 0.04249763488769531
1662918875146385192 0.047341108322143555
1662918875257087707 0.04616689682006836
1662918875367155313 0.04581928253173828
1662918875477559566 0.04614615440368652
1662918875587573289 0.04545783996582031
1662918875697875261 0.04573941230773926
1662918875807971000 0.045644283294677734
1662918875918000221 0.04589128494262695
1662918876028114795 0.04581499099731445
1662918876138632535 0.045957326889038086
1662918876248652696 0.045932769775390625
1662918876359117984 0.04540133476257324
1662918876469969987 0.04560375213623047
1662918876580225229 0.04575467109680176
1662918876690873861 0.04596400260925293
1662918876801614761 0.04606008529663086
1662918876911777496 0.045774221420288086
1662918877021898269 0.04699516296386719
1662918877132601499 0.04659318923950195
1662918877242758750 0.04712271690368652
1662918877352976322 0.046866655349731445
1662918877463641405 0.04652237892150879
1662918877573850870 0.04733586311340332
1662918877684031486 0.04792928695678711
1662918877794656515 0.048435211181640625
1662918877904840707 0.047780513763427734
1662918878015044450 0.04820728302001953
1662918878125685453 0.048094749450683594
1662918878235867738 0.04781079292297363
1662918878346101284 0.04790639877319336
1662918878456895589 0.04822683334350586
1662918878567154884 0.047564029693603516
1662918878677085638 0.04813694953918457
1662918878787787437 0.04807591438293457
1662918878897882699 0.047821998596191406
1662918879008547306 0.04835796356201172
1662918879118537664 0.04779982566833496
1662918879228821992 0.048188209533691406
1662918879339104175 0.0478057861328125
1662918879449393510 0.04785275459289551
1662918879559520721 0.04751014709472656
1662918879669768095 0.04770016670227051
1662918879779994010 0.04786252975463867
1662918879890598058 0.047690391540527344
1662918880000931262 0.04771757125854492
1662918880111109733 0.047739267349243164
1662918880221585512 0.048122406005859375
1662918880331852912 0.047986507415771484
1662918880441941261 0.04817795753479004
1662918880552059650 0.04743695259094238
1662918880662622451 0.04794120788574219
1662918880772900342 0.04780459403991699
1662918880883008241 0.047399282455444336
1662918880993071317 0.04829120635986328
1662918881103285551 0.047731876373291016
1662918881213861942 0.049108028411865234
1662918881324872732 0.04853415489196777
1662918881435788869 0.04851889610290527
1662918881546584129 0.048386335372924805
1662918881656891107 0.04837393760681152
1662918881767823219 0.047324419021606445
1662918881878102064 0.04735541343688965
1662918881988113641 0.04808807373046875
1662918882098186731 0.04783344268798828
1662918882208765745 0.0480351448059082
1662918882319689750 0.04738879203796387
1662918882429751634 0.04762530326843262
1662918882539384126 0.04745292663574219
1662918882649374961 0.04776334762573242
1662918882759095668 0.04755115509033203
1662918882868905782 0.047662973403930664
1662918882978942871 0.04763150215148926
1662918883088879108 0.04779505729675293
1662918883198548793 0.04723525047302246
1662918883308620452 0.04761934280395508
1662918883418740034 0.04793977737426758
1662918883528645515 0.0483090877532959
1662918883638565063 0.04831576347351074
1662918883748626232 0.04768800735473633
1662918883857939004 0.0481114387512207
1662918883967770338 0.047875165939331055
1662918884077532768 0.04846835136413574
1662918884187744855 0.04757094383239746
1662918884297470092 0.047598838806152344
1662918884406888246 0.04750823974609375
1662918884516528606 0.04695630073547363
1662918884625915288 0.04724431037902832
1662918884735708475 0.04703688621520996
1662918884845498085 0.047530174255371094
1662918884955667018 0.04795336723327637
1662918885065709829 0.047010183334350586
1662918885175512790 0.05388331413269043
1662918885285595417 0.046988487243652344
1662918885395591020 0.046653032302856445
1662918885505808353 0.04601120948791504
1662918885615761518 0.04692792892456055
1662918885725643157 0.047139883041381836
1662918885835624933 0.04815840721130371
1662918885945617198 0.047731637954711914
1662918886055735111 0.049223899841308594
1662918886165608406 0.04842877388000488
1662918886275516271 0.04841136932373047
1662918886385414838 0.04762458801269531
1662918886495969772 0.04784274101257324
1662918886605764389 0.047708749771118164
1662918886715701103 0.04723668098449707
1662918886825551986 0.04735302925109863
1662918886935709238 0.04744267463684082
1662918887045790433 0.04774188995361328
1662918887155709981 0.04772067070007324
1662918887265484571 0.047431230545043945
1662918887375183105 0.04774594306945801
1662918887484908103 0.04764413833618164
1662918887594815969 0.0473780632019043
1662918887704727649 0.047159433364868164
1662918887814550638 0.04700970649719238
1662918887925004243 0.04699063301086426
1662918888035398721 0.04660320281982422
1662918888145017623 0.04795241355895996
1662918888254904985 0.04726719856262207
1662918888365045785 0.04808187484741211
1662918888474540948 0.04914569854736328
1662918888584907531 0.04842567443847656
1662918888694953680 0.047913312911987305
1662918888805489063 0.047499895095825195
1662918888915646791 0.04791688919067383
1662918889025563478 0.04750847816467285
1662918889135735750 0.04768204689025879
1662918889245558261 0.04777956008911133
1662918889355813264 0.04769301414489746
1662918889465666532 0.047389984130859375
1662918889575634956 0.047391653060913086
1662918889685675621 0.04728126525878906
1662918889795745134 0.047300100326538086
1662918889905668497 0.04745793342590332
1662918890015979528 0.04728817939758301
1662918890126143217 0.047362327575683594
1662918890235902547 0.04742765426635742
1662918890346132993 0.047356605529785156
1662918890456884145 0.049256086349487305
1662918890567543029 0.047203779220581055
1662918890677794933 0.04879927635192871
1662918890789026498 0.04809999465942383
1662918890899205207 0.04808235168457031
1662918891010432958 0.04810929298400879
1662918891120734930 0.04803347587585449
1662918891232068538 0.04762840270996094
1662918891342561483 0.047982215881347656
1662918891453752279 0.04716968536376953
1662918891564025402 0.04732227325439453
1662918891675535202 0.04764556884765625
1662918891785825729 0.047116994857788086
1662918891897520065 0.04725170135498047
1662918892007554292 0.047506093978881836
1662918892119002580 0.04702877998352051
1662918892229896545 0.04767298698425293
1662918892341831684 0.04717135429382324
1662918892452678203 0.047452688217163086
1662918892564516544 0.04763484001159668
1662918892675755739 0.04736804962158203
1662918892787206888 0.04752230644226074
1662918892897861957 0.047571659088134766
1662918893009410619 0.04777407646179199
1662918893120173931 0.0489656925201416
1662918893232015848 0.04864192008972168
1662918893342853784 0.04768538475036621
1662918893454709768 0.047475576400756836
1662918893565141439 0.047783613204956055
1662918893676847219 0.04765176773071289
1662918893787660598 0.047208547592163086
1662918893899154424 0.04715418815612793
1662918894010037899 0.04672360420227051
1662918894122031211 0.0464475154876709
1662918894233051538 0.046762943267822266
1662918894344976186 0.047295570373535156
1662918894455816030 0.04668021202087402
1662918894568157672 0.047092437744140625
1662918894679101705 0.04742574691772461
1662918894791052579 0.04709482192993164
1662918894902235984 0.04691648483276367
1662918895013784885 0.04700517654418945
1662918895124460697 0.048851728439331055
1662918895236072778 0.048432111740112305
1662918895346949815 0.04855155944824219
1662918895458216667 0.047945261001586914
1662918895568849325 0.04770994186401367
1662918895680886745 0.04800224304199219
1662918895792803764 0.04758453369140625
1662918895902864217 0.04740428924560547
1662918896012980461 0.047637224197387695
1662918896123215436 0.047087669372558594
1662918896233379840 0.04712939262390137
1662918896344366073 0.04760432243347168
1662918896454724788 0.04731440544128418
1662918896564876556 0.04740786552429199
1662918896674706459 0.04729652404785156
1662918896784605503 0.0475316047668457
1662918896894794225 0.04767322540283203
1662918897004934072 0.046468257904052734
1662918897115464448 0.04594278335571289
1662918897225751638 0.04610276222229004
1662918897335821866 0.04583334922790527
1662918897445698976 0.045983314514160156
1662918897555484771 0.04628944396972656
1662918897665526390 0.04625654220581055
1662918897775674581 0.04640483856201172
1662918897885653495 0.04678225517272949
1662918897995642423 0.04531264305114746
1662918898105711221 0.04596686363220215
1662918898215727567 0.04588580131530762
1662918898325646162 0.04560542106628418
1662918898435424566 0.045996665954589844
1662918898545414209 0.045891523361206055
1662918898655725479 0.04573774337768555
1662918898765724897 0.04757213592529297
1662918898875524520 0.049973249435424805
1662918898985473632 0.04709053039550781
1662918899095340013 0.049948930740356445
1662918899205465793 0.047089338302612305
1662918899315324306 0.04722738265991211
1662918899425464868 0.04782867431640625
1662918899535425424 0.04828310012817383
1662918899645493984 0.0477147102355957
1662918899755504846 0.04829120635986328
1662918899865404844 0.047554731369018555
1662918899975409746 0.04823660850524902
1662918900085462808 0.04752206802368164
1662918900195376396 0.04740166664123535
1662918900305400609 0.0480501651763916
1662918900415609121 0.04798388481140137
1662918900525536537 0.04770994186401367
1662918900635524034 0.04771018028259277
1662918900745458126 0.047803640365600586
1662918900855288028 0.047664642333984375
1662918900965420007 0.0475616455078125
1662918901075521707 0.04773378372192383
1662918901185693025 0.05984997749328613
1662918901295309543 0.04696297645568848
1662918901405613422 0.04724717140197754
1662918901515504837 0.04732966423034668
1662918901625574350 0.04700589179992676
1662918901735650062 0.04719376564025879
1662918901845487594 0.04711556434631348
1662918901955197811 0.04724693298339844
1662918902065370798 0.04705071449279785
1662918902175384759 0.04687213897705078
1662918902285803794 0.04678940773010254
1662918902395647764 0.04659748077392578
1662918902505302667 0.04695463180541992
1662918902615595817 0.04682111740112305
1662918902725495338 0.0470585823059082
1662918902835495471 0.04694795608520508
1662918902945338249 0.04753232002258301
1662918903055457830 0.048074960708618164
1662918903165511369 0.04854178428649902
1662918903275448322 0.04803347587585449
1662918903385349273 0.04778909683227539
1662918903495033264 0.04830026626586914
1662918903605303525 0.048041343688964844
1662918903715314388 0.047295570373535156
1662918903825502872 0.04852628707885742
1662918903935511350 0.04763984680175781
1662918904045636892 0.04819941520690918
1662918904155539751 0.04784822463989258
1662918904266146898 0.047443389892578125
1662918904376296758 0.047638893127441406
1662918904486551046 0.04715299606323242
1662918904596554040 0.047713279724121094
1662918904707561969 0.04748892784118652
1662918904818521499 0.04776310920715332
1662918904928603410 0.04759573936462402
1662918905038969516 0.0473020076751709
1662918905149369716 0.04760241508483887
1662918905259407520 0.04717445373535156
1662918905369424104 0.04750180244445801
1662918905479475498 0.04765939712524414
1662918905589612960 0.04900860786437988
1662918905699531555 0.048574209213256836
1662918905810247421 0.049430131912231445
1662918905920439004 0.048349618911743164
1662918906030623435 0.048787832260131836
1662918906140720367 0.04737138748168945
1662918906251685857 0.048094749450683594
1662918906362340688 0.05434274673461914
1662918906472499132 0.04756045341491699
1662918906582990169 0.046903133392333984
1662918906693625926 0.047287940979003906
1662918906804420471 0.04774045944213867
1662918906914834499 0.04809904098510742
1662918907025515556 0.04679512977600098
1662918907135522365 0.047265052795410156
1662918907245793581 0.047097206115722656
1662918907356303691 0.047879695892333984
1662918907466375589 0.04737138748168945
1662918907576425790 0.04761195182800293
1662918907686345577 0.04762101173400879
1662918907796491861 0.047628164291381836
1662918907907443046 0.04736471176147461
1662918908018294811 0.05035114288330078
1662918908128848314 0.04974865913391113
1662918908239632606 0.04840874671936035
1662918908349675178 0.04746365547180176
1662918908459760427 0.04756760597229004
1662918908569974899 0.04796767234802246
1662918908679997920 0.04702329635620117
1662918908790512323 0.04649853706359863
1662918908900575637 0.04665708541870117
1662918909011277914 0.04621601104736328
1662918909121325492 0.04980325698852539
1662918909231618404 0.046576738357543945
1662918909341756343 0.046585798263549805
1662918909452390432 0.046793460845947266
1662918909563330888 0.04711318016052246
1662918909675616502 0.0463862419128418
1662918909785422086 0.046540021896362305
1662918909895303010 0.047086238861083984
1662918910005540847 0.04723048210144043
1662918910115507125 0.04599118232727051
1662918910225833177 0.04719233512878418
1662918910336477279 0.046502113342285156
1662918910446549654 0.05103898048400879
1662918910556652069 0.04691624641418457
1662918910666505098 0.04708433151245117
1662918910776680231 0.04681682586669922
1662918910886514425 0.0471034049987793
1662918910996587038 0.047176361083984375
1662918911106640100 0.04816031455993652
1662918911216593265 0.04858827590942383
1662918911326813220 0.04854583740234375
1662918911436983823 0.049494028091430664
1662918911547958850 0.0481722354888916
1662918911657981157 0.04740166664123535
1662918911767779827 0.04743027687072754
1662918911877693891 0.05196690559387207
1662918911987693309 0.04732918739318848
1662918912097480535 0.04724740982055664
1662918912207343816 0.047623395919799805
1662918912317351341 0.04722738265991211
1662918912427175998 0.04758405685424805
1662918912537343025 0.04789328575134277
1662918912647560119 0.047437191009521484
1662918912757320404 0.04702591896057129
1662918912866750955 0.04720306396484375
1662918912976441144 0.04792141914367676
1662918913086218595 0.04769420623779297
1662918913196243047 0.047370195388793945
1662918913306299209 0.04707980155944824
1662918913416327238 0.047347307205200195
1662918913526007413 0.04724264144897461
1662918913636062860 0.04771828651428223
1662918913746107578 0.04780125617980957
1662918913856148481 0.04916787147521973
1662918913965944528 0.04798316955566406
1662918914076159477 0.04796886444091797
1662918914186116456 0.04720735549926758
1662918914296136856 0.04722929000854492
1662918914406190156 0.05080056190490723
1662918914516227483 0.04770684242248535
1662918914626222372 0.04738187789916992
1662918914736309528 0.04800844192504883
1662918914846263885 0.0479433536529541
1662918914956442594 0.0473325252532959
1662918915066523313 0.04758405685424805
1662918915176425218 0.047419071197509766
1662918915286600589 0.04739952087402344
1662918915396357297 0.047395944595336914
1662918915506206512 0.047650814056396484
1662918915615967988 0.04715728759765625
1662918915725638151 0.04689192771911621
1662918915835225105 0.04790830612182617
1662918915944982051 0.0480809211730957
1662918916054889678 0.04862642288208008
1662918916165304899 0.047986745834350586
1662918916275201082 0.049437522888183594
1662918916384927749 0.04893183708190918
1662918916494583606 0.04879140853881836
1662918916604335784 0.04828310012817383
1662918916714348077 0.04795241355895996
1662918916824438571 0.04796457290649414
1662918916934478044 0.04705524444580078
1662918917044334411 0.04757428169250488
1662918917154453992 0.047904014587402344
1662918917264461755 0.04788494110107422
1662918917374562740 0.04750776290893555
1662918917485150098 0.04768180847167969
1662918917595484256 0.04752159118652344
1662918917705859422 0.04769325256347656
1662918917816364288 0.04796791076660156
1662918917927273273 0.047605276107788086
1662918918038300752 0.047666311264038086
1662918918148647785 0.04778409004211426
1662918918259127378 0.04728507995605469
1662918918369393587 0.04729032516479492
1662918918480315923 0.04851531982421875
1662918918591113328 0.04849505424499512
1662918918701548099 0.04848289489746094
1662918918811434984 0.04784274101257324
1662918918921945095 0.048433542251586914
1662918919032274723 0.04789280891418457
1662918919142434835 0.048369407653808594
1662918919252464532 0.04734086990356445
1662918919362524271 0.04728889465332031
1662918919472676515 0.04737687110900879
1662918919582896471 0.047163963317871094
1662918919692739725 0.04758334159851074
1662918919803217411 0.05177760124206543
1662918919913370609 0.04767632484436035
1662918920023566961 0.04729413986206055
1662918920133666276 0.04893159866333008
1662918920243409156 0.047664642333984375
1662918920353258609 0.0477755069732666
1662918920463020086 0.047573089599609375
1662918920573047399 0.04797673225402832
1662918920683132886 0.04861164093017578
1662918920793137550 0.04896140098571777
1662918920902926445 0.048586130142211914
1662918921013036012 0.04843568801879883
1662918921123050689 0.04895639419555664
1662918921233288288 0.04768085479736328
1662918921343602895 0.04841971397399902
1662918921453998804 0.048340797424316406
1662918921564213991 0.04825472831726074
1662918921674413919 0.04762911796569824
1662918921785008907 0.04747605323791504
1662918921895069122 0.04752969741821289
1662918922004949808 0.047048091888427734
1662918922114645242 0.04622077941894531
1662918922224904537 0.04755210876464844
1662918922335068225 0.0471649169921875
1662918922445140838 0.04760384559631348
1662918922554909706 0.047551870346069336
1662918922665194034 0.04782366752624512
1662918922775051116 0.04789924621582031
1662918922885118007 0.04775071144104004
1662918922995047092 0.04815816879272461
1662918923105007648 0.04766559600830078
1662918923215062618 0.04737067222595215
1662918923325132846 0.049482107162475586
1662918923435135602 0.04874372482299805
1662918923545196533 0.048902034759521484
1662918923656342744 0.04770922660827637
1662918923765940904 0.04765033721923828
1662918923875884056 0.04780220985412598
1662918923985335826 0.04799842834472656
1662918924095023393 0.04776334762573242
1662918924204920053 0.04799842834472656
1662918924314975023 0.04805350303649902
1662918924425057888 0.047948360443115234
1662918924535019874 0.04778766632080078
1662918924645289182 0.047867536544799805
1662918924755586624 0.04756355285644531
1662918924865194797 0.047269582748413086
1662918924975151062 0.04741239547729492
1662918925085224151 0.04768872261047363
1662918925195175886 0.04770350456237793
1662918925305613756 0.048125505447387695
1662918925415779113 0.04797983169555664
1662918925525126934 0.04875612258911133
1662918925634796142 0.048455238342285156
1662918925744321107 0.04799962043762207
1662918925854146718 0.04871821403503418
1662918925963878154 0.04796910285949707
1662918926073257684 0.04781150817871094
1662918926183087110 0.0477907657623291
1662918926292766571 0.04734325408935547
1662918926402346134 0.04685473442077637
1662918926512953281 0.0467982292175293
1662918926622809171 0.047188520431518555
1662918926732959032 0.04684162139892578
1662918926843259334 0.046813249588012695
1662918926953365802 0.047118425369262695
