using cuda:0 device.
| resize | preprocess | backbone | rpn | roi+mlp | postprocess | read+tran image | inference+nms | predict+drawbox | end-to-end |
| 0.00021982192993164062 | 0.002001047134399414 | 0.22974705696105957 | 0.08279800415039062 | 0.018224477767944336 | 0.0008392333984375 | 0.06515121459960938 | 0.33669233322143555 | 0.04993081092834473 | 0.45177435874938965 | 213 | 6
| 0.0002193450927734375 | 0.0019378662109375 | 0.22963213920593262 | 0.08100628852844238 | 0.018279314041137695 | 0.0008571147918701172 | 0.047760963439941406 | 0.33475470542907715 | 0.05393862724304199 | 0.43645429611206055 | 210 | 7
| 0.0002048015594482422 | 0.0020630359649658203 | 0.22894906997680664 | 0.08103752136230469 | 0.018784284591674805 | 0.0007860660552978516 | 0.04636812210083008 | 0.3347163200378418 | 0.048058271408081055 | 0.42914271354675293 | 230 | 6
| 0.0001766681671142578 | 0.00197601318359375 | 0.22987747192382812 | 0.08079266548156738 | 0.0165255069732666 | 0.0007441043853759766 | 0.0462949275970459 | 0.33298516273498535 | 0.053627729415893555 | 0.4329078197479248 | 203 | 7
| 0.00019478797912597656 | 0.001898050308227539 | 0.22880053520202637 | 0.08136248588562012 | 0.018463611602783203 | 0.0008258819580078125 | 0.04553866386413574 | 0.3344759941101074 | 0.05387234687805176 | 0.4338870048522949 | 197 | 7
| 0.00020933151245117188 | 0.0019183158874511719 | 0.2293710708618164 | 0.08170795440673828 | 0.017425537109375 | 0.0008695125579833984 | 0.0454707145690918 | 0.334242582321167 | 0.06099534034729004 | 0.44070863723754883 | 185 | 8
| 0.0002052783966064453 | 0.0019652843475341797 | 0.2283022403717041 | 0.08064937591552734 | 0.018077373504638672 | 0.0007491111755371094 | 0.047223567962646484 | 0.332735538482666 | 0.05361795425415039 | 0.4335770606994629 | 211 | 7
| 0.00017714500427246094 | 0.0026705265045166016 | 0.2274479866027832 | 0.08103394508361816 | 0.016792774200439453 | 0.000705718994140625 | 0.04462862014770508 | 0.3314030170440674 | 0.03884720802307129 | 0.41487884521484375 | 205 | 5
| 0.0001785755157470703 | 0.0018954277038574219 | 0.22747445106506348 | 0.08032703399658203 | 0.01849651336669922 | 0.0007867813110351562 | 0.04563593864440918 | 0.33199334144592285 | 0.04638218879699707 | 0.4240114688873291 | 221 | 6
| 0.0001785755157470703 | 0.0019218921661376953 | 0.2293987274169922 | 0.08086872100830078 | 0.018814563751220703 | 0.0008864402770996094 | 0.044805049896240234 | 0.3350512981414795 | 0.03876185417175293 | 0.41861820220947266 | 222 | 5
| 0.00025177001953125 | 0.002002239227294922 | 0.22807836532592773 | 0.08017587661743164 | 0.017589569091796875 | 0.0008094310760498047 | 0.04586362838745117 | 0.3316526412963867 | 0.03937840461730957 | 0.41689467430114746 | 197 | 5
| 0.00023102760314941406 | 0.002042531967163086 | 0.22863435745239258 | 0.08078789710998535 | 0.018419504165649414 | 0.0007071495056152344 | 0.044678688049316406 | 0.33359289169311523 | 0.03214097023010254 | 0.4104125499725342 | 236 | 4
| 0.0002281665802001953 | 0.0019140243530273438 | 0.22873568534851074 | 0.08121848106384277 | 0.01793694496154785 | 0.0006868839263916016 | 0.04335308074951172 | 0.3334925174713135 | 0.03979754447937012 | 0.4166431427001953 | 242 | 5
| 0.00018644332885742188 | 0.0019485950469970703 | 0.2287766933441162 | 0.08124494552612305 | 0.01773357391357422 | 0.0007469654083251953 | 0.04601573944091797 | 0.33341026306152344 | 0.04613208770751953 | 0.42555809020996094 | 201 | 6
| 0.0002086162567138672 | 0.0019767284393310547 | 0.22796058654785156 | 0.08137154579162598 | 0.015458106994628906 | 0.0007076263427734375 | 0.043947458267211914 | 0.3306248188018799 | 0.03932929039001465 | 0.41390156745910645 | 143 | 5
| 0.0002257823944091797 | 0.0020287036895751953 | 0.2277202606201172 | 0.08057284355163574 | 0.0176241397857666 | 0.000762939453125 | 0.04342484474182129 | 0.33185911178588867 | 0.04622626304626465 | 0.4215102195739746 | 195 | 6
| 0.00023627281188964844 | 0.0020427703857421875 | 0.22796869277954102 | 0.08029675483703613 | 0.01797795295715332 | 0.0007684230804443359 | 0.04436779022216797 | 0.3322451114654541 | 0.04632687568664551 | 0.4229397773742676 | 207 | 6
| 0.00019359588623046875 | 0.00200653076171875 | 0.22893571853637695 | 0.08062744140625 | 0.020522594451904297 | 0.0007059574127197266 | 0.045679569244384766 | 0.33580851554870605 | 0.06857919692993164 | 0.45006728172302246 | 295 | 9
| 0.00019431114196777344 | 0.0020453929901123047 | 0.2289443016052246 | 0.08119821548461914 | 0.022511005401611328 | 0.0007040500640869141 | 0.045552968978881836 | 0.3385038375854492 | 0.0467219352722168 | 0.43077874183654785 | 259 | 6
| 0.00018143653869628906 | 0.002025604248046875 | 0.22901082038879395 | 0.08089470863342285 | 0.020276546478271484 | 0.0007584095001220703 | 0.04587388038635254 | 0.33599114418029785 | 0.05321025848388672 | 0.4350752830505371 | 294 | 7
| 0.0002048015594482422 | 0.001989126205444336 | 0.22835493087768555 | 0.08141660690307617 | 0.017675399780273438 | 0.0007414817810058594 | 0.04578518867492676 | 0.3331727981567383 | 0.038457632064819336 | 0.4174156188964844 | 214 | 5
| 0.000179290771484375 | 0.0020046234130859375 | 0.22638177871704102 | 0.08043146133422852 | 0.01793193817138672 | 0.0007584095001220703 | 0.04371380805969238 | 0.33043336868286133 | 0.045650482177734375 | 0.4197976589202881 | 200 | 6
| 0.00021696090698242188 | 0.0019791126251220703 | 0.2282569408416748 | 0.08019876480102539 | 0.01563549041748047 | 0.0007276535034179688 | 0.04658365249633789 | 0.32971715927124023 | 0.04583597183227539 | 0.4221367835998535 | 156 | 6
| 0.0001895427703857422 | 0.001962423324584961 | 0.22854304313659668 | 0.0805971622467041 | 0.0157318115234375 | 0.0008172988891601562 | 0.045916080474853516 | 0.330737829208374 | 0.045906782150268555 | 0.4225606918334961 | 161 | 6
| 0.00018167495727539062 | 0.0019249916076660156 | 0.22859978675842285 | 0.08046150207519531 | 0.015624284744262695 | 0.0006704330444335938 | 0.04488992691040039 | 0.3303055763244629 | 0.038420915603637695 | 0.413616418838501 | 164 | 5
| 0.0001983642578125 | 0.0020477771759033203 | 0.22844195365905762 | 0.08075571060180664 | 0.0187375545501709 | 0.0007679462432861328 | 0.04741525650024414 | 0.3336784839630127 | 0.05352520942687988 | 0.4346189498901367 | 222 | 7
| 0.000316619873046875 | 0.001943349838256836 | 0.22739076614379883 | 0.08050251007080078 | 0.017419815063476562 | 0.0008358955383300781 | 0.04578399658203125 | 0.331132173538208 | 0.053145408630371094 | 0.43006157875061035 | 192 | 7
| 0.00017976760864257812 | 0.0028073787689208984 | 0.22890782356262207 | 0.08110785484313965 | 0.01606893539428711 | 0.0008530616760253906 | 0.04656529426574707 | 0.33232641220092773 | 0.04652857780456543 | 0.42542028427124023 | 156 | 6
| 0.00020813941955566406 | 0.001955270767211914 | 0.23013067245483398 | 0.08130693435668945 | 0.015946388244628906 | 0.0007722377777099609 | 0.045023441314697266 | 0.33313965797424316 | 0.04644608497619629 | 0.4246091842651367 | 135 | 6
| 0.00019741058349609375 | 0.0019290447235107422 | 0.22965121269226074 | 0.08026123046875 | 0.012389898300170898 | 0.0007131099700927734 | 0.04614663124084473 | 0.32805466651916504 | 0.039371490478515625 | 0.4135727882385254 | 108 | 5
| 0.000194549560546875 | 0.0020198822021484375 | 0.22873568534851074 | 0.08080720901489258 | 0.012594461441040039 | 0.0007548332214355469 | 0.04447340965270996 | 0.3279109001159668 | 0.024089813232421875 | 0.39647412300109863 | 112 | 3
| 0.0002238750457763672 | 0.001991748809814453 | 0.22848153114318848 | 0.08011460304260254 | 0.011355876922607422 | 0.0006787776947021484 | 0.0454561710357666 | 0.3256542682647705 | 0.02433013916015625 | 0.39544057846069336 | 75 | 3
| 0.0003390312194824219 | 0.0019524097442626953 | 0.2275829315185547 | 0.0810844898223877 | 0.011702537536621094 | 0.0007176399230957031 | 0.0473935604095459 | 0.3260478973388672 | 0.017056941986083984 | 0.39049839973449707 | 89 | 2
| 0.00020813941955566406 | 0.0020630359649658203 | 0.229292631149292 | 0.08087420463562012 | 0.011403322219848633 | 0.0007555484771728516 | 0.04485344886779785 | 0.3275139331817627 | 0.009000778198242188 | 0.38136816024780273 | 69 | 1
| 0.00019812583923339844 | 0.0020961761474609375 | 0.2290046215057373 | 0.0801844596862793 | 0.009807109832763672 | 0.0006716251373291016 | 0.046869754791259766 | 0.32473278045654297 | 0.016791343688964844 | 0.3883938789367676 | 51 | 2
| 0.0001976490020751953 | 0.002080678939819336 | 0.22892451286315918 | 0.0807044506072998 | 0.011621236801147461 | 0.00074005126953125 | 0.0456690788269043 | 0.327054500579834 | 0.024093151092529297 | 0.3968167304992676 | 76 | 3
| 0.00020813941955566406 | 0.0020635128021240234 | 0.2294139862060547 | 0.0805356502532959 | 0.009419441223144531 | 0.0006871223449707031 | 0.04447364807128906 | 0.325150728225708 | 0.008848905563354492 | 0.37847328186035156 | 34 | 1
| 0.0002803802490234375 | 0.0019402503967285156 | 0.22925138473510742 | 0.08092117309570312 | 0.009510278701782227 | 0.0007579326629638672 | 0.04700112342834473 | 0.3254091739654541 | 0.009693145751953125 | 0.38210344314575195 | 36 | 1
| 0.0001742839813232422 | 0.001922607421875 | 0.22909021377563477 | 0.0806117057800293 | 0.01024174690246582 | 0.0007317066192626953 | 0.04707694053649902 | 0.32570862770080566 | 0.009165287017822266 | 0.38195085525512695 | 39 | 1
| 0.00018525123596191406 | 0.001953125 | 0.2288649082183838 | 0.08039140701293945 | 0.011190176010131836 | 0.000736236572265625 | 0.04696369171142578 | 0.3261711597442627 | 0.01690196990966797 | 0.39003682136535645 | 62 | 2
| 0.000202178955078125 | 0.001970529556274414 | 0.2336440086364746 | 0.08112621307373047 | 0.01097559928894043 | 0.0008208751678466797 | 0.047981977462768555 | 0.33153772354125977 | 0.03242230415344238 | 0.4119420051574707 | 52 | 4
| 0.00019502639770507812 | 0.0024306774139404297 | 0.23135733604431152 | 0.08003950119018555 | 0.01098942756652832 | 0.0007207393646240234 | 0.0452420711517334 | 0.32859206199645996 | 0.008838653564453125 | 0.3826727867126465 | 57 | 1
| 0.0002052783966064453 | 0.002077817916870117 | 0.22740674018859863 | 0.07994437217712402 | 0.011227607727050781 | 0.0007040500640869141 | 0.04518485069274902 | 0.32434940338134766 | 0.008915424346923828 | 0.3784496784210205 | 53 | 1
| 0.00017452239990234375 | 0.002060413360595703 | 0.2284853458404541 | 0.08057236671447754 | 0.010958194732666016 | 0.0007233619689941406 | 0.04651498794555664 | 0.325671911239624 | 0.016987085342407227 | 0.3891739845275879 | 56 | 2
| 0.00018215179443359375 | 0.0019366741180419922 | 0.22867679595947266 | 0.08073902130126953 | 0.01123809814453125 | 0.0007023811340332031 | 0.046036720275878906 | 0.32625341415405273 | 0.009046792984008789 | 0.38133692741394043 | 53 | 1
| 0.00018262863159179688 | 0.0018782615661621094 | 0.22849607467651367 | 0.08049416542053223 | 0.010075569152832031 | 0.0006897449493408203 | 0.04508566856384277 | 0.32464599609375 | 0.00043272972106933594 | 0.3701643943786621 | 44 | 0
| 0.00020384788513183594 | 0.001996755599975586 | 0.22777915000915527 | 0.08025026321411133 | 0.011492252349853516 | 0.0007028579711914062 | 0.045383453369140625 | 0.3251488208770752 | 0.008939266204833984 | 0.3794715404510498 | 78 | 1
| 0.0002276897430419922 | 0.0018749237060546875 | 0.22821402549743652 | 0.07990527153015137 | 0.012625455856323242 | 0.0006947517395019531 | 0.044579505920410156 | 0.3263838291168213 | 0.024029016494750977 | 0.3949923515319824 | 111 | 3
| 0.0001800060272216797 | 0.002012968063354492 | 0.22854018211364746 | 0.08059072494506836 | 0.011806488037109375 | 0.0007076263427734375 | 0.04531264305114746 | 0.32663679122924805 | 0.016672372817993164 | 0.38862180709838867 | 84 | 2
| 0.00020885467529296875 | 0.001956462860107422 | 0.22880148887634277 | 0.08041954040527344 | 0.016544580459594727 | 0.0007224082946777344 | 0.04531097412109375 | 0.33144617080688477 | 0.016544818878173828 | 0.39330196380615234 | 184 | 2
| 0.0001773834228515625 | 0.0018961429595947266 | 0.2287609577178955 | 0.0808877944946289 | 0.014925479888916016 | 0.0007479190826416016 | 0.04611563682556152 | 0.3303999900817871 | 0.0318453311920166 | 0.40836095809936523 | 135 | 4
| 0.00019812583923339844 | 0.001967191696166992 | 0.22884678840637207 | 0.08059024810791016 | 0.011326074600219727 | 0.0007359981536865234 | 0.04393601417541504 | 0.3263852596282959 | 0.016971826553344727 | 0.38729310035705566 | 67 | 2
| 0.00017595291137695312 | 0.0022220611572265625 | 0.2289726734161377 | 0.08057594299316406 | 0.012575626373291016 | 0.0006937980651855469 | 0.0458378791809082 | 0.3277106285095215 | 0.024731874465942383 | 0.39828038215637207 | 112 | 3
| 0.00024437904357910156 | 0.0020160675048828125 | 0.22664308547973633 | 0.08078765869140625 | 0.012115001678466797 | 0.0007002353668212891 | 0.04744839668273926 | 0.3254237174987793 | 0.03130674362182617 | 0.4041788578033447 | 122 | 4
| 0.0001964569091796875 | 0.001949310302734375 | 0.22652673721313477 | 0.08028244972229004 | 0.01162576675415039 | 0.0007522106170654297 | 0.045394182205200195 | 0.3239452838897705 | 0.02391982078552246 | 0.39325928688049316 | 90 | 3
| 0.0002014636993408203 | 0.0019195079803466797 | 0.2266864776611328 | 0.08064866065979004 | 0.012664556503295898 | 0.0006928443908691406 | 0.046172380447387695 | 0.3257486820220947 | 0.024335622787475586 | 0.396256685256958 | 123 | 3
| 0.0001938343048095703 | 0.0020170211791992188 | 0.22708702087402344 | 0.0803842544555664 | 0.011329889297485352 | 0.0007567405700683594 | 0.045479774475097656 | 0.32453250885009766 | 0.008936166763305664 | 0.378948450088501 | 68 | 1
| 0.00018334388732910156 | 0.002585887908935547 | 0.22808837890625 | 0.08016681671142578 | 0.012183666229248047 | 0.0006647109985351562 | 0.04511857032775879 | 0.32622456550598145 | 0.03199458122253418 | 0.4033377170562744 | 127 | 4
| 0.00022721290588378906 | 0.002050638198852539 | 0.2278151512145996 | 0.08069658279418945 | 0.011405229568481445 | 0.0007185935974121094 | 0.04536294937133789 | 0.32559800148010254 | 0.024414777755737305 | 0.39537572860717773 | 79 | 3
| 0.00017261505126953125 | 0.002078533172607422 | 0.22841191291809082 | 0.08053445816040039 | 0.010015249252319336 | 0.0006620883941650391 | 0.04623723030090332 | 0.32465505599975586 | 0.024396657943725586 | 0.39528894424438477 | 46 | 3
| 0.00017976760864257812 | 0.0019478797912597656 | 0.22794246673583984 | 0.08077812194824219 | 0.00989222526550293 | 0.0007603168487548828 | 0.04428553581237793 | 0.32437920570373535 | 0.009031057357788086 | 0.37769579887390137 | 37 | 1
| 0.00024247169494628906 | 0.0021638870239257812 | 0.22964715957641602 | 0.08059430122375488 | 0.009914159774780273 | 0.0007388591766357422 | 0.04471921920776367 | 0.32601499557495117 | 0.008939027786254883 | 0.3796732425689697 | 48 | 1
| 0.00023603439331054688 | 0.0022003650665283203 | 0.22825908660888672 | 0.0802450180053711 | 0.011668920516967773 | 0.0006744861602783203 | 0.04519963264465332 | 0.3260765075683594 | 0.031594038009643555 | 0.40287017822265625 | 96 | 4
| 0.00020051002502441406 | 0.0020215511322021484 | 0.22935700416564941 | 0.0809791088104248 | 0.010309934616088867 | 0.0008220672607421875 | 0.04359579086303711 | 0.3265402317047119 | 0.009126901626586914 | 0.37926292419433594 | 47 | 1
| 0.00018858909606933594 | 0.001909494400024414 | 0.2291266918182373 | 0.08045339584350586 | 0.009684085845947266 | 0.0007615089416503906 | 0.04409027099609375 | 0.32494425773620605 | 0.01661539077758789 | 0.3856499195098877 | 49 | 2
| 0.0001811981201171875 | 0.0019237995147705078 | 0.22931146621704102 | 0.08006763458251953 | 0.009612083435058594 | 0.0008182525634765625 | 0.0443265438079834 | 0.3246176242828369 | 0.016715288162231445 | 0.38565945625305176 | 38 | 2
| 0.0001876354217529297 | 0.0019533634185791016 | 0.2267918586730957 | 0.08178186416625977 | 0.010241270065307617 | 0.0007944107055664062 | 0.04477643966674805 | 0.3244483470916748 | 0.016814470291137695 | 0.38603925704956055 | 49 | 2
| 0.0001983642578125 | 0.0019555091857910156 | 0.2280893325805664 | 0.0803976058959961 | 0.011127710342407227 | 0.0007572174072265625 | 0.04556846618652344 | 0.32536935806274414 | 0.016745567321777344 | 0.3876833915710449 | 55 | 2
| 0.00018358230590820312 | 0.001961231231689453 | 0.2295093536376953 | 0.08094525337219238 | 0.01041412353515625 | 0.0009520053863525391 | 0.04590487480163574 | 0.3267860412597656 | 0.017010211944580078 | 0.38970112800598145 | 45 | 2
| 0.0001888275146484375 | 0.0020148754119873047 | 0.2287158966064453 | 0.08061051368713379 | 0.011194467544555664 | 0.0007343292236328125 | 0.04557633399963379 | 0.326343297958374 | 0.016663789749145508 | 0.3885834217071533 | 68 | 2
| 0.00019216537475585938 | 0.001999378204345703 | 0.2291426658630371 | 0.08023381233215332 | 0.009694337844848633 | 0.0007445812225341797 | 0.04413032531738281 | 0.324901819229126 | 0.017005205154418945 | 0.38603734970092773 | 42 | 2
