using cuda:0 device.
0.347339391708374 0.3284005202067374 0.018938871501636645 0.9454744496197607
0.3357565402984619 0.3283898069437934 0.007366733354668531 0.9780593005035134
0.33681321144104004 0.32842194673262537 0.00839126470841467 0.9750862958358639
0.3440577983856201 0.3353266534446894 0.00873114494093069 0.9746230285088763
0.34980201721191406 0.3422260035252814 0.007576013686632688 0.9783419954321102
0.3456909656524658 0.3353480799705774 0.010342885681888403 0.9700805438685186
0.3502206802368164 0.3422215396657214 0.00799914057109502 0.9771597137962097
0.3586091995239258 0.3491155331148414 0.00949366640908439 0.9735264281516264
0.3488740921020508 0.3353025486030654 0.013571543498985372 0.9610990216636222
0.3415067195892334 0.33529272811203337 0.0062139914772000315 0.9818041897252439
0.3458576202392578 0.33529987028732944 0.010557749951928375 0.9694737101798575
0.3545374870300293 0.34906910897541743 0.0054683780546118665 0.9845760229745503
0.34076523780822754 0.3353114763221854 0.005453761486042152 0.9839955462560669
0.3399977684020996 0.3352954064277694 0.004702361974330216 0.9861694328276621
0.34055280685424805 0.3352784437614414 0.005274363092806655 0.984512348785121
0.3504796028137207 0.3421715444386494 0.008308058375071314 0.976295172933396
0.3325164318084717 0.3284076623820334 0.004108769426438286 0.9876434093674958
0.3270268440246582 0.3215065267576174 0.005520317267040831 0.9831196815554855
0.33318567276000977 0.3283996274348254 0.0047860453251843404 0.985635500813891
0.3406221866607666 0.3352838003929134 0.005338386267853212 0.9843275438978676
0.3316080570220947 0.32840498406629737 0.003203072955797359 0.9903407866969169
0.3377087116241455 0.3352882642524734 0.0024204473716721298 0.9928327363542638
0.3274116516113281 0.3215449159498334 0.005866735661494704 0.9820814695120895
0.3368961811065674 0.33529362088394543 0.0016025602226219515 0.9952431629905741
0.3314948081970215 0.3283924852595294 0.0031023229374920747 0.9906414131962868
0.3369169235229492 0.3352596955512894 0.0016572279716597915 0.9950811970074667
0.3277778625488281 0.3283790936808494 0.0006012311320212627 0.9981657360038105
0.33104729652404785 0.3284014129786494 0.002645883545398464 0.9920075361642282
0.3275594711303711 0.3215342026868894 0.006025268443481668 0.9816055740269419
0.3439216613769531 0.33529987028732944 0.008621791089623687 0.9749309448695241
0.34093523025512695 0.3353186184974814 0.005616611757645551 0.9835258686717634
0.3473703861236572 0.3353275462166014 0.012042839907055847 0.9653314145703576
0.33110761642456055 0.3283978418910014 0.0027097745335591394 0.9918160308034577
0.3387141227722168 0.3352954064277694 0.0034187163444474034 0.9899067794502727
0.3328368663787842 0.3284201611888014 0.0044167051899827725 0.986730120259706
0.33278799057006836 0.3284353383113054 0.004352652258762968 0.9869206450289663
0.3335459232330322 0.3215315243711534 0.012014398861878828 0.9639797760217715
0.32105469703674316 0.3146419947815934 0.0064127022551497825 0.9800261378689131
0.32074451446533203 0.3146357453782094 0.006108769087122656 0.9809544082232997
0.31805992126464844 0.31459646341408143 0.003463457850567009 0.9891106750048989
0.3236274719238281 0.3214877785474654 0.002139693376362717 0.993388406232502
0.3495638370513916 0.34219118542071336 0.00737265163067824 0.9789089978732716
0.3411531448364258 0.3353052269188014 0.005847917917624401 0.9828583789827635
0.3396883010864258 0.3353302245323374 0.004358076554088375 0.9871703660675097
0.3333261013031006 0.32842194673262537 0.0049041545704752165 0.9852872170787017
0.33220434188842773 0.3284005202067374 0.003803821681690356 0.9885497532631049
0.3323326110839844 0.3283933780314414 0.003939233052542956 0.9881467153052053
0.3341982364654541 0.3284121262415934 0.005786110223860719 0.9826865925893095
0.33469176292419434 0.3284290889079214 0.006262674016272951 0.9812882338018836
0.3415663242340088 0.32841569732924136 0.013150626904767426 0.9614990531216483
0.33666276931762695 0.3284603359248414 0.008202433392785535 0.9756360544131124
0.3413066864013672 0.3352989775154174 0.006007708885949814 0.9823979162280903
0.34534645080566406 0.3353239751289534 0.010022475676710663 0.9709784894174268
0.33653855323791504 0.3284549792933694 0.008083573944545619 0.9759802439667857
0.3422682285308838 0.3353480799705774 0.006920148560306372 0.9797815047280033
0.347308874130249 0.34221439749042537 0.005094476639823653 0.9853315678944814
0.34130406379699707 0.3353498655144014 0.005954198282595691 0.9825545637624251
0.34526515007019043 0.3422081480870414 0.0030570019831490103 0.991145929490632
0.33362841606140137 0.32842194673262537 0.005206469328775998 0.9843944068366832
0.3235666751861572 0.3214761725126094 0.0020905026735478227 0.9935391904239054
0.34002113342285156 0.3352588027793774 0.004762330643474144 0.9859940157379815
0.3330247402191162 0.3283951635752654 0.00462957664385083 0.9860984002545734
0.3518075942993164 0.3490530390810014 0.0027545552183150246 0.9921702792578961
0.3458867073059082 0.34218047215776937 0.0037062351481388367 0.9892848291944883
0.34367990493774414 0.3421536890004094 0.0015262159373347628 0.9955591935536318
0.3440983295440674 0.3421706516667374 0.001927677877330003 0.9943978865579377
0.34361743927001953 0.3353016558311534 0.008315783438866131 0.9757992974497098
0.3397538661956787 0.3352954064277694 0.004458459767909317 0.9868773832720964
0.31601929664611816 0.3146223537995294 0.0013969428465887557 0.9955795647246406
0.31762266159057617 0.3146205682557054 0.0030020933348707812 0.9905482394743592
0.3225846290588379 0.3146464586411534 0.007938170417684465 0.975391975616307
0.326474666595459 0.3215350954588014 0.004939571136657606 0.9848699711124039
0.31711864471435547 0.3146402092377694 0.0024784354765860495 0.9921845166851716
0.32062482833862305 0.3146446730973294 0.005980155241293639 0.9813484337058958
0.32665109634399414 0.3215520581251294 0.00509903821886476 0.9843899552888842
0.3186371326446533 0.3146723490266014 0.003964783618051915 0.9875570571918451
0.32647109031677246 0.3215609858442494 0.004910104472523047 0.9849600634844611
0.32744264602661133 0.3215636641599854 0.005878981866625943 0.982045766066317
0.32428717613220215 0.3215467014936574 0.0027404746385447654 0.9915492352450361
0.3404359817504883 0.3353757558998494 0.005060225850638866 0.9851360428336051
0.3337821960449219 0.3284576576091054 0.005324538435816484 0.984047865647394
0.3309493064880371 0.32843355276748143 0.00251575372055568 0.9923983713782261
0.3340787887573242 0.3215940184049934 0.01248477035233081 0.962629263597457
0.3352036476135254 0.3215931256330814 0.01361052198044399 0.9593962593266995
0.3214106559753418 0.3146589574479214 0.006751698527420413 0.978993544856402
0.34047555923461914 0.3353373667076334 0.005138192526985719 0.9849087771864263
0.33128833770751953 0.3284094479258574 0.0028788897816621195 0.9913100177278086
0.3267984390258789 0.3215529508970414 0.005245488128837517 0.9839488580653162
0.3252429962158203 0.3215413448621854 0.003701651353634927 0.9886188130207156
0.3341355323791504 0.32843355276748143 0.005701979611668961 0.982935129433649
0.3541107177734375 0.3491003559923374 0.005010361781100092 0.9858508609606509
0.3484201431274414 0.3422152902623374 0.006204852865104027 0.9821914634171007
0.34002184867858887 0.3353346883918974 0.004687160286691472 0.9862151202785734
0.3320910930633545 0.3284183756449774 0.0036727174183771027 0.988940632570123
0.33084750175476074 0.3283764153651134 0.0024710863896473256 0.9925310411094505
0.33884143829345703 0.3352891570243854 0.0035522812690716443 0.9895163906546898
0.3267655372619629 0.3215404520902734 0.005225085171689514 0.9840096810224493
0.3311500549316406 0.3284237322764494 0.002726322655191238 0.991767107948226
0.32442378997802734 0.3215199183362974 0.0029038716417299493 0.9910491408724168
0.3246018886566162 0.32151813279247343 0.0030837558641427787 0.9904998831741088
0.3383004665374756 0.3353052269188014 0.002995239618674206 0.9911462149333382
0.3337259292602539 0.3284281961360094 0.00529773312424453 0.9841254974224279
0.32942843437194824 0.3284130190135054 0.0010154153584428505 0.9969176450709887
0.3348209857940674 0.3284183756449774 0.006402610149089993 0.9808775123999308
0.323901891708374 0.3215199183362974 0.002381973372076629 0.9926460035181849
0.32410526275634766 0.3215154544767374 0.0025898082796102506 0.9920093606083861
0.3288724422454834 0.3283737370493774 0.0004987051961060085 0.9984835908028629
0.33318376541137695 0.3284031985224734 0.004780566888903548 0.9856518612694077
0.3274714946746826 0.3215297388273294 0.005941755847353236 0.9818556547852939
0.32463598251342773 0.3215109906171774 0.0031249918962503176 0.9903738585228424
0.33798789978027344 0.3284165901011534 0.00957130967912001 0.9716815019551223
0.34267735481262207 0.3352989775154174 0.007378377297204697 0.9784684421261532
0.33922600746154785 0.3353123690940974 0.003913638367450456 0.9884630356123445
0.34065723419189453 0.3352909425682094 0.005366291623685127 0.984247240084553
0.3482978343963623 0.3421867215611534 0.006111112835208932 0.9824543473093935
0.3437044620513916 0.3422108264027774 0.001493635648614211 0.9956543024210408
0.3495368957519531 0.3490619668001214 0.00047492895183171013 0.9986412623170724
0.33869028091430664 0.3353070124626254 0.003383268451681243 0.9900107306222429
0.34900808334350586 0.3421858287892414 0.00682225455426444 0.980452445430756
0.33701133728027344 0.3352873714805614 0.0017239657997120128 0.9948845465745317
0.33932924270629883 0.3353337956199854 0.003995447086313442 0.9882254560365974
0.3438420295715332 0.3422161830342494 0.001625846537283815 0.9952715305359563
0.33818840980529785 0.3353177257255694 0.0028706840797284583 0.9915115834945936
0.3385467529296875 0.3353391522514574 0.003207600678230116 0.9905253834205395
0.35042500495910645 0.3491057126238094 0.0013192923352970398 0.9962351649664641
0.3368525505065918 0.3353195112693934 0.0015330392371983859 0.9954489308901094
0.3439958095550537 0.3353561149177854 0.008639694637268325 0.9748843026650719
0.3505539894104004 0.3491164258867534 0.0014375635236469897 0.9958991665561563
0.3495364189147949 0.3491092837114574 0.0004271352033375364 0.9987779951380641
0.33842039108276367 0.3353480799705774 0.0030723111121862545 0.9909216134927434
0.3379204273223877 0.32847104918778536 0.009449378134602338 0.9720366767718741
0.35121941566467285 0.34225367945455343 0.008965736210119424 0.9744725496079082
0.3462498188018799 0.3353668281807294 0.010882990621150501 0.968568963707162
0.3468618392944336 0.3353632570930814 0.011498582201352192 0.9668496764454056
0.35317397117614746 0.3491610644823534 0.0040129066937940605 0.9886375921746718
0.3524506092071533 0.34225367945455343 0.010196929752599893 0.9710684859488876
0.3497273921966553 0.3491208897463134 0.0006065024503418837 0.9982657851118484
0.34114670753479004 0.3422260035252814 0.0010792959904913357 0.996836270241942
0.32997632026672363 0.3284424804866014 0.0015338397801222259 0.9953516671169543
0.33531761169433594 0.3353114763221854 6.135372150550822e-06 0.9999817028037402
0.3490724563598633 0.3490833933260094 1.0936966146124494e-05 0.9999686684928963
0.33085131645202637 0.3284576576091054 0.002393658842920976 0.9927651524298285
0.3298373222351074 0.3284692636439614 0.0013680585911460263 0.9958523232547624
0.35651469230651855 0.3491324957811694 0.007382196525349161 0.9792934297389286
0.33672237396240234 0.3353159401817454 0.0014064337806569682 0.9958231650480879
0.33666229248046875 0.3352882642524734 0.001374028227995372 0.9959186750085025
0.3331339359283447 0.3352855859367374 0.0021516500083926804 0.9935411863627862
0.34211158752441406 0.3421706516667374 5.906414232331736e-05 0.9998273541602296
0.3415262699127197 0.3421777938420334 0.0006515239293136688 0.9980923167946051
0.3459618091583252 0.34906464511585744 0.003102835957532246 0.9910312760674914
0.33354783058166504 0.3352864787086494 0.0017386481269843768 0.9947874098777606
0.34480977058410645 0.3490682162035054 0.004258445619398976 0.9876498696304772
0.3392813205718994 0.33529987028732944 0.003981450284569976 0.9882650471948802
0.3617899417877197 0.3559577457930654 0.005832195994654343 0.9838796071393373
0.328233003616333 0.32837730813702537 0.0001443045206923621 0.9995603595034549
0.32622647285461426 0.3283799864527614 0.0021535135981471387 0.993398715992289
0.33619260787963867 0.3352855859367374 0.0009070219429012649 0.9973020764834127
0.3568847179412842 0.3559675662840974 0.0009171516571867544 0.9974301178753817
0.3583388328552246 0.3559639951964494 0.0023748376587752196 0.993372647781842
0.35061049461364746 0.3490905355013054 0.0015199591123420397 0.9956648214024029
0.35705065727233887 0.3559648879683614 0.0010857693039774685 0.9969590609011278
0.35627126693725586 0.3559523891615934 0.0003188777756624739 0.9991049579203966
0.36261487007141113 0.3559782795470414 0.006636590524369712 0.981697963674069
0.3578684329986572 0.3559827434066014 0.001885689592055817 0.9947307741667651
0.3381321430206299 0.3353043341468894 0.002827808873740456 0.991636971130639
0.3430345058441162 0.3422277890691054 0.0008067167750108184 0.9976482926315948
0.34656691551208496 0.3490664306596814 0.0024995151475964428 0.9927877848815916
0.3457770347595215 0.3353632570930814 0.010413777666440083 0.9698829690245838
0.3624873161315918 0.36289459229396137 0.0004072761623695742 0.9988764402387483
0.35794854164123535 0.3491280319216094 0.008820509719625946 0.9753581627147219
0.3462693691253662 0.34220904085895343 0.004060328266412783 0.988274076114013
0.3549373149871826 0.3559604241088014 0.0010231091216187926 0.9971174934885172
0.3208732604980469 0.3214886713193774 0.000615410821330542 0.9980820750835537
0.32801055908203125 0.3283960563471774 0.0003854972651461397 0.9988247412942285
0.3424644470214844 0.3422072553151294 0.00025719170635496447 0.9992489973525958
0.3473200798034668 0.3422286818410174 0.0050913979624493955 0.9853409052383888
0.3492884635925293 0.34906464511585744 0.0002238184766718554 0.99935921594899
0.32938122749328613 0.3284183756449774 0.0009628518483087434 0.9970767859005311
0.35014843940734863 0.3490494679933534 0.0010989714139952311 0.9968614127886581
0.3341665267944336 0.3352864787086494 0.001119951914215822 0.9966485215471483
0.3549211025238037 0.3559836361785134 0.0010625336547097075 0.9970062821084625
0.3439803123474121 0.3490450041337934 0.0050646917863813035 0.9852762160955709
0.33569955825805664 0.3353043341468894 0.0003952241111672139 0.9988226850424885
0.340801477432251 0.34216350949144136 0.0013620320591903878 0.9960034443821884
0.33739161491394043 0.33531683295365744 0.0020747819602829898 0.9938505230463057
0.3332176208496094 0.3352695160423214 0.002051895192712039 0.9938421768108172
0.3327369689941406 0.3352721943580574 0.00253522536391676 0.9923806922579697
0.3517110347747803 0.3559363192671774 0.004225284492397119 0.9879864886948947
0.3367295265197754 0.3352945136558574 0.001435012863918006 0.9957383812499325
0.33481884002685547 0.3353034413749774 0.0004846013481219491 0.9985526461172762
0.32893967628479004 0.3284058768382094 0.0005337994465806628 0.9983772117349611
0.34807515144348145 0.34906910897541743 0.000993957531935985 0.9971444168656854
0.3337523937225342 0.3352730871299694 0.001520693407435214 0.9954436479377
0.33632874488830566 0.3352552316917294 0.0010735131965762812 0.9968081431846308
0.3216533660888672 0.3214877785474654 0.00016558754140177934 0.9994851987920561
0.32262611389160156 0.3215056339857054 0.0011204799058961434 0.9965270018214564
0.33582496643066406 0.3352391617973134 0.0005858046333506728 0.9982556251264552
0.3158385753631592 0.3145884284668734 0.0012501468962857754 0.9960418169476343
0.31345653533935547 0.3145750368881934 0.0011185015488379135 0.9964317172470913
0.3068270683288574 0.3076596169131854 0.0008325485843279634 0.9972865869075291
0.30617284774780273 0.3076462253345054 0.0014733775867026844 0.995187758818129
0.3099498748779297 0.3145223633453854 0.0045724884674557265 0.985247651836425
0.3029632568359375 0.3076408687030334 0.004677611867095921 0.984560464803727
0.3062245845794678 0.30765247473788937 0.0014278901584215964 0.995337114554723
0.3056657314300537 0.3076587241412734 0.0019929927112196655 0.9934798294139959
0.2982208728790283 0.3007683017798014 0.0025474289007730855 0.9914579121300928
0.3156735897064209 0.3214065363034734 0.0057329465970524796 0.9818390046427888
0.313098669052124 0.3145366476959774 0.001437978643853366 0.9954072668267587
0.3127012252807617 0.3145500392746574 0.0018488139938956927 0.9940876023359495
0.31313323974609375 0.3145509320465694 0.0014176923004756703 0.9954725588965732
0.311657190322876 0.3145598597656894 0.0029026694428134214 0.9906863389232051
0.30679988861083984 0.3076872928424574 0.000887404231617539 0.9971075470866837
0.32047367095947266 0.3214511748990734 0.0009775039396007212 0.996949815138716
0.31273531913757324 0.3145955706421694 0.0018602515045961776 0.9940516744008122
0.3134887218475342 0.3145759296601054 0.0010872078125712115 0.9965319077312772
0.3120088577270508 0.3145670019409854 0.002558144213934632 0.9918010525964858
0.315964937210083 0.3213985013562654 0.005433564146182401 0.9828032686342989
0.3097038269042969 0.3145214705734734 0.00481764366917653 0.9844443521498194
0.2992672920227051 0.3007450897100894 0.001477797687384319 0.9950619472064719
0.30610179901123047 0.3076506891940654 0.0015488901828349388 0.9949399507358723
0.31233882904052734 0.3145723585724574 0.0022335295319300674 0.9928490173994977
0.30608439445495605 0.30766408077274543 0.001579686317789375 0.9948390497966997
0.3337717056274414 0.3352355907096654 0.0014638850822240035 0.99561411270775
0.30590391159057617 0.3076828289828974 0.001778917392321222 0.9941847183873146
0.30564284324645996 0.3076872928424574 0.002044449595997422 0.9933109848924261
0.31290459632873535 0.3145732513443694 0.0016686550156340685 0.9946672083593141
0.3324301242828369 0.3352748726737934 0.0028447483909564975 0.9914425673753438
0.32831907272338867 0.3283594526987854 4.037997539674265e-05 0.9998770099614933
0.3205287456512451 0.3214574243024574 0.0009286786512122669 0.997102666566378
0.33497190475463867 0.3352097003242174 0.00023779556957870263 0.9992901029423561
0.32961583137512207 0.3352052364646574 0.005589405089535315 0.9830426679864953
0.32582998275756836 0.3145562886780414 0.011273694079526941 0.9654000715829916
0.34046459197998047 0.3352097003242174 0.005254891655763094 0.9845655266963207
0.3361821174621582 0.33523826902540144 0.0009438484367567668 0.9971924490098346
0.3189542293548584 0.3214181423383294 0.002463912983470984 0.9922750264561323
0.3117995262145996 0.3145562886780414 0.0027567624634418086 0.9911585418460693
0.3047754764556885 0.3076569385974494 0.0028814621417609376 0.9905456233707837
0.3116872310638428 0.3145696802567214 0.002882449192878611 0.9907521101103811
0.32103919982910156 0.3214734941968734 0.00043429436777181474 0.9986472232425105
0.3264350891113281 0.3283737370493774 0.001938647938049265 0.9940611533419188
0.3061337471008301 0.3076533675098014 0.0015196204089713006 0.9950360898680315
0.3027472496032715 0.3076444397906814 0.004897190187409917 0.9838241629153449
0.3045380115509033 0.3076453325625934 0.0031073210116900896 0.9897966070118288
0.3104515075683594 0.3145411115555374 0.004089603987178003 0.9868269153556051
0.30304598808288574 0.3076372976153854 0.004591309532499643 0.9848494627447637
0.2901332378387451 0.2938644878396494 0.003731250000904296 0.9871395293117774
0.30126357078552246 0.3076060505984654 0.006342479812942947 0.978947073499775
0.2889878749847412 0.2938368119103774 0.004848936925636205 0.9832209675721093
0.29572367668151855 0.3007227704122894 0.004999093730770843 0.9830953889561077
0.3048880100250244 0.3076221204928814 0.002734110467856987 0.9910324106624181
0.30913257598876953 0.3145116500824414 0.005379074093671887 0.9825994589005486
0.30201172828674316 0.3076221204928814 0.005610392206138237 0.9814232637985122
0.3093149662017822 0.3145116500824414 0.005196683880659192 0.9831993778236093
0.3016231060028076 0.3076033722827294 0.005980266279921764 0.9801730498728234
0.3032999038696289 0.3076328337558254 0.0043329298861964904 0.9857140413468151
0.32094430923461914 0.3282960658930334 0.007351756658414255 0.9770933571748115
0.30190253257751465 0.3076390831592094 0.005736550581694755 0.9809986669117395
0.31028103828430176 0.3145446826431854 0.004263644358883656 0.9862587659804819
0.2958524227142334 0.2938707372430334 0.0019816854711999787 0.9933017771055601
0.30304455757141113 0.3076372976153854 0.004592740043974253 0.984844670761355
0.3078765869140625 0.3076801506671614 0.0001964362469010772 0.9993619643219057
0.3003854751586914 0.3007718728674494 0.0003863977087579795 0.9987136604772456
0.3078591823577881 0.3076917567020174 0.00016742565577065882 0.9994561615655301
0.2931811809539795 0.2938984131723054 0.000717232218325925 0.9975536212249636
0.298142671585083 0.3007424113943534 0.0025997398092704183 0.9912802156247918
0.30016613006591797 0.30077544395509737 0.000609313889179397 0.9979700778064281
0.31275463104248047 0.3145375404678894 0.0017829094254089295 0.9942993348508826
0.3117821216583252 0.3145527175903934 0.0027705959320681872 0.9911136792663678
0.3039374351501465 0.3076399759311214 0.0037025407809749278 0.987818082431518
0.30315160751342773 0.30761854940523337 0.004466941891805631 0.9852649902520877
0.2939739227294922 0.3007183065527294 0.006744383823237221 0.9770578840442142
0.30123257637023926 0.3076087289142014 0.006376152543962121 0.97883312415678
0.29686665534973145 0.3007075932897854 0.003840937940053968 0.9870617401084367
0.2886347770690918 0.2938216347878734 0.005186857718781579 0.982029685502728
0.2895939350128174 0.29381538538448937 0.0042214503716719864 0.9854228633224479
0.29015541076660156 0.2938278841912574 0.00367247342465582 0.9873430813681778
0.2897820472717285 0.2938278841912574 0.004045836919528867 0.986038345171414
0.3029775619506836 0.3076176566333214 0.004640094682637819 0.9846850220433383
0.3115050792694092 0.3145054006790574 0.0030003214096482322 0.9903683066206013
0.2817559242248535 0.2869437112331694 0.005187787008315903 0.9815876559735588
0.2832050323486328 0.2869481750927294 0.0037431427440965948 0.986782922912582
0.28806233406066895 0.2938234203316974 0.005761086271028448 0.9800005568592834
0.28162717819213867 0.2869499606365534 0.005322782444414753 0.9810998978202903
0.27757692337036133 0.2800506105559614 0.002473687185600093 0.9910882822838283
0.29003405570983887 0.2938287769631694 0.003794721253330524 0.9869162907643959
0.2829015254974365 0.2869428184612574 0.004041292963820886 0.9857148420931455
0.289259672164917 0.2938332408227294 0.004573568657812388 0.9841887096684365
0.29486083984375 0.3007281270437614 0.005867287200011395 0.9801015041430373
0.29808640480041504 0.3007379475347934 0.0026515427343783426 0.9911047847480542
0.3010246753692627 0.3076140855456734 0.006589410176410682 0.978110066331514
0.3048884868621826 0.3076435470187694 0.002755060156586775 0.9909637120609538
0.2975895404815674 0.3007325909033214 0.003143050421754001 0.989438303454255
0.29207730293273926 0.2938591312081774 0.0017818282754381576 0.9938994634038767
0.2949678897857666 0.2938662733834734 0.0011016164022932262 0.996265300595623
0.2979624271392822 0.3007352692190574 0.002772842079775184 0.9906939874721888
0.29725003242492676 0.3007504463415614 0.003500413916634637 0.9882240082933592
0.30407190322875977 0.3076310482120014 0.0035591449832416133 0.9882950547372211
0.3017902374267578 0.3076096216861134 0.005819384259355576 0.980717122233724
0.3146970272064209 0.3145348621521534 0.0001621650542674713 0.9994846946737723
0.2976398468017578 0.30074776802582537 0.0031079212240675558 0.989558114420958
0.2898247241973877 0.2938368119103774 0.00401208771298972 0.9861568479911422
0.27748870849609375 0.2800702515380254 0.0025815430419316443 0.9906967636415808
0.2790822982788086 0.2800765009414094 0.0009942026626008071 0.9964376004184702
0.2864220142364502 0.2869704943905294 0.0005484801540792117 0.9980850628554465
0.2840464115142822 0.2869758510220014 0.002929439507719178 0.9896867575545066
0.284592866897583 0.2869776365658254 0.0023847696682424147 0.991620416582329
0.2840096950531006 0.2869713871624414 0.00296169210934083 0.9895718626479033
0.27875804901123047 0.2800818575728814 0.0013238085616509299 0.9952510481173672
0.29093217849731445 0.2938564528924414 0.0029242743951269357 0.9899486044815289
0.28365564346313477 0.2869776365658254 0.003321993102690657 0.9882886408952325
0.2854740619659424 0.28698388596920943 0.0015098240032670462 0.9947111692289327
0.2719991207122803 0.2732066123339134 0.0012074916216331388 0.9955606782166387
0.27127766609191895 0.2731887568956734 0.001911090803754456 0.9929552224800293
0.28432679176330566 0.2869633522152334 0.0026365604519277275 0.9907270066405751
0.2848825454711914 0.28698388596920943 0.002101340498018023 0.9926238355721568
0.2899751663208008 0.2938448468575854 0.0038696805367846032 0.9866551312449164
0.28423142433166504 0.2869794221096494 0.0027479977779843456 0.9903318298304069
0.2871530055999756 0.2869624594433214 0.00019054615665420327 0.9993364298720953
0.27732396125793457 0.2800631093627294 0.0027391481047948085 0.990122930264049
0.2866933345794678 0.2869579955837614 0.0002646610042936204 0.9990768498169592
0.28165626525878906 0.2800889997481774 0.0015672655106116484 0.9944355382644458
0.277911901473999 0.2800791792571454 0.002167277783146404 0.992201565418208
0.2787926197052002 0.2800818575728814 0.0012892378676812033 0.9953756384618629
0.28311777114868164 0.2801068551864174 0.0030109159622642157 0.9893651467018543
0.28878140449523926 0.2870106691265694 0.0017707353686698402 0.9938682500288932
0.2917909622192383 0.29388769990936137 0.002096737690123085 0.9928142473153514
0.28790950775146484 0.2870454872311374 0.0008640205203274687 0.9969989858026039
0.28757572174072266 0.2870231679333374 0.0005525538073852809 0.9980785797770388
0.29470181465148926 0.2939019842599534 0.0007998303915358607 0.9972859671988049
0.2872798442840576 0.2870070980389214 0.000272746245136235 0.9990505903892564
0.2945551872253418 0.2939118047509854 0.0006433824743564132 0.9978157489589066
0.2944152355194092 0.2939073408914254 0.0005078946279837848 0.9982749037185941
0.31219005584716797 0.3145598597656894 0.0023698039185214292 0.9924090986431625
0.3067049980163574 0.3076792578952494 0.0009742598788919921 0.9968234626589293
0.30243372917175293 0.3008334741293774 0.0016002550423755424 0.9947087414926966
0.3038597106933594 0.3077122904559934 0.003852579762634034 0.9873211892624953
0.29929423332214355 0.30076473069215337 0.0014704973700098156 0.9950867834849759
0.30617260932922363 0.3076658663165694 0.001493256987345759 0.9951228263344091
0.3058338165283203 0.3076622952289214 0.0018284787006010994 0.9940213324956765
0.29874348640441895 0.3007691945517134 0.0020257081472944694 0.9932192391148833
0.31340885162353516 0.3145634308533374 0.0011545792298022217 0.9963160605585285
0.3129880428314209 0.3145509320465694 0.0015628892151485219 0.9950065529628226
0.3183283805847168 0.3214547459867214 0.003126365402004616 0.9901788040505154
0.31140875816345215 0.3145580742218654 0.003149316058413232 0.989886873840715
0.30971479415893555 0.3145464681870094 0.004831674028073829 0.984399602088125
0.31043553352355957 0.3145866429230494 0.004151109399489816 0.98662811131067
0.3112812042236328 0.3146089622208494 0.003327757997216574 0.9893094798141882
0.2989027500152588 0.3007932993933374 0.0018905493780785876 0.9936750351812351
0.3253941535949707 0.3283532032954014 0.002959049700430705 0.9909062603991529
0.3072068691253662 0.3076747940356894 0.00046792491032321415 0.9984768409910383
0.318711519241333 0.3214601026181934 0.002748583376860403 0.9913759521983919
0.30356812477111816 0.3076444397906814 0.004076315019563237 0.986571992620646
0.3024749755859375 0.3076346192996494 0.0051596437137119144 0.9829419154304685
0.30280160903930664 0.3076417614749454 0.004840152435638734 0.9840154335672291
0.3034343719482422 0.3076301554400894 0.004195783491847238 0.9861723526411736
0.2962777614593506 0.3007549102011214 0.004477148741770798 0.9848886777066288
0.2953014373779297 0.3007593740606814 0.005457936682751685 0.9815174056340046
0.31891369819641113 0.3214484965833374 0.0025347983869262736 0.9920517732500623
0.31866025924682617 0.32144492549568937 0.002784666248863199 0.9912613318791463
0.30206990242004395 0.3076444397906814 0.005574537370637456 0.9815455385459563
0.3023247718811035 0.3076381903872974 0.005313418506193879 0.9824247994197329
0.3042013645172119 0.3076515819659774 0.0034502174487655024 0.9886581131736827
0.30734944343566895 0.3145205778015614 0.007171134365892451 0.9766678140499271
0.31789660453796387 0.3214172495664174 0.0035206450284535062 0.9889251883216228
0.31127023696899414 0.3145428970993614 0.0032726601303672553 0.9894861128958717
0.31205224990844727 0.3145339693802414 0.0024817194717941526 0.9920471027767873
0.3047196865081787 0.30765247473788937 0.002932788229710659 0.9903754553461319
0.30269312858581543 0.3076355120715614 0.004942383485745994 0.9836719666916892
0.3062725067138672 0.3076837217548094 0.0014112150409422153 0.9953922895134018
0.3186211585998535 0.3214467110395134 0.002825552439659873 0.9911319372132207
0.32113146781921387 0.32147260142496137 0.0003411336057475012 0.9989377135536915
0.30645060539245605 0.3076997916492254 0.0012491862567693413 0.9959236946026928
0.3106355667114258 0.3145803935196654 0.003944826808239599 0.9873007883482181
0.3320796489715576 0.33526505218276137 0.0031854032112037522 0.9904077132667755
0.31641697883605957 0.3214556387586334 0.0050386599225738515 0.9840758863790794
0.3129270076751709 0.3145857501511374 0.0016587424759664793 0.9946992671284918
0.31151795387268066 0.3145714658005454 0.0030535119278647382 0.9901979584486077
0.3052241802215576 0.3076801506671614 0.0024559704456038056 0.9919535521601826
0.30440688133239746 0.3076703301761294 0.00326344884373192 0.9892793197399227
0.30461573600769043 0.3076792578952494 0.0030635218875589842 0.9899429953038222
0.31012392044067383 0.3145446826431854 0.004420762202511586 0.9857451750376757
0.3093132972717285 0.3145607525376014 0.005247455265872891 0.9830351449091985
0.3071284294128418 0.3145205778015614 0.007392148388719599 0.9759314095316683
0.3091435432434082 0.3145348621521534 0.005391318908745224 0.9825604673732412
0.31677675247192383 0.3214386760923054 0.004661923620381592 0.9852832520568415
0.3118767738342285 0.3145786079758414 0.002701834141612902 0.9913368536284494
0.3172266483306885 0.3214583170743694 0.004231668743680916 0.9866604247595565
0.31180596351623535 0.3145607525376014 0.0027547890213660553 0.9911650534508696
0.30673837661743164 0.3076962205615774 0.0009578439441457753 0.9968773260303831
0.3130371570587158 0.3145946778702574 0.0015575208115415906 0.9950244858272546
0.31290626525878906 0.31459646341408143 0.0016901981552923662 0.9945983882620743
0.3253798484802246 0.3283558816111374 0.0029760331309127697 0.9908536648940826
0.32485198974609375 0.3283871286280574 0.003535138881963662 0.9891176936157087
0.33098626136779785 0.3352784437614414 0.00429218239364354 0.9870321433406144
0.3145887851715088 0.3146107477646734 2.196259316461502e-05 0.999930186344206
0.3063328266143799 0.3077051482806974 0.0013723216663175108 0.9955201612524373
0.31429624557495117 0.3145893212387854 0.00029307566383424133 0.9990675177703822
0.31592416763305664 0.3146089622208494 0.0013152054122072543 0.9958369585269119
0.3215944766998291 0.3214574243024574 0.00013705239737171748 0.9995738347288233
0.32523059844970703 0.3283567743830494 0.0031261759333423567 0.9903878172956541
0.32070183753967285 0.32149045686320143 0.0007886193235285832 0.9975409578891763
0.32390594482421875 0.3283657021021694 0.004459757277950671 0.9862313200816029
0.33875131607055664 0.3421322624745214 0.0033809464039647463 0.9900193851844385
0.32558727264404297 0.3283630237864334 0.0027757511423904258 0.9914746325313979
0.31417036056518555 0.3146089622208494 0.00043860165566383946 0.9986039368740106
0.3202478885650635 0.3214895640912894 0.0012416755262259493 0.9961227674855577
0.3392503261566162 0.3421706516667374 0.002920325510121169 0.9913918269638656
0.3351285457611084 0.3353373667076334 0.00020882094652502348 0.9993768929887761
0.33935070037841797 0.3421545817723214 0.002803881393903418 0.9917375111034786
0.34087395668029785 0.3421679733510014 0.0012940166707035572 0.9962038265307631
0.3272099494934082 0.3283639165583454 0.0011539670649372002 0.9964733130312089
0.3311927318572998 0.3352516606040814 0.004058928746781598 0.9877445114087514
0.333996057510376 0.3352471967445214 0.0012511392341454375 0.9962540299323546
0.3180696964263916 0.3214476038114254 0.003377907385033796 0.9893799773352017
0.326568603515625 0.3283737370493774 0.00180513353375239 0.9944724216770396
0.31171560287475586 0.3146143188523214 0.0028987159775655247 0.9907007671389161
0.3369879722595215 0.3352338051658414 0.0017541670936800924 0.9947945706135495
0.33883070945739746 0.33524898228834543 0.003581727169052029 0.9894291542381509
0.3366062641143799 0.3352463039726094 0.0013599601417704776 0.9959597895620018
0.3268423080444336 0.32832017073465736 0.0014778626902237635 0.9954783617241412
0.3328371047973633 0.3352150569556894 0.0023779521583261465 0.9928555076220427
0.3133420944213867 0.3145339693802414 0.0011918749588546995 0.99619625010468
0.3120462894439697 0.3145098645386174 0.002463575094647674 0.9921050972948998
0.3138883113861084 0.3145473609589214 0.0006590495728129864 0.9979003691793981
0.31107568740844727 0.3145330766083294 0.0034573891998821438 0.9888856977905106
0.33298730850219727 0.3283710587336414 0.004616249768555847 0.9861368597220114
0.32732129096984863 0.3283737370493774 0.0010524460795287571 0.9967846696546675
0.33052492141723633 0.3284112334696814 0.002113687947554954 0.9936050572571297
0.32132983207702637 0.3146455658692414 0.00668426620778495 0.9791981150191412
0.3311309814453125 0.3283969491190894 0.0027340323262231014 0.9917433508810028
0.3518693447113037 0.3490494679933534 0.0028198767179503093 0.9919860119662771
0.3427705764770508 0.3421295841587854 0.0006409923182653654 0.998129966915908
0.3767256736755371 0.3766058008077694 0.00011987286776771189 0.9996818032957558
0.3662281036376953 0.3628553103298334 0.0033727933078618877 0.9907904574379728
0.36815404891967773 0.3697135929024734 0.0015595439827956747 0.9957638820288082
0.3297131061553955 0.32837195150555337 0.0013411546498421356 0.9959323586936516
0.3416271209716797 0.3421429757374654 0.0005158547657856949 0.9984900064013699
0.3478093147277832 0.3490342908708494 0.0012249761430662143 0.9964780237584351
0.34278106689453125 0.3421394046498174 0.0006416622447138476 0.9981280697603078
0.3482930660247803 0.3490262559236414 0.0007331898988611196 0.9978949052669083
0.34488654136657715 0.34898608118760144 0.0040995398210242895 0.9881133667762729
0.3405191898345947 0.34215279622849737 0.0016336063939026424 0.9952026010789695
0.3338155746459961 0.3352579100074654 0.0014423353614693157 0.9956792448554898
0.33036017417907715 0.3283951635752654 0.0019650106038117676 0.9940519143728669
0.34406328201293945 0.3421760082982094 0.0018872737147300755 0.9945147482646547
0.3512694835662842 0.3490914282732174 0.002178055293066805 0.9937994747765904
0.3362233638763428 0.33527576544570536 0.0009475984306374086 0.9971816401462632
0.330169677734375 0.3283737370493774 0.00179594068499761 0.9945605523277565
0.31668877601623535 0.3146286032029134 0.0020601728133219366 0.9934946453131754
0.3080916404724121 0.3077310386661454 0.000360601806266736 0.9988295631594749
0.32269883155822754 0.3214922424070254 0.001206589151202142 0.9962609435386678
0.31499361991882324 0.3146161043961454 0.0003775155226778404 0.9988015137488336
0.333193302154541 0.3284647997844014 0.004728502370139609 0.9858085311452436
0.32510972023010254 0.3215752701948414 0.0035344500352611496 0.9891284393688397
0.3468167781829834 0.3353703992683774 0.011446378914605981 0.9669958905258996
0.3559896945953369 0.3491708849733854 0.006818809621951527 0.9808454859073866
0.3396017551422119 0.3353400450233694 0.004261710118842521 0.9874508595603169
0.33939599990844727 0.3353454016548414 0.004050598253605875 0.9880652740318138
0.3374481201171875 0.3353132618660094 0.0021348582511780956 0.9936735215758893
0.3241720199584961 0.3215190255643854 0.002652994394110708 0.9918160907457393
0.3228647708892822 0.3215074195295294 0.0013573513597528453 0.995795913700915
0.3395857810974121 0.3284799769069054 0.011105804190506718 0.967296027075642
0.33763980865478516 0.32847104918778536 0.009168759466999798 0.9728445543683676
0.31128668785095215 0.3077765700336574 0.0035101178172947667 0.9887238421869956
0.31864142417907715 0.3146607429917454 0.003980681187331747 0.9875073330544286
0.3581430912017822 0.3491342813249934 0.009008809876788815 0.9748457806443818
0.326707124710083 0.3284031985224734 0.0016960738123903973 0.9948085802723297
0.3223381042480469 0.3215395593183614 0.0007985449296854519 0.9975226480544449
0.3296492099761963 0.3284183756449774 0.0012308343312188996 0.9962662299985254
0.3366067409515381 0.3352864787086494 0.0013202622428886701 0.996077730828692
0.3345787525177002 0.3352668377265854 0.0006880852088851919 0.99794342825506
0.31955838203430176 0.32148420745981743 0.0019258254255156704 0.9939734786073959
0.3401951789855957 0.34216975889482537 0.001974579909229668 0.9941957439987318
0.3313412666320801 0.3284371238551294 0.002904142776950669 0.9912351914191979
0.31543970108032227 0.3145928923264334 0.0008468087538888724 0.9973154655200702
0.31358909606933594 0.3145661091690734 0.000977013099737467 0.9968844162249779
0.3130953311920166 0.3145821790634894 0.0014868478714727962 0.9952511336856666
0.3208179473876953 0.3214681375654014 0.000650190177706067 0.9979733360212534
0.31348729133605957 0.3145562886780414 0.0010689973419818477 0.9965899818859455
0.32401609420776367 0.3214770652845214 0.002539028923242259 0.9921638802249921
0.3180546760559082 0.3146205682557054 0.0034341078002028125 0.9892027753127605
0.31173205375671387 0.3145652163971614 0.0028331626404475285 0.9909115453277749
0.3063828945159912 0.3076739012637774 0.0012910067477862053 0.9957862962623103
0.31620144844055176 0.3145562886780414 0.0016451597625103398 0.9947971150333942
0.30312085151672363 0.3076390831592094 0.0045182316424857705 0.9850942895552123
0.31314754486083984 0.3145634308533374 0.0014158859924975342 0.9954785339507396
0.33332037925720215 0.3352355907096654 0.0019152114524632613 0.9942541423457777
0.3458685874938965 0.3490360764146734 0.0031674889207768953 0.9908419294630716
0.327686071395874 0.3283478466639294 0.0006617752680553868 0.9979804595745057
0.33149099349975586 0.32841569732924136 0.0030752961705144966 0.990722836424463
0.3282163143157959 0.3283996274348254 0.00018331311902952674 0.9994414868760815
0.3194596767425537 0.3214967062665854 0.002037029524031675 0.9936235159792224
0.31297731399536133 0.3145812862915774 0.0016039722962160607 0.9948751164238062
0.3212873935699463 0.3215234894239454 0.0002360958539990854 0.9992651568075058
0.3147776126861572 0.3145946778702574 0.00018293481589981564 0.9994188442617036
0.2930285930633545 0.2939100192071614 0.0008814261438069293 0.996992013186862
0.29834794998168945 0.3007602668325934 0.0024123168509039283 0.9919144178766706
0.29761815071105957 0.3007709800955374 0.0031528293844778066 0.9894064613433516
0.29318857192993164 0.29392162524201737 0.0007330533120857297 0.9974997207181018
0.2998230457305908 0.3007781222708334 0.000955076540242572 0.9968145325923319
0.3008596897125244 0.3007629451483294 9.674456419500599e-05 0.9996784395932621
0.30685997009277344 0.3076819362109854 0.0008219661182119475 0.9973213641454653
0.30538105964660645 0.3076453325625934 0.0022642729159869646 0.9925854179738349
0.30077385902404785 0.3007799078146574 6.048790609558541e-06 0.9999798892409427
0.31890273094177246 0.3214440327237774 0.0025413017820049566 0.9920311068691696
0.3261680603027344 0.3283192779627454 0.002151217660011029 0.99340457291246
0.3107631206512451 0.3145036151352334 0.003740494483988277 0.9879635187207878
0.3119027614593506 0.3145553959061294 0.002652634446778823 0.9914953159299792
0.29903459548950195 0.3007683017798014 0.0017337062902994527 0.9942023220174192
0.31917357444763184 0.3214511748990734 0.0022776004514415416 0.9928640694788621
0.32465577125549316 0.3283228490503934 0.00366707779490022 0.9887047201387517
0.3180696964263916 0.3214243917417134 0.0033546953153217873 0.9894529552704555
0.30669522285461426 0.3076712229480414 0.0009760000934271318 0.9968176873302986
0.3005030155181885 0.3007897283056894 0.0002867127875009201 0.9990458904813101
0.315762996673584 0.3214145712506814 0.005651574577097418 0.9821018465221254
0.3167891502380371 0.3214092146192094 0.004620064381172295 0.9854159639694076
0.3386521339416504 0.3421170853520174 0.003464951410367012 0.9897684052067305
0.31290483474731445 0.3145303982925934 0.0016255635452789297 0.9948049267228752
0.3256959915161133 0.3283317767695134 0.002635785253400136 0.9919072223114244
0.31331682205200195 0.31455718144995337 0.0012403593979514183 0.9960411975653655
0.30787229537963867 0.3076953277896654 0.00017696758997326478 0.9994251915725153
0.30245256423950195 0.3007843716742174 0.0016681925652845542 0.9944844489267958
0.2942509651184082 0.2939010914880414 0.00034987363036681485 0.9988109686225634
0.3089437484741211 0.3077113976840814 0.0012323507900396935 0.9960110835835769
0.3069612979888916 0.3076774723514254 0.0007161743625337946 0.9976668903629679
0.30056333541870117 0.3007897283056894 0.0002263928869882248 0.9992467714444516
0.30185770988464355 0.3007745511831854 0.0010831587014581423 0.9964116911180699
0.2987794876098633 0.3008004415686334 0.002020953958770111 0.9932359681886562
0.2983987331390381 0.3007745511831854 0.0023758180441473264 0.992038109481382
0.30796265602111816 0.3076587241412734 0.00030393187984478764 0.9990130885225774
0.29878664016723633 0.3007870499899534 0.0020004098227170974 0.9933048886603584
0.2990384101867676 0.3007995487967214 0.0017611386099538051 0.9941106608717795
0.31086182594299316 0.3076864000705454 0.00317542587244779 0.9897850890413604
0.30434608459472656 0.3076462253345054 0.0033001407397788562 0.9891566183801136
0.31635546684265137 0.3214440327237774 0.00508856588112605 0.9839150373094169
0.30436205863952637 0.3076810434390734 0.003318984799547009 0.9890952741797627
0.305905818939209 0.3077105049121694 0.001804685972960407 0.9941005176716856
0.3131856918334961 0.3146241393433534 0.0014384475098573324 0.9954070458920515
0.32625436782836914 0.3283915924876174 0.00213722465924826 0.9934492075202728
0.3259460926055908 0.3283621310145214 0.0024160384089305653 0.9925876135233992
0.31192588806152344 0.3145678947128974 0.002642006651373985 0.991530018018726
0.3257715702056885 0.3283380261728974 0.002566455967208947 0.9921219154710508
0.31832337379455566 0.3214342122327454 0.0031108384381897114 0.9902274269052029
0.3174877166748047 0.3214377833203934 0.0039500666455887234 0.9875583638732245
0.3011012077331543 0.3076158710894974 0.006514663356343098 0.9783638750392638
0.29456353187561035 0.3007245559561134 0.006161024080503064 0.9790842266139559
0.30237340927124023 0.3076328337558254 0.005259424484585162 0.9826061937878035
0.3010711669921875 0.3076149783175854 0.006543811325397886 0.9782649019805749
0.31816601753234863 0.3214520676709854 0.0032860501386367535 0.9896719009650279
0.3174772262573242 0.3214458182676014 0.003968592010277161 0.9874996009727623
0.33148813247680664 0.3352418401130494 0.0037537076362427757 0.9886761929961236
0.33301639556884766 0.3352596955512894 0.002243299982441771 0.9932636950844121
0.3322601318359375 0.3352721943580574 0.003012062522119885 0.9909346255132193
0.32441258430480957 0.3283514177515774 0.00393883344676782 0.9878585676470953
0.3179786205291748 0.3214163567945054 0.0034377362653306154 0.989188781750139
0.30867576599121094 0.3145178994858254 0.005842133494614488 0.9810735595784321
0.3117635250091553 0.3145366476959774 0.002773122686822116 0.9911050444828635
0.3184640407562256 0.3214377833203934 0.002973742564167825 0.99066223440139
0.32384252548217773 0.3283085646998014 0.004466039217623674 0.986209225576616
0.3181021213531494 0.3214386760923054 0.0033365547391560058 0.9895110578798944
0.31801390647888184 0.3214368905484814 0.003422984069599566 0.9892363698572192
0.32389235496520996 0.3283085646998014 0.0044162097345914475 0.98636519304364
0.3258509635925293 0.32836123824260943 0.0025102746500801354 0.992296249112158
0.32436633110046387 0.3283755225932014 0.0040091914927375405 0.9876399271184043
0.331681489944458 0.3352471967445214 0.0035657068000634062 0.9892496056965359
0.34183263778686523 0.34215279622849737 0.0003201584416321346 0.9990634058710575
0.34040403366088867 0.3421840432454174 0.00178000958452873 0.9947708916213902
0.33236265182495117 0.3352739799018814 0.0029113280769302308 0.9912405077377239
0.33281373977661133 0.3352570172355534 0.0024432774589420725 0.992658724184338
0.33034276962280273 0.3352346979377534 0.0048919283149506665 0.9851913564794034
0.33317065238952637 0.3352793365333534 0.002108684143827033 0.9936708586764669
0.33998537063598633 0.3421831504735054 0.002197779837519065 0.9935356635098509
0.3338291645050049 0.3352659449546734 0.0014367804496684955 0.9956960607327435
0.3335855007171631 0.3352989775154174 0.0017134767982542876 0.994863455412269
0.3315911293029785 0.3352730871299694 0.003681957826990878 0.988896090692382
0.35448265075683594 0.3559693518279214 0.00148670107108545 0.995805997647808
0.34299707412719727 0.3421849360173294 0.0008121381098678548 0.9976322302109006
0.3445546627044678 0.3490235776079054 0.0044689149034376485 0.9870298812143177
0.3514213562011719 0.3559381048110014 0.004516748609829535 0.987147199422781
0.35311388969421387 0.3559639951964494 0.0028501055022355226 0.9919286508250819
0.3392167091369629 0.3421286913868734 0.0029119822499105164 0.9914155695416089
0.3450944423675537 0.3490208992921694 0.003926456924615684 0.9886220800958779
0.33669614791870117 0.3421385118779054 0.005442363959204222 0.9838359779497141
0.318723201751709 0.3214672447934894 0.0027440430417804418 0.9913905136911931
0.326099157333374 0.3283898069437934 0.0022906496104193597 0.9929756040182661
0.3379073143005371 0.3421545817723214 0.004247267471784277 0.9874306731697239
0.3187236785888672 0.3214601026181934 0.002736424029326223 0.9914144313298541
0.3183860778808594 0.3214502821271614 0.003064204246302049 0.9903758221254615
0.3168468475341797 0.32144492549568937 0.004598077961509683 0.9854880110144897
0.3243062496185303 0.3283505249796654 0.004044275361135108 0.9875294559821396
0.3244469165802002 0.3283460611201054 0.003899144539905197 0.9879821803178044
0.3264133930206299 0.3283710587336414 0.001957665713011536 0.994002495746589
0.33037805557250977 0.3352114858680414 0.004833430295531627 0.9853700019901267
0.3052692413330078 0.3076774723514254 0.0024082310184175837 0.9921111245669506
0.3141748905181885 0.3145616453095134 0.0003867547913249392 0.9987689824903351
0.29876065254211426 0.3007718728674494 0.002011220325335128 0.9932681217950827
0.30500340461730957 0.3076605096850974 0.002657105067787824 0.9912882773517833
0.3105640411376953 0.3145527175903934 0.00398867645269807 0.9871566700443288
0.3107025623321533 0.3145473609589214 0.0038447986267680645 0.9876254685577461
0.30481958389282227 0.3076765795795134 0.0028569956866911217 0.9906272567851294
