0.001233816146850586 3.266334533691406e-05 0.05397343635559082
0.0012979507446289062 3.409385681152344e-05 0.05405783653259277
0.0012557506561279297 3.4332275390625e-05 0.05085444450378418
0.0012543201446533203 3.361701965332031e-05 0.04569196701049805
0.0012080669403076172 3.361701965332031e-05 0.04640364646911621
0.0012323856353759766 3.409385681152344e-05 0.04684877395629883
0.001238107681274414 3.4809112548828125e-05 0.04642462730407715
0.0012445449829101562 3.3855438232421875e-05 0.04649543762207031
0.0012464523315429688 3.3855438232421875e-05 0.04672050476074219
0.0012192726135253906 3.361701965332031e-05 0.04650998115539551
0.001239776611328125 3.457069396972656e-05 0.04641461372375488
0.0012068748474121094 3.337860107421875e-05 0.04694795608520508
0.0012354850769042969 3.409385681152344e-05 0.04632282257080078
0.001241445541381836 3.337860107421875e-05 0.04640388488769531
0.0012257099151611328 3.409385681152344e-05 0.04670524597167969
0.0012247562408447266 3.4332275390625e-05 0.046358585357666016
0.0012137889862060547 3.3855438232421875e-05 0.04633641242980957
0.0012519359588623047 3.409385681152344e-05 0.04590606689453125
0.0011861324310302734 3.314018249511719e-05 0.045684814453125
0.001161813735961914 3.24249267578125e-05 0.046308279037475586
0.0011913776397705078 3.337860107421875e-05 0.046500444412231445
0.001216888427734375 3.409385681152344e-05 0.046358585357666016
0.0012068748474121094 3.361701965332031e-05 0.04676413536071777
0.001216888427734375 3.361701965332031e-05 0.04659128189086914
0.0012345314025878906 3.4332275390625e-05 0.04634499549865723
0.0011968612670898438 3.361701965332031e-05 0.046712636947631836
0.0012514591217041016 3.504753112792969e-05 0.046332597732543945
0.0012230873107910156 3.409385681152344e-05 0.046074628829956055
0.001255035400390625 3.552436828613281e-05 0.0468599796295166
0.001222372055053711 3.409385681152344e-05 0.04562783241271973
0.001210927963256836 3.314018249511719e-05 0.04598259925842285
0.0012302398681640625 3.314018249511719e-05 0.046208858489990234
0.0010988712310791016 3.24249267578125e-05 0.045725107192993164
0.0010972023010253906 3.1948089599609375e-05 0.04544663429260254
0.001171112060546875 3.337860107421875e-05 0.04604673385620117
0.0011377334594726562 3.2901763916015625e-05 0.04539060592651367
0.0010600090026855469 3.24249267578125e-05 0.04555940628051758
0.0010867118835449219 3.1948089599609375e-05 0.04574871063232422
0.0011525154113769531 3.337860107421875e-05 0.04589033126831055
0.0011937618255615234 3.361701965332031e-05 0.04591202735900879
0.0011761188507080078 3.170967102050781e-05 0.046105384826660156
0.0012023448944091797 3.409385681152344e-05 0.04605603218078613
0.0011699199676513672 3.314018249511719e-05 0.04588770866394043
0.0011687278747558594 3.170967102050781e-05 0.046120405197143555
0.0012195110321044922 3.337860107421875e-05 0.04613447189331055
0.0012123584747314453 3.2901763916015625e-05 0.04591631889343262
0.0012104511260986328 3.24249267578125e-05 0.04597783088684082
0.0011951923370361328 3.314018249511719e-05 0.046156883239746094
0.0012004375457763672 3.337860107421875e-05 0.04580378532409668
0.001203298568725586 3.3855438232421875e-05 0.0458376407623291
0.0012094974517822266 3.409385681152344e-05 0.04623770713806152
0.0011584758758544922 3.2901763916015625e-05 0.04599404335021973
0.0010876655578613281 3.24249267578125e-05 0.04584145545959473
0.0011756420135498047 3.337860107421875e-05 0.04598855972290039
0.0011875629425048828 3.2901763916015625e-05 0.04660224914550781
0.0011789798736572266 3.1948089599609375e-05 0.04630088806152344
0.0012235641479492188 3.361701965332031e-05 0.04578685760498047
0.0011556148529052734 3.8623809814453125e-05 0.04586505889892578
0.001071929931640625 3.170967102050781e-05 0.04587078094482422
0.0011265277862548828 3.24249267578125e-05 0.04638361930847168
0.0011408329010009766 3.1948089599609375e-05 0.04554128646850586
0.0011475086212158203 3.314018249511719e-05 0.045593976974487305
0.0010602474212646484 3.123283386230469e-05 0.046308040618896484
0.0011157989501953125 3.147125244140625e-05 0.04566240310668945
0.0011241436004638672 3.266334533691406e-05 0.04563546180725098
0.0011382102966308594 3.314018249511719e-05 0.04636883735656738
0.0012018680572509766 3.3855438232421875e-05 0.04580259323120117
0.0010895729064941406 3.0994415283203125e-05 0.0457758903503418
0.0011684894561767578 3.314018249511719e-05 0.04610133171081543
0.0011639595031738281 3.337860107421875e-05 0.04570269584655762
0.0011115074157714844 3.361701965332031e-05 0.04984927177429199
0.0037810802459716797 7.2479248046875e-05 0.046880245208740234
0.0012731552124023438 3.600120544433594e-05 0.045938730239868164
0.0011556148529052734 3.170967102050781e-05 0.046369075775146484
0.0011339187622070312 3.1948089599609375e-05 0.04598522186279297
0.0011053085327148438 3.314018249511719e-05 0.04979896545410156
0.003759622573852539 8.20159912109375e-05 0.046585798263549805
0.0011241436004638672 3.337860107421875e-05 0.046163320541381836
0.0011510848999023438 3.314018249511719e-05 0.046190500259399414
0.0012004375457763672 3.24249267578125e-05 0.04615211486816406
0.0011606216430664062 3.361701965332031e-05 0.049976348876953125
0.003770112991333008 8.225440979003906e-05 0.046796560287475586
0.0011203289031982422 4.291534423828125e-05 0.045900821685791016
0.0011718273162841797 3.361701965332031e-05 0.04659295082092285
0.0011835098266601562 3.2901763916015625e-05 0.046024322509765625
0.001135110855102539 3.337860107421875e-05 0.046016693115234375
0.0011627674102783203 4.124641418457031e-05 0.046446800231933594
0.0011420249938964844 3.147125244140625e-05 0.04613780975341797
0.0010790824890136719 3.1948089599609375e-05 0.045984745025634766
0.0010924339294433594 3.147125244140625e-05 0.046843528747558594
0.0011878013610839844 3.409385681152344e-05 0.04654741287231445
0.0011491775512695312 3.266334533691406e-05 0.04592084884643555
0.0011501312255859375 4.267692565917969e-05 0.047125816345214844
0.0012094974517822266 3.147125244140625e-05 0.04600644111633301
0.0011394023895263672 3.314018249511719e-05 0.04592704772949219
0.0010986328125 3.24249267578125e-05 0.050482988357543945
0.003789663314819336 8.225440979003906e-05 0.046390533447265625
0.0010828971862792969 4.76837158203125e-05 0.04658675193786621
0.0011115074157714844 3.0994415283203125e-05 0.046042442321777344
0.0011239051818847656 4.291534423828125e-05 0.045798301696777344
