0.002922534942626953 0.00034618377685546875 0.05455470085144043
0.0027365684509277344 0.00031685829162597656 0.05482983589172363
0.002847433090209961 0.00032210350036621094 0.05459928512573242
0.002827882766723633 0.00031638145446777344 0.04749894142150879
0.0027506351470947266 0.00030994415283203125 0.04635787010192871
0.002786874771118164 0.0003154277801513672 0.0468134880065918
0.002746105194091797 0.0003139972686767578 0.04677534103393555
0.0029108524322509766 0.00032138824462890625 0.04681849479675293
0.002814054489135742 0.000316619873046875 0.04665184020996094
0.002816915512084961 0.00032258033752441406 0.046675682067871094
0.0027806758880615234 0.00031495094299316406 0.04680442810058594
0.0028200149536132812 0.00030517578125 0.04633283615112305
0.0028171539306640625 0.00032138824462890625 0.04712390899658203
0.002832174301147461 0.0003075599670410156 0.04662585258483887
0.0027930736541748047 0.00032019615173339844 0.04702448844909668
0.0027980804443359375 0.0003101825714111328 0.046671152114868164
0.0027458667755126953 0.0003046989440917969 0.04617571830749512
0.002693653106689453 0.00029778480529785156 0.04618668556213379
0.002691030502319336 0.0002989768981933594 0.04607558250427246
0.0026924610137939453 0.0003063678741455078 0.04686570167541504
0.002832651138305664 0.0003077983856201172 0.046411752700805664
0.002836465835571289 0.0003097057342529297 0.04714822769165039
0.0027740001678466797 0.00031256675720214844 0.046518802642822266
0.0027310848236083984 0.00031280517578125 0.04703044891357422
0.0028018951416015625 0.00030922889709472656 0.04654335975646973
0.0027511119842529297 0.0003566741943359375 0.04680752754211426
0.002675771713256836 0.00030922889709472656 0.04582500457763672
0.0026717185974121094 0.0002956390380859375 0.04665541648864746
0.0025568008422851562 0.0003008842468261719 0.04674077033996582
0.0028383731842041016 0.0003104209899902344 0.046280622482299805
0.002696514129638672 0.0003056526184082031 0.04653596878051758
0.0025377273559570312 0.00030684471130371094 0.045720815658569336
0.0026230812072753906 0.0003116130828857422 0.04614138603210449
0.0026481151580810547 0.0003063678741455078 0.04600882530212402
0.0026166439056396484 0.0003085136413574219 0.04585599899291992
0.0025238990783691406 0.00030040740966796875 0.04635477066040039
0.0025434494018554688 0.0003075599670410156 0.04561352729797363
0.0025854110717773438 0.0002987384796142578 0.04677319526672363
0.0026941299438476562 0.00031375885009765625 0.04616522789001465
0.0026259422302246094 0.00031685829162597656 0.04649949073791504
0.0026395320892333984 0.0003218650817871094 0.04652762413024902
0.002782583236694336 0.0003006458282470703 0.04625654220581055
0.002680540084838867 0.00030493736267089844 0.04654669761657715
0.0027341842651367188 0.0003044605255126953 0.04628157615661621
0.0027036666870117188 0.0003046989440917969 0.04695296287536621
0.002949237823486328 0.00030350685119628906 0.04626059532165527
0.0027570724487304688 0.00031948089599609375 0.04638266563415527
0.002726316452026367 0.0003132820129394531 0.04612302780151367
0.002743959426879883 0.0003159046173095703 0.046280622482299805
0.0026464462280273438 0.0003192424774169922 0.048996686935424805
0.008765935897827148 0.0004432201385498047 0.0463869571685791
0.002946138381958008 0.00030231475830078125 0.04766082763671875
0.0033826828002929688 0.00031113624572753906 0.046671390533447266
0.003100872039794922 0.0002982616424560547 0.04634356498718262
0.0026710033416748047 0.000301361083984375 0.04646706581115723
0.002758502960205078 0.0002949237823486328 0.04887795448303223
0.006142139434814453 0.0003440380096435547 0.04587292671203613
0.0026099681854248047 0.0002925395965576172 0.045995473861694336
0.002570629119873047 0.0002903938293457031 0.046253204345703125
0.0027229785919189453 0.00028967857360839844 0.0460660457611084
0.0025322437286376953 0.0003032684326171875 0.0459442138671875
0.002778768539428711 0.0002970695495605469 0.04619097709655762
0.002590179443359375 0.00029778480529785156 0.045975446701049805
0.0025894641876220703 0.00029468536376953125 0.046714067459106445
0.0026574134826660156 0.0002963542938232422 0.04586458206176758
0.0026459693908691406 0.00029158592224121094 0.046048879623413086
0.002491474151611328 0.0002884864807128906 0.04606795310974121
0.0027074813842773438 0.00029921531677246094 0.04582953453063965
0.0026230812072753906 0.0002968311309814453 0.0462489128112793
0.002694368362426758 0.00030040740966796875 0.045831918716430664
0.0026183128356933594 0.0002968311309814453 0.04613995552062988
0.002551555633544922 0.0002956390380859375 0.04593062400817871
0.0026061534881591797 0.00029754638671875 0.04797530174255371
0.005351543426513672 0.0003209114074707031 0.0461275577545166
0.0025644302368164062 0.000293731689453125 0.04620003700256348
0.0025649070739746094 0.00029349327087402344 0.04666900634765625
0.0026578903198242188 0.0003027915954589844 0.04607391357421875
0.002734661102294922 0.0003044605255126953 0.04636383056640625
0.0025229454040527344 0.0003077983856201172 0.04801154136657715
0.00644373893737793 0.0003814697265625 0.0464625358581543
0.0025475025177001953 0.0003037452697753906 0.045828819274902344
0.002706289291381836 0.0002949237823486328 0.046514272689819336
0.0025479793548583984 0.0003056526184082031 0.04574084281921387
0.002591371536254883 0.0003120899200439453 0.04765653610229492
0.005759239196777344 0.00036334991455078125 0.04718804359436035
0.0056400299072265625 0.0003497600555419922 0.04654693603515625
0.0024292469024658203 0.0002899169921875 0.04599452018737793
0.002771615982055664 0.0003006458282470703 0.04655003547668457
0.002477407455444336 0.00029587745666503906 0.045870065689086914
0.0027480125427246094 0.00030159950256347656 0.04613900184631348
0.002656221389770508 0.0003037452697753906 0.04597806930541992
0.0026776790618896484 0.0002930164337158203 0.0459287166595459
0.002534151077270508 0.0002925395965576172 0.046782493591308594
0.0025491714477539062 0.00029778480529785156 0.04884028434753418
0.0057485103607177734 0.0003478527069091797 0.04638195037841797
0.0026421546936035156 0.00029659271240234375 0.04576253890991211
0.0026404857635498047 0.00028896331787109375 0.04626750946044922
0.002520322799682617 0.0002930164337158203 0.04583382606506348
0.002482175827026367 0.0002942085266113281 0.04623055458068848
0.0025289058685302734 0.0003020763397216797 0.046196937561035156
