0.0010251998901367188 0.05416393280029297 2.2172927856445312e-05 0.00027370452880859375 0.0389559268951416 0.011677026748657227 0.0030317306518554688 0.00014090538024902344 0.05518913269042969 16 0
0.0010325908660888672 0.05116462707519531 2.2411346435546875e-05 0.00027060508728027344 0.038182735443115234 0.009628534317016602 0.0028657913208007812 0.0001342296600341797 0.05219721794128418 16 0
0.0010197162628173828 0.04569125175476074 2.1219253540039062e-05 0.00025653839111328125 0.032594919204711914 0.009656190872192383 0.002965211868286133 0.0001354217529296875 0.046710968017578125 16 0
0.0010378360748291016 0.045835018157958984 2.193450927734375e-05 0.0002605915069580078 0.032763004302978516 0.009638786315917969 0.0029528141021728516 0.0001361370086669922 0.046872854232788086 16 0
0.0010135173797607422 0.04595303535461426 2.09808349609375e-05 0.0002567768096923828 0.03269648551940918 0.0097808837890625 0.0029981136322021484 0.0001373291015625 0.046966552734375 16 0
0.0010256767272949219 0.04629802703857422 2.288818359375e-05 0.0002651214599609375 0.03307461738586426 0.009723901748657227 0.0030112266540527344 0.0001373291015625 0.04732370376586914 16 0
0.001027822494506836 0.04693269729614258 2.3603439331054688e-05 0.00026035308837890625 0.033374786376953125 0.01006174087524414 0.0030107498168945312 0.0001380443572998047 0.047960519790649414 16 0
0.0010225772857666016 0.04684710502624512 2.2411346435546875e-05 0.00025963783264160156 0.033463239669799805 0.00993037223815918 0.0029752254486083984 0.0001354217529296875 0.04786968231201172 16 0
0.0010175704956054688 0.04545736312866211 2.1457672119140625e-05 0.00025916099548339844 0.03276348114013672 0.009401321411132812 0.0028200149536132812 0.0001327991485595703 0.04647493362426758 16 0
0.0009982585906982422 0.045572757720947266 2.0503997802734375e-05 0.0002562999725341797 0.033066511154174805 0.009433269500732422 0.0026149749755859375 0.00012350082397460938 0.04657101631164551 16 0
0.000904083251953125 0.045084476470947266 1.8596649169921875e-05 0.00024008750915527344 0.032839059829711914 0.009291410446166992 0.0025184154510498047 0.0001227855682373047 0.04598855972290039 16 0
0.0009462833404541016 0.0450139045715332 1.8835067749023438e-05 0.00023984909057617188 0.03273177146911621 0.009266853332519531 0.002573728561401367 0.00012946128845214844 0.045960187911987305 16 0
0.0008816719055175781 0.04607987403869629 1.811981201171875e-05 0.00023365020751953125 0.033269405364990234 0.009527921676635742 0.002840757369995117 0.0001342296600341797 0.04696154594421387 16 0
0.0009965896606445312 0.04607820510864258 2.0503997802734375e-05 0.00025534629821777344 0.032775163650512695 0.009897232055664062 0.0029375553131103516 0.00013375282287597656 0.04707479476928711 16 0
0.0010569095611572266 0.049540042877197266 2.2172927856445312e-05 0.00027251243591308594 0.032700300216674805 0.00967264175415039 0.006395101547241211 0.0003750324249267578 0.05059695243835449 16 0
0.003171205520629883 0.04693198204040527 6.031990051269531e-05 0.0005931854248046875 0.033055782318115234 0.009919881820678711 0.0030510425567626953 0.00013637542724609375 0.050103187561035156 16 0
0.0010232925415039062 0.04603099822998047 2.288818359375e-05 0.0002617835998535156 0.03271985054016113 0.0097808837890625 0.003046751022338867 0.0001380443572998047 0.047054290771484375 16 0
0.0010540485382080078 0.04624676704406738 2.2649765014648438e-05 0.00026726722717285156 0.03303647041320801 0.009745121002197266 0.002978801727294922 0.00013637542724609375 0.04730081558227539 16 0
0.0010380744934082031 0.0462191104888916 2.1696090698242188e-05 0.0002646446228027344 0.03302907943725586 0.009676456451416016 0.0030329227447509766 0.00013518333435058594 0.047257184982299805 16 0
0.0009987354278564453 0.04604077339172363 2.0742416381835938e-05 0.0002574920654296875 0.03270244598388672 0.009795427322387695 0.003069162368774414 0.00013589859008789062 0.04703950881958008 16 0
0.0010271072387695312 0.04624772071838379 2.1696090698242188e-05 0.0002789497375488281 0.03304243087768555 0.009741544723510742 0.002969026565551758 0.0001354217529296875 0.04727482795715332 16 0
0.0010232925415039062 0.046159982681274414 2.1457672119140625e-05 0.0002627372741699219 0.03302288055419922 0.009731292724609375 0.0029175281524658203 0.00014495849609375 0.04718327522277832 16 0
0.0010218620300292969 0.045835256576538086 2.1219253540039062e-05 0.00026726722717285156 0.03269791603088379 0.009626388549804688 0.0030269622802734375 0.00013637542724609375 0.04685711860656738 16 0
0.0010311603546142578 0.04624295234680176 2.47955322265625e-05 0.0002620220184326172 0.03296184539794922 0.009758949279785156 0.0030431747436523438 0.0001327991485595703 0.047274112701416016 16 0
0.0010390281677246094 0.04631543159484863 2.193450927734375e-05 0.0002644062042236328 0.033087968826293945 0.009784698486328125 0.0029587745666503906 0.00013828277587890625 0.04735445976257324 16 0
0.0009968280792236328 0.045989036560058594 2.1219253540039062e-05 0.0002605915069580078 0.03272104263305664 0.009748220443725586 0.0030329227447509766 0.00014543533325195312 0.04698586463928223 16 0
0.0010280609130859375 0.04632425308227539 2.2172927856445312e-05 0.0002627372741699219 0.03302574157714844 0.009781599044799805 0.0030243396759033203 0.00014710426330566406 0.04735231399536133 16 0
0.0010159015655517578 0.04651451110839844 2.2649765014648438e-05 0.0002624988555908203 0.03316903114318848 0.009882688522338867 0.0029745101928710938 0.0001347064971923828 0.047530412673950195 16 0
0.0010571479797363281 0.045977115631103516 2.2649765014648438e-05 0.00026345252990722656 0.032724857330322266 0.009746074676513672 0.0030243396759033203 0.0001354217529296875 0.047034263610839844 16 0
0.0010066032409667969 0.04608941078186035 2.2411346435546875e-05 0.0002834796905517578 0.0328826904296875 0.009714841842651367 0.002991914749145508 0.00013518333435058594 0.04709601402282715 16 0
0.0010235309600830078 0.04633831977844238 2.1696090698242188e-05 0.0002655982971191406 0.03309011459350586 0.00979924201965332 0.002966642379760742 0.00013494491577148438 0.04736185073852539 16 0
0.0010051727294921875 0.04591727256774902 2.1219253540039062e-05 0.00025844573974609375 0.03272414207458496 0.009699106216430664 0.003021717071533203 0.00013566017150878906 0.04692244529724121 16 0
0.0010344982147216797 0.04596304893493652 2.1696090698242188e-05 0.0002605915069580078 0.03273344039916992 0.009780645370483398 0.0029723644256591797 0.00013494491577148438 0.0469975471496582 16 0
0.0010612010955810547 0.046126365661621094 2.2411346435546875e-05 0.0002639293670654297 0.03282618522644043 0.009796142578125 0.0030198097229003906 0.0001354217529296875 0.04718756675720215 16 0
0.0009999275207519531 0.0463411808013916 2.193450927734375e-05 0.00026154518127441406 0.032994747161865234 0.009857416152954102 0.0030083656311035156 0.00013709068298339844 0.047341108322143555 16 0
0.0010421276092529297 0.045705556869506836 2.09808349609375e-05 0.00026226043701171875 0.03280973434448242 0.009527206420898438 0.002894878387451172 0.0001327991485595703 0.046747684478759766 16 0
0.0010042190551757812 0.046205997467041016 1.9788742065429688e-05 0.00025725364685058594 0.033455610275268555 0.009583711624145508 0.002697467803955078 0.00012969970703125 0.0472102165222168 16 0
0.0010030269622802734 0.04564714431762695 2.0265579223632812e-05 0.00025081634521484375 0.03298234939575195 0.009451627731323242 0.002756357192993164 0.00012993812561035156 0.04665017127990723 16 0
0.0009617805480957031 0.0461118221282959 1.9788742065429688e-05 0.00024890899658203125 0.032861948013305664 0.009765863418579102 0.0030210018157958984 0.00013518333435058594 0.0470736026763916 16 0
0.001007080078125 0.04670405387878418 2.09808349609375e-05 0.0002624988555908203 0.03331732749938965 0.009888172149658203 0.0030221939086914062 0.00013327598571777344 0.04771113395690918 16 0
0.0010089874267578125 0.04633188247680664 2.1696090698242188e-05 0.0002624988555908203 0.03300356864929199 0.009843587875366211 0.0030059814453125 0.00013494491577148438 0.04734086990356445 16 0
0.0010132789611816406 0.04624462127685547 2.1457672119140625e-05 0.00026154518127441406 0.03292393684387207 0.009840726852416992 0.00299835205078125 0.00013875961303710938 0.04725790023803711 16 0
0.0010409355163574219 0.046486616134643555 2.193450927734375e-05 0.00026679039001464844 0.033266544342041016 0.009793996810913086 0.002942800521850586 0.0001342296600341797 0.04752755165100098 16 0
0.0010113716125488281 0.0462038516998291 2.193450927734375e-05 0.0002598762512207031 0.0330202579498291 0.009753704071044922 0.0029554367065429688 0.00013375282287597656 0.04721522331237793 16 0
0.0010802745819091797 0.04955720901489258 2.1696090698242188e-05 0.0002627372741699219 0.03289532661437988 0.009641170501708984 0.006262540817260742 0.0003714561462402344 0.05063748359680176 16 0
0.0031087398529052734 0.04683804512023926 5.936622619628906e-05 0.0005922317504882812 0.03320670127868652 0.009818077087402344 0.0029189586639404297 0.00013184547424316406 0.04994678497314453 16 0
0.0024034976959228516 0.0455167293548584 4.792213439941406e-05 0.0004706382751464844 0.03276371955871582 0.009340524673461914 0.002676248550415039 0.00012373924255371094 0.04792022705078125 16 0
0.0009846687316894531 0.0464329719543457 2.0742416381835938e-05 0.0002522468566894531 0.03329014778137207 0.00970602035522461 0.0029730796813964844 0.00013303756713867188 0.047417640686035156 16 0
0.0010492801666259766 0.04596567153930664 2.1457672119140625e-05 0.0002617835998535156 0.03298807144165039 0.009618043899536133 0.002881765365600586 0.0001354217529296875 0.04701495170593262 16 0
0.000986337661743164 0.045738935470581055 2.002716064453125e-05 0.00025010108947753906 0.03286623954772949 0.009536027908325195 0.0028755664825439453 0.00013589859008789062 0.04672527313232422 16 0
0.000990152359008789 0.046019554138183594 2.1219253540039062e-05 0.0002524852752685547 0.03319263458251953 0.009549617767333984 0.0027952194213867188 0.00015211105346679688 0.04700970649719238 16 0
0.0009999275207519531 0.04574418067932129 2.0742416381835938e-05 0.00026416778564453125 0.0331265926361084 0.00949549674987793 0.002657651901245117 0.00012540817260742188 0.04674410820007324 16 0
0.0009374618530273438 0.04541492462158203 1.9788742065429688e-05 0.0002498626708984375 0.03285646438598633 0.009453058242797852 0.0026519298553466797 0.00012540817260742188 0.046352386474609375 16 0
0.0008847713470458984 0.04541349411010742 1.811981201171875e-05 0.00023627281188964844 0.03305196762084961 0.00935816764831543 0.002557039260864258 0.00013780593872070312 0.04629826545715332 16 0
0.0011000633239746094 0.04564619064331055 1.9788742065429688e-05 0.00024509429931640625 0.03326559066772461 0.00942683219909668 0.0025124549865722656 0.00012254714965820312 0.046746253967285156 16 0
0.0008692741394042969 0.04539942741394043 1.7881393432617188e-05 0.0002338886260986328 0.03299975395202637 0.009444713592529297 0.002521991729736328 0.0001289844512939453 0.04626870155334473 16 0
0.0008919239044189453 0.045233726501464844 1.8358230590820312e-05 0.00023031234741210938 0.03290700912475586 0.009380102157592773 0.002521991729736328 0.00012302398681640625 0.04612565040588379 16 0
0.0008680820465087891 0.045836448669433594 1.8596649169921875e-05 0.0002753734588623047 0.033364295959472656 0.009370565414428711 0.002625703811645508 0.00012922286987304688 0.04670453071594238 16 0
0.0008976459503173828 0.04587864875793457 1.7642974853515625e-05 0.0002334117889404297 0.0330052375793457 0.009587287902832031 0.0028448104858398438 0.0001347064971923828 0.04677629470825195 16 0
0.0009984970092773438 0.045548200607299805 2.1219253540039062e-05 0.00025272369384765625 0.03287816047668457 0.009484529495239258 0.0027294158935546875 0.00012636184692382812 0.04654669761657715 16 0
0.001013040542602539 0.04581570625305176 2.1219253540039062e-05 0.0002522468566894531 0.03313946723937988 0.009451150894165039 0.002752542495727539 0.0001430511474609375 0.0468287467956543 16 0
0.0009515285491943359 0.0459134578704834 1.9550323486328125e-05 0.00024366378784179688 0.03316020965576172 0.009565353393554688 0.0027360916137695312 0.00013446807861328125 0.046864986419677734 16 0
0.000997781753540039 0.045495033264160156 1.9788742065429688e-05 0.0002472400665283203 0.032903432846069336 0.009458065032958984 0.002679109573364258 0.0001316070556640625 0.046492815017700195 16 0
0.001010894775390625 0.045495033264160156 2.0503997802734375e-05 0.0002474784851074219 0.032980918884277344 0.009395837783813477 0.002662181854248047 0.00013208389282226562 0.04650592803955078 16 0
0.000957489013671875 0.046257734298706055 1.9788742065429688e-05 0.0002644062042236328 0.0334317684173584 0.009618520736694336 0.0027337074279785156 0.00013256072998046875 0.04721522331237793 16 0
0.0009791851043701172 0.04589200019836426 2.09808349609375e-05 0.00025081634521484375 0.0329282283782959 0.009619712829589844 0.002842426300048828 0.00017213821411132812 0.046871185302734375 16 0
0.0009996891021728516 0.0455169677734375 2.1219253540039062e-05 0.00026535987854003906 0.032837867736816406 0.009450674057006836 0.0027534961700439453 0.0001316070556640625 0.04651665687561035 16 0
0.0009953975677490234 0.046129703521728516 2.0742416381835938e-05 0.0002522468566894531 0.033316612243652344 0.009518146514892578 0.0027959346771240234 0.00015282630920410156 0.04712510108947754 16 0
0.0010809898376464844 0.04576921463012695 2.0265579223632812e-05 0.0002522468566894531 0.03296613693237305 0.009597063064575195 0.002743959426879883 0.00013327598571777344 0.04685020446777344 16 0
0.0009703636169433594 0.04557180404663086 2.0503997802734375e-05 0.0002503395080566406 0.03295421600341797 0.00948023796081543 0.0026628971099853516 0.00014591217041015625 0.04654216766357422 16 0
0.0011010169982910156 0.04581284523010254 2.2411346435546875e-05 0.0002608299255371094 0.033252716064453125 0.00942373275756836 0.0026612281799316406 0.0001347064971923828 0.046913862228393555 16 0
0.0008995532989501953 0.045838356018066406 1.9550323486328125e-05 0.00024127960205078125 0.033162593841552734 0.009556293487548828 0.0026717185974121094 0.00013184547424316406 0.0467379093170166 16 0
0.000982046127319336 0.04541158676147461 2.002716064453125e-05 0.0002453327178955078 0.032843828201293945 0.009463787078857422 0.002653837203979492 0.00013017654418945312 0.046393632888793945 16 0
0.0009999275207519531 0.04924321174621582 2.0503997802734375e-05 0.00024580955505371094 0.03307318687438965 0.009466886520385742 0.005972385406494141 0.00036978721618652344 0.05024313926696777 16 0
0.0030968189239501953 0.047966957092285156 5.7697296142578125e-05 0.0005733966827392578 0.03317618370056152 0.010617494583129883 0.0032944679260253906 0.0001361370086669922 0.05106377601623535 16 0
0.0010221004486083984 0.0453946590423584 2.1219253540039062e-05 0.0002574920654296875 0.03283047676086426 0.009376049041748047 0.002728700637817383 0.00012636184692382812 0.0464167594909668 16 0
0.0010280609130859375 0.04954814910888672 2.002716064453125e-05 0.00025343894958496094 0.03324723243713379 0.00952601432800293 0.006033658981323242 0.00037169456481933594 0.050576210021972656 16 0
0.0030524730682373047 0.04644274711608887 5.364418029785156e-05 0.000530242919921875 0.03284931182861328 0.009956598281860352 0.002792835235595703 0.0001544952392578125 0.04949522018432617 16 0
0.0011839866638183594 0.04583287239074707 2.2649765014648438e-05 0.0002703666687011719 0.03339266777038574 0.009340763092041016 0.002613544464111328 0.00013303756713867188 0.04701685905456543 16 0
0.0009417533874511719 0.04549288749694824 1.9788742065429688e-05 0.0002434253692626953 0.0330348014831543 0.009500503540039062 0.002511739730834961 0.0001289844512939453 0.046434640884399414 16 0
0.0008826255798339844 0.04520583152770996 1.811981201171875e-05 0.00023627281188964844 0.03292489051818848 0.009335756301879883 0.0025093555450439453 0.0001289844512939453 0.046088457107543945 16 0
0.0009348392486572266 0.049399375915527344 1.9311904907226562e-05 0.0002410411834716797 0.03333687782287598 0.009394645690917969 0.005947589874267578 0.0003650188446044922 0.05033421516418457 16 0
0.0030431747436523438 0.046968936920166016 5.7220458984375e-05 0.0005676746368408203 0.033112287521362305 0.010460138320922852 0.0025212764739990234 0.00014162063598632812 0.05001211166381836 16 0
0.0010454654693603516 0.045385122299194336 2.1457672119140625e-05 0.00025153160095214844 0.03303837776184082 0.009321928024291992 0.0025653839111328125 0.00012969970703125 0.04643058776855469 16 0
0.0009226799011230469 0.04575490951538086 1.8835067749023438e-05 0.0002391338348388672 0.03321385383605957 0.009521245956420898 0.0025787353515625 0.00012922286987304688 0.046677589416503906 16 0
0.0009462833404541016 0.045183420181274414 1.9550323486328125e-05 0.00023746490478515625 0.03288531303405762 0.009312152862548828 0.0025446414947509766 0.00013065338134765625 0.046129703521728516 16 0
0.0009448528289794922 0.04534626007080078 1.8596649169921875e-05 0.0002377033233642578 0.03287768363952637 0.00933384895324707 0.002695798873901367 0.00012826919555664062 0.04629111289978027 16 0
0.0009179115295410156 0.04605698585510254 1.9311904907226562e-05 0.0002429485321044922 0.03357124328613281 0.0094451904296875 0.002587556838989258 0.00013184547424316406 0.046974897384643555 16 0
0.0009288787841796875 0.04542231559753418 1.8358230590820312e-05 0.00024819374084472656 0.03294968605041504 0.009426116943359375 0.002603769302368164 0.00012421607971191406 0.04635119438171387 16 0
0.0008609294891357422 0.045617103576660156 1.7642974853515625e-05 0.0002422332763671875 0.03294515609741211 0.009548425674438477 0.002669095993041992 0.000141143798828125 0.0464780330657959 16 0
0.0009255409240722656 0.04543900489807129 2.8371810913085938e-05 0.0002346038818359375 0.033132314682006836 0.009305477142333984 0.002555370330810547 0.00012874603271484375 0.046364545822143555 16 0
0.0009706020355224609 0.04601621627807617 1.9073486328125e-05 0.00023818016052246094 0.03323960304260254 0.009814739227294922 0.0025277137756347656 0.00012350082397460938 0.04698681831359863 16 0
0.0008680820465087891 0.04538249969482422 1.7881393432617188e-05 0.0002334117889404297 0.03293108940124512 0.009441852569580078 0.00257110595703125 0.00013303756713867188 0.04625058174133301 16 0
0.000934600830078125 0.04515433311462402 1.7881393432617188e-05 0.00023055076599121094 0.03287363052368164 0.009342432022094727 0.0025081634521484375 0.00012922286987304688 0.04608893394470215 16 0
0.0009143352508544922 0.04573416709899902 1.8835067749023438e-05 0.00023674964904785156 0.03330397605895996 0.009444236755371094 0.002554178237915039 0.0001232624053955078 0.046648502349853516 16 0
0.0008573532104492188 0.04560565948486328 1.7881393432617188e-05 0.00024700164794921875 0.03314852714538574 0.009482145309448242 0.0025289058685302734 0.00012969970703125 0.0464630126953125 16 0
0.00090789794921875 0.045224666595458984 1.7642974853515625e-05 0.00023102760314941406 0.03298592567443848 0.009280204772949219 0.0025358200073242188 0.0001232624053955078 0.046132564544677734 16 0
0.0008568763732910156 0.045418500900268555 1.7881393432617188e-05 0.0002505779266357422 0.03312087059020996 0.009396076202392578 0.002451181411743164 0.00012874603271484375 0.04627537727355957 16 0
0.0008809566497802734 0.045839786529541016 1.7642974853515625e-05 0.00023293495178222656 0.03342032432556152 0.009519577026367188 0.0024747848510742188 0.0001227855682373047 0.04672074317932129 16 0
0.0009398460388183594 0.0452880859375 1.9073486328125e-05 0.00023865699768066406 0.03294014930725098 0.009397745132446289 0.0025110244750976562 0.00012874603271484375 0.04622793197631836 16 0
