0.19800806045532227 0.0758213996887207 4.9114227294921875e-05 0.0017571449279785156 0.03898882865905762 0.01165914535522461 0.003210306167602539 0.00015616416931152344 0.27382946014404297 63 0
0.20238113403320312 0.07566690444946289 5.078315734863281e-05 0.0017459392547607422 0.03894209861755371 0.011569738388061523 0.0032410621643066406 0.0001571178436279297 0.278048038482666 63 0
0.2032628059387207 0.07540488243103027 4.863739013671875e-05 0.0017499923706054688 0.0389561653137207 0.01150369644165039 0.0031042098999023438 0.0001475811004638672 0.278667688369751 63 0
0.2047898769378662 0.07556676864624023 4.76837158203125e-05 0.0017459392547607422 0.03894519805908203 0.011584281921386719 0.0031061172485351562 0.00014829635620117188 0.28035664558410645 63 0
0.20247340202331543 0.07599258422851562 4.7206878662109375e-05 0.001748800277709961 0.03896951675415039 0.011619806289672852 0.0033447742462158203 0.0001456737518310547 0.27846598625183105 63 0
0.20467019081115723 0.07576107978820801 4.863739013671875e-05 0.0017483234405517578 0.03893709182739258 0.011509180068969727 0.003415346145629883 0.00014519691467285156 0.28043127059936523 63 0
0.20348024368286133 0.09029388427734375 4.76837158203125e-05 0.0017476081848144531 0.03897905349731445 0.02624034881591797 0.003154754638671875 0.00015544891357421875 0.2937741279602051 63 0
0.20688986778259277 0.07640981674194336 4.696846008300781e-05 0.0017457008361816406 0.03895092010498047 0.01210784912109375 0.0033478736877441406 0.0001888275146484375 0.28329968452453613 63 0
0.20720124244689941 0.07979273796081543 4.863739013671875e-05 0.001760721206665039 0.03899574279785156 0.01154017448425293 0.007136106491088867 0.00043773651123046875 0.28699398040771484 63 0
0.2271583080291748 0.07577204704284668 4.649162292480469e-05 0.0017485618591308594 0.038944244384765625 0.011622905731201172 0.003313302993774414 0.0001499652862548828 0.3029303550720215 63 0
0.20300555229187012 0.07579255104064941 6.437301635742188e-05 0.0017476081848144531 0.03896951675415039 0.011616945266723633 0.0033605098724365234 0.00015473365783691406 0.27879810333251953 63 0
0.20485854148864746 0.07608318328857422 4.863739013671875e-05 0.0017561912536621094 0.038958072662353516 0.011561870574951172 0.0033729076385498047 0.0001456737518310547 0.2809417247772217 63 0
0.204054594039917 0.07767343521118164 5.507469177246094e-05 0.0017631053924560547 0.03894305229187012 0.011518716812133789 0.0033502578735351562 0.0001494884490966797 0.28172802925109863 63 0
0.20321440696716309 0.07584190368652344 5.1975250244140625e-05 0.0017714500427246094 0.038976192474365234 0.011508941650390625 0.0033478736877441406 0.00014591217041015625 0.2790563106536865 63 0
0.20312261581420898 0.07593822479248047 4.76837158203125e-05 0.001750946044921875 0.03901243209838867 0.011598825454711914 0.0035293102264404297 0.00015354156494140625 0.27906084060668945 63 0
0.2049705982208252 0.07996511459350586 4.649162292480469e-05 0.0017457008361816406 0.03896188735961914 0.011588335037231445 0.007162809371948242 0.0004298686981201172 0.28493571281433105 63 0
0.22619867324829102 0.07580924034118652 4.887580871582031e-05 0.0017514228820800781 0.03893280029296875 0.011583566665649414 0.003388643264770508 0.0001468658447265625 0.30200791358947754 63 0
0.20470595359802246 0.07609128952026367 4.76837158203125e-05 0.0017483234405517578 0.038995981216430664 0.01169133186340332 0.0033986568450927734 0.0001556873321533203 0.28079724311828613 63 0
0.2044835090637207 0.08005666732788086 4.649162292480469e-05 0.0017457008361816406 0.0389857292175293 0.0116119384765625 0.0071849822998046875 0.00043320655822753906 0.28454017639160156 63 0
0.22585844993591309 0.07562541961669922 4.887580871582031e-05 0.001749277114868164 0.038971900939941406 0.011517763137817383 0.003315448760986328 0.0001552104949951172 0.3014838695526123 63 0
0.20398759841918945 0.07565784454345703 4.506111145019531e-05 0.0017495155334472656 0.038930654525756836 0.011516332626342773 0.003332376480102539 0.0001556873321533203 0.2796454429626465 63 0
0.2022552490234375 0.07569742202758789 4.76837158203125e-05 0.001744985580444336 0.03894329071044922 0.01150822639465332 0.0033485889434814453 0.00014710426330566406 0.2779526710510254 63 0
0.20447134971618652 0.07546114921569824 4.839897155761719e-05 0.0017473697662353516 0.038984060287475586 0.011521100997924805 0.003148317337036133 0.0001537799835205078 0.27993249893188477 63 0
0.20279669761657715 0.07589197158813477 4.935264587402344e-05 0.0017466545104980469 0.03892660140991211 0.011597156524658203 0.003424406051635742 0.0001690387725830078 0.2786886692047119 63 0
0.22075939178466797 0.07591438293457031 4.76837158203125e-05 0.001745462417602539 0.03894853591918945 0.01159524917602539 0.003364086151123047 0.00014710426330566406 0.2966737747192383 63 0
0.20279407501220703 0.07570314407348633 4.76837158203125e-05 0.0017468929290771484 0.03891873359680176 0.01153707504272461 0.0032072067260742188 0.00015354156494140625 0.27849721908569336 63 0
0.2032325267791748 0.07578802108764648 4.601478576660156e-05 0.001744985580444336 0.038971662521362305 0.011497020721435547 0.0033147335052490234 0.00014734268188476562 0.2790205478668213 63 0
0.20299935340881348 0.07567095756530762 4.506111145019531e-05 0.0017473697662353516 0.03899955749511719 0.011588096618652344 0.0031545162200927734 0.0001533031463623047 0.2786703109741211 63 0
0.20082998275756836 0.07643699645996094 5.0067901611328125e-05 0.0017695426940917969 0.03896927833557129 0.011504888534545898 0.003334522247314453 0.0001468658447265625 0.2772669792175293 63 0
0.20272254943847656 0.07581043243408203 4.5299530029296875e-05 0.0017633438110351562 0.03893589973449707 0.011582136154174805 0.003339529037475586 0.00014781951904296875 0.2785329818725586 63 0
0.20005035400390625 0.07693696022033691 6.175041198730469e-05 0.001756906509399414 0.038964033126831055 0.011503934860229492 0.0033254623413085938 0.00014781951904296875 0.27698731422424316 63 0
0.20265412330627441 0.07604694366455078 4.792213439941406e-05 0.0017421245574951172 0.038976430892944336 0.011605262756347656 0.0033729076385498047 0.0001468658447265625 0.2787010669708252 63 0
0.20525717735290527 0.07968521118164062 4.7206878662109375e-05 0.0017468929290771484 0.038933753967285156 0.011609315872192383 0.0068628787994384766 0.0004343986511230469 0.2849423885345459 63 0
0.2227787971496582 0.07578468322753906 4.935264587402344e-05 0.0017495155334472656 0.03896450996398926 0.011585474014282227 0.003208637237548828 0.00014734268188476562 0.29856348037719727 63 0
0.20596742630004883 0.07628464698791504 5.2928924560546875e-05 0.001764059066772461 0.038965463638305664 0.011877298355102539 0.003178834915161133 0.00018310546875 0.28225207328796387 63 0
0.21093130111694336 0.07647514343261719 5.435943603515625e-05 0.0017647743225097656 0.03896045684814453 0.011862754821777344 0.0033609867095947266 0.00015997886657714844 0.28740644454956055 63 0
0.2105727195739746 0.07663655281066895 5.7220458984375e-05 0.0017693042755126953 0.038970947265625 0.011857271194458008 0.003443479537963867 0.00016260147094726562 0.28720927238464355 63 0
0.20812487602233887 0.07649803161621094 5.340576171875e-05 0.0017650127410888672 0.03896307945251465 0.01178598403930664 0.0034737586975097656 0.0001595020294189453 0.2846229076385498 63 0
0.213059663772583 0.07684826850891113 5.745887756347656e-05 0.0017714500427246094 0.03897595405578613 0.011931180953979492 0.003373384475708008 0.00016450881958007812 0.28990793228149414 63 0
0.21348929405212402 0.07639837265014648 5.125999450683594e-05 0.0017609596252441406 0.03897881507873535 0.011693716049194336 0.003515958786010742 0.00015783309936523438 0.2898876667022705 63 0
0.21587276458740234 0.07633447647094727 5.340576171875e-05 0.0017616748809814453 0.03894782066345215 0.01171875 0.0034875869750976562 0.00015425682067871094 0.2922072410583496 63 0
0.2161397933959961 0.07629799842834473 5.435943603515625e-05 0.0017631053924560547 0.03897285461425781 0.011706113815307617 0.003451824188232422 0.0001595020294189453 0.2924377918243408 63 0
0.21371722221374512 0.08084344863891602 5.5789947509765625e-05 0.0017666816711425781 0.03897905349731445 0.011679410934448242 0.007115602493286133 0.000431060791015625 0.29456067085266113 63 0
0.23691749572753906 0.0762166976928711 5.030632019042969e-05 0.0017540454864501953 0.0389399528503418 0.011613130569458008 0.0034117698669433594 0.00015807151794433594 0.31313419342041016 63 0
0.21179413795471191 0.0760490894317627 5.054473876953125e-05 0.0017511844635009766 0.03893113136291504 0.011604070663452148 0.00345611572265625 0.00015878677368164062 0.2878432273864746 63 0
0.21169424057006836 0.07607507705688477 4.863739013671875e-05 0.0017542839050292969 0.03894805908203125 0.011659383773803711 0.0033843517303466797 0.0001747608184814453 0.2877693176269531 63 0
0.20917868614196777 0.07614493370056152 4.935264587402344e-05 0.0017504692077636719 0.03898000717163086 0.011651039123535156 0.0033812522888183594 0.00015544891357421875 0.2853236198425293 63 0
0.21462464332580566 0.07599568367004395 4.935264587402344e-05 0.0017507076263427734 0.03896307945251465 0.011600255966186523 0.003429889678955078 0.00015854835510253906 0.2906203269958496 63 0
0.2132868766784668 0.07623457908630371 4.76837158203125e-05 0.0017533302307128906 0.038994789123535156 0.011689186096191406 0.0034432411193847656 0.00015687942504882812 0.2895214557647705 63 0
0.20961856842041016 0.07635998725891113 5.459785461425781e-05 0.0017902851104736328 0.03894329071044922 0.011716127395629883 0.0036020278930664062 0.0001575946807861328 0.2859785556793213 63 0
0.2109696865081787 0.0761420726776123 5.698204040527344e-05 0.0017676353454589844 0.03893470764160156 0.01179957389831543 0.0031099319458007812 0.00015687942504882812 0.287111759185791 63 0
0.2072772979736328 0.07589340209960938 4.6253204345703125e-05 0.0017468929290771484 0.03894400596618652 0.01162576675415039 0.003407001495361328 0.00015401840209960938 0.2831707000732422 63 0
0.205888032913208 0.07572484016418457 4.673004150390625e-05 0.0017514228820800781 0.038947343826293945 0.011472225189208984 0.003283262252807617 0.0001804828643798828 0.2816128730773926 63 0
0.20671868324279785 0.0800783634185791 4.9591064453125e-05 0.0017676353454589844 0.03895735740661621 0.011525869369506836 0.0070645809173583984 0.00043129920959472656 0.28679704666137695 63 0
0.2301633358001709 0.07587862014770508 4.792213439941406e-05 0.001748800277709961 0.03898429870605469 0.011521339416503906 0.0033597946166992188 0.00015354156494140625 0.306041955947876 63 0
0.20768141746520996 0.07610964775085449 4.839897155761719e-05 0.0017695426940917969 0.03894829750061035 0.011581182479858398 0.0034494400024414062 0.00015735626220703125 0.28379106521606445 63 0
0.20457100868225098 0.07597160339355469 4.7206878662109375e-05 0.001744985580444336 0.03899025917053223 0.011572837829589844 0.0033617019653320312 0.00014662742614746094 0.28054261207580566 63 0
0.20198655128479004 0.07596230506896973 5.125999450683594e-05 0.0017578601837158203 0.03894495964050293 0.011580944061279297 0.0033774375915527344 0.0001506805419921875 0.27794885635375977 63 0
0.20087695121765137 0.07583332061767578 4.673004150390625e-05 0.0017447471618652344 0.03891873359680176 0.01157999038696289 0.0034172534942626953 0.0001575946807861328 0.27671027183532715 63 0
0.20098376274108887 0.07610082626342773 4.8160552978515625e-05 0.0017452239990234375 0.03892230987548828 0.011576652526855469 0.0034835338592529297 0.00017189979553222656 0.2770845890045166 63 0
0.21828007698059082 0.07599186897277832 5.030632019042969e-05 0.0017468929290771484 0.03897404670715332 0.011538267135620117 0.003415822982788086 0.0001621246337890625 0.29427194595336914 63 0
0.20146465301513672 0.07578563690185547 4.553794860839844e-05 0.0017468929290771484 0.03893876075744629 0.011574268341064453 0.0033922195434570312 0.0001628398895263672 0.2772502899169922 63 0
0.2057483196258545 0.0798959732055664 4.76837158203125e-05 0.001743316650390625 0.038960933685302734 0.011645793914794922 0.006968021392822266 0.00042819976806640625 0.2856442928314209 63 0
0.22276878356933594 0.07586503028869629 4.673004150390625e-05 0.0017461776733398438 0.03893852233886719 0.011548757553100586 0.0034036636352539062 0.00014710426330566406 0.2986338138580322 63 0
0.20187711715698242 0.07578229904174805 4.696846008300781e-05 0.001744985580444336 0.03895688056945801 0.011521100997924805 0.0033655166625976562 0.0001552104949951172 0.27765941619873047 63 0
0.2024838924407959 0.07622194290161133 4.76837158203125e-05 0.0017476081848144531 0.03895211219787598 0.011565923690795898 0.0036787986755371094 0.00014543533325195312 0.2787058353424072 63 0
0.202439546585083 0.07599782943725586 4.8160552978515625e-05 0.0017461776733398438 0.03897547721862793 0.011633634567260742 0.0033850669860839844 0.00015354156494140625 0.27843737602233887 63 0
0.20233416557312012 0.07971453666687012 4.792213439941406e-05 0.001741647720336914 0.03896641731262207 0.011488676071166992 0.006981849670410156 0.0004305839538574219 0.28204870223999023 63 0
0.22344303131103516 0.07559680938720703 4.863739013671875e-05 0.0017497539520263672 0.03896737098693848 0.011601686477661133 0.0031087398529052734 0.00015497207641601562 0.2990398406982422 63 0
0.20156645774841309 0.07543087005615234 4.8160552978515625e-05 0.001766204833984375 0.03894639015197754 0.011504888534545898 0.0030541419982910156 0.00014853477478027344 0.27699732780456543 63 0
0.2015218734741211 0.07600569725036621 5.888938903808594e-05 0.0017600059509277344 0.03897380828857422 0.011529684066772461 0.0033600330352783203 0.0001533031463623047 0.2775275707244873 63 0
0.20103192329406738 0.07563328742980957 4.6253204345703125e-05 0.0017442703247070312 0.03897356986999512 0.011574268341064453 0.0031745433807373047 0.0001475811004638672 0.27666521072387695 63 0
0.20163774490356445 0.07649397850036621 4.696846008300781e-05 0.001741170883178711 0.03901338577270508 0.011544227600097656 0.003911018371582031 0.00024580955505371094 0.27813172340393066 63 0
0.21745920181274414 0.07546496391296387 4.9114227294921875e-05 0.001748800277709961 0.03896594047546387 0.011536836624145508 0.003071308135986328 0.00015592575073242188 0.292924165725708 63 0
0.20014119148254395 0.07595968246459961 4.7206878662109375e-05 0.0017504692077636719 0.03896188735961914 0.011581659317016602 0.003214597702026367 0.00015401840209960938 0.27610087394714355 63 0
0.2028064727783203 0.07555508613586426 4.6253204345703125e-05 0.0017502307891845703 0.038965702056884766 0.011494159698486328 0.003025054931640625 0.00015306472778320312 0.27836155891418457 63 0
0.20082855224609375 0.07579970359802246 4.553794860839844e-05 0.0017452239990234375 0.038951873779296875 0.011512279510498047 0.003213644027709961 0.0001583099365234375 0.2766282558441162 63 0
0.2023022174835205 0.07561993598937988 4.601478576660156e-05 0.0017464160919189453 0.038956642150878906 0.011580228805541992 0.003126382827758789 0.00014543533325195312 0.2779221534729004 63 0
0.20173954963684082 0.07549858093261719 6.67572021484375e-05 0.0017468929290771484 0.038956642150878906 0.011544942855834961 0.0030646324157714844 0.0001544952392578125 0.277238130569458 63 0
0.20033001899719238 0.0759119987487793 6.413459777832031e-05 0.0017447471618652344 0.038941383361816406 0.011587381362915039 0.0033416748046875 0.00014638900756835938 0.2762420177459717 63 0
0.20336222648620605 0.07778048515319824 4.887580871582031e-05 0.0017478466033935547 0.03896522521972656 0.011495590209960938 0.005024909973144531 0.0003325939178466797 0.2811427116394043 63 0
0.21942996978759766 0.07547736167907715 4.9114227294921875e-05 0.0017473697662353516 0.038967132568359375 0.011506319046020508 0.003087282180786133 0.00017380714416503906 0.2949073314666748 63 0
0.2032792568206787 0.07567071914672852 4.673004150390625e-05 0.0017459392547607422 0.03894162178039551 0.011579036712646484 0.0030753612518310547 0.00015878677368164062 0.2789499759674072 63 0
0.20053529739379883 0.0758216381072998 4.696846008300781e-05 0.0017476081848144531 0.03898334503173828 0.011621475219726562 0.0031800270080566406 0.00015735626220703125 0.27635693550109863 63 0
0.20282244682312012 0.07555127143859863 4.839897155761719e-05 0.0017480850219726562 0.038964271545410156 0.011598587036132812 0.0030603408813476562 0.0001461505889892578 0.27837371826171875 63 0
0.2005009651184082 0.0756983757019043 4.7206878662109375e-05 0.001745462417602539 0.03894686698913574 0.011588573455810547 0.003114938735961914 0.0001461505889892578 0.2761993408203125 63 0
0.20249485969543457 0.07558178901672363 4.863739013671875e-05 0.001745462417602539 0.0389864444732666 0.011553764343261719 0.0031769275665283203 0.00015544891357421875 0.2780766487121582 63 0
0.20047974586486816 0.07592606544494629 5.7220458984375e-05 0.0017578601837158203 0.0389561653137207 0.011586427688598633 0.003281831741333008 0.00018405914306640625 0.27640581130981445 63 0
0.21710896492004395 0.07550239562988281 4.649162292480469e-05 0.0017447471618652344 0.039000749588012695 0.011543035507202148 0.0030777454376220703 0.00014901161193847656 0.29261136054992676 63 0
0.19880366325378418 0.07591748237609863 4.8160552978515625e-05 0.0017545223236083984 0.03896069526672363 0.011614561080932617 0.0032465457916259766 0.000156402587890625 0.2747211456298828 63 0
0.19807887077331543 0.21071958541870117 4.744529724121094e-05 0.0017435550689697266 0.038986921310424805 0.14418292045593262 0.005403757095336914 0.0003190040588378906 0.4087984561920166 63 0
0.22062015533447266 0.07584977149963379 4.673004150390625e-05 0.0017480850219726562 0.0390017032623291 0.01153874397277832 0.0033922195434570312 0.00015401840209960938 0.29646992683410645 63 0
0.20328617095947266 0.07554125785827637 4.649162292480469e-05 0.0017464160919189453 0.038965463638305664 0.011559486389160156 0.003131866455078125 0.0001571178436279297 0.278827428817749 63 0
0.20304274559020996 0.07550406455993652 4.76837158203125e-05 0.0017728805541992188 0.03894543647766113 0.01158761978149414 0.003101348876953125 0.00015401840209960938 0.2785468101501465 63 0
0.2101883888244629 0.07565569877624512 5.3882598876953125e-05 0.0017626285552978516 0.03894758224487305 0.011586904525756836 0.003053903579711914 0.00014710426330566406 0.285844087600708 63 0
0.20405912399291992 0.07587456703186035 4.8160552978515625e-05 0.0017588138580322266 0.03893780708312988 0.011628866195678711 0.003378629684448242 0.00014638900756835938 0.2799336910247803 63 0
0.20548319816589355 0.07944202423095703 4.482269287109375e-05 0.0017428398132324219 0.03894329071044922 0.011534452438354492 0.006685495376586914 0.00040149688720703125 0.2849252223968506 63 0
0.22574734687805176 0.07616138458251953 4.744529724121094e-05 0.001749277114868164 0.03897213935852051 0.011826038360595703 0.00345611572265625 0.00015997886657714844 0.3019087314605713 63 0
0.20822548866271973 0.07631826400756836 5.555152893066406e-05 0.0017704963684082031 0.03895854949951172 0.011681795120239258 0.00334930419921875 0.0001575946807861328 0.2845437526702881 63 0
0.20952200889587402 0.07584643363952637 5.4836273193359375e-05 0.0017609596252441406 0.03893685340881348 0.01165771484375 0.003145933151245117 0.0001609325408935547 0.2853684425354004 63 0
