0.003161907196044922 0.054483890533447266 2.9802322387695312e-05 0.0003008842468261719 0.03886818885803223 0.011542081832885742 0.003228902816772461 0.00014925003051757812 0.05764579772949219 62 0
0.002979755401611328 0.05714154243469238 2.6702880859375e-05 0.00029277801513671875 0.038809776306152344 0.010808229446411133 0.006395101547241211 0.0004341602325439453 0.06012129783630371 62 0
0.007824182510375977 0.0467379093170166 4.267692565917969e-05 0.0004093647003173828 0.03260326385498047 0.009787797927856445 0.003302335739135742 0.00019621849060058594 0.05456209182739258 62 0
0.0033957958221435547 0.04696846008300781 3.2901763916015625e-05 0.00032138824462890625 0.03304934501647949 0.009449481964111328 0.0035691261291503906 0.00019478797912597656 0.05036425590515137 62 0
0.0028276443481445312 0.04583430290222168 2.765655517578125e-05 0.00028705596923828125 0.03273296356201172 0.009340286254882812 0.0029649734497070312 0.0001513957977294922 0.04866194725036621 62 0
0.0025818347930908203 0.04647064208984375 2.7418136596679688e-05 0.00028634071350097656 0.033312082290649414 0.0094146728515625 0.0029647350311279297 0.00014400482177734375 0.04905247688293457 62 0
0.0024094581604003906 0.04602837562561035 2.6702880859375e-05 0.00027871131896972656 0.03297686576843262 0.009467363357543945 0.0028085708618164062 0.0001437664031982422 0.04843783378601074 62 0
0.002479076385498047 0.0459742546081543 2.7418136596679688e-05 0.0002789497375488281 0.03289151191711426 0.00940084457397461 0.0028963088989257812 0.0001518726348876953 0.048453330993652344 62 0
0.0025930404663085938 0.04647970199584961 2.7179718017578125e-05 0.00028324127197265625 0.03333783149719238 0.009468555450439453 0.0028808116912841797 0.00015115737915039062 0.0490727424621582 62 0
0.0024900436401367188 0.04647684097290039 2.6702880859375e-05 0.0002799034118652344 0.03285932540893555 0.009648561477661133 0.003179311752319336 0.00015687942504882812 0.04896688461303711 62 0
0.0026183128356933594 0.04647326469421387 2.7894973754882812e-05 0.0002970695495605469 0.03330731391906738 0.009456157684326172 0.002909421920776367 0.00014448165893554688 0.04909157752990723 62 0
0.0025720596313476562 0.04614615440368652 2.6941299438476562e-05 0.00028634071350097656 0.03302645683288574 0.009344339370727539 0.0029883384704589844 0.00014495849609375 0.04871821403503418 62 0
0.0025281906127929688 0.04616379737854004 2.7894973754882812e-05 0.00028014183044433594 0.03309512138366699 0.009328603744506836 0.0029523372650146484 0.00015163421630859375 0.04869198799133301 62 0
0.0025916099548339844 0.04629683494567871 2.7418136596679688e-05 0.00028395652770996094 0.033193111419677734 0.00946187973022461 0.002844572067260742 0.00015115737915039062 0.048888444900512695 62 0
0.0024733543395996094 0.04574131965637207 2.7179718017578125e-05 0.00028133392333984375 0.03278994560241699 0.009332418441772461 0.0028259754180908203 0.000152587890625 0.04821467399597168 62 0
0.002504110336303711 0.046724557876586914 2.6702880859375e-05 0.00028228759765625 0.03354358673095703 0.009465456008911133 0.002924680709838867 0.0001583099365234375 0.049228668212890625 62 0
0.0024518966674804688 0.048325300216674805 2.7179718017578125e-05 0.00028014183044433594 0.03304004669189453 0.009382009506225586 0.00494384765625 0.0002999305725097656 0.05077719688415527 62 0
0.0054645538330078125 0.046460866928100586 4.458427429199219e-05 0.0005230903625488281 0.032918691635131836 0.009543418884277344 0.0028982162475585938 0.00015544891357421875 0.0519254207611084 62 0
0.002484560012817383 0.04618716239929199 2.765655517578125e-05 0.00028967857360839844 0.03286552429199219 0.009403228759765625 0.0031151771545410156 0.00015091896057128906 0.048671722412109375 62 0
0.0026361942291259766 0.04642510414123535 2.6941299438476562e-05 0.0002827644348144531 0.0331571102142334 0.009374141693115234 0.003099203109741211 0.00014400482177734375 0.04906129837036133 62 0
0.002585172653198242 0.046250104904174805 2.6941299438476562e-05 0.0002830028533935547 0.03307485580444336 0.009366989135742188 0.0030226707458496094 0.00014328956604003906 0.04883527755737305 62 0
0.002520322799682617 0.046300411224365234 2.7179718017578125e-05 0.0002796649932861328 0.03298544883728027 0.009369134902954102 0.0031576156616210938 0.00015401840209960938 0.04882073402404785 62 0
0.002603769302368164 0.04662728309631348 2.7179718017578125e-05 0.0002846717834472656 0.033269405364990234 0.009456872940063477 0.00311279296875 0.0001430511474609375 0.04923105239868164 62 0
0.0024950504302978516 0.046158552169799805 2.765655517578125e-05 0.0002818107604980469 0.03297543525695801 0.009357929229736328 0.0030426979064941406 0.00014328956604003906 0.048653602600097656 62 0
0.002482175827026367 0.046607017517089844 2.6941299438476562e-05 0.00028204917907714844 0.033307790756225586 0.009480476379394531 0.0030329227447509766 0.0001430511474609375 0.04908919334411621 62 0
0.002584695816040039 0.046199798583984375 2.7179718017578125e-05 0.00028061866760253906 0.03303265571594238 0.009362459182739258 0.003009319305419922 0.00015091896057128906 0.048784494400024414 62 0
0.0025234222412109375 0.04661703109741211 2.6464462280273438e-05 0.0002791881561279297 0.03304433822631836 0.009443998336791992 0.003343820571899414 0.00015163421630859375 0.04914045333862305 62 0
0.0025072097778320312 0.046668052673339844 2.7894973754882812e-05 0.0002868175506591797 0.033200979232788086 0.009471654891967773 0.003196239471435547 0.0001518726348876953 0.049175262451171875 62 0
0.002673625946044922 0.04641532897949219 2.6941299438476562e-05 0.0002834796905517578 0.032944679260253906 0.009436607360839844 0.0032324790954589844 0.0001552104949951172 0.04908895492553711 62 0
0.0025756359100341797 0.046973466873168945 2.7894973754882812e-05 0.00028824806213378906 0.0334315299987793 0.009527206420898438 0.003210783004760742 0.00015211105346679688 0.049549102783203125 62 0
0.0026388168334960938 0.046166419982910156 2.6941299438476562e-05 0.0002815723419189453 0.03284859657287598 0.009415388107299805 0.0031049251556396484 0.00015115737915039062 0.04880523681640625 62 0
0.0025353431701660156 0.04688549041748047 2.7179718017578125e-05 0.0002815723419189453 0.033136844635009766 0.009642839431762695 0.0033025741577148438 0.00015854835510253906 0.049420833587646484 62 0
0.002712726593017578 0.0464320182800293 2.8848648071289062e-05 0.0002918243408203125 0.03310680389404297 0.009527444839477539 0.0029783248901367188 0.00015234947204589844 0.049144744873046875 62 0
0.0025436878204345703 0.04615163803100586 2.765655517578125e-05 0.00028443336486816406 0.03308892250061035 0.00933384895324707 0.002917766571044922 0.00015234947204589844 0.04869532585144043 62 0
0.0025522708892822266 0.0464169979095459 2.6941299438476562e-05 0.00028514862060546875 0.033330440521240234 0.009430408477783203 0.00286865234375 0.0001442432403564453 0.048969268798828125 62 0
0.0025238990783691406 0.04578876495361328 2.6941299438476562e-05 0.0002810955047607422 0.03294968605041504 0.009315252304077148 0.0027441978454589844 0.00014472007751464844 0.04831266403198242 62 0
0.002714395523071289 0.04646444320678711 2.765655517578125e-05 0.00028228759765625 0.03333759307861328 0.00952458381652832 0.0028171539306640625 0.0001518726348876953 0.0491788387298584 62 0
0.002590179443359375 0.04613780975341797 2.6941299438476562e-05 0.0002841949462890625 0.03305530548095703 0.009406328201293945 0.0028831958770751953 0.00014591217041015625 0.048727989196777344 62 0
0.002663135528564453 0.04597616195678711 2.6941299438476562e-05 0.00027942657470703125 0.03305554389953613 0.009284496307373047 0.002843141555786133 0.0001513957977294922 0.04863929748535156 62 0
0.0025396347045898438 0.046452999114990234 2.6702880859375e-05 0.0002808570861816406 0.033351898193359375 0.009440898895263672 0.002865314483642578 0.0001506805419921875 0.04899263381958008 62 0
0.0026547908782958984 0.046330928802490234 2.7179718017578125e-05 0.0002789497375488281 0.03296804428100586 0.00951075553894043 0.0030660629272460938 0.00015306472778320312 0.04898571968078613 62 0
0.002611875534057617 0.04659461975097656 2.7894973754882812e-05 0.00028586387634277344 0.033393144607543945 0.009545564651489258 0.0028662681579589844 0.00014472007751464844 0.04920649528503418 62 0
0.00270843505859375 0.04856061935424805 2.7894973754882812e-05 0.00028228759765625 0.03301692008972168 0.0093536376953125 0.005156517028808594 0.00036597251892089844 0.0512690544128418 62 0
0.006514787673950195 0.04624342918395996 3.7670135498046875e-05 0.0003504753112792969 0.032912492752075195 0.009508609771728516 0.0029184818267822266 0.00014472007751464844 0.052758216857910156 62 0
0.002492666244506836 0.045946598052978516 2.4318695068359375e-05 0.0002689361572265625 0.03297781944274902 0.00933837890625 0.0028717517852783203 0.00014328956604003906 0.04843926429748535 62 0
0.002486705780029297 0.04630851745605469 2.4318695068359375e-05 0.0002694129943847656 0.033330678939819336 0.009461164474487305 0.0027556419372558594 0.00015211105346679688 0.048795223236083984 62 0
0.002702951431274414 0.0460505485534668 2.4318695068359375e-05 0.0002713203430175781 0.03301191329956055 0.00941324234008789 0.0028514862060546875 0.0001513957977294922 0.04875349998474121 62 0
0.002502918243408203 0.046013832092285156 2.47955322265625e-05 0.0002665519714355469 0.0330500602722168 0.009368419647216797 0.002818584442138672 0.00015592575073242188 0.04851675033569336 62 0
0.0026178359985351562 0.04677248001098633 2.384185791015625e-05 0.0002810955047607422 0.03334450721740723 0.009525537490844727 0.0031197071075439453 0.0001430511474609375 0.049390316009521484 62 0
0.002577543258666992 0.04597115516662598 2.4080276489257812e-05 0.00026917457580566406 0.03299140930175781 0.009340524673461914 0.002879619598388672 0.0001430511474609375 0.04854869842529297 62 0
0.0027799606323242188 0.04657149314880371 2.4557113647460938e-05 0.00026917457580566406 0.03336334228515625 0.009512186050415039 0.002927541732788086 0.0001533031463623047 0.04935145378112793 62 0
0.0024662017822265625 0.0460357666015625 2.4557113647460938e-05 0.0002663135528564453 0.033030033111572266 0.009419679641723633 0.002823352813720703 0.0001518726348876953 0.04850196838378906 62 0
0.002696990966796875 0.046430349349975586 2.4557113647460938e-05 0.0002663135528564453 0.033071279525756836 0.009549856185913086 0.003039121627807617 0.00014472007751464844 0.04912734031677246 62 0
0.002474546432495117 0.04653763771057129 2.47955322265625e-05 0.00027751922607421875 0.03331112861633301 0.009554624557495117 0.002881288528442383 0.00014638900756835938 0.049012184143066406 62 0
0.0028274059295654297 0.0460817813873291 2.47955322265625e-05 0.0002751350402832031 0.03295183181762695 0.009409189224243164 0.002919435501098633 0.000171661376953125 0.04890918731689453 62 0
0.0025873184204101562 0.04683518409729004 2.4318695068359375e-05 0.0002715587615966797 0.03352975845336914 0.009604692459106445 0.002931833267211914 0.0001513957977294922 0.049422502517700195 62 0
0.0025458335876464844 0.04606032371520996 2.4080276489257812e-05 0.00026917457580566406 0.03299856185913086 0.009337902069091797 0.002958536148071289 0.00015163421630859375 0.048606157302856445 62 0
0.0024688243865966797 0.04651665687561035 2.4080276489257812e-05 0.0002663135528564453 0.03328132629394531 0.009369373321533203 0.003106832504272461 0.0001506805419921875 0.04898548126220703 62 0
0.002704143524169922 0.04650425910949707 2.4557113647460938e-05 0.00026988983154296875 0.03325676918029785 0.009464740753173828 0.003008604049682617 0.00015592575073242188 0.04920840263366699 62 0
0.0025734901428222656 0.046038150787353516 2.4080276489257812e-05 0.0002658367156982422 0.0329439640045166 0.009444236755371094 0.0028548240661621094 0.00018024444580078125 0.04861164093017578 62 0
0.0026786327362060547 0.046243906021118164 2.47955322265625e-05 0.00026702880859375 0.03325676918029785 0.009478092193603516 0.002753734588623047 0.0001437664031982422 0.04892253875732422 62 0
0.0025038719177246094 0.04585838317871094 2.4557113647460938e-05 0.00026416778564453125 0.0329434871673584 0.009365320205688477 0.0027778148651123047 0.00014448165893554688 0.04836225509643555 62 0
0.0026314258575439453 0.046443939208984375 2.4318695068359375e-05 0.00026726722717285156 0.03333902359008789 0.009504079818725586 0.002835988998413086 0.00014352798461914062 0.04907536506652832 62 0
0.002527952194213867 0.04624509811401367 2.4080276489257812e-05 0.0002663135528564453 0.033095359802246094 0.00950479507446289 0.0028553009033203125 0.00017642974853515625 0.04877305030822754 62 0
0.0025234222412109375 0.046452999114990234 2.4080276489257812e-05 0.00026488304138183594 0.03294563293457031 0.009360790252685547 0.0033342838287353516 0.0001976490020751953 0.04897642135620117 62 0
0.003316640853881836 0.04636120796203613 2.47955322265625e-05 0.0002751350402832031 0.03319358825683594 0.009475946426391602 0.0029227733612060547 0.00014519691467285156 0.04967784881591797 62 0
0.002618074417114258 0.046027421951293945 2.4557113647460938e-05 0.0002663135528564453 0.03295326232910156 0.009442567825317383 0.002865314483642578 0.00015234947204589844 0.0486454963684082 62 0
0.0025718212127685547 0.04669761657714844 2.4080276489257812e-05 0.00026869773864746094 0.03353524208068848 0.009554147720336914 0.002833843231201172 0.00015115737915039062 0.04926943778991699 62 0
0.0026574134826660156 0.04617166519165039 2.4080276489257812e-05 0.00026702880859375 0.03300929069519043 0.00942373275756836 0.0029790401458740234 0.00014543533325195312 0.048829078674316406 62 0
0.0027272701263427734 0.04625535011291504 2.4318695068359375e-05 0.0002684593200683594 0.03324580192565918 0.009390592575073242 0.0028505325317382812 0.00014495849609375 0.04898262023925781 62 0
0.002710103988647461 0.04645109176635742 2.4080276489257812e-05 0.0002696514129638672 0.03314995765686035 0.009617328643798828 0.0029191970825195312 0.00015211105346679688 0.04916119575500488 62 0
0.002471446990966797 0.04620933532714844 2.4080276489257812e-05 0.0002696514129638672 0.03305768966674805 0.009483814239501953 0.002911090850830078 0.00014352798461914062 0.048680782318115234 62 0
0.0027146339416503906 0.04673480987548828 2.47955322265625e-05 0.000270843505859375 0.03347301483154297 0.009630203247070312 0.0028679370880126953 0.0001513957977294922 0.04944944381713867 62 0
0.002636432647705078 0.04599905014038086 2.384185791015625e-05 0.0002677440643310547 0.032991647720336914 0.009432792663574219 0.002809286117553711 0.00014328956604003906 0.04863548278808594 62 0
0.0027925968170166016 0.046585798263549805 2.4557113647460938e-05 0.00027179718017578125 0.03334856033325195 0.009577751159667969 0.0028815269470214844 0.00015401840209960938 0.049378395080566406 62 0
0.002573728561401367 0.0461578369140625 2.4318695068359375e-05 0.0002694129943847656 0.03305411338806152 0.009402751922607422 0.002939939498901367 0.00014472007751464844 0.04873156547546387 62 0
0.0028231143951416016 0.045821428298950195 2.47955322265625e-05 0.0002684593200683594 0.03294253349304199 0.009317398071289062 0.0027947425842285156 0.00014400482177734375 0.0486445426940918 62 0
0.0025327205657958984 0.04625868797302246 2.4318695068359375e-05 0.00026535987854003906 0.0329287052154541 0.0096893310546875 0.002888917922973633 0.00014448165893554688 0.04879140853881836 62 0
0.002669811248779297 0.04708981513977051 2.4557113647460938e-05 0.0002694129943847656 0.03376364707946777 0.00955057144165039 0.003009796142578125 0.00014352798461914062 0.049759626388549805 62 0
0.0026335716247558594 0.04893159866333008 2.4318695068359375e-05 0.0002684593200683594 0.03327441215515137 0.009581327438354492 0.005100250244140625 0.00033211708068847656 0.05156517028808594 62 0
0.006066799163818359 0.046051740646362305 3.910064697265625e-05 0.0003566741943359375 0.03290414810180664 0.0093994140625 0.0028429031372070312 0.00015878677368164062 0.052118539810180664 62 0
0.0024886131286621094 0.04658246040344238 2.7179718017578125e-05 0.0002818107604980469 0.03352499008178711 0.009473323822021484 0.002806425094604492 0.00014448165893554688 0.04907107353210449 62 0
0.002622842788696289 0.04604983329772949 2.7418136596679688e-05 0.00028014183044433594 0.03302001953125 0.00941014289855957 0.002837657928466797 0.00014495849609375 0.04867267608642578 62 0
0.0025353431701660156 0.0462343692779541 2.7179718017578125e-05 0.0002803802490234375 0.03323698043823242 0.00941610336303711 0.002794504165649414 0.00014257431030273438 0.04876971244812012 62 0
0.002712249755859375 0.04635882377624512 2.7179718017578125e-05 0.0002810955047607422 0.033147335052490234 0.009590387344360352 0.0028307437896728516 0.0001506805419921875 0.04907107353210449 62 0
0.0025644302368164062 0.0462493896484375 2.7894973754882812e-05 0.0002818107604980469 0.03304266929626465 0.009453535079956055 0.0029592514038085938 0.00014495849609375 0.048813819885253906 62 0
0.0026390552520751953 0.04656219482421875 2.4557113647460938e-05 0.00026917457580566406 0.03350377082824707 0.009523868560791016 0.0027704238891601562 0.00014328956604003906 0.049201250076293945 62 0
0.0024983882904052734 0.04606294631958008 2.4318695068359375e-05 0.00026726722717285156 0.03298544883728027 0.009384870529174805 0.0029404163360595703 0.00014352798461914062 0.04856133460998535 62 0
0.0027098655700683594 0.04651904106140137 2.4318695068359375e-05 0.00026726722717285156 0.033273935317993164 0.009553194046020508 0.002930879592895508 0.00015592575073242188 0.04922890663146973 62 0
0.0024666786193847656 0.04658937454223633 2.5033950805664062e-05 0.0002684593200683594 0.0332789421081543 0.009576797485351562 0.0029604434967041016 0.00015425682067871094 0.049056053161621094 62 0
0.0027103424072265625 0.04615020751953125 2.4318695068359375e-05 0.0002722740173339844 0.033026933670043945 0.009340524673461914 0.00299072265625 0.00016641616821289062 0.04886054992675781 62 0
0.0025932788848876953 0.04704904556274414 2.4557113647460938e-05 0.0002701282501220703 0.03340005874633789 0.009999752044677734 0.0028755664825439453 0.00015163421630859375 0.049642324447631836 62 0
0.0025551319122314453 0.04607033729553223 2.4557113647460938e-05 0.0002720355987548828 0.032869815826416016 0.009427309036254883 0.002981424331665039 0.0001595020294189453 0.04862546920776367 62 0
0.0026090145111083984 0.04687309265136719 2.4557113647460938e-05 0.00027108192443847656 0.03357052803039551 0.009599447250366211 0.002915620803833008 0.00015020370483398438 0.049482107162475586 62 0
0.002709627151489258 0.04616975784301758 2.4318695068359375e-05 0.0002703666687011719 0.03301501274108887 0.009398698806762695 0.002984762191772461 0.00015664100646972656 0.048879384994506836 62 0
0.0025763511657714844 0.04661417007446289 2.4557113647460938e-05 0.0002701282501220703 0.03324723243713379 0.009466409683227539 0.0031278133392333984 0.00015401840209960938 0.049190521240234375 62 0
0.0026471614837646484 0.047612667083740234 2.4318695068359375e-05 0.00026869773864746094 0.0331425666809082 0.009490013122558594 0.004106760025024414 0.0002410411834716797 0.05025982856750488 62 0
0.004329204559326172 0.04615974426269531 3.647804260253906e-05 0.00034737586975097656 0.0329136848449707 0.009288311004638672 0.0029816627502441406 0.00015878677368164062 0.050488948822021484 62 0
0.0038843154907226562 0.04694557189941406 5.698204040527344e-05 0.0005078315734863281 0.03328371047973633 0.009503841400146484 0.003007173538208008 0.00016236305236816406 0.05082988739013672 62 0
0.00247955322265625 0.046001434326171875 2.6941299438476562e-05 0.00028014183044433594 0.032950401306152344 0.009358406066894531 0.0029010772705078125 0.00015115737915039062 0.048480987548828125 62 0
