0.2050004005432129 0.0755927562713623 4.792213439941406e-05 0.001756429672241211 0.039016008377075195 0.011533260345458984 0.003369569778442383 0.000152587890625 0.2805931568145752 63 0
0.20662617683410645 0.07541346549987793 4.8160552978515625e-05 0.0017480850219726562 0.038969993591308594 0.011561155319213867 0.0032558441162109375 0.00015354156494140625 0.2820396423339844 63 0
0.2076587677001953 0.07538557052612305 4.9591064453125e-05 0.0017497539520263672 0.03894829750061035 0.011547088623046875 0.003323793411254883 0.0001537799835205078 0.28304433822631836 63 0
0.20777630805969238 0.07550692558288574 5.030632019042969e-05 0.0017504692077636719 0.03894758224487305 0.011532783508300781 0.0033490657806396484 0.00014472007751464844 0.2832832336425781 63 0
0.20595812797546387 0.07550191879272461 5.0067901611328125e-05 0.001753091812133789 0.03896665573120117 0.01145029067993164 0.003335714340209961 0.00015211105346679688 0.2814600467681885 63 0
0.20816421508789062 0.07558369636535645 5.14984130859375e-05 0.0017533302307128906 0.03898215293884277 0.011551856994628906 0.003266572952270508 0.00015234947204589844 0.28374791145324707 63 0
0.20231151580810547 0.08993697166442871 4.649162292480469e-05 0.0017502307891845703 0.03895449638366699 0.02598094940185547 0.003423452377319336 0.00015807151794433594 0.2922484874725342 63 0
0.20764541625976562 0.07540249824523926 5.269050598144531e-05 0.0017650127410888672 0.03896141052246094 0.01156759262084961 0.0032987594604492188 0.0001461505889892578 0.2830479145050049 63 0
0.21158218383789062 0.07615184783935547 5.793571472167969e-05 0.001745462417602539 0.03895258903503418 0.011503934860229492 0.0039217472076416016 0.0002505779266357422 0.2877340316772461 63 0
0.2203361988067627 0.07521438598632812 4.863739013671875e-05 0.0017495155334472656 0.03894400596618652 0.01159358024597168 0.003116607666015625 0.00014734268188476562 0.2955505847930908 63 0
0.2040266990661621 0.07517695426940918 5.0067901611328125e-05 0.0017485618591308594 0.038957834243774414 0.011562108993530273 0.003096342086791992 0.0001544952392578125 0.2792036533355713 63 0
0.20126962661743164 0.07921910285949707 4.601478576660156e-05 0.0017704963684082031 0.03892827033996582 0.011468172073364258 0.006877899169921875 0.0004253387451171875 0.2804887294769287 63 0
0.22508692741394043 0.0753011703491211 5.602836608886719e-05 0.0017559528350830078 0.03899121284484863 0.011539220809936523 0.0031859874725341797 0.0001442432403564453 0.3003880977630615 63 0
0.20415711402893066 0.07852911949157715 4.792213439941406e-05 0.0017459392547607422 0.03894972801208496 0.011469364166259766 0.006201267242431641 0.0004286766052246094 0.2826862335205078 63 0
0.23256421089172363 0.07515883445739746 4.744529724121094e-05 0.001768350601196289 0.038947105407714844 0.011535882949829102 0.0031175613403320312 0.00016379356384277344 0.3077230453491211 63 0
0.20132017135620117 0.07788658142089844 4.6253204345703125e-05 0.00174713134765625 0.03894639015197754 0.011477470397949219 0.005449533462524414 0.00032782554626464844 0.2792067527770996 63 0
0.22528409957885742 0.07558536529541016 4.7206878662109375e-05 0.0017466545104980469 0.03895282745361328 0.011564970016479492 0.0033731460571289062 0.00014519691467285156 0.3008694648742676 63 0
0.20565009117126465 0.07503080368041992 4.792213439941406e-05 0.0017702579498291016 0.038970232009887695 0.011497020721435547 0.0029981136322021484 0.00014448165893554688 0.28068089485168457 63 0
0.2009899616241455 0.07512426376342773 6.437301635742188e-05 0.0017473697662353516 0.038934946060180664 0.011539459228515625 0.0030927658081054688 0.0001513957977294922 0.27611422538757324 63 0
0.2028038501739502 0.07525634765625 4.9591064453125e-05 0.0017516613006591797 0.038985252380371094 0.011577844619750977 0.0031304359436035156 0.000152587890625 0.2780601978302002 63 0
0.20287418365478516 0.07514142990112305 4.863739013671875e-05 0.0017473697662353516 0.03894186019897461 0.011477947235107422 0.003066539764404297 0.0001468658447265625 0.2780156135559082 63 0
0.2022840976715088 0.07520437240600586 6.437301635742188e-05 0.0017464160919189453 0.03894996643066406 0.01156926155090332 0.0031104087829589844 0.00015544891357421875 0.27748847007751465 63 0
0.2016124725341797 0.07546472549438477 4.744529724121094e-05 0.0017461776733398438 0.03896284103393555 0.011522531509399414 0.0032205581665039062 0.0001552104949951172 0.27707719802856445 63 0
0.20078086853027344 0.07515764236450195 4.9591064453125e-05 0.0017495155334472656 0.038938283920288086 0.011499881744384766 0.003091573715209961 0.00014472007751464844 0.2759385108947754 63 0
0.20036625862121582 0.07529640197753906 4.935264587402344e-05 0.001745462417602539 0.0389556884765625 0.011485099792480469 0.003072500228881836 0.00014495849609375 0.2756626605987549 63 0
0.20515704154968262 0.07521343231201172 4.744529724121094e-05 0.0017435550689697266 0.03896522521972656 0.011489391326904297 0.0030791759490966797 0.0001633167266845703 0.28037047386169434 63 0
0.20128774642944336 0.07518315315246582 4.696846008300781e-05 0.0017480850219726562 0.03893136978149414 0.011504173278808594 0.003136157989501953 0.000152587890625 0.2764708995819092 63 0
0.20073366165161133 0.07530426979064941 4.649162292480469e-05 0.0017445087432861328 0.03896141052246094 0.011438846588134766 0.0031919479370117188 0.00014472007751464844 0.27603793144226074 63 0
0.20278692245483398 0.07545828819274902 5.125999450683594e-05 0.0017521381378173828 0.03898143768310547 0.011574745178222656 0.003101348876953125 0.00014591217041015625 0.278245210647583 63 0
0.20023226737976074 0.07574653625488281 4.887580871582031e-05 0.0017466545104980469 0.038948774337768555 0.011617422103881836 0.0033423900604248047 0.00014591217041015625 0.27597880363464355 63 0
0.20096182823181152 0.07528233528137207 4.887580871582031e-05 0.0017459392547607422 0.03895235061645508 0.011523246765136719 0.003056764602661133 0.00014448165893554688 0.2762441635131836 63 0
0.20023083686828613 0.0754249095916748 4.673004150390625e-05 0.0017464160919189453 0.03896379470825195 0.011563301086425781 0.003159046173095703 0.00015401840209960938 0.27565574645996094 63 0
0.20029425621032715 0.07555508613586426 4.9114227294921875e-05 0.0017490386962890625 0.03895735740661621 0.011498451232910156 0.003354310989379883 0.00014495849609375 0.2758493423461914 63 0
0.19997525215148926 0.07557106018066406 4.935264587402344e-05 0.001743316650390625 0.03895258903503418 0.011590003967285156 0.0031931400299072266 0.00015664100646972656 0.2755463123321533 63 0
0.20008492469787598 0.07511258125305176 4.863739013671875e-05 0.0017533302307128906 0.0389707088470459 0.011497020721435547 0.003014802932739258 0.00015234947204589844 0.27519750595092773 63 0
0.19956612586975098 0.07536649703979492 6.580352783203125e-05 0.0017521381378173828 0.038950443267822266 0.011536836624145508 0.0031130313873291016 0.00014400482177734375 0.2749326229095459 63 0
0.19905519485473633 0.07539963722229004 4.792213439941406e-05 0.0017507076263427734 0.038965463638305664 0.011512279510498047 0.003214120864868164 0.00015354156494140625 0.27445483207702637 63 0
0.20661330223083496 0.07540154457092285 5.0067901611328125e-05 0.0017523765563964844 0.03896641731262207 0.011475801467895508 0.0030701160430908203 0.00019431114196777344 0.2820148468017578 63 0
0.19811749458312988 0.07551741600036621 4.696846008300781e-05 0.0017480850219726562 0.038983821868896484 0.011606216430664062 0.003107786178588867 0.00014638900756835938 0.2736349105834961 63 0
0.1976604461669922 0.07771015167236328 6.29425048828125e-05 0.0017497539520263672 0.03897881507873535 0.01156473159790039 0.005254983901977539 0.00032639503479003906 0.27537059783935547 63 0
0.2162635326385498 0.07565569877624512 4.935264587402344e-05 0.001753091812133789 0.03895139694213867 0.011515617370605469 0.003328084945678711 0.00015115737915039062 0.2919192314147949 63 0
0.1977386474609375 0.0796957015991211 5.1021575927734375e-05 0.001753091812133789 0.03893256187438965 0.011517524719238281 0.007143497467041016 0.0004248619079589844 0.2774343490600586 63 0
0.22084331512451172 0.07545089721679688 5.078315734863281e-05 0.0017545223236083984 0.03894662857055664 0.011494636535644531 0.003303050994873047 0.00014781951904296875 0.2962942123413086 63 0
0.20032811164855957 0.0755615234375 4.696846008300781e-05 0.0017440319061279297 0.03893613815307617 0.01153564453125 0.003264904022216797 0.00014591217041015625 0.27588963508605957 63 0
0.20033740997314453 0.07563638687133789 4.792213439941406e-05 0.0017664432525634766 0.038959503173828125 0.011557340621948242 0.0034160614013671875 0.00019121170043945312 0.2759737968444824 63 0
0.19569635391235352 0.07529473304748535 4.673004150390625e-05 0.0017442703247070312 0.0389404296875 0.011533260345458984 0.003093242645263672 0.00014638900756835938 0.27099108695983887 63 0
0.20124363899230957 0.07541775703430176 5.030632019042969e-05 0.0017502307891845703 0.03894233703613281 0.011436223983764648 0.003238677978515625 0.00014472007751464844 0.27666139602661133 63 0
0.20078206062316895 0.07566356658935547 5.507469177246094e-05 0.0017495155334472656 0.03898930549621582 0.011549234390258789 0.003351926803588867 0.00015091896057128906 0.2764456272125244 63 0
0.19853472709655762 0.07530617713928223 4.7206878662109375e-05 0.0017409324645996094 0.03895854949951172 0.011543989181518555 0.0031058788299560547 0.00014591217041015625 0.27384090423583984 63 0
0.19770026206970215 0.07546186447143555 4.76837158203125e-05 0.001744985580444336 0.03893089294433594 0.011472225189208984 0.0032799243927001953 0.00015234947204589844 0.2731621265411377 63 0
0.19895339012145996 0.07575726509094238 5.030632019042969e-05 0.001748800277709961 0.038983821868896484 0.011580228805541992 0.003365755081176758 0.00014734268188476562 0.27471065521240234 63 0
0.19896364212036133 0.07530617713928223 4.887580871582031e-05 0.0017435550689697266 0.03895378112792969 0.011458635330200195 0.003123760223388672 0.0001709461212158203 0.27426981925964355 63 0
0.1983942985534668 0.07536888122558594 4.792213439941406e-05 0.0017642974853515625 0.038938045501708984 0.011568069458007812 0.003045797348022461 0.00014662742614746094 0.27376317977905273 63 0
0.1985335350036621 0.0752406120300293 4.839897155761719e-05 0.0017518997192382812 0.03894329071044922 0.011527538299560547 0.003072500228881836 0.00014543533325195312 0.2737741470336914 63 0
0.20022153854370117 0.07514572143554688 4.982948303222656e-05 0.0017545223236083984 0.038930654525756836 0.011430978775024414 0.0030770301818847656 0.00014543533325195312 0.27536725997924805 63 0
0.19984054565429688 0.0752263069152832 4.744529724121094e-05 0.0017480850219726562 0.03897356986999512 0.011495351791381836 0.003129720687866211 0.00014448165893554688 0.2750668525695801 63 0
0.19900941848754883 0.07526183128356934 4.673004150390625e-05 0.0017542839050292969 0.038947343826293945 0.01156759262084961 0.0031058788299560547 0.00015234947204589844 0.27427124977111816 63 0
0.1983332633972168 0.07532668113708496 4.744529724121094e-05 0.0017445087432861328 0.03895926475524902 0.011539459228515625 0.003234386444091797 0.0001533031463623047 0.27365994453430176 63 0
0.19758892059326172 0.07544779777526855 4.9591064453125e-05 0.0017924308776855469 0.03896760940551758 0.011449575424194336 0.003215789794921875 0.000171661376953125 0.2730367183685303 63 0
0.19951272010803223 0.07537102699279785 5.054473876953125e-05 0.0017461776733398438 0.03896951675415039 0.011489629745483398 0.003128528594970703 0.00014400482177734375 0.2748837471008301 63 0
0.19621944427490234 0.07528233528137207 4.863739013671875e-05 0.0017464160919189453 0.0389552116394043 0.011485815048217773 0.003117084503173828 0.00015163421630859375 0.2715017795562744 63 0
0.19843053817749023 0.07531189918518066 4.744529724121094e-05 0.0017459392547607422 0.03895115852355957 0.011496782302856445 0.0032982826232910156 0.00014352798461914062 0.2737424373626709 63 0
0.19744277000427246 0.07537603378295898 5.9604644775390625e-05 0.0017464160919189453 0.038950443267822266 0.011485815048217773 0.0032341480255126953 0.00015211105346679688 0.27281880378723145 63 0
0.1976795196533203 0.07544255256652832 4.696846008300781e-05 0.001766204833984375 0.03898954391479492 0.011576414108276367 0.003129243850708008 0.00014400482177734375 0.27312207221984863 63 0
0.19836187362670898 0.07518219947814941 4.863739013671875e-05 0.001749277114868164 0.03894376754760742 0.01147913932800293 0.0030999183654785156 0.0001685619354248047 0.2735440731048584 63 0
0.1970970630645752 0.07558679580688477 5.14984130859375e-05 0.0017507076263427734 0.038942813873291016 0.011531591415405273 0.003366708755493164 0.0001537799835205078 0.27268385887145996 63 0
0.2008674144744873 0.07529783248901367 4.863739013671875e-05 0.001760721206665039 0.0389399528503418 0.011563301086425781 0.003102540969848633 0.00015211105346679688 0.276165246963501 63 0
0.20049643516540527 0.07516717910766602 4.935264587402344e-05 0.0017578601837158203 0.03895831108093262 0.011539936065673828 0.0030927658081054688 0.0001652240753173828 0.2756636142730713 63 0
0.1990799903869629 0.07548999786376953 4.696846008300781e-05 0.0017421245574951172 0.03893232345581055 0.011549711227416992 0.0032765865325927734 0.00015544891357421875 0.2745699882507324 63 0
0.19813203811645508 0.07552409172058105 4.9591064453125e-05 0.0017504692077636719 0.0389707088470459 0.011493921279907227 0.0033349990844726562 0.0001518726348876953 0.27365612983703613 63 0
0.19844913482666016 0.07962536811828613 4.76837158203125e-05 0.0017428398132324219 0.0389556884765625 0.011482477188110352 0.007035493850708008 0.0004267692565917969 0.2780745029449463 63 0
0.22087764739990234 0.07701420783996582 4.649162292480469e-05 0.001750946044921875 0.03895235061645508 0.01146078109741211 0.004767894744873047 0.00032901763916015625 0.29789185523986816 63 0
0.21983695030212402 0.07552480697631836 4.935264587402344e-05 0.0017497539520263672 0.03891754150390625 0.011577606201171875 0.003271341323852539 0.000152587890625 0.2953617572784424 63 0
0.19975566864013672 0.07516765594482422 6.437301635742188e-05 0.0017452239990234375 0.038938283920288086 0.011516094207763672 0.003062009811401367 0.00014448165893554688 0.27492332458496094 63 0
0.19960784912109375 0.07523131370544434 4.649162292480469e-05 0.0017464160919189453 0.03895425796508789 0.011497020721435547 0.003209829330444336 0.0001437664031982422 0.2748391628265381 63 0
0.2000288963317871 0.07538676261901855 5.221366882324219e-05 0.001771688461303711 0.03896951675415039 0.011510848999023438 0.003123760223388672 0.00014591217041015625 0.27541565895080566 63 0
0.19805359840393066 0.07551717758178711 7.390975952148438e-05 0.0017547607421875 0.03895878791809082 0.011458635330200195 0.0031359195709228516 0.0001518726348876953 0.2735707759857178 63 0
0.19872617721557617 0.07545161247253418 5.125999450683594e-05 0.0017554759979248047 0.03895902633666992 0.01155543327331543 0.0030770301818847656 0.00014638900756835938 0.27417778968811035 63 0
0.19953060150146484 0.07546305656433105 5.793571472167969e-05 0.001743316650390625 0.03896522521972656 0.011644363403320312 0.003103971481323242 0.0001537799835205078 0.2749936580657959 63 0
0.20127582550048828 0.07545590400695801 5.054473876953125e-05 0.0017514228820800781 0.0389399528503418 0.011528968811035156 0.0031104087829589844 0.0001456737518310547 0.2767317295074463 63 0
0.1986091136932373 0.07529544830322266 4.887580871582031e-05 0.0017502307891845703 0.03896903991699219 0.011486053466796875 0.0030999183654785156 0.0001513957977294922 0.27390456199645996 63 0
0.1995391845703125 0.07530641555786133 4.601478576660156e-05 0.0017445087432861328 0.0389406681060791 0.011551618576049805 0.003123760223388672 0.0001442432403564453 0.27484560012817383 63 0
0.1981210708618164 0.07535696029663086 5.030632019042969e-05 0.0017511844635009766 0.038953542709350586 0.011430025100708008 0.003209352493286133 0.00019168853759765625 0.27347803115844727 63 0
0.19912052154541016 0.07530760765075684 4.935264587402344e-05 0.0017480850219726562 0.0389404296875 0.011495828628540039 0.0031807422637939453 0.00014472007751464844 0.274428129196167 63 0
0.1999661922454834 0.07522726058959961 4.506111145019531e-05 0.0017447471618652344 0.0389246940612793 0.011567354202270508 0.003020048141479492 0.00014495849609375 0.275193452835083 63 0
0.20301008224487305 0.07516598701477051 4.863739013671875e-05 0.0017476081848144531 0.038982391357421875 0.011514902114868164 0.003009319305419922 0.0001735687255859375 0.27817606925964355 63 0
0.1988506317138672 0.0753779411315918 4.744529724121094e-05 0.0017461776733398438 0.03895068168640137 0.011543750762939453 0.003201007843017578 0.0001533031463623047 0.274228572845459 63 0
0.1974024772644043 0.0756676197052002 5.0067901611328125e-05 0.001772165298461914 0.03897738456726074 0.011603593826293945 0.003184795379638672 0.000156402587890625 0.2730700969696045 63 0
0.19914746284484863 0.07541060447692871 4.76837158203125e-05 0.0017499923706054688 0.03895425796508789 0.011499404907226562 0.003139495849609375 0.00014519691467285156 0.27455806732177734 63 0
0.19934844970703125 0.07573294639587402 4.7206878662109375e-05 0.001745462417602539 0.03895878791809082 0.011548519134521484 0.0033731460571289062 0.00015425682067871094 0.2750813961029053 63 0
0.20009827613830566 0.20844125747680664 4.839897155761719e-05 0.0017418861389160156 0.03894686698913574 0.1443040370941162 0.0034906864166259766 0.0001556873321533203 0.4085395336151123 63 0
0.20104479789733887 0.0752573013305664 4.6253204345703125e-05 0.0017414093017578125 0.03896689414978027 0.011491775512695312 0.0032241344451904297 0.00014495849609375 0.2763020992279053 63 0
0.20323824882507324 0.07543468475341797 4.863739013671875e-05 0.001748800277709961 0.038927555084228516 0.011515378952026367 0.003186464309692383 0.00015497207641601562 0.2786729335784912 63 0
0.20170950889587402 0.07538557052612305 4.673004150390625e-05 0.0017466545104980469 0.03894305229187012 0.011507272720336914 0.0031838417053222656 0.00014543533325195312 0.27709507942199707 63 0
0.20095038414001465 0.07953333854675293 4.744529724121094e-05 0.0017461776733398438 0.03896450996398926 0.01149439811706543 0.007059574127197266 0.000423431396484375 0.2804837226867676 63 0
0.22124171257019043 0.07560896873474121 6.937980651855469e-05 0.0017559528350830078 0.03896021842956543 0.011630773544311523 0.003354787826538086 0.0001456737518310547 0.29685068130493164 63 0
0.2021467685699463 0.07525253295898438 4.863739013671875e-05 0.0017464160919189453 0.038948774337768555 0.011564493179321289 0.003118276596069336 0.0001513957977294922 0.27739930152893066 63 0
0.20088434219360352 0.07537102699279785 4.673004150390625e-05 0.0017447471618652344 0.03894758224487305 0.011534452438354492 0.003345966339111328 0.00014591217041015625 0.27625536918640137 63 0
0.2012031078338623 0.07544445991516113 4.9591064453125e-05 0.0017468929290771484 0.03898000717163086 0.011550188064575195 0.003331899642944336 0.00014495849609375 0.27664756774902344 63 0
0.2023298740386963 0.07504010200500488 5.054473876953125e-05 0.0017461776733398438 0.03895998001098633 0.011481046676635742 0.0030422210693359375 0.00014662742614746094 0.27736997604370117 63 0
