0.2319340705871582 0.02129197120666504 0.056693077087402344
0.23392724990844727 0.020332813262939453 0.05640125274658203
0.20849251747131348 0.020155906677246094 0.05610370635986328
0.2080090045928955 0.020371437072753906 0.056437015533447266
0.20529937744140625 0.02024984359741211 0.05602073669433594
0.20458674430847168 0.019869327545166016 0.05603480339050293
0.20854401588439941 0.020226001739501953 0.06959843635559082
0.20913457870483398 0.020302772521972656 0.056159257888793945
0.20544910430908203 0.020218610763549805 0.05612444877624512
0.20519065856933594 0.019863367080688477 0.05596446990966797
0.19880342483520508 0.019966602325439453 0.055879831314086914
0.20375323295593262 0.019964218139648438 0.05594348907470703
0.2056422233581543 0.01985001564025879 0.05604410171508789
0.19933032989501953 0.020042896270751953 0.05601334571838379
0.20363712310791016 0.019989967346191406 0.05601692199707031
0.19871878623962402 0.02010512351989746 0.05594301223754883
0.20551848411560059 0.020020246505737305 0.05598640441894531
0.19904565811157227 0.020154953002929688 0.055919647216796875
0.199202299118042 0.019982576370239258 0.05591273307800293
0.19995737075805664 0.02002573013305664 0.05601978302001953
0.20447778701782227 0.019967317581176758 0.056138038635253906
0.2052311897277832 0.019928455352783203 0.05575966835021973
0.20537996292114258 0.020009279251098633 0.05607199668884277
0.20344066619873047 0.020031213760375977 0.055985450744628906
0.20467376708984375 0.020009994506835938 0.05576825141906738
0.2036597728729248 0.0200345516204834 0.05565619468688965
0.2064812183380127 0.019960403442382812 0.05581545829772949
0.21448302268981934 0.02005791664123535 0.055718421936035156
0.20603561401367188 0.020063400268554688 0.05570173263549805
0.19724369049072266 0.020004749298095703 0.05578446388244629
0.19866108894348145 0.01994037628173828 0.055792808532714844
0.19658327102661133 0.020052194595336914 0.05549812316894531
0.19796323776245117 0.019988536834716797 0.05584359169006348
0.1976757049560547 0.020140647888183594 0.055635929107666016
0.2023763656616211 0.020078659057617188 0.05591082572937012
0.19928526878356934 0.02002692222595215 0.055673837661743164
0.19810223579406738 0.020018577575683594 0.05966949462890625
0.22190308570861816 0.019919633865356445 0.05567336082458496
0.1982285976409912 0.020119428634643555 0.05976724624633789
0.22725772857666016 0.020099401473999023 0.05560183525085449
0.19919967651367188 0.020041942596435547 0.055864572525024414
0.2042539119720459 0.020107030868530273 0.05576443672180176
0.20024895668029785 0.020007610321044922 0.055666446685791016
0.20461297035217285 0.01994466781616211 0.05578875541687012
0.1994626522064209 0.019974470138549805 0.05562758445739746
0.20009613037109375 0.020125150680541992 0.055860042572021484
0.19814014434814453 0.020056962966918945 0.055623769760131836
0.21035528182983398 0.02019524574279785 0.05617690086364746
0.21069550514221191 0.020274877548217773 0.05618572235107422
0.20912814140319824 0.020273685455322266 0.056064605712890625
0.21301913261413574 0.02019524574279785 0.05610847473144531
0.20937395095825195 0.02011418342590332 0.0559382438659668
0.20990228652954102 0.02026200294494629 0.05620408058166504
0.21240687370300293 0.020264148712158203 0.06039309501647949
0.21897602081298828 0.020320653915405273 0.05626559257507324
0.21201252937316895 0.020185232162475586 0.05598163604736328
0.2100682258605957 0.020056486129760742 0.059877634048461914
0.23573660850524902 0.020189285278320312 0.059952735900878906
0.22273802757263184 0.019084453582763672 0.05565190315246582
0.20813846588134766 0.0193173885345459 0.0556025505065918
0.2095785140991211 0.019112586975097656 0.055991411209106445
0.20502734184265137 0.019284486770629883 0.055956363677978516
0.2071824073791504 0.019086837768554688 0.055922746658325195
0.2148277759552002 0.020811080932617188 0.06187295913696289
0.22542667388916016 0.01996135711669922 0.05579257011413574
0.20423483848571777 0.019876956939697266 0.05568814277648926
0.20481443405151367 0.01991128921508789 0.05596017837524414
0.20714902877807617 0.019974946975708008 0.05580472946166992
0.199296236038208 0.02009129524230957 0.055761098861694336
0.20363879203796387 0.01999521255493164 0.05570697784423828
0.2060384750366211 0.020180463790893555 0.05600166320800781
0.20219826698303223 0.019895553588867188 0.0554661750793457
0.1994485855102539 0.0199429988861084 0.0560154914855957
0.19876503944396973 0.019895076751708984 0.05582761764526367
0.19893264770507812 0.020003557205200195 0.05579519271850586
0.20577239990234375 0.01992058753967285 0.05560493469238281
0.19947052001953125 0.019969701766967773 0.05565524101257324
0.20473480224609375 0.020068883895874023 0.05574512481689453
0.19667315483093262 0.020140886306762695 0.05996346473693848
0.22399401664733887 0.02004098892211914 0.05987548828125
0.21880388259887695 0.019998550415039062 0.0559077262878418
0.1987464427947998 0.0200498104095459 0.055776357650756836
0.2017960548400879 0.019965171813964844 0.05553698539733887
0.19855642318725586 0.019950389862060547 0.055380821228027344
0.20326876640319824 0.019939422607421875 0.05695295333862305
0.21142840385437012 0.020129919052124023 0.05565667152404785
0.19896173477172852 0.020000696182250977 0.05556821823120117
0.20262670516967773 0.019916534423828125 0.05583000183105469
0.19883394241333008 0.019942760467529297 0.05602216720581055
0.209334135055542 0.019930362701416016 0.05585479736328125
0.19913506507873535 0.01986098289489746 0.1812605857849121
0.20571231842041016 0.01999211311340332 0.055513620376586914
0.19974827766418457 0.019954204559326172 0.055841922760009766
0.20476269721984863 0.01997828483581543 0.0558772087097168
0.19855761528015137 0.01996445655822754 0.05565690994262695
0.19934678077697754 0.019968032836914062 0.055791378021240234
0.20458316802978516 0.019932270050048828 0.05573558807373047
0.20662999153137207 0.02011704444885254 0.059957265853881836
0.22199153900146484 0.020091772079467773 0.055845022201538086
0.19855308532714844 0.020015239715576172 0.05567431449890137
