0.001062631607055664 3.266334533691406e-05 0.05454444885253906
0.0010249614715576172 3.170967102050781e-05 0.05507230758666992
0.0010743141174316406 3.314018249511719e-05 0.05489635467529297
0.0010433197021484375 3.170967102050781e-05 0.047901153564453125
0.0010447502136230469 3.123283386230469e-05 0.046601057052612305
0.0010418891906738281 3.2901763916015625e-05 0.04681873321533203
0.0010402202606201172 3.218650817871094e-05 0.04639434814453125
0.001035451889038086 3.123283386230469e-05 0.04817700386047363
0.0010480880737304688 3.170967102050781e-05 0.04781627655029297
0.00103759765625 3.0994415283203125e-05 0.04724478721618652
0.0010652542114257812 3.170967102050781e-05 0.0472869873046875
0.0010747909545898438 3.1948089599609375e-05 0.046595096588134766
0.0010578632354736328 3.123283386230469e-05 0.049582481384277344
0.003078460693359375 6.508827209472656e-05 0.04763150215148926
0.0011205673217773438 3.457069396972656e-05 0.04653167724609375
0.001134634017944336 3.170967102050781e-05 0.04698300361633301
0.0010173320770263672 3.075599670410156e-05 0.04613780975341797
0.0010123252868652344 3.123283386230469e-05 0.046050071716308594
0.0010182857513427734 3.0994415283203125e-05 0.04659104347229004
0.0009860992431640625 3.0040740966796875e-05 0.05003690719604492
0.003200054168701172 8.463859558105469e-05 0.04783129692077637
0.001024484634399414 3.123283386230469e-05 0.046471595764160156
0.0010251998901367188 3.147125244140625e-05 0.046540260314941406
0.0010297298431396484 3.123283386230469e-05 0.04681873321533203
0.0010294914245605469 3.0517578125e-05 0.04607868194580078
0.0010619163513183594 3.0994415283203125e-05 0.046434879302978516
0.001043558120727539 3.123283386230469e-05 0.04967045783996582
0.003103971481323242 6.914138793945312e-05 0.0492091178894043
0.0015606880187988281 3.719329833984375e-05 0.049904823303222656
0.003086090087890625 7.843971252441406e-05 0.04643416404724121
0.0010619163513183594 3.218650817871094e-05 0.04607987403869629
0.0009670257568359375 4.00543212890625e-05 0.04583549499511719
0.0009813308715820312 2.9802322387695312e-05 0.0460658073425293
0.0009717941284179688 3.075599670410156e-05 0.046320199966430664
0.0009639263153076172 3.0517578125e-05 0.04543876647949219
0.0008807182312011719 2.8371810913085938e-05 0.045972585678100586
0.0009469985961914062 3.0040740966796875e-05 0.046193838119506836
0.0009481906890869141 2.7894973754882812e-05 0.04596972465515137
0.0010063648223876953 3.0279159545898438e-05 0.04613900184631348
0.0009942054748535156 3.0040740966796875e-05 0.04701805114746094
0.0010447502136230469 3.0994415283203125e-05 0.04692721366882324
0.0011134147644042969 3.075599670410156e-05 0.04649806022644043
0.001035451889038086 3.075599670410156e-05 0.05026745796203613
0.003100156784057617 7.843971252441406e-05 0.046250104904174805
0.0022287368774414062 7.963180541992188e-05 0.046677589416503906
0.0009636878967285156 2.86102294921875e-05 0.04602670669555664
0.0010075569152832031 3.0279159545898438e-05 0.04588150978088379
0.0009348392486572266 2.9802322387695312e-05 0.046475887298583984
0.00096893310546875 3.910064697265625e-05 0.04587054252624512
0.0009877681732177734 2.956390380859375e-05 0.04580974578857422
0.0009584426879882812 3.075599670410156e-05 0.047298431396484375
0.0010447502136230469 3.123283386230469e-05 0.046967506408691406
0.0010323524475097656 3.123283386230469e-05 0.05084109306335449
0.0020134449005126953 6.175041198730469e-05 0.04788565635681152
0.001066446304321289 3.361701965332031e-05 0.0486140251159668
0.0013415813446044922 4.482269287109375e-05 0.04859805107116699
0.0010714530944824219 3.4332275390625e-05 0.04670524597167969
0.0010733604431152344 3.361701965332031e-05 0.047966718673706055
0.0010788440704345703 3.647804260253906e-05 0.046972036361694336
0.0010755062103271484 3.528594970703125e-05 0.046965599060058594
0.0010941028594970703 3.409385681152344e-05 0.0470128059387207
0.001077413558959961 3.218650817871094e-05 0.0464479923248291
0.0010614395141601562 3.266334533691406e-05 0.04696393013000488
0.0010743141174316406 3.170967102050781e-05 0.046738624572753906
0.0010635852813720703 3.218650817871094e-05 0.04993033409118652
0.0031290054321289062 8.177757263183594e-05 0.04850912094116211
0.001056671142578125 3.218650817871094e-05 0.04656267166137695
0.0010368824005126953 3.147125244140625e-05 0.04725933074951172
0.0010447502136230469 3.147125244140625e-05 0.04668998718261719
0.00104522705078125 3.147125244140625e-05 0.0463871955871582
0.0010309219360351562 3.0517578125e-05 0.046654462814331055
0.0009720325469970703 2.8848648071289062e-05 0.0460972785949707
0.0010178089141845703 3.0994415283203125e-05 0.04659271240234375
0.0010364055633544922 3.075599670410156e-05 0.04650688171386719
0.0010309219360351562 3.147125244140625e-05 0.046124935150146484
0.0009293556213378906 2.86102294921875e-05 0.04590439796447754
0.0009818077087402344 3.0517578125e-05 0.04623055458068848
0.0009558200836181641 3.0040740966796875e-05 0.04573678970336914
0.0009419918060302734 3.0517578125e-05 0.04577136039733887
0.0008640289306640625 2.9087066650390625e-05 0.046196699142456055
0.0008587837219238281 2.86102294921875e-05 0.04611992835998535
0.0009512901306152344 4.553794860839844e-05 0.0467221736907959
0.0010280609130859375 3.1948089599609375e-05 0.04632711410522461
0.0010347366333007812 3.0279159545898438e-05 0.04651522636413574
0.0010592937469482422 3.147125244140625e-05 0.046373605728149414
0.0009407997131347656 3.0517578125e-05 0.049993276596069336
0.003095865249633789 7.82012939453125e-05 0.04760146141052246
0.0010106563568115234 3.123283386230469e-05 0.04655814170837402
0.0009775161743164062 2.9087066650390625e-05 0.04580998420715332
0.0009844303131103516 3.075599670410156e-05 0.04575991630554199
0.0008742809295654297 2.9325485229492188e-05 0.04619956016540527
0.0008881092071533203 2.9802322387695312e-05 0.04575157165527344
0.0009362697601318359 3.0040740966796875e-05 0.046051025390625
0.0008649826049804688 2.8371810913085938e-05 0.04965996742248535
0.0030274391174316406 7.82012939453125e-05 0.047319650650024414
0.0010018348693847656 3.123283386230469e-05 0.04580116271972656
0.0008749961853027344 2.9325485229492188e-05 0.045426130294799805
0.0009200572967529297 3.933906555175781e-05 0.04579305648803711
0.0009264945983886719 2.9802322387695312e-05 0.04608273506164551
0.0009551048278808594 3.0279159545898438e-05 0.046396732330322266
