using cuda:0 device.
50.83608627319336
50.537824630737305
50.76432228088379
50.55880546569824
50.62127113342285
50.95338821411133
51.08332633972168
51.290273666381836
51.239728927612305
50.804853439331055
50.63819885253906
50.77195167541504
50.83131790161133
50.29559135437012
50.04405975341797
50.67110061645508
50.582170486450195
50.334930419921875
50.29916763305664
50.75430870056152
50.406455993652344
50.669193267822266
50.74715614318848
50.98867416381836
50.92620849609375
51.30791664123535
50.551414489746094
50.71449279785156
50.75669288635254
51.384925842285156
50.56500434875488
50.36473274230957
50.24409294128418
50.91261863708496
50.510406494140625
50.276756286621094
50.286054611206055
50.1713752746582
50.52351951599121
50.62294006347656
50.79317092895508
51.00369453430176
50.531625747680664
50.63056945800781
50.21333694458008
50.75955390930176
51.23162269592285
50.909996032714844
50.948143005371094
51.09143257141113
51.18918418884277
51.204681396484375
51.36418342590332
51.59616470336914
51.407814025878906
50.672054290771484
50.63223838806152
51.0556697845459
51.17964744567871
50.70900917053223
51.39040946960449
51.164865493774414
50.97842216491699
50.981760025024414
51.18846893310547
50.900936126708984
50.729990005493164
50.75836181640625
50.896406173706055
50.861358642578125
50.76861381530762
50.19354820251465
50.33540725708008
50.7659912109375
51.203012466430664
50.96697807312012
51.099300384521484
50.88305473327637
50.54664611816406
50.87709426879883
51.0861873626709
50.59623718261719
50.78697204589844
51.12934112548828
50.59480667114258
50.588369369506836
51.0251522064209
50.57787895202637
50.614356994628906
50.66204071044922
50.887107849121094
50.52614212036133
50.47011375427246
50.57811737060547
50.69327354431152
50.97246170043945
50.59075355529785
50.475120544433594
50.39238929748535
50.58789253234863
50.296783447265625
50.60768127441406
50.46558380126953
50.48847198486328
50.35567283630371
50.51112174987793
50.26865005493164
50.16303062438965
50.36497116088867
50.77624320983887
50.70352554321289
50.57215690612793
50.92644691467285
51.12314224243164
50.99606513977051
50.70161819458008
50.38785934448242
50.507307052612305
50.55403709411621
51.04851722717285
51.20444297790527
50.9335994720459
51.12028121948242
50.543785095214844
51.02729797363281
51.03135108947754
50.570011138916016
50.67253112792969
50.6894588470459
51.32246017456055
50.47488212585449
51.10025405883789
50.406694412231445
50.97317695617676
50.74954032897949
50.33278465270996
52.24728584289551
52.21128463745117
50.81439018249512
51.206350326538086
51.666259765625
51.37014389038086
51.331281661987305
51.009178161621094
51.398515701293945
50.992488861083984
51.13101005554199
50.768136978149414
51.07307434082031
50.824642181396484
50.505876541137695
50.91381072998047
50.6744384765625
50.694942474365234
51.465511322021484
51.4378547668457
51.66268348693848
51.5446662902832
51.49531364440918
51.14412307739258
51.10573768615723
50.844669342041016
51.33485794067383
51.10669136047363
51.22017860412598
51.256656646728516
50.85301399230957
50.969839096069336
51.0106086730957
51.11408233642578
51.042795181274414
50.96173286437988
50.55379867553711
50.83751678466797
50.75979232788086
50.881147384643555
50.49467086791992
51.010847091674805
50.859689712524414
50.78554153442383
51.198482513427734
50.874948501586914
51.084280014038086
50.45127868652344
51.28335952758789
51.126718521118164
51.14340782165527
51.30410194396973
51.395416259765625
51.24163627624512
51.54776573181152
51.631927490234375
51.54085159301758
51.641225814819336
51.59330368041992
51.32937431335449
51.772117614746094
51.58686637878418
51.82337760925293
51.514625549316406
51.17607116699219
51.421403884887695
51.81527137756348
51.7578125
51.224470138549805
51.17464065551758
51.46336555480957
51.17607116699219
51.163673400878906
51.56111717224121
51.15199089050293
51.551103591918945
51.68271064758301
51.60069465637207
51.543235778808594
51.3460636138916
51.1784553527832
51.51820182800293
51.46956443786621
51.08356475830078
51.11265182495117
51.44357681274414
51.15246772766113
51.19776725769043
51.046133041381836
51.433563232421875
51.83911323547363
51.575660705566406
51.31196975708008
51.41568183898926
51.34892463684082
51.2845516204834
51.15008354187012
51.346540451049805
51.46050453186035
51.613807678222656
51.148414611816406
51.27573013305664
51.468610763549805
51.38373374938965
51.06639862060547
51.16462707519531
51.468849182128906
51.16915702819824
51.58543586730957
51.49579048156738
51.3463020324707
51.30743980407715
51.375627517700195
51.36418342590332
51.66172981262207
51.186323165893555
51.186323165893555
51.423072814941406
50.90594291687012
51.316261291503906
50.91691017150879
51.17630958557129
51.757097244262695
51.47123336791992
51.81121826171875
51.3911247253418
51.607370376586914
51.67675018310547
51.37777328491211
51.22637748718262
51.486968994140625
51.369667053222656
51.59735679626465
51.2239933013916
51.865339279174805
51.05853080749512
51.317691802978516
51.178932189941406
51.323652267456055
51.094770431518555
51.062822341918945
51.10740661621094
51.1012077331543
51.06210708618164
51.8496036529541
51.363229751586914
51.70416831970215
51.70559883117676
51.714420318603516
51.988840103149414
51.35631561279297
51.47361755371094
51.69105529785156
51.64670944213867
51.82647705078125
51.72300338745117
51.340341567993164
51.72920227050781
51.584482192993164
51.4676570892334
52.20150947570801
52.17576026916504
51.653146743774414
51.515817642211914
51.27310752868652
51.52487754821777
51.928043365478516
51.53179168701172
51.71942710876465
51.80859565734863
51.67865753173828
51.78403854370117
51.235198974609375
51.47433280944824
51.45072937011719
51.61595344543457
51.534175872802734
51.58042907714844
51.68914794921875
51.66792869567871
51.468849182128906
51.683902740478516
51.397085189819336
51.564693450927734
51.41949653625488
51.58400535583496
51.5904426574707
51.79643630981445
51.68437957763672
51.44810676574707
51.76401138305664
51.335811614990234
51.36680603027344
51.46980285644531
51.636695861816406
51.363468170166016
51.325082778930664
51.18131637573242
56.403398513793945
52.61826515197754
51.66792869567871
51.105499267578125
51.105499267578125
51.7578125
51.256418228149414
51.38587951660156
51.735877990722656
51.39517784118652
51.251888275146484
51.37991905212402
51.52440071105957
51.8801212310791
51.94735527038574
51.72872543334961
51.59711837768555
52.29020118713379
51.84173583984375
51.4988899230957
52.3228645324707
51.87654495239258
51.830291748046875
51.87559127807617
52.05893516540527
51.633596420288086
51.947593688964844
51.841020584106445
52.47974395751953
51.71561241149902
52.03652381896973
52.248239517211914
52.436113357543945
52.37913131713867
51.8641471862793
51.90682411193848
51.6817569732666
51.865339279174805
51.74398422241211
51.95045471191406
51.738739013671875
51.57113075256348
51.865339279174805
51.9711971282959
51.795244216918945
51.691293716430664
51.690101623535156
51.663875579833984
51.84316635131836
51.8803596496582
51.336050033569336
51.49054527282715
51.598310470581055
51.38731002807617
51.22113227844238
51.247358322143555
51.51224136352539
51.80692672729492
52.13117599487305
52.37317085266113
51.84745788574219
51.82957649230957
52.100419998168945
51.5897274017334
51.95140838623047
52.09183692932129
51.760196685791016
51.6207218170166
51.804304122924805
51.52559280395508
51.58734321594238
51.32555961608887
51.529884338378906
51.5599250793457
51.222801208496094
51.60641670227051
51.33962631225586
51.47576332092285
51.72109603881836
51.80215835571289
51.73778533935547
51.640987396240234
51.75662040710449
51.62405967712402
51.70273780822754
51.758527755737305
51.92303657531738
52.05249786376953
51.5141487121582
52.73938179016113
51.6505241394043
51.92446708679199
51.923274993896484
51.90753936767578
51.984310150146484
52.170753479003906
51.752567291259766
51.848649978637695
51.83124542236328
51.8646240234375
51.77950859069824
52.02364921569824
51.511287689208984
51.935434341430664
51.86009407043457
51.930904388427734
51.984310150146484
51.688194274902344
52.0787239074707
52.01458930969238
52.16813087463379
52.175045013427734
51.98240280151367
52.04057693481445
52.008628845214844
52.30069160461426
51.96666717529297
51.996469497680664
51.59497261047363
51.98097229003906
51.57160758972168
51.69343948364258
52.0017147064209
51.712751388549805
52.086830139160156
51.93519592285156
51.98407173156738
51.770687103271484
51.65672302246094
51.75662040710449
51.64670944213867
51.78499221801758
51.549673080444336
51.80859565734863
51.97882652282715
51.81074142456055
51.86629295349121
52.0327091217041
51.68008804321289
51.86009407043457
51.53632164001465
51.44786834716797
51.74970626831055
51.734209060668945
51.728248596191406
51.6660213470459
51.630258560180664
51.38373374938965
51.55658721923828
51.676273345947266
51.233768463134766
51.61595344543457
51.355600357055664
51.66935920715332
51.397085189819336
51.59425735473633
51.84173583984375
52.05416679382324
51.935672760009766
52.16503143310547
51.50198936462402
52.13737487792969
51.90587043762207
51.86963081359863
51.920175552368164
52.40011215209961
52.10614204406738
51.81598663330078
51.859378814697266
51.89108848571777
51.93829536437988
51.67365074157715
51.886796951293945
51.66339874267578
51.45454406738281
51.56874656677246
51.78189277648926
51.779747009277344
52.25491523742676
51.9254207611084
51.943063735961914
51.6505241394043
51.733970642089844
51.471710205078125
51.41568183898926
51.37491226196289
