0.8710090969887231
0.9557527173141224
0.9930970676796987
0.8907747682986041
0.8674802564901931
0.9486434809234765
0.8847434290233185
0.9703039780203118
0.9125431080981248
0.9041361542359357
0.9964733565734293
0.9639594254086503
0.891668527050236
0.9935640023113251
0.9961372490974547
0.8751752091344279
0.9427363563455751
0.9993732020894874
0.9810754930628167
0.9323874232880137
0.9660165360264378
0.9510006133074177
0.9775803938854116
0.9219718424225499
0.9265515604244478
0.9482127154529022
0.8630033978110769
0.939346866644633
0.9968039535342749
0.9480816999821604
0.9869806542238492
0.9942108588091446
0.9148254463399258
0.8960946147921309
0.9389076802915184
0.9311765348161533
0.9247669036437601
0.9126676937461372
0.9729211850553912
0.9145382298414554
0.879355252373195
0.8940510296071186
0.9570441934903346
0.926037520186482
0.8979215268941105
0.9082244825354732
0.9193004858387779
0.9038178176034768
0.9160777601280393
0.9098093897318965
0.9866529063441475
0.9003168394660381
0.9202789461765701
0.9170055072513829
0.9211414842445599
0.91338787864563
0.9973470582517581
0.9620655967570324
0.9899257259339799
0.9952270672117207
0.9911081284626962
0.9784976647029471
0.994966487153742
0.9647456952920417
0.9657380710340145
0.999669084415732
0.9777138638432679
0.9957462416967116
0.9829666456749087
0.9997285379229921
0.9947587334553994
0.985207087922952
0.9303466886802941
0.9645593258572368
0.956142988182059
0.9586558760908362
0.9171941759559273
0.9266639326560476
0.9029420100570164
0.9663582141754402
0.9485512991644794
0.9628042818350515
0.9398922107363857
0.9855563034506978
0.9067872263995498
0.9567647043907818
0.9899775624677138
0.9350992656433985
0.990170769990251
0.986856618717785
0.928016955745785
0.9982012950076612
0.9979066523960849
0.9806839031136343
0.972663690883197
0.9820760690940199
0.9153861534126663
0.9267250905012608
0.9260001858535061
0.9942280445268489
0.9853168777500426
0.9936184904881649
0.9571698327590976
0.8710918345305966
0.8948529131215466
0.8626460460623333
0.8911174327696978
0.8755232393167792
0.9150197036374048
0.8169357946942567
0.7643141402314568
0.8099740712072495
0.8999211080180892
0.7648751924514848
0.7789548839152904
0.8719511891441938
0.9188066145742042
0.9163484504481813
0.9054576688338521
0.866945730260166
0.8534198117837863
0.8428904695130515
0.9457046689204892
0.9612343945847331
0.92847001851892
0.8598519630653078
0.8739043361393483
0.9729104985317433
0.973161901650542
0.8775360198024309
0.9326193885333471
0.9345829906895377
0.8096247386603677
0.7898872724257456
0.8700517448817434
0.8183328165270043
0.8165880999027837
0.9365497062097918
0.8772729472962091
0.8244686848183015
0.817184735114326
0.8269657529429176
0.7131481974514932
0.8215345390553801
0.7972618533380387
0.9472902740948012
0.9697845292106174
0.8165074344853461
0.9701551053114608
0.8300153091787852
0.9173932548925137
0.8212410235622905
0.9821016078461556
0.968420116691068
0.9428455663482224
0.8381817880151364
0.902556944366959
0.8162614637833718
0.9586231861174515
0.7997759114735249
0.9518938118628908
0.8937533264714126
0.8091503619596834
0.8006573404681014
0.7504692359499444
0.8057544157249671
0.7636503187307367
0.8078315395868506
0.765379930769863
0.8161941498292723
0.7966080590444642
0.8330653894537229
0.7940932357049397
0.7619457922245844
0.7914991913137022
0.9440723312013484
0.9056163347588837
0.8841843526352103
0.9629418507034633
0.8010150080595455
0.8562162981420932
0.929602531466354
0.9263693962684642
0.9806933999828392
0.9943136737329448
0.8164686689079026
0.8584793116518353
0.9325856639692959
0.8508026536747115
0.998978801022686
0.9169956214769682
0.8721860232320983
0.8933768041534675
0.7915671197533932
0.7629127626286368
0.7564490178328777
0.7858799344076919
0.75385337771811
0.8002190295418076
0.7583126048647808
0.8553139028875754
0.8252301371205336
0.7682047079512242
0.7580824960860685
0.7523395834436217
0.7642850284578488
0.9247510441927076
0.9343502967443603
0.9086653592950736
0.9804570752001759
0.8219619175575233
0.8122688221725507
0.9028649420236202
0.997126620964134
0.9247405429237684
0.9941824677844737
0.916248703315484
0.8648081246825191
0.8392050005250068
0.832062882720281
0.9246829574626902
0.9379187448247271
0.7999424882347009
0.9622975472175108
0.9694100869442
0.7664297124493191
0.7328137797031752
0.7552413093416777
0.7410955085992247
0.8562445788512251
0.7858291432236312
0.6771527818793791
0.7346382114204484
0.8283228713391624
0.8175714846657889
0.783766584683709
0.7928879085309902
0.7242350609382765
0.849789759000338
0.9464385471620994
0.9144654485373802
0.8601199066501575
0.9869531513300338
0.8757775915172218
0.9285310481400736
0.9197131663018294
0.9935057714219688
0.9367202738054003
0.9703949388381216
0.8890660836091322
0.9128409650422281
0.9974803385914521
0.9943157354545816
0.7433662396813435
0.7931334661109019
0.7709297574498839
0.7252943876621473
0.7809094778925593
0.7475595700404061
0.7193258916771438
0.6615839319931011
0.7191859050826058
0.6781946654161762
0.7007646690303299
0.7930182592002883
0.8922128295274026
0.9800635924477278
0.8582614819252828
0.7857127406457703
0.9413755581857545
0.9456824744171701
0.8779107706946787
0.9684882013105708
0.9513420571090969
0.8628337963279081
0.9755854553063418
0.8769592495623543
0.9336143299435252
0.8706932190034785
0.8552136324890168
0.9655902951305134
0.9973320572958824
0.9902890116471179
0.8451167757927104
0.9150432148095237
0.9722111257531176
0.9196521746566411
0.5020304434144651
0.835036667077855
0.4929005478225711
0.653984396984706
0.9254668047766912
0.3696203856453898
0.5769737260371649
0.6266885902505794
0.5136157365890698
0.35549820741376287
0.780854996242412
0.8594430421881237
0.7553363461287682
0.5852912056341156
0.6581082069502655
0.6326898650278023
0.7696598864955257
0.36008052517922723
0.39651139226229526
0.722586202358186
0.5511691052997132
0.9079884145455798
0.49223148201792
0.4849789756221722
0.8491056048547638
0.5467698227246227
0.9170952420659308
0.6765215691953433
0.7375883567823653
0.8742820252063479
0.5595217107702081
0.23265361189343892
0.3948515365456754
0.613084598252518
0.5666338702568976
0.22597427905561301
0.45482910344770816
0.2998548773826017
0.5699986738636748
0.25364001189281976
0.3201985790092758
0.3311195154220482
0.4879334181397444
0.377072294374837
0.6939269292177018
0.5526459287272497
0.6495107653640002
0.8006618880924091
0.6633436739290556
0.4386145322174836
0.5782304955459023
0.7823033538754729
0.9893539610435871
0.6558626973475943
0.7369899214464991
0.49966663949723866
0.7474918916506357
0.6287341574629378
0.7682569964386825
0.8323073474640375
0.9884539191811761
0.32993833831419506
0.23449313632723853
0.7263641418156196
0.14874335611662873
0.1867386165581384
0.30790584198932014
0.1636932670156964
0.1498815659812856
0.17770809103497692
0.16066946392429537
0.29704930147961855
0.16918993749903394
0.2048797806412659
0.9330160313587111
0.6848714322949028
0.9904191235184905
0.9926509913048887
0.3660678592072425
0.9916230445418278
0.492713948117511
0.7005163425553689
0.7402465135538029
0.8383985620610396
0.43186327884236614
0.9967284315015518
0.8902504845634265
0.6752766707211059
0.34230411603788385
0.29652319552787126
0.7836989541796219
0.8796300378318143
0.3067556142175511
0.5746322542017653
0.9975155529685064
0.3832225046170351
0.48060163748587814
0.521196351682903
0.5721680265190481
0.41172140397389995
0.2567463311790822
0.25979258942836175
0.5418644233269746
0.30920877302479477
0.25406708716961435
0.9336433332488128
0.9899305913869577
0.8291771440331791
0.9446436046973032
0.9982902591865818
0.9988464426651167
0.7084184399879311
0.7894535622212602
0.7977168755253514
0.8398037090741648
0.9548516013715166
0.7189343243773384
0.95644499535352
0.8645977849457314
0.9540102756187538
0.9338173694110522
0.7347063357356205
0.9231964762927382
0.976771726302261
0.5921911894805274
0.6867520651442606
0.7442608539502074
0.6033333522570294
0.7279994980986033
0.6144844119228896
0.6499105656518829
0.7744457700624366
0.7380063514293493
0.6149782579215182
0.5344447199318763
0.7280079450494552
0.7587628521760835
0.9222908577969563
0.8164344201225632
0.9896250525906692
0.9732999504935703
0.8458475924558565
0.9958444168154414
0.9308806297564057
0.9001566776212404
0.8752568070718347
0.8050356126897507
0.9965467719658851
0.9205347522038766
0.8189933186760381
0.9937641955421727
0.8539680154860871
0.896356333004275
0.9976851876627295
0.7814346508354028
0.8687774352534704
0.5959512897390553
0.6149023118089283
0.6232196267759172
0.7421363156904767
0.9369821557521424
0.7207819627716939
0.6948803489634343
0.635766899708646
0.6157817823078496
0.6428655888668446
0.6178111155161412
0.9449914398234859
0.6168582882496895
0.627341831600969
0.9520663298617605
0.9061488717813846
0.7657421441325999
0.6932121284628819
0.8747031115261231
0.6804376774801759
0.9810313058659649
0.9958509163482601
0.7616658146044976
0.7761883871680503
0.9939033723560589
0.7400052080198831
0.659567387599077
0.7094875109162472
0.8222100320710827
0.9688682122006339
0.9005387423392326
0.6476863945366935
0.43957245030970693
0.6272052702251373
0.5708632447369285
0.860282610855282
0.5347916566698867
0.4400673285507643
0.616119934287556
0.9263132706131659
0.5547718021321576
0.44141254632449833
0.45554165314858247
0.4839479226509425
0.9889816161378998
0.7520901663265673
0.9551384594304747
0.9412778264353192
0.5323810683543536
0.8210984450636754
0.8815373103032047
0.8053890040853935
0.6163815306121088
0.9543643205468503
0.7650471017835908
0.9363003878265913
0.6991978052120529
0.9107787271833832
0.8819889983991276
0.8156573201502028
0.6684571876404991
0.538206166674715
0.9064381496731598
0.36470439534512755
0.5283442709807199
0.4597067392280264
0.5802325927121592
0.35857582762265333
0.9082814736440552
0.42628559370567226
0.41437221522664924
0.46974439219468017
0.5162982299519919
0.41858264090362246
0.39343299927274866
0.6826077765980416
0.7588098381757882
0.9612840261882002
0.9487423788098903
0.5612603654969248
0.7698900902259954
0.5811480124199729
0.9950735273266905
0.6807310257815936
0.6870162970558019
0.6296220320538963
0.7379272312225009
0.6944395866986572
0.7455292668222883
0.7833095831379311
0.5684560819905055
0.7810911230311305
0.5736503934354769
0.8357643652048785
0.6969617957849767
0.858113628355624
0.22641753598724848
0.7418161430823978
0.30849038057571704
0.4446434843879279
0.2255184070956559
0.44874539828511995
0.506337512954069
0.6567001663273863
0.4531173010235089
0.23327352469518806
0.5827665242051282
0.5123613961883505
0.4824215101829584
0.44337294308443803
0.8644195470161917
0.9870577178299558
0.6565606309324671
0.4877184811019688
0.8126616780996836
0.759431822760805
0.8110782767491834
0.9888147201641057
0.5427735999151427
0.7587490535349295
0.6266313774383052
0.918141672380805
0.8817830787808879
0.4827312349508369
0.9592469074496497
0.4617677949885352
0.9897325448929003
0.6318514064697168
0.4442179904906924
0.311478762537926
0.33250842120977064
0.34334011725011554
0.3162426346863173
0.3899832306898168
0.19605117047945153
0.2971096615583946
0.1713235888644086
0.6125253292495885
0.44665757987725907
0.17778614297908854
0.24425086404417679
0.6342826360380356
0.6111820672703264
0.8570978460284095
0.924245513519331
0.7536238251350351
0.4671098500236812
0.4609262377608056
0.6542032808969437
0.643012433044067
0.980003694185674
0.3944173040393532
0.7396683398735758
0.744459197303646
0.6643114503337779
0.7076853563821621
0.6523432991459915
0.883700395919433
0.7318760980603929
0.6612714009269616
0.8026887126760486
0.389483380895745
0.3449735620643312
0.2538390688306136
0.44649273202545126
0.4923413987230701
0.5311668638809319
0.4754405241566332
0.36053687083072306
0.32759788997825806
0.3595113682969583
0.46951144787158494
0.3720840727226923
0.2858339435953025
0.989201754745709
0.5544493174254989
0.9832103560843982
0.8000741252935473
0.5271829615594817
0.7270797737642112
0.7933870316675994
0.9905506285012537
0.960623217946686
0.6369640409810626
0.9846675933552155
0.9910207176996015
0.7928251100089572
0.8232407685666572
0.6051000983514804
0.5870565473791072
0.7790615655721226
0.5171348190226802
0.8426701531515182
0.8508144146144843
0.2714665503488852
0.3592913726330078
0.7070713769775726
0.21579892243207704
0.39386907466989046
0.22253822170629955
0.1583522236050568
0.568503026850645
0.18058550060281875
0.46885957543941204
0.2275499492036227
0.27802322407360236
0.19102383008922502
0.5994576084068647
0.5504532838942002
0.9921102798601588
0.353743747084949
0.35039762348649095
0.8473859922046144
0.5597444315804709
0.20857475264619682
0.1757738087223392
0.5056025101553129
0.5102415955002112
0.47500243269358355
0.8644934931434626
0.3957217626464791
0.5104009610582425
0.9307300784706145
0.8453541677856959
0.7794921626770914
0.5440919681924437
0.19707342096356162
0.8367773182243334
0.16954019640169868
0.1504822770254511
0.3307999098075724
0.09055330292270934
0.11195290076811007
0.15575508706189084
0.11284314505950889
0.12169021391520539
0.13114696257056782
0.16610015889096966
0.15446939710621907
0.17890012574321634
0.6316117241346558
0.43051635308321434
0.9729837103265532
0.7360068734247392
0.8034353797447328
0.3246896889527518
0.8888512578817495
0.9042520338483276
0.8826808479836732
0.6339387573965352
0.6573513410993013
0.5655405679504945
0.6791389294049825
0.9305360914875452
0.7704341564328839
0.46555248451279846
0.6927282822607483
0.9623383648177282
0.5116217253018143
0.7040672585321696
0.806595203759634
0.7503424538298822
0.3184436862886998
0.22050757736953425
0.3117409194224464
0.2290285321573243
0.2758935575955059
0.24264170755982686
0.24628528981477074
0.2880472208811823
0.39146301249998183
0.3076095389432856
0.3955006701746385
0.26926531391289166
0.5814275642398093
0.5783015366359306
0.25078799319805184
0.6309292498707539
0.43039628636409893
0.8974647691139944
0.2593851077119441
0.5941522927466155
0.8767036495963961
0.5826119938634015
0.6443821306344224
0.5995199510394004
0.9127883039550201
0.412336963754648
0.6458664829680053
0.39594496868288614
0.9166750117716528
0.9885619413145631
0.8753618210182932
0.4515968280093542
0.8696000949343362
0.3086683694565283
0.3421646734121933
0.2513131988921174
0.26418379924010965
0.26394559328766526
0.2361138408257003
0.5187624584136104
0.2293059112061907
0.2820225094342974
0.6195203210830696
0.4937763403446427
0.2666879148559966
0.3581733450564625
0.7552415061970887
0.5091782035088777
0.8222041813032301
0.5015617542865574
0.9145529080896828
0.4644979950054328
0.7308753851086373
0.9861142747080209
0.9382841206448386
0.8089651732113093
0.30727339698887723
0.5829285127999783
0.8399468626785143
0.42042378359309207
0.540264440865463
0.588301655887174
0.978236498207116
0.47249086362857845
0.9164077086176828
0.5814136450885515
0.4127298781993344
0.4191147228750848
0.44189460766771477
0.3464172004812915
0.4130187146354745
0.6727973553271862
0.8669969413040041
0.3853461956783351
0.5663434266113423
0.4587064783659716
0.334800708859842
0.4746287914441704
0.345204897100897
0.4368701785444578
0.4783598535687125
0.7776974615988969
0.45488753377116026
0.4237696764186333
0.6416851088738657
0.7371978449341562
0.6298114009408864
0.5122746407811786
0.9809359790896097
0.8548450606080604
0.40801101203468754
0.5021184206700644
0.7279205473446047
0.44879615595189376
0.5899243994159309
0.538423119860904
0.6934851160065063
0.42623531854410757
0.4235878642341683
0.46064457325955294
0.5427555340046751
0.4241938472866116
0.41447285272563933
0.513276117290847
0.49033643616116906
0.49412495139835705
0.42487971651925005
0.5209459557111231
0.5507768042013113
0.4507934007187633
0.45548829155940956
0.6777155564351167
0.6238133061674286
0.5320743634457061
0.8099469940441614
0.546111535430406
0.5409218184902271
0.7593383870191592
0.6732287790384971
0.5339235884676149
0.6054234168162058
0.6959631808211703
0.5696813449084557
0.6274836208762279
0.8884736393396676
0.5939890223981773
0.9623898800231683
0.9564862348092978
0.5850179123575684
0.9854814533389925
0.8830227899006226
0.5181544354096969
0.4818095712877775
0.5449451103894207
0.5215063195143745
0.5150094758042136
0.7423701485969857
0.45325364620184033
0.4991970359869526
0.4257279061483602
0.5976311701709344
0.4987030070111467
0.3524607848697094
0.4818384701613489
0.4396839253388012
0.814413627751541
0.7717684501555931
0.41472062833672496
0.4176285346323899
0.985392024362571
0.4054751608386895
0.9174087411070738
0.48415176709922664
0.45075975545496505
0.39576174481606446
0.7191135027922857
0.8242269670258482
0.4783646578779201
0.6568945406620078
0.9799242036015778
0.44950221115863814
0.4106405430258229
0.9010824463122932
0.42188136538558796
0.44779576082871597
0.4113841789582477
0.45388316434143916
0.4591221496476311
0.45948288624986877
0.42483157598654087
0.8831310333377925
0.46898401903820514
0.4812372639528687
0.4469360937941575
0.46734776394221084
0.5842544027535819
0.5599304401605328
0.45601619169165286
0.4571176302503384
0.6741247093649277
0.6410265585319288
0.8121941777277868
0.4954301967186824
0.501985585297435
0.5713121203550712
0.9563932943738953
0.5841302540469175
0.6429462776613428
0.6909870576355267
0.5225147425140085
0.9831660109801323
0.6902657113962166
0.7006494688844439
0.7109128653529954
0.994610594594865
0.7138343267008213
0.8993121248160737
0.9935625996995401
0.8224553346737266
0.47915010160039667
0.6211803755919689
0.5764328139581907
0.6346996097304184
0.6620265928839667
0.5953545395396674
0.5155641504543228
0.6627142640615835
0.6340735383152785
0.5307594806068529
0.5963669221834541
0.5217261723850227
0.5123420817443046
0.5102090179170075
0.6055195509321271
0.8757649924460844
0.8882801122836592
0.725287124108424
0.6846005410142952
0.47775018772944716
0.560990109889987
0.5388669275986957
0.7110285322699386
0.7549194866959333
0.9706389354474623
0.6626981584840639
0.8619096159176446
0.5055090815795167
0.8501382856529774
0.5484524581839707
0.6498216051558087
0.7026269087156187
0.5482085544398024
0.7100937329143051
0.6425384051275536
0.4622593237814514
0.4281553727814742
0.5035762874894778
0.48989034304767265
0.445805372165158
0.5054921722221091
0.5845140053140807
0.6645813011955245
0.4086271172111792
0.47351589883622003
0.48620855137885705
0.48445719789540387
0.9213236843786088
0.8078861123738549
0.4567924851406221
0.9771713877043218
0.9770430517740912
0.8383852573560282
0.7311260907210403
0.6017534174159453
0.6528584578513908
0.5148658156209129
0.4918149039614537
0.737035688553716
0.9795363043771277
0.9890136920542707
0.4702782749427418
0.5659163542834946
0.8337187300624969
0.6238733578981404
0.9954961955090614
0.9209857030310235
0.32194147140792256
0.4112842943343439
0.2580051516005518
0.3076451833076433
0.8080461768514389
0.27873892483886403
0.33801294730813947
0.4222335029418531
0.2845211492791686
0.28741631793452316
0.3255111673025548
0.3815264193879019
0.41421783040387405
0.816728680080829
0.5720062799288944
0.8186647360860771
0.9872613589046578
0.33228274283485765
0.6148858143811877
0.45982472627514276
0.8170926493282638
0.7553074436751349
0.5415364446606296
0.37594492561946646
0.7131075376483939
0.6945700415101578
0.9061597989275513
0.5553695926658664
0.8031017175885997
0.6578282563693685
0.9958430639598929
0.7524918609743664
0.7115508951297446
0.3114823353612622
0.6016113937880536
0.33400809948859933
0.3397987466506083
0.6451142048144021
0.31635575711170905
0.33761596800266586
0.29008410944279045
0.2855956240264146
0.39111571823924085
0.9583110543520938
0.39719695347636924
0.45473620550661387
0.92442460249481
0.9212304116427534
0.7488603680403172
0.8013885576998991
0.5224701522154476
0.6923744679397608
0.6727852001638918
0.980629008697752
0.8464725442476121
0.9758823326773245
0.46100103917834195
0.6323925046375487
0.8773442488031603
0.6045984765266297
0.8884778744353947
0.8918251709665926
0.9563161262140567
0.7169415658979942
0.9424389456329089
0.7635450240099385
0.6165965435956122
0.7769715371190677
0.4607668902958457
0.5662028063216765
0.5563797587310217
0.5307271471545758
0.43100641732638734
0.5336460086913143
0.601452469306812
0.4983273661001902
0.5055956916257938
0.5709817898250588
0.5452031995704283
0.803485840043412
0.5779912828750304
0.742435461302916
0.5617185761733261
0.8045612859644005
0.9945478748888966
0.6776018310666038
0.9379545369950592
0.8399275448849151
0.6005051368448471
0.579476846880022
0.593694613625558
0.887084281465819
0.6679607830183254
0.5801977920322233
0.6517907156719156
0.5576881156581962
0.9054335168912432
0.6733764627103642
0.9616021110404229
0.5874335517067502
0.5491526881070028
0.5483899711859226
0.5657700085019214
0.8412810043922532
0.47090650181428
0.9137817757841489
0.4686262928394802
0.6769577701818252
0.4380999412802531
0.7097394905248712
0.4515055857625869
0.5955961631332215
0.8056999719052809
0.913201885076501
0.7150355799307029
0.9544504550304426
0.900401366532038
0.5965564587240566
0.9791772678734527
0.9860007665776134
0.8780281633160626
0.8406405430447575
0.7559912602873108
0.755328220799158
0.8851824251507118
0.8934363174549295
0.8740816527909323
0.6945055122294087
0.9220490742330437
0.836967230257384
0.9479784472548729
0.9268724819108215
0.6097156610418579
0.40945860788965144
0.7062206531953625
0.5129113874086388
0.4254213101059867
0.5483549592422815
0.5593966518149112
0.5122630958769293
0.41833253818530874
0.8382486233206518
0.4969068160479355
0.6013586335097489
0.6728193021518912
0.731806027140863
0.8565645876558948
0.9279201305843683
0.5615146345342616
0.8833129161112885
0.7608689133136823
0.9823476588071102
0.8372837457270329
0.8501216962280964
0.7049085553668366
0.7487976788229451
0.9410490806042879
0.8237302016658911
0.617221631204376
0.751628500705174
0.6673025757369808
0.9377656883875181
0.6762937745389094
0.8789566688452325
0.9274269697031923
0.6706430108686116
0.41482966465299337
0.42818809107370603
0.6728130554198837
0.4051225216444875
0.48267616526564894
0.5283891681763323
0.585464597174271
0.3893688084899857
0.35476873359027283
0.4730024116227313
0.5387816109121747
0.6887701259478981
0.9637663257700502
0.8349872321886718
0.8002235131601432
0.5981534425480574
0.8928406776458574
0.5754964471171794
0.5921098680767584
0.9186171827098311
0.6157913423924845
0.571129083718592
0.6629996617120725
0.5671338912150303
0.982263860424132
0.8634388664089109
0.9826222534742162
0.5882462850154351
0.9909721406736878
0.5736825208982574
0.9796804285370255
0.9481282428992693
0.26996288274506347
0.37417016220965993
0.5491437518077036
0.5581876365353489
0.8361835126429426
0.2069321784913296
0.2496027731344317
0.3917276643400002
0.31692435193599555
0.23326475446350514
0.49712175363233096
0.8471898187567548
0.5185566549339685
0.7401811172752456
0.6527237903368658
0.35602885359386777
0.8704399595558974
0.3618890639414119
0.8787524002680205
0.6799275392405085
0.9726409172687586
0.9100460363123122
0.5173220227129455
0.7205077715703148
0.44526049921761546
0.3573450684756064
0.6698664771601028
0.9054143927237337
0.5779324723989728
