0.8576807513918312
0.8927708342747672
0.9065773509336295
0.9298363212220689
0.8970482793626878
0.9538264368083633
0.8584639777011962
0.881197037403302
0.8797147693801235
0.9135569017241
0.9888672581395607
0.951334802591799
0.9796506397099026
0.983482394593799
0.9455621236910773
0.9145137389909775
0.8619313193843577
0.9892618516933185
0.9762804741644635
0.913835876497956
0.8700839354502533
0.8848288175805045
0.9457257352077691
0.964648149384599
0.9359848664357189
0.9210529900972325
0.9038582145724541
0.9478683022218681
0.9881960769264115
0.9069085702693133
0.9987574053860191
0.9164923485427934
0.8851527742733567
0.936714965679241
0.9850402594653804
0.9592466382681323
0.8871261100221101
0.9845047559643844
0.9367073849772113
0.9564922177149233
0.9000117016409676
0.9485779817456558
0.9318740565067938
0.8880534311335904
0.9365591922208392
0.9076072877695558
0.9228697400239738
0.9101654876575056
0.9155211599978518
0.9238220963746391
0.9660460311351425
0.9176118362147776
0.9059218392815575
0.9316259059985523
0.9210005785298228
0.9015290483506239
0.9966408861253798
0.9439170417107903
0.9987693653926569
0.9948313363042358
0.9863471562157775
0.9940551245228827
0.9958418064585467
0.9503719036282525
0.9840272360673319
0.9891274276618867
0.9997476522132951
0.9933056642239435
0.9896465077557031
0.9989663973520629
0.9996129990804591
0.9411067248911905
0.9632494561861308
0.992144829280466
0.9096039482376995
0.9174452612201789
0.9211306902950845
0.9178358432100331
0.9824576568370157
0.9133962325289215
0.9584476580246418
0.9458376600438062
0.9894688908899927
0.9175152758938788
0.961087261793435
0.9476865647615647
0.9587286556863518
0.9927765711191063
0.9800286034567364
0.9249306499164027
0.9864383128771732
0.9201115390885192
0.9902097961864156
0.9839229963417736
0.9954449794768204
0.9555849768605204
0.9993980306203442
0.9970049768429455
0.9991595142839962
0.9673798165792783
0.9690489082594332
0.9165010929799148
0.896682056392009
0.8233067113437532
0.9366983605534049
0.8847295817892508
0.8555077392348497
0.9438057460520933
0.7747692338568499
0.8212649484963311
0.77528959007197
0.9577032871557056
0.7409275708383403
0.7789525308468402
0.7957073237703819
0.8639519634123716
0.8715564911787576
0.9379831152753461
0.8901706218787522
0.8353830907515342
0.8838528779640973
0.926537442692658
0.9563160213405945
0.9441378343516286
0.9634350104153452
0.9587280375605626
0.9452951551127722
0.9964133829248262
0.8851633220133164
0.9813226701008098
0.9571589262301609
0.8111912461839136
0.8081352363670159
0.9114358314107747
0.8247162982962901
0.8150479797083144
0.8502271876529098
0.915458713609112
0.855035482340578
0.8181754512235851
0.8228299943091977
0.8138494933949884
0.7958889169697854
0.820379434550881
0.8081832311033902
0.9895784458728263
0.9419305755496142
0.8844236582183556
0.8411670991268645
0.8414011013136098
0.825327440984979
0.9943613557409713
0.8920015684098856
0.9960459429790833
0.9611828623986126
0.7988604016020451
0.99646698360651
0.9257272274149649
0.8170300966204316
0.9800074514530275
0.817849084583185
0.8156299706500013
0.8030483765837835
0.7881949406316716
0.8077940258538315
0.7910845852955113
0.8194849533029613
0.7672635592140636
0.7978202406576019
0.8022707981958281
0.800891720589029
0.8645297446195362
0.7433130368861367
0.7658614954273054
0.795565805132341
0.9568860185980527
0.9411443459042006
0.9768620874738679
0.8715832801356741
0.9961004977056753
0.9686565534615239
0.7992631927984123
0.9844402017934557
0.9501096897858853
0.9163869053085367
0.8921909925852306
0.9068069091151576
0.9670599609870022
0.8659471302972773
0.8809870770811092
0.9523045169759261
0.9378143337032411
0.7803481712466045
0.7885815784587026
0.7747363007950973
0.7853728131237961
0.7469241015455653
0.8042467453957617
0.7828769831407223
0.8169988553107663
0.8028617428343915
0.775800905449472
0.7783354203319157
0.7525061552997485
0.7687418474088147
0.7654799355062679
0.9516435195237611
0.9824500355678313
0.8541210809497713
0.809893886019374
0.8945452730763602
0.9661223461771334
0.8392643249593074
0.9890778409371122
0.91271917492157
0.9375348515067602
0.8986160118093796
0.9648440757553829
0.8326070710833885
0.9494471907665972
0.8823588872595396
0.8066421734301819
0.8257000987992037
0.8790659705870539
0.6957901188721451
0.797921824234635
0.7485178836181692
0.7375334794590395
0.8064285195842446
0.7753884951761987
0.7428767991826373
0.7314930567539123
0.7804540813865573
0.8803681763715134
0.7996233330014191
0.7830142162394919
0.7077407292750612
0.7578367942138243
0.9982126347637437
0.8242749836407279
0.9897231658461028
0.8214423225466688
0.9944598246104244
0.9915387925581985
0.7810966034724907
0.9269082315241545
0.98959957333352
0.9305441968348341
0.9208028714085016
0.9077394043040208
0.8931435368860666
0.862680278697063
0.9822994671089257
0.7580771370929036
0.8024806972355583
0.7212578022796604
0.6537303873803539
0.8823599434982606
0.7169490506037886
0.6581627469103694
0.7149302041791351
0.6251296448905218
0.7133657974537816
0.8092669641308761
0.7592134304459632
0.9127177858739574
0.8746608621522207
0.79676342184632
0.8740607478776715
0.858027992734946
0.9984242248026213
0.9127342298677141
0.977856424563432
0.9094756603030042
0.8972964219687127
0.8623940100853147
0.9222446752278916
0.8449296366562327
0.8664710010152693
0.9713981893804854
0.8904321954338575
0.8920227108879395
0.9153642198164745
0.876441940025402
0.9985813968926716
0.928908761200663
0.4524059409046784
0.8954882621198968
0.5587757709630874
0.6135143333578992
0.8532357482123527
0.3679472806929506
0.6418301306125455
0.5472456995122271
0.5586324741358811
0.40687686820972885
0.7392592397987929
0.8086788752012659
0.730063639931144
0.8689393990909491
0.9853826767822991
0.90716974273577
0.6189688812035308
0.4910602256145492
0.9828999275881215
0.3926318276762767
0.4750119412845264
0.82680105289725
0.6572185762218336
0.9873084147166561
0.8945141706651621
0.4318053216859984
0.9854383307439828
0.9455975206005643
0.8024655628606322
0.8813525033806119
0.66712239981272
0.6310455566307357
0.40034374604783185
0.2225755213601501
0.6245307508271001
0.3786790509528452
0.2308805511423977
0.6460880485719633
0.30978645905182034
0.5093973016880303
0.3370991524520838
0.2822693451976793
0.515644145475083
0.30770137797413577
0.42586041052630025
0.9817924228347896
0.5816024260341708
0.9785697222651045
0.9927751299128583
0.4559996608270846
0.5899408051598124
0.9291967090018438
0.985993134262778
0.9283790417393193
0.6759299517961475
0.9728881808251334
0.4871520538587764
0.6537793781466145
0.9939588787270003
0.8937020128901111
0.6489563479899914
0.19425042773176288
0.22528157758177714
0.8854375149973467
0.23450083054114657
0.16553092277423195
0.2574295868097192
0.21012342349405602
0.1735818283715988
0.16201106081660005
0.18426858882979233
0.24297754936667537
0.20755321647689376
0.1593807192767099
0.1848163657526478
0.7424407781900197
0.25755359067671213
0.4806453975976589
0.4901214814414674
0.4698231919684541
0.32397676989999474
0.45330366723970406
0.9018824493965054
0.9567281299894109
0.96875321609516
0.3945625780582705
0.7188930550275784
0.7754896503267763
0.4695715797661952
0.9186154511307768
0.7104513669988904
0.35679372841847823
0.2818966776886682
0.28410062333335157
0.9744008261576785
0.7220110896825431
0.39641464558188866
0.4741424693095836
0.5309834503795374
0.552912830723765
0.41532275616379427
0.2924224394783886
0.25560367035885745
0.5001853945417812
0.3201093366041879
0.2546795833092191
0.8113991531725324
0.7929454574064724
0.6740208472530915
