0.8526685468612153
0.8963169027030679
0.8813501400584128
0.9246833111756433
0.9068533580502925
0.8560211294091671
0.8625655646449663
0.9224665530125061
0.9702219678468317
0.8532292234572413
0.9229268615931563
0.9147059232402847
0.8839050440770821
0.9102501466389823
0.9136537761221541
0.8671788613633478
0.9432816092746575
0.885160532934821
0.9003838155961963
0.9414212482642256
0.9796438383820741
0.8563151724617857
0.9387264367483555
0.922177064932923
0.9182212390920987
0.9030814639403624
0.8697765330587527
0.8840864280308698
0.902590699704642
0.9562735227065716
0.8783188902039292
0.8790709486996585
0.9966342273438693
0.984662941594879
0.9462050505149487
0.9244074061708532
0.943697227808999
0.9398534934066142
0.9801269718734448
0.9008350793171189
0.904117496191908
0.97292496539408
0.878096374668561
0.9904223363633552
0.8936922734842006
0.9075654563591471
0.9432228549148777
0.9091989388319767
0.9162443073572908
0.908536780220544
0.9542802598196867
0.918676957446041
0.9391907033418956
0.9191697676940787
0.921234517552281
0.896789777561656
0.999840672830802
0.9642197143771786
0.9949302192568134
0.9993789095373404
0.97865351846601
0.9969606110717892
0.9973221340210849
0.9961896044794035
0.9782259242734275
0.9977927956331769
0.9991351115704922
0.9989426173614816
0.9953825369276913
0.9997369497636042
0.9862917315842774
0.9980267768361069
0.9996835536738646
0.9960087460287509
0.8907613951294454
0.9702235053588368
0.9943361040674367
0.9723618925889678
0.9092571449382871
0.8974102083711767
0.9145979780025396
0.9984888504181084
0.9457743457588789
0.9508133409619164
0.922327631140127
0.949982728008545
0.9405571907138632
0.9943920174102484
0.9786407766485469
0.9909714502745001
0.935696133412727
0.9757586368306114
0.9992759682698765
0.9576559162426974
0.9782988995011437
0.9743056364220383
0.9330473093585583
0.944469404560527
0.9180197118348942
0.998245359533461
0.9861031833331382
0.9996072724927775
0.9899563288790498
0.9846379227265976
0.9950279109158512
0.8734048856787454
0.8316090991956573
0.8910357388233777
0.8955151180276332
0.931821779084037
0.9036961360657744
0.7890687330470948
0.7699712349302046
0.7844421677334941
0.9079587232902168
0.8151347162898515
0.9079817398491365
0.9700130697620258
0.9298553334732378
0.8633569766323052
0.9189253569846998
0.8467420081788083
0.9153727762894511
0.9554701356775894
0.964981380463908
0.9156618065746268
0.993741939899467
0.9670208298539907
0.9595224496565222
0.9626661104061107
0.9595326284167014
0.8410295936046683
0.9404694928431073
0.9940254863257281
0.8022983028733797
0.7954860521844633
0.8297790975870382
0.8289123837971611
0.8217278573088245
0.834957416197904
0.8704775407952486
0.8392255586101492
0.7904252701678808
0.8191938180419189
0.7877069452207826
0.8140817666403942
0.9558714038484403
0.8222130745015787
0.9273924862918621
0.973716073879475
0.857400668865367
0.9824742629284197
0.9698559607315184
0.8539985411092881
0.8526231242446708
0.8537233116105181
0.9857462045005811
0.8516495769408529
0.817121960180926
0.8129015753781947
0.9411345980053178
0.8540691971022155
0.7964009965575054
0.9948057171353587
0.8484687187219901
0.804043102605311
0.7663244210403833
0.7723768694063642
0.7660495940587976
0.8172161892697541
0.7806826334631424
0.8226183118862898
0.8074314546388579
0.9050430801970869
0.7998812256794986
0.8429892964682515
0.8147653056783212
0.7822125696530345
0.9945943692076541
0.9321043543484574
0.8943723731007609
0.7915164931580023
0.8785618121585357
0.9222850356015273
0.9412884630445544
0.9404834993382932
0.8500164654052403
0.9771310310909658
0.9210741964719154
0.998314648902167
0.9691573995096239
0.9876337253127245
0.9829409502122144
0.8342032883862316
0.9976708486392333
0.7877592911252307
0.7561883221435346
0.7701365429869447
0.7930339875527304
0.754486714046864
0.8029454180540425
0.7788017849389895
0.8751583804661613
0.7520299703028351
0.7465966746256487
0.7684635510888309
0.8350168301106959
0.9812373169408839
0.8771784094648432
0.9924175617065919
0.9853218498963098
0.9831025481593672
0.8196490202520597
0.9457527096460399
0.837907124203644
0.8479448717769742
0.8365220472041708
0.9414793104227321
0.993563277078212
0.9934492995856378
0.8347263469734273
0.8418681361333665
0.9080301458444647
0.862584141539258
0.9208894766149678
0.8306336186653301
0.9054877936640863
0.7182532371695408
0.7483107709634758
0.7982674877477616
0.773710131878875
0.7846089502344782
0.7303230543738882
0.7221655730504674
0.7460339445922594
0.7792553935845506
0.7952066620448227
0.7979936881035045
0.7804409566508586
0.9817759140087362
0.9981763718145562
0.9770002807437779
0.9610462529435702
0.9058158026789285
0.7550583686341165
0.8914899066669707
0.8684245019886164
0.9550089526464451
0.9807479350545145
0.9456159090897972
0.8582091300081803
0.9782077331774928
0.8727635109293671
0.8991188742972548
0.8310129228637502
0.7458905608242509
0.770061028993724
0.9521795801549782
0.7414403526190849
0.675629983479359
0.7525151919272227
0.7249592390738095
0.7174126239826303
0.756763740724387
0.6524880364740999
0.7967956778925794
0.9963789050114773
0.9424804664770262
0.9503390640478052
0.9013858061298425
0.9033272938440066
0.9323784703831292
0.8810737314035368
0.9945042052461605
0.9767225509492787
0.8920720259061018
0.918373590397114
0.8536788324578488
0.9987583273021523
0.9614453639577275
0.9232659430668103
0.9974452056034814
0.9954403545712166
0.9618695431409896
0.9883504815994125
0.8977975666944247
0.96882677706668
0.9011406694142713
0.9980858352303912
0.4122929877464378
0.7872255329906119
0.5709644921742187
0.7231077669568835
0.848270495158456
0.37187792577626827
0.5977961994323957
0.48429846444079067
0.47236566363656696
0.4140590532732585
0.8599442495648721
0.5606060179205326
0.9319738309724274
0.7118866500901734
0.7776958517524157
0.9967112792293995
0.37716926999901373
0.5263916519345107
0.6997918504571008
0.6167790117333449
0.8103887521727698
0.5621973698284479
0.9880976297108537
0.5914487874471633
0.8757750496716843
0.83746897290375
0.8660431862729158
0.8878284687379154
0.5061990549946089
0.9036381652573086
0.7043052306388765
0.6754037423402734
0.6088668067276257
0.2249577690333019
0.6055741106423194
0.2634351747523181
0.5043741837844785
0.280773835994572
0.2633949332385089
0.2719346296898623
0.32787221434891006
0.34936688208024586
0.4874798223283602
0.8031711296904769
0.7709947643281071
0.6892682547750327
0.6562720620718339
0.9211244048807531
0.6041202498272605
0.6051689450911161
0.6757864822905745
0.8254881051081192
0.7154907160091163
0.7026720851911447
0.8746640761136354
0.6504620346511633
0.9603922696004173
0.9726752857870506
0.8833201227411897
0.6080056348021137
0.5734984466038776
0.3651995021734917
0.18354447918465053
0.3496082973038766
0.1854510363657125
0.1822397533198509
0.2326517952023332
0.14206010425684204
0.1537189866802719
0.20375097695146527
0.1730591153490153
0.2328322475139615
0.4806729581443241
0.43584244617173085
0.569755300904646
0.9928505133901172
0.30968474647416483
0.6245841847196427
0.6706441544972671
0.5386053016153668
0.922561389798694
0.9738579709889315
0.7871923293251636
0.9009935302479668
0.5538242909240082
0.5859463086924194
0.974418530215031
0.9237216642659977
0.3961916117320694
0.34788511860700166
0.9631971998081322
0.24032756137786115
0.8219133233382481
0.3978226371469749
0.7154229668390887
0.5575038797063928
0.5405971601425398
0.41418821095771036
0.2830700614885102
0.2537682043333938
0.5040650910790251
0.33509265735575405
0.24999218011841962
0.7691958374504388
0.9775642156441594
0.729932771599817
0.8973931834173191
0.762465227908024
0.9673068648824559
0.8953819129470202
0.9919940946829949
0.6018354639229806
0.9639027109870126
0.991023344835841
0.6524125992491806
0.9437544360959376
0.8828058853054753
0.941703154232301
0.774234538396446
0.9923061445991422
0.6650717681240205
0.6763111427092915
0.6875056286784843
0.8145956375317293
0.7009952415230252
0.614879045548773
0.7888581297150278
0.6450012029157527
0.728570998094434
0.7994952584551445
0.6648335580685908
0.5608032628473769
0.5888305404872023
0.7712909939039221
0.7159279859360169
0.883819810878499
0.8768007199551516
0.998805786746349
0.885626522429164
0.8374923201800724
0.8806626872738775
0.7932904902630832
0.958199587156039
0.9607078316839895
0.9505434715177405
0.8211614554387157
0.9291956961847725
0.8671584776233935
0.8844168957446371
0.8947546174279725
0.9653914624199792
0.998366211663933
0.9123780239614183
0.8747992758514624
0.9145593253014346
0.9227823865858312
0.5598962670416291
0.6962162153322387
0.7326408333938121
0.6685893288831688
0.9954539037572936
0.6474045636566722
0.6027174338237279
0.6526009266372296
0.6140106330174359
0.7516424473625268
0.6168308619410399
0.6524336329121266
0.9750308086139027
0.7788320288513526
0.9268989789310995
0.7778962766272682
0.8976977863593728
0.8979139099871535
0.7987834065138927
0.8001399326717739
0.9484809502997189
0.994599450702583
0.6959482339492568
0.8583759942138791
0.9254732892483043
0.7548338451557576
0.6786599912672826
0.9307734080960001
0.6864832714596241
0.9440219519165443
0.8711900995905085
0.6244588500216495
0.4877205084697324
0.6948684378626706
0.6280700150486124
0.6828705690236379
0.45663032586890645
0.5324285841516487
0.610439117884675
0.6835362285550898
0.5431824092913009
0.4911321233037525
0.6240659981812232
0.9440840922629357
0.9696524586422394
0.9893641015010998
0.7705294043729741
0.863763992393617
0.9263495322454507
0.7560258683380213
0.6284592206344818
0.7030848720235215
0.9550925100945213
0.6956595524421214
0.7520337505257231
0.5588338759409102
0.9095359820973375
0.9905014384682035
0.7642617156932612
0.5444766033564935
0.6867456549284905
0.6264644386054731
0.6231806392007503
0.3909037129194793
0.6351586626718533
0.3821337043677387
0.9384638962958878
0.37887063136630356
0.5302738571005717
0.3880089442408181
0.39014327403601995
0.43229349673574735
0.5152474199110884
0.571570610925222
0.6828933809392967
0.8028751421343298
0.9620575320470504
0.9943894617496732
0.9555801902650783
0.5939256047792371
0.9525766062748678
0.7572295377707332
0.7821765415635863
0.9944245804555217
0.7178594148332319
0.9224871978106702
0.6429530816626523
0.5850537890285087
0.6252159738987207
0.9297260108366473
0.9939215251784759
0.9670552190029422
0.5641477908866894
0.7517465177626977
0.7643359355447099
0.7477128963456936
0.2968766770211797
0.7077930504448272
0.22300604773365648
0.39761805034927705
0.44878444512389176
0.4746207085642629
0.40185599055352933
0.4353974179879761
0.3648062338152922
0.2502786818326648
0.654869751018951
0.4570015660706565
0.7908953994265508
0.46074441812501493
0.49843952685996984
0.9164648208172235
0.5880458245872149
0.5662640242807019
0.8722596601422737
0.6394354096681936
0.5233385990567334
0.5920988241299306
0.7993574737276944
0.9467299136998131
0.5871094913657463
0.7491212449553833
0.44555180568579905
0.6884022818240765
0.47084743961423625
0.9826960144950379
0.4664752534879133
0.6856821584910529
0.29840761638018787
0.31669445049511213
0.31535957664965586
0.3778988856799984
0.31635382694334385
0.27093534960850796
0.23291314355204332
0.5797718269700389
0.13798211560918322
0.33511434212334557
0.6887600794014187
0.7367232324248146
0.6429504584866986
0.7419274013033044
0.5278744681898005
0.9161193179463079
0.9717077325149502
0.8151688941002536
0.4730612415922956
0.36970818546579254
0.6305487764221779
0.47116421764987015
0.5329718766017509
0.9111006053742274
0.38071162397562996
0.787002466070475
0.9733503073397868
0.7112840613006064
0.5457910319558438
0.5005163053488847
0.424895631249057
0.9790021685918951
0.6330255058530143
0.30413268901422497
0.4384433898879506
0.5117021441278214
0.5339067922901659
0.2941163277094113
0.3212471021224136
0.36910012244183193
0.36442525512794127
0.7063004345410947
0.3931173152883086
0.2947599306901269
0.9037441907279443
0.9353059130621285
0.7326716849378209
0.7708088180461691
0.7690638607870287
0.7080318748087338
0.9897216062976651
0.5902504270470675
0.9223014315968812
0.9071798420318292
0.6735042051931478
0.6380588737790915
0.8199559989207819
0.9033452498808545
0.7315487874318668
0.6180115572626854
0.621216711095399
0.9897292242669359
0.605387692291693
0.5027819181150208
0.809510287447009
0.8225528116174794
0.39664584762260424
0.33204252023227565
0.4275542850705892
0.22251584827277274
0.4445761501310663
0.30672576707747373
0.14552240321244403
0.38221026134414715
0.17478597816141145
0.6706474215850262
0.19660193502516127
0.8451594443931615
0.36757272243621336
0.9926375596852056
0.5194293972690909
0.9912093145290527
0.9871978319380333
0.9818454602012311
0.817826618260137
0.9756692944653926
0.17771865564472505
0.2458481904633244
0.8984503922735064
0.46425384880777515
0.24540796974710322
0.9819322913605788
0.43406716741497053
0.7221297715790376
0.3932889816408105
0.9880130906949869
0.7605622481964461
0.1748773722711972
0.9828384796227083
0.29563930265349564
0.257422761799068
0.19141731167378126
0.15827686468817273
0.07870303558692737
0.11445951668821777
0.15492470219757978
0.11234791214715197
0.13741191883604148
0.16905621679366806
0.1674216906995433
0.14992790355624647
0.5423496287664585
0.44104172149520754
0.6584847357341058
0.6770339887750713
0.934745968820489
0.8375826005046907
0.30895300925510155
0.9619566046100687
0.9836097756989961
0.7555932049871563
0.5336418076365278
0.5447604567499429
0.6777380646049158
0.9845952072381747
0.523161408659478
0.5752667359566372
0.4180131002203894
0.39829314771738195
0.9175519074410633
0.7232964385932645
0.5256761146081937
0.8182794447692495
0.7646254608960132
0.3257905165475594
0.28693205661519466
0.35918156260425615
0.2308178492522417
0.2701417063759715
0.2836818326343858
0.36461170320653213
0.2589758215512915
0.2782691895446645
0.319942705906419
0.9914520732703358
0.3615028908569368
0.44235473502734357
0.44759332965540266
0.6338934734461351
0.4393385192091133
0.8295662137469114
0.7374625653845537
0.25099364957546433
0.6366366847278568
0.5633863620540559
0.9227750228570156
0.8748715836933422
0.9904674681461374
0.9707589683133625
0.24235464849568572
0.8757698817034856
0.6883144722959957
0.2595257095378823
0.22449431343732038
0.9918788219221408
0.905350641908737
0.8055869426383435
0.2980350232791223
0.263812347613902
0.25080253101488575
0.30704672612019923
0.2346747189390965
0.3022702732244493
0.4902002446739678
0.29816045032784827
0.43028334468316315
0.286623220289045
0.4952017174126788
0.9282207159682452
0.753340454360035
0.6088645023795344
0.825927215866792
0.5879397633243391
0.35458315008890895
0.5245827816009617
0.5929579853906933
0.8885801516450945
0.513107000930028
0.6671657000458885
0.9780742130972431
0.47406659144474445
0.40902678863609
0.8511504681503053
0.5188341996678616
0.7408909978658463
0.3469927429906997
0.7336920449992527
0.655718431517135
0.663036000751249
0.5379371517963231
0.5419408648358027
0.5600519040213904
0.3982705648667336
0.4431486304303741
0.41945439085253283
0.4601590892393064
0.26654004597249104
0.2869258394049623
0.5411237396837766
0.4020351617033671
0.3248841322162659
0.38970074076206107
0.6964131342483866
0.6511251110129562
0.7155861827771797
0.4841339408956976
0.3865857738743601
0.6513687373151318
0.8925925276619212
0.43993129452526025
0.9640287573322467
0.9352426793877782
0.44878645635286596
0.9358525196726983
0.42766000367912
0.38660277288608363
0.6618046870318431
0.8029804485666011
0.722927296087567
0.6877045996916581
0.8283971212088154
0.6568374577095781
0.42385722942514675
0.4428577645415018
0.6155928139310548
0.5253575287852771
0.4334927671744753
0.5390262091986879
0.5427574954192566
0.43570843186471797
0.47407445011226035
0.5442482034339665
0.5083323959464522
0.5201748718007992
0.7601028047587001
0.5308700821614437
0.6586867289394114
0.6533408993552132
0.7281434846958867
0.5468176681029588
0.6240475881320208
0.531279753974075
0.5450179166329513
0.9844740124269478
0.7619408925590848
0.516347566603705
0.9904641505694175
0.7590125762080563
0.9885804872041413
0.5476043406653092
0.9408606256122329
0.6758521756781368
0.5556578210544371
0.5389697443469023
0.7945672531653722
0.4947098999070713
0.5514797034804435
0.4012205255787597
0.44144678943319365
0.4366535296808271
0.8942499044420464
0.5044837076418427
0.4209036646957765
0.7289108785263727
0.6536921029446507
0.505510783304822
0.349935046126002
0.6514145129551084
0.9888135360577331
0.8722079617444181
0.8357318342996964
0.47780702225097943
0.41240374566877963
0.4681183302145989
0.9836014914663458
0.48356672887400853
0.9697009762468333
0.45036528668894815
0.597290135016925
0.9592467246405757
0.6863819364332635
0.49552251714690193
0.4096996562983802
0.47066926021848116
0.5802495496073486
0.40462869119788797
0.4937140640706244
0.5419730512820203
0.4710020573253005
1.0
0.5599488180926089
0.4764574059976018
0.49032724523586085
0.6022748284695996
0.5195458263151931
0.4568106521405203
0.5304235637268276
0.5910601328237998
0.4464215753539152
0.541226207031038
0.45786590383539344
0.5328073248233942
0.7774468735358242
0.7661439523012725
0.8879823270304742
0.505547708786378
0.742154428956998
0.6958488428447754
0.599234922349507
0.9217315550169858
0.7968288118990106
0.5017608409787804
0.7037743045464084
0.5563320218498055
0.6601797236865851
0.6414989828955064
0.9355121075026349
0.5384574951141562
0.6860302240256267
0.58333791494548
0.6870866130492347
0.9052866824522497
0.7051616118148077
0.6471329646769138
0.5097302519869352
0.5301140491902978
0.5769153663605336
0.47708861130753843
0.5567861503372531
0.4786587062487998
0.53871598350307
0.5152559807843818
0.6802734507284074
0.5326105003059266
0.9390278718128455
0.7442406755402708
0.8444559766751798
0.5001566740175796
0.5544181054700056
0.5745414791859647
0.49625559699888777
0.46180671654986266
0.6660138094005827
0.6828641575421172
0.4873535886047985
0.5613968799301456
0.9571672748560316
0.4960788718070612
0.5502834085818501
0.8341365743394958
0.9745120480978358
0.6733219023871314
0.6480904248278593
0.4947515807704837
0.5753114843746414
0.678601182199492
0.7341051563446492
0.43502313318655006
0.46712056024404996
0.4619192967108163
0.47634249101154347
0.5035924004575055
0.5891556329906397
0.4694664788979269
0.4290574318859532
0.4763065615024479
0.4207151028758533
0.48720275419826725
0.8175219927633703
0.8447672038936487
0.47579397179288385
0.6460366416067431
0.6716959123499131
0.700540847518547
0.9422354302672288
0.8664028907732721
0.9285964458058433
0.5223717741857278
0.681463247194955
0.8838571428412394
0.7740271781157804
0.545090279580567
0.6709786623698462
0.9278116284930512
0.8009526478879379
0.8969944845524336
0.9794669629661474
0.44903740160741296
0.6930270458291269
0.8597270658420095
0.31519036023789654
0.7001484433293003
0.34708519890502265
0.29115712908334096
0.42025614383441057
0.2458210731163268
0.4737775595809493
0.7083770941810325
0.3788282036682845
0.2873413059905822
0.345828119898866
0.910860704271824
0.9246201248598073
0.991454791047132
0.9114628010382946
0.6345276042818059
0.9673088488358323
0.40648019265089874
0.8750856942185805
0.8872686510379165
0.5082331613828407
0.9535144428313638
0.8553915903033825
0.9707952825557923
0.8153663489409756
0.7800928858302182
0.9528746949502132
0.4762749766096147
0.38422186027037825
0.9315222045609709
0.9845311873689904
0.7944595997690476
0.5829287202377399
0.32032354944706787
0.332021804588509
0.4908302974206798
0.41989406025586107
0.40531844055227906
0.2936123760459361
0.30397106341646096
0.3180209240253931
0.45526192759659856
0.44241242047163043
0.5636261252847943
0.7596125597008179
0.7081014184553126
0.912739400242628
0.7397840070055663
0.5947664447139154
0.6329416316234917
0.7278674975173105
0.7479204583400109
0.6323007160455796
0.5532196985434724
0.45076398960311914
0.83060647345672
0.5262627340090424
0.7137518500366227
0.9163377618978439
0.491219367511048
0.815775459928285
0.8737035620256496
0.8680679523728159
0.6902059121150639
0.7118876709124101
0.6898401773437265
0.47633342540041124
0.7069476468264956
0.5241114781954528
0.47565907512712907
0.44478490298308326
0.5541786796955674
0.5305750244883659
0.5119952802026708
0.5487638712720121
0.532424985871321
0.46261808458839077
0.9295046334802317
0.7859914082926089
0.7761918088257852
0.9455360554466216
0.8899913593794294
0.7393009461846176
0.8448492308116402
0.9724685239034806
0.5842860421155084
0.811486045136322
0.7175807235086791
0.8898788473846495
0.8349811839031442
0.6673488705092283
0.6967105021646456
0.6564249747265215
0.982790024619735
0.8309393452401418
0.7054292271577873
0.5816058623129391
0.6611673071103356
0.5964711255832518
0.5231539236317486
0.5251517148597422
0.8602216237068704
0.6002400126862899
0.8274184598948594
0.4657262921786802
0.9015798545320038
0.5103890610207766
0.6272920120128657
0.4377502316736673
0.5629696160154845
0.7348686236420354
0.7945191054029728
0.758361596530959
0.991740541298772
0.7352810743920997
0.8381568556818797
0.768677148677133
0.6683160258369493
0.7722217486053278
0.9053919093264411
0.9827460225238014
0.8713607862923353
0.6849016823775073
0.8383593691606259
0.8037930363483567
0.828095565366567
0.9735548477056891
0.829636237658846
0.6460015937001742
0.6368117087991224
0.6878314958944757
0.9767416191274325
0.5625354515227566
0.535626962460087
0.6229692060320093
0.35264871726747576
0.442586220396163
0.812197907652581
0.4430008224109277
0.5255685004712098
0.6630390086279483
0.5920703402128359
0.4082843465717924
0.7144057203618815
0.5406850277989312
0.9517527370241494
0.9554672222200516
0.5985229216499123
0.959799934562688
0.7392671286514593
0.7382121982953713
0.8889327389746984
0.5623235942144458
0.6272035504767614
0.7026111091381239
0.6109836301983937
0.9917553027814656
0.6232588133107264
0.5846416765493078
0.6981590857626339
0.9801276331094445
0.7527669543613766
0.9041729142559103
0.6354612241936792
0.8908742437829026
0.5652881830398551
0.39970080927231155
0.43111603402494425
0.5579685291941839
0.47893437594668326
0.5015952494265692
0.4657251152239025
0.4520952988022616
0.42391460268543674
0.4203683774213879
0.5018568019845947
0.9833059231236453
0.5414363722130804
0.6373314346168365
0.6297367397751057
0.9894341591267706
0.7755313916971431
0.6450372582930696
0.5601007695143757
0.5604238429282713
0.5693563544359843
0.970033197290213
0.9185627317898293
0.5402591020939491
0.5697834543273068
0.5868634295173165
0.6169803532922093
0.8306099369651296
0.5687134076311978
0.7066707957841913
0.6781306253018246
0.5720777264471534
0.8709998508511332
0.2615977428624919
0.39970891817444176
0.9124829182783563
0.4158347390508355
0.5633823432461547
0.23581097047390506
0.2498540034867904
0.38561562389244014
0.35113176944067237
0.2853747926301017
0.4432255066348963
0.5558007006106302
0.7114284524605705
0.6911852821541116
0.8837596458899619
0.40161146990886515
0.36075619986654733
0.9427251111982047
0.8403428558216216
0.9668612810992444
0.5932876186329717
0.926609928071769
0.9033584988431059
0.5984617831941306
0.6096222671563805
0.31077405568695654
0.9881828227665657
0.9024161974527655
0.5105117253022251
