0.8642737069344556
0.8504737374403094
0.911775427524973
0.9881965519293847
0.9000562090538311
0.8502185609108338
0.9647701596549172
0.8803627964913808
0.9944591885879511
0.9674834100434911
0.9105508591366556
0.8959421034901967
0.8961581973361529
0.867184168380602
0.863355600164915
0.8924819624236469
0.8560968430701998
0.8466543764284213
0.9526033727064558
0.872213722122677
0.8653559051159732
0.9298249089821915
0.8860370225732093
0.9093535326072745
0.9099216767891496
0.9750031057896242
0.8802661188453604
0.8519385177554941
0.881930135551425
0.911210984016757
0.8751117426612306
0.9532319013357804
0.9870086157232408
0.9574303436610663
0.9316069461181443
0.9977197079490363
0.8949502381273823
0.9156016880442642
0.9239124026584365
0.9715042439458339
0.880466046878045
0.9300419038084469
0.9762333159926516
0.930804785573163
0.8891715948092302
0.9968853558969389
0.9501431645538628
0.9612589148475874
0.99199056381356
0.9060740279552325
0.8912783816172318
0.9233466875608246
0.9198519438305359
0.894370773266532
0.9212961393125351
0.9125547101116778
0.9923081345249019
0.9619135954611869
0.999572854968067
0.9725633730536236
0.9932165750912559
0.9987779791257312
0.9903447564518716
0.9686508867769754
0.9892215829538057
0.9955811373711622
0.9879205048247536
0.9921882557258619
0.993785537165147
0.998399712514993
0.9793185866190354
0.9974922344997097
0.9994254463132264
0.9935877207769053
0.9775272892523812
0.9837876095926965
0.998923403488976
0.9995435226948995
0.9951170880360367
0.9857358454194713
0.9900914056465555
0.9401455013319787
0.9718693639767693
0.9934194173271581
0.9382840553428515
0.9821383775024924
0.9460892437060175
0.9185558869034854
0.9760131427833107
0.972070569878587
0.9666982582124583
0.9646957083871252
0.9987273102915579
0.9725854845680507
0.9830248898713143
0.9545405450182167
0.9386219479606789
0.9304977488725945
0.9498295967576537
0.9997821732049883
0.9772449373174289
0.9986493530281879
0.9601004032709678
0.9319317332017673
0.9347006190309526
0.9157766410094385
0.997303249029316
0.991035362893659
0.9977652950166852
0.9476033117063803
0.9899776737403542
0.9860041260367206
0.8786680698280229
0.8367365282025705
0.8735503112222563
0.9777029184855707
0.9893512808008508
0.9368593854624881
0.9103259481181042
0.8905572088187558
0.9337941637476782
0.9981785876591727
0.9384029561607768
0.9882576656539547
0.9899511534695694
0.8993065009731357
0.9689864656827475
0.9729104985317433
0.9485154985492009
0.8861517894072933
0.9939924582735716
0.9440422190259614
0.9438848649513834
0.9670018641671545
0.9750956307260101
0.9888755784815728
0.9527464268361484
0.9391316968365394
0.8388393685498278
0.9785348464165549
0.9345829906895377
0.8169525665657945
0.7088686477856266
0.8286227754193636
0.8321908856181923
0.9176890769496875
0.7942877961895897
0.9587442512182277
0.8433370956625911
0.866927696286414
0.8513138614359741
0.7988635277706118
0.9455005342295684
0.8264222594904378
0.9420170242132998
0.9970048120402251
0.8225664042607544
0.890644417624849
0.8163289352685706
0.813361858723266
0.9864363087152567
0.8633462396697273
0.8827341589863881
0.9612525961703454
0.8903986434901021
0.9827968998885253
0.937865929400323
0.9243451333613729
0.8631117586401755
0.794343827178255
0.9841115272682
0.8285130677488612
0.8117398976786264
0.7628290230577155
0.790915494842433
0.8974603874987321
0.9817600542240519
0.9906544115504604
0.9820264407888012
0.8334327438729742
0.9981304695124477
0.7866833255656671
0.8463118614089793
0.802742479281054
0.9495583709825307
0.8438655987864685
0.8725591123340157
0.9854201166393586
0.9895591261144632
0.9559965412417306
0.9992091760793674
0.8219146659578955
0.9479853951778783
0.8834803006838301
0.964702752967278
0.911248512153419
0.9399252119483259
0.9479790676170353
0.9935983995407959
0.9311123258512577
0.9284870263655846
0.9622919959668067
0.7959797414359251
0.7658690621350959
0.750961151428802
0.7840176947048055
0.8856445617348124
0.9003859972753511
0.9197451467572776
0.8152276613145749
0.8824816722930144
0.8710184259184673
0.9591269079835457
0.927893566792354
0.8569219974370642
0.9254678145940071
0.8933275321646202
0.8921147204224501
0.9219620957884306
0.8141717338863816
0.856823721534495
0.9083640332215327
0.8146836815757166
0.9952604947935927
0.9250260755153201
0.920522824678398
0.8243821498452399
0.9549895073703781
0.871860060374955
0.9824096255379262
0.8875019885810469
0.9643561649064377
0.9882915523558248
0.9133425834536829
0.7163704580674966
0.7423946372944046
0.7443186686004151
0.7291131033311349
0.8099812496404729
0.9973010187897011
0.800891508225864
0.9689029156713634
0.9978690578781032
0.8441947202394222
0.7677469501233971
0.8688468802904188
0.8373978558565088
0.9188649386457475
0.7952346485752356
0.9872483250196628
0.8444435063931941
0.9383040132793218
0.7880278223364761
0.8134297975508906
0.9992275114777724
0.9605951974976478
0.9662233154306393
0.8926380990537983
0.9400731215095413
0.965526842577608
0.9834585032586713
0.8434823168239227
0.8452829295552444
0.8510888780529015
0.8440022220667094
0.9232276050890197
0.8679212021947468
0.977986308338062
0.9111252199814615
0.8696043017245175
0.9458855273542278
0.8475933863620202
0.8978392493202093
0.859897226183747
0.9917385315409967
0.8573225454352493
0.9716535413507589
0.8322350364823735
0.9694171505268984
0.8626230437621177
0.9945821596671163
0.8875581267744636
0.9987185997713146
0.9476976821521937
0.97961362387742
0.9395576048776967
0.9956998146784447
0.9576868791266125
0.965687859196069
0.9789964198344976
0.8732690876221626
0.9145834861425325
0.8341757461290137
0.9915420921577341
0.909474980570594
0.9384054412511306
0.3894521400407916
0.7692074428381979
0.5505688689609003
0.6891851523670935
0.5334260107120651
0.43281681049329845
0.9052316009794557
0.8763477312511815
0.6050936022607223
0.9060009096985695
0.7743512684008573
0.714990722452144
0.7615355216112215
0.4997966000894203
0.6458186073151077
0.9583928296362928
0.8362348571430999
0.3815740153401598
0.5882056636351604
0.9875698149689778
0.32683324875812964
0.8170607848730201
0.9730345862252225
0.44010148602339605
0.4342602362806887
0.9211545180261219
0.9078748716763463
0.5292740255565785
0.9525927071897452
0.5085641123975128
0.8322870724888789
0.2464682131567125
0.49567933276122716
0.24482402056231076
0.451907118034024
0.9660309554171623
0.5418684886891995
0.7789341375838237
0.8912577553257708
0.9780282492298776
0.7259609409667747
0.9932824029164673
0.668612640413405
0.896860715310127
0.627097971263872
0.7760667160035609
0.5561913929507236
0.9210394324824777
0.9738737732238198
0.4462061282787812
0.6022882641464669
0.8380532100747293
0.7827521001074702
0.6387544107096572
0.6548543436513735
0.9620297878163678
0.8467116816240536
0.6659183957917443
0.8345342766821467
0.9890839807908572
0.8273221046349502
0.21149715000725608
0.22076706029453777
0.2871304732680945
0.1801724585713855
0.6093499200057105
0.3173816155794662
0.6139948332050209
0.9738182357072008
0.9802095247881077
0.33247819805819256
0.8850627465320622
0.8628822177281102
0.5883171264365238
0.5537177119020296
0.636881314698812
0.26836729229404804
0.8902504845634265
0.6242559789177172
0.5841151257291357
0.25980439180222237
0.5628211346593891
0.5776356796366865
0.5052118328863013
0.9509626921965307
0.949987964903701
0.9904983827308969
0.4252830784669412
0.2588006964215639
0.9426306413710631
0.7836989541796219
0.8248275550972658
0.2549809979889908
0.49866130940650416
0.36452763576929226
0.2567130832982619
0.7498585221177019
0.9952166994100465
0.6863984500803444
0.9020065267612035
0.9955517173722577
0.8536496992929428
0.9120704133253515
0.9781715655797988
0.9319694431526471
0.9792824788520212
0.8497227640014405
0.7821676487134647
0.9872873002560603
0.8420055434410562
0.9956346980010888
0.8535958372229675
0.8324660871450262
0.810736218766166
0.6715139679910874
0.7406859552397994
0.994869691317339
0.9696003039347945
0.6471360343412021
0.991830235199776
0.9732804671668716
0.7726184025268893
0.9437652163841411
0.9782014642986223
0.6252412189619205
0.6132915494201054
0.8512382781548296
0.7655168659589158
0.9328393431708242
0.8319040351583619
0.8060574189092705
0.8663464945516212
0.9970445975843321
0.892143788153402
0.9879682323999285
0.9961270138667265
0.971674747696188
0.9532966201997696
0.9752471322437755
0.8079022759020554
0.9425826365082718
0.9945043061057774
0.9841791545925147
0.8168012044239824
0.9293381115228034
0.9898220448873127
0.8814490366697711
0.947176805129796
0.9955532381765063
0.7801498454608392
0.8015894610918918
0.8263744068529892
0.947615094112151
0.79780005656478
0.8072521704263583
0.9988149364312631
0.567731407248343
0.6242168472913248
0.7466195190421818
0.6266418517469454
0.6527363374804468
0.681005312961205
0.7428128511487266
0.923401494173
0.6982966937127614
0.8925599384419198
0.7871569103200892
0.7679187339958572
0.9798594738169165
0.8116054164321369
0.9672378682284052
0.7917049405412159
0.6875429441249541
0.6735167210444691
0.6858637991038075
0.9730192360041984
0.8419003929933021
0.9432043630781927
0.6897100539628234
0.6801768723931944
0.7900430633334553
0.7995585423054179
0.9445671264824242
0.663336627025142
0.9919502554444471
0.9128143708621466
0.7649547547959019
0.648944547551622
0.4229723436382999
0.6527010000159806
0.5610336966606764
0.8708237026412506
0.9669564844634246
0.6439553910217142
0.779519896481425
0.9862370721161539
0.7325468680818953
0.9889490681967386
0.6877132630702893
0.5490001817878791
0.732591888359154
0.8179881861275342
0.6625963565169734
0.876148289817098
0.5711155537570269
0.9703031792057777
0.6983505719905987
0.6280900730724003
0.8765940273719245
0.7744846124299372
0.8543641968738468
0.5429758859377394
0.7530066472387618
0.9445119788998894
0.9340214681392662
0.5374807713994743
0.6864301461313744
0.8029895948319079
0.7405208585360022
0.22987061884550616
0.5771293908768642
0.32186790137150684
0.8050641610465059
0.9776693878887118
0.9293670758953946
0.9819459626288891
0.7196204114347405
0.6681964878764226
0.9592551469233533
0.8375974810335574
0.9367633679976003
0.9032659020003979
0.6078110113265585
0.7398591867035571
0.7403032644225146
0.647264712353391
0.9733190718280371
0.5535541507387541
0.9218118131223088
0.5364358091184885
0.8043350483226392
0.7924557442711622
0.9382960359680784
0.9952708253088579
0.8379710943875944
0.7543559812005485
0.9807350569014025
0.6877788102270513
0.6483472823157489
0.6293918578738091
0.7550016242949882
0.9810644807073704
0.23569385987055708
0.5077506743348316
0.2685767318598966
0.3545681531107751
0.8209846119219032
0.6403787832828928
0.6917875704819282
0.5825245817007946
0.7229985103723336
0.6068648399475762
0.5450179963782763
0.9893241797526576
0.9359784898266811
0.4351631285974429
0.9909989672423533
0.4888772563780998
0.49086604704326225
0.9124598942957598
0.6881080278111027
0.9882076256206784
0.5084706301164518
0.6173498996569674
0.9382742929499827
0.5136249377968132
0.7946052251122212
0.7534646150988669
0.6539957219552132
0.5926863301336311
0.8444455053434242
0.9687329089459426
0.9700220692895339
0.992457900335009
0.4169481715989545
0.3120173512858994
0.2855098194943279
0.44895146999083735
0.9487477176463767
0.8582585947302052
0.5308639498832306
0.8973576152434604
0.47367298976324834
0.8879925157575801
0.4188240951564929
0.5446642089891167
0.7099928231381172
0.8651521814781433
0.4238504186519256
0.7694265247511678
0.5279361353471732
0.5063770255709297
0.8727030425163543
0.63490386151175
0.6723082609658314
0.9864781388155505
0.4382109760555667
0.43332590486647693
0.5972184292840048
0.6698031036090173
0.7448849268771006
0.6486030356809005
0.4110161754948639
0.4770912586968973
0.5604125550952513
0.9576907508470862
0.830147667822362
0.35596248716524165
0.45708241504764324
0.3429065328630484
0.3474976361950161
0.5274369196083858
0.7729929573085047
0.5697011528162403
0.9905506285012537
0.5269702178544526
0.8083682574211237
0.58304101175925
0.9666070361851019
0.5749048786218481
0.9633735427005955
0.7031622061719436
0.7764852088621925
0.6369450334396907
0.7158373250699308
0.5338539591089432
0.6424094531685496
0.8000741252935473
0.8824563916012428
0.9674174868320544
0.6908820194465519
0.9654833633749131
0.6825127742832582
0.5555746602479965
0.808267566565152
0.6632228029326085
0.9898610141567683
0.5102969995287404
0.9651892728397082
0.7258134576465981
0.2684716487998277
0.6016632306142836
0.59667410011098
0.20785087872556507
0.7038366577641352
0.7194296104524088
0.3073253326734579
0.24916157831386637
0.21049928326175052
0.43029431899215903
0.9296228779024472
0.529466535810811
0.5654158076596859
0.9801213403062591
0.7144389573644808
0.4751519679728283
0.5383439287178483
0.31424479739802524
0.6502641956344911
0.21947535232369486
0.2488912263829624
0.2845872380535714
0.9543858949364408
0.8375569074227428
0.6873389278545379
0.30196290145217086
0.829971172527827
0.20540578068859308
0.26251807267236515
0.5414698569704903
0.5869710085353803
0.6705859875262866
0.8082110993147221
0.2609120353101058
0.09669626582175044
0.1801097929994834
0.16975799385436327
0.1198144836390444
0.8004889373936237
0.9730365075219485
0.781035546198974
0.816974557713568
0.9222982908621874
0.9191305674745791
0.9919814130616506
0.7869749445207157
0.3920057558605121
0.6091286009805837
0.8409204679577947
0.6545557494974574
0.3735221439095034
0.7211218904405031
0.9644505329393503
0.866062181792154
0.8670895575716203
0.6558573563840233
0.6968229156441165
0.6380868565672413
0.4357437307886047
0.8891584029918851
0.5153993438187321
0.7571589132984422
0.6450952081461316
0.4379631610184554
0.9432080633714686
0.7044128607034114
0.9331991567126913
0.6260967133239811
0.3395696709304314
0.27572804468515133
0.30642698886259
0.528617247181649
0.9872563507859844
0.9130479868561593
0.2853294117026785
0.6238809717545885
0.9526651772550839
0.4010391811308374
0.6546676739148339
0.9789337819833519
0.9166653640074269
0.6905767465307834
0.9106922270134113
0.9922895195521237
0.3855089480372215
0.48384209738075307
0.8807446387921077
0.2863425127399799
0.6482052611211879
0.8463724825865416
0.3876367341047368
0.5470159425519446
0.9929219031046717
0.23264652975170422
0.6930016506512946
0.7059961349461459
0.7861732183391805
0.9669892080298887
0.2338441576404761
0.8722663357158204
0.2655647537432589
0.504535963286795
0.3310759339896534
0.25191067625661806
0.37914486292098004
0.6098006883237294
0.45251789527701475
0.6397506199234686
0.919609095220726
0.8379401315582826
0.4326258766556365
0.4464140337267624
0.7707888047297503
0.9611079859320747
0.9209111906953227
0.9886549071464932
0.9031499555750936
0.5825993338518055
0.4956157481224677
0.525948800570651
0.9278649983222476
0.4281176820732332
0.8048394146575558
0.8932897519777834
0.5451806526093022
0.8458506320213357
0.8173903447238373
0.5716991503737324
0.6464460468867248
0.27006214168668335
0.42804879538471285
0.4033992948746978
0.9463940469994249
0.9433138034655867
0.5326281166554606
0.4674268501792575
0.4369767255405486
0.3411739027372136
0.8377104331766327
0.419532673619283
0.3985279185492336
0.7397589657637981
0.7166679732959241
0.44630672720106795
0.6485551091731879
0.8419854152260706
0.5807728305325834
0.8197326779386223
0.7269616477588258
0.5342431426873312
0.4621799422377938
0.8453643399343802
0.8323278526413385
0.6536440583991124
0.6187585300168247
0.9788562458338722
0.5844810824144867
0.6988785612791549
0.5002977906908722
0.45232752212194727
0.5635522281067189
0.7238225417118511
0.4155919703951026
0.6111817716495951
0.7804896297356928
0.8203874431947543
0.4214755283142054
0.4627530972714509
0.5406055954035156
0.46451156350424233
0.42165941606254703
0.6012024490575139
0.9505005283897418
0.5543130393120851
0.5435531500488134
0.5371699700169721
0.9176669473351472
0.8277639780831234
0.8050187588387947
0.7344466760436866
0.6007417931865685
0.5817825589253596
0.918071976552987
0.9662237399411293
0.8696514424288744
0.6346324043327936
0.8183370447326059
0.545615690597313
0.5834281128022624
0.8271020376543791
0.5424914894069075
0.5522881641633882
0.5514751427498782
0.9832003936205783
0.9714128796459255
0.7585655016508435
0.7839889160597932
0.6895245320796587
0.5893895489038177
0.5366645888781381
0.5120368625693139
0.33236438274462704
0.5059186077044401
0.540258005948146
0.7059656961960048
0.592108700814158
0.39933319310058923
0.40599410732086694
0.9851129554539686
0.6434859217344413
0.4079863839565304
0.468079122325756
0.4630385339488895
0.44526347552311035
0.5895647804171568
0.5131116045489551
0.599244056336398
0.540323189368739
0.4281270216237547
0.9696198531936469
0.42734609214086783
0.4053910628971381
0.9024485708865962
0.5566350011746014
0.5162590637749064
0.618680148563116
0.9479782432812573
0.9484835932262808
0.6384668006350398
0.6655360338590013
0.7474914413936922
0.8634398600557144
0.9875808496618055
0.4129672933671245
0.5489396168073397
0.49844847642963525
0.5648703029736247
0.579284736488976
0.5042910312115478
0.9090308833037276
0.6375653522268183
0.6497531901424328
0.5565638554588703
0.5957760845175626
0.7459318366395775
0.8884138899250466
0.6372805966870856
0.7819577553982352
0.5075877917407365
0.5305240863942687
0.849259422356234
0.9224772208193287
0.974224746604273
0.5907448571831035
0.47901547153899793
0.7539578495877937
0.6450175189275454
0.7851445743434695
0.5487984528289495
0.6130922535746529
0.6385576279007847
0.9247192991106267
0.546288768408046
0.8347773402991854
0.8542951175037425
0.700899437212417
0.6560209623320138
0.6437348789160144
0.5457205491644614
0.7259904250033474
0.6288995458657274
0.9394555785061175
0.7122546309958236
0.48569035111467707
0.4863972407487841
0.6886785964915213
0.5613140143652829
0.4460989461700428
0.9913717067540396
0.8076867360268192
0.9095074172501342
0.5650447545583787
0.4772292093543067
0.5990491444529629
0.7910370858559115
0.5873144565573345
0.8040115635785001
0.6960922734826598
0.5635948418092943
0.8534306092954262
0.573620345750927
0.6402772518045763
0.4817397149473616
0.9260765746620164
0.6386245170307269
0.4978927606438232
0.6023573080452184
0.595818411824471
0.9043466052907052
0.5696287249508848
0.5603631245091333
0.5686074472188549
0.5958866151554556
0.42793494580771924
0.4851257283841032
0.8377981648356267
0.9278999957715438
0.6050960780150341
0.7764840343590342
0.6145231029154706
0.9502967155876342
0.659811128422689
0.6847445547378558
0.5733700233834831
0.449296217230949
0.4154993825267057
0.656499850182076
0.9934490156660599
0.7029159192058162
0.723331157227687
0.9879621831023878
0.858186657588035
0.9225333184312168
0.6946785869832445
0.5134257588781216
0.6429548287283946
0.8083676176045616
0.8808718707190878
0.5876718316734261
0.9078053541278993
0.9280676954980888
0.46067319610226165
0.6557682942605614
0.6397767300267593
0.45352870365857056
0.8194972845285787
0.3117974646104929
0.3029370054371665
0.685311999700417
0.5380111964289269
0.6931944113844881
0.39186470897704073
0.416732056495135
0.8905672771907279
0.4457871005845427
0.6393577371225607
0.4315056527094398
0.7863444462488727
0.7937209258956364
0.9328516974695668
0.41198113988281754
0.6517284689823731
0.6430664437306949
0.5632073058746532
0.6027563550931652
0.9918438599135468
0.9535677222162582
0.38093102849252936
0.5315932831437918
0.4608147562417671
0.8833507708745254
0.985525566604291
0.465660277544362
0.965091726591552
0.5563559410852993
0.6794210921628362
0.6917304942443453
0.32484614482774954
0.5492500382639209
0.36315712524152916
0.5080965585726476
0.680958267141163
0.7223972881202942
0.8548019188633196
0.5220616968542037
0.6599465070653873
0.5022678978373097
0.5398764142360588
0.7201320879199855
0.5859919519137683
0.6528932243561008
0.6935298856325461
0.7030216517623967
0.8489437713375247
0.7093883027278851
0.9893508732977883
0.5750539120145876
0.7039500802556239
0.912449851397344
0.7848470049805024
0.5647061519935015
0.840921832079311
0.5929548579080163
0.919722762168332
0.7782228914649514
0.915562305319213
0.9882876066329864
0.5850435595172035
0.8341215898316088
0.7022962824438514
0.5046577690626297
0.6414300940220586
0.4676546593272833
0.4882225676132029
0.7434433160044066
0.8499805097347202
0.924505209004061
0.6682658177926276
0.7686234338788848
0.8487502930891757
0.7056718194759629
0.787648477251195
0.6782461447082943
0.9898339969955072
0.9773864882936472
0.7406597621433911
0.6769071449926116
0.7258649184456782
0.6160718622693124
0.788002467634569
0.7937391052990639
0.8770982160370628
0.7194504229393214
0.9925382592592558
0.6043386147399663
0.9195779627844478
0.5981289514201404
0.906673531327799
0.9272471287984959
0.8759843939602563
0.8959731709599494
0.5642204877770279
0.5813100249681585
0.6696566837029875
0.6064076494775517
0.7129336289875922
0.5321841246623216
0.9947046882639978
0.8402254458100207
0.8935972765360352
0.8692951373083313
0.8819745083668709
0.9931907892897197
0.8429230135039977
0.9190062643835548
0.8358717104524203
0.8606431000536479
0.9899810342604366
0.9664172942047136
0.7990600972739852
0.9132493420973229
0.8180824897076412
0.6420471612453597
0.903259785496714
0.8966304781992996
0.6962055855990762
0.6183729825660489
0.7920102276058192
0.859097615087684
0.9331096724180892
0.8978570748815106
0.9083163174779169
0.6242847300143457
0.8187441467995642
0.7272393615803348
0.992142679234903
0.5986440707955195
0.5246616192531874
0.49886287977987953
0.4106888633867521
0.7331477941964958
0.5540276161015552
0.8913857692948035
0.7868824268586675
0.7265311047549275
0.9789185056023911
0.6773669186661121
0.5861514072283475
0.7205574860274642
0.9381083342492322
0.9835958393898376
0.9592271232932124
0.9243242473214226
0.6774462087219035
0.7080255458225074
0.8520842015985532
0.5692952668212329
0.7104233578390072
0.8913432933471932
0.7481423709352609
0.5871662257705728
0.9773652406907346
0.7453263959497167
0.9866931664130718
0.663822818671392
0.8289746853709756
0.630695336766303
0.7177666777740433
0.8173268522743562
0.44731504115271575
0.43286764487970153
0.43359927685441435
0.6002266802137621
0.5831341885972569
0.7311930857061675
0.9881515848861467
0.9390174664623212
0.9627136494434462
0.6238798088156701
0.8301125637084827
0.9948797607297499
0.5399360289767842
0.5732209125664166
0.8817554807651035
0.5811259548066369
0.5529482263756863
0.5820760247957256
0.6289749998514969
0.5613842233484765
0.5951517880138083
0.5757879194237282
0.5618067110212893
0.5657033770093481
0.5686475048540471
0.7447462783632568
0.7512557479806332
0.7483887838648855
0.561094952335055
0.5764678289484446
0.977382687196457
0.6064833799075331
0.9123462629637094
0.32888562011730554
0.3945132609490405
0.987919139166215
0.45501179256018615
0.48273034464301096
0.6741017288423709
0.27156573026454933
0.7923076951798536
0.5820215989738197
0.9643391534051772
0.4220987638728247
0.7111391295863135
0.6330489155195506
0.5427407616212884
0.8696818903344423
0.46508130337077697
0.9575670086462447
0.5609641591430928
0.44769654148116667
0.8759884691786137
0.6761229907539155
0.5893641488336964
0.671587068571837
0.9901035229684494
0.6648690099544853
0.5436113682378236
0.6391527529688954
0.6759000184882963
0.5535132630520088
