0.8598259327087546
0.8805320240817747
0.8715183901605863
0.9010111384630259
0.977795076005717
0.8531269566733709
0.8966690995926263
0.9222948495868682
0.9589790861420364
0.8816014657920186
0.9523670598131414
0.8541860645626682
0.8845653800368157
0.9307055254843283
0.8668967454382912
0.8881000170872079
0.9220661078540459
0.8908862793819436
0.9016347154559529
0.8776113620550566
0.8971581483123795
0.9849584877223555
0.8941844606642455
0.9666103983486503
0.8761640396351815
0.8928238823357221
0.8708446003053574
0.8565156099816559
0.9709182934574354
0.948536141766883
0.9738205495407753
0.943529928569699
0.9304772066532442
0.9784672971320387
0.9977843609869826
0.910169114294983
0.891375664461816
0.9502350196959293
0.9260025104428137
0.9592539429637968
0.9852476721417464
0.9263803208019501
0.9672376493036579
0.9140717544194292
0.8910450574157309
0.9500677448545128
0.9978936036470757
0.9201816708570154
0.9115176599177883
0.9902162206337919
0.9522382036326368
0.8922779839769522
0.9204422032974228
0.9325192580340314
0.9180322625210248
0.913047030348328
0.9982131113297815
0.9954717250736836
0.9837195114293779
0.9970765286561194
0.9823127844462948
0.9978439799561734
0.99680173467984
0.9604693285634445
0.9858270942828197
0.9908051770415236
0.9964434777279753
0.9994439737788706
0.9824607115238246
0.9995676753053904
0.9940535162663294
0.9997489781332357
0.9982580627103985
0.9869289320725786
0.967065037889804
0.9980984688816608
0.9996546929528403
0.9947435897811167
0.9989514685994999
0.9058771637489084
0.9758720752297905
0.9991315190993901
0.960230851836236
0.9171595820982192
0.9106179626617901
0.9703144620053156
0.9876862451104815
0.9577690904909021
0.9992871813599032
0.9767854881480377
0.9290136985314805
0.9941067696661461
0.9956436634244626
0.9614982465059816
0.9798818601632867
0.967408565285366
0.9434594334598814
0.9235769482891467
0.9204712318858795
0.9988823704713875
0.9542614112769084
0.9406704572463203
0.9689401336774176
0.9141207796261283
0.9193968940188736
0.9234348211196763
0.9996387867619948
0.9786066914513156
0.9993857618525054
0.9985891935166865
0.8747681696392049
0.8777106919106378
0.8678935276265295
0.9015408329461826
0.8597737301854372
0.9941035435132921
0.8973228330067144
0.9404317763423603
0.9230683713817087
0.9975483119389688
0.8688955665138692
0.8762971530864224
0.9616832356165416
0.9726670850842902
0.9505940560447337
0.8649177586632418
0.9590534975840229
0.8974206577664838
0.9296645176691426
0.9720847789950492
0.9363043646612627
0.9562363486217109
0.9958805408753463
0.8575070933437979
0.9675862931267942
0.9522414907812459
0.8941422457004465
0.9067513382591317
0.9410080063248322
0.7834468171148246
0.8137580390634094
0.8347117488658455
0.7534071538532084
0.8159177891943691
0.9615603935981234
0.7976121192711245
0.7975926953410537
0.946543012858787
0.9866368111224223
0.9301150848422789
0.8924994521642132
0.8073907914855694
0.8193550899126925
0.8216511414534557
0.9243153928098572
0.8696783370079657
0.9353412606965602
0.8169027743198786
0.996208534694036
0.8015556453958627
0.882054970946969
0.9640684509079149
0.8956071384485437
0.9284514195132278
0.8350143125459266
0.8455677580849174
0.8600934656460124
0.8232496920331847
0.9319031610187191
0.8165939714759904
0.7977842007758419
0.7528170270402115
0.8105295435095957
0.7846196258285596
0.8071668948632499
0.8859098003827653
0.9657103201474354
0.794259513097851
0.9697572309228987
0.7955432688436943
0.8267560422764537
0.9959839804631048
0.9356716022443229
0.891650892749345
0.9812362913503159
0.807067117056789
0.767914863407475
0.9987555222147927
0.9004482138839124
0.8618936437260236
0.9633075863494769
0.9223995225255708
0.8229409299806302
0.89278313677767
0.99556972527356
0.8423001969831931
0.9228815002850513
0.9398603562076618
0.8844856036088979
0.9991966908587602
0.8012004705509708
0.7787722740677615
0.7889490062017978
0.7883717668456731
0.7494176931963893
0.8050503454418967
0.892242191605344
0.8158856171643843
0.9737440177163103
0.9037111277417026
0.9682392761034839
0.8209951113109355
0.9354921621367167
0.820031581739849
0.850401776125619
0.9743666886481697
0.8768045017487593
0.9144681191326444
0.8611822233747778
0.9396610828976046
0.8256251855419611
0.8040663008177916
0.8843264460609539
0.8080751866895418
0.8566255472944503
0.8244758401123694
0.9956883136389906
0.8036418507906592
0.9846785971256475
0.8030296415097228
0.8427887493944324
0.9298228337025557
0.7039360197899037
0.7666987081403037
0.7576568498589381
0.7329919574819688
0.786787589588986
0.7391217263361174
0.9828809159499717
0.9908124258806682
0.9799712109503003
0.8066722154607181
0.9986118344528604
0.8533141715592791
0.9606934294618926
0.9603726547800552
0.8056080375660735
0.9959787196566269
0.9866976843257959
0.9968836408299648
0.8176862234612433
0.9124296905086291
0.8094755992949255
0.9339410861877775
0.9966936371441193
0.9495366943336115
0.911633276875398
0.9461299644345554
0.9705235671021568
0.8331582905917553
0.7767763997266719
0.8029893880234349
0.8813217174742317
0.7925048854448329
0.706941852076523
0.932903944568617
0.9455830204902183
0.8357702801264597
0.901307825986155
0.852448376165277
0.980610431876051
0.9988615334071036
0.9961136840245426
0.8753141683601934
0.9569588783690597
0.9913919905556909
0.9319338342764824
0.8487873616659782
0.9072970158914164
0.9305456353004747
0.9892893239963132
0.9904171609491891
0.9210258128556467
0.8677537007150621
0.9533656324488693
0.9067159982222652
0.887690463780798
0.8658721629644605
0.9414420962068158
0.9294926713422675
0.925013208280396
0.8726912338471731
0.9298587505052953
0.8965675695663992
0.49603556522267195
0.799915072914935
0.46547231909773373
0.6272062245613473
0.8833760439457443
0.3629180738194934
0.7926418549585055
0.7513054224882021
0.9850550835591245
0.6804419688136739
0.9294211256091353
0.40254256501229085
0.8809314866145808
0.7396259194854607
0.9853377581721048
0.45185590160760664
0.9125048402932584
0.37190573829872664
0.8673153641614673
0.9514750713711004
0.6877642877983815
0.4854457375309351
0.9299225700000863
0.9024337794624886
0.8432691048003865
0.42021829849011755
0.40124239106106807
0.6031871163969397
0.7857358007120575
0.5510041834103837
0.8769792215540125
0.5248047361797292
0.471023336103115
0.23714775961745882
0.42097913494206146
0.2462942271276524
0.2700749261265307
0.8665350637573723
0.730726580472602
0.9902504235283107
0.6177145508136856
0.7593562680458081
0.49270161186585926
0.6836877609988894
0.9295574488716587
0.9616567646339785
0.9921973679185331
0.7234587971237096
0.9253400689687341
0.6772083566489873
0.9379823289528577
0.9316702822708514
0.6489420645401598
0.9498095339536416
0.7051622861678682
0.45454830532017315
0.5767976067382042
0.859278173539726
0.9089815579666944
0.7388310348090108
0.9609010798717542
0.17573510149567564
0.189393612778698
0.3595936487497445
0.19285385490605522
0.16137782190568498
0.27089267471959383
0.966262792066942
0.7363588670877234
0.30671979154046924
0.6976802138905994
0.5148657268160592
0.35276613749674857
0.9909176754610594
0.8516427406441274
0.8829506522841883
0.26233742665863735
0.7305883516722647
0.30811308180904184
0.8793258841883804
0.5295029095705954
0.6507620484721222
0.4794381730648095
0.9133098109320678
0.3188649681930818
0.3648499967782111
0.6210380474085104
0.29496934962513605
0.4336993624634623
0.9786943794737951
0.46740592111908186
0.23829520265951615
0.4104262508179911
0.2668649393712783
0.24717356394756893
0.5082309367261906
0.30466222751866734
0.2600309938811546
0.8735226213127895
0.9854352202769107
0.5892972010515818
0.9910120867577814
0.7862403840858082
0.9902437521651294
0.9772713927421476
0.9201630928489145
0.9486108651947535
0.9902376706659574
0.8976700693182658
0.9924571004111166
0.9853519953010357
0.753803941451649
0.7842884081858668
0.978869832750706
0.7251844379670473
0.8574878005769321
0.7427367003767296
0.7290498336731613
0.7351019224210343
0.9573892220327447
0.9800474274724872
0.785939848568448
0.7953213757755333
0.9681668773932409
0.8434287308048007
0.8482588693621711
0.6231919489548303
0.6009421495579889
0.7463243425538111
0.7433295135051429
0.8365917492710673
0.8063143941148516
0.869141365717921
0.9919127215102661
0.919684619507181
0.9560665437057674
0.851945767798487
0.8241632744456233
0.9452897272687101
0.9130453578082253
0.8360912340926161
0.8171156781372891
0.933709608298898
0.8404702193897836
0.920990687042518
0.9787544115059003
0.8048941191319959
0.8013668785936049
0.9617545360477211
0.8805121417950161
0.915205304913432
0.9904432787919104
0.8146636558758418
0.8294094745993786
0.8530989720319951
0.7960432720277001
0.5635573201188608
0.625062686353922
0.6395695664187557
0.6285855226197385
0.9707918986686335
0.6529428971782979
0.926030685317033
0.7645848575603463
0.9238017156450903
0.952771372984314
0.7175262647429534
0.8328784353286635
0.8757286318813605
0.8388856671208416
0.9944107184887258
0.9182771819009233
0.732279363940741
0.6930403143691312
0.6865091828990563
0.8738543201836958
0.8097068070896701
0.8417664129426912
0.6866789535573886
0.877698330120801
0.9767970932267973
0.9813000434685373
0.6825722022623688
0.7511242151126281
0.6907273608564696
0.666016695401694
0.7396565508351882
0.6307219606845615
0.5036297865949595
0.64880357003981
0.46781089276031596
0.6575249738525625
0.48462545835415943
0.6375569932684263
0.6370818500998185
0.8070647597383901
0.8987489558999721
0.5998198858215451
0.963781825740679
0.960440596286951
0.8430669253527556
0.6229881552243584
0.8766649999469681
0.928016579679671
0.9478118536588249
0.8285481770692215
0.6392084045657611
0.6403948042271566
0.6818472445587938
0.7284610522885828
0.7358059571588317
0.8041300132818023
0.8228425800193107
0.8733207313019199
0.7464209839629511
0.7446877634744382
0.7601624100520195
0.5328550547132895
0.7327404923129792
0.29198881732923887
0.6664714781550168
0.33238483942726804
0.5377410993065446
0.24506638519241897
0.7807162836160253
0.7791659558443005
0.6539419888461465
0.753469885108909
0.9844437128903072
0.6978512352343075
0.7855978808285886
0.7120728715008401
0.9366687323368046
0.775693799540527
0.5410242917897838
0.7505674742187329
0.9371454240408914
0.6173564522123896
0.9830292875454157
0.98350033186788
0.9923609558070655
0.8716900483071145
0.8376492656594483
0.5268722939451497
0.970056890713359
0.5268712779660362
0.9442314657341001
0.9553955061180417
0.5723657060324283
0.7260616074082044
0.8489967988766679
0.7098628110729611
0.3296447873323277
0.614370792701464
0.23857932741534948
0.30036754485872785
0.29705489426668424
0.4000151052956379
0.654871436310564
0.9574793132480569
0.5989069124689504
0.6817695099123003
0.4778242157647459
0.6902617189426044
0.7907967801793835
0.970365551367982
0.5978426675368521
0.9170040479904773
0.3968272103541055
0.8579719968834296
0.9894738193913276
0.47904109259907157
0.6491311171626976
0.6535122146544591
0.526911678046371
0.8006567763626166
0.7250230563338619
0.5029266098637248
0.6871341194726321
0.8368829944199575
0.6500138727207855
0.9882752675626183
0.568153705400441
0.5681623663161686
0.23912353796657365
0.3726869197913417
0.4810484877607775
0.3279653792172046
0.28259402248989074
0.46450067749491974
0.6164521100715484
0.8222400512864578
0.4565064162729855
0.8862671931916275
0.6745018493169944
0.5634122891782402
0.9578283081966272
0.8349147182776708
0.7482746361943686
0.6956332464635957
0.7813223390736801
0.9555949174459546
0.8268962470276162
0.9864235437502978
0.7524703249563337
0.8260974839085872
0.8865023725231365
0.7701404185940451
0.9886391860015807
0.3876488656854144
0.9087963260805024
0.8614832088221291
0.9815075731634838
0.5313582684926672
0.9622524490967577
0.6049172624132381
0.887034469088114
0.38166674688721236
0.26879129887991465
0.28592686572099235
0.4692455521583531
0.3258955541842076
0.2868545677894859
0.6970968033164759
0.6309198315747386
0.6197052562661505
0.9071798420318292
0.6469063282734011
0.8293277910284625
0.5491499775239008
0.8705168573735921
0.8771267776427448
0.760343062596008
0.7277301801391486
0.64603628860562
0.8949850102420962
0.8851409302995006
0.7708088180461691
0.6338092207401342
0.5915379556745191
0.6122011996537797
0.5744189783423903
0.7004194071736096
0.6855046862163332
0.5820559485237282
0.5475278869116613
0.9619035204314986
0.5201662039655218
0.8303086110050478
0.7926797421809614
0.3760410429196758
0.36528331364476124
0.4281681945762985
0.19225130073903068
0.5448144587074287
0.21292154082371292
0.5104730849434401
0.9285902918407456
0.19581636038095193
0.21253734060239057
0.284651488495386
0.9853814650147118
0.9803169806408009
0.8960636237010109
0.37187967202502326
0.9187029108078816
0.4881521137133752
0.7984485621104283
0.4215077187627187
0.20295133537191343
0.3358875457340537
0.888836518555619
0.986127695923613
0.3742912386639749
0.31522437453771557
0.46003603163902196
0.3046458924493248
0.6958878908885482
0.732876291807124
0.21368980692051004
0.9786679220087878
0.29067649139184315
0.37735486772414306
0.24524019874017391
0.13532894936832537
0.15138702974639331
0.17560592699518218
0.15998927915083933
0.14661036543240316
0.2448919192311437
0.8891249948343718
0.8741457202090384
0.9577086700615333
0.6973080752304814
0.9710417527740939
0.9902960041141494
0.34645976039026927
0.541997982500515
0.9782508866530303
0.7936967952512896
0.9430829849534302
0.4311322266810134
0.3858433822938255
0.556110860839385
0.733839320866814
0.5000667185114589
0.758199243916137
0.6002408169409033
0.5279661649315217
0.4693641439872251
0.5484615200019002
0.8166399632295583
0.5753099758119389
0.5776323798409572
0.7847093076924166
0.7760200764670085
0.9385551374419717
0.31276138192590813
0.3686360906995029
0.2956216177456037
0.2991965845583833
0.23189660183746813
0.3374797047590049
0.2745335072932209
0.8559712392417944
0.9450964712118533
0.2697592168940683
0.7988335656670114
0.8142536612020571
0.9940973678962676
0.9566840976433415
0.7391380969664211
0.8565718587917122
0.48522941497398947
0.2293441637554613
0.30798055764037535
0.5408741255591631
0.3960953446827609
0.42640796587595836
0.2662084053977465
0.563085503202591
0.6768501067867813
0.364167917311886
0.22617464586832783
0.7870295049040065
0.2804526795875977
0.7412588376478438
0.32761738615331676
0.3258596623475201
0.5129997834459851
0.25403774943212976
0.3147037677633317
0.4437732687490506
0.36823808969605465
0.4206125905219615
0.2904681931074927
0.5419620516304627
0.8067368406259225
0.5669859066383658
0.9770882715101823
0.6227470037025925
0.9594463529043352
0.5545348808508017
0.662691853673674
0.47953608403779274
0.8073714914558215
0.8836479309554047
0.395214991937447
0.7893158662630643
0.7921555097680076
0.6847613342255907
0.9556260857466323
0.8795685744127947
0.6502034510269845
0.3696655258767988
0.4769383830310177
0.7768451018406736
0.8860845933209851
0.8529896400500989
0.5307322408088218
0.94293887959017
0.3901459141486392
0.7224556598754625
0.3254555905735421
0.5473813123771959
0.5663238340724989
0.5638892729587278
0.34475312526774926
0.589930194722118
0.2919753299634047
0.39055809463436497
0.5023334672141826
0.9810979898645726
0.7391351376906621
0.4060930469099536
0.9567824480954052
0.6333966613552128
0.7116272883359712
0.41751703666760037
0.9354786804213525
0.44370469640804494
0.6706548392783925
0.7909869132265193
0.7217232422646158
0.6018657921299215
0.7104257469424725
0.7296692174390395
0.7955031323667989
0.3974172165481496
0.4036347440326899
0.6507702789413811
0.5674424333590221
0.48115894481961663
0.966085812075468
0.41495657555329557
0.8629833832432329
0.4223040566788769
0.4358052236055015
0.5615079227472247
0.43115146188158804
0.47630206362077393
0.5059223383809952
0.5231624437331874
0.5376155158576847
0.7457295670057773
0.8876053191556216
0.8070180582680262
0.9892275750281987
0.905229915276488
0.5630064974560771
0.6068993324611007
0.8647507655188882
0.6346651658257553
0.5569218889930618
0.5789347010622585
0.5892423129452631
0.5424440200658698
0.6057954043996062
0.9469031554649077
0.5057064794652626
0.7412072115890314
0.5836076328419573
0.5391241586004444
0.6954131566908283
0.5227243728546018
0.5562614541487125
0.6089298046368115
0.9040962515676949
0.6710711898095454
0.4590522102048468
0.3456607253956784
0.4756477930548918
0.47521933150328627
0.42299027763585884
0.7857331781056616
0.5542619237443408
0.3947773626867689
0.5285210866116453
0.6266714067197392
0.603067858287075
0.6247632144289872
0.6556094185899287
0.4917173896485254
0.5714823585811434
0.42506886609894695
0.9193729529513779
0.8489686233522792
0.45660727791319844
0.5263150593544719
0.4866222777491855
0.49981897387807367
0.8172488288729722
0.9825979583851807
0.4457181391326323
0.41834099037772915
0.72304519392601
0.44516881674558373
0.6725785514633305
0.8094247692477792
0.5964799280385364
0.4341824450189728
0.5385161705822346
0.7590173094033902
0.5010794645626216
0.6645098444807569
0.5211195730393837
0.5859803750409265
0.43034583311631197
0.45302409068762206
0.4615115480296005
0.5974070377024014
0.9719047230804297
0.7056223324742695
0.9341955437110937
0.9541270754298034
0.9534509261337974
0.8030106461717431
0.7485718573097314
0.6830887500884867
0.7756699752047184
0.8872725988370924
0.5728680932648094
0.5138433125720671
0.8597300405393218
0.8720480899061901
0.9601318057305386
0.5649214073106917
0.9869885962795522
0.5609889510499916
0.9524334949004151
0.9561378338797193
0.6630263082969021
0.6046508902929105
0.6653960068578276
0.588738963055656
0.6384471686703562
0.7225354463332813
0.6306109074583367
0.6691005472569034
0.542931628412337
0.688551441798531
0.47937217811951144
0.5324874118542747
0.8562360727127493
0.46992817012697363
0.7223590630760386
0.9116100487236662
0.592911764972706
0.7233026101483021
0.6234950841349941
0.4678213078176128
0.6497339672725181
0.9419088154767147
0.870652921975276
0.5401773628749613
0.7135587728902816
0.7807981111007772
0.7515592561317687
0.48475740344019763
0.7221578227667377
0.932906886170467
0.519791537092441
0.7619515740236218
0.8903197940390388
0.4940993269284796
0.6456235041220582
0.8773122175912613
0.9708198315272472
0.7471494761615292
0.8136343077184794
0.9483269777323029
0.48450766412583807
0.45365892963537363
0.41365759914038935
0.5650533003734615
0.4835991700808611
0.5070520573357008
0.8663399740661734
0.9534932938174203
0.44155737217918983
0.673048409799843
0.6417089288654159
0.6649078893035135
0.8916543802292873
0.510915016953737
0.4098554740017265
0.4366219835650074
0.6038219855979292
0.9928454548101177
0.9266262586575863
0.989275281603458
0.4987627549680884
0.7130244556051973
0.8320747582895941
0.7252689109877799
0.9356615101677896
0.6020566453660617
0.8438337928905721
0.9303235981359946
0.7165469669241289
0.9562886346677826
0.891097513618249
0.9582920097704642
0.9828118366776478
0.3119108083195256
0.5481005966162393
0.32910973890478656
0.347117183046609
0.7186999187750939
0.25392736605071836
0.9258077711593473
0.9430959351126945
0.9372870092457859
0.9842707712030445
0.34534077125954526
0.8390877646394175
0.8237192969719872
0.5494422552293298
0.9695828417675229
0.6046698042136054
0.9010466102261896
0.5519897471479518
0.852694112217381
0.741739792073277
0.6805008815046951
0.45013183981014865
0.6372543294089574
0.3570341583683649
0.4921169445259528
0.5716808425922798
0.8540566605370822
0.35527513743865224
0.9229961590259967
0.8063809441001433
0.9401595849037625
0.9053872069279163
0.9391732050638437
0.28396433615888894
0.3338699467201611
0.33272742154972346
0.9002969677921404
0.40498496526895084
0.3396731829800188
0.9857607948455327
0.8039099633311245
0.8051150725259026
0.9908408379958382
0.8372850775175719
0.6624326729304797
0.6259464597854758
0.8527516842138941
0.760254940502772
0.5301546475021448
0.7546795607774149
0.6222991787959719
0.7650553772578516
0.7051526571191262
0.7413621849875436
0.887890953330788
0.869393072089999
0.8842686589495339
0.6576461429099062
0.9303384394271726
0.5141007180209887
0.7157134345321221
0.5118466339601805
0.5970060401798926
0.7209212807926032
0.9571872533998265
0.6590458299856288
0.6015743502909909
0.7530254866539742
0.4705634192741464
0.5336072559141745
0.5140476386004178
0.5495440308096529
0.715793111320132
0.8078069458749317
0.9174426894927779
0.7004882526000771
0.6893901863653327
0.829744067999386
0.8087875221424146
0.9230420053708971
0.9150394444881913
0.9572472751762744
0.5863836675565092
0.5726370904310124
0.9446535805811966
0.7536214570470646
0.6103045788736962
0.8035940081755306
0.9784034434062601
0.5965400105683802
0.6065391342445922
0.7180660433348125
0.6096759028026613
0.5836539627903201
0.6126913034921317
0.6462031267500207
0.8885862154739931
0.8071816104583304
0.5927843876587505
0.5633766492707333
0.6470522073901228
0.7050762952838128
0.6589829860290126
0.6997210154457484
0.4662258994645865
0.8580306730248999
0.9573423151378139
0.8486391568200781
0.7751596798191291
0.9863085730380277
0.9942732095428055
0.9015507156214622
0.9952966325840301
0.9545061209978096
0.9207436181955971
0.895429125619589
0.8118664097378799
0.9046116527123634
0.6947718618041979
0.8077950443742987
0.7346895857290963
0.9862790964569584
0.8214611840239441
0.831186917565907
0.9361005133470344
0.8361055841417675
0.7905840131736978
0.758630705424403
0.9518249040784185
0.7773278079853504
0.907790020004196
0.8594877181257637
0.5711117358166931
0.3740538617874568
0.7520005600276112
0.49742277341131347
0.3632611508764311
0.6546026506391918
0.8989722014855421
0.9800896811055603
0.7821880016052387
0.5565503579784038
0.8686318706276384
0.9927724707790372
0.7800784452414865
0.6631372390529355
0.7193654864625253
0.9771425091927232
0.5664474391971625
0.6134435175366982
0.7508024311873718
0.8826445773232233
0.9833854071851293
0.8809602323142403
0.7102641678851394
0.9463966774606198
0.8018895052155998
0.9413995000046167
0.9803162969540765
0.747415872451578
0.9161912804420268
0.6240819511740673
0.9654378809901125
0.9771868311388703
0.7361378951038495
0.5744813769874119
0.4109259428034068
0.39589675037622046
0.5499999204801096
0.4217672581078883
0.4906410007259752
0.7060472506895684
0.6219819430008556
0.8377435106107336
0.5652235893250889
0.6202214463547432
0.7980869918403263
0.5717730654210479
0.9812645674493441
0.7603756653714396
0.9703377491376973
0.7300038228041696
0.5794745354058617
0.5297855649828229
0.9181189579010809
0.6202811930519244
0.6030966384102983
0.5911688099158074
0.7887349834159119
0.9830881940420931
0.991331018488152
0.7776375335992571
0.863922945038307
0.8391940436335926
0.9182903092170465
0.5852772373775873
0.5440595761752991
0.8220166105877407
0.30032035232799414
0.35862840098842197
0.6569612604384395
0.5034762326554634
0.9245391469400626
0.24646660113475108
0.710540427475878
0.9942797602948877
0.5124153698787792
0.44622624777972425
0.8829631610260659
0.4308941334555977
0.3403773592453405
0.9201406526743746
0.580586687663646
0.8866110037973869
0.8541166462591094
0.413256783851878
0.4954459232173446
0.7803748814444323
0.6976332940196842
0.6680476500677378
0.7824374154587282
0.7313663934118381
0.9192392849372355
0.710174321927594
0.7286746031379712
0.8785561821392599
0.9947633499457424
