0.904000143686646
0.9847211600242085
0.9525417912071584
0.8897478973819684
0.8947893869667246
0.8766640650233606
0.9237579433338402
0.9051724785645843
0.9011746665169839
0.8456566707933425
0.9178368627285208
0.8853027657689464
0.9326899155758532
0.9511878838651461
0.896463561556957
0.9454856357691236
0.97703323644669
0.8786105123749046
0.8632151233235295
0.9022953334937112
0.8849838399065602
0.9078803567997494
0.9116019295269784
0.9079571137103685
0.8859829146288
0.8990731132483676
0.8971170494721514
0.8764389866739882
0.8874085408610568
0.9583411828536426
0.9196471853533477
0.9648097495428685
0.8806955679661017
0.8848631992086275
0.9918073008233999
0.9600858951821393
0.9784579452701913
0.9809959335385801
0.9420097630486233
0.9705356784242096
0.9766117834514514
0.9354946863549584
0.9776172818898191
0.9817975501762496
0.8828411672872055
0.913182766997802
0.9066395088395227
0.9697412325427712
0.9144019769583831
0.9305050190338994
0.9533284467447477
0.9176132807344518
0.926159044948643
0.9332259788492725
0.9221945658804387
0.9308208367589413
0.9825988474810434
0.9604410049466212
0.9926367348213511
0.9962015682308064
0.9987458601011503
0.9918046686753281
0.9986491902054798
0.9528464671052574
0.9817022595510547
0.9988348095138644
0.9650648604472339
0.9980661658276313
0.991603821608435
0.9979486259842735
0.9985422616907697
0.9739433402508388
0.9972999241784907
0.9959022879654157
0.9704281856126226
0.9996344297989018
0.994429342615555
0.9433263365820838
0.9534969731226711
0.969191432174743
0.9638886625749059
0.9215491077224852
0.9224545251610984
0.9114757229113212
0.978568012407952
0.9970960821103576
0.9930894413071377
0.9510481298594017
0.9817300300060344
0.9985037697717455
0.933103425370588
0.9188115784406576
0.9354244662905358
0.9742560073745254
0.9851048795150268
0.9555493279414516
0.9176955120650461
0.9250791578426776
0.998266414765644
0.9318012670758355
0.9631059752443546
0.9200706793469693
0.9474408968341241
0.9219789940183412
0.9252060496996591
0.9724727755618816
0.9970720875701391
0.9665769391067859
0.8840832810410214
0.9037459653351156
0.8641109058888249
0.9452263494672946
0.8544380485438844
0.9243868318436459
0.7746035652005447
0.8366684727170899
0.9126464342792708
0.9460594421959582
0.862739717905094
0.8987459848483473
0.949535675707869
0.8893580164674725
0.9703010377450685
0.9891963510107431
0.9583342463787965
0.827663628882901
0.9821975756363079
0.9572981377721871
0.9970409132048004
0.922133935787164
0.9858478570776665
0.9293000970923065
0.9890223048950322
0.9036540432102768
0.8334460641964294
0.9967606291854164
0.8886822147918996
0.7957329558554133
0.8093661460513517
0.8251927874999375
0.8274969778482041
0.8267818919374973
0.7976830860802998
0.8339311346588218
0.9114477337778449
0.8198399717485788
0.8623587962504949
0.8063883677160437
0.8738150582819114
0.9599724998631518
0.8186391032728049
0.8020896176317537
0.8132053489659993
0.9470180604066942
0.8542769323972361
0.8110821089108354
0.8415117647661594
0.8066184311116001
0.8973595078814919
0.8309327030143633
0.8611434570294378
0.8592377852465115
0.9466611236009813
0.8689200584967569
0.8240814586801949
0.7956951396736625
0.9144613854381555
0.800206509974396
0.8124688784663789
0.7643733696926733
0.7789191570264469
0.7585365797518013
0.8215355355791313
0.7768848384268117
0.8007456571711136
0.9621823421292893
0.9764776281926465
0.7684682750009811
0.8931663247766349
0.9916350266307854
0.956482193185934
0.9656563028600774
0.9915785576910507
0.8475057227852906
0.9326768188478003
0.7797628982235317
0.8805652090102668
0.7833550084458198
0.9650659960193075
0.967847204134783
0.9577023764724868
0.9309111745449705
0.8612091975048596
0.9756010428851557
0.985608867330784
0.991848263005979
0.9967399645802227
0.9970391386790639
0.8014184273233688
0.7589892098727622
0.7836407695683059
0.7882106747073414
0.7681320514474602
0.8026676252125985
0.755298439444941
0.8217062485808573
0.8211615479597565
0.9481810802507021
0.9750280983097949
0.8621817080405678
0.9297039308124052
0.919238035071049
0.9104752698780882
0.8214107971016399
0.8320454594151903
0.826850079945188
0.9434690324536382
0.8541145172755432
0.8271612858029436
0.8064976809125581
0.904437710320566
0.9659902572723806
0.9430580648877135
0.9740191454666725
0.968066129822891
0.9134505153417
0.8872891830082382
0.99870874174982
0.8980408796348229
0.8955488548159921
0.7615301825566335
0.7245567075996007
0.7444318268290278
0.7607894265867882
0.7956013510513986
0.7447294075639362
0.6712817051399775
0.7438296343610028
0.8136290840501645
0.8315322752201332
0.9644732836169225
0.8123630198137181
0.8334567322326089
0.9431101227999582
0.9891953744551127
0.8505305990343964
0.9968772452837374
0.9880500372648434
0.9974703675152389
0.8266291995456446
0.8421978283097559
0.9879318082376111
0.8159996661595349
0.9211588278984482
0.9435502589075101
0.9182411214271919
0.9416329849744918
0.9823339831309548
0.7710891898441331
0.7945317124889434
0.8065454861537794
0.7511939446090766
0.7328429422171465
0.8001662796555902
0.748673061947314
0.800451919254877
0.935578212865778
0.8086510235918177
0.8247029425355635
0.996589663806122
0.9173477877618589
0.9961432370035073
0.9475453362096373
0.9308348461095981
0.9910765712593187
0.9931867521765348
0.9885593409793555
0.9045903022951082
0.9603006004159569
0.8365325487642705
0.9604703717992278
0.854864402456676
0.9987306318148469
0.9981252269683875
0.9202123640217746
0.9837813810799797
0.8792494994487807
0.8827668716304147
0.850764973587258
0.9963243316846676
0.9426118966064148
0.9930101177926436
0.4849314033771286
0.7828886875482797
0.5973419888694333
0.6674280294243999
0.7900040471713958
0.3493322961185146
0.5991473052302989
0.587984396983599
0.9498573087999346
0.5447823901592215
0.7221491104542058
0.8170007877168496
0.8544261898374479
0.41344391208476056
0.8291452515249524
0.6632035970414119
0.5783060204507842
0.8585011847277384
0.9521555255448538
0.9784367860329996
0.41861468474181696
0.5390192205411989
0.6111658461036651
0.4258687909747475
0.8077104137117594
0.9514485696821101
0.8857324207391349
0.9089454843149
0.45914367914284754
0.6213206544012579
0.7443811247136455
0.47265399999149693
0.4790438953350724
0.4906116724260535
0.39684518538935487
0.23936704569716924
0.26943354411131165
0.2729167198878297
0.33825782671702287
0.9120035410521056
0.5684213169867285
0.7461276867291121
0.8802629463176822
0.8281820444026987
0.7107717223370386
0.812844268321573
0.6501801643952955
0.9971234515753721
0.6074288468182492
0.48042372312100196
0.9654955070900533
0.7328724164098586
0.871946935085576
0.8410500950779985
0.6472321216024872
0.7740640256030181
0.6147551374602795
0.49263940764400926
0.9019013405239896
0.9897166972159713
0.9965613853499606
0.23479495487473154
0.20691185104029017
0.3002755325111239
0.15023930922209086
0.1558250828939944
0.3622132154881116
0.14952173265149585
0.18198488804387694
0.538709527030161
0.9892088303685043
0.8217526306656187
0.767169335527287
0.6646812027389467
0.7304685906083839
0.8519822993507093
0.3503283313431056
0.7942524840028189
0.296633107084646
0.9899905449710392
0.9727402498000778
0.41997927858834505
0.9907813644427611
0.9757548617186423
0.276304635508842
0.6875263519844399
0.528277417498598
0.9665771609703946
0.2481211161274406
0.825963675097479
0.8388637201406901
0.27787420198710905
0.6380297084605108
0.5453222693740899
0.5405284669680979
0.2905472665459624
0.2623817595059094
0.49692890649227145
0.3280127838165692
0.25424485908829764
0.7286764485488575
0.8315240050633201
0.8019828675813054
0.8548278795114674
0.9534509670640151
0.905157866417342
0.963828282992411
0.8304563308260602
0.8975862736043768
0.7905760627693529
0.8318450133582851
0.6276326355191908
0.7994907208705235
0.9914305897454063
0.6856347954355506
0.9344389908949521
0.8066031171807954
0.8689549761648482
0.9904489291596188
0.7172288663934018
0.9598142214986405
0.836271622490793
0.716743451588961
0.9558698274457169
0.6489280857708607
0.8310850050946745
0.9536612390421026
0.7331551450246725
0.6021562552073624
0.5721412823409414
0.6905532961594993
0.7246390892787041
0.9479028769893463
0.9195746033425045
0.819183327597054
0.877116017614941
0.9578632251042581
0.8549070234524372
0.9456988556995806
0.8023744392904126
0.8957544645710362
0.9296674093530783
0.9449204016860892
0.9876345296261191
0.9967102932863213
0.9986627906665461
0.9129234023216865
0.7924988550237035
0.9152108099170123
0.762604728453643
0.8644999987870347
0.8608684732791259
0.9655787563820124
0.9729323729502687
0.99650650848846
0.8273510426966993
0.5606611019195328
0.6954878932368224
0.6314636792207242
0.6280213609397027
0.7993827427366104
0.6703919426441519
0.6872515768089179
0.6349057618849208
0.8151236080986518
0.7866893935336592
0.9568542501447203
0.7459221020169874
0.6957456744537877
0.9228855236935442
0.8485548251262309
0.9419476658968675
0.6986517160370443
0.8161446034883281
0.7217734787070927
0.8071010271100434
0.7938758332510437
0.7138772825336508
0.9201708300533791
0.6869166561682419
0.9538415297911019
0.7223810614487653
0.6744258351476107
0.9161364375416914
0.8011316623552049
0.7299140451957878
0.8315585944545949
0.8006108633773554
0.42928601783463904
0.6295697812345149
0.6065751283580557
0.647079485442088
0.4328629611696691
0.4569972150209335
0.6100250496831301
0.8313137647150253
0.698485822176487
0.642121808571107
0.820418727129568
0.5560161363829088
0.5862310894329896
0.8092477181371386
0.9839576458713226
0.62425810704752
0.7237788403727851
0.8724572678910898
0.8630478729747534
0.5852167234947063
0.6352834976830578
0.8328706849645434
0.8111648055326957
0.8485594220450258
0.6845137670624659
0.7043751387976946
0.7874580581393731
0.9861849325233369
0.6616584364739702
0.7225415153293124
0.7761492506892542
0.48689332088785986
0.6563018109949036
0.3687680487805791
0.6121990119810579
0.2588260864455718
0.523931486941155
0.34080261422399716
0.5499788125328052
0.6427182419256101
0.9721356070580651
0.7939668751312585
0.7465645694904326
0.6141292567676256
0.6676129584076135
0.6001707855247463
0.7871678919258456
0.7129075856063776
0.640332018182993
0.7062362556460305
0.8384637263803136
0.8286390828365087
0.8530565199708655
0.6438247492799458
0.995081594282604
0.5272572235986654
0.9850310394275748
0.9819015769065215
0.9791062667209959
0.6998106052964354
0.5662795615168792
0.8237752396179245
0.7260405060532165
0.6949267795883435
0.30348244436033406
0.8043675594668283
0.3445939273800967
0.37090756616509823
0.249827891228695
0.33747361332423814
0.3545941150483773
0.5629697474398134
0.5729279787072277
0.4399434190153445
0.4335263191543591
0.5946693916415825
0.6262153408493626
0.6401609714855979
0.530750020379635
0.4819628830080219
0.5412922153909046
0.41952521129928444
0.7136044675788863
0.49368830646083034
0.989245756869148
0.6714820732492459
0.6186520547920762
0.5082728321940606
0.6318541117947205
0.8237073928589618
0.7294239329962819
0.8824496861439672
0.62041171785265
0.8112031503460125
0.695755914690018
0.5819088835853979
0.3174187450519173
0.31197215867100403
0.2610377660822248
0.4209837761114261
0.46231275823370044
0.3353022535864717
0.16572209742344485
0.5194940902004992
0.5007336492983202
0.7974944559985992
0.7061641584013695
0.5830699151490212
0.6262198845046956
0.7938831411452414
0.9859079791557315
0.7242565039411302
0.4370036529655282
0.5764048942061687
0.37680200332170644
0.5029419269892286
0.7964328027955913
0.4910964838875505
0.5050664645803102
0.6236789163583134
0.46521123792603397
0.6364733524985958
0.542479043940805
0.6108062870958665
0.5938304226795876
0.6860468641154883
0.4576547092784929
0.7252368100555823
0.4621865630019727
0.6205807616249122
0.2814051040162759
0.3107111363197143
0.3005526347798339
0.3060672672442122
0.4692955544139803
0.5606146561486989
0.3559990997198013
0.809371296996638
0.6050273251319302
0.9444017437328812
0.9405383325348274
0.8615461559729296
0.7544105313948782
0.7562134294854698
0.8219112845660514
0.8423923202506155
0.677246541139344
0.6847976452549331
0.8001847090293573
0.7659316552970765
0.8551115746823656
0.5780094188453012
0.8782078494987849
0.8454943252672282
0.6098047299446829
0.5282287785820333
0.5859823956957444
0.6340164174121767
0.6925083190129442
0.9042245925583878
0.851146265783098
0.9343603095100007
0.2643327740089664
0.36202804634486707
0.6542699961769063
0.1640926183922629
0.39250793311572885
0.38037482077640655
0.23508235205749972
0.38886929930807584
0.24283002516756902
0.6810157430984675
0.275713219809337
0.42543445854568834
0.29871761476727043
0.46939055209243974
0.867722140940139
0.9668838987078174
0.26484608810218047
0.29114297706880926
0.38349737688433594
0.33977125683450093
0.5135099610668733
0.9606605455527628
0.7579657540734782
0.18870479661889128
0.39385902178215243
0.9820815453433752
0.716582681331825
0.23447962304457154
0.2109797094678324
0.6097053200564795
0.40250972867736967
0.17247322227863277
0.2373507743651573
0.51072924253328
0.07967896514582526
0.1489023834275484
0.1454076999917323
0.1171674360396381
0.13209782678942864
0.18695803087522728
0.14498025294343822
0.16741863914321817
0.6673392645389511
0.9563277367866516
0.8062331874903379
0.5766251169716603
0.36584941298569285
0.7190587651484209
0.814533616434201
0.9146730169642582
0.9636895895474834
0.3545358406163714
0.8990836000650466
0.8462785457015469
0.3350030836379465
0.9840309907691418
0.6387192047033854
0.5243556449501895
0.5086459607074433
0.8607993144289178
0.7634785914086577
0.42312531125545133
0.660624756796477
0.5474417683017654
0.4899119545039749
0.9865474498555163
0.7068438184240078
0.32699852836443405
0.3304843077938209
0.29816196703628073
0.31465960549346894
0.2906530026021491
0.3250820301753525
0.25221319690867455
0.28909640776915896
0.2645921321230134
0.9043374037272499
0.29583298892351145
0.22750962129314123
0.7170345663882808
0.8035131032152859
0.7839820998651842
0.8057402808379357
0.9494334883475967
0.2924826333610972
0.8491412332390236
0.9949515587493155
0.26648394136199544
0.7957031727096028
0.35638166490754447
0.4927580721044205
0.6592578964834548
0.6030046580805293
0.23386918823482686
0.23625782988467328
0.30456660364465854
0.8341633995041958
0.23857816852568228
0.3445796621418962
0.9161757484247574
0.4390275297085912
0.4430948415557234
0.4684508279289071
0.2575690348617229
0.27362151300298493
0.2696805954853303
0.48779460376134337
0.29853160461157
0.3985312884277508
0.7962830542854092
0.9719337927549682
0.72411287781967
0.8850519635601938
0.7654587305582851
0.3975082845818499
0.45849612937784234
0.6421874860776484
0.527324381663899
0.5553587331016037
0.5051053844341806
0.9941919874870425
0.7865916052025755
0.6494071563263469
0.6276823146215381
0.6225347905425533
0.36985493535542574
0.9926121379656555
0.49342316747875936
0.9015629735851374
0.32352862115351827
0.5711509402972774
0.6693988695323186
0.5916175802200923
0.3108194164411888
0.4341361212889169
0.40337470560750327
0.447317756938051
0.34593410430169763
0.500505639620915
0.3655727769610427
0.48499993692125715
0.28769213770994023
0.7863738898765604
0.9450050879794001
0.5722948748725629
0.6630427944284184
0.3978570459841059
0.5785683999115968
0.8546675475155212
0.6402926515961834
0.8714389055316787
0.697044176877507
0.8780828377076942
0.780765801024213
0.8292003445670412
0.7991232787769877
0.5009569059970039
0.9311025874397845
0.8628004544999328
0.4627055226684052
0.9811183879942753
0.4823234704507637
0.5786506187631806
0.7168910831741545
0.4635154692969624
0.5383109695857764
0.8528676943877398
0.4322995452854081
0.5853996566476102
0.42735209181629646
0.4629164618577056
0.6055951618547972
0.48647176541477183
0.47373633316339037
0.48253420384479223
0.8169126940735746
0.8079158387737254
0.5568929387327911
0.5485058008989225
0.5625620077908049
0.5583663871828927
0.6271084439306277
0.9192654067350032
0.6615860761351074
0.5671487185209525
0.8529418772637735
0.9484414062249276
0.5711042164098348
0.5308074709998679
0.6408797000193276
0.5537663458666128
0.6241490631062838
0.9559931899145688
0.7712003104026584
0.5431482010765366
0.5534088811844038
0.6859092413871942
0.6898601170256558
0.5473937578934791
0.5930229544311859
0.3755843930977677
0.4558150682872388
0.3403313678508263
0.35354043580237166
0.7497539013407448
0.43821381364873085
0.4926303773920696
0.3745359901928757
0.6674322803806982
0.4596530008086143
0.985176146594421
0.719513716774387
0.4695253132279535
0.5567941844880516
0.5337454764273724
0.436445273597997
0.7577987251811603
0.4853447454416101
0.7557484729873303
0.5352751306519383
0.46621590813081526
0.5277386232808624
0.46546559129864
0.5302395945814914
0.42743891062782785
0.5153375177583782
0.9857028913510524
0.5631598124438129
0.4271267182121269
0.96832417557223
0.6653572089941899
0.8347457075643504
0.5954009217272225
0.4320757049340968
0.6388079180383789
0.4682155329184292
0.5405802017186244
0.41486283790232276
0.5224722744057156
0.5353054132700802
0.44237360728987835
0.4482038458308674
0.6360271531508395
0.6684668343925734
0.5175961294855007
0.5580075153656465
0.9012048167075168
0.685181901408661
0.6239126145452459
0.5813599672744887
0.5527839501737334
0.8779336035454033
0.5006761995141773
0.806990204391658
0.5079134827668746
0.6850116129064766
0.6599219694867123
0.681266456304827
0.771066244307932
0.7750470505011158
0.9918854894525556
0.8941328099099545
0.9804960008318365
0.5727924096543084
0.7054525062714654
0.7859366684737584
0.6361437313046855
0.6502207676292345
0.6131548613712114
0.5967588432628044
0.9627287323244375
0.6751012382437688
0.4812852221137576
0.5385717132089957
0.6552198295425958
0.5899474628267837
0.7943080906816548
0.7958928731539795
0.49064930688280495
0.9240760036940975
0.6211060406133053
0.7768293903255868
0.4752274220562568
0.7693727252480224
0.7347769381020142
0.9888517017577239
0.4860756186819524
0.92490388314319
0.48356245552221555
0.7148447354343196
0.7055082101086129
0.48917250739806306
0.8153837641451487
0.9670472770436703
0.9278840506408341
0.6185296370975725
0.8124488911571754
0.6783572868102157
0.56244540622229
0.7145793804988063
0.93476998277847
0.47449720261755124
0.5306787302606443
0.5914157349749567
0.49051255744743283
0.48464508020477853
0.6051638384834551
0.4771284837432351
0.5023752376063249
0.7765488356507092
0.8364615889003418
0.4493018623102461
0.930005281329581
0.9312162685563691
0.4965892158063666
0.5401461928477959
0.4897947330256133
0.5815492641538769
0.6069609604116426
0.5430702618900988
0.6914377721649602
0.8284685918242505
0.7874282769381709
0.4904512598312095
0.501114684536185
0.7849070740289491
0.9298371687381902
0.6051886914321382
0.848785148554819
0.7369074614253568
0.6998087927712482
0.5270762360690107
0.9241178430659314
0.5723361488662557
0.3912655417982895
0.3740916996829119
0.2476949174538808
0.28917383701187865
0.7553976389326966
0.39160578839328714
0.5011269394123761
0.4103171961714312
0.7149893411440128
0.41977199316348945
0.7513847230084523
0.7444964290848731
0.9908158240773595
0.9367152519880735
0.6623967625426265
0.6833716033816312
0.9889442566901506
0.9388145155778953
0.43137350451305706
0.6384686979639286
0.7972497231266245
0.6122637905908184
0.712823143483329
0.7253956271202494
0.9704484852319674
0.4929213778673727
0.8119006785433104
0.39326091375162225
0.9505554976168081
0.42386403650527643
0.4557629842565302
0.656443014445012
0.7854814976081793
0.3320425464447324
0.33743051201229113
0.3338158077690394
0.3587438260697273
0.37484585895848693
0.4116198675163989
0.3286622005954533
0.3524733000551829
0.9829530102552676
0.6926230608998654
0.6516359354086179
0.7606877043294455
0.9356397804625719
0.7703058448218018
0.7959169310769466
0.970453404231074
0.7266917081455634
0.5030509165055711
0.6723215847681736
0.8576833662127697
0.5641159559671305
0.7242390580992111
0.8098539871689687
0.9729169443161401
0.5961434212324611
0.5514903891725959
0.6968414863688385
0.7211251674313109
0.9069813399913733
0.5613908654400223
0.6668428431464676
0.660756028894302
0.6786846229023046
0.5177487264926613
0.42655698726280644
0.5567357706287596
0.6097344096472832
0.4806321158844692
0.5647905075272471
0.4959310005787821
0.5362971439373639
0.6027877121803826
0.7112425551463831
0.7856358552212356
0.5700978159166432
0.8514388260685544
0.8824463634359702
0.7272631121115789
0.9670109158212592
0.5591432126290526
0.7465522975826121
0.6132933721206761
0.9821097043135197
0.9081109953687021
0.8452407072818736
0.5901085833539277
0.8081324118705798
0.5916368023887667
0.7730831948161965
0.6129742095369738
0.9325027398118854
0.6075548494600217
0.9869012278556624
0.5657210031441714
0.6097784061498502
0.5916301675407348
0.6474405110623094
0.6629033969756623
0.5842203491428295
0.7062170478892879
0.6947449620883906
0.4953567496353359
0.7112635602105328
0.467389008585189
0.9042043713374639
0.8247622514659756
0.9635788480335651
0.7888603625315732
0.9833620620850722
0.8831662851645242
0.823723140678297
0.9740317660816946
0.9916536491405514
0.7950212655463704
0.8396095754484215
0.615414479053027
0.7132105159575998
0.7818376961977332
0.8947326524114814
0.9827097806310513
0.9087426950152662
0.7462448549470925
0.7789113212462325
0.7020343229785905
0.7026637293251933
0.7560723095222319
0.9045062406062997
0.6571104701488901
0.926747504331204
0.34228058539578066
0.4516602509276351
0.7036207180137813
0.4034603911509327
0.5220466772243628
0.8986328051486453
0.42911617968539545
0.388934847098552
0.9915246978125378
0.5763044529314197
0.6155603257293878
0.5576486518120108
0.5471970533230591
0.910218029567037
0.6883230072742804
0.6340164286311473
0.7422244096831693
0.6277374462293932
0.7020127300466523
0.8188335678423765
0.5617382110860815
0.9201510502539882
0.7447491072905846
0.6889408898855621
0.975430173363967
0.6974020159981705
0.725953596010821
0.7754750461435855
0.7639045528215375
0.8165048000337762
0.7162291814242498
0.7061497341659299
0.7747456954803099
0.5294572281504538
0.5027165394664824
0.43237812900257167
0.6835037318098601
0.35740207670433616
0.4762042013059516
0.4372969451269346
0.5448920968843054
0.5938647720317443
0.8587948409062433
0.785265415363965
0.9628473697912278
0.5511658173008326
0.7684219785584838
0.9842542895431181
0.5850033043587901
0.9064064212131624
0.9208296396679087
0.5639814970396438
0.8889933212402951
0.9359232252917337
0.9091321034773944
0.6099327572959939
0.953030143087165
0.7708700096386337
0.5439242396354022
0.5663780420513265
0.6223046755304441
0.8681557807897707
0.6972736965828775
0.7008908353770633
0.7762848737003095
0.5640539860984776
0.2507769593443158
0.3843920027049946
0.5888371020044435
0.496138365566252
0.6091292893670043
0.2361306222407515
0.253903016301856
0.3102819342774165
0.9306183458829572
0.6243800629166582
0.797626085826219
0.9704558680941386
0.9751309926374278
0.5869806075629692
0.29418759868480804
0.7590196327702923
0.5616435179940245
0.9902010357716795
0.6039411839287896
0.5885326018392887
0.7605733018012549
0.993825625222492
0.8055865831908525
0.8333497718700942
0.37107269921198216
0.9691871461121274
0.9885946002303909
0.6324965898156613
0.9341685174461066
