0.9345729106716714
0.9647399077687093
0.9167716940537002
0.8907491210508369
0.8759030238764989
0.9105445453711443
0.9474807888444172
0.8717304210103207
0.9013884820475278
0.9108714618048286
0.9068137137769772
0.9425699178242677
0.8730051891447849
0.9183448735802449
0.8545800468407563
0.9928728258003571
0.885580753446164
0.9957653583739168
0.8778845573475228
0.8712344341283291
0.8818084139561084
0.93900965174015
0.9641331398761407
0.8964284092080147
0.919347812501734
0.9090958139091403
0.886447742027889
0.8499733538786677
0.8800292921073192
0.9006341237679824
0.9806437755354609
0.8828554145217271
0.9490188278336047
0.9987759484633016
0.9239021099333363
0.9906941504141317
0.9858048122160512
0.9207679937755635
0.9211011118004467
0.9059833538598504
0.8866613542793318
0.8817958088466339
0.9337434618688669
0.8918859794849939
0.918648913535483
0.9704062890016824
0.9716783133559539
0.9251531942504276
0.9170144442608423
0.9642981295175448
0.8878925263251336
0.9980370087161323
0.983892265319912
0.931134421414491
0.8896831158689504
0.9118697061011151
0.9959074311377976
0.9672296135162272
0.999073902053754
0.998043372037456
0.9775739858793013
0.9849372006670783
0.9993509440263751
0.9568835108725051
0.9829013288044042
0.9957381717113867
0.9995775050419
0.9968893443092889
0.9812700726300239
0.9980488510531098
0.995633064806166
0.9610819958172245
0.999027665829658
0.9996322511597325
0.9586656009072653
0.9957824018352873
0.9850204894230951
0.9985404386500891
0.9899501749712604
0.9828937811213903
0.9984000688900837
0.9867929642387958
0.9350935023328543
0.9668373041450554
0.9810605737740232
0.9856730663576188
0.9421404009944632
0.9274863602823016
0.9451944744026903
0.9241439617535495
0.9785264977997775
0.9496818157293022
0.9521216243276146
0.9643003146421534
0.9604906171672059
0.9642998630496681
0.9994839393551362
0.9934275618120505
0.9997333549484763
0.9413903104093689
0.93731292290047
0.9226038840907621
0.9450078914123432
0.9936534246558467
0.9824195850013612
0.9915926351838004
0.9246570457980255
0.936044948316427
0.9409869099242307
0.9224937066318661
0.9749344132832037
0.9456228597756366
0.9186829670491002
0.889271453558627
0.834943601481278
0.9552892619616434
0.997822454858642
0.9890560827775029
0.9739332657136717
0.884831558989291
0.9242502071802086
0.8832880956199409
0.870254221061017
0.9326766835027853
0.99697512243038
0.906891104612873
0.9099222820678933
0.954651014700418
0.9578167305729595
0.9529828646600069
0.945438824093146
0.9675862931267942
0.9351974937654783
0.8766984613596598
0.9939928418092748
0.9401630528531536
0.9679058064634554
0.9562363486217109
0.9720898231056506
0.9400552457741356
0.9487706495850653
0.9162337848297157
0.7128169512497821
0.803628950584196
0.9006526366852307
0.9026387629819866
0.8999841620966064
0.9390809026098837
0.8404215663466067
0.8319794636666423
0.8821806312999759
0.8521058106799791
0.8026424844181804
0.9959334248396342
0.9093005333146428
0.9605789801632636
0.815075301052688
0.9968180446486943
0.9211006043752537
0.8028110034550235
0.8190933985161062
0.9382391457282875
0.9944081902684595
0.9267649557934674
0.8709253571758467
0.8857625588357316
0.8670155275653844
0.9731572199748683
0.9436089318422803
0.9799548045848726
0.8083699347060622
0.8608826978103716
0.820967851884457
0.9398273461222074
0.7889714506056056
0.9761340323412298
0.8467721435920958
0.8352003403230556
0.9413099365787765
0.9024910576051093
0.9732362063402318
0.8777644629557673
0.9078907369695489
0.7880816555734705
0.8558860019179436
0.9809920187572418
0.9204087195179722
0.8977511750324824
0.829357849153429
0.8516051997441407
0.9088381282810479
0.95307897844479
0.996624363274318
0.8448262000105093
0.9913207048962502
0.8322036353787118
0.9747567708046649
0.9778299382136818
0.998225538160266
0.969343916921379
0.891839615156988
0.8964697295039004
0.9747787524141458
0.8020151322426088
0.7594525671431878
0.773183093929653
0.965312945721331
0.9557848594276718
0.8289769599492403
0.9069109162348874
0.8312403548438816
0.8098514000554856
0.986139950539218
0.8659664811900931
0.9869733555074163
0.9296082173423896
0.9067830032952443
0.865037799529289
0.948032951095769
0.9302315243000956
0.813030554468051
0.8771722869795099
0.9941102851972713
0.9927826074783358
0.9099678513586249
0.891001027035442
0.821364420777971
0.8038245669211728
0.8845803711046425
0.8278651629753343
0.9353978774305451
0.9125571670755107
0.9758210767454177
0.8576567611822038
0.9957258766483182
0.71474391995476
0.7216762272600896
0.7572254430001456
0.9848524851312271
0.8785648756501594
0.9324728877742491
0.9469916346740094
0.9083204105433824
0.8974298047954539
0.7527736354004795
0.900758643701537
0.9702978885524649
0.7954010894307064
0.9591816308821
0.7747436045199635
0.7911542607583714
0.9838448489649833
0.7799784712430947
0.9724679468764146
0.8765899720854977
0.9725939782175407
0.9716576985020395
0.8849200540726153
0.9903204627908275
0.94784579039224
0.971422753518355
0.9878350447209252
0.9177495883505091
0.8282393833144638
0.8334572857709082
0.9891238021721829
0.9871477721661556
0.8523409104473666
0.9680895177365851
0.9791444869123973
0.988258136533253
0.9627486410130857
0.8735777517603224
0.9985394198440197
0.9542149132523144
0.8683513602920164
0.8709500406645346
0.8873780108710028
0.8612458757697178
0.9513882599839861
0.9356608198379897
0.9109753639282232
0.9954467558384571
0.9090448326949951
0.895043307656313
0.9401735428884087
0.9505781768116706
0.8701270594766041
0.985205545715475
0.860466333651308
0.9985644207230934
0.9714330844749071
0.8977244978561771
0.9359501497577187
0.8582212003497754
0.9807256083553569
0.8482012147120018
0.42140988983357414
0.8114317671098843
0.5626733052400582
0.7457384929515799
0.9146376898184657
0.7066939529134503
0.9464926007218772
0.6769595989739171
0.746019817671803
0.7311149873005437
0.7450912818668345
0.6385533448061613
0.6298437597714892
0.9884859915125103
0.5971278185485246
0.8457749800717071
0.9198600132342571
0.7405067555573956
0.972945797446433
0.9774142359459869
0.991070067124551
0.5130827769173857
0.9618805893709136
0.8573672968333059
0.6923664073414731
0.43675748123494273
0.5697301908915665
0.9242491626735945
0.6084963810980574
0.9859828442389126
0.7868075794320673
0.2738473085892453
0.46435816333900126
0.2684904211592151
0.658503313561897
0.5648554078532735
0.971694618049843
0.6253611995529753
0.8936659697664247
0.9393874661891449
0.9484883448950303
0.6990783160303248
0.5623158871765089
0.6464014045786695
0.6404277488558293
0.5017698375743348
0.640207085022128
0.8442835563250634
0.6473177319665321
0.5247700981703383
0.7008945861646859
0.6117678974319696
0.5472951266750632
0.8268712445573957
0.870002160105668
0.7610452740698845
0.7762676607317793
0.7020819673302491
0.6734462406256124
0.9687155883825118
0.6819307532392045
0.26097427687426433
0.17709951307865773
0.37171624661523084
0.7891854211467577
0.8228560634699518
0.9228882926753148
0.8944697420296984
0.977690278345348
0.38654601241402303
0.5148833972785718
0.5886802689918249
0.982674797896749
0.4733887139935479
0.8393447215157402
0.8134925790600214
0.6091195256331718
0.9660797024005846
0.45350988156010924
0.8222658844524015
0.6210380474085104
0.2831322347509865
0.7305403491287615
0.8112595096948856
0.8997825850693478
0.6340980346742114
0.9133098109320678
0.3400793866496824
0.24892278197968223
0.8356998645487352
0.8798615272541064
0.9916715224580199
0.5729151823572761
0.3135825877714148
0.24150356202528783
0.9521606065962602
0.991284642475111
0.6325996255333426
0.9570644815460779
0.9621827125521059
0.9591698563497911
0.9256947541011661
0.8551942787973037
0.9856639943182078
0.8798360788746694
0.9685642694041744
0.9833274699085488
0.8410992034690737
0.9617276016062117
0.9607239180423683
0.8072562003636982
0.6954764175165451
0.7155215380661523
0.8660816764912098
0.995114360305278
0.8924094144552323
0.9205714222822325
0.7596012616850706
0.8796249112294479
0.8341699618109538
0.8107617029799029
0.6497225849367269
0.9850746136380226
0.7569059351249819
0.6023623155184138
0.885869986766633
0.8577989193890994
0.997528121882441
0.8399741425679002
0.8535203571331881
0.832347583666661
0.9314033198484378
0.9904953311975233
0.8213307376227972
0.9966449234349892
0.9327652978090868
0.9647973655933483
0.8190932024313068
0.9965888976310309
0.8727104680983164
0.9750370618877544
0.8219069367073666
0.8205317660557991
0.8644363828930902
0.8726417926360086
0.8497117007321756
0.8979724239976759
0.8747996130614112
0.889938407129393
0.9960043667577001
0.8254297649546273
0.910169900315859
0.8078610231924302
0.98297508723465
0.8075215804753311
0.972203791951318
0.571533142384598
0.6953192560332344
0.629555206919755
0.7453480467622242
0.6975117553208426
0.8640593036289096
0.7601884787119085
0.763426660142802
0.7480784024378372
0.7143569922899324
0.8949111886892186
0.6972385672942679
0.8394203396560296
0.7335101082500218
0.6939012429453535
0.7850469804302073
0.9902957536121486
0.9820007575240903
0.8396125155907432
0.8639988206794987
0.7743081150839923
0.7066776425611164
0.703965051448305
0.6834354835081816
0.7105628332091722
0.6851153209526324
0.9490116837651794
0.8641855107712931
0.8439851423447923
0.656485733145408
0.7962311323183
0.6448808389576955
0.42107960685831214
0.6260286796371936
0.6676810035199123
0.5200260463396927
0.606494838988907
0.8332761708010682
0.7307655038279375
0.5392598366135836
0.7563261067009458
0.6964033286530059
0.5677611040440059
0.7438178163794212
0.6257519538040598
0.8010829584612494
0.6542351066380152
0.6369530577405103
0.7810211395225222
0.7167220347345905
0.9893582084635475
0.5527983043328683
0.9323303384106829
0.7467650425611424
0.655596788758804
0.8691473917613631
0.8175519935330393
0.7947248952515386
0.684523574136656
0.5895331502150627
0.9858177140004271
0.6959716769857501
0.6183778081971149
0.2836819334541203
0.5227693049503415
0.47186411732094474
0.5395421609166084
0.5127801663873923
0.6205511860878508
0.6076249516103602
0.7468800001581414
0.8171327197142255
0.586696031088935
0.9249195019603927
0.9571222737491876
0.8362621560636717
0.865991533469825
0.7349195204385028
0.6300367584287022
0.9160352896303398
0.6550252993247084
0.9730923513668307
0.9585494348463377
0.6278754189015568
0.9923774939994149
0.9492334713670175
0.5382166472479303
0.5275360435253778
0.9941290173735903
0.9085251789497266
0.5361219067244519
0.9374810151347679
0.5536945858621057
0.7058612397153845
0.9380282187629225
0.7610993866785606
0.23856566469817672
0.5555291687506035
0.2886573320208176
0.7115923812840527
0.5216000865252465
0.6568884751453804
0.9692432198934893
0.5317421001451923
0.961128630460564
0.633841223600656
0.8418581905878679
0.766851673173953
0.504305720585785
0.8563758524198198
0.7744791030938453
0.5548400811278135
0.4272846303818778
0.9499464874034642
0.5467872976685834
0.8374421523911931
0.7036427859346769
0.8605919332498557
0.6148263362037995
0.907087081506996
0.9283845601259842
0.8315275051960028
0.7770035184554167
0.9635594814696098
0.5262065303914387
0.7529359064825125
0.5227866600186639
0.958325578664186
0.3064504633811221
0.2741995832888047
0.4240232534372021
0.8215595647094551
0.9905622496237553
0.9096202604759408
0.5063652204957421
0.849315027717104
0.4482754078183733
0.5038912917299466
0.8085270392003923
0.6740341613398895
0.521714443944676
0.9841567589882467
0.9609533413565615
0.7155249800532884
0.8095221561207141
0.8668550136644778
0.5802613750828346
0.8410723217430167
0.9505888009386366
0.7389614988258194
0.9466403335998952
0.6837495621996467
0.7016693678453538
0.41109081572495987
0.5810242559826853
0.5747906594573571
0.4000288121916726
0.9527447914586136
0.6222147091537643
0.5660014264518378
0.945583332379823
0.5328001148407505
0.3192854236486964
0.2813478438325115
0.8298576008327188
0.9718383612738272
0.9831072296698815
0.5848285296169854
0.5608466969957727
0.6308516885156401
0.64107257586529
0.8890454685070558
0.7111851641798073
0.6966077318582647
0.782159614624508
0.832968705427239
0.9542894167084106
0.9575748367577447
0.7966411191188638
0.8022331877308312
0.9534531687198421
0.6100932374828208
0.5290186845553582
0.5620207224149398
0.9338178064394409
0.7581684127645869
0.713425014635254
0.6650871414534046
0.6990385032035956
0.630279312091561
0.6711417599468785
0.8443598795413214
0.5762489584962756
0.8587075095096796
0.4804987199105238
0.44351930112503585
0.4323951551365659
0.3057574272290814
0.884623174584294
0.4905155272245482
0.6887287408944297
0.9902340001179464
0.28249161516431803
0.27790979042034625
0.2934122800495897
0.3042886529424435
0.2623233929219853
0.26952602348675553
0.9408789010927634
0.2960695939623512
0.5072607546061191
0.9354443634479086
0.7286899354683216
0.2898109278844197
0.416783079331586
0.5675567994024346
0.27332561296918273
0.9751539981607685
0.22019705705450843
0.6822269277621617
0.2746400165692216
0.2728048650788749
0.4307591999209472
0.6601919799778899
0.2959121678553144
0.7205618412131058
0.6652792838815851
0.839766454620439
0.17943579319711675
0.17319991178205724
0.21916951779392624
0.9354150911172461
0.8542421970757477
0.9562363917477531
0.9113233783484067
0.9954676021049876
0.9079381011701511
0.8408936432802124
0.953643448480234
0.8938174232965446
0.4016750863954424
0.5005514655975201
0.915643339039344
0.34141382268573595
0.5463401379125651
0.3602967419262548
0.8429412836872588
0.9918818685315098
0.2994302194023919
0.6149027392014004
0.7189149852560199
0.5061507672460904
0.9470062137027334
0.3666255282897987
0.8767080053909975
0.9345318201339979
0.5863449694717295
0.6327928043444109
0.6527080797148819
0.8305972778144284
0.6842786289734027
0.3934799271103101
0.3314121366710684
0.29563440107316885
0.2317440298815513
0.6836156605201701
0.27253788510610977
0.7220875516139842
0.9107942189173621
0.3351830170444067
0.45118501675126105
0.9528643325637752
0.2546606165024462
0.49320117418750137
0.8564135505833554
0.42886891881881334
0.33445288805896045
0.7083752198363145
0.5224996191903263
0.9731902400157896
0.2966834955556405
0.22936380089004565
0.3882031780091261
0.9467929057212521
0.3691122270151915
0.746960411097084
0.31535153378671554
0.6013149201790384
0.4414032561165929
0.9766981138450598
0.9447476144947053
0.8985015582691512
0.28887964772258246
0.641268170673281
0.23003573960515528
0.3589533990102473
0.2837961733650826
0.36673372839796187
0.7722657623732195
0.5275525925159775
0.6174210483848879
0.5841193726199146
0.9538752209588122
0.6629951205763276
0.9739302536982946
0.8756463090396409
0.9163276493267064
0.7087205260897099
0.42760402714401086
0.6850077012970169
0.8481458966761963
0.9194315913311442
0.8759224796624924
0.9567321774432234
0.6373892658630186
0.954490546007204
0.8216661563642449
0.9931460531723534
0.34969004360409967
0.5999165627064613
0.7514250573042318
0.2982476745037458
0.4851327449980093
0.3487987582051998
0.3511782885763505
0.7672367004091225
0.5565270340982561
0.9831373738483649
0.5449602188061405
0.42936335788555713
0.5777176207797114
0.40561272412379606
0.5918292837922823
0.39914718429370605
0.6422691835740574
0.4328438646466689
0.4010959636361374
0.46099470105680723
0.763134581453408
0.399056117351514
0.7705929047465707
0.902191265994415
0.9004660470858721
0.8601681782224093
0.4937862754704742
0.75594302222082
0.6755934199556309
0.3960548702900274
0.7295924325781715
0.9739919946894234
0.5445342856452411
0.9157560031134667
0.4030081292592573
0.7218567883824463
0.7047490662841892
0.672484305791808
0.38522217402250875
0.6748230639761036
0.42334729350518174
0.3955339782051097
0.5058278554514188
0.6587412779230044
0.47320864991719463
0.48497041448899897
0.566668162072031
0.9134675410250467
0.5951870118053536
0.94836127175662
0.6248977939776797
0.5372691240536416
0.8860600074748497
0.5917836066263396
0.5958164903586994
0.5806430862749165
0.5853533052230415
0.5478996713073817
0.5540204308051669
0.9027092475782615
0.9137132214402606
0.5475137501003148
0.5337978137031243
0.5795934420972969
0.5777168154187784
0.5433956211897415
0.5611497207815805
0.6422316858240013
0.6708941971349929
0.5054427094931749
0.7136709465203084
0.6201575158800167
0.679192561825311
0.8761045400511451
0.5451450129309707
0.5633792187301565
0.38854585782298695
0.47362419595086885
0.3419802422961222
0.44138069216025827
0.4884578872900556
0.44155122546361214
0.6501573051014812
0.9489838098419228
0.4429585707389072
0.9721116173208025
0.7040779909222
0.4470498850652777
0.4752378302277296
0.9208569416688213
0.8692548627356264
0.5022833703194709
0.6993612361609127
0.418716909311766
0.42017876101836416
0.40709898108648557
0.4996361609516008
0.3996202281027691
0.4090994148579129
0.4931129912442091
0.7683702208125519
0.4320757049340968
0.49191219561508254
0.9445273559096126
0.4407859273092149
0.4078135968684397
0.42835676870059003
0.6136446158634639
0.4580822538948752
0.6653572089941899
0.49000361679473614
0.43935219215751575
0.6490667519827712
0.7708234496621448
0.6649725891881606
0.5900651960569306
0.6731338323316315
0.7187071068753847
0.742040938812568
0.6468334382023452
0.777670226075706
0.677902701266058
0.547595334996033
0.5546531621965215
0.5565476404990088
0.5103123942122514
0.5299254166539322
0.8345183914720112
0.9072221547957133
0.6347765462600036
0.719756783358596
0.9745584470318918
0.9379094342256525
0.6960549227628325
0.5509413568653369
0.9925133456114513
0.7468843465003719
0.684474768019846
0.5924260684307249
0.5792061919871184
0.7676868078104543
0.8554712451300213
0.6873740515025671
0.5337474125943423
0.5983750361923442
0.6154217090482174
0.4980044748157085
0.6384669664861468
0.54282951922266
0.4822520638043635
0.7757978401030365
0.7729582116625677
0.4774622566092163
0.4566585277097567
0.5157063206612962
0.5848127883092337
0.9680775580671237
0.8626563814018117
0.6346495198897325
0.9368349573024184
0.6834480549132612
0.9002943638863623
0.8638187774500222
0.963906864240866
0.4991512414295472
0.6099438747929389
0.9905800592512667
0.9918233083651805
0.7811406390895556
0.8580693003398695
0.4961729207074431
0.7991164757633096
0.697261817208277
0.5018444663482519
0.9622323939963424
0.922841673552961
0.508333642688423
0.5065646653064103
0.45505300890888456
0.5116327709614864
0.7107730387836998
0.7373702947763157
0.9934993987366764
0.8625112387498461
0.6652067901458537
0.46074624859390084
0.5651302533836146
0.4807549783464872
0.6020659212820128
0.6450940379524056
0.9273513969926842
0.5652375222102656
0.6127662783516162
0.6817581228533127
0.5799916536274078
0.5576765675052895
0.6564392496050363
0.8845782477290297
0.7475244438239327
0.8150457573952542
0.6203900766375791
0.6704113287641933
0.7457408120623946
0.5323233768901003
0.6116332027613122
0.9927761882497023
0.5765746889975529
0.5074670485053296
0.9820673782703225
0.5946398657521008
0.6058450591671295
0.5866441185329183
0.2414877273174973
0.6427118837567689
0.8954935382696076
0.9628443804180176
0.5380187143023961
0.9739211219397842
0.9911385634711052
0.4907691074767842
0.3538569578172876
0.8161661799233677
0.36618048324181524
0.716577124587618
0.8668538543598305
0.6651346701390243
0.8860862694085095
0.7283148039623463
0.8350601671385631
0.9226120230059814
0.4161392617375226
0.38243553519403833
0.5055029212074686
0.8619625363470499
0.8738075418804334
0.9427473828607135
0.7036631590004051
0.4270705002038177
0.8411808023149863
0.9072474815251117
0.37052042279580844
0.7226018874352593
0.8147902857243028
0.47191096452420483
0.3475779849851046
0.37401154369492323
0.5649956272078656
0.7696536903475187
0.7076467784001814
0.5826304244720609
0.6108789173382594
0.8970714113334889
0.6091449882155919
0.4828649856048013
0.747627206932088
0.993447241155282
0.5790598281888679
0.9874166150200278
0.5406975625887847
0.785331080082963
0.6387741937560039
0.7354587293457242
0.8968370126460866
0.7845799189956976
0.6654347788568543
0.9896891181331001
0.8853384255736129
0.9731462825249074
0.8996560527257745
0.47906029699557334
0.7069397716930169
0.6081112754703576
0.8376562000602418
0.9669074418660851
0.6325819304187015
0.8149207467981976
0.6118395325851185
0.5630621715389008
0.5264557937385075
0.5918886436756018
0.6798929412095216
0.6924980220475163
0.7793797679429827
0.8260215229490199
0.6529208934753924
0.9251266962736793
0.6434659996213794
0.5700765098880558
0.9182818567077549
0.6747735653120291
0.5765032455283589
0.9894715465778836
0.6277265124343113
0.8793332215861867
0.9130656694077384
0.8891330089820614
0.6463796281580593
0.7324405890843966
0.846175356848926
0.9672933426275737
0.690161021959803
0.5864420844534443
0.5841964494770675
0.5976725149775165
0.6790798126200152
0.7173099707111608
0.5750816699353585
0.7969861566405653
0.5810900329812136
0.7260257475912919
0.5695109030710248
0.5915453530836329
0.9504765052915229
0.8364669248445369
0.6923741878370956
0.7908950948012552
0.7788312894495976
0.8146977331206787
0.5857163763855842
0.8218686550743989
0.8243926829744305
0.680469846600731
0.8297184552027087
0.7673605220279837
0.7049141761140895
0.9588014035905715
0.9684145310942806
0.6232515798220118
0.738833023842421
0.8532417435120255
0.8782497329352074
0.7189377573245714
0.9686352360786983
0.9731871288544417
0.6765852396996335
0.8024701636354706
0.8528644073539615
0.9048111330712719
0.8528421267759096
0.9167015101230414
0.9880706292511604
0.716453506852619
0.6343204915601334
0.3588019646539007
0.5333553408163281
0.7291256127272545
0.9780762030734226
0.877186886249615
0.6602676998511932
0.9340950976089314
0.7326163774110526
0.8009892609098812
0.7948983417179096
0.7349843443215064
0.9436142241659761
0.5817537413417236
0.5647778401732425
0.9064682563808596
0.9552984452094602
0.7820605300495731
0.7931959040490875
0.8387273238730547
0.7979366301759632
0.9207981503970205
0.8083165019949312
0.75117538079461
0.8995812188881959
0.7446384243803402
0.7632786548627013
0.692260127344278
0.6895746164372236
0.5543394628739173
0.7025912425232931
0.6936917154562012
0.7402767159214596
0.5008316629539719
0.4242897271282997
0.43094620884747376
0.915262915272387
0.8898127478187531
0.8426615562924651
0.6194778560047712
0.5857463106417193
0.6696313919340453
0.7262180933388976
0.8909480516261253
0.5877008260471532
0.5465625891069462
0.8245674315071672
0.6927637547505592
0.5437294551025619
0.6245500574503238
0.626797066010399
0.8915786387992813
0.5817412775248452
0.5721877189071104
0.5617261099606917
0.9937615618803936
0.5725195263290965
0.5710610850215465
0.978541208697964
0.6509619659981485
0.6353809710724931
0.7859625163795103
0.7259842097272864
0.9632619460791135
0.5720241229500614
0.6109381482027416
0.2815981083949692
0.5363382868022641
0.5673417378572986
0.6198887649773704
0.654419326227041
0.33146203345651604
0.4058057151983798
0.6222115289120077
0.7336346004061919
0.9719986708506834
0.8126294938825371
0.6658777955444483
0.3755316271026565
0.9579123809962974
0.9319189167831408
0.4372916387082404
0.7484271778891768
0.340290044073985
0.9587470412101786
0.49522207946307356
0.612707665086033
0.7373951085201831
0.746823934332514
0.8967215249794314
0.64040515123109
0.4935388329380794
0.8772323177213198
0.4814211940636663
0.4715697305881615
