0.9202841354009752
0.8905414591001255
0.9190274017750418
0.9409274259410257
0.9966174689614127
0.9656661879754133
0.9013962907126286
0.8855737181385247
0.8947933543281055
0.9716995531631017
0.8881988768628998
0.9259620300502907
0.9401090109910848
0.8697366167799281
0.9314645661987061
0.9414871812170988
0.8899039848824133
0.9430966011322494
0.9461510648439485
0.8869815242066432
0.8978873118287412
0.9181045046290292
0.9519109531454989
0.9873632962153611
0.9055354823797508
0.9160979778747133
0.9366589195729605
0.8948310409351627
0.8827832806820682
0.9015169932375023
0.9955224592100106
0.9961254623785356
0.8817709083476616
0.9674523630348479
0.8973002219256558
0.9977451824579043
0.9542739561440556
0.9919502114725585
0.9276475045530344
0.9042633377408303
0.9975431879978873
0.882295674477616
0.8796440693014658
0.9221346364852242
0.8846769653571313
0.997161987156016
0.9974371511300869
0.9892023728915947
0.9450102138371906
0.9402053688216536
0.9540834714985476
0.9663410120288785
0.9050640047383139
0.8935723885514698
0.9205780535007557
0.9362429961541041
0.9991221488469311
0.9630008071767605
0.993657499487455
0.9987428743730372
0.9941919513380908
0.9707986048071949
0.984228903636784
0.9689609768627027
0.9720674918965218
0.999497358835145
0.9847362756970324
0.9967015756236302
0.9982599195799489
0.9987107186699337
0.9960021639961179
0.994990470268505
0.9750627028529625
0.9993157464672754
0.9726931600259925
0.9964281115649093
0.9965914314052051
0.9715644712396679
0.992796337738394
0.9757794562059647
0.9994682597523045
0.9968087402303613
0.9926391717119971
0.9326975038372095
0.9484333497977041
0.944807157950817
0.9963223478935566
0.9243622331831435
0.9611053716487169
0.9972388436129563
0.9272778291573129
0.9601298196830359
0.97034792472095
0.9991264734111897
0.9761900868635629
0.9779550002365539
0.9986982907586417
0.9237372912869033
0.9443537254109436
0.9958850128800638
0.9992020192105916
0.9969123024833405
0.9723112649284934
0.9994077964493489
0.9275625118331532
0.9339888308560698
0.998780372336922
0.9747018882198493
0.9932344857197211
0.9913398843416897
0.9984421662265813
0.9605668737221891
0.9955620155734055
0.941658462652892
0.8849661575044597
0.9163695450903561
0.9974602414472363
0.9565078653376032
0.9965764881263739
0.9924123798840658
0.9226315943705511
0.8643414114127091
0.97254243286978
0.8765406466182086
0.9163831630706026
0.8871874824934453
0.904756305939751
0.9893545011833887
0.9401657480263813
0.9626661104061107
0.9941223864922681
0.9227362669580651
0.9834513783484415
0.8679293458422158
0.9255641204409767
0.8995855275369413
0.9483147308994568
0.8822859145376798
0.9961964354255105
0.9346463878347878
0.8410295936046683
0.9600716659166035
0.8188677463929748
0.8150321401325236
0.7883508225619491
0.8062321345405303
0.885654952544988
0.8348878554040008
0.8418335651296984
0.8295841096557848
0.9493690570373039
0.8990472883540895
0.8584737507326383
0.8191786805079513
0.9076002211675546
0.9884688282565472
0.8311847971690296
0.996432891335283
0.9956281175347115
0.8785130940975268
0.8101310501481425
0.905193723660711
0.8223499835339035
0.949606400905105
0.9136955932868205
0.8987557038081047
0.9947524555619313
0.8809793053867288
0.9565829270962106
0.8461425116129256
0.891123704120926
0.8794335358292833
0.9155995897339381
0.8985631902366986
0.8008559739701673
0.8522322916563884
0.9274569632548393
0.9845171710932088
0.9610511456058182
0.9988154527592443
0.9919342864478117
0.8220281022652859
0.9963637176230804
0.965164633235133
0.8361677812237892
0.7732418264748989
0.7772440900901236
0.945774040066338
0.9066013899888812
0.9826109064767823
0.8859726365784033
0.9912396045506385
0.8797927004651921
0.7908598945632338
0.9581096015981779
0.9205920092467362
0.8955317782142318
0.9987768886399235
0.9825673096372821
0.9558948432659539
0.9960075186555358
0.8606111160480836
0.9116292599549009
0.9241103129908829
0.8041080008720797
0.7615921041985408
0.8427224684427279
0.9229340529331587
0.9283956911924586
0.9503507797073829
0.995682485912065
0.7961086856050028
0.876699417764995
0.8369644912382811
0.9316307515661252
0.9228012251913679
0.912038094949699
0.8686156741127358
0.9609402652451654
0.9350286803697853
0.9647004927950911
0.8137099097766226
0.8375705477857622
0.806120688927847
0.9572544726193642
0.8013402442182826
0.8612352983655062
0.8014193230621797
0.9117958791683246
0.836533676367047
0.8291453588721366
0.8482801365633188
0.9000008908871765
0.8055229820947486
0.9255250856565675
0.8677058256539878
0.6967144686467736
0.7363588800875883
0.8394497898717377
0.9908824588283818
0.9714966110177771
0.9812535969195223
0.7743532518177169
0.9969903418169322
0.7775072517664552
0.8593192005387381
0.9948415380313067
0.9954237338644277
0.8260836293540192
0.9280476355823556
0.986976701419613
0.9091125948293068
0.8115902124137763
0.9787789601126002
0.9782574910295994
0.8364939545305956
0.9827672110787924
0.8794798852189784
0.9942138593670521
0.9965582917025788
0.9545341377890819
0.9769166064720861
0.9881077927774659
0.8967737793104157
0.8113169744132066
0.9817831723617082
0.9898827729569456
0.9707201520283224
0.84390228427509
0.9988797360312067
0.9363045375953316
0.8649679986988821
0.9988486541294431
0.9524010065605696
0.9054552199457943
0.8420443873944706
0.8846376867543525
0.992271755326093
0.928040594706937
0.84917677177468
0.9826013264709115
0.975272223894074
0.963300778516421
0.9172750170532423
0.9722607420743737
0.8794445139403554
0.9301999825845865
0.842786045350254
0.9121309383736075
0.8645875049247684
0.8804953395060666
0.8834888188432494
0.9906390196310794
0.9758443822369758
0.8197106904013256
0.9486517214169559
0.8623899843576439
0.879995991900709
0.46938385265857935
0.8436409473151321
0.9086906602879283
0.8776935551908187
0.6465362822114872
0.536034364250631
0.7115609983951819
0.6635338582437246
0.8652750572776912
0.7869971241318268
0.6838042323342505
0.4851464270930728
0.9174480941329968
0.9740404952576353
0.729141454845723
0.9290764610029792
0.5426635468818104
0.35531243992744066
0.9616703278441021
0.3636681790419603
0.338943831773368
0.5048172631880828
0.3462383008773885
0.9608090546982467
0.8598762013328752
0.9853615615513495
0.96314481999813
0.48728652923769533
0.8946077040450796
0.9840485690955617
0.9486994094052622
0.25179912874810495
0.5209463488537417
0.9479754087305401
0.9290857894147773
0.996828394546477
0.6727708993717298
0.7944192958721966
0.8489150844323359
0.7570841537139879
0.6629109821310872
0.7289796345972047
0.5407550430156481
0.6720033794652469
0.833086257927237
0.8071195907169327
0.6280651353258148
0.9443985394188671
0.6150503998941879
0.5236071006182406
0.9907147074176078
0.4403448172100262
0.728655601408221
0.7589141362006212
0.9782592189696647
0.7154567439605404
0.9009009176101467
0.945285946924489
0.7152593654924835
0.9034945224187582
0.9340919877865236
0.16805214121943124
0.2108023210828753
0.7153830590722254
0.6380094225033264
0.3356347730642214
0.5801309962097966
0.7201441098458438
0.49614549812613945
0.6410606205476468
0.7973272315886591
0.456849939494794
0.9855254686549256
0.9287994646459707
0.6152701790309354
0.7995238257782962
0.5191627934306211
0.974418530215031
0.9632496549586543
0.6743592599357336
0.2917835802764037
0.32868216348110857
0.571948664017351
0.7429554941126649
0.7012347730971785
0.874948067329423
0.755512824658379
0.31770963591128676
0.3961916117320694
0.37461877632504964
0.6526425367480202
0.25595985857816855
0.33174442945023946
0.26093290951228476
0.8447597295238815
0.8657024466673652
0.599142697070218
0.8873777216237406
0.905672870067394
0.9957398736487593
0.8813762565355242
0.8685893033691864
0.7630595298657807
0.8205836434231618
0.86569995797856
0.8728166753710457
0.9949514778133106
0.9500258298713612
0.9751737097427405
0.7530162615176083
0.9612406584100606
0.6103789790593992
0.7668339488209563
0.7881950391347982
0.915557676239211
0.9824375851935183
0.9368135184642779
0.9965368110342436
0.7121118185918209
0.997545466998831
0.6820329920751328
0.7591952988089894
0.7625678780564004
0.7191558150870537
0.7620010281820249
0.8926875612601722
0.9175392132087733
0.8973622880786731
0.8614416608481718
0.9125310350514625
0.8879850192473335
0.9424306874961441
0.8781321872852439
0.8498984356412812
0.9098951340144239
0.8598371166512887
0.880424418812636
0.8307068957139258
0.9117477460696586
0.9851942450649562
0.8573614845279101
0.9964185824382767
0.8715504113174238
0.8254634829295747
0.9466581868736857
0.84414292484638
0.8345809890125585
0.8148134728239079
0.8403965427003854
0.9582854526620075
0.904813425737479
0.7941990832522783
0.9613567094651851
0.9938929286048407
0.8210710266079426
0.9906747387578422
0.6454401138029365
0.6231585366506277
0.7281107735015482
0.8434465592387377
0.7481225391243068
0.838974636210514
0.6988339867263451
0.9016085045839118
0.8209255387552054
0.9806920527861502
0.9845129578675066
0.7574552707556195
0.9458059071580627
0.8990750200191946
0.9938731418929381
0.8726435941166064
0.6891924210787689
0.7661735835131944
0.9927386019847732
0.7460477250133396
0.8185712973723889
0.8226896753657706
0.7289489511244824
0.7923053057699763
0.6990611948824664
0.6712126428387132
0.6862168004988505
0.94354574333606
0.6772180231516235
0.9833688275591449
0.7354798612643625
0.6558551337366071
0.48332513738960675
0.9915658822557141
0.7721736875019014
0.8446020272161624
0.8062158661577857
0.5951695010105037
0.6685402453835414
0.5868805910154038
0.9283434189109512
0.5954991149511555
0.749296248332236
0.9381270371009168
0.6098348006148357
0.7963189751010605
0.8915701177109908
0.9077260103952074
0.6349576816002949
0.9673847664716745
0.8375370409782964
0.6324571215919575
0.9610749283558875
0.7783114261551525
0.7896539375473147
0.6544606319383315
0.9098224152357332
0.6110172812721587
0.854557389842105
0.8331626304893686
0.8722444171466176
0.9870577715839872
0.6599744255273243
0.21681476462694013
0.8646798573474314
0.8197771410225717
0.9531480843227913
0.8767517319209313
0.981278000098037
0.8333090322118076
0.7611810242098851
0.7920369059360852
0.6941259803636507
0.9704543951919612
0.7185501795148495
0.8772686312382731
0.8813408185008408
0.8475987105790928
0.876498486006589
0.5566709790407269
0.8234048627280627
0.9371751346513519
0.9346929225494068
0.5362158986006456
0.8982695139568965
0.6175137739569926
0.9794551047930831
0.6060059482048401
0.877342274220595
0.5181701260593155
0.9261261516717739
0.7297341573057347
0.5865768706585254
0.8568127788362234
0.8171921690608555
0.8832894707389047
0.25862138698221343
0.5851892891360447
0.9858569747187774
0.5650785952565142
0.8744062996231632
0.9311524423776327
0.8602931409226146
0.6706338671915738
0.9197882960006243
0.4412214735104587
0.6186516900685579
0.44804969131746814
0.7007247982933783
0.9444044420714355
0.6763601882767576
0.4740168981741149
0.3833219578958052
0.44996751353742304
0.48520294468644526
0.45470353082344844
0.9698095168514376
0.677099900249906
0.9888745385491974
0.7814105478303852
0.8401899301166312
0.9913378473722757
0.5377696652848021
0.57806176478267
0.46641614631780803
0.6092064469343186
0.4838504427855357
0.5967356443260335
0.26276524808431856
0.3939767891420838
0.892855046510592
0.8818050801634285
0.9651186335063524
0.9720810628749232
0.5617131754589153
0.9236400988914276
0.7901604246001758
0.9721178009557497
0.327435460411103
0.5392761032218921
0.43790748395291007
0.47685522762533944
0.9896398909776244
0.609036684156308
0.5121715909911528
0.8847988645400356
0.47515709530832206
0.5306865138436866
0.6257684589496022
0.5161803164060196
0.6105852443753562
0.8199614464169787
0.4214087007012302
0.8829605102053399
0.5236579777861474
0.5515930503469214
0.7192781770204033
0.8527671617290011
0.4389547180336118
0.7724234222528139
0.48537914015291383
0.4088614836591967
0.30297644048408146
0.7171766553566166
0.6429402827716637
0.7356558301783346
0.880664673327588
0.5265445530495684
0.8670412311884342
0.9246731990816018
0.9313622670545416
0.6438230135630953
0.987752452563103
0.846468579430253
0.9337031724835834
0.6199248963214921
0.7128631055922441
0.9874895610866785
0.5742382276850835
0.5434390741163635
0.8383010421348447
0.5985505512431377
0.9899302801257415
0.686165012271639
0.6788623602290453
0.6478684466570795
0.9858283875502796
0.7273105592840766
0.7759249216624062
0.9615830888675525
0.7605373139705512
0.5149621576879123
0.8219712364480102
0.5079478708722089
0.3497877216011359
0.326777775133839
0.6310498813498846
0.2668446192007538
0.9691635862065439
0.38734288302849706
0.3249224243254594
0.5746172429954238
0.5085147573048849
0.8287890047702609
0.6206958801329275
0.39961858491009666
0.9804567945433236
0.435103111791551
0.7894774728862745
0.9723600799036841
0.8211794109602306
0.342148220470407
0.9038897101160255
0.5095974211610573
0.22918378640274947
0.18290997330823897
0.23901885950545798
0.1718719389863214
0.36054136139774096
0.3307276981656392
0.5280867781794042
0.46669968109561366
0.5149350954880383
0.9586982426070436
0.2831799398023392
0.5851212112415547
0.2527448515424623
0.18547917335352898
0.16011947091184384
0.22400974694009185
0.6065938876679808
0.6391425582456712
0.8682322790701815
0.5939861044571552
0.9616431612492276
0.8171526610274774
0.8624692242123357
0.920663846468225
0.8765957279934037
0.9059124690729671
0.3473966360883728
0.7339484797514423
0.41030376242516076
0.47447218441791694
0.922686928633982
0.3049359441329174
0.9804716084938772
0.3368976260409698
0.8042266196089989
0.5968494247259757
0.9249716801658029
0.9836514418891652
0.39998862660677964
0.8312449701833131
0.7166048050543219
0.9801766318826268
0.8567943494791009
0.3971268169870657
0.8660737629238767
0.603775115749932
0.9556820822207037
0.3837025111913723
0.35284010116846704
0.24138657468418384
0.23502597807940784
0.4936186969823426
0.24031005388612928
0.6687433992716403
0.9104696800528623
0.9946315874435883
0.9893782089655105
0.36971116896156203
0.7028571049520853
0.4393563350617818
0.5590825932539322
0.8295189096512053
0.6932683287407381
0.8756244281678023
0.23906930360840573
0.3358856826249332
0.2277471908130326
0.9106901840232927
0.3382006558721071
0.978671346595017
0.9742364958926684
0.49583296860097026
0.9919516947766291
0.3774653030768109
0.7380061739043099
0.732877729749326
0.993289867573311
0.6322448947713286
0.23579886600213998
0.4392967576685602
0.8337560466708275
0.2878144868438114
0.295055858874409
0.8445051250440939
0.6592188522650841
0.790916443354309
0.6850801190640203
0.47231890543524724
0.7678550552860779
0.6047306804812655
0.5367043474474623
0.7720394227409444
0.7554916137923771
0.698885036793086
0.6626230238546581
0.7348423468956912
0.7810174537861688
0.40902097460140163
0.6653955905677711
0.7650400395838904
0.7664033744212493
0.5676400165675084
0.9817338293001969
0.6929067323460966
0.49865714285834234
0.541821103066417
0.37185016362842943
0.9880489302426498
0.6484553112291696
0.2764289351579418
0.71165862733676
0.7928348475511421
0.6444977664162174
0.8866926304170372
0.5429770012180855
0.537666593970072
0.7526196671878456
0.6717156921448363
0.6692965345862493
0.6210691707945803
0.4135940601469533
0.7488356435865954
0.398930103883399
0.5723983595393172
0.5386677560764971
0.47817782075402365
0.9467483192553795
0.633402217631423
0.7087119148072644
0.9057718067668857
0.39667574327167415
0.7381793603419453
0.40938180049907474
0.8416379478764581
0.6639275493225401
0.885268001665765
0.9259512746937548
0.7584505406231433
0.5847411450804145
0.5653177269244799
0.40378894169826435
0.8022747353824611
0.8322658727247606
0.7540637354274144
0.9832616999720418
0.5770275835266472
0.4193523286341919
0.45736476397543274
0.5176876547620166
0.9784262336214844
0.5703919159017649
0.5738768555821878
0.6546193110597096
0.7734051848679498
0.6610306527669849
0.6091719871670457
0.561245364942154
0.5437947342941922
0.7563699069855417
0.5727360298906222
0.5439264838402147
0.9344822269234881
0.5707171262072924
0.8587985919152907
0.6378564005257571
0.560531146913167
0.5384776262132529
0.9383788083282033
0.9011696663679398
0.7447851041324369
0.5178051840562504
0.6824136232217788
0.848549624861012
0.7080070753389518
0.9231304119101004
0.5681349126872366
0.6576414308222077
0.641618622322399
0.6213198360637379
0.7050410628706736
0.5285636377005691
0.41999135147364364
0.9830860713930739
0.6462201050275462
0.6638505228893519
0.9753955902198518
0.48218670656750406
0.4014631053604891
0.49285929605268514
0.4675711036094997
0.5900025124630398
0.4869005253521845
0.8242624049869619
0.9161788260399525
0.8190974458203047
0.4699246016043881
0.44373345925786983
0.4584008185895497
0.9532584204351765
0.43844294763828773
0.46707372625327526
0.8963012290224287
0.4113841789582477
0.647300644910374
0.4430439464300323
0.5001720332959547
0.42255423250939445
0.4915609641889959
0.708872010107895
0.6132839851405415
0.502541770614856
0.7742376119156922
0.529190803502863
0.43472251731559836
0.6801440204719162
0.4591221496476311
0.8623109870440921
0.6982391463828636
0.5216919766199141
0.6013367328164771
0.6862802815451308
0.9637947621891432
0.8463198365176425
0.6302860211668394
0.5955568728689451
0.5720409535213834
0.9602659994076257
0.6298615286927045
0.5275895060508299
0.6523960757897486
0.5038302252754678
0.7029680879485175
0.49106854861668015
0.7499344883060522
0.9302512325182085
0.6065357612082641
0.6148438560422708
0.7266635166970108
0.7407744897031906
0.8134264499786271
0.5562024022532659
0.9388988271342666
0.9130007902599163
0.7451710060787436
0.7415460931525811
0.5888980277904764
0.8306159154714567
0.500115453884485
0.5013856910848236
0.4981691358396392
0.7199630554977365
0.51426823414789
0.5264819772382058
0.736163198763677
0.6872307309972239
0.4721971439384883
0.47930343074930665
0.8944796645081864
0.47843752091595937
0.6820192961304913
0.4730659720041608
0.8827219316864502
0.9922547232280823
0.5099662480306854
0.773397303756638
0.8340413617825743
0.6357528364301107
0.8195282709211607
0.4908952265954954
0.9892058123612105
0.6345965483504418
0.611866610116951
0.731395511478842
0.5428230461893114
0.8451462043096257
0.722255273994117
0.5327775350706901
0.5004021598860426
0.5010982522206396
0.796425497884222
0.8156992296591766
0.4527999234283576
0.4872759514211128
0.5134465821342117
0.8770781741811975
0.6204159842372936
0.752157497836934
0.9802303835224555
0.9941989098005578
0.6314696223525195
0.9260473353477318
0.990920577456668
0.5921178475575765
0.5920125567870501
0.7228252854021618
0.6182013587101554
0.9614381158722917
0.5971610063019408
0.6425685892900507
0.8955240626044939
0.6743718166184962
0.7110146275457984
0.7524362064644169
0.9813873702562935
0.6449615040856715
0.6343624770853357
0.8346746659173727
0.5556312732715197
0.7156154624472083
0.6176975271744904
0.634429284173818
0.745274728545743
0.9929658059601695
0.474974884435223
0.42900940088113165
0.37143593476305936
0.787754180320256
0.45226442887856394
0.48306834007917765
0.9372014458675108
0.7954703479746862
0.45904662971668664
0.611436439527735
0.37046907495964654
0.8642917531249908
0.6835922923007764
0.350337352367574
0.9343421405847298
0.47144194502157166
0.8500355638968999
0.9446611322493818
0.4835105910552391
0.5567903117916831
0.9672900781190458
0.9769462655230412
0.9347849367813099
0.989400524270232
0.35059858825732254
0.566830064681191
0.7583125140093242
0.690356002180466
0.7867853300652309
0.7782210745523809
0.8398427978872092
0.3936044792424794
0.8487232032118194
0.6465399442914347
0.3373257153582889
0.360542317286068
0.8281485408669177
0.6648499883345893
0.8157714879629392
0.482908163293932
0.6951961413067996
0.888058825586512
0.9497512506119126
0.5441077459614844
0.5086590095020695
0.7905951433948185
0.9200491466832323
0.8247969523301771
0.7889759536280134
0.8362575667416267
0.9423682493345883
0.8766469294760102
0.9249911954539825
0.5194363990336438
0.758805253996145
0.5166833815588309
0.5775294184968474
0.8721771283240299
0.5026807451085284
0.6214418679694306
0.46797410664353944
0.7865106687268493
0.46970778309519834
0.758915917494417
0.767946467049984
0.9287399572323862
0.9139874547113883
0.5344586353092448
0.6252422293562773
0.6538055492838629
0.5732394093229617
0.8810545664188184
0.6418061179760153
0.986318875377411
0.9875136524036209
0.8087942704220156
0.8852393295810458
0.8818019183603574
0.6911992120750657
0.6496755071446167
0.7060284482810227
0.6585166638232481
0.9850087992740011
0.5754529993102656
0.7052284452802112
0.7537861237430217
0.5918562900401881
0.9868519255431251
0.6563098569588526
0.7573063534919664
0.6710684683158774
0.5753591294105176
0.735490589443279
0.9796205836488042
0.6254386218419652
0.9744415306128009
0.5717635519465905
0.9012187010897694
0.957539855838478
0.5718726349089955
0.6744657340051574
0.48683765107574994
0.9795357469133589
0.9402705899986616
0.9909190397827907
0.7803966529814294
0.8759655074422947
0.9006330358185162
0.7540911143881227
0.8769637442423768
0.926357668238562
0.9787168507435909
0.9515884756404653
0.9017822192009347
0.9215596298858346
0.9591988153203599
0.9263956421568744
0.8451681143358977
0.716111490752877
0.7867278219847156
0.6334363156322325
0.8958453549227883
0.936899795513431
0.7140218746011203
0.8759458056013982
0.5858796963487239
0.9724116725607602
0.6579435491058911
0.8460341998697418
0.9703648862971113
0.6912904081496403
0.6987815952461403
0.6957804731411436
0.40212954375665494
0.3838438764150423
0.7499625236222098
0.811023447179769
0.6528920122451639
0.5539152437085373
0.7206234604597739
0.5711926041787866
0.9335732499717667
0.5990580239764167
0.7154263623492829
0.9949170744263721
0.5413214699363103
0.925101328345253
0.5521469393822792
0.9749722200789506
0.5652010737989143
0.6590355022095529
0.7838994282346026
0.720453607839542
0.7208658051967948
0.9777834945952631
0.7463663312570575
0.7252851424678217
0.7041369834305379
0.7044424205035065
0.5966434209213236
0.7219598008569943
0.7857098069943992
0.6511358614207812
0.6743733043403441
0.843518547645055
0.7987090153935874
0.5244315730854301
0.4022067079271
0.6785170546024607
0.5802683465659545
0.7825006168739292
0.7135867971068246
0.7503345574284793
0.8297486819820014
0.7991865562125645
0.5733993729236696
0.6406296481694945
0.5732478033178852
0.6691224483698339
0.9946047673620176
0.5773808608307607
0.57677968216347
0.8799317573403715
0.8678372814958198
0.7252907170585882
0.5560429824164587
0.5647077789418287
0.7654997765062437
0.9943555991358555
0.6320492885221313
0.569267333199301
0.5547777951246432
0.5788557713827045
0.6114970600515803
0.9692129969655018
0.8528425540769011
0.9123492821619157
0.6883985057243013
0.7567932202964994
0.3945211795172882
0.32495653885355674
0.42426119213635954
0.8302002689292572
0.9598385941503685
0.4822847297704651
0.3185114356656708
0.6991042344425755
0.6207245653082809
0.6477549578105207
0.7619876763091987
0.40062655954962945
0.9376631845293858
0.8709095247537663
0.9401428755223742
0.635927639909434
0.9292136405280104
0.9183606916027258
0.4390014686338286
0.7675750795099314
0.7643071476447829
0.8184830027075363
0.9612354522705856
0.8678676814123023
0.5807976564024554
0.6762501948920367
0.9576629699573278
0.4125730754734267
0.6102627216083644
