0.847013583241056
0.9298831789866785
0.9034599831446417
0.9954806430157952
0.9108559774018409
0.8625455817836003
0.9016514353008044
0.8795870432487745
0.8993559807960226
0.871267764879261
0.8750160304552704
0.8538568993654154
0.9010111916320513
0.8921071999486906
0.906637141241598
0.91388959836071
0.9645457095316224
0.8815026152013643
0.866426393650744
0.8948955039534369
0.8796756055950532
0.8492249983023736
0.9276172420281913
0.9058790295912211
0.8927637311486946
0.9358891676827477
0.8658492070921413
0.8598649154128564
0.913910521776474
0.9690949465156083
0.9476025571267984
0.8814508233964305
0.879516805074656
0.8871361806684102
0.8884493770051162
0.9427564667723498
0.933622242483128
0.932316525098708
0.9975481842350606
0.9230383600657593
0.9474326885786108
0.988621623411069
0.9009575237326002
0.8904888293903963
0.9993306102533158
0.9413930081696509
0.9910651847116777
0.9084595870907275
0.9396879624071703
0.9089809241286778
0.955044827626656
0.9138291450557595
0.9217388786759105
0.9336372308888955
0.8916402555673034
0.9213935586664268
0.9993437062727318
0.9479452335490962
0.9993008073185954
0.9991644260112169
0.985435887619226
0.999193657304755
0.9873574724344887
0.967291704301044
0.9813519295003966
0.9767622583849238
0.9988033336184721
0.9986432892940781
0.9790133878084755
0.99392761676253
0.9918069030508653
0.9991419298528309
0.9952614048610535
0.9990329005326385
0.9734773703953435
0.9934504982327851
0.9330659857367979
0.9841205862213784
0.9847405668478363
0.924166092954941
0.920091203016094
0.9248023418344865
0.9132124588028828
0.9917043730616175
0.9271444464262719
0.9901830355902803
0.9780960743581965
0.998004307488806
0.9550043584508138
0.9297013976868256
0.9280777691391434
0.9809358265159401
0.9942011265600781
0.9939281014368191
0.9744946728988287
0.9619241405535932
0.999733675457634
0.9363082718127833
0.9378681836315774
0.9868097058918768
0.969682877914708
0.9992747733615324
0.9813359282902755
0.9953890242113971
0.9529064218205273
0.9880998148244499
0.9207556383347919
0.9051044918324452
0.8352231927118284
0.9452371539872239
0.8859880073702038
0.9070509226942958
0.9081855195785784
0.7751066412866516
0.7757035055030266
0.8571697065994581
0.9918584616094472
0.8804385596042796
0.9178018264658465
0.9178697649725098
0.9410947035132312
0.8456480815682307
0.9966423054097596
0.9732077946542009
0.8929546035464874
0.8514279881417075
0.8875657679287817
0.9732663009333381
0.917275686339654
0.9583240335182003
0.9051752684464809
1.0
0.9664277390309313
0.8118080688346151
0.9208220882621762
0.8783254718073868
0.8213842549698368
0.796469092285924
0.8473959877160563
0.8129497472780766
0.8260017895497493
0.8741887292659102
0.7950434850348127
0.8292999925552557
0.8573174870474519
0.8764562429719805
0.9808882408522855
0.9585029975347084
0.9429058732639437
0.9868547344679844
0.8024464882588489
0.8092020563443971
0.8744654812248628
0.9218976882761264
0.8839899912579888
0.9446524357268477
0.9250674481417898
0.8704959482692985
0.8568934557671908
0.8432616110164367
0.8109480296953153
0.916162188510185
0.8465470535367907
0.9032443335108719
0.9198523965002252
0.9602602575246753
0.8111048756735946
0.8066107822034357
0.7708811251084159
0.8101449558467744
0.7798548341968318
0.8354419124455459
0.7715828377363325
0.89027839292549
0.7988165724372426
0.9985496235568665
0.9564993365733603
0.9984443085278397
0.9189129560680915
0.8165004923808554
0.9399860038736425
0.9211430077540094
0.9172173659305628
0.9745172074843741
0.8659587048142774
0.8711683570471739
0.7726357313775212
0.8346943447924043
0.9301183687333577
0.9899160835847038
0.9975845635411889
0.9734043732196546
0.832468809992183
0.9633163328131631
0.9109591990361449
0.9656471106959991
0.9692277259524894
0.8024040371484883
0.7833093869519541
0.7712473496730181
0.7853800071250123
0.7760445873004803
0.7965562392875101
0.7593115675163055
0.7766647199162006
0.7852212215942497
0.8801360533859383
0.9249409730891021
0.9954923196503546
0.9415555691615464
0.9230128756163825
0.9398617419589715
0.9950885898231356
0.8083566849901058
0.9472725670883382
0.9060681091140665
0.8820418036556735
0.9406677679776887
0.806247527010263
0.9193387287222496
0.9453728741970006
0.9237043332209345
0.8198887282986006
0.9838536815477789
0.8716742165573239
0.8719752616512034
0.98688411747346
0.9413911254092442
0.9732326800580102
0.755223073320698
0.7810713607560921
0.7434285156691258
0.72033977198172
0.8400553584768835
0.7420040024940716
0.6935951339587484
0.729899415032196
0.7899807673775018
0.7785395470934289
0.8707809725918332
0.9330298348354068
0.9979443548946498
0.966139663709247
0.9299236135711815
0.7514983824903397
0.9230385461998768
0.9788698799784329
0.9815600545512825
0.8564439858274626
0.9636619339727119
0.8467789970823153
0.9919014634760093
0.8224916752544732
0.8696752794720438
0.9612338868561786
0.9300176883658698
0.805439348477825
0.9159490224829814
0.790739482292943
0.8040885368161872
0.7457565837753695
0.6828854365017222
0.815504783997273
0.7628289895190343
0.6914216338797148
0.8656703480073545
0.8287708234520811
0.8323599705948141
0.9764637918174058
0.9914961551777138
0.8999750295802886
0.8943353759967785
0.8674970624943055
0.9414574369021311
0.885544037506156
0.9304437949102915
0.9518496382362696
0.91434088193953
0.8496502319947624
0.867099259327509
0.9182514971655332
0.8771392442396582
0.8936525450086433
0.9857570599475761
0.9435523305063965
0.8827213464947097
0.9953311029032651
0.8126061903331365
0.8839964255829421
0.8898565996101373
0.9036753493573345
0.4792996725899079
0.8776704843079706
0.5234816306652416
0.7462797356070723
0.8690598441125748
0.34872526974964274
0.5548492394207984
0.5738666564087159
0.5290986115339175
0.9578409801397778
0.985279124122543
0.6843010197258511
0.9567381391476486
0.9399772232253221
0.7876053666732106
0.6994403807178428
0.6497484785928499
0.7014694348055555
0.4763215966935541
0.940569077771481
0.34259099624032247
0.6659850910433847
0.9893312983130383
0.875993199975014
0.8181522664589412
0.4024179202212483
0.4398595316275891
0.9186094279692264
0.7592219628259349
0.38700796661470205
0.7919552393891995
0.23319287005597358
0.6182539242401036
0.26263537654377483
0.6176029148446692
0.24991273734833783
0.2443738065740563
0.30973312690913696
0.27438633542640695
0.2800479978850785
0.7554027036724775
0.554404736416731
0.5288089459162305
0.9505127125596267
0.7481355188502273
0.9954806128618169
0.9138758861654972
0.9722200828670999
0.7275432132000816
0.5067650899963101
0.5844278151439173
0.49007550279628304
0.9435709627248983
0.955671399907454
0.9759360946460323
0.8766552015329757
0.8660868447976656
0.6033222877684438
0.7225192774639495
0.5751914137485824
0.8038930106386943
0.20331727804661814
0.21291980118737044
0.2997907694761223
0.14654511252168825
0.16898582397632686
0.28423661875728135
0.22890890406555464
0.15440074287353164
0.20171929421297052
0.4375793083196723
0.3595745225308844
0.2866165926230595
0.84494998270818
0.769378810959606
0.5386158542611797
0.5609026428537086
0.9451340778154766
0.33217364092840423
0.35457535612003516
0.3692247543519798
0.9288740149255654
0.9354153225527085
0.8133159626297485
0.8476804318416165
0.26323887745283636
1.0
0.9904110175314503
0.7665617380837427
0.8891153317740915
0.3712854660785317
0.3899692638514043
0.5139935304829871
0.5201423440510977
0.9311657820402887
0.3957720201654873
0.2610596876073708
0.2590598472026885
0.49549274110953345
0.3204905905377306
0.2651983012143114
0.9809877123933476
0.8175456905136383
0.6118046046836012
0.9131486977066254
0.8526118351740254
0.9982332121067167
0.8895382865513058
0.9795473824473387
0.9977094629761506
0.8457172034966304
0.8270937587162835
0.7423749407481927
0.8994472720369516
0.7852643879361856
0.9287554693856819
0.9742248477145868
0.9846555475979246
0.9960412709850524
0.9382109215494766
0.9673627395736066
0.9295678574516013
0.9203330738035134
0.7110562990019372
0.7220444425183885
0.6675626170181244
0.7973185485634289
0.8452573558787976
0.7376918776803372
0.5944293857552762
0.525314407552358
0.7200641540377963
0.7495783412522564
0.9834520715458269
0.8018834542550961
0.8301312437735416
0.9868801809577132
0.8624667596994088
0.9693986770218668
0.7843661445459768
0.8426159227691439
0.8529948058539177
0.8825020445105214
0.9614090090185918
0.9112013124581904
0.9129427591357906
0.7874350516636403
0.9615587134649556
0.8547819726235597
0.7976705217845835
0.978985226641478
0.8677777421902784
0.8882775800363689
0.9379307846572655
0.7958099333721087
0.803832882473394
0.6328752350834379
0.6202854716569336
0.7468189731501245
0.628124340671894
0.7840222872228759
0.693737341072177
0.6098193264118981
0.7613825148642163
0.613738705083087
0.6979561723461775
0.8813189502836261
0.7506269850792365
0.9049520713805073
0.8701699742813819
0.7271257872847188
0.6902439764682652
0.8214235345190195
0.9612627584290941
0.7744603315816948
0.8451424299347201
0.776940654712049
0.9655514887074981
0.6718402186131026
0.8330606354919291
0.8074226440286786
0.8703764129850138
0.8953381305450354
0.903940136672313
0.836062759643066
0.8799519199381216
0.9815629885561343
0.7141315970987777
0.5253600828701924
0.6203752035286021
0.4936011559753844
0.8973804632128811
0.4613584860895885
0.4433972166345771
0.6009173396446185
0.737582814213651
0.7630157886243879
0.8915748649135539
0.6335064077508591
0.8136557493736708
0.9003040891019507
0.7875831685493013
0.6725851620557445
0.7166011128629883
0.5329984570020485
0.8669233371368451
0.9013436963016892
0.5971484523570812
0.8996119942598356
0.8116590423745326
0.9450794239670877
0.6213812973774947
0.788563111077752
0.6238308261075522
0.8183444262195109
0.6270823821200666
0.9120864483555614
0.6191766175288151
0.7121146719182291
0.33778966549586104
0.9854616980022605
0.4039597152008383
0.5462076609468787
0.3473952860295236
0.4976060246078004
0.37300208726856515
0.3832112857737847
0.601673891788257
0.5274037952007213
0.6793157598284706
0.8077618201244969
0.8583214921382287
0.8095336905575341
0.9700691637267458
0.9037175054906597
0.8176285991371784
0.8694485124509547
0.543723164957443
0.8244877955648725
0.7056269148954263
0.6248338523613907
0.9849596259891034
0.557053159116102
0.5240378855202126
0.8999044086097352
0.7495260425975501
0.9152796506444575
0.8838570121126106
0.9649307325784947
0.6585791313448479
0.8742816120480076
0.771906831656095
0.2213892869038549
0.6277773756636942
0.4028805104984374
0.42918441658684914
0.3349065321348187
0.303903542602509
0.32373492468758197
0.5307042526171667
0.43171668686955894
0.9900949005662667
0.8998720751301263
0.4755344676747297
0.7061377676077502
0.5165954343215016
0.5517431081611516
0.7267044320050522
0.43236833358412
0.6447776846374805
0.4975103881436588
0.44701342126631266
0.8418778135122529
0.8922080121716385
0.7336058040291072
0.73146420466191
0.7584623379836295
0.44742860323276457
0.9924925677663162
0.6458419142900355
0.986148345572783
0.9379429767345004
0.6418391889774057
0.7226491215075947
0.3058380628700611
0.33789387249720576
0.31446430725239194
0.26747253909730334
0.38650787633460126
0.5244164834310165
0.204553498018785
0.31536398757834455
0.18235252134295787
0.7316776727277037
0.6496398562740888
0.6253273933916912
0.5514513280064177
0.7077907325528594
0.5147937369921146
0.641309895715707
0.9755217335165568
0.612801231666155
0.4526777869622161
0.949515074481824
0.8518097605150079
0.9598963321256324
0.9098114093173223
0.9520942629065848
0.5573555106566783
0.45162505237664263
0.8135374143829669
0.6000875847571443
0.9857983113305628
0.8098297591442934
0.7775137040694767
0.5834646674199757
0.49807709843501535
0.5903095081664851
0.5135768989608381
0.2931164716828687
0.3694128431873289
0.2812434421040732
0.2914991525150827
0.8398679902627929
0.37275173176667786
0.404933229345313
0.9333408609291449
0.7354339607443093
0.8032455845516193
0.7659316552970765
0.5303440131762236
0.6876239935114942
0.5631299595116159
0.8196313534587731
0.963232306033785
0.5744413640925553
0.6819070220270675
0.9405383325348274
0.5938666535973566
0.605934909124888
0.7165892399518263
0.7912547171115547
0.7626876422967608
0.924056488492862
0.9215312012057391
0.8806594303820741
0.9882742969137415
0.5094640813458373
0.9248772467832848
0.8274283893727657
0.26548866970576085
0.3285673122861751
0.4685510108671305
0.20054615890105415
0.44570563973220717
0.2304315591434835
0.2532030191266507
0.5253566525415166
0.20956860529488963
0.5471258060105776
0.3366358878729975
0.4543159657284105
0.763806330113355
0.9398086320542217
0.8821726164802198
0.3195498347739153
0.6257361622971471
0.4609309733808017
0.5921150629287489
0.6846950136925044
0.2782714458131971
0.25644172888090977
0.5524927605400566
0.3028700163552076
0.25939237912542706
0.7421889957323843
0.8713099966024308
0.9113762327100254
0.2259820373379515
0.2272486177587124
0.23532079590424296
0.46490640772610187
0.17673199438974335
0.9188056209800912
0.07159241542001928
0.15443382174597653
0.1433920646099371
0.12318869240724274
0.11536851853457569
0.19480197668269297
0.1562739127974789
0.148891290823717
0.19857640431132761
0.6533401026814669
0.7831948785032065
0.9335498240605528
0.30994972546124555
0.5355066889059518
0.9318246962297153
0.9903532659942808
0.9947125033062336
0.34748366874995795
0.9822570820863593
0.9195692069764679
0.6213579898390702
0.7352037818410168
0.42119287875689904
0.7353786231308782
0.4472125116968457
0.46337211564968106
0.4611600615697137
0.4320684026131975
0.8846047154781059
0.9397581244443398
0.8994896963970471
0.473240802249257
0.8704979342268987
0.3503953759909159
0.2871109326680773
0.26446212611438724
0.3636520289705138
0.2652884004624097
0.46323157016422567
0.25556509542711403
0.2665348902126036
0.27673422606482295
0.7322816385608841
0.9599057225852429
0.23310490615466511
0.6797825470510942
0.9876120298553616
0.6346389735656437
0.3092162515580334
0.5924051137576495
0.8693149952105003
0.7881307389695017
0.7302252250032095
0.9708912453412432
0.9481729508840714
0.46247409293337344
0.9912864142379542
0.7410119653253123
0.9497494517145569
0.9933139055940642
0.2492041819037251
0.31655806429748595
0.2372356256397943
0.5951034268774392
0.9946225492908156
0.9673568255941958
0.7068378898085164
0.29797185590981906
0.5170072521403153
0.3150498069874764
0.23565350239643315
0.23088180523226706
0.24483083591669547
0.3209048647620533
0.2592526677560405
0.38224013292158776
0.8622635046717437
0.4911020847662199
0.9594284510200236
0.9285597985455425
0.45096322305332276
0.8847165192679626
0.8292768994812105
0.440012279951296
0.9072822896194367
0.9358662276790324
0.6183962044566028
0.7457363237789826
0.9929193436594886
0.7023897665877997
0.3208288994095308
0.4983781496687123
0.4606648163132959
0.810854195695342
0.9812618244709357
0.5078090253446216
0.3993717249133897
0.6237744017882925
0.9924504594189351
0.9810507064639328
0.3878821312036435
0.37791043479959363
0.3980983625830307
0.3364032963061313
0.415698264021612
0.3093053223292798
0.35512641333265815
0.42231891034396823
0.582925051703588
0.5955330813554951
0.6389099197459825
0.40131918426877994
0.9820239597996079
0.423529596283601
0.8059999933606713
0.5072167070361686
0.3976772393396878
0.5391937427438289
0.6190743889494825
0.7962279010122189
0.5259638344881814
0.847061129050195
0.7703544303530797
0.6635688558175903
0.4936575339876528
0.843480721543061
0.8815022972473796
0.5252729880283789
0.8823601509888969
0.9228554240976559
0.6980342250783765
0.7448444047159334
0.46986166166737553
0.521398884091325
0.47679888207427945
0.5222919981381678
0.5032604456963484
0.48565145933758397
0.6157724773716563
0.4410930866542754
0.4417634606999777
0.507141375977397
0.552358046052605
0.8683181754980723
0.7096106396857604
0.5848950322936421
0.5693901930172759
0.552526166773547
0.5272061142079834
0.5596349238015295
0.9898763938569972
0.9085998689059885
0.9182009056359387
0.6986418425962463
0.5172628694177354
0.6107450059864622
0.8991985873900229
0.707054674389959
0.8059141299233693
0.7050684482675355
0.6059739444351416
0.7590638639360782
0.5288342997694541
0.5645736314843427
0.9844659938119604
0.9541724094605644
0.4730479892577781
0.33698306175963216
0.5493635501753356
0.48874230998105167
0.6287115800550722
0.3728827901580082
0.5406940330892677
0.7022241449148767
0.42137457853084986
0.39376215322412494
0.8745462063414849
0.7094517735935425
0.6842877610510674
0.518016024745874
0.7682666879845245
0.9753879098329549
0.9051329630399388
0.9514865952245587
0.4461948690056519
0.435191611974989
0.4718131624729675
0.5850625727013468
0.7566623282826077
0.9055685117174415
0.5782698893919792
0.44976185361224663
0.8991781315909372
0.4404318991228888
0.4654603974524292
0.7069087670686858
0.4851968627178708
0.43472251731559836
0.7684902906070057
0.4430439464300323
0.45186571268224457
0.4912716986468054
0.42775501106881425
0.49347144957515626
0.6341449010478929
0.5578923696658494
0.5139936033567918
0.4428350937007219
0.49311994218344884
0.8209268426150417
0.7216926089411708
0.5671769439889177
0.5274128237836935
0.5275936799863133
0.5798498787617885
0.5921491223350518
0.6844362144455176
0.8451857687003416
0.9064636786813655
0.706752139260435
0.5314300140984426
0.507666879887401
0.9318987256901394
0.8013942370285281
0.5468447252329063
0.5841349779760356
0.7762115728707181
0.6872327380460544
0.5887742775397026
0.5687354054283951
0.8255305058024514
0.6553983516097338
0.9875526386910854
0.6009540785969254
0.49107878151078443
0.7714508856984323
0.6094419392333114
0.4911156091293971
0.6645443151342194
0.5867676998761423
0.5290655806527154
0.4814035629650361
0.4890188129214776
0.9631441880420608
0.4911218443423835
0.5395222786805004
0.5649674601475841
0.9233690693491784
0.47407954086681015
0.4833684473496639
0.9873361929545851
0.814614436267818
0.7425176006185019
0.5842100862021412
0.7213289171883168
0.7614941240526395
0.7858368105206585
0.49438545850691057
0.9028264707948266
0.9604772131406103
0.7903315552041443
0.980734444330819
0.8421918484752255
0.9390871110427522
0.5960037879391491
0.9869925342075423
0.4911919561965652
0.5079439547899424
0.4599352133186946
0.5630184252837763
0.5253608281181483
0.47534593012808907
0.4236068597938437
0.5460536203649904
0.44286972862374263
0.48665605002765694
0.4778675297741198
0.5214453599531161
0.6381882226709499
0.993558357620031
0.7416895363794623
0.9251269292079761
0.6914264866743666
0.722604119062155
0.5918000689997136
0.7516434988795532
0.9618310465493863
0.910289382578735
0.868825471923055
0.8491093071216654
0.8757063509908035
0.5211194315183937
0.9568806915491375
0.7302340229917273
0.668494125724252
0.5856669200182232
0.6688571372453067
0.5561031967270608
0.6799004901669207
0.5496235893998644
0.47669073950345503
0.5291919813201423
0.23869579587577783
0.2874804583048194
0.6689077171924624
0.30033631131867905
0.7191039493427498
0.6719584896154697
0.27110744284840654
0.5874149011079512
0.39130548117644814
0.9008066891073837
0.38656566809330284
0.5127430502299362
0.9897002583516783
0.854924660306798
0.4191551344389276
0.7982686335063744
0.4718156847565231
0.9972558952484355
0.8257162386112089
0.33307273670801174
0.7681709080043035
0.5269752417874551
0.6327252330974559
0.7153318840710668
0.5332922881421742
0.9488519398487134
0.4231122815134265
0.9701151935626816
0.9781251409826591
0.8263697738420034
0.6213401664263228
0.41569611820434377
0.3327569051822163
0.3518590235694936
0.34270285068788064
0.3396859146243659
0.30637340608175545
0.4856621196171528
0.34348537817224406
0.34221982413250623
0.5905053261893551
0.6186155525737977
0.942263615397394
0.972081757593553
0.7245184289566826
0.6734315571769667
0.8850107258958934
0.6894190236257387
0.7544339712829254
0.7468121953598156
0.8641324934887177
0.7299733795686271
0.4997126066143156
0.6841375673920947
0.6957438019849044
0.8934911834094522
0.9850460732670572
0.46704271450132734
0.9140730534723914
0.5319982984832134
0.6554515514375564
0.7381116949212361
0.8528125511555775
0.7418080433071012
0.721438321004135
0.5384104764636108
0.40547396315844986
0.5092283227142494
0.5426831141752123
0.5191359146179216
0.5697230266694637
0.5336309377229737
0.4937649129621544
0.7840934228981795
0.5782935910269048
0.586981935440048
0.6704070247504033
0.9350215997356773
0.6252221593034525
0.8425943727683444
0.6976201825121692
0.9851993214502258
0.8379556449537914
0.584489473263394
0.8911093267907102
0.7729271962726391
0.6073050042275774
0.5781565795429533
0.6557255233680354
0.603568711912951
0.8058948702091248
0.7896299243460473
0.5849680579290033
0.6941517400160065
0.7722347742713946
0.5452666966971157
0.9384444014543891
0.8220151667490033
0.5458718129604565
0.8485863648527721
0.519470128117278
0.8052115281813331
0.4404493172148926
0.8336650528776103
0.5281302548795132
0.5123803997723225
0.7336125627124882
0.8827321779670809
0.6931692990370193
0.8842169605051855
0.7837967719910489
0.7608461340377833
0.6259944376666224
0.9414924729870902
0.9954160247729382
0.5882929527358826
0.8601551723506075
0.9508610743146322
0.9869127834879091
0.9851744410450938
0.7743916815248084
0.7840626940596482
0.6938074726508684
0.9922179609081713
0.6778778678574375
0.9348469428323635
0.9959093948541823
0.7302197101316149
0.7462615013662273
0.6789261238513311
0.46815730422699464
0.3126199767173565
0.6516056164227425
0.4764652741695709
0.37559383436437743
0.8480901741362651
0.7342116600064759
0.3631230960735098
0.42156407054150385
0.7148837717886988
0.8291067741833227
0.8916418473015365
0.5378019998470959
0.6348357500378364
0.5655779918132857
0.8231506537567556
0.619309570561481
0.7940701616431286
0.7742102936419838
0.648685364800259
0.5663843182094092
0.8141082743210487
0.7143562412098292
0.7513946425027113
0.9921966549646573
0.8893986121188194
0.8305643641656115
0.8527412934506372
0.725740096250252
0.561717104881977
0.9304062477826985
0.7373135462301654
0.8563315900731125
0.4902259022219422
0.42097538398506906
0.5195172544871332
0.6646132890330512
0.3920746897454031
0.423018427946441
0.46153411502209474
0.5322736867579196
0.3939385491260757
0.569387598705618
0.6911117719057667
0.6518884069094727
0.9217582822233594
0.5813009991583791
0.9421780461168644
0.7642234236977399
0.6465764143449173
0.8281045838157148
0.9480672925923205
0.6927691745038289
0.94491920498673
0.7354295141565187
0.9451813188147418
0.794921833593488
0.9363674787173151
0.5712263987103012
0.5787921228729839
0.6055234862491792
0.8079547966758492
0.600495064367591
0.945789584904159
0.5653860592067659
0.5770876863283211
0.36183638274637375
0.29744781087536915
0.5710618616068056
0.5129663267351622
0.5610711422610201
0.24786595094268093
0.24531915119500614
0.5085545642559921
0.29779580415202606
0.7746939032235474
0.8504324288359109
0.8932977056316705
0.9503222059405863
0.7758923390600619
0.3560435778322629
0.8207809879081376
0.6001288350721717
0.7022266452511184
0.8092673937985864
0.6740825974123548
0.7963489941830256
0.7961047328334669
0.9953708175632644
0.5476986354324934
0.9868872341816279
0.31630498107922395
0.8783455815619634
0.5648834405395098
0.7148453694932237
