0.9599293727645666
0.9048323862836855
0.8923510580162222
0.8807282073828161
0.976983931296339
0.9274051419227
0.9139223125328818
0.9051361383373071
0.8677032200259714
0.9585745289618259
0.8848258040987202
0.887137676048239
0.9867278042111406
0.8814075102525663
0.9710869293002163
0.9730223093139333
0.941313163803476
0.8724507765889967
0.9081753093051192
0.9498545262246486
0.8593392040625485
0.9313234339596665
0.9494944215967843
0.8944881582435753
0.8867701270445764
0.8920307031927058
0.8581289910888629
0.9314491655874629
0.9084261416373349
0.9167974013330678
0.9283472402285586
0.9335041441702355
0.9601615382407612
0.8905170266338592
0.981881812576171
0.912016105684859
0.9958604268192991
0.9344055008059144
0.9907251015469504
0.9170466784503687
0.9337831902114943
0.9576170597703867
0.9404052522123599
0.8847122665980899
0.9626243880229195
0.953909803459797
0.883968151033843
0.9520535539619
0.9971872116594009
0.9082820221177503
0.9958791880307404
0.917711204503084
0.9223712649463909
0.9297513432468832
0.9220648956939574
0.9125840328831386
0.9681428389663105
0.9777072049382842
0.9998697783670701
0.9867261370691282
0.9925981238196442
0.9976168556489104
0.992994795039979
0.97138565702654
0.9681477694371562
0.9990695390470073
0.9969533207363145
0.9763373624373771
0.9904364084205852
0.9993217950328906
0.9827204104450943
0.9885527223171704
0.9872861309961604
0.9977889553627963
0.96296390792128
0.9997933558465985
0.9997979013406525
0.9832186483838614
0.923893607107172
0.934316802285821
0.9978061167259673
0.9683505936177905
0.9187678565794908
0.9212437882346992
0.8990916022950635
0.9455897998833586
0.9840955139379788
0.9687247234856169
0.9909760028583438
0.9259743328603545
0.9991670878993043
0.9224842971730236
0.9995568638719957
0.9899952247483175
0.985464375796163
0.996999900210236
0.9997776872990478
0.9900151415461474
0.9993230359833843
0.9923740534780581
0.9988582167451182
0.9962289645366428
0.9650185466423348
0.9989108068800033
0.9967794652989523
0.9975757563076526
0.9860558947303265
0.9616581942147339
0.9271780345636528
0.9573788983472863
0.8271924118659392
0.9212196519710275
0.8898878790830528
0.8629487156839145
0.9168953969578456
0.8316860167454707
0.9020381145817649
0.9551763894563288
0.9832347868965983
0.8498039986481778
0.9274888447021031
0.8967389415197863
0.9671327338319656
0.9644845169819516
0.9679864880315323
0.8562078066272553
0.9812725696447943
0.9454157470781546
0.9802672088223107
0.9902958872677345
0.9808083149543384
0.9961964354255105
0.9166783371221562
0.9227362669580651
0.9509570864295256
0.9160934216084795
0.9965687213545223
0.9802386868392889
0.8093799241047636
0.776012226304223
0.8431385174744173
0.8296886379805128
0.7427606340875501
0.8467441046286515
0.9352796478860674
0.8020619192340159
0.8136808805857676
0.8660619938889503
0.9138237126949801
0.8531858371545877
0.8087172582195001
0.8149584708484453
0.8059180598868312
0.8316282254916735
0.9947154942236521
0.7997525832853638
0.9875060921652918
0.9743504165109101
0.8142376859361846
0.8603838325830677
0.8449627023740606
0.979899193001818
0.9701425801616177
0.9960492053777291
0.9747794358950757
0.9548520195895948
0.8450656751794043
0.9471224087229155
0.8045975768625221
0.8069074334003584
0.7844640450317666
0.7897915627900026
0.7798761813018125
0.9137107295120823
0.7896039324598343
0.9987507926846161
0.9970673302848754
0.8448247522839365
0.8631895652509649
0.9756957831048724
0.8460421384623863
0.8061136755416667
0.9632591898552891
0.9280548096351766
0.9040443826242017
0.9973952871700371
0.9894995426136918
0.9063265851841839
0.9970014819566853
0.9283267006680531
0.9942789533804601
0.9984674217081098
0.9008859074729841
0.9432485368750554
0.9753970188520161
0.8574769394400276
0.9727878175795114
0.9718164158992318
0.9503721025120002
0.8011698161339579
0.7708868587736661
0.7976353642079511
0.7828923715872519
0.7522790655296608
0.8099542648144693
0.7612486241735839
0.8033673152520598
0.860323328275177
0.940206754733202
0.8891887250435563
0.9110714925242973
0.9137189571862566
0.9256835333768748
0.818861764030223
0.8695546261839538
0.8896762547397586
0.854371525563757
0.9956793548677327
0.9287960508243042
0.8269545211455882
0.8057053686858962
0.9623438968604655
0.9145938670997658
0.8115310672459702
0.978822759600068
0.8199266539565833
0.8278424350972283
0.8445874361955099
0.8281228655398034
0.847173874656461
0.8777228187675025
0.7009646735977825
0.7282618503427405
0.7860360163986653
0.7323816757138742
0.7828426736835735
0.7241329147812704
0.6773336540550994
0.9243633722662837
0.8829864935875796
0.9240470074199809
0.8407659428546995
0.9790897128312277
0.969446976893117
0.8105797980179414
0.9133602759736756
0.952495789326654
0.9498530923787765
0.9909291049069572
0.990943827809477
0.991636796918632
0.979952162448834
0.8132963185225905
0.9276730330542662
0.9937318968495559
0.8998909616264056
0.929692504595552
0.9277502976893789
0.8288807533856428
0.7748900116735333
0.7967604511989546
0.8128897872677637
0.8074945642345441
0.7205178023587104
0.7842975355026236
0.8744943792092891
0.8504981572794335
0.9136171233201561
0.7983921710842634
0.8657568611727171
0.8794852369299345
0.9861830903960582
0.9864070418554775
0.9804400488361746
0.8710910063183362
0.8872492438620987
0.9848853028923618
0.8719880406875222
0.9496481141031189
0.9415095018048691
0.8860219332881477
0.9543971111490513
0.9601795351910734
0.8956068210581485
0.9432359201460612
0.8923235894456242
0.9907470623804986
0.9972047005439962
0.9501278720576544
0.9804509108627006
0.9850464388603258
0.9534637495889993
0.9765221969642667
0.43981160291162086
0.8906813745699611
0.545828454281601
0.5759819308306553
0.833244686618256
0.35407672276934715
0.614645598495749
0.8663920716198368
0.6956205875155865
0.8247401767821955
0.8575689196678392
0.9691792009180249
0.5013607057956389
0.7621647165283411
0.9080348019947575
0.5916253566488412
0.4432935856998385
0.39342967370229087
0.9888690477481153
0.8614299568184366
0.3511617416808057
0.951403194243003
0.9405073343078703
0.4184778502844128
0.47493703821535466
0.4248871268635364
0.879592745421108
0.37781882718186777
0.7432423347668367
0.9228981337425539
0.7183229035494828
0.26926881592479
0.6179724873896276
0.2488951720118165
0.3674851434718183
0.26577777350045584
0.24990121293134337
0.32438626563754264
0.8241292252070863
0.6189704244363471
0.6807967720481665
0.6244158842809375
0.5125679307328079
0.7858285687685169
0.645076831415121
0.8720129607619106
0.6463026142402989
0.671684086834661
0.6070695018107899
0.9912336607239985
0.8631315923485304
0.6738321979204349
0.9244694703791038
0.6465610791204337
0.9901607740551044
0.6032715247824287
0.4359721999740481
0.5848555349821666
0.7038616163201866
0.7922581433341803
0.9839936465442699
0.17852873004276126
0.16980497396246202
0.26974418740643324
0.15674743510212244
0.1908947152238648
0.22063783988764984
0.19280042878422163
0.691246947465832
0.896519974029598
0.2780713585587247
0.6822835753046621
0.9361180179271922
0.8298664436629993
0.9925656021075218
0.9924724174415193
0.2850319987159656
0.6499007870549819
0.8790286203826092
0.3793930629155078
0.4534844636175649
0.483871437902331
0.9404037005674518
0.32994955451126373
0.755512824658379
0.3003191601850361
0.6743592599357336
0.305622547121326
0.2445203537201917
0.7821460969205434
0.6004926605893527
0.24466469461295237
0.6994797349999847
0.4159399496095843
0.2937001893320312
0.26075090439434795
0.5013557384205038
0.31926742936677427
0.2533863852676371
0.8162265056708078
0.977446927704043
0.783472217403205
0.9817118200886237
0.9962617144179079
0.9897977770199913
0.9733295891959912
0.9987224527824952
0.7405862066959571
0.9117185081905039
0.7763402572139965
0.9944798735768701
0.6702905447548572
0.9093856677172272
0.8838276656419362
0.881109496316673
0.9735719069695206
0.6937804198063829
0.9247095754955588
0.6230852300296447
0.8602079382338778
0.875281046223832
0.9944306113755386
0.9634934656682282
0.7896464425879188
0.7227433120314665
0.9772724790846079
0.814968162967033
0.6227112554600793
0.5794810750535649
0.7425183554370635
0.6966217700123156
0.8728744097805757
0.8468142011590684
0.9468364190757979
0.8562571999053865
0.9439506189284335
0.9474915334250891
0.8050773111546985
0.9875765663302698
0.8442234302490508
0.9919063826051941
0.8066956309323023
0.9721968069249857
0.9212775256583291
0.8930948144667079
0.8388545025554982
0.7642101810901327
0.8282946397054791
0.8651674671306785
0.8650966769817766
0.8577540956807763
0.9228919806652525
0.9471272524634332
0.8048635139903111
0.9872653155769839
0.9107924352760199
0.6497073636233331
0.6219701079681166
0.6305618043376591
0.6362595711732072
0.7890504001816635
0.78960936689133
0.6004603439006354
0.6785434406705863
0.9241553887508162
0.9793176586190299
0.9783842235272214
0.9935042783251963
0.7127213116916209
0.6730998105500493
0.8297559869321564
0.8194221831739482
0.7945896481653858
0.9212321098849031
0.9540376292057247
0.764217749253873
0.859467504079852
0.983798437609527
0.7220500373736617
0.6790691283495379
0.6956662040815792
0.8536865716815214
0.665879091380177
0.8970442067875252
0.7038342998949884
0.6686586607230631
0.7627479254534895
0.6331946471710621
0.4474502669774635
0.7291172843763944
0.4912497426844626
0.6805111725741391
0.4448920202711707
0.4916303956301038
0.8825717573979066
0.5253898410095879
0.7871042499837737
0.8460222168694016
0.5780332295615247
0.9855648834734623
0.6227061545731106
0.8061204259737075
0.739817084612894
0.8029418134494745
0.9112199845731811
0.8390481034051386
0.8497953022973744
0.9875672286805822
0.8690637301790046
0.9607687480387461
0.8205591983639895
0.990961584517746
0.854626323965427
0.6884640662695011
0.7446565560746914
0.623066525229454
0.9096787063758158
0.6272473902673734
0.8817819633323357
0.36026536635035
0.592035972265935
0.3758706533661673
0.5019832332379098
0.3094135219237097
0.49983437077460097
0.48307972401757926
0.7177292780240047
0.7168203654417384
0.567046747593955
0.7505408760096798
0.7109224202428579
0.8857552157306021
0.9939166387244286
0.7091591947063141
0.6933980481207785
0.544523142537853
0.9231988983411558
0.7190750077994279
0.7053314794956277
0.5962918073121363
0.5550616795674079
0.8344816738712904
0.9939999144797387
0.6159677930368932
0.813411594932946
0.822212725343533
0.5459824626052533
0.7677646700711231
0.6675547211443597
0.6755583857244644
0.7501607851386697
0.9152765486724942
0.3852498840459682
0.6780445705545031
0.302752452099583
0.27246701225701253
0.27187474185244803
0.3692388522274338
0.38344822299284664
0.4503429176931632
0.6979592213742007
0.9575230378892836
0.5099092822340351
0.5405974276653734
0.8430815246429291
0.609746040185687
0.8067473441526848
0.621387173703141
0.9887737850430628
0.9767650781016047
0.9071139241443285
0.5635295690428654
0.7669009419255491
0.5727128428181381
0.5999856494434764
0.45457596543657525
0.5473710771301311
0.9406992339662177
0.4503361966518421
0.705618437958832
0.7197977454306755
0.8958823832953867
0.8327856782736238
0.9353685353739344
0.30539196637004007
0.24825553558753843
0.3994667407627705
0.5069413570750706
0.31745500111538677
0.2877283172689099
0.24433712202863064
0.7605723767696221
0.4822010235990871
0.8672651061784684
0.7418821384099008
0.6672673987477878
0.5351518291342654
0.4379354776779447
0.5131242073781271
0.5159860535256453
0.9222145938176798
0.4871243198038395
0.7801756431756934
0.48642723525297055
0.5558114537629256
0.921237733076857
0.6718992731167184
0.48301047163579885
0.6645654835747973
0.958911062716247
0.69522462281235
0.9908280006854309
0.5317904337988184
0.8202661863947126
0.9880173817629517
0.6305408809371662
0.45469381144870946
0.3711684970370838
0.28557389599210276
0.24775995385397012
0.3596147163785461
0.45721507077484286
0.3547980523368402
0.4374696810897379
0.8481677158473503
0.5414212068185229
0.7847510724733264
0.9063893384661315
0.54369603904433
0.8802294458453702
0.6780886351531854
0.7920251902242647
0.6028391136498031
0.8944421302938003
0.6050453332804143
0.5687829011944902
0.5991903302804723
0.8516225021078567
0.9577851872324744
0.8860016687502666
0.745142015754039
0.6319910025730962
0.6166818920087449
0.9629389379179553
0.7454225039899113
0.9237015423141633
0.698441602580153
0.5690374090820707
0.759138076914643
0.8444839492447399
0.28993690341254097
0.4763135531701044
0.4708998999712582
0.22907703989654837
0.7822807946865679
0.28601627062651436
0.18869467571609222
0.7510581741422028
0.2297213750265245
0.9537436087437612
0.842114122197626
0.4946912338175591
0.5883870414768068
0.29746926392827955
0.4407048526140775
0.20521125444876626
0.4646509762907035
0.8623120634368413
0.7856513380281449
0.6206953905655899
0.18668138488817462
0.3224947867442217
0.6104126852202234
0.22981979020851465
0.7010202839122801
0.5858880261033608
0.37721804411744164
0.21866201224538911
0.7467700923638052
0.9057885126445424
0.5624351653282887
0.21089565460068735
0.32158229269879635
0.4209412533556898
0.1303539897567275
0.1507709844130069
0.14596370061767175
0.08411670902764348
0.15471597270514945
0.17963861129677225
0.14828690745212697
0.7727451029446892
0.9407148683216363
0.9755412616575766
0.8957928134671108
0.7597527689388385
0.4759999366535153
0.49227933823567954
0.9025601453215574
0.8165876569569409
0.9429243491567141
0.3093324477947673
0.8728057207673536
0.3785181474007284
0.4609790096530243
0.6832694745993129
0.9052095112238981
0.6157410351754082
0.7926309624801342
0.48020346982891904
0.7355530486913258
0.36867896662533167
0.7515723988047328
0.8325670093457259
0.9525986097927526
0.8401878021433443
0.646311904381079
0.38473119871096184
0.27854354464214903
0.3022301515317847
0.326781705864656
0.23737485712006418
0.31663943356692476
0.2722478021839311
0.6831493106985592
0.3088674428580231
0.32760691125191393
0.253813488496348
0.5092337113752029
0.3973203339466628
0.6075207378829683
0.8092171651979988
0.2906044794283747
0.5423523150821216
0.2694747425734094
0.9748386761114266
0.27508912569527205
0.5114776532252066
0.9441681490220442
0.7644832511970914
0.9172342147786227
0.3535321492903872
0.4207783758911139
0.22613931346386984
0.2330915988949647
0.9941748586417979
0.23292965156785375
0.516604277724472
0.5120350206333547
0.9384601841643254
0.23757501503712247
0.4029050692616764
0.3404173216824238
0.30402333061814113
0.33494379894924553
0.48259283439656186
0.3605309047053676
0.2864170636737544
0.6682182075072024
0.6823092595393943
0.6836317817472843
0.790856821558816
0.7196722609577758
0.5957721042303853
0.9752161173785511
0.9158205071908653
0.7744341983339157
0.8207716971949482
0.8374612788583242
0.8429675550036925
0.9585539042900063
0.46112850923127896
0.7048154583317806
0.9492941063231256
0.8912153269651141
0.7713473184850956
0.6261905142188756
0.5940075298933728
0.5866408480758082
0.461950577996282
0.625415082209197
0.8388264952198079
0.5250933040204675
0.4017933782382603
0.389571394589147
0.4267475073659445
0.5738431277979358
0.33391131680673614
0.5408597730226701
0.4938723206001492
0.28779257076391457
0.3839638251148674
0.9060910190450906
0.8639055555469162
0.9790542656587006
0.41694127064949515
0.6097873904101763
0.6053721861651501
0.9798516363391284
0.7381706589570823
0.6843016526732075
0.9697066834640407
0.696373621473201
0.7407300623017222
0.8785869629582513
0.780318925941225
0.905009399966575
0.5102160053707896
0.4114141335002096
0.4270996978879629
0.9840527920889865
0.8458074870286824
0.7379814958425663
0.8471148416697664
0.6249052520794494
0.7999452883045506
0.7862396560154502
0.5403794274485366
0.5125239596594213
0.6114697853522345
0.4025343454892992
0.4675784044273709
0.49916207523772366
0.4609138673065667
0.9741525475675789
0.557587776235606
0.544991422926101
0.7455710251484374
0.8624501898057638
0.5549726630307862
0.6088283414267739
0.6249523713242068
0.6648141290718845
0.5604012686163345
0.5523161716005347
0.6206258315791477
0.5399078069652603
0.6008482268763942
0.5379648094319611
0.5348964916759911
0.9877566380344572
0.9558265998233795
0.6402330742732361
0.519086369270336
0.5859642644489003
0.8836339220707456
0.64924642644291
0.7972612675792404
0.6550143611659776
0.7537883290861002
0.5854514051153344
0.3752941719273709
0.640452047248923
0.36163594750059375
0.627264893223694
0.5353278513511585
0.640737118358774
0.79804316842629
0.47703873281998604
0.39517004833373526
0.4913547175451949
0.4502043307099164
0.6252356939029574
0.45613302140673206
0.42226698660900763
0.49036582234886233
0.40861561668259366
0.6609505775864857
0.4898243174582796
0.5227699241379394
0.44303980592852316
0.7151182892757973
0.4007769121280027
0.5178525463747556
0.4083830512298126
0.4877081873909303
0.4063045871200725
0.4899605880953159
0.49640091402529746
0.4129672933671245
0.43987499269839186
0.9503528083421583
0.4321137896842972
0.9479782432812573
0.5086532172505542
0.4395090140185769
0.4295203201057799
0.5785985688215701
0.5501871453748263
0.4506473889684097
0.45064481246301025
0.5860997874398989
0.8797533852424264
0.9865294482163646
0.49616962928955766
0.8575524415555169
0.9014174758970903
0.7833851420024689
0.6091571023228795
0.6217235495597725
0.524665187677542
0.5102812641786644
0.5440032033784831
0.757672670519942
0.662205405758979
0.9221318336197457
0.6094061516608902
0.5145290463244874
0.5988635861304509
0.6291175432228872
0.6172035205917716
0.6440493712646381
0.94038749928854
0.804005832455793
0.866000574261151
0.5673690992117685
0.8576418354205362
0.48864991809531394
0.488094955564066
0.9114148469325887
0.5515861832333313
0.5014612904931386
0.47096642492606494
0.6625677220955989
0.899230435543423
0.9675782332739606
0.9656095049174246
0.7599359260416853
0.8184620641772785
0.9895460913663187
0.4644887275515864
0.8187692738293213
0.8057321228165237
0.9910228479993286
0.8493331446871414
0.479114434676428
0.5302503573841783
0.736727539459725
0.9037146582454504
0.7477630895154469
0.6722067028987633
0.5884131621394268
0.9655918810398327
0.685942689102091
0.6623239583611421
0.49682683337443373
0.8035630819066546
0.7461313782426141
0.4895439950309965
0.6940236389058656
0.80624933773041
0.47317272565103624
0.561798808240007
0.4154785645538562
0.4967204919597656
0.5511188804491016
0.43668120193537485
0.49961770363679975
0.5509863346833048
0.514585249544577
0.9734146158692217
0.5781596246493078
0.9926164569738901
0.7232172271951705
0.7660896156686309
0.8997107502640277
0.9671402717881218
0.623897892518705
0.6162657802800272
0.8376719773119017
0.6382647662614734
0.8124467081056299
0.5190558716131327
0.7764780622775225
0.7476216083213505
0.7597963447576155
0.976558494604155
0.9635628728492014
0.956055453544084
0.7754089675438351
0.6575830463856043
0.9276266424450971
0.9590322802418215
0.6622379949854346
0.3176546778615464
0.3771468611581649
0.30276121661419186
0.28753273021422887
0.9526616828514834
0.2879942418511398
0.3373614817477084
0.7376286509830333
0.5114838715633435
0.8199716849948834
0.9450245263324532
0.5918058451574094
0.44879969221901017
0.7187376241638577
0.4832512717754049
0.7359023118498749
0.9535779441360791
0.9814793216425978
0.7829883953224313
0.35348284547100634
0.7377492283705568
0.687967780805923
0.8958660687016287
0.4551102600930334
0.9149378043269624
0.8745589705508431
0.6173890040722783
0.8979505133140152
0.37226701220888125
0.9920690048265431
0.3623812545352246
0.7481595979332474
0.8693471948867744
0.3448080645000517
0.32807478791015027
0.33565809872825325
0.3989095201998791
0.763546218370152
0.343786313134025
0.3285167862592045
0.906704684122647
0.8479802561280368
0.7245127578526005
0.9770663199785473
0.8838426724014208
0.5117283799730086
0.961240891031135
0.7332116362455255
0.9065964238289926
0.830261008530018
0.4466974609182603
0.9662944631621619
0.9692510110200754
0.8661861884323634
0.653299651872455
0.5534219037070274
0.6487420515244369
0.9686778970045397
0.8974422574410377
0.8885664549164535
0.8488831380822014
0.9716383585017815
0.9300455595453198
0.8393843444201866
0.6108625125538774
0.8479832767563021
0.42421590720712105
0.6371450877201656
0.5362702894064311
0.461691572660524
0.5674656281319483
0.5384695413502563
0.5634295169895943
0.8966382445766399
0.5744100009414395
0.8096274581397609
0.898616213412881
0.6603954278318943
0.9647210091080234
0.8870195909978164
0.652557181192087
0.6894469053875358
0.6184299983755865
0.8538801620448809
0.8477438589767906
0.8153894680112439
0.8357586260438459
0.7446740097539493
0.6333504247495099
0.8637169763756323
0.7683236183761306
0.8123466035028741
0.5950453460883467
0.8318898084180106
0.6994367316277654
0.5463384893247585
0.5760677654014256
0.7352858286697895
0.645294631870488
0.8060776805625389
0.48179062302785775
0.8274114496283268
0.6204961481620913
0.7491487893307074
0.44607416537028816
0.582198801650669
0.8001689623151231
0.9817831085478546
0.6905471811782655
0.9705991729330616
0.7102106665119476
0.6827187471403823
0.6762753054857417
0.8443453762089507
0.8604168288333431
0.8242606928700629
0.942807652210077
0.6000441018819135
0.9210704596524895
0.9731303299432946
0.9574490808207017
0.9229940990466172
0.8620711402311911
0.9560748280772421
0.8861064124762227
0.8017346646937393
0.9534026411408575
0.9595237912079597
0.9554646625959273
0.9955126950340825
0.8880678595993686
0.8938546053970197
0.5047115240385848
0.5038797679934682
0.5183548467422885
0.48599851049428855
0.5341031527928882
0.6189582995007572
0.4511896231176816
0.7744186157436017
0.7331822166986738
0.9008444703548311
0.9828719512227162
0.5604933168416256
0.9821355387478627
0.8499243371290811
0.8124088865462301
0.7435426004126289
0.9940390074052683
0.7731448722935167
0.7691538823364986
0.7989166080721904
0.6054286737677754
0.6375466342547815
0.7084726607696613
0.6874715745508089
0.6627757019340692
0.8861411898774494
0.6981354351767768
0.7510171557446496
0.7072307374015239
0.6814233123812242
0.6918229105700335
0.9291854600134255
0.8506881198148465
0.6599514977145221
0.39928226485548113
0.4492759215035365
0.48792464395100926
0.43046502764963557
0.4653488439537775
0.445777319299394
0.9957625532879721
0.9495192190889092
0.7570369635155254
0.7628480111020829
0.5835512893201537
0.6378573870604206
0.6535585761488513
0.7166918256417388
0.9846033522991895
0.8148943234872059
0.5742343387060795
0.5639423117251312
0.9686476160753437
0.968019894799331
0.8006396716310001
0.5651815552401218
0.9471695405583395
0.9595052790014912
0.5420212049426983
0.7226156628777052
0.6539398055808568
0.9922732134446021
0.5953070509917492
0.675152582792555
0.9454971394617995
0.9254036475569979
0.27252977608559864
0.40777785380111903
0.5665165295997057
0.5190320579000794
0.5487325487738988
0.3123037221008256
0.2203952526458581
0.885845499179043
0.9712816920563637
0.30492670698160607
0.997319152148423
0.9589979966604488
0.40401043698727207
0.4929824135683845
0.6203389984233825
0.7984514962902138
0.33417667493261166
0.4788050195552184
0.524157099879304
0.5581778907785035
0.9814424783460416
0.7314125639606439
0.6061175307858396
0.5305920933994932
0.9585928902867118
0.775796376742278
0.9190501941932315
0.8464308957117375
0.9580038752063345
