0.8491942484625805
0.9006944783310571
0.8698088153868341
0.8884009198152661
0.8627411442650562
0.8589990734954881
0.8782338886114693
0.9601211383842057
0.9252879500230419
0.9169145670482802
0.9394810241650029
0.8948710026391589
0.9609633172628701
0.9944812060811832
0.8730708219086278
0.8981252793252044
0.8584301353674479
0.9563823864949819
0.9114430290114193
0.9588595485751322
0.8512001288235194
0.9085551224240432
0.9893658200016887
0.976829996654372
0.9970295226233928
0.9051467137951255
0.9630070309614343
0.9429771175684492
0.9383585634049105
0.8921265990592787
0.992073941237846
0.9990502277472081
0.992494895101281
0.8925922160331276
0.917557685997793
0.9757814198951026
0.9657874269669287
0.9972375954052339
0.9817855444442678
0.9087496753296129
0.9898707825110815
0.9965888956908224
0.8836885641650218
0.9902269455287647
0.9121399870334788
0.9611697149665172
0.9516755404609972
0.9604549049826634
0.9804805237128249
0.9338560315268407
0.8955106670138109
0.9096282771077769
0.8821593748308305
0.9755247408027516
0.9170865151562622
0.9111954393753298
0.9594929007975853
0.9608995906077421
0.9974411010131414
0.9968483219644195
0.9949342429029358
0.9995112472816688
0.9701407738325563
0.9897498026334208
0.9833492021644176
0.9934219269219958
0.9947131385519636
0.9948495307655778
0.9877855898290038
0.990763743090934
0.9847141924444741
0.9943164762498574
0.9998438664798734
0.9746683715200261
0.9713689648297524
0.9998024759098123
0.9955704598733108
0.9867248431973691
0.9898680364653546
0.9796824638601829
0.9995085537851212
0.9985741371979268
0.9994167794424254
0.9951181812934597
0.9194549714139395
0.9711524528304482
0.9859493387229261
0.9742718084483796
0.9558577414958067
0.9970936218785963
0.9905545331374176
0.9182647042744378
0.9590115330702981
0.9975680517710434
0.9945663901200197
0.9572063327282478
0.9244963779117675
0.928076673299583
0.9971404662424225
0.9368957433919456
0.9473822902495418
0.9529655513338844
0.9419997716353484
0.9165963146291698
0.9180679699998998
0.9961418864875061
0.9471531087525003
0.9557794910066923
0.9313867267020891
0.9170066857128648
0.9248392186319769
0.9310788752334538
0.983314710849703
0.9952360396429203
0.9303296768354448
0.9667354577776014
0.9659299033091648
0.9777880677320541
0.99193597572482
0.9812446451258289
0.9616149964123129
0.8579088735792758
0.996097871859014
0.9800753756266303
0.8933277827781224
0.8413559793310542
0.9210703009345225
0.9808993891673221
0.997150907213472
0.9443821543184545
0.9783197195191268
0.9890223048950322
0.9370285198580253
0.9554717183727881
0.9133527988955222
0.9885559794585053
0.9122869651811074
0.9629313437008883
0.9240211661407488
0.9293000970923065
0.9799810561330469
0.858377173699867
0.9052179497270003
0.8833777629712287
0.7873024690013901
0.990567822674714
0.8011111202485401
0.8472491882802234
0.996040211178762
0.832971271834135
0.9830261891335861
0.9699894987627736
0.933020294104641
0.9244114860260697
0.8846763887392115
0.8130240821936576
0.818894990306762
0.9872950862603783
0.9746898512509206
0.9881372576145164
0.9042199480579994
0.8676854305407488
0.9596387703621373
0.832595466266133
0.820650095722039
0.8755704598207878
0.9830479884136765
0.995196941968249
0.8722407104856368
0.914928681378353
0.8775221545354206
0.8432427873768332
0.7923258692400873
0.80517904934669
0.8037710516325773
0.9720777745347401
0.8054360021519094
0.9052292631765173
0.9510736926821076
0.8796921206307126
0.8678474392765216
0.8909261808740658
0.9548269303755959
0.9675345356292364
0.9239763602043306
0.7660710869290615
0.994533950315454
0.7892964725380829
0.8708446974532156
0.9855340506153207
0.9455687337763082
0.8130802203423799
0.7838869567269198
0.9174939519197561
0.8905784314625375
0.9568460450963819
0.9811614187213499
0.9353870776112659
0.9436264902064403
0.983937381769913
0.9901131632710455
0.9975561551599953
0.8757977583113706
0.9818806503989967
0.958630638693194
0.8029936978870167
0.9054027690885247
0.8910212552762894
0.8671646523438272
0.9041981836951093
0.8775793127953678
0.8852088568883619
0.828162204114435
0.9587753212345855
0.8935685063808764
0.9798083489997058
0.9587595703556661
0.8709464231753389
0.9943964046356712
0.976426634123144
0.9159238961514378
0.9039699141943007
0.804392389901212
0.9331772109855698
0.8444099604103644
0.8173453917468191
0.9800773538209244
0.821924006930469
0.9287747219682158
0.9637004463590405
0.8339461902738134
0.9954294224986031
0.8375458804690151
0.9267493798910528
0.8520731187261307
0.9515828193492265
0.9424565868863394
0.7119659278945427
0.9570699675884393
0.9173027239898044
0.8836925587385579
0.8483253390046435
0.8926404300860287
0.8932150962999966
0.8771612647189058
0.913842483730977
0.9615629111758248
0.9748046175023981
0.9834714854365714
0.7997380830618415
0.8777700360013954
0.8409049912224595
0.7713991930841507
0.9410803394162643
0.9676828366038085
0.997011734669443
0.8473951172986736
0.8739370376699106
0.9971522757121526
0.9988857248420611
0.9988763294740696
0.9613019677132711
0.9957075504541132
0.9970508517802343
0.8773186055915305
0.9636076116999829
0.995385881366348
0.9984230814012987
0.9600726036002062
0.8922310308369745
0.8858506576538862
0.9717232734278787
0.9048745796412425
0.9132584056127686
0.8766681159912613
0.963562143874966
0.8566203712647484
0.9797558331705138
0.9961226455050933
0.909860801446389
0.8970290618618069
0.8801790475321011
0.9019489523721708
0.956297902670849
0.9811376692111055
0.998555635799472
0.876239304878255
0.9285920320461795
0.8725616299118367
0.9698368770207357
0.8884889577790682
0.9928211046891642
0.8768447211204344
0.8693449560765727
0.8864444747923752
0.8902847118469087
0.9648900091067801
0.9054223338136944
0.9779602527723237
0.4758609363689559
0.6220336038013493
0.7314430020286159
0.8439607682046832
0.791256479538477
0.38874747981766933
0.579419726934189
0.9474780661201637
0.9470710543818225
0.8682436430278591
0.5205702192636453
0.962868018383471
0.8766087109697618
0.9015125261615072
0.6299798816198179
0.5550726977266973
0.9968735544937047
0.350238579571804
0.3667790148012489
0.9901187100165172
0.33676285364731484
0.765943330409505
0.5279656760835812
0.46202855760540457
0.6124369537451468
0.5648796371240633
0.5276253704570075
0.9603602991492035
0.8562375721332797
0.8739202107541268
0.8098598390436963
0.2737490825969372
0.5348226322769208
0.5825566373010946
0.7287460831036142
0.706819210015795
0.9855866989067631
0.8380770050273402
0.7163245930733901
0.9544792884021444
0.6723479910309662
0.9742863757659067
0.5205612532153759
0.7410596718870411
0.9778662759252322
0.7290328395041843
0.6683589829565993
0.6487115933166082
0.7540649065029981
0.8770368575335977
0.9274640203290005
0.5760618514449364
0.8207280075220873
0.9683613962615584
0.9079165978648782
0.797462328332224
0.9321117758278983
0.821387322359925
0.6411922137850994
0.6901450087889306
0.7778889820768571
0.2127299865770425
0.4058376463073607
0.2714891926982124
0.4460863677815796
0.9143321079048752
0.43228033610880984
0.7787806308738303
0.8039415286565877
0.9253185841147762
0.9421320828288974
0.38156526114912065
0.4117920472691126
0.5236558927571692
0.9694350127888035
0.8964212911410309
0.37659812843208346
0.43765850412041507
0.528277417498598
0.9275281003189307
0.344263353393802
0.9856084297798261
0.5196440633699269
0.8649476111884982
0.9285696595588742
0.9863838188949474
0.6875263519844399
0.5734661669408327
0.8769710063224392
0.27474521078455283
0.5271957913759009
0.5954582825646876
0.24946497987757016
0.7797763477206653
0.6182837614394193
0.7455128785760704
0.8352525393646475
0.9775925479167522
0.9548623423627424
0.9687348789749209
0.941082132313894
0.7782466350569011
0.9971282658119877
0.8064746707873787
0.9698419502908395
0.930428707116853
0.9152042330849064
0.8250862702128127
0.8743030192703893
0.9113976662029614
0.9774628107028138
0.644713674604526
0.8928860374208912
0.9453696227505523
0.8192844559010819
0.7721317651589306
0.8656716457537872
0.8489210954091585
0.8918026664079604
0.9071967936477808
0.7980246238751655
0.9871557650669511
0.7252987617736856
0.9982018661010642
0.7668319247323808
0.8918712676390191
0.993145796646346
0.9244969477531476
0.9208428183658373
0.9970859829072416
0.8989013455820779
0.9762558864734036
0.9211109280748939
0.9107428777711213
0.8413904930481092
0.9872900972547098
0.9023011104274479
0.9055200364406099
0.8356512355040518
0.8132303886755813
0.9355330830536657
0.9529712737494176
0.8293057183101281
0.9951321318917381
0.9322379200171373
0.8998404879646819
0.7895199360827067
0.9750031574954016
0.884336715628755
0.8285207282696039
0.7931206194117099
0.9961689816736538
0.9748553769763544
0.9900478803302237
0.8103377411998187
0.8090997977592259
0.5674079253432794
0.9324549400141495
0.8211784874593124
0.9858999808210339
0.7432635128033273
0.8171271457506067
0.6639779686176157
0.6978447637021689
0.8535594171723412
0.8852441270002953
0.924276516641554
0.7184780367591461
0.6949779829258091
0.6780279164983344
0.6826281552498272
0.7992980783215725
0.860036392567295
0.685038990490282
0.685878750651591
0.8491329717224178
0.9327425422377293
0.8544387482092578
0.8706013920342103
0.9258317042910665
0.6969630870391619
0.8352503508031691
0.6535483671782664
0.6491593781568699
0.8840638731179865
0.9228248069575273
0.7732810791264807
0.6299821902336279
0.5618328062961834
0.570530331939886
0.6789261821142369
0.6250674914185956
0.541483717981947
0.939451419794948
0.6966926493265925
0.7039220072136171
0.6457400863171562
0.7588770954545394
0.962029502475174
0.9880125180293774
0.5991739021623534
0.6571737700838971
0.7560034216741428
0.6885285701638584
0.858598776494154
0.8171380465975709
0.990350257146262
0.628667488392765
0.6256055088636175
0.7156358408618569
0.8993749512144089
0.721666251468733
0.6720511312739783
0.7277037240270812
0.9089085064922771
0.7136433412147788
0.874250168630237
0.8402005594413235
0.6139655950473091
0.4029810133331773
0.4998545610999248
0.537077811485924
0.5863970617723716
0.5540405246991014
0.5782830088115996
0.6446620310632489
0.9118156504230855
0.8748235356419943
0.7622821670624517
0.7231237664828132
0.9890312128665273
0.8648221052137971
0.7379576878795816
0.6213874119980776
0.5515002304808054
0.984994032357206
0.8586137623758853
0.7841682996505029
0.8713708710570852
0.5764140245095052
0.5375353640627708
0.8140532937975535
0.849731009015041
0.528836231373685
0.5884093508225171
0.7711634191387773
0.8641264391470733
0.8325456930311148
0.7548419449277068
0.7778367589869797
0.9313817183570361
0.9566338672727014
0.27751740896855825
0.44791877681060815
0.46474423608226717
0.7582992832084644
0.9359472582144359
0.8132100674622852
0.9891888962771317
0.636164999881543
0.7403035289014146
0.5583978003439416
0.4095314198888189
0.8066271566170542
0.8837836721921059
0.8027611511202829
0.8207844103223154
0.4329943521772335
0.8793826676401588
0.410156024899266
0.7495520542921537
0.5534954128799172
0.5887448933273306
0.9347826020472553
0.9680058297231096
0.8623937003265251
0.661728808868181
0.6433378501027927
0.7978051647881494
0.4990606427773998
0.9296365308249258
0.5490742757298781
0.8074446245589476
0.5154875476357397
0.3673134407840411
0.9757748487248568
0.9466847974759579
0.9362220958964134
0.9046168429109358
0.8823018359369184
0.4962385166072025
0.5044334706783845
0.4189452330707898
0.4043026682517712
0.834683493820489
0.4552050042544009
0.9886467167411926
0.4602517899578379
0.4459277277067194
0.6769574701613063
0.745876907661132
0.6070060991929577
0.6976534161497615
0.4149274191676456
0.5793658601215828
0.9039496252548311
0.5460956369606121
0.47087488176056347
0.9237338478834025
0.9882851585216205
0.5073685379216462
0.9468683739253176
0.6256866743062518
0.7887818912513521
0.5143106265557538
0.6906721940905542
0.7081791981509404
0.3422569354718724
0.5740242653543346
0.811673395404274
0.8588238976595989
0.5667934821242572
0.6915532887736887
0.5737229396800247
0.5896147001401827
0.6720018819249277
0.7427287104979865
0.8341456985517814
0.8540755907667581
0.7046885555312528
0.6591492109365926
0.9221158732310722
0.663891786862923
0.6814763520153482
0.7668845472524467
0.5299433073620579
0.5241425147467804
0.737017080106674
0.7121046494775
0.5616544395340451
0.7479877542735958
0.8817510748451455
0.9011881172738193
0.6654366907760813
0.5725382764899769
0.5569925732674869
0.6294968049283577
0.5357871118984464
0.7684437451283161
0.7020090811623784
0.25935965500175556
0.9035327408136854
0.7945110459287148
0.23745191917229982
0.24759497771571526
0.5366891897580159
0.6557558678335628
0.3422658685641281
0.2135535606802816
0.1790938439354621
0.25213786441654196
0.5864046583981544
0.6485593581865513
0.2793885860482315
0.3614608284207567
0.3977975690711186
0.5571411786730164
0.667330039310956
0.5257511168135192
0.2555656066211567
0.9125601081920498
0.17576311139802991
0.4867848252034284
0.22245499586048825
0.624943865630467
0.6376372874238809
0.9376582371500319
0.5591149463913726
0.9902917167320744
0.9198041364800122
0.3249464796716011
0.2249369033597451
0.9624356188358767
0.20957350817657833
0.13665961675117302
0.5979759468304935
0.9933820473584943
0.6493046635462766
0.8399137485011298
0.7905291522068938
0.7101395723876565
0.945648411220184
0.942551266373795
0.9933849996611207
0.8614019219777281
0.702340360612615
0.49018540534335764
0.7998458667397671
0.6302831391109277
0.7680469519382946
0.9006808386526902
0.33156738108640493
0.34335972670760156
0.9957643758716267
0.8297100693220404
0.4841902772559947
0.43949984295803274
0.45743661846230727
0.8953530801281758
0.9824735924488126
0.6566597660512127
0.5916307019592881
0.521412125110667
0.7747912868290433
0.6316374899092946
0.9864719110098309
0.9147889342597897
0.4125314483713548
0.8948470859124555
0.2589173498437064
0.894282419032518
0.37250878877260996
0.7432840710651405
0.3626836365823902
0.49664114878649956
0.45840264046370965
0.4160311218225514
0.9835351652317704
0.7605709153076002
0.28051661980481996
0.6551911200409
0.916934098836033
0.5325073553722736
0.36676912058328487
0.7355351619463719
0.23270176441254614
0.9552468224068424
0.986744193681806
0.32422982343666845
0.296264961822281
0.33334925065507254
0.8297429126368434
0.7923191777362574
0.6435638786344536
0.973667385365957
0.8300118878824281
0.8752479647636633
0.8564837139467275
0.23494284649928188
0.3981626670175098
0.5479087924641644
0.3012647276060643
0.903344437011716
0.7263276071437597
0.9558130550416154
0.858776337532245
0.8437447668589726
0.41713501783493334
0.507160432735886
0.8874338582329407
0.6442532535791878
0.4652576385608746
0.6468874574969387
0.9793999705655728
0.6292731623053932
0.43886112452073456
0.5602511654900746
0.7193409647794027
0.4516528593573171
0.6135721851403901
0.8696129164714047
0.7197565098233278
0.761685989193736
0.9590107329258569
0.5673382868570881
0.2882420398763468
0.7490759816970214
0.7881414473561239
0.503359256234849
0.6099723548886629
0.8976893317580372
0.9303688039403045
0.6921141764495327
0.6212427196431908
0.510562698044954
0.6804195170611251
0.9509159092345718
0.6003097183285936
0.40313640777635124
0.4120356734085733
0.9866434243721973
0.7950282079243486
0.43036615307752496
0.8132505765418063
0.7026892466776975
0.6674291159386672
0.6571647848701567
0.9737251410037457
0.691791617994322
0.6141772466180255
0.5952697763727653
0.45371764038574414
0.9280561056304145
0.9422164723736465
0.6426285339298359
0.7001669414601671
0.6240700228107554
0.8124288912976183
0.43250892758356935
0.750300953891319
0.41318647144292653
0.5015784531475074
0.4344271674779523
0.6099073282678498
0.5817467450113589
0.3951386715006006
0.7900934720392326
0.4783461238764413
0.7037379894260484
0.6568735026384462
0.5877253219133778
0.6954283470392468
0.9895716393356331
0.7271884438369117
0.5264364217196981
0.764048058444785
0.5549190968513494
0.984898617290379
0.8153545311419068
0.5348054563810557
0.9672227820742291
0.9896471477758481
0.580248364778084
0.5460611344227022
0.7019426168202985
0.6142605929611313
0.7032013215987387
0.8003839637651999
0.6509786742059047
0.5089962880523958
0.5291017563195315
0.6538153518507545
0.8547360867457356
0.6628063746167936
0.5554283342483163
0.5710805398807194
0.814102752052505
0.8349243103707029
0.6820821863948484
0.4987389165414403
0.3419605731255117
0.7616238330666958
0.8209972074315652
0.4634627951649219
0.4124457663469668
0.41765998723739167
0.7032185626652099
0.4473089839171613
0.9026456224777138
0.5022790783526361
0.4020535757043018
0.76621445631197
0.9853792457184247
0.9602559693343162
0.7253320800816918
0.5476825450886692
0.4037257469667845
0.8527854294844607
0.9462592102623116
0.4085257941631888
0.7779290672358048
0.6423394016837979
0.410410222185079
0.5594586798200516
0.8656049595721133
0.5104106050615467
0.4695187231300741
0.4535790090876894
0.7308560055514794
0.47879466643187446
0.4971308204155275
0.4600830880464199
0.5703079899869332
0.8586102055799241
0.6669505501532654
0.6064362117377096
0.6567272571400031
0.9165860538696299
0.49211033218260053
0.7811249643011221
0.9360927156925273
0.9905533189423306
0.8113065640146071
0.7195530635240466
0.5236850169697421
0.9179220563309531
0.9707114255796008
0.5935311160768543
0.7412739912617682
0.846962792470669
0.47792329360076535
0.5085602764902499
0.7969104398830795
0.6255761858160825
0.5952211209000213
0.9779138477082799
0.6271884608882927
0.8475386596583014
0.6168530890510834
0.7728300842762381
0.623336812927013
0.6771081435234122
0.628765828106524
0.5657584790178224
0.6184745984368878
0.9064326750391325
0.7558358467645462
0.6030434144449602
0.5568412858358825
0.7537508932377422
0.9794173415810375
0.5069453626766802
0.9600656125629896
0.6536807153100911
0.9904574922766072
0.4947792417841585
0.7596455266788605
0.8476585450125036
0.4700560741928465
0.6867787564382052
0.649031089929513
0.5404540266779154
0.5311876108430839
0.9675798387381269
0.7445020549217196
0.8921557197273448
0.7174231030952098
0.5875979621098301
0.6103207442782059
0.5854012091137709
0.9651797252695987
0.6677767108269071
0.49773183948531907
0.8959540827953676
0.7575349329600999
0.9760920005210466
0.5180396120051541
0.9336873161020822
0.49181158325473906
0.5383256359736682
0.6480909369739088
0.48176222616580716
0.6077869721429128
0.8970933198661808
0.7236312481001732
0.9017390694865559
0.6465036837029817
0.6299820649254347
0.6470401618023452
0.4733601223628033
0.4227557983394814
0.4295166386047408
0.6281405072101107
0.9564794067349446
0.6599289102593177
0.4336222925837933
0.4220779350707052
0.6278115687523301
0.9938863847183909
0.8655307669977254
0.5756873760718011
0.7775721653138685
0.9820220458429693
0.9619685276675285
0.6101264646621252
0.9913207391882395
0.8756330362657384
0.6374425397251998
0.9182722830103678
0.6884160347482824
0.9578181869991194
0.8372173417052224
0.7995585929207681
0.6145335621705605
0.31734316881956565
0.8330517041380767
0.6100191121261317
0.876443163588046
0.3764393202379731
0.43168548407151414
0.6343837366789881
0.8443813611109375
0.4400664790239892
0.9230368623681087
0.9840337956444796
0.6145903951057402
0.6199796877252343
0.5359738964786389
0.9674948051484532
0.785265269682146
0.7086386337963687
0.8359579839292811
0.3967770085303315
0.4434950737352242
0.47518075803118953
0.39697732356686516
0.4141259868743709
0.8271910683784867
0.41012103886198803
0.6407609616783346
0.9644727154427859
0.727645814524575
0.9747084997676327
0.9005312546931665
0.4691516426048392
0.6094502196018247
0.9890096948369327
0.33380306781286084
0.871164283934348
0.9719701660135479
0.695858388825458
0.8832241009946599
0.5707027675250185
0.8516479619886008
0.8855972167672015
0.9423488545491854
0.5721428829255172
0.9471644758123653
0.7147952031284078
0.8097065281906901
0.6684934067408196
0.8511021271780201
0.7188027715280692
0.6696457345723862
0.5807276244333228
0.6538881980186289
0.8129614821116304
0.6023395654453708
0.8907520693317011
0.5037768532863302
0.5410998874440088
0.8710443853982869
0.568449836386559
0.8097051965805541
0.6209481597448561
0.7262302482027977
0.5804965762357241
0.721708454953603
0.7752605408448195
0.8991207545422774
0.5821178361523349
0.9490372258460962
0.6000251909506292
0.8762925082070077
0.7427053364681866
0.7965340339382078
0.763427513598512
0.7896250943878721
0.6770426533269569
0.7175296022246136
0.6754179912928557
0.5775430707732829
0.7662377219562619
0.9554175325610119
0.6819534976713678
0.6684790406192029
0.6566392415141432
0.5573852237587164
0.6598420499003392
0.899352726474487
0.9433227099731789
0.7181357392133941
0.5533533327763511
0.8227719847892561
0.5850290680203876
0.6794482893150082
0.6809073464921355
0.6029239304264673
0.5896965360907013
0.7303331652611975
0.8097041028620922
0.8705943779069188
0.5673748376009223
0.5732102101735551
0.8580590289355318
0.8060532950861359
0.8973414455384825
0.932062059772412
0.7087622638866914
0.5938608303145735
0.6712500045448397
0.9139210659125162
0.804860976675706
0.7472594963913172
0.7518666049354084
0.68361474374835
0.7475377041549607
0.8568914430607313
0.7996834876522161
0.891948379771174
0.9801041665944278
0.7638953362012904
0.950079745861881
0.6531251158457533
0.7434174911477918
0.8129186615229168
0.8865830006126895
0.760397776329701
0.8177374449344069
0.7632642701999948
0.9137037482679501
0.740397302410883
0.7131554094110255
0.96875591791009
0.6753512009363299
0.972357246599392
0.413499025551097
0.744791366458251
0.662335684484894
0.59861301345182
0.8437373416310293
0.5529938327078913
0.7880439605126922
0.7243821708390564
0.7570229208198852
0.7363342804224473
0.562706845117725
0.5651698796890609
0.9615950434726664
0.8863595702853453
0.5903382766282826
0.5696874976746292
0.9925378981513306
0.6472455992555313
0.7594042914004179
0.9532164667920235
0.6849021935823525
0.6568206574523363
0.7753850010765604
0.9583333906819255
0.6822447901568962
0.9227825396454535
0.646283520533091
0.7541404363913294
0.9554584271276055
0.5908340391319891
0.8759753029285939
0.9479125887279799
0.8318236649035637
0.540726638059645
0.6251290042584068
0.9180178261827329
0.6072317246367563
0.5695638227606853
0.6439975803697509
0.8914982940491973
0.6898260737422371
0.5932978569799692
0.9382896953513278
0.6007893249058271
0.8579928027122495
0.8487300498865622
0.8756062446881882
0.6708430025411116
0.730125735617882
0.8679573534342482
0.7126215197424283
0.9905699202027122
0.5538258723286293
0.9809126608462867
0.825107631764948
0.7961954514360468
0.5720705432577693
0.8568138460879106
0.5522812122430034
0.7042811401959858
0.9088512456277118
0.8235925773708958
0.6728195343376554
0.7673461084383436
0.5734292845525902
0.5774165002869647
0.27520730917224506
0.8507839698310881
0.5780153366129318
0.8150522201357668
0.899208740262174
0.3750268715579498
0.9040231793115928
0.5917818478085927
0.9901283212690244
0.679064597252555
0.46349678231916414
0.9606696677407
0.991933483330304
0.8381007649138105
0.7710177888360583
0.39106432579812717
0.38769809979026243
0.3460699289967004
0.838604931879227
0.9598554264911078
0.8482326228152536
0.9959530212371545
0.9800664114221405
0.7955005915688657
0.7960132350683422
0.896556097278753
0.814215738675431
0.5332631181605775
0.9682790468242597
