0.9612107441100801
0.9938903500907177
0.9901630366383819
0.978889483145541
0.9678161024524692
0.9988847368249778
0.9670946704765913
0.9747277567732163
0.9741094837334967
0.9615765318764344
0.9931630384156328
0.9783143610699754
0.9756256116755359
0.9946957028165679
0.9964323336193619
0.9664528065835443
0.9627762793728546
0.9998084924987016
0.9900655052991585
0.9769394310656738
0.9833793259902922
0.991529244244981
0.9957803081755758
0.9770246262150257
0.9804158916316716
0.9919640519522909
0.9695613972548807
0.9648178840576611
0.9863601395149149
0.9688838483342386
0.9661985862055391
0.9858617675888375
0.9831556608371843
0.9754893253891318
0.956124038602815
0.9783811315011125
0.9667847088899784
0.9709294170105951
0.9769824550189061
0.9814488636679654
0.9587091813297983
0.9726355094056244
0.9596246663910721
0.9821911022705307
0.9899041966510325
0.9729302306997488
0.9605010590861494
0.9733838533678494
0.9632293813487678
0.9702180158433158
0.9702997988394537
0.9814299538744422
0.974499640591949
0.9889842896452377
0.9832338181089674
0.9655487838421547
0.9999362028467798
0.9756297014978583
0.9940610248623962
0.9929235738017844
0.9912842743720786
0.9949476182524508
0.9903140837960035
0.971814419257796
0.9758861668630797
0.9991473457210801
0.997380170230902
0.9966603326614537
0.9878812231585403
0.999501440414802
0.9888118471312162
0.9995600813613887
0.9992893565488216
0.9946514026773138
0.979434375063608
0.995511906802663
0.999425629324201
0.9929139203328791
0.9980535470120899
0.9853429666158822
0.9956790529347752
0.9986060564215334
0.9899330369421904
0.9990430450317487
0.9883586348819082
0.9988875691681127
0.9996708468559451
0.9989220281435778
0.9959827885887984
0.9958943359673245
0.9872597739159319
0.9953705247056462
0.9868464888140291
0.9890124580926805
0.9950035121642536
0.974956977456952
0.969395757078718
0.9768884034730241
0.9906540954771978
0.9531273005228887
0.9742329335031841
0.9711934833220737
0.9756661008531993
0.9597491146986703
0.9781408378889547
0.9630214304109399
0.952923535508261
0.965417410568381
0.9799041251617657
0.9842910048936928
0.9554218825572305
0.9753745067221522
0.983213841235844
0.9727514214358371
0.9718655204046585
0.9999177223473372
0.9934297233137854
0.9669802253689292
0.9610433644386843
0.950160941823571
0.9570363706345728
0.9712673529770391
0.9759619763357138
0.9554643671558699
0.9481459811104958
0.9577802980852965
0.9755217315291266
0.971313606559123
0.9750088560709121
0.9498072175235885
0.9709420272505668
0.9743636070532795
0.9703105968044109
0.9652474933965506
0.9710335223251708
0.9532843403333471
0.9505331712062492
0.970390284936929
0.9600845772887147
0.9679507627145365
0.9566576813656905
0.9583862886979322
0.9554512012451415
0.9511114767407047
0.9716560028437468
0.9586063095460353
0.9995005281765205
0.9995754718625314
0.9774564406837026
0.9772337459225067
0.9708142281714668
0.9769205206635417
0.9762405251236754
0.9727347884657979
0.9724914369678628
0.9775546801867323
0.9626398995253009
0.9783626172569749
0.9867404821685652
0.9756972495703039
0.9768340152701351
0.9711091925033775
0.9772985480208609
0.975341276978846
0.9751215907385447
0.9541910040773951
0.9730391023996232
0.9770718222935313
0.9673780285354331
0.9692040899923344
0.9758655322403058
0.9724443506103773
0.9761810227634349
0.9734915960467367
0.9757239395853213
0.995444456641358
0.9992041208200773
0.9802065077907761
0.9997730908812011
0.9778224755732073
0.969476112360057
0.9834373350049027
0.9749672412160301
0.969126868262193
0.975555752788035
0.9679427742710909
0.9991234911993253
0.9915334557615822
0.9661163162055344
0.972605432563377
0.9806141288636436
0.9683784431319808
0.9700501773807004
0.9745182848723833
0.9605611004385234
0.9692761009208837
0.9805724311926867
0.9811193917104304
0.9773234414044498
0.9895491102558758
0.996327878321899
0.9694213654731332
0.9617465454957604
0.9758526398905631
0.976349230181568
0.9895190962107965
0.988288741256405
0.9858391430636588
0.9880272928250813
0.9798624227802131
0.9939148186383421
0.9509413933683284
0.9531812735300649
0.9771090617125013
0.9489807264506114
0.9734895370558123
0.9594177122615297
0.9192370261106662
0.9675546570978588
0.9796040794275213
0.9930470985736682
0.9754121435077017
0.9971725568130061
0.9470409082657363
0.9753161019743741
0.9442255747669104
0.9765369017076512
0.9784651166671983
0.9728247680697248
0.9833906111103924
0.9596737557115942
0.9800046581570395
0.9790201729347598
0.9709610038691778
0.9734477427389724
0.9713146311603499
0.9740152324548484
0.9729547932067153
0.9997831566569444
0.9847084759346489
0.9628588334003214
0.9960509064582398
0.940950705810214
0.9654275863769217
0.9984294226699654
0.9704330937180611
0.9217657734825725
0.9332932492824684
0.9078167766845777
0.9148567908117318
0.9915665325215735
0.9529687423733169
0.9937131863754263
0.9225008221563913
0.9072866117487461
0.9314396812153142
0.9112248244213554
0.9705232057965227
0.9358104583797382
0.940699702314338
0.9029804332136652
0.9258356994066618
0.9652624587458847
0.958772697210336
0.9281798893005986
0.9617949496948434
0.9945656609331817
0.9669759632001796
0.9883536065106919
0.9992900169208243
0.9961672238440332
0.9908552867783934
0.9894184824299634
0.9625770924708283
0.9630887931348225
0.9637677860795371
0.972319885667831
0.9582241040974926
0.9360782122201593
0.958420666834432
0.9700024410256547
0.9611750094977538
0.9518543161556317
0.9586194028150834
0.9553437049116161
0.9767053521154884
0.9600605571754228
0.9565253147171201
0.976651691966443
0.9708542688794289
0.9395819968626331
0.9611316844074806
0.9735654789363812
0.9354118645769691
0.951845290153866
0.957249523864518
0.9296993986940327
0.970282119134648
0.9516921764404234
0.9703727385515082
0.9616739035333686
0.9753170554477015
0.9763085429660188
0.9963142700336678
0.9075298686105064
0.9143327859749392
0.9289715164711734
0.9163989815250677
0.9532493856779412
0.9712722079984419
0.906373424378706
0.8814307722284705
0.9056514998520724
0.9123812420689463
0.9727254053621742
0.8534270109724178
0.8746610794212746
0.9404786923287907
0.9001429782667112
0.9172166986757111
0.9704368316039227
0.9267575580319967
0.8509369949449539
0.9249927830651634
0.9266888165299682
0.9644866781972843
0.8931760359006244
0.898816412429911
0.9356679421315476
0.9143769200374522
0.9561562512173604
0.9548484290015608
0.9012174456762443
0.992490835792639
0.8726918130097641
0.6627929106639103
0.8644421696021825
0.6970904104491912
0.6968204916608042
0.8734472325509107
0.7416855478698507
0.6832663858039987
0.7289260171001763
0.6746376208982854
0.9001060092106377
0.6563902186475974
0.7577701631426729
0.7838144307511765
0.7715287269276137
0.994874748251546
0.8105375596633483
0.8354732930195065
0.87444984134967
0.6709396838028668
0.6659626577799931
0.7212924907317917
0.6815594433849722
0.6456744845185398
0.6711970762751864
0.7181596953796463
0.9040491731092912
0.9352738009723754
0.96803524708441
0.968769181348794
0.8378344266238404
0.8351092583780537
0.7194333137786468
0.8755385376336906
0.8136623097070385
0.813622960163159
0.8349449784604571
0.7337514049249347
0.8233010378140049
0.7613931817819894
0.7716687582006461
0.8181141064183779
0.6861272550171011
0.7844076093240873
0.6884465351836333
0.7209096935083141
0.8917650825036445
0.8520771771009807
0.7759120156726524
0.8053839121276993
0.967448865698242
0.8808485876649776
0.7887180919480616
0.7818086419980643
0.6722531586810061
0.8557980126576705
0.7454686695087536
0.6684198765077902
0.9717842474819737
0.8463504676379446
0.9922826358209069
0.9817629138810435
0.9766633745520701
0.9646482133561792
0.9506136825445786
0.9698652733268184
0.9879173161864073
0.9111632287975009
0.9082936649785345
0.9641270691562805
0.9439786239856629
0.9217297032511389
0.9606420093330915
0.8962907368043725
0.9373684470969937
0.9828917387670449
0.9803947519197594
0.8436746165159816
0.9096540278392777
0.9193809734015466
0.8469768498011412
0.9258069670206089
0.8727603273615709
0.9274832783422811
0.9896203567325134
0.9097487825164762
0.8340622069334834
0.8487641450256642
0.9200572317935405
0.955213644410213
0.9973942014896793
0.9929549769392092
0.9973029523039858
0.984131372093733
0.9903670124545549
0.8658800973484174
0.9285822847047018
0.9603764136511385
0.9529804633422989
0.9763653034741785
0.96546632555613
0.9151148190209648
0.9631461305768407
0.9196485011004405
0.9649290071601135
0.922014087993587
0.9727121055060807
0.9098517505276158
0.9702553059391101
0.9308821685702702
0.9610382049966228
0.9580411247605937
0.9343883889221971
0.9840055674905843
0.9603852661397759
0.9743393596506952
0.9278076251080918
0.90262088317496
0.9039527447255878
0.9714625883341504
0.9684083361581991
0.8579193458242957
0.8798592130649814
0.9384670336652758
0.9762767625221223
0.9988067157598216
0.8995360782922739
0.8126864506169342
0.9657088771279945
0.8895293314925723
0.9696183045568384
0.8417439326082796
0.8537391434422493
0.8879567018943126
0.9829503067158104
0.8858282913072063
0.8722977510563803
0.8450808609069591
0.8254401248151395
0.9584256002558174
0.8655067949084694
0.9023115419721843
0.8628144128773769
0.8419345306778308
0.9056960268034941
0.9163927255711215
0.9067926106616404
0.8475567224465781
0.9176273945831998
0.8616130214011302
0.8077601282943039
0.7762443945304844
0.9207334670089833
0.9735244918038014
0.8894996099899841
0.9993499962197147
0.9269918256381238
0.914245303416028
0.7860975989356025
0.9569079199592081
0.6908041515807122
0.8605695696454496
0.6679958167064806
0.917516773866561
0.7579831116493383
0.8080072803563736
0.705405763744994
0.888093934812793
0.7066997627532975
0.7266025765764217
0.8710651185703451
0.6713005897045892
0.8955299578453282
0.6718391870536669
0.6947278881227028
0.6952210870923742
0.7086588896223965
0.8181577810645093
0.8519602908537988
0.6955941910701572
0.6777656009357221
0.6749336343872201
0.8826207282356486
0.6724619490608836
0.7061786476245038
0.9894935722156076
0.8888672124187172
0.8574997877002217
0.8684517858332826
0.9557971179526112
0.9070964064038636
0.6011943650339238
0.9358385798071822
0.566608486550134
0.6697127884651126
0.671099706899632
0.7949053606177148
0.7286977223430682
0.9449082553069736
0.7401075739895536
0.6156003882823098
0.9859308234056523
0.9308639853087965
0.9404016520426239
0.9243671450625965
0.8383639256007287
0.6795112950546581
0.5433096959966717
0.9855806271139378
0.7810962470476231
0.6425848168562611
0.9379808293431511
0.8674756686202305
0.8597029139425028
0.8098027157015725
0.7179696903686437
0.8958225615169992
0.950156742660978
0.9310582019117879
0.8189322456787014
0.7730594580375796
0.8777504768105548
0.9988077464999908
0.5064372863044817
0.5394765427590238
0.4701207627771634
0.5568225759301723
0.7620117196939554
0.4519136849513627
0.37211249428818016
0.5572486663807354
0.3588743999807473
0.4971663284644963
0.9598138005570421
0.6723097025923781
0.31841811044698753
0.6865282752610138
0.5629387119124423
0.47547676923305493
0.5923378069908638
0.4029067438719078
0.3458765367767891
0.7660996069868338
0.42223936993952926
0.31367404849204283
0.7439330276540228
0.5113639694507006
0.3539126081945535
0.3145284690245805
0.584665857776385
0.996239132280391
0.8881160530878588
0.9957048304350371
0.8797698531755824
0.9593769870765478
0.9891781515762786
0.873598725915947
0.8079201188791582
0.9296270424333596
0.7397848026767264
0.6567147499723016
0.8815379033631052
0.949200551804277
0.6341226116678415
0.923782455754543
0.8164630381013098
0.7997766630391533
0.8342504052791322
0.9285356529833562
0.6343050804515996
0.8270100626711259
0.8890980464795064
0.6993827081140728
0.9624262713650177
0.9276758614825191
0.955441858590228
0.8170170394941151
0.8376752987036369
0.7288581086991639
0.8217007448018996
0.8801976200803854
0.8467116139444822
0.8082078263107764
0.9347888133132185
0.9284955760676818
0.9793447761590308
0.911336614131313
0.9766018788756797
0.948101170028809
0.8000152260094611
0.811722227813647
0.8778494753704928
0.5646342191699979
0.86686567637528
0.7259482945834104
0.6816674720792567
0.842512662138384
0.5561289248961052
0.9369926444411905
0.6170581805008342
0.7278583474570013
0.6986866648412982
0.8695182640245402
0.659834920583589
0.8650595753965518
0.8367663059261287
0.6210889791697741
0.7836104309465698
0.525182465817762
0.5528949036476233
0.9649405784442759
0.772896663956402
0.5202482303169733
0.662049616743047
0.7009360922628964
0.6926659434218538
0.983218947967952
0.9960985146260146
0.9682595867837558
0.9962306136336968
0.9785892602320504
0.8802933020191901
0.9678420087037882
0.4976826573674541
0.7830893326679911
0.497851245516385
0.58545484651503
0.5720044687323782
0.6903387806114246
0.5005258881624621
0.5889108148971794
0.5052370041998037
0.5551519798713073
0.6114190142362925
0.5555049037311586
0.9646677687999936
0.9423323467963547
0.49420220408516785
0.5402426338442535
0.7672414567041012
0.9432161294521139
0.6069666714285992
0.5842046701157375
0.5054413952737191
0.6042888434093374
0.4435078471171672
0.8146629167030632
0.599315480802938
0.6221003153463259
0.7757976474863864
0.7449408599414538
0.9990209269736889
0.948906648816414
0.7961949236509058
0.8790323978831731
0.9935688403282785
0.9495057272009781
0.8652843573877644
0.6574451096890455
0.6488997671838982
0.8180289733029399
0.7347244570441134
0.7729964202135724
0.7050373912416825
0.6536008223140355
0.9022624029533813
0.8354110855849284
0.6985559421169115
0.6861673251535525
0.7677439532645289
0.822566798816887
0.7136419945991833
0.7234439920427207
0.7039393887587827
0.7224571349700228
0.7291146681194086
0.7511550166468297
0.7697003318998867
0.8483137621779675
0.77521386286237
0.6859413101870497
0.6921295188824546
0.6446828951635397
0.8041855505664246
0.8771950309386785
0.9972717311254604
0.9991903155978589
0.8914566125052659
0.9422433089072323
0.8358194161424949
0.7644011203044354
0.8059673069544842
0.7584855263394734
0.7134400878442329
0.7331637275041427
0.6652442003317764
0.777647295137978
0.6501465411962217
0.7706266011869682
0.8081638407441748
0.6538462550572439
0.7880124274908421
0.7881521902519284
0.7586102094078808
0.6572472263822295
0.7689083163466375
0.8477077490652888
0.6537337467605686
0.7670006313201718
0.7939665230252213
0.6521437966034926
0.7648216119674784
0.7856938561460262
0.992687322887582
0.7809920985135901
0.638101042153187
0.7579411685738044
0.9861145732781266
0.8739838338738323
0.8133576316962631
0.7870242803059739
0.8913752332491971
0.6768662066189001
0.8717627999562714
0.6907598226144043
0.7615793116026661
0.7931678254824028
0.8256527077397999
0.8676913135375579
0.8673951595674023
0.719170541158981
0.7271093424470337
0.7737604331804327
0.7990886349101902
0.8883089262138415
0.7669996708760256
0.8089772811579226
0.8627119355068652
0.7927613304695087
0.8360626775220399
0.8001920606508299
0.8311807598678382
0.7791649894122608
0.7339948579250275
0.7374212552133308
0.8864750894385306
0.8362868045167109
0.8636931574510459
0.8164610598808557
0.7187457630161758
0.8780099777686075
0.7776622368208649
0.9476334100481392
0.8293064966678807
0.9214059384598201
0.8133000243181645
0.8612856951293766
0.8809712727975327
0.8032373132068222
0.9173629694055856
0.9192092356264794
0.8002602208078049
0.8998119350795648
0.7768433331736825
0.8334896971226269
0.9017035867730331
0.8549958731232423
0.8255249812891621
0.8014458556203442
0.8060846533102084
0.8031402951062587
0.7818047879238699
0.8427846771908577
0.8168285288530457
0.8245507535372879
0.8134976919266439
0.8386312649127958
0.7578167995869485
0.7388881172342414
0.8503853090464761
0.8570958644091133
0.822095635096784
0.7873176063895229
0.929319619201642
0.9156519152894843
0.9844551916915825
0.8534471825026555
0.8726926715795874
0.8093453419465935
0.8737056176745224
0.7564679887451263
0.8525657219885319
0.8226412200511022
0.8549713053283143
0.6874819784476217
0.8589227403916235
0.909984978989044
0.9162225449148591
0.7765420648115196
0.8271512502924392
0.7691536883696002
0.9277846342674081
0.8832255409431121
0.8907714527389661
0.6848011873826012
0.9218024596811406
0.9061641314619593
0.9360411167048233
0.836192929048151
0.7996621788652384
0.8389456270223946
0.9508163228856539
0.7390400564995645
0.776789284603061
0.7810736433638623
0.8701445161778709
0.8414184421965079
0.99053490914047
0.8001319593697519
0.8818650824775691
0.8390741268046467
0.8474699729652388
0.8019576951033107
0.8579471867737828
0.8253329516153289
0.7202202978057133
0.7994001889804306
0.7585836475038444
0.7863055580192969
0.7731083970231458
0.7884482230633246
0.7705178654184458
0.8296210952449693
0.8624947142139784
0.8483469105193381
0.9049876747423871
0.7787812375384628
0.7180479071760844
0.8876823160158978
0.7832496709554848
0.6946352025162399
0.7546961011206016
0.811288161778597
0.7836727313240319
0.8905475409504179
0.7429629835140211
0.7520769625548938
0.7895913341598658
0.682176932159577
0.878733317039988
0.7706289791651799
0.8170035511362728
0.8181431435383619
0.9295607167626236
0.7755557306089989
0.8680243034098191
0.9211544150346475
0.8688932267569167
0.7341711505698802
0.9010877578892837
0.8791435272948365
0.8802709208073666
0.8584285408443169
0.9086353054579932
0.8468148834202651
0.9546192224151908
0.8222936391078907
0.8903894663164595
0.8120852392547633
0.8238489539944356
0.8115070454695829
0.9217390291223677
0.7456428422557168
0.7672762622030898
0.8635175781070192
0.7109518657301819
0.8478743769402796
0.9033716813886844
0.8941580488905303
0.889894140757474
0.7916937180045314
0.8967806986323182
0.7735176764835671
0.8449207518392552
0.9357497437112923
0.8778073223196186
0.8286463311894869
0.8309618230559012
0.9912103230134246
0.843301412058274
0.9186143481728206
0.897632993650535
0.9317280620279758
0.8942407253832108
0.8059795103569902
0.8954066988428937
0.8818306115643004
0.849925075930951
0.852360616535407
0.9280123426032513
0.828996160431373
0.8744725114727179
0.9165374506799716
0.81771726350535
0.8575791321482369
0.8239339955993588
0.8441305330014154
0.7892284174532463
0.9157370356615375
0.8255131539588576
0.8619557198452589
0.8884309570067352
0.8072127042667068
0.8455870666860509
0.9203222081615405
0.8636246572579709
0.8485282254015536
0.9921742406527598
0.9942334969311732
0.9801256191418434
0.9443930800650242
0.9576800404934387
0.8638622182407487
0.8329278384275844
0.9415017818319827
0.7992465801539554
0.8051586078144779
0.8605428822870251
0.7862664753021604
0.8758839397504674
0.8703617419743035
0.8417936778302191
0.8363286521811992
0.743248172857248
0.832127223483673
0.9417359892444132
0.7841035688441115
0.7758405835811755
0.7814695272457305
0.7547218820187347
0.7588093287235275
0.9194041888890899
0.7575686803297186
0.8544608581925085
0.8077607279925387
0.8757293026578707
0.9447038219229549
0.7858395632728764
0.8641153458916907
0.8211218291992666
0.9662866189646735
0.998721287938914
0.9587488833756566
0.9765706429305001
0.9005168075957952
0.973246003922689
0.7499409979700771
0.7827926615621199
0.7342882115653091
0.9543664401296132
0.908438068711333
0.7335468208261052
0.7922220033045947
0.7162242174539166
0.7113006165710128
0.7209154041978225
0.9273965001911388
0.8257408232990673
0.7721767352854266
0.7531793101711135
0.74962596456562
0.7128548500955239
0.7655711807890928
0.8273068414679978
0.7459552256035544
0.7983493661660527
0.7271248836839256
0.7859142877581714
0.7587737440959623
0.7300248002218654
0.6831654009627746
0.764227477572679
0.8161363564726579
0.9929323563655456
0.939116218734309
0.9231708324372205
0.8203990557687972
0.9677909258291209
0.9416091639333632
0.8592439567016138
0.884142554942969
0.8319581044325517
0.8006860043038352
0.7930369560434067
0.7967921475414392
0.8017000375733903
0.843344613705532
0.8288220991270109
0.8401883102274093
0.8050771803723001
0.9659854519825168
0.814653297413201
0.7826858525218454
0.8447698110914033
0.8778085158520269
0.7239415715835837
0.8259194462253004
0.9186738098068161
0.7729899199468222
0.745027701429064
0.8210134547622094
0.9746967981806104
0.7678610065264315
0.828662116883789
0.7954378325531284
0.8319393078371852
0.9735756559988229
0.8325565480654211
0.9991352958061153
0.9961906488418356
0.9823377619995929
0.9697853917118378
0.9001399775532791
0.8531148793675121
0.9371070167279215
0.8744048009813419
0.9485775096316214
0.7696530754336406
0.8571728986444218
0.8432507585268125
0.9079961051751254
0.808488610954855
0.8356402783780259
0.8242557686757703
0.8929644631426488
0.8158973554509158
0.866500088663019
0.8201542078920848
0.8104674780145043
0.8366506331235036
0.9476862461305791
0.8696758314687201
0.8578768111946551
0.8494676463691222
0.8937049506220818
0.8178123313125416
0.9320203836885499
0.8844208216817511
0.8312365579626934
0.9719095093205581
0.942475739529504
0.9426090358388163
0.9692206289309797
0.9735000034209518
0.9056151638750523
0.6988203853200761
0.8322168088633932
0.9105082806493466
0.8394389367137256
0.7713694107946376
0.9928082194075014
0.8003380582416776
0.8349574682791904
0.830903881516931
0.9748063726160544
0.7902165800592194
0.9454870143466685
0.8249568691720918
0.7828464828733551
0.8173869682923428
0.8836454948179127
0.9518058824060365
0.8792406536785651
0.8374793182854159
0.7442311764204266
0.776943174426669
0.9261696784553879
0.7389138494941241
0.8750388628363304
0.967556985080102
0.7831419727844539
0.7153335521871405
0.994766357608301
0.9767780102145426
0.9755342901945102
0.8491705944637258
0.9165259724556839
0.9544803284119887
0.8916957701325995
0.8378762624042686
0.8418478957763249
0.854779835062866
0.825237644327933
0.7903176142531053
0.750760497393216
0.8462857672643744
0.8290007174254661
0.7320181578480942
0.8075932605402781
0.9272723051718459
0.9052211057092624
0.8963081424840478
0.8650910074978995
0.7795680636625459
0.8461503104757275
0.7884977881637452
0.7219382015495528
0.9083240376891593
0.9513708853506839
0.9127266601371347
0.9492564792205769
0.7235983898690175
0.7403587910417004
0.8887895804266074
0.8826742365592848
0.9854454737769038
0.9536461841470891
0.9993198042316749
0.9767273823980898
0.9742197036348161
0.9759160949733753
0.7977652580707719
0.7935095961549481
0.9511548959410392
0.8989815901283258
0.9072624953173787
0.6829943204444877
0.5914834791084385
0.7774753321667989
0.8180836301219789
0.7448984888686918
0.8886702397848218
0.9437850139379894
0.9530257560905117
0.7917196683805001
0.8150216978333926
0.7168135707400909
0.8707613930615871
0.7502437174932022
0.8037959100923355
0.6974285914784694
0.8199769322625277
0.8456873085971088
0.8343868790921508
0.8198516534446427
0.7294487068444866
0.7375124404373532
0.7065515898470973
0.9077287612056527
0.9855775470595576
