0.99198405255179
0.9515995047506396
0.9692500438507528
0.9767744532595455
0.957140532454403
0.9916894568276007
0.953920212541904
0.991967301206735
0.9691053326620949
0.9545780183626983
0.9638621843028402
0.9534643596204306
0.9728187737562524
0.9607508327682424
0.959127128503972
0.9764752654851729
0.9536161159072714
0.9867849720336326
0.9786747339766954
0.9707823137767451
0.9918167384199369
0.9513567360806848
0.9722408634605698
0.9684082933695242
0.9594273736558642
0.9627115921208502
0.9655775648295544
0.9577403431710363
0.9622196612322531
0.9684449496630152
0.988350432873273
0.9870131482552107
0.985110194393097
0.9858178270650849
0.9560894177645962
0.9818034509181603
0.9850021932442823
0.9820121410618715
0.9777983654635777
0.9821674382466891
0.9564717362630905
0.9593391243729082
0.9570807882066776
0.984738365768164
0.980704302302766
0.9764159497750344
0.9666262413748937
0.979647350447973
0.9711439359682615
0.974098484500582
0.965457876470921
0.951806766546196
0.9665934664588169
0.9831096498818747
0.936727356317802
0.9607322314860136
0.9646380103892802
0.9704094310968786
0.951257992318373
0.9600726512999758
0.9557513060215348
0.9437950750815811
0.9473683055817813
0.9684909734886599
0.9673210026759096
0.9470843990894334
0.9623181333906522
0.9756632794511437
0.9617229227103503
0.9642785710862712
0.9822618568582675
0.9718500678407123
0.947349506204776
0.9291475209430977
0.9376548717246883
0.9440313742432929
0.9531686291908129
0.9543982466681287
0.9422510146088546
0.9297236209669345
0.9455508408505948
0.9439103799746011
0.9530570849838864
0.9326906516888993
0.941410978001072
0.9494250363945591
0.9514546528542999
0.9379633404212548
0.9488369246277375
0.9631696421518503
0.9526509213955068
0.9529950244658608
0.9516221629942747
0.9494830991575173
0.9547554199725834
0.9512425602948238
0.9484159534586296
0.9514601092984232
0.9447555419818447
0.9558361139110558
0.9540299963730708
0.9321667860609447
0.9513487907227329
0.9401511369532207
0.9390410986429314
0.9244187010528507
0.9377075263015912
0.9371310822928519
0.9413026605087036
0.9389285424094147
0.9420830041142935
0.9370863912352887
0.9406357975581406
0.9317083272652893
0.9287902232474097
0.9386761881674175
0.9459250745523498
0.9486937758257443
0.95024348104522
0.9446259064508548
0.951827019224371
0.9412594851731115
0.9514224103077848
0.9699127895405526
0.9628488204561012
0.9497112426830682
0.9648168641509552
0.9504696030208535
0.9465243840859145
0.9448733419444725
0.9595321076205943
0.9698882565285014
0.9672435585393996
0.9736625672472295
0.9347395073450364
0.9077218998093263
0.930518183014854
0.9368005985279118
0.9223225097901327
0.9098404605985917
0.9226110729912109
0.938659047747582
0.9220684738952443
0.9198045505140586
0.9354373694914718
0.9684547075198822
0.9662857262594642
0.9393285111776631
0.9470009610487597
0.9448208365346107
0.9392876873602451
0.9685947581839653
0.9582614557203147
0.9443780443693717
0.9673902448445686
0.9748110130776724
0.9402478865699226
0.9485633154582636
0.9500721387052282
0.9737999666831042
0.9739369789670365
0.9336061048734193
0.9431520052389107
0.9716735416017039
0.9681690364959665
0.9462064989734795
0.8715326633303739
0.9068790966980196
0.9291484946826953
0.9014656527533405
0.936496020351124
0.9058193228812114
0.8689237320495733
0.93009312300191
0.9363319479572833
0.9735408315871366
0.9672700269994762
0.9746221923609609
0.9437695769352389
0.9749897046929661
0.9198324097247419
0.9752893848495781
0.972792259218871
0.969566771487706
0.9749260524021754
0.9182919141437038
0.9800181945765135
0.9783455391574145
0.9518264303872161
0.9748040521987529
0.9663868768664814
0.9727758570830158
0.9414934628430989
0.9420228334745444
0.9215075843040792
0.895825257999912
0.9161034587519445
0.9133178105381815
0.9056786226292095
0.9136998930540066
0.919619034735378
0.8951373995574872
0.9190415955544603
0.8700874652504971
0.8821657538028662
0.9168087555973415
0.932834916749021
0.909048126182394
0.9023844391428283
0.9038109618720744
0.9046824405653806
0.9095304532812654
0.8983496162593863
0.9164522942855295
0.912665421073282
0.8820430936170269
0.8935812478601277
0.9110692940469363
0.9132732598971731
0.8977960235764145
0.897798297482845
0.9070077299418041
0.9015595499666477
0.9147187858117334
0.9160000262631345
0.9295971581044147
0.9056797949245845
0.8931314361158351
0.821544427110765
0.8478080372767388
0.8457453183114556
0.8663870160142773
0.8575617445535498
0.8090235809391073
0.8376581178300037
0.8597391794503086
0.8454526139671417
0.8181513457330177
0.9427073686813388
0.9206467777572197
0.9000980821053692
0.9327157400461803
0.8553033618839236
0.9271512325561281
0.9631542789804256
0.8744233110062117
0.8815624954388972
0.8854919038199542
0.8362048218949139
0.8433246402547117
0.932423158369535
0.8576715135203983
0.9495960004914126
0.8308120378985063
0.8935918800773879
0.8815471567725988
0.8767525890874088
0.9368878997378851
0.8725130821800314
0.8218341467681362
0.7603305729763297
0.8073666911600108
0.7878373761401696
0.8274797914734282
0.8327076610888562
0.8885881166914803
0.8458314947759629
0.857341644931888
0.9049309958498893
0.9154324780801474
0.8483676234311095
0.8483888957450235
0.8561859847089655
0.904867787888044
0.9320356720144047
0.8869008553842335
0.8628036311657478
0.8158260358278744
0.8410564247149335
0.9071780574557151
0.8828442774955703
0.8750871827258482
0.8875231232337892
0.9198197731248154
0.9166497962614382
0.9306240395881022
0.8642141481619028
0.9147745468465468
0.8835989019444845
0.7834565320103581
0.7265364529867497
0.8342679066053241
0.7548824784828555
0.7246899059408725
0.8260695877532096
0.7770480188976727
0.7241094554238083
0.7131374112185136
0.7157295423831731
0.8172632241375963
0.6682929229618687
0.7827749010882816
0.7751265080175005
0.7426759458961776
0.8405439503533495
0.726590584655695
0.8571562402950015
0.841073286639798
0.6832502766621538
0.673036237304818
0.7547667905702133
0.7117868478086733
0.6908124036040828
0.6749783996492502
0.7466274132180828
0.8273201288193159
0.8435518250099276
0.6579824301306207
0.8022641736418793
0.8449415156492731
0.5693501085613413
0.6322757076019616
0.7016755207194241
0.6015911444291779
0.6814759151854826
0.6200216327353031
0.6789075154757354
0.6831718208642779
0.6790060273942252
0.6524840382204578
0.6433507961877758
0.5971700564692675
0.6529810972312762
0.5952946441545068
0.6356851234750431
0.5921561140793448
0.6048525777184117
0.5941055540042165
0.6135818630390918
0.6760348012592516
0.5651810137477783
0.5846681547425538
0.7142977249004682
0.6180231865460611
0.5974051134999545
0.6031694201799735
0.6010176879697373
0.6061616607142649
0.6438658728492979
0.7142318692184066
0.6503576273652991
0.6034308658352974
0.6106451318556543
0.6092809599966338
0.5919202780161925
0.5953718621597557
0.6125253913904181
0.6029729164770785
0.6346783422369235
0.6107992787525399
0.6212730628440133
0.7744802768918564
0.8276575299824792
0.7111303495192185
0.7906934044295577
0.8104358651596679
0.7377934305556526
0.7627131234338944
0.8031977399535605
0.8162868581992536
0.8291621403197713
0.7528827888598484
0.8234406666306879
0.7659584378789501
0.7626839299966217
0.7964594489548701
0.6985652481480226
0.7692189384482344
0.703730869782087
0.7295551873406114
0.837309887394697
0.8384079471705648
0.7744368191798865
0.8047092675373029
0.6825966740494266
0.7095957675400789
0.7153546570644833
0.6835605132684577
0.6796518705067744
0.7493117269005676
0.6831232335658659
0.6677965700656225
0.8159145619021015
0.9293159390734358
0.7576534408591954
0.8902604497818687
0.8972098478273238
0.9258645327072026
0.8586918014949989
0.9188494520506318
0.9491675778310072
0.80955651776796
0.8737244312716772
0.934357178299063
0.9143152658887403
0.8541348886840494
0.8478973379241934
0.7825422904516628
0.910864090883015
0.9421625665729894
0.8111758104839386
0.7921414559722618
0.8694287694572561
0.8725279863321379
0.7760965870157237
0.7923730624487092
0.6312248896855197
0.7936273594944998
0.8086991597370786
0.7969187985712552
0.6252967804758539
0.6415246941372017
0.7984474176173426
0.8193335912337936
0.8598352752256724
0.7851242816395305
0.780925558582745
0.7998244005929765
0.893730546743706
0.8504962058990198
0.88498822147112
0.8358551199608986
0.7973201563810405
0.8321993825181733
0.847192998584756
0.8996384672570161
0.8190919797391552
0.8399673389151361
0.8417623289230591
0.7554202582483334
0.730673701166254
0.8427703410473901
0.8764959734061879
0.9018403495840948
0.8784554629542503
0.8808732501639291
0.8371825980645168
0.5634253372858242
0.7791052186262047
0.557291227757672
0.7416541261910141
0.5316684007284941
0.7444368935113531
0.5323134379280232
0.5975291009014257
0.5549213380426216
0.8543813075902746
0.660819869317109
0.6224994889324704
0.6702865343494762
0.5620307831557919
0.7926280367768845
0.6310542049795647
0.5691004541239535
0.6160042255123467
0.5684691670455337
0.6004620424464948
0.7933976798077633
0.6008935312706276
0.5598299943109092
0.6041200529045627
0.8179641945728682
0.5585187567519363
0.5986871291895243
0.5521361116520233
0.6098712401869371
0.8017357113442374
0.6204943130356008
0.7119752412736842
0.6957655888346584
0.5945168287715952
0.566419048788595
0.4773450896429241
0.5196584250712293
0.5443330036074476
0.5132381547664512
0.4962543773471311
0.6257687069754319
0.7180748180883474
0.5179621791784895
0.6457686318273183
0.6063492745855582
0.7135236979106219
0.7398839913178397
0.6738071334260867
0.4884562547964464
0.5000854046185428
0.7178957105256702
0.6970119471145467
0.5493237307396455
0.5649915997645225
0.5190760226363835
0.5748324156731561
0.6157224857716228
0.6435357787832264
0.6040759652253052
0.6580473340610076
0.49951390265476603
0.4727109388685259
0.6105148944286112
0.6831625071810258
0.6145132157390508
0.49754408293273766
0.6050457034542717
0.6187617438625143
0.5982099514150621
0.6106513309659405
0.5975752865424627
0.5108414286660188
0.4643693867348887
0.42020094281847636
0.44289934897108896
0.5398930853964652
0.2850326256258042
0.4417187600919354
0.5135565304760727
0.29037118877347334
0.3570874513080604
0.5099048166504266
0.27516277301929515
0.2796568013416899
0.46953554339133263
0.3320761563210742
0.4570415141539364
0.47721774418601837
0.28305404636156584
0.2584458101108591
0.27123528361434035
0.36820613507329275
0.5213224232518476
0.5065604779236821
0.36679015578687213
0.2769745794754748
0.4643904664140834
0.38140239934928233
0.20052114468955012
0.2907691682775024
0.24552092857555996
0.35735553077840526
0.2843127111689371
0.23380306900243875
0.26548607841869143
0.5298211706026444
0.2944418943225887
0.4937414237226859
0.36870488422707354
0.400860344946815
0.36757018569181
0.31069379327099717
0.2566257996301016
0.34583143483578793
0.5263965232682776
0.26734867175006527
0.36226725602822757
0.2715270226663173
0.2974070793388901
0.22406189483189043
0.5460974569097954
0.5917130275465468
0.24213944034366475
0.3004002713923718
0.46178425916536325
0.3480583524052646
0.31972827643601576
0.3154883783020278
0.3854383404038648
0.3796760942558109
0.26515703057775053
0.4352546747080978
0.48197792160837083
0.5252693594675646
0.5751371886921699
0.4083369901863069
0.5015737394653724
0.7058104926794525
0.8605454160331626
0.6031494157786329
0.8453813419624783
0.6688083423582937
0.7548556144898442
0.6335924658589989
0.7990232050488759
0.692764888591214
0.7719739665467793
0.6155845924140649
0.6670525303001777
0.8045843748379051
0.5552912803525507
0.5472640380566867
0.8974612692873138
0.7750527128142549
0.5402376349229068
0.5943323270379461
0.6239918158484321
0.7555286508991084
0.8290737221155045
0.7484913444190218
0.8291982369571267
0.609050258999219
0.9152618696547576
0.8801023988831641
0.6171604735290377
0.6213890949341108
0.4885808532006693
0.44784691855019476
0.43183172567552225
0.5481553141927691
0.475083167561005
0.5052897359570119
0.46975629982516837
0.44468505759127447
0.49552731291879404
0.47161536486164735
0.4806811753510707
0.5259177166539778
0.5126690988836475
0.4613165702287115
0.4623375580565599
0.4593639585985978
0.5729824794520986
0.4750132607668329
0.4871397135966889
0.4811084466724796
0.5149104438707166
0.36213878312969827
0.5497950723600353
0.5122094447089871
0.5131223938811327
0.41544068540558654
0.5808030533213341
0.4413221034908506
0.45877867660213645
0.450763036171973
0.4953927849905036
0.5115733688828772
0.47933943030516357
0.4737595250357362
0.510761412339726
0.40194435641407444
0.44706068607284044
0.5411538768368183
0.5856716671954725
0.5345322624461903
0.7420245690788576
0.5333370632506709
0.5674616302330168
0.5898070229935729
0.5688509224818828
0.7154165130483794
0.5518644577049654
0.6147659631261413
0.6613141869051911
0.7118957125955161
0.5032395255475549
0.5614907501525268
0.5021930365279995
0.6347026601817245
0.5900092328942041
0.5995001362242318
0.7012025110576361
0.7560668149410632
0.5204006707269693
0.6198717543923169
0.7641988002208945
0.7373593518171493
0.6785356981164886
0.5611220183833083
0.5633833027337591
0.5034073025718447
0.503326038435038
0.6815799920139121
0.45354809224144604
0.4001375939611349
0.6887728301557883
0.8071180200799541
0.7003941937190605
0.7604887207089205
0.800879174325822
0.7215987555223824
0.833732394937729
0.7621929867654309
0.7560938042089134
0.6863810541481126
0.7917888112730934
0.7558825622729455
0.678848612961132
0.7260017948815316
0.7736817525776767
0.7409164699620825
0.7429030261172658
0.7433795688673204
0.7811759605597716
0.6617907630965266
0.8076431975338627
0.7068745617185989
0.7983324211278884
0.7288813433759722
0.7152834316908272
0.7783143088817484
0.7995972686424109
0.7404658498152984
0.7836507315697225
0.7994166557736007
0.7853474482317598
0.8002288340028907
0.8146802064331504
0.8403400980644304
0.7933616868121145
0.7976499605450159
0.7252392407399595
0.8973124526187675
0.8794993108165983
0.8123919410543785
0.6783777436106294
0.8256307836397488
0.9007314335273977
0.8367457510013319
0.8338754829126872
0.7980370072643383
0.8771826559729907
0.8623454461359537
0.83598535944771
0.818565263030111
0.8762939427629055
0.8953163394212721
0.8134664887299025
0.8119372554054216
0.7644108572425582
0.8290621270046318
0.7889680298818621
0.7628927352937696
0.8522082834879456
0.7389011767441773
0.8758307883111305
0.7693225247030655
0.7836233288457399
0.790493995421364
0.7333503167106967
0.8316693823699381
0.8687310882635707
0.8353478859334504
0.7979453112541904
0.7526718351876489
0.8681579582937817
0.7230483711241946
0.7376322641578911
0.8363727327179103
0.8309569786075637
0.8161755813870561
0.8668139237433563
0.7643591326481723
0.8404011042693962
0.8688502435418016
0.7648283537194193
0.7636425199683836
0.7295463922677785
0.7585187608017341
0.8453927227838858
0.7956816454210901
0.8177293362436089
0.873550641468201
0.7157293408171057
0.8773022526939507
0.8107379775598412
0.6825144502988362
0.8540034557756186
0.6510132111787935
0.8418005407829536
0.8295712817054868
0.8607297336047568
0.8023869990735345
0.8303003165216114
0.8771773652245538
0.8053876471598663
0.8442411708787381
0.8182291294618274
0.8477500331328933
0.66613950846186
0.8306199452195497
0.6974200537215323
0.7098737056881506
0.8093363528324851
0.8465220036744819
0.685459053229583
0.8214459392038369
0.8299191314136274
0.7985778542546222
0.7182448428281782
0.7160602414904058
0.7896435450432557
0.8265355472970826
0.8591926033339572
0.7381892267585779
0.6919214718134472
0.8301081673245686
0.7845389649339547
0.9049980747757014
0.7395506051150031
0.8923353827162018
0.8345007387021021
0.8676859412449283
0.8327839608788072
0.819903558370405
0.8072921480266242
0.7789407337557253
0.7417682395757348
0.7023155384568431
0.8341430466288311
0.7534393219298146
0.8407979373336738
0.6498898618555766
0.7435970063388142
0.7162420519774755
0.7553578200888009
0.8053928379450932
0.8247004400565847
0.7802599098655403
0.8782818068890654
0.7342969541424176
0.8017480142148683
0.8196826332088382
0.8400853783898373
0.8223155681487595
0.8400525120497542
0.812310442149637
0.6686004333015374
0.7191561021858952
0.7101749942442807
0.8025786541816053
0.6993553645641064
0.8616043321386844
0.8516743488235061
0.7886281955967671
0.8484950844828213
0.8038867507309613
0.8518073979792062
0.8385927748626543
0.8611465337569364
0.9262294799762623
0.9152379106274253
0.8156314768992735
0.7553135665514606
0.821811974112677
0.8830701193887287
0.8852150881879226
0.8787315702970835
0.8529641099370571
0.8464290916554145
0.9012673272105729
0.8758588000845473
0.9054871991940074
0.913037024932551
0.8892071280865781
0.9008702464041712
0.7890426231840287
0.8411732612239162
0.85185995336102
0.8498411613169196
0.8380860818525546
0.8663819024626187
0.811667759770965
0.8645473407815379
0.8897435236276308
0.905034804530289
0.8597540965427493
0.8802118621375135
0.8707181667245123
0.874756872720836
0.9169670119635012
0.7720253092022418
0.8429358482706184
0.87925520119467
0.8818398831503328
0.8685521131072147
0.8893807097275532
0.8069104932133011
0.8497809983548787
0.8822806961462198
0.8210232725500588
0.8657448995944182
0.8026681790402994
0.8185372567529745
0.8361160035991996
0.8073235105472198
0.8454819292023915
0.806212806542403
0.7999797892772325
0.727212296696839
0.8592024043510743
0.8997716222584952
0.7936850766352199
0.831765777472383
0.869075597322308
0.7830902607210386
0.9113534637185505
0.8873426547111447
0.7604796522692141
0.742537049291675
0.8265559671554314
0.733022633308377
0.8896627127005481
0.829651406187595
0.8075457667926025
0.8647950635372417
0.7638104034660675
0.7479743567007421
0.7461695221180189
0.8533707351108576
0.9169737321980472
0.906650412609133
0.7592329402586591
0.8766271220595434
0.8395811259962049
0.8170379092575022
0.8670182752312997
0.8981503711903893
0.8176177144153441
0.8627737030696833
0.8572380314181847
0.802275809433054
0.9196011298597608
0.880975425354109
0.8970451314733839
0.731932166609357
0.9067355806321599
0.9162827427883679
0.7322933884138504
0.8917284566172577
0.8404060117233503
0.9108015544430466
0.909791593275076
0.8631148407410565
0.7672523709903949
0.9050747411448452
0.8243649571738496
0.8039205668558929
0.7041356949293066
0.706537518127755
0.7441289437749458
0.7035038154176294
0.7810618823979898
0.8490236761999985
0.8418959719819467
0.8311618373699783
0.7531822509088
0.7553744182769156
0.7814158289311699
0.7589303544505425
0.8316792594566198
0.7702434536948076
0.8153062829324533
0.8200581797731878
0.8936014124675251
0.8202339576400878
0.8500065326462658
0.8139084580617651
0.7661183354292311
0.7566395576401173
0.8693351978922894
0.8740861170739658
0.8377633188270557
0.784148647706723
0.8659409969452885
0.8445317682033687
0.7570216444400726
0.8365744166115683
0.7888626513848707
0.8321560230403999
0.8389076308743887
0.9012864636551269
0.8601410194562298
0.8389393317005578
0.8708410907424229
0.8172374552881878
0.798899308251564
0.8419961656404108
0.7878102835457415
0.7902760690801074
0.8360639731483334
0.7565638592528761
0.8201632499886309
0.8582194153885769
0.7393275669959205
0.7784299592940171
0.6881757572953936
0.7993726618205258
0.8666011081292994
0.7874864670988462
0.788306300521677
0.7445753321894408
0.7036864838753014
0.7333512838307418
0.7913766622075551
0.7825969024526737
0.7786484585208564
0.7056378862582977
0.7824467587358173
0.8474695683629869
0.7381059633623485
0.7937655564970365
0.7940510878434159
0.7807444367099086
0.7169347266037296
0.7689140456531227
0.7086484665319286
0.7652057745643597
0.661230541927189
0.8267345464104038
0.775853588955252
0.7961291829052981
0.6854036100935925
0.74752554667352
0.7550035717252883
0.8187361808453089
0.7866691633728535
0.8214801352311527
0.6759272904731013
0.6978738881031064
0.7833193472045532
0.6514332968256711
0.8163878232735683
0.7291832394291722
0.8217626706917469
0.7498092246998428
0.7656902380935536
0.7990839748883332
0.7172629503815908
0.8161419387881477
0.7958279190947696
0.7164105616252734
0.7760589184025143
0.7692275649847272
0.7266301042154066
0.7283163735555979
0.7104315928296583
0.6647561520269403
0.6689258926970538
0.6725806688109034
0.6721326136609683
0.7362274674401575
0.7010853809256146
0.6314376472513854
0.7030586805202096
0.806958429086546
0.5942271817694007
0.7849438327074613
0.8068367576309917
0.7632589531530819
0.6225214310678757
0.7834224442605691
0.793020984002258
0.6402178648844301
0.7180847087230948
0.7421090570262745
0.6826734855600205
0.7441218440024115
0.6686965114306626
0.6952999034441735
0.7559562664086696
0.7107779113901977
0.6326705004442397
0.6867820675455336
0.6513861917885885
0.7742338252473175
0.7522625289783325
0.764295937148563
0.7092497842089246
0.6716686256675048
0.6240822328543026
0.6463343059625271
0.6524854373205846
0.6445289176580062
0.6708539618204208
0.6687165784904376
0.7549436729412254
0.6474869828682212
0.6540944419316108
0.6899266356241748
0.8126203738586649
0.7063174965686002
0.7832301814749748
0.6864081304745233
0.7122975781497006
0.6665417474198008
0.6887099843548146
0.6436295093429695
0.8086027100006
0.7453955467237232
0.7664746406207974
0.7846543157251091
0.6626183617136449
0.6054497692861955
0.7000650489515954
0.7597248090933263
0.670956057210332
0.7517742358646825
0.7310195136730578
0.6976289778317085
0.6313251978007243
0.7501862103367389
0.6102134941470894
0.6442994139706769
0.6672083691888677
0.6879701044513357
0.6347565755289128
0.6279333114302701
0.5611601334395891
0.6690870003328078
0.6737571507272185
0.588596771522461
0.7363653585042946
0.7083777150056478
0.753724199920811
0.7055952304284657
0.7119653496654375
0.597919540383913
0.7970416148940238
0.5801914238833967
0.6139636920492672
0.6472914030231758
0.6858354403959218
0.6876309364736662
0.6927682312873986
0.6560040594609402
0.6032582982470969
0.5791377042609169
0.604128580885819
0.7350314252608614
0.7386984921489512
