0.9976964146845113
0.9975455110528253
0.9978932284741797
0.9766406725078901
0.984970879132492
0.9871435487152267
0.9758763491881983
0.9753616705730532
0.9923079241860051
0.9969760330095128
0.9797450840530775
0.9588356968876246
0.9786981131316507
0.9912784935035476
0.9780519211967289
0.9792354832204927
0.9905705488128358
0.9643182151676031
0.997821980873387
0.9782421495602855
0.9990333091842027
0.9623296097179704
0.9910708116944194
0.9669270756682053
0.9799496308144292
0.9596754821466504
0.9724787008064291
0.971870090443036
0.9652863835937132
0.9665794882729708
0.9699421296647348
0.9722333416179831
0.9876538396114505
0.9850969934259275
0.9582958315361445
0.972794164272156
0.9842092001074167
0.9744223814777477
0.9777389338912483
0.9817745201555033
0.9581556781947598
0.9896877191500572
0.9596285223773103
0.9857562395335567
0.9897888295142734
0.971412688468531
0.9731512179789092
0.9756114769649754
0.9629039712486873
0.9703520257691116
0.9713492367015173
0.9788919412444522
0.9569268047383745
0.9893466423351709
0.9834776427544639
0.9647641191871733
0.9920844944152192
0.9687571247730344
0.9901012028314709
0.995159961329507
0.9860946156666426
0.9946400547717007
0.9936350089668871
0.977462758440494
0.9770148592265827
0.9981883177729949
0.9997343145695021
0.9943415432014531
0.9916705172970213
0.9959830452956797
0.9959037169703597
0.99262457526584
0.9989126314519848
0.998119529865429
0.9747344508577143
0.9979700469230136
0.9897023507891025
0.9996975518887504
0.9903323731568292
0.9857945556632308
0.9975891558505294
0.9985415525327646
0.9892875155849161
0.9826375198182284
0.9687189402789697
0.9919862461911498
0.9909017151889186
0.9820446314621312
0.9946086995271849
0.9778887612773866
0.9771634089746672
0.9794189635109439
0.988406412480313
0.9595482018420598
0.9723051187722624
0.9760705128862666
0.9695097824894026
0.969180847563393
0.9682469668717801
0.9620834788652095
0.956379481058722
0.9585068339598399
0.9831528725769639
0.9717636386728832
0.9664246673807622
0.9656719748552169
0.9837324824575747
0.9744627007182907
0.9718456883544867
0.9998244135062757
0.9745862637200016
0.9610790542126184
0.9341630952961082
0.9334007849204624
0.9493046310304238
0.9692440592612901
0.9738045014122504
0.9568436398279417
0.9564428873568798
0.9584560983097021
0.957756163720563
0.9702375226453095
0.9704279437369819
0.9514265447122177
0.9738912157316617
0.9682932316423334
0.963093714250753
0.9730440051723588
0.9693532463879766
0.9491666636124333
0.9665209046959186
0.9752669101955687
0.9640916967512041
0.9776816913448394
0.9668608204361443
0.96243778844433
0.9516863719171154
0.9729230930573909
0.9740363572138675
0.9596300454787957
0.9699606023931384
0.9491460502568696
0.9477504173720083
0.9582662108950242
0.9634482079056269
0.9742051961000014
0.9725562047620195
0.9712912116240768
0.973679821967419
0.9797712013584715
0.9605344577698305
0.9737656334329674
0.9572979685839859
0.9739474476387229
0.9721690020200314
0.9899555841875443
0.9762947206319615
0.9781043621055099
0.9760232221209875
0.9904310745719136
0.9769625440590768
0.9753456311039103
0.9571016171626241
0.9675979048217355
0.9798205238103588
0.9752479666621547
0.9778833367829305
0.9760443861527892
0.9754840231660699
0.9769569604625521
0.9607129344031795
0.9727174429484546
0.9755340649704755
0.9621866961241785
0.9303459551951064
0.9726130231379985
0.9789692054160762
0.9684651624741544
0.9750360153414885
0.9649877745433179
0.9816036099910805
0.9906627187010834
0.9627578397438185
0.9675412052670871
0.9730103938965049
0.9689910561771837
0.9728179285578751
0.9751753578012697
0.9717380716757755
0.975795606968408
0.9926981508714667
0.9877050127427149
0.969198885820288
0.9970586458482409
0.995422355778415
0.9646815565283756
0.9738198730081713
0.9692693814795654
0.9933282688191115
0.9885999469865123
0.9603660994153107
0.9748938661689602
0.9962994822549562
0.9695287722500286
0.9693202023305629
0.9326167034368016
0.9748986670287738
0.9706517461972037
0.9457622152686134
0.988044620751006
0.9571741683485204
0.9411821750008038
0.9607864286675178
0.9806878332537892
0.9755830378127521
0.9730552303358031
0.9741992356046257
0.9416536046753359
0.9749983939360776
0.9332982717066038
0.9942077447767819
0.9707992806742576
0.996059497311808
0.9763586380051723
0.9540163447085501
0.9878543244152755
0.9790414817016723
0.9779653799263224
0.9719665878509245
0.9675454043343102
0.9773363781495494
0.9762278002834367
0.9412126157333645
0.9134227437572864
0.9212705161630064
0.9327441730471437
0.9132442425562906
0.8999526029794911
0.9939577642145059
0.9783167065445653
0.9313927588292623
0.9841631128387824
0.9072127424870617
0.957022806968375
0.9990521811518783
0.9702470515382046
0.9422522363022775
0.923126939272936
0.9053426552824271
0.9303850310547478
0.9647837191381344
0.938702720825517
0.9872673245647395
0.9268822253568194
0.9008684308523508
0.9132616257589736
0.937960574362829
0.9795654918819015
0.9113024520656569
0.9121319214478736
0.9451975932368933
0.9100628551820917
0.9586278827976429
0.9650663621422944
0.9569414911538905
0.9777159385254003
0.9813638262482962
0.9314539740928691
0.9491114455404064
0.9526234042450039
0.9745981377164713
0.9594334380734129
0.9392725220494804
0.9695571394424896
0.9639411990456243
0.9627222903316409
0.9558416270059631
0.9557493576875851
0.954475436445424
0.9666263800843182
0.9601367291567191
0.9580232982943552
0.9691416904663896
0.9869322820891635
0.9458983773904845
0.9572504955057138
0.9605317567177292
0.9286703756808036
0.9589231551926533
0.953814338368753
0.9484900437274146
0.9719547329970059
0.9440135065539993
0.9723504580621223
0.9647968299100249
0.9720550867631236
0.9598683896665776
0.962218034872947
0.9125936336199735
0.8571494692408548
0.9595469895813623
0.8747160559552412
0.9478921617850967
0.9242686836936043
0.9109487821884585
0.9590077854845689
0.9266515470205043
0.9634866365418985
0.9679718080778289
0.9105234823322799
0.8801734225825271
0.871451270579257
0.9133844485538365
0.9161343636147796
0.9511021308552355
0.8628436219273297
0.8486765542581879
0.9209925412085249
0.9086685497573889
0.8853719356632028
0.95441771073586
0.9608175275825069
0.905494277890629
0.9783625204008782
0.93664684993056
0.9465849287015917
0.9207956738098723
0.8909955558246554
0.8084870445219463
0.6924003358778097
0.8662662739479021
0.7152335832590748
0.7398757262070192
0.8612585043176813
0.8419112988928065
0.7097910199014545
0.6611024682409146
0.6455502180121102
0.8750335347385781
0.6647382195141128
0.7534383722290858
0.7296194503180096
0.7973294388348409
0.9545722683539312
0.7905527712542044
0.8599619910518619
0.8100068189581624
0.6647310225065947
0.6896776438523831
0.858145505544834
0.7474347130120959
0.6544391782971408
0.6595361315853248
0.7750594148973449
0.8745996301618257
0.8600516101467449
0.6626940070618508
0.775638823132559
0.974657204466288
0.5728094748160266
0.6120028412232927
0.8526042623049369
0.8632066878205051
0.6932356887422482
0.7908484140720923
0.8136348829909106
0.715916105329663
0.7618646344537576
0.8199960382027331
0.8454329489788143
0.8302952611580139
0.7324554604278213
0.8385601730332488
0.755894494817125
0.7860729063944039
0.8036835759627361
0.6861241755958682
0.7815657104182854
0.7709692318451254
0.7129896541814196
0.867067560507299
0.9936923512168891
0.7816517824549618
0.8432160499318062
0.8295985745196841
0.8229989931801055
0.7892805715688629
0.7331053237532261
0.7328681598257989
0.8140283856120154
0.7444803376450835
0.6792078011598899
0.9101419643257163
0.9857457611846132
0.8449110674635356
0.9182128671796356
0.9736829720038543
0.9559814791025038
0.931920147774378
0.9524854477848842
0.990666588127201
0.9004419470023238
0.9017041574808855
0.9732306987901862
0.9615201965407921
0.9191963137984004
0.9800010453944944
0.9094568149573865
0.9536777196307431
0.9754509282859573
0.9602067257545867
0.8511644848112265
0.9042985631217155
0.8936383824737703
0.8361780084640811
0.9258713074011777
0.8546374911465288
0.934948500005941
0.9863407038068686
0.9305263314487108
0.8442640747029455
0.8293654523608749
0.9500329334329224
0.7658273965272242
0.918104876387849
0.93713098868344
0.9379537483036897
0.9795933082922189
0.9594962368953595
0.9129530579172156
0.972805879094584
0.9410081883553882
0.9611223961300377
0.9383385597336265
0.9908534520732557
0.9313867895927673
0.9665567178748914
0.9156739489878668
0.965118549550888
0.9511103896013879
0.9172742306073751
0.9567951399027261
0.9624063042808557
0.9684795761353984
0.9374247005693532
0.8987399337296869
0.9198379698902204
0.9898425425630346
0.9604720803714026
0.8880030366331779
0.9529524108576615
0.9677608185718903
0.960835474545894
0.9418242808852954
0.8948300444422128
0.7615882196991045
0.9342048132847294
0.9138521779125617
0.9508084309645064
0.8403247873278912
0.8258687440842372
0.8982653199267663
0.9982397138844243
0.9097055343638373
0.8666016235739074
0.8470772853453612
0.8469064944504381
0.9052192184401315
0.9087151624619632
0.8952366598026261
0.8891469829845393
0.8384301126300207
0.8592015589282019
0.900177412163959
0.9095191678778386
0.8492069760071768
0.9038592628683776
0.8822406303931776
0.8783226347155669
0.8551277158697685
0.8880077945294558
0.8954745625740095
0.9652652169948887
0.9043217149852056
0.9220107354657194
0.8447982021333296
0.5777174714751427
0.8890883121412522
0.8316938041411306
0.871155445788312
0.6556274696938753
0.8488869048115086
0.7926112911831992
0.7715281226669451
0.7153089695829193
0.8659673634221177
0.7019125542983938
0.7768915729463598
0.8252964878298866
0.7773025851212492
0.8765158592729856
0.6689315215745468
0.6868968193918223
0.6907778161001674
0.8014542755074312
0.6678022706896253
0.9040440776201147
0.67235440292402
0.7005969671697172
0.6910666703025807
0.9026422269541252
0.8224370508313535
0.7317123320850349
0.7016544845985309
0.7181310979748257
0.8704979571583402
0.6873152144647041
0.718200329513554
0.7635545832013431
0.6747550359593804
0.8388435279294688
0.6428001354103701
0.6783793960605896
0.7791251371329992
0.731132209509725
0.8148405818482451
0.9420869001019648
0.8032130477314304
0.5538190657181257
0.9444940371688018
0.9118433326102913
0.8225541490922039
0.9185552769019487
0.8449165352096887
0.6710763773737161
0.5801870521770898
0.9602018400432376
0.9348010242393071
0.6579887587838998
0.7522540187649822
0.8881115690245556
0.8650480839087382
0.9487856008611601
0.6790148372192437
0.9292079800478126
0.9957220201551847
0.7742498377491345
0.679360296875583
0.806920576416809
0.9019747684689488
0.6885964849033189
0.3765441909054573
0.7257547546966145
0.48999412795838926
0.7552980273572847
0.5691466354903332
0.6807336473642336
0.4196446233230162
0.6379297566099698
0.3158398291902469
0.6261932408370365
0.9916645107549739
0.31100595552215526
0.34757669445723577
0.6792984241001274
0.3859971989650527
0.3990393356320082
0.7804486259432156
0.678247032280165
0.31265452023190815
0.66460019790497
0.617449415710239
0.3768067333892783
0.660524520185161
0.38677232772687453
0.341219834734033
0.38658284145287425
0.46655810682390597
0.4037949030556267
0.7744364502142856
0.6670960818982153
0.3601083599373578
0.3460433725614549
0.644041111914724
0.8091558059626927
0.8744130915223888
0.8305975220244045
0.8058191191559947
0.8731707512651178
0.8163253861207536
0.9640502956197629
0.7643851048865729
0.9861063700414932
0.7266818414856484
0.6179148196533538
0.843297352901452
0.904409751089962
0.604427293919794
0.8865459361869786
0.8673543325375439
0.7747103825038588
0.9106901745603471
0.9275493287143024
0.643414267927658
0.8252635861426841
0.8786349732236136
0.7546695414665994
0.8835878775008151
0.8974107103973409
0.9020139968647347
0.82794533478263
0.8779403191175723
0.7051109525511505
0.8122904680314383
0.9191141919806954
0.8823102217364314
0.7861467870691594
0.7902679703987778
0.9163854592346159
0.9060046461595208
0.5428983837056801
0.9666504257002679
0.732308836660377
0.6488944301147274
0.8430315415245616
0.5500954983507731
0.8787011600772989
0.5809865463665791
0.7076763095283498
0.6664691260977713
0.8630604134225901
0.6918106992151398
0.9088255409084185
0.7618567708584615
0.6587853875794207
0.8976687253646836
0.5586365102820015
0.5266774185138937
0.8897933623438836
0.8532492937930186
0.5246303784329522
0.5592217804966976
0.6367893065512822
0.7094967093708104
0.9092744364996644
0.8539587091860809
0.7952602679479166
0.6792686065064187
0.9617912078297381
0.8655711372067321
0.8202921655502189
0.5051010599507184
0.4975566716089623
0.7326446359683425
0.45740149215046283
0.564208926027357
0.6695723425590552
0.5095826310954202
0.739309829329974
0.49647638242195197
0.6782817215401876
0.5700710717089039
0.7016181925861611
0.6373734305622536
0.7561732786520459
0.5062760793812338
0.5401743600774916
0.61765094638544
0.7223727485191898
0.7423926040041392
0.7641937292989958
0.4984480236262073
0.6562292133418135
0.6639764941582603
0.8287216506050319
0.7899766439803011
0.776003868294302
0.5051434851890986
0.6553296389056911
0.5353689647056985
0.6630374587094431
0.5276484821607326
0.5517888649884128
0.7958050133390692
0.9837668058604212
0.7679537949298847
0.6364133760199762
0.6934477992238545
0.7926643815697276
0.7418844841447156
0.7504323309706923
0.8176633832094871
0.6681046570346741
0.7702072335016376
0.8890111926839707
0.7832142984582308
0.7733131830086797
0.7107927077204312
0.6997953599206944
0.9423570105828213
0.71215801121925
0.7635774360400306
0.8511418534506212
0.8895400710782511
0.9812975933150998
0.7244529855339243
0.932309826460476
0.7002213708302159
0.7159430610863646
0.7600571888830029
0.625699778482649
0.7662696338361261
0.6558011448459946
0.7277113135477642
0.6724751011617187
0.7719294821504734
0.6708995439430643
0.9975126270581052
0.7745274403755255
0.831596321739595
0.768413905018881
0.6795454187545613
0.7135747399865109
0.660714398935105
0.7716220727471229
0.6470334532889119
0.7518380948035447
0.7644104901431845
0.7568886856091347
0.7651290237729704
0.7630655198825806
0.8118796686635485
0.7344234199269455
0.7694465785053961
0.9570562141442214
0.6960219813131875
0.7563503839442609
0.779687303887836
0.6493023365178121
0.7793183593367292
0.7582876762178824
0.82123529567784
0.6806141510842296
0.6560736149058248
0.6540355982911619
0.7658859414000234
0.9709751173835071
0.9767525374500934
0.7514755835309603
0.7612171442324545
0.764830367585771
0.8769082980774527
0.7915545478233423
0.7818999781783951
0.7272441040043829
0.8174600201553457
0.9984630038096272
0.746838198720946
0.8188817112285723
0.7745917545825434
0.7954924627091187
0.7678295961669823
0.842769418548423
0.786373976301511
0.826517014976111
0.8934731560791842
0.7810117027883943
0.8893514104419277
0.6894458800478969
0.732303496573339
0.7795270327516968
0.7034529537843799
0.7533860398701804
0.7834864555896416
0.8553036087630012
0.8173774972518912
0.7740689221099077
0.8476625983728712
0.7958513636618513
0.670175532695361
0.854394053506971
0.7005911301536467
0.8096644850861698
0.8007326774155631
0.8352617505142906
0.797853487864238
0.7981398169816656
0.8990093347212256
0.8236393183433857
0.7857297056746602
0.7399833931492625
0.8628347749440384
0.8120756324273358
0.8783584387690507
0.9274304255004377
0.85908567860624
0.8136865652034634
0.8387529006294138
0.8150187337499222
0.7834193622207347
0.9297680719651951
0.7794393510489093
0.8338660921118558
0.8974433609486046
0.8939194464477935
0.828082224602956
0.8957820832723614
0.8401245574319471
0.8964537666970788
0.8292176584707567
0.767351421290168
0.8346933931383672
0.8759295275980732
0.7915308407858224
0.8393531060188318
0.8585512544004793
0.8803172008545583
0.9232988009259653
0.8384930132749683
0.8809961786462478
0.8817079221058177
0.8471409117656666
0.7303453527549195
0.7433363798286536
0.9232863163436662
0.927034571628681
0.6949878913996956
0.8941051337496857
0.7973648407069035
0.8116871138407913
0.803656855161023
0.7730889684788345
0.7641070283319586
0.8698025934527692
0.9316087295782006
0.8539282397724479
0.678380153575602
0.6949598312020091
0.6791375627120797
0.9169093599364939
0.8116300094856086
0.7611280554249227
0.8768376624501995
0.9357020803958196
0.803111217935807
0.8633239027867187
0.7652925507883561
0.9106690568073085
0.8801063376963438
0.8196197321235204
0.9970756736622921
0.8770716207752222
0.8013580744372385
0.7426466148206474
0.7989918404979868
0.8568798962087796
0.8863328389498383
0.8371637876457043
0.828781367042988
0.7855988105438735
0.8383650619381585
0.767382811303792
0.7749496420869759
0.7841012190426158
0.7186262770812291
0.6852008273587828
0.8789445391243967
0.8519458442494419
0.8074500910425264
0.714210103249677
0.864320593371213
0.7601968041612743
0.8826970050173278
0.6694395124806314
0.6943154283516277
0.9131861744182705
0.759485545845471
0.7466404269004213
0.6828957901321702
0.7579355999325104
0.818859371511893
0.6969593871412476
0.8689607019862735
0.7830068843981184
0.8078964222720273
0.8602947776037786
0.9017009811619077
0.8480441956597535
0.871440416597993
0.9037908441424986
0.903664656746732
0.9068820127515207
0.7709463550221833
0.8688854028278973
0.8388298087365578
0.8632701441404715
0.8688617885619894
0.7844381260567321
0.7714913623691537
0.9438928158763837
0.7970577811854715
0.7774591387167268
0.890600787238919
0.7637792981633673
0.874508782072413
0.8142084111265978
0.7819707956653232
0.7751501514213885
0.89432959482421
0.7679920363309941
0.8875154193806245
0.7522183472793875
0.9867776848406258
0.910990472698519
0.7773453905649997
0.9469234145134601
0.7940863785206401
0.8635720461745292
0.8468616538739637
0.925310904565394
0.9237343523077349
0.8185175217904626
0.7999428201299366
0.8359716927945304
0.833414430077471
0.9063179710591647
0.8392017905301634
0.9143968632900175
0.9819090723998218
0.8201460155977842
0.8987432240874983
0.8863668426281225
0.9300789731942725
0.8393123544914505
0.8584271586937519
0.8728560234384302
0.9247385875917622
0.8219091413582699
0.8504804048632507
0.8474189858762742
0.8157401652838704
0.8386487537454319
0.9235126706152117
0.8827654878170801
0.8494676030375052
0.8807537984193131
0.8450110520654539
0.8304404597341661
0.9079760931736218
0.8820010591036627
0.8503914751889863
0.8488638269707599
0.9284565108260843
0.8637323597894858
0.7695019124007971
0.9131594413178723
0.8362568327342289
0.8540946749098324
0.9683364935054205
0.8189477866927171
0.7886869762344071
0.8574295080315039
0.835641824315855
0.9240889769456019
0.7843165778052976
0.8672628107971703
0.8080237470811306
0.7676516113572031
0.7413244491173303
0.9031782315195673
0.8289532887258566
0.8493178977964908
0.7759440331948306
0.8512940916524355
0.9570416170910374
0.7762383354328417
0.8514577783080945
0.8196830008700424
0.8684525227072173
0.9062015788458202
0.8836313262422072
0.7687270234698345
0.8629160442344421
0.7919494457440241
0.7485397851480275
0.7587949894622183
0.7478732677399014
0.9288307237161633
0.7522199573619872
0.6932831223546538
0.7501516328703677
0.7836998900448846
0.6962906913991967
0.9421362405711531
0.9875601091449644
0.7726400717462409
0.7579052736700267
0.7399420750875894
0.7426225088739404
0.6125568460143789
0.7656325992699617
0.6841684549754969
0.7478709569007651
0.9155725479267158
0.7300005295573189
0.7010972467540147
0.7817918589945738
0.7788956353629617
0.6730150977350879
0.7821578441409078
0.8166329479834471
0.7601516980153601
0.7567192648725594
0.781493467187236
0.7629827588738584
0.7640822357811707
0.7536011776178388
0.8634039753787097
0.8478963445383427
0.8235260927916119
0.7963358520500097
0.7992338176023003
0.8775615373786207
0.829292579344548
0.8566720128407045
0.8361759170738047
0.7884559250272717
0.7293672317530894
0.7981759084029034
0.7797312117033821
0.8320514652506127
0.8347833321210971
0.8539999716119249
0.7766742124881446
0.8397209808798645
0.8127506279495488
0.7530669043625045
0.8694510908616171
0.8363413338318617
0.727609730193481
0.8857448585919001
0.8518850807329935
0.7911940827892374
0.7100880743629261
0.875109198331873
0.8459806914925431
0.8117312377700441
0.8416815999134224
0.8209328951523727
0.8514576668799935
0.8647754711234501
0.8185992997509239
0.9252473239275565
0.9119140816946008
0.9062756134935099
0.8033679179188736
0.8583662900586955
0.8437019260789651
0.89429258207569
0.8061677967798886
0.938678782964036
0.7753368561078617
0.9009123904891883
0.8417867803363387
0.931434352767814
0.8298772959248458
0.8089916435337565
0.8927546130893598
0.8258298216719495
0.8645210185568415
0.8177579484652264
0.9086445655128792
0.8063153594095422
0.7884463934868019
0.9404449651676979
0.8528825805440609
0.9236269317631817
0.8029547780166122
0.9406051462103967
0.831770642853426
0.8460472541158828
0.8914467478130108
0.8625216933742141
0.8026010869430356
0.8141372386739361
0.8452976748087209
0.7634999733434251
0.7511349484310714
0.9958639375409066
0.7347714626954076
0.8378306661644374
0.8605544951519023
0.994028610154019
0.749730766569631
0.9897387133091207
0.9089506673596628
0.9428271278861127
0.7580537470523332
0.9648032150512063
0.9463227611080218
0.8107114644139488
0.6857922556824938
0.763361190759224
0.8255707510069941
0.8508681909291529
0.8698221458032969
0.8991360957680806
0.8988054686693941
0.7549576643979623
0.7848184718287219
0.8663812220608826
0.7124837951163185
0.9787735900460925
0.9576024831483223
0.7875331906600698
0.7618787171906104
0.9198628927358947
0.8426856755597609
0.7993395314823701
0.9582160463074937
0.8194143576469265
0.7846902902785
0.8362345814544405
0.9225318897655159
0.8073447890763026
0.7212021972200516
0.9052080038399266
0.8317223299860023
0.8483371603201151
0.8560307711976468
0.8661359602166333
0.7418212818105515
0.7645962945545917
0.7864749145154131
0.7713644716333748
0.9240521373842265
0.949184078464839
0.8629243830779489
0.952466265595071
0.8256223219747573
0.7269365203247673
0.8945525367547459
0.9019931662600098
0.8823297055540826
0.9188649549044561
0.7434945115005235
0.8266475659726805
0.7466837942507687
0.9268446035874272
0.7462990831742229
0.8412400641150881
0.9295984068888128
0.8478248307280767
0.942598664360619
0.7228809637622132
0.6929779552302742
0.7847414083342179
0.8289950605560357
0.7448178838165087
0.8743723829810359
0.8774383844840801
0.819956215189127
0.8146593410160357
0.8685332105008703
0.7798423442042137
0.9253582391061304
0.7602475971992291
0.8118771103671255
0.7193013644459489
0.7815916336887869
0.8221971002089213
0.8064560447284148
0.821144137741801
0.7721129880835952
0.6097363396031146
0.7408748967971692
0.8980001689813217
0.8449538928771954
