0.9733614678676465
0.9558862108780162
0.9928994069425496
0.9776740618326101
0.9702247728245887
0.9560339072694022
0.9789137912358727
0.979671476459523
0.9751629034308524
0.9737187704410388
0.9888828953738686
0.9965838963843154
0.9893096776578235
0.9950123903932458
0.9642937823598681
0.9930576238580555
0.9878535696625921
0.9611085209504542
0.9924275158620408
0.9762586409804146
0.976080497016522
0.9928676267347816
0.9948282934001811
0.987465937897923
0.969331409653124
0.9813047496271593
0.9852508030383493
0.9583880126313652
0.9976689177562533
0.9673503118503393
0.9863140588779817
0.9771030008123718
0.9862320198616057
0.9836946545332318
0.9880567356445826
0.9702744851293229
0.983617458529256
0.979191976818651
0.978005098866757
0.9741490605705286
0.9582414775824042
0.9639673446446547
0.9591645994034464
0.9862527424906186
0.9901542829134881
0.9739560720295324
0.9605774087035159
0.9755165626389285
0.9628454333944216
0.968991923518894
0.9892243865556429
0.9825507496757802
0.958341344538813
0.9890038127544676
0.9834924412415931
0.9617874315589887
0.9950663455323101
0.9718102549017886
0.9990823764431889
0.9918153049351943
0.9819804982286053
0.9910718385935
0.989348320270912
0.978133751250068
0.9797868832933894
0.9962247010226994
0.9968124375724339
0.9989485167586856
0.9856489883619086
0.9992710819597009
0.9958632464084571
0.996423580578303
0.998526020076686
0.994919920504937
0.9807734935859908
0.9910162957912095
0.9991916701696979
0.9992818976455845
0.9928682437452274
0.9847620872246461
0.9908727399127932
0.9995560237255818
0.9926501908465033
0.998640209128223
0.9933393034154226
0.9994847292082285
0.9948540193738721
0.9856737463835645
0.9832290149514016
0.9944628117596119
0.9956612207751564
0.9939814057181102
0.9896651724594556
0.9742582957973347
0.9738121892114739
0.9737400879384656
0.9898695069594141
0.9618523005376102
0.9686358257254539
0.9698081724429988
0.9756660183335695
0.961269613199772
0.9739278007726955
0.9626046853646084
0.9596979156461596
0.9574377955072904
0.9784996831457116
0.9795684062854393
0.9590753916639965
0.977434362115341
0.9820957654550944
0.9769751083913656
0.9695880850504622
0.9963487104357411
0.9775794509952459
0.9635314602664138
0.9574146517279272
0.964065332836068
0.9575991998528467
0.9737025360301785
0.976580285242935
0.957565704852923
0.9538846816184317
0.9516818383560446
0.950082988630333
0.9712206213260735
0.9616403030878677
0.9493992399242448
0.9767057453434683
0.9767483707567173
0.9692804643365868
0.9726658428478956
0.9700383986992575
0.9925526648233874
0.9701509110881805
0.978941415562399
0.9497716503393436
0.9706142916985125
0.9584704620344646
0.9637643178138067
0.9587532648798816
0.9482478113189814
0.97042552676413
0.9572674853618559
0.9591473694545203
0.9619299227553155
0.9783208534840402
0.9630407232405344
0.9725865742220912
0.9770533485303503
0.9742149186325779
0.971591962686306
0.9754309778081252
0.9773496211586898
0.9718638688021151
0.9779922689408225
0.960243211441363
0.9760530542618534
0.975872194731761
0.9881104209170413
0.9781625939995833
0.9757375344095883
0.9759620647288825
0.9566568084736331
0.9748698153387738
0.976481376178022
0.9692824538390623
0.9718090431563049
0.9785677870454975
0.975429715834619
0.9761469210913998
0.9735049926515957
0.9736974669204655
0.973845150788983
0.9603432900502322
0.9933802671955119
0.9828745063355564
0.9788124224317956
0.9613613698075407
0.9822819936980278
0.9779570851091439
0.966738237053516
0.9737345735103597
0.9714523714579413
0.9835641791687991
0.9674094557134516
0.9722364103034873
0.9766525327025063
0.9674409863287119
0.9673728040566556
0.9692886706181714
0.9737427855991445
0.9687752243425981
0.9776172477661971
0.9935448653241344
0.9672774828386141
0.9796891739613233
0.9887328782845829
0.9982019724427176
0.9662385201787196
0.9625648948313625
0.9718057109872715
0.9918085758379185
0.972603491694255
0.9740872219075691
0.972487679399183
0.9790126159392433
0.9758270881064076
0.9993403856233996
0.945898365051838
0.9530864377055271
0.9900833261323203
0.9418925322237279
0.980469436844046
0.9639307006049658
0.9166619101850642
0.9630882716270787
0.9798129822352287
0.9896967315645385
0.9844615847265623
0.9923341474848826
0.9380022598348127
0.9873105869158812
0.9347676818698669
0.9772278673807546
0.9875476768382218
0.9758818570828742
0.9761182835367075
0.949559433808213
0.9740657572629987
0.9812954654980475
0.9788331760915748
0.9778185217166723
0.9648541052190537
0.9700690652673241
0.9751678641030512
0.9375955006401767
0.9125385066791911
0.9988706133468026
0.9906008862493326
0.9504334654318769
0.9763352891197812
0.9419776587762938
0.9747449695654411
0.9844398034525004
0.9700642548245982
0.9081423434083815
0.9144052074497011
0.9428213183579512
0.934937054667429
0.9888680521039956
0.9431993700128976
0.9629312620875119
0.9286814634600057
0.9158661643381204
0.920576015747624
0.9308755496285772
0.9778546514080946
0.8989596995133293
0.9229954882514599
0.9461797116798032
0.9456221394829267
0.9374583863188225
0.9294786385397172
0.956159091314154
0.9568798043802634
0.9918023183026806
0.9988073913798667
0.9932192566492832
0.9914815462732307
0.9965906404636222
0.942830549375149
0.9629506624458596
0.9679970714232387
0.970374973842073
0.9770568925016498
0.9469572003744744
0.953982330721928
0.9600299853369519
0.9528157446254621
0.9559852411815261
0.9618981608867754
0.9563497355679855
0.9725789639032209
0.9582552883908818
0.9632888417064533
0.9698342848337218
0.999148413091383
0.9434614647454003
0.9539507783002428
0.9597890053477178
0.9366344250905952
0.9544019872912077
0.9565353749185216
0.944418538155932
0.9769470220796543
0.9264002624698188
0.9698221530245945
0.9666775484369732
0.9686981753491164
0.9658927733375169
0.9714147614017676
0.9533661999448915
0.8864132625953223
0.8955631760813757
0.9355301710560893
0.9314964320584926
0.9460886040076758
0.9642576779895808
0.952882029931406
0.8919290493825257
0.9113204581617899
0.9275767243505031
0.8558271336582515
0.9390599399785121
0.8700240332363939
0.9019429258104357
0.9988919792836359
0.8882647645184192
0.8617253501376567
0.8918759180984095
0.9219134895212264
0.9080295957017593
0.9623244302328756
0.9003726311890411
0.9707359749190128
0.9190893174102793
0.9117979759257405
0.9455267180704178
0.8855253819210473
0.947316087835415
0.9768858474734237
0.8964252372203684
0.6635177632885295
0.9627139437355188
0.7282895203134636
0.6743834439547594
0.8120239212243358
0.8129165612879949
0.7184315990792202
0.6458502005110209
0.6465812717368287
0.9369110520261332
0.6768270638471737
0.8510937797287927
0.7576957786148341
0.6925292725926477
0.9211283652588227
0.8037423404762176
0.983641114383994
0.934341299681519
0.6542161163419793
0.6701936972161032
0.7901979867870965
0.6967020924757823
0.6472944561259548
0.6464940469608987
0.7107915103094059
0.9301886311012993
0.8654944445291999
0.6855555765514821
0.9980274905871772
0.7244667160219873
0.6692459110905017
0.7875696562431771
0.950599995556499
0.7064760987846755
0.7614997942785964
0.8086473610119909
0.8223034720470748
0.8336220516916218
0.7361703728639988
0.8510393551619707
0.7601802594517093
0.7671046352060459
0.8008754564934784
0.6747245576239299
0.7805304063154803
0.6903661086677789
0.723274834633922
0.8337182319683154
0.8390115323279068
0.8992230341219719
0.8369373915567093
0.8402158669716911
0.9729104674625129
0.7882898069595511
0.6844977271255988
0.6739284879425069
0.811414665072136
0.7480217181621348
0.6787189900195407
0.9117540594922692
0.9835650638458472
0.8493350025291938
0.919372148369485
0.994957515083466
0.9788712595211296
0.9346715742815305
0.9519337665053684
0.9785765030641311
0.8948503212558734
0.8987361996737764
0.9714455484679438
0.9511681642163334
0.913909824506592
0.9515660403881161
0.9075175812241763
0.9495298551524356
0.9734188709863929
0.9882068724609769
0.8435035931169538
0.9074421459383692
0.914424384561137
0.8479781720733867
0.9273060591836522
0.8812383324817753
0.9064801027391605
0.9650398264786373
0.9289812351940958
0.8253534914363273
0.8427824350012516
0.9496732551937601
0.9453582646395126
0.9984432999076942
0.9711773848089587
0.9988921299327199
0.8586357871292005
0.9207371810335654
0.9564998298298901
0.9626032813541604
0.9917190712619319
0.9593753227669684
0.9046362126483694
0.97092084434988
0.939801404825055
0.960119758067676
0.9296426466242793
0.9865992212954093
0.9068595479124228
0.9612078981054101
0.9104368120482639
0.9642661876128205
0.9739371446144669
0.9236130675660477
0.9616197894421319
0.9688970001039321
0.972029854326202
0.9389463321598503
0.9253620862808374
0.891297314163799
0.9697564442068272
0.9573003002573757
0.8614356503227654
0.9712483518585544
0.9675155462852019
0.8794578504751618
0.983962989094908
0.9311226719298065
0.8288674870121786
0.8968052849204249
0.8715450351335341
0.9949313050174388
0.8417973894604318
0.8614926979766107
0.9181917374798678
0.968772904677936
0.8829371257234936
0.8793553874011626
0.8310619741811532
0.8577664213919205
0.9209314420794956
0.8663907404905848
0.9355684955515751
0.8467362492268035
0.8332600981927349
0.8774340300997977
0.8883389478752944
0.9613649358205354
0.9091151330883325
0.8785219412001308
0.8653800850927349
0.8582533164862758
0.7781051024360618
0.8895850402015546
0.8924708461356059
0.9473830703631356
0.9975845778660297
0.8843648148452502
0.9040504172759378
0.6536988217097054
0.8775153323036553
0.7908197164871937
0.943057964240602
0.6808077051221137
0.844918082299126
0.6772658612005601
0.7614937829999091
0.7983441613583807
0.9711161312882537
0.7031329083922342
0.7082452390892721
0.7446024808952947
0.68650696649725
0.9844593676346651
0.6631009333252681
0.6732707135078954
0.6896940059500938
0.6889462245523862
0.692024900773011
0.8996221662088721
0.8161200591888738
0.7570649204321058
0.7009759544231734
0.8828989695179712
0.68279555448462
0.6695862696406887
0.6653169561314909
0.7661704603356487
0.8553643790247611
0.8549672066498493
0.9714455825404356
0.8999108332390803
0.6586718982140771
0.8689562151287586
0.6312197561108883
0.7754075800524369
0.6553594101320614
0.7080024900465288
0.7636895709363172
0.9190887816416526
0.7853103018799281
0.5755676004498533
0.8420720915980665
0.9628979014912923
0.9244739538999385
0.9132554761331173
0.996520243224849
0.642737195915938
0.5424045979245207
0.9880450060390216
0.8885210996645911
0.6828274643466079
0.7518703616420159
0.8454439312022896
0.924557020812705
0.9403666541822551
0.7843131254365883
0.8158167224429398
0.9154394338703729
0.7056736111403177
0.6662118865129552
0.7435022682756944
0.991543783795441
0.9655537868871005
0.5391620572975442
0.6052759695089598
0.5472934718136317
0.5897045902711926
0.4623649825389541
0.5700274667727695
0.6559263563920417
0.48035519821703077
0.3212948043969228
0.5816286383414997
0.6763755058508969
0.30464569267490094
0.5768525282734315
0.9893171236788225
0.3184278528133264
0.47966587384324266
0.7717541802212657
0.3809082632319526
0.3741418110446121
0.6893417971332166
0.42500048170585425
0.42301281244925476
0.5811607385595785
0.31744817035436357
0.4199629064571647
0.4910981553710102
0.4788861967843022
0.42149909102657956
0.7929486137878909
0.978883957264314
0.9138059162276188
0.9505367172576579
0.9962044108341092
0.7949329895562638
0.8398816924805942
0.8997176074890676
0.767744986976183
0.9230398439704119
0.7561230665594115
0.6403137181994377
0.850163960893914
0.9162596967996108
0.6267612372938529
0.8796736700595773
0.810881578923131
0.8163955658262425
0.84116487274004
0.9269771043834214
0.6868298872616598
0.8252934680258232
0.9186282933890484
0.7638525002363173
0.9139798761624578
0.8946449005733976
0.9629675621131404
0.872990340932583
0.8442652627912193
0.6817486777458901
0.8151036079160338
0.9435208418988581
0.8813493874907068
0.8241262873242257
0.959469217684422
0.993617271822579
0.9932389842926475
0.9811674663300141
0.8904036149400726
0.8343058301608417
0.8885704684425475
0.5512320118954035
0.8677899309524724
0.7327162206246212
0.6088156662400634
0.8390529552747334
0.5880529163473673
0.8737027411876085
0.6150112934829143
0.742311276932367
0.6283742925426061
0.8876130653254766
0.7736957839718315
0.8595608909945515
0.7337348432282785
0.6566337812265047
0.8849477202817772
0.5299017157089687
0.5338242916686413
0.8983702650125314
0.7747184137551701
0.5841051129247066
0.584659083801092
0.6373409211191285
0.8040946440430059
0.8901135213466944
0.832243276465459
0.9952588376289596
0.8142606469978666
0.9893719800941497
0.6850425142746269
0.7129383154563238
0.5416558933444215
0.6544602267269763
0.5114183826084071
0.6571457270714383
0.5022056729981825
0.7045511776903567
0.5650669303831468
0.6465579233232995
0.4955363483875313
0.6004331129182253
0.5130143255225118
0.575386810673437
0.8666842361702114
0.6525249934735514
0.7591062467066496
0.7182759548317783
0.49793290367047105
0.7528535345292269
0.7831897102044929
0.687632733030918
0.577836246874899
0.7175092966059732
0.4264651092660041
0.5867330661878569
0.6617788392469
0.8833509010116236
0.46913083596775584
0.6287165435544544
0.7590041377582992
0.9727594193527058
0.9618362704454066
0.942699620309499
0.8271399812232871
0.9132870780613077
0.7478355515779566
0.7319834471442618
0.6841348238847008
0.7319101546855811
0.7906906426645073
0.744444118811856
0.7043803372758017
0.7705717959051464
0.7086952458254435
0.7702195278856379
0.968406958409187
0.7073844980351762
0.73020564137986
0.7250383458659744
0.8467587504154183
0.7771082847603905
0.7233977274013446
0.9078009070759078
0.7424748546991743
0.7437346001535899
0.7645220547697382
0.7757837865853323
0.7596007867321914
0.7106837538715107
0.7718572891997342
0.6679888628092779
0.6860585858833554
0.6571172843578498
0.8096422977607822
0.7979086362165531
0.7764041545497274
0.8778819794213608
0.9330741368865569
0.7727744148153817
0.7982309878122773
0.7523519002246759
0.668422668352777
0.6988783745017606
0.7691677174072383
0.765129476227651
0.6454822066336319
0.7347447389725409
0.7805802954983285
0.745431481747693
0.7615888460285785
0.781864911853376
0.7683933669262492
0.7442143282087539
0.7676606984492508
0.868827490904041
0.7009474648240577
0.7598296209216618
0.7649527290893169
0.6508816418448626
0.7837857088726412
0.790207420431562
0.9168353932013293
0.6551733986294364
0.667761898158267
0.7701562697760738
0.7504596458386317
0.774539437548803
0.8816312478069018
0.9392711324313023
0.983199894487043
0.7314222466000531
0.8181790179479291
0.7308571584379788
0.8316067890060121
0.7357278396672919
0.860601300818699
0.7684639951391459
0.9724222572910708
0.8013172839241436
0.8138046358995414
0.8229665544758229
0.7589302629982213
0.8109086436560446
0.816056141916925
0.7372330586167036
0.7635557627085294
0.7904252156998126
0.7471976696130413
0.7619998763961674
0.751866173496043
0.71264272884138
0.7426103545039197
0.690896400000172
0.713848853853806
0.7841055557313207
0.8175771480063941
0.8690626042479341
0.7169661469688657
0.7954030652725451
0.6710348020939678
0.8508809762350832
0.7711879318960315
0.9538312658187089
0.8243010210797961
0.8920384298510848
0.8261722710418467
0.8668671742118428
0.7605858869711264
0.8489847884631727
0.8349562245024158
0.8929891473753487
0.8836518190406514
0.7904258129495061
0.9271965313189096
0.8042865464821014
0.8062763162610659
0.9008092643461444
0.7968787788973789
0.7850573338601232
0.8618031405286358
0.8315741062132517
0.7757269887314016
0.9128573927322794
0.8720916838843253
0.8420320769393704
0.7944528908979459
0.7725927993831626
0.8479774784729148
0.8479691801427536
0.8254284804116716
0.751248059199239
0.8445748336471395
0.7764731175410626
0.9825180976631411
0.8444782416404059
0.8777219835524523
0.8600562874874125
0.8728793405901885
0.8927673664620035
0.8826225134848826
0.6941253137339132
0.9348255292113528
0.8003402436886321
0.6898658246418643
0.8819780012171003
0.9093322325849992
0.8601573845080271
0.816189395922218
0.7510141778010644
0.8210686533765712
0.7956162441512687
0.8291890792096612
0.6734521935100848
0.850664467726869
0.863760972240627
0.9276951010276566
0.8576682855134041
0.8347980695716178
0.8209269723240546
0.9243231599808318
0.8015076750222163
0.7357438274362555
0.8374065903216441
0.9059747114513499
0.835218152630277
0.8179608043298187
0.8041672621340528
0.8958929134175064
0.8394503658152535
0.8674998300022477
0.956866341855531
0.7711401683860242
0.855856883364839
0.8238728103412466
0.7956785547373707
0.9504654937193884
0.7940098212069024
0.7672499262710452
0.7817729263138777
0.6668998848799064
0.6258803638286535
0.91620188429903
0.8381439820732449
0.8612074151518976
0.7911696992308672
0.7000545771834471
0.7460402627837173
0.8795476530693045
0.8042277991888088
0.8072547774260902
0.7682366240373799
0.7631392111762384
0.8640916614324488
0.7528816214238992
0.7120251869705139
0.8676370712084234
0.7236729137089215
0.7560222836108187
0.6992405649957892
0.8853983339514374
0.8153410020606151
0.8459947941038001
0.9935399486500149
0.9319163014365439
0.8767297405829495
0.8690429191186677
0.8300212128931175
0.817074843623044
0.8676036144076766
0.765869236933355
0.862491630112978
0.8576021155857851
0.8537534177321329
0.7653857098602864
0.8788285073074849
0.8187819695470411
0.8528514994680803
0.8127580891644023
0.7906214409540814
0.8177937037729486
0.9467510217744205
0.8778061995885521
0.7664325636211657
0.7742361898358281
0.8794515115199203
0.8898897814047977
0.8591010765997702
0.7935852163405821
0.8136850739385252
0.8681050878382339
0.8303836475260749
0.9158462375472101
0.75988613981702
0.9735084314214539
0.8903836057665508
0.9889410493266282
0.8936629274677623
0.893936438894126
0.8220038817508165
0.8274901494339416
0.8421824909162154
0.8725729754138083
0.8812697947874926
0.9172746183753402
0.8250124222609585
0.8936683761237371
0.8537758406705888
0.866251539067714
0.8518679520636929
0.8907082790594356
0.8630994202348644
0.841039375247737
0.9061084510728935
0.8285543265094218
0.7941210435116483
0.8517024436167815
0.8832353051494434
0.9354995780779425
0.8619747277880068
0.8690342942913587
0.880534518392027
0.9289978213398042
0.8644083227174911
0.8130762726633951
0.8593344288949846
0.8161210103923084
0.9198199412494348
0.8731055718877337
0.9753195054326962
0.9744966878766474
0.8773687716908485
0.8411419279714533
0.9447291540140708
0.7901126650225629
0.7927269700492448
0.8615706114618142
0.8473318725477612
0.8617437601031901
0.9092576584176609
0.7875460769733977
0.8155740192384573
0.7840922260832167
0.8100846970953517
0.9203382861028351
0.8173352855354423
0.8302125267290748
0.8037270095557066
0.7481250579142491
0.7731831599258099
0.860191411362053
0.7713881244301879
0.8963878685548571
0.7450820131630764
0.8528936406314318
0.8723065125774534
0.7698534934115951
0.8690161142643485
0.8848673797674187
0.9296224144865922
0.858843094965727
0.9979256972130178
0.8093926004089769
0.9893722732766239
0.9198623245588502
0.8059503737884326
0.7319478382517564
0.7516986620663864
0.769400986030739
0.8032224419475191
0.6660773498986818
0.7430491885457797
0.7303461998556566
0.7959598915766762
0.8006470551554361
0.862912989611504
0.6714083110073547
0.8731903062733
0.782100601343887
0.7466728628557513
0.6823106518441248
0.7563808754781178
0.6895825122557309
0.7561775727333753
0.7518362257878825
0.6804534421038835
0.7228776766235139
0.7852908631238733
0.7622199733670136
0.7847534033676774
0.7724608602653955
0.9878853820262848
0.7523238206829292
0.7252848206235968
0.8869101642404442
0.9950430958455008
0.9679753480366824
0.8431033316568004
0.7634095867617491
0.8977254998461656
0.8313119761300487
0.8239004091285856
0.8344611750626493
0.7670583103181251
0.7947756090047635
0.7971375100499929
0.8037555799712632
0.8285096573502243
0.8309359350627299
0.8925542092350912
0.7874707404515413
0.8914080618883979
0.8367107505826747
0.7801417658358195
0.9202026880005777
0.8313237506322622
0.7622377075384883
0.891180809895511
0.9279990374394043
0.7997493540734457
0.6993462097474414
0.8493521297107158
0.8495122791597383
0.794533992199151
0.8347533198963257
0.7902046063134011
0.8369115366765313
0.9133285219219542
0.8482334767303001
0.9987785883711232
0.8415338108569668
0.8959723277661961
0.8472066696490061
0.9110265742132375
0.8743000300524784
0.936440590632631
0.8094000327863443
0.952943831958055
0.8054945253328434
0.8588484288316655
0.8099032091532543
0.9370212320896727
0.8176405203501256
0.8484947942585918
0.8527697828889098
0.8710962988250791
0.7987361517439144
0.835573033772591
0.8704204323767359
0.790705118138612
0.8659115002291036
0.8606943364985371
0.9045268105329105
0.8935251464549616
0.7711701542352065
0.9392151656029439
0.8731293990188858
0.916330567552769
0.8520999453466453
0.8615251487472164
0.9597466599217894
0.9828179139950339
0.9791669447693053
0.9738858518909439
0.789514678198919
0.8623880405940707
0.7562213837021098
0.80761450838716
0.8019317269236932
0.9977619299514361
0.8527718266939646
0.8676002083104872
0.7690967354261974
0.9626885797079014
0.7546269914670757
0.9772954536524763
0.9714620587767016
0.9176188476238819
0.681043340052935
0.8007487774749042
0.9672334295644819
0.7589554362826648
0.8963252721756243
0.9553569241494618
0.7601849527401141
0.7515765713947378
0.8309220390267296
0.8588797293583676
0.8237279951828773
0.940058776068247
0.8372795608418028
0.7150273121918713
0.7272020073675849
0.9338170006433658
0.9128886122260063
0.9989850695376832
0.8996683507715668
0.9210152049657443
0.7383413546362361
0.8288294408692851
0.9423098510073034
0.7960300263437106
0.7935474193944569
0.8673666286699186
0.8285163933465061
0.7172753858837226
0.737465935393367
0.8999227665494814
0.8434471466608712
0.8544349167164865
0.9310892404430091
0.8447665612852768
0.7843157384478057
0.8482073052110934
0.7602950176310406
0.7851645046376692
0.9548382381432889
0.865767658687155
0.8526639460353549
0.9543469571951702
0.8257608073355509
0.7881809263376999
0.8582885216746967
0.8306852199609618
0.818467212363172
0.898285529144005
0.9637585948637332
0.9713668867482597
0.9350894695000502
0.9996261916659377
0.8053638101392028
0.8223168565900277
0.9256468944069934
0.8656625536600533
0.9343093674893226
0.7620985203960882
0.6714247721875037
0.7807748191672722
0.6998955022280084
0.6569292601608308
0.8891931115353566
0.9109565340095818
0.9159074886410031
0.884930015183271
0.9345233284913954
0.6657748279697252
0.8734825383242151
0.6887500539184519
0.7035504372259782
0.814675537297454
0.8592254252093774
0.7622312011294694
0.8469395313145761
0.8041219143694396
0.7048654813359985
0.7147437387838833
0.7512322725345217
0.9347278914986308
0.8298644513699802
