0.9999582013114096
0.9705778684929378
0.9802185186326704
0.9807050846149357
0.9934454371317722
0.9832193538507175
0.9941794130563113
0.9709128557838946
0.9827427752615727
0.9957152551750833
0.9858425760741945
0.9927675161250065
0.9810162670277285
0.9672595690536363
0.9641193785343073
0.9943844876459367
0.964086906252321
0.9566098002144189
0.9971256184730068
0.978201416199855
0.9891094408661374
0.973950159823644
0.9958355300812782
0.9813989684790521
0.9850310545424483
0.9840717948995309
0.9695283708888095
0.9618969844022347
0.9765092573615501
0.9956859511761467
0.9857080328785799
0.967879348767878
0.9805310388106198
0.9621234763991039
0.9644294710458086
0.9726547645949776
0.9987962451465207
0.9976126007652946
0.9916267264347733
0.9818964631264586
0.993694646786932
0.9617041341082962
0.9652676705062468
0.9761314589172845
0.9885333875219617
0.9706594129563741
0.9855401690860469
0.9719038091020271
0.9626262197271374
0.9701137382947009
0.9715374105207761
0.9750164929625942
0.9587048619873206
0.9860462410032156
0.9835033735750016
0.965546302817693
0.9999552207916427
0.9977682726937729
0.9996258712588474
0.9964594128535487
0.9915018325170922
0.9997615031903339
0.9897176607841396
0.979076420483873
0.9858197868790842
0.9997013366532962
0.9998767265184512
0.9986816319880116
0.9875604174695953
0.9986400310038852
0.9966741272791919
0.9985088879769435
0.9922667540452973
0.9937148608724368
0.9733253284676535
0.9997199898127516
0.9966602721717961
0.9984881029456936
0.9941291429957044
0.9870095934547758
0.9946760205146485
0.999476947725637
0.9995535441856512
0.994945624467368
0.9958390365871301
0.9999581844071032
0.9995908352114563
0.9929732409985232
0.9994314216212734
0.9970751341173975
0.9999474196605503
0.9971455100602481
0.9920907916284294
0.9989977753006959
0.9981033109284683
0.9990531966093527
0.9988976653103374
0.9982698486206167
0.9935132690080812
0.9868381466804077
0.9860403606493946
0.9867937397580994
0.9948424011801955
0.9834211616295937
0.9990583606920284
0.9689544182059788
0.971495051027758
0.9753560884285003
0.9930324550613993
0.9653236448095628
0.9683198349463943
0.9809990526388964
0.9706525634313025
0.9662688908579191
0.9713664942002203
0.9760287375696111
0.9634971997861561
0.9791201077261409
0.9968308290125673
0.9901814134911107
0.9739896259092635
0.9805540114302382
0.9897120509240789
0.9975579070914804
0.9994217003746197
0.999712237186219
0.9708328513906026
0.9682495162909948
0.9743265704872862
0.9728877776070104
0.9668526190389093
0.975293760914611
0.9754489968774546
0.9975619013806496
0.9742612294941351
0.9537818626663492
0.9526092111854114
0.9716087123179806
0.9692478037200613
0.9559191096482351
0.9723809978359603
0.9737988303346693
0.9557033859539938
0.9775309575303801
0.9739034336984751
0.9601524422345552
0.9589717622360997
0.9741025239203623
0.973289828640105
0.9945166040792104
0.9875225055117027
0.9863146167906123
0.9978309085893433
0.9987618220560192
0.9993478913328608
0.9604908881842639
0.9637452837456324
0.9689440311518513
0.9784933711868962
0.9848306202109203
0.9763462023113345
0.9749202689380733
0.9759415633846211
0.970235630147968
0.9752886638666513
0.9765503694604503
0.9694214755632399
0.9752146918494384
0.9684669150918017
0.9714992250590213
0.9743913995975217
0.9730125889031138
0.9746445237579655
0.9743388868635039
0.9751536021327654
0.97994703337095
0.978228826429145
0.9962835901626009
0.9731822600889476
0.9860626793275162
0.9935939407120311
0.9996466145243101
0.9993695187969707
0.9793727237607546
0.9924366808466805
0.9722076562654222
0.9742225621312517
0.9811275240602979
0.9763706783523194
0.9763093067267336
0.9605723914523537
0.981890563639456
0.9694460617391454
0.9664715267755591
0.9740457656689502
0.9696139122314413
0.9797560939728679
0.9821034939303359
0.9670646672340779
0.9696983026711945
0.982172385827687
0.9679838327548904
0.9689964763050354
0.9757466776994845
0.9720763426512006
0.9747148618294637
0.9791744353473477
0.9795864837285446
0.9813803409960767
0.9795659497785616
0.9702545925294898
0.9808502185940489
0.9944134696255621
0.9758894835884457
0.9983272668094235
0.981668484249232
0.9895730183744355
0.9959856021451454
0.9719110960472575
0.9791108532149281
0.9827613736237752
0.9277954685875491
0.9725211272405865
0.9770200350870769
0.9480745077168606
0.989465451007034
0.9653287148768495
0.9285629004973326
0.9622976550530731
0.9746554025855181
0.9918733722375166
0.9792449018577956
0.9753630280916716
0.9387966054727872
0.9720447793521519
0.93436080126137
0.9767171298727835
0.9757580034707483
0.9539606750196843
0.9789581691301789
0.9854809896480227
0.9745401338413744
0.9992962072812267
0.9902246730872173
0.9576015073989446
0.9996328155116616
0.9952528328496523
0.9892105461903573
0.9625550476901267
0.9403069494276068
0.9968881895315731
0.9667523261715674
0.9943039596285521
0.9209874013735495
0.9452523189884108
0.9360367398532498
0.9182017214653729
0.9813702055835754
0.9091266765428271
0.925338177487637
0.9487335097338563
0.9488385929735336
0.9657896286933922
0.9524672889753039
0.9224939815280631
0.9860974153053838
0.9794272744246768
0.9868034935140416
0.9891540711918582
0.9955191044991634
0.9820044090793053
0.9863274382417091
0.9993645842487233
0.9943760454634881
0.9860713968294199
0.9997893887710774
0.9933423691503009
0.9725304737759024
0.9968600525558096
0.9988617358343792
0.9968364482857983
0.9912455789598552
0.9917930157065641
0.9602590130952644
0.963913640034542
0.9676429510283544
0.9739756106662695
0.9919479664977886
0.9461514972986912
0.9601853537063505
0.9661252975119766
0.963777807297024
0.9503210872914325
0.9617502753856505
0.9707633843186712
0.9766785227992605
0.952337575885605
0.9551241499359382
0.9734887548220824
0.9847967495397238
0.9908345425212326
0.9807785461796166
0.9569787989040817
0.9517744760648925
0.9455606119268065
0.9257547444024162
0.9793363297056916
0.9919232500773245
0.990981212716211
0.9645385455780682
0.9974166861218003
0.9694601440088263
0.9966434474126713
0.9677660407792008
0.9632045403578899
0.856386913658182
0.8959742709184804
0.9343327680707895
0.8984086560703931
0.9046248936687081
0.9952486354372347
0.9496812688367439
0.8919713624953444
0.9905509742561679
0.932973274749471
0.9102670730761684
0.8920165309125446
0.8806709442533835
0.9276171043427789
0.9292951829225183
0.9295498136432474
0.9319351438993557
0.9978999362801608
0.9505653181014994
0.9315299664945416
0.9923849850115223
0.9709770109046298
0.9793263405178474
0.9567223901072938
0.9863715372176131
0.9998019123995312
0.9407278875099696
0.8924255728721084
0.9969405384436119
0.8661114889995886
0.6595154924699187
0.8484718378993346
0.7437410879081439
0.7236278326665059
0.9687014783979897
0.8565304140726525
0.6945994886367494
0.6756646495460983
0.6719074308335828
0.8423375583878274
0.6455934359032005
0.7676878723671695
0.7309016445339331
0.7538760717032915
0.8557856191652369
0.7675292324136904
0.9668000533220678
0.8136560466317444
0.7627112569318434
0.9305466316116302
0.9707303509542952
0.8783562250219428
0.9214169861063942
0.9695895420138214
0.9668601558742314
0.7939748777956606
0.9622608079194461
0.9923863373674419
0.9955611609680519
0.8850171723845307
0.8198853995393585
0.6879611147894504
0.9136975696619294
0.6860568749259912
0.7248458822253772
0.8374606617346758
0.8553583666206188
0.77606821154549
0.8026030623123286
0.8441649359686714
0.8664989995166036
0.7805274470750879
0.7059958854479842
0.6659315720529146
0.8098626214161501
0.7531496655920854
0.671850512584965
0.916199062812389
0.9994422500749167
0.999195014837997
0.9864511215180165
0.9377377767016829
0.8530529099597834
0.9964167415637182
0.9072085084432691
0.9485751890818471
0.9323344669958029
0.9830023382315294
0.8441496795398484
0.8564834733192571
0.9871981485459488
0.9963297706163234
0.9087534871767566
0.9545403268406616
0.9961277908161158
0.9674994891388617
0.8518271854516772
0.8983904467376648
0.9003750682140274
0.8398757667073902
0.9264321140432314
0.8803653305110635
0.921248174623578
0.9670167603284459
0.9280395690980874
0.8422367405275109
0.8447858955531314
0.963449837978231
0.9504487029002071
0.9923820648545786
0.9794667172476776
0.9809086060852596
0.9988021701410625
0.9878214346059162
0.9892542356889464
0.9996271476492595
0.9922787314600567
0.9861710287498909
0.9982967321779173
0.9813018083625584
0.9880103306026472
0.9967908313289423
0.9750020192568644
0.9843326212309311
0.8287816209053624
0.912366110317639
0.9374448012407561
0.9565560344141546
0.9883721335367357
0.9589038376938102
0.8931418592927557
0.9729449725965442
0.9441278661781869
0.9614456798935287
0.9564140680014643
0.9701308652643048
0.9205492952279826
0.9642996380054495
0.9226467697433978
0.9700944998538308
0.9611581808344962
0.9532514584520722
0.9396825698056241
0.9881890413684666
0.9888629771406269
0.9544181842250882
0.9358545904646656
0.9996119909571151
0.9791186192524003
0.9551122999591842
0.9251643540271534
0.9628318370145725
0.9986893918087713
0.9479643689514075
0.9671326655208154
0.9467193582885959
0.8280202949455573
0.9048965082854844
0.9101679721095361
0.9227230787451639
0.8356885704398662
0.8451387807395379
0.9255271239491389
0.9861794282614644
0.9379391939194153
0.8307971192780104
0.8383517231011945
0.8733502927942625
0.9115295394116723
0.8657441175669706
0.8984061337894687
0.8723223858437674
0.9049562007088037
0.9049543353105126
0.9179239939436836
0.9276343247628229
0.9111877254649587
0.8931733015031277
0.9088848117277557
0.9004361578503178
0.8599081728879826
0.9734051468103572
0.9107221693873885
0.9109534066577439
0.9011897203758961
0.9924635298487897
0.9635611960080318
0.6750731795456142
0.918961392153246
0.8044250198836003
0.8814483544310479
0.6678502851614753
0.8533611040940294
0.6967762189111047
0.7197441536222786
0.7537603260921908
0.9907275796077268
0.7794428200991232
0.7272808596869389
0.7394101362221646
0.6845770012287686
0.8753090836633988
0.6568058965536168
0.7119624269398839
0.972772671987906
0.8348708630772046
0.9997010103036553
0.9978097616554742
0.9990719535102384
0.872137950228368
0.9953747906767103
0.8794205821347696
0.982330485846935
0.8442434788805209
0.9780770346952801
0.989563266740509
0.9140463094991027
0.9730111374752743
0.9096161437316966
0.9719620526659434
0.6230084559368567
0.9263054322922158
0.68449745413994
0.7883040813320149
0.6265602659301942
0.8732872638621673
0.8005573619198993
0.9668575329955371
0.7305186775950372
0.570736246088995
0.9972512981805585
0.9531338199405578
0.8885558297156984
0.8596402247832973
0.9258819782836687
0.5973042845650257
0.534062803157921
0.6981542615465416
0.9791751031443571
0.9917668224877025
0.9524418919526028
0.9533665441092858
0.9883750473071539
0.9377838593963642
0.9110167333268253
0.9698493735876719
0.6753755944178612
0.839694461977955
0.8184737588058222
0.9930826016338034
0.97496683186462
0.8162989197501413
0.6671160367532866
0.7771385805411266
0.4448335380324173
0.5306316211826937
0.6898438305730641
0.5412269564700105
0.41592392887576285
0.5870212198802165
0.32864381472484494
0.6747837639000684
0.6739907021245544
0.31576865439493285
0.44833703224404664
0.8954428674489356
0.36650431906542885
0.4284575739147255
0.6850754354298924
0.9729363973315834
0.906890929882875
0.8862956986684878
0.9422603342191102
0.9479975708262904
0.9602467983523801
0.9931628658545959
0.8273391042792331
0.9982633267147805
0.9224686465689829
0.7652912566672745
0.7990624319595273
0.9318522063317702
0.7035832981792494
0.9814255134093578
0.9638525877176175
0.7687329678864745
0.8935266818570538
0.915518907226637
0.6648797484999477
0.901744398295031
0.8763155443806541
0.7567529620070216
0.871193366134742
0.9701326338302284
0.9180154178571307
0.8371076147029366
0.8124988246487612
0.721465313812379
0.7925145734756518
0.9187736971350429
0.8793407242660128
0.7938076271018674
0.9641082752199078
0.9989538434549354
0.9324129188887391
1.0
0.9098451685952844
0.9639612825785835
0.9216224780773931
0.998874029707798
0.9293170036876439
0.9666624445325078
0.9631572591372415
0.9477403743583875
0.9534691786425735
0.8937719742184166
0.9377794537636075
0.942613103194806
0.7931462699193697
0.8336209460849133
0.9741125094952593
0.5747176239491163
0.849094408924692
0.7432382520659948
0.7016351390096575
0.8514949552893798
0.5300003679296994
0.890147366245071
0.6143714162131833
0.7891515704316967
0.6226788718216179
0.870411487810579
0.7860954346693896
0.9216620706437947
0.7447454605445231
0.9304409653489228
0.9951650429254035
0.6754203051919676
0.9811923916247206
0.9840437161093789
0.9948399719227032
0.9146737416241926
0.7491579082943223
0.9161457547536457
0.8335974808266787
0.8117018952234027
0.9244718181164586
0.8663619017736633
0.7225489895081763
0.7951244106872639
0.9954979186927158
0.8553987477023954
0.5851296021255801
0.5399657536459315
0.7654749071678428
0.6702908835832826
0.5006665139080901
0.5622172968896486
0.740985416271718
0.6798738265458948
0.6104878166043022
0.5909876139197163
0.5198507714046109
0.523660102478697
0.7012455033333089
0.8493102106853254
0.4918149249802702
0.4984952264725487
0.7137222399031877
0.7208323615498502
0.9827556932888225
0.9798211297598002
0.9633273276887222
0.8535581271824852
0.8334160472150054
0.8343307983851596
0.8310587159341857
0.8405064582245425
0.9370015909159157
0.787869690801779
0.9927219333754189
0.7803371708279347
0.961359580212257
0.9362032711432164
0.8629500734387462
0.8880692097169343
0.6936357114644034
0.6646290541530453
0.6703245162864151
0.8495676056757173
0.709984469745601
0.711356635696515
0.6934187293355618
0.7554722034716082
0.7151157226293727
0.6819136245687081
0.719368947151408
0.6458952225753751
0.8248594487826983
0.6797597241313291
0.7115768195933224
0.6531690488087377
0.784715347060698
0.9951486827005454
0.7910117746091883
0.7638594080741817
0.9675281632066732
0.9626910945677476
0.966749718729248
0.9982345452307633
0.9707199293852881
0.8439180971339132
0.8480783199653035
0.8413748696220189
0.994096239884581
0.8587177786020123
0.8617361714509221
0.9220145968840312
0.852450324064407
0.8174374432749325
0.7580071185025377
0.779574952572948
0.7312287395720843
0.6520098527147848
0.7947357601157741
0.8028040346697882
0.6662224518796568
0.7215469290598262
0.8645961117835887
0.6518991658900645
0.7621441781993172
0.7707810836924572
0.9319039152834875
0.7496408874110778
0.7563709046100001
0.7634210136383546
0.892397435061696
0.9960696602485415
0.9914891558601582
0.975864054114327
0.9085385675999718
0.8670859111157965
0.9300560471274317
0.9651891955296971
0.9615450968317061
0.7907191012915886
0.8442137847985143
0.8076893971111976
0.8379714039594549
0.9946292841951105
0.8866223463622014
0.869216466763505
0.8634252772040553
0.6774925516253487
0.7957037593418196
0.7916248957427976
0.8141540022266189
0.867032223188537
0.844729928418364
0.7013101123047614
0.7367497504540833
0.6567697317851222
0.7744980424941189
0.7983986885811724
0.846091286360225
0.8413112878885383
0.7003945889961516
0.7877711503892566
0.8848364273272062
0.7602864282473907
0.8766506179169076
0.8096139507447928
0.9619095082787708
0.8091560970679608
0.7350933856542632
0.8118776352945272
0.7962307853704991
0.9367584757567466
0.8589129621121507
0.9224598695611238
0.9918418656129042
0.9771140716337445
0.8403782013158965
0.7657632182319015
0.8268059296680078
0.8375149469292129
0.842141470249532
0.8147164468780705
0.7675521932161693
0.8620493690627149
0.8994014894756184
0.8863783792511809
0.777829993252207
0.9047478622948353
0.8463800975613839
0.8666069985064727
0.7745383655235751
0.822519442529459
0.8361692868937161
0.8312065852008088
0.734443844145571
0.8668831513460611
0.9714731171799145
0.8237692987573427
0.8830033319318986
0.9351691293351316
0.9257932848708086
0.8561412656305205
0.8670285776773283
0.9566062460757754
0.9927297645837576
0.9035512811148074
0.8357854155187263
0.9398049034960358
0.931052145043318
0.9906690561375471
0.8772678694103928
0.8586704371276384
0.8434966242189228
0.7878390708664862
0.8825953147295613
0.7261946806435136
0.8744141513569803
0.6733112672959272
0.7877976302349334
0.9004689992777373
0.9307021223688381
0.8500703984413698
0.9080388921680393
0.7891737417098799
0.8182549362091172
0.7829401928263786
0.7649388401247565
0.7690183048204889
0.8610801122248481
0.9533319570431913
0.8770798605872763
0.793509427728111
0.8456981940636898
0.8605714108764393
0.8173621025853315
0.8048075026477445
0.8063433029748637
0.8349298457803465
0.8272275868436803
0.8740127251046133
0.9579755560054097
0.8576096595780743
0.8995775675647861
0.9514075157099271
0.7681744751794772
0.9967436832769717
0.8568382260939418
0.8329847026898889
0.7036200607052937
0.7153809353888254
0.875297790617837
0.8335759555432428
0.7816276419548007
0.7998888637878733
0.7980220622314244
0.8205877887171906
0.8088508885474313
0.768990028342535
0.886175240690297
0.7420720972329322
0.720093959572697
0.9120710384977937
0.8222053635290477
0.847436566240571
0.8326352122561334
0.7992084196839515
0.8902698228316359
0.7810625478827123
0.8948936672259982
0.9100088150570913
0.9824769427171933
0.9941663259983337
0.9731188783160751
0.8128222314718208
0.7848090974292834
0.9617203554682813
0.8035849587536207
0.9960818031336006
0.7855781918429684
0.8775111242258438
0.7971588415966511
0.923488835697696
0.7648808015608004
0.8171636678007661
0.8202577531238524
0.8815980869490322
0.904781226314237
0.8687313852788927
0.7465932378694519
0.9053547299046851
0.9051699585204527
0.8629024578941665
0.8671856023453387
0.7726200824125631
0.9002517925590865
0.771656523591996
0.8903017294312928
0.9987789196344061
0.994111358706022
0.9027158953367369
0.9707818875531897
0.9637785711146931
0.8616810278871909
0.99103192742066
0.9771372741891207
0.9583557316600966
0.9670121001042056
0.8282116422512772
0.9906413404051262
0.8833408418031794
0.8219832931093716
0.9468764833290032
0.9991197224659137
0.824073766619416
0.905926304021343
0.9195468144939785
0.8634758020565938
0.7987581188703375
0.9083400197042908
0.8382012396382941
0.8379469187736366
0.8508212167855972
0.901708599149702
0.8396161580111168
0.9095477048728291
0.818307706223677
0.8987420597884483
0.8990762535670123
0.8476983682023695
0.8988607775360088
0.899939337250786
0.9961323434076399
0.8484406685481067
0.9110178941256769
0.9830366448457337
0.9035223423995458
0.9370012539042888
0.9968584673003833
0.8286532191484072
0.8556452543430124
0.9339632317473399
0.9719175547408878
0.985561446447974
0.8569594661610576
0.95544946286124
0.9767599932621407
0.8467359106986933
0.8900529220780575
0.8414859508623732
0.8085657505653351
0.881466637531746
0.7751093687800998
0.8552735406427837
0.9650206761271665
0.8158031193611006
0.7616004356077177
0.8109301208933806
0.8226617668430307
0.9376225331579569
0.8594214878496735
0.8550476173844225
0.7923440826464514
0.7743533456083429
0.8408239662383388
0.9956023938564353
0.9039287353292104
0.8845554364411761
0.7743206981269519
0.9321030603703068
0.9776668346732913
0.8233844838258771
0.9326209550607208
0.8847538570195227
0.8182397562048899
0.9622162566537521
0.9390910824284731
0.8703530320073528
0.9794056862465048
0.9193903569549036
0.6974206296981987
0.7942379757031207
0.7507982554747993
0.9660960484809366
0.768681051294946
0.7003471028358106
0.7503268737691524
0.7744807706444609
0.6999025250174051
0.8184719908046673
0.8246124516172328
0.7381310855303145
0.7686422392798393
0.7538827119362299
0.7984709263161998
0.7301119658880606
0.7545386213618188
0.9400708491198195
0.9890762935748927
0.8972667884945369
0.760138781530382
0.7815002489604345
0.756612142948119
0.9719653332573847
0.974812689794935
0.8924383410108712
0.9957105589783916
0.8067353474843771
0.8703225448647884
0.9803349715538489
0.9994264421407086
0.986785835974751
0.9544803966412437
0.7763351025815632
0.9610809813125412
0.8194586298013737
0.811097169282267
0.8338424263601378
0.8982680487847878
0.796961416330144
0.8657121193772661
0.8357748530726224
0.7867494715931305
0.7356099460543993
0.8569573598854625
0.8687021560854731
0.7876623117586369
0.8454665138956423
0.7924340018504786
0.8699368814048187
0.8895203592009293
0.9862257431806963
0.8945628064048244
0.8809771464403782
0.9961392960522879
0.9382508135255049
0.9193007800228312
0.8463970344005578
0.9568086657007687
0.8590936007973324
0.8381807631405036
0.8315358798118868
0.9606757718266893
0.9165393972174645
0.9647418232160931
0.9419181425573473
0.8406131726348309
0.8738966185267957
0.8921401460245579
0.8425610541389901
0.8847941608332124
0.8063845580701354
0.8502210971352594
0.8163718059238141
0.9166711311932365
0.8108307521092619
0.9407247375349292
0.7690209489751616
0.9437253974237142
0.8417182667452163
0.9284562573196092
0.8316791814657524
0.8109919587290956
0.9917053533408373
0.8812706704560285
0.9772210992525294
0.9731445933630083
0.9994812301571191
0.9782187591377212
0.8656864106644889
0.9725184841492339
0.9205720331542262
0.9572652425914219
0.976851242557906
0.8999706632589537
0.9346159834005197
0.9906893232856768
0.9615649225887721
0.9224573511905013
0.8660935071277307
0.7990581505905024
0.7344517816449454
0.7246603967622083
0.8374319931679848
0.9105013902401743
0.9091624708693311
0.8663061886459461
0.8225669448618099
0.7967427312964815
0.7644107350038893
0.962055517187226
0.8877132641898204
0.9496346274597262
0.8225843802511199
0.8151748416368165
0.8575037149288787
0.9767093532782176
0.9491155378726315
0.9933027797882629
0.9794687669067388
0.9245982724049956
0.9373531660904109
0.9776556624296338
0.9098893369701277
0.9812256831713866
0.8542938538634717
0.9087045742929284
0.9148135128373241
0.9994707737188977
0.9989101620309986
0.8675774279746703
0.9701517384053073
0.831797401744829
0.8368554128844582
0.8349267172757662
0.9111694607999682
0.8206590314641812
0.8450730622099338
0.8641422076279208
0.9267723473611096
0.7487167524002609
0.7606718519436619
0.8974301330349002
0.9321602234421877
0.9249972879399888
0.8248587732372151
0.8010689491636748
0.7666493316635644
0.8320112773125898
0.9016649620524575
0.9582184117130481
0.9311642020627613
0.9997516755416066
0.9272202121005779
0.9650107475896139
0.9854969974255146
0.9020167798939118
0.8746823827714957
0.9238565625855065
0.9959303069407155
0.9973423375695498
0.8853676199811779
0.9842709602184251
0.9298238737619016
0.9093508260440486
0.8039506119028452
0.8616577853320118
0.9921230422245666
0.8365859945238288
0.8736021159982252
0.7005120602840665
0.62197158166049
0.8343275199183954
0.8343466772072781
0.618216304388637
0.8721526466515657
0.9063963525595978
0.8888560117244095
0.8591169991769185
0.8519051530452474
0.7826861412857948
0.8801875310868287
0.9367235044246767
0.9632070923703477
0.8446507480350842
0.9825447115366346
0.9332253574391208
0.83986145256877
0.8602653857448108
0.9177734779262741
0.8586521251424128
0.95292917845474
0.9968367053250872
0.9828316163414883
