0.955184304080435
0.9954738507951738
0.9697593234687601
0.9769879740584031
0.9657100566681245
0.9801844433201756
0.9977920458243026
0.974535175665205
0.9849579604538143
0.9820319164114735
0.9786483414417267
0.9675564054554386
0.9853126501341216
0.9672303597707729
0.966487316291016
0.9825482284115634
0.954641907068794
0.9675132111169173
0.9768667635961836
0.9853840444122747
0.9848938303148786
0.9505498410150828
0.968062645458129
0.9738769161592402
0.9688305787980427
0.960453676478566
0.9667563281102176
0.9586150395390446
0.976111126010653
0.9687634324949881
0.987607253096523
0.9867650488678091
0.9883273126192524
0.9852658569976229
0.9843740968112604
0.9804333174228481
0.9838944595806586
0.9792882066837576
0.9762914141856374
0.9713088398638554
0.957903440211228
0.9621074539884442
0.9596325298786816
0.9860524925126546
0.9876809906130593
0.9737821396563673
0.9592988926619945
0.9756111373979055
0.9621962747529669
0.9716200783551915
0.9660851997524913
0.9823290241166807
0.9578610306865889
0.9887998711482548
0.9845443010341732
0.9650708547731327
0.9989950265829352
0.968770533958426
0.997988899480775
0.9946033474455416
0.9842514958001247
0.9965805273008737
0.9929634147406787
0.9774966262872751
0.9743524285996853
0.9984170122079887
0.9989385157135922
0.9939547404352891
0.990471756832975
0.9904873075845648
0.9952648752564213
0.9940420258883219
0.998428410957927
0.9964411466838096
0.9780175745479992
0.9891768124599085
0.9829251907117443
0.9775283439552303
0.9780515713546938
0.97060505349401
0.9807253007312362
0.9885339997044661
0.9644871512882189
0.9642161817055462
0.9586171455029786
0.9956911195304576
0.9567552252931724
0.9661578686612962
0.9744513035614246
0.9785268916899315
0.9688997528736413
0.977918586117974
0.9613167851952473
0.9553473349187944
0.9627213523645604
0.9821724791731177
0.9723344740994172
0.9634615857644812
0.9666149307993476
0.9810515411858718
0.9737700992175586
0.9688116478191623
0.9975426221044724
0.9738706395271728
0.9626034606521734
0.9328965609017883
0.9311398776983564
0.9519959434563834
0.9591257623877764
0.9672058718674367
0.9475934893689868
0.9516039521438691
0.9480585423090435
0.9485742133264078
0.9591796760122914
0.9510226359834308
0.9569374012868723
0.9756611433011297
0.9738025718348206
0.9618242900933893
0.9725865083620276
0.9682185253386193
0.9537915738478033
0.9507989517755229
0.9754956057239543
0.9561998322867609
0.9726628941333685
0.9535728700467629
0.9596001411109871
0.9505588645401316
0.9655527202418439
0.9740522336377229
0.9740414517828664
0.9584528193791756
0.9703141492412307
0.9512953440347847
0.9607711707239681
0.9574888951521859
0.9549797012316306
0.9464202248300954
0.9642310796020478
0.9428836283907824
0.94935659834847
0.959065305726083
0.9728929019787292
0.996369859161218
0.9718932142932879
0.974721808247501
0.9761628362388088
0.9765266429637938
0.9770692682699536
0.9754121961658
0.9564539308945514
0.9747912142883839
0.9752538573533319
0.9908339471367354
0.9690137097985011
0.9795229840533095
0.976065857889648
0.9784131505525939
0.9778338950131231
0.9735158172715033
0.9775406094466288
0.9604129910502879
0.9787374710075545
0.9765170678957078
0.9436224428527151
0.9325963442459679
0.9542922235787288
0.9423988201426137
0.9340925300374996
0.9432702759573119
0.9285393139281595
0.9726802952766659
0.9609934030609151
0.9622803321256103
0.9679054605071453
0.9882920699359281
0.9678397594978441
0.970972435368208
0.9758307114163783
0.964345579954315
0.9749164229419367
0.9742734655085397
0.9753621014753425
0.9679532143619788
0.9985560207404163
0.9996149903942485
0.965748351206433
0.9624183226574372
0.9707190371146268
0.9938550819718908
0.9688434868984407
0.9627425710966444
0.9733074623045705
0.9704057620638316
0.9743753428014024
0.9736372396140229
0.9366757822505032
0.9534025686746426
0.9750710793262465
0.9494118621224517
0.9779011062092278
0.9368299307782422
0.9090479499507814
0.9625113088060379
0.9920378310857055
0.9869024238293087
0.9773542640120071
0.994521831825698
0.9372159121507735
0.9896255453535825
0.9233912379359196
0.9760556830171394
0.9782890407089091
0.9738126936612974
0.9721308935044644
0.9530933981052933
0.9771792777810414
0.9783943760954339
0.9828473770941797
0.9704950631687884
0.9825972988375189
0.9744052039352185
0.9746772696004282
0.9519044094232784
0.9236513447002337
0.9324647114080409
0.9229511449999857
0.9106831454411989
0.9088335068888462
0.9199456804031438
0.9222063695050726
0.8982185628016414
0.9075040029977244
0.8830498100375404
0.8957698039244668
0.9085205659570412
0.9908861142227295
0.9793326822580467
0.9403594380406981
0.9534103112267867
0.9367555081353758
0.9504732410051466
0.9878929351752678
0.9650276566746712
0.9360969649874101
0.9007752717712447
0.9163730306626054
0.934584646175077
0.9848430660393419
0.923092688541261
0.9654366616469973
0.9315271057990658
0.9046123508732118
0.9268434183595456
0.9416971208487696
0.9817524848232547
0.9255009000958496
0.9211410895729084
0.8573042063354638
0.8942179547874181
0.8946408918561992
0.9075790439879916
0.9035224774514947
0.9028334477013888
0.9502419855617293
0.9424092121795135
0.9339342772483846
0.9383582558867439
0.9616964826887591
0.9515025458108468
0.9719697678104446
0.9561334814541609
0.9578682763301472
0.9846753293350448
0.9817070921319031
0.9245249321605189
0.954868914509707
0.956185434222353
0.940767198680452
0.9530776586747669
0.9569896725566931
0.9518022751937601
0.9766860353205746
0.9486883416392318
0.9746372846539403
0.9659356191951245
0.9689962460251046
0.9644175570654452
0.9669474578508827
0.9088221086858209
0.8552054430075622
0.8890234785297435
0.8653633341492015
0.8987789736335465
0.8836071086107555
0.9178708529044985
0.8802066987269936
0.892347107496027
0.9814708710945216
0.9118777403190623
0.9021780444926175
0.9037297812174792
0.868937683196525
0.9796218648150025
0.9569843627699077
0.9351157492125393
0.9205392212885899
0.9027344165662162
0.8650462313389211
0.9078530115701277
0.9016370785318826
0.8798511561310267
0.9544722862037645
0.9128654143445484
0.9116006033594108
0.9967965608992446
0.8730562660351386
0.9103284562182457
0.9632977555338994
0.7967108427865361
0.6954463394016288
0.8692156626544343
0.7469921871844298
0.6733332188936623
0.8332244033607882
0.7745116438319173
0.7361143607640872
0.6843582301459783
0.693482086883559
0.810134784664752
0.706664063703469
0.7951480423002457
0.8277843040321077
0.7170188025314876
0.8774212346330466
0.7086822630154264
0.9195615123993726
0.8610221646610728
0.6467106456500527
0.6535179495188891
0.8470530817722222
0.7194734981288557
0.686689558811916
0.6484225305143366
0.7135930952786402
0.8895926986657544
0.9842998983424819
0.7489750984129133
0.9030744040938083
0.877891252883419
0.5817539803077085
0.61796979406342
0.667512762781147
0.5823804601833674
0.5940320243466862
0.604295111001511
0.629517569897278
0.6066145534760725
0.6025959092389439
0.7588201486392148
0.8826913461596266
0.6937452716723681
0.791274710743102
0.8147949428014092
0.7155500418164712
0.7754143138977716
0.8106122933998441
0.8149511080149079
0.832511001131478
0.8251273920645702
0.8730023845314503
0.7565340807253296
0.8804721820669849
0.8065053926073811
0.6559344195245895
0.7869619817038377
0.7012818904516114
0.7230974161411212
0.9661708902484145
0.987651430278564
0.7806969001746784
0.8065804955306963
0.8226187019189399
0.8241008434404876
0.7806001830016429
0.7212797409294603
0.6961194731915488
0.8087944807477068
0.7609296596351827
0.685643189815742
0.9017428879563599
0.9749681469953024
0.8315207578442233
0.9130549744661334
0.9788939990955432
0.977109857573766
0.9344110180014062
0.9771752938068688
0.9931425318879314
0.9212025918737193
0.9068022183389677
0.9667645678411997
0.9480723340397543
0.9289053309994963
0.9414706553271587
0.8920792499118217
0.9375453266124761
0.9635422870763455
0.978933968706484
0.8441025971299663
0.9024848942974666
0.9183317123941656
0.8322615927828512
0.9315819132080031
0.6731618259222696
0.8219984991058743
0.9272856770256169
0.8841587102042929
0.8245395690685909
0.7916970637029888
0.8242533326809123
0.910411826834268
0.9294948241738528
0.9433988886013651
0.9270799679749666
0.9776601510427501
0.927147166735862
0.9693679039459563
0.9400783331201701
0.9670445484915446
0.9696180568311318
0.9204157099699681
0.9828465747431641
0.9643646850586185
0.9645596802077612
0.92568746907615
0.914981033014652
0.879454297054052
0.9707664195996704
0.9469605375584702
0.879255469299481
0.9643620638967167
0.9752010033129739
0.9530257843928269
0.960135102279708
0.8964148938107195
0.7823741971205681
0.895428888540605
0.8299925087776056
0.8851687117135068
0.7915635103868197
0.7981525437227049
0.8849837019278413
0.8907044922137856
0.9024375822721736
0.8902310319332893
0.8480185119207061
0.8439297961778434
0.9032450014597819
0.872602299990239
0.9505156833284882
0.8676267479175106
0.8432103827501072
0.8827058650341025
0.883490735661196
0.9064069863562931
0.8868369569901047
0.8838388531212434
0.882874021342803
0.8345847304513625
0.773021028186052
0.9338285941543072
0.8863402526327766
0.9206524015924616
0.9168335442508826
0.9633865429753112
0.9032259796513724
0.6236696087037065
0.7942219455069082
0.5507440550581287
0.842065163501819
0.5455858261600677
0.7695559384319048
0.5545947792663543
0.6307088937192211
0.7076356533381405
0.9957743937571979
0.7028024549798042
0.6999604759441629
0.7317195152327575
0.7964764087346938
0.9479481124405804
0.6849164585747063
0.6473810605656656
0.6822533840101155
0.7211569557303472
0.7570278654180153
0.9729432308068623
0.6693976082507385
0.6761508583295182
0.6891057202747869
0.9133839131744464
0.8097917934480953
0.6595780892120519
0.6742529333354503
0.7281672765664784
0.9044396545360763
0.6985153761246103
0.7741081393579129
0.8660769854984667
0.43463050283819415
0.6797794871669067
0.4911078798073537
0.5092926438623782
0.5029958219261279
0.5210867772161506
0.5426042994739695
0.9814231380245579
0.7229780089057926
0.5925321610188123
0.8468194527248776
0.9698907656033751
0.7919767042446586
0.9219110564822137
0.9693834954856823
0.573454523585612
0.5451786559832956
0.9390790135823107
0.8688432258431781
0.5952068676087482
0.8895643329613983
0.725094852965025
0.9061412261562851
0.9442765226613168
0.7898499432625936
0.9623287852608093
0.9755058782098271
0.6457165052452396
0.735969602100611
0.9082347791427543
0.9800499821675244
0.6362119680146198
0.35551758467173755
0.3980963426990607
0.3904548667396701
0.4012324442856381
0.51351015512837
0.352541031930946
0.31355052469051325
0.41258718348657697
0.5596415344760167
0.5607107690568022
0.9678037642844481
0.43852551641383436
0.4823802119550519
0.761405445320857
0.40972750450309614
0.44246924570608837
0.5865426668788344
0.6472925670439269
0.3018109954036663
0.6207160001677786
0.436042449575209
0.38740523782498765
0.5193332277856847
0.5580333566800803
0.6277681765397998
0.3062647155820367
0.4904939727459244
0.6428460355661922
0.6427211730048348
0.528934059291173
0.3797336198575234
0.37314270564118956
0.589238893450214
0.2646533280746589
0.3210542332348406
0.39812080141800377
0.4545936094554792
0.3891562783805912
0.268244778529793
0.4262587974479717
0.8197252288441705
0.8328371324981492
0.7948707762506794
0.8198898337847718
0.7950320046522505
0.8303495139008659
0.8671465652194329
0.753985197874165
0.935872728525103
0.7251269546080926
0.6249982191841559
0.904597475876361
0.8867719597391732
0.6376687656758955
0.9036771695003274
0.8856048848082854
0.7968068241472179
0.8379607032463303
0.8877991892710426
0.6586656043214552
0.8799341651421929
0.9066774302653038
0.7173737061291836
0.9195446730901178
0.9300017154945213
0.9224564314930525
0.8258319077536982
0.8531353902182098
0.7248521572323865
0.6309420741822389
0.8760210932656635
0.7636794812750511
0.6917273377870309
0.8492039701512578
0.610208319155804
0.9268899187039724
0.5752358064918784
0.8202863821429643
0.6040328327880862
0.8932744659767966
0.6665488805278906
0.8710650541397378
0.7478988523466337
0.6266143505119637
0.7852782188230274
0.5980367240614368
0.5466884886723015
0.886704364755126
0.7958594990392812
0.5534229103971562
0.5884414373060816
0.7528796350064355
0.704153436050572
0.8239487135707195
0.8493868199230679
0.8995105926455524
0.5664637823702708
0.8939615104413638
0.8817024771958346
0.5720564907678101
0.49554847727866963
0.4672792426276735
0.4361079922885639
0.44632068490733673
0.4882832634854541
0.46035210356556366
0.5386905727519744
0.5219727550909614
0.49661060745473523
0.7229693771602421
0.51735667152685
0.5906922985322949
0.8791929205938125
0.6176189659035745
0.7730160139039683
0.49985380890089703
0.6580882037496958
0.8099475785084209
0.6563200161644049
0.49871614713371154
0.5683818981896385
0.6000618043587609
0.4647067175109953
0.7527898135556687
0.6683668688095514
0.938052577189185
0.8245727738417645
0.6218576849789901
0.5543167180584845
0.7534998281531071
0.7931282803519308
0.7169523881804812
0.6302205970065713
0.5020109422173109
0.5107086656205052
0.5834211564949112
0.7247928450707466
0.5502231691127805
0.5260951944992396
0.7506000894000155
0.9197051710523134
0.6427291065697022
0.7483422805299752
0.8752761360967813
0.922356015386156
0.6436035741946483
0.8435393729447817
0.7584509732694196
0.8197253734609236
0.6750112453660511
0.7186492022494657
0.7662238776010634
0.713224116949198
0.7489325466770279
0.6796034278169651
0.9880554885278073
0.7374049213996193
0.7232964194672132
0.7111832307157836
0.6724447563390723
0.7482671981615251
0.7254744657767208
0.7042650864686653
0.7078850717115495
0.7537034055053329
0.74017116057947
0.7061517865057779
0.7862060026411519
0.7340725887853592
0.7623333755969652
0.7711243435278304
0.7867558453297616
0.8351180769399429
0.7667460330215947
0.6990874079680034
0.7221079134202115
0.8914763099692609
0.6865296124076595
0.7770917194745511
0.7660583133452583
0.7763752014110089
0.6468724529343596
0.7609762836503584
0.7778836537260978
0.6964481707563787
0.7818447711037912
0.7611618981524797
0.6549346390710177
0.7812404430353029
0.770178131275731
0.9879061875475941
0.7743079541198439
0.688699112788129
0.7666855778457031
0.7628124137471448
0.7465922650809964
0.8595368180375953
0.7903057736861453
0.7683397920718511
0.9723322373401178
0.7981965898537571
0.9041357153756283
0.8998134722114888
0.859205943122712
0.8271837232139811
0.7165580588901804
0.7984425004882134
0.7808718391807214
0.8043469569674477
0.7647388647966582
0.722401006203069
0.9369759809857552
0.7763104614982852
0.8216670350279189
0.8451771676104733
0.7633458888352174
0.8477613719540738
0.7483576178204607
0.7586886279954268
0.7942933875154423
0.816049269596776
0.7469790180238984
0.7827177348379566
0.8278942943606435
0.790602022819246
0.8081541098777387
0.7653464479354118
0.7009199945474809
0.8164517423484842
0.814862516155054
0.6717305356125551
0.757809184873796
0.8312964075145841
0.8336474247993155
0.7517614503337098
0.7253564483837186
0.8439009302502068
0.7898052117530823
0.7719365983673847
0.8451517362009382
0.8041866533597468
0.7941913373585597
0.8858487496076498
0.9159703145370047
0.809795800162563
0.8408519121474758
0.8386236690222091
0.8115205836036166
0.7636936901883825
0.8333022351432179
0.7958135884389682
0.69686567400516
0.8460476207103389
0.9316432191362776
0.8821738100361618
0.8873051526691491
0.9153931848237444
0.7856576993226257
0.7814410615858101
0.7623362730643519
0.8148521605974961
0.8347689261804836
0.7568202902972408
0.8135010268830203
0.8720602421612058
0.8997141422602195
0.8685747455686306
0.907700848337945
0.8466060662514033
0.8336123180955853
0.8171736265696786
0.8457948586326927
0.7432172560739186
0.9544364462525102
0.840559868674714
0.7972466658386358
0.9034498248036298
0.8981830894122622
0.8852395563980238
0.9146673538117347
0.7303944378185383
0.8160304816517141
0.8581243081681922
0.8495925368080157
0.8863337838452239
0.8554897567154263
0.8717742248866711
0.8268290007524361
0.9208737130417108
0.8163873864048699
0.7719456735039691
0.6998714504325932
0.8707827143509219
0.8978679071250962
0.8299024800726954
0.8469949699934298
0.9028624528032916
0.7545638832113796
0.8088447021288412
0.9243231599808318
0.8452995395285692
0.8228618750320633
0.8020062325401334
0.7919829546520415
0.7894746038799247
0.8704175463408513
0.8149436735383135
0.7763634565899264
0.7232444792425896
0.7307855131264395
0.8547523679141409
0.8426057655801333
0.920923549047725
0.7916533995908166
0.8235385752611777
0.7331620167936487
0.7812655114533221
0.6915723665272375
0.8287992715093271
0.7207207070778867
0.7473588676807941
0.7090156018478473
0.751635352428857
0.7960488614953992
0.8493927002515276
0.77657471868278
0.747139271954448
0.7162156564585327
0.8853983339514374
0.7911085198539117
0.6368534829258138
0.7585110519456916
0.7970837465436678
0.8073773905535317
0.8984273548308466
0.8021985284809285
0.901814944563043
0.8307361306140252
0.8089089936094999
0.8543568565213011
0.8264485576270431
0.8611415237220543
0.8844669882048479
0.8412425248519215
0.8671523558855869
0.8968491310746574
0.868822960591368
0.9223895037208589
0.768807166591164
0.8713406528405541
0.8447931564810944
0.8529148532738005
0.7914979008411378
0.7800253023306633
0.7902890067583825
0.889384563509994
0.8417271829900779
0.8754617456761811
0.9003930896507111
0.8282764865406271
0.962091954905136
0.9511163663559856
0.8555178663383862
0.8666469343390228
0.798201708000416
0.8179831713724897
0.9152638359052143
0.8210800077940158
0.9152427746505041
0.8353813559643603
0.8615206449907657
0.9055535167393955
0.7343439765856297
0.8060330037733046
0.9098836920986728
0.8321182396203243
0.9160068887271853
0.9171131051215731
0.809282473310703
0.8099481860732125
0.955688565096311
0.9015565658532894
0.8393209021119286
0.882790273926827
0.799840558732547
0.8694570206964629
0.8534594957520213
0.8196679351937399
0.8733110310355022
0.8685689901709773
0.9055233164691543
0.9125132884428296
0.9223376360671917
0.812782527915265
0.8730439853812795
0.8865156684026976
0.891991711762333
0.8501850187630313
0.9179641073055074
0.8330640878874029
0.8456662843796298
0.8754702950256545
0.8761206012313547
0.8854321181305866
0.8926616940012444
0.8814908115085791
0.8947441521233295
0.864920678694846
0.8093514316072123
0.7786136052750162
0.75039512202029
0.8279453381026434
0.9785739525110566
0.799990283739635
0.8507016598832169
0.8209144280829794
0.817717160606305
0.8608757134377744
0.8742294472686455
0.7490311531181237
0.8585114718278575
0.7675770151401546
0.8556351159960931
0.9134167452671593
0.7469988858287983
0.8604351158781776
0.8195904698495642
0.8625844578662986
0.8683014809319559
0.8482854440151836
0.7615657153302963
0.8738829751031217
0.84432017827338
0.8321304056386585
0.8631416953019417
0.8289622572927092
0.7523750233681941
0.7516326690356472
0.8522337785434844
0.8409617542544475
0.7249099581111236
0.7606155406470234
0.8082772971176575
0.9514119199510636
0.7595066528519996
0.8266857136105576
0.752021008816454
0.7538883314012691
0.6805242663316187
0.8205181337429686
0.6789200887208564
0.7674324322375229
0.7480619485239107
0.7143687610098498
0.7133056342448336
0.7030679726963169
0.6710903661796443
0.6874629228061375
0.7501595512861472
0.9752093351625679
0.747800949641575
0.6973757391568458
0.7783616156697392
0.774809136760288
0.7857033091933375
0.7466755713564054
0.8126399642532124
0.8418183871485125
0.8303611981473891
0.7995977902250289
0.788266516483068
0.8148901746998215
0.79705311343392
0.8530692454502581
0.8394904693558292
0.8156729030245777
0.7397089299891009
0.7599698848967159
0.8680326161208096
0.8360645000050047
0.8394015869827718
0.8498993176452548
0.7174148987434872
0.7966833911999827
0.7942321482055246
0.749007237666324
0.8505712804581749
0.8022884673661144
0.9525100493292262
0.7793249775858071
0.8500050665361352
0.8108156482738149
0.7328894739071066
0.9081842795050792
0.8521000732967348
0.8030376694347698
0.836182562146446
0.8395871598669912
0.7707754972341196
0.7276431744857638
0.802109559118859
0.8261351380280679
0.7522806934270976
0.8249802653833616
0.7138195989871117
0.8030232724104737
0.8180478951539644
0.8232144583964311
0.8114847004427944
0.926463768942952
0.8133383611358775
0.8958775940667267
0.8384653343275312
0.8822359654811298
0.8409986589184676
0.8471690902605193
0.915281755873841
0.7971880066711258
0.8745885244658254
0.8326640698185324
0.9471644980873642
0.8432572140921641
0.7684848810162943
0.9167713941083
0.8486738897808639
0.8426855327621909
0.8287856647292419
0.8849902854069056
0.7901197660036406
0.7969758762014989
0.9688667638852626
0.8989032057227129
0.6910532179152206
0.6397108260290233
0.7672334817064774
0.5948739331855097
0.7093106169377125
0.8027223408937086
0.6894984278477437
0.7647182401321057
0.8732641042334557
0.8912188153036749
0.7623210876143036
0.9041894629481759
0.9994127343632707
0.7678933329632947
0.8085892009903213
0.9317645608064024
0.9909251665698506
0.7826351141507295
0.9381529798043836
0.8174444653789977
0.8155564134773684
0.8803478536673054
0.9002214813688711
0.8439970816983456
0.9232641697800041
0.7341481710380222
0.7114841410665671
0.8894840585018493
0.759882635271975
0.971545273612955
0.9631634832320709
0.884397323152581
0.7020447816641749
0.7293097472259695
0.6783759158719416
0.6316283680276011
0.8050587802416214
0.6837419475246485
0.6368767097853242
0.6441675932175175
0.923224016485594
0.8286294204836835
0.7536329870289418
0.9177036731613535
0.9313601353945838
0.8546176765275442
0.9046810618993053
0.8711456728735698
0.7998133899613771
0.758332156390072
0.8123819680984012
0.710925403624201
0.8534589754605595
0.8722222831192308
0.912448913584824
0.8704739108524737
0.7475710712206551
0.7891019564253459
0.9235775575501632
0.864551440411678
0.87507244700515
0.8719917908578788
0.8511238229381273
0.9002542666042316
0.7286349076613577
0.8914922755670549
0.6296402666125316
0.6906818074408853
0.7824910001416557
0.6927052219220524
0.7385650364691418
0.5971211116670899
0.5645489437652337
0.7845821859177311
0.8281044607048702
0.7221149688489709
0.8386660201099427
0.9116182507976034
0.9068670593333923
0.8570936099308265
0.8356876379342861
0.7786045071264935
0.9632416083939311
0.7027181653984914
0.7304056253005555
0.6782328881098502
0.7968295291397935
0.8495518049061512
0.8715315529862948
0.818452032479677
0.7766482954207857
0.7405566010388569
0.6818125773044406
0.8480158309165103
0.8513331452762831
