0.9861242912840711
0.9516856377059872
0.9693052393272921
0.97616501231499
0.9574425242383333
0.992197107863908
0.9757780559016886
0.980690306041031
0.9694563056151715
0.9544279860210794
0.9620457847026268
0.9695282364886502
0.9730855973131814
0.9641459037413891
0.9606357755224264
0.9765068782424194
0.9504686480674465
0.9890917223916229
0.9798395784163437
0.9783460992117637
0.9911767693321911
0.9522529219551252
0.9723964665987211
0.9689955697181141
0.958533504447671
0.9616609753490376
0.9646396048323984
0.9559381671471301
0.9650200556402408
0.9696955336424122
0.9897457321421788
0.987387083997048
0.9873269576721845
0.985977803206784
0.9561916683364484
0.9809277493946598
0.9839450842778293
0.9797403846816453
0.9779072842444888
0.9826427470207943
0.9564829957129306
0.9584851607547984
0.9577721241520236
0.9841684356683922
0.9900674370719521
0.9735579458499642
0.9588771184245456
0.9790137259050798
0.9688135332076275
0.9758259714727489
0.9643655293365434
0.9824790416631908
0.9648255672023188
0.9842438162137963
0.950844581019519
0.9568763573942927
0.9620949081185869
0.9646289097219125
0.9461448810768098
0.9612998501985566
0.9654999324161757
0.959700738914959
0.950011859907204
0.9633859190502925
0.9547530916363989
0.9453287120349657
0.9536408907634836
0.9705326153841807
0.9634930205142749
0.9503125791748899
0.9564914280122121
0.9792497736682623
0.9613851734632386
0.9624094120477847
0.9698910980540713
0.9698823682251356
0.9481010620127323
0.9319367139815767
0.9230082761274232
0.9319152708916247
0.9547628884530738
0.9537701481428916
0.9443007571042478
0.9424251001726285
0.9417360685541669
0.9497945494463407
0.957553125170881
0.9349966286275709
0.9474126743045013
0.9529246088428587
0.9579177700219276
0.9514240110450489
0.9441536650386944
0.958289336952497
0.9498061958598186
0.9496330701739115
0.9521232589990534
0.9515354485569993
0.9517980740020774
0.9463104425820953
0.9546950341522098
0.9466455028021394
0.9493033697833696
0.9562925077648579
0.9572631712144215
0.9313787254772254
0.9475743915084028
0.945127715625318
0.9343001996581232
0.9366665664931266
0.9363540533384398
0.9388254931427895
0.9398153127379463
0.9330762132925757
0.9448588974762347
0.9391065003224242
0.9485026033731117
0.9609465972373967
0.9434466285975965
0.9426928679720764
0.9506444846734092
0.9453262919034882
0.9520521976285421
0.9452789468800286
0.9712884143835738
0.9421856825923297
0.9679252114551555
0.9712883063049942
0.9592121072739694
0.950511688537176
0.9572631527120703
0.9556715398649646
0.95665947623583
0.9715787720061185
0.9616245835228723
0.9583732158737933
0.9592024564140065
0.9654259297897023
0.9298368482114947
0.9001229004561186
0.9294615046980985
0.9278134458760722
0.8918341442392073
0.9169795545162012
0.9273447780225743
0.9729760582799485
0.9688624656846512
0.9346347678604006
0.9526707298653191
0.9635667332324203
0.9344142337163392
0.9379279900215152
0.9400717493888138
0.9337294234032868
0.945325100800222
0.9746699033100689
0.9605909122872109
0.9574376332548287
0.9733569229394936
0.9754975948310874
0.9576621449044112
0.9343070526669282
0.9386369704620704
0.9663478060576698
0.9718378511942287
0.9272830232526452
0.947704086579459
0.9723611306219795
0.9637534396921925
0.9475016699181853
0.880112814502093
0.8999178625980022
0.9310160547712419
0.910252166119291
0.9363122304351386
0.9538591989083884
0.9048011977878043
0.9686614484391629
0.9793353757345598
0.9735373780114256
0.9733113640673201
0.9745813870093549
0.9377998187626407
0.9534776488890342
0.9216700973041623
0.9636834049739882
0.9789753243117618
0.9754485241624993
0.9634491657237315
0.9535684769118897
0.9771117165024472
0.9775518668286157
0.9467193102737792
0.9767489337330271
0.9670045624358797
0.941518204341431
0.9593129835150942
0.9347885119353826
0.92390774080048
0.9249330285868991
0.9313075225940284
0.9188406063137949
0.9040728056362468
0.8919687626546583
0.9027167715553714
0.8906634044408355
0.932290104173506
0.8958141329272331
0.894637611125574
0.9295163392188106
0.9059880590381448
0.9324558767179882
0.9003510437590831
0.8788889559398239
0.915022335945635
0.8968664849567427
0.8980868096869303
0.9079790796508668
0.9108812076996694
0.8955640712853772
0.9007091476490794
0.9065481655483089
0.9262232723452692
0.8871841396758244
0.882924307889895
0.928613511538174
0.8754478317531769
0.9143424914803338
0.9099700672868026
0.911922061419832
0.9050612928476638
0.8978313320607877
0.8483455170681724
0.8423252857371246
0.831488098105181
0.8685387408179915
0.8507356824154524
0.8158836936490959
0.9371441572733052
0.9136962293607864
0.8708367921395553
0.9028259900080162
0.886467559857707
0.9172407449001534
0.9589753168286254
0.916675878411243
0.8565322520393008
0.8933220061082215
0.8979350342519832
0.8321839582729507
0.9325908794684703
0.8950833326057547
0.905758662023354
0.8398851307706255
0.8842995612452595
0.8396514786191377
0.8863914284306309
0.8922285854903194
0.8918380849138938
0.8940124152259288
0.8822607891434516
0.897867712977469
0.901100291523551
0.8406357756477109
0.7717650753080134
0.848619031861052
0.8294458639379454
0.8702842910319902
0.8752250277949292
0.9120889885263957
0.8778710795324922
0.8680740987815427
0.9283188385341266
0.9299780086980385
0.8391766737398044
0.8740395485348966
0.8699469365758135
0.88140543534082
0.9282034786299035
0.8694413805382697
0.8575455965587713
0.8467118810198959
0.8505309184615658
0.9168482315030668
0.8864212094762123
0.8717205696147877
0.8879514929837099
0.9136191973075032
0.9142040500565441
0.9212846798751725
0.8621044851234307
0.9183477382386226
0.8815600060309041
0.7902268614337897
0.7234496769266445
0.8261547144222338
0.7308977986857774
0.7247790202039811
0.8236841840669201
0.7855859678189954
0.7135175732270105
0.6815436583626064
0.6855425005365227
0.8297678719251123
0.6996830651883077
0.771917951837147
0.7788008142952084
0.7349473495527579
0.8828548512435967
0.7345285068948713
0.8302171679017736
0.816563439926494
0.6969446424929171
0.6954577957845535
0.7584680789632021
0.7256010591346154
0.708202459942597
0.6441514253798217
0.7506194759888889
0.8249030263943276
0.8760009759970687
0.67498089628705
0.7990276316195977
0.8958524506653622
0.6406193423248993
0.6186152180002451
0.7031612552460441
0.6565331576138053
0.6778420484985335
0.6851436529019063
0.6714669927810943
0.6032715992953666
0.6453940628764178
0.5868218798091893
0.6157602844866973
0.5977773186238144
0.6006374110860855
0.5891349965218691
0.6145375011656524
0.5940065199624343
0.6012174318432723
0.5946552762216695
0.6576901866452158
0.6840459313254772
0.5994880400675399
0.5910252874368037
0.6681584161089511
0.6021578387918362
0.6058202765933524
0.6597580463435597
0.6406678889165958
0.6025228166363097
0.6186117344114783
0.675197823101077
0.608187075293257
0.5998205381024547
0.6008659784794037
0.5906427795541894
0.6170296609417855
0.5986785113432531
0.6249240072926491
0.7799190309891613
0.8257838440445847
0.7102548531649238
0.7896703047876319
0.8111102237958582
0.7340886338282124
0.7732245526045568
0.8067269551583587
0.8139918173797069
0.8279702970776142
0.7368137831651976
0.8207190259120113
0.7644721524354661
0.7744925389637358
0.7950681503490384
0.6997092635163034
0.7826379426492855
0.7056458124223458
0.7396734573636018
0.8353121112422377
0.8214402734258088
0.7774685691663581
0.8029450527161255
0.8221631608695301
0.8249739040422999
0.777904903353731
0.714848033975545
0.6965824685134785
0.6886513141115663
0.70938051264889
0.6620520280096065
0.8752316896677346
0.9282177045286562
0.7274586207638642
0.8791516919138878
0.9025510980663487
0.9262390145134984
0.8800919007970924
0.9287685095488925
0.9044647262659242
0.8710887400162699
0.8172219452603877
0.9349465615184682
0.9095224541896574
0.8228542009182688
0.9231011823814024
0.8621397363374618
0.9073575932384738
0.912932103662198
0.8602123787366582
0.7317477860743549
0.8723736272113061
0.8748905410768242
0.7504438379894801
0.8851218953540313
0.8497670156367966
0.8838732889725238
0.918382139293831
0.7944086252700583
0.6109828526893816
0.7218847933976048
0.7670256103888866
0.8140734699321133
0.7960692907187222
0.7825218784744316
0.8455133523396671
0.9017842559838234
0.8698117756966645
0.8132605048121619
0.8111424897892184
0.8065876886327386
0.8927792799233272
0.8353389817142218
0.8853725289817947
0.8345276736452869
0.7944470098491854
0.8213661233129144
0.8404669112744054
0.8548246286528087
0.8054548828031542
0.8354835170136445
0.835864191665549
0.7992054990098982
0.7512778090904707
0.8509152643238274
0.8832979448597101
0.9040288976683006
0.8819341802934021
0.9153182320636576
0.8038345749406421
0.5369311224016431
0.7695082348784893
0.532529188406528
0.7778781830608928
0.5320143236474835
0.8374252454696596
0.6269376122796918
0.6230947279234793
0.6269520132259685
0.7873093534234966
0.5884167601524305
0.6854828901631713
0.6654819587444438
0.6123849720515169
0.8148645269806035
0.5876220350910526
0.55337239318816
0.6229278949033878
0.5473656077879937
0.6107210100332994
0.817562645491275
0.5473962809948865
0.6227767784223288
0.5518950224020545
0.811858519997982
0.5722733351258484
0.5894788769643716
0.6450655119681593
0.6985817990594889
0.7780098301101368
0.5794532017693864
0.7259519786002737
0.6025667947009152
0.5981369941852106
0.5678391208669193
0.5425613935766112
0.5104276554411467
0.6146515797622301
0.5295906058810942
0.48669350891604257
0.6136388807646962
0.6782684947807927
0.4630061642579313
0.6674071936078869
0.5959482554092397
0.5685813404935993
0.7274409273207783
0.7471449973003668
0.5333902941061328
0.5187316236329124
0.6518982726109329
0.5934187727525645
0.4547118692812736
0.7153835820644756
0.5167444662567184
0.5590262510648885
0.6021221847103935
0.5111910159147156
0.6153539531025463
0.6931057348015311
0.6212896241099183
0.4699227287376102
0.623547783571922
0.6443506531152113
0.49661280647249617
0.6152775974712241
0.6185130597580516
0.5484251483642066
0.4273371954093428
0.5187844852762276
0.3987639039847355
0.4594773170037686
0.4488412446479134
0.4154186386773078
0.4338034915593205
0.541230484732723
0.27519028999808987
0.45373140149613594
0.47351605306316585
0.283221048095065
0.3968745177954006
0.4007393196101232
0.4571675214527595
0.27142116804774513
0.5118807801368631
0.3347881267365807
0.28365126265376295
0.4579105361314408
0.4591197557547633
0.27061719789518657
0.24949543355196455
0.38239647146438904
0.5166214591214272
0.4643406092379538
0.4064644089245674
0.2707860831684238
0.31302133340591876
0.5139154898753696
0.16758008186571788
0.3028004651718354
0.23649133216308071
0.5332111251921428
0.3795078638887849
0.5164934372766015
0.3870285834729724
0.410535419527035
0.312394815479811
0.3337217596533688
0.27299858453863807
0.3121257683539552
0.589824139080156
0.2192747517435815
0.2628654205206018
0.3162957914762765
0.2975666791940582
0.2609708661578405
0.5565008574546624
0.5510635612404738
0.2440654385018044
0.29520086599158935
0.5332058550349572
0.3011925489266036
0.31359727777173996
0.31659738405704213
0.2806525481224589
0.3902626122397618
0.29400064812002535
0.23690556392696463
0.4525146379722347
0.48914726964804484
0.2835675819114062
0.45099092241027006
0.49129043960341645
0.8823804456232114
0.6351571514222054
0.8489454573055254
0.7757701093674312
0.6976794372983586
0.8230726637080252
0.5530536807979718
0.8059603479825475
0.6162213019775643
0.7105451618115474
0.5691793279795587
0.874930933086165
0.6988031147476916
0.6726878271585296
0.7599251031175964
0.7186041711745963
0.7911082517551555
0.5621669659113042
0.5535069241569717
0.7066338466075583
0.8090346884037698
0.5433160392271079
0.6024490458746956
0.6873262165279316
0.7153006281524255
0.8472182115352911
0.8587233086145662
0.8491731698198202
0.5989660323095675
0.8669392301281307
0.8996564162023499
0.5865522508713445
0.5849694983519851
0.4701937005606176
0.4976042135682339
0.40900264035406775
0.45336785419028425
0.49901924149832594
0.46977130743888396
0.4839434535281763
0.4517099001936433
0.4746218982228216
0.4694096866513323
0.455256155995053
0.5239319784879064
0.5506983405145148
0.46299893880553267
0.4685463465146697
0.4761621543538841
0.5482391640444886
0.47998097047125027
0.49745846365127755
0.462885413357848
0.48485416698836364
0.34335001326338876
0.5410827255736302
0.5115283409271796
0.5143507698300143
0.3827201040892927
0.529898623019935
0.4983402260961691
0.47988313450936376
0.45064729218641963
0.5397336843290035
0.4983264740254996
0.45235324699700874
0.5312557009649497
0.5714100894101657
0.5161682845501256
0.7009263163982651
0.5236897389336224
0.6532566751372357
0.6370088702910524
0.5620515370874024
0.6914534125131044
0.5289666494898113
0.609461708521402
0.6609226662582144
0.6678785158834591
0.5519607964110262
0.566740098588006
0.5681369326018396
0.6212405349206449
0.5851518108664784
0.5175131083132734
0.6647515692620797
0.760062217732237
0.5079728440101496
0.6194844234671488
0.7186432441642849
0.7309300831569231
0.6833247215333668
0.6647877904961313
0.5780815472454905
0.5617020929774574
0.5703657403156291
0.629447925549846
0.5519902850194007
0.5098687620644893
0.7329509313268322
0.7492763210718665
0.7813168257242933
0.7571310835893388
0.8101848400241014
0.8139849451645205
0.7182174173711466
0.7249051521234053
0.7629295741551292
0.7070549289179492
0.8047879052825462
0.7591551210098794
0.7888811905741833
0.7962630023111532
0.7854699223157036
0.7492041570571113
0.7292500574273497
0.7118670277666397
0.7554040233474768
0.7353888811129662
0.7467749115899073
0.7678169820798559
0.7951078442188821
0.6873137198885823
0.8073836349718767
0.7377994628347593
0.7843355963385925
0.7547155667299408
0.7736326708304795
0.6495514069547013
0.7122742390217166
0.7830495058686038
0.7112571369803212
0.8212796780562566
0.8007175586801117
0.7924026265628824
0.8756629489030998
0.803663499254762
0.7281888972435459
0.795236311054041
0.7507629476499031
0.8074921338393671
0.9045777996871294
0.8294112975282872
0.8029602211051248
0.7762351735750259
0.906329126827174
0.8243367496973977
0.8876215646209844
0.7937628260597873
0.8901078434895362
0.7736497450113318
0.8191903961205191
0.8091061308468084
0.778331747685501
0.9055168852754035
0.8037131074912505
0.7864912435400906
0.7585463270795058
0.8366994759478351
0.9014819319203096
0.6892792978884051
0.899543037130359
0.6872261823912182
0.8779018268025303
0.7396592379246563
0.8095259135712787
0.8594054234715307
0.8241714957193689
0.8185185275047266
0.754489253286506
0.7346172697982196
0.7228749027554976
0.8754037598796487
0.7922732732441564
0.7301881606212023
0.7737319968668419
0.7494364179538743
0.836653221024203
0.8779415130803447
0.881176486251112
0.743094186286231
0.8361726349822927
0.8451596808482456
0.8211706295885832
0.7525640371433572
0.7863624406565859
0.7679982949472917
0.7001822274355795
0.8747045675147025
0.85430784269892
0.726787226178936
0.7404114556986916
0.7924583558696441
0.8164354105049989
0.8003461657487673
0.717766381780945
0.8406730816594269
0.8262964235563441
0.8418556571913155
0.8486228717195409
0.7968000382574247
0.8655437592041306
0.829732229254365
0.7811088393762271
0.86141276564004
0.8435412511900657
0.7936179233762704
0.6934431984820044
0.8522250046570321
0.8872041869467724
0.8879956326240059
0.7357048278022704
0.8205815996560513
0.6876443489652999
0.8669332436581216
0.8197787839728514
0.8267981705817393
0.6515414023207873
0.6545678272181983
0.6479108583327846
0.8535026541797147
0.8411304469194916
0.8156320563609787
0.689609625173468
0.852193403713343
0.8820389457751829
0.8541816489492078
0.7956107367353314
0.7693704590407723
0.8704666157227472
0.7906192077967948
0.7838571688212757
0.7373374983462491
0.8409039496224391
0.7716035829960267
0.8397962659350813
0.761103897837127
0.7232554759691273
0.7387569187965485
0.7861813637513413
0.8531840294377981
0.7880641677991544
0.721836156524844
0.7124452765670617
0.737300193234639
0.8063004795302372
0.8012730043306662
0.8508653596127012
0.8100473414906617
0.7959793160448678
0.8176377215838813
0.6648963513542604
0.8550422359875804
0.8337785194947389
0.8149490497059553
0.7168046138674296
0.8695495936229656
0.8069259935052906
0.8284004711015612
0.7119587544525459
0.8597128552042119
0.8169584667011118
0.7946457978705058
0.8117404026757076
0.6846082002313421
0.8914822301307598
0.8830541611104537
0.923840738411373
0.902495041561914
0.8517810701095235
0.8711356406499506
0.7878058344107048
0.845011530253908
0.8566708035081234
0.8967923334013281
0.8117437436036015
0.7958487330379567
0.8457944986821359
0.915193536921485
0.7780536510742087
0.8562848828770802
0.7733687282793016
0.8471571452113067
0.8788072732103757
0.8663355335879599
0.8611478583529502
0.8599711828466481
0.8793703563180637
0.8282670909029533
0.7664286364939168
0.8600541773456337
0.8325023837776845
0.8796081567320576
0.8366062287193947
0.8007968766480242
0.8697925018806605
0.8908525332346418
0.8837808234522027
0.9125886578445643
0.8999960099948374
0.8969374665457367
0.829211504092257
0.8697645581267114
0.8203918866969284
0.7993120479652105
0.7956472804640999
0.8371425865620634
0.894003882304895
0.7335592772968351
0.8375804357176146
0.7905925696623364
0.8120724320304283
0.8324820009535956
0.7391879803315003
0.847468168552146
0.9188856666185556
0.7603584318348825
0.7552239654843103
0.8681076831245726
0.8122098735234338
0.9258397013140198
0.9300668478256124
0.728749951266811
0.7430437526117457
0.8203437367235504
0.8026600561301727
0.9250017026395839
0.7227807752705646
0.9181194448755352
0.8358291599561484
0.8527528882312656
0.8926675868525716
0.7642327212401892
0.875504343932381
0.8814822542404767
0.7454549407978657
0.9059646826462289
0.8774467015311826
0.9012612473486724
0.8682491171068061
0.8385690545458286
0.7946229433687549
0.7443932537736161
0.8974313686413735
0.867760483166278
0.8869992099075419
0.846363266243495
0.8661195923081577
0.7969295038013171
0.7376433784817659
0.9109759312381225
0.7841316679002827
0.8223590312864425
0.7534156733217616
0.8650329803997971
0.9099674975156298
0.8169803404049101
0.868593354098357
0.8946357921833084
0.9094139243295571
0.8844307753164409
0.8316204982105853
0.8431561114488035
0.8458182384913595
0.7921075073952105
0.7110796127526768
0.7713290137563
0.8407498912194418
0.7507359556015565
0.7532880656514752
0.8593684083817125
0.8749818953839532
0.8325932489634132
0.8604697101889779
0.75685103562951
0.8704550734302556
0.766990366558129
0.8573829828135799
0.8714045278034599
0.8106767631519667
0.7875515984834063
0.7502645877752145
0.7661825576870338
0.8314249372047073
0.772300604880868
0.8555212623107651
0.7812285346405663
0.7948462444219564
0.8432495748203966
0.8595747784735742
0.757109024670486
0.7512792344668482
0.844819814257143
0.7950723388501819
0.8596227003010615
0.8470139376772119
0.783619785999367
0.8076208758526515
0.9017201768365437
0.8158941736564527
0.8078661780368521
0.8189669315202879
0.7993864869119374
0.7749031766987146
0.8586287036705589
0.7945955767989625
0.8078030571260361
0.8596351630389727
0.7312722814993069
0.7281017893903686
0.7728932273420477
0.8131400736584279
0.8328281776942159
0.810037562319887
0.748411884824352
0.7419711039772943
0.7773511173021632
0.7256986064700064
0.8317194045136234
0.789702271505563
0.7810307501967348
0.7334901164131389
0.77373634566632
0.8477517954812528
0.6869054117445347
0.7782720157013311
0.7712116773207749
0.8363844330559087
0.8160372426157106
0.8065168533027613
0.7159174840853286
0.7494493769212462
0.6956036591198159
0.8297273495501256
0.8099295714282511
0.8143652789849398
0.6812929863255563
0.723195572512607
0.7849101770627867
0.8053814225200047
0.74091221382357
0.8216796240169787
0.6822442849968695
0.7287773762392632
0.7543668065300652
0.7366124348652076
0.7547875721523747
0.7808559246582106
0.8075372107854454
0.6792302480822651
0.8517141357824032
0.7374508279396293
0.7423377035729524
0.799668651438252
0.7573679978650646
0.7350444612133645
0.8334229624651759
0.8237030716558893
0.7293268494397536
0.715005441740254
0.7667120985641382
0.7561341982946986
0.7230659458756169
0.8114302933406476
0.6847988688291391
0.7043638691512266
0.7188749787373764
0.6609170940781586
0.6606094784204222
0.8114007460760745
0.7332870009430655
0.6560227510083247
0.7107704104429577
0.790674682158159
0.6113967535180171
0.7944363374490926
0.8251040299131611
0.7169642747571524
0.6190947665918816
0.7849662038932969
0.7970828968249541
0.6835410764121786
0.6822343348547292
0.7475551365241304
0.6285064113254624
0.706055014265286
0.6913600372503256
0.688457035847956
0.7151648141413861
0.7145957889769283
0.7225183741964634
0.7028249287796502
0.6638881454329792
0.7538974893428904
0.7679560920586492
0.7638923228743629
0.7220825312278326
0.6261212942587415
0.6714644545662029
0.6644461073582734
0.7775282656031637
0.6455246984186351
0.6978975140997146
0.6677247494859422
0.8098775604418008
0.6116737164658452
0.6576117242432595
0.7176678183382347
0.8167614121622595
0.7522154330821307
0.8131703018448417
0.6516794162332322
0.6601303064589589
0.6682817663178278
0.6669870107401301
0.6547407655946536
0.7757861528945276
0.6240327418967415
0.6436682391090216
0.8152209625223603
0.6503689797327827
0.6565645712600034
0.8455595414251422
0.7008900047818248
0.6157311269615201
0.7243735509194749
0.6911611563159277
0.657208520507566
0.6646916350772618
0.8124724105887764
0.6363986328828561
0.6498985717109813
0.7847468189880118
0.748141551675506
0.743424856539689
0.6001297880220946
0.5645599094528183
0.6497026132849315
0.6693088893837986
0.5796797772973714
0.7461151882603927
0.7164850719113083
0.7856763318992628
0.6787492890760818
0.648930179547019
0.6009590685777928
0.7882930573343381
0.5812838519554822
0.6227059565719577
0.6481768558356211
0.697562579101604
0.699075713440123
0.713009567662384
0.6649819087877145
0.6003057302449003
0.5693408970255494
0.6143019197839013
0.7318726046393746
0.723871621312618
