0.9915267377149141
0.9519194313985824
0.9689339983978982
0.9715337107967797
0.956982274011386
0.9916809834614941
0.9551242128597089
0.9729689080917459
0.9637700341680618
0.9540324595098635
0.9633873899453946
0.9519619422328449
0.9704088465830254
0.9615091563860693
0.9598470299330886
0.977128728055626
0.9534173808347275
0.9912285344294102
0.9797745027667084
0.9773703183026334
0.9894425193657266
0.9524885424124816
0.9740994897382798
0.9669495044979322
0.9587429522407465
0.9625009504510735
0.9652094631935997
0.9557968555653356
0.964175977696242
0.9704743919625185
0.9900797912508701
0.9873418262454157
0.9880938308521056
0.9846250581123226
0.9600323831728564
0.9735012693331198
0.9785470128201763
0.981701694744348
0.9789242407795506
0.9830710533015032
0.9591047291129954
0.9640873615790113
0.9679620469373069
0.982917506707969
0.941498231960215
0.9567787046954526
0.9702115034748994
0.9617054222256392
0.9386558701424701
0.9501091553891402
0.94982533003297
0.937499623222332
0.9309315745116434
0.9641284548704908
0.9591144387990335
0.9284439436742136
0.9591857001656185
0.9662261788850227
0.9590534748465718
0.9614141891543273
0.9769790740148263
0.9644404449175297
0.9446456727474797
0.9397158542801447
0.9349372037298627
0.9433411188372742
0.9542898752817717
0.9511761508673142
0.9364077351388758
0.9430782767982775
0.9401840147591641
0.944281547655331
0.9520272613796767
0.932281202041807
0.9288947228018787
0.9400485647948753
0.9460868236641855
0.9380693720934392
0.9382000511368586
0.9413694806959052
0.9455712928207571
0.9439663635060098
0.949478555646734
0.9431020965863572
0.9465824074667378
0.9516136097495149
0.9505843678145188
0.9447156171698776
0.9469920059535071
0.9661340954741655
0.9548602063644733
0.9432430847050027
0.9455599314088914
0.943675356359987
0.9345243871678546
0.930944426948978
0.9354936175391624
0.937865725361628
0.939395424363124
0.9272799405380799
0.9458117712607025
0.9308185143647556
0.9438939073719643
0.9276413248962709
0.9365243575412818
0.9260330745593686
0.9306353589197676
0.9402420586864555
0.9406582396086409
0.940347666551438
0.9273603011136238
0.9369096812075648
0.9380325536519581
0.9312210631822182
0.939482149057556
0.9475564121613822
0.9443603678123066
0.9525934534125051
0.9482850017864826
0.9459836705389968
0.9483984817544735
0.941628480754325
0.9670651788809
0.9514406730053052
0.9238082369594006
0.8893954067163463
0.9406113033899804
0.9277187314055128
0.9224469624833498
0.9225264420465763
0.9262582786016669
0.9427910395401575
0.9386580247938333
0.92922177392267
0.9318806782734055
0.9312837815730264
0.9183154207301024
0.9324186522613678
0.9313609449670354
0.9040373352303572
0.9292230498947265
0.9397512717445284
0.920956387173637
0.9195684261567953
0.9577505544823205
0.9733123797736221
0.9653208596081624
0.9313692873871557
0.9461008447653303
0.9699661915594029
0.9634971138458627
0.9279619859199935
0.9429793460353195
0.9727054816835825
0.963530962446056
0.9669371353560954
0.8798466707518555
0.9173558808310074
0.9388742334253524
0.9074481429182369
0.9486539160139322
0.9056218705990824
0.8761308840784722
0.918936074362952
0.945954061792694
0.932061486325496
0.9380781442780555
0.934157210384174
0.8856471793372138
0.9325242052311654
0.876132485940002
0.9407632070432023
0.9335650034003314
0.9538979968615233
0.9333986998274009
0.9458724443611289
0.9601699391451692
0.9787282432946292
0.9763609092013328
0.9761090350808257
0.955747235196382
0.9735799398678335
0.96732435191824
0.9170334390019261
0.9122559091982905
0.8925041747878897
0.9333375344266555
0.9202814246241051
0.8791497245109966
0.9185572757495872
0.9166238807197621
0.8970642035024978
0.8875097668218654
0.8800365869329945
0.8905620366342446
0.8862560110983159
0.9052321693885024
0.9142582009841964
0.9075983431995618
0.8701536147405443
0.914353666708677
0.8842866858947548
0.900468652413405
0.8873922786011722
0.8956648897975417
0.8667037512870178
0.9112995778315031
0.908879188323559
0.9080885960312792
0.9049464011462508
0.8923395681801699
0.9312089720615546
0.8877267679031327
0.9141957474500126
0.9173350112042271
0.9073184384488413
0.8974723547563711
0.8917738734757087
0.8311174867997165
0.8554477536419854
0.8457665673284366
0.8473639504800516
0.8891864295290586
0.8407512176144976
0.851281302256833
0.8580859036326953
0.8531542848959027
0.8443954741565901
0.8440427781811405
0.8603204826916278
0.8660647330050734
0.857818447951195
0.8505440687442034
0.878440708503333
0.8672766858034286
0.8406757380987164
0.8460091891603456
0.8432721551697763
0.9018658322933741
0.8967917172526056
0.8907365166857053
0.9007406602980258
0.8887198184067283
0.8828142164030144
0.9590134569953316
0.9228949383526139
0.8783687628838343
0.8797194611626584
0.8723740146490178
0.8076209390514245
0.7925013334516594
0.8128750595385498
0.8141861608871344
0.7922073532167129
0.8137089735157397
0.825391573504645
0.7731170853336617
0.8328120039169076
0.8335935719275777
0.8373757073230814
0.7572460828069938
0.7814405348063236
0.7908600337267755
0.8312246104748091
0.8560902991192594
0.8357813351352674
0.8245953875371255
0.8045584845232284
0.8115026483117485
0.9044681201316275
0.8842122042247356
0.8508142712756828
0.8841574732120406
0.923464509663221
0.9099010377657363
0.9264748036539612
0.8728775058861722
0.9051289497381502
0.8675019781955096
0.7819506812502101
0.7189813519594919
0.8331091737779114
0.749835348155014
0.7241218614310871
0.8235110832844086
0.7779112003817041
0.7412723435489119
0.711489161203658
0.7189658627486794
0.7981727356076243
0.7117018422625568
0.7931493344267464
0.778867550708682
0.7452680137122807
0.8399571326138953
0.7558362012992318
0.7947390298279239
0.8058285128641347
0.7163522316063504
0.7274712796209466
0.7550397667393459
0.7046957895938202
0.6819110559677195
0.6883441617101069
0.7565590114689426
0.8430073574973042
0.8785617688291801
0.693572057432478
0.816747102196637
0.8957836671363966
0.6325049405240735
0.6869596023759139
0.7099583485924911
0.6540088624295457
0.6354272666839174
0.6932203619413415
0.6892267401917266
0.6140492382914274
0.6845067770690243
0.6539508735212205
0.5842591703631355
0.6284822938780995
0.6790168178614578
0.608935473353156
0.6870421211226179
0.5964586199790733
0.6809357468276785
0.6783539005384616
0.6855068202860923
0.7090530776748931
0.6258227755603457
0.5915199755512829
0.7080178154207413
0.5986162984898958
0.6014731305338938
0.6046690301328421
0.5953703542793475
0.5976620943739034
0.6236186967362242
0.6678680227069507
0.603443327632112
0.6004676262870434
0.6639004903086131
0.6129422776064364
0.6207247031502813
0.5972287966498753
0.6109835658269926
0.6154288523664029
0.6479846323572467
0.6776431359530355
0.6553614975529081
0.5954433428809809
0.6207625441551192
0.6302629213087516
0.6054162671315961
0.5898454624784224
0.6141653029299619
0.5903101038041472
0.6197226394544388
0.594929675137527
0.6224533603372142
0.7806953648408822
0.8387570779940774
0.6980559920355588
0.7770490451966172
0.8077289165666668
0.732079864574407
0.7552930533041928
0.8054489198621761
0.8140850214479626
0.8346660522082352
0.7405876706807795
0.8132543309675067
0.766034173563536
0.6893334101106079
0.6852653449228465
0.6731621294044281
0.7129428273054883
0.7003341921200615
0.6980741594480433
0.7177198647083802
0.7789914442384027
0.6874235927760406
0.7326720363900374
0.72914092178995
0.7973017550042026
0.6800013909846678
0.6961664329660499
0.6561267798706993
0.749249281374281
0.7313143540366107
0.646220741465431
0.8667860116735902
0.9313664622454813
0.786562518806084
0.849448932119185
0.8741924957232114
0.8506482838131113
0.9066625687006491
0.9167447199169669
0.8355388177599643
0.8677630472827761
0.8768910749076868
0.9320335632103566
0.8980884930761716
0.7847172632055082
0.7071378681635452
0.7652069496708213
0.7646594514360405
0.8629188546699047
0.7295913380598544
0.6492700336231714
0.7376611711211489
0.7855625833386888
0.6761227902972972
0.6829292873284327
0.6583437429812572
0.6796571136329028
0.840520968133449
0.7517728369637637
0.69989774740933
0.6471970246505375
0.6905613237738348
0.7645590918907222
0.8263657722484469
0.8567758576331066
0.7983291722012198
0.857476700345823
0.8333995930280012
0.7963748468402498
0.7803143712059033
0.8884411219750179
0.8709924739054609
0.8864739889236706
0.8924700059637962
0.9083693861691425
0.8204091495132254
0.5326564086527732
0.7920353781172962
0.5137097825521072
0.7463169221692918
0.52338231199812
0.7602178115701674
0.5598953222508392
0.5819733688504792
0.5499544310325433
0.7873284023429339
0.5938713021909142
0.5819288664262936
0.6406051635309525
0.5289767339757523
0.7505918926297593
0.5365904161145623
0.5318906504595851
0.5695522628805796
0.5317479347424865
0.7111931390176125
0.8474681517858402
0.5717000672172834
0.5907673119488424
0.5541030565213985
0.8015536524612197
0.6489359544060034
0.5674403005615309
0.6032587978934367
0.6307909702487291
0.816522536989025
0.5752709707236625
0.6718300992460868
0.6041762524259031
0.5256022359651663
0.5759170996384368
0.5805706205272734
0.4749823522141501
0.5406202536475171
0.5038440446496829
0.5093455487081636
0.5591478707025752
0.5278280529258457
0.49489427071903647
0.5466488484042946
0.5269330966139327
0.571309487302017
0.5754525815288002
0.5512690726433781
0.5836818168847964
0.5784479716933111
0.6514768706160133
0.7709510918489952
0.5223985352424383
0.548409812313466
0.5260682643837258
0.6973899287334349
0.6869928946143814
0.5245858490585451
0.5882481280636347
0.6534556050703222
0.5141615781142921
0.540170277307516
0.7237737044475605
0.6440806957628122
0.4602590942924736
0.61565079266992
0.585802591689546
0.5310813987398981
0.5627710202952919
0.5869815674961092
0.5900768076163652
0.5143326567273362
0.5927483121939848
0.4955953219140469
0.5060969319590787
0.4349349063013236
0.5599291548758554
0.5710216153724993
0.5400584160436548
0.5735217277085716
0.6241524708451424
0.5228518691395132
0.29582754381409576
0.43977041622016044
0.5035453936459151
0.49718678721155807
0.28277008938400444
0.5168423892529315
0.27303498451826447
0.27864313809644087
0.26155344014455145
0.5265596050326946
0.3563123812014558
0.44223060073011444
0.396486584246733
0.2618127349881524
0.46887557283455705
0.4030981151646239
0.19561620344311223
0.2842777803976777
0.2395023823806383
0.19308468081403407
0.46394792933535167
0.22958962191027388
0.2380677080015765
0.21092648997600372
0.37784071657430607
0.1898400533511313
0.2243817224564365
0.1988958503229383
0.28083833180919165
0.3451033711160856
0.17322339897783517
0.25296529447894683
0.20668834418845194
0.5442159322584289
0.37270045162390847
0.46473460763496877
0.35786351772069735
0.3792786858905429
0.382196259759071
0.3455790559434866
0.2620620995674132
0.3186367128413664
0.5358752938054453
0.29200288268802815
0.2890181334310573
0.2884998902879045
0.4072779029711969
0.27130404622236776
0.47462695830233714
0.6056762013074091
0.41934976890330977
0.428414393978895
0.5379203516414721
0.4405502905469125
0.4897962587131854
0.5332242194976287
0.43586687294668575
0.5330022133713755
0.40240024152828324
0.539236086171607
0.4960562529541247
0.5385601034260051
0.4259912358700785
0.4993174155154095
0.48262016694764387
0.8087405469787587
0.7179034651505488
0.8180406360380943
0.6101598726798018
0.5981362835133202
0.8363668476362783
0.7753702130635501
0.5839865340963452
0.5898119681634748
0.677452663732685
0.5987150172340795
0.8309362208220785
0.8452417938955421
0.6637788262742116
0.6073852645782818
0.8991761656600642
0.8185633220497757
0.5712210598378167
0.49791012402732
0.5787297909908642
0.46029642148315
0.4207638242529912
0.5938312261817362
0.44707172935877876
0.4930895806212889
0.47751383315795215
0.48808999953358784
0.4760855964509234
0.6077524436567354
0.4859930212206835
0.5369343485331991
0.5149463607986745
0.508495927761906
0.4659901459392816
0.4991575486277827
0.54760386115867
0.4473476091909667
0.49892234272023617
0.4676031231609443
0.5175624133057651
0.3410237383739807
0.4991920621275487
0.5124307391754928
0.5287921772262416
0.3971252957371475
0.5675918278079719
0.462143322822842
0.4785567021572153
0.49778102383677625
0.5016165283774625
0.4791509249785305
0.5174706944224077
0.46077621758413445
0.36135618127102276
0.3934319202504352
0.5291168473131461
0.48870093468388576
0.39424796042805665
0.47636648666006665
0.4236442101628619
0.5266176814275925
0.48805522382853594
0.4721293553547711
0.5375534408631949
0.5129639465780589
0.4368899222907615
0.5273318824030498
0.5892126307245975
0.5260526611321243
0.6372332484749044
0.5063265251916855
0.5430158047896505
0.7089124833939697
0.5042331196054903
0.7476755160380564
0.5441366997384647
0.7196251574616861
0.6495461738877497
0.7165445217656543
0.5567789601653433
0.6795072072366863
0.530016235207701
0.5361349053254425
0.6730628669575563
0.5186244709902494
0.7430765041929321
0.7382741611082618
0.45570158763332225
0.47277984175036136
0.73865559093224
0.6920187989337139
0.6341099951485101
0.5146374518194855
0.4445236106446935
0.4685411695941088
0.46623555898494595
0.6949355201677432
0.4722874779858879
0.46596002126141756
0.6967043700569944
0.7712304599898582
0.6566578822021993
0.7412743981859183
0.7332500361389831
0.7476974296643746
0.7993487318171701
0.7608068944280886
0.7494061681669439
0.6557080465250638
0.8217745233500664
0.701436780324102
0.8289844600413573
0.7692959853695006
0.7477033383865743
0.6507154305781493
0.7314009982374086
0.7424845099676838
0.780496765839501
0.7966008421858406
0.7636572408651332
0.7810199469325534
0.8409907586010597
0.7839425692363887
0.808368585766618
0.7922908819963713
0.7955076680117426
0.7582572286139531
0.8563763647492557
0.7577488820512983
0.820595869617849
0.785753739246939
0.8337738287042691
0.8036887640447529
0.8062523263182346
0.7944652376565229
0.8386996697413895
0.7601572580561757
0.8480503523639618
0.8316015713602786
0.8538954659820349
0.8471822486181575
0.8984021431188093
0.7850308852942149
0.7504631268741362
0.8018079995759497
0.9026447010177259
0.8052235639393701
0.881976084808733
0.8165750315206222
0.858969496789342
0.7760013283629706
0.9004327699309966
0.8525721414762668
0.8845408873172342
0.876794380424716
0.8103263524971887
0.8744940012912139
0.8292926114647504
0.736996109330243
0.724011849191968
0.8837014755848416
0.8875400273559634
0.7711047924287837
0.7482493061998199
0.8386634510250544
0.7527549372150026
0.887896822644129
0.8671395321501504
0.8174146347639919
0.7370675585903927
0.7475950561661319
0.7251981668769851
0.8482209902767531
0.8555933153578301
0.8099277498634634
0.8562836581699945
0.8237578362379352
0.7315085269364694
0.877157212455663
0.820326902637646
0.7359968310873837
0.8456423470822566
0.8073638809625544
0.8142197526915103
0.7314208503727244
0.808468601080126
0.8309042081950653
0.6865334666198815
0.877588456160032
0.816093057334633
0.6622014439057713
0.8358631405581857
0.739653051360955
0.7927988010038423
0.8077996330423121
0.8573717198784658
0.8482164850211779
0.836729332781307
0.8117719800211594
0.6871558845997969
0.8160200778300954
0.8219831928287278
0.8106672660309495
0.6880518734285583
0.8636346370518322
0.69715021277267
0.8372216298864681
0.7447988013755674
0.8487904086043205
0.6862782594033521
0.8139292312131244
0.7227290995965335
0.8755182270915719
0.7526065850274635
0.773574678273629
0.8740355136916891
0.85431236979297
0.839815370107369
0.8826103227854194
0.8043937488129667
0.8463699802810283
0.818952704780118
0.7261818380917718
0.7913989970678453
0.8480311242455632
0.8039910328661577
0.778489404618902
0.8149661250055689
0.7759998468718605
0.7774683157586902
0.8058114477732624
0.6945259639690881
0.6813418908081434
0.876025549457342
0.7127677989443233
0.8522182006763768
0.8442905808229755
0.720330045043134
0.8637826514853015
0.8434397730027029
0.8392039372692703
0.8250234186430989
0.7270742565430399
0.7164645674042719
0.8295823178056907
0.8088564930522193
0.8579575390001779
0.8586054792971565
0.7844854850612542
0.8200518870060165
0.8259812809190769
0.7282046693272217
0.8400688292893885
0.9056367844127182
0.7983815589358529
0.8384718066651325
0.9193221770349971
0.8931490485946387
0.8832555131008344
0.8745399436930823
0.8914594347014098
0.8684896912079769
0.8995286729518901
0.8880182319906551
0.9148344346291373
0.9095321155930718
0.896297085609256
0.9250017378590876
0.8619292717318494
0.8834971846893711
0.8713161526469565
0.8912916702342892
0.8602549434492386
0.8447563082434286
0.8649550245738824
0.864002580754587
0.9031052505077567
0.8753487850815574
0.9241290359323124
0.9210177529813788
0.8443338720069961
0.8793930271344614
0.8772187127114963
0.8511043063105268
0.8795129028084563
0.7848341529423399
0.7869291651886602
0.865076791514542
0.8591111514533647
0.8666270176686326
0.8365244788828952
0.7559781761280551
0.8360529119311375
0.7657655101413826
0.8852330246079885
0.8018693392290577
0.8317417806503066
0.8249407506360499
0.841563417576829
0.8368236208263924
0.8553542931280341
0.8037068583486136
0.8801586872387215
0.802911749669333
0.8345949783088165
0.8097223455588294
0.8108851735691254
0.8181826782105871
0.731920192894655
0.8437053378566098
0.7848779710282894
0.8106531958169734
0.8238483822392133
0.7271601145551937
0.8650087387864145
0.8943443732290218
0.7725036860039429
0.8849984364866403
0.8033244703078015
0.8294269091048387
0.7846985959896237
0.7459043879265993
0.7422486345089203
0.7135419090509181
0.8470013496074058
0.7583744142597324
0.7611367874905774
0.7679495278279498
0.7433929954274865
0.8348555569532142
0.8053014541097927
0.7904287081777925
0.7145434001132911
0.8539354070191559
0.8210439469251836
0.7337563131696856
0.8514046554005194
0.8712342524480498
0.8979267829392827
0.8715657373200456
0.8612325573862267
0.9060601036752698
0.7517745891524212
0.8980620529009262
0.8364349744438511
0.9120393592568009
0.9222256089739119
0.8761191508332924
0.756119807972206
0.8450130126630504
0.9040905401387581
0.75196396256856
0.8150861075049807
0.7143540563236531
0.8604007192901355
0.7035055752654679
0.7189281560176483
0.7295144361388872
0.7538678526907538
0.7411510401537894
0.73274950114868
0.7380178239219236
0.6861998533735382
0.8232511225006302
0.8165324936796954
0.6947860118535252
0.7764827810075725
0.8596739156608475
0.8763161796230022
0.7977124899097765
0.756550638485427
0.8681736248025251
0.8526809693263394
0.7610188579479071
0.8406215379557023
0.742341222992817
0.7512052922411221
0.8666782202316231
0.8680333315372206
0.8610864169266467
0.8540190785900211
0.8047304103456452
0.8165092863809997
0.8487052986467863
0.899052235065889
0.8975256438991839
0.8295527825583126
0.8315309868001214
0.8187681435065715
0.8448918826084963
0.8740002727232092
0.894343618846753
0.8319650990583238
0.8089813327295298
0.8434647877736687
0.9017608303142568
0.8964121947344963
0.8706183277552703
0.8273291426395759
0.8126398114599249
0.7744743646940079
0.8245307908689052
0.8065527848039316
0.7431552437069697
0.8639446435012312
0.792925462298647
0.7892184274439316
0.8604810712573165
0.720144645125864
0.7811399098299052
0.688822293824763
0.7858044148304738
0.8273048754111418
0.798962122259166
0.7664470771871681
0.7462675804456993
0.7394087196472652
0.7194214541029773
0.7114345096875467
0.7288865210760908
0.7220683781295372
0.7320834892909822
0.669272434476281
0.8182067781850532
0.6601946351456365
0.6912288081373772
0.6594325584532572
0.775819372128457
0.6911154915121727
0.7728121386108712
0.6709513129937859
0.7367453720982045
0.6684912493460176
0.801655951694423
0.8072160978939137
0.7168293184274841
0.7045098502100056
0.6812611232937424
0.8247658240531047
0.7956452344765754
0.752349748292175
0.8218708272354479
0.7065518298878852
0.7197519858226546
0.7622693657679577
0.7187034804371928
0.7663866011719858
0.7234496592936595
0.8130774956350852
0.7599107605301852
0.6808311959202817
0.6958600169170845
0.6537533369889128
0.6758868713613635
0.6643307918306867
0.6802834358060061
0.7147372874054967
0.6500894332422344
0.6689789420085321
0.6708173141813383
0.6708865462037756
0.7259464234229867
0.6999026076218096
0.7133884701533202
0.6352786122874228
0.7243629150592068
0.7526869118394058
0.6388532738968744
0.7151558890882509
0.7537901989018847
0.6066737312063963
0.731440171471659
0.6978877456830705
0.6954021239434287
0.7924744937560196
0.7518159090302614
0.7171487503930098
0.6652018980490813
0.6898931304007854
0.8063375616099806
0.7778411008518591
0.7562078876122176
0.6773016677331828
0.6238340529139534
0.6780898298817517
0.6678538034707449
0.6743787706467947
0.6519873354198373
0.6837345191196914
0.675254566516366
0.642130815204184
0.6629673036608845
0.6293963407831124
0.6801162729167369
0.6445315403147256
0.6058827535995157
0.6443556487861439
0.6337834213279503
0.6725973607824114
0.6607804675582526
0.6624999907873235
0.6513238907955894
0.7652561452079267
0.7226500078608187
0.7890398066511969
0.6652278303244532
0.6804494709600143
0.6557362266427644
0.8568235168452518
0.7022018973645003
0.7543973315710724
0.6794200968380312
0.696345126412337
0.7030622532382487
0.6683961835621508
0.772462476646701
0.6287440432994388
0.6147580252759098
0.6428610344583361
0.6846859128774986
0.6710116307350635
0.578871437410392
0.5589682437696374
0.6534910436433425
0.6162961943001101
0.6022960307698244
0.6721472457867695
0.6618430906961947
0.6797162711120645
0.6670554600843647
0.6004887227276198
0.6319667232369806
0.7779400506947229
0.5887140824180863
0.6392505202778542
0.6565972401524778
0.683593491508516
0.6672341071107903
0.7154458825419497
0.6533421655211613
0.5954266244031855
0.5686185070941384
0.6101455203149588
0.7019669194639849
0.680145703411789
