0.9576025610464165
0.956561085053154
0.9959995237029543
0.980326270380931
0.9575656230736886
0.9675675555150858
0.9540129589432967
0.9870101999562759
0.9833803280889839
0.9526210453375807
0.9611886636585225
0.9823755653023901
0.9921306691628651
0.9641301392953272
0.9601661755108608
0.9768305045648809
0.9591393477143233
0.991122324299222
0.9746436402345359
0.9785869581913781
0.9927926929154506
0.9529442599690744
0.9698908699075265
0.966649674540836
0.9589021484957969
0.9611031528470636
0.9662818339709331
0.9771233148039004
0.9658628333276218
0.9685415395250527
0.9900581273408176
0.9868065497764559
0.9852115936710487
0.9857933840697595
0.9563087829330943
0.9805062814100011
0.9850602032398157
0.9808386580623957
0.9788310414815726
0.9817223578138342
0.9573136901166135
0.9592927804861894
0.9572951999158742
0.9869184653095308
0.989856162744901
0.9742441409984823
0.9591888161817361
0.9764987903937875
0.9630304818339546
0.9701624942485665
0.9661090617723389
0.9830601657474832
0.9591202397273664
0.9892890962487714
0.9839740117874098
0.9657308825211754
0.9974102905347652
0.9660499737558915
0.9981030905925891
0.9856481984771205
0.9890139377260057
0.9939551590145286
0.9959353471827647
0.9683395674378619
0.9689753741598424
0.9726325012608775
0.9825389820333446
0.9827638970935542
0.9702681396474744
0.9878226331735201
0.9604104512399504
0.9667265215390335
0.9623576185058677
0.984870740301092
0.9367767260752363
0.9635391136555178
0.966009887974328
0.967620380502295
0.9511872090547572
0.9640717153946281
0.9596228161647105
0.9483141202658276
0.9522537444719368
0.9716451020556482
0.9617364758499601
0.9620493728300454
0.9684967738206265
0.9798838345733023
0.9718172227940666
0.9772405871488585
0.9981981678996282
0.9854148894773946
0.9510072909478201
0.9372326021310087
0.9326402363041455
0.9511228260842153
0.9560199966074153
0.9638880197034279
0.9477454176620018
0.9452112177953567
0.95216072649737
0.9457100320482817
0.9619125831422859
0.936111585657071
0.9539808108592857
0.9431390511480391
0.951280481216902
0.9469113367837626
0.9482437110282468
0.9657669257297486
0.9474448831354784
0.9519547005676358
0.9536434278074064
0.949554971818679
0.9546462926282266
0.9571931805791465
0.9637069875521664
0.9552210078138161
0.9561626784658629
0.9734225637365421
0.9608381063432054
0.9490994211363413
0.9529655191817102
0.9571238838289426
0.9670994709345351
0.9404002479815232
0.9674500288022587
0.9440552692815931
0.9569308326649966
0.9433451396617301
0.9645298139571412
0.9690004190321806
0.9646779476337912
0.9575507681488017
0.9554953954097049
0.944688623748267
0.9646637678385322
0.9635041930171838
0.9563528764409794
0.9459213616385262
0.9693690832278391
0.9425187017793906
0.94630220642215
0.9621075614039893
0.9703680495050124
0.9759352051954675
0.9718581404753542
0.977018914241109
0.975093207410618
0.9755047425986612
0.9763842286369924
0.9594672102222632
0.9659026128406627
0.9772189695145894
0.9449743731614977
0.9546363111838965
0.953093694525202
0.9570121730639697
0.9518021558712575
0.9568375595486307
0.9531978805470138
0.968074550201395
0.9587518247574064
0.9352510536950119
0.957480534314617
0.9520321497528044
0.9397001284707599
0.9413785994567196
0.9431858410452246
0.9292719052455303
0.9414025999852957
0.9695603881779431
0.952786770224877
0.9636090432551987
0.9684063096860356
0.9892509646082623
0.9671238854500148
0.965529341922393
0.971517709503241
0.9942278238839195
0.9799383681711401
0.9631100583348284
0.9697207469717328
0.9748945951789607
0.977119793836993
0.9656094105140896
0.9379742912866178
0.9606313557146493
0.9495643711302894
0.9483941270560732
0.97803361106542
0.9636700661703681
0.8908751288714739
0.9680367034060655
0.9782526390645108
0.9653346816593189
0.9720931293857082
0.9704339263847136
0.945551398836344
0.9702112341336534
0.9330766465421053
0.9737938686943715
0.9760499476493874
0.9677889847493977
0.9726480757899143
0.9508981218852508
0.9916587579598947
0.9718167783821055
0.977265445596071
0.9854066746790962
0.9640942214973276
0.9870843028769025
0.9681572260727976
0.9416220219473772
0.919043935699883
0.9211451661181289
0.9225527204120056
0.9097728741728291
0.9063179555440373
0.9170785575351101
0.9212376943832452
0.898241240676231
0.929346619571698
0.8842263006568976
0.8973412336062103
0.9315714821071294
0.921783368092008
0.9225144182420357
0.9020151611908169
0.897511844176637
0.9164996267384692
0.8951228299625023
0.9083001172106083
0.9043786591478213
0.9035668745439499
0.8698194725363879
0.8931003640263764
0.906500459874308
0.9880362317698961
0.9518447579433583
0.9168446514571406
0.9835435565613728
0.9012905678689105
0.968427243743776
0.9994534211381161
0.9700967833564433
0.9245902870203464
0.911524066861317
0.8532768722842887
0.8776459752716921
0.9237671151085638
0.8972180168226064
0.9454113321479289
0.8290921082566971
0.8778383075053787
0.8640748808318769
0.8594578145697205
0.8971837752884817
0.8885362034539948
0.8848578747481044
0.8951994465464427
0.891988909111585
0.8867271334320593
0.9115250946317451
0.9128497133336113
0.901692466746773
0.9493335596956787
0.9486321248006476
0.908763884486611
0.9424230545544241
0.955788784248955
0.9342852897064966
0.9717118978522128
0.9516310874633378
0.9716674961175926
0.9635675148693021
0.9695162621550729
0.9609958159950545
0.9608909975842816
0.8980206347751184
0.850438722323384
0.8935896088916915
0.8578477518695864
0.9005230495134073
0.9089977894124053
0.9236950784651476
0.8724095889864028
0.8900621867457187
0.9335545933012048
0.9185289205300143
0.840871006857253
0.8746580648564952
0.8686540595632026
0.8971502263952331
0.9276951400300883
0.8844652125529271
0.82731627045319
0.8308985870934725
0.8594216982081111
0.9177624998897995
0.9529568519667804
0.8832912859972961
0.9439298047470226
0.9299918589833226
0.9103569845268105
0.9948341713615906
0.9126204358360743
0.9525013923846359
0.9420467011514734
0.7922352801634573
0.6898742645863283
0.8349361457576518
0.7441409929715388
0.6990113715903911
0.8516786000344534
0.7845705036234416
0.7427888474928886
0.6539905951860039
0.6978865625803923
0.8135541620352376
0.6480821997742441
0.7858348565295795
0.7657398862592586
0.7107744380720953
0.8630060170462791
0.7297703034537211
0.8407056055675575
0.8207960342293148
0.7001377605588441
0.6964475053707798
0.7674357770497016
0.6824156842832765
0.7118729308161844
0.6535965592305353
0.7963922759893765
0.8602660346715251
0.8868886759756057
0.6490905146689563
0.8570670908850657
0.9301486615178045
0.5638602246776682
0.6032862815194008
0.7081573329310407
0.6070104380965013
0.6224594143017926
0.6032344507474463
0.603790430263487
0.6072231508213911
0.631027018628103
0.6429634159586474
0.6254352305965307
0.6005730840377409
0.6089032855690222
0.6095594859703892
0.6020492552230272
0.5833475164899896
0.6070745257086054
0.5936331872579955
0.6256165088894752
0.6705950647907442
0.5862158362653775
0.7587548842265821
0.9897581161832134
0.687491280187795
0.8183652186111746
0.8139475026625886
0.718437919212114
0.7649561542027943
0.8957970076742087
0.9449617435284522
0.8395858542650698
0.7309423468181473
0.8243616712244218
0.7620908170855171
0.7677909369037461
0.7987344417087384
0.7045872307630063
0.7839825375691944
0.7125328166494846
0.7403548939157156
0.8363772051665832
0.84077439268748
0.7823203194979722
0.7991108285585717
0.823985997636768
0.8245775716909632
0.7853048424137543
0.7101439650504573
0.6807524150640406
0.8142638720202826
0.7669506634239702
0.6864106334109767
0.9039768399329999
0.983500988301486
0.824771544515625
0.9042913797816328
0.9777598853199289
0.9450109624504336
0.9445407791390878
0.9632509590575792
0.9891882539448579
0.9143027546316493
0.8896783615196364
0.9844175589989661
0.770949548527428
0.8148334870243746
0.914863515305464
0.8488808170036252
0.9142308474309798
0.9402839527454746
0.854325835495191
0.7885662565229103
0.8146828577388183
0.871316092330006
0.7681865740612666
0.8985897837932361
0.7889453391043901
0.8872536728722316
0.8966051975466951
0.8934041310731446
0.805248877122904
0.737343798523184
0.9077052231411968
0.9073302305632298
0.9621979992814005
0.9199985586726274
0.8936626329647097
0.9056712741540421
0.9798448221147145
0.9616219565758328
0.8854189609325599
0.9666153746105755
0.9765660104604661
0.9588852368721272
0.9575170451842325
0.8971556135320228
0.7814485303591986
0.8594860692526978
0.8584429142143248
0.8691142792827984
0.7813596862050504
0.7844141303005525
0.8798496955166606
0.9096746369753528
0.8631966116543948
0.7939279558647463
0.8175386487467915
0.8079694729911588
0.8914746657841792
0.865197940054752
0.8502147046188211
0.8109100878554926
0.7859982200977417
0.8272300754334903
0.8505451663955401
0.8711432092355731
0.8663131516440079
0.9281891715370302
0.8775767903166387
0.8353279301784876
0.7768262597502538
0.8960546728179611
0.9412203047053348
0.9355251661571694
0.9387877481992298
0.9453569416519305
0.8683033039940073
0.5533890793008015
0.8401324444325778
0.552494640440939
0.8251354563340024
0.559992188794455
0.7670868536994482
0.6176554090314177
0.5959042373018815
0.6023124723317358
0.8141039526879685
0.6360866752674846
0.6926864337018452
0.7128899444032936
0.5593837289545347
0.7974757441241536
0.6712449457960813
0.5475571368843934
0.5691326599437421
0.5469085271545923
0.5914816565717178
0.8824416803112416
0.8308364379537181
0.6827665835261856
0.6640801219900765
0.8729916667292497
0.7966862725537539
0.7302306156194093
0.6903308819776526
0.7073409909667966
0.8685736122790931
0.7528275023247187
0.8207469996010934
0.8240304167444703
0.5063084131558095
0.6687251307935177
0.5171262442632627
0.48022356612740447
0.5926638437454446
0.5015893800694605
0.495795732020886
0.6248666378523258
0.5668661761909966
0.5105641599372417
0.6960040118431388
0.7815936565877628
0.6065908899636429
0.6809317146900646
0.6608532888086533
0.5018073234431933
0.5294890121028817
0.6393251474293402
0.6407238351554815
0.7238489583380676
0.7446516999070791
0.8638930628586997
0.7622920435198608
0.9583915225613592
0.7093299237314523
0.9356242405184265
0.9638628009516852
0.6894647619800389
0.6271064216835601
0.8815257678575168
0.9358673024674387
0.6621942050181794
0.35697240518174717
0.5220124931535519
0.3962117134601236
0.3987940670228173
0.36998453632342354
0.4212927741011966
0.2884573898493096
0.5089272478688214
0.25833995497148227
0.42244786786542565
0.5669498178032064
0.45210167670032986
0.2652107961778364
0.5720695833033926
0.274457970916093
0.3842207115075516
0.5050696379380123
0.2577096966390392
0.2905509886729003
0.477652031274869
0.6608305492328128
0.36656408805467916
0.8671641558843788
0.41888452526071995
0.45471506299548814
0.36907189072578106
0.5330115439560432
0.43506553086814337
0.6766190636898882
0.7683813949466349
0.30313543303029405
0.36418712855181057
0.5169611348224172
0.28871674624634147
0.3122448526761442
0.522109773411143
0.5842787108804559
0.3444708978913969
0.312279091448082
0.5146959437444033
0.29795505668149663
0.31079890831241663
0.31823611411584685
0.28890914097916964
0.33349836057581284
0.3254675924596765
0.22409724815973942
0.33739201465307045
0.4801772102545411
0.2880786924085872
0.28535625933467246
0.46506525505777674
0.8199352759832885
0.8145980817823653
0.8053807928423551
0.8447432158863951
0.8232400108262907
0.7911216756223274
0.8696934681354732
0.7677271880898844
0.9320777779496769
0.755991570384222
0.6084731158983814
0.8993683026652927
0.9020757818780417
0.606472120347219
0.7908181894556872
0.8535183274265152
0.8124896429071293
0.584017493811549
0.8765973236971197
0.6575470104436585
0.6903085445261326
0.8471403316561782
0.5769260840093042
0.9072426871577263
0.6201617962571524
0.7328545198286103
0.6871497134019814
0.8901036068930005
0.6521745211893852
0.8535009043550005
0.765292227939069
0.683283564689612
0.8135298946639271
0.5627280927308205
0.6086363002385161
0.9344869763788304
0.7478833942265422
0.6125453207069598
0.566638095997649
0.6824541585076016
0.6836966344261735
0.8438088974521243
0.8374420841600045
0.8100767312179096
0.578928561495688
0.9681907368695857
0.8680660060061169
0.5736289481612793
0.4848218123897334
0.4772039310785582
0.472520534714778
0.44309313996575783
0.47655258031014425
0.4426367257733993
0.47767768981783887
0.49762920252925896
0.44298536488377493
0.4517508570565501
0.4574231332782429
0.477770162181936
0.5751280474616631
0.5119618078136847
0.4338146225680367
0.5015664179964788
0.48501604065823023
0.5307583411367416
0.5426553036700754
0.5235329694175739
0.4928456354159387
0.8626580430620592
0.4217792622749603
0.6660130879071309
0.8233270262202356
0.6419357638929448
0.8087276543099586
0.6247219274264411
0.6931613678188092
0.5711988553500451
0.750774941163984
0.5539502579655536
0.6426731564503626
0.5015926836426593
0.5389417183007397
0.6987425849290834
0.5757808387400076
0.7164395834945949
0.6849829751532103
0.5455648930141304
0.571535630973597
0.7658686050962604
0.6577483564624691
0.6013770056319205
0.553024329312362
0.5794493371671513
0.5476400228117342
0.582425616064637
0.6242817214653513
0.5504026165799107
0.5224893516227784
0.6470561321331846
0.9900349432695548
0.8346916549300664
0.6713625074235336
0.945536870644885
0.7592010367760006
0.7019824550257354
0.78566948913299
0.6896418187115836
0.6610331904435355
0.6819182804293366
0.7337312990238107
0.6409018930844848
0.7295058278398315
0.7193134969003905
0.8025365979213698
0.7625873311368512
0.7189929965666476
0.7867449933395353
0.729349135907315
0.761101383008794
0.8088607228439066
0.7868174097792978
0.7925032097398365
0.7876590496205863
0.7832262480737063
0.7843188902493563
0.7447805107834321
0.8121042059279784
0.6850690354337502
0.7693582284593709
0.7907469959607796
0.7269909766643887
0.7587571163432383
0.7576829907343089
0.7781694859524817
0.6526702885504407
0.801520890675615
0.757860877955411
0.7827361277235507
0.657714897427776
0.6533302052777128
0.6517247390239965
0.7518466734416789
0.7984863753246427
0.7569866237771794
0.8843768557347068
0.7634240445289899
0.8592482501736023
0.7643081446102011
0.9070904268698765
0.8990125093196681
0.7936743717005577
0.8175345757433132
0.7946989637191662
0.6991838251915594
0.8169987245569824
0.8700195405293125
0.862681327800493
0.8989443789774352
0.6622365531389072
0.8828900636040693
0.9062822175695571
0.712481659351585
0.8836189904593015
0.8052651197591667
0.8847526082141481
0.8063474081896123
0.7677800261064452
0.7797601856562032
0.7448876937489992
0.6985411111407087
0.7581240994483931
0.8152039454282252
0.8376063804232404
0.7785904292870849
0.7570793803981382
0.7369990136900402
0.7913804707449072
0.8345105556877361
0.8117020236053314
0.8164031429475438
0.8164143438788127
0.7630099594237358
0.7377963369086503
0.6550363399053278
0.7669497269881124
0.7696211773568203
0.7220367157068122
0.8019967244397039
0.8605026674562679
0.8459709203723123
0.7536961430581679
0.7701698302531765
0.8381073604501849
0.8519193547412658
0.728021771543333
0.7178322107569999
0.8148306084169662
0.8582197971383934
0.8328695054624193
0.7804237770257993
0.8920169294423971
0.7578609859068205
0.8724348158665984
0.9791671098431644
0.8622087214144563
0.8445268849621352
0.7641738481874176
0.8516619090791103
0.8273045646935209
0.7710483714464128
0.839989854189942
0.8746549129096597
0.8512050445196834
0.868824534477461
0.9065705837380487
0.8386322769655914
0.7628490042185992
0.7899356953208996
0.6559104149187927
0.6748567491895969
0.7980532569027206
0.8470487056551516
0.6729586412955333
0.8247455185526699
0.8215748825685428
0.8085602174469864
0.9021539644180139
0.7060866955309126
0.6945745129736943
0.8596087883261683
0.796434945024974
0.7626475371118001
0.7819950278329073
0.6965908965247465
0.7783236462171826
0.890627986666761
0.8802937535046365
0.8302705633315234
0.7453512280718064
0.9198551699056534
0.7766245715280828
0.9141318980638031
0.7279271105950068
0.8419929656708454
0.8035489294516296
0.8139710311909822
0.8630915129703041
0.8244405474288498
0.8674725541614734
0.8022878013859042
0.7677954316908957
0.714997850905026
0.7411152778120667
0.770105934886584
0.7971858218464084
0.8055786039400761
0.7950289280586231
0.8766535706099384
0.8001665041915657
0.8726645116376156
0.8208482156175881
0.7952818620473598
0.8443653045302364
0.7851791049772096
0.79014764644962
0.8758386331790763
0.7165458937446518
0.9039494338132422
0.7794695472409429
0.7579211273196469
0.6670675317287369
0.8942164674615962
0.7678249670987851
0.8504463283776362
0.7777577381816918
0.9076513440223859
0.7670401571717824
0.7733949393635191
0.8491303103278232
0.7083470593283038
0.8729108066540459
0.8745329538966904
0.8762883153618017
0.8687792898714357
0.8944230479882254
0.862680159283199
0.8074728308650873
0.8490603307276012
0.8934926508406633
0.852195307152064
0.8223084057811392
0.8623801761871002
0.8689424313781882
0.9098539578467828
0.8817341092198603
0.9115935750828044
0.8915970378008153
0.8759653365035154
0.8842224102045843
0.9728124857495444
0.8757268574007869
0.7979198534662262
0.7891373836308337
0.8410537651830304
0.9048191118536872
0.8677851735357083
0.8692246254096307
0.7424772434306701
0.8937139184120708
0.8731487730757229
0.8856672931546761
0.7906802448440563
0.8010054589847999
0.8899747307018023
0.8819772385512441
0.7764075811465119
0.7491575403773236
0.8868088753319552
0.7512167763641189
0.8989676017777273
0.9278472832657276
0.7217602081020176
0.9112028501729201
0.8276735328385622
0.8590521902630242
0.9161940086422209
0.7097033071373062
0.8586394090115845
0.8413927431830207
0.8652390042863501
0.8864180915734141
0.7248323311237815
0.8183956836523476
0.8339432706924303
0.8610814373606276
0.8905041572387634
0.81159651700628
0.8828605436381907
0.8284615937236162
0.8177282022542429
0.8217903803952689
0.8639671832414438
0.9053851332327563
0.8245767272670477
0.9000166851892815
0.9219271047572073
0.8649105356553384
0.8865610601612536
0.904399750276226
0.8913195186309857
0.8062961303702828
0.899936180720573
0.8700521096648324
0.8680581462826398
0.9115856527590571
0.8656134993428097
0.8871176917635439
0.7751744997454582
0.9066531601260202
0.918319409213285
0.8012557856970837
0.8816771097798235
0.8599658884025735
0.7432423215075299
0.7867450397054297
0.9027395930160352
0.7967678619812024
0.8888263019014234
0.7580878665531537
0.8664465988089756
0.8955364513898165
0.780836987655761
0.8195748947785572
0.8798510064384262
0.869038769652722
0.9495393649329034
0.853219826592658
0.7456586045488476
0.8381294008514407
0.7913922922284558
0.8118381674829037
0.796625196477748
0.8427788608696782
0.7541701621693098
0.7613457855420273
0.7719339322230978
0.8435487194117854
0.8473612297400719
0.8755615684803885
0.7529235295881633
0.7522231509985556
0.7979622825135211
0.847113322370076
0.8673251458645366
0.8080293929339
0.850217553033871
0.7550583693951144
0.8823905484521379
0.830172524657863
0.7901674660288425
0.7566570707100748
0.7228356845909818
0.8858635795462136
0.8042092379724357
0.705782259227814
0.7554596312610229
0.774351538493601
0.7213324484650697
0.6646354745088677
0.8950852931335572
0.7521914743192681
0.7449236694535966
0.7494185062818086
0.7864592653269357
0.7101399702923669
0.7867714486114727
0.777058134043123
0.8181686401360031
0.7644534591957237
0.801303411208643
0.7624862811507347
0.802522856567299
0.8564320302916808
0.7081610743851277
0.8002435081943213
0.8132340031697545
0.8443729524512948
0.8128037024503586
0.8121751697023272
0.6894764265921025
0.7969273599389601
0.8147409172715019
0.8738208705305817
0.8405247346991639
0.812196609590981
0.7060773290214755
0.7636426857036599
0.8488008810341703
0.8311939210114029
0.8347031414495286
0.8999613074528878
0.729801534927315
0.8000649469152268
0.8349436255759997
0.8103164332820003
0.8717519545304523
0.7960410545337824
0.8018192892301141
0.7758216837079221
0.824726024111303
0.8072126048188808
0.6816629325504419
0.8275499710422191
0.7866469465757319
0.7222414423078779
0.7441229722913911
0.83094508337814
0.6955074813440997
0.7314501135602434
0.7856095332749301
0.8163358448350012
0.6876656576639546
0.7978723241081708
0.7764193120546673
0.719301400164893
0.8685056879174948
0.7944423491921697
0.9214864096544921
0.8748462370660053
0.8139066989370475
0.8785215486253554
0.8596026694480368
0.873139543053777
0.8657007376603643
0.8853274874769526
0.861909325964914
0.7858476430612297
0.8773844476848592
0.900094460682893
0.7014181236584156
0.6572747768028162
0.6979423993987657
0.6016956285040883
0.6361243074231306
0.7633241254535115
0.7093641956944144
0.6751255213268239
0.6818262855115482
0.7589866159398547
0.7065545045387519
0.799051161959244
0.8252619362616712
0.7092604651409253
0.6955716117677602
0.7861041625092774
0.7998384165197376
0.6970249899875904
0.6798053258381926
0.8567939676360672
0.8015156580179865
0.8394240767976258
0.8281810303157742
0.7708885155859022
0.9807538913073146
0.760637695439488
0.8241687397064174
0.8369977700510536
0.8979484037007378
0.9371689581112749
0.9663755286343159
0.832623383462713
0.8975718865009192
0.7220167287965755
0.7004180644436149
0.6844609682277836
0.7633311004896265
0.5919095638537876
0.6314925042509063
0.7223062678581448
0.7049101321578114
0.6642303599506273
0.6845524421709951
0.6993123196488915
0.6444095040805959
0.7671758308959727
0.7760973562285536
0.6369166526598624
0.6683823944518099
0.7191820818312948
0.634451383667831
0.6366158374298775
0.9563499660885761
0.9478877358867426
0.8419494649753909
0.9605748597988952
0.8383404939487783
0.7101595657477864
0.9185381688765973
0.9024781124943657
0.8628621860559564
0.8198999982916695
0.8566336653180067
0.7989167931512119
0.7045018514963428
0.8661563033402158
0.623457645417969
0.674790382104001
0.7236578267052669
0.7510824715095924
0.7691256401079765
0.6023272626671693
0.5547712262078955
0.6789206373757475
0.6744478818183504
0.5767588588364447
0.7108322993446494
0.742229526444235
0.767784626521831
0.7190675452831182
0.7133137998773638
0.5916201252790506
0.733325060917072
0.5896820642708871
0.6350732363544663
0.7563269331466209
0.8490084143001156
0.8537142977103833
0.8138212234990034
0.8186055363068716
0.7336885403493654
0.7012676839500571
0.720404441274225
0.9009556377355246
0.8814179975002387
