0.966455147933443
0.9903234830621971
0.9790447491771094
0.9892832755893273
0.9863156251980096
0.9730134094508949
0.9618006414170025
0.9814807145990596
0.9712750764328208
0.9607601480573496
0.9865721355902508
0.9725233562219051
0.9743491089213825
0.9750391190308358
0.9754485728761095
0.9978026963742521
0.9954415794172692
0.9581589271792075
0.964600518447222
0.9790107222385596
0.9993504037209213
0.9797200351892106
0.9847719222360096
0.9976179161068577
0.9977307489541709
0.9978196859214619
0.9950367455491139
0.9668127572261316
0.9957281821139249
0.9759595711462467
0.997243794548827
0.9722662841834738
0.9884610624038801
0.9642672964905004
0.9566481671496235
0.97411059185513
0.9744528638808411
0.9767230833870577
0.9755652032226967
0.9691011453909064
0.981473889438872
0.9622885895845854
0.9592492646253881
0.9863680550224313
0.9835234261691577
0.9729275262075153
0.9588158622393173
0.9757208631941217
0.9632178433572486
0.9703101499681734
0.9950967291806163
0.9825669882780385
0.9587042400255121
0.9889107858987166
0.9823932065441917
0.9710691599003155
0.9997532936171117
0.9747459439487628
0.9996369118536924
0.9965052958571313
0.9948473793720909
0.9926495126904877
0.9965467431798418
0.9783628848949545
0.9812918969446516
0.9915993394158347
0.995101536301837
0.9910342906352811
0.9935251369169122
0.9971864719680915
0.9929557725085976
0.9972423211048285
0.9990522060036435
0.9932325582773153
0.9798895023540409
0.9995480560706006
0.9951243750256673
0.9995039190155022
0.9934605291944805
0.9871889405295069
0.9919956057266452
0.9995932477605505
0.9985615486600377
0.9946006798013185
0.9946061332057258
0.998031261443636
0.9997949701115361
0.9943574737985837
0.9997457324758714
0.998622001277866
0.9985864670870662
0.9993891190345371
0.9858230447845459
0.9843239376368716
0.9900823558242882
0.9941850913430854
0.9839237490128757
0.9976194681438311
0.9698375537551361
0.9683904269886052
0.9745064722765314
0.9910205677654271
0.9608071754047607
0.9676218661214183
0.9820703372256823
0.9691584027577614
0.9629677981692989
0.9744627007182907
0.9672081399281313
0.9602006114685647
0.9581170467811522
0.9867395547007809
0.9734509267923905
0.9608354710086051
0.969778898602088
0.994362563166518
0.984599904975427
0.9914676359881537
0.9978516469963548
0.9920750933576299
0.9677204088705031
0.9512387107424969
0.9703273600810958
0.9512757809236141
0.9746517837232465
0.9714664548049019
0.9890243301384862
0.9489780493983652
0.9499375816715178
0.9510258939270434
0.9730579334127308
0.9701189677574303
0.9613886697438859
0.9641233019083147
0.9712302002449833
0.9749397234745049
0.9772769230098421
0.9712681826377093
0.9601607486446347
0.9552266070422999
0.9752669101955687
0.9490649846970389
0.9643546098990554
0.9569050874542369
0.9771677342935561
0.9594566470699835
0.9594206498146123
0.9785013264679077
0.9725335362433294
0.9872485638966317
0.9938293346618411
0.975246430368815
0.9632821522051639
0.9739758795244691
0.974810927692187
0.9754554851885802
0.9715110594610397
0.9764780965343364
0.9797640214169838
0.9861913666927682
0.9785763302393272
0.9730027104995026
0.9728571131713463
0.9741514727938069
0.980546177456973
0.976430571762273
0.9763545791599201
0.9751446505934082
0.9666114436176619
0.9734277330795151
0.9754976448667496
0.9728400960539023
0.969357531784669
0.9753994265940971
0.975244289568959
0.9975500508894367
0.9813436896629103
0.9984529970614355
0.9996166979630354
0.9760538203038918
0.9975663653514465
0.9969843888820191
0.9753440880841195
0.9752861930424659
0.9710905530195686
0.9680260529415584
0.9699260804658334
0.9767590342019806
0.9705251402983028
0.9946093098290933
0.9844428786774336
0.9674838856263311
0.9641764359724654
0.9863976768601235
0.9669384035286088
0.9730854717570689
0.9773550214964384
0.9591254923040212
0.9769683193269746
0.9915335273312416
0.9849618477899769
0.977052475572098
0.9936781657943279
0.973880218224609
0.966928253181321
0.9617024224325028
0.9950227186426579
0.9735424922975873
0.9934392186903032
0.9908863571632374
0.9953702193401883
0.977263200832961
0.9825000601774461
0.9871847199162642
0.9338514981324046
0.9543381865439795
0.9723894889861986
0.946847373310337
0.9792754021832983
0.9658618647931951
0.9294287876695009
0.9613707051315545
0.9903179112755698
0.9746153192950591
0.9778781144476478
0.9959478004836565
0.9465206690602237
0.9758803183420648
0.9245186253160116
0.9891170514212904
0.9815644422449242
0.975744000100343
0.9767343364224799
0.9494484244532411
0.9748692154464987
0.9783359510747287
0.9782553681884335
0.9749857120437213
0.9816502165439489
0.9951311068590891
0.9994247979752651
0.9987602041021633
0.9467367604521365
0.9859751042394097
0.9993838695142446
0.9707563243626527
0.9293248937429093
0.9343090538729124
0.9408043391140302
0.9157613641591746
0.9864808110884822
0.9209560615869804
0.977153324103287
0.9349264544348254
0.9445262249728934
0.9361062209720702
0.9271048982855491
0.9502951137725615
0.9385865522483179
0.9183660744072337
0.9313448138995873
0.94219594137827
0.9610928396835667
0.920792844990362
0.9352787824504118
0.9903061095900919
0.9936574437251249
0.974482556061572
0.9688871840227375
0.9974362963783261
0.9856108236815926
0.9940519634499567
0.9964870145124852
0.9925420806217227
0.995136663159313
0.998661499191195
0.9614888077655588
0.9571386127567691
0.9585968632650589
0.9633353206575235
0.9665457467174944
0.9385610920401883
0.9691313288498257
0.967174818823415
0.9680222343165567
0.9542699466539273
0.9630275115444766
0.9764881368662933
0.9730774415589954
0.9559010967733732
0.9601275624135897
0.982285839260131
0.9927840276906484
0.9390340740787871
0.975209410722016
0.9613116302707554
0.918505720179315
0.9499773537158367
0.9540114778843515
0.952559389127299
0.9809934365053025
0.9386675000249053
0.9825862130809334
0.9845203586120981
0.9671535599384008
0.942876705231989
0.9994306025776694
0.947781478248034
0.9105127636918213
0.9656840744763755
0.8724823592391662
0.8983793362693633
0.9162819171693464
0.9059317817083714
0.9443359638270983
0.8920132086352814
0.9218600858495495
0.9953537587334806
0.8539942611678608
0.8745910299158853
0.9389768557629676
0.9658290667864697
0.9153751183325901
0.9645212036716424
0.88845148332761
0.901754981927066
0.8777708410762645
0.9122553484869631
0.9178821577011699
0.8890331401032815
0.9328854908563602
0.9955009019953892
0.9104631013267905
0.979641967681895
0.9983839762643091
0.9903914766774169
0.9813035507475169
0.7615447275443474
0.670789401588487
0.9011791476550758
0.6986804835731265
0.6581764677474545
0.9610890519461959
0.8232608493749212
0.7482111534819706
0.6619802374898933
0.6488699082977611
0.855819505934945
0.6927738058859796
0.9017186996244422
0.8425904280618602
0.7007738448590856
0.9278494288316718
0.7750594148973449
0.882314005554409
0.7994850428599889
0.6554856055745606
0.6546035389581448
0.8008287756901759
0.6762794525637127
0.674194761422856
0.8740894504099213
0.9244880979225831
0.9968647178195055
0.8493960616907055
0.9994057371901016
0.9902172918881889
0.8980413726206007
0.8289805595588939
0.8152602407068642
0.9902883598535848
0.7254317159424383
0.8199139528312607
0.7607684949368645
0.7723341152617365
0.7984924799421187
0.6846220622186948
0.7904019212138766
0.6846400725126301
0.7243413586150436
0.8383533758415567
0.8666747274446202
0.7748029232590599
0.8387155605718462
0.8258862921457563
0.8248255465290257
0.7815657104182854
0.7833497146558526
0.6511671391122732
0.824911950368425
0.8401686847053006
0.6645580468490158
0.9902129150308518
0.9656388883137348
0.8370879384296079
0.9929258794644029
0.8431275729014994
0.8493826196388792
0.9984521023464614
0.9977516868444773
0.9876078168784354
0.9210349670994078
0.9161781371530053
0.9759887724978618
0.9459367900291853
0.9216027456674166
0.949004379899489
0.8971323848167971
0.938243717887694
0.9883650846688358
0.9595812713060714
0.8409662466411352
0.901335066588556
0.9220524466375823
0.8458816372885472
0.9430259196767019
0.881394018451094
0.9402485107687886
0.9691492522601437
0.9300440924997524
0.8510558744640818
0.8410916019926689
0.9245180533665511
0.936485511548086
0.998797876576732
0.9673269684337863
0.9994177835783423
0.9978765840586908
0.9949019835251566
0.9905852435497368
0.9996890129603475
0.9819349215513022
0.8647540931867858
0.9162461257586785
0.9608692730805821
0.9591876202129405
0.982209690183528
0.9496633190955592
0.9140357733955042
0.9461542021896914
0.9262496686614294
0.9438988471472629
0.9476752490623592
0.9859394743034862
0.9273448204080705
0.9565855436168791
0.9404928547094785
0.9683989012061571
0.9699060470268812
0.9361324604201064
0.9629273223176646
0.9531784483253123
0.961653735051743
0.9323666933537798
0.9215753396178074
0.8950960094909644
0.8743015391067619
0.9427305563173435
0.9335620338296171
0.9741989862800449
0.9969433474543317
0.9970044145192284
0.971460834407798
0.9262449072724288
0.8354359845999992
0.9263025146991584
0.8986329264209544
0.9192761343000156
0.8588382470805971
0.833743750156401
0.9289330529128856
0.9359548758430274
0.8851122295260969
0.8853574636998032
0.8283132873346466
0.839252681837487
0.9238149968716959
0.9058599461572769
0.9349323763934618
0.912537862842137
0.8090179357559788
0.8665571768553688
0.8938353664397052
0.9117300644006769
0.8416254353659202
0.8872446988796908
0.8780342181930605
0.9011243352673808
0.8575994305599379
0.9954535849030773
0.9714760236659676
0.9967283343148806
0.901575967466148
0.9085550717862306
0.9126226928586463
0.6331410255057367
0.896476653385494
0.7272334461705885
0.95673696156351
0.7675793385241254
0.8545728390029801
0.6744935652068749
0.7156218971734176
0.7268176611531381
0.9855611613782453
0.6992311847207683
0.7165912699776059
0.7429901440558568
0.700116310218919
0.8728582663752517
0.7117617771515723
0.816593739321724
0.7588044587831
0.6921140361592805
0.6779892835773538
0.88170381837439
0.6765962184937007
0.6723359498276377
0.7165218572666651
0.8409678448211486
0.8418756681492339
0.990310563849158
0.85263860025413
0.9690639847275391
0.9968663776879658
0.9696721892109836
0.9882055501153779
0.9859762026674018
0.5643212015234877
0.902942377831011
0.5852687069930147
0.6967083955275089
0.7188627291370256
0.7116398056685613
0.8466794250368712
0.9621681983602139
0.8560070885810074
0.6336848127205366
0.9782880692027041
0.8070870716789047
0.9351167195667924
0.9112538908302579
0.9920106820460479
0.589479737039412
0.5491834769450352
0.9938993585866889
0.913931438160734
0.6462262943954471
0.771866101970678
0.7678408048705163
0.8272115468095347
0.9041075006121599
0.8965990496457938
0.9865666219535257
0.7242897689070857
0.9984505630533449
0.995717807978127
0.9563573852450502
0.9072293435249318
0.8551538968361782
0.5008761280832689
0.7495071207302475
0.4337380946705498
0.49304459947079277
0.49122128669308507
0.5171018285833543
0.3254139297132539
0.7994954006357615
0.6119107208973241
0.5161312727907323
0.7141580018708107
0.5739238686707142
0.3707748606287694
0.7471474531772933
0.3898817842906827
0.45691872307957215
0.6291076979357482
0.3581317984554725
0.30592475908982375
0.807075810948623
0.5887486361551075
0.3712843750885966
0.5505933123245658
0.45537859817592363
0.9119177516995642
0.884878190625052
0.9766918329786483
0.9516788969168732
0.8957525967924476
0.972612222149239
0.9935511943455696
0.8902191714826164
0.8503489628025058
0.7173783743336285
0.6511554055026896
0.8886236883615941
0.8547850349474658
0.6877143450984733
0.8876105584906033
0.890739582776845
0.7835475209385432
0.8903768484372723
0.8953261059459606
0.6756037195635423
0.8106444184554981
0.8939834903776229
0.6899289131324307
0.90670084533762
0.9273068529644144
0.9448395097910581
0.8580622229639743
0.9007041165622147
0.6717526837715173
0.8085274216339687
0.9350220395321888
0.8879851967801013
0.816963281519371
0.9815953765275828
0.9415563498497673
0.9335810338304567
0.946419421572493
0.9189276063034766
0.9864699538145099
0.9207853793129763
0.9562859578419427
0.9651208473443201
0.7788518551581114
0.8240235386542678
0.8581791777444239
0.616274047048692
0.8485613749101935
0.7455551934458378
0.6478893127201393
0.8520448487186538
0.5527712565307032
0.9876999890710498
0.6086548793588977
0.6977609110652554
0.6250468686708016
0.9617372659578955
0.6604532873308273
0.8523319243981677
0.7321508882584224
0.6577932785482893
0.8746989030957368
0.5595157778867332
0.5241649311649349
0.9974208970303361
0.814094103641541
0.535371412676805
0.8536298474499487
0.9006907550613998
0.8612707352883294
0.7635883228965077
0.9966830245581328
0.9723822703636591
0.9914750709333071
0.9717572438234013
0.6527157966738506
0.6646802007588382
0.6168351384550245
0.5825488763722646
0.6725475326089916
0.4453348064239861
0.5892696651358005
0.5111150282821278
0.546057691778242
0.6176308714850409
0.5366664171532998
0.7552223998319729
0.7346681019739911
0.5050803703080078
0.7401571091982445
0.9553601307898659
0.7071867391044719
0.5845306768231776
0.5800256674083173
0.6827964392067033
0.5101499687631776
0.5347065727117792
0.6356208393676144
0.5760694303992617
0.4092249156228164
0.8653984752562399
0.7614744402335347
0.8604138487943658
0.9469008297942688
0.7236304202166268
0.9489326194011363
0.9233272120641756
0.8524252824994818
0.8888836406499347
0.9606960693165372
0.8317391290513085
0.9089156021498068
0.636321849068217
0.771810200489109
0.7127917192970117
0.7790326955038577
0.7617094052589898
0.8070642497787947
0.7681698640469844
0.7932400512814335
0.8193595606597319
0.972931913095316
0.7283228533009707
0.8061455728627553
0.7004228827428457
0.7113735798287992
0.7673253505107184
0.6259021765862101
0.7144914658177717
0.8084283144138279
0.953837972234088
0.6762284327954122
0.7794681873859918
0.664887401208023
0.9464395498256957
0.8964851001285149
0.9994894434808798
0.9847949875596451
0.9583066028856002
0.8432583201507574
0.9724254904935294
0.9340914786471277
0.9381967536972149
0.9820635363751349
0.773034866325333
0.7539358896269135
0.7396002135641009
0.6844108326901737
0.6598336408955345
0.780203620094333
0.8315046985433804
0.662670219093489
0.7779597659301811
0.7602382746081244
0.7580726342812639
0.7595392200712271
0.785075386464374
0.8189677432990619
0.6923543390364667
0.7651191534850055
0.9495878364195398
0.6497333291252264
0.7719128497179051
0.7825650387954028
0.6650244464110501
0.7803130108402808
0.7563245023983539
0.7690995372324678
0.8585972981487098
0.8356316184456978
0.9187680678087544
0.9127536564108119
0.6723279126956556
0.6868300717385931
0.9803328402256498
0.9004014083835556
0.7720952858554017
0.8641200070536597
0.7153039974616229
0.7937648812942507
0.7999633214249753
0.8598743492604173
0.9747355919308679
0.8242732621179178
0.7012786884616677
0.7055807999152928
0.7779405604842645
0.7778993952405823
0.9229533213525121
0.7810832829064288
0.8088513532970252
0.6835754732548492
0.7617234793570729
0.7244787237225441
0.7572799553207064
0.737905698633605
0.7159562193643937
0.8428000898693047
0.7596793949232005
0.7848722583518896
0.8459937569673996
0.9789345745694371
0.891280911838867
0.8275681295896595
0.936870514908037
0.8073464566904884
0.8113543306643626
0.9924058770578894
0.7802543260036666
0.8674762109021106
0.808250073627913
0.8518295727898944
0.8648547961388289
0.8971757815547637
0.9019161091278922
0.842769479721684
0.9021554889876542
0.7723309323989821
0.7807155063665903
0.878222172682928
0.8481014985289568
0.7952449266715182
0.7994823444787345
0.8144742428706806
0.8220280946127674
0.8360342598343026
0.8832775591012845
0.7967998867721378
0.9080412551354099
0.8521929537812649
0.9375790901549443
0.8730343206289735
0.8597822269477984
0.8563937152866612
0.986228313770142
0.8363870803801392
0.9081278604824541
0.8654871273368892
0.8760874315914136
0.8576148238054699
0.858905332827027
0.8081588842653885
0.9352466189393678
0.86923266035341
0.9159758589299027
0.8976127173930114
0.8223667352529203
0.9176560207620583
0.8143980268960674
0.7705900292739586
0.8950623987736865
0.9226196166485544
0.6889786195800649
0.9060789496579379
0.9261230934770596
0.7864899570610906
0.9178838468665711
0.7971912217747146
0.8079049129659122
0.891176046916021
0.958432929752851
0.8980735408269127
0.7563632682715544
0.821372553934935
0.8117043928647162
0.9071805059903064
0.81505694945555
0.807137108514877
0.7617526837969611
0.9650220897976528
0.9230808451177487
0.8915357345937545
0.9810453787135525
0.8158126881892919
0.815220068322648
0.9011420956553292
0.7987933987447897
0.9029683627967726
0.7560235819994062
0.7993008359945233
0.7618599425835358
0.7709064124601535
0.8799853979896537
0.8284795613171472
0.8411757300978497
0.7761912053204361
0.6945995254462127
0.9502116095100068
0.8585841644482924
0.8408751602385578
0.6659423012472436
0.6617570403863611
0.7637804933731109
0.8450823076030689
0.7153408115385176
0.8674028390466413
0.8078748849981813
0.8717737798607145
0.7665276653222325
0.6792391517503934
0.7938942942437749
0.8011659029639016
0.9434631606795152
0.9857472134646652
0.8996517744139065
0.7821416388064082
0.9977932408230838
0.8402482932170403
0.831012577732263
0.9844424597379373
0.7676299735909549
0.8416451577036894
0.7997034556788636
0.7939090968052034
0.8570488616178233
0.7841658055154511
0.8262947403988937
0.8620922616451092
0.7836858582049192
0.9043161377107223
0.8270554662480817
0.8193884099939229
0.8299427583003396
0.7683364107756415
0.8532213714167791
0.8510853720999123
0.7447957828744254
0.8683399488930774
0.7737147594234245
0.9947429563450413
0.8855337636595066
0.8015148443030942
0.8427458007742483
0.7811764174861817
0.9989192506361093
0.9899749833785015
0.9364672167459038
0.9950186515097608
0.8541240656247445
0.9976364837705312
0.9660117682313636
0.8219180920101743
0.9720490946239536
0.9972450192844856
0.8533015837226606
0.8277985182515039
0.89743232983744
0.9058047453324503
0.7844120626827696
0.9332610486760621
0.884589523812469
0.9071369891494707
0.8421244003592498
0.9108956489243603
0.838881284570453
0.7990849778529769
0.860504888413359
0.8217875395519048
0.8580698155874984
0.8487046020480588
0.8653844459196192
0.9073032001176037
0.9264558211114344
0.8742294062826649
0.8280867520695468
0.9025745426686217
0.811222102431963
0.9314608182542821
0.8706235717973474
0.9906711572939775
0.8535228080489362
0.9124855840263022
0.9616089020790148
0.9872137167006676
0.9197098760281139
0.9878768848860484
0.9568111460649058
0.9031160970993892
0.8693772743202894
0.8107848798130701
0.7652136871507061
0.8647999035400866
0.8537478368664819
0.859861000819502
0.9189224525897337
0.7767545795784572
0.7670965492946206
0.8320238630979921
0.825421140176505
0.8914538783490995
0.797682853568468
0.8474526515875058
0.808662495136899
0.7822340400872443
0.8209211669752614
0.8622859898630766
0.7627473069546593
0.8901408325315128
0.7609612595219457
0.8838856124217429
0.8600483542329429
0.8863092100251106
0.9603371409014332
0.9781514333292305
0.8577205954733942
0.9664753729156924
0.9347237000356163
0.8264698963408099
0.9187759719008295
0.9578148207697763
0.7175234948870655
0.7715695149581975
0.7635902816151388
0.7650107250599599
0.765190105665783
0.7043233377449023
0.6433268027883859
0.6726035970871471
0.7421353816420374
0.7782795136418352
0.9828496585968634
0.7526738980195131
0.980235355029122
0.753585031449989
0.748068680417792
0.6697826471211195
0.775557430708801
0.7635370292266169
0.7443076391303269
0.7569529289094263
0.7310905208211614
0.6866013886209915
0.7785926376263468
0.7258633945436157
0.9526848267386324
0.9380309278214014
0.829029931901704
0.8320666552159179
0.7803558552273978
0.8034286015827219
0.9991645406148788
0.890257463278773
0.977993161652703
0.7505175412867701
0.7279378799039186
0.8177438123381335
0.8039737433358374
0.8300751940316378
0.8051443085392519
0.830025332997897
0.7840648766104337
0.8376586828602419
0.8085966081389
0.7611424373539585
0.8872568146457593
0.884932747991519
0.780944881869208
0.8429617383100442
0.8927819666740121
0.7628574011471948
0.800544349947123
0.8405815012178619
0.902196090505439
0.7683721820529902
0.8200772085570113
0.8077157223213252
0.8373280459260539
0.8323321190382751
0.9251666136790441
0.8972649852498612
0.8361661892951042
0.8903756936625857
0.9425539421802938
0.9474271919772004
0.9400033737397598
0.8495669712209198
0.8914026602279826
0.8982024646451955
0.8615299554470938
0.8746034179991766
0.9034632085142675
0.830825481495756
0.8567370654169806
0.7963463720752488
0.8861741326996108
0.79583390293777
0.8526267374611646
0.8000799627916562
0.9068850288042785
0.801604359369127
0.8523968216036119
0.856781445894927
0.8540735829203114
0.9189024787035661
0.798389477696636
0.9563934112032348
0.8284411778621892
0.9441299363792856
0.8579396241271016
0.7721958376705371
0.999259046084426
0.9090395641500149
0.984871971608696
0.9868791463379155
0.9816492297917161
0.9865481095884845
0.8735528639261341
0.9122229419932364
0.9617583011573811
0.9302335285137092
0.7727734797559932
0.9634796678356432
0.7223178235438872
0.8263875980605593
0.9343293500647818
0.9315270432803462
0.820324883651464
0.8541196950510397
0.7899138248955755
0.7255184233765832
0.9743321239848697
0.9255171447541612
0.9371015917006007
0.8307154848176999
0.9043525938643344
0.7839870106614844
0.8021123313139796
0.9004378480036268
0.7912431078743705
0.8238844662124916
0.9511170664495529
0.7218130878941018
0.7381178967357499
0.9578291998745463
0.9278777362388948
0.8914015773060128
0.9167451679703411
0.9549993416697727
0.9991461211377686
0.9879485363353661
0.9341421743567009
0.9985794231894051
0.8263320779380894
0.8413831085043162
0.7597077087443012
0.8386529987438914
0.7442844136079236
0.887443151456853
0.784064783904741
0.835965392462211
0.8191121086239688
0.7844661282176396
0.860922142220456
0.9330247142095527
0.8897630814044801
0.9358457184390538
0.8718754736383392
0.7426023469234807
0.8027531841580007
0.7989737206584252
0.785727439127744
0.9536088031331644
0.8405757838479968
0.8358739619711244
0.8982374609268546
0.8135964231778401
0.9025329629744241
0.889901814893406
0.9824090935526606
0.9642985967793459
0.9219646338510408
0.9875162391850464
0.9917186479287506
0.8993252630361482
0.916220447741666
0.804582416377508
0.8142517558812176
0.8954161483657386
0.8014313971554892
0.8871271843900881
0.7357542404772214
0.7217343952553983
0.8318357098894138
0.8454053220830726
0.7525217978006813
0.8275903969076761
0.8594694849679154
0.8948921711498361
0.7960303097387247
0.8816497790120242
0.7799619605877349
0.8478512764587467
0.6965158185755422
0.7766147103038603
0.7601769128556803
0.8465859140062989
0.8349072221290851
0.8995531827414649
0.7526846896580894
0.9709468941528353
0.8326143208884671
0.8075332270164735
0.9978929865072068
0.9531623797541786
