0.999686010030568
0.9808398512039576
0.9796649673716605
0.9786161136204701
0.9981731610894989
0.9765261228139113
0.9870414892069254
0.9789400254625651
0.9884255225432291
0.9588717442034715
0.9845968571620001
0.9924785097441831
0.9742090158523159
0.9943529909394081
0.9593763127515995
0.9721815217455568
0.964038510553791
0.9901384349163673
0.9759716009886321
0.9896316461588519
0.9791368936945426
0.9521976773043908
0.9705236587901411
0.9671207810802132
0.958694289103791
0.9614446702462365
0.9684845609165575
0.957498923027477
0.9664756558873107
0.9687163877888524
0.9726813383191684
0.9866819007507884
0.9878086199930028
0.9851854210542423
0.9565542291931444
0.9705832257687762
0.9840928087721563
0.9791534292651608
0.9776526048286484
0.9816668025464159
0.9564157080404576
0.9589145898196807
0.9576937778244006
0.9859971108515975
0.9896059321104378
0.9746260651909902
0.9600713209909388
0.9772226676340309
0.9625503933344738
0.9704064050480312
0.9674017812968394
0.984372293957704
0.9581541148229413
0.9863167363296873
0.9836667244883881
0.9657588159332195
0.9944362423507471
0.9722412100618827
0.9936721058122149
0.9946154295825412
0.9797370595007223
0.9971584153759433
0.9967148037797577
0.9720718196974756
0.9817407781011753
0.9882038468836929
0.9994845260940739
0.9914797194546128
0.9916215210016192
0.9973537042438504
0.9935960973671998
0.9909038007463791
0.982052347614489
0.9739119601520095
0.9677050469247341
0.9841851643880439
0.9791998490403346
0.9893652656321863
0.9607420573355812
0.9671903381853527
0.965125977052258
0.9872519846667904
0.9493296980260784
0.9630759905221431
0.9605013186991391
0.9753684289369551
0.9631957889457035
0.9655851436225162
0.9677386925748692
0.9577598322732122
0.966122018844555
0.9874231467327049
0.9705511904108576
0.9607995797049911
0.9704701491734166
0.9875845275147186
0.9675855280660415
0.9766833372884419
0.9929672003349249
0.9735649231916308
0.9589223340113168
0.933743706502691
0.9349465161863004
0.9463403938182864
0.9681187122830662
0.9549411610691096
0.948912441050715
0.9507170348726934
0.9492563936364099
0.9545410720228484
0.9560556697527905
0.9470020614787973
0.9456300347145095
0.947978796224089
0.9530932418635205
0.95430495952623
0.9683462401651812
0.9724426858666422
0.9576526449484437
0.9569081400738575
0.9759847827122399
0.9556906048050828
0.9650693469717087
0.9553108045785796
0.9579485124472937
0.956531834909965
0.9772994640298219
0.9727138606998333
0.9558474593333118
0.9738989750746525
0.9665562979873299
0.9598748863206498
0.9672149424113561
0.9665971715585215
0.9622551852376188
0.9465371041370335
0.9551758147637214
0.9599789428377564
0.9603677455127284
0.9512461978885234
0.9619977464112255
0.9713692797449381
0.9382599332621262
0.9440611956946315
0.9611626834569402
0.9742457007427336
0.9737320067294737
0.975453758584698
0.9763894596272533
0.9743316984913042
0.976720853791845
0.9562428596054826
0.9692370457287869
0.9777300029277054
0.9727216349115231
0.9772809639631601
0.9753222949384446
0.9766175061487976
0.9771681336035853
0.9876159948178204
0.9816502777658405
0.9765994030259904
0.9399416484382648
0.9307281821791835
0.962742481708661
0.9410861692306067
0.9369844876845006
0.9392855897841625
0.9359244808893519
0.9673054372907524
0.9612578370179585
0.9440149649188766
0.9391910168178846
0.9688737861179416
0.9373026461678337
0.9720038278631769
0.9778329324591857
0.9658371570929318
0.9761264971850594
0.9977104654191258
0.9742200620466092
0.9784156102551792
0.9873117777799315
0.9751053034231395
0.9633997702706999
0.967362479162295
0.9742844679533277
0.9958403615767225
0.9708665727492303
0.96040464158975
0.9729313200876264
0.9979201874164487
0.9657261284034157
0.9800342287777315
0.9342231082969612
0.9263989793695913
0.9618086437350435
0.943681371434694
0.9798392592614925
0.9571547723422293
0.9268122301084449
0.9662119219959826
0.9780631639375544
0.970034925547588
0.9702920735991256
0.9714074643485598
0.9607061602814411
0.9701496152232553
0.9264444971715516
0.9962532514406041
0.9706345362963502
0.9976543113045064
0.974791750238247
0.9566995158756417
0.9792143913279256
0.9721188877145029
0.9736032160604781
0.9771537015564458
0.9705025526816133
0.9748117086343082
0.9801835485550592
0.9324168206132046
0.9348802970331669
0.9322838115448788
0.9278849760445871
0.9290894543960461
0.9108435307124736
0.9215849832563645
0.9078517882475146
0.899863416439497
0.9197853448807664
0.8883666648713049
0.9012166389447294
0.9095948808374169
0.907193979077265
0.9219131553707167
0.9066196687618393
0.879867932330735
0.9874709386809248
0.9544861112070377
0.9359041410760709
0.9802124271610484
0.9350825491247142
0.9360775621051339
0.9816733687609869
0.9702677766913976
0.938604222983195
0.9076172746516522
0.9071069659176358
0.9333562818836643
0.9542441234613032
0.9450231763611037
0.996814092998095
0.9326471539840959
0.9271831438264032
0.9119572423066732
0.8514255891375677
0.9329404172494205
0.8650794603956682
0.889261791293765
0.8901539694910052
0.8490106150402665
0.9043767246397756
0.8924010825782149
0.8802260917162551
0.9102068421677952
0.9538116408120207
0.9451880593836878
0.9544764061689801
0.9546015079455088
0.9649637526163777
0.9635048936702847
0.9728623386988384
0.9455711712583244
0.9562215708314729
0.970405358638831
0.9406885717239631
0.9385907345606694
0.9549818081928837
0.9385813393641
0.9773907730508371
0.9425079545083448
0.9742536089194267
0.9642505402357576
0.9718619968806742
0.9717613950819555
0.9685837718550488
0.9075342965651508
0.8567403758504951
0.8809484738944475
0.8555715140926622
0.8993661141346433
0.904585785861918
0.9211538340874561
0.8778406324349588
0.8883557874619883
0.9139377297426174
0.9214006947521147
0.851935015001024
0.876171493829462
0.9352715690720665
0.9020473318427669
0.9724943641424589
0.9130302668995514
0.8616932974859338
0.8984327011206548
0.900208073348124
0.9515114656688619
0.9445280814042065
0.9494453876678279
0.8938733680628632
0.9054253543537327
0.9207256400586641
0.9114441322048659
0.9360080632954065
0.9145700912639142
0.8829453106729841
0.778123225852142
0.7024285733398967
0.8344256999484563
0.7060909561134066
0.6840475904081745
0.8222075001686231
0.7672395122941414
0.7339592678967938
0.6600460293256006
0.6904446085070876
0.8138977340975637
0.6931868703407145
0.7877775078338878
0.7773872945005227
0.7055367787539175
0.9870993455307774
0.7463954822290254
0.9525822490703282
0.8410547278163036
0.6564740592214235
0.6523433699354393
0.7857524929060534
0.700273438238068
0.6443994437409022
0.6362230963872308
0.8297212961067064
0.9237848432365445
0.9744557049133322
0.6669879584275836
0.781571449361933
0.9377274467622925
0.6085186922975903
0.6642743268996743
0.6949689778525376
0.5879240403013544
0.6001491926765385
0.6215069847693897
0.6055208725494972
0.6030115405345098
0.5918603778288747
0.5771088822104207
0.6082917839038509
0.6013089087839479
0.6131823129769192
0.7581594818397996
0.8346743816993991
0.6819724373715716
0.7942822761171735
0.8114517404847175
0.7175678486788304
0.873851051440642
0.8351924719664394
0.8334397667377673
0.9805338251454644
0.7314190478044691
0.886462359435201
0.7586980198597499
0.7666026460836713
0.8066909377381684
0.7002668749620797
0.8983630835867538
0.7007646077938239
0.7206775181488637
0.8378918139092941
0.8366608034674207
0.7758298704367752
0.8049019342313256
0.8211682502383245
0.8236520903097657
0.7811634784306214
0.7260388446571764
0.6938411938884221
0.8129586397140298
0.7661580110779139
0.6861270522405698
0.9027603961254704
0.984204967012791
0.8371841710463538
0.9333387233223438
0.9875865460461064
0.9805201667519038
0.9345113548474904
0.9508323772141484
0.9851418791899349
0.9172746216956674
0.8865328593582036
0.9636806944033183
0.9459935764753102
0.8966358284619539
0.9693408192525423
0.9103133420946877
0.9396873856745124
0.9899392438563406
0.9552913299190693
0.8461816176674097
0.6884036725303984
0.8061961468576445
0.7841463766362496
0.8795251294716124
0.8543054117597655
0.8853650883101962
0.8657467185287387
0.8946531378711227
0.763599171020301
0.7864550458132913
0.8868966853922748
0.9169903866711169
0.9258113008683521
0.9508840006265461
0.9127632156630107
0.9584011671570112
0.9701033954558336
0.9249929549131573
0.9857893471847211
0.9648383568512799
0.9657628119293822
0.9342081867579729
0.916715609113065
0.9137312043360697
0.9776864957570639
0.9504301229939915
0.8802193829399099
0.945340856520396
0.9688009015479515
0.9479935894955813
0.9531978661768769
0.8961093293231227
0.7789642177220937
0.8629047859393244
0.8670385378965348
0.910737436035155
0.8000081749786124
0.8245409351555995
0.8506359745510694
0.8907717922780825
0.8572740099021168
0.8003598941793879
0.8126163102580228
0.7867671844075399
0.9434670117763896
0.9167172092815868
0.9199419373768649
0.8691939765000011
0.8062839619012152
0.8644301068114766
0.9144294749259265
0.9297547364965719
0.8789597211637541
0.9102037479087368
0.8799775532662302
0.8061956544020289
0.8281898398042522
0.8929150977207638
0.9233160883319883
0.9270436420980994
0.9021080807972895
0.9777504151121765
0.841770845786214
0.5535801726827599
0.8245268511548893
0.6019163203796135
0.8572690105280849
0.6267251603896198
0.7670139840680021
0.5533318002888343
0.7093247194380652
0.5900716251784811
0.7902156234928609
0.5872141243383567
0.6308076907063982
0.7447761052773034
0.8368810884606415
0.8748946975065128
0.6583004856392798
0.6601292809821007
0.8013402087688664
0.7310264236558826
0.6919471119263552
0.8685202096864194
0.672104505302425
0.7336312420063502
0.7605018236608031
0.9732284947216254
0.6812085348278574
0.6646716440881943
0.6886424805205762
0.7313311807169008
0.9796940542306334
0.6902503042394266
0.7337044387767607
0.7290112650349616
0.43421881654444944
0.673828706945437
0.4859289463340646
0.6394815202172826
0.4652971693950837
0.5446349363405636
0.5101931118259277
0.6257816180452556
0.5573490286867138
0.5059249514986691
0.7014246984247343
0.9768009531078173
0.755836000909272
0.9294366780315252
0.849705186924057
0.6933561194095765
0.5582680460333329
0.9710277073448453
0.8989759571169676
0.5892739582775213
0.7575709274740131
0.8036303109176901
0.8421993653681723
0.8510319997182791
0.7997654186857084
0.8069843507689372
0.9882487444014525
0.7799294365816921
0.6779820219232302
0.949063599685432
0.9664582770340145
0.6380726258286439
0.3766107431309993
0.36150873591921184
0.39779473135922766
0.508883574653419
0.36957744749488264
0.4287150407662336
0.2964870835261499
0.42598321441005615
0.4176842360686332
0.38311066857551246
0.5058136188145458
0.2962895832380582
0.6084107644084411
0.6465143475948614
0.5752865433383345
0.5337630991708024
0.6989859147349327
0.4072327294411471
0.39262929966679466
0.6136529592041255
0.46403844283511675
0.6422923941348652
0.5254984357236747
0.35044119714545613
0.3472392745595417
0.37126404230571797
0.4116797587595161
0.6529341970988198
0.9575996302388453
0.4391381019782844
0.3699502549437419
0.583389623947119
0.5268760344019153
0.29197634134107503
0.39053641543586676
0.3020675843095769
0.3434189022173779
0.3744412735277827
0.25551705639676947
0.40182217360834915
0.45174688808126945
0.3004240080825815
0.2506555312677592
0.41038717290664806
0.8092312606673138
0.8590937735089572
0.7875824931701705
0.7919215426905425
0.8428619753934058
0.7880021316469864
0.9522921183898654
0.811768383898436
0.9676980548284704
0.7397848026767264
0.5864116699647298
0.9006042955733854
0.8714745130224691
0.6297253740683015
0.8656569715386607
0.8423199298306493
0.8147245032657869
0.8988792128977154
0.8859414853643311
0.7106800464786656
0.8776808849464366
0.8415624460005866
0.7278911309269562
0.8369428373516916
0.8866933961134246
0.5866229100044535
0.8701523909489074
0.7931811875714495
0.6235643838459805
0.848816238942191
0.5540184153714061
0.8793696475435243
0.6643484897778144
0.7270088935118952
0.6919880434898795
0.9113440905828849
0.659834920583589
0.9728758300396776
0.7497344659224998
0.6656740315673924
0.7844957420854957
0.5604872067596159
0.5444356545988652
0.9139330177863325
0.7546474461967732
0.5778278707035895
0.577617996392028
0.6757356586641126
0.7215081922617602
0.8378176166567617
0.8566201181323867
0.913276971188971
0.5987025962541591
0.9025330438442634
0.8799097965256011
0.6224924538212596
0.4652546271331987
0.4474004061582637
0.4351299888632875
0.39351712351556706
0.49955266037115453
0.47013134653438127
0.4558195207534465
0.49724006312062285
0.48377577298381447
0.46176408124731894
0.5441213726270071
0.5381447504162458
0.6412309824304627
0.8804027591894198
0.5124289612269548
0.5527041490273024
0.6289227920571939
0.6668351625740733
0.7565079469069191
0.4999019513496145
0.6253854812646227
0.6999711493649784
0.556425587881861
0.5684785113012782
0.7762007573115444
0.6368326136007705
0.5587638475066367
0.8493587819636781
0.5394639189460132
0.716261375975439
0.8747707574125262
0.5472490458521243
0.5814291531413425
0.6846411406352357
0.6321872489660235
0.6863747599102301
0.6526608515547601
0.5563747377641586
0.519701344417951
0.5964195727062063
0.6623664670912721
0.5335363181197985
0.5344116032082885
0.6675895103834272
0.9877919285378999
0.6519887522400429
0.7147368199192358
0.7774292001739874
0.8892217310286044
0.6461577884590286
0.7242674457863709
0.8925421632759362
0.863003478827329
0.8658385209953968
0.7699239501584454
0.8283979645369814
0.7621865362668689
0.7090287157382857
0.6872082747171715
0.7389528280572532
0.6879328323473601
0.7675963997577017
0.6703426921111119
0.6689371114865512
0.9864310267676089
0.7087668567950383
0.9005064479430857
0.7757610077965968
0.7694486030157911
0.8072850502879536
0.7535735796669397
0.7641241003759023
0.8491605174793457
0.7286523958576347
0.7736850812190142
0.7870676722365533
0.7523736099161187
0.7543015082208323
0.7798920667785498
0.7753640382733022
0.9398853740672006
0.6772553134343885
0.7645698392436386
0.9072258571815119
0.6572904244501752
0.7926166869914285
0.7691757944197273
0.7011416692517598
0.7845535318239905
0.7756344191380169
0.8294370873550232
0.6912589129491804
0.6817751026145802
0.6610784792797616
0.8189722855210455
0.7743858687460105
0.7577540370563098
0.7549346948727742
0.7692128980087309
0.7430658384449425
0.7592927235672221
0.8554606338577632
0.8882204878474944
0.8714172241731238
0.7968108770509266
0.6837990297114676
0.6641449175406001
0.7119408370971786
0.7847496007133589
0.887676458720699
0.7938751721296484
0.8148981880697741
0.7692803656060871
0.7988390414449713
0.8279200145344622
0.7317717043369143
0.7618481878225165
0.76364083732437
0.7522089459738635
0.8173507787396009
0.7926030125184066
0.7593158286179256
0.7825408550068123
0.803969979466757
0.867605655755616
0.7785292381763587
0.7529574889817154
0.8730966600360138
0.8455440870122121
0.806513576629796
0.8247872036735082
0.7522079945898997
0.803096925724189
0.8276807874681428
0.7539623115866061
0.8546179709942854
0.6491238329787674
0.7548958722030895
0.75453957030397
0.8569105351887036
0.6773384448033852
0.7552005136811556
0.7905850594689439
0.8172343552533308
0.7778704704739493
0.8354970995484099
0.8345296366622335
0.8161892457044636
0.8462985408199041
0.844832008737882
0.8539711060870031
0.7601816661433953
0.8083427556888064
0.8828194071461786
0.8212308704386913
0.7299359869404916
0.8179620059980526
0.8262898390423643
0.8183201871887558
0.8742139202779761
0.8939794696649948
0.8316355097260041
0.7973138537902653
0.8031303415482338
0.8979012334757202
0.8003635351664438
0.8620841910044439
0.8977015673893294
0.8266441265746719
0.8328234921401103
0.7944653011611439
0.8552561689664309
0.7101463085060378
0.8238605163945889
0.7936679136270182
0.7191707520302295
0.7526597004296356
0.7824370248306975
0.8290283498452562
0.812090300183991
0.8194334193559784
0.6676548823392602
0.8651306042340807
0.8876503690095149
0.9224511183465212
0.8155362859422219
0.6976767126795173
0.7587777773560684
0.8975389155109146
0.8056678493087897
0.7938501585030336
0.8795943401242952
0.9271596474923978
0.8164924674633911
0.8049477503720461
0.7706981302752676
0.8435941476875495
0.8747043028125082
0.8489149675575012
0.9169093599364939
0.8467770509509239
0.8481105385437895
0.7978116263884372
0.7861908362493575
0.8727849353724086
0.8110248380432494
0.8400905029330615
0.8515528334293586
0.66350678788293
0.778069728440684
0.8297617995921712
0.76766250319804
0.8141847936482673
0.6671823897366628
0.8196154225549632
0.7926690594539726
0.9529141841139381
0.8060534134967079
0.8399396557205102
0.8577944601724982
0.9071224887405893
0.8291434804468637
0.6662238180467521
0.6975831896322062
0.7801782776054734
0.7874724996431055
0.8693988004064217
0.7840037418990565
0.8660731104960725
0.8712098371911405
0.7391070604634068
0.7329984786713322
0.7830068843981184
0.773140355567664
0.85758748868683
0.7755781923189613
0.8724073278880157
0.8342244258899603
0.8134722293484998
0.8162127619719899
0.8387321599460609
0.8771506491240729
0.9134258281931066
0.8892508904304628
0.8200283950218255
0.897924709871939
0.883291793504561
0.8160076312488149
0.8167157620606906
0.8418302109456827
0.8696391700832984
0.8681581034351521
0.7249480910459927
0.7917120552381853
0.8774388465626792
0.8614192944475509
0.8621184488899084
0.8986422813234407
0.8841540137993869
0.9077388430408448
0.7940799000268951
0.7890705346927449
0.8003291190540419
0.9208306849646497
0.9886912026829568
0.8407681220836224
0.7543123479878013
0.8665701437213094
0.8247897746386887
0.7296027375996922
0.8938437254812519
0.7193510158156997
0.9125042150443726
0.8003193499008211
0.8359356888949276
0.8449901357533409
0.7360035173947451
0.9548703254436646
0.8723401245930182
0.910693098921932
0.8498216198803641
0.8774786111368416
0.8735670221504406
0.8101724164232434
0.8067831520278184
0.8932417627948368
0.8414082295648139
0.8609431018531037
0.8406807762491454
0.8068579746789339
0.9278293899023914
0.8424377066104586
0.9146918758115004
0.8434512790057853
0.8359057344311598
0.8996545511614181
0.9245928903477674
0.9056242495245597
0.820536828116768
0.8159603792071957
0.8945988043255535
0.874254473009337
0.8646615920435323
0.807834939101761
0.9214749251034084
0.7729729723606464
0.8967192444479695
0.8779779081406214
0.7562073947572747
0.82440364637243
0.7534024666911416
0.8189893663521233
0.9560805864740232
0.8714496364062709
0.8138809181585414
0.7649520931360508
0.8046113597263586
0.7320745841772471
0.9253688940805138
0.8623634085109818
0.9195924090180736
0.862754684690162
0.8562310002893394
0.9184862381111332
0.8083387695999049
0.8994011976056321
0.8203299925715282
0.9037632510659631
0.881728784878651
0.8736469328515944
0.8348561931832209
0.8170761238668489
0.8224607665364183
0.8790337723488474
0.8245422469355819
0.8202836763432979
0.7509523142996348
0.8525909110682492
0.8339594760996741
0.852312793617613
0.848004410807601
0.8232271199289226
0.7545589655393061
0.8349193000213901
0.7697628873040732
0.7648764131756536
0.7344554794075332
0.7450102822285778
0.8019746916108346
0.7447538427286211
0.7801587882735436
0.762147019917945
0.8181873155815862
0.6864070230427435
0.6805456759918966
0.7852300349229799
0.7931698369936485
0.7364867216065737
0.7534521318659317
0.7434966637309918
0.7196988043710487
0.6878518114132621
0.7592926250410266
0.7451701605727115
0.7541482867317397
0.8094423647669997
0.818046780602216
0.8516668541739922
0.7878633881163044
0.7835256756528679
0.7992307557122698
0.8519496466646058
0.8233621132906306
0.8143846009027906
0.7790662040317241
0.8126161364336213
0.7781843994235605
0.8780332710595038
0.8363065258399311
0.8174824461634724
0.7566126021412322
0.7844573385858957
0.9521250417915491
0.8349216103525008
0.8629958833456759
0.878937242700585
0.7528569546168254
0.7995997046943559
0.8266057945116453
0.7526374079440257
0.8301918664221766
0.8045064177240782
0.8401417866604441
0.7787424150672302
0.850265997964539
0.8156323223700848
0.7888942042847426
0.8278052348268712
0.9462096228997325
0.7353616213694742
0.8027495003362657
0.8431448599243542
0.7563379947267228
0.7382483749075321
0.7465220089634618
0.8271277650283313
0.7069420664232141
0.8026589588319636
0.7177875709987758
0.8096158133061555
0.7885002681426114
0.8638745955775274
0.8438917008660138
0.9212982957899208
0.823409222847211
0.8435454599221281
0.8717211960989935
0.8307929482940939
0.9022565205591069
0.8275674362917069
0.9484335945489157
0.8095418407097672
0.8183227444280408
0.8889397381010908
0.9469319413181738
0.8740930472613861
0.8011811866436894
0.9037599042140618
0.824304094557549
0.7944602407027292
0.8743340869889573
0.8982718249304678
0.6791682275289673
0.6365537796629152
0.7515119614185406
0.6093934318215323
0.7130032871782495
0.7448310247262597
0.7422037829558438
0.6822503954735579
0.7137277925618728
0.800567334804843
0.6544047905575455
0.9148113525057446
0.9714402640845081
0.8596863065244187
0.7659415463473962
0.8840694857287484
0.9881775979989595
0.6670557955070004
0.9064943193792367
0.900724023495543
0.842505296856139
0.8731112353343862
0.9171349104842714
0.74810109422879
0.9469632553007559
0.8848605432751422
0.8330772942489412
0.8511269171670388
0.8140749088656045
0.8167265114773515
0.7727576649401242
0.9482916907409836
0.8039171655011287
0.7575935082063633
0.7165755959261275
0.6686625713244229
0.6580677331481468
0.6525904990077138
0.7250662895386998
0.6359042560686433
0.7813352514337355
0.6955876328942184
0.6175369084432103
0.6668243109279681
0.9274898535915385
0.9230473612367798
0.8718220114181721
0.8830713815474214
0.824338194342694
0.7478846141078033
0.7705188976861572
0.7837276527376339
0.9475366372246098
0.8550431268248264
0.9173036280395945
0.8596845335914473
0.7226694874277009
0.7318356395938805
0.9647672940258035
0.8161272578354474
0.7892587960207689
0.9165174864153895
0.8333086169135584
0.8595080511683925
0.7974047361154315
0.8996443884493655
0.645246715099654
0.6866939656562576
0.7273963354434141
0.734187578369492
0.7773666828060957
0.5938201123599844
0.5677366110817486
0.647277084506768
0.6726965790606169
0.580523954942963
0.7427054006581331
0.8801909689851446
0.9191763533518746
0.8597552622585838
0.817049406869848
0.7773778283965774
0.9099731274328102
0.7277992555281796
0.7353396071325263
0.8159527835345252
0.8500242336814436
0.8319922361306231
0.8278985417277034
0.6886913166424974
0.6879435100806814
0.6960148537783409
0.7905077007067947
0.8982747057744265
0.9021863638988263
