0.9998744376419595
0.9998181155956538
0.9993147345783622
0.9801799293770592
0.9996573964694567
0.9694860666511915
0.9892661277481318
0.9808832173210638
0.9932504101074723
0.9850172575172298
0.9748234620048913
0.9600383828479051
0.9749480024287892
0.9679653881224186
0.9958767753638273
0.9977501778554548
0.9654531929468371
0.9908596369768106
0.9947228595084425
0.9777211113288299
0.9558310958327689
0.9961053951753321
0.9738756405544222
0.9837655959458017
0.9690356050675025
0.9968328618459801
0.9889605462576647
0.9774492047373904
0.9897216846233026
0.999607519716601
0.9631442789427942
0.9984241468959738
0.9588932581749341
0.9992704903825211
0.9618996411276494
0.986001586234157
0.9845025144362485
0.9703825195273458
0.9763054415164635
0.9756526444876148
0.9727299250341346
0.9614286915321488
0.9579366720012804
0.9669122432679146
0.9756207589201134
0.9721648164633157
0.9602555605219
0.9760203949223434
0.9647250310779573
0.9703253732164823
0.9731569879381379
0.9826960124241033
0.9587803961171342
0.9892179505096715
0.9687670040915987
0.9655491549275623
0.9998982552709432
0.9743925100516366
0.9999346229203768
0.9959939865865926
0.9919252491918911
0.9986565246734878
0.9994192168023922
0.9798425052461599
0.9886090847749966
0.994470128565523
0.9987968569867167
0.9994580705099465
0.9900874084353148
0.9935796215908893
0.9893586535295773
0.993647038059297
0.9994812933629429
0.9962648745670991
0.9775757046886121
0.9961785126588236
0.9992842545453429
0.99545909060893
0.9977970822439153
0.9873086856637623
0.9959864445559766
0.9993237965316415
0.9955609694426125
0.9993867842025864
0.9865170675170692
0.9982904820496257
0.9999602139014808
0.9964343496221871
0.9999480445843293
0.9994288503241772
0.9971807079478026
0.9999484880450635
0.9995835838434468
0.9999699353274534
0.9999264477311554
0.9973975223488051
0.9874696658958892
0.9877760048554873
0.9864445785328027
0.9878706786245461
0.9907204034379733
0.9922484034215472
0.9754804087513362
0.9689083358457373
0.9794108574280299
0.9900528837187961
0.956551917423869
0.9750611046014434
0.9739810452894084
0.9809736455992659
0.9608642335444576
0.9769751083913656
0.9646633462578187
0.9554211309846851
0.9620490634201978
0.9895016403303352
0.9916307433638281
0.9744884112396828
0.9846720959983213
0.997642389300392
0.9868753083921276
0.9824792517889107
0.9822537610317029
0.9942355114707977
0.9674528311396732
0.9530225603521558
0.9600943681923158
0.9490376594007255
0.9766506748619403
0.9767260382777048
0.9745266433911963
0.9567210809803973
0.9635151373507852
0.9843951207879466
0.9722985774801323
0.973341386076804
0.9513957574032363
0.9660479619045524
0.9740832729614028
0.9708200162589646
0.9726658428478956
0.96774298503314
0.9564394193272943
0.95176565226158
0.9691107265646711
0.9585684034155519
0.973041369793185
0.9945115189789737
0.9925984851635278
0.9723939164920312
0.9921080299423969
0.973665856960602
0.9945956272392515
0.9659146517027075
0.9820266635800712
0.9771861138075197
0.9640946186015948
0.975693646598052
0.977608764917661
0.9763466761336959
0.9795892863063231
0.9725992694268125
0.9773127314379714
0.9606964265787674
0.9778339481049021
0.9549630677729799
0.9723162941385699
0.9747762045629724
0.9677528965407212
0.9767767043498635
0.9755053662433727
0.9721494689322031
0.9554929647856645
0.9728024632337549
0.9761397901582163
0.9814043478243386
0.9977899414112033
0.9937938980279242
0.9991677745494532
0.9970583501230932
0.9915750625208598
0.9994076117889857
0.9975305255454843
0.9997073437725437
0.995649379229671
0.973523564112946
0.9789643389686563
0.9636456908063271
0.9672753902801713
0.9755506010906716
0.9626884208229934
0.97567542598308
0.9680740199889288
0.9978588281648958
0.9852137848959032
0.9650541723102934
0.9670386532577591
0.9784361675314943
0.9683272973525432
0.9679287397324029
0.9729197853226019
0.9618000608365401
0.9751788731131366
0.9732526562590922
0.9726368920067971
0.9752155242993454
0.9797500694785171
0.9653506963488454
0.9967142588589429
0.9937567409478125
0.9887579573071658
0.9786260527035237
0.9783493460288778
0.9697783865325849
0.9930407480004559
0.9742961679425781
0.9912835648397418
0.9972707386211656
0.9347663038385258
0.9618266939630258
0.9815843548771447
0.9426182374184744
0.991519497295279
0.9653172759663
0.9215752440133
0.9782689274114069
0.9809858142459744
0.9739702263846295
0.9729475241376638
0.9872444428038649
0.9491313991619461
0.9768158663826276
0.9336695888022406
0.986880682423239
0.9741131191395178
0.9753439143609708
0.9756940805734813
0.9512345739788655
0.9607438494987861
0.9860778889335708
0.9997507008370043
0.9793982596119236
0.9927022500916389
0.9973351453043549
0.9657796354404826
0.9886318391247515
0.9475775273373832
0.9461231084324667
0.9543355441102505
0.9343520716497787
0.9792537509350804
0.9538152541612035
0.9910709920205043
0.914806146189835
0.9441620874833141
0.9061860664724075
0.9170143470031995
0.9857629372909071
0.9429976073980302
0.9465232389325274
0.9358952599164816
0.9127199163279585
0.9624165208771681
0.9355419924590033
0.943424780143588
0.9847606117097677
0.9925410124539464
0.9639667044545069
0.977773372866107
0.9996694341871044
0.9977623154077787
0.9810921393201811
0.982940227287841
0.9939482624220672
0.9785490783674008
0.9901435017991019
0.9860078798810734
0.9978859697664162
0.9937655711179361
0.9864481600359043
0.9621235020143049
0.9617465384830538
0.9657978899012424
0.9714638066095146
0.9668014468113478
0.9452773472631858
0.9698699215679316
0.9635506250624083
0.9655800531321939
0.9422161306179164
0.9622740037159838
0.9576466121265396
0.9706711672290889
0.9589668273268934
0.9570752683244907
0.9713354389899906
0.9662031822876836
0.9353398753494544
0.9558410940256556
0.9635960597512189
0.9877411074978413
0.952464080153686
0.9613288295871697
0.9718700223139867
0.9677202699529368
0.9994604591795992
0.9868131020384402
0.974573511852052
0.9923906695510123
0.9576029515004463
0.969615730605516
0.9050416330345239
0.875979418119045
0.8944421609800659
0.9290165246767615
0.9007304901331414
0.9062071936509769
0.9931835014997349
0.8805094534017592
0.8906036377079763
0.9989503837449261
0.9792242144002111
0.8561788039258564
0.9494369737233008
0.8946376435235421
0.9761061246474567
0.9357554163585851
0.8947239414932718
0.8990931856296477
0.861770461886501
0.9038099113860361
0.9987432880126217
0.9662540816285582
0.9848636025858324
0.9688963566408447
0.9874591845699853
0.9988731544452101
0.9989421926385401
0.9970475853370822
0.9800780982382675
0.9612066756070446
0.7630993603775267
0.7062985894590394
0.9436083897821697
0.7750968814236404
0.6755721844317446
0.8218912343258082
0.7969407461535303
0.7604819717113476
0.739387025347445
0.6937971513695478
0.8006859533327599
0.6678580006565187
0.8326914014774165
0.7729714049541339
0.6912839643563287
0.8657785425624189
0.7107915103094059
0.9390045299326552
0.8061856554590466
0.6690965662951096
0.8560160427775529
0.912605503981246
0.8329987290726508
0.9690425838479764
0.9813788878906315
0.9314545175983964
0.9564502683380083
0.8206986218294412
0.9987932297624434
0.8605636573461334
0.9547756238145251
0.865153271683317
0.7597472246311661
0.8881112965487181
0.8058790193609903
0.6850694513241083
0.7844680848979632
0.6989124117759122
0.7212652103173195
0.8324712087812698
0.8806163853074458
0.787264589447894
0.8041857344210562
0.8220099702708974
0.8440915711554455
0.7805304063154803
0.7002041182200185
0.6790754173291269
0.8125813800378865
0.7476743184482096
0.7286353163193233
0.9991330703626302
0.9456410087308322
0.9972234165474849
0.9979177283363421
0.8863481585570835
0.9763590701179602
0.966768325521677
0.9868323579370704
0.8434822248762683
0.902778701537934
0.96852744653428
0.982437753390389
0.9483314754075859
0.9337972642476101
0.9727700148478453
0.9074808872319178
0.9383702471572946
0.977241383767965
0.9578480890932447
0.8383169202219835
0.8999322912163057
0.9172825398049096
0.8380702212929577
0.9230790881211194
0.8798690659129288
0.9357890721185633
0.9675518896782092
0.9489489185382181
0.843971599999009
0.8422645598244909
0.9401203601828436
0.9419025699515059
0.9991807498198093
0.9989255670097283
0.9720983384011954
0.9855989574286469
0.9992027672347876
0.9880956375387344
0.978573252147051
0.9818037484275397
0.9961089488391244
0.9996764961070927
0.9979208237656114
0.9832668187546494
0.8636290556562765
0.9048348644634314
0.9584167331942453
0.9335178879621762
0.9742947038159964
0.9459483979323182
0.913737559573599
0.9675075223137185
0.9313863259274611
0.9492160564370993
0.955113993545594
0.9920054829930207
0.9286521324972844
0.9854300009644119
0.9178752588773174
0.9541133459032654
0.9660368914581833
0.9179991502121976
0.9876584750659315
0.9530244585005032
0.9014856194430164
0.9903301195905794
0.9689822829542912
0.9640156853452956
0.998516806779756
0.9985673293729682
0.9753579006177981
0.9861834777202827
0.9533355226654343
0.981568292423459
0.9986519055556617
0.9015353500866155
0.8420821061144435
0.9043525631060509
0.9055446812391865
0.9317268704385926
0.8187120518917868
0.8811245314623304
0.8901937219470588
0.9299126131281956
0.9051997701172512
0.8621367761208074
0.8954086135316454
0.8981575317566707
0.9056958485911855
0.8748324495868842
0.9319100617380733
0.8507094327815378
0.8124392556177307
0.8610615328832223
0.879308011464681
0.9966006804690406
0.9284984017855913
0.9820274208594454
0.9590668711034707
0.8878411031137721
0.8496556257222261
0.8914450450187132
0.9956120972718375
0.9932624624996284
0.9715480316607339
0.909915968896365
0.9849072257111183
0.766381693288589
0.8873061803574189
0.6733585521002131
0.8693731486987506
0.675553087795835
0.9730492014621592
0.6681094230114358
0.7038665529861197
0.7111197890761608
0.9188686923094329
0.711945127464688
0.7439508073918306
0.883379445454513
0.7576413707951651
0.875730670945859
0.6714131343851582
0.67321958877657
0.6876765751302285
0.6536136083853226
0.713676556558977
0.8403648040669054
0.8362888446944386
0.9954591702828763
0.8584602486051638
0.8409771060034099
0.8715801063226423
0.9857880001105945
0.9872052543234535
0.9801349900388173
0.9979815952467208
0.9923694812208426
0.991089374887289
0.9648067215174777
0.5957889678009294
0.8531235954543896
0.6663368469860664
0.8028887399968239
0.7083932604222853
0.8810001600358102
0.8200700806308243
0.814791317265932
0.9026919458525984
0.5646869638279239
0.9894077832937375
0.8069270870712066
0.8999613875143584
0.9527478102569746
0.9866208096032674
0.6282185864890424
0.5497230307195905
0.9126202843136786
0.8631177374167145
0.6296258249721691
0.7943301259020492
0.941835264726216
0.8427180307213524
0.9098896311866849
0.9828536450688274
0.9485351766196131
0.8956353103771381
0.8714113540815025
0.9161784870639907
0.7244354119068515
0.9967281978465338
0.8615297130468166
0.46939642858436936
0.4877592430072193
0.4282942317270759
0.7497769901512751
0.7886030560210386
0.46581733394635727
0.4033006025973251
0.7902744713162662
0.34095959818436494
0.6344082664433388
0.7450696933054837
0.3599583557332071
0.4154885889177099
0.6478276497439419
0.31194063248777015
0.5492901228606567
0.7370911779099707
0.3744302348378741
0.3217242642533191
0.8256510215011699
0.9892077828741399
0.9553490823537558
0.9317574462680767
0.8839679964362862
0.884942050472971
0.8494098727483552
0.9390393857394074
0.9173198000699064
0.7294371907201521
0.9398542793185182
0.6692076955010589
0.9908566035401664
0.9144366146756544
0.6041554918079336
0.9099036280254127
0.8616323385351095
0.7869716751240343
0.8943536030717948
0.908056343762951
0.7044266724658734
0.821632524417196
0.8979466859093848
0.7033791625711958
0.8890736002604793
0.8983503220459572
0.933942231146466
0.8006692467715757
0.8244314797636514
0.712889114549843
0.8007832037399405
0.9709663309794465
0.8936400237256548
0.7947985051651836
0.9674453793888549
0.9215489384813931
0.9725292307883827
0.9934502660132853
0.9117775062002706
0.9909069642326344
0.9862933208798991
0.944469876386955
0.9991968694534814
0.9809549568218718
0.9338185837367514
0.94627267904447
0.935532425321612
0.7823821755407314
0.8269186162913076
0.9171907833142001
0.5842859071242255
0.8726980765883192
0.8323313711787421
0.6352331632564769
0.8419437409849886
0.5529671775790304
0.9720120442684853
0.5754894171064193
0.7043863905079788
0.5838259546285015
0.8779105946058449
0.7483290989939269
0.8724158813162973
0.7314111859543935
0.745671045434269
0.8492573624917911
0.5474286543661713
0.7714184190070006
0.9503563240540376
0.9286761744760101
0.9700910760055192
0.7402764025857097
0.9800469115512371
0.9826983814022108
0.9966119994500074
0.7029946128528994
0.9485528679922735
0.9989210712992371
0.8338446068632799
0.7462262810276924
0.6797141046427734
0.5616576736844349
0.5060956829495991
0.556872210113023
0.554201021335534
0.5370348623264043
0.7868758118201336
0.7282005547264854
0.49796501592316034
0.5510645562041743
0.7946181955304601
0.6662295967205243
0.6455250432868455
0.8139629446893525
0.6263814509133679
0.5113909062888491
0.5236941033548406
0.6704454536502098
0.6193392633612482
0.49653624831306953
0.7212487294928674
0.9913658623941028
0.9138636217160525
0.8588918443723094
0.7722505173770322
0.8256531496548507
0.8794111709370289
0.8499868142673486
0.8045696808307066
0.9844522394416777
0.9665818495072973
0.8633181778551462
0.9782592157962156
0.8782693092880971
0.7256228342297499
0.7860002221628156
0.7422097233862943
0.67714273444844
0.7366658016556638
0.8152235499598839
0.6901333348909537
0.89384746223518
0.7255915115449743
0.8523486636428497
0.7036869973796737
0.7302858814910579
0.7674887115415107
0.652291187689639
0.7554143018394789
0.7663476097207149
0.7497063669450885
0.668223636173845
0.726861836180045
0.776602696774781
0.9942256425646837
0.8858476824940862
0.7705008378031106
0.9038436449645854
0.9942839040244207
0.9069076910427405
0.985724644952867
0.8699432437431938
0.9854622005485296
0.8667769776477326
0.8151619103361571
0.9952789382972898
0.9523592101579192
0.9484941376837145
0.7640319349040794
0.7546769108630886
0.7372672995748644
0.6847488767000384
0.7310385243178117
0.7848566532423356
0.7613989094063829
0.6471191431150272
0.7772957303838814
0.7844592545269327
0.7025382021683464
0.7592912354879964
0.7784895049324427
0.8982471131855758
0.6560533814531574
0.7910839778160059
0.9657158017729206
0.69607699598214
0.7519379305904231
0.7813246393527031
0.88695482467841
0.9450974042256493
0.9882254618812184
0.7166994284904136
0.9852452859944496
0.9282336997374274
0.7727769256261529
0.8673593469343628
0.749825188913968
0.9292008389179016
0.7320226352842776
0.993601583475074
0.8240081688319087
0.8735976160800569
0.7079861204689528
0.802348093216461
0.8214482732722559
0.79279604556611
0.8038906812444946
0.8472528742746079
0.8357994691100632
0.8111140887011221
0.7770284012015612
0.8215350831886277
0.9779205955944201
0.7059558399190766
0.7891957152438138
0.7753811514668361
0.8762265344610822
0.8880042023030514
0.7717334420457326
0.7512870999372787
0.7073750977168449
0.8226233183197824
0.913767743738563
0.9834629592231761
0.9875762494315312
0.9940352997653543
0.764650511862396
0.9057758246008216
0.8079938211464419
0.757260460060297
0.9583798864905008
0.8419176841989806
0.7510854108027385
0.8218386643601245
0.8372128200841413
0.8726549685433256
0.8083781989644312
0.9008083664596646
0.9011843364418469
0.9061748676005701
0.7916748702025705
0.7425886649137574
0.777708762139393
0.8807893530345751
0.9187995070548459
0.7993232065750504
0.8590544158863904
0.7972930605013342
0.8173599990448758
0.8780590498443837
0.8543970674934337
0.8465891834388367
0.8811752917244519
0.8321678210092796
0.8578228326599195
0.9877063833258917
0.8970412236220786
0.8662466605154848
0.8456434823550671
0.8301845497562248
0.947541610612917
0.8898307657814033
0.9519729327500055
0.8259995500759952
0.8367450500272036
0.8103959874877242
0.9816313334447966
0.8457559211723191
0.7937992251476443
0.8944457697840945
0.8354180289880266
0.9299778840523715
0.8347566492494609
0.6854445431994063
0.8537469839950192
0.8417452006320798
0.7831537441493619
0.8257604115702832
0.7701980463786625
0.7939369691569897
0.9078374376341805
0.7869273228141846
0.7539351134341193
0.9195945139478092
0.9258704723094755
0.9117543339007468
0.8706229990946398
0.7875859960151494
0.8691954733754783
0.9877785495874445
0.9587562836946524
0.8214136796171724
0.8625134195391422
0.8296436016936997
0.8239281712761755
0.8956829497350622
0.9399896861675439
0.9090919684677461
0.9669689249332319
0.9690426799736557
0.9243459994872765
0.7337615491939462
0.847571977455854
0.8449705350756095
0.7983994337778394
0.8559526137611468
0.8788742375828587
0.8640602380117873
0.8449464590125352
0.7489773898948171
0.7564803086360488
0.801214125973229
0.9237909852434081
0.8589751006705586
0.7273559569037432
0.8466683885900472
0.7505935884386807
0.82315349972722
0.6544448297274796
0.8753287480825491
0.7935891278919994
0.9985461155901885
0.8316765533953688
0.7281323351455029
0.9507915051349851
0.9332204507365917
0.9040104733046489
0.8354056081241381
0.9165948472244911
0.7343464264110247
0.8098053750716607
0.7818568294076047
0.7909106242648842
0.8167598933793151
0.8943311834869062
0.864979247967887
0.9739948642421955
0.7769763815174142
0.8323230985958547
0.8043709305587652
0.9126386084813555
0.8249216299697024
0.8874527385035645
0.7460782639351713
0.7932880999562755
0.88209944861862
0.8312894808592693
0.9112338016537944
0.8805351687181979
0.9512568844440188
0.8462251319189664
0.808827758698274
0.8864897039893094
0.7596794322846603
0.9092513039178731
0.8631584847562378
0.9242938377478764
0.8993223378784001
0.9784067071624462
0.9335290419843513
0.8367848336125727
0.8363197246639388
0.923508352492198
0.902710765963927
0.8858978945332203
0.8184946542451289
0.9977067923785774
0.9963519402354453
0.8514695377466519
0.925501363535536
0.9317027001400091
0.8706688202841724
0.8666775403345928
0.9230699752612639
0.8455723795082415
0.8372209132172204
0.8396568667909471
0.9071827459573165
0.9645778525738553
0.8826094574648771
0.8693737950715426
0.8499260826270154
0.9175965921656682
0.8871585601850296
0.7907566236981232
0.9229617801060827
0.8784440855213927
0.847335030268919
0.974848584269259
0.9285219093526974
0.8988634538115381
0.9750022102738297
0.9489169320471074
0.9690443387589818
0.9111783680534138
0.8926440750407519
0.8299093733487078
0.9661923101745913
0.8471989624454452
0.9677533128001204
0.8767151043252185
0.8482402492737375
0.9654331051290581
0.784846534528147
0.7590385191826243
0.9226736074326394
0.8162584969563745
0.8594495648729588
0.8762341965959767
0.7666869749457497
0.7706166793566178
0.7680475813448598
0.8761370591282616
0.933263010553699
0.7799890537358537
0.7758741687473907
0.7820255695093277
0.7950832963410026
0.7664558161286207
0.9074594605685915
0.8080480787990535
0.9937255434057309
0.7910362909647344
0.9552970781296319
0.8487478117149231
0.8077729465955409
0.9421805221504594
0.9805350049019765
0.9932522655908778
0.897628615336193
0.8702239063959787
0.99897398782092
0.9990637896174441
0.9050635543159755
0.730505245282726
0.737841679154946
0.6508757647544565
0.9023653933482219
0.9319784257847441
0.7483235538345736
0.7365855513562233
0.7261742972252443
0.754505242180262
0.7963599114068283
0.7842512512250215
0.7670501076268752
0.8110362844774508
0.7523355245904387
0.7390653579761579
0.7494470260110815
0.7693194129525047
0.6815723432043997
0.764208996217381
0.7697110405209724
0.9927079264144485
0.9348676143288883
0.8833858739905397
0.7303991671390333
0.7726165553501474
0.8219988843456115
0.7976259847382026
0.9733138289865482
0.9662843190102242
0.9732081507984047
0.795595481703689
0.9964658172212262
0.8731329245958724
0.850554361051934
0.8071009235626052
0.8246722769542958
0.8346746124820277
0.8688383297599542
0.81459706438197
0.7990915860083461
0.8578786275004853
0.8304888601930038
0.783897873220465
0.8451165098509841
0.9520276929741518
0.7839702105376459
0.781878094054325
0.8468911161205196
0.8622129745323703
0.7528079238863645
0.8338935553415413
0.7856903672954545
0.84090302626552
0.99864059691605
0.8937222969252043
0.8516663634003139
0.8645947853424785
0.8570078310581393
0.9736913750683783
0.8797029769444525
0.9468031314350929
0.9506215843895779
0.9828768448973919
0.989874382134708
0.874449423726853
0.950793969211668
0.8932668099842564
0.8960651791359016
0.903710443741438
0.8275419124731053
0.9309386164916054
0.7991640707087462
0.8482683129735237
0.8297833427711213
0.8633174277832789
0.7545186345995389
0.8551704918917363
0.8422631637638717
0.9051725031096017
0.8811996381179876
0.8373940100993491
0.8543677232959876
0.8598544158908106
0.9101107462140188
0.8595542162530745
0.8564724303469167
0.9561889717821803
0.974071912242281
0.960274995584578
0.9649238552548203
0.9972812090887412
0.8413955079145263
0.9381731217533412
0.9971692872686402
0.9523518317478745
0.9825945789940175
0.9589198644772821
0.8862157292624384
0.9979660730584194
0.8846737843013374
0.779686769023379
0.9480546344465736
0.7905823268069685
0.797246379027172
0.8063542314784491
0.7461487852717508
0.8502642844451493
0.7962619061176981
0.9578176892583297
0.8301583475555857
0.9235405912311472
0.8345887186347065
0.908478548393732
0.8058132009498113
0.8322862057235001
0.9630572523243874
0.8708049907090907
0.738132509768147
0.8054462927795676
0.920544222306396
0.9347707695080134
0.963335476655486
0.9103712112883101
0.8806731718593754
0.9789621111135245
0.9201987048986766
0.9755013200955704
0.9815352240204012
0.9963346414822376
0.8470169554287125
0.9840371904758698
0.942978228376744
0.8422060997688015
0.8382862265870532
0.7768400260965374
0.8603980379757832
0.8050836486721964
0.8643930360903025
0.8305770956562466
0.9284072975141943
0.7865038492400377
0.7957718055395131
0.9027288775994367
0.8441044796181965
0.877824558137932
0.9388191655387155
0.8720745793463929
0.8082363094422697
0.7388613681220676
0.7399573075446196
0.7422195373517153
0.942113396836624
0.9908395767470671
0.9595489620527224
0.937374085757892
0.9203850424284455
0.9928121504599926
0.9476099535243185
0.9872141353969539
0.9825307507598136
0.9365193532815165
0.9621699292583177
0.9996048577785348
0.8982301793350869
0.9679570876640179
0.7370721875347723
0.8334492185785829
0.9584354645860038
0.8962379524369535
0.9772431750687601
0.7695445464848418
0.6147622016177117
0.7619706561315092
0.7852036907462646
0.6393247115507799
0.8898764070442589
0.9285438196688769
0.838546378403074
0.8366868588774653
0.8644966823967543
0.7106732514866434
0.9227787596803572
0.7067490260369829
0.8110687129540528
0.743020732090765
0.9665571206251897
0.9969760159336013
0.9149407588211311
0.9488892652991547
0.8080685848965119
0.9834075348845398
0.9289733280091258
0.9584140557846854
0.971407568677849
