0.9732780577134212
0.9995818024486325
0.979882307766476
0.9935416995477866
0.9913382763720531
0.9903904298530375
0.9996572865208156
0.9846717377290191
0.9785428488864033
0.9827246088752836
0.972420939052488
0.9990916903479018
0.9800793510397265
0.9841903835080343
0.9890565025106796
0.9883710696354373
0.9908283699175703
0.9616407150331301
0.9656587380847007
0.9761932079945674
0.9995738657019874
0.9585791178156383
0.9881042406099884
0.9850607479871548
0.9909491437829867
0.9885835248183893
0.9700224914239514
0.9723676320161977
0.9708165802379471
0.9877707948501961
0.9549633023921922
0.9571379469632082
0.9554828143407933
0.9999279057098489
0.9570676532864737
0.9957649318723781
0.9665746935584862
0.9988219172137596
0.9881492046039015
0.9910805957062798
0.9968378556634049
0.9618895600967181
0.99786421213267
0.999528145656599
0.9977401252442664
0.9966433142517366
0.9606756285057187
0.9746140171050064
0.9618704714756827
0.9656824633811932
0.9848983052339599
0.9801774444087364
0.9566438826674298
0.9689944806512742
0.9704547300791394
0.9649880982210837
0.9997608559372159
0.9758030179577193
0.9955684005468909
0.9961672409223726
0.9963289028950129
0.9985440755168893
0.9995738441400481
0.9798915042746781
0.9992019261912779
0.9996891637289026
0.9999068548706573
0.9995214735935751
0.99575201680336
0.9890494809911459
0.997194400992089
0.9999769458396023
0.9999004423880105
0.999945917146719
0.9847195537489069
0.9958618548582632
0.9982949100621977
0.9999784549418682
0.9959845800183926
0.9789804788839684
0.9951436815233107
0.9932712759862564
0.9997273294451701
0.996523657092014
0.9940097625226999
0.9999310863315687
0.9996754748692065
0.9954818794069267
0.9995704352794058
0.9953941783342216
0.9998778031100073
0.9958413407257394
0.9970964576981388
0.9986207882471752
0.9972651056328613
0.998512946911673
0.9997559236103146
0.9998682436886305
0.9997148678860643
0.9928012548496803
0.997892599556252
0.996236118538846
0.998626701732918
0.9987647401248565
0.9966037420624365
0.9929721737890543
0.9895207368420398
0.9866900259975064
0.9890922774851213
0.9985209317449573
0.9842610020489824
0.9983732680844032
0.9705346177641039
0.9743853245992741
0.9716336210031737
0.9994990392801474
0.9698526636012832
0.9920021757559718
0.9920046070547579
0.9866213375770195
0.9815616997252429
0.9819143872579095
0.9939381411597944
0.9647285351038193
0.9819542077610364
0.9926620647826959
0.9710396089886848
0.9781447863507616
0.9903808564769907
0.9933232606702012
0.9942721461112547
0.9969065746655428
0.9772976374962994
0.9612901859117836
0.9934547654992125
0.9715761939893022
0.9708827414816323
0.9747679346543163
0.9751362234876642
0.9775352525520249
0.9609889808465182
0.949676800693143
0.9568529843515552
0.9538260458023218
0.9728100152331373
0.9997337424377064
0.9615089973750776
0.9687609862101036
0.9975363496318169
0.9933640873075127
0.966599003140175
0.9788175985853096
0.999759649783182
0.9982217524376977
0.9973670335578727
0.9606826150478355
0.9923491093346604
0.9780516061555012
0.9871727184990768
0.9632963344408079
0.9718327600127911
0.9983908962974526
0.9954435870110014
0.9610822100827834
0.975326105806635
0.9746284278752848
0.9700295708045847
0.9736340901380225
0.9764607036563497
0.9750522016832907
0.9704302386572836
0.9722624802042368
0.9762478632807641
0.9921135717818718
0.972726669716882
0.9792624050170443
0.9769711921185307
0.9999081535663326
0.9752118255178222
0.9992849292002084
0.9928240245764657
0.9997709230098211
0.9767453677674405
0.9765617675900735
0.9946387299209266
0.9990675689780739
0.9828260457399275
0.9947262980887264
0.97337925298471
0.998993602539031
0.999729488887853
0.9998437494089254
0.9716113080734944
0.9750009115779044
0.9858594384637204
0.9743778635487961
0.9778839227820946
0.9592315959177891
0.981427600632069
0.9736299637031529
0.9632575862299249
0.975443593225265
0.9622512181128877
0.9728545100346366
0.9725847074158316
0.9645865180982989
0.9814403007612615
0.9820313526682037
0.9837966624898762
0.9971041594822535
0.9868892981431365
0.9868767998402546
0.986263764854747
0.9998566752327065
0.9998202368485787
0.9837971968203584
0.9853458843832446
0.9897766604425702
0.9878946765573078
0.998707588969633
0.9996655542127353
0.9773477674731389
0.980263438783404
0.9684088499228782
0.9941950654515741
0.9789451098906505
0.9978334855889583
0.9834585921500097
0.9279936343744878
0.9570038734849116
0.9800182316551311
0.9514593564671229
0.9807147189442625
0.958309966764239
0.9165737017273418
0.9683953690069513
0.9802243224272391
0.9761775749888331
0.9583702579155989
0.9764205134068665
0.9768061327770596
0.9829391969865349
0.9564274600851035
0.9789589552260172
0.9533451723501529
0.9844660037013484
0.9954405217977726
0.9712085497258114
0.9981572924723415
0.9924049393028755
0.9736253111103677
0.9996329942690712
0.9795345935662336
0.987181518172279
0.9977717202068512
0.9581873466976987
0.9434511346407475
0.9925813033868331
0.956781265375819
0.9461832136748057
0.9341828814111858
0.9496458295680514
0.9656910172741087
0.9436111206836382
0.9570069230216297
0.9630431203185743
0.9848993463700892
0.9983498315022059
0.9936230856736298
0.9998714658495151
0.9998934016151153
0.9760547494225615
0.999223797219568
0.9984998519628107
0.9959225462318164
0.9888909929528524
0.9954005672438213
0.9696626788881946
0.9895695830594833
0.9998818901300812
0.998355013291102
0.998286251817858
0.9853165840949925
0.9885852296218651
0.9872975501941283
0.9998677310808037
0.9932394840322993
0.9750007624745125
0.9990576872890109
0.9872889035204019
0.9572400024814203
0.960196254854767
0.9634468969151103
0.9713003563454746
0.987447265416707
0.9462942402042223
0.952125279531041
0.961315255751193
0.9671887138635265
0.9550165118481855
0.9527933521817422
0.9865014367397306
0.9864464225803442
0.9756078868465783
0.9524214459075165
0.9321485203322047
0.9662097428145663
0.9756849396087597
0.9540698521472348
0.9385467492734889
0.9207439171325243
0.9431677443393706
0.978279692563157
0.9368285990571978
0.9843887979717328
0.9363749343866236
0.9673397087341297
0.9343565663514599
0.9678748958696426
0.9700600450525618
0.966418093846407
0.9694158215045288
0.8591391117923597
0.9696191835403982
0.8923189026183503
0.9746489926128705
0.9151496682481588
0.9122417846657727
0.9136155953600726
0.8997182710855016
0.9581950532022484
0.9932029399849839
0.9995336603773344
0.9809637420364391
0.9995623071772025
0.9996720533291464
0.9873976342957705
0.9721030665444046
0.9877060627131737
0.9374862054024558
0.9108348967057776
0.9969142669590848
0.9596535910519001
0.9996542382110662
0.9748499383031658
0.9904198596381575
0.9911483935850238
0.9700131349710943
0.9964904768625127
0.8815858593355973
0.9786939172712465
0.7738430064383299
0.6676456892270675
0.9373106335105523
0.734872143254296
0.660488401929492
0.82783968080456
0.7414696721420284
0.7436220001083809
0.6543230926456167
0.6700600945953088
0.9940974422143167
0.9882956139952148
0.9464647579488628
0.9902020053001596
0.9932795091650599
0.9876790482921756
0.9905390003449519
0.8631629747023504
0.8555111308735607
0.9990756598144936
0.8269135296916088
0.9405719407750848
0.9481356767092284
0.9338763426128559
0.9647038380879454
0.8781201188138733
0.9182146138144458
0.9925789161177117
0.8666988561224628
0.8539977605579677
0.7250179714926493
0.7868187179795644
0.8052155745050885
0.9718991967685459
0.8474960789063926
0.7798023622989513
0.7104138848482542
0.6782383237079237
0.8108860224730403
0.7530970124519809
0.6505745527782462
0.9979846521995848
0.9995740388830526
0.8458704156198674
0.9992359364962332
0.9892972479706915
0.9407492649812665
0.999568999869102
0.9835100845782809
0.9905969994918716
0.8914926032466006
0.9954464415066877
0.9418792885812116
0.858245379363065
0.9994303284106876
0.9029651040718546
0.9816039820809153
0.9712529635900643
0.9549369371699057
0.8504295553451391
0.9955613607791653
0.9472658150304142
0.975846491048959
0.8522747117939604
0.9386593033232643
0.8824882468730015
0.9259517444778091
0.9723820490740163
0.9298670268546783
0.8322765329158638
0.8386822850193021
0.9407857744611497
0.9468307195301309
0.9871712097180592
0.9760733079841841
0.9911647003600241
0.9951644538453265
0.9977021556127443
0.9808209570000388
0.980396684169988
0.9755166726615596
0.9987707036675872
0.98924569041086
0.9899700937665474
0.9806381513346855
0.9851540065509543
0.9765458429133616
0.9953448007302956
0.9666392352833102
0.999234623616511
0.9977656686766672
0.992239339852371
0.9874069592106858
0.9870051746423596
0.9996198205739923
0.8731801052848299
0.9269476868873541
0.9549411439363114
0.9645776061112954
0.9718177491747799
0.9534653315827565
0.905945821232399
0.9571630957207884
0.9457783654358463
0.9524687415479951
0.9349995806730111
0.9362889995004663
0.9839125037115604
0.9723556160183702
0.9434498895133213
0.9918546428820727
0.9329662894274215
0.9674529749814518
0.9544055560049749
0.9920313839754791
0.9785080015716809
0.9571274991832703
0.9905638662555456
0.9299098574860504
0.9471509514719368
0.9962545935833818
0.8941419066046428
0.9441668438389048
0.9995842235286354
0.9882518986158323
0.9844562450572492
0.9413081125476004
0.8723557013917305
0.969136949940679
0.866040688344034
0.9227560267079589
0.86734366781991
0.8375899650747773
0.8891386470064584
0.928176512464704
0.9120807850551714
0.9033251206632911
0.971684137034958
0.9029676195633256
0.9307350837048489
0.9312137694151559
0.8961198867627442
0.9733566367472655
0.9017307135665327
0.9208257435673854
0.9640537128384765
0.9049066105976893
0.9738908715625473
0.8918182805173376
0.9272387147116787
0.9086182781809048
0.9090345126217321
0.9108592707180005
0.8987776653809241
0.9220277319516663
0.9200499518491501
0.9950619779316523
0.9974315781136538
0.6767520276660549
0.909595579241645
0.8172111946344556
0.8391720535998755
0.690329778330224
0.851004492413681
0.6797780335740914
0.713427028690459
0.6981037114464981
0.9338065833802162
0.9531863124688766
0.8731385697274376
0.9364009763409313
0.8596697417576623
0.8465947022419585
0.8629495977207953
0.9973015885076477
0.9946749705841216
0.9543670562158504
0.847199902868505
0.8732025729255684
0.9678093752085678
0.9488665529826585
0.9931811283356842
0.9981774093775597
0.9902674077939502
0.9934074554401711
0.9925719136433622
0.9702734797650691
0.8586108107903732
0.8610144006220037
0.9606416510975491
0.9900798993026119
0.6321320759075542
0.845362875435169
0.621367044796747
0.842267875987653
0.7395433718272864
0.8159058965356165
0.709910415300117
0.882793863584928
0.8165151643991425
0.5538713543174542
0.6898819638023793
0.9893737878328094
0.8067443104588015
0.8688821866201333
0.8015853880287077
0.8999589296523067
0.8434319578823115
0.9929669265442771
0.9834164346473155
0.9755087539288774
0.9525517084472772
0.9548530206204737
0.9940560976863493
0.9736610614370151
0.8750262003254856
0.7722612594671936
0.6529386513255239
0.847252736545528
0.866012017045546
0.8003609119615979
0.9646385284046982
0.9636709757046651
0.5008486612791079
0.47180785592917884
0.5694996593228783
0.4999004722020981
0.4325132743998641
0.6487378718641523
0.5503386104487223
0.5507337481192192
0.3022583428140917
0.733181372739055
0.7809978253793889
0.9519963587268497
0.9247491073042938
0.8841774009324979
0.9302614371042216
0.9471590952906104
0.8804787361525988
0.8858065547934078
0.990230458423792
0.972615947397235
0.741454865445826
0.9993167945798793
0.8186027813074462
0.7055744541610675
0.9809506830965062
0.9091351737767293
0.9528987764556238
0.9795654530473082
0.7575945007817253
0.8754193020998416
0.9504483118049696
0.993955475907542
0.9470181469616181
0.8904794857095936
0.9288040053230745
0.9238193428208483
0.8170170394941151
0.901968358897353
0.7036410301037757
0.8549101418974931
0.881747281758859
0.8778865545452466
0.7945695424218537
0.9433179104766359
0.9235205130518832
0.9843585744509425
0.9738580785418642
0.9081072415516944
0.9949663942272634
0.9635638251940373
0.9330257276367923
0.9218216901802105
0.9774626412746659
0.988657677020463
0.9651109213667695
0.9968202141751928
0.9540910594690825
0.9716012725749341
0.9776398838542278
0.9902786114384203
0.9364257971622704
0.9240564936977802
0.9439716731079871
0.911336614131313
0.937671845006208
0.9265246301577328
0.7702378041960705
0.8096526806615494
0.8691027978085533
0.5801973657251542
0.931192825805088
0.7410673602497353
0.6001871221489303
0.9649733928518957
0.5732557561883396
0.8715865721847194
0.8844224346590304
0.9499083186439787
0.7640764518338814
0.6932388878968168
0.8690884816349341
0.9091469673543917
0.9443923565740995
0.8391107474180204
0.770020083560751
0.6553492192942114
0.9543903863659283
0.8441802064628139
0.9167946455263308
0.6463061963214929
0.9545456739285598
0.8351707874912672
0.9872850719006621
0.867149149797089
0.9836047037597822
0.769043121582671
0.9639062223727646
0.9992955623059377
0.9119696433611719
0.9788871953103381
0.6348226663664481
0.6207385791484068
0.5944629368262839
0.4590177103438832
0.5128883990055932
0.5426144934692767
0.6518451073927276
0.497231239194716
0.4957028503455005
0.7397869482576295
0.9786328664313091
0.988973809615185
0.8303732229800938
0.7527261416341543
0.9707043230721765
0.8843029376356699
0.9816832274824738
0.7771416532041646
0.9990303212452902
0.9921838957809459
0.9911803820122878
0.9455394659206913
0.6923457947899985
0.9894691901850641
0.8662640636152427
0.7793672822496427
0.9048604506570195
0.9934699372656687
0.9778594110133085
0.9863687547425977
0.8195599801062593
0.9878291138568981
0.8084952963017566
0.7277665289317635
0.7092328574371368
0.7598665693045761
0.6378645049191749
0.7365439946190852
0.7523036637059091
0.7383752308086409
0.6886062580592407
0.6871003452561963
0.7091317965141553
0.9797906233404228
0.9873069643958737
0.9848256061631504
0.8486722858652892
0.9926367116909378
0.9967774505904713
0.9946923201593341
0.8439739349682832
0.8255783014736602
0.9621109653681458
0.964220412760985
0.848927736727893
0.8013301331761727
0.9753121215401293
0.9766729223741759
0.8879474617251875
0.9709190327256336
0.9947884772248174
0.8578734667895895
0.8024450606429705
0.7680877327781561
0.8307983711712229
0.8680121072577178
0.8873691825597882
0.7651849802128619
0.7744937908231433
0.751470647277312
0.6753504129957929
0.6514966088003195
0.65656572117821
0.9080657725784581
0.7129588485418132
0.725784109965977
0.7614071712228302
0.8697199562700653
0.9467686908021997
0.9967720241314622
0.8072543696434265
0.9988499797946886
0.8434021353739759
0.9657669263019693
0.998348689823725
0.9212120185358819
0.9434997666835169
0.9904019678849502
0.9991403116322504
0.9929637023461284
0.9540306902980324
0.9917010448141403
0.883095311013218
0.710137818387953
0.8675127469917274
0.8587096810897608
0.8577711859210144
0.7469118720000412
0.9917594853302703
0.8494887170218633
0.835156975116836
0.7266121577623782
0.684592234528554
0.7721779118924513
0.8492183143111167
0.6593959757937857
0.6779696968802886
0.7089519839870889
0.8114437222236913
0.8663634746583682
0.78489891522372
0.7524021222953678
0.9305816587227969
0.992641748654661
0.8087179444837433
0.7736586700134598
0.7616933228404233
0.9074178129958415
0.8424004167154027
0.8405801627848692
0.9503184198551826
0.8376926160292057
0.9441637383493471
0.9970550549943149
0.7938550952874976
0.8748848680110821
0.7988749433638673
0.9168719566365628
0.9271589283793985
0.883700634340465
0.7977882894221429
0.8519676834517641
0.795620473650732
0.8348494380642612
0.8003488861270363
0.7908898911437352
0.7844319363288342
0.8522633376043833
0.8280356060403321
0.9254002613753805
0.8840620268426336
0.8030017079913605
0.8544780680192448
0.8642611990329393
0.9939043935930093
0.9319874227887728
0.8642452467831534
0.8282482125204998
0.889724622112398
0.8658173099570979
0.93922890240784
0.8219394006744273
0.9436360311136351
0.9848240097315027
0.9938214146401247
0.8904881254614724
0.9905244477953032
0.9786606639025388
0.9025642783474552
0.8927300576259825
0.9784696539445024
0.8496633215312143
0.8769505230907929
0.8377238572916211
0.7923511022233933
0.8831110634219723
0.8449316285135449
0.792404296607934
0.8349402856456891
0.8894486567473626
0.9146247234217881
0.7471312492846137
0.7988364839668258
0.9223864196739655
0.9604424504603903
0.8733273877448811
0.9854638426996785
0.9834020521021142
0.9344973549190762
0.905977370616222
0.8140945146897463
0.9178484044336239
0.818997001234253
0.9981913838127117
0.9718840995694504
0.969201994679898
0.7650784776311771
0.8891669371918546
0.8989337703308011
0.9771520330477677
0.9958761261329211
0.9587277854315424
0.9984171360636531
0.8272862535915777
0.9046062049605461
0.9914185803989641
0.8134430395122497
0.9469069648018544
0.9561507852794033
0.8728215093370453
0.7346663533653457
0.86759812837821
0.8359791016466868
0.7157859765034027
0.7806891676039284
0.8649939635366014
0.8193276422101397
0.7942657388617381
0.6873319993093536
0.8385140920814227
0.7910943762366497
0.9448335768390426
0.7881842959016224
0.9167554830084961
0.7654425952724058
0.8067789944628114
0.8687926324229462
0.883470205167963
0.7525030452565394
0.7888275268383731
0.7915528022280376
0.7896390735196821
0.8429977659653229
0.9910690492096319
0.7948067638606156
0.7250221274383783
0.7746965382534989
0.9670552206535865
0.9622441813630668
0.969466034340403
0.9428525627085931
0.9923751812081236
0.971757025665963
0.8774888269174874
0.8656900815581438
0.7233309612023796
0.9466559286484625
0.8646553285136012
0.849336336968564
0.8891329550370125
0.8217271584542529
0.8624809535639558
0.7716341820469943
0.8761811602028156
0.8562079486186469
0.9016032738322043
0.964333082708871
0.9976244096788278
0.9281825082760525
0.8361628714011742
0.8508512314032556
0.9899302946043935
0.9783695327517012
0.9658924208221132
0.9990184810274192
0.9762591482549559
0.9548945067902077
0.9890739787633349
0.9957253034353512
0.9583957594188697
0.9351974325506549
0.9429858698953254
0.8525072260899094
0.9215120679224544
0.8172970404331588
0.9873873531097319
0.9468658366420242
0.8839044213561255
0.9175451448620757
0.9029552109988945
0.9169551499907276
0.9050753969589792
0.8745583518081289
0.8037973011406795
0.9202257184635809
0.8690502934575679
0.9294839678482678
0.9555563503258664
0.9616592820482884
0.9491449729537078
0.8618891000230029
0.9164155293027283
0.8434371938959038
0.9640745617022235
0.9552254755331155
0.8297860384311824
0.8535008392843658
0.9014807619440967
0.9777710152790542
0.929513896675416
0.8559380477470291
0.9723822727505523
0.8411362635630306
0.8726991512386668
0.9343275084608769
0.9992588492108835
0.8475697023879636
0.8864679714511627
0.9320591514819772
0.9740953780923005
0.885379463983544
0.9348093283224197
0.8298642573914444
0.7863838795341518
0.8841097479447332
0.8138973827679119
0.9027809036028019
0.9819611923001845
0.8063729809297355
0.8023297894781368
0.8611003242766875
0.9525481037925827
0.8940138517004643
0.9308542197830532
0.8761976433592693
0.8816186140945963
0.8955897254523355
0.7900801706958825
0.9054735723002811
0.9986357699804422
0.8423140087084595
0.8316667471860394
0.9454926076403056
0.9215240779824456
0.9427757885631752
0.9356618992478769
0.9226427416141577
0.8004787924791676
0.9986323172170259
0.8600271658262525
0.8314304307048473
0.8295095959064063
0.9707546176209594
0.781296733376765
0.7435222671678263
0.7464631880783723
0.8080316462368131
0.7489337681329928
0.7545713537080773
0.7499961331062747
0.7012532917310708
0.7404559547544461
0.7952464829302308
0.7754862231477024
0.9743361721836681
0.871843474304144
0.8294541875689183
0.9325028151958643
0.9941400182920921
0.928080422144576
0.9624933135244038
0.9599448994506566
0.9902657030829509
0.7376095598255731
0.865877824037154
0.9983118426181193
0.9629376465786716
0.8698557487773849
0.8457263178044919
0.9082224392926673
0.9155854495233544
0.9056136461074298
0.9943257019463432
0.9846497051178006
0.8453090839113779
0.8834956774733596
0.8787583278327237
0.9464392256587758
0.814523842100241
0.7924407360244011
0.8283190519565775
0.8799304222148079
0.8035587478319436
0.8441044485796279
0.8308356835339542
0.821918305922346
0.8488770370257211
0.9995136490323338
0.955635579581182
0.9284085942471384
0.9253002238567432
0.992927959265435
0.8699104170700552
0.9288231152032074
0.9009004752127947
0.9439644989191247
0.8588690601081419
0.8883169559774533
0.9203680639304626
0.9591752946804848
0.9562169527859626
0.9924486757897057
0.8485280326216269
0.8497700501625111
0.8534126145247074
0.8983713875022846
0.8740726319695622
0.9917291999822224
0.9831284964746754
0.8608762165345221
0.9049179273459163
0.9088506294512018
0.927613503761945
0.8546040892999942
0.8322384295092299
0.8718139765189808
0.8673562387480502
0.881382522672591
0.7610178289736605
0.9995297839836024
0.9782432387972682
0.9979912612030082
0.9840235314692107
0.9956598189921793
0.9922380403829617
0.9177222100668303
0.987033819338756
0.8936069132007216
0.8615299806251251
0.9622554874464653
0.9354945878402952
0.951256517393533
0.9880593630968397
0.9995436704903758
0.8636137634644665
0.9954963363147658
0.9918973790999374
0.9599215746728054
0.899869428781459
0.9980977894753934
0.9735951342795084
0.9437729134568007
0.9187779818455605
0.7720859924401506
0.7496541795140663
0.7657697869129303
0.8261699418335521
0.8682507495375682
0.9242217646220617
0.8580901228667372
0.7272137243583121
0.8689572142736632
0.9143040846069008
0.8773972949911951
0.9717715918909905
0.8424637449341741
0.9546872068689637
0.993694823741258
0.9779542832130166
0.9973462059879408
0.9967699784767604
0.9805971671048422
0.9876771448686106
0.9807241346817501
0.9258478581899527
0.94700858324241
0.8361641335472249
0.9907936350931801
0.8587385463193653
0.9869718443360926
0.9741868011088799
0.9694510443776448
0.8636969216717723
0.9975103080033472
0.9919424139840202
0.9245294028091708
0.7625366507226786
0.8077032356477107
0.9496571579348826
0.8035272688446515
0.8924151633000618
0.7517703339138765
0.855187790301604
0.7734762127704937
0.7863997879066957
0.995052477709977
0.9428060212601052
0.8910225706935933
0.9983671986600298
0.9567195916187603
0.9510740648091648
0.9957581702474986
0.9016468751610578
0.9723767687667422
0.8826653443682043
0.9770451440967703
0.9952222104964941
0.971505370933841
0.9303169163838663
0.940116479993671
0.8686579467636415
0.973536224321268
0.9292903097466947
0.9023220272835539
0.9269984689199136
0.9744327197848001
0.9068851577916204
0.9979843954349884
0.8071427025588824
0.8496805429056657
0.8544958227614148
0.8813725322844688
0.9176838637826529
0.6952740575379359
0.705839402860099
0.8100888901179759
0.8479798334417648
0.6539441779507488
0.9248361332043588
0.9491764880222198
0.9750804785606906
0.9912687560902325
0.954349681897807
0.9896768615442859
0.7394025980631169
0.8764541926936448
0.9797391019918402
0.9043266812637087
0.9861965845984432
0.9650694935965195
0.9671466563597799
0.9756566917471869
0.792684294691568
0.9553856886264687
0.8223806296158871
0.7910132334841026
0.9184871138737485
