0.9825008497706587
0.9558531467303745
0.9762858122411364
0.9803956691147024
0.9961017371148121
0.9661045119611971
0.9975940405754344
0.9889872498280301
0.9952135300152885
0.9954535796283017
0.9979711578930779
0.9577643747546023
0.9747557098555497
0.9672316794318783
0.9648481016613241
0.9697090600006111
0.9756189184876276
0.9974161628657132
0.9961053418780659
0.976718683426032
0.9928263429680252
0.9972747927583283
0.9732652599406307
0.979401786992904
0.9724296717060501
0.9726362848319093
0.9800033121394393
0.9932931804406662
0.9740753968134523
0.9982147157304229
0.9781746168639764
0.9619194272035662
0.9979005572942081
0.9614268456377749
0.9567211432759563
0.998737688237837
0.9760918192162411
0.9795625060382407
0.9721307638613494
0.9804356630607566
0.9631402328625014
0.9775361053912903
0.9583642062285367
0.9844494912397548
0.9700120763356873
0.9718009732516482
0.9600478658160343
0.9755298995041921
0.963585034363333
0.9666236932350246
0.9709742527404799
0.9781945740739122
0.9583623998858537
0.9894028598102491
0.9834112360281482
0.9785576219147561
0.9998970920131243
0.9753757996881999
0.9991900156814134
0.9973261274962422
0.9993606213583052
0.9987247059536225
0.9991145329955647
0.9795896264480388
0.9866714989955929
0.9991427057757603
0.9965292542197106
0.9977853792784455
0.993729716818252
0.9979939451009037
0.9878408634892694
0.9956253793345027
0.9913385144881365
0.9995253166222264
0.976443127457845
0.997409271965361
0.99604914155457
0.9997738986961506
0.9917874242763814
0.986327558508183
0.9997323390659956
0.996148486775368
0.9989393978797798
0.9952039149245995
0.9969106129247929
0.9984390723235779
0.999756987044933
0.9993662022218398
0.9990858265734424
0.9977552515430372
0.9988977947290849
0.9954485213319177
0.9945266458508328
0.9993565963083965
0.9999474080015156
0.9995837131122406
0.9927517529634394
0.9951549283490224
0.9799969544057725
0.9850994299816356
0.9949743746243618
0.9848947926524612
0.9967684727840134
0.9686345765095026
0.98001573029161
0.9679037895547706
0.9918851613945878
0.9612092263614057
0.971517882981582
0.9824679718455329
0.9696459405468313
0.9706863556850661
0.9689241185110077
0.9688034405138142
0.9544248485407405
0.9708585503809503
0.9951440670263982
0.9981639345410425
0.9737612458619175
0.9824731712665279
0.9997737396745159
0.9819143872579095
0.9990789460055345
0.9824032669647328
0.9962450716643396
0.9662389861538003
0.9604742749523356
0.9724276749853361
0.9497227821851353
0.9757743406308992
0.9750593656047979
0.9609889808465182
0.9648450229354996
0.9916359928305818
0.9674981987726049
0.9751086216612339
0.9750859295011138
0.9729189316557698
0.9718544107554864
0.9766590844722873
0.970963496447079
0.9722267032398602
0.96750615989102
0.9519147682645919
0.9835546387685374
0.9918819569309139
0.9559511546644455
0.987792826848683
0.9879601197359933
0.9911975716699831
0.9995073587594222
0.9940708264678539
0.9768554300063511
0.9876984944625812
0.9806013591825344
0.9642165924064698
0.9746154052478649
0.9833932313796037
0.9753528075939963
0.9767358122640069
0.9775970614894209
0.9747060541767897
0.9750890751972551
0.9752892404280528
0.9791537124158624
0.9731457987635271
0.9709337273930689
0.973620720384399
0.9743254522849556
0.9580250413908213
0.9757396417819395
0.9751541978168483
0.9725167469534226
0.9964920671312176
0.9744566337791443
0.9968845639468933
0.9978127054087088
0.9831021977899475
0.9993317117492284
0.9997856840024198
0.9933038347635873
0.9985253181431899
0.9970052117940653
0.979121337168411
0.9881850156639969
0.993374006448693
0.9947824008880857
0.978500178986293
0.9735327362915677
0.9800248759961422
0.9749862736175671
0.9651221017808556
0.9659813921948767
0.965708915362866
0.9927052800770237
0.9668726983803559
0.9653133551186274
0.969430748075327
0.9843240531121455
0.965656440874624
0.9696445245844675
0.9736329907771433
0.9606318457299844
0.9740989601983517
0.9782853522865296
0.9828247106815673
0.9988667261247268
0.9704900312424967
0.9867861795672217
0.9838830209956442
0.9922762374113909
0.9941942599736397
0.9798484359549539
0.9995396384743942
0.979256750009962
0.9968108221827603
0.9807921282188492
0.9984629430611367
0.9841957377617747
0.9367585487932603
0.9654775284987771
0.9695588786806704
0.9623474346858205
0.98038653489904
0.9631217263081422
0.9381072808113378
0.968919332415491
0.980395392904648
0.976479070583101
0.9803698761765554
0.9911571222444622
0.946872842134123
0.9766918156858495
0.9251164490215968
0.9773176303517236
0.9785668331229129
0.9750355600197629
0.9736850706863449
0.99555677542949
0.9839552821610138
0.9995744337379855
0.97770187619668
0.9987702297127208
0.9986244779458282
0.969969289423343
0.9976315726602338
0.9642288421497931
0.9391413149352501
0.9530118085035819
0.9487117296185505
0.9893123591387756
0.9415128869741829
0.9948709930085164
0.9329595600271636
0.9243571470873714
0.935645019501674
0.907123995503941
0.9649462485432423
0.9450884790967167
0.9463705062475072
0.9466873964358768
0.9386270388833482
0.9317814384225522
0.9581365366244897
0.9309056042796587
0.9790857649592679
0.9923688799253656
0.9910676662890938
0.9611689384800337
0.9869220016010604
0.9949839303323943
0.9957722090332156
0.9857746417870566
0.9950101376656839
0.9999219490327917
0.997621297316247
0.9970827837103621
0.9998883939400318
0.9999146924891329
0.992375921891027
0.9958612799935432
0.9553544740327369
0.9647673141714062
0.966085398119338
0.9747495183913362
0.9652228642422476
0.9435944004853767
0.9657898098319523
0.9674679208718986
0.9545938624237027
0.9508199849366222
0.9588110869100525
0.9628735691395367
0.9733976355635672
0.9654672644737781
0.9639051921425832
0.961194064415329
0.9723451169587065
0.9458068097574988
0.9573116630865517
0.9465539834641411
0.9240491027844949
0.9953765762971534
0.973185189721512
0.9369520630313298
0.9586649384941498
0.97561105002859
0.9841667184582441
0.969909412436986
0.9798090399899118
0.9948526620305882
0.9645175680627456
0.9180882333214362
0.8588170442525904
0.9556945262673945
0.867490755680514
0.9000340723595655
0.9838026236801782
0.9068611506841432
0.8796757904061064
0.9733476867397108
0.9839142768371976
0.908620330609235
0.911252222190064
0.8989972202310703
0.941905124183753
0.9121987149595687
0.9255622657129147
0.9191148049085975
0.8765823819516253
0.8895617064970687
0.924632823928975
0.9055200063575561
0.995371395540684
0.9944478149014512
0.9986586468205271
0.9933129199103441
0.9959778123232119
0.9557656483070218
0.9842480489128763
0.9960004943233249
0.9627928768183316
0.905476519363746
0.6746634842374182
0.956508049808582
0.7226945886951793
0.6601579576461468
0.8808792493900655
0.8496277847201921
0.7965345694331829
0.7106994602435854
0.6551007892270658
0.8615571417138197
0.6737207336401538
0.7988874556624515
0.7297498330266662
0.7041979656463588
0.8542777833748683
0.7849912419471583
0.8306843358182792
0.8821343377923754
0.864649519401888
0.9992329731419531
0.9082247759255819
0.9927108782407293
0.9937782244894239
0.8112317146477689
0.9905390003449519
0.8775102983314673
0.7644960095083779
0.9802079485927193
0.9980977768882626
0.7366863233475642
0.7580756490407833
0.7678873576402272
0.9370553670105177
0.6715216350687823
0.7798023622989513
0.7034507795232592
0.7232402436114137
0.8364575647009077
0.8359503456869964
0.7824207492361186
0.8271980567433668
0.819466012989351
0.8283820332953462
0.7857556335659748
0.7056219123153127
0.6632107945592637
0.814597453226579
0.7531633181757675
0.670528469124797
0.9025110652927102
0.9167360882880101
0.8820721246330485
0.8910846944191242
0.9514472297361158
0.9008735006690802
0.9983899738507067
0.9888620278798648
0.9518427218292349
0.9227907366397081
0.9103954127698566
0.9794980570854539
0.9993243321208533
0.9224029346507852
0.9757358163489865
0.9127368597678527
0.9382282596432927
0.9788995818755726
0.9614168980044796
0.8334772489672077
0.8872743268462899
0.9160641961176752
0.848840133329183
0.9196038424045018
0.8673938920519315
0.925072057377353
0.9902357489683324
0.9292398342779781
0.8447286216557801
0.8406749298740073
0.9578955014817958
0.9413970198092998
0.9927163098946445
0.9884885679725348
0.9996686396597925
0.982517383929961
0.9917622430945454
0.9987300892012305
0.9975492946898605
0.9803627947292668
0.991692449427791
0.9998138869188582
0.98265269162886
0.9955226028167339
0.9954945602439463
0.839930955884324
0.922871836600638
0.9359535472774703
0.9456045617600176
0.9658560413728723
0.9618414603107412
0.9138772285289362
0.9635173509628959
0.9208711838519382
0.9696422339738275
0.9542126664127779
0.9813962422314164
0.9400750019407301
0.9578083120156644
0.9209813923294603
0.9578804658912567
0.9632951268700822
0.9336206095676275
0.9646832749612251
0.8883536022144439
0.9570366179929095
0.9900672847140555
0.9718078094893012
0.9243232267856236
0.9820573521742767
0.9319578201575184
0.9171838326757549
0.9527821214161175
0.9771380468696043
0.9629305535111311
0.9663004175626997
0.9487490145507134
0.802731284723269
0.9430444783409856
0.8834921472531199
0.9245980410523258
0.8658755147582196
0.8314868610973949
0.9022914831905916
0.9389373806328837
0.9164027172201694
0.8974966194131042
0.9017687518752675
0.8208976015394676
0.9112399644234835
0.9087341705879759
0.8986254584637376
0.8471696353856444
0.8193244717006235
0.8870023081860001
0.9174254651687029
0.8879223436721102
0.903587574783084
0.9578841388147481
0.9098378966363937
0.9945578290820511
0.8619052481525835
0.9928921970352041
0.9466271829802156
0.9493340148300551
0.8976087417657123
0.9094451154543558
0.9761935273123364
0.6601039446891224
0.901918512705215
0.6890608643924467
0.897632339797771
0.8016311743084115
0.8615689876754455
0.6754423818324974
0.7153386896380075
0.7408127326229131
0.8769818699342158
0.7452203188536011
0.8562827204265689
0.7806929665721531
0.7065280695468228
0.8719372761403748
0.667841828217786
0.6803296866516345
0.6763084571392649
0.7068680819203299
0.9853951622852913
0.9985542463251271
0.9963952128749062
0.8609216025008829
0.9971380105348726
0.9907138873193087
0.9990849016504391
0.974067771072288
0.9697746997332611
0.8989154785597672
0.886277582204101
0.984395981938008
0.9767990286742765
0.9879129609975721
0.5650778984745949
0.9609638638087753
0.6529552219058776
0.7672516619472167
0.7751697587454656
0.8423240558772109
0.6911050385924398
0.9701834631279516
0.8559715410964601
0.6116548854135355
0.8356581865495543
0.9363518863796915
0.9474528024215358
0.931703082532463
0.9618649734785052
0.6048002540818957
0.48355538582208296
0.9380265367652445
0.8806648580356878
0.9844162664300753
0.9668637717971877
0.8787453551168255
0.962046810914712
0.8592648058733965
0.9958946119184
0.9325009489057001
0.9910487189789557
0.9610848645052579
0.9568682254838835
0.9685868863851903
0.9937649913513116
0.9092662109136413
0.47808010763089714
0.4148784920541432
0.7224565453921917
0.8316160359942758
0.43857065925873895
0.5412780357468651
0.5882276070413985
0.5684989773550765
0.355240762462675
0.6118607651899695
0.678011389450393
0.42271141944466606
0.35284823355103323
0.6025749988860751
0.445969035569282
0.6217127033807258
0.5419546004168552
0.33253022064434445
0.44771662740797
0.841355923494449
0.9768376918100705
0.9383307186380438
0.9539665930319232
0.9127293365562356
0.8571371614783323
0.9772661118563283
0.9415226675038806
0.901638455070628
0.9868707501252478
0.819397153368292
0.982013056426994
0.9854866116691317
0.8771962818956047
0.8701448920211936
0.8931666679780561
0.8069405735351716
0.8438875745444749
0.9245450670780009
0.677552093408768
0.8974378386281412
0.8447193556549727
0.7225769485071281
0.8775944715229536
0.9063149902698031
0.908976371827332
0.8642603465105416
0.8120592303576586
0.6704371600946599
0.839936211318242
0.9131214818585625
0.8971729972935222
0.8577509556937957
0.9932073666145482
0.9346936999914539
0.9327220925607684
0.9388582112551533
0.9351117707755646
0.9674695085248023
0.9176971984048781
0.9489044685998085
0.9353463038138954
0.954670320318088
0.9931412185288425
0.8982230827353282
0.9978665766651333
0.9987518326530342
0.7929562717524384
0.8616021051397298
0.8677350921887997
0.5800919784032448
0.9608267689648722
0.739260835207124
0.6030500885390528
0.8555249773861098
0.6036920270145347
0.8979141226271894
0.5838684516986392
0.6948256263596884
0.6261903514282718
0.9497599347147889
0.6875911030689497
0.8559228092008861
0.8620127930051256
0.6818864480797062
0.7879746024078105
0.8038847434238264
0.7221568104559225
0.9933418148181056
0.8568953697949164
0.6730256957772311
0.9083253486834015
0.9956166791398231
0.8953497803861983
0.7183104095940587
0.9760376500128412
0.8488650302280265
0.9390384193303247
0.7171491889776964
0.9994514575238462
0.928476314901844
0.49606566570463356
0.5569226920859954
0.6389135441938681
0.477443624009962
0.7235805996699499
0.8164810209176676
0.5033704732685085
0.5498043067660918
0.7890787880872971
0.7037439827625385
0.5956201432295185
0.6180330420138245
0.675401237061628
0.6186453455044718
0.5354922970979106
0.6440434464585457
0.49681192007451846
0.636746758732676
0.7270806498514846
0.9307550426668583
0.8945980227464835
0.9081714390326097
0.9900350995849851
0.8665433371780346
0.8968229073917372
0.7906377159094465
0.8960317969526582
0.8287872922166453
0.9901353939213486
0.9989828309556534
0.9879824300178337
0.930011920013947
0.9395604722793647
0.8193704017311083
0.9342016105278081
0.6836440087275067
0.7690770327239289
0.7417821440140597
0.8294430685997575
0.7631489931500886
0.7009509162822805
0.7074546459719597
0.7001199656899855
0.7122161235890258
0.7256197251636305
0.6279543360272601
0.7311010068725654
0.6800833625648118
0.9075231622117879
0.6720996607424892
0.6871722742592087
0.7548933537446925
0.9980672579482408
0.977455951750939
0.960342070772581
0.7521229881895691
0.9849180623155505
0.9817149326110974
0.976200238292809
0.8539909352612585
0.997518854527705
0.9109157640543697
0.8552225560231399
0.7743562674151608
0.8070439100361311
0.9927507564694231
0.9019399422415451
0.7762085714470645
0.7845776012962592
0.7549152058106772
0.7325731314060995
0.7319630197286895
0.7872924704431629
0.8183667717465283
0.7176017476589229
0.7203560951279045
0.7655696847247693
0.6660726195862888
0.781873847105149
0.7737369322428497
0.8456724876839781
0.6485342314174871
0.8273218470936328
0.7507322049444946
0.6403673199075277
0.7560983203838236
0.9918000659141668
0.8252162972905783
0.9949125067452926
0.9529965296711607
0.6800317028078381
0.9984811833411582
0.7952970508849388
0.9747443808498393
0.931691572898536
0.8987513284708082
0.6950816807809905
0.8823066634698054
0.9881776175194641
0.9646154342267483
0.8183446716280794
0.7909268880863622
0.8787158711361032
0.7221740684484825
0.8450964542326288
0.8571248636969186
0.9396733986397142
0.7999863964811672
0.8095390746183091
0.8750444471182753
0.7853016798542176
0.8780568040728332
0.7603961301569943
0.7950082309850968
0.6846527985335231
0.8520314617882059
0.8882441691518611
0.7535769793796521
0.7406426916783837
0.7590814078446471
0.9854565924089043
0.8939104727909739
0.9441324508327872
0.8458642980498512
0.81150654747343
0.7601192160255981
0.9868159651827472
0.9890596630916793
0.785670023100589
0.964887235725923
0.997573037254579
0.9051152239560314
0.8365319072194279
0.8661532870075137
0.821107272445905
0.8377078524583832
0.8770034842968151
0.9006138234852467
0.8829671237329609
0.8872065579396984
0.7638534179223397
0.7906610673559238
0.929134276194696
0.8255321921168777
0.7949613742995604
0.8060493935895143
0.8266260251089421
0.8192817270235779
0.8115439653847398
0.8383834040662272
0.8072739250353619
0.7786010967397354
0.8923782409414204
0.9061639583944542
0.9173543927829415
0.98733174998836
0.8260342861967345
0.8512697649230957
0.8625481870439005
0.8453921876830919
0.9720309692580942
0.8689167468650577
0.8331545351216906
0.861606023391021
0.8779151248135562
0.9717966284442878
0.8464833742930099
0.7883276341001842
0.835132125957999
0.7800472654786306
0.8817607059603422
0.7089713372675113
0.6992089668255579
0.8711424692168617
0.9760976919219136
0.8673411535860539
0.8414610539867176
0.7752840881399088
0.9075764972025373
0.8072136474019452
0.7374754994994485
0.7927092749475821
0.8954793085171893
0.9267790476610253
0.8781172459080074
0.8012377458053201
0.757387508367241
0.8083483214125551
0.8213006390680511
0.8571163369954495
0.9298500895685866
0.9728721114178231
0.9949774088971243
0.8396089696102584
0.7614345184471835
0.800420130392645
0.8820270096246839
0.9519409999964479
0.9889439994647073
0.7983978421678941
0.7096206175856556
0.8252426536433117
0.8221985737909183
0.7992724020364719
0.9100237041425192
0.8954482872078543
0.8363657025688803
0.8287085742304536
0.6674901527761242
0.6315936784621322
0.9665899724812114
0.8444392964664289
0.8107246324090955
0.6890411701832418
0.7059078249361614
0.8784594197833111
0.7796277580531449
0.7541578328389476
0.868403051315717
0.7869960069541075
0.8256011517941105
0.979735944821825
0.8583878415638414
0.7757119373348675
0.9976777102892039
0.9366900275952565
0.8299529798710005
0.9977275828701586
0.9257341139874214
0.9339557015695437
0.7913091489713224
0.7901726294779261
0.9981810202301561
0.7757501960252756
0.9128233353829309
0.7853672953422144
0.7896730226033015
0.794317727939775
0.8824800493353965
0.8282173348298326
0.826330319163985
0.7715100620820432
0.779509687564811
0.8641404032061526
0.8876898843424209
0.8240632233258101
0.7800783404732363
0.8179632984555276
0.8621336010694635
0.8719867891283521
0.8521560897816578
0.7805548893980025
0.8193880832200435
0.9774956776874795
0.8308134439473264
0.9082092982548393
0.9563141111479465
0.9526427470541782
0.8485696887768568
0.8474807533918165
0.939225965541088
0.9884662599385121
0.924801181196431
0.9852221640926755
0.8695942649593108
0.9503024550953622
0.8805727277893394
0.8551504418481062
0.9249679092532903
0.9046039212223569
0.887388897436449
0.9132512090157517
0.9064774487522731
0.8177333320606872
0.9085921233896829
0.8547653396026602
0.8554789856290346
0.849946829583931
0.8676701851166344
0.9111121034994965
0.8492627989139294
0.888505132893961
0.9290298135247707
0.9194757131337681
0.8335816687027284
0.9234710736333498
0.9771742240932151
0.9031599014340991
0.9112210734936759
0.9275483697413418
0.9440146546927004
0.9937186990490549
0.9502668332276007
0.8545526400350653
0.9223512593987372
0.9496297179217734
0.8353677713109255
0.928739583077393
0.9891078257527386
0.9931740463035049
0.9111648518735853
0.8683622269930678
0.8127043837101895
0.7546896303105202
0.9467028780418019
0.781322395480639
0.8533325567256808
0.8906344113790556
0.7593828504846808
0.7761379262113388
0.7645642497194676
0.8511209100293511
0.8604979336446372
0.7938808532599575
0.8273863529107459
0.799889330410575
0.8106892025474755
0.7522158211198238
0.8564624579248143
0.8686163755302518
0.9855835798671801
0.8529249045371204
0.8901401838369147
0.9891629503031312
0.9578151612115875
0.9782647886451764
0.9279603770453291
0.8894562796706403
0.8423125777079445
0.8525743970450916
0.8564036814387979
0.9090700896914219
0.9984979835650737
0.7147860651308338
0.644633986654173
0.7311135548866463
0.9869250969025534
0.7583623024444909
0.6721204697624661
0.7454667473103551
0.7206155822623135
0.7466985129870078
0.76802916250852
0.9656834313505074
0.7627701597470726
0.7931290584511106
0.7622908351080822
0.7434637395015306
0.7297643718946931
0.8585003521177448
0.7606853562793603
0.7589935788425173
0.8560442880628709
0.9740727674288545
0.9164289535968975
0.9908253716518438
0.79984309542271
0.9866904704169331
0.9125531000589079
0.7369280261338842
0.988763492079252
0.7352053254129187
0.9412635462820005
0.9625534955147763
0.9273377907601104
0.9931481070301278
0.8016382374611051
0.8867635690147964
0.8157840342857519
0.8332998263944356
0.8130327795182339
0.7687568066721442
0.830325253517091
0.8895436761083305
0.8024148015476877
0.8445162820348674
0.8496093479845233
0.7712621591731613
0.7725608122063179
0.8290592733820181
0.8360144271897237
0.7865401958080609
0.8901752770730416
0.8277616682963271
0.8313646545327774
0.997675362291219
0.9923152109244038
0.9961944393405544
0.8332182478083183
0.9305163524140917
0.8435879790097416
0.996227964727172
0.8516539171661697
0.844059143478266
0.8764901522124442
0.9332268653234181
0.8451044411269989
0.9472704251540305
0.9295694582915897
0.9411986723798013
0.8528865912725312
0.8511265804975878
0.9027604769222937
0.8896378942370335
0.778029480503452
0.8576308594344313
0.834470227379102
0.8170762015079924
0.777673187964085
0.9423815902587078
0.8194057243797173
0.9454381110483392
0.8010319260423514
0.9356605149720012
0.8267572156937167
0.8936254352097128
0.8882930754567375
0.7964859823225969
0.9679735696349115
0.9869280434574949
0.9988571461130045
0.9896877309235825
0.9375372189391342
0.9484005164466505
0.9953204488804825
0.9830182084082437
0.9942839732222963
0.8877132641898204
0.9656327115900274
0.9981156789765724
0.9844122695946403
0.9369067127924717
0.8224239087899048
0.8446373966855915
0.9203516190098002
0.7747205904521361
0.6498411564701868
0.8412639245912726
0.9287816680006585
0.7516440142753278
0.8841354475273767
0.9846357535368462
0.748355652288823
0.8022011953687471
0.9572652425914219
0.9388369681047906
0.7171490139857546
0.9570670442944849
0.9762795140919986
0.6913103578322128
0.7686343256069947
0.9851631649376296
0.9504872002426943
0.9957280030008102
0.9189926977914107
0.9469924051342853
0.991378162895007
0.9945433990230792
0.9554696354836552
0.991177213192686
0.9178571923303896
0.8346458386959954
0.987511132891965
0.9723422680234406
0.9769385830559216
0.9251841327382007
0.7617288717409628
0.7699580487325145
0.9421500996107115
0.7923780293661049
0.8517708542124902
0.8625134478690203
0.8811664634243821
0.8150736496072126
0.7953244901861188
0.8127376397728132
0.8759856307768117
0.9452705318833343
0.9359643647899354
0.8724823852792606
0.713680362263058
0.7881586996462333
0.7471298566840301
0.7735789935838535
0.9844832255048613
0.924799422139188
0.9777482609805064
0.999055571987241
0.988300715411749
0.9273349676025551
0.9219317884362668
0.9948796697754627
0.9672663587407985
0.9133887044774743
0.9807369629054113
0.988289585657861
0.8390234008523836
0.9993735455752462
0.7932852709303455
0.8414404009183054
0.9339866590273128
0.9190264825046085
0.9719617853407736
0.65019456950751
0.6265540983372447
0.7948967550550357
0.746498871850048
0.7396853970190511
0.901563120017661
0.8362667915664412
0.899856082985918
0.8529860570771837
0.8361838745725049
0.7728308278319462
0.9051258597311421
0.7556402966365162
0.7216086439832962
0.9983041994054921
0.9989503144633853
0.8987697724758479
0.9949721267512701
0.8895181009369797
0.9971729665903508
0.9986716321297244
0.9559272299465562
0.9479252516154432
0.7984498340616641
