0.9917034882866943
0.9486151152665611
0.9758973705201341
0.9747434252235915
0.956828989253014
0.9909839730202352
0.9566137267360603
0.9738009012445751
0.9635353019697799
0.9539862617348642
0.9644535993384522
0.9523122834511615
0.9692566271963543
0.9637893199169354
0.9572114494295989
0.9769236395998153
0.9547407023892757
0.9886106870011664
0.9795593813876283
0.9737027765417007
0.9920888684322849
0.953018530152305
0.9713650764584115
0.9669576644074314
0.9599107750495091
0.9616212177125834
0.9619007680242451
0.9565615914784349
0.9624710919761467
0.9683691652443163
0.9894255203937994
0.9871086977074797
0.9850881704854746
0.9808656909052859
0.9653302923938084
0.9801063086917214
0.9821244619074484
0.9788341177819907
0.980821601525238
0.9515717808265226
0.9617503708686295
0.9691500951526713
0.9571180079119254
0.9387444871910264
0.9516846363477371
0.9664675255105382
0.968320551464725
0.9412674206247131
0.9520528862211658
0.9435241608928551
0.9233505825961129
0.9394047720869972
0.9684278140869609
0.9576103849572657
0.9364312185434799
0.947242326420823
0.9758096140442423
0.9621260807104713
0.9600339618832373
0.9806654597493993
0.9656194991575692
0.9449028388088105
0.9250132203419201
0.940818425895604
0.9296061365159817
0.9522813568312292
0.95334929234768
0.9433566285524526
0.9355628080957685
0.944771178017568
0.9405280351377245
0.9544570184891678
0.9319755652894184
0.9426974070597786
0.9376614753808048
0.9463542897575682
0.9357387696139654
0.9436679913647051
0.9497037013825198
0.931675344392005
0.9441845941315963
0.9507084169942022
0.9437748886891847
0.9482803565665233
0.943102677777373
0.9541979729846778
0.9476751067786421
0.9434942701817317
0.9600733313906231
0.955302273916988
0.9392002618120934
0.954076088759971
0.939780407374471
0.9348154193516116
0.9288963650169636
0.9404836940774393
0.9294390580238651
0.9439772869237111
0.9283561018627327
0.9409581629573327
0.9341678834060841
0.940227266758487
0.9331525723995002
0.9243507384504246
0.9377509857332507
0.9288057031347636
0.9357064098392999
0.9435477573171818
0.9331068183942586
0.9371976478782242
0.9276011706842368
0.9439537207972448
0.9284984002803852
0.9397448449059964
0.9435373107576378
0.9412035389497062
0.9507066546382654
0.9486383884728866
0.9472814486884589
0.947359500191567
0.9501859663292762
0.9434273563384092
0.9527890100346905
0.9249371104013926
0.922695584723469
0.9142877100416036
0.9382065084165645
0.9225204095169628
0.9208794847519213
0.9235542597714284
0.9509182086605787
0.9343491061033264
0.9241894577041361
0.9375692533398601
0.9389961349382937
0.9124191363398515
0.9184615899860612
0.9351395216376812
0.9230339282744162
0.9118200847176257
0.9437132394656498
0.9316047075891258
0.9032607549139274
0.9408254757389825
0.9624706636789916
0.9638348991200365
0.9644167196000846
0.9397038971520525
0.9680318239145782
0.9709004082705247
0.9267132446478286
0.9438955984733796
0.9718574266641349
0.9640952103124146
0.952548478588739
0.8948603813191427
0.9090419241987272
0.9414640529982625
0.9004410583382874
0.9499345054527866
0.9210749514900922
0.8588705435662185
0.9226475152879389
0.936217238171463
0.9455206140487877
0.9361660887322243
0.93520007444172
0.8886422426416255
0.9276581815697886
0.8817134559272455
0.9349691970711884
0.9370508264218032
0.9329899336106607
0.9524746716176322
0.904335852153632
0.9719510253214105
0.9588760251796462
0.9784398610772361
0.975155720635206
0.970043733221999
0.9590100807714506
0.9748697848611497
0.933085034484504
0.8998182476657088
0.9189469671314914
0.8939648602769892
0.921074930375788
0.9081524409867447
0.887229174505868
0.9190994571318122
0.8916955813885455
0.9215870284805521
0.8639210644969362
0.8958438604803735
0.918485795228452
0.8879875401831301
0.9048003332224528
0.9004991771451639
0.8744596182691972
0.9081181299419511
0.8840824729572576
0.9014763043179914
0.9106859904318559
0.8880439200387202
0.8706816352238611
0.885691965173064
0.9324571867395284
0.907261695874481
0.886355018687104
0.90440521732832
0.9058707724570789
0.9031798623754769
0.9013563410959757
0.9225784751571613
0.9165667808650224
0.9001575441884307
0.8929681875283875
0.8324405670200803
0.8525981487758068
0.8436614137924773
0.8645368680795099
0.866269621208784
0.8260315422018286
0.8623066247489006
0.8482036648050966
0.8505404114893513
0.8422188942900803
0.8663002466208776
0.8408136894935128
0.8570284036176329
0.865139508292134
0.8509001053062314
0.8612694662424532
0.8854314083611077
0.8148307463236977
0.8568448104402404
0.8473899662475607
0.8133275003130798
0.9180658924321083
0.9213396340890574
0.8539943356163973
0.9401399393293726
0.8400701810940863
0.9301591698814173
0.9562419758237498
0.9120217956173692
0.8909781800502035
0.8636763833038437
0.8151526135561341
0.7443243773141954
0.846229818944277
0.7767374933172834
0.8623778860104316
0.8013007242949187
0.8319291802065076
0.7697134033796541
0.7882389277043018
0.8830559530387336
0.8314988168806043
0.7577880931466496
0.7782324278033992
0.775095372626851
0.8357893582708913
0.8604658503573002
0.8062979077843575
0.8013356300247843
0.8094356821336155
0.8172157331306573
0.8898236130193938
0.8637044872920092
0.8748214815246981
0.8708351338053621
0.9177279869551389
0.916374382642311
0.9268266549618518
0.8718409719659279
0.9213952061322135
0.8554038264197112
0.786345277017353
0.7218183291825252
0.8270782881271035
0.7540275979276936
0.723973631743752
0.826615155254484
0.7813480985811286
0.7404376390422296
0.7110776706523325
0.7165837103985977
0.8173220364420754
0.709890980179336
0.7847326547414923
0.7781318266421053
0.7488714366852429
0.8274530120012384
0.7635033836370155
0.82093309068162
0.7880998790618357
0.7221029186837482
0.7246381512144117
0.77186214279597
0.6972642656127088
0.6800136148820708
0.6730503797274359
0.760444136077076
0.825925609458569
0.8836596835353783
0.7007584716004074
0.8163384998998721
0.8939576698102651
0.5870922034091097
0.6853332647933152
0.7048960463815169
0.6630536574206163
0.6774787657749859
0.6473635204812531
0.6851837219256078
0.6953636954708193
0.6021076327419387
0.6519280848086239
0.6551627226214554
0.605351717850295
0.6292479487578798
0.6629041172526271
0.6206227423640567
0.6564981925399491
0.6178561818311898
0.6785184411793226
0.6840479990999349
0.7175525072247968
0.6358380804272662
0.6495975251435607
0.6706306619278509
0.6471481283008547
0.5802207418773816
0.634393331834931
0.596343681953731
0.6017446460502015
0.5974370265941856
0.6733503235237511
0.6103975432977922
0.5990871496775798
0.5977784770331573
0.6523708860809275
0.6124823558418095
0.6314946364563478
0.6108573749758974
0.607500154074488
0.6140139794914863
0.6515979395733008
0.6767114867396818
0.6441664706238989
0.6108514183705495
0.6206552682684282
0.6226449210822399
0.593290679813764
0.6104481571156712
0.5926205184985944
0.583986648068107
0.6182696805435844
0.608633042861499
0.6246532234022539
0.7778545043269818
0.8344101893903956
0.6990736003187161
0.7894291595102293
0.8087185033048927
0.7208180001028639
0.7644719895116834
0.803869204046793
0.8154313046671817
0.8314892628780339
0.7412992601698531
0.823593732225021
0.6971358835062074
0.6709138208927443
0.7257365479923652
0.6729169610336044
0.7624274908865962
0.6804591826288261
0.6675769445305669
0.7721314122094813
0.743176659431662
0.720440929352077
0.7093936313283644
0.7908469795918631
0.7159813125415452
0.734805195261941
0.6629419229843075
0.675609949359409
0.7603958274437198
0.6763610845035091
0.6660855532311076
0.8574405640080387
0.9344149550928206
0.752376731591791
0.7913218838117525
0.8670610125519277
0.9367619377808887
0.8982425260328668
0.7970596951443221
0.943469458419627
0.8793575043063551
0.8643174753908336
0.9172560521226343
0.8078643179970857
0.6671455953967224
0.8189143303156703
0.7191753870688797
0.8091355643831188
0.7590298061532008
0.7437499912448307
0.6931345689611845
0.7733092616954342
0.7462495704997406
0.6421817963232741
0.6789117145927746
0.6552371136520979
0.7929789661872061
0.8027516112992041
0.7859202000844618
0.6540635367432157
0.6411775893973573
0.7587039573131092
0.7518601783886096
0.8851553419203112
0.7953570202831388
0.837744513696808
0.8230720147706823
0.7946545008807469
0.7641815383312296
0.8867878456054576
0.883552140020708
0.8979789371550542
0.8708301122876276
0.9077768405173863
0.8244328756250189
0.5503899389647358
0.7529167916164194
0.5625394974972346
0.7312749152707134
0.5311007409725448
0.7220554810557183
0.5561561899563197
0.5986783197640853
0.5722641127975694
0.7489845307206727
0.5900732222883788
0.6002716006957731
0.627111787638327
0.5644359378927657
0.7465915740273058
0.5276117909318407
0.5379972985317397
0.5415947422467567
0.5543232998924505
0.5302260845369928
0.8575493179158684
0.6133412911303313
0.5869343687778594
0.5800167858873391
0.7893604545034827
0.5584410901373484
0.6237361824840424
0.571638695571079
0.6592451207286061
0.8072812410389405
0.6168746869908319
0.6137530474112523
0.663003658339178
0.5978323111363149
0.6029167882622064
0.5679966400086414
0.5226748849278158
0.4712984066192365
0.517215193989769
0.5102803370913276
0.541627266637919
0.5109105115554997
0.5097321194277818
0.6161727965833949
0.5333646944633055
0.505998722509077
0.6303155044849822
0.5460484173737163
0.5879220371583385
0.6158342612185843
0.571349555839478
0.5890235352386499
0.5991504740434669
0.5691865869270338
0.5125190401404076
0.5562070064828287
0.7435384046495113
0.566632188189671
0.6186230748902192
0.6247647285873443
0.48114630932932967
0.5040096260229097
0.7078973015454876
0.7605000469872774
0.4971882329476268
0.6047618411412692
0.6143920037609701
0.5633174689370244
0.520251727539607
0.5989615908109152
0.5459385946485745
0.5681876225178402
0.5127014328745937
0.5327537468530344
0.5463179352623354
0.5240926621363982
0.42877057722592105
0.5580403037272865
0.5394668545741736
0.5717168842543586
0.6165326193871004
0.5899722793684414
0.5249894401503752
0.28795974100371563
0.518825379030404
0.33574712500707643
0.4529969019706136
0.4929507966757871
0.4475533734638461
0.2543406833086512
0.27700340955954134
0.36316078883159775
0.5204566655469548
0.4389608831881173
0.3745364845785979
0.3164579413536186
0.282474570334861
0.5180440476329952
0.19492043622099178
0.2917988730233619
0.22200983331484414
0.2132344242784478
0.29744252663985155
0.3851776619536552
0.2591587348475303
0.1875418986930256
0.2210157999807122
0.3648616372207577
0.20120696944421018
0.20801529118587403
0.2617304085856781
0.2075096434215135
0.35336729545863643
0.21799212888420208
0.21006748802755437
0.24859082204743105
0.5845384465211145
0.2727437295470465
0.5038103150569557
0.3270063607381768
0.4618480945764271
0.32835456587266865
0.33415660451033646
0.26371816570356954
0.3059540116429803
0.5899028291963397
0.25136166093537105
0.26817558102988015
0.3874713617530713
0.337874603278977
0.21462821278653346
0.55119950929983
0.6139118448362975
0.37919754159445473
0.5667787294353896
0.5555590761769533
0.4914511339950791
0.5168162027787659
0.4556525697746411
0.5858546511267729
0.4377351541097903
0.5477790273464784
0.4685241826048433
0.5086923013534161
0.5264022341081864
0.5244505001440883
0.40019981029690566
0.49758591263281393
0.7214294963214701
0.8325421774026374
0.612510636901721
0.5996224682243574
0.8699871999944506
0.786156726885982
0.5425902086735461
0.6196198554309517
0.6777289515734153
0.6990188603812516
0.6359800356674948
0.841735250030537
0.818187298785151
0.5723389303993824
0.9013990101919457
0.8925594296886905
0.6093883189121403
0.5079321203704109
0.45210841666511625
0.5783586718718532
0.47395460032785375
0.46692757245027044
0.5480587374113588
0.4863080038977503
0.47517452705446883
0.4725220494010184
0.4869178655044706
0.5281703779054383
0.544903485891949
0.5920258171392949
0.51322696276212
0.4323711524527457
0.5700833676204006
0.47899894922719866
0.5971659446128785
0.46807389463130317
0.4508105402424898
0.5021870097236947
0.5142963701335238
0.3696984460563094
0.47545492460113215
0.5149210602418988
0.5216941791375237
0.399388344771318
0.5192135913387274
0.494947543778673
0.46855211743790876
0.4928290510772884
0.5066733993943476
0.48873291608842967
0.4891901524732973
0.5294095157138097
0.3942459935420303
0.3419307064859379
0.47077535919577235
0.5291174697970966
0.4109239879765596
0.4637502617477902
0.39206496914556743
0.4790149991452324
0.5230458527919336
0.48272156467277566
0.4059358314041501
0.5500058881787496
0.4956867875125193
0.4518372443773274
0.6173289319472925
0.5616708076766407
0.5001271040577513
0.6365286692592009
0.5051967660022614
0.6493281093205184
0.5979748779453602
0.5659143118588043
0.7080333625307976
0.557075764117307
0.7197425013835637
0.653403479296094
0.7169280288600459
0.5417901311182702
0.6675637779564902
0.5079290977304377
0.6088177586235175
0.58397805511853
0.5139459974098981
0.725021636351997
0.7686378333889383
0.40050822178740764
0.46917959702200446
0.7647118147854002
0.709810855520463
0.5496022132276359
0.5561396045135915
0.4765158077700495
0.4409501062743406
0.5057108045045335
0.7098504663197006
0.45282492197927665
0.40446236011155784
0.7428149876942994
0.7466176096673087
0.7514815764901832
0.7389598094684264
0.7574206808174262
0.7457224125585622
0.7754606856716748
0.7629382880177217
0.6805314413588731
0.815991244493819
0.716110055044302
0.788083476580701
0.7803662664843619
0.7743506626650457
0.7645912928127305
0.6634674189285745
0.7657371808192334
0.6770166954702648
0.873433509653504
0.7593380352964995
0.7650563665645942
0.7796356730687103
0.872770411267159
0.8413259670809996
0.8054681593190867
0.7935118367153378
0.8982881736699442
0.712936007611103
0.8625392680808563
0.8470366602023895
0.7702648108108912
0.8170312254506671
0.7881058497178
0.7731411686614476
0.7971199809090728
0.8079752216937892
0.7846577912904452
0.7204122433534002
0.8812207465732829
0.8193148195208955
0.9075217359048151
0.8429962606798787
0.7976402007926056
0.7511575706577818
0.8410631008122889
0.7890422773704349
0.7120431612433407
0.8589138583740554
0.7556976765917485
0.7486643690580403
0.7533513537107863
0.7439148322534127
0.8598604781780408
0.8848381821789555
0.8319849297773868
0.8815171122047001
0.8190925468104941
0.8559723072495418
0.8086000287068281
0.754188624202041
0.8765697020814534
0.8653005589154533
0.7976483255364863
0.7531794590875719
0.7378156486473701
0.8388232327782861
0.802359187277117
0.8063045622508116
0.8537260178989743
0.7759366178829408
0.7631966131584744
0.7097172192346701
0.8099967584333811
0.7294383424486609
0.8387202753427208
0.8132878502036744
0.8687861414738851
0.8572692116789404
0.8363238470849363
0.8154917048613817
0.8433493770837088
0.7844902074261798
0.6879737742473181
0.8614263526506962
0.798980890978183
0.6808301862118273
0.8209592121574957
0.8072785103686453
0.7865995136015053
0.817872388517683
0.8410336549342587
0.7828605957930838
0.7903819670712102
0.7674001466579494
0.750884298447615
0.7863195187454104
0.8636861716247783
0.8367315551928745
0.8242264335139805
0.8437933201898749
0.78776844623372
0.8443619225616396
0.8193081034340117
0.7684281347453814
0.6713884020501542
0.8679881386849744
0.8291189113512132
0.692399121272334
0.7010696736892128
0.7263090894852793
0.8289054550310646
0.8253232642388842
0.7526510413227503
0.715604192256518
0.8654903940181848
0.676191817781804
0.8943832197322136
0.8265355472970826
0.9005582349554913
0.7789685044018723
0.8163045183261936
0.7893964700746365
0.6744474353202456
0.7853508565171197
0.8046453319439396
0.8474352269811939
0.761322355264326
0.7990935707792853
0.7419586334322643
0.8044985418003809
0.7703199874562281
0.8709149547031381
0.7499277361824759
0.7481891916560797
0.8308427436544013
0.8409735911306174
0.8372388269357942
0.6997557755017321
0.8673870180859136
0.8471503290652387
0.729439562943371
0.8841950816540307
0.8562588294241023
0.7076314898339044
0.8282683418227506
0.8244721520298264
0.8606650091669562
0.8616653555439695
0.7924744457077213
0.8058674338933849
0.7988306951108612
0.9053548261045243
0.8651664724796433
0.8495330383047931
0.8968335366372086
0.7856196360974091
0.8623916481602198
0.8578638309313561
0.896708452620098
0.8736865647644791
0.9188107984985685
0.9006772466370019
0.8690260920681738
0.8419657555680459
0.8769511651068169
0.8028498445029575
0.8958940643671616
0.8952211268944734
0.8856600190122137
0.89455629840628
0.8403832913410152
0.8553256715548225
0.8126899918829807
0.8394701159076572
0.8408806072435113
0.8517112291487491
0.80758871096829
0.886921955852386
0.910067488922667
0.9171272000320536
0.8040608724415341
0.8054914669691029
0.7194411060592223
0.8292496955070953
0.8827092720779623
0.8760298614280297
0.8121170986863062
0.8037422164650894
0.8230709229381517
0.8685521131072147
0.9060007267461088
0.786442918131853
0.8000198262674668
0.8748138779818035
0.8641881991872539
0.7891157858690484
0.7810889847751956
0.8399168978750768
0.7230046109908783
0.8699878279382182
0.8746974658223926
0.9096717568511714
0.7985525696455824
0.8664758349687212
0.8953022643672384
0.804754958891824
0.8055175586290718
0.8180555918567685
0.8413091433968749
0.7241820177433043
0.859134484197599
0.8362181483628699
0.804339917452046
0.809286316168305
0.7282636087328392
0.8341312533043113
0.914058868521283
0.8276692172935366
0.7750291778596601
0.821824201597543
0.7915778346785157
0.7407568876032552
0.8532783976558838
0.728802238601095
0.767565544663413
0.8476139112026979
0.7444382466266533
0.751386249519767
0.7613667451046411
0.7994436383980629
0.8542321652807223
0.7719243014728081
0.7752933142364331
0.806255816139954
0.8712131993151787
0.7660812601175082
0.8684097776199142
0.7359027495873657
0.8888156641564982
0.8097603179120627
0.8571707535842903
0.8681350915589081
0.7980243839912142
0.8484356820722206
0.9004178618803822
0.8710502843438537
0.9071138588192303
0.9013858536437878
0.868990226898551
0.8680436531918778
0.8402953023449802
0.732776968662604
0.7533291102795736
0.8076290015543215
0.7269582716169711
0.8153971415383499
0.7284006600565468
0.7130298307789968
0.6912693262696911
0.7604373347392697
0.7353341015707404
0.7354380913277876
0.7653057186373186
0.7789147915103621
0.7194347467282269
0.7998336961018937
0.7082672995984058
0.7219394595842935
0.8209826466562813
0.8089540008678621
0.7500586462221264
0.8619465556581232
0.8711297681297039
0.7479883787797239
0.8391799192537979
0.8617445859896907
0.8194923476838633
0.7627384550391647
0.7834737512679242
0.8657322161641134
0.7703001987130539
0.8237894995068916
0.7556390477320609
0.7934185788522501
0.9055549337400969
0.9013270461649163
0.8541720711280223
0.8371727873793455
0.8076918357567875
0.8491397648761281
0.8252457046688971
0.8912935641524096
0.8464377539039041
0.8803325570857745
0.825609547799925
0.8412439950485127
0.8970892636742662
0.8912467357776912
0.841214489355081
0.8948320068219849
0.8077498370842922
0.8020797136649634
0.8484314190046753
0.7804415692997747
0.7606377211493672
0.8593265209526642
0.7270707148466491
0.8216680983752906
0.8163459411712868
0.7922894750722416
0.6860817861452692
0.7024589512663062
0.7733019825670485
0.8531813133843233
0.7801199835028826
0.7946153428922684
0.6982804647127807
0.7235515187971384
0.6941982707463676
0.7896770361098493
0.7040611991869177
0.7643896179944845
0.6681354543231008
0.7793504865236521
0.7247958653721909
0.6864255439744745
0.6559987973786876
0.7405861033519374
0.7015132085573728
0.7989102979702927
0.6736399902465244
0.7171282554052634
0.6665606082309109
0.6908301578624876
0.8096085450779715
0.7226977175598093
0.7982793380366892
0.6733253790649211
0.7509317038134693
0.7988792763639823
0.7488985654351518
0.8149581020312238
0.833461067957386
0.7322594048032247
0.6845798304741114
0.7703700365365314
0.6799103892262803
0.7501114236906816
0.7741757203651666
0.8162881529261176
0.677058167826226
0.6514060382098357
0.7042843558549379
0.593349133150917
0.6867250795749853
0.7331866648984686
0.6572389566390637
0.672589271427287
0.6861206324672904
0.6985799368623814
0.5694864063730378
0.7380060699390797
0.7397775121578982
0.6773181115294162
0.6768225111015653
0.7058723771389034
0.7289274596088493
0.6475793036004902
0.6818415027707294
0.7428332427968793
0.6511870958937145
0.7473481620932769
0.7024172046753717
0.6954247091028036
0.7692099897307713
0.7706692982260217
0.6253604657916333
0.683588450379777
0.6474190625116171
0.8037062602888294
0.7627320494801697
0.7826116861842627
0.7170693016611862
0.6737642454248178
0.6418632333607388
0.6778244807328024
0.672928922325427
0.6655389309482229
0.6403622559101394
0.6857782684559248
0.6748380026899821
0.6167753326775252
0.6565821996730998
0.6255011508736448
0.6740274112813673
0.6547163325994685
0.6329876119677195
0.6241284529695457
0.6461208003187114
0.6687008375934718
0.6621164031829757
0.6530570119837724
0.7247697142849873
0.7524743063952457
0.6932686848429475
0.8400699512798133
0.6096230497988635
0.6560817360053879
0.7832519556660944
0.7878007154108289
0.684620995172935
0.7932498239879339
0.6468037663456141
0.7401956162985244
0.6702307962204823
0.8055392509064556
0.6133181731926569
0.647470782553905
0.6236246297546018
0.6412540202466499
0.6752687288503938
0.6319471037918909
0.5661098019505195
0.6454852433800173
0.6512668635666694
0.5846182410420785
0.6712882143321426
0.6856108509953871
0.6505094084999403
0.6618267454249368
0.6270667842298134
0.621211036389963
0.6530929377312615
0.5827551878365137
0.629995123262671
0.6582063911799714
0.710813916220216
0.6939510063756236
0.6791153140510766
0.6608158858764457
0.6023638497580043
0.5629443835415939
0.6091660628967708
0.7706967284652111
0.6899665069412171
