0.9912963744239947
0.9702590379056825
0.9736732951082454
0.9763032372556877
0.9573642779115872
0.9921021717525831
0.9514173652795874
0.975722523118106
0.9676438506359193
0.9542525143834646
0.9642585323447724
0.953329955661649
0.9670199853292374
0.9605132764689721
0.9594633265880214
0.9780632917840839
0.9536838154358492
0.9898195286145803
0.9791963601415727
0.9716139115288696
0.9917416642766256
0.9530066299416807
0.973127851921075
0.9672654267039966
0.959927331553818
0.9615275162532418
0.9621457595685299
0.9568065760108062
0.9637009010312243
0.9695035547395743
0.9896939084646478
0.9853090672195804
0.9881788781518831
0.983908846871384
0.9561992466528905
0.9818942665967979
0.9848961468160345
0.9820878089952856
0.980841169506929
0.972238057978299
0.9601279107255984
0.9585744907625011
0.9605509290224377
0.9839002490345603
0.9539529487250014
0.9546808987712697
0.9658931395992121
0.9793476811422266
0.924792487861799
0.9575257143555544
0.970929482086308
0.9546028078582255
0.9368882295157621
0.9514688963241124
0.9442484674925924
0.9221644730880091
0.9504256045494928
0.9674862494759413
0.9641959857266166
0.9456933394049217
0.9597755530943786
0.971919277830012
0.9577757281286703
0.9687340374300115
0.9720281688981389
0.9673375733657821
0.9495104279303337
0.9288434529845596
0.9258183021971313
0.9442744416059736
0.9486112954152415
0.9540682654033951
0.9432773591222103
0.9423676520947639
0.9267920125317108
0.9432797009991467
0.9525893344948052
0.935081397369001
0.9420992186639636
0.9345240381319058
0.9477520268737604
0.9375231206044787
0.9416586012240027
0.9505626808847116
0.941789611596369
0.9498033455291687
0.9541683882622801
0.944940491408643
0.9545250689304916
0.9544809577381663
0.9561118561548251
0.9530872629468969
0.9436957568635718
0.9611400074458106
0.9522765092372393
0.9365653586911655
0.946113574796724
0.9455706072246897
0.9322897633663032
0.9239351568553289
0.9408920749457013
0.9305400023870724
0.9430168105990289
0.92775668322608
0.948173079152557
0.930211982297732
0.9414549620023838
0.9342445985232781
0.9278366080355607
0.9379716566653429
0.9294204318363057
0.9416571208873746
0.9392046436913581
0.9349801059888809
0.9300438187911684
0.9392880761352868
0.9481943916634469
0.9565590798844907
0.9491810550399721
0.9504990598531091
0.9458906128739184
0.9498883673732466
0.9497411284754336
0.9464850020833262
0.9458952663086763
0.9429298382280831
0.9678607863521737
0.9494318307015708
0.9217017407647794
0.9208623129611515
0.9364968093818254
0.9316593331745625
0.9237497697150193
0.9359888709193634
0.9263085876372182
0.9419434048047257
0.9349871201181075
0.9254891784406485
0.9264658313847707
0.927647852712945
0.9285441905341996
0.9267079495947304
0.9019996492506888
0.9152639971953627
0.9375311479770065
0.9732840179600205
0.9690964896008865
0.9420356939734668
0.9693428239524574
0.9737193263129464
0.935888696623208
0.9298466605750819
0.9385542614140265
0.9671894543253494
0.967043243214557
0.9571064997472525
0.9461013253671768
0.9759016075170039
0.9691733079174631
0.9658324651435303
0.8899395913739123
0.9000096608074739
0.9314456246764085
0.896517951080335
0.9461510868966491
0.9178457016678252
0.8609063345950771
0.9168701151337577
0.9378966891305547
0.9335614655944569
0.9364877115312266
0.9376803500603792
0.8898377514960378
0.9421116987969911
0.8775720055053107
0.9738091811964578
0.9591621581562126
0.9757037931785502
0.9750501239657487
0.9554429341381552
0.9672665584921067
0.9784402510350397
0.9716393907386364
0.9555822182941089
0.9578189329582201
0.938798669778754
0.9754752762378147
0.941516740175939
0.89042495723881
0.9297676113344909
0.9286946376664574
0.9201552737884464
0.8778334949909151
0.9213310548635145
0.9177154104663068
0.8732731012779446
0.904662911052774
0.8742157173893506
0.8933501025684866
0.9147440820501326
0.9198792595517337
0.919847272936785
0.9060011765047713
0.8688287117998652
0.897690899100772
0.8805645005221373
0.9178260236044165
0.9050004009747632
0.9058237601274963
0.9011479239816236
0.8967873618266817
0.9323133559002735
0.9040400333528592
0.8872246686055871
0.8826100230527578
0.9074208275932827
0.8797811637173889
0.9059622415968409
0.9184215782225025
0.9171451163204496
0.9050467395870656
0.8975044566271464
0.8402297876376195
0.8643208843073826
0.8460706109720058
0.8739042474672074
0.85687602477306
0.8414318740798716
0.8370686432181437
0.8420023889181524
0.8422119805879404
0.8425053514748346
0.8607232496826729
0.8504185812247804
0.8506605825571723
0.8615938662553759
0.8426376574398349
0.8554637227821992
0.9530289993974703
0.8847417935896562
0.8908880371998509
0.9317907915263485
0.8349533152165467
0.8919017566105472
0.9471249134408605
0.8793508553090423
0.889639065332364
0.8325155883513676
0.8892705704586804
0.8798567310487635
0.933543303978881
0.9033639857012528
0.9367957998854998
0.8053604819975064
0.7562332539163636
0.7920958217112986
0.7597805887859268
0.846766286419097
0.812166135570765
0.8358267571048279
0.783031858557625
0.8009305659004499
0.862793375115525
0.8558580948456216
0.7684537001073526
0.8178382162774794
0.8330022652306186
0.8740794863789496
0.907434203284006
0.8666819851022654
0.8588226749005219
0.8186592327058844
0.8453894459227301
0.9198346362284548
0.8757754364443892
0.8764500762537193
0.8935773426832903
0.9066449880909202
0.9053470099696415
0.920520168893384
0.8684855396770391
0.9153910843518642
0.8756603405522525
0.8001996585221107
0.7210508636542351
0.8263730561776141
0.7490631956919955
0.7232602225220324
0.8267146512953316
0.7704636351264273
0.7418765737696846
0.7118085265252585
0.7177119346165719
0.8048244179035136
0.7103848246454512
0.7856057860893441
0.7514165618731893
0.7445409013984519
0.8389078855713159
0.7633717896711093
0.8628866807384583
0.8177753304459843
0.6861438514244038
0.7100864139578684
0.766636128429401
0.6814758388371717
0.6929229383322805
0.6770837997228295
0.7509657621448466
0.8516790649594979
0.8463557100546305
0.6956776772756235
0.8101240102830811
0.8474482249345605
0.6052991088440607
0.6941410929600761
0.7270951680715836
0.5913928749077186
0.6830788782347519
0.6883318387466574
0.6060547946339183
0.6324941559826316
0.679496554880735
0.5969504880584879
0.6565833676231231
0.6146789876033902
0.6799718573853362
0.6651294532134322
0.6840249652866823
0.6526985307627657
0.6734583893466447
0.5930199957308808
0.6520881222154189
0.6738780301967144
0.6040340954080322
0.5928359703260015
0.6717048943143169
0.5927429334009203
0.5874799282522498
0.6068274309911839
0.5964638657039572
0.5981474470972881
0.6621996589640565
0.6777593586889101
0.6360675094530255
0.6007366503199619
0.6014986716626852
0.5964402571028464
0.6311705914149536
0.6701753547285098
0.6581841207685832
0.609665097738028
0.6170335089360406
0.6304734615685188
0.6099063782782709
0.5926738734818182
0.6111077037042849
0.6036646316233649
0.6311615914356565
0.5928508509917922
0.6272854635183324
0.7687197652490991
0.8336155200024882
0.694834823580049
0.7869573079222454
0.8059717887444431
0.7328669412997135
0.7657256566021584
0.7924311641042852
0.8106627685375544
0.8326685478416347
0.7358988187904827
0.8237531777912125
0.7648921061276063
0.7706568491821693
0.7950921625823831
0.6941976430329119
0.7829537855268998
0.6979151819647866
0.6644616174269893
0.7619919718773611
0.7669478671032355
0.7589368267367662
0.740342002021811
0.6966542334961199
0.761382381849506
0.6888312147658942
0.6903948272995168
0.6669076344072431
0.7806002158209172
0.6806181836189078
0.6639138398023962
0.8090129319766836
0.9320478773648471
0.7962955710673284
0.8192770946097196
0.9470809650066471
0.927076447172681
0.9031422419978292
0.8936468709699321
0.8845268355993181
0.7886118659155992
0.8797858113637369
0.934340706771327
0.7872771237559688
0.8797283934260591
0.9262202705656619
0.8616872187519622
0.8922732819067687
0.8476932545657236
0.7206380441115079
0.7123570463774871
0.7166452733992853
0.7807439846289007
0.6456656664163474
0.682196690200297
0.7167307250840906
0.7986683436759131
0.8235214848539504
0.6833814285537345
0.6327638394625632
0.6409986045764514
0.8064030002809934
0.7713219008404768
0.8656694056146447
0.8019000001702224
0.7648269603062569
0.8340131729676531
0.8329592137051332
0.896598477225361
0.8334562751598814
0.8808035055178637
0.8319807551955601
0.7804648681068449
0.7799186788696992
0.8884202605974737
0.8671532673802507
0.8706884369266584
0.8924755342731671
0.8693715402140727
0.8062343494442901
0.5295008685945457
0.7862435459162966
0.5588262570087732
0.7626868802134059
0.5290032910131386
0.7661983137927961
0.5647073207028384
0.5854956148396668
0.5939844183025232
0.7491067851780039
0.5525577939785737
0.5726818422276492
0.6103385199071969
0.5636896629737456
0.7501346125659765
0.6911079575512196
0.6184087679133587
0.5922886906169695
0.5739617142490339
0.5574780045919864
0.8011625333178237
0.6316269673700581
0.5790975667673433
0.6012491757339011
0.8216857382628131
0.6039377957925172
0.5522945070613161
0.6089495543368987
0.6068467547966843
0.8224418110560875
0.5941547719238043
0.6108176297063286
0.6678059519032891
0.5958110784012334
0.56981797858992
0.5690025763653729
0.4923716410702743
0.4785164921190667
0.49931458743450374
0.5245378526297977
0.5314767660310096
0.5492208980885911
0.6014993665389761
0.5495188621184413
0.5295334676814276
0.5112541497141581
0.6684964049744593
0.8266703700706073
0.5098776420952361
0.45311410403751995
0.6364298640008259
0.7355018870272777
0.5104430831649985
0.5747704323775198
0.5169118917168851
0.5561470845417259
0.6735515639589591
0.5882727040870501
0.7297686731692559
0.6484850251887329
0.463523189746036
0.5231085269414995
0.6208853383778943
0.7927405869943112
0.45058176988920917
0.59514023341284
0.603760677453228
0.5521818219570886
0.5959065643926403
0.5692536918773525
0.5132296420081928
0.42769551943800715
0.5913151252081541
0.5480933137850312
0.5755250871788997
0.5397262016368581
0.5814371565914781
0.5193170590929311
0.5796971398988626
0.4486087563301643
0.3609871418495203
0.50597938304317
0.2837648612459739
0.4331725891011628
0.4933566048452106
0.35204226165325114
0.2731686030731735
0.5163745624861165
0.28586929353562057
0.27284884043577745
0.30671970021671624
0.36520230803335485
0.5206814291397466
0.4986477321158045
0.3863033856301158
0.2659383089959622
0.29890622990281024
0.3880545282059935
0.3588621030313699
0.2974890336075116
0.21574168798421492
0.20898573618963742
0.4573980279360889
0.2090688438781117
0.2631728372007395
0.20450121834312002
0.23365881237571567
0.35682602519950984
0.19326945312462634
0.208080543341912
0.27425221652144904
0.49653078374898363
0.27738698714674326
0.5267085698326446
0.32761887809658663
0.41940927964382035
0.4004129835403122
0.3036638228391879
0.26361176053761876
0.30127282430763197
0.5976177232244513
0.2394542550011018
0.2683401887569029
0.28961179382980906
0.306682854978113
0.28656837474857294
0.49962349469166956
0.5852327935518162
0.3522201186216176
0.33695431152104227
0.4564563957714692
0.4749422486236974
0.4613546351437343
0.4374073288526437
0.5672765708635027
0.4602426111384966
0.4917458999934544
0.5212947454565198
0.47565847314052484
0.5453956594753416
0.41676951909162896
0.5463864462703365
0.5018855904290064
0.6892381507912206
0.8721847229252633
0.741216060178469
0.8349787300796659
0.7968911109687122
0.6974880164659474
0.8066559905946318
0.5961297432726684
0.5519502841674733
0.7817446275160687
0.621544129755904
0.5402277462824798
0.5917268569655313
0.6085470048598292
0.7140325500113005
0.858979497508794
0.8085862492256177
0.8123869461977146
0.609894853074741
0.7088168376121649
0.8916881452848378
0.5744320726700674
0.6218347920349344
0.4426917850677606
0.4581916965369737
0.41974431635445236
0.5168135321622824
0.4691824809609808
0.6043543375599707
0.52239803461761
0.4557533708450999
0.4384079829003673
0.5681889825866207
0.48073521478598175
0.5953807424470383
0.5330784643612178
0.43856317085198226
0.5034152082509615
0.4582094988043791
0.5453661377094922
0.4541400777349625
0.4806860268464788
0.4577175532883898
0.5041411824362544
0.3358796825904127
0.534099345709609
0.5116706737960309
0.5289858824129086
0.4331683845308001
0.5392389915645407
0.47011698666409885
0.5028201614095579
0.48398426697459485
0.4582414018288712
0.4800280624972341
0.5096762877313197
0.4848658695440266
0.3610996628290477
0.3445200605919232
0.47430021651993504
0.5257441625371878
0.44263917336989733
0.4730356286774908
0.5275692120707117
0.5169196708432378
0.4533445733005414
0.5221881567504162
0.586100905849935
0.5423008656901905
0.7223507542724232
0.510545877684083
0.6528865570950002
0.7016602224027979
0.5024125631825077
0.668436618197819
0.5063377978662492
0.7251419779514612
0.5522228010111915
0.7077028590799099
0.5391842909732371
0.6720684207796697
0.5399242921967717
0.6294477980963888
0.6998987380248544
0.5996178628374016
0.7496070873004941
0.692652450154297
0.5539804251561771
0.5307364877636327
0.7669408565216693
0.6942637441354088
0.621827304305606
0.530006103430064
0.419794046849186
0.47008160922300246
0.511807706648412
0.6275661483045645
0.4190840601757405
0.44403656074669473
0.7058635679230396
0.7811535863723255
0.7716818471701339
0.67447956075836
0.8190174335824977
0.753453747688412
0.6670209480121816
0.7073471341888349
0.7373538023269052
0.7353354683082218
0.7629661170543338
0.7575925016011595
0.7743656489923052
0.7784844257457186
0.798336606936952
0.7249681374031663
0.7873775735724325
0.7445801160468175
0.7716612792596308
0.6693995852830281
0.6870079377942636
0.7672582986033165
0.7454617276975928
0.7795920367888827
0.8201629914530053
0.8772964982743482
0.8672763767084568
0.8064232477448771
0.7856916035251426
0.8513598447642625
0.8201870673535481
0.8078940857164212
0.7885710872548666
0.7681353785530448
0.8040233612284723
0.7971073573762253
0.8853027276524388
0.687252492369239
0.8737594117508314
0.7969687513595453
0.8692656097572922
0.8482044212684072
0.7587822990249358
0.8478975365211481
0.8297433996106056
0.8029011223650144
0.9040594475060391
0.7818187511911107
0.7843266515735814
0.819757018423751
0.9019082030835104
0.6765015782258885
0.8180978748972315
0.809776100459267
0.7446304507067958
0.7515820503605088
0.9026975226142675
0.8371891075074798
0.8172792243952607
0.8715752538613987
0.8412263900306032
0.8326315296409202
0.8714045053834133
0.6942153598134984
0.7215238367191051
0.8095626905251552
0.8635388333926619
0.8694231378657311
0.8679321125429516
0.8383437310363683
0.879065532672335
0.8092919189368379
0.8288261583989768
0.8583724752717624
0.805577161370663
0.7598608739783944
0.7632791817861715
0.7406212701901292
0.7163460807128355
0.8742842931050421
0.8632832987541688
0.7925054330775934
0.7264992486272419
0.8622462118352421
0.7462464986856745
0.8073294096276444
0.8373251959656354
0.8087587752084096
0.825261490283199
0.8421028228221977
0.8077881431567258
0.8075801578634029
0.6764056232865356
0.7588157126961119
0.6947043716840334
0.8237454325232069
0.7831050181036332
0.828003723996344
0.729900405298392
0.8219199155552424
0.8463927149462762
0.8151512307562433
0.9081799456717309
0.8421007510806872
0.6595165394034134
0.857601466249591
0.8332976358281422
0.8480081936744127
0.666834519228559
0.7268714399965326
0.7914344948439749
0.8301820357096149
0.693336534565464
0.8046698563590481
0.7057304228920146
0.8613479666466797
0.847330429115814
0.8626246536595148
0.6780679953290554
0.7824143861103094
0.7009430392423859
0.8971796474737079
0.8380627380317378
0.8825205328979987
0.7958656731115314
0.7818467855615465
0.7347191982283202
0.693442137666697
0.7881399497483305
0.8290710196428259
0.81086815246659
0.8584765332482526
0.7247965247750001
0.7095747483395551
0.8190902864573834
0.7195628434528235
0.8412892850621931
0.834399554826166
0.8747532033744023
0.7063405001067447
0.7675989531646616
0.8036229459757145
0.8403715626858271
0.8675447591159867
0.8430779566602105
0.7960861201866866
0.8005224357204054
0.8680388182962426
0.8028566371346274
0.8176136327216761
0.804947750197673
0.851037864222594
0.724825042635853
0.7565700232531584
0.8007158493198976
0.8576762485111759
0.8085894226934507
0.9056207556704069
0.8644028685548746
0.85986665673001
0.8506611393144559
0.9153620943656743
0.8815926475190033
0.8996806933574832
0.8648926293749619
0.9273185532186017
0.901321450619911
0.8321317777548938
0.8425707737011545
0.9011629702987023
0.8350732439124268
0.8918323326219495
0.8689591385629287
0.8355966341767942
0.8756158384017971
0.8821791154252251
0.8392387131696513
0.7931376860035447
0.8698709184194127
0.876041169877207
0.7643245872045532
0.8550994068194747
0.8263425737516465
0.8841104127284517
0.8752987077546621
0.8495924359939004
0.8817810696799655
0.7449489528749931
0.8985171755620209
0.8899192635144648
0.7855035266077108
0.8148462231304128
0.8040346750641479
0.8450437632665142
0.8030345142297735
0.8958369709633216
0.7645924343321502
0.8528297823603761
0.735089477509105
0.8740399007085504
0.8705970643174838
0.9267177852020515
0.8094689522771721
0.877283821389416
0.7913629094983501
0.8394424846760177
0.807533123152278
0.8047877690311986
0.8362351021600529
0.8518824325862095
0.8650378804052399
0.8134608269300201
0.7998435220594611
0.8130451559597524
0.7309738743575604
0.872610014852228
0.8722150073579381
0.8152376506665149
0.7551507731350916
0.8790196471495078
0.7863198289418866
0.9095376804533246
0.8908865389691956
0.7574745698395559
0.7712248334766153
0.822836967114642
0.7579562129866882
0.8477710802790952
0.7245975848891308
0.8279084672364558
0.8588161049011146
0.7458978220677113
0.7483609563081708
0.7623262606053303
0.8422254103319025
0.9116822214646321
0.8075190107307539
0.7792984245752168
0.8690380473913852
0.8799519977848076
0.8719661040468341
0.8664448297726781
0.7860198456315549
0.8760689242036546
0.7535627926456909
0.8631559444791759
0.9114679894978771
0.7825739630359554
0.8789008119780066
0.8751708901062536
0.9083729901125315
0.9087706171792698
0.9131500620157909
0.7357766008379236
0.89957179953047
0.826616894780306
0.7267650211108521
0.7136584407448704
0.7203805408679432
0.7445051071671317
0.7256165892430151
0.7990990853536357
0.802232283460188
0.6835879848300882
0.7083114429758406
0.7481807221672341
0.768976144110491
0.7355965133623403
0.8411507535648244
0.8369149350277714
0.7873480414704117
0.8587643738511771
0.8257781446116864
0.8678145816001743
0.8362265277504253
0.7529244554001633
0.7489563161352792
0.8379159552004379
0.8492660344781908
0.8664715036688
0.8868533403238139
0.8467242033880157
0.7632616682161247
0.7940842181131825
0.8671241175465438
0.7894138220257472
0.8439063833769972
0.8262465477531578
0.8268164348760099
0.85837842830579
0.8532782949874462
0.8656662761307792
0.839011737521213
0.8618960262191713
0.8092861841852866
0.8260600531971488
0.8997534716245218
0.8439184708294308
0.8735313708322676
0.8194535168935269
0.8163185816047067
0.8128827937436064
0.8381683609614954
0.7705948311664059
0.7839355921965441
0.8464198091767143
0.7835425949862354
0.8289607263142205
0.8536304380275219
0.7730519724916531
0.7866965066553039
0.682112672375246
0.8079152462546147
0.8166190728041833
0.8021628542596017
0.7455487451665535
0.6894942163334523
0.7085302487056132
0.7932271671462024
0.810923110994952
0.7876297120281994
0.8041215401515913
0.7208506698449351
0.6959904709611493
0.8098713350357583
0.7002899524038758
0.7493869826371731
0.6583850907933677
0.8117131958167167
0.7004089259352835
0.7018932587629079
0.666112252380011
0.744242680732199
0.6646933280998139
0.8212155784989298
0.7831856273662359
0.8061614153686021
0.6741761123949467
0.7306720628237292
0.8099243720812203
0.7414506298037578
0.8211250608298848
0.7621203358624811
0.7371109657197575
0.6893964488982824
0.7149027938079906
0.7365310447643554
0.8229348058769815
0.7906893842351158
0.7928530659575052
0.7470455677322639
0.7878408559017763
0.7311235903445471
0.7081070139896709
0.8181569778005113
0.6855223450414403
0.6364921056340246
0.7063347071761307
0.6680687224552413
0.6530610145536077
0.674051467765372
0.723396784936635
0.6607396384857745
0.664500503145862
0.7331344909664199
0.6257468066333415
0.7352454086830482
0.7797608096015606
0.7183410585373595
0.5985825400819739
0.7957265561161488
0.7885477895078618
0.6686887857286411
0.7196272282479523
0.7343177185928715
0.641215113823066
0.7454042373033997
0.6917862198452023
0.6568291841696303
0.7721162798455365
0.7529929157723838
0.7071842615655698
0.7060359553308069
0.6468374567080979
0.8122125810248821
0.7391423187389683
0.7171068943537113
0.6966297943303863
0.6299745793259379
0.6839275960710118
0.6738552772849992
0.6570843915792701
0.6544929976312233
0.6177439558646751
0.6750010463392895
0.6431102887854165
0.6554568710534423
0.6469346241706484
0.6308215402426088
0.672068504734399
0.7442457388578998
0.7629041241779373
0.6620342984821687
0.6523998252940211
0.6607461775047465
0.6979154960150633
0.6247922881671828
0.8116349112982444
0.7659806702560068
0.7932397260915969
0.7453042576264384
0.7121607128718894
0.6419241757511281
0.8125013462160617
0.7065862635338744
0.7375578567181426
0.743676824042564
0.677414730425427
0.5985949765705383
0.6375547231511944
0.8040026986953636
0.6528501987498844
0.6394855676292436
0.6845483337121139
0.6725317523547899
0.6200100926460159
0.6095677409884711
0.5632022228218452
0.6446574235762006
0.6385276299906792
0.5704088259016615
0.6464505489449865
0.6670948138130716
0.7732186988095913
0.7051546972220561
0.6899883588804017
0.6099887733325087
0.7784879505057334
0.5772219899000772
0.6347634225868138
0.6457068295207062
0.6997346609335422
0.6774885855901707
0.729453986518283
0.6422175609221283
0.58996939865711
0.5612788783501679
0.60248204615041
0.7151941454612776
0.6978001476373153
