0.9969319595003322
0.9718480489301272
0.9974369658990871
0.9773761119148996
0.991249610961549
0.9579445251124222
0.9918072280031415
0.9808796878008204
0.9720848350004803
0.9792175106843761
0.9929130963308425
0.9815964590564242
0.9826812190028448
0.9830488987322787
0.9953644797852566
0.9977593245128851
0.9978939984496096
0.9996406242574789
0.99761802503582
0.9756339345861625
0.9929405329590895
0.9892863549649034
0.9690446468162772
0.962433707097603
0.9623669884314595
0.9580295121388944
0.9653772167802265
0.9879830843498176
0.9885743084787928
0.9681207831554361
0.9898932833012406
0.9871130375603869
0.9808907798683347
0.9852827681879457
0.957908109448933
0.9805504370746441
0.9843894088001905
0.9792881422637517
0.9718636897021966
0.9815858491162828
0.9582399168489261
0.9618988987487385
0.9586044257370333
0.9736105937134724
0.9898863254017349
0.9726898787399052
0.9605725420062499
0.9757816413941443
0.959662787503692
0.9706325028618703
0.9682335070969235
0.9826848333318718
0.9571924703915309
0.9864364548643416
0.9835600314439634
0.9668335926780249
0.9994260863413533
0.9698416583464101
0.9959060681806733
0.9896645450375356
0.9901614880400409
0.9905316429856432
0.9975403080488532
0.9777825069581354
0.9780536537247733
0.9979500799263592
0.9961932744358157
0.9991171444870504
0.9821554602034092
0.9994021786125674
0.9942446656279256
0.9961411552246868
0.9974950746087993
0.9890310119319949
0.9799957870787004
0.9925581277163542
0.9987560036144812
0.9981169015839928
0.9963013900553204
0.9748768373000419
0.9843684952084689
0.9766244988993694
0.9814943656219661
0.9836698462651495
0.9732379044303625
0.9965260176047013
0.9716763608094062
0.9674274778079753
0.9721194958137109
0.9976761564857599
0.9618142825583864
0.979009805727094
0.9689902440659361
0.9741690213703316
0.9653975954343779
0.9734114637057091
0.9632813126194031
0.9572601193973529
0.9584285919596959
0.9759003151966612
0.9787456367662362
0.9557923918929271
0.9724306766282471
0.9812712791850486
0.9781408378889547
0.9680239450578164
0.9940688891496511
0.9816503710094929
0.9563195050714484
0.9461518440271935
0.9298301571367726
0.9530852180230087
0.9576693632395581
0.9595869659854673
0.9502431058157499
0.9538880439116745
0.9579437149682255
0.9566188997675671
0.9742695448940137
0.9587514009268014
0.9569273853328044
0.9613893828334452
0.974560011552077
0.9712948739467429
0.9738431024296827
0.9691158257961665
0.9820771114305549
0.9486298642840066
0.9779574160356957
0.9483499628254741
0.9682687977528461
0.9566576813656905
0.9634970217307394
0.9961587922024683
0.9691998880899269
0.9766554234560434
0.9564266905728851
0.962094270788785
0.9591951758549473
0.9501463674514262
0.9686964318200192
0.9409185851297983
0.9451836720204807
0.9458194451818592
0.9721960462454586
0.9735019975379261
0.9765303987856966
0.961301300020225
0.9767073227369784
0.9816688083830215
0.9702737012226879
0.9738118741336286
0.9586243281538168
0.9768364229235833
0.9756307689592709
0.9748399088477905
0.9590400403541386
0.9762540994668958
0.9781467066927787
0.9888829480071882
0.9804793172569621
0.9776475580107626
0.9761328974458242
0.9759496313958785
0.9763979747765258
0.9757558783775558
0.97488714954855
0.9664717926015691
0.9707307596526837
0.9772222228308913
0.9409915001296185
0.9365102801869054
0.9465847382079767
0.9634197508741931
0.9331489515640254
0.9749424007561273
0.9716220262489488
0.9987284116478514
0.9859199190868968
0.9679298788550043
0.9660524113506155
0.9864286174959906
0.9677188985443634
0.9779859318070525
0.9747379805551072
0.9681496689008948
0.9785926727653114
0.9988285591404018
0.9683301504899183
0.9762656338150077
0.9908504583819941
0.9985328752556456
0.9633713189970972
0.9642597231684094
0.9705613851312049
0.9695024525251521
0.9784021708011572
0.9587054234450384
0.9755793456276846
0.9925476726434435
0.9877336700583683
0.9777138001216132
0.935361321837112
0.9325123405062267
0.9598426549392751
0.9456310402517909
0.9931914900421763
0.9590399267019205
0.9178810601142381
0.9768522697192943
0.9718300326384217
0.9993212213875006
0.9736272405489514
0.9747431974075473
0.9439194470272617
0.969985560544829
0.9243131369198716
0.9782936173484544
0.976775810455482
0.9881903952184532
0.9896794814881194
0.9488379440943583
0.9899068877748585
0.9785289583537979
0.9774775132963975
0.9866615709119526
0.9719774184245029
0.9739630263051104
0.9700983725869441
0.9363008923615022
0.9248824622421916
0.9316896731346583
0.9321273917972934
0.9066052336942263
0.9004836161214491
0.9209232683144837
0.91657095585255
0.8949921626364207
0.989611726299412
0.9497984401849973
0.9299177182370448
0.9889604416781115
0.9413247919371164
0.9754080611503819
0.9905478065999291
0.9367421131341049
0.9377398411715938
0.9098093184295275
0.9247136152600133
0.9276109174966575
0.9833478369832287
0.910843529432982
0.9748119647950506
0.9326973900885509
0.9410342563293449
0.9076366918989034
0.9066751188384417
0.9807358936365429
0.9027483793674926
0.9377841001411165
0.9502171733999709
0.9486659780632646
0.9509028015934038
0.938116587623111
0.8719173480211238
0.9419297503945226
0.9448861483665799
0.9526912439326422
0.9493507395980287
0.9301024152962838
0.9709758640731924
0.9527365680464288
0.9599021250959987
0.9569681581138068
0.9613831050952979
0.9598837116284316
0.9734373692703912
0.9531794507117675
0.9538301707170095
0.9649270522049221
0.9778568348381624
0.9356182024600918
0.9567624731510419
0.965959537916552
0.9422355942265804
0.9583731403508822
0.9573692348019356
0.9431370568956408
0.9736202473345827
0.936872068028122
0.9732582271162087
0.9637610804943544
0.9675637378580106
0.9690511849982362
0.9640706001400201
0.9105152448417342
0.8204233742841656
0.8849219592436341
0.8665560063701574
0.9011328274702894
0.9654045214863556
0.9084455454628594
0.9341638037094553
0.9153635043431128
0.9168907862186411
0.9930613168381193
0.8924221207181166
0.9246716355998488
0.928838663551532
0.9693108093508676
0.9177794338734
0.8887783763169153
0.8828716595515831
0.8506025979395054
0.9195968858755653
0.9134482575291297
0.885651000879405
0.9549566472410934
0.8927943575316325
0.9083126695624062
0.9891425500102025
0.982076237856236
0.8758988653945468
0.9808959046995748
0.9047501998618455
0.7874539421793902
0.6953844046803608
0.8413316647851724
0.7496330416368489
0.6985566962457412
0.8480976796985041
0.7592350162845256
0.7764307734920252
0.6681235584771104
0.683674724361119
0.8299594272392837
0.6560441670351819
0.750566798018159
0.7991668577946391
0.7265524328133758
0.8560749149138003
0.7098229821915455
0.977451212681383
0.9008391710622805
0.678530354834787
0.6620790832473464
0.7248403093235312
0.7035283061695512
0.6972057615345397
0.7147742357780329
0.8105375596633483
0.828210711302672
0.9372042810292395
0.6893133201162027
0.8251547605120966
0.86805050610739
0.5762287974226907
0.6024797031928782
0.6809867581286835
0.587347211212909
0.6043489863223556
0.7637332638348011
0.8491521733507579
0.692522052043589
0.7846375729324967
0.82386610061973
0.7065964328057143
0.761069772123103
0.8081988204746162
0.8261545379903553
0.8315364338514244
0.7350465616252679
0.8303912817175423
0.7617752136066721
0.7672515889443187
0.9330479032216052
0.6618518228753402
0.7887180919480616
0.7700703273062872
0.7203746652782801
0.9112522616161405
0.8610637511989194
0.7747718339393133
0.8121529096497431
0.9355500373091835
0.9669592358692065
0.7867338534776591
0.7046676675181635
0.6884128374996352
0.8113678240022312
0.7544685038278149
0.6784293216800648
0.9009300382615166
0.9652841205365751
0.8288309848428885
0.9102494149294582
0.9766554035826073
0.967550968872902
0.931066929760175
0.9501326851213205
0.9847570921010618
0.9173768210790942
0.903682081084977
0.994115350422917
0.9550460887728924
0.933388260024076
0.9521109684666653
0.9043522821286021
0.939211207058468
0.9947550686015072
0.9514813270432159
0.8356075838524819
0.9005288268151674
0.8905048727003055
0.8476125554410718
0.9317941177777467
0.880951032775483
0.9297552276187868
0.9637031527001574
0.9361122930965806
0.6828357806809997
0.7369600274991874
0.9018479217258046
0.8997162082628192
0.9797254833811491
0.9452295642316375
0.8874789800945507
0.9608271575020282
0.9320410795598238
0.9630275693163741
0.9552060490773443
0.9892803672645185
0.9271410514778698
0.9623530587243161
0.9358698463445436
0.9664437295830932
0.9686567152512443
0.9099648265385991
0.9781869459755885
0.9451656078689439
0.9583030564572508
0.9206037356074024
0.9141927882404518
0.9126003822412604
0.9778094010055167
0.9511481220766145
0.8861150292942379
0.9682201467727946
0.9765475991273642
0.980444316515227
0.9377725575825145
0.868047947655693
0.7726265877267264
0.869423668831067
0.8657198765613251
0.8854717459048973
0.8658938792859487
0.8862742069748144
0.9191104879017101
0.9589566365518869
0.8814271097549427
0.8398327960179348
0.8998577970326976
0.8450386599317463
0.9494370464792947
0.8927631814920092
0.9266088170808655
0.8482419499920564
0.8540606901211231
0.8591483183149085
0.8942023710567946
0.921090249869314
0.8409727962739884
0.9235224385520693
0.8497395669910861
0.8291653401742607
0.7979533501345584
0.92751997509201
0.9276566940110501
0.989400134542697
0.8961975873266119
0.9236879309977348
0.8888949907159629
0.5464952146702204
0.7971676100331475
0.552204877747619
0.8163745077200713
0.6673504864107707
0.9866843665712479
0.6818423959918549
0.691463870086006
0.6993475829827507
0.979895977993331
0.7739234624766961
0.713015709435088
0.7217517084472084
0.6807239790150368
0.9406872299532282
0.753022481717568
0.7706050355640314
0.684436524995493
0.6662936698727581
0.6903264458268524
0.9117928818783385
0.8030643236284047
0.6704716051622335
0.6766724501007109
0.8800148223991764
0.6997878912767709
0.678535235524748
0.7164044649732269
0.8721794887118681
0.8347830048734164
0.7065249870567778
0.7224304236242856
0.7267889332391746
0.517191451569923
0.6547164974316035
0.4531092165392063
0.8479429815309252
0.6183555836369731
0.8480270557627487
0.705762342790081
0.9750369881434557
0.759923841554959
0.5808872552886686
0.9659591691816989
0.8918039651427955
0.7684254587398549
0.8912075697935841
0.9511499830221326
0.5810262756219238
0.5540140424909032
0.8427833557155762
0.9267074337596888
0.6726644334394103
0.8809615605960153
0.8954435240320955
0.8824877915711972
0.7923196402383792
0.8430699964991314
0.9240142192718057
0.9873280154611566
0.6439138597152044
0.685072348584456
0.9550603537305211
0.9726614756699796
0.7216633465588618
0.5181141633812294
0.3464969507907618
0.3850346748590828
0.3905123790050659
0.7386812472749481
0.5134436878790474
0.6025053593036862
0.6646045877535944
0.4396201485004308
0.6462763128768172
0.8183797049587898
0.3460177964037323
0.39112851011738137
0.9787105308640034
0.3074668632575156
0.4486788465611762
0.5449630807915163
0.38870616177744705
0.29531751374545634
0.9148733920596308
0.7129569105950713
0.3202862683252054
0.615116050237719
0.54543628636321
0.3534182294692607
0.3665229393051787
0.5112015603459371
0.4494307800878821
0.7335511184268685
0.4758317996484632
0.3072768726975988
0.47169910058208914
0.7002842235517259
0.28166615822391167
0.33552694544272343
0.419647266251761
0.8232631204065339
0.8813752551062422
0.8248600053276518
0.8426854476593084
0.8066284786917755
0.8039437236276523
0.8639417340996901
0.780635458391463
0.9233817284635978
0.7719232348182068
0.5725760516525649
0.8713371437423676
0.8990510240274752
0.6126646279882648
0.9443576234260035
0.8988623415063031
0.7737725950391534
0.8438875745444749
0.9425397610063282
0.7030925918098274
0.8445450846974631
0.8409842123678426
0.7179728070542248
0.9327329923339331
0.9269394716401368
0.9826827020958543
0.8212373459152363
0.902028409786908
0.7185591181621218
0.7917022331967339
0.798771537942859
0.8269282623959684
0.8419182040003643
0.5784139148189145
0.9530593419635547
0.7447782363123014
0.6030500885390528
0.9593250521142779
0.5386149629292014
0.9052923320577929
0.5834043033137526
0.7263007951678824
0.6084299858435935
0.8894075675699615
0.6698634998824761
0.9313799933095072
0.7513250032948103
0.6579128905691654
0.8319366149480786
0.5688184526379347
0.5519286171414629
0.9910755485218589
0.7693466706767722
0.5225443683504978
0.5878878532025944
0.7393282256352915
0.6769138669625739
0.8233501542840129
0.8380776220996309
0.8213452667035681
0.652245748276632
0.9069041991301143
0.877469086330416
0.6407391549061303
0.4889037382664273
0.45442608222792413
0.5473178770684671
0.46497043233616847
0.5006418226128166
0.7528640957258678
0.5117890979289179
0.5630346186074169
0.641577620222051
0.51193138189254
0.7214313166654943
0.5075646974791739
0.9066404415819891
0.7203893441608786
0.6679080208631645
0.49635067360505286
0.588520565371695
0.6567215650967572
0.5507467260192862
0.6229533531120384
0.5223374614699408
0.8957698027201461
0.6502001762641146
0.5622613090178404
0.6919266701061931
0.975822069704048
0.7370497510498601
0.8298164672356356
0.5970844075989753
0.5181230948471457
0.5561108175482272
0.6046137021975404
0.7430577000975004
0.5151578639904467
0.5170641207760659
0.744388337951704
0.7513646240771876
0.6988472905425186
0.7680146995766599
0.7182668890778672
0.83225439059942
0.6357143840966913
0.8869780854458229
0.8462997247261682
0.8566913640944656
0.6709053855930951
0.8335897820653835
0.6727680875143642
0.7012636212635921
0.7425888535427276
0.6402052482041849
0.9570177540482292
0.9044555542739263
0.7087915988973504
0.7031353314730402
0.9232807257262152
0.8080096797064132
0.7031858116826524
0.7485895465181776
0.7037948169281785
0.7531915771623765
0.7658591977364557
0.6219434564257063
0.7670712251773824
0.8396725064485562
0.7955527433473661
0.7224700972070761
0.7743964049402641
0.7628559150946486
0.7804001774309072
0.720905453890643
0.6505350817971582
0.6600619010750775
0.7827386115809063
0.6938548813824206
0.7120936769172356
0.7614492591383216
0.6485263810028667
0.7694790518067797
0.780239032796636
0.7623737541497451
0.6491121318895734
0.7563320729172927
0.8381317350992648
0.6875208489093197
0.7741634240205791
0.7985846190737567
0.721987010164335
0.7833353253615167
0.7804696623021491
0.9068859900900845
0.7850458799812612
0.6354557959544194
0.7122848384661372
0.7625611474915301
0.9888610511947346
0.9470181109564498
0.8633228989583421
0.7900284080608408
0.9850809148906001
0.7938593912374842
0.8822073235793546
0.7875927045801687
0.7827792160731689
0.8419891151305248
0.8907608626624395
0.9006433640959639
0.8515115581684862
0.7374349059098486
0.8135403488927109
0.733375990663915
0.8943719786748112
0.7822521350277212
0.7836551746508826
0.8118550971726316
0.7969884700823886
0.8825665718735366
0.7372948230312135
0.74349719214044
0.7068797648770528
0.6791593319759506
0.7354327543957709
0.7860496932554408
0.7515608060451024
0.8736194202137044
0.8172477051315952
0.725951249492996
0.7241916406037179
0.8356492682427394
0.795293337419569
0.7917729955436343
0.8799744883640866
0.8090138933185416
0.7476785669048162
0.7724847955991351
0.7258874662866053
0.8192832574653286
0.8565498831022185
0.8325895191237956
0.9047735439618847
0.846251498152059
0.859097905323189
0.7534916142152919
0.823381659605945
0.7723916164541075
0.8198973957583062
0.813812133690856
0.8311684528458007
0.7589801117331836
0.8563491903440206
0.829231696384265
0.9142295333509585
0.8069718124038971
0.8969181232498711
0.8680000620848582
0.7636724372095633
0.826556699692508
0.7837464446889999
0.7985465081321277
0.8675810505444255
0.9469820404458316
0.778554063489403
0.8205888342322687
0.798493662935987
0.7260474256640612
0.8514771403775425
0.8475017710868638
0.8544956916596471
0.7489227207245517
0.7573178471504103
0.8517333040847814
0.7681420395497709
0.7459358434378154
0.847220308028926
0.8434835389933426
0.7372379274319631
0.8400087935051914
0.7679531502743865
0.922864547724198
0.9172219030709213
0.7864751554668032
0.8538602613937171
0.8804720039075101
0.9183098249775838
0.9251676602554315
0.8641214322280887
0.8518379169613629
0.8014758453586329
0.8834099988198494
0.909661551070314
0.7648062486939281
0.79586148215954
0.8834450194964303
0.7753600011744815
0.803296437861504
0.8571477544850921
0.9071550074276143
0.7402021878472269
0.818390180419091
0.8754805606834797
0.879182300525007
0.8682267841505363
0.8603084463274326
0.7484421977511537
0.8054660313439892
0.8278485848763868
0.8350336439650516
0.8322125731910555
0.779297884793027
0.8083506924309316
0.845293756658759
0.9087759852094872
0.7968502432571354
0.6721558286261209
0.8061618434363498
0.9078692010915368
0.765497358887774
0.7155144951862757
0.8581609879033107
0.8135513089954807
0.8646985807828595
0.7242092784232702
0.7944275548072539
0.6860584300029363
0.8315366394048231
0.6769547780978804
0.7121635825765547
0.7931672826111098
0.8705164846692071
0.8042657024026201
0.8146505151738561
0.7213281294008268
0.7472833479245419
0.7843042297182325
0.8967530191480295
0.8878934304385324
0.9657747042644065
0.918221832854782
0.7828703678847333
0.873298373944161
0.8638798214874321
0.8720527095773574
0.84757910164667
0.8711298411255295
0.8998598809038797
0.7721131649092992
0.8339110185244745
0.887953545349349
0.8368983089271018
0.7652158679488311
0.8366830028801076
0.9176896540513273
0.7750034578335057
0.776903156358012
0.806158092614135
0.8382033830836646
0.8677722689398875
0.8088365894288351
0.7670972388161243
0.7765785608505875
0.8230216946202897
0.718317303462285
0.8119505998771781
0.8908969891879854
0.9986208290802152
0.8958005521980185
0.8719200037067354
0.9006476087340454
0.7386771977181825
0.845988711027424
0.8824827160160179
0.898692681959659
0.9267206997698224
0.8030832029426023
0.8829501487711605
0.9986613642661113
0.8525655207856038
0.8289556515605578
0.8888093205569545
0.8874485887327513
0.9438288581629084
0.9047321449469492
0.8520859083621556
0.7926121842112619
0.8931211909562098
0.9229673481594702
0.8174423175432902
0.8610150376840806
0.895606468586163
0.8223828075115471
0.8380424042467428
0.905663272220264
0.8679489476957863
0.9037549941705402
0.8705906837323143
0.8911279346134401
0.9296834128464069
0.9239460176554246
0.8516102726327197
0.8771320817093051
0.8071748714631449
0.9136239521228939
0.8364908590989169
0.7755616759366314
0.9620240643694462
0.8379978923612142
0.8802438636962115
0.9037006290114202
0.8231549860282208
0.7286310872396984
0.7709988108316526
0.8158374430909663
0.9912700412309655
0.7956680386176447
0.7998719288988749
0.7605235821694487
0.7891946281034958
0.7742251958692434
0.8621532196686006
0.745220213624509
0.8540314986557886
0.7480999509973348
0.8554223624856993
0.8672403406450657
0.7605812253870137
0.835296413673623
0.875637087028499
0.9417037104870123
0.9020832169298922
0.8497279895301033
0.79563705285219
0.8559288059433534
0.8654552830812949
0.8221121693487095
0.8380374323147302
0.8309247117041658
0.8125271188851759
0.750669804442021
0.7144788772414791
0.7123004240215818
0.7993359862183962
0.7013009675343691
0.7844608884711479
0.7797090999878828
0.7361068834341743
0.9304753547044802
0.7601792609771307
0.7708386413532553
0.7908792597941197
0.7491835695050985
0.727648335104841
0.6580231210883712
0.8405883883615691
0.7182401659130013
0.7650481498340389
0.9307780731969216
0.7293151683930608
0.6945531099219496
0.7689936421671695
0.7782450227466282
0.7332330163358773
0.7065175990356993
0.781269306324579
0.7604463422530722
0.744427144620886
0.7584281349707858
0.7422438664625791
0.7963845166313077
0.8032736081207021
0.841465284107395
0.8290629064962723
0.8249983909921812
0.7986584233764621
0.7772181293187276
0.8272570160457358
0.8318349161076288
0.8397185152834763
0.8835223345935136
0.7770600841367414
0.7813981899319578
0.8345311121492474
0.7829792515958812
0.8879258270274559
0.8256984858440806
0.8671367891595199
0.7811761121369378
0.9424607784643095
0.8067168889374109
0.7379611840995688
0.8766222145405727
0.8548240687504507
0.7882696527003946
0.843952595350361
0.972548703280334
0.7762071768400349
0.8023940485412824
0.8433889044440661
0.8214378574841025
0.7642234575420933
0.8182892424833221
0.7679334258208589
0.8164191018334254
0.8470737139014781
0.8613292250989042
0.8147334120051195
0.9085708580777907
0.8376879755300013
0.8526387342725522
0.8068367576309917
0.8852502187794782
0.8312572103840948
0.9018784101768873
0.8776690559701726
0.841248885252847
0.8295884437372817
0.8506621738656414
0.9132919583761111
0.8305451431295604
0.8528028617007799
0.8355985923104012
0.8855016943762285
0.8177573197631044
0.8022944988067113
0.8956197571680706
0.853542653781249
0.8442968125417805
0.8888445674691472
0.8872054121936377
0.8662037515126833
0.7785343714592012
0.943510829566961
0.9076690213412106
0.7030236766968998
0.6851099058088274
0.699586671666484
0.7434293337075204
0.8118245967197452
0.9020589597868807
0.8708017365494183
0.7526282355594314
0.9337032322171487
0.8089536730773514
0.8062923555695354
0.9489536155897365
1.0
0.8911725634833225
0.8302436530944114
0.86069024147018
0.9570774631442913
0.7904372882713409
0.920747322212199
0.9118525431622111
0.7869670789626111
0.7306683867478174
0.7093827623870443
0.881234256643786
0.8774657289066914
0.9270060976537118
0.8448449955663094
0.8013209171087008
0.6570813243174463
0.9522577550562633
0.9310914644250754
0.8034270562045431
0.9078134385894006
0.7896277502940274
0.6140359346843238
0.63977572657144
0.9450185837191618
0.8151954352436861
0.8256501361748607
0.8786437089853993
0.9258523102173468
0.7258627714271384
0.7792466907763537
0.8991931692283328
0.9179108327167014
0.8524916125634555
0.9418484487449241
0.7691040951171813
0.7122975781497006
0.778273512364591
0.8045117018640817
0.7228725032066698
0.874895813484106
0.9433469742979264
0.8844322605296508
0.917101450818273
0.8351868846109995
0.7610092250607694
0.9532597971880308
0.9061417947365401
0.795619519451094
0.8619089408200467
0.8565531380804696
0.9010885516688666
0.7867450069912867
0.834978955591124
0.6473561904444235
0.6827207582290442
0.7739485660550093
0.8659618447717157
0.9281985666632853
0.7483665095969247
0.6311963005475517
0.8322295975942784
0.8059869428797277
0.7155297767977181
0.856415158461534
0.9099224049372109
0.9332393675280825
0.8396134254728171
0.8326595008209712
0.6271434224130314
0.8865507952940542
0.7220237107813869
0.8022310285861299
0.8118231520364074
0.8712563018061472
0.8770857801014166
0.8022185439681185
0.741601639932087
0.7105665947527989
0.628996885346221
0.7884625503294427
0.9144460293388692
0.7952022139790863
