0.991325997662118
0.9522845657192569
0.9687550612645378
0.976744434895069
0.9539254624670996
0.9918246032595837
0.9557913507651614
0.9810845789840599
0.9926075159149208
0.9549944848900853
0.963579776945377
0.9526968893428045
0.9729016204005272
0.9826783985961562
0.9602353736193778
0.9761547222365673
0.9544193125295802
0.9913400373844042
0.9741604226059632
0.9740472375020168
0.991906310307636
0.9522289482907941
0.9719676191305072
0.9690702283875712
0.9597622162923959
0.9635798132793385
0.9660937027649159
0.9555422928154307
0.9631504770531042
0.9690137083137724
0.9898994401686148
0.9850343670313634
0.9880146881118028
0.9860118448519657
0.9564357235451989
0.9812676748226218
0.9852525635424405
0.9797218795359609
0.9800349686784916
0.982129410862682
0.9563410272133467
0.9593961438449881
0.9575789759441344
0.9851123216739687
0.989892673662356
0.9748555420556527
0.959263832848841
0.9765174437120225
0.9617863552569648
0.9736143773226786
0.9637535819553609
0.9715567156776665
0.9635718448655113
0.9820286025229266
0.9763745012800593
0.9685963002123621
0.9627709451175552
0.9674616191993924
0.9601434727987912
0.977430449326458
0.9444913726206383
0.9583712421077603
0.9612686021116359
0.9701911965526511
0.9503149121241874
0.9600461052644647
0.9594766402581333
0.9459635624510385
0.9487162314930444
0.9728078759957468
0.9612900085199958
0.9517776446162047
0.959546565108842
0.9761716000052385
0.9635360845802183
0.9635606114428312
0.9883833789761708
0.9724637288936551
0.9456691782139506
0.9311157697958821
0.9279186837666147
0.9448173000793474
0.9535719071598658
0.9518873623812025
0.9409147241013767
0.9501284674067264
0.9488202207286259
0.944132300245751
0.9591212529687346
0.9456236550872055
0.9510147244268385
0.9553327482960854
0.9487667950315782
0.9437392333714156
0.9490272309502565
0.9591008909883361
0.9469445730918331
0.9513077453546448
0.9528714699545764
0.9457723850342525
0.9573888029884385
0.9473924224723873
0.9544999188897703
0.9458734789234389
0.9532594371392562
0.9562186384345943
0.9508296395830671
0.938655938751086
0.948324348363682
0.9463521946204514
0.9322655705183794
0.9349329774402646
0.9369444774689661
0.9348310019942707
0.9421331077454848
0.939622258883666
0.9507702207977917
0.954299485463214
0.9500851300611596
0.9474701863255983
0.9434551219341538
0.9406475235112931
0.9707284049151672
0.9478656749269087
0.9483072652912048
0.9436736336163205
0.9597673008476105
0.9424630462774728
0.9482803821988837
0.9695015232911192
0.9678690703195194
0.9556631292848969
0.9541871131022562
0.9743234122766341
0.9615892056085344
0.9469166293615512
0.9468554641531133
0.9643735746878359
0.9671752712813686
0.950938050555073
0.9283839599991561
0.9224120075122664
0.9117762452263165
0.9193591660845121
0.9262079783892934
0.9591588992530795
0.9674076743458417
0.9696339836768767
0.9641664384428209
0.9497657776795971
0.9409186568615249
0.9523739370083216
0.9356577009411902
0.9415189712666387
0.9441468353962412
0.9592199361746581
0.9420757918776561
0.975239091169456
0.9675614314911849
0.9591680307477497
0.9743651030003676
0.9708182904465384
0.9371641239101349
0.9320080116161482
0.9494983201147273
0.9639868447076876
0.9669741772595606
0.9328852544525167
0.9477360694679644
0.9697349111195772
0.9635548916318281
0.9545627634859566
0.8786615095860892
0.9215695630758411
0.9299223640879029
0.9405465848987327
0.9629658631869484
0.9651425632065171
0.9256688860581544
0.9671314615124109
0.9684003436804042
0.9743338723271804
0.9759443315336924
0.9708106222360922
0.9333340505689954
0.9429703867974184
0.9349751217015353
0.9751592899550333
0.952474337635267
0.9735791422376696
0.9739300002838542
0.9556453692650675
0.9484443401865863
0.9781892350495871
0.9752494424405511
0.9478312241563651
0.9540898281338567
0.9668558631734667
0.9739167178804168
0.9347288759057941
0.9232389473656364
0.9306947048131378
0.9307474018536738
0.8911510962321163
0.8898089810227212
0.915756411762406
0.9327115658565106
0.8982325084303364
0.9100851471108108
0.9043124125489191
0.8975324329251713
0.9344807306845822
0.9053990056352342
0.921260267349112
0.9081200150199041
0.8908505663431762
0.9048863913026411
0.8894526453965803
0.9041020196374385
0.9114499071367214
0.9151770310514203
0.8867202520844208
0.9088045418275474
0.9222974559737029
0.9138389240213718
0.9059715113198858
0.8828114287827097
0.922958012541586
0.8849874730692587
0.905940013697578
0.9228570697757392
0.9215586342837478
0.9063701610562346
0.8976145892587286
0.8232733862856857
0.8649526015964373
0.8478046724487629
0.8450786914251565
0.9437651262857629
0.8856226795716267
0.8848525777421862
0.9231920848608546
0.8599800839071886
0.8876015067580177
0.9523678205051933
0.912357810715627
0.8915717797267899
0.8773128991247043
0.8568237225167306
0.8940647950437555
0.9479841780932428
0.854172511114239
0.9389115450699745
0.884717378969554
0.8384898483519977
0.845768080479447
0.881629850151559
0.8951098778384277
0.8901519198120916
0.8465302906915697
0.8951372416175414
0.8966818306569369
0.9068262758360979
0.9136459479406205
0.8902931627931403
0.8704744336398873
0.8176499393691987
0.8643379945567375
0.8193951852428092
0.8823383450213204
0.9084604528427505
0.910350689862133
0.8681414441537678
0.893515165585645
0.9289965256422875
0.9233461448856866
0.8530010431835239
0.84583780640253
0.8518354918537253
0.8884266504678271
0.9381411169481877
0.8855788740934798
0.8533082921057535
0.8492010029675847
0.8594994686305975
0.9173095788856642
0.8788313884130756
0.8759627988091174
0.8939020853697794
0.9130740697803607
0.9109414443125907
0.9278375382329594
0.8714221620420182
0.9181352696978861
0.8809982399009715
0.7930623559944643
0.709096812044673
0.8173905270845099
0.751391716174221
0.7251673493565618
0.8501686811002099
0.7723028218543937
0.725097288729453
0.698954015470183
0.7071870797627401
0.8135920820491991
0.6912693482445098
0.7958732864166655
0.7736850028539966
0.7122106426838711
0.8427731746769325
0.7480229819063342
0.8438875066905644
0.8151740437618253
0.6778922258236484
0.7192933261777917
0.7715552553373433
0.676641531031462
0.6924116881482264
0.6885429217914862
0.7179149173293475
0.8539681407954355
0.8447434947108531
0.6673600992949953
0.8135789552669768
0.8942536495120068
0.6367494165545311
0.6853704486710693
0.7101293461417272
0.6590418503208885
0.6652911241965129
0.6041450506354329
0.6540450021839896
0.6033627749889373
0.6260083913422734
0.587366057283633
0.5888726135049644
0.5984391980013402
0.6155197231055536
0.5981219726462341
0.6002449135964563
0.5816673078438888
0.6604318073873569
0.6145377513589481
0.6292317077620143
0.6704918346880799
0.5684401663018825
0.5944727525443118
0.6977425647274769
0.6575371347935626
0.6105480279840438
0.6051376500365158
0.602522334472214
0.6194185694625985
0.6122036924915446
0.6586570642464142
0.6085833667201133
0.5997151819422623
0.6291217897886132
0.5944507418756886
0.6029222894442192
0.7776454409457848
0.8379479707766413
0.7103862354142014
0.7850201413186682
0.8060655181227385
0.7356851570935452
0.7667381100236481
0.8021531534515727
0.8094993369821278
0.8367359269496562
0.7387430506593144
0.8177754687683163
0.7623406392772983
0.7694340464876607
0.7976397147331822
0.7018655831495859
0.7845444079036296
0.7154057165544436
0.7303692363964072
0.8207978380469348
0.8307074725144947
0.7798538947241487
0.7858181311354604
0.8222622625199136
0.8253071269740502
0.7826361492914768
0.7144642577048059
0.6861728188456889
0.8137769504664256
0.7048959577605506
0.6487667531932686
0.8462544111842152
0.9202675541705114
0.8190334552878227
0.8758140076112233
0.8690435627260028
0.9294793152273519
0.8664640982686351
0.9179254406249326
0.9197530185493338
0.883019643777837
0.8122882053332676
0.9360476856275692
0.8722323445213407
0.8835343411321084
0.9193809216157292
0.8007468395490885
0.9052761552556003
0.9418687498561954
0.9315236837554692
0.7593037717449349
0.7684488011032174
0.7917739180820162
0.8164441993595634
0.8881166621670706
0.7346698120288371
0.8855666081606024
0.9473245405629844
0.8861800988943027
0.7839371059717832
0.723716888782577
0.6874474407597395
0.8085549640680378
0.8417554175829158
0.8713171127087489
0.7706456764469365
0.8059828141112323
0.8756414480841119
0.9085470570062406
0.8820042167225094
0.8138875499515097
0.8085088269912993
0.797101920457602
0.8972890459059497
0.8600330187315379
0.8702367887941931
0.8075492729737734
0.802910152942915
0.8159201115319008
0.8165227980993781
0.8577730822224614
0.8204755198827196
0.876309920979355
0.8254794234062057
0.7661263280842516
0.7781211070933538
0.8890871364403363
0.8688479246142382
0.9089837797228553
0.8589378251346322
0.8850892374903253
0.8148861437267622
0.5398311285820337
0.7909853797657795
0.5288734742085515
0.8505357828690359
0.6080557770532955
0.7992300509297381
0.5853847872161898
0.596483283387337
0.5935687895937697
0.8594699872133347
0.6082927145673424
0.6457190275920628
0.6676644102864298
0.6054372813072826
0.7874543634919955
0.5998911180088757
0.5494528262970348
0.6188762704935769
0.5600651234621608
0.5549113257153637
0.8421268372602945
0.5485076910069534
0.5624642525039177
0.566741673322131
0.8277469442458717
0.6549780068564192
0.6247890235307846
0.5515931439420824
0.6060084000815738
0.8387603094800231
0.5725785098945001
0.6133496999112125
0.604015757903088
0.5559056970947771
0.6635106595485629
0.5676377436721132
0.5141168365083881
0.4450183955793511
0.5149992437704448
0.6388965450665339
0.7081804165336352
0.5630533409327045
0.4961437425418132
0.6556791478268038
0.6882097464092332
0.6750069360536742
0.7781807625650907
0.6559196526138632
0.4576491130599884
0.5368319362070043
0.6679388334469132
0.7487907277717372
0.45450842195422025
0.5619113669672287
0.5385435406849133
0.5867660367827348
0.6060495169133687
0.5200876513675744
0.7732733797234191
0.7091256234687163
0.5174217659881806
0.49912636343914546
0.6044022103794502
0.6489559736435977
0.49169846008001705
0.5794128858172578
0.40560318921566785
0.5191564593374318
0.3914281550072676
0.5156991728721834
0.4216255095402492
0.4543850331022288
0.4141845558952072
0.26470563486428944
0.40171084589562867
0.5385257251537058
0.27751400626215195
0.28280600988772264
0.4847379363858906
0.2661109853874733
0.5239450899167002
0.42415978433026336
0.276818749926807
0.2649502046672716
0.5373505956747331
0.33293963639266994
0.4578307591466405
0.4848551152479515
0.27070536444052207
0.2708387629445047
0.43068948935119555
0.36351469481802967
0.37652726897182276
0.48662630209756763
0.3936789653902274
0.4410858107364819
0.27207400465526244
0.3883479933455386
0.19969877362436697
0.5794762567521481
0.30665743316121125
0.5038103150569557
0.435630371333414
0.4265976135824121
0.3559163958006266
0.33783787151187455
0.2752360115965649
0.3166332864077981
0.5677556743159806
0.22726410382693174
0.320731730763823
0.27571813309156945
0.2949965763344035
0.261501940439369
0.47278409984015973
0.5984039373808993
0.3377124495985502
0.28579775058505635
0.4878967733499677
0.2855592879093376
0.3784344363140559
0.3212623538716022
0.27945857366101834
0.34464649445178974
0.2777192562406241
0.2959856993668034
0.3662686812468868
0.4554401753452744
0.3969867902472659
0.2951846757826132
0.3711709638751829
0.8312445430488562
0.8443747133764596
0.84860311923335
0.6286666149170717
0.8583832947031158
0.7691039625393021
0.6494295825297566
0.7938897832378159
0.5533170557194511
0.7815450336228829
0.5646204134890214
0.7322372525361356
0.6329065294726357
0.6738496965272389
0.6967714500714111
0.8821181149204418
0.7660726916420585
0.6684958896063727
0.812834616429525
0.5607709729680455
0.5852060945301927
0.8869676788491929
0.7202401371342639
0.5467321839258612
0.5935604451262808
0.6827597682828271
0.7650849005195993
0.8587808968107677
0.7243795877611953
0.8315061766060629
0.6094517077486519
0.8866933506005881
0.8479247868657088
0.5705044311345602
0.5019581810279387
0.4650155688342507
0.4406104286844924
0.4461862573370277
0.4637282066790566
0.4768098523037513
0.46134844694115806
0.4776745319036925
0.4672725877165078
0.44748236976697703
0.46312617971360287
0.504467655479603
0.5314867483635932
0.517724273131067
0.4724373408503825
0.47257190415735373
0.4808810309319819
0.6046459670192099
0.4780230582887437
0.4508105402424898
0.46733652924949826
0.5530748061629989
0.3483302988776911
0.47491541453106284
0.5039274229687811
0.5248811016298006
0.4622729061924939
0.526231791643119
0.4361500621521475
0.5031450574049509
0.5092004297631705
0.4793021904952064
0.5725771541543601
0.5051711418586073
0.5090435498778636
0.7387141189777974
0.529043023916889
0.6126241928483143
0.6108620572669252
0.5673249016703573
0.6971608985345408
0.5408895390297793
0.64529396591069
0.5739603141796319
0.6020974080594645
0.5545947828963098
0.628572391160284
0.5559552995661161
0.5351517235886356
0.7047561932263686
0.5848052145197903
0.6593328167872583
0.6785041435649295
0.508971378572358
0.6279624658181365
0.7055503326166999
0.7261753155586446
0.632258658505494
0.6621500927121178
0.558209470322004
0.5557915072308273
0.5941916809369006
0.7335155977274193
0.5020695102050337
0.509274810326993
0.719076906861668
0.9748634328580864
0.7507256550874946
0.7175981395149726
0.7702349917911322
0.7302351717913165
0.8124929767984861
0.8061073684798419
0.7148823869624716
0.7373232596056472
0.7631394592272647
0.7311099000867829
0.8262899302411704
0.7923696628274624
0.8117207104864687
0.6759450024809777
0.7670686847698445
0.7484768255879131
0.7891342935144297
0.7132777636952095
0.7332231491776838
0.7662473579534202
0.7735491607342786
0.7417300400024095
0.786914304365116
0.7662296819121295
0.7896105892098108
0.765794421453811
0.7792758766689063
0.768145120842529
0.7056793716353623
0.7017484777469135
0.7388832620915291
0.7742896620074105
0.759016189961517
0.7619250085660279
0.9004749755903019
0.8979101949370365
0.8646465132714252
0.79706439144803
0.664186816270365
0.7709575823230492
0.7427483000185426
0.8025230084290902
0.8377822788175875
0.7813719350565085
0.6847588818125867
0.8469706579525331
0.8874383901353597
0.830666382703512
0.9061019704158877
0.8742671633749526
0.7912308224337049
0.7893253999235887
0.8082194384653856
0.9057065706303838
0.7755208303367083
0.8976334385355554
0.8540332297511402
0.7909905527702001
0.8360381697285996
0.7659032482935622
0.8992046885392855
0.6927743721989517
0.8807006574110735
0.8140468898589064
0.8042089829632411
0.7290225215301602
0.8190287380258817
0.7526874966156687
0.8418942094929296
0.6908185559607224
0.7415962338305296
0.7794855114777187
0.8375733204405292
0.8122168399705763
0.8607993686767628
0.8080878419985839
0.7464430423234147
0.7784182560833408
0.8822122892732146
0.8051390569314044
0.8381226642481572
0.7984356497499194
0.8019133567587395
0.8084125568194029
0.7644010054674131
0.7705286272808308
0.7248800931821033
0.7653652047290214
0.8253351803779101
0.7576606280212064
0.85651504509796
0.8020324418270566
0.7349603895050196
0.8534551409017814
0.7479894897844218
0.6947725075737201
0.7642872033079651
0.809556749532691
0.7909133841676308
0.7994743414463463
0.911900173137997
0.8496540643012387
0.8052293880332372
0.8979088990218415
0.6777048650711675
0.753060819497433
0.8424978580451105
0.8472096492459666
0.6743055310660822
0.8699055773457399
0.6990061517637778
0.8831463900341903
0.8995115169901621
0.7111708681983803
0.686836964951787
0.8264708295840679
0.7978968825086359
0.8157427858998842
0.6538792936254361
0.6674766803947698
0.6834389967813872
0.8491637423678458
0.8902170729368108
0.8397444789484381
0.7496455871236132
0.8387502029759116
0.8525040798045065
0.7840206333232401
0.7609984993737298
0.7750823482763634
0.8969304984682899
0.7589056115317555
0.9375976905794738
0.8345579280940041
0.8443127518698169
0.8266837669996654
0.7978423936411331
0.7105432138950741
0.7736795427673624
0.8193738513573812
0.8511181911692018
0.7116875012027417
0.741160088473558
0.7410944714078929
0.8659595065883323
0.8728264314449118
0.8066377197095632
0.7838631277259072
0.8561494942693934
0.8727311026229553
0.6886814648641051
0.8151636100429793
0.7166427446953805
0.8122764115740271
0.8701355399881352
0.8037081846632883
0.8321354865658737
0.8652264933226921
0.6958753708080319
0.8343416875988513
0.8105534024783356
0.8262342269576562
0.8550636457152616
0.829922186078919
0.8112907909146179
0.7740114172536676
0.7660636587081435
0.8896018767717255
0.8655603311369733
0.8759498289473806
0.8674876729076969
0.8698422055369524
0.8706687097946623
0.8513576810568253
0.828351624948406
0.9063505190373917
0.8908259142572965
0.7594609684553935
0.8362019006989192
0.8576873883784715
0.8838680894367079
0.8874928718959244
0.88058237102287
0.8482178837499892
0.8417544489212824
0.7465258575155715
0.8861314399587236
0.8377005348479971
0.8906854446554384
0.8775385610575193
0.8730072801512068
0.8855536835709501
0.8659912306627722
0.9219689384799024
0.7926975129560621
0.8743216138542482
0.7960828495997336
0.9126215652196903
0.8235284670371474
0.9321633947478045
0.8514907645264918
0.8548694570576783
0.7945803353193256
0.7670832235686356
0.7878072678287503
0.8371439311441391
0.805861130884638
0.7251527234150754
0.8256402667457297
0.8267846256064807
0.8363913290801761
0.8012196210373864
0.7157849269423002
0.8693662207431386
0.884563489442292
0.8350282590681626
0.7516821101507098
0.8997589460835271
0.777375930573178
0.8596927058369513
0.9133853961579891
0.7272173154822401
0.8134543932193431
0.8271464446057004
0.7249756235940137
0.8932891808484101
0.8410215381490135
0.9017780680837224
0.8311865792307821
0.8495301999757376
0.8474533307096952
0.7330789477593019
0.887167405686009
0.911052553113832
0.8828112570087712
0.7875391172851494
0.8864894176991402
0.9011593250219301
0.8162152185107752
0.8648355335739957
0.9067529932569098
0.7912836291564727
0.7866172378442039
0.8834526023444993
0.8823465770606562
0.9323670677132389
0.8569681425570013
0.8375358587206949
0.8046307474973842
0.827512670564347
0.764797653489384
0.8438843593726106
0.7942143558854612
0.8674142375242557
0.750851075579186
0.901925333240126
0.870390176809045
0.789308929730155
0.902188938686097
0.8337615554929088
0.8818671864605943
0.8995740095601349
0.8707898598572639
0.738235959831244
0.8916180761161696
0.8514400475493495
0.8472510981356987
0.8312057760029834
0.8085000603503505
0.7488245263183272
0.799836775668014
0.8410567575216457
0.8589027535908835
0.8357203771653197
0.7669953728447587
0.759352844153024
0.8675642915002069
0.8392254553798859
0.7545191912730503
0.8263497747021631
0.7709793874559816
0.7572785401268776
0.7937074767515717
0.9002682025165132
0.8150178567998325
0.8463686699915706
0.8177139423837674
0.8539922846835882
0.825933486524218
0.8385983474082273
0.8666606949609157
0.7729994327332153
0.8398926016728299
0.8638022218687644
0.8547109436288375
0.7656803974990205
0.8149265029274737
0.7852120456507059
0.8348572287897543
0.8155911201934567
0.8355051993160336
0.8009367558186846
0.7607714903305348
0.8600608743589797
0.7920683581330386
0.808943522590195
0.8610905884184205
0.772384334346588
0.7846325821359449
0.7129524984361328
0.7970897563183317
0.8596552213087888
0.8104732283580212
0.7601461043717631
0.738921387171422
0.7181841577464518
0.7881003545328502
0.8374168001081697
0.7313509735282274
0.8155244495342412
0.7956530403168243
0.781143196528547
0.8582695399490484
0.6836433048131442
0.7959234345356232
0.7648402876678693
0.8325634740020154
0.8033558942947621
0.8049311260517471
0.7491752554803109
0.8014957705233213
0.7837463420570627
0.8240959915279897
0.7999430653799791
0.8120833181359973
0.7251003375289546
0.7586030360263163
0.7482557315674668
0.8221738477247483
0.7801997565931943
0.8073464015460164
0.6874892863713268
0.7219234143859334
0.7186006320020284
0.736489768840067
0.7859022531839851
0.7939386937677446
0.765343315863638
0.7578244810309656
0.8183551581151662
0.7120037309323933
0.7163541232351247
0.7686398779032926
0.8312318721032872
0.7048175076356029
0.7562622303730933
0.8313242134144133
0.7445225048458343
0.7236339108210978
0.79130871685766
0.8248239914962207
0.6943030845633353
0.7477162095135648
0.7493555754662694
0.8041818224962703
0.6852817501554667
0.6315188525994302
0.7621591849102606
0.6188158768534898
0.6455059308208134
0.7885494056166923
0.7344209205174591
0.6616645349458292
0.7113874507129296
0.7949271139857343
0.6645281287406118
0.7492858108017033
0.8073096632094046
0.7739200452277688
0.6639766512824345
0.7818401820171474
0.7256905040293843
0.7004805080893508
0.7055696692893292
0.7025884919178158
0.6295991060261027
0.7443407794959302
0.6726135588061513
0.6664775046619262
0.7646924931390638
0.7570905863728279
0.7249657202476002
0.6614707235642139
0.6732949966503425
0.8052060336169534
0.7804484551677546
0.7678239230300361
0.6761767352201469
0.7089610553387989
0.6725970104326235
0.6575727471742813
0.7536955048908407
0.6518319571416485
0.7697413565228657
0.6140750143135754
0.7749855948652595
0.6587075181108627
0.7051684823941076
0.7007638764768074
0.8071577625618381
0.72546673572316
0.7795362188922583
0.6786755223718306
0.6764724860450514
0.6785423462015319
0.6637570561463839
0.6109836791511966
0.6803940661643766
0.8091358779726809
0.6887492408172597
0.7933851809743335
0.7091640639169045
0.6556455737793067
0.677847898728801
0.7122491754327631
0.7151334559344646
0.665149800468047
0.7076235332632285
0.7648627016361342
0.6365088199283913
0.6907365290539265
0.643428998302356
0.6771049540888924
0.7443894702419225
0.7794270806288255
0.7757087014637635
0.5806905707098672
0.5668549253731398
0.6699406870309399
0.6715347472930528
0.5737066200866852
0.7563480416742524
0.7133533604139405
0.6965419358461501
0.6950325087509786
0.7339716963253805
0.6032691729219124
0.717398013772439
0.5877728285482972
0.6351121324446805
0.6554376061118539
0.6809985607276594
0.699736829177839
0.7298023310062168
0.659909565069928
0.5936014167029775
0.5792384045029543
0.6115538508244098
0.761804118981953
0.7312307167573807
