0.9920808779855799
0.9603933887489886
0.9977919546475521
0.9780991800523372
0.9791342261765632
0.9551808044272787
0.9904315407162435
0.9764718130437091
0.9710769057582547
0.9592819718914829
0.9978081770305514
0.9967107699980137
0.9780994311101698
0.9893249551402074
0.9826874153523213
0.968283500212039
0.9702929961262838
0.9582134099348317
0.995085945120773
0.978039999887237
0.9679310018227103
0.9533193338275201
0.9724328054436571
0.9649602965463011
0.9565702899270818
0.9630308846872431
0.9655023917999049
0.9556588413228788
0.9945896060015248
0.9741049865128607
0.9899054989364096
0.986571063704299
0.9884363407968285
0.977683527888473
0.9578378022098906
0.9754921403091567
0.9842370707197181
0.9794670113952928
0.977628155160313
0.9697265120706058
0.9582360999169107
0.9625983307206658
0.9590156607783871
0.9850679957892963
0.9781851206066633
0.9727977601909721
0.9602244280864712
0.9756874019464394
0.9633904064987198
0.966165510075346
0.9660227759019733
0.9836523929506366
0.958034326245857
0.9889500639746509
0.9837105870605997
0.9656180209619738
0.9911524940025289
0.9739877792160989
0.9951667576844289
0.991519933435103
0.9851940826141976
0.9972819712071903
0.9912682339370601
0.9765534695112718
0.98443418853063
0.9939371522239369
0.9992322917996947
0.9946085159053385
0.9929233854661107
0.9916591678360009
0.9954206782085548
0.9991727233113972
0.9942252292824225
0.9975375551733298
0.9706573322518433
0.9991858431543867
0.9924578027966942
0.9994947503468707
0.9950944509098955
0.9845923372944219
0.9902266996507545
0.9846268347391121
0.9751415544535399
0.9808220095564621
0.9781703114035842
0.9901796184895773
0.9933686986141472
0.9671703622711154
0.9734908947652273
0.9774307832961356
0.996833327879085
0.9639183765602858
0.966351332584506
0.9753851605006428
0.9735844060806363
0.9670921068185804
0.9675855280660415
0.971598864593465
0.9515259880420792
0.9564587612556159
0.9831949841791747
0.9728375843014453
0.9621531280472135
0.9652982241798066
0.9929369434383934
0.9673466239400151
0.9703163387709939
0.9978892282217942
0.9776680709652752
0.9632333198852354
0.9335716707995326
0.9392258837390933
0.947360086511051
0.9607768190340173
0.9586280468900714
0.9558664131651636
0.9560111184021469
0.9554346894135222
0.9580060641327839
0.9724631259243939
0.9659522350515583
0.9556925447924642
0.9725676336016315
0.9743867025255862
0.9730940571861613
0.9647820005430554
0.9722934965863934
0.9491834890565254
0.949503893937803
0.9768829406106411
0.9686308976136437
0.9648875302914968
0.9606898681827095
0.980246078771229
0.9769367002068966
0.9523871094754182
0.9755274172954866
0.9882400301351794
0.9685986497922103
0.9556257055430426
0.9598748863206498
0.9679085653995787
0.9382824279919936
0.9481070315555745
0.9673632698822736
0.9803044023063254
0.972091170816377
0.9763160400103131
0.9750366339264775
0.9779500684165896
0.9557321321837668
0.97184296831703
0.9750586631095892
0.9628710496494691
0.9742721877019028
0.976326428051332
0.9750422727648993
0.9884885830262529
0.9758556073294364
0.9772880537976621
0.9851546841417798
0.9734609584748382
0.977411416301089
0.9744813822959615
0.9794633449977852
0.9759645905443137
0.9744671644566937
0.9765066067583057
0.9685960456158367
0.9656915583168777
0.975586064016064
0.9460282933432491
0.927165827869722
0.9685880901747538
0.9422677729210316
0.9612607856048163
0.9755586898744605
0.9676091545497494
0.9932346538798089
0.9895693355452658
0.9633908882939527
0.9758546154076351
0.9768464389768889
0.9780853923187016
0.9733116704349529
0.9663993547459866
0.9671316726607317
0.9781058735904962
0.9713943075357335
0.9857232157918963
0.9757059726357242
0.9956967653254944
0.9693707958031206
0.9717682606787487
0.9621452484989005
0.9714312480411681
0.9778834523389656
0.9878103777048995
0.9613422355372687
0.9715116832079785
0.9954345257134163
0.989526642806104
0.976584016296477
0.9086532910192519
0.9413016425850638
0.9727247251583095
0.9649443381189167
0.9746256033219862
0.9618586048908837
0.9361477017630714
0.9607097892210585
0.9922189980774392
0.9808549637075652
0.9793826148821352
0.9748855180404508
0.938535784503622
0.97156820351628
0.9277699011156546
0.9907679693258133
0.9786215830223355
0.9909673891732003
0.9774494410936905
0.9679851694143381
0.9797565949367931
0.9775569236630759
0.9870494976805095
0.977828430272303
0.9713064064753031
0.9687321449947227
0.9715336066199236
0.943518270579686
0.9238644700943153
0.9311983078197745
0.923625520123314
0.9056146874237612
0.91024363769008
0.9133048332888785
0.9078202881660615
0.9767693760083977
0.9779519882880033
0.9181179812711139
0.9682233571200453
0.9434319409008151
0.9746637769357762
0.9973232059773341
0.9620142685793803
0.9045542014311188
0.9293465563875456
0.9123518300566726
0.9197552086580316
0.9827973403603051
0.9477745070527979
0.9573881689443999
0.9121633494419645
0.9441603779297449
0.9322786919600476
0.9087337661478494
0.952691948432459
0.9415875017702982
0.9069501586325405
0.9378033193729394
0.9525345727016802
0.9652293545785192
0.9463185938915883
0.933518135462335
0.9172458183564979
0.9550261992326905
0.9403656135487719
0.9493594375455774
0.9598497927121872
0.9479484641420293
0.955611914290578
0.9630866977970503
0.9671074348983537
0.9486071939993492
0.9594951100030369
0.9529693057268872
0.9635438837101746
0.9572236185900104
0.9498822426841274
0.972173867901126
0.994857348076761
0.9402641212890742
0.9594980665918793
0.9613574021550406
0.9389673687843494
0.9567577996302609
0.973137964030096
0.9527791760396002
0.9673854932292791
0.945272793490807
0.9694040589505559
0.9641379164368712
0.9680561791276348
0.9651667465632662
0.9700408886441325
0.8881963369911421
0.8387803793508263
0.8971906605088298
0.8682538341291923
0.9620076942172348
0.9051310888100632
0.9594807459728324
0.9074642876260726
0.8910902049131064
0.9959992723043184
0.9470877064263427
0.8989943236554335
0.9346839784021068
0.9388824520037862
0.9001323462674102
0.9146522336336826
0.9032067817238028
0.865816066886979
0.9017926736192879
0.8605718605023346
0.9133992369984749
0.9669868892157912
0.8776716520165753
0.8929024229313827
0.9933950905684281
0.9711278379936897
0.911128063239695
0.945572004370338
0.9277132334558639
0.9613697077673609
0.7991503814786648
0.6900781769408635
0.8634510366250688
0.7368974456171014
0.706196298545078
0.8322846906323487
0.8660085292131322
0.7131707967126687
0.6981305596601921
0.6608181102681018
0.8168619068829728
0.64225990824113
0.8275854466041584
0.7782492651261969
0.6897283178816032
0.854125865755138
0.8297212961067064
0.9325545737663541
0.914241096863891
0.6563579994065913
0.6560398244278639
0.7715123307048282
0.740631682343877
0.7307428106019551
0.6891683029325603
0.7213191838858644
0.8962090833266498
0.9574565239433173
0.6740495643044688
0.773290933322841
0.8831291621518578
0.5649386221198531
0.6260805731558123
0.6625217727311121
0.5988203286831973
0.7656550594945802
0.8377397289218629
0.6923722716111779
0.7885635789954661
0.8095889473811175
0.7051612274062058
0.7656849660843604
0.8045342693631076
0.8173762308994129
0.8523227544431522
0.7309057530193869
0.8717698224672965
0.7601040281802137
0.7679473629238935
0.7980011983831918
0.7503882455872923
0.8017541598187892
0.6854715687088332
0.8075662937448952
0.8561854205659808
0.9195899031509023
0.7804065380972669
0.8036437500220972
0.8304957735513887
0.9545474536227654
0.8983630835867538
0.7078827477837032
0.6770971730520401
0.8135768794852454
0.7538935399155686
0.667007549534425
0.9031036400781551
0.9666934926552669
0.8425145308394231
0.90318414903872
0.9686213899235041
0.9614143081496564
0.9373288473314776
0.9499509260861865
0.9738239576376013
0.9113495238636103
0.9141857639702169
0.9659106664955313
0.9713242692729376
0.9258045403208867
0.9746043369853895
0.905008159441839
0.9386079471943518
0.983483680768813
0.9796011996480611
0.8291972904360285
0.8828592930993489
0.9157550742124304
0.8267179953836735
0.9335788787168406
0.8818822059186235
0.9273094709930976
0.9837231134462214
0.9148966404774944
0.8453913428881795
0.7064707548244623
0.8425044531090371
0.9031849901882802
0.9495604097001905
0.9651603348490948
0.9485354118469219
0.907627880686813
0.9644582014095973
0.9340924041701929
0.9695530036045275
0.9525177658786926
0.9817878060667651
0.9246184411135695
0.9756819692410529
0.9336778261831782
0.9607161695273989
0.9571873650284326
0.9260481413282148
0.9549430407182851
0.9537832141283596
0.9500557130661142
0.9422543742431234
0.914300260946895
0.9083594357408646
0.9664749339088161
0.9696824277836682
0.884789267005711
0.9617909684648898
0.9947670780466822
0.9542198753473157
0.940581227284692
0.8782158007765246
0.7660290128961429
0.8928598961986571
0.8324225252140973
0.9634001176991138
0.87266143346277
0.8504112590090054
0.9173140206204324
0.9210181781072089
0.8927165377707935
0.9046705904505452
0.8467835914585684
0.8524890625154131
0.9323277751041922
0.9024384517459383
0.8884931591019989
0.8917725225937252
0.8164022248919428
0.9000344032480465
0.8686609359889959
0.9120059928925472
0.891416058618467
0.8806410020341433
0.8677527927857458
0.8344057178288731
0.8256568148833422
0.934540246601498
0.9438279933858031
0.913515082992925
0.9047922594638885
0.9683768975221327
0.8467310574271125
0.5514251745916556
0.8012159858469046
0.5879600037912269
0.8736317979158194
0.8294794658264355
0.8532023176142365
0.6635242687555168
0.7028816257690833
0.8290112445170399
0.9496990607745444
0.7098625746522104
0.6948519236611149
0.7453287669817437
0.7325843500355507
0.9609925744267402
0.7691106961177486
0.6740730091843474
0.679360208491853
0.6802612622570744
0.6826844132001046
0.9865284442451263
0.6637237799052358
0.6782894227266172
0.678640761857436
0.9243104458778447
0.6914732897597184
0.7068811874192118
0.8164360980053187
0.7686993549798713
0.8685700009897737
0.6864493030907525
0.7274250881469813
0.7252719763172871
0.5012357929287177
0.7172541556334192
0.7043364260700946
0.6555763618943311
0.7353818577056724
0.7172386479949745
0.8644321685270004
0.8414646475368561
0.8698033080552259
0.5805416166790557
0.9349836469664341
0.8117871227694653
0.8631873072437116
0.8946351994751465
0.9118435632325346
0.6307605464217605
0.5454628854276798
0.9862845807196714
0.9185419059037483
0.6361492955950927
0.9303100026527336
0.8580383389377024
0.7469472961786023
0.9529509675673093
0.7906602408699724
0.9547868907949666
0.8357462961189984
0.7507758642723956
0.7576845664691432
0.9323366759638054
0.9519995371536358
0.6555644067007917
0.34102339922730096
0.3807419865658134
0.3896803700880318
0.7837461080495265
0.4838816440528064
0.7682282488416179
0.45587818224913346
0.7163064368969075
0.3577507360163917
0.6669872771575209
0.6604839804400751
0.3976681299405641
0.6333230352147257
0.5962046187140206
0.34712087132358665
0.46725809108548405
0.5312236466915541
0.30370596790386695
0.5514589897170805
0.9766921014516393
0.38826287029082357
0.38371731235279577
0.848631130150842
0.3675350239362195
0.3695094868113612
0.37003271395658766
0.4687577586030195
0.5118090170587977
0.6040158404465169
0.4331113413826799
0.4303042981982725
0.5499614918480286
0.5125561829534664
0.23867140324458552
0.4578494653627234
0.8574006481919287
0.8145980817823653
0.8641377767917697
0.8229132539607249
0.8579257058563947
0.797087146002344
0.9307315969894858
0.7550400762009499
0.9198668424412304
0.7241996210657118
0.6393798012873214
0.8520209409924598
0.8790793307104996
0.6598633495440904
0.8812331445731738
0.8753561662826699
0.8290811374002076
0.8637276436890627
0.8849829624244128
0.6525458917143577
0.8894068133446156
0.8641548943221303
0.7072052505265036
0.8756037945135832
0.9615934633177372
0.9297538570635804
0.8449212925392878
0.8313552253997568
0.7379065723105671
0.8446667973415207
0.8896580528349587
0.8010529177355443
0.8232969821701766
0.8651328228964856
0.6383046889689475
0.8898679939364073
0.7174072777117937
0.7210279562381613
0.8695097889494683
0.559143405395949
0.8828900322088775
0.6115926148654431
0.714763105741006
0.5935487823573438
0.8623468139507322
0.7374217961738379
0.8525712272659289
0.7608345411201632
0.6659335798028243
0.8055193648297787
0.563232006748613
0.6148114541166941
0.8844289827464179
0.7478833942265422
0.5449221249433303
0.6426873753149759
0.6404596480840941
0.6841869444294171
0.8264241836426035
0.8514346429716504
0.888984087916751
0.6002608467962011
0.9049848286436477
0.9919677233516849
0.5897221765058485
0.4574448678391705
0.5471246434088418
0.5243449747030978
0.44536083943060856
0.6946593748988683
0.5171755446050602
0.5585026984676409
0.6287518903520886
0.509667457276556
0.769287536822638
0.5086521706713429
0.7156850887844834
0.7947531238974986
0.8231559959241802
0.49642443969309824
0.5749364568440869
0.5072593969182507
0.7675475951968103
0.6251752661898013
0.5375472372345014
0.6834538652126507
0.9274126252181223
0.4081709605206731
0.6401753009563419
0.9669440871811947
0.8955307963793361
0.6355594422933541
0.7965717716520152
0.5159320159137026
0.5134896342283133
0.5872608425261563
0.8010504084003526
0.5077944599173505
0.5054073530355161
0.6505114429166101
0.7680465867257753
0.6367863492840827
0.7035880284790463
0.8863251724969908
0.722119867342998
0.7102254708013773
0.7452757000211614
0.8336104359625691
0.7938048026679203
0.8437359694048872
0.7507448123975893
0.6884230727963165
0.7581258175614368
0.7120418996679971
0.6674976185932918
0.7338043593798638
0.8813210817970705
0.7010786843968134
0.8900667431608893
0.7134137943281055
0.9899312658975779
0.7161874779326787
0.8200460987378446
0.7053991560121928
0.7520964114529436
0.7616676955168942
0.6346318280809002
0.7669197691350293
0.6305632211066587
0.9628077058597672
0.6767410705944361
0.7173118715711718
0.770973778872525
0.7554612376845072
0.7713687692562052
0.6771925682288786
0.6668306074902536
0.7174589325279852
0.769391208826689
0.6451359942155777
0.7437417789969953
0.8315588073213527
0.7209276658631661
0.7761656093415954
0.7895471857662264
0.8655159311809653
0.6844724476286217
0.7606008203999683
0.7654966569553915
0.6376788904895218
0.8314553530281833
0.7860446735013568
0.7225010655282691
0.7807428971875607
0.7656146001645108
0.7437025184185941
0.6838225075037557
0.6503052368232873
0.6724758805082731
0.8120223166203677
0.9778743695812802
0.8911158315963665
0.9099682326969558
0.8193625946151049
0.7483569362397554
0.7534448133871846
0.8052188703243564
0.8005428536944581
0.7815646965785483
0.8762999616250188
0.9144463040018325
0.9525450174938144
0.9221290084119798
0.8406505892673997
0.6763834268915238
0.7690676085413086
0.7504905427205407
0.7542674027477307
0.8077764193790146
0.8212044102043765
0.8277169311006934
0.754024795106783
0.7465001449387867
0.7323628760978709
0.7871635928819328
0.7762322491044034
0.749400046637729
0.688712718069364
0.7987102373207313
0.8747572441141067
0.8612058378051413
0.8631016442048465
0.6785209858895012
0.9368577995882496
0.8034699811841479
0.6704890014041256
0.8837201361898214
0.8191126573108785
0.8227728091279796
0.745978702787161
0.8392663548772825
0.9152918722483574
0.853134436333114
0.8821781679020144
0.8730470217239816
0.8808772437913286
0.8558750543538525
0.8099366576344598
0.8681751862158352
0.7810838127848827
0.8213060415292044
0.8309255770344052
0.8012538581556385
0.8040764366201976
0.8271944761549667
0.8007098043040562
0.8816173010220187
0.8706949146554757
0.8654778058257817
0.8904350760983233
0.8871037400976323
0.8031860415700164
0.7926023637022097
0.8200610313442372
0.8870510406011587
0.8505882074841347
0.8641077633911332
0.7581880242802037
0.8271386585129317
0.8774754222849223
0.8317000949491662
0.7907808836390571
0.7703069465795949
0.903433723393976
0.7018775950294047
0.9437831772029833
0.8643619939330786
0.6801154501270421
0.8527460815882102
0.9233841385224046
0.7761267050005451
0.8303265809074758
0.926417544238221
0.914040505848791
0.8388822821359136
0.7926092595918781
0.8466909191973444
0.8833488961018137
0.9141221949041443
0.886731948335345
0.8228103133468951
0.6923273537664909
0.6992938600208924
0.8528212562331652
0.759584681737523
0.8313518123841356
0.8828542618070708
0.9298254146051133
0.7888802377334841
0.9089784938976604
0.844618042345865
0.9169783550639964
0.7117635503591428
0.8078224093042694
0.9071805059903064
0.8347411568070894
0.8108730649073012
0.8118674815531127
0.8093018254789924
0.8391258893754117
0.838511062926636
0.8237975499362649
0.8690020405731038
0.7782203938000847
0.8085288875525942
0.9389712786785314
0.7810993129310405
0.7666995245488293
0.6710105984340557
0.8348964195273483
0.7600607810354165
0.9389688882973828
0.8094651520006445
0.8360418213203283
0.8147425093591443
0.7290061160837171
0.7459771378128243
0.7314490126108014
0.7938942942437749
0.7870786212761469
0.7631987019263383
0.7640155150439116
0.7828211504730511
0.8033532236429466
0.781839983200317
0.7014853528097205
0.8446450988145745
0.6534622645527013
0.7798464454942629
0.8782433170706531
0.9546789628564576
0.814126934660111
0.7763445991524993
0.8042371796452601
0.8569075758645632
0.8881081166352887
0.8659796763548044
0.8472695789905873
0.7727470623558896
0.7933988295742093
0.8594322381456818
0.8449883783620304
0.888331465793563
0.7804190631811583
0.8915158786668347
0.895577463503505
0.8253382314532121
0.7934935508438439
0.8356481171762007
0.9217774244346226
0.8849715720894704
0.8496375544630113
0.8932658269516573
0.7948454059748684
0.866914627271477
0.7328579358193451
0.9409499954703053
0.8500031993693493
0.8150437976919791
0.8105212474710368
0.7834727751850558
0.900300896658442
0.8494488031879521
0.8282684297115586
0.9064983805593688
0.9161495851495804
0.9077716585075365
0.862126273485808
0.8131457090171225
0.8333618216685199
0.9950813605413669
0.9018448932850243
0.839539401101719
0.8775293922383798
0.8014119409914443
0.8414968331938159
0.9280176564708722
0.9158712724822662
0.8979727473295727
0.8957293006962098
0.8924231445890269
0.8381871392447443
0.8723210054159655
0.8349525942129918
0.852658797326004
0.9072805416610079
0.8995465070030171
0.8094660221314892
0.8524116975024479
0.8525020384236892
0.9233947466808026
0.9277762182501711
0.8820134665201321
0.8262874750172601
0.8631861740179881
0.8923725078514373
0.9131921691116958
0.7761038796318589
0.782488951978489
0.9902099593475171
0.8013572349008369
0.8600952730500565
0.9728860381925349
0.7520412402972091
0.7784146216582897
0.864166817765893
0.8878272532659872
0.8641307247903656
0.8203240435656604
0.8093441914017296
0.7989724727031978
0.82355811920186
0.8499890437726716
0.8802508904755744
0.7440708780374481
0.8799244387820753
0.8435109172019588
0.849253390022076
0.8819122575145917
0.7646865285419165
0.8748990950005141
0.8763564454564488
0.9177311015190077
0.8594791740713519
0.8518416373307378
0.7539810424727423
0.8687004833959309
0.8768846710480354
0.8507831276128635
0.8378290989283587
0.7587327596642728
0.7760055314854404
0.7668591761295035
0.669449043304158
0.8036607559620814
0.6878060053687238
0.7480427026756671
0.7655035825342597
0.9042219027734877
0.7790429426477634
0.9518220123091656
0.7549319277453033
0.7558036466562025
0.7190010433887133
0.7438149286543385
0.6593356486456114
0.7313115142777038
0.9466039224447641
0.7446150160608239
0.6771993042048945
0.7738963290165832
0.7053379449278866
0.7599643924473705
0.7430793170882233
0.9559291734427491
0.7420280088479028
0.7295169969440913
0.749602646694136
0.7541684786566113
0.7674786746860813
0.7843863715039682
0.8095298266140074
0.791107205403018
0.8331622434054713
0.8421011565709854
0.81932398145021
0.7633338687725437
0.801890156475388
0.8706057747097113
0.8366217808500198
0.8346731105121267
0.8492826088303144
0.7393484648672913
0.7718741646230531
0.7968085500866839
0.7668807725717821
0.8384857406340936
0.8272821056019198
0.8267041883452656
0.7797716254438736
0.9588367336839339
0.8142813876575982
0.8015917959463493
0.9429195406132531
0.9173958551482579
0.7161190555945894
0.8416317077550777
0.8521938694935236
0.7672216696674428
0.7201693943095822
0.8288558477181186
0.8285738576989139
0.8196742528559354
0.8733009376227432
0.7826400700132825
0.7953751714692741
0.8777793911152575
0.8351952608659393
0.9234522882512296
0.8266029910818626
0.8535355682315119
0.8375303114888121
0.8651152724259389
0.8065891245064334
0.9245154304553073
0.8147279197348778
0.941338899052122
0.8068550835498669
0.8826154604808689
0.8303932057585294
0.8970093900121767
0.8654912929474278
0.7953709393007895
0.8939963251220902
0.8216693860028015
0.8631711453372615
0.8305764779773358
0.8114306740321428
0.8360227348960811
0.8398588676147137
0.9258272694706614
0.8427628453307733
0.9513235323560267
0.7903047455133689
0.8506968471746331
0.8836918348219669
0.9285099523926906
0.6951002926486329
0.6362236760657299
0.8696075056396979
0.7894336948271811
0.7394644009106213
0.9411598345914713
0.8298966438941289
0.8725088845091624
0.7034466634220322
0.9656335978611809
0.7786603930027276
0.9955700976489088
0.942730252269695
0.9720457038077613
0.7171599681602159
0.9508222463161062
0.9164224637311783
0.8646405683663972
0.8874921386152841
0.895773388677523
0.6763401524251385
0.7696573825418479
0.8976380735530152
0.7693154318896451
0.9414539903860473
0.9599205870637172
0.767949108129278
0.6738970713635739
0.8055958569159694
0.9722388726732183
0.8041134035415018
0.9443483867688518
0.9221851858281804
0.6566360970411363
0.632115891952548
0.8506991118277658
0.946236100477737
0.7610804044511714
0.9052107475422448
0.8666256822983969
0.8243642143222636
0.7983039402142743
0.7990130527934052
0.8847578541279953
0.8336589287063573
0.9863482518737027
0.8376379324583834
0.7525047682924935
0.7480554134789545
0.8476852644329715
0.7298229313335239
0.7171070486154751
0.9520378633028421
0.9292920174525321
0.8698488594840474
0.9517360263201681
0.7941375058407503
0.7892400617860182
0.9505842080217541
0.8162879950541316
0.8249846423794651
0.9178581244559064
0.853688460431664
0.8999323716371158
0.7077773076913112
0.8751748220237667
0.6477891242624976
0.6897539248940968
0.8960504665099507
0.8981728221414773
0.9224731821929266
0.6695967982947174
0.7224909388702518
0.8147077497123401
0.8211136023805625
0.6662077570094728
0.8910244449438021
0.9184825779259597
0.9011668609966388
0.8176053861430779
0.7756230358116918
0.6946353955852199
0.9194015060653309
0.754157407952872
0.7968938545831419
0.8292752281809587
0.870320426969593
0.782449147298871
0.8102731052002909
0.775706984091048
0.6667523895098135
0.7251129186436037
0.791477039675921
0.8243439650209893
0.8572358965181788
