0.9895234941076185
0.9512146785505116
0.9739360773334343
0.977127241224064
0.9744150997796774
0.9919420338460887
0.955506725684996
0.9799779295035423
0.9687839189138416
0.9742911228963829
0.9636841071641692
0.9528041891555767
0.973461138147211
0.9649245205128171
0.958363516477932
0.9780841928591644
0.9538323569496227
0.9909018461747997
0.9796322969211617
0.9714174169709963
0.9877334192137882
0.9527663038882042
0.9704797238156497
0.9676771408513507
0.9591561300363942
0.962361519099548
0.9663368936168835
0.955487822813804
0.964154772509182
0.9692657309691668
0.9881140450309374
0.9873346338262108
0.9874812371563478
0.9855884283804859
0.9575792428951672
0.9810083334636197
0.9847574840708618
0.9806868100193896
0.9782808768697173
0.9835519962484078
0.9565365206356806
0.9598747420733329
0.957643520957254
0.9867627295528746
0.989625815224909
0.9765427042069537
0.9652889491721688
0.9764482225061035
0.970009386493853
0.9751426282266257
0.9648768998638566
0.9835663153638778
0.9570023275833768
0.952755011415477
0.9504030006771838
0.9692518219252853
0.947704857802338
0.9699613640996787
0.9626317094967887
0.9612492778898594
0.9523003024912398
0.9574373702261454
0.9529894430421233
0.9288090060882642
0.9459608852816211
0.9697259506286009
0.9690385815255711
0.9479052582244679
0.9589028000357798
0.9779118222481858
0.9585934496091901
0.9656117734442677
0.9876434534217606
0.9687676801098455
0.9340772698980712
0.9300929270372549
0.9262536909758767
0.9450314528300026
0.9516239114460805
0.9446820280672059
0.9453043752180301
0.9437581785844916
0.9448663579337843
0.9428627468435845
0.9502014066946055
0.942043304526377
0.9462289563396331
0.9419207924197491
0.9531811843722857
0.9488919857888432
0.9535778281011046
0.9648914204392327
0.9461330169848472
0.9485665396058091
0.9561095587556787
0.9506125560985259
0.9507902062859428
0.9537047640361217
0.9493804279622042
0.945528344670044
0.9494409398675911
0.9571962739350759
0.9541549598318004
0.9314673332704493
0.9549461782547978
0.940123844757638
0.9335031516103725
0.9328130178613719
0.9384936713285157
0.9403781794735853
0.9394070650806984
0.9373351946349118
0.9426018459447205
0.933772746222816
0.9429493191275473
0.9404206626510825
0.9413219823977986
0.9452444521992249
0.9491040650347474
0.9469449438226811
0.9499862025284809
0.9428804894049867
0.9697824973723561
0.9439457381399348
0.9477927775302191
0.9424062879933759
0.9701747081736796
0.9505156464295889
0.9440899169438355
0.9505404817716125
0.9594900139765221
0.9500419360090743
0.9566861798719208
0.9616748909847093
0.9670178220739618
0.9512076355573021
0.9199471652184066
0.9257683669901369
0.9316189777741708
0.9127141537801142
0.921523896858269
0.9233820344024608
0.890612313128242
0.9417038200342689
0.9488078119355359
0.9625182305616435
0.9666586003691278
0.9548730754690911
0.943582204782283
0.9478030004849882
0.9392659627144109
0.9286938219392886
0.9402752171929276
0.9711880680866205
0.9611346134261796
0.9604804711447413
0.9688682750737505
0.9758060153231729
0.9557432776799404
0.951511654091016
0.9519037215301913
0.9650860510910797
0.9661968852074018
0.9310133983728031
0.9580236194312285
0.970040973926406
0.9632009284068984
0.9500337600516642
0.8742713439626062
0.9134122222175044
0.9297532855124377
0.8857181086021697
0.9359585379860155
0.9260523496016722
0.8709803987635725
0.9575955920280853
0.9611404581849723
0.9744581884997242
0.9784073613143012
0.9738002107976919
0.9314186733705563
0.9758388669640115
0.9260190309153072
0.9726437987759291
0.9683726203768379
0.9592412950769744
0.9766881606229083
0.9561781283246265
0.9536359975195603
0.9764089269973034
0.974963383098747
0.9760569473214349
0.9356757446280475
0.9735836854965803
0.9715398733336722
0.9065422787115079
0.9083241655244022
0.9251616351356496
0.9320483084076273
0.9129085483264223
0.904353598842689
0.9194768580540581
0.9192469880496849
0.8778328423708835
0.9025951555694035
0.8750754179042716
0.9131134543054267
0.910856279547528
0.9095219969823183
0.9276571127303044
0.9009313299069377
0.9048006204650934
0.9041134209616497
0.8913924649939564
0.904189531209789
0.9046107071294898
0.9029002266531794
0.8687597667223921
0.900144887664612
0.9169743488801745
0.9179377742576535
0.8954170673321622
0.9036754220302661
0.9228946167671879
0.8758459574706788
0.9216549845296671
0.9220960486641061
0.9229003826583635
0.8995327788076414
0.8990032341196328
0.8334795706291145
0.8615587819322514
0.8555426046869254
0.849547095341086
0.8512460119268848
0.8408552475079613
0.852725343887933
0.8346580301274463
0.927681233548957
0.8924484180914182
0.896732629139883
0.928793424731123
0.8906000575680573
0.9214848255529655
0.936673185214838
0.9217556426772252
0.8945354640862319
0.8304211273965242
0.8851989332860588
0.8867609326724486
0.8947549051108539
0.8631724084705121
0.9385323281250637
0.8333825641340332
0.8916911188294734
0.8371160286780192
0.8860034126631633
0.9358001543818137
0.8790146014519347
0.8952239330116596
0.8761391438979252
0.8255906404666233
0.7774805553742897
0.8215287317152149
0.7816251519752961
0.8551080431762799
0.8823797542065609
0.9017011402654114
0.8364726296765275
0.8708831311985676
0.9361296237369964
0.9135920295402378
0.8380191519264575
0.8771517217515499
0.8573363276116164
0.9010817866839637
0.9378415689955395
0.8616119120173534
0.8439409306395445
0.8243299547923622
0.8547110501101352
0.9128399141444425
0.8785197471179811
0.8779009696497367
0.8946985100733909
0.9213900816041354
0.9121503958081865
0.92137899213048
0.8733610012738109
0.9119073326819293
0.8739134383134978
0.7997094583260913
0.7234939105418589
0.820807830820784
0.7552136159685475
0.7202055797636857
0.7929934209594538
0.7742858962933904
0.7417646654320785
0.7131821720816865
0.6734811622961837
0.81110752883482
0.680256834692236
0.7982949471059213
0.7744953734226152
0.7048298241791267
0.873736681515285
0.7548785892956148
0.8636747127890352
0.8346860582590143
0.6856629766059608
0.7016143228412838
0.7648063196249091
0.7071983658826464
0.6734369195766314
0.6977275581342361
0.7620811096846207
0.8381290841567018
0.8438426307140587
0.7014935687880177
0.7866458472358643
0.8958163581923455
0.6325667814776521
0.6224301696783674
0.7122769590037681
0.5976454555733683
0.6767723748623309
0.6846797002930756
0.6780425921221749
0.6835602228133475
0.6656840410367045
0.5854030655328071
0.6320995426606022
0.5974394752622554
0.6363472383412869
0.5960570353430646
0.6004836327878043
0.5815041896096427
0.6190816115842195
0.5977090021828826
0.6010128668333508
0.6642915433526091
0.6277207721442626
0.607808212806348
0.6901980540779433
0.5973427847995938
0.5683569758423463
0.6069094926433691
0.634326882323845
0.6621423040971017
0.648586747305829
0.663748549511663
0.6141330790496462
0.6199433286980511
0.6033164042243231
0.591521359674018
0.5911518151135651
0.5932065534564261
0.6386287702128381
0.6093785255701847
0.6213211072950205
0.7789524469822149
0.8381599486959029
0.7005118552755065
0.7884779289761745
0.8062269512491584
0.7328205893578263
0.7638433482508297
0.8018473298151322
0.8141631829808403
0.8308562847659762
0.7386307622391757
0.8182710363533521
0.7741447432141944
0.7735262885613452
0.797213444761804
0.6913902974492624
0.7858830109645614
0.7143565637519236
0.7257338431113334
0.8361445333314311
0.8380828023347262
0.7784840960984201
0.8019561622562534
0.8122288077049409
0.8272636151014252
0.6869358717516867
0.6615509166022298
0.6680784420773025
0.7304011280406895
0.7469836346600474
0.6549254078385565
0.779930420050858
0.9328218228657382
0.7452400385942358
0.8760506715964774
0.9127757770392246
0.9389846866111579
0.8520412044502389
0.9153454336462866
0.9054761658310502
0.8693179267823368
0.8698220094803502
0.8861307552448043
0.9133389894920428
0.8837701715371165
0.923713126848335
0.8292568485009667
0.822257676688507
0.8731089543397184
0.9388961388355189
0.7917564312712719
0.7343424892200883
0.8730181665767021
0.8132755927977507
0.8838383064079298
0.8212090174458901
0.7918043155462875
0.7330019998989691
0.7965131945291126
0.6725743589462436
0.738627889873506
0.6894832585192947
0.7019650433040421
0.8656724531330692
0.877223746897248
0.8412008723311541
0.8078767744729466
0.8090127807852848
0.8080122823385789
0.8980601388742429
0.8613619051012195
0.8737962143712262
0.8188135846863107
0.8004978455874999
0.8529758611919228
0.8303915277968688
0.8631871694978672
0.8237302550319281
0.8330248791598325
0.8127375520469564
0.7587925627235382
0.7676943954841192
0.8854314313329676
0.8657057038901698
0.873965603207855
0.890524148804813
0.9098718398701491
0.8195745873293296
0.5558754021065894
0.755325041285416
0.5285160549319103
0.756630863871243
0.5348367562447056
0.7641630812841955
0.5284432276742808
0.7468751213002875
0.6642953071831084
0.8191590494591379
0.6210535383545958
0.5970510284408409
0.6440672842755417
0.650205572025673
0.8131775072087745
0.59479483332408
0.5710672855287421
0.6094049542467562
0.5521131883276984
0.6137680703738917
0.7935610591798596
0.5986000421776163
0.5707927791927332
0.551021755324818
0.8407440210523613
0.5589605754254586
0.5528200461082986
0.5662624975617034
0.6569434874435606
0.8549615287490815
0.6565367583489999
0.6100976806667165
0.6024910313564309
0.4810459243693431
0.5658612873015589
0.5860107209439489
0.5236108343351584
0.5027819743643376
0.5267396287316548
0.6775536040551153
0.6262665646669092
0.5291264635034731
0.4965096807599505
0.7805696442799219
0.7003870237081448
0.5839410000983957
0.6451870519673064
0.6615036970312479
0.47910645028645227
0.47530472013283187
0.7637465609581008
0.5874868715914282
0.469188365953405
0.5749719578606118
0.5327152999566376
0.7102524626021218
0.5955246720105225
0.4861817809263943
0.6090677125407816
0.6826916988932376
0.4988088027346308
0.49510058960691516
0.7665513407831299
0.6948785672534166
0.5150307963154216
0.618444757865979
0.6106061588834315
0.6162414297370912
0.6021979715631067
0.5622696549777191
0.436314288505049
0.45833488162190933
0.42287163310828196
0.4191638277019585
0.4712389850863036
0.5498714173213977
0.26876182209080507
0.29016417364836766
0.4645165346739305
0.4524644591998526
0.3609536440055736
0.38993600686708385
0.316123711928476
0.2609151283299378
0.5241640842635991
0.34233125691312294
0.27600813018185777
0.4420078001843765
0.2897240444715787
0.25551227299743506
0.43602253844827765
0.3865264073068903
0.3474239639690967
0.49755563432016847
0.5169774380486082
0.26111416760292805
0.30347092505770606
0.3969543056527369
0.20912265050282164
0.43694587480065605
0.2094181233272097
0.21209264887272442
0.3188655003973384
0.5452627018677734
0.3340546257581331
0.5005515348619546
0.34122898597145157
0.4036621696020666
0.331744832184229
0.33001185663847205
0.3147844471016865
0.2974103456345948
0.5240560986873117
0.2669412107755391
0.26600833501079235
0.31748983855620216
0.39223443008998815
0.21437842859457437
0.5055859038167535
0.5601970687289707
0.31396152000399796
0.30465669432484016
0.48012337455413545
0.2967330859470188
0.30208803138534557
0.3688618608810543
0.2965330217469271
0.34342916339734786
0.38239956814673093
0.28115699623484847
0.3456918667615134
0.5393629629251404
0.46777574721369003
0.38886425554444815
0.51542971615713
0.8784106304335308
0.7936710256341387
0.6954206078441367
0.832309491453002
0.5982676834973949
0.8355718703120509
0.6204754232374474
0.7294328669151774
0.628940315304785
0.7747702239989029
0.5921494128307121
0.8623844784331103
0.7620517920768275
0.5982853387497686
0.8032524959865164
0.6119182232762908
0.5924953378690875
0.8821345483183648
0.7798570567242188
0.5563717582081096
0.6304684470345436
0.6881168007751157
0.6840865132630938
0.8474973870791431
0.857500610641083
0.8273643497192835
0.6622086308758421
0.9005681524256021
0.7298635801235454
0.6185584482135278
0.4964420589567683
0.4264294454068319
0.5046806015323756
0.3846579586560336
0.5024175758503375
0.47118820511630344
0.4578399478745309
0.49961927130600225
0.4555574450702705
0.4784864433403924
0.4628532096674278
0.4747965929319006
0.5312065660436873
0.5135355991778373
0.4519060110256766
0.49250073899488134
0.4711274317313594
0.5439167250418193
0.476267431264782
0.4918634849799637
0.48138337914957646
0.566567323681808
0.3380418864497765
0.46873296779644075
0.5161792581788773
0.5774829739880701
0.39000705916432343
0.5189763074419487
0.4354898718120478
0.4788603742356112
0.5243986073786743
0.4918160134277726
0.44360235153258276
0.517429042809199
0.5130524138017205
0.369260084567811
0.5869374117749528
0.5607594830259848
0.5181414166003095
0.745008842052864
0.5403370521947926
0.6498716057801855
0.628316701817438
0.5213949765530634
0.6665479966853609
0.5494027197285272
0.6750544226099368
0.6395518662582742
0.6074872846406636
0.560261368153103
0.6693981206293858
0.5038912331303996
0.530231145139018
0.5862883160863273
0.6073377648665079
0.6726098762206936
0.7516923023558688
0.5466758459738449
0.6230238724584938
0.7620414962668249
0.7356946560438505
0.6889139057117153
0.6682398826111328
0.5482758741989278
0.5068498649111173
0.5777443967086426
0.6202410980202325
0.44148564601073015
0.4340012728201744
0.73533556889721
0.739986024824074
0.8029840758344502
0.8384273552034605
0.7176630155346784
0.7285514607035752
0.797034321745181
0.7363685014362222
0.7889876403503289
0.7404577165630509
0.7508100076327816
0.7238978918862328
0.8169717881497384
0.7777981376035892
0.7737122063881365
0.7332348629917654
0.7457741973099897
0.7404212879983327
0.7436466355122634
0.7387895133475791
0.7418700186794875
0.7235538911281384
0.8037664992246426
0.7799605548189916
0.8015440311685378
0.777007874691721
0.7699919634744511
0.6610928896864483
0.8000519399224232
0.761819895429776
0.7057024606330149
0.8329899619787093
0.8075469844075756
0.7745954319510666
0.7876225357472075
0.7983302496464877
0.6544578399046707
0.6589430024709115
0.8383428243518098
0.7897089393576119
0.9074420169085939
0.8357372706459236
0.6728569448803765
0.8204441212639741
0.8354978646932023
0.8199944043116971
0.9043709328062142
0.8140367115998036
0.8899512216651891
0.8119592082112836
0.7894818628103867
0.8838612891754842
0.7916996108086858
0.8034861839318717
0.8059465357359201
0.7914324466277957
0.7701086123183462
0.8460243221481214
0.8428429513067095
0.7528014235199099
0.8875824297008287
0.6844762382831
0.8521149467701387
0.7650919706664913
0.741571312072334
0.8454474670492205
0.785777687708877
0.830769959533745
0.7701128561933345
0.7646701711390808
0.7732324670723669
0.8165893972565401
0.8341998826132829
0.7494455696460189
0.8038842837920896
0.7818279126573235
0.8647991596435222
0.8331815266257352
0.8415946635407938
0.8155290739291308
0.8817998870136039
0.7769277020755103
0.6632406196812726
0.7631805473534734
0.8262816145017637
0.7899623940589416
0.8328353909736339
0.8733890762635685
0.8247339333410931
0.8760263325834572
0.8375929626603965
0.7441851755989196
0.8278450433645148
0.7989593665602287
0.8509288061662466
0.8072205424546719
0.7759236457516203
0.7950098850938007
0.8415424672568304
0.8310923522656514
0.8220796833550019
0.8533110331599545
0.8430964282833183
0.7291978401774604
0.8095754271408787
0.9022114593617633
0.7734667766826396
0.7850743282829555
0.7495176124089613
0.8977842075697127
0.9077251209245605
0.81495101371696
0.728326384834868
0.8116808848594383
0.828249821275182
0.852857372065819
0.7221804768660595
0.7816923863531237
0.7032907093214822
0.8468596943533624
0.7591706825740587
0.8029233131929949
0.6565822884321438
0.8283464855058379
0.8543958993147376
0.827632965725364
0.8163068556227231
0.7750686050788755
0.8885830273630784
0.8052032369369914
0.8432954634222773
0.8089393023607829
0.7717354728451846
0.6769152043616211
0.8426436128193164
0.7162149122007757
0.834913518502386
0.7662680169866496
0.7330051358757363
0.7383024184301006
0.7715776756444968
0.8111146198079615
0.8493552860681026
0.7241560092996978
0.7309992431570955
0.7840071953320755
0.8564731033486828
0.880871713835647
0.8033464049150909
0.8045870748137642
0.8472343724243758
0.844592111430609
0.8585654717600848
0.7538971223873967
0.731607896996717
0.7284583939690583
0.6833427332715297
0.8357864487934274
0.8269859758883865
0.8515641190287635
0.8050826696709746
0.7947204482983461
0.8682233612974846
0.8595038109563393
0.9035184075284972
0.8853040935097212
0.872627238119257
0.8934048300767965
0.7905613516490477
0.8111806163733155
0.7703024275509326
0.8635103875516139
0.8767306757918814
0.7776975595317404
0.8798835538411687
0.8523296990297365
0.8539290008138575
0.9034874964979387
0.7801840275435994
0.9200207270980836
0.9240232447122179
0.8576649678797437
0.8202993259800503
0.8764497993508878
0.8484896453200361
0.86390587258253
0.8553202261781774
0.8420556660114407
0.8417999616844807
0.8920581298899092
0.8945884013294868
0.8314060294444408
0.774460342983283
0.8408893171113028
0.8147097944333413
0.9151922113217734
0.8893260036189174
0.9117646899330836
0.7269547221212573
0.8879775455966693
0.8401988158132563
0.9042922259660957
0.791731319723125
0.8452955228226795
0.8492852418453157
0.7956723547132382
0.8720892573401504
0.8383472903139926
0.8882255294095869
0.703181458218654
0.8603497845902439
0.8402210659425547
0.8227851362982357
0.8396555859132143
0.7146873864034877
0.8854345771550087
0.9150483982447541
0.8296689399607599
0.8498535927613609
0.9146983063888494
0.7953904725026575
0.9020599868865429
0.8912471261577006
0.707652816391155
0.8842657247431235
0.8114677276812372
0.7171154889633121
0.8879247888761349
0.7334472204958395
0.9182635924379206
0.8389060322829061
0.7930601514480795
0.821487130198277
0.7101877372651662
0.8812776222561122
0.9079749903425323
0.7775778783970662
0.8415557956199569
0.8912893554157071
0.8866004647917312
0.8677146796304605
0.878645113683631
0.9073211670450418
0.9259476345201332
0.8788550616495513
0.8323889948801066
0.8761498542220327
0.8057016800904274
0.8632523308995182
0.9125673008871353
0.748592465387943
0.9055310141104878
0.7562008773917643
0.8231725163150406
0.911053397777446
0.8815880655957669
0.8952874804791825
0.8953332481964102
0.8733629551763246
0.9232766578987468
0.909372478929959
0.7395962811705599
0.8096230415155359
0.8698122209600023
0.7130684709801229
0.8203876018893457
0.7066183995387536
0.7292180633825518
0.8517123149600662
0.8458166738780822
0.8276420322928029
0.8581902697257251
0.875851892434989
0.7553513644316812
0.737730718275718
0.7847792506038804
0.8561401276282399
0.811468152746199
0.7820415485104767
0.8672174796727765
0.7822506024228033
0.7962819163076393
0.7807352118012988
0.8468483275676157
0.8699677617931443
0.8813760038038516
0.7500519948948412
0.7692740732718005
0.8269563709102252
0.8371159696762709
0.8067285926992303
0.825477415959555
0.8464208203216641
0.7694074773832058
0.8327838371602418
0.8664835725486777
0.8360682269259834
0.9003454878887254
0.8603556080907914
0.856751273174438
0.8384933988375637
0.8005170318343717
0.8455502755284734
0.7961735801458034
0.7780779671942619
0.8405938904849389
0.8028499290665451
0.7968421777999204
0.8526365195065863
0.7908182016283356
0.7822800824693235
0.7292947855215972
0.8143274624437921
0.8406817162093705
0.7938996103462024
0.799813981930036
0.7117633947641064
0.7639753393893396
0.7935199608011188
0.7982132210591456
0.7400231161383017
0.7744671313487266
0.7837392410046077
0.778172104868663
0.8428552179482981
0.6945145213563919
0.7939109587190555
0.7888095808767002
0.8345057622486569
0.8271551270667943
0.7470182366194396
0.6919819380581892
0.7716611848974977
0.726535729734124
0.831161027049448
0.7451489359892308
0.7980463228205321
0.6863179820847605
0.7382103650489752
0.7443151233847108
0.8186988630970127
0.751031164078541
0.8228537958470021
0.6913811220970348
0.723190048957328
0.7181332479290047
0.7153691454792785
0.809444715736156
0.7064583716788359
0.8239758524958841
0.7026034654661766
0.8409021643795335
0.7806039151415928
0.6743033228614216
0.8213639469416809
0.8479516590044966
0.7324945120656935
0.7935979274558986
0.8389100586751466
0.6988957664212637
0.6719429404917355
0.8015318637303115
0.8197318553979547
0.6639474592736924
0.6977114787143341
0.6908871696612104
0.6655225362516672
0.6298619691124463
0.755972192620365
0.7320630969821685
0.70532399440004
0.7119744444028631
0.782802644411865
0.5928422883985252
0.7923812910075081
0.8229289351706963
0.7730853139202268
0.6798840262675891
0.7293063411565996
0.7846161983216752
0.686716146262808
0.7304175434291209
0.7395037631131698
0.6479970039217581
0.7549702308849757
0.6980754930539169
0.6623533064424056
0.7488832413082342
0.752114308961957
0.6570733694347776
0.6750803467609681
0.6591550118037809
0.8072459981833732
0.7590206120255656
0.7058028433440549
0.7159596368220495
0.6292899916744774
0.6358887163465303
0.6373950692096405
0.6739259566910556
0.649404084351499
0.7152157849319833
0.6613717568290165
0.7334279099533343
0.6538864249004211
0.6985326589942735
0.6335197245214512
0.777301886061176
0.7798184223339192
0.8229200675909947
0.6761117610799862
0.6992671878102388
0.6424622205340437
0.6619851476802003
0.6574479606733065
0.8241468929017481
0.7778386037076879
0.7234153535172171
0.627569308676352
0.6114141862077294
0.6604686305068673
0.7342507066272637
0.7371031678346787
0.7528792422100761
0.7111241585959855
0.6116196479525272
0.7080879360829784
0.6661468118593581
0.6816099714843619
0.6179931308731288
0.653278371719658
0.6420659975786118
0.6578327618879962
0.7823600059228931
0.5957482709575408
0.5653769986746315
0.688385671609353
0.6569832939812766
0.5710954064013466
0.7337100938200396
0.7600642524887681
0.766417277784196
0.6829209611049605
0.7439494312234216
0.595503187374571
0.6966728536125346
0.5773267121558012
0.6146911185960462
0.6478930291530662
0.6757766071109451
0.700126482528105
0.7212526211427167
0.6624934086971395
0.5901998188003562
0.5807181755078813
0.6194920857623876
0.7578001153608092
0.7029010866606422
