0.9994779450427209
0.9620700073756869
0.9866125795495214
0.9775864944368655
0.9821363790759978
0.9915822799672731
0.9556509180363479
0.9912691041083554
0.9681710866542865
0.9525278568669394
0.9747366336904453
0.9734690785737032
0.9732093991097188
0.9641814410242582
0.9612640948317199
0.971294079730868
0.9544413143226368
0.9890201607496502
0.9784380693165606
0.979792788470898
0.9926315239007799
0.9804252250694916
0.970706583576988
0.9663817573140744
0.9588028810088888
0.9595644557663536
0.985212923139924
0.9576457033885492
0.9657957122593037
0.9687951681192934
0.9902300454599899
0.9838144139499889
0.9875489421881442
0.986145413850831
0.9570890454926457
0.9814612793096945
0.9841809517265905
0.9804058647894771
0.9789576712268305
0.981446970110573
0.9558513072326889
0.9598627006250295
0.9568288614773922
0.9862932109651761
0.986731074356334
0.9726286158743114
0.9605023398579944
0.9773731433757264
0.9622866990342345
0.9712126905629739
0.9695780750921781
0.9834136483264034
0.9574254943196807
0.9889832539765433
0.9839193196884635
0.9647852155393055
0.9888036560427429
0.9726285607512397
0.9905242270941363
0.9933944480098296
0.9863053485612976
0.9952815317404441
0.9858554377638915
0.9669679451722468
0.9673747253311489
0.9790817684444237
0.9853292361184851
0.9779001735874733
0.9774554766066677
0.9650451762178558
0.9606032706894503
0.965678612443221
0.984804721740336
0.9481205349862389
0.9688835186530431
0.9662150883385072
0.9647689684377929
0.9578890280397465
0.9590265677078245
0.9557164047136125
0.9483942331248386
0.9541029376154482
0.9723399581615321
0.9672457168772097
0.9453754734099944
0.9722421670842167
0.9840106497707827
0.9655851436225162
0.9723259993584413
0.9988626570222279
0.9822954933809374
0.9619082923536517
0.9324748447608837
0.9331798742438917
0.9491497228136595
0.9615734670342275
0.9549968779144513
0.9527363587463128
0.946104024669676
0.9467515356689369
0.950287395128016
0.9563328360179162
0.9425050525794898
0.9444988591158812
0.9562668124774574
0.9493083665504409
0.9411342163017833
0.9530332864848461
0.9565197368802179
0.9552184727575955
0.9454366298759527
0.962689068920564
0.9470821611919668
0.9554985041029441
0.9496661676138902
0.9603798949353193
0.9568567763224654
0.9541385697337503
0.9753822482635286
0.9610119880660887
0.9611353656503767
0.9564601726867302
0.95824883743005
0.9678627586041806
0.9411574720971466
0.9466743497777543
0.9645050537331203
0.9610398942426607
0.9436182005861857
0.9529840814355632
0.9660179454387736
0.9619977464112255
0.9671441984095756
0.9660183718389408
0.9572007190958263
0.9592846458962943
0.9466488162401796
0.9652675553742571
0.9514657413608981
0.9545199366873041
0.947334269481584
0.9483191495432374
0.9395318870088586
0.9552792390160469
0.9714055562868426
0.9731799560913774
0.974453221662025
0.9758836160676622
0.974359634406905
0.9761128821309228
0.9596475269765286
0.965257234124586
0.9775191721490453
0.9427388806014887
0.9347913153356062
0.9685219627944179
0.9435036834240544
0.9563729446528301
0.9515488197722262
0.9586078947603539
0.9750489373366347
0.9606955208265068
0.9334387588588258
0.9436381145420873
0.9643391476920345
0.9346740491001311
0.9416724461114647
0.9425420310054398
0.9343339318385716
0.9406817128013433
0.9706817147984081
0.962981648772973
0.9405767913384944
0.9728337267800439
0.9727958829035515
0.9638200961454193
0.9768200949409935
0.973826246009085
0.9906521416292544
0.9951160454917837
0.9679875961311832
0.9773220067992419
0.9904588561245349
0.9700067492184969
0.9690929331373199
0.8994573333248145
0.9614267352424909
0.9767273621439971
0.9173603995290684
0.9787449154199004
0.9596216088755544
0.9281862533054703
0.9324346543992375
0.9803876610547784
0.9715874223161275
0.9576984650679292
0.9753215409636029
0.9395054482752236
0.9749342264247329
0.9277331020737636
0.9732889502297073
0.9775668042214569
0.9728142981144259
0.9659457474838059
0.936823297942706
0.976540826851509
0.9911133697405966
0.9718704121154884
0.9764326440816355
0.979504192122245
0.9670040702584574
0.9886292197433373
0.93167756901928
0.9241074412620098
0.9273491220659265
0.9233493094087987
0.9046219111768189
0.9032303123445857
0.9151470081168374
0.9177118065354597
0.9030331383115022
0.9075462599647965
0.9037338987666201
0.899891233159386
0.9148074089355525
0.9300118526180645
0.9207232498173841
0.912077809152226
0.8883296789889297
0.9095716667457718
0.9002502451044035
0.9093840413977109
0.9165415616245505
0.904432524569798
0.8734478189219725
0.8957170502225049
0.9146971049701595
0.9057548113871956
0.9672276450771147
0.9485823509984881
0.9493223960339441
0.9509297033527448
0.9319750961434953
0.9790092978098901
0.995413359467052
0.9559526790823331
0.9159055943515095
0.8442708398417528
0.8852309403057951
0.8581617332045618
0.9390989507397092
0.8980173909599444
0.9099482460204238
0.8664819067359517
0.8704022221878317
0.8567730775639206
0.8443373055123807
0.9321644323054639
0.881586420260967
0.8954414773898238
0.8890316513826034
0.8643715353036716
0.9166668311495476
0.9174186100274148
0.8594039991153513
0.9351530101544159
0.9522480751221485
0.9126295409986864
0.9247857735962102
0.9523930882794083
0.9543258020868199
0.963697017674369
0.9423233944441469
0.9726072832713067
0.9666613918345577
0.96726517125195
0.9674715936540672
0.9523121812939435
0.9008195020282932
0.8322957789392234
0.8946307781030338
0.8652106755867732
0.8954694472748658
0.906969968631669
0.9264654858852082
0.8747352844611085
0.8854435731400008
0.9231414246775866
0.9276594654989305
0.8309724819481025
0.8649989579993222
0.8697025493327646
0.9003818498969566
0.9329934080194163
0.8859447163705506
0.8562674445869736
0.8123810086490938
0.8428887099413944
0.9201812325359389
0.8868255734694724
0.9445106953498298
0.8958747234786657
0.9569896412035879
0.9286117457863432
0.9159887657257209
0.9465014205954044
0.9417169462029839
0.9313496398692436
0.8049454189333333
0.6702391705348743
0.8362215801487368
0.7383798617093752
0.7064990132626534
0.8214088498795962
0.7801451364370373
0.7401852402706601
0.7095198995050742
0.6552193333927329
0.8129446171023258
0.6945149058064566
0.7625688600038594
0.7635804058305484
0.7297255758827212
0.8813497363913876
0.7572405235365662
0.8557855935592766
0.8263372306289516
0.6858794344028203
0.7067845737843984
0.7584802522843338
0.715935598086313
0.6558936039064712
0.697177623791586
0.7463954822290254
0.9437841632782972
0.90110040550663
0.6659217998233251
0.7728636618241442
0.9580642071389597
0.5795431445325501
0.6024456438276669
0.6560261275740111
0.6418397320147506
0.6139822512048023
0.6333301380790304
0.6028570179557584
0.6070398841160862
0.5955921631188004
0.6196948539866736
0.6431721048622056
0.6421160684275121
0.6027562927074401
0.6008794448203516
0.6185614833815375
0.59237024413841
0.6023379879560036
0.595606221187736
0.6011625062248228
0.6864307187733671
0.5745279107882649
0.6003844055194032
0.8485481191329112
0.8580166226353683
0.6650555843092705
0.7948771100019159
0.8104534376117591
0.7167176530594473
0.8254777264852871
0.9230730569663517
0.8196431338982118
0.8372374313408597
0.7470484300367171
0.8207276295915106
0.7627714982851246
0.7738576412001041
0.7981732779364445
0.7023693831170268
0.7811634784306214
0.7174064199550826
0.7410702675659702
0.836145798902152
0.8310466291598781
0.7832111946032152
0.8050190738164578
0.8199259333794626
0.8212837210487953
0.7801988977028335
0.7149548671076367
0.6774767637574637
0.8075145848498401
0.7686591858425045
0.6821793330330433
0.9071354331300829
0.9555594891016879
0.8306236682360791
0.9181679274129193
0.9603712375223306
0.9757101617700981
0.9421354449506207
0.9562799208567171
0.9922640845969741
0.8918416815237331
0.9127246177507051
0.8111172681258545
0.848288439337713
0.87571521247587
0.9109949739089678
0.8808327235925235
0.8985234960593463
0.8751207965167469
0.9303356219641647
0.7517322184179386
0.8491211617323936
0.850028481047626
0.8199784855410068
0.8385874276676106
0.8401721640973259
0.8458546387777759
0.9364975899571297
0.8910989343507666
0.7456364009879908
0.8054887897945102
0.9062701663801815
0.9111153725700022
0.9354350389961121
0.8909665379292616
0.8852380895846415
0.9754256863965971
0.9600655448758766
0.8775192278804593
0.9697445760516313
0.9843584212946113
0.9634121254039342
0.943638607346701
0.8953208576565441
0.794941480225956
0.8836642565966148
0.8278194034606146
0.9078335747220564
0.7661151124501935
0.7947127507581457
0.8433838142519454
0.9093695366740232
0.8767364274724813
0.8096121199282486
0.7872248141537233
0.8133952920640269
0.8987169790285257
0.8443331109659633
0.8851999730197312
0.8096796512531642
0.7751851258981448
0.8326490716239743
0.819096440109315
0.899706828367935
0.8059731991222988
0.919255462262721
0.8951890033178265
0.8363084594827923
0.8099042144324298
0.886770440851271
0.8944204496005296
0.9868262069671274
0.9218347582817514
0.9670832532798359
0.8620229795823695
0.5848636112222776
0.7965147521164198
0.6104789691720445
0.7815674821256373
0.5942181447005164
0.7915039439970288
0.5541426767005898
0.6562069590107994
0.5898879029723867
0.807210974113773
0.6037482477747051
0.6429250127947275
0.7296656762728335
0.6510045246619317
0.7849046636868986
0.5455432035668251
0.6776097028749302
0.56472550166098
0.5504978254392885
0.555434111547833
0.8244782803614475
0.6729111230566779
0.8375691000828305
0.6803512157285552
0.8924164383378568
0.6717942251902568
0.7865445235836549
0.7362522041205448
0.7312489770165193
0.8574183260631503
0.6909415428757566
0.7920754326721674
0.8101203635157315
0.5058807713564647
0.6609330260697629
0.4516705485442395
0.5204368891550901
0.45099934476676784
0.663642240518696
0.490080038374859
0.6299502242774737
0.5528468573758818
0.43202341893472074
0.6662227871442818
0.6533924235745554
0.7394627212186176
0.6704740531433933
0.682117697865693
0.49374132141044147
0.515730384269403
0.6546011792860194
0.582406384073266
0.4814043487684316
0.9421793614373938
0.707872111352432
0.8885592098538646
0.8056003853337363
0.8552327628348864
0.8255543316453233
0.9732017766210073
0.7523434724811864
0.6283881244101284
0.7942405614087631
0.9307727957377537
0.6933539107321792
0.3949254969224717
0.3664794110540127
0.5200098596997671
0.40294489881789186
0.385123840562997
0.38493703910295657
0.30651261274123554
0.4188469671991098
0.4239549510930656
0.46443394783149483
0.523134153922086
0.2835966280002286
0.44911074009234936
0.5047732479614958
0.2867383046257249
0.3657171291710132
0.4164622550817064
0.4512235130384601
0.255231363899029
0.46970227902269257
0.35825674737413027
0.6172514487319662
0.5814753870524102
0.5592459144244224
0.4046454906577981
0.4492558474209225
0.5185147064791635
0.5076786682954889
0.5902897282660402
0.5263596182225975
0.6109330265397683
0.3240051905780228
0.48970956615303607
0.2751814889867482
0.3804018007500859
0.25389374253212277
0.5055859038167535
0.6326203442725687
0.2612211758884321
0.34998577788956453
0.4847597614929475
0.29832484127074277
0.3143626346323921
0.3246943820893966
0.2768032126918776
0.3866898197234785
0.26381621922843784
0.22948665874160068
0.4033834172271711
0.42141726599577767
0.3227577001580415
0.34623613757998534
0.3573448107990954
0.8232631204065339
0.8175053392583858
0.8516379149367426
0.8167431229240072
0.8008147418889374
0.8050940798411551
0.9194472729241847
0.7963001818042017
0.9906011047696603
0.7422530854899372
0.6537465085713143
0.8974201106273446
0.8527150922132811
0.653440842647394
0.8238693710141785
0.8852083646288637
0.6199068939731799
0.8523822130396671
0.7495843850763406
0.6044748742891768
0.8694784442936857
0.5529362502214774
0.7597311542126279
0.624410302396753
0.7321636618367992
0.6341394318799305
0.8771844704478398
0.7483454995030892
0.7262283605382364
0.7952476678511887
0.66721330479772
0.8106609157536225
0.6125087084164396
0.5547498742661032
0.9851153607352592
0.7790342291394061
0.5225443683504978
0.6588146176879848
0.6559473287587878
0.7160611996194441
0.8257101182398574
0.8535409254105528
0.8048933024218273
0.5721031146504107
0.8902369665819561
0.9495478576440888
0.5615745417972485
0.46579343219070535
0.47404634530783024
0.4799234913192888
0.41071527232116734
0.5007207904259245
0.4698411240947519
0.4578399478745309
0.4791353137930065
0.4957645997757534
0.4412734211499675
0.46220732068877957
0.4418483575099814
0.5356646917591736
0.5530161272889269
0.4696159999508379
0.45241427567479064
0.496695561333538
0.5630265131439068
0.4682509268898317
0.5444070640333071
0.5101956951872034
0.5902811458021031
0.5971639415760506
0.5872951529724036
0.7227787247198636
0.8414498361949173
0.4968034323270503
0.9644582665790395
0.49570879558095116
0.6515867972404102
0.6484511585149926
0.7733981131787397
0.5144995372016754
0.5603014906658583
0.5123041202790504
0.6291991601963509
0.6912478663017472
0.5779706098154775
0.6700475096581747
0.7654080406526138
0.5464254772796083
0.6261827159798088
0.7038359707682506
0.6507744692354277
0.5698191149962104
0.671713589196504
0.5515653782782202
0.5614433043563183
0.5185144531689481
0.7377336844645019
0.5067972625150363
0.5078873241299046
0.6465271893495256
0.9930372238727313
0.6673545977722268
0.8651955253227688
0.7628173942322938
0.8192579551569409
0.6638212183233647
0.7290382609393363
0.6963926858111247
0.6892896718076573
0.6554657616535315
0.7163185868605196
0.8195410628913999
0.7495882149831323
0.7161077664920704
0.7375930633295164
0.7375332244580428
0.7556638365904361
0.7364647590648258
0.7654392421644274
0.8155911460344337
0.7439964883502449
0.7613295719021552
0.791981935041463
0.7763780174773174
0.7900949402468538
0.803745477183005
0.7543853075494165
0.7995185250755171
0.8227405196350279
0.7564915087061252
0.7128356127654587
0.7465059488709945
0.7774864631102922
0.7843000260042151
0.7093847009960332
0.7801849690164953
0.8188892915544911
0.8426659311664487
0.7593752826273814
0.6381849172869103
0.7195320267004888
0.7828303849800596
0.8071475484675217
0.7811921083429367
0.7586867124496395
0.7788328898927352
0.8183698024286642
0.759029300784424
0.8071961723550399
0.89810148302788
0.8662265590708059
0.8090921388506681
0.7923319590910459
0.800348317486341
0.792677145079908
0.7823729387980491
0.9005187469695277
0.847772624464874
0.7172949507146109
0.8700229687118914
0.89274008611631
0.7559031213934708
0.8997257364293392
0.876602607308548
0.7770480423892077
0.8697097012890308
0.8225611718267918
0.7759470206345309
0.7331151692948874
0.7706760786118663
0.7339793822276491
0.8103783046454078
0.7688687186619594
0.7280374310203126
0.6946232065988853
0.8624369180103767
0.8173954698625936
0.9441675775810421
0.8031072544867254
0.802648557740285
0.7606626275404751
0.791359957674103
0.8145752388801069
0.8434237290415267
0.7292124305161851
0.7615120655436922
0.7942289969696708
0.8256805303694589
0.8623724256539816
0.7923315133056419
0.8276072700389085
0.8283716497143181
0.792676817695843
0.8411888885218415
0.8472788590886425
0.7186373820404093
0.7889687078291795
0.7580959310180864
0.7595533325817192
0.7639977540837617
0.8129738414407475
0.7658247927339468
0.8948210898685319
0.8340355744337693
0.9175056315291995
0.8495030260807164
0.744860198777792
0.8160857131625049
0.8102736620333926
0.755472003721391
0.7945087562100963
0.7120423053763583
0.8174590204324492
0.8581017385846322
0.7655137532145655
0.8736613681378995
0.8844281463039054
0.7976398643348224
0.6778873913150735
0.671663425113107
0.8187254461009316
0.7907180606725617
0.6863693118033453
0.8746354220098596
0.8166541652136021
0.8282203393066516
0.8400915648683003
0.8388128150290556
0.7000912882025444
0.8360227258754105
0.8338260903789473
0.7824511143748555
0.7678989190534515
0.805556935729761
0.6873081952579704
0.9191796374741841
0.9137933417389722
0.8470419183203928
0.7000821043512022
0.8689035313084001
0.756104503583898
0.8069879566739211
0.7486297091980294
0.8771406035083744
0.7134064696816894
0.8181663911094825
0.8608450897573541
0.8413644891477822
0.8146554485503823
0.8039441092361779
0.8016582522850453
0.7060326228754399
0.7279364434544277
0.7615946933582353
0.7595270351633268
0.6903139632415707
0.7862823649857216
0.8623185190178612
0.8609768360876136
0.8158221625108517
0.8050582820511293
0.8518315144542248
0.8301034753732676
0.8765946941718712
0.7114923666007207
0.8113523164922092
0.7846546341294817
0.8893152770746611
0.896817347726365
0.6857481209541333
0.7847776344625631
0.8420891831920433
0.7951487312421348
0.8498800967260646
0.7556899545737088
0.7331890455464791
0.7960431970319677
0.741572959420802
0.8217545463596958
0.6860871266582542
0.79616878167277
0.8241126956318565
0.8816620358098048
0.8701300141686765
0.8536502306740994
0.8913121440363817
0.8377243714925854
0.8177221970898636
0.8608526024323144
0.9209267012178106
0.8584679704050728
0.8630464792321064
0.8346635238117661
0.871338986675958
0.7795517806525177
0.8457257380424088
0.9110453339920015
0.8785628619620871
0.9002057582368912
0.8838805277775313
0.8644557485330061
0.9209594513827017
0.8217186857049485
0.790318858627199
0.8743623198916315
0.8654367044732117
0.8643668198787083
0.8378964870452619
0.7303113556961074
0.7639531799213095
0.8839753157186816
0.7845964749668466
0.8659445906123375
0.7727743331163565
0.8879403058862141
0.9105532815756252
0.8036132610690276
0.7536843113470152
0.9102661768744185
0.7839442255184852
0.932153660460496
0.886829479649478
0.8729985711892314
0.7397814191984323
0.8538878910640268
0.6980361011053
0.8930130239892284
0.8528585565597326
0.8927617475071947
0.866715451066073
0.86423417081478
0.8942592103868752
0.7331529872527063
0.9242658524057339
0.8615148686347077
0.8821389428236915
0.8902882524064515
0.8600071575081152
0.875501224416735
0.8198316107152075
0.9402262302397291
0.8443743128508113
0.9154561754244459
0.9143961182382456
0.8485479327010126
0.8729083509329074
0.8557447633220098
0.8736886832746762
0.9215450424537587
0.8260059208954103
0.8123350448371376
0.9108107099705807
0.7649616060456448
0.9069061605101465
0.8723299311947658
0.8526918163248496
0.8121165922919883
0.884567959828547
0.8915646744055039
0.9061874222219024
0.8189928285060186
0.7858285648172754
0.8724030944003085
0.8776367609835
0.7407057396761285
0.9106536244434343
0.7565110912752673
0.8544197792428252
0.7489149281055585
0.9064726599672587
0.9228394930694315
0.746571448418058
0.8799485115919794
0.8178359485920517
0.9488639088422198
0.8670994676669768
0.9096762945286454
0.8583846308966228
0.8312514586015478
0.8337800131728133
0.8230860846986447
0.803003891154513
0.7883598294019083
0.7494279574337481
0.7813908389622439
0.8532250730444484
0.8094830756233417
0.8107812401735821
0.8709036024999555
0.8197466234493915
0.7543795108807121
0.7892391101258472
0.7573235969973617
0.8348313583673632
0.8598060493458315
0.8557055780962509
0.7742947896240798
0.8565587263255803
0.814992692823284
0.8474136995513764
0.7287799679335183
0.779057154431155
0.7846114324573682
0.6692902665689722
0.8368087248104862
0.7580319596952634
0.7978747972248852
0.7817464238542274
0.6882009580238995
0.870849181913792
0.7519236171403771
0.7716926741488359
0.7812860213325252
0.8003941000055719
0.7686434770319622
0.7471549529521313
0.7574426674967549
0.7875437693414914
0.8344315375214817
0.7847809087286531
0.8150049608496155
0.7843465396894717
0.8135276860027698
0.8249442469331276
0.7299992079358535
0.8106234143821192
0.8113536971480884
0.8173017379639043
0.8358477762260857
0.7826143032914752
0.7870326684688198
0.8173067174425354
0.7936189998911836
0.8628038918531741
0.8222874488159382
0.8767272176747831
0.7416117488774091
0.7349528519625146
0.8458261502872249
0.8388931244332086
0.9121933864231577
0.8473241621170164
0.8062227710396078
0.7614272922866366
0.8217919859325439
0.7426438063825983
0.8213153171339285
0.7811164764651314
0.8268979110004407
0.7667602215875232
0.8463669977933759
0.7309264986006432
0.7127114897477164
0.7849953725722617
0.8102701824209635
0.6834867106451858
0.8183837081933502
0.7609149978131775
0.7572446488655417
0.68239727184946
0.8171605099957621
0.7619280028336011
0.7401118102085757
0.8056720123463494
0.6891958268364726
0.8027500832439973
0.8056720869442475
0.8564643281857371
0.8522739808382707
0.8309337138039239
0.8915314049773422
0.8503270971033536
0.880065882705038
0.8419354078641634
0.9087261012457762
0.829594616617569
0.8479392081280877
0.854881793087698
0.8982418619408747
0.7109659731953675
0.7126953307325097
0.7538438153187714
0.665108097358605
0.6777717337174888
0.784487535013198
0.6973426576380873
0.6440615389333175
0.7018440230517853
0.7346096091019036
0.6474708435135963
0.7961938266859212
0.8108307521092619
0.764705854926198
0.6488351862761057
0.7835702359872191
0.7899337512797294
0.7042551188834536
0.7173634961848377
0.6936752057201747
0.7533776323761725
0.9159172489022964
0.7748208106171406
0.813034929545396
0.8778404222889041
0.9672971358014215
0.7141739010864624
0.8742059956689274
0.8194040607630089
0.9994707737188977
0.8821873607439805
0.9652690028893007
0.7748797137062324
0.7655108219890275
0.6646062135323687
0.7166972742403642
0.7783102634300192
0.6550102666407007
0.5917730272367243
0.6200041548813537
0.7861080760989749
0.6487849244541035
0.6571994073006918
0.7737849444268117
0.7228826207168129
0.6924174716041027
0.7423713187442391
0.7035385053583441
0.6179038450941996
0.7021164771828713
0.6776088968117211
0.6255452219406711
0.7049363551704295
0.9463813135686501
0.9092820819937044
0.8937270893280689
0.8461353260100118
0.8017356391528885
0.8654855456573101
0.8710119928413699
0.8792802573322898
0.9041361885882755
0.7629305589562339
0.9007457616921898
0.7192559076452011
0.8328721222636545
0.6382439771096735
0.6733755398474344
0.7290309196120855
0.7107107401185648
0.7769401343447511
0.5953346676221356
0.5744747278197218
0.6590782950430268
0.6726594668678897
0.5782206315022218
0.7481321190737498
0.724137201102217
0.7420171373619472
0.7026383160592992
0.7205699350452734
0.6035498408330002
0.6998963617991185
0.582116417003977
0.6376881926030105
0.6551821154262958
0.8032274754910543
0.8556549948795245
0.8689197283656035
0.7464567075586579
0.7702219168791921
0.6855701814844264
0.7757071261822883
0.8692291493745559
0.8795693518896273
