0.9879513879931089
0.984172987601218
0.9866298359148553
0.9798083449868231
0.999656822093628
0.9848817798450964
0.9866567529493769
0.9783825708128756
0.9817562684462182
0.9985545187074574
0.9804863026731003
0.9949188321376962
0.9938624776465665
0.9771588049115684
0.9952831856976897
0.9916921808999215
0.9744329080049413
0.9824244853837989
0.9922020348195556
0.9810978746968552
0.9827947983714359
0.9848808963069662
0.9937542849442992
0.9989846270167779
0.9858345714175798
0.9878079546707792
0.9946141410298839
0.9852693710881204
0.9595417188116984
0.9775422892573336
0.9996386807141313
0.9998155551398494
0.9568090815899375
0.9973948307929728
0.9600412176473888
0.9997654645343659
0.9947537402065395
0.999196551050221
0.9726524340376843
0.9636241452084876
0.9998007239666
0.957205769563759
0.9562352098346545
0.9862197577142491
0.9620723723004856
0.9996761288654253
0.9993438571089592
0.9987355919883638
0.9885493288017672
0.9891407977617095
0.9939647492828785
0.9973556655833338
0.9647153798439421
0.9707835053036388
0.9837728426915497
0.9838129621339842
0.9998064533677895
0.9817476213304157
0.9930639838293933
0.99785968373193
0.9930532284181984
0.9803718235540972
0.9868433135794525
0.9800395957208852
0.9858872893895192
0.9998220689363799
0.9943236318375452
0.9997978462521555
0.998411755964848
0.9999318175246985
0.997832824800626
0.9997436428263833
0.9834330999816981
0.9999295530757346
0.9831304658916902
0.9998016046923089
0.9996061760907904
0.988298169046155
0.9993463318456857
0.9886677713063243
0.9999157490913387
0.9998305321808678
0.9984576492051025
0.99556838305384
0.995239402742362
0.9973023184351965
0.9998764901310857
0.9947454286138061
0.9987739942781645
0.9998771622679302
0.9960790515446357
0.9983137090378591
0.998618684356766
0.9999042816050521
0.999140893088198
0.9992615585086979
0.9999134051046714
0.9960565506779189
0.9980119894960875
0.9997736432805159
0.9999359791263045
0.9998056053500408
0.9986408768243934
0.9999274679083907
0.9957031344920422
0.9974642396258856
0.9999011506823412
0.9986197011574465
0.9996507326188282
0.9994876325787965
0.9999140731224327
0.9983574342613717
0.9998126518534021
0.9967524829775385
0.990802687669422
0.992075150398436
0.9997684106870821
0.9958937747932208
0.9998087324197997
0.9996647985287284
0.9886218972020373
0.9835140546837124
0.9976716557325235
0.9844166762699669
0.9726400096193802
0.9832854529375882
0.971442326517958
0.9992223812492722
0.9854158358725185
0.9945344719824654
0.9990860789139517
0.970009521699071
0.9965610750299533
0.9619498142579476
0.9804237869320738
0.9747445073211987
0.9895423531817764
0.9739636948048691
0.9991055403780043
0.9899957868390121
0.9807394999355219
0.9944720927863192
0.9647215546827386
0.9730795763122702
0.9586251028322116
0.9619787148640961
0.9815704084008203
0.9757816876175254
0.973190012146927
0.971923171527191
0.9964109899829086
0.991335314279953
0.9793952068316498
0.9698284670328706
0.9853879817822687
0.9990643175659797
0.9767492883120756
0.9997331949263251
0.9991338819061025
0.9856290262715437
0.9679680938886148
0.9861063694723713
0.9719575012992625
0.9961381269345698
0.9930130381674334
0.9902047115782778
0.999226893687008
0.9890020845376795
0.9943106049478291
0.974063155086843
0.9903432034650723
0.9811195341838881
0.9920724702364596
0.9773350818377697
0.9625716558764559
0.9903873699106961
0.9818277855705642
0.9993881500485651
0.9920459732386702
0.9999019367147328
0.9963257323705756
0.9769650888381343
0.9980233067879659
0.9967143129448891
0.9873185324202685
0.9706758107568282
0.9721690322319917
0.9983951284884822
0.9759785405679462
0.9995954838559058
0.9726353483288548
0.999663134005404
0.9723260078012199
0.97098064987826
0.9894605610547743
0.9749007859056954
0.9865916713320797
0.9998915006689749
0.9994391776278098
0.9983689406003522
0.9997980592224478
0.9764068318634342
0.9846182169152
0.978846623869192
0.9777156515228882
0.9599646084212244
0.9816616268983193
0.9922008085430956
0.993051029765672
0.9971571518070461
0.9995784217763592
0.9777380113995309
0.9844469169149938
0.9775804071003251
0.9924104043444939
0.9925763189327013
0.986012512312958
0.9829768882261773
0.9978217643507022
0.9943787381512201
0.9975900344252093
0.9705322690092986
0.9811539369681589
0.9790636751986928
0.9961109782694649
0.9784427599221209
0.9822499990634381
0.9664120372859065
0.986784527146163
0.9736339832691256
0.977781423886945
0.9747888335882435
0.9881519030655117
0.9670820934048094
0.9920091491833596
0.9846836700475768
0.9328668892482896
0.9564640235793372
0.9678298526601052
0.9985582694741887
0.9982328563825809
0.9968363681147345
0.9501910677608703
0.999617159693414
0.9510378255568392
0.9828726911374706
0.9983973782278761
0.9997444387190669
0.9679377084125966
0.9907581291084977
0.9981666473796001
0.9898433357680759
0.9594057264975434
0.9984776347438244
0.9951908196783538
0.9730261175830869
0.9951663333675247
0.9822550102099381
0.999648954540473
0.9998055634543968
0.9956210456581791
0.997852856260607
0.9989940799971676
0.9814286990005988
0.9625622429339472
0.9981400665692848
0.9987860851482773
0.996959289887475
0.9865590833650464
0.9998280325611761
0.9967016663238615
0.9887947653317546
0.9999493562680781
0.9963441529395596
0.9927869743648099
0.9780107128905264
0.991311138882437
0.9993302655488735
0.996335287257895
0.977686142614639
0.9987264893966579
0.9973775734543988
0.9972782036298133
0.9923494182220997
0.9979885523313419
0.9792327765215517
0.993945141792047
0.9734039704825627
0.9921352283075974
0.9836205758537382
0.9844009388026581
0.9867252852601769
0.9987010222220157
0.9986166600052273
0.9716468953522883
0.9973746985552614
0.9889435623598506
0.9888527389083375
0.9626132100108822
0.9597958670391444
0.9970524673043356
0.9803025962444034
0.9584311279398176
0.9617775042465206
0.9645338099048905
0.9796914616481605
0.9945439735498278
0.9899573007023175
0.9618269795075293
0.9379517693920474
0.9875285428410813
0.9957561945439892
0.9803717233307854
0.9777018804113098
0.956009127318121
0.9290321824459498
0.9868505408532413
0.9228859419107923
0.9168869199571176
0.943502198136697
0.917623859954006
0.9987632188263695
0.975069102710271
0.9997497444811027
0.9962866590898006
0.9441907442036873
0.9880805234000191
0.9991827246181126
0.9982549074127155
0.9121093788618491
0.8989390101175256
0.9942105129388266
0.9963118345554459
0.9994849367598653
0.946146061464
0.9862609483691153
0.976143625459069
0.9759788743237907
0.9560417162872664
0.9754409480745786
0.8925626254390555
0.9467827428258593
0.9900819737565223
0.971484724318596
0.9371830982259639
0.992587238512342
0.9224724699860314
0.9449176703644087
0.9995941664448889
0.8860283792417465
0.9732542610658317
0.9583010773650947
0.9971852284072444
0.9511092771106229
0.9895450951131763
0.9979588207801883
0.9509414691136453
0.9970550327106213
0.9947052787845297
0.7695824699557451
0.6707154677286729
0.9573079247924441
0.9352608158897565
0.8165841409012524
0.9184665156276759
0.9486009678563951
0.8925948361551828
0.9308717195144591
0.9648224305663717
0.8723015009132442
0.9957974393016418
0.9906345312106611
0.9259995275627237
0.9643597985923714
0.9090770085617836
0.9952479731759469
0.9963980773048329
0.9428659172459989
0.7748924639386725
0.8110619700430999
0.9178558313151683
0.951519363521116
0.9480875661705266
0.9747173531211482
0.9592464786734399
0.7948019707164224
0.8641268227625751
0.8357502316508842
0.9488301348867056
0.7620342566138847
0.7416215904808268
0.6717419588289606
0.8990936827719642
0.9489999550319801
0.8364519021025197
0.9602641027879159
0.9646581953670157
0.9985750254838595
0.957935306548012
0.9575170425599216
0.9235431734108561
0.9352467606459646
0.9590788683178546
0.9512691873110792
0.9984012400507838
0.9903338093950098
0.9916451905094835
0.9211610929110177
0.9842757333935077
0.8433978757021119
0.9221017243151605
0.8876937607446931
0.9147846945478384
0.9964406590206947
0.9326645848751303
0.9991895333328409
0.886046829651906
0.9994796026357569
0.8428257367044557
0.8823270689920544
0.8763366938708808
0.8622346009659887
0.9421237130385205
0.9617783285637371
0.9936154570082057
0.9917958327495909
0.9857847645755136
0.9949738808525281
0.9908497864948129
0.996003847060483
0.9901267412056407
0.9849177416585317
0.9924481327060808
0.9864933330152481
0.9894415545135231
0.9795858388895918
0.9934441851619773
0.9983275287940083
0.9849780145275266
0.9992520913200016
0.9878401117007576
0.9791269123411748
0.9969166755934593
0.9830265851178428
0.9853920042781344
0.9774715686131319
0.9865094374023673
0.9962201129269898
0.9923657437673536
0.9752472250901345
0.9975860866724167
0.9997152884500315
0.9830164772540245
0.9995312128281595
0.8739235238158838
0.910580001965011
0.922787108139475
0.9804505278152159
0.9669018286095848
0.9755451351683293
0.9257531950266484
0.988337940809358
0.9826702910622254
0.9987182637180563
0.9974927534579185
0.9748196150103638
0.9931692074943059
0.9919341350293776
0.9990055701706377
0.9839468022937484
0.9501142473786602
0.9562465385631438
0.9995094779933695
0.9498973861220256
0.9819129392513812
0.9643933630612754
0.9508952616981377
0.9771293234646209
0.9308171228422635
0.9303099431817096
0.8909289856684278
0.9962639654236844
0.8915388535739917
0.9989705713559188
0.9677442023640185
0.9088704192560644
0.8309156729747043
0.9991981944784292
0.9000029366908364
0.9793325526381254
0.9141163472808957
0.9076232649176504
0.9000925081592157
0.9059156890882356
0.9891017370856535
0.9081083744488909
0.9093954380080684
0.986300759287624
0.9074360290969025
0.9214148900606509
0.9866060132173167
0.9822544176406421
0.8968405910739246
0.9943222133240698
0.9224295480617001
0.9218436255818903
0.9928258506247662
0.9681033075165649
0.9271336214044242
0.8953380988527084
0.9264776171332866
0.8969278763294806
0.9326076324378874
0.9803042584321306
0.9814317808284827
0.9986470728124265
0.9036144503153993
0.6483679904086493
0.9426120244367115
0.9881479066342428
0.9946885274238727
0.9930121711972755
0.9960774239882164
0.9890325465197252
0.9032077733462756
0.9776168492498734
0.8831086249731902
0.996955600411166
0.8834932526196212
0.9666738011633569
0.9876265972455034
0.9098210951234353
0.9920872112122145
0.847993083388132
0.986032099450219
0.9969435376399871
0.9957559855304534
0.8403081704501896
0.9947172999614751
0.8491232040050757
0.9990880815650129
0.8491736790796585
0.9915244045556332
0.8411178401399035
0.9958177741821335
0.9662784004771078
0.8562543098064187
0.9664794512632333
0.9159867952150541
0.9747054187441052
0.5594550057910929
0.9219879900252184
0.996966613997471
0.8888391332281629
0.9739245529646112
0.9900145047791077
0.9773062156337979
0.9381371997647482
0.987848814233018
0.703016683528037
0.9347524509782582
0.7095821250726415
0.961263434217065
0.9782872370213864
0.9560769513112001
0.762063494320603
0.6412425664688713
0.7336664241350991
0.7362514847691164
0.7488139688283106
0.9919595090056071
0.8975244690311208
0.9977976918175426
0.9639028308310265
0.9739473062910484
0.9993375656669645
0.8855821961147156
0.8839357976666178
0.7838339940999727
0.8943350245444117
0.7978165757537248
0.8787201099708891
0.4302354188014693
0.5922899240815902
0.9741786002040516
0.9721124190679383
0.9883192275981801
0.9969847280659834
0.9231100464310433
0.9914472518535689
0.9692297068049955
0.9951569423301663
0.6379826924577148
0.8508618248392406
0.6939414015076173
0.7374999047485044
0.9993766007732635
0.8054166252428179
0.8795982491050542
0.9756133616488423
0.8539048690547809
0.7770208646627442
0.9436201100408241
0.7714133821985887
0.8616850311802111
0.9799419680171766
0.7749986675258582
0.9868565293445423
0.9016836134197176
0.9152081723107865
0.8799846312586985
0.9740767491999092
0.7634595066005808
0.9567159809165503
0.8840206065521732
0.8363954041542276
0.8533159664310135
0.9362588838882522
0.9346936999914539
0.9592438475134495
0.9812363095781175
0.9271396855828375
0.9756168215362331
0.9915793195755385
0.992653842162807
0.9304391813293995
0.9986757961932297
0.9695917039277062
0.9910625249371411
0.9358931706121301
0.9400990842078576
0.9992253185978113
0.940138165413479
0.9139763024654203
0.9831431903421133
0.9282572944687845
0.9991214947979176
0.9388582112551533
0.9335423580765645
0.9321578327400581
0.999038952857019
0.9551519534466208
0.9523863254351976
0.9969664129699709
0.9489004861920334
0.9114862187246374
0.9638380284759591
0.8934287803307672
0.8339594630352735
0.8103123160618597
0.9434764767504815
0.781219101463164
0.9974514486060504
0.8936392429227695
0.8089622578872071
0.9286005311372973
0.9436954535429642
0.9830735058797039
0.9659950575387903
0.853992705124384
0.9988331224753553
0.8729843425818666
0.9822510742881723
0.9978670948880433
0.9795481773882394
0.8165481650648303
0.9902930690049541
0.9463666968249651
0.7559492404599885
0.648476291129993
0.7895971130581279
0.6309557436779566
0.8723033930494624
0.8847470885290998
0.9423767922121672
0.8853264114586579
0.9064591545736788
0.9958767219910196
0.7790285726525203
0.9325856504737617
0.7135431309914828
0.6469328292051683
0.49431335371071444
0.7529915114049752
0.8741032039158076
0.8784328290536647
0.9628267774357336
0.8562922230374972
0.9916548874473554
0.9490229684122056
0.9588654826515723
0.9846871062958078
0.9666731950159717
0.976604655642465
0.7749369691860016
0.9273017172411845
0.8242706307910068
0.8002363259112037
0.9833511751987154
0.7441541441097033
0.9961476618364793
0.7890091583273573
0.946002707014052
0.8774722033951676
0.9511259405368285
0.9965184601347181
0.7260215679615699
0.9676051990712864
0.9083917219353395
0.9982466507721903
0.956803374342398
0.7929579139031657
0.9685476581281449
0.864125770579562
0.9938053621435207
0.7293040704015358
0.7301604744940497
0.7973481932827771
0.790771878977043
0.900531982915924
0.7974684765180008
0.9317342643967719
0.9903372531025267
0.9993510918702551
0.9985647457196585
0.8624570684060116
0.9655272590305632
0.8790784393598017
0.9277465488887828
0.9639447164951596
0.9549664774592044
0.9717920709904879
0.7999322848175455
0.8478271647961213
0.7794602343761425
0.9918188838270809
0.8470968541120274
0.9974738607897938
0.9944223227972384
0.9156930442469224
0.9983893207788694
0.8693354870898664
0.9592983277678572
0.9626250878617301
0.9993196318925869
0.9458189081612173
0.7868959285202304
0.8881350889890659
0.9829595996638598
0.7605856633542709
0.7544437720449598
0.9772653957627778
0.8751158879044987
0.9328999482365234
0.929214038496509
0.7834072928760716
0.9530360186071416
0.8645184490525184
0.8138322471146996
0.9549246889734263
0.9332513404275489
0.9055494867708317
0.9001368905665645
0.9115398231340823
0.9276960067496809
0.7173069945602193
0.8824558133110861
0.9084488755836315
0.9067134369746505
0.848185366334383
0.9985323111223311
0.9032663688536866
0.8174385283290513
0.875355409606281
0.6908120516032874
0.9986989611466358
0.868836899693512
0.6669421000095637
0.8833417829639609
0.9671195518500557
0.871588240021127
0.9830837932586498
0.8787357665676929
0.8824330933843862
0.8908292026776916
0.9458041990078827
0.8978935048792172
0.7961435822706795
0.8206450444579283
0.9364934887134924
0.7417149989540663
0.8312210765011312
0.9088805633635177
0.7563787098737795
0.9858662920283956
0.8236130457995985
0.8381144587281191
0.9816331077939539
0.7749142728295101
0.9487799539625089
0.8155084840229666
0.9255233914396664
0.8995309922583807
0.9459223839905444
0.989101083080817
0.9511460380543582
0.8631433668661241
0.8635316498927728
0.7880472744393252
0.9076198863508387
0.9568284127400153
0.9536598699627944
0.9967888815558574
0.9153630857612517
0.7935824589941103
0.7873688847599205
0.8339304161344585
0.9950585286031703
0.809308218040411
0.862751510393062
0.8555952030695994
0.947977002562252
0.87735438861324
0.862599609515722
0.8281342522687747
0.8423833620228938
0.8982325045904178
0.8357209535210441
0.8405806532561702
0.99148483344267
0.8858670775144768
0.9761012535085979
0.9246201180965344
0.827870504247754
0.8471746329213279
0.9569309141930624
0.9711168462393998
0.9273184754510302
0.8237986300271684
0.895374562894653
0.9784490443235866
0.9064387135520642
0.9905087930956384
0.9049467904367089
0.9378426599103518
0.9312392435521565
0.8373346128127079
0.9485850678684109
0.9067258377552451
0.8141351455249284
0.9963779516481173
0.9228991193318503
0.9283762373142316
0.9964450545577936
0.8399107818357584
0.8339880939268249
0.8313590456718166
0.8377287645008203
0.9090622530894432
0.7603518993741245
0.9530608313272226
0.9730414509571369
0.9249272265948909
0.7700511968350903
0.7967423979704781
0.8471094368878558
0.9946399790269722
0.8554914936536951
0.8383862133859787
0.9755554809313813
0.8016100832044533
0.910793926472873
0.7991563128155333
0.7783163284188783
0.8021732627370457
0.7911538314763195
0.913706166923907
0.8814163222008569
0.9032027026659777
0.9234838356105921
0.9051455266088593
0.8145681822154202
0.9030166460922919
0.8163548201697661
0.9709792804212596
0.8892358801719735
0.7732055821622266
0.8169475360598191
0.8771189755150557
0.9914294999253422
0.9350878485386391
0.818361422216402
0.8174202660325778
0.7828872860489751
0.9912580504325719
0.8421949044591076
0.7799360892807053
0.7710132891837933
0.7584418922425519
0.8257764421645385
0.7658638145465425
0.9303339488608113
0.9818925457188736
0.791546381535763
0.7314860385301867
0.8296433432275175
0.8797524172621629
0.9454539399687185
0.806182138536083
0.9862913009665768
0.9717126433887637
0.9007999226393893
0.922620661782531
0.8217513345104488
0.823019860583509
0.7976066122898535
0.7779391961772468
0.8360475429940586
0.9277049085965337
0.8617742859996085
0.8715449965679075
0.9389846636167545
0.9218639696886652
0.8359024703126045
0.8406263613142917
0.9834836662735617
0.8421492537462784
0.9444581908276436
0.8602801776560628
0.9701159350792755
0.9990071546181857
0.8722537941783092
0.9602577418812643
0.9713229200848152
0.9059608530265335
0.9708647065018472
0.8191425995436175
0.9984795605213385
0.8977562670209077
0.8888278393116655
0.9574924590264248
0.8725725889486571
0.9759062388715547
0.9287837682937641
0.8876203272305947
0.8365024901547442
0.8447306036828695
0.9449418268096152
0.9659812944740662
0.8132561910977281
0.9255603153803647
0.8633832193534011
0.9861888682309625
0.9303056692546318
0.9633759341687269
0.9895965153616442
0.9992289125614188
0.8532214566600127
0.9888011750548548
0.9987167401035464
0.9249133371643321
0.8280085110104292
0.8811419514546444
0.9309907395411907
0.9931585700838268
0.9282994769275689
0.8440187166706503
0.9865618143040685
0.8566533493608797
0.9034373134563676
0.903459369777699
0.9887241562691518
0.9216882025106126
0.910871901848145
0.980503142000177
0.8569691824974701
0.9091474975075986
0.8617103310292966
0.8999242737464495
0.9552517283903508
0.999444060073197
0.8628192600214729
0.8741326077067022
0.8613379646422181
0.9600840913077509
0.8601808106948157
0.885757981006996
0.9738851582048255
0.9489871309024369
0.8803730563202257
0.9127987360786929
0.8168962157133889
0.9481481727263161
0.8895474923213017
0.7966409202024023
0.991221922070704
0.8847820511485416
0.9115281833361405
0.9764473116591064
0.767732138838212
0.8878325586267692
0.9936438657871665
0.9957598769985614
0.9874544250079538
0.9991005976503242
0.7861917778125755
0.8755694030766235
0.9427134710254224
0.8937782350507579
0.9542636726382131
0.9682373125780237
0.9710215044613044
0.8142266383972852
0.9815782359743994
0.8602694954070658
0.7431779007012704
0.7523562686660756
0.9770710209187435
0.8421876647449649
0.9129120413700361
0.7241094624039675
0.8834326052307913
0.9906843622905934
0.9974852935765118
0.7664225068209873
0.7626566780775292
0.8943405484980125
0.9855155280813452
0.9664129748553645
0.8895083783024147
0.9697051881804948
0.9746633317245403
0.9663012419311987
0.9633313127804058
0.7438985938926779
0.9421308632062544
0.7640849812402599
0.7981094779212607
0.989737695501705
0.7425808939249565
0.8333981334777241
0.706211912640814
0.9315096639006343
0.7105910407321474
0.9146647871988668
0.949614161221443
0.9777945901892167
0.9917894748550685
0.7830809650774239
0.8400638849287734
0.9091897694640687
0.8533713589710047
0.9886400667363696
0.8966526516130884
0.9989582173932838
0.9987560866929914
0.9711105531772104
0.9875557506367982
0.9690534867268925
0.9312305100304101
0.8781525823576257
0.9407361310386728
0.891693067633327
0.9988061306815705
0.8364627280600863
0.944914838461735
0.9481963860590377
0.8770016332999772
0.9987110480950978
0.9017103088099714
0.950999906242918
0.9089513394289106
0.8537642374303003
0.939716559493013
0.9968085021712259
0.8989909704644206
0.9953207877277744
0.8676868051410906
0.9764331827917512
0.9965736001099996
0.8395811385531102
0.9186525007900894
0.8141740681681435
0.9970383332869525
0.9936103851274274
0.9989346622051025
0.9586185799136021
0.9632681827084371
0.983676438046081
0.9284634616072247
0.9801385869527663
0.9918831201569676
0.9977112810492272
0.9900013271523387
0.9855449305594638
0.9860073840189201
0.9934891545844675
0.9903691629157019
0.977622867752275
0.8819280634706828
0.9431376393916346
0.8473107521125223
0.9719989980412583
0.9900931356250611
0.9370908913977165
0.981758475211262
0.8525080551256354
0.9970674923979385
0.8934369110187053
0.9620025696429256
0.9950180508871744
0.9097341084316557
0.9047225569549447
0.9210097647677451
0.7235852115147492
0.7130089433173026
0.9690299278353529
0.9178798953252316
0.9087504236628227
0.8438000769625336
0.9351344450575874
0.8861123535775955
0.9943202617804907
0.893666875917893
0.9032379415661759
0.99966772307962
0.8355498224477601
0.9914022921994019
0.8350568629621512
0.9983894907656219
0.8369782764007718
0.9209347659879044
0.9709713821335909
0.960707320281976
0.9096586602425683
0.9990256718353037
0.9179895013024695
0.9668103106947907
0.9524684590327632
0.9584133509931295
0.8632784127929218
0.9630505282691282
0.9315745081038436
0.9219647076533003
0.9416288889239322
0.9754830773946942
0.9797505264398643
0.8618555593076983
0.8208227007556567
0.9689296481582135
0.9269603386850805
0.9665390129929751
0.9719507658688176
0.9607887031816698
0.9880447560288927
0.9781276959390484
0.9087786397037436
0.9518435536481946
0.9071615009460217
0.9382109600133763
0.9995208418029231
0.9052114921073363
0.9150032095641784
0.993373486137678
0.9739646138766394
0.9508988768189046
0.8762769921539817
0.8830578930536435
0.9764538053158262
0.9994262630648196
0.9516318984898624
0.8827370787224267
0.8825756690808743
0.9166320228500427
0.9381275478826969
0.998055236173232
0.9916502172115326
0.9952508229472963
0.9372490729393048
0.9803029720596571
0.8205478078841584
0.7817112924304641
0.8335993903570058
0.9750541000378801
0.9892730590898873
0.8187323227629225
0.7581905896029452
0.8955903284182336
0.8468871244546059
0.861242303877158
0.9633808171440443
0.7644735399480833
0.9795188514315856
0.9713318948482145
0.9458977103166921
0.8922752452391319
0.955311022343594
0.9784911721624081
0.8392438894102867
0.9193095177908368
0.9531221267432346
0.9717595800537044
0.99512361328936
0.982129253204375
0.8623124963948108
0.8721140773225936
0.9912416610211137
0.7611337677060377
0.897802557451194
