0.9960876472407321
0.9896152617957971
0.9740702194317699
0.9915406778794054
0.9556832987910742
0.988538227993919
0.963255590688618
0.9801344390956136
0.9679610134723868
0.9858819578773199
0.9684821034649754
0.952322062276163
0.9729955258630161
0.9652825324563631
0.9692610006075806
0.976539030206458
0.9524873206646987
0.991034308029912
0.9787068125694235
0.9795176809058274
0.9756895745573184
0.952955670311727
0.9703812010740529
0.9665048767287966
0.9573190689640009
0.9653541560575094
0.9668352771938229
0.9575189488638044
0.9662552520337797
0.9688982794066177
0.9880720976554493
0.9868076007294893
0.9884888483590117
0.9852845497325038
0.956144166349965
0.9818985611490544
0.9840793667017989
0.9802607632484437
0.9774669119196966
0.9829100108016612
0.9562701478510198
0.9592352985977044
0.9586539570746173
0.9846291145579218
0.9897100663056295
0.9736817770269937
0.959970208259366
0.9760046943882584
0.9628328029897839
0.9702579327232903
0.9651403255118645
0.983220277953136
0.9570958510244022
0.9871899046641421
0.9842192359151405
0.9675194289750262
0.9987753782606729
0.9683327935131572
0.9976549476190744
0.9907670038088663
0.9878099663799764
0.9849319299275313
0.9790207316426247
0.9685001021813879
0.9683887236364415
0.9819624195477364
0.9806394065409804
0.9858529839304864
0.9637659761653068
0.9654014502737466
0.9591235729644755
0.9877077899584199
0.9480159530980046
0.9623986293618934
0.9690187436522891
0.9649806983283917
0.9546552078092152
0.9654325061692981
0.9541639700711277
0.9363609892641092
0.9538604416962029
0.9738412121085559
0.9679233006913336
0.9490306217398741
0.9561031453624718
0.9880952470946539
0.9701099221038099
0.9662939275929113
0.9955239271419113
0.9835569654692127
0.9600208320959073
0.9450175791938229
0.9288233045013105
0.9498822096269077
0.9600926035187739
0.9603397051367178
0.9470607089408661
0.9509168928879908
0.9475879255745965
0.9446858629516078
0.9620642366732378
0.9369155243450767
0.9497466085027816
0.9431105736222367
0.9624167260998713
0.9391256206386134
0.9469461682301681
0.9611176795718355
0.9492671277631032
0.9539473895811573
0.9527360957772277
0.9521630702679575
0.9524954682376183
0.9503384899114856
0.952075998342557
0.954440443215044
0.955882273071733
0.9772290843653608
0.9612949200958125
0.9534681016487342
0.9569031378496986
0.9484400945710207
0.9683328093665038
0.9422263880002812
0.9468446287484
0.9438737808627138
0.9714961532556156
0.942785676110306
0.9523043540503471
0.9664208744181888
0.9665242496275172
0.9698961041796651
0.9505341454907017
0.9682772133676519
0.9643492026153807
0.9481550710322928
0.9488166140390134
0.9611567101234977
0.9672893912955746
0.9450100761878292
0.9533466005125597
0.9705425471964735
0.9443296060104152
0.951111405593742
0.967761789973604
0.9757089063202107
0.9728469888311287
0.9760091172826459
0.9748881406858736
0.9785563889886557
0.9653522265342729
0.9770842393125041
0.9400121142721558
0.9325675885654264
0.9559664247488187
0.960129974705763
0.9346391089133874
0.9548368415478601
0.9506337230637829
0.974734979107965
0.9695296478496906
0.939163853479592
0.9418782260833614
0.9554862535216555
0.9474056951387617
0.9371467982833797
0.9433511551817717
0.9337687927974074
0.9436355258785837
0.9682415395710888
0.9604698933441305
0.9466361266441468
0.9626640949473355
0.9728766119091704
0.9386123630128008
0.9664558850240736
0.9777733298445919
0.9965649184277049
0.9913840177582147
0.9622087725839013
0.9671731730125313
0.9988324286198064
0.9817852992903651
0.9680183298323952
0.9246493568584013
0.9233833370481674
0.9771375130886012
0.9508820188802012
0.9563370347049109
0.9615869739843149
0.9242055483512404
0.9671360450953471
0.9494618980504757
0.9738482208470364
0.9773718405290359
0.9643785558499329
0.929504584050263
0.9700012012429413
0.9338494526913528
0.9708104460162141
0.9773624033663312
0.9743174896992699
0.9738000312007429
0.9276259546375176
0.9633815026826813
0.9748129806849335
0.9909840624893429
0.971582613523328
0.9695025258432617
0.981799668014313
0.9682502901180624
0.955237202599837
0.9109977716374643
0.9317092103724265
0.9289862072095655
0.9060204759467942
0.899932256860881
0.9100711434321342
0.9161562848997805
0.9017812922438585
0.9208241090320297
0.8948832791478043
0.9105036447179202
0.9223811634144701
0.9153341218718916
0.9297055159740466
0.9120993736481517
0.8781553758537696
0.9060898645336706
0.8986932497812088
0.9063363906966209
0.9173178679935661
0.9171908650360556
0.8895920629458824
0.8938258236789998
0.921997843091223
0.9143230799376433
0.8863933071479967
0.9640115179064485
0.9772981847408337
0.9117572585696397
0.97904530756837
0.9450014045902267
0.9744765740186001
0.9868444138684509
0.9476774599800915
0.8529577723951798
0.8767128693575568
0.8650237029850857
0.878688318408367
0.9387311758607197
0.8543888183811159
0.9389827827428281
0.8587879198882212
0.8630024659332654
0.8416099016192551
0.8824488121401489
0.925473507428743
0.8920989661484886
0.8892856122719182
0.8609151726083262
0.896722644770445
0.9224251523459208
0.8639837662204451
0.8987453517760924
0.9376786924368945
0.9166877696856972
0.9290108421552784
0.9423239975266858
0.9362710691379303
0.9765667667334557
0.9309777563312496
0.9711433318773575
0.965974323461828
0.9669926039010879
0.9653545360594712
0.9681432062268664
0.8913410043623052
0.8369401200094797
0.8797719174601405
0.8621395785094197
0.8976825572303528
0.9030938676956123
0.9220058954633512
0.8804210215879011
0.8874490981769263
0.931598759391723
0.9185420630419713
0.853602998617717
0.8558420613568655
0.8586890045445548
0.9015102341690064
0.9307492230252841
0.8792882060682566
0.8608156615047398
0.8411085898947123
0.8244954474635048
0.9109485654874446
0.8861881183046101
0.878482105152464
0.9582762796506163
0.9068606701649278
0.9556107387916661
0.9400992869531545
0.8718411170432984
0.9879677804267595
0.9209096250441715
0.8056899394890649
0.6874754365667791
0.8700904955490709
0.7335091202525039
0.704040608956394
0.836861121925303
0.7720513573311178
0.7173149448309485
0.7062275657342503
0.7146549203593242
0.8083250172533887
0.6908817062272858
0.7879482262983664
0.7396817765137426
0.7183042632489365
0.8415482926262599
0.7330422815407487
0.8486257865398064
0.830005001487069
0.6908673160562436
0.6937587047864571
0.7702584031094803
0.7077689712662232
0.6895853046636482
0.6459274956209695
0.8200211212918681
0.8689268067881621
0.9795697274678976
0.6710152474304101
0.8004627504478499
0.8701413883815997
0.5863141023022522
0.6048415659371289
0.656463610214558
0.581589278136283
0.6532172709395604
0.6250010312483593
0.6330959475046032
0.6023899878572957
0.5950554496823788
0.5895892121999214
0.6201443027224525
0.6616455266327452
0.6461894780056948
0.5952933712863677
0.6079631866911597
0.6032140710539462
0.6068140521791492
0.5939585786264412
0.603285515321772
0.6653536195598575
0.5965158085174632
0.5908362691647256
0.6819359363329613
0.7618121146499428
0.9134233777023114
0.6885082444684758
0.7854039047028337
0.8155415659763681
0.7480183876471225
0.8637489539362424
0.8103120082338088
0.8177179979519318
0.8352605251756667
0.7365656016861651
0.8218482544489275
0.7705895411749792
0.7771957423177555
0.7953590633378722
0.698027704069994
0.7849946575608167
0.7179486795404975
0.7326906644972228
0.8277596645810266
0.833196517831692
0.7825277076491299
0.8032880316479833
0.8163298088362398
0.824843891003487
0.7812566205648217
0.7116969050949417
0.6934542515470614
0.8076835924626438
0.7649236520669448
0.6715827623150592
0.8792244415572061
0.9609253326720728
0.8442010683599739
0.8927533311090503
0.9911534973493693
0.9726018216877876
0.9361389128085748
0.9599455503954859
0.9691695434891631
0.9156986808383567
0.6980890286149639
0.879306831736981
0.9058769462581779
0.8728502378662144
0.9333717689835379
0.8600541443048098
0.8217677396900279
0.9425898904382404
0.8955342854954759
0.7848992017580982
0.8289568545877868
0.8879364916432471
0.7456255828119878
0.8871043223969847
0.7930887201798494
0.8907675593883833
0.9402174195309578
0.8337378646740157
0.8095752192528657
0.7926299069653563
0.9099814850128457
0.883887480466005
0.9102482610107221
0.8818448747274208
0.9645900239498253
0.9576442007758146
0.8759963303777212
0.9630674819611247
0.9888643355213751
0.9698319192316478
0.9490796692790134
0.8768014738977943
0.7946496775811713
0.896026347834028
0.8460443466531419
0.8779271037704036
0.8051753637328217
0.7807224873882959
0.8552210995555178
0.8780843012709056
0.8739587109340986
0.8137442448927809
0.805167201040446
0.783643550314741
0.8991211659036658
0.864716010683671
0.8721337205449746
0.8457695044057072
0.7713508972047693
0.8244627399204004
0.8244289404158183
0.8746214799388192
0.8345586521115201
0.8466212501461183
0.8986301493549252
0.8618210067045518
0.8105563093889379
0.9166021950122187
0.8839298734915171
0.9173247856751354
0.9614516796496528
0.9411125125198387
0.8781364960977873
0.5683708809810163
0.8302199533206454
0.5559663727628311
0.8292969270057369
0.546710854473743
0.8121262885361724
0.5664107639680969
0.5957117274444466
0.6551478825568391
0.7889279870584515
0.5938422090795646
0.6073805388379131
0.678783861568163
0.6563057699807182
0.8588716832160734
0.5462916769559006
0.5476911828469471
0.6943754993662004
0.5459342710349172
0.5580141887088784
0.7952823423015247
0.5810344236736769
0.6835267602839499
0.8370566258712052
0.8816965671738164
0.6651824121830089
0.646505453542595
0.7900892156857828
0.7930154593288326
0.8701510416639642
0.6650795462411485
0.7262853494327739
0.7804173618560393
0.4861074022129198
0.7782053335993558
0.5010602894240975
0.47688334817615485
0.5081172590047149
0.5180168020879928
0.6531143404860882
0.6211501041681813
0.5400525288416346
0.5059637481162416
0.683221068602095
0.6246782310830412
0.5983757429703174
0.8222975973505788
0.7223498745649254
0.515355609296362
0.5116920710281154
0.6492341545782689
0.5897212766993254
0.5108413999674566
0.6090870390908868
0.9103861111560558
0.739230471619568
0.9372891069836357
0.6952700400530106
0.9639233204299051
0.8596820775562393
0.7592737779713326
0.6908841659378808
0.8655177995370068
0.8353126117974101
0.6863704396784185
0.369721473937268
0.397619101221102
0.37786556714864133
0.5123126844643608
0.3888425760055063
0.40647968315852545
0.2908298188021382
0.4477854407990708
0.2428819701038205
0.5083566646540404
0.5785713773690575
0.2664823255979336
0.28017941584220074
0.5264799030006763
0.26543644965729524
0.3831805573688103
0.41683775551391994
0.3004191303147793
0.43838555573807675
0.4295909351117438
0.3518732286147393
0.29461866404820836
0.8945984557864903
0.36563822900240667
0.5459860456772196
0.3998308058604443
0.597181564464636
0.4938656587111717
0.7247530552430439
0.4629528569234858
0.3792026790973399
0.6493788788527546
0.4413584007242411
0.258768356420092
0.3641292442082873
0.31989585359685413
0.2272704402249626
0.5576253805547229
0.5961461579424019
0.29396323836089067
0.30251399794937445
0.47040064190326136
0.2986148684253864
0.3262293987850702
0.31297875410285225
0.32944635111094545
0.3129271763565823
0.2684204972367073
0.271352581230661
0.34158534275075414
0.46110638991211467
0.3817924454575636
0.23833517760388706
0.40016156040799966
0.8290130609687794
0.8675775216963246
0.8174819204381831
0.7973048533235675
0.8162345358439089
0.7974396662802075
0.9074972946904785
0.7827827169898649
0.912911887234955
0.7857362412548399
0.6360539680531527
0.8478345470523578
0.7924333662522846
0.6635193436302976
0.8736911656329078
0.6343038181408166
0.8146227179080748
0.7497194015262056
0.6497645796662298
0.6989625513022144
0.5871144061563571
0.8826919183572102
0.6215850446736191
0.7369047334887919
0.6331171103459146
0.89235987232541
0.750447085832213
0.8826941109174309
0.6888551878116476
0.7113447376225563
0.8125935937657486
0.5775888899052948
0.6031579266844866
0.8830222508082769
0.8592390666663257
0.548237794675778
0.550676084622135
0.7596961546546424
0.6920378639764111
0.8505388733904454
0.8365305719312811
0.8223318728314513
0.5872004392151267
0.924730022243172
0.8679560921903637
0.6062524651556863
0.45854650659379803
0.4740633667026205
0.47545197842187215
0.390511538434021
0.48362295893910834
0.49922095720840876
0.4737611381884103
0.45043856251441905
0.4791141732864734
0.49681459742516915
0.4621590486420451
0.4555216865728673
0.5182792431365395
0.5146452129556512
0.49571286603313486
0.4760628175119106
0.4438410268614066
0.6136062287276781
0.48522470568080683
0.47123028739290646
0.5282194005235036
0.6189810107016189
0.40870759147620644
0.8479779436773911
0.6311131591861909
0.7407445453724675
0.6730795504926017
0.6523242168596386
0.7895397592132261
0.5042767926060784
0.7648185871994984
0.669537757686813
0.7150556924397128
0.5007751909834728
0.570800852268078
0.5440309047862542
0.6139536871519293
0.6609667723085966
0.5363021936732084
0.7571004985118587
0.7024219463811581
0.5394582875649807
0.5629128716519636
0.6992001162231773
0.6241924324131203
0.6940705416450027
0.619935811049378
0.5669175254094156
0.5066343641215911
0.5993709207621416
0.7258676019211556
0.517316245569271
0.5064883059689405
0.6518792257145907
0.8188412715078867
0.8585670197436183
0.6809484319879702
0.8310871715798185
0.755728081611093
0.6305290652302532
0.7366127542330091
0.7284368589774173
0.6628987371325497
0.6467785086063569
0.9703482203822074
0.6736705702049335
0.7018216422282875
0.7841572185872387
0.7145045436222208
0.7716731350318821
0.7298790245232529
0.7499096424675465
0.8186998490929205
0.7117911709653542
0.7305437592644053
0.7913584172495313
0.7134015811228709
0.8006594347610261
0.8022849910525763
0.8170991222127146
0.7014474850601493
0.7719841262134484
0.7693356182119275
0.7097361378062323
0.7572769084924793
0.7819630990962382
0.7770501502433693
0.7215592128394757
0.7791240249210988
0.7939407115696587
0.9964007420742682
0.7062226459073919
0.6739073620213438
0.6531773182830696
0.7493910848265485
0.9636834780623706
0.7869264517529382
0.7745314377588544
0.78261866210822
0.9247152056894465
0.7531086349093796
0.8889086170238119
0.7887783848961962
0.9077179021494808
0.7965795346225394
0.7937502475629284
0.7981603468850764
0.8160847725794416
0.8831570787775687
0.7972123993990827
0.8962450485813145
0.7757828692989368
0.8924494766239414
0.8819971995458331
0.7084677108291674
0.902504592431082
0.8717872141227212
0.8190255069699889
0.787194595290238
0.8432201615896662
0.81634166809716
0.7409391017298347
0.7869404887444915
0.784630689958053
0.8207693617891842
0.778225384765769
0.8770881700143004
0.8299522470110094
0.8642393544454937
0.8002471643539484
0.7467527309816697
0.7555451977376788
0.7997909643139638
0.8371634130941351
0.752229291429819
0.832499210950349
0.7959091074290967
0.789825515804637
0.7385404307860453
0.8050452212264285
0.8004578891997783
0.828629651944993
0.7858593328959698
0.7821007370262593
0.7374517369242993
0.8417555455571004
0.7960460232524955
0.8425765881085403
0.7843918003593686
0.7669852798718613
0.7331350975966938
0.8164712413668408
0.7728652804210521
0.8365501225459112
0.7789223070226134
0.8945592911293259
0.8557027647216082
0.8045557580447178
0.9466300261769125
0.7457577358650381
0.8356765323496729
0.8812577006955962
0.7685815711336478
0.7829705611282285
0.8605062111247435
0.8301205052940263
0.8296167219502826
0.9016801307011432
0.8618770229136894
0.844134286183844
0.8583236829410616
0.7363693204747751
0.6458629646088416
0.8306392190894838
0.8412222420957586
0.6423334656613353
0.8878910633960218
0.8956479105412574
0.8333668376380825
0.8091696138901181
0.7454619190823144
0.7199172560071504
0.8620614387417421
0.826145195952569
0.8532616449130042
0.775969438990247
0.7238546432830286
0.7708663062467345
0.8822928803363537
0.7792095940028092
0.8194784588095169
0.695952995662366
0.8601546157323796
0.9031927224975995
0.7933352679060826
0.8056546495084523
0.8971479017554541
0.8412776846163924
0.8764158442028402
0.8577092392179007
0.8445036614827954
0.8524031212630796
0.7913455677237464
0.7833140332910548
0.8716045926566771
0.7208881965481424
0.7478129821635401
0.7530543463964728
0.8249251260326182
0.828294992576604
0.8723089915826309
0.8447252638281284
0.8717724196089491
0.7152170033906908
0.8011420186487366
0.8855971995880365
0.8451212393436756
0.810850339105266
0.8575034656430026
0.8484988367348392
0.8957171777220285
0.8667192788260986
0.7116474618778237
0.6548428758440036
0.8390000174592048
0.7139951253738273
0.7223242406776023
0.787533340538588
0.8726473005729886
0.8795817191466653
0.8383951440947688
0.7934888657124972
0.674448414689047
0.7675749410595293
0.8514413259170959
0.7487003332206461
0.8781646491035752
0.8695854698771548
0.8457844350366638
0.8322250827761929
0.8467032844175922
0.8671583990861481
0.8848148422091503
0.904991087972743
0.7792763952661812
0.8576043076198426
0.8850778772138657
0.8240663730752413
0.9136479316288635
0.8275488760844916
0.8671254139561443
0.8805909668978802
0.9122546540242601
0.8338444302560977
0.8157345272972064
0.8693685820965159
0.8054357768939562
0.8366966669784802
0.824839952076545
0.8701540896291418
0.839052384475826
0.8234819539351834
0.8533193827810828
0.7626643225238569
0.7917004922404351
0.8709847946185733
0.8293067274976282
0.835188891811266
0.8585698057326188
0.9006076815749751
0.7610640961774093
0.7753219912540521
0.8655779600453148
0.7742699206758142
0.9027286285188285
0.8418375537175337
0.7307649104010464
0.9107220027702597
0.7984151536674988
0.7013958777840903
0.8816941774360771
0.7388173602578295
0.8426586880917653
0.8100934549535163
0.8681102233083082
0.8778408802224675
0.8898915967568379
0.8346199321524502
0.8724084304783357
0.8807984257304443
0.9262377921647297
0.8522281187785434
0.8451786250641983
0.9527934274135863
0.8960142765623822
0.8888454278387588
0.9241556799093236
0.9138029883839283
0.8219307082709447
0.8255171758575726
0.8966102806745031
0.8866110928877875
0.8477807691385586
0.7630321209288573
0.9048565341034607
0.8453365673537143
0.8345290089518971
0.912845871207659
0.8541233352470883
0.799420724704728
0.7947810082426643
0.8377032132738992
0.9274479382825858
0.8942631107090709
0.802487460152535
0.753766339110553
0.8841017174552479
0.8700601415656579
0.8383140181596285
0.8149166289884535
0.8854113472628327
0.8160945978674652
0.8879784322291586
0.9681567254035508
0.760357166871201
0.8302664839087168
0.8812112087414461
0.8778072276089748
0.9328605314816287
0.8537113272568768
0.7748054980137149
0.8047672560385917
0.8260974224089668
0.8578855098062357
0.8249183577560696
0.7915575364532028
0.857662080357673
0.7726721965790018
0.8697936012276116
0.8492147372692151
0.773170236671791
0.8409544130879798
0.7990101115136914
0.7996442168992658
0.7810641486087918
0.7545856965801432
0.8478721043636211
0.8339313538840153
0.8349594520593704
0.7782464276446436
0.8810004228686885
0.7902288705048062
0.7555544158374283
0.8127891431966188
0.739051740250431
0.7545432742544412
0.7129993847159966
0.680327927745489
0.7485751224020919
0.8686369803465787
0.7517817856229397
0.7951178340981401
0.7929094416745881
0.7338778831811019
0.8220928494400709
0.7622173875953926
0.8629371123680365
0.7847702642495441
0.7976283486478458
0.7433600789251961
0.7854210216243199
0.7582639731204672
0.8172581253215881
0.7687498741907187
0.8010562759418871
0.7821754802950047
0.7897536885566144
0.8501595312175497
0.7757740217883995
0.8069067090384552
0.7846931425677401
0.8465391410439875
0.8099325616288516
0.8020539725997871
0.7589358359394929
0.7985768687796175
0.8060920921425898
0.8246579158216083
0.8954014973101123
0.828445687341588
0.7067123397003312
0.792927386841279
0.8515826867928378
0.888890817133646
0.8384507931257008
0.8304411382710515
0.7761761097344234
0.800499026009054
0.801230328374696
0.7364613883392439
0.8023273479592251
0.7992008880633561
0.8118198468627476
0.7795074404812192
0.7556588672115536
0.7897755312051522
0.6902018729570736
0.8083037549122154
0.7446234961126735
0.7329504388674909
0.7548128378043023
0.8361183224169617
0.7198989751948224
0.7271504128910373
0.7556075815557882
0.798360539357418
0.751120218976803
0.7335939899105193
0.7649445079268125
0.751656868291694
0.870799177175448
0.8105174665677682
0.8193212402961046
0.9249241771330003
0.8530031472087729
0.866830551528964
0.8396322337472761
0.8905152447002376
0.8482452670760579
0.8246063829447676
0.9312249227875262
0.8647771431254061
0.7105951170763847
0.6596641010295762
0.7757732788599567
0.6324417687389723
0.6432461688084607
0.8040833280002762
0.7160803558419809
0.6354178700153759
0.6970431881115462
0.7916377079842398
0.6624955696520072
0.7621438030557853
0.8274305501327037
0.7788187941286886
0.7074504430262195
0.7212953817365426
0.789206496357852
0.6904307510855137
0.7307974101603156
0.7452731909156618
0.6422666208343685
0.863729716403797
0.8588153260569126
0.7606995395965025
0.9110639111730843
0.8568540289734128
0.8471665661174322
0.6861134492807827
0.8546588989982745
0.9619123686322429
0.9745277729282245
0.8832213692794938
0.93332494006813
0.6836019415453661
0.6826424321680519
0.6723157491808474
0.8111942965128257
0.6572456678094072
0.7050657691178833
0.5871575366261628
0.6585745995616981
0.6825120246624168
0.6490603649157849
0.7341011818181326
0.8057029303045391
0.7508399986211882
0.6487975017421267
0.6807096488426371
0.6585574820717747
0.6261212874864586
0.6621778950543473
0.670062635009721
0.6837195067961435
0.6918391538430029
0.9051636841019959
0.9519741554198244
0.7786388965383104
0.8237438735776249
0.939499720225119
0.7979185637900972
0.8470870715812032
0.9154031728666369
0.8394703553000187
0.8018515320995874
0.8096317005844453
0.847627849445386
0.6228747707376663
0.6756914814651922
0.7972385014911351
0.7169421026678482
0.7232396024093395
0.5946581678915416
0.5635312131509559
0.6771352156935638
0.6497857812165123
0.5885771581889974
0.7524624042832725
0.7687416421364347
0.7222250685798339
0.7064679496926262
0.7255720555391829
0.6053150293302922
0.7751594279173211
0.5799175765791561
0.6362356188865437
0.6557357664837744
0.6993895830998467
0.8124137925844872
0.8706321083738862
0.8183642864753518
0.6790846145764827
0.7315434408955331
0.7561200370239086
0.8987899444981025
0.8415765713842889
