0.9583713169395268
0.988122114437508
0.9793895989174786
0.9990203534720561
0.9899835046674106
0.9636445522659587
0.9798889012120886
0.9728137526719196
0.9726981023366421
0.9714008390079962
0.9759973018021042
0.9574065089399826
0.9884635108409858
0.9811293362256229
0.9842282201855824
0.9853793904242887
0.9957423774753262
0.970466939169605
0.9728576473333737
0.9842344980891529
0.972687968954085
0.9569652360490597
0.9891549985168502
0.9816948669597927
0.9739591392641688
0.9887871154175518
0.9739275311990224
0.9636129327995518
0.9683802384114123
0.9948966006318395
0.9951096422084319
0.9557854450087326
0.9569980499085629
0.9567859967573449
0.957812908780275
0.9942790887653262
0.9887856251145017
0.9803247826926242
0.999610173204652
0.9790484707675358
0.9828397444845467
0.9986972608938605
0.9612956689570038
0.9601397878853923
0.9999502499423556
0.9904586027340783
0.9978811315337207
0.9758597471825665
0.986319124593583
0.9689797306374862
0.9770204195710643
0.9735067318562727
0.9568215143954234
0.9879019141638166
0.9674101025235987
0.9746510591810977
0.9998377744872722
0.9748103667560928
0.9997897723709345
0.9995747878909553
0.9922068334185812
0.9990623833746575
0.9990224931721723
0.9800064198899701
0.9868175781693405
0.9835047403210793
0.999932773778909
0.9998857776167205
0.9939459705038127
0.99941906241897
0.9935692652038248
0.9999619796276276
0.9997473959334968
0.9999222099087388
0.9832124371393078
0.9984327149751883
0.99575021262495
0.9991789237312754
0.9989708509318904
0.984333294482794
0.9938759505604895
0.9953143615028726
0.9922270445288217
0.999628791449727
0.9932175986542309
0.9997168437529909
0.9993200293231075
0.9998229355395531
0.9984912420425072
0.9963687119905351
0.9964695337317748
0.999248760637856
0.999617647280215
0.9998064319372899
0.9990290022088464
0.998130065311754
0.9999491336316608
0.9975442583169709
0.9977855401182129
0.999295985538698
0.9984750405330196
0.9999245765438525
0.9992396977159473
0.9997812714683751
0.9975794017960558
0.999531139811073
0.9945479609916104
0.9944160018447223
0.9826844292062371
0.9967949661191142
0.9889813541976122
0.993520695030979
0.992667188537764
0.9742889977686687
0.9730535444150381
0.9805857367325677
0.9996069412527282
0.9708708729296909
0.9876174434879618
0.9883302173829579
0.9916964144746814
0.9764768590747638
0.9989850358483099
0.9916124834695137
0.9611730347945016
0.9743203883784411
0.9708638872477275
0.9966629129396471
0.9760651464322789
0.9913972173438929
0.9821627504740595
1.0
0.9906799672642448
0.9616109196570648
0.9799098253778541
0.9666479730469312
0.9740697484361119
0.9616863875509825
0.9592363330951971
0.977430095616858
0.9757912291456847
0.9534443197004554
0.954843899967706
0.9523533546603924
0.9803434152226145
0.9827707448699129
0.9972500089177991
0.9975624853542284
0.9933901566712654
0.998530562421198
0.9630550315470805
0.9665174973254277
0.9823669331479371
0.9939619802421925
0.9830729802230516
0.9938951293461824
0.9939650828056759
0.9856785464093836
0.982554909386717
0.9798053645638843
0.966830159933171
0.9868756745943772
0.9754506812735565
0.9914132659107429
0.98997724488496
0.9968684527929802
0.9764984554568896
0.9675379023380872
0.9732178304512242
0.9769623873458859
0.9749092493820251
0.9743123963132596
0.9712679442826345
0.9764398225802228
0.9608474365711395
0.9995582907274937
0.9955123259083218
0.9999144786482338
0.9973652696447317
0.9737452913309316
0.9909761828216295
0.997262803372202
0.9960901871162076
0.9979023957250283
0.9895720848060967
0.9727312380446869
0.9705256322025926
0.9841091168283884
0.9768922233269863
0.9997092607155256
0.999858739991725
0.9992699188774162
0.9706581489515815
0.998813677462125
0.9780707113573681
0.9957542152195171
0.9901345431020026
0.974327913699983
0.9616938357966291
0.97657270694165
0.9756771796039345
0.9640377252171407
0.9739756748534556
0.9715531790325904
0.9776278967950045
0.9839186808410063
0.9829562727353961
0.9871011282009708
0.9991683322326566
0.9959121961198114
0.9899123134003354
0.9953704611018379
0.9993831590587947
0.9792624378536217
0.9955632351295973
0.990062718698834
0.9818529669921938
0.9943268181412391
0.9709494661924173
0.9872996598224077
0.9958821181896185
0.9929895324571638
0.9802071057025421
0.9991746825101796
0.9813248186466796
0.9809346116964035
0.999151487179698
0.9951254158637008
0.9976348178172638
0.9317904607927557
0.9642599067762928
0.9776008538681586
0.9509929644654262
0.9735248160178196
0.9598801393241551
0.9279480011675681
0.9675679208650224
0.9772035969998604
0.951938023129326
0.9816553951405682
0.9912003721680777
0.9996745602124865
0.9975983669030302
0.9879441291011757
0.9415487809659495
0.9919266543304178
0.9938797940606092
0.9984292125120428
0.9774558458996307
0.992690338190777
0.9730932366019053
0.9993866752855282
0.9637270269665175
0.9849969851777097
0.996194981985057
0.9907000884935329
0.9599344339977245
0.988365748794689
0.9554278473996329
0.9600409208026108
0.9463424367939561
0.9369412190959547
0.9664210257402782
0.9615921983397029
0.9390242139566195
0.9882997596972329
0.9759138800109026
0.9822944164808229
0.99743570310346
0.9992253403188153
0.9943003961458674
0.9937028283920997
0.9806711718949228
0.9950812905165163
0.987941645597094
0.9939038392653042
0.9963049900231886
0.9940781816956634
0.9742633680723853
0.9879255429997933
0.9956812712085048
0.9820644136001819
0.988286456883799
0.9986825254836751
0.9963988565010888
0.9825502967252236
0.9996497264160564
0.9687244692809514
0.9902033759424111
0.9930697010214686
0.9909262401481479
0.9586960761594755
0.9613464994571221
0.9637118672663372
0.9686199423282953
0.9659940722730337
0.923515402142085
0.9635515711867431
0.9690985037257044
0.9653247348281314
0.9989692241992143
0.999109191299442
0.9591690326493715
0.9960936640858769
0.982372174470934
0.9908232504682221
0.9656508966228388
0.9635175360858863
0.9840043318137399
0.9371649088131793
0.9809838098149266
0.916658694451697
0.9732741135266169
0.9983580234762217
0.9959502451571896
0.968147499131039
0.9380831736144049
0.9452198916290295
0.9773206457195508
0.9670869655883256
0.9330909083183765
0.9898170661781992
0.9053983690827472
0.9173612836338096
0.9138374766978421
0.9366511174377627
0.9106967264627837
0.9079797978321837
0.9379984745627603
0.8914495085372345
0.931661849629317
0.9904498504663226
0.9001152057213382
0.9340563222632696
0.9966307744802747
0.9643574606495622
0.9995531181887823
0.9970913128911341
0.9968513432799587
0.9678087280177148
0.8821964027476688
0.9102630212893561
0.8967745120419325
0.9945436285046656
0.99695107387971
0.9972048267195406
0.9955468509034073
0.9825291555141111
0.9165730392399868
0.9802721980495367
0.9114055896513897
0.9697011577698977
0.8295662200212743
0.6722084337662111
0.8938017258494866
0.6995557991812388
0.6709586278069908
0.8148016909223922
0.8290169294510001
0.6920742137620228
0.6794472145787
0.8715461661063186
0.8299250318230558
0.7770886127672331
0.9751366039912406
0.9591790851459626
0.9029428215606539
0.9211045299281017
0.9919979468323956
0.8091181188585355
0.8234342727663277
0.8339836925700106
0.9844364870065613
0.9905753694485123
0.9694933691961747
0.9795709692528805
0.7525930591467206
1.0
0.9991165286661128
0.9729826553533554
0.9730658986337122
0.8462815858690523
0.8700469591807295
0.8305682624080727
0.8203816704674429
0.9840317649985297
0.7860592464507695
0.7091587216691799
0.6815678966649159
0.8157866322213733
0.7450373668365481
0.6666764986610582
0.996574839625594
0.9350917076697549
0.8375210628604252
0.9734596946933614
0.9463717017657591
0.9992904217061492
0.9728770926936143
0.9939094934140476
0.9995221021989873
0.9449109691625912
0.8997496711820386
0.9144413046146722
0.9697199149988884
0.8877496399512113
0.9758984648416168
0.9875394864396418
0.9968787029132584
0.9989087512695691
0.9749155265373074
0.9808692724732635
0.9171124457510715
0.9784301639814317
0.8627060123526166
0.9269709591774931
0.8826475477237299
0.9380525731524506
0.9788100699843563
0.930010664912887
0.8494335122662011
0.8313685421659152
0.9386146416652072
0.9424851427585115
0.9993013320841175
0.9744967435630797
0.9786041565803811
0.9993525962182644
0.986555405387044
0.9985394631759789
0.9725452380859358
0.9824330122370672
0.9857629038184543
0.9906985578161103
0.9971175911706734
0.9927157344881674
0.9932301977491418
0.9730367083568885
0.9966083364116394
0.9857381751279868
0.9761083427007531
0.9988740209958722
0.9870659847537291
0.9907805991525376
0.9962174675417151
0.9758863034659999
0.9767647553402717
0.8738704322903033
0.9218547486806536
0.9647287299589327
0.9421093520662125
0.9733851560296871
0.9572138754134767
0.9008325517234022
0.9729528886278794
0.9244074545937109
0.9159464016634394
0.9879966299149929
0.969656665430618
0.9871864829643205
0.9886129766816051
0.9481272893228438
0.9412561803831504
0.982112959131459
0.9952005568776527
0.9783969108904604
0.9697141277023194
0.9789494388325917
0.9952400770120998
0.9342153467721915
0.9840563039314149
0.9785541993707865
0.987405630085483
0.9676717675776261
0.9916620189579449
0.9796904211002181
0.9850296558632635
0.9965606288821538
0.9533483487513145
0.8703261762342462
0.8991783087616325
0.873575368891975
0.9744997507193145
0.8268588796781607
0.8312885053527364
0.8968639652777816
0.9634173308867889
0.9635243025564906
0.9516984600622027
0.9010218468615361
0.9240571171007352
0.9886483858070225
0.9134330930318793
0.8921749019466463
0.9254615997039988
0.8892855562026147
0.973085163877918
0.9732687565497025
0.9057951843620276
0.9628268321216666
0.9729289417923359
0.9641786767370929
0.8953516675259483
0.9105360491665968
0.8974929962507576
0.9626763558270262
0.9172758265254091
0.9910828196159207
0.9104448822264841
0.9106797854655702
0.7056931182109474
0.9950794454696479
0.7517482729351191
0.8720148027543018
0.6676376494187156
0.8567855392495474
0.6837965633314084
0.7041376277920537
0.7578229919177502
0.8442312489916665
0.8662899268961624
0.9801215892594801
0.9122154312195749
0.9860939192500806
0.994951267315412
0.9945606941632288
0.9855067513589978
0.9859859578551102
0.8439592608049127
0.9830035594376441
0.8803019384996364
0.9254198617897672
0.999284748664383
0.853897106320993
0.8418502870009427
0.9939912836373589
0.9753659703189066
0.9954741926748141
0.9831020783593492
0.9964344772839849
0.9477550645266462
0.9826917173706609
0.976500249165178
0.5589118166077792
0.9330365467637699
0.697406762889609
0.7973267274453061
0.7059300441694254
0.7213680559744858
0.7277422917476806
0.912936471286113
0.8376710779830757
0.998117293661805
0.9836041088257469
0.7567297374633193
0.9402584619970233
0.8232744254479759
0.9032837207903892
0.9214790019729533
0.6820762185240254
0.941465715044334
0.7575604055644974
0.7392288405656434
0.9801979132361877
0.9838251759831163
0.9410000279089619
0.9702930152683349
0.9293304980793109
0.695531157255012
0.9996471840911615
0.9170233300128761
0.9909354341786057
0.9883615937837212
0.936698429969101
0.9364874193840623
0.459212580927293
0.5432001599416669
0.48356891702357846
0.44873482809970033
0.5862422160018552
0.7204975372419842
0.38911928241948923
0.5053893967328715
0.4278082384944039
0.9110385616511203
0.8039882005239902
0.934180584544136
0.9080800820864425
0.8441071649722255
0.8936925343061777
0.954431949539905
0.9968718173783553
0.9314609949998637
0.8092691368170568
0.9883705802981315
0.9791373387286786
0.9970118592573787
0.9739954780484993
0.9941380830083988
0.9188697959840647
0.8364256599784172
0.9656513437378959
0.9373774862614299
0.9966406835939854
0.966615430074879
0.9762069949016128
0.8374424062678356
0.8896569865055126
0.9246080735570787
0.9302478145608919
0.8493853512834985
0.8264897062660128
0.7402554593677988
0.8293760338038786
0.9800937767208432
0.8348237240411506
0.816057381233225
0.9915935053587848
0.9542443299618879
0.954017347350708
0.9502975318415663
0.9038378459657492
0.9342843352457607
0.9398977337805772
0.9693178278489687
0.9964632481776596
0.918459550993869
0.9340356563544094
0.9925290451441051
0.9356935484400678
0.9269166409584602
0.9398987130303005
0.9562678707004603
0.9466716363463497
0.9926689309604614
0.9892703350798813
0.9898095109552492
0.9990641402784028
0.9013564792172118
0.9909645929310227
0.9615385447195252
0.7701913239428886
0.8116000728544476
0.8743666171068987
0.6257241406336487
0.8690735974417663
0.7148235437388427
0.7253830790991538
0.9080137286869354
0.5390681630888323
0.9205920843365948
0.8294104249045524
0.8811551875327279
0.9864110031664121
0.9951934432979174
0.9886683846271
0.7957133388838087
0.9428716084481217
0.9322881338090125
0.9337331665723344
0.9770975984042436
0.8482482077310333
0.7282220541390703
0.921428326898655
0.8682740293349644
0.7270247957028415
0.9685457827738266
0.9896540920985215
0.9900739402689349
0.7164742303192537
0.7405749666233074
0.6968183850456968
0.8856797687598303
0.6415467226025916
0.9954764045675742
0.5713002545516501
0.5952643700553082
0.5177447982996684
0.45461461508342826
0.5340504406793642
0.718489417062272
0.5038617727521026
0.4990195409763587
0.7334491485903047
0.896954169169422
0.932702550662758
0.9852195571063195
0.7116876898455782
0.8396696825833871
0.9883945777184091
0.9980697792750536
0.9991852941279674
0.8018149950077199
0.9957152370309196
0.9809815429201543
0.8641222188959801
0.9654413934106747
0.7337023001197831
0.9205128104391705
0.7903978415362392
0.8190718358742051
0.8505705660956031
0.8239363338882956
0.9707848400942902
0.985945366804034
0.9751583087645083
0.7644579905899598
0.9745267408469076
0.7228952265040334
0.7084928032443861
0.623054938299739
0.771027918920073
0.6911949571213419
0.8894114951783275
0.6701911338843362
0.6897783159218092
0.6464682535059212
0.9704672998823941
0.99647555847526
0.7918300008484117
0.9571104319919914
0.9983262917545688
0.9291445414648349
0.8421517611938201
0.9111601979351853
0.9859790976852431
0.9774210000121857
0.9715402816096865
0.9974202589274129
0.9899298776310207
0.9022934274693227
0.998180037547736
0.9666927089673937
0.9893827174807422
0.999354379030482
0.8134010904684381
0.8397066651844227
0.7952557342226855
0.9363462505559816
0.9988229342656001
0.9933336777798404
0.9606465191644891
0.768589067696483
0.8394429377122302
0.7465678259647016
0.6692771857341111
0.6471865128804357
0.6574343157038747
0.7594013052902518
0.6507152637294404
0.7727324555811698
0.96382015178703
0.8083444715957584
0.9950123139740481
0.9623102400702495
0.7616613298344918
0.9843219865241476
0.9446277456013824
0.7341596713865164
0.9647806326947872
0.9814806672092284
0.8879675119929674
0.9126880774447595
0.9991706470453426
0.9186873409266033
0.6772029778438873
0.8506721434358093
0.7356850409745239
0.9626499885953105
0.9953428568783282
0.8210563602657734
0.7089566091159957
0.8834062135867387
0.9975560859827036
0.9982728666787384
0.8102156551363433
0.6738332852087717
0.7205446791660106
0.7792920261305669
0.8049386011461397
0.6801694230729324
0.7069632417815978
0.7890844642450426
0.8982715751935537
0.832561939837216
0.9321460972838538
0.7401489639220982
0.9972607707158214
0.8602869706317651
0.9585394054287086
0.7802448385320482
0.7887160828152295
0.8955041112696698
0.8825540028600656
0.9126568500562655
0.776976289244814
0.959476702660796
0.9580791994089317
0.8551206369804298
0.8567248457089987
0.9460000478507764
0.9474958563731806
0.8626415397887303
0.9766187819850767
0.9695478631032477
0.8621554416413972
0.9147834262721165
0.8342502934768665
0.8721756210451667
0.8074828308943878
0.828304657645921
0.9128693983395697
0.8065367927706348
0.8955491666581392
0.7515431638603838
0.7212504349475082
0.8207316907793231
0.8636145007738361
0.9392578629973971
0.9161005128235147
0.8653575582066859
0.8287875700345495
0.8270833162888178
0.8418464033073352
0.8717667955422068
0.9991386428889539
0.9494942221729209
0.9619957868778676
0.883345350132192
0.8268180136941312
0.8920435443584505
0.9847237406340821
0.9411097910279604
0.9693166266943793
0.900013970149659
0.8280818565352905
0.9064242386501736
0.8171241361087164
0.8588292036021882
0.9971765631702963
0.9899025570635942
0.8860625454232227
0.7911502107846878
0.9126884221680142
0.8177936572453398
0.9343780539489721
0.7398342608551756
0.8371689975410881
0.9169382041284041
0.8992342597391668
0.7866869457054227
0.9636910371229324
0.9010619223012976
0.9372867412024946
0.8809218735070352
0.9057559298556188
0.9963492643452201
0.9887609789772107
0.987673579578098
0.8347269373548275
0.7884592534008406
0.7489555830143823
0.8864163420935438
0.9243459994872765
0.941322685911862
0.8473626423232838
0.8293769756952478
0.9886806820019689
0.8260907177052486
0.7914345194293992
0.9230358438637711
0.8736274005753653
0.8145681822154202
0.9451566871918737
0.7991563128155333
0.763140646089459
0.8296047917503607
0.6930575255495663
0.773001110472891
0.8886615557305293
0.8183468806655007
0.7914426481971623
0.7851333307831153
0.7489773898948171
0.9557478255726104
0.896504441031126
0.7899596919972769
0.7652503295100541
0.7919517383922051
0.8005805231035681
0.8231383459169294
0.8846877487721749
0.9518980906906991
0.9812586374401187
0.8943864436272431
0.7874907329976405
0.792163026140187
0.9827828265282887
0.8230125516418598
0.7998167164553593
0.808941414626128
0.8639693395729173
0.7726709527411127
0.7701199818317078
0.8146799658662334
0.9621712906335836
0.7427965107592439
0.9970161945378169
0.899395923046592
0.7706935243516588
0.9345894179511747
0.7375969023323345
0.825793023772508
0.9070573008640774
0.8308819588417091
0.826713042080355
0.7706525414592691
0.854837501847442
0.9950374582918149
0.828981847448256
0.88405869664217
0.9069395638782407
0.9823822290460213
0.8497549613704248
0.8409764096475223
0.9986517821496982
0.9698429694314458
0.9378694789636384
0.8775423943915469
0.9279403256816343
0.9620370498533231
0.943723493887177
0.86628181761758
0.9866007743659249
0.9954199015733933
0.9580763135942669
0.9971201228007791
0.9604613927620886
0.9911327301942323
0.8973977951543483
0.9978526036367243
0.858745787334174
0.8562123040129224
0.8988081128670059
0.9324795674572379
0.9195891841970818
0.7928250109038961
0.8474253072350281
0.9154997189128193
0.9017413911213258
0.8461530207796603
0.8625500356510493
0.8367760798426949
0.9360808971696357
0.9993320726873933
0.8842418738074251
0.9900772592777898
0.8715260463391564
0.9602935805291157
0.8248743103300754
0.9540730047134526
0.9934055697572024
0.9505126355277034
0.9441514791433412
0.9514830341760008
0.9807613067101211
0.8410254241216641
0.9936866254120351
0.8812546507963743
0.9024338915345904
0.8484699564789356
0.9023386876967618
0.9066388513437471
0.917446050601462
0.8657572794409947
0.8849500915424684
0.9107665700273065
0.7721640529705283
0.7713129439074204
0.942461509281837
0.8241265571661944
0.925578794624137
0.9441638203089775
0.770734009060743
0.8791541276104959
0.819970026444796
0.9841888481432106
0.8282041610308057
0.8926878693743604
0.9974338089528276
0.9364532164571149
0.8507918494272209
0.9272192935183312
0.8477948100770651
0.999453255334535
0.9781959209715763
0.7755628623318827
0.9630910615711525
0.9057307770215336
0.8221442365959077
0.9215199817990183
0.8420160113533359
0.9916517743400795
0.8321420675082758
0.9976222358176563
0.9961832869544148
0.9772736501645468
0.9267084046236893
0.709142502708894
0.7472860685892248
0.7598659796676014
0.7745149812822105
0.7550179098385734
0.7326255733337927
0.7537060367578167
0.7272597704660149
0.734353914231015
0.8177824255369838
0.8174161753497984
0.9814260982982688
0.9958761683644597
0.9006439832016409
0.9012538762462069
0.9783364537230781
0.8738813970404404
0.9476599554368115
0.8655805102777443
0.965933244522759
0.9157708452065736
0.7482447610702968
0.8689484387600401
0.9090672632058643
0.9779757659177335
0.9973215972775447
0.6997146377834333
0.9859552206440966
0.7627092477812598
0.8473273786812955
0.9474145715811932
0.9401478772541367
0.9481833462469271
0.9313745522165451
0.7720132295616695
0.8064719265266098
0.8408260810988114
0.8413791571566561
0.7772785717567092
0.8267458574420299
0.7893387282218793
0.8365926886577257
0.9576522943092902
0.8383019035378224
0.8819592959053539
0.9128750269756354
0.9925167116107632
0.8794389375801115
0.9803770876475402
0.9339240966200162
0.9984231708611929
0.9764567747810231
0.844676796685866
0.9895174988840166
0.9653159836401329
0.899844647656733
0.8534681127891512
0.8451770074460337
0.8875232726696208
0.9159899427531297
0.9612095675213841
0.8383021785270988
0.9244468686872283
0.9522416745029392
0.8471749876264955
0.990544302334033
0.9463904545235597
0.856405039698132
0.9502824574401895
0.830608337816001
0.9501891897606766
0.8126771251589866
0.9267536211487694
0.8476655517090406
0.8191620121940781
0.9359623628594576
0.9858968618434817
0.9282685146370917
0.9805217839102831
0.9607130402980436
0.9524453144496422
0.8771529655172097
0.9926020747805584
0.9996193325310141
0.8249568691720918
0.9642146236470811
0.9936449142564252
0.9955367150696048
0.9980888504977148
0.9587853094658176
0.9614895625787987
0.909427017578148
0.9990734361101358
0.864413075114618
0.987048335511729
0.9992941960778093
0.943228435430569
0.9231371846111557
0.9137661617227816
0.8140400117943551
0.6779625163017637
0.8963276356663346
0.8033728262475197
0.7019736479017633
0.9747350176562093
0.937826544903549
0.6834331791942085
0.7571702943342231
0.9479049138455602
0.9189492534917366
0.9851285246392762
0.8394389367137256
0.8906494978593356
0.8386361649687522
0.9805645806427441
0.9012907155770962
0.9725412148962325
0.965511368345017
0.8858278314362187
0.8454654069530005
0.9686475288131993
0.9573678638124676
0.9032045666237964
0.9995793436480754
0.9884714954453008
0.942387670627825
0.9836956060482187
0.9664992843613163
0.8413570725124511
0.9935021241433192
0.9664573482935097
0.9839221639082194
0.8366119309799405
0.792771780421483
0.8581088258934929
0.9466067767335838
0.8033005534204142
0.7754504298317864
0.8001025879366703
0.8661531805499985
0.8053229842541072
0.9098548557342261
0.9685161821937205
0.9615904870698975
0.9701621233278314
0.9108879958229467
0.9967327886619578
0.9689052470206514
0.9558894323950957
0.9660506216470336
0.9926687221733751
0.9683255365857188
0.9957017270393911
0.9480459339542081
0.9959070074281635
0.9818888660878953
0.987192312562628
0.9017212822054494
0.9147510573188398
0.9300176092445691
0.9813138756094277
0.9387786567697671
0.9975401575476783
0.8803071537731928
0.9243805795500133
0.8111904610846981
0.7397528140875651
0.9085253524178458
0.8953627825431812
0.8955371383103593
0.7545360241767847
0.6752581670926521
0.857526422220346
0.7628498282200198
0.9224549825383729
0.9791522702978601
0.9637384142782
0.982972814313525
0.9395742398133503
0.7785677171745299
0.9448271339641368
0.8951924600179073
0.8896876754677352
0.9369369749838008
0.9403828801559186
0.959072693073979
0.9540146657443458
0.999363041243285
0.8696946241758227
0.9973542373368853
0.7468076929284632
0.9656367664658441
0.8916009441710786
0.9495366903474727
