0.9675622103555923
0.9501138936713296
0.969270998243346
0.989295310426942
0.9541837256801422
0.9911016644906272
0.9800224029822908
0.9915031427010708
0.9691701707269584
0.9546170493542399
0.9643027791205424
0.9597093320019816
0.9733951307730978
0.9654598190878301
0.9600744986670178
0.9766370577429637
0.9543158869964659
0.9742138081434855
0.9783706448740015
0.9791847724509484
0.9920746141838928
0.9514375654303533
0.9674988499123491
0.9665397159473893
0.9588273591539147
0.9614035482010959
0.9674928498843358
0.9556257279416674
0.9619658069513336
0.9683786256262418
0.9898924177535992
0.9871906616845293
0.9858266585570556
0.9846294970425991
0.9577372816811586
0.9803047393040019
0.9853013701808777
0.9804187458537192
0.9792421611679738
0.9820693595731382
0.956954916754216
0.9605787885202612
0.9589952998174964
0.9861942345543238
0.9900090685766136
0.9743581629219522
0.9599414090440452
0.9782223752499626
0.962260426550968
0.9698403250804466
0.9661870776994022
0.9835465017221459
0.9587160126342544
0.9890892309598711
0.9830487328234558
0.9647037415497721
0.9962799655583048
0.9709922339392876
0.9867291297961305
0.9744541886382874
0.9676603999530433
0.9762389858029963
0.9800428139289554
0.9672857300578654
0.9708570395265348
0.9617788606369357
0.9660494263746062
0.9619779540867395
0.9761762786736333
0.9498709245247483
0.9592686257410372
0.9681689296911673
0.9636437188386163
0.9536677585164912
0.9635360845802183
0.9579875782052951
0.9466731662277791
0.9550500845691543
0.968629241146299
0.9663860755938632
0.9512521883045997
0.9627874665112568
0.9773941332607933
0.9621439686256773
0.9587424161238689
0.9973044231927863
0.9764548447595734
0.9510070602803836
0.9364807501899642
0.9378037546866175
0.9522652528071107
0.9676957519982936
0.9546344293863092
0.9508708612127876
0.9483191681488601
0.9517634759523421
0.944678690417657
0.9643194870948941
0.9367704597464215
0.9443479146779609
0.9497741965156834
0.9502721910985903
0.9457718161407447
0.944815212365073
0.9654755075634956
0.9469844729738548
0.9463459720681915
0.9597667640445886
0.9482779018034786
0.9626891889268792
0.9469511200646512
0.9575558865608464
0.9469374884853169
0.9477807389898315
0.9601255056072556
0.9579274825737903
0.9551739371836997
0.9549904267615112
0.9504931750889722
0.9447006434041545
0.9432498835111902
0.9460885342781749
0.9472253023049666
0.9618413728307985
0.9428006120706856
0.9505477259454995
0.9640370984394913
0.9582572552723878
0.9705359308307906
0.9423126488063714
0.9551293726963552
0.9704888617397643
0.9563480205688131
0.9738275873592908
0.9591274351835234
0.961045229602428
0.9437592827663426
0.9648750640402716
0.9674710593162633
0.9504759455195312
0.9556631292848969
0.9437258161387834
0.9490501647056955
0.9473904219036406
0.9684856704645928
0.9743380908505598
0.9960646798565591
0.9654674034837032
0.9777805983930119
0.9507600629849087
0.9271488027828134
0.9498942854593255
0.9418261966160009
0.935490331076461
0.942145882821074
0.9613273821213102
0.9703859785916551
0.9697632559553273
0.9529763535187532
0.9643434514078819
0.9669173474801271
0.9394455056779907
0.9381487479506307
0.9411450194557196
0.9465954532895022
0.939494030017004
0.9697429644240008
0.9609487026765765
0.9448385288419338
0.9660646791819579
0.9726484409817467
0.9475996795230357
0.9289379901159016
0.9611132403346399
0.9663943047036021
0.9839469557958365
0.9750907663730609
0.9790173281982762
0.9948932388795483
0.9912171406411112
0.9688347394639272
0.9372601066339257
0.9516408695851081
0.9545830132588391
0.9374719979394568
0.951122957784902
0.9652641739395458
0.927949266923169
0.9369317856434294
0.9788870702160126
0.9716103394471991
0.9789192321531326
0.9621613345814858
0.9468324817900372
0.9726739952902816
0.8993899623739761
0.9759337539998789
0.9741427097854687
0.9746579006351115
0.9722330469393332
0.9540119609535616
0.9786701143424597
0.9756687832513948
0.9548205831540053
0.9606749106315874
0.9655719824538598
0.986856864985762
0.9696679519858633
0.9347168539999978
0.932819537851427
0.9195905500536513
0.9465175119414455
0.9038834659415955
0.9106756926856394
0.9143978343309332
0.9081019562614204
0.8959217318529652
0.912815781589768
0.8980580847515016
0.901178597634054
0.9225598559767523
0.907110327963629
0.929544397832605
0.9124958343171359
0.8797820134329043
0.9258044892275081
0.8921029362698714
0.9070969555462285
0.9043865004502427
0.9076206574558561
0.8964379551445354
0.8999819700645793
0.9205849667846104
0.906347162787501
0.8890538889711042
0.8810637695496865
0.915958699939264
0.876043831440864
0.9853500163620696
0.9830780698922543
0.9502797185576102
0.9722690769336317
0.9147966634922373
0.8949975836059392
0.9535885151701959
0.9002866679320982
0.8852006434222958
0.8897717518443431
0.8400523423808932
0.8697937036224321
0.9263662684711622
0.8745823032205786
0.9168784716016207
0.8767359463829938
0.8834512910874097
0.8851640295809695
0.8821660759190544
0.9081913439679898
0.8894415397016937
0.8995255035901544
0.8453484644465517
0.8888637225610677
0.9102303074344064
0.8608250090952816
0.8687698106151318
0.9348935368543242
0.9275686153661653
0.9561985249485598
0.9155874352504892
0.965216033576866
0.9683966776693927
0.9568151224626349
0.9680133746361721
0.9688728217470184
0.9055016356790373
0.8554375522726776
0.8961252231507884
0.8354919640599116
0.8883531242670684
0.8936632285908235
0.92536286789951
0.8775936750422006
0.885059988126935
0.9320697106994853
0.9304656760823191
0.8456828522082633
0.8670441094138903
0.8684146095130811
0.90285088612729
0.9263105355382615
0.8795937260908935
0.8626784775573213
0.8476694404477935
0.8472000057497922
0.9126100204507526
0.8818712086856431
0.8448924955888498
0.8817167912304105
0.9240870468376068
0.9144963195521776
0.9796045963294664
0.8796015250531857
0.9577638059059977
0.9093642882406903
0.798496441179515
0.6641226752236582
0.8651493970008277
0.743814502989865
0.6958645212262244
0.8455327257005885
0.7722071281421407
0.7270867619151822
0.6925145632116058
0.6882686392481454
0.831314853120949
0.7037605592826508
0.7939365480942129
0.7437238913449239
0.7342382542523007
0.8401273042276863
0.7179149173293475
0.8615012732406065
0.8160036084510496
0.6646612861887969
0.7081738403752378
0.7416041132480728
0.7108380576728571
0.6816939461216298
0.6862412641829156
0.7474316390957009
0.851929148791222
0.8798249150954722
0.7284906229248699
0.8206863539001714
0.984658694863758
0.577399801065954
0.6012390328447249
0.6546508856553312
0.6005649777267437
0.5968865218789101
0.6040076106234986
0.600821602056262
0.6595468549456212
0.6121250330953438
0.6105504935875306
0.5879871955467391
0.602889815435748
0.6055577413636981
0.6291448001255238
0.6633084120052131
0.6276917049898182
0.6063655065910563
0.6008508491708745
0.6174462234700228
0.67377328402925
0.5692373916489464
0.5933132329483924
0.6661458838599144
0.6225578676929753
0.5747685933084032
0.613698072061347
0.7642942266698374
0.8533042248502002
0.7109181158491698
0.9085132883542579
0.8124058832595344
0.715029355396113
0.7690405345704401
0.803048525663014
0.8144932562661238
0.8354044639430266
0.7536874505797186
0.8196614477156967
0.7670365823694731
0.7760766432782815
0.7976777858189702
0.6922359037907657
0.7850188254698758
0.7184338547448396
0.7385204332150521
0.8331585442602659
0.8350574104099292
0.775554363184503
0.80214853807829
0.8222070702252782
0.8221758621188794
0.7845444079036296
0.7237911183383591
0.6808546400483133
0.7997943922725409
0.7663615745776002
0.6809358335931243
0.8765669505347846
0.9827686899470949
0.839828277985037
0.9193926123492822
0.9865114476768471
0.9532343310308737
0.9423213022315821
0.7841709090030473
0.8930234153863044
0.8605374543203202
0.8529864901528629
0.9518719234812838
0.9055629934741064
0.8002936115112567
0.9228874101311239
0.8208252810763298
0.9035960389828589
0.9169352245202331
0.9412018913363127
0.7435432242031197
0.8598392096399988
0.827509029120793
0.7952482666278817
0.8886437635874853
0.782118668460677
0.8922195634432777
0.9360643226650928
0.8961327939852919
0.7709329324411317
0.7188568298062472
0.8222171767874914
0.9150928564874283
0.9576732547887146
0.841562292025112
0.9498328382266081
0.9732516593526094
0.9637052438915596
0.951710995969766
0.8952736402273987
0.7943808882671173
0.887637009607909
0.8392998128065265
0.9083539545515803
0.8045386278457644
0.8106240544043015
0.847940816578926
0.909767673958445
0.8365389938900515
0.7969559560478656
0.780003767251157
0.8067854177120874
0.8979275941704477
0.8417120819270463
0.8509415034275627
0.8455021888308811
0.8005291342020966
0.8391120531059194
0.8528187076498632
0.8667869680925637
0.8050530412781263
0.854896606389062
0.8157169180854065
0.796216999137093
0.7324146902864224
0.9343067808480982
0.9317841151153655
0.943151548151791
0.9249788217005762
0.9172860877103071
0.8476564729411581
0.622642768243477
0.8270938751061339
0.6045491227724411
0.810453738730122
0.5855920484311651
0.769746908867718
0.6131582785753745
0.5964661428142632
0.6469304373935651
0.8135460954562743
0.5869972409809108
0.6592913629500211
0.6356767104824241
0.5632215466547794
0.8103090362929174
0.5924510049628755
0.6416185102792384
0.6542583409279807
0.5475061977691186
0.5541869681707098
0.8488137061439652
0.5469854189434635
0.5621465352716786
0.5517436834820565
0.8234422446103449
0.6838692925319232
0.8295368814470669
0.6802376000104842
0.707980643465387
0.8621700023477387
0.8107156568333859
0.8007708899298268
0.7282567222359704
0.4903049478075273
0.6669454071864386
0.46264138669616417
0.5719696323500855
0.5578676563745508
0.5251080726360154
0.4947264892821771
0.6330811044664328
0.5497303000059123
0.5282859422634565
0.6515820005294783
0.622148023238462
0.574783938911136
0.6899008968567815
0.6726937306972871
0.492124341627483
0.5288642826798501
0.7064961606923135
0.6012201044871937
0.5044889386195451
0.5657909196163797
0.5427863073214225
0.5610705238068524
0.6555652305436399
0.8679393938254073
0.7908591937659675
0.9790772077320186
0.6602542353382429
0.7493318695731763
0.8130570635077763
0.9641024191719451
0.7351126133494629
0.35697210677249536
0.5227756280031226
0.37007722532291965
0.37880485383569595
0.39791978668415917
0.38913402032516553
0.4629640482328276
0.4362660070665354
0.253967687498601
0.4240801223844695
0.5870840092904549
0.2699633782492307
0.45460573460969494
0.5520305112672217
0.2633270972188646
0.372164261669337
0.5073315390492461
0.26712662410146953
0.28100532120408594
0.5082804029686279
0.36077206256525274
0.4512042824844347
0.39851057248574284
0.3040003082109338
0.28199202506972165
0.5675562632716454
0.4741991063275673
0.6585090148105028
0.7544229582523296
0.6227682196759832
0.3811684309904354
0.43456200911824794
0.48179613445896535
0.2958780695054304
0.6021210961333224
0.2593005382047666
0.2696898101245966
0.3807231824367228
0.3115384701627304
0.27690661024026925
0.5024948941378402
0.5738362987657794
0.24432259179224786
0.30765871913234916
0.4742169157828706
0.3426163182685953
0.2938501938763156
0.2995529639047161
0.30914804850415667
0.3160077468029293
0.3098874385927738
0.3316819438048524
0.33193151577634467
0.4545936094554792
0.2876345311257172
0.3223780593334615
0.40746914179966287
0.8142511201389724
0.8218862967938635
0.8119346489219454
0.8370565466776246
0.8325106346816624
0.8036113512978761
0.908916100469872
0.7956715650719177
0.9357831367896277
0.7469858177853715
0.6355546715633023
0.8689053692458234
0.5823910928527224
0.6777583853350659
0.7460378156666014
0.7026595633920003
0.8106966067374312
0.5495193820964492
0.90597600917695
0.5889667381226739
0.7701355639871771
0.6375081268798433
0.7529837458813385
0.7026916361333231
0.8795079522335674
0.76384116978262
0.7183220216210237
0.8378099653484223
0.5731177611197725
0.60088674506729
0.9104918437738445
0.7866310174488502
0.5977946296669188
0.5864750760077668
0.7456258567603602
0.7046198033293697
0.8239487135707195
0.9511367624046171
0.8205032535007601
0.6104901153416682
0.9001909232066336
0.8870844931972255
0.5568691384993885
0.4685922764373034
0.4511580797792504
0.49485128608727436
0.38070154520857413
0.4813387803783171
0.48020056104686504
0.48155952549476094
0.4815419810948671
0.4936579744734782
0.4747383910431973
0.459277627753928
0.4781137024082822
0.5841530804782943
0.5047298019596934
0.4478101443610369
0.4532073083968196
0.47899059752582507
0.5781916794567619
0.47718736726155264
0.44606595421322615
0.5002883549468157
0.5380510717326368
0.3363487346965416
0.6292869306614316
0.6483726897092233
0.6269176029185664
0.7577767869844668
0.6517388950526384
0.5717852848290855
0.6246855763592337
0.5550080090022987
0.8821723853908792
0.5137528593738133
0.609791665059153
0.556683038864302
0.7159408056877062
0.5138878442415931
0.6381047272697093
0.5212420184241864
0.6384669865567669
0.6299143299618266
0.6023847143782989
0.6839502050602702
0.6923652042246543
0.5143867066919365
0.6290934698666962
0.7258336896771455
0.7182584308076844
0.5772286366637828
0.6717344162938346
0.5525626884510613
0.501992905072457
0.5145522625849416
0.6237184938423611
0.5541280985448876
0.5039788867465529
0.7356552924568026
0.905503580143926
0.6749200524920911
0.6359048755217587
0.706592520973566
0.7411932832692365
0.6321833769702319
0.7219246754844878
0.9383622712958848
0.7211253659472204
0.8147748982133854
0.753948217031811
0.7545182233166104
0.7955212253736405
0.7567444842650671
0.7865478635394051
0.8070088470687249
0.7113801209091306
0.732815192479819
0.7575438811469881
0.7149804455958104
0.7809285112555382
0.7956562944644344
0.7462234439617546
0.7682127488937601
0.7835798918861414
0.783005255111542
0.6715225476658655
0.7321731472369593
0.7553197942378067
0.7526806503408487
0.7874991907911852
0.7872332346275783
0.7785585983987204
0.7618681577736012
0.7641076182912376
0.6518290003185432
0.6629108884513013
0.7498361161208721
0.7891996813251028
0.9208220765572044
0.7808007494222963
0.7845838094086603
0.7913730227740563
0.7607949490165328
0.7989859144074329
0.899061769409787
0.8550252993527122
0.789580343832569
0.7899677230342633
0.6857735845549696
0.7163375919002892
0.7819216809392919
0.8047617180913789
0.7790408002383211
0.7097152234257154
0.7722906067580411
0.8955141725102899
0.8291094304975316
0.8973576081999655
0.873877182868015
0.8481545041353422
0.8448974162613974
0.7531581964516536
0.8772251581210881
0.7771237900660574
0.8842837891593907
0.8137281734960407
0.8718585374347081
0.8065561287036378
0.7754623602011093
0.7104457217052021
0.8981382618469065
0.8054446735641633
0.7350089999467185
0.7490958213772505
0.8331824832100386
0.7814037962755152
0.7995484864013509
0.8390783910502251
0.7995787148789164
0.7896175465984779
0.7584181158753044
0.7947603506816778
0.6850447833701473
0.802397022063453
0.7913054568146098
0.7784158210683181
0.7902857602422481
0.8773778013365457
0.877578073838456
0.7300931587216098
0.8493396437080848
0.7906541821983314
0.8528598822730579
0.7538339035274603
0.7810494407050774
0.8300599065756458
0.7267543740380108
0.8252790522830175
0.7667132667884156
0.8625868894296431
0.8040830321072345
0.8815554693606116
0.8256712443044387
0.8681629859903786
0.8804591346769848
0.8482678786205065
0.7563499592513677
0.8882839272754028
0.8642239250080557
0.8930162461379312
0.8178624998370896
0.7999118854597957
0.8370251428273207
0.6508529837894725
0.6872484351077237
0.8322162251010418
0.8027155444469334
0.6498811673811297
0.8686157409017199
0.8869065572145327
0.8663832983396589
0.9095252820423692
0.8417438065414672
0.8620701425484703
0.771544197187215
0.8073956275089378
0.8130787898665421
0.6852369738539291
0.6892192289432031
0.6703584999786243
0.7838571688212757
0.7850366737402855
0.7484582410635481
0.7076548445697011
0.9398206502919135
0.8313995444825429
0.9109608612615686
0.6913878687323991
0.9414711807041005
0.6820668175419731
0.8170421166822643
0.8613219880022789
0.8564653347864776
0.7770875061494202
0.8036216095016593
0.7914119334706464
0.8753430688021471
0.8046508329076381
0.8686017558291941
0.854867078420825
0.6338197751878647
0.7507576062454566
0.7190576370846866
0.7141982288316384
0.8047777386294834
0.8038245250288553
0.8085840003138673
0.8485813446868963
0.8109274481375848
0.8012899897980701
0.8688717480767938
0.8556704912360289
0.8393413743990912
0.8718810065651856
0.8018080604082806
0.7868601859192518
0.7736600991507101
0.7122986449806987
0.7717486964087317
0.7741865507943066
0.8030184662115809
0.8770485268752677
0.8177637946130547
0.8384585420935291
0.7591275160746973
0.7901810767076842
0.8790999761115079
0.9225533949954018
0.9190745956411099
0.8292393058466094
0.8726818001911678
0.8654812708606845
0.8697529434082663
0.8572788441405311
0.8015143718865323
0.8154084634056227
0.8262288223935229
0.8210166379022299
0.913939059240539
0.8334504979938555
0.8065289457631211
0.8796774596530541
0.8693327695039111
0.9014542453117725
0.7748094798858834
0.8692767123965329
0.765629327378438
0.8683871458839454
0.8282670909029533
0.8110086336615496
0.8628757128247881
0.8527998394830221
0.8463421934758658
0.793166834176007
0.9072468272530387
0.9225289143988102
0.8157554547495257
0.8111600889819125
0.8705893250784983
0.8360526058627055
0.8169595115344659
0.8170299639366971
0.7220366502799354
0.8917529658152095
0.9057799392470156
0.7626340412803336
0.7512647436053073
0.8394232635084872
0.7888869434357475
0.8445541777008352
0.9224020607457153
0.6955170183731187
0.8904212576257177
0.8300574453508465
0.8444421025832175
0.8988288262570026
0.7071986638068352
0.9191471851877662
0.8573780050897089
0.8664488075850121
0.9116277924690019
0.7939480085746553
0.8402474270720555
0.9098043900125468
0.9195219179260331
0.8510242292176673
0.8284962807600535
0.8549119745411147
0.824896023617369
0.8476746684512204
0.8965536315701421
0.8453678302437618
0.9075234112555063
0.8716978212891169
0.8883507759855807
0.7939868849154292
0.8749415629992191
0.8223653260925259
0.8845848005828814
0.9079062913966524
0.8339263238796836
0.7345785621114753
0.7868794001513338
0.8335681430132817
0.9111664561025109
0.8971271224208263
0.8438038367815452
0.8546344199733429
0.8206824906474143
0.7389303673518385
0.860360039480672
0.8583611118140122
0.8768992740265873
0.739836013497827
0.9013554972862889
0.9216330802287156
0.7828715124846428
0.8681170580238069
0.8822555503468837
0.9138336291546967
0.8714066860750453
0.8968789282266465
0.729046435976759
0.8776697038946958
0.8018209521995154
0.8171009510515055
0.7862785781868112
0.8626953040536268
0.7466636460809899
0.851369872475834
0.8176099675350366
0.7960069149507454
0.8662272280192858
0.8730704264967662
0.7541076674843381
0.8506106778277401
0.8323142068411338
0.8027254931123375
0.8789199708632347
0.7923434798376027
0.8448099021483693
0.7797805812542861
0.8033468859793741
0.8558160865276321
0.7567489968427248
0.8523540184966905
0.842721685574245
0.7505837271428597
0.8012585761457526
0.7510762244376511
0.7422504730165779
0.8330033308800753
0.7286142283187356
0.8114838858681332
0.7769832460289534
0.7493233856285417
0.745527793683282
0.7340131765359205
0.7501234924586796
0.7274627958682569
0.8052856170812285
0.8324333825863812
0.7991371409971888
0.7986749687848564
0.7351482279825041
0.780198200876608
0.7804798112713176
0.8289547102237438
0.7117653706546183
0.8060926814453794
0.7689641889715868
0.8124804609500006
0.8269307618976214
0.7786534249505505
0.7632529554254368
0.798106685269516
0.8547214462120998
0.830403394092299
0.8141484362561675
0.7936489636743975
0.7688048231615829
0.8008378622998334
0.836908764279853
0.8272681311038901
0.8284933920863164
0.7181666736920707
0.7566778903646707
0.8299466718767344
0.8434899555744444
0.8215682563949991
0.8915346325236341
0.7348779519149363
0.701582457526292
0.793482820780306
0.7296777650935202
0.8278322111960378
0.7250131700239819
0.8260040141893645
0.7240810667334819
0.8145000714402324
0.7323903736956694
0.738453380376244
0.7545194414233285
0.8275955583072457
0.6907966417401122
0.8182965958934086
0.7756778687913508
0.7459290065805428
0.7167302608362061
0.7275995710901696
0.8238268417925774
0.6882566323998475
0.8185233088483022
0.7612411879316241
0.7430849955706403
0.8589249788809785
0.8362943693672625
0.8911439601452107
0.8686201856159279
0.8826843393933956
0.828866003327049
0.824161204856378
0.8804758498264522
0.9216257685487732
0.7069224851498696
0.7091389940360512
0.7046861627498511
0.6380398259306637
0.6415384171700904
0.811581717533641
0.7314916950210635
0.6374191819818285
0.7059426134526826
0.7784776783810778
0.6476090221171505
0.7749047669383935
0.8031463626900027
0.7098007934210715
0.6378638859182166
0.7720581768528134
0.793088880109806
0.6711371811480003
0.6813706775826949
0.7514403348462162
0.6108999423100532
0.765784467419407
0.6936601969507318
0.653939685360064
0.8892217691841242
0.9193713109040691
0.7385906956377304
0.8198500307280521
0.7614864128324383
0.9981264724290659
0.7588197632905522
0.9403486937613665
0.8672463140035709
0.8092880651227231
0.663319825105402
0.7340097058915724
0.7014783262737658
0.657698703930802
0.6946347564719464
0.7242412347964281
0.7550821787300335
0.6591517474280526
0.5964918336366725
0.6413130495264096
0.7885540994052278
0.732196644759147
0.7717833195512962
0.7418470734149382
0.65130307731718
0.6078157481102311
0.6633562867890834
0.6529360393032118
0.6959872755409602
0.8048036627818553
0.7739039179882723
0.6746932268129997
0.628409944696009
0.7886849607109023
0.9392982641732965
0.836659929265186
0.8947379632646951
0.9160642214766075
0.7525891555916622
0.8654460900791621
0.7856971082510077
0.9318137295492139
0.6313013626669972
0.6842990785202694
0.7181691294541213
0.6919997505111766
0.7320486915090287
0.5806802922351589
0.5625440019511696
0.6629820680065988
0.6648933113405227
0.5784608828893237
0.7310138526906309
0.7674303758511534
0.7466974639755287
0.7202087608482215
0.716802622936004
0.6017475540206992
0.7437554677959148
0.5838735982147729
0.633225785109178
0.6494570166184339
0.6590804390430653
0.6982869424860958
0.7089133227869103
0.664331396894545
0.6997383357848896
0.7205827674867331
0.7818025717129262
0.8506071021198184
0.8774293241370055
