0.9572255520774897
0.9869394271122736
0.9789152160333571
0.9910460455117704
0.9823497033615811
0.9584817651906318
0.9617292241419356
0.9837282918774785
0.9947969342272597
0.958909342907855
0.9868061817739283
0.9838694504290081
0.9805910381029519
0.9880438976302239
0.987478616683433
0.97790128377706
0.9962323348459402
0.9605708204562656
0.9838855751982952
0.9815158003800732
0.998050278645412
0.9578578837568138
0.9909974800622099
0.984141274445913
0.9855510039513145
0.9792371581930416
0.9752480049394048
0.9746676150322687
0.9642560096475717
0.9865503466517744
0.9572522722966905
0.9557817165343315
0.9997865416502197
0.9989535890335272
0.9823746327054252
0.9770170770215447
0.9919599184731753
0.9850891657103726
0.997082246808902
0.9661936867791657
0.9621023879088172
0.99697696818046
0.9556694642782324
0.9993649809759952
0.970597856505073
0.9730354602083742
0.9888657367111473
0.9743032780889754
0.961973457636909
0.9687999386784862
0.9704396636612664
0.9807647729963607
0.986922176584403
0.9744615947612829
0.9829137097441025
0.965270955816006
0.9999652664184646
0.9851190916003845
0.9995044861481905
0.9994762487827551
0.9916514614741812
0.999205036008068
0.9995692005473854
0.999463954687949
0.9864041274480181
0.9997372700731049
0.9999289470429376
0.9997047439084024
0.9978974669347308
0.999964032138187
0.997128086973821
0.9998689207535578
0.9999505674831106
0.9987497022000074
0.9753154466602028
0.9983801776106942
0.9997343668048999
0.9986841991380995
0.9908606399132804
0.980414404420385
0.9930644714475894
0.999919617326366
0.9968241273983045
0.9971613048412067
0.992265566567996
0.9981344957968294
0.9977546274861238
0.9996865049026883
0.9990885661341415
0.9995956437938716
0.9974954263171399
0.9990269185346068
0.9998814297967269
0.997826795343151
0.9992773246423069
0.999191890818565
0.9972992786534202
0.9981588463004312
0.9939906926144152
0.9998977195144879
0.9994499776034682
0.9999458750704905
0.9997156714731182
0.9993229971552604
0.9997584704087952
0.9875593020559195
0.9813194211302276
0.9928947143871928
0.9917757441193307
0.9954140719032104
0.9916107385021873
0.9786690969870522
0.9707399135843091
0.9729741579381364
0.993106392422183
0.9657417809144643
0.9856350273518534
0.9968550704098998
0.9901801134852881
0.9786231219601553
0.9868753083921276
0.9786596435617763
0.9668277908562399
0.9845854184813129
0.9947745306538658
0.9887657831861121
0.9992148068040799
0.9926062894853144
0.9952190434239789
0.9945344719824654
0.9875042841613301
0.9807394999355219
0.9868345297943928
0.9988878918416784
0.964491725921941
0.9667433151665091
0.9508394347334457
0.9717140471974317
0.9756186366903122
0.9572957982514739
0.9567210809803973
0.9497840385890004
0.9558571166579737
0.9746758754280946
0.9605111597313578
0.965255276397308
0.9941006769628559
0.9720386439576489
0.9912796050203017
0.9962877209909404
0.9782991741111611
0.9991321248516299
0.998264475054629
0.9814442891258615
0.9764514434921243
0.980576081256771
0.9983161885211114
0.9822860413989963
0.9689593431468961
0.967567748493624
0.9926315077609005
0.9772087400142573
0.9591370138015323
0.9997532564970144
0.9783219341569014
0.961835485520869
0.9723121977743531
0.9767050184435173
0.9748708915534968
0.9720292928893658
0.9744153182574036
0.976867956901916
0.9611102157939418
0.979164892352157
0.957481720690768
0.9898662290495209
0.9778131177486595
0.9718597241482324
0.9997565864432284
0.9978291566357345
0.9890947100845843
0.9701736795042332
0.9943244789035859
0.9801432063864146
0.9846126925024539
0.9897004821651225
0.9933285989572829
0.9992747057622389
0.976559447060535
0.9998850450417501
0.9989679374997085
0.9996428151489714
0.998625879205216
0.9816471125381904
0.9998576019085059
0.9686145520487406
0.9726645224578918
0.9760820800093643
0.9766002221258416
0.9612707391776115
0.9748945032088007
0.9633504232133354
0.9946389030567521
0.9693905135051437
0.9671296466877857
0.9706720462649358
0.9816114346182883
0.9987568688276738
0.9836886272906595
0.9987822130485391
0.9983861032801301
0.9993575498832223
0.9726598501386114
0.9951741314937539
0.9798411023406939
0.9794948979546629
0.9793432793389792
0.994459919878241
0.9994841318283463
0.9996472643594773
0.9784709850441777
0.9759546531314423
0.9897954168479184
0.9832267141108415
0.9934856586789627
0.9795503876420846
0.9888449919171688
0.9378418856755678
0.9545204201838658
0.9725152629605835
0.9537570739117993
0.9805354206186765
0.9652959784616371
0.9170014600713418
0.9635308545643476
0.980487944521674
0.9753610909790867
0.9757640054414264
0.9529987671038291
0.9971515739937867
0.9998440113576554
0.9966713491299013
0.993636168084522
0.9886855204223534
0.9447536427281038
0.986121501210472
0.9792726041565849
0.9921711707787273
0.9977656051745809
0.9923235836190256
0.9754553063063445
0.9980538959710779
0.9757492304651219
0.9887894004838124
0.966325656919168
0.9414860263007339
0.9503090368932283
0.9935835305217431
0.9427212194899559
0.9341698245342023
0.947262637935
0.9491014430842877
0.9481734966493988
0.9612327746359814
0.9261134903481852
0.9738253247599253
0.9996282857493983
0.995045752039377
0.9952534198641487
0.9942423702834218
0.9884225577556145
0.9952225513707096
0.9876041546139775
0.9994884868803392
0.9987391082551597
0.9876140218683911
0.9866509584288629
0.9850428090677807
0.9998372230290767
0.9974100625909907
0.9930421311043264
0.9996857255124435
0.9997118867967911
0.9951446511305894
0.9991300869467227
0.9930620390330673
0.9982901389860417
0.9844840414350433
0.9998749786183558
0.9485990794843586
0.964109286327306
0.9647673247784981
0.9697786712916701
0.9637026685348955
0.9368734708173967
0.9711603623015939
0.9488554292099894
0.9580887902547934
0.9569762010965498
0.9577954792619194
0.9467640412372871
0.9905142031081512
0.9627101592804836
0.9865985885122954
0.9986537970561702
0.9339023206979826
0.9659425424284418
0.959838304970316
0.9544627532570953
0.9926863845067535
0.9490103413084656
0.9991866351075622
0.9638659556600495
0.979039806073706
0.9939793338162879
0.9667932242324941
0.9672975409048347
0.961486243284204
0.9736561118155679
0.9616049611758589
0.9875061558802338
0.9150781517210429
0.8953128257410785
0.9363059958315196
0.9167228483122243
0.978062012507688
0.9212251829878527
0.8887673121113191
0.9213252438573567
0.924622393447899
0.9526314066587672
0.906197207586155
0.9864800964135757
0.9703405862575083
0.9522650830957958
0.9823972896683097
0.989195006715258
0.9162975521289328
0.9646673940098073
0.9617536034815337
0.9944513092460614
0.9676757602703903
0.9772104699583042
0.9846767982764704
0.9313528188109002
0.9971892840099428
0.9992486532293963
0.9884139933578717
0.9188880498688565
0.9583257968420811
0.8872072333135489
0.658590427934561
0.9159220321388791
0.7598443192709625
0.6829807381220874
0.8112466431472347
0.755905322577079
0.6840656948205628
0.6897509146876631
0.6540338602620216
0.8689980621895783
0.8849381233888891
0.8712113027654331
0.9224203209597661
0.9983518829415667
0.8016055613317348
0.9314545175983964
0.9455859873478067
0.9054878421459391
0.9805152867444042
0.9946892008685495
0.9668305841061581
0.9830734541402044
0.9073591332366117
0.9152798533712716
0.9952479731759469
0.9928364444464458
0.8641268227625751
0.8201341802633567
0.994671107844179
0.7259219951292366
0.8940961079803211
0.7763840405863033
0.9446832777955178
0.834987018300962
0.822682059257358
0.7844680848979632
0.706353520466416
0.6785167165836002
0.810820295414844
0.742082695722321
0.6508721844373975
0.9206807260110195
0.9904241186743338
0.8722121103694473
0.9644678108163787
0.9233858054664347
0.9880413967785429
0.9610800486243094
0.9971149251923112
0.8419686132472268
0.9933541112677913
0.9984336645084201
0.845535638910406
0.984038279934715
0.9641768632366834
0.9808592297785246
0.9240127830898047
0.998341046972495
0.84485138331528
0.8449316111728666
0.8586498692521192
0.9449335791137374
0.9169591685892374
0.8453580693481781
0.9361939179834828
0.8799425941425976
0.9269915977044785
0.9707984516374202
0.9190301136421363
0.8385683473386227
0.8512625541245303
0.9444480342669012
0.9398661849777052
0.9898199894374666
0.9886665405828136
0.9997895036824715
0.9906890978808541
0.9825133917978517
0.9895675778189744
0.9734701370909549
0.997134964039496
0.9978624411104997
0.9974109105551457
0.978909459720716
0.9937969863121795
0.9881092759719238
0.9902892705218309
0.9908509078575349
0.9974463878400754
0.9998556395159219
0.9939709683968383
0.9888278764098952
0.9930269770776102
0.9949672099134252
0.8429263454442797
0.9300739247477993
0.9618121187795414
0.9535097199170671
0.9994985752422894
0.9515915588955273
0.8976281314970219
0.9602553902718878
0.9265238335389723
0.9697320945529819
0.9343148011611156
0.8747276735587173
0.9976155292627364
0.9746854919866031
0.9880587697004293
0.9743017186717148
0.9911449709672806
0.9929773612315408
0.9810491600761144
0.9586505081390093
0.9963892664432479
0.9992948628608012
0.9300513449772685
0.9873995281482766
0.9940553754394702
0.9508087549069228
0.9044782242230871
0.9942888215427621
0.9428975816956591
0.9954591796873964
0.9770515034434872
0.9210486674052814
0.8343263561144296
0.947622947659774
0.9254674669185459
0.9199416971155041
0.832421736138606
0.8789371146118754
0.8979143550562034
0.9255966139999035
0.8890304468571218
0.854356598215101
0.9055132848638072
0.9800997720041771
0.9971438198242222
0.9975483878394185
0.9636059609205532
0.9381164391729145
0.9761906622078675
0.9450813456063096
0.9164780216045516
0.9537847793622318
0.9913582675423278
0.8913026129314412
0.90778221871815
0.8992490110091476
0.9406099067414952
0.9954115569608822
0.9418390531963194
0.9021783281689724
0.9285568918871373
0.9174037436640887
0.9086945559251918
0.6883908671603098
0.8903840016332925
0.7166055043624486
0.9877460503368021
0.7355264170139573
0.854620521828659
0.6772791928695556
0.7135235513611025
0.7078238477339729
0.8745766272392794
0.7500840206509667
0.9552110269609041
0.901819104564239
0.9981120220363167
0.999636182316479
0.998218792008308
0.8633696972931277
0.9970767636346785
0.9779194357335657
0.9750266376106037
0.9996790943712954
0.9669215492098704
0.9909157515781404
0.9327016368640442
0.8482654248279038
0.8554715755935405
0.9967470397686681
0.9997352063611684
0.9890199702543223
0.8547217221955793
0.9666896178278296
0.9037898151861627
0.9702950752886578
0.5848837524642054
0.9604684804035296
0.5741635892045801
0.7742690951736533
0.7872041852781527
0.8516129281326221
0.7957231800038411
0.8315430504392307
0.7851831819956028
0.5413503539611941
0.9523620130632554
0.7281764670427073
0.9723000111664482
0.7507964986382317
0.8553243042053912
0.97733081669833
0.8198273822197548
0.8983106641459321
0.9866066537650446
0.879975591380753
0.7734074051483502
0.9226166353377067
0.9699455672211115
0.9931373639521139
0.88631750376508
0.9753786739156924
0.7307259949164473
0.8912209866060822
0.7867167306935465
0.9918017364804099
0.7606418574851683
0.9238254242773549
0.5012358205811984
0.5163012376399545
0.4879187270098832
0.5967375319744396
0.4752116271752191
0.45875775380919537
0.47290411962203427
0.7532239010867984
0.3405387893397268
0.5284480889427041
0.8850634564164415
0.9668277737093189
0.94467661971259
0.8604374761610227
0.9030588277354132
0.9801430361981497
0.9978191534929955
0.9768739486643736
0.8373307067155362
0.7022957598904234
0.884512301318013
0.7033320178240925
0.8273333388089319
0.9908569808512959
0.6883860108537155
0.9730409856373601
0.9938649484886453
0.9300125114564022
0.8066776297321474
0.892594974517644
0.7356346039116084
0.9872499701264501
0.9274278568299241
0.6908542785226781
0.9236120738514817
0.919923586503461
0.9028512377547224
0.8872484962436907
0.8564236846634021
0.7308808660153774
0.8060294318042425
0.9535387656295993
0.8333389143681804
0.820395333100277
0.986602837401178
0.9927868708881795
0.938953083004036
0.9564555410646438
0.9676402628865501
0.9351932626366134
0.9986797848824907
0.9256339086373383
0.9940437943746265
0.987413960915074
0.9319746923746751
0.9300369609117515
0.9640607673698358
0.9867043846918194
0.9429061172531117
0.9387150185053723
0.933991111000029
0.9987801342328031
0.9311778515649418
0.8967356604907284
0.9598736200151572
0.9767117748442571
0.8716532015418668
0.8170047200028401
0.8601177173211982
0.5389983206027069
0.8646966768629275
0.8082035718253238
0.637953307116564
0.8413603940227945
0.6240140637993612
0.9483811854366685
0.5951871256118033
0.9813521092629285
0.8476110843133304
0.9995161717721901
0.942781101260168
0.9992588526800901
0.9984679767898899
0.9988768800698933
0.977021480430292
0.9984059882098151
0.6429014341063257
0.7097708677394023
0.9889649901347961
0.9296224070354753
0.704860266719066
0.9982614481172245
0.8739630344063558
0.9636374044916949
0.8508738549931616
0.9984624869609391
0.9844576664419495
0.6281374403934273
0.9981737971151046
0.8392238691422738
0.7081827543908122
0.7155074390963103
0.6193810174495076
0.5200879950832029
0.5177481948716375
0.5161105832578746
0.5295169641888574
0.6697536472308463
0.4923320423598628
0.497275800010886
0.6947849570671343
0.8372328005301055
0.8351812093019549
0.8901278882398562
0.8913675156214175
0.9832798372289935
0.9561942334590228
0.7538295230533663
0.9930535122587042
0.9967831237497397
0.9239077037650623
0.8344144612991318
0.8231306424378222
0.948233689005219
0.9975260763242795
0.8488543868451865
0.8313512429690322
0.8078522359614027
0.8281542355200757
0.9802642769538175
0.9187926607601775
0.8110394467718469
0.9568574449144676
0.9108976024402216
0.7072061365948112
0.7514408616193933
0.767362477620452
0.6468371939483597
0.7104677360142688
0.6409016429042327
0.8504858041183562
0.6683591070850239
0.6975648991045541
0.7181163047535057
0.9990424859102911
0.8578526621227844
0.886511710296494
0.8922363485260545
0.9399889509648245
0.8759251949732554
0.9801481145724642
0.9671399919900587
0.8089754555542189
0.9546584145107837
0.9081651088417281
0.9930203401400031
0.973718710215948
0.9986423157931645
0.9941911571999694
0.8083767939780668
0.9832675066448658
0.9549834051380539
0.8189606135190474
0.7740675929416657
0.9992396851572252
0.9789354253219428
0.9806356077178706
0.7629201897166569
0.7529727572223777
0.737616532607945
0.6810039424474568
0.6505715919249058
0.6779499984799919
0.8653297615338454
0.6698968870042517
0.7754169309558792
0.7727889795240672
0.7479747770195103
0.9889418789928844
0.9377258313225518
0.8709758055345389
0.9652486825187845
0.8736266173073834
0.7019820848600351
0.7937103261204359
0.8550112544755062
0.9732508297898728
0.807124497678903
0.8972580234532848
0.9974314115551264
0.8098804292157145
0.7466172043460058
0.9723984057554186
0.8570598267838268
0.899257777801552
0.680191190197452
0.8920660930255968
0.8951456095821302
0.8947913996152327
0.8318940003412179
0.8805886660352156
0.8891943808674986
0.7264296152369895
0.7185081986458688
0.8261074644617317
0.8178542697565051
0.660359694554118
0.6977584478579101
0.8766469380788056
0.7782003613332122
0.812515087933205
0.7800761639650695
0.9451967994056097
0.9451958377784434
0.8508184083765552
0.8570516985432692
0.7622018715653247
0.8049276416063291
0.9669196613968855
0.8026525738148836
0.9931204951323325
0.9856147614317429
0.7522127634491684
0.9882875272818462
0.8519435247402007
0.75518043340766
0.8838181182385245
0.9537014626444577
0.8567340428316546
0.9158064070109507
0.9634919154945732
0.9039751935749865
0.7882190176724135
0.8072698156007576
0.8498277552439397
0.8765375377796447
0.8083605896831914
0.882573666555376
0.8347182235718502
0.7504079976831783
0.7843297125210744
0.8500894033042407
0.8709445554040042
0.8521261479394371
0.9259516847787166
0.8247789897691911
0.9460528970411005
0.8627215107323649
0.8637176969916565
0.8191543638008854
0.8609724691534428
0.764513976106104
0.8518105244357768
0.9947936517083682
0.9070350022290841
0.823815133901354
0.997060027679396
0.9712500596278313
0.9982551562578375
0.8497072111412208
0.9877515569875972
0.9435683715930672
0.7826944916904679
0.8394807919827306
0.9254572565275352
0.8079676851638213
0.9137821363698959
0.8121774326416584
0.8646834481666408
0.7958066810787118
0.972791671168772
0.8279442611079656
0.7622316077377146
0.9347640544334244
0.9185583908597361
0.7669006926734596
0.8222285716194074
0.8805037372182495
0.9983478457696102
0.9605939497647523
0.9158129413418017
0.8444260797405131
0.8224421311832856
0.8444381269957604
0.9984424193504944
0.8572329517554548
0.9965486861953177
0.8131135143735695
0.864778023636118
0.9937910286932055
0.8913069948704121
0.766506080239981
0.8296591870372009
0.8268867585521489
0.8926663044897178
0.8383106039442605
0.845847073448901
0.7868421093741348
0.8226805581953878
1.0
0.8439920686511508
0.7895022764716035
0.7555384612130878
0.8030436142408519
0.7997170677686005
0.7813638650160741
0.8429775786900452
0.8192517503651662
0.6768293493262713
0.8319342064642599
0.8422621564919277
0.7876478381666523
0.9238094904308466
0.7909307966344905
0.9161090268824649
0.7823082825586902
0.9108670954888758
0.9028090578903311
0.8245139245449157
0.9697158909646428
0.9465058112696167
0.7910903193457677
0.86208992501389
0.8060539301760615
0.8618154063252657
0.7128696711502087
0.9811950243922709
0.7943657393764724
0.8122087595154757
0.8158635586315977
0.8078072423291481
0.9775233891696965
0.8075297466203302
0.893841129495639
0.78265696454582
0.8130645315469412
0.7120202746405273
0.8061549495828355
0.8357001004259694
0.8236013653313401
0.8979534802558036
0.8191692877711386
0.8992309208092917
0.7864166995107811
0.991588979363606
0.9496622620662339
0.9776192366172685
0.8345032442010571
0.9017947863396899
0.9140850215973234
0.8382487962692341
0.8493629929118262
0.910356661622824
0.9461898240530723
0.862710903087029
0.8681643645444874
0.9916203576327367
0.8698013394394148
0.8950510168407604
0.969949572111402
0.9966116370008179
0.9190686457034997
0.925094454804245
0.82252652897903
0.8906993539087282
0.9126189911661512
0.9533428085288237
0.8110334272640366
0.8272828780955473
0.9222921747413488
0.8762464602643906
0.8970304521377414
0.9301225912092992
0.8068918683236921
0.8449226832972756
0.830794144840715
0.908226980955704
0.8459226224517454
0.9142049196833248
0.981981919293866
0.8547023680011883
0.9356975666325189
0.8550900463024835
0.9543986422125701
0.9738294046084921
0.9842050736806714
0.9869983083286249
0.8840148420434627
0.880189778666826
0.9626280051191946
0.9699866081503704
0.85550930732475
0.9404980441267446
0.984859995967575
0.9234424848431119
0.981911143705665
0.99830357792518
0.8513342514729514
0.9037394991338047
0.9462289383118242
0.8449687540377037
0.9382507981228465
0.8561889497142294
0.7733739315007487
0.8604098598937147
0.7669841122748249
0.8888555682355339
0.9501493433065706
0.8289547017628334
0.7677785643709052
0.8114686571106683
0.9886828503430063
0.9826876005404636
0.9983059351826543
0.9595408784240821
0.8570605233245343
0.9881224878906922
0.8177689866974058
0.9759712187100078
0.9550248875112264
0.8602542306236315
0.9915719587231173
0.9826076588413433
0.9946867187453863
0.9149700352696382
0.952967907375206
0.9351958785097845
0.8723227166511949
0.8061306683579408
0.9910392156254229
0.9972185440206167
0.9726556761049797
0.8327859537411786
0.7494374577311609
0.7751125458123284
0.7422326129063714
0.8268526195159891
0.7795363740468025
0.766430191104638
0.7566422656782157
0.7274667637039853
0.7327909074910177
0.7958255760930752
0.8261446557009668
0.9481347514790496
0.8725639833889836
0.9885820508996378
0.8603602664689378
0.8116282440020877
0.8423455091118386
0.9333906522386111
0.9356877408893436
0.8423927629660073
0.7779950707385896
0.7071135321706186
0.9203814099478196
0.7599339421878097
0.9347308861820773
0.9607885627889127
0.7283968750805172
0.9457507692021796
0.9788466979145769
0.9310579068590918
0.8755322796467572
0.8994274294961961
0.9272571000839478
0.7517701658085038
0.8912466425441784
0.8425996962914113
0.8282861999979922
0.7945150302836484
0.8419672574258933
0.8358976828385164
0.7796504767142818
0.8356137998034827
0.7915027672491438
0.8405473868236768
0.9936342924348102
0.9659552848327952
0.9721075685648712
0.9889918777755766
0.9871166022237716
0.9443214632555356
0.9806645202688953
0.9973477603141674
0.8688239909311024
0.9667782392141493
0.9216567062778329
0.9729249773741023
0.9768820262346198
0.8473756765848031
0.9191962381471457
0.8532069499717756
0.99752042444547
0.9387404009937886
0.936212619494275
0.8553765571420765
0.9115996793107921
0.8785116699120417
0.8406946270792245
0.8266046524385138
0.9529449215095089
0.8813252823761817
0.9494842085579454
0.7629014617220615
0.9660270010659239
0.8417015812758613
0.9046679496459116
0.8146112748586312
0.8405925057640782
0.9456258855674983
0.959537351669013
0.9525944569712683
0.9991951888476571
0.9452269388205528
0.9747255525735967
0.9330858444397772
0.8604714457200088
0.9383572942547578
0.9859320561124623
0.997460287186453
0.9817014102237835
0.9215453651567216
0.9752331043158864
0.941197763527698
0.9730710839393656
0.9973513383991579
0.9572432836751958
0.8512966533458302
0.888102590575271
0.9006685518203725
0.9899525097772992
0.8759332685384453
0.8575482655368312
0.8797495574817246
0.7106691086825965
0.7878746011280502
0.9670881276117829
0.7730206826999725
0.8459842123952453
0.917170019394872
0.8373079476335721
0.7202652654289708
0.9458963719122254
0.8649445150116484
0.9977219401815962
0.9912614770669053
0.8772240193397018
0.9965880510355472
0.965528639022273
0.957852000815866
0.9889368248873136
0.8441785092626799
0.8785790710321948
0.9411971471239683
0.9102638528433817
0.9993475930476127
0.8726940188261759
0.861131923550122
0.942233316256198
0.997478327666563
0.9513220459820029
0.9911044658430386
0.88343969868297
0.9912722611852725
0.9249889592136971
0.8350179220091771
0.7774825907376266
0.8968724586981096
0.8227468642184127
0.8929276520707754
0.8682844257334762
0.815558267639156
0.7641757098592794
0.7550129115093206
0.8788010412866873
0.9986052743185312
0.8677328132281089
0.9558698987190225
0.9559721779758655
0.998392443699964
0.984224833842793
0.9354286117456668
0.8989861149488733
0.8982587302848679
0.8930836988036011
0.9985283205180671
0.9935112168172491
0.8610867680185244
0.8976086716164982
0.9272737687844311
0.9389751569700147
0.9888226735256691
0.9046325962300046
0.9468861766111735
0.9656247559917484
0.8835563143720807
0.9888610390399619
0.7148361507402818
0.8405458967348014
0.9849974856094774
0.8202426242464724
0.9055723440331147
0.7262536018909646
0.653669478258408
0.832965981667363
0.8012261760702426
0.7485399616457549
0.8443753900691495
0.8893302436193751
0.9377817510472588
0.906052699637411
0.9199153988672337
0.8200878630879177
0.7791089440844361
0.9864251769242856
0.9713024551882301
0.9955462360065102
0.8366012506554226
0.9903682726054872
0.9773568667045529
0.9078416956772655
0.8719239727075473
0.7435760942554022
0.9977679254049847
0.9645923009061413
0.8133183430116663
