0.9998384766363018
0.9578004993141116
0.9919678983266187
0.9769035176206923
0.9933975740085272
0.9916327953013245
0.968528484805314
0.9765158638203137
0.9761950726752189
0.9667669126982178
0.9838130181553673
0.9944063490416057
0.9879628831990858
0.9675435101765357
0.964161811796546
0.9923007395191084
0.997777964039145
0.9851529075678399
0.9761695755849793
0.9758213107332181
0.9652988291735979
0.9646607060690084
0.9814055927783478
0.9806119762898697
0.9776827656212307
0.9976592732892413
0.9677944688888558
0.992094201959153
0.9655085143779321
0.96487871522154
0.9814418996382339
0.9848351725527715
0.986702036884763
0.9669934840424146
0.9799692729425644
0.979717240782362
0.9840071289246677
0.97967713889093
0.9709126930667495
0.9816822367189633
0.9588187984556752
0.9620495089056598
0.9597973251153017
0.9860095513380843
0.972580819152185
0.9729104081236383
0.9605435141433536
0.9756072417321955
0.9618444088618942
0.9699598071812247
0.9706526920169385
0.9824285921371871
0.9587185618875648
0.9891790064049831
0.9799975759385542
0.9649256476349208
0.9978856037653233
0.9741703454732104
0.9962087621578876
0.9862818980153961
0.9835101896771428
0.9886149468605011
0.9986714631400562
0.9734095164998267
0.9809257632660633
0.9947693766715697
0.9996043384237825
0.9928565281180259
0.9920864614265665
0.99967055509872
0.9902966465728691
0.9994239099316626
0.9948525332146364
0.9992443060088736
0.9719399320974409
0.9992338822065632
0.9984430793275687
0.9963748295748931
0.9963280956615093
0.9756147546684493
0.9994941078550563
0.9936742038398652
0.998840175809317
0.9967008039040494
0.9946497652966291
0.9977094087545678
0.9898552899696595
0.9775929516705348
0.9896502118430659
0.9966258449931198
0.9917159971263904
0.9985074341942589
0.9673559156635811
0.9743951438057634
0.9724441203885249
0.9953033647881111
0.9540356400749269
0.9765428436012334
0.9711667969040053
0.9685519501299701
0.9674568913044577
0.9682772196354957
0.9700637968694026
0.9506758166279803
0.9693542063458909
0.9764265332503945
0.9740872195145897
0.9626472596118414
0.969722366503881
0.993621449372905
0.9679808688593449
0.9781852468123822
0.9937351796185939
0.979092298277219
0.9567156068628069
0.947766192829745
0.9517751849258671
0.9550537952755409
0.9759905956414987
0.9729041742713787
0.9586147646687029
0.9553121130706487
0.9536842228788118
0.9524735379039944
0.9714320934779141
0.9561372339366573
0.9771304708382463
0.9730941600324907
0.9779674698146109
0.9747308169465558
0.971597071006472
0.9692280069747572
0.9638944048017578
0.9881925981718017
0.9724840603215174
0.9523610171853989
0.9652327061335936
0.9702935458294096
0.961839002436599
0.9556446410294188
0.9546851499590969
0.9726664050810454
0.9590408607156915
0.9717272142011603
0.9842455160342055
0.9765563842438176
0.9933846159790329
0.9734328627758285
0.9759088606324205
0.9751105018187798
0.9718120314898344
0.9743800114419435
0.9775118769587186
0.9642398027781379
0.9753106743435578
0.994694362761787
0.9736363952857474
0.9761413571296224
0.9823764567074751
0.9767587440873986
0.9787906658257481
0.9726402113757917
0.9556595934346634
0.973837844860036
0.9776105010392739
0.9556897835377169
0.9730439166481468
0.9784080319288091
0.9749226626202102
0.9778203919947239
0.9748026190523684
0.9729434192847961
0.9748373570438609
0.9935682479197936
0.9650085182431265
0.9973512064867389
0.9761854048684202
0.9642575095764641
0.9794196091635641
0.9770082156097344
0.9635154650375458
0.9768487853429173
0.9608903270775022
0.9737929937546036
0.9760156924204493
0.9642100400175628
0.9789919620985839
0.987266519501638
0.9757874528007483
0.9695436217203863
0.9723724547074808
0.9627233036144508
0.9669918261896322
0.9984906166958287
0.9840420195803418
0.9713744335291313
0.9790321112132947
0.992789674840991
0.9700680367239953
0.9608922107094319
0.9711692106635602
0.9926796726355588
0.9926388227838772
0.9743127129002445
0.9683493869908772
0.9933039790235006
0.9801620351980077
0.9846052269271974
0.9298714023544403
0.9695548561512549
0.9693456955067633
0.9649361592031586
0.9724203064291674
0.9651549214192361
0.9227875267782124
0.9619632626259786
0.9749407805884592
0.9767939541638455
0.9830289691668515
0.9896843272299598
0.950317069531581
0.9690266317431274
0.9448345633008386
0.9757941419905876
0.9776335632561587
0.994833184600162
0.9767150775102145
0.9567409904928916
0.9731425552069389
0.9736806663210474
0.9812400231835327
0.9778582606455183
0.9719426588811066
0.9675848746283806
0.9715651310869033
0.9416508673809789
0.917912109799838
0.9215171149436295
0.9994720412681393
0.9794939359529871
0.938689774810075
0.987393091791417
0.9413385034816182
0.9583256195146296
0.9943501255006757
0.9403812206430646
0.9201759993982402
0.9357564798164867
0.9408454555187882
0.9348318923262462
0.9806769562851112
0.9172290722976195
0.9884956578542576
0.9095660131051138
0.929048496373559
0.9286371299020465
0.9320282938874572
0.94443296503179
0.9187970176825448
0.9460594610952927
0.9430937945763406
0.9185394927195636
0.934216816650123
0.9604476678402609
0.9198963105410365
0.983768742947296
0.9998455589416018
0.9946245034523907
0.9834589186990372
0.9853767432182894
0.9625312608016421
0.9579024525640996
0.9616798129508506
0.9730311015260953
0.9634971416720486
0.9415510074850832
0.9688622728030394
0.9509606995342295
0.956768542905235
0.9405929016955974
0.9633061774844088
0.9659441899004748
0.9754330826275227
0.9564944515161338
0.965571932606636
0.970380861218233
0.9750647139917002
0.9324156778271885
0.9565073282826786
0.9570715964136562
0.9359174890199786
0.9566459833104449
0.9609698498975219
0.9476238308990736
0.9696449563434291
0.9496051532916459
0.9619867310721465
0.9652634090737069
0.9705616494440373
0.9665195257920147
0.9920299406419143
0.9065808964228144
0.9063272949827774
0.9179600724374202
0.8663401740428714
0.9779130534725975
0.9350505199138621
0.954142191365336
0.9396680645694828
0.9628428565867087
0.9136865564650561
0.9083236608239523
0.8731803135186795
0.8785082940205958
0.9327796876146958
0.9026103763712006
0.925005667135641
0.9698999374466996
0.863228176018678
0.8475478182143955
0.9184963081648719
0.9724361602719556
0.8877920869858628
0.9526118338366667
0.9124371898928209
0.9840494399389037
0.9193622565825359
0.9191534792165492
0.9075016681759849
0.9152523683167866
0.925834970605287
0.7828474559609406
0.6991221778064696
0.8877943492007251
0.7809694709571386
0.6796432216214798
0.8392960303372616
0.7387890173435112
0.7317718997338695
0.6717075050825558
0.6467923373855929
0.7913600116579775
0.7151764653762445
0.8384536858867258
0.8213294765162205
0.7119373353453979
0.8620592025224241
0.7581599432869064
0.9591160795559299
0.9584758539063749
0.6923262299447044
0.6612046776415452
0.7755529655051911
0.7154105430789783
0.6645399826246343
0.6385388990843703
0.7253185378684224
0.8208321847236061
0.9687333539758081
0.6585712665794794
0.8511325187130165
0.9260432578314055
0.8879052720870064
0.695163251970158
0.9244713432795351
0.8164601113536099
0.7188310677454383
0.7630744294096188
0.8116750515495648
0.815288301428477
0.8300832538813733
0.725222133117868
0.8597099370184508
0.7595250420059283
0.7694300458588899
0.8049022331535705
0.6855707599123622
0.8065812151028708
0.6995373905287445
0.7261417940128801
0.8349551214557567
0.9969450861488759
0.7924083597749634
0.8170408747100967
0.9597774994718893
0.8435475930559764
0.805408817704016
0.7027423963026506
0.676721022113424
0.8179994318670616
0.7950492304657021
0.7233324759348947
0.9553962897125874
0.9862974695811628
0.8456048912398503
0.9290143626327998
0.9934537493489304
0.9643902993429625
0.9348971126966558
0.9510950571382185
0.9708394367154345
0.9014555597427806
0.9092095869545174
0.9790794829633127
0.9440685004553415
0.9175606980385536
0.9547392186270401
0.9109031676110272
0.938195895928547
0.9989221590679118
0.9740845216531421
0.8447787202021093
0.8963382790053195
0.9140609369456241
0.8532875907250038
0.9337398788581788
0.8565879893346391
0.9166195634369696
0.9747494120417197
0.9056706465436101
0.8453248153635422
0.8411425067926848
0.9430638456419486
0.9489092253691029
0.9842209032473725
0.997583690563353
0.8368579350981635
0.9185586826105281
0.9548682894573705
0.9552600572378949
0.9959077076395365
0.964578594190339
0.9112093735745678
0.958491238122017
0.942037232167935
0.9663704041437309
0.9424306805505411
0.9678576489456199
0.9298523753955913
0.9496906403514827
0.9222645509689479
0.9471914321847206
0.9729756228926143
0.9257499463642634
0.9720312942849612
0.9506124893522192
0.9735382963108827
0.9500403850208929
0.9136984856291326
0.922317753713398
0.9678831989533473
0.9538606717737341
0.8677737485075964
0.9565100372750134
0.9905544217828166
0.9561053552694616
0.929200941929522
0.9573652814629408
0.8299836163902319
0.9278552852096917
0.8668205158563322
0.9222813360796847
0.8889684176581745
0.8482175621486259
0.9277312845343058
0.9507431198513758
0.9146338104757465
0.8324949637128355
0.8706026151603803
0.8281336147277765
0.9523085983168695
0.8853927364599823
0.8951233218510732
0.8959703681487619
0.8125847276040475
0.8691991792065367
0.8694981554635908
0.9482810187478425
0.8963822502896602
0.9416054443670497
0.8474225546579317
0.8249183510808508
0.8872066364600368
0.8960738314602884
0.8856610939672296
0.9193835961920762
0.9296054579114728
0.9883645554636419
0.942702034123587
0.6652575465444891
0.899427409474657
0.6652874962813902
0.9758123348952827
0.7313368583748212
0.8571451780934085
0.6552539415331119
0.7054086804531227
0.7713808703160281
0.9624345707884308
0.8067498361941912
0.7114012533367564
0.736862283644075
0.6922998858697066
0.9037122987117407
0.8026407237880624
0.6661119430976479
0.6823511097369761
0.6684103379904835
0.6961270641515678
0.8810776451280746
0.7118892006073506
0.8230857485009835
0.745337413053154
0.8840911423046156
0.6777201086198339
0.6608088354223403
0.6823933652048975
0.718525386556347
0.9200549715327603
0.931209906625358
0.8965994700936004
0.9813316126547229
0.5679636013210907
0.9691279256019769
0.5974501398983728
0.7826331394477344
0.7191553746352763
0.7693933003027154
0.6968245355993885
0.9135514951689402
0.8285013687746025
0.5310026080766181
0.9723291163636546
0.8151585791328195
0.9324191416279243
0.9355868469220805
0.9689954037495074
0.6892451949342936
0.5661838165274622
0.8357021580473813
0.9296453959897604
0.6362481813504883
0.9180632454208397
0.7153470535340133
0.8712758688435047
0.9624941677362904
0.8194081000527073
0.9224408863634515
0.8508475276794651
0.6707496939389356
0.6470680840309764
0.8972250019782269
0.7091846357157967
0.8549217299680116
0.6729050878116016
0.5583338134703522
0.6374274970716804
0.5714585968240218
0.5487519757000568
0.4951185313098607
0.4161975211950445
0.8568744258481772
0.283255155601575
0.5532431691007025
0.7089258119390197
0.3894873939295055
0.30092830165370876
0.9377675742114877
0.6609080708464473
0.4175234928843464
0.5558288483229332
0.5801556307996857
0.3578406236043734
0.719510383197252
0.4663314375067893
0.35852554334464104
0.7032311128851115
0.35517726779483294
0.3007319342483378
0.41466640461262144
0.6408365842774617
0.4603910527641081
0.5736752029064146
0.6087029029561749
0.9316068097400956
0.9654484553658191
0.9944812367719965
0.7878133616635467
0.8666377555936932
0.8207352578406534
0.8629135925301924
0.8132204865562049
0.9248749627269803
0.7786269297366984
0.6037283570663302
0.906985144272535
0.8544859473106005
0.6484006678823957
0.8520807262120537
0.8768967538494938
0.7689196563995331
0.8572891694847626
0.923270328187767
0.6435135156990517
0.8822834833807021
0.9002003812030369
0.700208715331144
0.870798952050553
0.9542497656472102
0.9317056610591867
0.8324572656872371
0.8176138491167
0.6919202677321693
0.8162973767267813
0.9210705919801125
0.8857837831099206
0.8088839308547479
0.8965983354243503
0.9874125537586746
0.9430420768172195
0.7665402348609991
0.9297663399435334
0.8939129517963724
0.5868594662977423
0.850000547431557
0.7425701028628948
0.6236262198211239
0.8591484933382125
0.5335842783530578
0.9566978763351707
0.6026010851518008
0.7291657557323239
0.6327381906742768
0.8711413350150397
0.6911390342303539
0.9672642857724891
0.7548691211562168
0.6206132220229349
0.8061267277431421
0.6138684332578772
0.5279620890591552
0.8840618940630708
0.7468305698922313
0.5450203930041166
0.6350854635671106
0.6721538829866232
0.6738312935601125
0.947172536237328
0.9005372158006981
0.8009769022339139
0.8701901569247564
0.9429668694349869
0.9981255926322495
0.9987499149984886
0.5002213114519618
0.5711851672537651
0.6525944007402885
0.4544645406029721
0.736151882155976
0.5014385666053418
0.6410398925782681
0.5711176405341294
0.6607479293687257
0.4973580980760901
0.585897945010992
0.5184164352506866
0.754067080225693
0.7908957132019201
0.5389326536380473
0.6935512217950653
0.7554948843759367
0.6276792726691881
0.5497509657643274
0.7762062156644304
0.6433664706543784
0.7489682894985519
0.49396781897258885
0.5944787470531085
0.6319615402013037
0.6755622319908231
0.7217128205099146
0.614835434597981
0.49449974832294563
0.7018416633013369
0.7963617015629829
0.9483704620766991
0.9758044356963272
0.9210806099235194
0.8799883645781197
0.6296334154547771
0.7209638891832001
0.7787626674350023
0.8032676682526648
0.6652595835519074
0.8601103715545342
0.6410177355037739
0.7151168978152533
0.709786917641598
0.8315596690311433
0.7685322868701125
0.7829100270026912
0.7552868202002927
0.8321880580077907
0.7003445717434296
0.7345628642517991
0.7274174221275403
0.9191266091590309
0.7550280210936793
0.7541752113515642
0.7490398459867584
0.6426847223373897
0.7255075613960692
0.6682443736358687
0.7176739163196567
0.6670074368015644
0.6899262194377663
0.6438955613376731
0.7786640553761572
0.9722109289039451
0.9152661111937619
0.7819642158793203
0.7615708029673001
0.7532565174208599
0.7388830146311599
0.6953294691318748
0.6449211529587653
0.7572747576949644
0.7723328655178427
0.7122483738548961
0.713943860708357
0.7648949144909829
0.6745369265676768
0.7822160262070016
0.7636571060631878
0.9217748161401376
0.7429005513805813
0.7687237086116736
0.7544559959193091
0.6385144682962843
0.7539776765573571
0.7595715147649186
0.6743657630586566
0.7615335519718058
0.7983450825859757
0.970085474626619
0.6725647526457973
0.6450211501364749
0.6590931033597298
0.7580183679112105
0.8675479710465233
0.7639148438484618
0.9173626297834212
0.9668044040431246
0.7989046365329553
0.8366030989396088
0.7015695877858267
0.7283781996142299
0.8079397325919446
0.8059912848370081
0.9224168949446931
0.761758847597394
0.8814717896139043
0.8053743031808959
0.7864887230113363
0.7924408648374958
0.9489864406011213
0.7645981262242237
0.8346664435072506
0.8267996864819906
0.7852275536293669
0.8331295822477571
0.716020140359865
0.7592332279571905
0.7768067438428601
0.8635240435650595
0.783017968529194
0.6621670949625341
0.7816698769037022
0.8534684811138022
0.8553265078867134
0.7149906338586764
0.8596428552754385
0.8022017848560162
0.8629138709878243
0.7765788232057129
0.9294872089232558
0.8491782958319455
0.8140624164967809
0.8079734714192721
0.8659485123813588
0.7065599061516215
0.8402808282478118
0.8282127046780032
0.8816136693712506
0.7577550841908044
0.8493726929763866
0.9177537862585707
0.9155735171941162
0.883736274907641
0.8305292377428966
0.8870040354125726
0.7895737970049563
0.8193728117188145
0.819466238115652
0.7942424185826895
0.8820877023074565
0.8178258593027565
0.9325686104324412
0.7970416068505801
0.8171904270358368
0.8096939058830734
0.7956031560848321
0.8237119429344397
0.866849076427281
0.8304547026889566
0.787377815685042
0.8070107440998427
0.9614000361906427
0.8138508869357624
0.9042461759972854
0.8934304758158744
0.9062108459370121
0.896357403917086
0.8645005268600445
0.9067697663529592
0.7858193609877382
0.6979158905344011
0.8495149738831493
0.8501497521588961
0.8644421612178297
0.8197637433879713
0.7780541704737864
0.7809421031723399
0.8173640394414725
0.7616541165617591
0.6918540339834829
0.8759863621179538
0.8605160355798904
0.8744100344477268
0.8189598281308355
0.8769188059770983
0.7915812229710049
0.8709778377111463
0.8973694793749585
0.799837205772181
0.7961365634887556
0.92658882907122
0.7840670159271889
0.9200872560484733
0.8663377889006116
0.9270431720693382
0.938454456299319
0.9871633171875511
0.8213006390680511
0.8564931003704674
0.8143674180264637
0.7073810386419271
0.7981466044241301
0.8388443347829934
0.8897730993111044
0.791013642207118
0.7672045609493487
0.6667563132096478
0.8060752259963884
0.7809952779758168
0.8946291442415282
0.8524888571770208
0.7874543747443223
0.8248611104701665
0.7334877573186364
0.9823356797107958
0.6862444807448724
0.868403051315717
0.7220566909140931
0.7477732873427652
0.7634642753514504
0.7599344807293116
0.7122409966737276
0.7756567916235959
0.7529987873241761
0.8560562353176859
0.669813034868568
0.9122264588797393
0.8331364305718871
0.952354430495866
0.8405014608113752
0.8105671158729889
0.828890701211985
0.830684015319993
0.8206943491780927
0.8192297299226814
0.9185126918468324
0.8394318526259784
0.8127346517909716
0.8695201035547516
0.8573329843810147
0.8240341321409684
0.7815119394046253
0.797632556040033
0.854606322212581
0.815914075050443
0.8463318463567369
0.9041033156598017
0.7986038203325433
0.8923244022030561
0.9067015510640177
0.7126584104498535
0.7702834122008022
0.888154244485587
0.7858689233576788
0.841188700042202
0.9011330054339615
0.935946977743384
0.8708681778671616
0.8855408704960177
0.923563231686785
0.8334272785669996
0.9987189435785231
0.9165973405510561
0.9110994633118749
0.9797466910350462
0.8407953574867971
0.8685432000206333
0.8392270577016437
0.8135697016455565
0.8544278725948461
0.9325266724024254
0.8765978138035719
0.836484112704021
0.8840506115291279
0.927381369387903
0.9315601778357746
0.8884652449643266
0.9029976065999633
0.8168417190918636
0.9087845671639738
0.8376618709141833
0.8486307688766195
0.7939477612612563
0.8911215487113247
0.8274477213910434
0.8419881884656268
0.8734090354994237
0.8564120120625601
0.9323068170717776
0.9289281962746186
0.8357200252799025
0.8817374913173349
0.8942714209925182
0.873945667731491
0.927716968317849
0.8632441249224002
0.9979388912038096
0.8618857784580076
0.855424648960404
0.8778543972634041
0.8626342986960887
0.7315479450494274
0.9805634427190448
0.8080621369268702
0.9312038717569665
0.8693026259563016
0.7760934501392872
0.752948737247616
0.8250886804015269
0.8949137023889204
0.8634913877666494
0.8213152362667611
0.7986179523472614
0.7858840882042076
0.7955469212008552
0.7695185919308487
0.8658956989457227
0.7755024524966238
0.8981764115808135
0.7509875527264194
0.8707591412176209
0.8588656671764914
0.7763088307371161
0.857654004179877
0.8713799448646264
0.9607031769061639
0.914616186621565
0.8486579359258399
0.85024227294813
0.9469143003022455
0.9943224862219787
0.7046406919554136
0.7972208505929017
0.7362580851589078
0.790786415632543
0.7502907797358414
0.6846394140784823
0.7258528987440314
0.692955307400945
0.7447076719866138
0.7616172888877072
0.8344241305313875
0.7402153623094707
0.7105906952869694
0.717357405952263
0.8096745562434555
0.7433840175619517
0.8356490078639476
0.7718323942172635
0.8140890311872436
0.7795943132545361
0.7807527589215113
0.6712950507860684
0.8026894825194553
0.7293117494834045
0.7991294976606188
0.7471446551437657
0.8128336931939456
0.7726906437434059
0.7294096481002093
0.7656053954587745
0.9974768109659088
0.9626836055455408
0.9984531825446881
0.745220576370985
0.7616155546210326
0.8275485123681796
0.8398158087025307
0.8295006034076318
0.8622078073436841
0.8004306678591534
0.7653004210946295
0.8319044407304292
0.7895890006278223
0.8453837664028712
0.8085087298995058
0.8590697890258011
0.7873122977682443
0.8466659439527648
0.8128101769735014
0.7320275771209698
0.8296584956627568
0.8995973672456898
0.747493476868522
0.8785663905795642
0.843531170556485
0.776217420228464
0.7381003085545463
0.8299223580539545
0.8447947860561488
0.7547323299411601
0.8810504019481262
0.8044364666464021
0.8263708331659776
0.8629935072156398
0.8792169760093052
0.8725461429071635
0.9307175749555625
0.8523585669650964
0.8955514646059419
0.8820936354219897
0.8994527276327754
0.8264756421872806
0.8526612330865038
0.8725082680112974
0.8221173110713491
0.8073096632094046
0.8891457373572236
0.8369586100748326
0.9029952456371956
0.799505292257769
0.9127702312732746
0.8187013570528774
0.8221937402660422
0.8498835255165236
0.842911035398531
0.854593924478722
0.8038115524398919
0.9505752716824767
0.846150115363764
0.8426387644723996
0.8396878830849945
0.9770860850464005
0.8877193074438703
0.876934440734362
0.9022815891742455
0.7909152570024339
0.9527844591894463
0.9319527480362642
0.9941267094718262
0.8330292453866665
0.7517907614594239
0.9683210664340929
0.7202247742692799
0.8282544029097445
0.9548934677290044
0.957089268831309
0.7746014699983931
0.9281398747789587
0.8800827319641655
0.8039770347952531
0.9280272370295892
0.9885553779889562
0.9308751107237769
0.777862046743657
0.7662568579950698
0.8113102719001568
0.862145859869929
0.8118592686113023
0.9192672953861554
0.8385576325697476
0.8743240029743459
0.6837157299274501
0.8155815980181933
0.9428299266936739
0.7988642857430983
0.8308654955045829
0.8985357565471088
0.6935224110655416
0.8930743758126467
0.9651061918452165
0.9260103326807267
0.9837942214380957
0.9410779690648883
0.8430919357665274
0.7534198365547998
0.9194801071877021
0.8073117743064127
0.8734800931685471
0.7713223206704549
0.9341844197069031
0.7311218875334169
0.7051684823941076
0.8181327487078998
0.9338997574474562
0.8538376784555285
0.845082039314528
0.8719496467151677
0.796385350530299
0.8169779307492052
0.7999931525445299
0.7552969313638698
0.9572582380578171
0.9456774191088293
0.8214832854213241
0.9028028079939516
0.8389074791039601
0.7896750161827197
0.9467806805843879
0.7890895216741431
0.8105294645466524
0.8555255189324671
0.8362511552235524
0.9935472865850714
0.9472017990703945
0.9500287288359004
0.7265450739708446
0.8387485265287253
0.9159336926444128
0.8969578035531065
0.892638697245999
0.7628935578080815
0.7234421820501586
0.8062978318441396
0.7708192961901759
0.6032517482018356
0.8499285777913483
0.907864759211174
0.9239253160153326
0.8585627425636868
0.9396333433270211
0.7860924022312861
0.8652056054280293
0.6547788612810148
0.7470111203039966
0.7255578278276169
0.848463712129709
0.8660113400428202
0.7835589428165894
0.7836558437921166
0.7378616401907423
0.661066319412668
0.7857273281197574
0.8874402967377621
0.9080140460694806
