0.9604102661650116
0.9867986433637155
0.989622449953756
0.9773455667484163
0.9667294260668126
0.9973765260847425
0.9952337730198607
0.9771344959652146
0.9713017580893408
0.971212627355605
0.9950945005633718
0.9697209071215404
0.9871780181340055
0.9955136735536412
0.9963421293866517
0.9956904802806046
0.9605239353339111
0.9814579118170708
0.9722315817080418
0.9764435886492056
0.9643114664974368
0.9826171541580021
0.9729610443939307
0.9901912633644728
0.9938700949322227
0.9730145261277872
0.9707168895345427
0.987712092725651
0.9664774650539465
0.9815366036719189
0.9896056472004908
0.9817790520353019
0.9783680702426798
0.9831556309309903
0.9558111007969546
0.9697806459360829
0.9704182792747096
0.9786510931399404
0.9775248991464781
0.9819524950314689
0.9675321602481445
0.9625327469063818
0.96082695929457
0.9860304573637364
0.9903299739592687
0.9728222429849103
0.98164690051188
0.9757125758758932
0.9631633643973034
0.9701347022351661
0.9705735788071183
0.9716407684933006
0.9584216693818217
0.9888472277610367
0.983369127838476
0.9656901246187222
0.9987782806999015
0.9690159576116266
0.9970821403876606
0.9953663241045909
0.9874784454854504
0.9895311898799137
0.9918211433651257
0.9711830969044702
0.9849781963355262
0.9955380338329518
0.9979401811579992
0.995347011293188
0.9926031562701529
0.9943940690843713
0.9951406929064979
0.9998248294109671
0.9945896542402151
0.998546761486047
0.9750689468899489
0.999489832135672
0.9909193077326655
0.9997308141223791
0.9970186664622027
0.980777671798574
0.9984965554186314
0.9910909443551387
0.9992010717032804
0.9921932838565607
0.9958401407981654
0.9998204166646504
0.9999095150205096
0.9913418164133406
0.9913354295612289
0.9884973301778979
0.9933711892202084
0.9971678988030046
0.9822048386331349
0.9956678184620816
0.9736649011649144
0.9750722456263494
0.9682189299317014
0.9970534424720341
0.9548523588441813
0.9671003918886747
0.9769833498477203
0.9699676481584342
0.967627804013441
0.9669916424463646
0.9744962541182982
0.9508145742264557
0.9602458666477638
0.9839055509353427
0.9755679347955017
0.967246013154927
0.9663484140621337
0.9916823156457981
0.9689241185110077
0.9731940005182831
0.9951241658716483
0.9873636853920538
0.9670450249135938
0.9694441352427221
0.9554168502735837
0.9579014964232715
0.976769372159603
0.970274101208163
0.957757567943069
0.9516811748865881
0.9486146818374288
0.9569437315378931
0.9719380472674308
0.9719004852989908
0.9504104118564458
0.9755798314238889
0.9734125988403219
0.970963496447079
0.9723838145436351
0.9752862532336083
0.9726105673917477
0.953035964350956
0.9784524246713118
0.977837558585304
0.9655148210770628
0.959557272092413
0.9606913264776039
0.9514968221138257
0.9545237198472997
0.9763329733770096
0.9963425371937675
0.9996609727622012
0.9586098206757372
0.9746226246040783
0.974894024453554
0.973753173712305
0.9765202305033548
0.9753253049371753
0.9721110882166561
0.9751601012130778
0.9776056553739043
0.9878651878151365
0.9730640810558238
0.9910733037701949
0.9757498237405502
0.9756244792774347
0.9845711816328249
0.9744947429300731
0.9774160715247961
0.9743992173814727
0.9815771833239725
0.9735377222801126
0.9760000745307871
0.9648715486135098
0.9727847423330421
0.9774806181432333
0.9746594726764166
0.9768847517284097
0.974632072275238
0.9729781708326201
0.9764217806586861
0.9853320197664153
0.9995224778192611
0.9952459614955744
0.9766869089536045
0.9623999326128932
0.9705108642306859
0.9777373012076768
0.9609914984159187
0.9740013192289823
0.9631574042766606
0.9702077576967771
0.9933715848310228
0.9697275832303458
0.9664103198666504
0.9828316248129613
0.967077884292936
0.9704833652877394
0.9679616928624015
0.9640157248807505
0.9751591383486262
0.9699506660666275
0.9735003931450956
0.9743761481775883
0.9952024950922853
0.9936010550529866
0.9684276846265024
0.9629271535212349
0.9704539199334543
0.9724880000814471
0.9766792519132917
0.9594672053973115
0.980683153259138
0.9666166059020989
0.9967030668214556
0.9819029345449437
0.9270161026462715
0.9749600647006698
0.9691800248268327
0.9511948616455271
0.9798279453661458
0.95844663698148
0.9156495132086733
0.9666099018245107
0.977776017365545
0.9903835845860615
0.9882393107272538
0.981955690661271
0.9580184718341076
0.976203258872583
0.9296193497233294
0.9975838550953164
0.9791644297753597
0.9751316377364418
0.9718009644304653
0.9523150530596188
0.98195465727669
0.9789858793543015
0.9788381763990335
0.9706582642826838
0.9670952860887951
0.9740298024125131
0.9753604317538656
0.9337869934348495
0.9970872902526619
0.9895004654581492
0.96419094240378
0.9866043261646779
0.9282009997644762
0.976285705493774
0.9948323852514163
0.9531638208688578
0.9417988904821576
0.9063530125555875
0.9186440354408127
0.936941981628704
0.987456401835786
0.9532664402334514
0.9855814599777535
0.9046868153384299
0.9401726087758785
0.9100109170077528
0.9226151474503006
0.9771442395007088
0.936975567769906
0.9031268451580637
0.9228924080733005
0.9485644656823105
0.9630284492442889
0.9327607483240796
0.9248956778612292
0.9876819629346403
0.970456342425088
0.990191707022464
0.9980390612507359
0.9989620842205504
0.999487187450024
0.9847171142564659
0.9540049899623524
0.9616074185790099
0.9625458775830845
0.9696555910973507
0.9674496148310971
0.92618424302864
0.9621314722196532
0.9561242776277292
0.9673740313007336
0.9489426749558876
0.962736400470164
0.9562536914525579
0.9763247898811436
0.9599555794047887
0.9618396327908744
0.9967013339333262
0.9833732457355867
0.9319433214422241
0.9567350556991021
0.9677356830940389
0.9334138410548405
0.9539361746637253
0.9678893167591502
0.9527390663181358
0.9610257935741946
0.9405015854355234
0.9732287614307749
0.9639109136292787
0.986342601834626
0.9975174494097166
0.9982892939554949
0.9258548045082096
0.8551247515198909
0.9752820897049338
0.9077092035520258
0.9423598961733063
0.9567130946936974
0.9794389579448217
0.883799125563483
0.890991963177473
0.933658069268579
0.9087105935618431
0.9086266811778687
0.8753162144345299
0.8695046667294978
0.9814936509847648
0.9150731187085057
0.8879787671040335
0.9250357882981919
0.9023588418481518
0.8633155524832901
0.9797587361760725
0.9070368139228777
0.9541581398371103
0.906035405754738
0.9104155713030587
0.9343011416697411
0.922503463033383
0.9170000278983885
0.9974417354965885
0.9722614674755536
0.808028037138051
0.682866530343488
0.8790390191158564
0.7197775172929581
0.6572895949116455
0.901313666705716
0.7911115341697443
0.6830714707321963
0.646056453447434
0.7090155719787545
0.8869511387348274
0.6828055492849616
0.7819984233550161
0.734892014008979
0.7304463030237699
0.9775957993212361
0.8407448082284371
0.9647660983611694
0.8106574341965349
0.665912501061523
0.6748327866410239
0.7614146967114829
0.669731055310698
0.6562355835448253
0.6373174328878557
0.7849912419471583
0.8233904684524844
0.944639533532716
0.9131284363855284
0.8495930171132295
0.9939135760739012
0.8072822991721391
0.811554840440605
0.7970064703574395
0.7593993274520101
0.8035686468376049
0.8179620951626537
0.8440442910730674
0.7313304291362406
0.8200747880004766
0.7568196287662567
0.7759485537114913
0.796303911608246
0.6854570368505526
0.7857556335659748
0.6988320172657863
0.7219620502062347
0.8450650574019836
0.8374770585051186
0.7760467890021078
0.9397718653839701
0.8655052380495578
0.8530270802417601
0.9041398839436149
0.7023096828772588
0.6453258241464075
0.8165567334861028
0.7502918974985107
0.668992679854964
0.9344662565962432
0.8426635148775429
0.8527071944234985
0.9793776926330637
0.981667779836203
0.9815319968863093
0.947735736221921
0.9546252866888016
0.9801846727662269
0.9108315985740105
0.8924865051197879
0.9647815552588221
0.9462841838487848
0.9232601758300273
0.9515234992601305
0.9000396900307239
0.9367732513026436
0.995182149107674
0.9596254110232882
0.8433824188586385
0.9034111841630726
0.926045286941549
0.849420380499159
0.9259221961121248
0.8803881818297039
0.9352324754810158
0.9609362475525065
0.920528969037671
0.8494521159562766
0.823786804962025
0.9524448123572928
0.9522290217937248
0.9996942058141431
0.995519504788284
0.9740764376146462
0.9977848522515278
0.8658352226283638
0.9219568365502189
0.9632414973688996
0.9597972413256091
0.984265748525508
0.9554390863869262
0.9154050088857866
0.9695255044541521
0.9318371431589971
0.9481652257063664
0.9498146160166323
0.9624151412728275
0.9218377451045199
0.9516858170612051
0.9302796176916036
0.9646494026381955
0.9685240311964407
0.9115926637522385
0.9900354600880321
0.9659765846968278
0.9658783884757906
0.9521112280794681
0.8989624486240997
0.8953656479894943
0.974477048292217
0.9549997182661151
0.8859337217955121
0.9546249375508047
0.8762327125115076
0.9404263917899724
0.9962057453945948
0.9306959069771412
0.7955618681717102
0.9061652178372246
0.9233477291301326
0.9408631910927722
0.8463158227926212
0.8489094452270893
0.9235968621739536
0.9229889594583767
0.9188768155816485
0.8351111626273644
0.8628109966287497
0.8439764009699794
0.9112435546471185
0.9127900824491146
0.8919372401269962
0.8555107684319174
0.8380209094106037
0.895539899047141
0.9016734686627761
0.9824874256823877
0.840024594156416
0.8909947110699217
0.8716239366179928
0.8169435865529586
0.7722156831755973
0.8956850950583494
0.9158880251234653
0.993190486027934
0.8922055078360864
0.9839717262120411
0.9701269578114649
0.6450593264591542
0.9847069714893877
0.7365331543092748
0.8732256239632291
0.6363334617086182
0.8578099110508435
0.7290053521745227
0.7921089953826048
0.8115306294656417
0.8786469473843725
0.7021987023437823
0.7107727020612201
0.7518577796987976
0.809787771943537
0.8874242216047489
0.6703262788286075
0.67735556185642
0.7050167938286862
0.6813231823429549
0.7175585229695914
0.9916409558109867
0.7419335148946732
0.7031844253816351
0.6773965405137612
0.8814746533914077
0.6848215694165998
0.6497803377230658
0.712717217289303
0.964823620211723
0.9928999687049945
0.9629848913452118
0.9131475563742611
0.9655727982658497
0.5800785751559041
0.9395405389978834
0.6299426927938203
0.7137207133859257
0.6317615048751595
0.7868129767441656
0.7716621899668031
0.8767425851127569
0.8647417964471085
0.5543134658005575
0.9904506991458495
0.9566282450424064
0.8938310696207127
0.9466253449027389
0.9820709578759166
0.5920254253425734
0.6014854159049431
0.961122995878124
0.9254856770689217
0.6061151914813804
0.8874256837959034
0.9052423957309876
0.892120794146282
0.9154108411668929
0.6993502993364651
0.8654997910260465
0.9395954752955564
0.7266468922699769
0.9703886696795635
0.9814397653863511
0.7375188564914195
0.9948037933269613
0.5844488550693538
0.524736904809089
0.563258024862372
0.48479307942749916
0.5248494234653878
0.8180958571704362
0.3318997542569019
0.5305545072197101
0.33521374695812245
0.5683514067730739
0.6179428673406706
0.5845144487184342
0.6640739118666623
0.6068590616778895
0.3781789688679825
0.6494846027453156
0.5561906855624573
0.4019013213425009
0.37673373142839406
0.6303094831089426
0.4850609609464126
0.35552164821969584
0.5322826518410252
0.4340866245875734
0.4973283514456061
0.35264664496439624
0.4403150103309328
0.5593172644154276
0.867869292043624
0.9902776913895612
0.8918729126242395
0.9327019247998936
0.9789172267869743
0.7823892246189059
0.9139724477234
0.7880058547467232
0.9150069741633038
0.7880069791652018
0.6197322274589945
0.9399877405903969
0.8532241916500276
0.6345135278147211
0.8600884763045374
0.8477550579773776
0.771281079277184
0.889002757834273
0.9050429499510705
0.6427766452341721
0.8726009231745511
0.8594801397976537
0.7443646858600111
0.9248061398327903
0.946004421921228
0.9028512377547224
0.8205583213316129
0.8878366893655527
0.6981724175696464
0.8008477430861551
0.8850390426679594
0.8680882435826679
0.8395536645183528
0.9722543268140333
0.9375046221777878
0.9520679998227797
0.9598736200151572
0.9035784535663978
0.7859473080679666
0.8382969511890965
0.8643980277838839
0.5771175836139103
0.8504206133448939
0.7231494062494211
0.6155868255051378
0.9183849324514989
0.545067880827012
0.8822214517093615
0.619235945904379
0.730475646585838
0.6268151525615284
0.9787996557901227
0.6853501239088641
0.8559142339339033
0.7589694432975018
0.7204136368320058
0.7858681013329921
0.5372577637636211
0.5230624491249702
0.8931358496631875
0.8426814252733041
0.5402354118866529
0.5480300386044116
0.764399947280594
0.7385872706861292
0.8228471330006453
0.975159530529563
0.9988366197530784
0.7303421678112113
0.6587464442989035
0.9919164764933329
0.876574208616919
0.5937842178938723
0.5107506589458759
0.7794239536776792
0.44799030154339825
0.6562497227372474
0.5931345656731234
0.631952868752187
0.4982935818108331
0.5969190656524389
0.5072439911704436
0.5513093975366679
0.6663797568767966
0.7115448453762465
0.9118615135952263
0.7872825588096865
0.5001354550689321
0.5490734247814333
0.9979556146039521
0.6923988390653779
0.6054209975373416
0.5606695387339535
0.6116322175724149
0.421302154146557
0.6157271396835444
0.8668205863460459
0.6101644054670388
0.4795608485209473
0.9400310098112246
0.8573081246545398
0.9428319092483334
0.9562126506895957
0.7825636006378969
0.9175219809037602
0.7793700936698684
0.9194661789319962
0.6919881988516264
0.6558490981728565
0.7224931454974534
0.8998027377013711
0.643840061349726
0.7175422367217781
0.7409028759265733
0.7590621929039039
0.9147416575449685
0.8985120690431503
0.7704340223616062
0.7549346298157973
0.7361276581364865
0.9483619039093119
0.7266954934501897
0.6932856934135606
0.725852471335548
0.7342509913032573
0.7378085922762873
0.6387004778819291
0.7414909960329575
0.6700101344562444
0.8371620560074889
0.6793466447317743
0.6869894301140975
0.6442385966907094
0.8484947987964852
0.8345990680548196
0.9945731723458695
0.7578485751992611
0.9978445734145522
0.9942093065722535
0.7827979922657945
0.7499278902594291
0.7409424580117886
0.7035890507646219
0.7103078560155566
0.7866902749377053
0.8426507122007603
0.659802904188092
0.7251556798310981
0.7619891745385204
0.6560000051954957
0.7859855058252112
0.7917097848610546
0.7627944911963442
0.7461662548055527
0.7652421448394783
0.7460214720353449
0.6369431315279275
0.7513139857000084
0.7650400515841468
0.6560705548238127
0.7778879083731731
0.7693708022373388
0.9625415945525726
0.6593022283493974
0.6891349336814462
0.686671464622634
0.7566705604321462
0.843120046051718
0.9052013768030345
0.8521988430731153
0.9460984109906112
0.6912534702567804
0.803136393995234
0.8239336944805827
0.7003390032982271
0.7726121112094237
0.8559184651105751
0.9824251513436242
0.8575750179863657
0.8101269278742341
0.8593765578551862
0.6990760627821828
0.7668179181450071
0.6838891108592211
0.7099522321604397
0.7968904077110708
0.8033345633935759
0.7260370800100583
0.8333770175067162
0.7536503800157057
0.7494819623182478
0.8905715494039399
0.6743765869837063
0.7690691173135218
0.7826538012789035
0.8601660393090903
0.8460711504937302
0.8630493096234259
0.7613909418291882
0.8912401777724417
0.7681445427605749
0.9607906123599578
0.7558480943682757
0.9034347974643737
0.8973696070161901
0.8576681417611511
0.8321723771907332
0.85178772823303
0.90551467486204
0.850765690337958
0.9008766366974772
0.7401166486126891
0.735709218194843
0.8244017727609094
0.7905220458076103
0.8888442269255742
0.7842834668056349
0.8060974864247701
0.7920327102308153
0.8014633746088367
0.7773338690285152
0.8065633525480849
0.7912620548611715
0.9153324211120213
0.803442650418253
0.8537607862686574
0.8828165928101385
0.8930870899628571
0.8264608084025649
0.8220282785635993
0.8359975882293307
0.8520981678991659
0.8468789739165786
0.991667144222127
0.8917707653264175
0.9717144530388471
0.9934829288356571
0.8139498894614838
0.883213792475156
0.917743562398428
0.8661157733180579
0.7747324047628198
0.8679878816048885
0.777933554503769
0.706166317609088
0.9047278979963513
0.91422320100536
0.8548921749809769
0.8723434277651462
0.8018444575506872
0.789030701842476
0.9258833339433425
0.8302154850569315
0.6939943153668257
0.8808225952779043
0.9444452917098073
0.8918735491513808
0.8074531165028402
0.8632760399836037
0.8709047574689176
0.8594268505400612
0.7925627094535552
0.7372300908032842
0.872813305889034
0.9096683342738103
0.8181775383627548
0.9578017763362279
0.8409490273631686
0.9176254914552336
0.9780445687817172
0.9011559424110998
0.8173621025853315
0.7226107574711337
0.8353021581595709
0.8229061564563451
0.7028130195946828
0.7905062261506848
0.7665608692059733
0.7769164245969691
0.7778623001086257
0.740492592372514
0.6827955086406753
0.8536024946091195
0.8461356758992847
0.8630372475451065
0.7403443650340908
0.7292987458295856
0.769736044232091
0.8222053635290477
0.6826655664162834
0.6940810531854761
0.8690331799165419
0.869936245066678
0.7592788071691755
0.6679019527974814
0.6923039925600519
0.8171600575627609
0.68967935151435
0.8866001503572254
0.7626795279611206
0.9881529846156563
0.9838195824992597
0.9933393690837884
0.9300574996457698
0.7843370223263432
0.90919045867997
0.8648519998094961
0.828528853358458
0.7250475165944688
0.7601221451395554
0.8678441102576773
0.8480214380077848
0.8664912345634952
0.7707153363248531
0.889236938174128
0.9234294376708918
0.8663805487099887
0.7996693630668817
0.901460100505268
0.9149201237119373
0.9369240426388267
0.9271993463474837
0.7748142913042843
0.786662735606263
0.7988397459895707
0.7950091426696013
0.8163581172478049
0.7785664340968639
0.8813731431464151
0.9121533540022317
0.867321395922667
0.8717820761084848
0.7672994373365587
0.8320815677589583
0.9281086130733274
0.8416526029282695
0.9956543364187188
0.9689591162536029
0.921668305436251
0.9309203653454623
0.8283707082186523
0.9031708010161817
0.9062741535257974
0.8695381713268125
0.83930298459008
0.8225571932432618
0.9297562041042446
0.9435395846960483
0.9299841462678207
0.839342358919308
0.8592698027857983
0.8807758866366993
0.8509822090125168
0.9076395358336367
0.9615485615398677
0.8551862322084332
0.8390290467001984
0.8180637290801123
0.8501496955270151
0.8575552419178394
0.8817414855443424
0.8873907336606343
0.8721804667187394
0.8377053043905638
0.9206750036767006
0.8216993041328247
0.8675906772575372
0.877080720857894
0.999163203334845
0.9987902544842039
0.9925956081313463
0.9086619261147183
0.8915028752484709
0.8711894894991721
0.8622204370292732
0.8429502705536127
0.996566702910221
0.8012094131002151
0.8672209926914416
0.923011001043694
0.7837460888506674
0.7927897179900228
0.8445041177418582
0.8361186972421148
0.9163569411926817
0.8500598637364186
0.7818285479500233
0.808723303474199
0.757358872116666
0.787465422269831
0.9217617294768705
0.7680162156793202
0.8710738384516972
0.8271093057543901
0.8547917539840556
0.9306479738876121
0.7744401079574406
0.8856874503859087
0.8658027275622049
0.8598470487308685
0.9796636759184556
0.9777599738522269
0.881658399608245
0.9129873011463292
0.8967730041452263
0.7055264421766176
0.7552354226723481
0.7719203417737457
0.8781295922650377
0.8841897946745181
0.6762315479515045
0.7496161286514296
0.788223070638989
0.727892783839517
0.8237881841821859
0.7502964306975038
0.7390382880099786
0.9707069659277037
0.754538546560064
0.7783084980009556
0.728498110632986
0.8857499154499553
0.7722323621766789
0.7555832117411307
0.8884097497428116
0.7131764305726773
0.7413774490456837
0.7529341173296207
0.750707964956267
0.7565483005464846
0.8830561113630776
0.8146313463792938
0.7466604164274389
0.9606585642200874
0.921927393873299
0.9872970640110084
0.8998544409984386
0.9130951387054558
0.884809840398435
0.8695064830636849
0.8212271824680137
0.8384806709360839
0.7981556273093258
0.7605604909831218
0.8054833529155189
0.7737426756667704
0.8383348737096838
0.8017509902558182
0.8448290268001901
0.7799643536386242
0.9123307656891444
0.8097311844426165
0.7771703803862722
0.8510640453911069
0.9735847488527902
0.8070050738586825
0.8718967469459968
0.9444613489330613
0.7714096394609081
0.8014633111575346
0.9029607461846528
0.896439807768028
0.7453535558962933
0.827896345393512
0.7910397328601315
0.8615667574918484
0.8408884793219893
0.8904952418269071
0.968124565004258
0.9874739997332763
0.9005123421694308
0.8833024309238431
0.8550881193683928
0.9015300303191586
0.9096808700059436
0.9021563771847647
0.8304968034840808
0.8440378580206733
0.843296770051924
0.8606155862693077
0.8259975781240342
0.8872141528242061
0.766021613018641
0.926939592312948
0.8325436551118729
0.8500948094425664
0.8145816519922043
0.8508473386893434
0.8211566062822666
0.8082464601959124
0.9748498575173813
0.8322644478383936
0.9493291738479143
0.8062514204274732
0.8426551245052516
0.9045697327740256
0.9324031114197773
0.8961545450449232
0.8030720685801113
0.9784061315963465
0.9899199919749198
0.9362672068959212
0.9553890290225717
0.9898420262416514
0.9266026064977948
0.6770909697017422
0.9366917138827536
0.7791747138287174
0.8562728140090511
0.9286479959035077
0.9484166130707516
0.726680110814139
0.8924086465275284
0.9245926026072036
0.8169483592346791
0.9558946667476618
0.9633019108280261
0.7458140010681714
0.7249921110924147
0.9614383024480633
0.8909482383995017
0.8378094678655132
0.9354102664331072
0.8676249759921935
0.7243609829061601
0.8920193277496373
0.8754735555828741
0.7238801260168231
0.9534334675817777
0.9535535326374232
0.701271405655371
0.746544115072421
0.9857076702230407
0.8664537487998392
0.9991850094232151
0.8630721247805493
0.9394362659249234
0.8197665872576625
0.8127293084088061
0.8594004925566674
0.9365523941731664
0.7269851606023447
0.8928096132021537
0.7673683218406564
0.8139374443021405
0.7545582626670455
0.8148981933886779
0.8126747958183161
0.8392505886641206
0.9216504842358889
0.9134815012816037
0.8323174312842337
0.8240349256177961
0.811371596454485
0.7906241210993
0.7835839062753939
0.8792422859375244
0.8978715442460934
0.9093995801278175
0.9516521284476456
0.8264809472041647
0.7035032434827793
0.880190231216647
0.8405989946089906
0.8577462103054774
0.9996433796839638
0.9972484759778419
0.987514496555938
0.8850002267686545
0.9053286392168857
0.7798197126452138
0.835466337216298
0.8965554164040012
0.8976545084662806
0.9511739330818361
0.714834657108399
0.6424525168072001
0.7104898529818068
0.7674272302862466
0.7098302284803062
0.8904176546800726
0.9057736702135121
0.9576562558404514
0.8839196852410807
0.8061365071431799
0.6796684170373074
0.8983939842527642
0.648603371785649
0.8005281404123035
0.8193822134112094
0.7515189319756079
0.8287618653062918
0.8628832664889918
0.7688302688637632
0.7649412168679465
0.6826716157009284
0.7969047909823479
0.8563637993125004
0.9344284902151868
