0.9950729357874564
0.9970790600799235
0.9909917632349263
0.9768077711236255
0.9977102267354652
0.9925053289571883
0.9840189503488861
0.9804810068882441
0.9757824764754137
0.968967839087569
0.9604688733532213
0.9504940330687818
0.9936384954076092
0.9859671113576045
0.9600056104842783
0.9761798468489649
0.9549334072229758
0.985634557442943
0.9785755304665009
0.9817125494196849
0.9922031212765143
0.9532366943163719
0.9705920809125036
0.9713895273600867
0.9591188259428702
0.9611564254029641
0.9664679056520761
0.9566451835750347
0.9854804636096952
0.9686466374155365
0.9898440474432333
0.9866727924587737
0.9881148037621753
0.9820380844289376
0.955737514533963
0.981406699183426
0.9842191742218203
0.9801538972360002
0.9793441615298651
0.9823262510298889
0.9574908761279488
0.9615239270522599
0.956808112366115
0.9867470550512141
0.9894462979564015
0.9732621996576261
0.9605579500304038
0.9755169817105318
0.9633268701286543
0.9713536685235507
0.9684869985852242
0.984130553186539
0.9579867046243374
0.985557440859304
0.9839817085547294
0.9644757592166275
0.9940502051978681
0.9714107737184554
0.9875026078137803
0.9939324735496619
0.9815648679669706
0.996521557191749
0.9946721508176308
0.9747996670559157
0.9724122759675449
0.9809667810491685
0.9762267493806641
0.9798754223050843
0.9741892235068375
0.9800757988768306
0.980423809836459
0.9663955995109479
0.9634343594093198
0.9625435189965192
0.9683860872763124
0.9491472363983082
0.9633107772370374
0.9688296645986271
0.9613360689304198
0.9516134718987748
0.9642211166356617
0.9599366345027133
0.9471596207462709
0.9515972053343734
0.9658189889001985
0.9783103939219877
0.9577748810458486
0.9638940607932791
0.9856750175192522
0.9762584093629063
0.9761386185754812
0.9990779438305786
0.9726674545755214
0.9578547411824905
0.9365688508796228
0.9341592632128437
0.9462381226514887
0.9650133072382728
0.9558020143578667
0.9467340213776079
0.9502629737808942
0.9479185777409282
0.95011839297044
0.9554165079344572
0.9491151271771798
0.9442586617532882
0.9451539527530952
0.9572872811247348
0.942356579351694
0.9587674071681463
0.9541770293320617
0.9533220247392782
0.9461061536222138
0.9568374565287416
0.9490108295092288
0.9634098891624555
0.9600191397083655
0.9638215578266527
0.9574106383753721
0.956226591311875
0.9759787378642306
0.9597298616770898
0.9703930062397914
0.9509955014747249
0.9548667610749402
0.9432129089719858
0.9604803522684281
0.947126710374536
0.9447934488102726
0.958989401809087
0.9560071748732044
0.958361295119054
0.9668444710179174
0.9739646528004702
0.963284250958035
0.9443023623334688
0.9433515001591177
0.9636453809948247
0.9538657722550792
0.9499400472262853
0.9487771885763339
0.9707638828687627
0.9401686779816775
0.9491106442700954
0.9595962359554588
0.9832296197626321
0.9747370235484453
0.9755628426428733
0.978496169529329
0.9762683272181356
0.9753063589483078
0.9771340833746001
0.9605183973847042
0.9677017772682535
0.9765828729347754
0.9595150271762176
0.9316418444644217
0.9662153035198136
0.95419245253945
0.9592789657478773
0.9535426963902052
0.9365609930134485
0.9689608573164767
0.9607528314612608
0.951406021516334
0.9414071418173982
0.9569097425175436
0.9392769375157435
0.9417801512185434
0.9406604551511066
0.9323043710478288
0.9464557373270537
0.9646798336519313
0.9700781990295323
0.9422938637873214
0.9848921768237117
0.9765462633565039
0.9739046952058659
0.963078469060417
0.9725231140611373
0.9792899776477958
0.9959666222203982
0.9605544429586057
0.9674290706620048
0.9856083538540463
0.9674393289543268
0.9831291639703529
0.9372872847513003
0.9284186604163411
0.9746072892700892
0.9463570567665129
0.9797289748821227
0.9286815413542744
0.9285303675508716
0.9639671456245561
0.9516097879732166
0.975343602198173
0.9755794038169778
0.9735237378025848
0.9394816140378064
0.9740113154956236
0.9333956000244714
0.9722747603603901
0.9554807037593043
0.9741299095861469
0.9733383933770807
0.97044126159453
0.9721858513752317
0.9774033879940391
0.9857698243770585
0.9702132544190494
0.9848632975635211
0.9669520514302643
0.975515417862141
0.938494814048908
0.9127825711392861
0.9204026775454863
0.9259260297404945
0.9142061138411011
0.9070240662869331
0.9207408061547508
0.9076529274934794
0.9113960195138571
0.9237322345681501
0.8848957132615461
0.9113603795308497
0.9210283857381267
0.9236038031691106
0.9068425685001107
0.9046015048021163
0.8985365703298236
0.9197300891780802
0.8934900329275838
0.8995994703761374
0.9036880130894359
0.9173889809961542
0.8669990043145676
0.8920151386081305
0.9918152337722961
0.9760536942176453
0.9202431834110879
0.9558348748380092
0.9397687293568507
0.9395655435114341
0.9909771573124453
0.9743609584055744
0.9418688893567566
0.9175438880932301
0.9146900828369573
0.8462619000039201
0.939560379325618
0.8780330912169043
0.9459059240185861
0.8890514304772242
0.8419702541305013
0.8714781969326475
0.8667426142716936
0.9122839117318045
0.8457222041826291
0.8918803288750197
0.8846911337492371
0.8982057590614951
0.9121356875596057
0.8810899064075597
0.906922944488116
0.950736529779885
0.9200254467364432
0.9459337126783068
0.9454769645540185
0.9249754476078094
0.9604771293425094
0.9518641184014459
0.9454864434650583
0.9749033830359957
0.9432655078009516
0.9686331851176679
0.9647012917415103
0.9552763219355591
0.9659733477108495
0.9571139617043878
0.9111215044682095
0.8542707616986663
0.8905341623551712
0.867887675673018
0.9019716098054242
0.9053311614067929
0.9223563515899202
0.8785869074296488
0.8917243772829193
0.9234068582335909
0.9249808141861289
0.853005816464953
0.8735735221404949
0.8580071449666455
0.9000436744838464
0.9375278598771095
0.8580834086666322
0.8457949380943162
0.8472316403629327
0.8613634435726918
0.9700456765883669
0.8901871882330705
0.9313972516197881
0.9166303675624143
0.9105486454731053
0.9850375138557048
0.9505459192122272
0.9220503186676412
0.9624368433322641
0.9558616559887295
0.7926714526014818
0.6984270975798059
0.8504850814758018
0.7344165137668218
0.6904461718838402
0.8269578956251706
0.785754690267142
0.6925884384367067
0.6938636604972936
0.7019529350246094
0.8037390151025129
0.6661200044326144
0.7831407009333917
0.7564023549891264
0.7393763105819393
0.8791792884732648
0.7500825126907111
0.8350650741768764
0.839467304026135
0.687842323574136
0.700621910234683
0.7385960166571532
0.756903599619351
0.6642641239125817
0.6781683660292963
0.7415671305811986
0.8457335248663308
0.8620661774465146
0.6869116928998709
0.8315336604491259
0.873643123680619
0.5656342389193585
0.6585663690752515
0.6784687836367027
0.6148185505672925
0.5910989621204198
0.6085235682167573
0.6080132658434789
0.6418016134876494
0.6584872033132946
0.6250799097277995
0.5877971003723045
0.6039055964275646
0.6195175487819131
0.5964404711841031
0.6004473397381931
0.5915433780433152
0.6019383718785559
0.619200716292562
0.604318502177585
0.6805133050911274
0.764036914446482
0.8692756035374292
0.7605104487982096
0.7965670135562076
0.8483325230011827
0.7140604375306723
0.7608097376121989
0.8135101885735352
0.9265109184034932
0.9738006561320274
0.734247010420624
0.8266253346613546
0.7700284323921561
0.7670443424048419
0.7956718825321983
0.6963192198723225
0.7863532885006631
0.7178554475422638
0.7345092223134833
0.8274772805080272
0.8431048458539105
0.7789595632082544
0.7994037246254789
0.8160417291829866
0.8298088399416951
0.7809745550191436
0.7286530003016501
0.6761522215952949
0.8109413707911132
0.7560878644196932
0.6846861877683402
0.8972502841801242
0.9705244837617322
0.8395384646543197
0.8959558487829736
0.9672186666870148
0.9615460503484026
0.9122782607625087
0.9664056610604974
0.9943009019246491
0.9130281743249107
0.9112147242414192
0.962077478478051
0.9573623812680362
0.7204348128745492
0.8608594341403779
0.8514202781764334
0.895914244219997
0.9606211940136712
0.9246103865204796
0.7343249679950885
0.8526946012945644
0.8349185784320584
0.7883899699419903
0.8673674748626988
0.853732584942126
0.8394263515804997
0.9388040678865194
0.8500273275913633
0.7950741371331607
0.8015094059880685
0.8509865608206177
0.9092219979811496
0.9570431410166615
0.9496746971197214
0.9230283066019174
0.9106533142514526
0.9100776763035068
0.981559403542237
0.9674816636942165
0.8816461953547006
0.9612218386633463
0.970303404461187
0.9711569054779607
0.9564928673480408
0.8864373758586941
0.7560259794648212
0.8952319942702909
0.8218850702211493
0.8873091441818169
0.769859006458456
0.8104851233748035
0.88234304342028
0.9047995951137666
0.8464811326798382
0.8260377840909134
0.811079164825941
0.8049184694424844
0.9015369688141875
0.825089502961311
0.8541571011533166
0.8192278499795309
0.7793216000249023
0.8588457682796123
0.8173805010942927
0.9513628260772484
0.8951821937511978
0.9112856910048988
0.8755706417852175
0.8021738375411285
0.7804426347851112
0.9516485707079211
0.9123166788423553
0.9597721208983461
0.9239083213351922
0.9599872727152403
0.8419819020247152
0.5947289271394149
0.7986478244289033
0.6075143272818677
0.8047544868494108
0.5454401430930021
0.8214387504449838
0.5545994836449424
0.5994480415437886
0.6120984760956591
0.8263111866621706
0.6852882217524529
0.6859583174091523
0.6347309365767979
0.5588887915669212
0.8453266569014083
0.5448677070164796
0.5523739599956559
0.5664455181838062
0.5793587141554164
0.6824951534957113
0.9965751959102764
0.6741081662390358
0.6656396444456918
0.6614187519193971
0.9816476519298074
0.7422563700748865
0.6796178658290553
0.6507820006718277
0.7189903287460523
0.9304057629892999
0.7799517268798402
0.8349634595685068
0.7244753311020959
0.45587113111808497
0.6745882010898396
0.4306941608471344
0.6280149232410082
0.44431848561371007
0.5081276215055123
0.5208660247441126
0.6582018659182778
0.5580971375197703
0.489349626711704
0.808278940049094
0.6588208020973649
0.5948469055931291
0.6635225736214762
0.6555002657452034
0.5123021224156215
0.5146661560879109
0.702709337179477
0.947237489117966
0.6013277148816755
0.9045125244481944
0.7306703672797736
0.9186798656017185
0.8192256852418556
0.804991344115034
0.9285458177717563
0.9308456475555936
0.6515151941281156
0.6430992138787047
0.8901107142573838
0.8924543048295044
0.7339884051694786
0.5244138678987881
0.38257689362423886
0.3921374143121737
0.37883272940806584
0.39821314129372204
0.3949595519006379
0.46354656714107473
0.44320978278628087
0.2375151518259569
0.4570673680080247
0.5338020930053676
0.26862277611174473
0.2864872686187634
0.5286829237993647
0.29930926516260853
0.5180978424728527
0.36075759333431834
0.29315020278601145
0.2888906237369707
0.9466154839871387
0.4288113539610452
0.5862109050445112
0.7238471521198905
0.46740897836032297
0.3725721522980302
0.3838736822957369
0.4539706277581693
0.4896537995608388
0.9397582108601135
0.4280892590565645
0.34123263321382136
0.3844983223232532
0.5065478081009004
0.21425348459246546
0.5511090841115732
0.6014998016488367
0.2440654385018044
0.39211958560568316
0.5010788827193869
0.3399061268975634
0.3166235994250186
0.3148396923158929
0.2823301197248636
0.3532897513489771
0.2714590927694044
0.2906121496999763
0.3389667477410273
0.41735739600041566
0.3200097197120854
0.24594627692280163
0.40751066958748183
0.894839657682715
0.8095927320113856
0.8047841354885821
0.799239519536616
0.8600764814469167
0.8106484313209572
0.8590449596780415
0.7714591453808747
0.9799513536647289
0.7705015301424389
0.6108907353243442
0.8567873555531673
0.9040277107099031
0.6664778780262494
0.8590518985114849
0.8303286021703102
0.7988956843893916
0.8614975871215044
0.5859006769177457
0.7031898117327491
0.7857967324315208
0.6543779555229523
0.7507721607172243
0.5570405289057223
0.9046260126821375
0.6212885308899697
0.7789021901813564
0.6827396014532385
0.7278869894108688
0.7432766414664944
0.8801309345384656
0.7755723254674876
0.7055898563302659
0.802521917348459
0.6194604873082377
0.5521463238512587
0.8917755045481637
0.8727696996280947
0.5388398204728092
0.5951012852808215
0.6474931784626916
0.7078306648857344
0.8276290905529964
0.8515544073074502
0.7990589627196008
0.6423703410056125
0.8869340747920538
0.8771117821556161
0.5763154644611687
0.46896819201995493
0.47037037444641927
0.495016643328248
0.3840690838183768
0.45336785419028425
0.4741322439437871
0.5013335768692411
0.4498625669600038
0.45387741034038376
0.436171947210749
0.4807319875573877
0.5078951153527271
0.5315468970639883
0.4951345626269186
0.49152378949909975
0.4867340086051763
0.464947104907745
0.7358688142224757
0.5213061462908322
0.4995017184796273
0.6573755681485651
0.6052962267621003
0.4781375875474973
0.7669222671264655
0.63042437730944
0.9516299510378103
0.47856388723501603
0.8904115366311127
0.5837758125590068
0.6416487733992944
0.5379510042762812
0.7012531845622798
0.5255271877843092
0.528773433719737
0.5926201076656743
0.5939915616666576
0.7513009289848407
0.727488482962436
0.5329468878868413
0.6297387543653415
0.7082511924457496
0.7381739810678507
0.6107571428727044
0.5815858013352504
0.5041307804481823
0.5726030972707808
0.5642308969447865
0.7155478299173372
0.5226040698161194
0.5597103916972757
0.7416854829361327
0.980284746139219
0.8186550739950575
0.8416718665346674
0.7497130543939264
0.9553772289582267
0.6648700260002502
0.8566470254822124
0.7428302788607465
0.6563404942872124
0.653798275606138
0.7636450679697582
0.6379567899143971
0.768301237613324
0.7597387380650016
0.7035836632255579
0.9494590563345253
0.7402272445329174
0.74893738994313
0.753590201709315
0.7271868731571112
0.7554595634795677
0.8041184456239132
0.7137307427995858
0.7612473733427833
0.7931370858078444
0.7817546722948776
0.822188974838779
0.7987247152315416
0.7802141206007938
0.7191606559039412
0.8062753997303865
0.7819004298383192
0.68958954779986
0.6948531098922816
0.755166678691638
0.7898602302082871
0.6708226766177176
0.7582545468008384
0.7744518582901059
0.9462266565880431
0.7319624827049845
0.6408042613127618
0.7313700844226492
0.7559330246110929
0.7630719164290922
0.9127362925520195
0.7945034929474142
0.7642266991439282
0.7676484120469406
0.7733554404161365
0.8987747455636219
0.7882828203309407
0.7839004131165189
0.8219177877578803
0.6891515643536412
0.8068972963667418
0.8127036859557695
0.8200120241881949
0.9032364533299093
0.8502423677642413
0.667767707517086
0.8999153145000822
0.8958612366381636
0.6908322638288544
0.8042780009092
0.8257091892020982
0.7955681956936586
0.7450050994334323
0.7339633947886182
0.767594888250833
0.7007874599486974
0.6934314930759313
0.7970760050076633
0.8660782452637109
0.7798088544502007
0.796826751651066
0.8103351433374382
0.9261057288855017
0.8111170174500864
0.8448530780152377
0.8657666960806277
0.8308255125385947
0.8093962151116393
0.7445689515525825
0.7857334617223066
0.8070096390218509
0.7695329915547064
0.7509240887651647
0.7918732772328332
0.8026783394426276
0.7172996178668322
0.7480081137588053
0.7262775116695399
0.8187855508617402
0.8550361955528551
0.7367346001473282
0.7488105438245637
0.73135492542636
0.8731552392980328
0.7252827594200266
0.7795179353526518
0.8237185613014185
0.8914499778155297
0.8067437053301367
0.8915917963028963
0.8425483772031288
0.8602526936924144
0.8134497205267617
0.878207719633616
0.8131049495543521
0.8285575899435238
0.875741936306949
0.7883668078179149
0.8907224906676964
0.8205058856786339
0.8596512693122907
0.8729235014717931
0.8704503911860433
0.6975206589123978
0.8020001757775137
0.8109828395269193
0.6389124781103805
0.8198747263895103
0.8422743884245799
0.8538571842545297
0.7871767630775296
0.7875254777148799
0.9089905255827282
0.7645403413256069
0.8750071281168823
0.7176650287986466
0.7832468859923174
0.7792791564018349
0.9533293631591138
0.6793247636293753
0.8097975995587781
0.8370489964727477
0.8628438341369029
0.8606638014038472
0.882565031642579
0.8004644364880684
0.9206084407338714
0.8976322345150343
0.9126355169777982
0.6835518327711538
0.9049386722341356
0.7923145482870725
0.8096683460404983
0.9208737130417108
0.8457352277914161
0.8516111350168701
0.8106908429031525
0.8165138055433906
0.709726216459909
0.7398858491803271
0.7963475592768162
0.8676138170062033
0.8180301863989283
0.7794862861491301
0.8204456079883202
0.8661305117229474
0.8075258340346548
0.853833319247503
0.7915216402278611
0.8984370420516928
0.8720274527839029
0.7997884430650775
0.84027557960664
0.7713646196819205
0.7985288757640219
0.8510760001679241
0.7041183259776365
0.7383694962224208
0.8484576550482121
0.7413381035251692
0.7321938461739038
0.7168418786186712
0.8774692868985254
0.785102516346578
0.8003603897099201
0.6866656323983633
0.7386651098135414
0.8450876483130496
0.8737674297700836
0.8737361445049177
0.758295151152816
0.8724181039548279
0.9013168458762104
0.8543568565213011
0.7531154465129692
0.8630769863508008
0.795002448770584
0.8827657365997706
0.7818324746953831
0.8287653954627934
0.8513156921782521
0.8553429960957315
0.8943617247832758
0.914885747904721
0.8491003939373751
0.9109805689367295
0.8131048837183461
0.8114016315089762
0.8458680478198602
0.8359096531640928
0.8879098659590068
0.9191100785139515
0.8692100000038501
0.769567846212599
0.8859947042841657
0.8032858090427355
0.8829398410107732
0.8874127384931841
0.7542579664308859
0.8017393049484949
0.9497481964820358
0.8213155663209055
0.758265451644929
0.8587841530395768
0.7661623173164611
0.9316651693347902
0.8826364019867703
0.732531825935069
0.7401109673977833
0.8599027412103479
0.7351945871034876
0.8544363338406744
0.7128847497361461
0.9155865689732692
0.8503699717845914
0.810212797933378
0.8626605829009583
0.7233323558080829
0.7860345559322125
0.9001482176031679
0.8406513539993583
0.8678845384904514
0.8035442433133904
0.8051720977279351
0.8349656170403178
0.8299778992267528
0.8797226353548602
0.843294555698616
0.8668559557275832
0.8190794313798301
0.878559889839541
0.9272653003857202
0.8303775448606987
0.8552448791103843
0.8623540858725822
0.9087437564380438
0.8757866788217056
0.737534973792943
0.9096094072429407
0.8427904693544431
0.9085509918724215
0.9140241285304183
0.8583591784896174
0.7850662258835109
0.7800668406820679
0.8325483856055208
0.9072295708257225
0.8728270088908139
0.8587891436226311
0.7334250548547315
0.8595059310628183
0.7435955793489395
0.857294976007764
0.7652571988842163
0.9087669967971327
0.7418999837441071
0.8498565299285423
0.9639476659867746
0.7264794456666208
0.8786331916364207
0.8250158451735539
0.965578651449083
0.866369074003003
0.8510135467005981
0.7417843506640086
0.8003097915847026
0.8878545410468089
0.7944496181256993
0.8533116854236973
0.8528465100886788
0.7511789162396013
0.8460617681584746
0.809883152295934
0.8736511104563147
0.8517307941360455
0.8385869853618987
0.7534289449808051
0.747535182893565
0.8428525529699974
0.8365262774273722
0.8467720004535796
0.8047672869336808
0.8210994650378093
0.7760885178332194
0.8157391560077031
0.7607364278762117
0.7526976072031466
0.7083570413430502
0.679938158478903
0.7512476312900124
0.6907279469622156
0.7672996322103232
0.7442185652963835
0.8915348474554333
0.7417650284816455
0.6741091271912527
0.780413956524205
0.7877003155376335
0.7496570263357547
0.7406064462380711
0.7274741003422105
0.7440937452412428
0.7965955837649912
0.8132650853091167
0.7854397944876665
0.8181377217155357
0.7906407940524081
0.8161230840872733
0.8346094623838223
0.7846299844501179
0.7571399076476224
0.7981071236593485
0.8457422179166882
0.8339424662827664
0.790464621524126
0.7760389933839964
0.7735534110061517
0.7968665629089156
0.8576210982729819
0.848361970947345
0.8256726957395095
0.803002778448591
0.7530374932734284
0.8918826930387457
0.8336918833379896
0.8320846430502921
0.842808789299309
0.7279896721667034
0.7141358881095713
0.8118162072941459
0.7801461752900519
0.8334136851313731
0.8134977511013775
0.8210048542314704
0.7574253593324252
0.8465420083236214
0.794222231667762
0.7499326148141976
0.7483244198125801
0.8379572175294234
0.68649579961935
0.8055981462281223
0.7492780639482137
0.7599952374062108
0.6750509609629463
0.8129481433587752
0.7864344146752998
0.7584067987343539
0.7525632501381545
0.7682658368063717
0.8024728751182937
0.8131634957492035
0.8604119876623405
0.8296505372600781
0.9372177563811344
0.8416169615404236
0.811263008675315
0.8955290321478437
0.8521843840577945
0.9072452256482305
0.8363784855760162
0.931340063497618
0.7965827442342716
0.8270916800500875
0.8778034782542767
0.9318230807277728
0.7109484269057108
0.6411902331160347
0.7683621019618925
0.652390754889248
0.6328293590836842
0.7791212934828791
0.7280899148713964
0.6434131226937878
0.6886726031950707
0.7917833262374581
0.6006107177882003
0.7970909104182579
0.7590991652163586
0.7740164785626829
0.5966474817699623
0.7960884219898444
0.7936898128613856
0.6394731223758859
0.8258872882709156
0.9107977943091476
0.7334487069492002
0.8892253054897769
0.7855791774194762
0.9069279127815422
0.7760731378575587
0.9360310950474179
0.7991652293505861
0.9185248267280464
0.7847124146565725
0.9955925524084258
0.8339879064227798
0.9372389898704048
0.8376401421178936
0.782267431929846
0.6720448876252542
0.6782427877861634
0.6269003251627853
0.6130264466927341
0.7454967620460622
0.6630199243770163
0.7632167394505727
0.702484404619133
0.6533166109524979
0.6278470565212594
0.7368417338987467
0.8051374717070506
0.6774671586418102
0.7199258493299203
0.6876330120594861
0.6156412612671273
0.6463677200310793
0.7838710146276484
0.954170808118044
0.8883270993201666
0.9291015346739484
0.9534927304604524
0.731842468307476
0.771872214382973
0.940034630619859
0.888499184887295
0.7834021107778701
0.9253183787531847
0.7587943609247285
0.7837531046177547
0.7328080249373123
0.9425723846623422
0.6391690988607543
0.6682775457494543
0.7813907092283259
0.7481315145533989
0.756464905395987
0.5835603059101171
0.5756856953948513
0.6836729853202135
0.6694810218111514
0.5707633494118728
0.7279144159802532
0.7649170473693648
0.7742826066402408
0.712444465865846
0.6523797922471162
0.6092423963043891
0.7382045184711561
0.5880502785715431
0.7360981336122736
0.8149433073059031
0.8466437129544524
0.7951645725263321
0.8695518729864117
0.7974497827849854
0.7530502337378021
0.6541848923624278
0.7898454628015052
0.9051601589471922
0.8596652171554857
