0.9675788270826517
0.9977177107116555
0.9995391401195024
0.9826945733954604
0.9642289994685039
0.9924078792751756
0.9767152810839538
0.9858345548162517
0.9920053675429951
0.9796260629076263
0.9996628830108569
0.9950562824220812
0.9810359098313407
0.9995513439864676
0.9997574501013937
0.9668027957600079
0.9929515375392353
0.999924680781018
0.9964467022216615
0.9799950453203503
0.9969748372558707
0.997379673506762
0.9969386426007372
0.9864135521007024
0.9881534751348395
0.9931848909876972
0.9728922202582511
0.9969511564775655
0.9997438217996231
0.9848016857022516
0.9990201563795825
0.9995461731572799
0.9843933605661519
0.9652109002591589
0.9792977177968072
0.9819578270813679
0.9851155825544644
0.9697655231525719
0.9971397145916091
0.9698270510042559
0.9554079329465286
0.9599007990017588
0.9883609106309574
0.9863761197795393
0.96648215730684
0.9714236027981474
0.9613181022931208
0.9705903325202636
0.9609881431291233
0.968224052532854
0.9969754910867317
0.9705292705892148
0.9581870486282358
0.9888862628847873
0.9837967138586
0.9650992814432482
0.9998104305159919
0.9782570912187712
0.9993117721563678
0.9967347120286174
0.9927962112294171
0.9839834153535194
0.9994060425046011
0.9797349989390317
0.9854139265869196
0.9999287108107275
0.9887332977375394
0.999723069509654
0.9942702363919864
0.9999451939564536
0.9976225723054339
0.9979572797729906
0.9952112770162673
0.9979873300518867
0.9817544421684015
0.9976685940266727
0.99289325069213
0.9958807477789859
0.9899459383688319
0.9878742710740644
0.997424379764554
0.9981200876803189
0.9962289269768789
0.9992334795066427
0.9899802267530697
0.9985367727743437
0.9995075384412415
0.9967186768544647
0.9996508363344284
0.9994070036687828
0.996683158939247
0.9998508427031749
0.9997908329957088
0.999465703001347
0.9992452669633614
0.9995501502118653
0.9932650657716008
0.9967796662481301
0.9960228804572788
0.9997193863501351
0.9995556383993688
0.9997280152433847
0.9979396319165739
0.9870359422780541
0.9906206719822985
0.9857738457191482
0.990566827921926
0.991204779717427
0.994110788490921
0.9803197669498857
0.9697430328062591
0.9785263392784851
0.9914986009190636
0.9595975657484719
0.9715200765354481
0.9834553858490931
0.9880244253822418
0.9830538804633578
0.9861693967720339
0.9807700516658009
0.9638470975310313
0.973569693266791
0.9920069747932905
0.995537491907826
0.9774639502852626
0.9813262828106817
0.970595352268707
0.9960993811427359
0.997384788063161
0.9828746648770881
0.9841811506727993
0.9754894073034999
0.968365749823239
0.9577134834714122
0.9708109272963272
0.9780741811422643
0.978090079468943
0.9841847859675089
0.9606950451532866
0.9561251857365057
0.9548854571608696
0.9712762538334385
0.9524568565735014
0.95263190413834
0.9640443345631449
0.9944710687217625
0.9957617965186631
0.9703259758931909
0.9981572452143344
0.9734791521959382
0.9931314569330894
0.9704862316790643
0.9990808087906481
0.9943199322390012
0.9908883028695789
0.9773503423623026
0.9925410684924756
0.9701194223948035
0.9953030131543049
0.9622537695821651
0.9950069195509151
0.9851024407493176
0.9754771732105303
0.9623630270278054
0.9743710415184081
0.9763436418005365
0.9739143064075976
0.9739715234560795
0.9744873212298626
0.9773854274420253
0.9609677037684335
0.9746002464834242
0.9560946343962851
0.972997625327425
0.9746732883468626
0.9831744312721946
0.9809699144004134
0.9955675756040828
0.9989570774030996
0.9707609614311088
0.9872463679284227
0.9978258670890738
0.9780680697647266
0.9964433816585963
0.9957220694978541
0.9709292795460348
0.994083913554946
0.9978246334128185
0.9738997704523842
0.9999357901443473
0.9785193679494398
0.9830597353911197
0.9731553677173969
0.9781135354954843
0.9604288739985913
0.9661633191189507
0.9791627434307217
0.9613001550881939
0.9757880018248768
0.9605135794714441
0.9937573251572751
0.9878913005834871
0.9653338162926359
0.9676451831721763
0.9712002195574672
0.9664545110989292
0.9934705531622905
0.9943069723072607
0.9890064419267162
0.9988211596701929
0.9737712311737332
0.9791817193520738
0.9859822559481388
0.9998471892566316
0.9938162549623741
0.9994456267070932
0.98599208830387
0.9832594430930135
0.9766166537884254
0.9768775394358118
0.9928232109842867
0.9913490729231301
0.9787496921047723
0.9966324572108993
0.9957245088550459
0.9476984102684143
0.9613061429453884
0.976707385144818
0.9431545892867514
0.9763934157326397
0.9683513454334038
0.9275113252144012
0.9688514135269912
0.971867421142442
0.9755561871607821
0.9792790107520462
0.9747131955018891
0.939573865228718
0.9704057352505815
0.9913946146606574
0.9902867944486695
0.9758138178549945
0.9954364354565638
0.982733594240303
0.9904782605712928
0.9911504522168024
0.9995417873666559
0.9918230874194122
0.9973231534466909
0.985952750062088
0.9857173131975936
0.9997912618565089
0.9992818664923555
0.9382878285461052
0.9569791607756137
0.9497602364605502
0.9378038061821707
0.9731224478494114
0.9436758711993555
0.9466006426972032
0.9267554129192402
0.9486319456853334
0.9354267165973561
0.942204687457892
0.959444391622266
0.9894580941358373
0.9982202976551652
0.9896421849758238
0.9665311014256915
0.9961197516387809
0.9953206063552427
0.9917129436216353
0.9984522039203281
0.995950159207796
0.9755877326910488
0.9979443540561054
0.990522183213322
0.9952264968806941
0.9844792761857346
0.9799724004584156
0.9980528908659543
0.9995413948446807
0.9991880505192174
0.9806219369114484
0.9950856329382196
0.9980455341401984
0.9927918862979641
0.9533923778078439
0.960380841737106
0.9564543627927917
0.9724109035560822
0.9744616802031303
0.94006277141353
0.9671810561486516
0.9634853170398023
0.9666048314107081
0.931861445005351
0.9603968881537653
0.9539353745889997
0.9724099268168207
0.9500103563638915
0.960618918077901
0.9606643206555325
0.9688731068775172
0.9254292119977885
0.9243594550892433
0.9642421570853343
0.9714060869103176
0.9974182008932407
0.9394428922910993
0.9396126505002734
0.9717195475325693
0.9592329928791685
0.9866831700226638
0.9659654261278072
0.9677730756984925
0.966251317459382
0.9708657685241888
0.9054617681482429
0.8551618488385168
0.9778656855705796
0.9321894184614864
0.899036322441281
0.9752665120410144
0.9287187132124434
0.9579602610714532
0.9041716861929632
0.9210358985417285
0.9420969816069487
0.8667116658970554
0.9195147723793926
0.9477490101570494
0.9280292646023933
0.9790568167785987
0.9790770928438866
0.9502993293504189
0.9024694393980115
0.9088399204420818
0.9638481338148142
0.9986243372776601
0.9509603833420134
0.9786507836456432
0.8875461686886545
0.9571401694341083
0.9323610467320215
0.9659266350299565
0.9946043198569315
0.9986442674264477
0.8803691413034882
0.7141388005031881
0.9738694769926308
0.7095402116935883
0.6910326023786908
0.907416971745492
0.7856164918420939
0.6852999097109788
0.6581872634136741
0.6478344915348465
0.8931687184018563
0.6511074139302824
0.8223817568499094
0.9887716663241085
0.9477768604956605
0.9989874201572447
0.9988762361373676
0.8313296338685571
0.9990771678687802
0.89044245136445
0.9482259089114689
0.9562109024759418
0.9691658008955799
0.8619351640243029
0.998659446304015
0.9834481322959838
0.9461455496295309
0.8321881123458778
0.790119298118331
0.9664043234324017
0.9887710810118532
0.7097721353380434
0.8338420222112247
0.9989744105829198
0.7787562788492646
0.8033895172652893
0.8229377619343019
0.8367359211509936
0.7818732388899847
0.7095305038241122
0.6587932992955138
0.8362954741713121
0.7498837422922514
0.6702052764844396
0.9864245083706422
0.9962262991168584
0.9052402846214918
0.9861404786457435
0.9994876801236319
0.9996241909980239
0.8658987017170774
0.932519449915785
0.9326132755504968
0.9000079585991978
0.9911373996848187
0.8876072085840927
0.9884524664741043
0.9478259751614455
0.9838427336358864
0.9384106999378707
0.8714921395772564
0.9699002473787588
0.9906178082470685
0.8506459799298244
0.9066145723353456
0.9240691737880122
0.8511378589474972
0.9265344343275501
0.8762624298655316
0.9152140753261071
0.9661855140056035
0.9297935356238161
0.8459283661236427
0.8363960805257853
0.9396470529250084
0.941695124863158
0.9946077668689963
0.9770470796485007
0.9988882009144179
0.9982723130162452
0.9841394097099236
0.9997815727907537
0.9943398476262572
0.991078242580379
0.9894110977791024
0.9794570845887959
0.9996807796892184
0.9939415077474443
0.9840280401677766
0.9997191002521149
0.9842822029368843
0.9915608016815043
0.9998361258884086
0.9718480505433578
0.987081620388382
0.8677010391478458
0.9202359654173966
0.9426035331422424
0.9633506342046154
0.994472453896134
0.9599802978646887
0.9237851085970328
0.9541925922193218
0.9249236492320253
0.9572118364373943
0.9364328410126822
0.9949773746235397
0.9201544844047616
0.8773676615747368
0.9952582324941349
0.9910952530832454
0.9734172231755047
0.9381123507577095
0.9882933933552149
0.9350419571677094
0.9985627752452308
0.9992933501421286
0.9636673951580508
0.9738509148612693
0.9996569959612108
0.9501167986182778
0.8917471865503489
0.9484472620127344
0.9798634873199481
0.9974649821107039
0.9874950603177797
0.9048387428774576
0.8222894456378634
0.9189203851426696
0.9024545391885923
0.9802172757652631
0.8910030141898928
0.8283829959851701
0.8992142118800976
0.9732901678469891
0.8914855290919008
0.8333305716546784
0.8332529242048596
0.845007310089309
0.9990922799339443
0.9027646207517691
0.9935606562045771
0.9886301459540079
0.8931877367698762
0.9206586154843532
0.9631102906496032
0.9763429187305837
0.9097973966944805
0.9916065661178874
0.9153207837176627
0.980622483694724
0.8509051322018805
0.9898371357254483
0.979153348308947
0.9759581865125316
0.9119966362528776
0.8975705455190748
0.9782041977560161
0.6664334170979587
0.8850862816580256
0.6954353546557954
0.8684922955438127
0.7087252837692544
0.9791011707683213
0.7545612708908209
0.7296087214605125
0.7062011665137038
0.8791838105834539
0.7039586315321456
0.7059901893953632
0.7826859698096188
0.979974947007607
0.9963928781929425
0.9974701600874085
0.8525134233133282
0.9793145570599424
0.8630155631977541
0.9997688489266137
0.879567697003512
0.9587285547230207
0.8526741100780884
0.9721303313713212
0.879566347414236
0.9457476511598412
0.9825755194108252
0.8480804643558397
0.9744559844155591
0.8560929889313884
0.9791206757306816
0.9570896737234398
0.9830836885855949
0.5609321577576233
0.9639108359625865
0.6151208668140351
0.81035693052781
0.6246375352561993
0.8295258436267812
0.8716597813593094
0.9588343993143813
0.8485282806086099
0.5593281431669254
0.9204797072222152
0.9046391024812193
0.8783612568575876
0.7261422642008875
0.9803233070816486
0.9971063122136421
0.8728740877770906
0.814805727366382
0.9691053332145301
0.9322928859523107
0.9761471606502989
0.9983094668847691
0.7918339198437176
0.9751291800660286
0.9166475212323659
0.9904240376542723
0.9685437809736593
0.834157837844814
0.9868897072620079
0.703529927538683
0.9989539997589922
0.9049492160244803
0.6562846020681911
0.493299237040258
0.5395716617510891
0.5506929955865649
0.47805930002042274
0.6112694097080046
0.37735163600418226
0.4871278375182987
0.4039218067419036
0.7820424773780505
0.6815435967556753
0.3327599385351437
0.4698255078703868
0.8130656565869466
0.9391192553355536
0.9712065139604495
0.9916556610809151
0.9527353338961465
0.8671660378677857
0.777078875757098
0.907907062139915
0.9394665702974601
0.9963443554707232
0.6708874181378449
0.9674154424107957
0.9666993804268333
0.826121598594176
0.9659156667869557
0.86063098354436
0.9660730748836304
0.9691719240700439
0.9531994527572842
0.9025078872150487
0.8178889157059868
0.8982622602704067
0.7355729781559827
0.870798952050553
0.9242002613339146
0.9177538061356715
0.8729582015552411
0.8230595563157193
0.6950681430718793
0.7993602245550746
0.8978363286369898
0.8270439725961348
0.8404125967928011
0.9990664080424639
0.9211584609567132
0.9984508521597321
0.9610453326341393
0.9224817667014082
0.9569374709490055
0.9746400297664778
0.9990755281134859
0.9973919358139889
0.9324502663789733
0.9990885386223621
0.99912552939424
0.9575009668249386
0.9783920932396483
0.934005889246384
0.9406511718285854
0.9530010516626674
0.9155645166489437
0.9823086458833596
0.9826683233155755
0.7665402348609991
0.8279379964598241
0.9567047271328645
0.5433230773911806
0.8467635941806329
0.7151141778780143
0.6412480807332996
0.9249080595942585
0.5491464596584682
0.8857002053536203
0.691449943833855
0.7597756002444899
0.6068201112429904
0.9367362033833074
0.9196085971181294
0.9993083574001297
0.8730774574708704
0.8293987610236218
0.9824165467561196
0.957165985344955
0.6869589444273694
0.6396769379929528
0.9041696447865293
0.9399869522625168
0.926219961628297
0.9903181593004822
0.8528823777892964
0.9052690009361696
0.9938773014857114
0.9821138390740306
0.9852859031941001
0.9167951258014035
0.6623282503518098
0.9883329622336853
0.4978415989194478
0.5545570656453749
0.8042528557755027
0.6039509536827814
0.6006555806165237
0.6070352260734273
0.5143534342667877
0.5112700638928079
0.5334450420066115
0.6915563948067486
0.5083006680735938
0.5069363404469156
0.953578631109478
0.7693618707771069
0.997607194214335
0.9099251154963643
0.9329857078158044
0.7735681153580571
0.9716792437839005
0.9751506963082859
0.9696683845440356
0.8919088941718037
0.8788942440949492
0.8442006026030182
0.9084465656489513
0.9934264425804673
0.9248433263550855
0.8368518490244914
0.8948358487922866
0.9921702549661453
0.8967454451766785
0.917665603726689
0.9453564897748268
0.9668058566910179
0.7102366869383158
0.699578228895314
0.7132911446953987
0.7225425827074446
0.7116311057564955
0.6247506057456318
0.717323883602232
0.6371006842099327
0.8663739879808388
0.7040259759479468
0.7394340198213658
0.6523232746155914
0.933763112723396
0.9179611804407166
0.8142449767943613
0.9461101328640527
0.8834652847224737
0.9911221758422378
0.8150861988165183
0.9418807765034483
0.9787871523242317
0.9433453635246981
0.9270694064342908
0.9406492279512266
0.982993470018636
0.8793929881885378
0.937488954454701
0.8694330379132666
0.9878709017537582
0.9991222246845776
0.9882465505034712
0.8899941074408975
0.9871475528363448
0.7693999983291827
0.747835887590203
0.7340639511376476
0.6913016252862507
0.6542334126822265
0.6550728136718132
0.8737987979524542
0.6480434586955732
0.7170018014306726
0.8833772506661727
0.7617347813664515
0.7548881791581334
0.7870238334866986
0.9333437023102807
0.8156343243271387
0.9653898487738597
0.7664502275456784
0.9872166800506628
0.8144934416496732
0.928761111893396
0.9978482919817998
0.9778597754859868
0.9493173872970951
0.6740176067951983
0.8870299989241267
0.9123144052553852
0.7507992625285397
0.8515534973926095
0.8440314070591135
0.9977644204613747
0.7540582221645007
0.9759290508073779
0.843866499371144
0.8206269776566868
0.7928477353729158
0.7968219602967639
0.8440131792863725
0.8290875680274852
0.9123753533055254
0.9798575022649331
0.7701092238922665
0.8981549346551518
0.855535934019174
0.7955727610097506
0.8245643606500928
0.8322135050181839
0.8326122039450284
0.7970877565665562
0.9664686737647794
0.8890108096723083
0.8160887859624915
0.8587120924237606
0.9325811523295326
0.8504526346396455
0.8811076063966066
0.9978222670906864
0.9764998916697145
0.7991652741898673
0.8337490799825796
0.904653863841046
0.7834711407980031
0.8148193114904851
0.9139401950799149
0.8449409631722905
0.8241228396055607
0.790804197332032
0.8161044810711966
0.8603331338365363
0.79476324527129
0.8982062905266187
0.8147085807955485
0.8211877197727173
0.8059608872197954
0.7288233826159374
0.8394484307975607
0.9319456895011191
0.7846343593259717
0.7542914347929282
0.8518508663169394
0.9360077862909502
0.8298479620312142
0.9517757547123542
0.865625556197553
0.8357329338867892
0.8816731284459705
0.9092983606910037
0.8182935610816091
0.8768273130225875
0.9157917894138183
0.8356563650119408
0.8913989270255678
0.9856281190701064
0.899278069090254
0.9954860961440526
0.9680825259901715
0.9142505276777012
0.9987064254733082
0.9671177424355492
0.8080707446826116
0.8609077250306236
0.7957358508231596
0.9117435860559344
0.8285584704144033
0.939589360642741
0.8074633190261129
0.8009335261624324
0.9071439944353483
0.9238025267366266
0.8079969364889515
0.8181152354330886
0.9005605211836623
0.8194616623426005
0.941674655780828
0.9104478274295107
0.780771613560858
0.8220778331274208
0.9969679837242286
0.8302080448671183
0.9846947326813862
0.8413604122261521
0.8716191530412767
0.7987933987447897
0.9273509692366877
0.9437121748233992
0.770334373094838
0.8982134730034473
0.9904964943685834
0.7678199517437487
0.8230182727200198
0.975017680763457
0.8131819627444172
0.7874509681521773
0.8016100832044533
0.7511192926054217
0.8163548201697661
0.7765737055388409
0.6944060904012053
0.9795795974669872
0.84637984449461
0.7992593458772217
0.7796494103075975
0.7358195743777536
0.8158745144474098
0.7938266489176515
0.7721017089830808
0.8408751602385578
0.7859172006171042
0.8254722813025537
0.9511593054795361
0.7319608533380072
0.768085091464644
0.8070019949886285
0.9813430800704842
0.8214813212273591
0.7552735170112914
0.7123498612581668
0.7892879701668184
0.9949700022367226
0.8562696986298372
0.7981247769941016
0.757675106729566
0.9984841404868969
0.8972681968099138
0.8730857591789831
0.999201875583541
0.9539058790976968
0.8102283966665171
0.9015793307734873
0.7247347533246713
0.7710824779368263
0.9032131436721256
0.8456238700611612
0.8351279672651908
0.9060368296237351
0.9044256065021564
0.8448030577999904
0.8608316813316624
0.8179351045931565
0.8063633936335196
0.8750598015379809
0.9018878226787974
0.9846591901011904
0.9850402771319512
0.9268446363573243
0.9353646725327684
0.8223678472238127
0.8664220671652916
0.8650281128553552
0.9497797260587132
0.9609934465794367
0.9961480109917054
0.943202018000499
0.976013859012341
0.8590559798715494
0.9786487376461822
0.9023005208000947
0.902319978998739
0.922888708761318
0.8868896176015815
0.9495613679564677
0.8954380969693382
0.8976700081153379
0.9050914600991687
0.8032347178198975
0.8749541062098609
0.9054698294401862
0.895430998834384
0.9313873414057283
0.9133797504632835
0.8610962239014619
0.8356872112592588
0.8309677920803137
0.9030437008850675
0.9862872055722969
0.9661558005910491
0.844737723492754
0.9964589654049067
0.9913729546846408
0.9781720093291159
0.8845331335753397
0.894925307680143
0.8706322888310989
0.8936307399117804
0.8410334320673647
0.9584144604923093
0.9975317823839476
0.9977433093253958
0.8835420169938649
0.8405839804442956
0.9804998390069799
0.9338471124919592
0.9995395682450495
0.9859942393962378
0.8451398947654539
0.8714923143737339
0.7856238551954883
0.7904445575721497
0.9682129128645954
0.8065337845807665
0.8552842913355261
0.8806109419866771
0.8029809603603273
0.7705739748241411
0.7747941386632754
0.8653599975236722
0.863827429744223
0.9687175066569127
0.9161420582720944
0.9049201164448242
0.9962590894443912
0.7817244951818234
0.9180673766832543
0.8447704864574659
0.9583096397144781
0.9126277538120117
0.8664355133043705
0.8120698165053555
0.8976078947917474
0.9208182843924344
0.9855494063557244
0.9137478761383517
0.9224503962196542
0.9064846920094538
0.9991624632720091
0.9643096577699564
0.8828494789875486
0.7448811541672016
0.8084739676087287
0.7563025644053638
0.7726456078209063
0.8717634645335173
0.7070292711823698
0.7472166900243837
0.7578999708447417
0.7573369195910804
0.7989006663713432
0.9931646744964349
0.7665220675228128
0.7862213590051911
0.9957395778879434
0.9827246218562191
0.9450031943578143
0.9219342178969223
0.7606900436003057
0.9164034927422489
0.8656166283509747
0.9964087117210079
0.9659297018201338
0.9957545827566199
0.7120885506317216
0.8534310102812714
0.9654123801525084
0.8167824221673933
0.9794900435484473
0.9858690788891249
0.9897881373257373
0.9248340471020535
0.9767390481391339
0.8973672635487815
0.8698329663789561
0.924628580073955
0.808321901567512
0.8248680092761409
0.8624275645056805
0.7781902619807731
0.796662480916047
0.8384584180051007
0.819944030616753
0.789974970056643
0.8441391373996262
0.7880293274147745
0.831032040464627
0.9659989777928106
0.8445582799208509
0.9643087740772839
0.8280655679711191
0.9738625911755932
0.999445665708673
0.9126688816206647
0.9935353709629223
0.9758935975001821
0.8915661061043306
0.8460067202488484
0.8283208508241795
0.987644627755763
0.856791833259809
0.8389018308603116
0.868141035804981
0.8569331043291343
0.9852721872163799
0.9226745824002257
0.9928816874688778
0.8749287044522889
0.8521672052216364
0.8504232240966748
0.8443802648231538
0.950948204011867
0.8140910031376153
0.9763966520284479
0.7981713679194095
0.9139888664618724
0.8092643435101621
0.9338381089758374
0.8226577642759565
0.8574659903683979
0.9690258659250572
0.9899536838711275
0.9374420042995207
0.9941191512791228
0.9867449090770903
0.8306723999005575
0.9967185027940613
0.9970058979248785
0.9820250609899326
0.9751694547721592
0.9537793010137808
0.9532701363610179
0.9601614186232146
0.9859252501958794
0.9819130100560519
0.9114015402266996
0.9892959440069304
0.9758479218364797
0.9643736152100753
0.9851044083221883
0.9016494641745967
0.7509101709636209
0.9269403651080536
0.8327551372909869
0.7705414704152714
0.8130214015744079
0.8738094789281939
0.8333470251599193
0.7436226514760094
0.967901383592598
0.8220017872713152
0.8425684000431626
0.9002199989030607
0.9628135772931072
0.9308530789686947
0.9941400200975324
0.8410664684404237
0.9675115965421316
0.9585844342185829
0.9981735632435049
0.930993424268832
0.985734668535375
0.9431052343409918
0.9027564835995712
0.9944535149240953
0.9704038184118682
0.872012610057645
0.9074020968891073
0.9289505501915547
0.9936539503963805
0.9360306315616433
0.9900634453332615
0.9928411120933639
0.9235579062952077
0.8008159030511934
0.8550684004859319
0.9447131459824291
0.7391526186231228
0.8350745413129164
0.8647908748577029
0.9287888974644949
0.8169904929434058
0.7073535742996049
0.8269362828338147
0.8704393089646358
0.9106518805479162
0.9967494573908896
0.9882509253021599
0.9745719499660943
0.9366421518978898
0.9808279540605568
0.9231764372963229
0.9384113501695396
0.9934105160084892
0.9424071974460771
0.8889807028305207
0.9608615106481653
0.9006483025364289
0.9950060986876148
0.988985451741411
0.9988814388239305
0.9278079064972968
0.9994400884408523
0.9186985229968927
0.9963418781805983
0.9954991433741185
0.7212745112236496
0.8033833573878026
0.8768986037623316
0.8968571418024447
0.9617110668785974
0.6324417721011846
0.6649046261255305
0.8212975960782763
0.7784210584789228
0.7294007190482595
0.8763674366253369
0.9514424220403115
0.8710882913787228
0.9502652566845595
0.8914994487844987
0.7916036664744697
0.9553321024439566
0.7851291398437265
0.9667642885609471
0.8777254669529586
0.9968412817356664
0.9885319501332157
0.806503539162611
0.9538134237297056
0.8135704407965236
0.7511024058538461
0.9154282701031904
0.9284068524235568
0.8737972343807987
