0.9876060798762051
0.9665905521398286
0.9711679067052493
0.9868423648189188
0.9893577104953662
0.9979050287627129
0.9630074298665949
0.9733269573756618
0.9866077724271769
0.9766761112303538
0.9956149872814649
0.9873299535623963
0.9921420231492021
0.9708594479554357
0.994713184283675
0.9935224443284647
0.9674896903208554
0.9692074504054247
0.9788365996989405
0.9883815907270365
0.992055030666538
0.9577610828724052
0.9671037708605255
0.9632190942703329
0.9564289922978246
0.9757558101216146
0.988238988876041
0.9572957774749623
0.9658647545753384
0.9690959953633169
0.984050210294503
0.9867536433725148
0.98458532793929
0.9853145645104567
0.9579292556743642
0.980398445933561
0.968417003139818
0.9793408272383903
0.9774752311083421
0.9815634034132014
0.9570424925119627
0.9824713656090915
0.9592729299895978
0.985786324386543
0.989928540404024
0.9729860406711743
0.9575853095917763
0.9767312877897991
0.962180811392389
0.970090981017285
0.9676398865781738
0.9833546839236792
0.9578425866351096
0.9850795986923326
0.9832667820790835
0.9647361791458128
0.9967896364809674
0.969358454792975
0.9983413068562272
0.9872758431549056
0.9895243995779018
0.9975790318998634
0.9928056504486402
0.9761460477723837
0.9782456325115081
0.9987380894127116
0.9919542808917378
0.9987982206173593
0.991134592516905
0.995405397342833
0.9935874997640741
0.9915280043257854
0.9988525953381286
0.991865918070424
0.9793235139558976
0.9969613464002289
0.9977963147312169
0.9912414543163668
0.9799563132788289
0.9672299736906316
0.9826223355096017
0.985646411500763
0.9795874536237851
0.9866965977681967
0.9595787406913394
0.9754764075973306
0.970428645033746
0.9882529095251213
0.958508294772114
0.9770752630860365
0.9786046986029697
0.980538854874557
0.9583820037375888
0.9727073127127289
0.967986752079659
0.9564772352681284
0.9576272765706113
0.985059935564454
0.9727574387317126
0.9537894358800977
0.972263822494051
0.9826660912754319
0.9739278007726955
0.9677751186872436
0.9995164989828154
0.9740998260827709
0.9550478314707188
0.9404089020719486
0.9322217750460231
0.9549932594959634
0.9567192788260792
0.9652801852082022
0.9482381020251895
0.9490755426271131
0.9500032783954502
0.95506059919783
0.9730591509699804
0.9715609624163288
0.9572730481180731
0.9653934561233248
0.9752063813271324
0.9575987143084888
0.9728216592177117
0.96913351020703
0.948426101935149
0.9561223726160009
0.9695783860515668
0.9484050509501104
0.9644907476153357
0.9541629081094449
0.9659058606652311
0.9587532648798816
0.9615572269242535
0.9720122041587695
0.9837907673665152
0.969882424097678
0.9506110169170203
0.9684864000322129
0.9675802919462149
0.9436300726672844
0.952425515221863
0.9441941396335849
0.9464216861447943
0.9446441814311902
0.9728256111800176
0.9897023122778004
0.9807301186069219
0.9577311485413122
0.9728772963465121
0.9744711797162224
0.9576886962322817
0.9768865778033125
0.977556324239477
0.9753846002360702
0.9726083975044836
0.9748642113711888
0.9761122539540351
0.9869739435907311
0.9793203763608715
0.9786297777027013
0.9769927330842794
0.9774415765189319
0.9767571290678518
0.9749414648893049
0.9763477699557095
0.9588200916257698
0.9714020671037797
0.9776952924540023
0.9432302304553033
0.928871595085216
0.952601775026074
0.9465574537671377
0.9281886969475234
0.9612963146966405
0.9329466006706784
0.9860348287198455
0.970769995136303
0.9708083700030432
0.9723588553577137
0.9852291850684765
0.9738996952526813
0.9716717071504435
0.9723073662793837
0.9728134071479668
0.9766967143926233
0.970490263841212
0.9919864804669265
0.9784350583244821
0.9709990348872142
0.9970185714975355
0.9676839605393346
0.9634163564873424
0.9683346479026902
0.9952595177296966
0.9907855729697886
0.9719528956050902
0.967800511820301
0.9917094709609005
0.9902770485335862
0.9740064483833859
0.9358562662979643
0.9588522288975186
0.9739730813451662
0.9217841839778926
0.9662041580426667
0.9588475969128754
0.941235884732349
0.9625695286759741
0.9789046138702046
0.995190471000866
0.9727798217937198
0.9986436965165247
0.9372553038410636
0.9762429228797823
0.9307584172257364
0.9798750818614775
0.973576102046065
0.9755249166665605
0.9855078809526249
0.9572309277121287
0.9836989604182187
0.9708905151865317
0.9891277108264102
0.9772645362320982
0.9703252754015044
0.9830833221810333
0.9760022950303942
0.942078852237934
0.9122134495606595
0.9249014337449286
0.9343758790898141
0.9194987935427832
0.9112787088130145
0.9076662940151166
0.9076552731354123
0.9011196771479066
0.9165940964178944
0.8844484831759043
0.975863276725013
0.9819425326918323
0.9504425138157218
0.9862612528564562
0.9300402134812791
0.9421228765180953
0.9922659527769024
0.9451718080159692
0.9265034816952049
0.9265927370275306
0.9344160724280111
0.9010220981291802
0.968972772857609
0.9527567324995232
0.9890818125566165
0.9074175793771762
0.9096612842333145
0.9345006015517101
0.903571838655904
0.9759237625044418
0.9466398020060252
0.9461555307530731
0.9295476256885478
0.9240159024775265
0.8828553232562357
0.9096063123176317
0.8836029248066446
0.9418162111208599
0.9562760748768997
0.9172335977313717
0.9425890559234216
0.9541578579983112
0.967461532151381
0.9364234353787761
0.9613489756977032
0.9538592975475129
0.9726392254629321
0.9583604466077222
0.9637135334710283
0.9622377282932862
0.9716225073647835
0.9307813135812435
0.9578605331352846
0.9769546146082406
0.9364710995920019
0.9582431655176731
0.9555856387510554
0.9518867492260169
0.9759590136856918
0.9395158481562188
0.9711354608614744
0.9631089314876511
0.9691808586150874
0.9658594850121054
0.9652059823583108
0.9062765852042994
0.8544944934776884
0.8938167594881895
0.8320850294360878
0.8900802670167997
0.9088246366299395
0.9232874913297209
0.9476243146105457
0.8939069222973002
0.9686197403042311
0.9365797694295138
0.8522417013419651
0.9510403322377028
0.910273467051449
0.9437756881654495
0.9768369045683084
0.960748868296035
0.8679175653122961
0.8495991080924935
0.8798961806882444
0.9071845477539576
0.9493900651150481
0.8777040364431459
0.8936921437734188
0.9911304975547848
0.9079604028593092
0.9135213355247023
0.9448515603460524
0.9734757908081545
0.8854890174391614
0.7906193990375077
0.7045206310114711
0.8667421631879784
0.7397822749780558
0.6976162025802484
0.8470002157227512
0.7769496273788304
0.7315498533734482
0.6582041050376897
0.701284571082259
0.8375948313529313
0.6871384215328802
0.7886530490307434
0.7536390027705666
0.6885747015208423
0.942291449057757
0.7534574213322416
0.8306382933910694
0.8021368200626212
0.70698421964448
0.6772990612945948
0.8068693079696349
0.6878086689365016
0.6462121689318352
0.658147649010242
0.8037423404762176
0.9770282213976946
0.9881263996574865
0.6603741606474008
0.8438758194819918
0.9640149313490854
0.5777735185067621
0.6023412494810476
0.6640351150769597
0.5809636960046669
0.6187168857186606
0.6077131222449039
0.6155121083168618
0.7590155411804793
0.8325043816795683
0.6761106877468064
0.8061211205042538
0.8108162922638622
0.7163271026371761
0.7596737576024268
0.8048473253033088
0.8575140621787367
0.841502429523485
0.7366928897524564
0.8226749485271143
0.8613083343476579
0.7801584754658095
0.8093236590228232
0.7505383805568154
0.7882898069595511
0.6735843070640204
0.7204303530757248
0.8319258777862875
0.8598142595544889
0.8529703507966482
0.9246473031092926
0.8246859886035038
0.8301522593951103
0.7842659269615742
0.7100463824776512
0.6762482687486845
0.8144094215946523
0.7695070816933701
0.6850595504914302
0.8839900709077575
0.9620638535097472
0.8456450895970814
0.9199134326671208
0.9691338518665317
0.9577877101799891
0.933286062746425
0.9678942669770525
0.9745794524900058
0.9251096256664308
0.9121033910850653
0.9903407564914034
0.9449840675496837
0.9208012393440568
0.9567773105334338
0.911004004504969
0.9212810792213064
0.969988359930517
0.9641096647028182
0.82662254167281
0.9049211991092302
0.9205501844968353
0.8504951814505294
0.9292001606677731
0.858243125182209
0.9327055989155574
0.8136340796078173
0.8254585282821472
0.7890827129207092
0.7806525800619574
0.9170062490387757
0.9019821176903959
0.9075851894314116
0.9472216215156346
0.9168072856671303
0.957795823092918
0.9438648813467546
0.9838940815417665
0.9374848268767064
0.9741304996629903
0.9272188155147325
0.9562021821180372
0.9790019294353984
0.9274679108808139
0.9721232647382572
0.9498768800237394
0.9689911765538766
0.9180135987651754
0.9036865108220962
0.8827594908315461
0.9825886015592892
0.9627286509378965
0.8732603194764933
0.9517934115597231
0.992762041132222
0.9720392601256477
0.9495830216651471
0.898043520429586
0.7582758446985931
0.8660477420809906
0.8398092166806419
0.8890333222833342
0.8026755222793387
0.7943272719816706
0.9193031390992894
0.9899514794624733
0.9113742270796422
0.8527794887460001
0.8219179440340547
0.8347580797106677
0.9759650859939903
0.8920335078910315
0.9316989188766434
0.8683882613003819
0.8410075306579096
0.8616891962903424
0.896082708101929
0.9106367389517325
0.8829083151362858
0.9008572035305802
0.8526770186125638
0.8550451262019435
0.77142725912549
0.9002147538394121
0.9072719277347976
0.9558169445491937
0.9436327280136668
0.9944306362263832
0.8400899246253499
0.548911782991133
0.8518744972811094
0.5507298084600141
0.7832548174643802
0.5462960701272166
0.8035301554710776
0.6819302383178856
0.8681055443362156
0.7058222842001467
0.8855673029423543
0.6976205581815862
0.8351552019270064
0.8056247554862366
0.6941216041352436
0.8642079809174203
0.6714232724943878
0.7263680715943475
0.7673993527895915
0.7673649579842929
0.6795408467536712
0.8925119583568495
0.6834254036573326
0.6865456877210235
0.8099224744935114
0.8984680489587573
0.6776051521207502
0.6642531681269666
0.6955604581700147
0.7302540334047645
0.8823261907577195
0.8343848816411799
0.7819019354894898
0.7403155442748135
0.49836569440087514
0.662326204287657
0.5111754697239479
0.5034292552188269
0.4825975911741218
0.8965344240774306
0.6822944047742798
0.9563977397094086
0.7456592574242641
0.6376258228977438
0.8592939539080369
0.9427050443451254
0.8981767431386352
0.8774653705679656
0.8422288455569493
0.5865382827190609
0.5164051310821035
0.9013133401433866
0.8962984129768716
0.6154621144035457
0.9213300591619196
0.8726531993683129
0.8649986735354095
0.9568767423796397
0.8103612540320501
0.7986471140816336
0.9900605275711645
0.7444867984588255
0.7231216478099038
0.7894655730951766
0.9580021198037758
0.801933346029833
0.36659405587804916
0.38922067639830604
0.5155069713970462
0.34871282576783996
0.38231101216280255
0.39539721931390975
0.6318285077656793
0.5390064082834896
0.530886914497717
0.6948835091354735
0.8975699145901974
0.4025725137897319
0.41168734660343503
0.6344379436857026
0.38956646300609815
0.7174264150800126
0.46691930877019294
0.3523044920369858
0.3515304828991531
0.6349986459510657
0.369895390955834
0.5848754285410992
0.9357621215191816
0.32395616521216836
0.3631892987809496
0.5252765541664652
0.4884789048724793
0.4894097621558758
0.6609487041695498
0.47945789901774727
0.40001089995592914
0.3695982601672725
0.4472798478826586
0.33549797503720025
0.5128951513045081
0.3127874765331791
0.25026862550465
0.46806433375400164
0.8501841033795374
0.8666484473677885
0.8020440447678998
0.812329870962095
0.800625921272686
0.8135399789249448
0.8563436237439107
0.7978766975462563
0.9427120885815421
0.7242096134593567
0.6292969921617939
0.8669891397999342
0.9370973093932766
0.6865050977141602
0.8943087626597276
0.8251598126905293
0.7794982503803849
0.8907620796343755
0.8951934040515079
0.6571565905428349
0.8357056181345064
0.8875041125109129
0.7466860857959353
0.9514351053055026
0.8944707387592209
0.9193631717517926
0.8598709791019615
0.8107937539929401
0.7040860314404606
0.8337570162301147
0.8873969261043848
0.5993009982694725
0.8428089662567292
0.7439975034336327
0.7076239184488159
0.8821890925036222
0.5223285503220282
0.991594268545454
0.5912001892770692
0.7335630796792981
0.5953218618692225
0.8817286457216156
0.676903682512711
0.8746889514805114
0.7412707363661407
0.6997453024959557
0.7946683733022719
0.5656568131463291
0.5629078499666775
0.885452260352561
0.7754686500699475
0.6079357515167589
0.5832496594087189
0.6402379874665154
0.7086392249789228
0.9199482484323789
0.8441596278518204
0.7981288343631638
0.5621785902196204
0.8999210943471736
0.954311464369273
0.5678782659923008
0.45933269294956625
0.49167512354426557
0.48584954198329533
0.3794248015283891
0.5438428956585417
0.5299226215555308
0.5001100008092831
0.697033625953138
0.5111229216577106
0.5690964462758278
0.6209799717576872
0.5229521728245287
0.9757533769455727
0.5961490277753149
0.6811300726231362
0.5592786234554774
0.6469448019485957
0.6405977447294173
0.5939424846128385
0.5079862525061475
0.5349696322394363
0.770000715626798
0.4471049093962558
0.8812573049528634
0.9545023821110099
0.6164823257669706
0.5532709776024123
0.985489165012033
0.7209080580139916
0.5983278973121582
0.6642989658661883
0.581759280540016
0.5310044737473186
0.5122891099459081
0.6276324645871092
0.5173056604331784
0.5127409098887594
0.7079414984918861
0.9548630597395134
0.6467804541983215
0.7338925048332954
0.7134324566353142
0.8481846134443923
0.7338842279732853
0.9570055301993518
0.716004652859246
0.7446239273457225
0.7082597836815374
0.9178852967780725
0.6496275763198898
0.7657500439677849
0.7246175607922715
0.837642634094234
0.9781186373570194
0.7257105899297283
0.7179063752265479
0.7138300956813015
0.7791332019104995
0.8033927961557461
0.7234631405218328
0.7033482560430552
0.7059781065972033
0.7534713388817622
0.7630597639848596
0.765913873542673
0.7465431970432448
0.7742602509583016
0.7522835797688727
0.7768504494389739
0.7943558765504246
0.7725890695000834
0.7308665215088718
0.7771670145008451
0.8819997868940909
0.6760921365090996
0.7306154954778463
0.7621112048684124
0.6493436269429405
0.7646629985481539
0.768176619868644
0.774592510115608
0.7218386044367275
0.7691098663546939
0.8993724259383058
0.6478574156479965
0.7580943133471875
0.7802656284199239
0.6464718623549608
0.7877659540176396
0.7861073519237407
0.7592683523301692
0.777326097865417
0.6376696250066678
0.7742025083760973
0.7565850992738451
0.8298448629704376
0.8720728300517331
0.9347085284161983
0.7952885695011032
0.903132702238959
0.7950668406179413
0.8952249088828605
0.7891530104885253
0.87592758204585
0.802874601764053
0.8384579858242651
0.7739608923378122
0.8115076456948627
0.7304806789711458
0.6906743898263271
0.7931253913915377
0.7367404267306745
0.7236825059210671
0.7897766034967001
0.7380218234699676
0.7494885890948975
0.8279406298892411
0.7696574582456785
0.7332570098422075
0.849179646197875
0.7727020916711993
0.7627875455059949
0.6662970388926481
0.7867119742594124
0.8721779776100497
0.7816374759659344
0.7700912503330637
0.7938570554089753
0.6703279153883579
0.8021216611479225
0.8573514182268749
0.7554365850709708
0.7894940761214522
0.7319120621903505
0.7444473652006919
0.7465304214503822
0.7981491697179128
0.7984574844509044
0.7818211911686974
0.8941030677809254
0.7309476492879652
0.803160406120051
0.8462027665663359
0.7597798879838551
0.8508524002694859
0.8205916745271963
0.8444277473558552
0.7980924692271595
0.7773959756869939
0.8351578164254898
0.7901291569396023
0.9168612009486543
0.8646387758730164
0.90915318823956
0.7769828740513666
0.844280823178483
0.8051111991461997
0.8239997012415025
0.798575259657138
0.809927116945081
0.8221601324692555
0.8495046139974235
0.8726162610515371
0.8209540781517741
0.772402074964424
0.8637800835150584
0.8571666929769708
0.8999922047903808
0.83419387282371
0.8565598846437011
0.7932170598175448
0.7632181945600915
0.6890243857789702
0.9476313075059808
0.9412211218941787
0.6809431430811974
0.9054756144334005
0.9244967631277301
0.7503787781475547
0.796635201244565
0.8857877868403826
0.6789453385419945
0.8947438547271114
0.910567433019561
0.9005763563146758
0.8409200445219195
0.7864302600700769
0.8539735971882165
0.885882692319416
0.9199533692810999
0.8098509436150589
0.7025397397315265
0.8779783125298957
0.845586323302358
0.818088202094764
0.7973860860522557
0.9119718759553485
0.8777877399288719
0.8164996219715863
0.9508163228856539
0.8313629030493142
0.8476193245099857
0.8430549120065685
0.7752823696121972
0.8188303965839239
0.7798013314405527
0.8055489222790272
0.8182928726811638
0.7660754508662264
0.7225779132622745
0.9258014719300296
0.8479883615404342
0.842861822533114
0.7695477247282726
0.8586126093834879
0.8680723638747397
0.7763894552123775
0.7166539527643815
0.6901250579513567
0.8413926153673166
0.8775561556008679
0.8512223973419923
0.7654120109049779
0.7161748702919236
0.9050893131321212
0.7418256124072815
0.878733317039988
0.6675958964180894
0.7694748922412323
0.8908911423959541
0.8291689176164693
0.7247186815648246
0.6984782830023752
0.8598691210469576
0.8839989714161165
0.8719300450783167
0.913929830985301
0.8213976470150072
0.8265005676896229
0.9105144910195271
0.8154623184513499
0.7995425739171429
0.8095936404372214
0.8687436969252345
0.913615218945516
0.9025115200173304
0.7735993044928247
0.7592912931090758
0.8291274865656159
0.8197937336924694
0.8558065416848188
0.7763358861465186
0.9295854553719789
0.8800400354763069
0.8714420656523161
0.7762513406603324
0.8292259394303683
0.9232744307281934
0.9268721119397452
0.8954545298209327
0.7336879719415589
0.7720955530396321
0.8998193825558173
0.8901586797700938
0.962768616243264
0.8081921391541822
0.9579988148083101
0.8337827659905189
0.8428084441824828
0.8539494948945114
0.7291311013248727
0.7872824369097335
0.9090780977403665
0.8966584297801546
0.9284057737485705
0.9289617903918522
0.8951536473239124
0.9951088345832222
0.813031951419693
0.8654507377108365
0.8451093882298935
0.9150894560856446
0.9708306893199992
0.8303217664513451
0.8888022350872822
0.8274653311936659
0.8529010313139733
0.852860047742735
0.8556488224987998
0.86535335618697
0.9233091663216288
0.9024192791885131
0.8112755566618491
0.8141530736415016
0.8168713222573389
0.8159303759242831
0.9203239059449143
0.9010283197051596
0.9277748061511999
0.8541201491727161
0.880652399510873
0.8808923648274569
0.7823332978021418
0.8447918358066691
0.9282581056954148
0.7630438875617341
0.9015356632116897
0.9775157793216296
0.7917246191919391
0.7474381191837032
0.7700943477695859
0.8166979467470945
0.973719417482668
0.7997315225545721
0.8607813788688665
0.8152950722988168
0.7618165228657064
0.7405158384980255
0.8624795823379341
0.7872415526636438
0.8583469946447261
0.7386080716159547
0.8537242409408077
0.9346388235590417
0.8161017140641569
0.8363635855043724
0.837013098893976
0.8678935482258583
0.9294003762544123
0.889186059056528
0.7494497568514061
0.7983753487912689
0.8026372383821576
0.8545700880599765
0.8365084834731118
0.8011427109143154
0.7517422790344852
0.8510566564732476
0.7259230307244556
0.7591954410279459
0.7090301423936024
0.6964971353403441
0.7630523677267171
0.8815331437515379
0.7504743046564272
0.7613942704943533
0.7188103623441966
0.7648556722192215
0.6867877176364278
0.7709448782849064
0.8376231402680938
0.7545837364756238
0.7852661103027696
0.6190946164453444
0.6842605853048995
0.9598448307921983
0.7446102962455691
0.6765085685568953
0.7597995240396247
0.9970016211391921
0.7540988646517989
0.7852992770813461
0.8581589497202341
0.7401553067423383
0.770459077457053
0.7578476514107668
0.8405344737570709
0.805925154558838
0.796288376524664
0.7917861472181638
0.8001249521776918
0.8583903261355046
0.8284890641484766
0.8232198718130229
0.7974917482166511
0.7884116027316828
0.8477454424049228
0.8731872465714534
0.8543139194145235
0.8415432620047408
0.7623082072309271
0.7761066626512814
0.8092824324617683
0.8090271584135709
0.8465139248034497
0.8090100082673628
0.8737576950566792
0.7996292662124327
0.9972449661694638
0.8163596144973311
0.724422352533001
0.8356094758631106
0.8552440026547841
0.7335720184441922
0.8457843104342557
0.8455739814047579
0.8128730949461815
0.8036589534817176
0.8656015961657879
0.8199966780731731
0.7401119431472419
0.8231341511607578
0.7764622661438114
0.8186805803925136
0.7828932267789983
0.8443720945382309
0.843417191417389
0.8970930430585412
0.8051058873103
0.8785569189785103
0.815019426302884
0.9014247666037148
0.8611937977215096
0.8836010313776194
0.851057345792467
0.8141019630372153
0.8645544097426652
0.834305585925506
0.9336735756515162
0.8323548499992273
0.8446948272428942
0.8628722135214367
0.8070440904485273
0.8527852348030118
0.8485760771033006
0.8788789025858703
0.8030096013588427
0.8693266886937505
0.8685065163063844
0.8289907601690282
0.957350829076346
0.8615948963134121
0.6959197007502418
0.674261158397025
0.7775874684401842
0.599090967305892
0.6376153861244815
0.9215330369695887
0.8998683897438182
0.7420184593165854
0.8415200118664343
0.9006646719014921
0.8335723258760839
0.8151539507981089
0.9801385869527663
0.9218137345052535
0.8350568629621512
0.9030202379292728
0.984196352987357
0.7356909361269701
0.9034653636535959
0.8740670002709705
0.8261614295439612
0.9169458085267437
0.8400633523993604
0.6464431301969527
0.7914499069516363
0.9442232377960899
0.7485771865830986
0.8606559674187411
0.8869619383198436
0.9384975203505502
0.7510231688963304
0.9012878287667772
0.8944017612391033
0.6690616815902999
0.6931165171396714
0.7256899354704607
0.6731810013481175
0.6264251411055127
0.8837310041139879
0.8697169655022567
0.8616226910470761
0.8403197993486919
0.8110442122229478
0.7943775295446673
0.8994154487506825
0.9198310849051429
0.923139205682224
0.7728786485628932
0.8272544940211594
0.7541012157073486
0.705098198744534
0.7264963283716338
0.9565534299718856
0.8646011807623057
0.8163745128729631
0.9478494218837821
0.8115425515263938
0.7653509918804005
0.9568906887511421
0.8575327793700451
0.8790288836244269
0.9197752922598817
0.7767098110297194
0.8422473944624919
0.7966801228931897
0.9428139931672829
0.6410230598985758
0.651998534010976
0.7387683390895781
0.7294327549732327
0.7718838172678407
0.6899524559246691
0.7112214485525297
0.8324180861480701
0.7566283293937974
0.744977389372333
0.880723242519994
0.9061206356642193
0.885029194468374
0.8626638076572468
0.9062350744202752
0.7314089926627718
0.8896347800808674
0.6103273233224928
0.7260417630987851
0.8025526107142914
0.849825778454457
0.8526647083275485
0.8941238343734721
0.8369100935550653
0.6594816656962484
0.6339459691877583
0.7323197801440625
0.8445942691237716
0.8780031843769048
