0.9990970201462944
0.9592942204397238
0.9736193976245904
0.977403091303633
0.9717415963871254
0.9896393316130163
0.9848695258290467
0.9781477032278472
0.9905234096674581
0.9964898541436269
0.9817339223813772
0.9606552973289633
0.9758942383987887
0.9808679649470429
0.9925648329665167
0.9942759813584064
0.9968890537534816
0.9777696205527002
0.9675064259086753
0.9781400489829506
0.9578529205760971
0.9575270537411981
0.9933717704101368
0.9955480820520141
0.9593673317371285
0.9784500808781178
0.9662288081219383
0.9629825999715357
0.9807334665942021
0.9662961896008895
0.9891179886061505
0.9674101845363356
0.9732566026481985
0.9847674904963452
0.9574710448542325
0.9807730536485647
0.9765075472636928
0.9794037793128078
0.9726431196787086
0.9816907458881684
0.9583688763204954
0.9625360113703166
0.9874694118402776
0.9859502876018555
0.9898274742643065
0.9727758713547855
0.959261432724482
0.9705431794105328
0.9629956982780279
0.9700901353830861
0.9710617331792464
0.9826541156338839
0.9560985411336692
0.9882497796995167
0.984384584214927
0.9651043626657876
0.9970719585302078
0.968058692241363
0.992512940008816
0.9853473992700092
0.9910689638791141
0.9938223890419247
0.9953108825360091
0.9727772964139041
0.9841092418902202
0.9925057262877514
0.999394210609039
0.999207736545755
0.9869917229363079
0.9991132487828083
0.9904478681779572
0.9998038178230179
0.9901897262417139
0.9989536054349689
0.9788729918519696
0.9948994696897784
0.9978839580918257
0.9918514873883582
0.9979221757882963
0.9786495950197812
0.9992030921354991
0.9977239550480788
0.9979377623038319
0.9887434624984355
0.977208519354691
0.9855326078364594
0.9881112511674848
0.9866855083591055
0.987820879541819
0.9982077548151445
0.9768675372141054
0.9799814161471582
0.9664872861804059
0.9947387702680106
0.9588044307731173
0.9735678393492371
0.9707327352568798
0.977966276170934
0.9611808787412532
0.9664805854805565
0.9698778416332137
0.9515666665050241
0.9649131187115636
0.9761664605602844
0.9838097839737668
0.954732723389709
0.9682504781888256
0.9891681136896222
0.9713189840005558
0.9795092262247033
0.9927242854087585
0.9846441605230989
0.9541356373263498
0.9374161555162115
0.9325379062366423
0.955468392193098
0.9744862130180236
0.9788111661468798
0.9590848159656828
0.9564767593065101
0.9576101881198762
0.95622740162949
0.9728620522384376
0.9705814507211309
0.9488874720762348
0.9629578610818113
0.9678844118073421
0.9722603212334202
0.9766826726427915
0.968611209847943
0.9683103452513302
0.9556042434123302
0.9749648257187786
0.9935004024195553
0.9692934978837808
0.9579169854629459
0.9604081239115938
0.9816693227069246
0.9583288548805313
0.9764866738580948
0.9649904649567603
0.971203710186012
0.9561491752930191
0.9512565870713827
0.9653200111437144
0.9729156228966015
0.9730895313641958
0.9757050292125115
0.9766853094846333
0.9748207533761117
0.9771220310476489
0.9604138763255059
0.9741165029650042
0.9622464468167639
0.971425710891015
0.9747606965893796
0.961090383574382
0.977449814051474
0.9782990499810934
0.9757026942285445
0.9866102685346115
0.9720195102846656
0.97729919107027
0.9580814633037704
0.9784563777746131
0.976644162989156
0.9739256474823976
0.9784563843030364
0.9757440517752229
0.9759467306721401
0.9757253806498671
0.9728373433622414
0.9659435310551602
0.9750757742656407
0.9405327385648461
0.9647433789746614
0.969342660722409
0.9780934122168494
0.9637312133503646
0.9761269728358175
0.9651286615609069
0.9976876662145562
0.9804452508266005
0.9673207159616707
0.9657459895202802
0.9666641085137523
0.9709421250995934
0.9719546022896923
0.9736319404284253
0.9612432047860595
0.9752161240891752
0.9972657640544385
0.9661361484699249
0.9779718075225418
0.9917226088652639
0.9702838360535945
0.9655334358860745
0.9610253964026778
0.972121788921641
0.9878196833269229
0.9918376992958164
0.9609021942523932
0.9737817788633669
0.9738180846389093
0.9729986406364444
0.9749936305100892
0.9510015793922915
0.9549650806637675
0.9759150409581286
0.9595899274949182
0.9724636963801502
0.978814312447165
0.9148771362151764
0.9686817835298902
0.980051242236851
0.977789296108534
0.9737170963664501
0.9757955319020352
0.9447580314504942
0.9767184307400062
0.9368329184458655
0.9853836209902
0.9896702608353896
0.9754578064505813
0.975221572416521
0.9668087296111132
0.9801776490271417
0.9782293238538107
0.9725042860262005
0.9734530499583667
0.9748483610447957
0.9750418297793704
0.9760214487159
0.9332806171019157
0.9124792863446054
0.9319114350460164
0.9279160060116888
0.9056926964311584
0.9832356082962981
0.9803266297341586
0.9507391833183283
0.9693332865106875
0.940863915484311
0.9457565508220837
0.9836150856722168
0.9731788466376372
0.9422293796573201
0.9336780260647407
0.9293793372764376
0.9049162565396469
0.984260002304948
0.9258618750182142
0.982134862409753
0.9259158197360975
0.9386059528398023
0.9007429176220789
0.9148486488218147
0.982444533504667
0.9394388150150204
0.9156137038922372
0.9119583623842045
0.9476675731913482
0.9292485034859833
0.9541696578945332
0.9607917330369504
0.9890514465397816
0.9879724561068817
0.978588620852726
0.9272219823050428
0.9586419759980762
0.9687268832402907
0.9609919524777516
0.9635484290187631
0.9481900371615573
0.9660660495340139
0.9650050451240961
0.9661839015851525
0.9344871350713079
0.9597996218787266
0.9525035623383069
0.9772693341056555
0.9621818680028091
0.9611796168166643
0.9804427560260949
0.9793215950457523
0.9427073851265648
0.9573083873934443
0.9870224191657044
0.9398215653354659
0.946355174565245
0.9568245389173345
0.9501227158378172
0.9711159217903366
0.9444664613079095
0.9673793833562301
0.9691809658249895
0.953503617493789
0.9667576016813342
0.9691970648461758
0.9108109332413634
0.9147915226537824
0.8970397905034461
0.9205475973418636
0.9205694236650022
0.90562422696043
0.9905878850027369
0.9190541056175088
0.9371735794253522
0.9731128594748972
0.9828200467771111
0.8580113153771952
0.8769402707244802
0.8891714935699114
0.8998963886123414
0.9811977502313293
0.8890047674429403
0.8624444396878881
0.8953564661743696
0.8607716508552906
0.9099283676085568
0.9673087882899013
0.9463674075912911
0.8939563637746719
0.9810211807611757
0.9252970535787521
0.9914941485677515
0.8896379156992109
0.9124342532336247
0.9154439799554572
0.7985386855903382
0.6977721637976696
0.8571644572741295
0.8047577046984025
0.6821785636732506
0.9336370374607494
0.7760303245052721
0.7028966870194117
0.6450341425272866
0.6703999046805001
0.848840191124879
0.6430759151128609
0.7520659481659648
0.8620709447466401
0.7491404701909686
0.9666043061487322
0.735738729089927
0.8367342815505237
0.8683733083360109
0.6873423708221249
0.7151501809598506
0.8276465611934274
0.6785414229141975
0.6706858908282631
0.6652013775574426
0.7488104318050888
0.8169700155938215
0.8753076740259963
0.6509205930606132
0.8750066803114571
0.8733442119836007
0.585086109852863
0.7635016720295907
0.9970194800068344
0.6787647113443616
0.7852906304366059
0.8134018228897587
0.7171720290575251
0.7593579543775821
0.8029079822099188
0.8373713787358601
0.8743774864176306
0.7346552865383364
0.8252816642050413
0.7557859660246222
0.7658144914332756
0.8293444875475106
0.6869315070771073
0.7806547552707777
0.7006726793424372
0.810014525091938
0.8938793503097842
0.8763188573418326
0.8932369503621684
0.8124588862508446
0.8770161721417402
0.8398957217628931
0.779773244661998
0.7056039014251031
0.6885415077533241
0.9354657077387832
0.7477295470624599
0.6699343530890733
0.9042065452631303
0.9881428819827212
0.8392373721333499
0.9181721772240338
0.9751727750384345
0.9594330197714207
0.9255752511852637
0.9495743005264621
0.9817470773318964
0.9133261805793346
0.8977824369526513
0.9654481575175097
0.9456235309603351
0.9292772870941839
0.9518987936626364
0.9179584419869545
0.944161963906329
0.9968384669442968
0.9602652694868203
0.8456307642487887
0.9020859284527645
0.9218370261721104
0.8291936745394097
0.9149070177802758
0.8786838065222897
0.9026733233099785
0.988897884313534
0.9360767633758831
0.8478176303995972
0.8416709487983376
0.9297360971224216
0.9526804824315954
0.8583496581322008
0.8986751225911712
0.9399604174727534
0.9498661168946003
0.9848618398917406
0.961101498365516
0.9190214799161922
0.970323619072541
0.9316150906882925
0.9554750630820056
0.952912687740469
0.9885380392303352
0.9281811471866939
0.9557836756849435
0.9317271362931585
0.9457935255774841
0.9626889626136206
0.9044526508704906
0.9765350747837422
0.9626979282421859
0.9648662946221384
0.9268082069936697
0.9229143893107812
0.916279306522878
0.9791088604595952
0.971300711653996
0.8534756142485047
0.9549427460662252
0.9723455205635931
0.9583548330806362
0.960025872238671
0.8683961808243333
0.860991371838694
0.9522870881748824
0.8916038030830533
0.9525144244976207
0.8110919238127741
0.8384951296132793
0.9470173202538734
0.9453797491961364
0.9176904275762577
0.8520311293768514
0.8506762162300341
0.8221973482319618
0.9546604595240149
0.8662776247098294
0.9325671247310198
0.8622771298008214
0.8134414636920148
0.9050426373779995
0.8522958600073232
0.9145795235599037
0.8557818595425787
0.9170656094103099
0.9059871875091012
0.8786611204448409
0.7721969769743208
0.8968661013562449
0.9212760322465208
0.9183276766847135
0.8979570346178403
0.9254409335324452
0.8644753653452828
0.6636683677088675
0.9990240763628202
0.6811682979276408
0.8751777462279602
0.6487163949433791
0.9654791346317205
0.7382965755906906
0.7187621011008064
0.6874167943705752
0.8822472799807519
0.7652833015696321
0.8052325642240294
0.839665661273526
0.6833769506732075
0.8835954079399532
0.6826766322020681
0.6811111156855819
0.8141351729697365
0.6605119124728375
0.6749865790936425
0.8797725547616926
0.6921077902043902
0.6914801756603532
0.7182142484136607
0.9926300004939864
0.7558163177997139
0.6886550332145855
0.676526685860059
0.7277141535372418
0.8681763084533145
0.6760324854094486
0.777383272892727
0.9597532540489397
0.5554474031510956
0.9474456734204997
0.5848748569816878
0.8348110137161227
0.6527746730524916
0.8374696258549625
0.8082905420911518
0.8999134742449935
0.7363902442356629
0.5317162781962068
0.9473279942031797
0.868130174623919
0.9020669428189538
0.8512556158481495
0.9931000047138613
0.6575787063065434
0.543319258338304
0.9903312890001146
0.9043313392493115
0.6087012314881661
0.9245317471805524
0.8394217662017877
0.9026511049301029
0.7920264473452934
0.7968334949328504
0.9677892114931254
0.9808837185930661
0.7393094745055584
0.6373251667344269
0.8465090773653958
0.9303138167505933
0.707915067578799
0.7018527064940369
0.4779173907180943
0.7300967363291601
0.6147017254885128
0.6171685923091187
0.5862619845583485
0.43636337062544217
0.5224540101512031
0.35806834542830207
0.8882678310097747
0.6237611382247891
0.35173960973958035
0.3629978025539003
0.65389614049102
0.30106819903150395
0.6603274626776636
0.8596833444652179
0.3219670352932678
0.36743037761214925
0.9046576423471598
0.4441816731527526
0.3977339336448824
0.6351463035729239
0.3564318272361238
0.3907762225337294
0.33822807031611496
0.4233465939263594
0.5420727725432847
0.8391043315333296
0.49177173277664654
0.3233216988035922
0.48989492189579464
0.9680216775266279
0.8004167283745703
0.8576098050877847
0.8277388939638529
0.8093050733193866
0.8440655241452099
0.8919863338848482
0.8040193815326624
0.9190439581181382
0.7468865729140809
0.596575607946132
0.8742416990300341
0.8471176749076348
0.6698593021042849
0.8645036778842597
0.8207985401831553
0.8105407342797
0.8541621081811066
0.9762128768216571
0.7120572417947417
0.8308709731548657
0.8468633617886643
0.7085691096548542
0.9216156768769092
0.9019645654098154
0.9073844888861717
0.8248741402405355
0.8466866649998459
0.7207027154609116
0.8309725494901223
0.8826338775939351
0.8902805395985223
0.8373640643885142
0.9961395380771709
0.8774567563968017
0.8474141205355303
0.8645715106149359
0.6491287922176316
0.8772746762926622
0.7495502350745946
0.6108167192814011
0.8605197579890271
0.5416389825309771
0.9055975047139236
0.5884701625599471
0.7777418026330203
0.6141314421432769
0.872385166582675
0.704075145020399
0.8614368612594998
0.7599911382857112
0.734190510414668
0.8011971491566294
0.5290115646258855
0.5526806437203995
0.9757652839157123
0.7505819006177179
0.5287561437567645
0.5469151783709291
0.6752287614298829
0.7678186723121303
0.8438231060510559
0.8345215764170317
0.9250898464484012
0.6248485273667462
0.8859916023137918
0.9277952913134433
0.7642200104834815
0.49003355599463827
0.7353387584725569
0.5128342610156811
0.5051812599351146
0.6280223950617387
0.515573530505635
0.7151069249321639
0.49983565078331665
0.6731565037974011
0.5793799247502585
0.6373993157714208
0.5077087766329323
0.832605427394737
0.6134062698977292
0.555213332568607
0.5999443938446241
0.5354357566302883
0.9756977715427704
0.7711078214764865
0.4978000884311129
0.5353696863017336
0.9408087804202179
0.5828053641162072
0.7314414555614399
0.757734253021463
0.6528047175399463
0.49700545840748045
0.6894758561296548
0.7071287846834708
0.5029749079611355
0.5360686412682947
0.8520497242664251
0.8245804770754616
0.8005507099304221
0.77476637945328
0.7020834535222265
0.6947228275799127
0.6834608011694099
0.9103948241759813
0.7097866177632748
0.7667373131764472
0.6606280737967738
0.87621715868385
0.7270819194332423
0.7102833042435048
0.7439559149463105
0.7244888381984509
0.8165478880907111
0.8629978370906859
0.7696515849137974
0.6604238032056671
0.8654734306775305
0.9760184028787627
0.7538952295423932
0.7401202213015606
0.7743150113184536
0.7425772773482529
0.7218020265105431
0.6432132800733269
0.7647431223557045
0.6321628886359028
0.7574102440207846
0.6664070666423044
0.6912268289085356
0.8066344182524702
0.8994419154296297
0.9976674914016582
0.8060810803899601
0.8663371090535215
0.7415128518083326
0.7165370865510802
0.6443599354474556
0.7453114696897775
0.856828055654171
0.6805410323403999
0.7607280874161598
0.760257295113695
0.6520098211781832
0.7596329504950865
0.7594859967133145
0.7666582506531077
0.652116040235756
0.8170629576672348
0.7654993880828647
0.6950983954976251
0.7539673352925943
0.7659271591394232
0.7304128097036469
0.7564831648681778
0.7629647231999804
0.8965891189569563
0.6555891725700842
0.649869828950622
0.6659431639462188
0.7904591600694862
0.9967734206896091
0.7494016061559566
0.8138370914454403
0.780634875764099
0.867667140137392
0.8503955843995474
0.775389140132985
0.7148225768983999
0.7501336127597238
0.8281141309313369
0.7530031203576826
0.9239156951008707
0.8320335078447508
0.8205616248569461
0.7081708723995984
0.7778908186440914
0.8526958673029693
0.8058673228983202
0.775131304010177
0.7855974081402191
0.8425806804641847
0.7286756475849051
0.7419217915665308
0.7548125653886704
0.8197685632786529
0.7846068543605478
0.7458607418880732
0.8826535315821076
0.7910219147654647
0.7855722498176894
0.7741913016652247
0.7461611542496857
0.8979302591960706
0.6743565962711442
0.8413287535931829
0.8170304638337635
0.8828149219506967
0.9066797627406482
0.8054413303666914
0.7859584114109277
0.8116017101496795
0.8733528492630123
0.7698347827910389
0.790675987573594
0.7745629079181648
0.7345993704568567
0.7867052048608751
0.9302418407257252
0.7682627910076767
0.8003879969436999
0.847379441548151
0.8170354347936142
0.8119306537440282
0.7942696630737633
0.8133735874301958
0.7847642254078453
0.7764914569236445
0.8315706239714951
0.8910429538651876
0.7614095837484635
0.88034622947083
0.9605930312973519
0.8048718687852684
0.7901652327595585
0.8795439562457602
0.8194183481318971
0.8418798644178758
0.8743705571391918
0.811406035219518
0.767408926896556
0.8991561362170999
0.8879721983003062
0.8001666861813233
0.8981532104049853
0.7753741210559955
0.8458930354185121
0.8480338871920212
0.7687778035996642
0.9346135609460567
0.8802717712914279
0.6895241961505407
0.8899870447512052
0.792740904483636
0.8033987504070577
0.7987353395044552
0.7493084500438092
0.8612332423868443
0.9047533838287889
0.8657262731586894
0.866031631416888
0.7243882058713733
0.7020117548748939
0.8651034991162008
0.8563740572679286
0.7751273674913461
0.7829881187377039
0.8079364796867573
0.8889412819454927
0.7668865716563313
0.8006825996992766
0.8194714102638072
0.977447371735997
0.8196400191859686
0.9721717877561178
0.90876638526898
0.9014398446464247
0.800156113050073
0.8211118353012911
0.6955114463750569
0.9336550807454083
0.8475477629714039
0.8283732489958292
0.8712139054579907
0.7034239992019841
0.7417879681832479
0.7939868098681968
0.7679855436053507
0.7853287855796376
0.7508535801794212
0.8417649151839248
0.8623600962834543
0.8504459406455186
0.7100197270905819
0.7375863487002005
0.7963482681853529
0.8870637293381796
0.8331209965543414
0.7538142715909015
0.7699548004290455
0.8464123155344779
0.7647047895329471
0.879175177328521
0.7259478841496825
0.8844493987052153
0.7963278573600963
0.8290831724760717
0.8662895536937473
0.8026185980094669
0.9241278106949146
0.8619368491538992
0.8444557539494757
0.7845662616964362
0.9108471830832539
0.9092645345102032
0.8991865348291133
0.8987496513536197
0.821648730402992
0.8204016538122336
0.8532612835159068
0.8707040630484304
0.8139268018438623
0.8859090935477698
0.8146151823581051
0.8104550408370781
0.7957330977857942
0.8563949480574207
0.8249824039186525
0.9816298637389083
0.8569543504749421
0.8918785123383115
0.7677584516080205
0.8822901148437499
0.8921828370824494
0.9100022263247479
0.7720379007019462
0.9790231598356743
0.8201822262227259
0.7740599630873564
0.7945244131946929
0.7668336671131486
0.9333055182775185
0.9710599658920909
0.8502540724119405
0.9238456864861249
0.8653658050522275
0.8376654016248388
0.8219693354391733
0.8386107186742291
0.8659322799869827
0.9324081182027577
0.8473076976237928
0.8535818345268232
0.8741308623685132
0.8848284774372933
0.7992356274732358
0.8557179783596034
0.9267867281798228
0.8210768624052404
0.8765559121881705
0.9193246448611518
0.886821377453986
0.9471505200169302
0.8361824380832623
0.8255112769750652
0.8424190969424885
0.9225381543806742
0.9061224376825082
0.9206278679098059
0.8495729573240285
0.822176578996447
0.8209442955462234
0.92131509744052
0.9057108017881488
0.9252074992921544
0.9976380145807304
0.8780747896419072
0.9485736538121468
0.8239154411531823
0.7515082655738625
0.9854049472198969
0.7626482521841791
0.9146869212203139
0.870304054085596
0.8356289729836645
0.8508684047759247
0.7471911287436532
0.8416269192937238
0.8660032147817075
0.8840942456004284
0.7885018904791912
0.7562310799842902
0.762838745750147
0.7515016823834286
0.861859117914487
0.7634964296626066
0.8543359978355589
0.7928560083681622
0.8965448280605004
0.9517987436158407
0.7644321455610181
0.8335244430281028
0.8277771008075232
0.9215165514019149
0.9202520346392209
0.9040957045849116
0.7546686891042227
0.8017213147623621
0.9767078678984473
0.7610899694685396
0.7433416056570102
0.7381664326495545
0.765511563978737
0.7850139426988225
0.7405988889022761
0.7880947684418252
0.6808305981588711
0.7077845792080497
0.9621027948785787
0.826941656872521
0.7499124141679867
0.7904503662928485
0.7276462645016735
0.6639833104520971
0.6706844282907217
0.8703457869475555
0.7895555879887493
0.7693035531216544
0.7714363649544912
0.7299462277731839
0.7503653065092779
0.7531019827960554
0.6654594922240746
0.7372469218990159
0.773308085187614
0.7809710266911946
0.7555486487185956
0.733068166086932
0.9083207721788962
0.7482016112207364
0.7559967897449347
0.9838631675624268
0.83920523669876
0.8305608228236255
0.8088173162619955
0.8189877737399557
0.8424686200952805
0.85446429793752
0.8251687251864885
0.8564614194774867
0.801191251976269
0.78529683506101
0.8278056761562536
0.7451661652493267
0.8425079288494848
0.8023301464197331
0.8438458914738822
0.7882809766705078
0.9874626036634324
0.8273571925410581
0.7649966940050567
0.8815500200212474
0.907950932998271
0.7995557170950527
0.9601491452959157
0.9387793199091881
0.752391853503996
0.7884193143367016
0.8359087858880931
0.9474083602370572
0.7679742170282079
0.827272398275979
0.8304329063353832
0.8306698372824559
0.9864740617222605
0.8512642388493038
0.8638037861618925
0.9382921916947362
0.8784732192862146
0.8934359986254217
0.8100309187258249
0.86093957660707
0.8586689645008843
0.8577134847463074
0.8251040299131611
0.8437386913279252
0.8166325195956803
0.9042750284272123
0.8750902267460106
0.8839607680311556
0.7806005279704948
0.8738232748942678
0.8535540691585115
0.80381707747303
0.8751423648627661
0.8218959356637432
0.8444649404789855
0.818230123187569
0.8454938476840869
0.8935381880371948
0.9889957100622283
0.8305361970359285
0.887395081373702
0.8945300899902491
0.8572669481556799
0.8312880409695032
0.8579219368236055
0.9868438607113238
0.864789693696927
0.7405555969250279
0.8934021924514339
0.7337820958231884
0.8540760633559517
0.8260729760950918
0.9182093741741693
0.8067109484548864
0.9374901808680947
0.9187265673421883
0.829935598585011
0.884452424652677
0.9782111858567581
0.8976182216884262
0.8179750275548785
0.939694356291601
0.934973977228454
0.6351157614580566
0.7282297583687984
0.938395632991044
0.7408162137711055
0.9239742160453766
0.9150516566745027
0.7943641802064855
0.7659232601015187
0.896225990371023
0.822427129875625
0.7329305713000402
0.8636076491136908
0.9896221943570288
0.7872892467242973
0.8187856660739965
0.9954742614275494
0.9215017592620338
0.7850206323926785
0.8708353859592017
0.9479886600235161
0.7191872249395653
0.8574312231585846
0.8681290064631928
0.9135238215792914
0.7351790273693479
0.8193339494443161
0.7994401959559947
0.8167614121622595
0.8558188884734831
0.9381893364166691
0.7853126510929964
0.7348424919974434
0.8503503609853539
0.7760301325375147
0.7596285722602132
0.9561364049002856
0.9061367147839045
0.9105695377676502
0.9499971975517782
0.7555553695081638
0.7541078422577481
0.9457133523545612
0.9072738730904503
0.8817917416000769
0.8042610381600328
0.7924308816253594
0.8358515933932582
0.7773466324999412
0.9945282049090344
0.8070614461947252
0.8389406614525274
0.8815365015720767
0.8952379119006808
0.9122559392790486
0.7416325799513808
0.6466630525307003
0.8356861857147861
0.8260410769677418
0.6915176688585334
0.8531856354874128
0.8180763796628532
0.8779767232851411
0.8563026293067163
0.8934029534435288
0.7716371255326865
0.9879170971839872
0.7600086306899673
0.6969230050391453
0.7317090548633681
0.8132154843928703
0.787036949094278
0.8699964452126889
0.8266788592528408
0.639930256229779
0.6724781940492148
0.7617109041898064
0.872851435571709
0.8763877693078094
