0.972574565329861
0.999431283960685
0.9941745803764466
0.9837783432222578
0.982450341290467
0.9675116403751474
0.9934471080442785
0.9818024946170336
0.9881755501996193
0.9588839314552959
0.9881028888412692
0.9789619257001136
0.977569262857252
0.9966919854610174
0.9804628074716369
0.9937848906576637
0.997254866516917
0.9708820984810105
0.9776453604903679
0.9850328461898048
0.9613778952724837
0.9856059371324134
0.9854725303242744
0.982820565937709
0.9703099387576853
0.9777165663734662
0.9920037615286064
0.9702980130396077
0.9597774386052901
0.992647185793471
0.9890241432858973
0.9975078304918571
0.9553707737774404
0.957896098396126
0.9992648775808437
0.996724992387508
0.9984137470798287
0.9973705138685152
0.9836025266825114
0.996284260701009
0.9934293816245072
0.9801910526910323
0.9977475100897024
0.9988038645989354
0.9589304884915482
0.9836106071488252
0.9687610395157895
0.9945624940094855
0.9633016166295508
0.9785640969811564
0.9705927156845802
0.9767287351257445
0.9701603277141213
0.987546985473328
0.981767434105519
0.9819143434200005
0.9870173947060066
0.9755872056573043
0.9994359330774669
0.9967428519826877
0.9994100216998398
0.9988074419353825
0.998524702360243
0.9787655082082057
0.9869135349575178
0.9998019746369988
0.9824372155486787
0.9999005920810641
0.9949126260911019
0.9998808495839826
0.9985763600570141
0.9884465883171765
0.9997837463825032
0.9997873939658407
0.9829840190540566
0.9999585264318535
0.9985645827509151
0.997219094467051
0.9968770814583439
0.9880924949759646
0.9982246937880457
0.9940741460438962
0.9944035939770133
0.9917578796241568
0.9974984859947333
0.9998797823568653
0.9998004673828652
0.9975394929328892
0.9993194197970708
0.9999034179028267
0.9973321844904111
0.9946115535673856
0.9968485470508586
0.9992010750426812
0.9995656295638864
0.998232152140736
0.9941414768025193
0.9965784075901281
0.9998971670142209
0.9969868938521663
0.9990089302155936
0.9943117099544998
0.9981704439839312
0.9952698616774737
0.995499649973469
0.9990229284138048
0.999866697769602
0.9983480162486171
0.9907748506063379
0.9912516231443007
0.9861705187517271
0.9969227824539586
0.985413210804515
0.9955128324282938
0.9729343762828004
0.9813156809849123
0.9863591005376359
0.994825226304314
0.9709805245003968
0.9844442476416289
0.9935939947243151
0.9841544788433866
0.9909382844398964
0.9975579070914804
0.9893931901821009
0.9629501344837975
0.9969346081942747
0.9936223700179111
0.9997246810592868
0.9770635998783683
0.9970109032204002
0.9878875214562024
0.9971978010555951
0.9630081623296605
0.9721729064826328
0.9997562460569234
0.9662434770275878
0.9619981584810194
0.9682031645390207
0.9557210312220326
0.975293760914611
0.9747852662097054
0.9569638916650802
0.9513038761352066
0.986802621724616
0.9674699860776529
0.9776210625938101
0.964169307241387
0.982318411304538
0.9951357198529895
0.96869514635976
0.9628823664700807
0.9694172264402392
0.990628450301452
0.9779398844667224
0.96478060772199
0.9791914922217102
0.9650503532072158
0.9906401260035237
0.9756841020211178
0.9840872327963024
0.978989206075966
0.9964987635641053
0.9807336186525109
0.9698960695525427
0.957595140492249
0.9892680427645795
0.9766171261276784
0.9690690651254804
0.9719674817852819
0.9752673305207814
0.9725115844500333
0.9720427689462512
0.9729944437857079
0.9760293920793677
0.9877383712202409
0.9926087729522868
0.9702539831801833
0.9962118999522875
0.9996948967782227
0.9895223088740234
0.9989710733712585
0.9990931809726983
0.9776234976704159
0.9831591572199352
0.9708525578093145
0.9958287913420936
0.9707806231207354
0.9934305989767307
0.9985590613021454
0.998571138651432
0.997572086309745
0.9715450567772801
0.9992120856385855
0.9995738418489462
0.9993624514354766
0.9993145955295342
0.9998134528992926
0.977460872641198
0.9591132385828507
0.9793669240637863
0.9763348213303189
0.9629528816736377
0.9728259491025142
0.9706356761902069
0.9914782597207731
0.9803836622024432
0.9916335479388643
0.9981232847972221
0.9819122141274512
0.9910023298524047
0.9927412307340864
0.9885131657800645
0.9720712140287121
0.9806790058594543
0.9759948893399566
0.9937242381251419
0.9812453580599836
0.9743461287205586
0.9727498662842855
0.9852008727100074
0.9969828907003355
0.9965293166603137
0.998658296817143
0.9971470909897152
0.9899161467770171
0.9862760773642063
0.9998953553196067
0.9888693567181703
0.9836745286941757
0.9390379504922683
0.9616598399381426
0.9775395268973328
0.9433574265074638
0.9754964586180945
0.9649054806362598
0.9217131865183759
0.9646590284946286
0.9600330559747612
0.9756460359113609
0.9967436521290834
0.9667173715665041
0.969054125561569
0.9938515377514523
0.9985439899755124
0.982375049651024
0.9998261721137932
0.9992133349874412
0.9991204524721153
0.9720343121982815
0.9703325319050286
0.9991400046631893
0.9615918537438382
0.9911056168102257
0.9943765641119741
0.9890528097529165
0.992339382919559
0.9971042537823549
0.9483240582165875
0.9586527344364297
0.9604365949058782
0.9487422060461319
0.9553861680505327
0.9621436731023081
0.9574268255818448
0.9747677091553482
0.9952498144068531
0.9727163908390228
0.9799180671565973
0.9996602881234011
0.9956389009037488
0.9995860524773647
0.9973578125331484
0.9928662731046192
0.9994449424609205
0.9993817180071182
0.999155655705421
0.993859019183875
0.9978199544908887
0.9725041417605533
0.9967944141379735
0.9785683869615407
0.9999073602376009
0.9998152030285719
0.9924915257018914
0.9991144062196139
0.9814325879867032
0.9804429769518045
0.9841395555242414
0.9997026508679823
0.995994477364333
0.999381107825231
0.9566041220544916
0.9635094856187141
0.9618463663769183
0.9750275837539591
0.9572547972612564
0.9374097851145888
0.9699189663874377
0.967157465224765
0.9986210273565302
0.9475985309747293
0.9650854802933382
0.970605769900767
0.9680546762129135
0.9271529348422327
0.9918092227439037
0.9627715483156644
0.9596638227513492
0.9950906286643066
0.9859396637780337
0.9960299804395294
0.9428044146378529
0.9461973088874797
0.9533118975559898
0.9402276816072211
0.9691323893095158
0.9984729843448793
0.9707820425531242
0.9729990343018539
0.9567086887726374
0.9623199933499128
0.9667716509958073
0.9768128640580169
0.8815220183141038
0.9722698169926014
0.8849555185059099
0.9034008012146728
0.9299975287446018
0.9152998189056025
0.9237926666727654
0.9891143882210943
0.9009000291627443
0.98142171574363
0.9934955233463021
0.9758732365231404
0.95343467460095
0.9892019182814108
0.9584436270482737
0.9995780746764872
0.9179054805370056
0.8807301810743846
0.9980773252591126
0.9530259207016185
0.9878789246992037
0.9760403437037953
0.9767309549045706
0.9725407863366269
0.9276972667645458
0.8803674827193418
0.9940043850680299
0.9996448813929946
0.9995682402208748
0.8473505858801753
0.6633904825439454
0.8363156139175543
0.7133168342927446
0.659213253381279
0.9201231743007341
0.7474510747601899
0.7294110247003508
0.9025433321548713
0.9973699149855146
0.9793122784262834
0.9624804018897607
0.9360655260499726
0.9575050192861919
0.9742664825084422
0.8352682167862777
0.9668601558742314
0.779577610652133
0.9988292775474895
0.9917760210438465
0.8667685503820203
0.9986440203243494
0.9972676378367566
0.7702685177348934
0.9419400738358932
0.9050372519666259
0.9963915071349636
0.7365581180768168
0.9629602890729255
0.9764733732546211
0.7905124944993058
0.8577378800453213
0.8246154548186071
0.9136975696619294
0.6945570313655725
0.6761393868009551
0.8143043319891627
0.7475790295565146
0.6713198536796883
0.9148423421303267
0.9387151690681959
0.8950230826747556
0.9451726930680433
0.9816017701169544
0.9665252055215151
0.9884075800471397
0.9476025111988101
0.9620893611897887
0.9288132043903417
0.9411634476564101
0.8416942492983043
0.9376665103835253
0.9983884200805901
0.8518071265107718
0.9871603098062993
0.9315489186034301
0.9515777807407422
0.9968838140919977
0.870876887485957
0.9400916731216666
0.8991663254395365
0.8668812780339497
0.9889443416347945
0.8807571657736184
0.9409779550806654
0.9915061437386551
0.9291464191561178
0.8509660996696606
0.8493751980080948
0.9336019814324467
0.9400007649136981
0.9975788718869221
0.9942425723249373
0.9770451705432155
0.9893846960007234
0.9981913273714119
0.9849166684563697
0.9952781400482783
0.9744759504940237
0.9922305531182076
0.9952284418159997
0.9958214182259171
0.9992196701225641
0.9996809720686783
0.9998991858454891
0.992022740251602
0.9725667401717473
0.9944721165086755
0.96803657672451
0.9853095592969787
0.9856997302863945
0.9983002247775132
0.9986143506637062
0.9995572031471083
0.9800533698682652
0.863805558957778
0.931977301708345
0.943849821658596
0.9446656108891924
0.9784732576989488
0.9548751255978193
0.9198752891235291
0.9558474487437301
0.9416714248288658
0.9709852790001945
0.9928484401028879
0.9695149132055048
0.9419825514519233
0.9941460546150747
0.98621778926478
0.9964833303397257
0.9549110074706203
0.9742844204211476
0.9642833916401493
0.9761538125599234
0.9638413498472225
0.9582299715621465
0.986879928855604
0.9393150358623964
0.9966202711002698
0.9462201566287021
0.8924282124957521
0.9916660488811146
0.980964100997965
0.9585607795105852
0.9750675559776293
0.9741340623771735
0.79726747793635
0.9069348963203068
0.9004605935887926
0.9230161954818297
0.8176450383911114
0.8357238349302524
0.9204705747284778
0.9789556028962543
0.8985109752099898
0.899246992547186
0.9329224983031809
0.9055001864827725
0.9073773909503757
0.9377339593361591
0.9977757629357105
0.9127416413274798
0.9053524924221994
0.9634713441353666
0.9515005425569956
0.9063497985663131
0.9077322738039979
0.9667448593225763
0.9503823759466677
0.9260755446297022
0.8518807708697691
0.9284825854500464
0.9530611916711514
0.9982115505997969
0.9039497206088722
0.9543092265620088
0.9264114321063084
0.8141860524015017
0.8609141663800091
0.7024907301018579
0.867097113899364
0.6627649403092228
0.8539504698687352
0.6691189947021103
0.7457014514094216
0.9444174058587871
0.9976360406986682
0.9803197249992064
0.8915252918755634
0.9213008445324917
0.8709092043482027
0.8509787917544069
0.9820015951243684
0.9665202277428271
0.8563369075266132
0.9627624331513026
0.9824242243139769
0.9068827593862941
0.9905455663485492
0.8561651022031581
0.9994286492582507
0.8424639395933367
0.9990837114313471
0.9990453009826658
0.9991964528551722
0.8951394544612385
0.8558878120401701
0.9782148360132127
0.9669282482840287
0.8873002567024534
0.5910550325141043
0.9735758129750276
0.6473935243584985
0.7623013223029792
0.6432857049702916
0.7508424411985657
0.7629526397785087
0.9263217892048446
0.8309105039091902
0.7125264372735218
0.7189668587299919
0.897874785193076
0.8950293932005133
0.9109092383141086
0.8845326928251833
0.7590168550857195
0.7873958228206903
0.678462059345555
0.9586117305424369
0.7810802719542183
0.9986643350919981
0.9256272208586335
0.9347048201904771
0.778303376533555
0.8530842900156868
0.9856805121763765
0.9635023363482105
0.9657864108600581
0.8859636698118696
0.9659648462364279
0.9533122799626097
0.8749508109784403
0.524718972133912
0.4695021429497598
0.4388976771439413
0.6337817819822434
0.6610608886387307
0.5278214777248968
0.3531943162790052
0.702647744801589
0.8884734670208857
0.9303602854290168
0.8314341893518935
0.9168938116666683
0.9360176254752159
0.8932806428205313
0.994816460723615
0.9237117585946273
0.8257649943851058
0.8598087958030889
0.6631213653378154
0.7701546935276302
0.9743214574818599
0.7387192684178899
0.8139544059780914
0.9475465743669594
0.8441652388238602
0.9429927756464302
0.9141871903098349
0.8263078531062802
0.8346118310883712
0.9448429889619587
0.7906896384394753
0.964859023871818
0.8683364326733801
0.9358238959141609
0.8801046370486469
0.8641694971593062
0.6897748999985246
0.8688279221705357
0.9055907311950564
0.9098031880300026
0.8022440376974923
0.9786129434665591
0.9257247521654204
0.9950362127251753
0.9925290451441051
0.9825583858271355
0.94261946117458
0.9692048466920257
0.9633499428334029
0.9853288608122521
0.9474037804424402
0.9489606840522974
0.9711487525885008
0.9502975318415663
0.9834259707838193
0.9285770703042995
0.9842611275201774
0.9761100524390506
0.9222722420948695
0.9182431567086174
0.931397805619993
0.9333948642701706
0.9390852787552257
0.9862964886419598
0.9752152120597741
0.992050733138587
0.766154422115256
0.8297878063930197
0.9447566588937083
0.5761453846067296
0.8486289370673462
0.8443848447644529
0.6636450503380751
0.8379377442005652
0.7862032945018336
0.9579237043019698
0.7446895135347591
0.9123863233691054
0.7916824873376553
0.8902050719133037
0.9893753993875951
0.9974147521621783
0.8209122811329481
0.7750177186363247
0.8684088119860358
0.8809880750690564
0.9444883910414439
0.9960267107829247
0.9702825138073787
0.6638003183667696
0.8884975337059127
0.9985773104279633
0.9603904001433401
0.7326534123220981
0.69386856540705
0.9404187456405984
0.8881004508391994
0.6220944821530889
0.6960905555665573
0.9443279816282926
0.5543252693341963
0.5172246042437656
0.5117836112504078
0.4745496729664533
0.6682392880900401
0.4961155667664773
0.5024088579639409
0.711855974827573
0.9082620469783639
0.9942463922874163
0.9387449957584564
0.8435183489559699
0.7878874128311959
0.9154149863775745
0.937997516330016
0.9761585472697452
0.9934401659374947
0.8073320438965842
0.9740399550600144
0.9567728637152538
0.7480785906578089
0.9977692173254672
0.869008840576631
0.8173365848806977
0.8354136427447
0.986109242351705
0.9249640212699592
0.8167620804081762
0.885371210633543
0.8418997670479638
0.7757179754201546
0.9970180288698838
0.9211576414370998
0.7192312976101386
0.6922782906704708
0.7645555690503287
0.634260753303358
0.8098645455358101
0.7084237605360844
0.6888193281912691
0.6969167641432832
0.8162921072062179
0.9912306905257101
0.8396080241636303
0.7694791559469696
0.9392745723479029
0.9719255150300441
0.9568051101075952
0.9781096599781345
0.9914935409160524
0.8342380029978381
0.9856147041366481
0.9995922922189737
0.8155560279507679
0.9562671615195696
0.8560940082038306
0.8946247413965753
0.92556548835907
0.9359826066081764
0.801110514324102
0.7975276123899216
0.8320525715678714
0.9740261787639899
0.7555753664105107
0.8465526249668069
0.9859357032308539
0.8809597112114445
0.8116806210534839
0.823345541920645
0.7387527376071265
0.6716020394739987
0.6615586303980443
0.7908639002021076
0.7885757020320626
0.7053521069605413
0.9575520302040983
0.9922141122009001
0.9228234872397645
0.9616717473361431
0.9150745528223343
0.7411892451259497
0.7803487814816046
0.883082399074627
0.8063931284378149
0.8142010954331457
0.8314309772086712
0.999181531220473
0.9172166466141357
0.9006769563290359
0.8941907263269602
0.853889657028223
0.706872970704503
0.9989600774757021
0.8279091638506311
0.9705365797074494
0.6767669952348532
0.8460432895476682
0.9008268351850951
0.8430494307365421
0.680800905951543
0.8076877163318797
0.7189735492032925
0.7990896301229264
0.8483863905211415
0.8304355727925512
0.7117809018908732
0.8390179503222752
0.6980682623685706
0.908660062011738
0.9923475172425331
0.9181304050600045
0.810427300881271
0.8304454972494343
0.8108767247884608
0.9703403215417581
0.855619671394004
0.9739919842834865
0.936803014359619
0.9593154813458417
0.9479931265802121
0.9652123722392707
0.9522889593843706
0.7991926539302329
0.9803636195858256
0.967487384750119
0.7944824370227157
0.9941667093988908
0.8191047294450053
0.8066829689355551
0.9368651777720145
0.7718770534600934
0.9028668589962678
0.9114948944422203
0.7906650846995951
0.8975593802777155
0.7932962305476277
0.7245852647288131
0.910531490353742
0.8154474162348406
0.8778417620132691
0.7922843058966803
0.9783967974659735
0.9197983021354268
0.8623084318168335
0.8013393802887266
0.8265652702157917
0.8274591745572912
0.8645271099772487
0.9794997981954094
0.9485539234953422
0.8438517946292349
0.9265668910038632
0.9824856320437955
0.8445592312705548
0.8344328569294437
0.891981991292735
0.8762578926565351
0.9405119441508045
0.9961438424333344
0.9455081438856927
0.8261514210071517
0.8603309432431574
0.9162818482577947
0.8866012319980621
0.8783878493645232
0.9268718234375168
0.8528726391323371
0.905987242685792
0.8332441974569116
0.7461859789001171
0.9223723630942016
0.7971676210659451
0.7705114095089418
0.8870227529620064
0.9339398787071966
0.7651650720473183
0.9959291224402391
0.938957913358061
0.8716727247655289
0.8826070151107319
0.8109191368272868
0.8421540661901121
0.9582134276055322
0.8402842761985687
0.9354870318384563
0.8175344105079669
0.7671544362785819
0.8529310804074763
0.7983978421678941
0.8065809552521697
0.7997321189314744
0.8505216967235869
0.9987352294835279
0.8566858922301926
0.756693001731262
0.9943601273962371
0.9358346219626333
0.9720294658456703
0.854132039652888
0.8125475702064606
0.8686971597522144
0.7908328435836062
0.8415810862026061
0.6885793364696464
0.8265116311904164
0.7973538059121
0.7816003407425285
0.8287085742304536
0.752940903629154
0.8281918353678144
0.7845997141206349
0.7785126606492172
0.9774765366377294
0.878479512361579
0.8219020944113103
0.8191022260786593
0.7981168707656388
0.8509184657471887
0.7838430951553845
0.9363165873433211
0.7918027539177075
0.7901647442128885
0.7157255135700995
0.8038483311675211
0.9205305431127294
0.926956163245779
0.9981883355493628
0.9665303248704392
0.9944669737879295
0.8176760256578914
0.736590448526658
0.8445704051775822
0.8514204572133405
0.893650885396012
0.8947129155862468
0.7446700451404858
0.9902096570387255
0.9149367636251583
0.7740242752054063
0.8332146349683798
0.9079668744161968
0.8842409615442941
0.964147440430302
0.960098527650535
0.8230320393165894
0.9806633378697819
0.9324290864971884
0.9538908764096307
0.8551316322082925
0.9538141044896129
0.9513809161970244
0.9984479558961523
0.8195522739475986
0.98502504577478
0.8643996169042346
0.9231674952839808
0.9511889070048025
0.8506961828328157
0.9711791495592135
0.9950435837777134
0.9914148295388961
0.9108454134584576
0.956617453643221
0.911095552389696
0.886660012708981
0.9231132641058661
0.9915365620635415
0.8392478532805769
0.9275732857333031
0.9276574877673103
0.8284904402613378
0.7862889828097479
0.9174917138848333
0.8320406960812237
0.9337959202032673
0.944337582691874
0.9701554692866934
0.842993553812625
0.9809026150425388
0.9754172353499542
0.855018829794908
0.9120904483369332
0.8420002107374136
0.8216671499586721
0.9295717748262469
0.8345603195445083
0.8653031837186181
0.9127077721964301
0.9182546990680299
0.8903418987889211
0.8438408149916922
0.9728443672515303
0.9870753283512577
0.8602360643259561
0.9582836729439823
0.9055185374089468
0.9299148652413629
0.8958570012402043
0.9914363577313392
0.8668465518953409
0.8604833982358908
0.8619252616847546
0.7831952946448462
0.7790043706989713
0.9585158058917175
0.8411185169303875
0.8970802184859985
0.8668329343163277
0.9235291813193404
0.8367310920613074
0.8948812008422504
0.9105754875451348
0.9983960933247474
0.9821818035486718
0.9383421438196166
0.8809909884785769
0.9965846874754268
0.9872570602035129
0.8302020893942773
0.877311328235242
0.949362071004306
0.8420647378875905
0.9451681829046101
0.8920161751137392
0.9861306552775777
0.8596737263455079
0.9754823466425878
0.824801527014224
0.9912064735205033
0.8213294506608402
0.838505288226808
0.9312406124401696
0.904774502783874
0.7354058507888144
0.7585625577134993
0.7522313821679258
0.780058233392559
0.7800585481782351
0.6834136958123298
0.7454833322094787
0.7222662961495832
0.9992212777453924
0.8595685227599399
0.8173652822149949
0.8780552930127531
0.9883381206846918
0.9561566753240843
0.9650583360685634
0.9990951505743476
0.9095210983330057
0.720632349975433
0.8232260071586739
0.935097045987566
0.7914081197765718
0.9444572627943163
0.9026256333346712
0.9987008596490772
0.8185614625209092
0.7869784832877242
0.8354198789525318
0.8867324878168701
0.9772006392999808
0.7937130836923301
0.8605109715578019
0.8719155304804482
0.9140975180928834
0.7700796904008871
0.7301492170692374
0.8313347175326541
0.8166433636191636
0.8006845355189631
0.848750175286002
0.8020469133103079
0.8306795843028891
0.8798998130382281
0.9364305606632055
0.9380026500312063
0.8492895099261356
0.9810230203775134
0.9868720530951403
0.934678417792616
0.9969717021275418
0.8354050412934098
0.9600667548613098
0.8633544609875636
0.9982636610336042
0.9885968137072607
0.9813923875772635
0.8447481994961984
0.9700498034837401
0.8517272234362598
0.9677290519015845
0.8441477812616284
0.9818841276832746
0.8504079997434324
0.9986488280268639
0.8403084754431727
0.8928345240005757
0.8357300945118952
0.8976924473057374
0.9024522935693823
0.8563424113433186
0.9277555876324717
0.9196023522565968
0.8308328647465402
0.8836055278553676
0.7993776029371111
0.9888553074460105
0.9714402640845081
0.9951460334284045
0.9632436207378906
0.9951941688520696
0.981597589214976
0.9490634161734395
0.9955868689882154
0.9989775341831254
0.9633019108280261
0.9245973839406947
0.876268724935047
0.9312777206037928
0.959521578943488
0.9851156030169764
0.9977942498486413
0.9875604776782273
0.925126524992353
0.9045579177797884
0.9145516559936069
0.913317572256906
0.9497994147283833
0.9859242939783279
0.8889359718185472
0.9826819076963696
0.6900637762480555
0.7903084259694106
0.9290572775948676
0.7246903975755019
0.8352365706884927
0.9860854794388586
0.7570656520245467
0.7156928973450524
0.9986230225228601
0.8800019737662481
0.8543555893624868
0.8423338507261229
0.8562728140090511
0.9879930712957972
0.8919859612400147
0.9061961286023212
0.961165345281584
0.9089528088135952
0.892600575683361
0.9787434580575649
0.842505296856139
0.9917819781833109
0.9106257311731261
0.9389055612078596
0.9985496785335217
0.9461036232754745
0.9250633831197386
0.9771466473800202
0.9131887521562032
0.9717070604072441
0.9596756404238809
0.9555593140640127
0.9723529426079804
0.8679734520476301
0.8427136120211394
0.8580894510620378
0.9437081135734279
0.7124169652644865
0.8199631730373015
0.8082260785151315
0.9079903089263929
0.9324721128291587
0.9740983959564776
0.9852423742130267
0.9967228951823384
0.8466814109293206
0.980540517989771
0.9994492625199414
0.9217831827161185
0.9912126523227975
0.9880467079478434
0.9161525237059194
0.990236973929721
0.9700352028281221
0.9922307639635881
0.948252877304452
0.9941969438720157
0.9580733712656373
0.8595282419298791
0.9132617482946284
0.9516563246266457
0.9881981881361014
0.9726393622248914
0.9700656421162885
0.9528966875828455
0.8917698217575349
0.6865444482523908
0.8104590121332295
0.9221954396363695
0.8693674083201275
0.9221404581155326
0.7190331328116447
0.7309641613993849
0.7727608027703037
0.9888440499139682
0.8488894365302326
0.9327056328075178
0.9897580181928514
0.990789443490534
0.849161004734475
0.7365249238279716
0.9368717087522411
0.8846595022496828
0.9980785635695779
0.908753140734444
0.904819952194478
0.9477435848290487
0.9993439367865542
0.909464750943219
0.9600750504849158
0.7913993856428224
0.9926340450424466
0.9980026856601274
0.9236193256376316
0.9916739200801635
