0.9912523656754476
0.9558846789423674
0.9689445699205224
0.9758686969767966
0.9546633758821684
0.9715664037515754
0.9710950032892639
0.9805750967274642
0.969016246194853
0.9556359317053629
0.9612017430995021
0.9532647909238539
0.9760289458102533
0.9640720875931312
0.961020177118814
0.9762574122949654
0.9771599156044233
0.9911666886661321
0.9780606770935121
0.9783886938151165
0.9921041044038583
0.9722263181566139
0.9706289697589665
0.9664202742581239
0.9591637255933239
0.9615333059225663
0.9655629891841
0.9552767972803979
0.963815288229948
0.9685170819722786
0.9895486804513254
0.985326842181654
0.9860578241653093
0.9834087642614964
0.9569264898858882
0.9818524839567344
0.9852931025322631
0.9810449059474265
0.9781324103259721
0.982174135823076
0.9565564750017324
0.9617942485841684
0.9570590753529375
0.9866609814385469
0.9886144699065441
0.9730398013276449
0.9615953344117563
0.97579536276923
0.9619831721720223
0.9711969741990263
0.9679174744388277
0.984161587073171
0.9572228951739024
0.9855801023552452
0.9842303016885825
0.9647266831260537
0.9973223934335866
0.9658300435248852
0.9800723641592073
0.9666631741944388
0.9710283976552974
0.9791240450729516
0.9750664731911834
0.967297360498689
0.9662594037887886
0.9621932602284321
0.9649818283053713
0.9844642037377547
0.9453228642191432
0.9642337136729471
0.9603450585324176
0.9669464977240321
0.9535362916857341
0.9614637665330958
0.9537067285858016
0.9469335643406398
0.9518468937190976
0.9747470515180131
0.9641263806248888
0.9444511611000348
0.9624612832809072
0.9788611687699769
0.9627745123467999
0.9630965080955007
0.9835033827298569
0.9804298511367526
0.9552567361210011
0.9318800002437817
0.9325891426552535
0.9530516619927258
0.9643886061593056
0.9666126318363373
0.9459187831093552
0.9489802146166241
0.9498648444975537
0.9494763003855368
0.9552896925479135
0.9450084848722015
0.9450833473559321
0.9429917613195924
0.9561758685401808
0.9400371838740955
0.9519498785912466
0.953514692849603
0.9550595829087758
0.9448436897142851
0.9539278014447088
0.9513035593108263
0.9537772744586523
0.9566015037956526
0.9491630594794491
0.9521801199242781
0.9452779872922276
0.9610868785135513
0.9522147824229105
0.9457359891819546
0.9572659322301644
0.9511336129799548
0.9480057921611023
0.9414712168541166
0.948585959228019
0.9430280758389266
0.9628626640078464
0.9443618417861346
0.9530517515163437
0.9427573487377233
0.9716251087859566
0.972475982112168
0.9427486491842545
0.9426754551572024
0.9661877933319112
0.9512641867105601
0.9586523761433132
0.9704011644442925
0.9625291051711088
0.9451477589714734
0.9484234901046396
0.9621466044870379
0.9663403976429841
0.9514671359409013
0.9489015919228071
0.950774822591326
0.94452942337241
0.946122006004715
0.9697072621212875
0.9912550562053866
0.9912420327387994
0.9764527940409204
0.9483642362266717
0.941616995964812
0.9483035671505589
0.942011399680174
0.9315580369969706
0.9395009657327332
0.9389368801231095
0.9743298086410136
0.9613737632205592
0.9570598079385692
0.9588874616016416
0.9686107590472648
0.9504015201095392
0.9413212780394368
0.9402135374399642
0.9318898835640874
0.9525747710685402
0.9685767024740377
0.9604349043975577
0.9441442279635663
0.9682210895210128
0.9710677903467707
0.9396177975651194
0.9373137516996624
0.937083644561377
0.9727221328737151
0.9675052477853148
0.9632459220319048
0.9679412585738781
0.9996123725365293
0.987339858395913
0.9792101352418369
0.9228186434920875
0.9604541034238991
0.969884395920117
0.9257009873506443
0.9719611867696464
0.927743914559743
0.9286173133421463
0.968073556576281
0.9545895553738882
0.9721235101819254
0.9772693766695459
0.9734829096998008
0.9097102398282437
0.9757097890816645
0.9314281773397541
0.9667095835696826
0.9644720324989763
0.9713497506715272
0.9756815714207048
0.9491106900246546
0.9784610551386974
0.9771297126413037
0.9753267847053504
0.953768684034124
0.9520354459492595
0.9685792873684138
0.9883560282569729
0.9340162897678329
0.9137905253288039
0.9399517524147618
0.9218555190234157
0.9319119041041983
0.8999688361022319
0.9203617275804324
0.9175764711923662
0.8991864659759755
0.9066751304523039
0.8836758190102803
0.9012121347602604
0.9189051072641725
0.9209871959677463
0.9066958203702167
0.9191322984250203
0.8789385540079897
0.9135391558846644
0.9078243270068022
0.9077123807959968
0.9167539953195024
0.9041836827044593
0.8944356406300936
0.9012013587101949
0.9209504526152112
0.9197600412049638
0.8958470962788554
0.8858991314793606
0.9224725117357625
0.8725654753291474
0.9018963630654809
0.9960107312936466
0.9781753743797925
0.9341545000639968
0.9639869857348342
0.851714562246564
0.9250266370584314
0.9421687626380246
0.9181675639717832
0.8856857507201876
0.830842290040978
0.8761862140742074
0.8621061861744422
0.920954341303875
0.8591672495653415
0.9443747654479013
0.8771577044963845
0.8937187552329221
0.8800315385003572
0.854873513974387
0.9358011839406006
0.8954612224161191
0.8452937810253477
0.8856546861156913
0.890591288664321
0.8657230399449412
0.8740652748513318
0.8987446230339547
0.9081480464059023
0.9595607487692486
0.9197172042705841
0.9545929411584493
0.9615592248366518
0.9716898404130653
0.9618165741916945
0.9639632798113333
0.9126362525810987
0.8424193983080799
0.8949152704341609
0.8671415541119029
0.8779224455185076
0.8965929485853923
0.9146074660347432
0.8765370661666957
0.88885759380648
0.9305808045814874
0.9262433660615693
0.8520368593321199
0.869467851416651
0.8608730087661779
0.9007926816347569
0.9370022497312269
0.8708320471821278
0.8509689013913313
0.8485561837699449
0.8594006087228994
0.9146014093167466
0.8836363575322097
0.8724162483617921
0.8653424898866944
0.9156836633303533
0.9165301544897562
0.9307532107374656
0.9387743727693685
0.9090363962956691
0.9364782260061577
0.8083778712272742
0.7127241332916997
0.8622329966998512
0.7483798994209407
0.7024797510756452
0.8522659966247781
0.7689173212132707
0.7213281025140552
0.690715865655713
0.6961149126710819
0.8090477154123625
0.671826906446184
0.7929819471575896
0.7788512547271851
0.6998484036764439
0.8413301478376657
0.7525896589396869
0.8418516133249744
0.8379322986153538
0.6914038627495745
0.671779949899953
0.7675890853944132
0.6837984699053579
0.6858603081846186
0.6725923474411912
0.7598883582606427
0.8332928199060423
0.880561181852137
0.6628901185328708
0.9120189853342933
0.9170424933635227
0.6037656095646122
0.6019051341366329
0.6642034451549653
0.5812805240528973
0.6066364367901768
0.6078755499592182
0.5993026226408088
0.6037789179535993
0.6517775125775715
0.603104563947912
0.6112584300399728
0.5960987941922966
0.6032075164325703
0.59812425860637
0.639935122060451
0.6464306661445154
0.6487492800133106
0.5963927595023892
0.6072412071030424
0.6817915488697048
0.5794474363700584
0.5858640491931184
0.6721136119057087
0.5923690374511582
0.5950907217953404
0.6050988550211791
0.6066067782255492
0.7627372156874883
0.9699633229474274
0.7545088586031
0.7938380575012098
0.8107012592200007
0.7308148228223377
0.7622049690950456
0.8039656056900778
0.816460032058467
0.8338262636820899
0.7517243337301857
0.8153630304243202
0.7733838397457503
0.7758089335964915
0.7970849463103887
0.7015972157120745
0.7855077583829524
0.7148890865946869
0.7281724488023763
0.8295527610731722
0.8373836974198258
0.7770393003010944
0.8055535023131488
0.8166031271642813
0.8219262105225793
0.7838948020570815
0.7147717139415517
0.6834224193563498
0.809327351757269
0.7644404077670517
0.674276689828066
0.9077286207084833
0.9798265472945888
0.8442642460046137
0.9211243051493276
0.9658674570276641
0.9733675886441945
0.7506026864191673
0.8586242752154978
0.9341856495248262
0.8578150320502506
0.8820159876905198
0.9317849511314554
0.8296435123797465
0.8837316088016384
0.8880975492334435
0.8564947626587737
0.884421385851162
0.9584049797614305
0.8875053653651551
0.7989638999871908
0.8079276651136879
0.8751533706675223
0.8039220108460761
0.829673235085939
0.8464265448536399
0.8906143622008518
0.9388195286261529
0.8666128222343694
0.7178663537633833
0.7329073625549162
0.9133413660920938
0.9060143652184967
0.8695579361894512
0.9464758228229231
0.962470988651108
0.9614458688497466
0.9497369667802892
0.8933255150969921
0.7923767625189311
0.8952981235229376
0.8488034340226607
0.8937167852650179
0.8028433080237302
0.8119951525421243
0.8703483435344505
0.8837353800385752
0.8784806457279932
0.7834984770092528
0.7909803290388376
0.7763668926814571
0.8968181953710571
0.8558042157634966
0.8685883967383969
0.8096242483334862
0.802545112741032
0.8589750973967969
0.8305515781732526
0.9031550038876542
0.8035348637761226
0.8456553241443071
0.821172007744419
0.7738958278533175
0.7793688757218222
0.8543701513832449
0.9087569387856643
0.9746791021708966
0.9257091152667126
0.9509165526650606
0.8390531357427693
0.5492282376696582
0.8655939245480644
0.5724388942528345
0.8227119277649474
0.5679105182367168
0.8064269912221218
0.5579068567522824
0.6520560706126285
0.5896392690935011
0.8307493278177939
0.6019847467159907
0.5945455258685788
0.6909372748030415
0.5600440214981974
0.8033384424633595
0.5611104271609113
0.5972352972070094
0.6609099855745038
0.6288003466592861
0.5548299286228747
0.8059592210246085
0.671267042030915
0.5582707484397341
0.5546704018816895
0.7950506822380718
0.5949540620324674
0.6655847214248276
0.8308413057847409
0.7252363693750464
0.8702454817678617
0.6772098071797709
0.853096776625911
0.7906598584392484
0.5182464469859268
0.640935386980136
0.4812962875973696
0.5328917385102931
0.5369442962939938
0.629852719849884
0.5193298248485154
0.622998422837371
0.5628343890634746
0.4288992226546325
0.7949857144138874
0.6133455879907292
0.572579022371812
0.6632420329934677
0.6859458670122491
0.5006128195531205
0.4932741607299136
0.809601449642065
0.6005781760911431
0.5270621553679684
0.5591970508555728
0.538603888163389
0.5716247229574991
0.5952075422567412
0.5312767504028922
0.9712788014261844
0.8291235427337602
0.7704371693997765
0.6341306351776526
0.9506103919421901
0.8554505576648104
0.7392254111136893
0.37674632914243383
0.36292854119383855
0.5203308713559969
0.37106837768238776
0.3747314030951615
0.39500901865929317
0.28728334636392
0.5079810913596818
0.2539359876505807
0.45058986798037143
0.5234046609854748
0.28608180887330503
0.2664691358859003
0.5287603097442213
0.2815688663860897
0.35254264271397706
0.42471809714204034
0.45272860172143325
0.26028778833729105
0.5490802949033002
0.34057985669920343
0.3000672706276425
0.5155351558051992
0.26920778153556946
0.28438797742127897
0.28014370814563877
0.7158567533801924
0.4529392086256042
0.8954519824448686
0.5733168169202034
0.4646430550346201
0.419701711663689
0.5821547336062589
0.2522657998710334
0.39017939472379315
0.5750217644884094
0.23255430596070167
0.369662663911445
0.3021537972501396
0.3589132420441983
0.22837851273397664
0.4890118739712816
0.5736930316089688
0.2548330458118729
0.2982898166658867
0.5236538632894898
0.28162569621249844
0.29390271192110506
0.3437382462294979
0.2754715550362283
0.3552032616251508
0.3670008479933847
0.22489746167914723
0.3748289271527164
0.42139438963004405
0.35871982570258165
0.25708069629807495
0.39308289826140064
0.8316955398969481
0.8241274045975362
0.8426466849667855
0.8202999876339845
0.8131325228474673
0.8416472085769485
0.9100245881361186
0.7470481860477182
0.7943743302814789
0.7602624061211485
0.6404030742438025
0.5833662379289746
0.8627864476160158
0.6368819997912416
0.6484581969691827
0.8729646410717563
0.5932408190189867
0.8780772595259776
0.6209713063925686
0.6478641597980864
0.6740017856905207
0.8716340656938564
0.6728323053758387
0.8822076370116505
0.7633015645271598
0.6661943941067493
0.8337749640965519
0.6082210836933823
0.5677760506570193
0.8650275976254205
0.7800719456031546
0.5562614623331493
0.6387582955784145
0.6727087474179535
0.7848127454083826
0.8624293998538565
0.8352210698074414
0.9196582021807098
0.5823924856878324
0.9164948949049865
0.8755803951024808
0.5688901285379836
0.4608877462823936
0.4459284253858375
0.453522582988199
0.4280733581525194
0.47096592509231144
0.4777677950486843
0.4842914772163402
0.48463532622905126
0.4776734515422107
0.4944568692649607
0.47562112133637385
0.44612209800537156
0.5355935191981384
0.5602595396268517
0.43805770380969405
0.4547253209745708
0.442689969140166
0.5398381013130829
0.4968964735401416
0.48034366419590613
0.45278169545343777
0.57260815995337
0.3809939135604943
0.48516686620119964
0.6784048535243634
0.6615502777948998
0.4838561947552522
0.9275457417159275
0.5106006864431865
0.5640106048474689
0.729925708660257
0.572310443728109
0.8264044543931792
0.5082761725970006
0.6182262755077534
0.6530230023854677
0.7110093135819033
0.546852550784792
0.581999352930459
0.5616767422571749
0.5728579118634227
0.702671489184141
0.5492776542050806
0.6783549727744171
0.6765581867288242
0.5481542219941626
0.5876083020686796
0.751291847315333
0.6291075031536304
0.6939948562255285
0.6577109312853915
0.5039750540946211
0.5022384116552232
0.5141135658885603
0.7338093749113033
0.5100265355211151
0.5579728160245987
0.6917078765418407
0.8282279424666885
0.6339444982370328
0.639750912144542
0.7427614758475011
0.7111883509242891
0.632822925619134
0.976662000572162
0.7653809946727803
0.8280671309291057
0.7332730932932829
0.7308179072296892
0.7947736966283102
0.745335497057185
0.776738915881955
0.8339173166293906
0.7443067811817055
0.730660557890128
0.7700059131608135
0.7104115540253618
0.7886414519795387
0.7700538706358413
0.8093250395833214
0.7042323905897836
0.793174967879418
0.7820800090972306
0.7933783598944941
0.7701780246775309
0.767237311294339
0.763275425134993
0.7429348578914436
0.7914645204639621
0.7826879829024268
0.661619141454872
0.7745092942903782
0.6787394522500698
0.6523765412808872
0.8377678441648762
0.8522319243280532
0.77402852744874
0.8920175080966836
0.766562417984352
0.9418821878772698
0.7560182071274542
0.8291853637202171
0.7843825993524114
0.9025160474214851
0.7861179080401928
0.7090195924772333
0.7989832115242421
0.7722542327716571
0.8963363236537676
0.8109751808240966
0.7807919892377762
0.803418764274566
0.8989208911681112
0.8058508961895094
0.7866572582167022
0.8570685983190487
0.8485164895313727
0.8336395798872427
0.7934094265552707
0.7990714127980891
0.8977632757311523
0.8043930573374762
0.8033271209865076
0.879113662848733
0.7966679684626119
0.8197213826007455
0.7261454992988909
0.7791240916685304
0.8437067627670444
0.7779439047338317
0.9759430594096627
0.8466911299184223
0.8352710402404657
0.8296064940649802
0.7541970664566475
0.8413689886996594
0.7930119642794662
0.7683592875839003
0.7771073254266889
0.7278600964476658
0.7841330054832307
0.7430224711848399
0.722745247904986
0.7795975488736464
0.7742299842406513
0.8222287222204605
0.8779662832349062
0.8747642455399789
0.7154202011030495
0.8463453424465741
0.8012774347778943
0.6721296025474808
0.753123402002251
0.8538740572255926
0.7199838956827953
0.8478591974848124
0.872561011318216
0.723152996361266
0.8945751497993482
0.8810286344984595
0.8423532761023533
0.8279939044662546
0.8908737626533165
0.8532231858082162
0.7115571454611589
0.8193920847168581
0.8292391886098236
0.9091620886798111
0.8571437834010794
0.6492108944923447
0.8083758725006276
0.8063893640643338
0.6999866927792842
0.8174981467281434
0.8755359265088298
0.6507045703024792
0.8798348707856971
0.7678451217037492
0.9027463858575989
0.8874762485166026
0.8196158076828282
0.6725884357773474
0.8454733608466616
0.786006257852673
0.8283968071212046
0.7579479557828603
0.7277452928013399
0.7908675204485346
0.854202605137493
0.8693615813259571
0.8608605090855328
0.8219879164034103
0.8725857514262958
0.7754581242449212
0.9191305009587406
0.7059096399915591
0.8493059548973865
0.8845798123749261
0.8161425618514586
0.8928541521434349
0.8547828241542755
0.7428723262198101
0.7876471564689417
0.7880306603430534
0.8748095807996572
0.862214590996981
0.8079806793875297
0.8702222594991685
0.8186539422519539
0.7968799697523814
0.7207555146970015
0.7186084754810199
0.724336704082551
0.7029491311674173
0.8021111259552166
0.8554029649277688
0.8794854646420741
0.7426662904569998
0.8197476207872237
0.8082981738160082
0.8299544173202433
0.8293440366706774
0.6560873619320586
0.7864473372748444
0.820996544590106
0.6662934800161394
0.8905073773105728
0.6739580971895707
0.8651910949917625
0.837682321180415
0.7081234279916123
0.8366320779425481
0.7624448371962592
0.8695494711232427
0.8928882799331566
0.9085393125666958
0.9136782297442749
0.7884294548294144
0.8548519536926056
0.8318368390892438
0.8613623833080544
0.8597489580427234
0.8742314242496572
0.8391164059525291
0.853624559784409
0.9002454989212154
0.8916889742300361
0.7923640856526578
0.8591408134062893
0.7906075508339427
0.8469284735922455
0.8639403365287268
0.9156039678156935
0.8753606175854276
0.8394148653974713
0.8830079231565396
0.8478214111929279
0.833270087381794
0.9208580307246397
0.859695360636254
0.9007040855482591
0.8443483398258255
0.8651070364097
0.912423291659967
0.8186304556971147
0.897580919134971
0.7605586718165966
0.8824258794498441
0.7897242160906673
0.8143117524931665
0.8065595502856269
0.729217756465297
0.8492890788992513
0.9294318710520965
0.7960126206563907
0.9083533057165392
0.84793527605337
0.8999508220902794
0.9308494661325162
0.8988029330290768
0.8172455834077239
0.7426304283222166
0.8433048397976473
0.6970549677914801
0.9064044020702673
0.7228295967604244
0.8497997193112854
0.8142529855678302
0.8765251306650396
0.9216689550344965
0.7402650202047583
0.8320310655329909
0.8883830339324301
0.8463694249430127
0.8831310843721614
0.8341847075485331
0.8674946459513213
0.8444864604480452
0.8232989674081184
0.8257082758785891
0.8626237294209507
0.9248163092133832
0.8242555157013507
0.8573834622797567
0.9293018649228834
0.8709171706371757
0.9054153424103311
0.9206875535637433
0.8473702955521736
0.790737903705794
0.7375696852985367
0.8978656894502248
0.8687901140821812
0.8997979739033803
0.8884916702303842
0.8479333491165406
0.8122422961022967
0.7635838360047049
0.8790491105540432
0.7413167590357269
0.8938727412699302
0.8632720066307722
0.8189865825639215
0.9147508387232068
0.7622837099591304
0.8390221028751715
0.868530284577315
0.9562901697031643
0.8980220178113563
0.8452410817869958
0.7639621605497979
0.811574753093024
0.8750582425420016
0.7727316561197344
0.8083842965524367
0.7774317650911944
0.7626515512819475
0.7642104049708464
0.7881464865883879
0.8095083048376595
0.7588327150069447
0.8676479397012431
0.7605975092079741
0.749873087416072
0.8166604524261624
0.7942652542710666
0.8714887208054063
0.8674023997245708
0.8368289348784825
0.7696561259419352
0.8910733104258388
0.828376120187674
0.8445016656416167
0.8586778691193769
0.8611567106262008
0.7469138926296639
0.852397717477226
0.8147115315367843
0.7803187570034051
0.7826533242898427
0.7362059130766134
0.6720624372001562
0.7542809642531021
0.715431345492151
0.7510013327077546
0.7779614874251084
0.7709158091103235
0.7329223418379556
0.7931862095462268
0.7952454512525879
0.8542660734216008
0.8088168983398575
0.7936476751342806
0.7354512098341197
0.7654873628916186
0.7820868372018317
0.805323165749621
0.7243003240396311
0.8124004205395849
0.7783792916631498
0.7930152535725107
0.8577447545025484
0.6943092376216593
0.7879636188544065
0.8187385380244016
0.841386353402906
0.8383493482637303
0.8025033222830527
0.6840781847431114
0.8053167622566357
0.7563966564024815
0.8339981665979795
0.8345266028878962
0.8508476508787848
0.7241114031754243
0.8092344281160464
0.83689186704674
0.8319298718799877
0.9002272867469037
0.8253023477520465
0.7148085019368554
0.7321575152254008
0.7838735769643996
0.7460397949748985
0.7449465820798719
0.7825826255154176
0.78347887324404
0.7635411820860917
0.7510755459415404
0.7987227888105909
0.6798125173585061
0.8203362658267903
0.7924917686110584
0.7350680718958631
0.7661420066034533
0.8087436524714848
0.7557471093124216
0.655801157993212
0.812605792361536
0.7650854176072739
0.7594168975323142
0.7932634808392587
0.7084517565573251
0.8099911108346873
0.8411348834882167
0.8354755810248062
0.8465310857684523
0.9091919782738498
0.8283546755060434
0.8200456843126267
0.8739795072918712
0.8997870167767952
0.7012520597200604
0.6595814110948313
0.7722603856762313
0.664555669714445
0.6397434104326449
0.7995842901927904
0.7469268110927696
0.669285231248633
0.6773188513396478
0.8015553851546726
0.638560883919844
0.7586646011317355
0.7906866063070461
0.7728119908581605
0.6581388774055723
0.7424390950503541
0.7802551226755012
0.6885445408363624
0.7192918578433496
0.6949748526916998
0.7105770919054913
0.7490504297746823
0.6985638358020265
0.6946564556046162
0.7165445638366504
0.8689178639405128
0.808701905177576
0.7677317458148929
0.8031737137052801
0.920283302141341
0.9712522921224493
0.7650287719604925
0.9007318503260078
0.7389603898705797
0.7288512212163777
0.670407946450728
0.8286280776060182
0.634487819267693
0.730260807634594
0.6772261880215888
0.7875468865899102
0.6621531516099832
0.6558062213101278
0.5989535279193404
0.6587051963894108
0.8234819298122225
0.7108545411095281
0.7003023379889386
0.69488815210902
0.6649246977034053
0.6305121897145114
0.653826533848531
0.8056160313050895
0.6826424561818687
0.7606033711619209
0.8230507328010721
0.61114726454726
0.6344474556961075
0.9492168735531206
0.9034198412850455
0.8159677297517435
0.9365880294485791
0.8578933937835895
0.7937066231501648
0.7694545151800036
0.9382010950009222
0.6413812925799653
0.6650433729238981
0.8054949601819759
0.7026920997658106
0.7014070737938543
0.5842632121710466
0.5526040232913761
0.6694425974655973
0.656803979303791
0.5797987883049756
0.7400457620512897
0.7485845151768185
0.7700151706242532
0.705892416025294
0.7204540988324781
0.6030573044379204
0.7214251640613654
0.5964633358880836
0.6219421303169207
0.6545588040950715
0.6939021344927523
0.6640600183341093
0.7097389503112663
0.6630841030776654
0.603001506961582
0.6561772114101034
0.7876471716224236
0.9005634889452404
0.8240227479449428
