0.9835210796085542
0.9491136468195723
0.9710516952371594
0.9922409160390511
0.969928517124675
0.9918169037016571
0.9553655824920466
0.9814117785053573
0.979050066360019
0.9550749001010913
0.9592957805929392
0.952860990511505
0.9740663190503491
0.9647663258729477
0.9868502282217524
0.9763410098632918
0.9542198493870748
0.9908976281553384
0.9767557983271011
0.9923222265646963
0.9922703702593108
0.9525386120803623
0.970726093950815
0.9667921933317678
0.9542244825568917
0.9619409456490049
0.965504403579386
0.9571463133106002
0.963327245048006
0.9699468722070217
0.9868030752732854
0.9839842157751959
0.9877069288526904
0.9860694530620473
0.9561322783190627
0.9823839529565723
0.9845838548543934
0.9803996088379654
0.9776783119500803
0.982536762893557
0.956326922515949
0.9604998496866928
0.9568488047012333
0.9863117038516662
0.9858429989994735
0.9728873792866488
0.9590994335329331
0.9770589813689452
0.962272237393145
0.9732150367506645
0.9687772597925082
0.9828051663514308
0.9572349702202603
0.9889409549441079
0.984117491339473
0.9680148407269702
0.9818987097377114
0.9671711500006386
0.9781417093382809
0.975331591284451
0.9697790193387734
0.9825400720225361
0.9594336975564524
0.9679747228647904
0.9676890064665098
0.9838382083498288
0.9504691787760616
0.961860294376743
0.9633431541414329
0.9656566216503888
0.9501340000864957
0.9647559404751567
0.9565999144012882
0.9462136218372448
0.9437370164673845
0.972208400646893
0.9675503363816665
0.9523542481191186
0.9571924715160091
0.9677137720133163
0.9642211166356617
0.9653873911633267
0.9886677405904842
0.9693219789971068
0.9449681884443026
0.9387830414448015
0.9311035831461698
0.9452286004186522
0.9598094404192214
0.9645133447935049
0.952760867504719
0.9524771075092188
0.9461068038750919
0.9485407280798643
0.9594096595537565
0.9415034572931449
0.9443483213568835
0.952247154992075
0.950101987060666
0.9390351468149842
0.9518536661496437
0.9545444903436806
0.951987000808781
0.9450906412339037
0.9646133168831448
0.946015825691463
0.9526566934521954
0.9528361743159424
0.9511627361717987
0.9541319045047306
0.9446064796201654
0.9667157051671148
0.9501054122652909
0.9357606955207585
0.9491558445547447
0.9469201946407099
0.9452953522638128
0.9443825037366258
0.9488263767902524
0.9449112751623534
0.9501880811159732
0.9415783563266248
0.9566476121012458
0.968449889449985
0.9573651459564971
0.9451754929320603
0.9600457411905949
0.9420468070778876
0.9670944615540841
0.9462489347824596
0.9612840801161373
0.9487771885763339
0.966275530241372
0.9684334351438677
0.9629026913512564
0.9593945877877113
0.9571207349197961
0.9661496304679693
0.9516156926538346
0.9519215670746041
0.9516873320442357
0.9448270940190953
0.9447603834285162
0.9608616527459719
0.9676006102182468
0.9756079396565779
0.9645356404680998
0.9299632034456528
0.9589527572283183
0.951661827834261
0.929348565601027
0.9372461190362801
0.9313724254899574
0.9704882102025971
0.961817704424825
0.961759440125556
0.9450286895755776
0.9674608371406805
0.948245272612179
0.9552589209318416
0.952945522978184
0.9348372514758196
0.9402550890124048
0.9703309229383694
0.9665246295955928
0.941253036152607
0.9674808571219139
0.9730475329228734
0.942301253850617
0.9305171208745968
0.9403767699438847
0.9662393540576198
0.9615312521557062
0.9629070689181786
0.9440809912209067
0.9881201832809478
0.9710287105268405
0.9819332863510731
0.9348998631293803
0.9597883560285677
0.9634650937284959
0.9507578262321552
0.9754592840860716
0.9398688348535302
0.915684922883003
0.9316444823415306
0.9808786271020646
0.9741382704265263
0.9605179975743318
0.9724555761613268
0.9420933071496287
0.974986653757183
0.8978865751509564
0.9748330363634243
0.9761856218286245
0.962818223044275
0.9739016238484479
0.9490255730169253
0.9791098085847318
0.973536978645566
0.9765169487093435
0.9755701920299775
0.967794890753263
0.9476472135696989
0.9573228510118853
0.9366793042003861
0.937952321865344
0.9224052705896187
0.9246598572147814
0.9269978666357157
0.9005655764599223
0.9330290947894919
0.9059470849837437
0.901959700012946
0.9175796437609895
0.8939331533337997
0.8948809973596654
0.9120270267797428
0.9156897054637976
0.9170522460385311
0.9106115008881825
0.8932411239085657
0.9256057365324637
0.8913860545730854
0.9031366033221654
0.9231629537239059
0.917058326437791
0.8703430845555065
0.8965868252859416
0.9116383877782273
0.9170040538440016
0.8911914736255582
0.884436819598515
0.907868578610189
0.8795040071580651
0.9140158352509296
0.9162012241999364
0.9069074545968422
0.9796613860063146
0.9569230730182403
0.8625506442414076
0.9366101842602654
0.8635905540380783
0.9234487650498863
0.9542892767362818
0.8751133798884589
0.8757721401456433
0.8599744468016008
0.8614289140942777
0.8390227493229991
0.9384818578475848
0.8925215342490249
0.9511358410177146
0.8765754630712979
0.8582600337051436
0.8942251378787314
0.898997463654605
0.8894994594731361
0.8824365773117611
0.8874423779749918
0.8422931684018454
0.8577555491357652
0.9085103187913808
0.868155055205948
0.9066814612997462
0.9050516537809555
0.9606865447579782
0.9549681278871137
0.9443677209736591
0.9626358976421979
0.9700968194812246
0.8930504901207146
0.841257946474727
0.8982175601264946
0.8541075236307665
0.8989961591154692
0.9071486307408204
0.9086604590564646
0.863825262666007
0.8736680704529722
0.9348877328403282
0.9205604651090107
0.8433218885395461
0.8755796994341651
0.8696252116618206
0.9005504297852688
0.9347918546272159
0.8868566236642013
0.863371977944914
0.8262719140956633
0.8481353413937376
0.9154727569175671
0.884172089576994
0.8668336701715404
0.8916583766496515
0.9226333771819636
0.8930807211676528
0.9242906408058267
0.8726218878394238
0.9208248052791501
0.9503434143167322
0.7927819242541629
0.6902256927340331
0.8599708791782137
0.7474180629511652
0.6712564852194689
0.8477093273545715
0.7853047700202295
0.7224623651720914
0.6639477067003428
0.6858934659211704
0.8108141131143515
0.6890886614381234
0.7821139742603022
0.7699160534728507
0.744645864542954
0.841711693202599
0.721425884581755
0.8300154450731777
0.8185943097705701
0.652034512997929
0.6794903699774264
0.7572237153990076
0.6869245092958913
0.6936060595518105
0.6496231251870228
0.7500825126907111
0.8301356862455223
0.8759482394266132
0.6901807655959529
0.8160227510203261
0.8876268137755867
0.6210022127639829
0.6014714123881418
0.6862063860049863
0.5897824754489582
0.5917151924920576
0.6045947715889913
0.6177044478836331
0.6069360455979005
0.590377913016078
0.5777890373048977
0.6379063924811781
0.6175245793636286
0.631327328611074
0.5943287390840033
0.6048545395807607
0.5939884652360892
0.6434143506337113
0.6603804424568883
0.6448746285581404
0.6710669268801611
0.5831248980109481
0.6047799522934172
0.6745752328867344
0.5934091536043338
0.5785512988419877
0.600043694051178
0.620635704729102
0.6024229908741757
0.622522875658975
0.8430697788238299
0.8438119757909797
0.6910888683089165
0.7890556562415401
0.8099570084641177
0.7198228006789615
0.7696533615942467
0.8049639868137303
0.8109320240678273
0.8247612269319546
0.751343756403256
0.8229385667581081
0.7674564166016511
0.7756316437583122
0.7956329097354262
0.6990307962725288
0.7809745550191436
0.7200645537280035
0.72608455813804
0.8335166553814638
0.838747184347953
0.7807879880066133
0.7987264453679382
0.8216297171957588
0.825812638649835
0.7732016170421723
0.7257995586290988
0.6900054861280761
0.795631124354808
0.756288226008331
0.6705050309185621
0.9042503334592917
0.9769431109269092
0.8275189962495765
0.9228422639498455
0.8152859298256419
0.8697661366561622
0.8946529270982173
0.9096203700537859
0.9621816771141891
0.8670606566005125
0.7853934035241694
0.9353437811921056
0.8787711222917125
0.8805710006001398
0.8984788449766152
0.8793245956395169
0.8572037755846174
0.9453957897788576
0.8909639777891192
0.7922044280340605
0.8619341774755311
0.8138885374017201
0.8079285305336118
0.8895380338322069
0.8361845552883618
0.8625640085077402
0.8716379148200935
0.8072648534045994
0.8182751284278879
0.790944105217633
0.7814570456063739
0.9022966546605449
0.9732926139255829
0.9471007725774013
0.9334799096787354
0.8807561955544538
0.7872729133458074
0.8910544769730486
0.8661324178896872
0.9082612331054389
0.8016584656412015
0.8036566200145145
0.8860659503020347
0.9106480701135992
0.8645385886941511
0.7917077545106199
0.8102888651801425
0.7726333755527852
0.8725880743555243
0.8185593115441674
0.8795536188931692
0.831119599957512
0.7919539724292086
0.8235363851613412
0.8527836456414901
0.9000271184635881
0.8183891581116121
0.8787922419447421
0.8116943390774775
0.7697996687478756
0.7419144740029331
0.8567481100841562
0.8832163678708962
0.8781510255345955
0.9304601706187221
0.9813181748078494
0.8635476168371973
0.5727487822035227
0.793364402256808
0.5522372653453539
0.8540880371909123
0.567163346484958
0.8098181008557889
0.5775979308062877
0.6387694408834079
0.5934406739797753
0.8348253104878904
0.5870653009346763
0.6493994790545476
0.6625190718219992
0.5596160410377594
0.8377127371162103
0.5465485980879435
0.5521279929111588
0.5791146444820814
0.5918009585907242
0.6504706113794463
0.8632123312719109
0.5483854185602685
0.5583527297121696
0.6759340085531798
0.7972306815706339
0.5614267520846046
0.5464994039875597
0.5867086611353932
0.7269375474993449
0.9912080991726102
0.6852497402208635
0.7183757435094682
0.7168379621898968
0.5229461335087869
0.742288638623519
0.5117890000787767
0.4880171412128004
0.47566776606662886
0.5734090684764497
0.5989076568870316
0.7459667142254289
0.5514310675486116
0.4588542236848626
0.6642438083196789
0.6327961587832804
0.7275622503730039
0.6565369696063358
0.6634469962459223
0.49958051120930214
0.4324226293346285
0.6625057489626008
0.6156562041374848
0.5908211448874772
0.5948843318655381
0.5579237422175811
0.5575873223796051
0.6030839766707269
0.5214420567718102
0.6021605383530156
0.7013436352476
0.8264088884608316
0.6141747214338187
0.9289704090542792
0.8431877783798549
0.7939150305508118
0.5128013388056262
0.36722902169922655
0.3932428780520524
0.3665962697128026
0.5203567742863999
0.37544194140465037
0.30064869426555824
0.4117470168284143
0.2411451710823282
0.5082183493587052
0.5699648089502574
0.27841640110103416
0.2696057358280267
0.5598889229242845
0.26677074882913565
0.5248564000189381
0.430890689131529
0.26486560863669645
0.27634469020986313
0.5201715389428196
0.33103504586498633
0.2879310474802822
0.4667048376174747
0.307234614552907
0.432493794583636
0.24696036599255483
0.3815405563977973
0.3746924707104584
0.9211237761718173
0.4844090864975228
0.557382341955342
0.4543977226697111
0.6577638085048367
0.2942355969899389
0.4058198210450106
0.2870959727035157
0.31831913076990925
0.6077080578908773
0.2507431143760142
0.32120842482394407
0.29106341490770804
0.3157825569399096
0.22671629395447218
0.5146918540806313
0.5708294865920527
0.2967470947105051
0.2880563013195294
0.45107960738415054
0.3232098537029596
0.2982304749682078
0.33945710675284574
0.370249119855917
0.3057474432236469
0.27533343459519954
0.23460625881688943
0.4313266442176369
0.46245880733136474
0.29080063354215846
0.25105823290577556
0.3718873524937625
0.8714484717401969
0.8400426893410545
0.808508977182889
0.851802591569243
0.8479019154774783
0.7823082142558186
0.7934956237109334
0.7818400098418247
0.8835825218348543
0.6022182801588828
0.6487318171585765
0.7484980651689732
0.649652413495952
0.6733723004967558
0.5497838130059101
0.8962213123602194
0.6519740711435872
0.7335921897226452
0.6340262258391864
0.6998720875542229
0.740123386037202
0.8594126267632456
0.7120706092316647
0.6706660463987658
0.8119206686666035
0.5686898356466512
0.6002358131599455
0.8987481016245032
0.6969037253884987
0.5965610531497614
0.593827807961256
0.7016900420810468
0.7512027650596436
0.835237475006651
0.9377942243746811
0.8339857745139494
0.5658376473522412
0.9971804151972472
0.9065211671250418
0.5780146711480729
0.4612228925247088
0.46791210594120397
0.4627670080707492
0.3946777447260077
0.46188353545452454
0.4996983884908781
0.46923048205066453
0.4807202532048056
0.4744176802049731
0.4851189252344556
0.4883099387541265
0.504797695371135
0.5319993500888296
0.49561456477056265
0.47383894414683564
0.49697240358339145
0.4471634082053292
0.5253487837227894
0.441192341973767
0.48290268075183157
0.4938733418772014
0.5069618637423562
0.34013198572158787
0.5537177607549106
0.5488296003542932
0.5180570331601223
0.5427593688144305
0.6747566947577011
0.49603230087589156
0.688235358943329
0.5561240026944432
0.6535655830489142
0.6941778434005144
0.5002176764441542
0.6701636126178839
0.5263247769106567
0.7168362335671224
0.6203246349037421
0.6215738182980658
0.5526408681294928
0.6078640737270948
0.5563521243289515
0.564069727296922
0.6121495696474061
0.5172655887874895
0.7562809397776635
0.7204694822313253
0.5521206591929677
0.5348781524495342
0.7668675903258466
0.7310716407046949
0.572920196811734
0.5538809329517642
0.5029748527463176
0.5759852017233614
0.5185626943144507
0.7236221621724257
0.5470041698091384
0.559351741018429
0.7431512119046229
0.7736440846859627
0.6623233813091902
0.6411582481140438
0.6940652686725484
0.949337434100163
0.6761748371054426
0.9357504823391067
0.7446391031765243
0.7132910135455901
0.7581957067220507
0.7309251865109259
0.8061854271058867
0.7818699203143803
0.7906238103324466
0.7525084192162992
0.7751831033260452
0.7148644866929706
0.7653015081591987
0.7400576789959419
0.7491889145837154
0.7370774970310128
0.7907039480931557
0.7384621523279742
0.7426494679447015
0.742813133836868
0.7721392573445427
0.7412546486396671
0.7583710755521299
0.768877239231651
0.7569665020720182
0.6857379184693895
0.8106417593904257
0.7510225258889318
0.7637230715570891
0.7554833969305126
0.984284278747777
0.9832881891686152
0.8033354212794613
0.7760579598294182
0.9328787020119609
0.7516585857847
0.9060383621034087
0.8135686576365688
0.8211331732263054
0.8147177699154446
0.6694280256172055
0.7525996433869053
0.8212524811436753
0.7810808936394261
0.9095483491546487
0.8445709908619881
0.805511841061553
0.7763433733358044
0.8075130505311394
0.7664568033105128
0.8008073001973406
0.8407064883335169
0.8556657492735249
0.8599099686788882
0.7368561099980462
0.8956059469298266
0.8813394177477044
0.9024929365389993
0.8698867873823811
0.8215864970812972
0.7751615890206357
0.8144759139429882
0.7964570528472752
0.7453931497385852
0.801595349765087
0.8649657314290196
0.7518275708999878
0.8182645032404392
0.7746326540298349
0.7749039297061683
0.8431412360843075
0.8298358537231875
0.7521646733584296
0.7705693395475346
0.793110811468949
0.7112048093814293
0.8422897978873274
0.785113158698673
0.8077862126567217
0.7727001372929523
0.8506682867653327
0.8758880216823999
0.8273548419400735
0.8068403123958233
0.8771878141012329
0.7173073176651228
0.6785056983814084
0.7515525964491088
0.7353282570112702
0.7463041434182736
0.8491716530660807
0.7751679078220167
0.7513324700221999
0.8680328696971018
0.8380912209815218
0.9138766005357379
0.8190914429554357
0.7630867512400744
0.802546781337033
0.8813086840090507
0.8419011530106124
0.8258918780542113
0.7891283025614657
0.840958935807851
0.8505144981375526
0.8031906025949929
0.6584267043533899
0.6491077240016664
0.8277155753369361
0.7896311003009284
0.6783419901269139
0.8456930209692315
0.8664997715486991
0.8327614093878177
0.8228526240391405
0.8112294496537811
0.624413757298885
0.8373154301146801
0.8216933529380603
0.8590517455847337
0.8003196145741345
0.6669068573980881
0.8250315730358981
0.8604856997796946
0.8977234166417162
0.7023295179730237
0.7106262358333353
0.7568667357450273
0.7725685146192188
0.8694199911991167
0.7820317891020497
0.9613231540723695
0.8170347012976451
0.9103579930698519
0.8685393062293674
0.8213106103484193
0.8484915317773577
0.7720498252822814
0.7903493869446749
0.7374955054676575
0.8680744794104532
0.8565874841467706
0.8554205076631873
0.8250525739928594
0.786401967751494
0.8730769818847864
0.706097286302479
0.7194102634951942
0.7213612720183603
0.7566222581687874
0.8948671135507373
0.8796279380883201
0.8320598270460013
0.8145398261775683
0.7519501231870563
0.8501706190588824
0.882732717646741
0.8292217762424425
0.8123318381785626
0.7808180218612994
0.8054232922045758
0.885856815523475
0.6679205248870012
0.9027127841223626
0.8235123980931891
0.8147016925688795
0.7487051982704216
0.7502167732995202
0.8645010089452767
0.8813596841600063
0.7529067470245343
0.9081167158584028
0.7955252499237029
0.8356335807035582
0.7624979544267599
0.7554727130284735
0.8288876195489421
0.8798203192231384
0.8833619247147981
0.8667108915562028
0.8813360921645434
0.8048088073346988
0.8733361432309017
0.8913760315948042
0.9197831267710298
0.865355497103851
0.8268479422299144
0.870295712004058
0.8762844630780763
0.7699333967472173
0.868655460041031
0.8710745655096036
0.774651338761616
0.9061739183396571
0.8697165356139851
0.9518261976423577
0.8184265044555054
0.7804246438795603
0.8212532906143888
0.7818673634646086
0.8931584403330175
0.8575432742626514
0.8412686611364737
0.7264916760420502
0.823280852564436
0.7853086121166348
0.7842133625253456
0.815590026490798
0.7633048789630363
0.8538832376037182
0.8352538735333335
0.8185572696756634
0.9101374903103241
0.9091640394494669
0.7592405240824204
0.8693963264023434
0.859062978333538
0.8483795597049757
0.7363338082865631
0.8007403528794257
0.7179037081245812
0.8723735347600208
0.790813202865147
0.9110324896898525
0.814111477492339
0.8346098985954973
0.8698449076097041
0.7326084449354507
0.8923455160436198
0.8602736768236122
0.9217427708218153
0.9263233708948055
0.8702545943865185
0.8620699282290907
0.944210347090575
0.8555544471088707
0.9095303255319365
0.8278163303438164
0.8024903950506397
0.8635853842435082
0.8836567248159943
0.9132091860270979
0.8834380215036177
0.8124718146767929
0.7513576577532327
0.7805280870574526
0.9034308228830996
0.8927851141030885
0.8980655142188183
0.8388261302784813
0.8757585935822116
0.8478231961579277
0.8760347657731549
0.9218206718033315
0.7858944135783469
0.8584039794735594
0.7367274938466783
0.8917701792903173
0.8763520402733744
0.73248033406465
0.8881117663588773
0.8626837560309345
0.857636400626455
0.9198369466398847
0.8997336836545271
0.7456279457497555
0.8227675690921172
0.875399496162123
0.8597774391514673
0.8278495547461225
0.7658772655192758
0.7604263131993938
0.8434497865841372
0.8668519580395141
0.8556735754941057
0.7890652129553157
0.8130305712254811
0.8562488092491696
0.7418920485026066
0.8237248788776576
0.7560753143593928
0.8112445182967967
0.8310679413051418
0.8465374387750104
0.8629452707361329
0.8697138745212479
0.8101146984435855
0.7572481272279058
0.8059178200418476
0.843224449233811
0.7517484271153728
0.8511973215775175
0.8500341891345062
0.7697639739302745
0.8391056340875407
0.7535990789270179
0.7627350784575144
0.7636691620383312
0.7191171936652816
0.7536768736098246
0.7348701386149903
0.8251886236700872
0.8539295665410951
0.7918032158301136
0.764939085216187
0.7863575650085015
0.8163137384360863
0.8530002807395125
0.8094437238510834
0.782363648618601
0.7450123543634356
0.7166295868824568
0.7194154996299265
0.8285832698203559
0.7819142307939858
0.7917872619034436
0.7731864259188224
0.7863488940715702
0.8379915277518818
0.7673929337065787
0.80460162181737
0.811904087286758
0.8357450859287237
0.8059771068443486
0.8125217940209637
0.6878648958414679
0.8028274013230186
0.7628658097225669
0.8938323730014662
0.8398704130415011
0.8204743670337926
0.7710876379684031
0.8159527309931036
0.9190342319854448
0.8222773170680711
0.799077949443821
0.8310249449436059
0.7278543891664855
0.7348484125035136
0.718845455034115
0.7049002343981354
0.7784361840412334
0.785285186450733
0.7440021050324352
0.770187776810354
0.7628874839063435
0.794602020882248
0.6952216146899843
0.8212882471774318
0.7682465450852876
0.7140650694753345
0.8083822097487481
0.7712938770082257
0.7412981687849028
0.6683299369830149
0.8187754144370653
0.7944513887963363
0.6879588825341421
0.8151984205749121
0.7711099383146081
0.8060109036410521
0.8171343409966308
0.8613712445059876
0.8331529412321106
0.8391504559950478
0.871335046911774
0.8951350207360529
0.7014708747163151
0.6521001508327027
0.775441662685173
0.6151518548056809
0.7182639797678319
0.7543401891847492
0.7294334118538114
0.6724028223643315
0.7125059740069998
0.7953455366011036
0.6566026648764598
0.8007312002865572
0.79583390293777
0.7258534078178175
0.6323238283861142
0.7814824144498567
0.7275449250702779
0.6477197980319603
0.7140135603126851
0.7444902916464003
0.7183678753283493
0.6972273634042294
0.6882213132837534
0.6921093703620378
0.791204007515776
0.7602147952707756
0.6424461671547324
0.7904907279082185
0.8317060077648076
0.9118393894942718
0.8964531447121178
0.8622421804347903
0.9390113045181894
0.6444135203509916
0.6885989191350462
0.6782083314022203
0.8386529987438914
0.6534327603470115
0.7644866881476398
0.6507455612998562
0.771054192524883
0.6578864175747785
0.6663683101311634
0.7263522753595282
0.7440792827323004
0.6734454546228357
0.6625918936672289
0.7247644383335998
0.6460632441112437
0.6835968340409536
0.684010058954379
0.6545388142906856
0.6665518210859489
0.7542665613419592
0.7464162064786171
0.6874006930030432
0.6847887838800286
0.673519714572238
0.70487924446075
0.6668825856774018
0.8729823174715332
0.9169554332587375
0.7988937616366589
0.9133949231144247
0.792761971554731
0.8436980838570338
0.6448189240022029
0.6777133090653465
0.7775060267810282
0.7066337804028086
0.7917313255796627
0.5841880954234165
0.568337567590248
0.6699671401133607
0.6528175939701861
0.57312657709887
0.7057760077737167
0.7624516879594915
0.7605067292339687
0.7056042659845193
0.727505692756719
0.6181840129317177
0.7793500946306376
0.5848258909376817
0.6268862833736424
0.6603547585687762
0.6831194171055652
0.7103021620442032
0.7219732278263491
0.6340537593786133
0.5998435224134695
0.5725107631765913
0.6221184596438178
0.8693607384064841
0.8788422668139897
