0.9873150202442892
0.9516570951822976
0.9735912007223694
0.9724914463755818
0.9569546973513896
0.9903875759955114
0.9557526888268404
0.9731487877038381
0.9677347317460382
0.954961344136562
0.9654631430329497
0.9524343298061289
0.9682147335643596
0.9636238080509676
0.9577435666013283
0.9772450933584292
0.9534707895324819
0.9877960647811331
0.9796891454748601
0.9701936752284094
0.9919315167467149
0.9527485031804102
0.971612172384865
0.967746174107405
0.9585723837241302
0.965739404131998
0.9628812303116027
0.9606923721267194
0.962212661249177
0.9738053037028518
0.9745043847593204
0.9839439624813414
0.9523655860247142
0.951046788686402
0.9671620093462057
0.982367828522896
0.937576103067664
0.953232884271124
0.9632812554892727
0.9552442434572546
0.9373706024103127
0.9573435441630651
0.9432964265581558
0.9395596051243926
0.9427353893556607
0.974353092044121
0.9713869725924569
0.9331720797453986
0.9476521291894507
0.9765318014909525
0.9615469397522519
0.950739262878432
0.9592281766336239
0.960774763026541
0.9374685255554328
0.9487045179566597
0.924729020933824
0.9234837436039001
0.951569503077798
0.9459590218198377
0.9337775147966558
0.9405858412032768
0.9422214586903104
0.9289967044348948
0.9423553421019195
0.9310377748805333
0.9432636737636384
0.9387292893014968
0.9388589209539537
0.936493537684639
0.9329844419053047
0.9526020673075695
0.943949210482028
0.9431271709622575
0.9424231545238024
0.9434508008561322
0.9483909208875109
0.9458262887136567
0.9457547352648418
0.9301084657799263
0.9434459420579632
0.9549355305895397
0.9457970527674078
0.928207342431673
0.9423888438509614
0.9448288388590149
0.9334230974918223
0.9231564045681009
0.9389348350407418
0.9382539387907562
0.9438943093447736
0.9380409737318576
0.9410707713134594
0.933446730324568
0.9424453061089944
0.9324339393108108
0.9241452131231511
0.9351306896626259
0.9294516141910465
0.9331239351386519
0.9428008556739685
0.9307650982059577
0.9319214324271018
0.9268842159343688
0.9449162403989244
0.9274854607856526
0.9380195825858654
0.9453282741321407
0.9336184197970891
0.9476435070035221
0.9351385364794582
0.9404931519412907
0.9351492007894682
0.9329737601291797
0.9366647859790667
0.9470364828571637
0.9055836667259071
0.9044765813278074
0.9201569448394344
0.9065222370037921
0.9041795247133901
0.9005801622482059
0.9210752344372836
0.9395422446935728
0.9337366651507631
0.8972849576122022
0.9342091672395969
0.9307977573023752
0.9212728418687952
0.9238127750285456
0.9330672003741991
0.9225718456232159
0.9321533081446519
0.9625498694511371
0.9417802069956032
0.9178715940988924
0.94045531748096
0.9567034040759552
0.9239717724846863
0.9008779405379987
0.9294630865305569
0.936602742510223
0.9301376519046536
0.9131122552904556
0.9368876876116614
0.9736368677283016
0.968960247422591
0.9472027876605623
0.8736391409412754
0.9063363902223942
0.9323975282541488
0.9025423625668108
0.9366843517444712
0.9140170970816561
0.8580866523160234
0.9289656495188374
0.936773561124512
0.9501311661190562
0.9464640182630102
0.950610920895999
0.8995941659780221
0.9266720701797391
0.8825579304783698
0.9347517446549027
0.9428318417395445
0.9328160620935766
0.9354506629766652
0.9006572540302175
0.9359567912125044
0.9345461442041844
0.9319571940390635
0.9326322346444346
0.9230172130077146
0.937563510324075
0.927879830589222
0.9317669503406953
0.9013524583315058
0.9325288466217931
0.9302381257959416
0.9198218879046207
0.8913693792157902
0.9205213913955695
0.9122542434162613
0.880633359109133
0.9078641649310495
0.8616809200573559
0.8981008641471411
0.9218614063408624
0.8892013187759972
0.9188711792484437
0.9032457718203075
0.8755441259458264
0.8837107570540548
0.8868706903128164
0.8988537912120675
0.8822603033099898
0.8972994772103862
0.8662727580517642
0.8902453688693979
0.9134892467779907
0.9158024250441481
0.8805528675797207
0.8758683896764988
0.8934133110073306
0.8726542795377035
0.9042779969817505
0.9361035158475961
0.9091615152595405
0.8982395715862145
0.9078186065409621
0.8173929177348332
0.8757855430141547
0.8268701715264332
0.8675816183356211
0.8522133229575395
0.8093477200358773
0.8363469128148734
0.8425211404471505
0.8395577412984373
0.8234365035913387
0.865764136237077
0.8457980881290675
0.878252333843247
0.8607147445186623
0.8407824395974948
0.8954642383840095
0.8666423754618574
0.8412280885804737
0.8452455202492173
0.8738087877900991
0.8161331781916173
0.846103861378735
0.8537879291917176
0.8123226274895963
0.8495139338322921
0.8415185209828788
0.8624144065867185
0.8460766210878247
0.939080400494382
0.9329077287281834
0.881286904784301
0.8656392759364888
0.7529556435633911
0.834314021194482
0.8258073301993992
0.8357532075991863
0.8121249130403765
0.8204481193142317
0.7755838734881291
0.7818284931677986
0.8913398755813546
0.8465763527621321
0.7979982461347319
0.7581708087967677
0.7675598204201368
0.8015797846142554
0.834299286210828
0.827648340939701
0.7607778719993363
0.7528003963522285
0.7634832003133235
0.8336633757406637
0.81043694213303
0.7966217718392745
0.814486900280623
0.8869346435865268
0.8919388326150366
0.9068452362762365
0.8271902679126444
0.908624184475103
0.881244799292179
0.7768227632174535
0.7285687429282851
0.8352563447956424
0.7495005023547288
0.7243676460712154
0.826078367536486
0.7612661372934705
0.7400838680340202
0.7079566475754953
0.7128156217703692
0.8160162213397933
0.7109750264788526
0.7935430665760141
0.7743168616623916
0.7441646615425
0.8307391131591263
0.763133087075655
0.829587807859126
0.8015399988681372
0.7207811981604898
0.7256130840531816
0.7719930036396354
0.7290427861429907
0.7112442401801375
0.7009742567263617
0.738855227198328
0.8097563493852279
0.8415130896341776
0.7173622693856393
0.8120840188669498
0.8516399035550862
0.6172235046756209
0.6914768785299434
0.7202997286913544
0.5942016581082616
0.6734361044263966
0.6703160397626673
0.6541495552544008
0.625359326471047
0.6781429005504871
0.6488453428198873
0.6574071009434719
0.6830453917516639
0.6434829881943147
0.6738324889066283
0.6949540149683151
0.590313325272851
0.6801068746016393
0.6859850218266236
0.6080522211375694
0.6915220838320142
0.6314069846368585
0.603377821567575
0.72262865902934
0.6088229649456637
0.6291958487614877
0.6760988814577166
0.6825460654682358
0.6763838190495814
0.6448871303794694
0.6622834638499301
0.6569141465424866
0.6018595285709674
0.6380426640105612
0.5919736596091796
0.5891579885202153
0.5950548260760249
0.6271596036654223
0.6147429345215646
0.5984764368566897
0.6053612627099332
0.6696841969204088
0.6191697845412323
0.6413641735534564
0.6102825216174345
0.6026810629385032
0.597544964553814
0.6539568982922852
0.6589781042677146
0.640840781060806
0.5943130413499343
0.6181510803361647
0.6300547715907262
0.6057154443507644
0.5908981592016758
0.6031441793925414
0.6029570090153258
0.6307889915879125
0.6015762021702863
0.6045103484446126
0.771928136758426
0.8380912511426981
0.6976849793253646
0.7818374347934394
0.8119946926167972
0.7000663802009186
0.6680963290286301
0.7318258257299013
0.7341500013459643
0.8112435856551377
0.7058675746980072
0.7001823286672717
0.7213414042220659
0.682191999794282
0.7327705371155849
0.6705780319076853
0.7536136630824986
0.6604289449271343
0.7063785362967576
0.7304332773280466
0.7823243401463558
0.7350617469456
0.6798171627370884
0.7754450577494909
0.7658164338146742
0.7339578813979603
0.6724919185222721
0.6558839572786277
0.6812544823998972
0.7376772185191975
0.6539636461279621
0.7316001704108641
0.9289956230927049
0.8064970558503847
0.8757115550192976
0.9205478094733683
0.8279952089416169
0.6798873102949489
0.8175640497860177
0.8178662044537067
0.7774645518354653
0.6616275098130844
0.7576712388712445
0.8025688474171262
0.7926448083767784
0.8052056797500863
0.6695716250647692
0.6895311249201207
0.76543709510413
0.8303246191896962
0.6710254345267104
0.7419960072421757
0.6992486508360818
0.644579132064121
0.7357066752059138
0.6857165154824028
0.7891981925672109
0.7797494600433692
0.777127405766617
0.6079090206055493
0.6410302653544351
0.6681880282159947
0.8006216084204828
0.8624855033526835
0.8644334339424169
0.8537456284105143
0.8972757020876556
0.8200873335628456
0.5545499712175317
0.7916697561463149
0.5623314456265793
0.7690800200053736
0.5413886660653805
0.7665567637699742
0.563507390676203
0.5866731643335161
0.5472490100310561
0.7854144265842207
0.5348124513769696
0.559768539364414
0.5964737885398508
0.5616893280424238
0.7807243796668235
0.5397248134256549
0.5246760437887105
0.5695242629853686
0.5614695345021146
0.5480457223720087
0.7919180460113227
0.528024521558363
0.5300494053710431
0.5407838065703556
0.7588697368364622
0.561954751252183
0.5341014049645155
0.7047730752153183
0.6816257538962918
0.8095283591582114
0.6077965718221321
0.6116800988492408
0.6037346493332238
0.4901455481297251
0.5810888510871981
0.5230706264452533
0.5037777227337612
0.5002065803351651
0.5231442925122507
0.4866266765357621
0.5354210027027811
0.5063125984578118
0.5917637257097947
0.5441868569322952
0.5624301453842586
0.5167151964958274
0.579383722790813
0.5626067964664566
0.5332175060165059
0.5196558376975253
0.6166285343054019
0.5306686788040096
0.5758397243279094
0.5633002774794372
0.512612407239556
0.5337260435794168
0.5226116863849668
0.4947611195588001
0.6095335594502839
0.8235196574866672
0.5044863826783945
0.46029022811326364
0.5935006203650796
0.7793223512344312
0.5256540484646056
0.6139134666075512
0.6265567263320739
0.616462390395509
0.5244410975324845
0.5349240760393678
0.5155166727093237
0.5780033986361889
0.5610212581103797
0.5518913470103826
0.4989252228431527
0.5183433487144558
0.5540891380484361
0.540870446277844
0.5371270569167114
0.5247802817421487
0.606052157496489
0.5488345939874278
0.4695332000070138
0.42697660535517074
0.5614728029359033
0.607488465013712
0.5741205427151012
0.5854617444667152
0.5867006476005975
0.5092446976594861
0.28118730828002936
0.5230938703890133
0.3552013130843683
0.5181332329030696
0.39998473163418713
0.4359469622024429
0.28188542845315046
0.39771232898135445
0.1830625165305581
0.44296297395495215
0.22709401466093687
0.20068926363173747
0.33790714973431424
0.2108223375587872
0.4204236045662042
0.207502179138165
0.2167087875522364
0.19191256693729858
0.22450142835827586
0.18911117207410633
0.4088513428475453
0.19772771647369286
0.1798984028364739
0.24417789130520282
0.3625508463345304
0.22534777649855825
0.30793460198481687
0.19394192963188267
0.21611013476294022
0.36008969591393525
0.2521499629447255
0.22057154504959375
0.2036903260015884
0.5344733795321525
0.28614225402779403
0.5393563705852087
0.3514056581273674
0.4139528194532159
0.4100368462311348
0.37561954102769185
0.25249763568068784
0.48195904660385386
0.5939032480696638
0.3692206892026528
0.5653514388577918
0.43679255655627813
0.5051603730793239
0.5184925204107135
0.5572107674823785
0.5383599738099167
0.3698567532036023
0.550295250518247
0.5459260107631281
0.5334209323103274
0.42845550129625654
0.5175737082361482
0.42804921864505574
0.4841995216892304
0.5286549956023285
0.42892992611831915
0.5187419692186486
0.5525168760102583
0.410561043642936
0.45989118150979386
0.5397969888737616
0.6472526961469999
0.7355718204685506
0.7554885738771708
0.8227051894310482
0.848464290000798
0.8097788547086803
0.608316009265468
0.8088961173733804
0.8948178634528305
0.5932931919528811
0.6218916962507028
0.42922335295263814
0.43143318270891795
0.6018617751089905
0.4677550169212622
0.47255900209403917
0.5915335965137835
0.45976882794563156
0.46272681867853976
0.5791549028033959
0.5239066140031501
0.4331139386051669
0.572362855697828
0.5151278862862291
0.4593684108745708
0.49096675924623967
0.5064241111432894
0.5832233690371831
0.5720944874639221
0.5118338946486355
0.48916956609512596
0.5025747571476595
0.48770282684906097
0.4997972786852998
0.5790645541950046
0.5458961871984465
0.38438453997692157
0.6049809982742813
0.456010697924987
0.4881899527422994
0.4617583003496518
0.49291306139370444
0.47189042415139115
0.48569299351321726
0.45734736827197553
0.441037708387539
0.364109927487345
0.46261008788381686
0.5150563673063602
0.4184883443254081
0.5047679575022089
0.5108342525664353
0.46713299764132005
0.4676982579095557
0.4665207369854524
0.49752784805537725
0.47436081035543703
0.4357486552288754
0.4769219665019667
0.4458278386236135
0.435586392139913
0.4788157067122651
0.4676211398403597
0.5124548336482037
0.48840615310545327
0.4591835351727061
0.6074005404981326
0.548581194538633
0.5594892506101246
0.7372185039999037
0.5503528714349275
0.6471844605322918
0.7096217165244751
0.5354931411070294
0.6814377165073389
0.5530386444513422
0.610632856607134
0.5784250594755167
0.6626288292593616
0.454257543492006
0.5466879602883332
0.40403387615343844
0.5277032953998565
0.6533954588070372
0.43418079614883914
0.7234861647279607
0.749258290045823
0.41976396309874525
0.5355117821723152
0.7877698063163681
0.7178762195715013
0.5738891688160155
0.6023060735596963
0.5096031995268879
0.38111353021413324
0.49566369144290534
0.6940486286005407
0.3817878647964802
0.4625678196957848
0.7299328824117566
0.7437631090070747
0.839775760196873
0.7329443181442494
0.8330053631016383
0.7482394336309199
0.6386200750584395
0.7192869660916128
0.6929867097310632
0.736269202966255
0.653227920493232
0.808902904213123
0.7552698780662721
0.8983832714690888
0.852163432033679
0.8111790850007216
0.8131955746148669
0.8272399275889064
0.8016593916600604
0.7636952102985458
0.7531254918640906
0.7781956857474956
0.7947675761248332
0.7319615579931569
0.8465940148229824
0.7854491767555097
0.865613120205725
0.7808023731243683
0.8491739415427689
0.770465922800131
0.8125123857507633
0.7731401956010197
0.7809475366841414
0.756345747524662
0.8083023887314871
0.7918466583880994
0.8317028770150301
0.7352708262242769
0.8624667395596981
0.8292875325315742
0.9011009383782469
0.8011207580734006
0.8705838830226488
0.7204498612037376
0.8758629887676127
0.8557178585335333
0.7591592053492121
0.8368198419136149
0.8757281905525054
0.8369837014914674
0.8739119996975018
0.6814862947842117
0.8507434026356999
0.8145613120377011
0.810651157776223
0.805906763097509
0.83586331684868
0.7557499122114465
0.7686865850271998
0.7722379868178009
0.7641450139000172
0.7276224068089112
0.892096765521696
0.8142670996664529
0.8679669882812531
0.8534977127041814
0.8368077701771934
0.8057692936669016
0.8431584391966741
0.8320576456717144
0.8191297155345552
0.8383163629507369
0.7833340726935797
0.8774520840732201
0.8051119753515555
0.6694096243653095
0.8652623177864562
0.8242515290847537
0.7015542428433683
0.8319163662225653
0.8083140355347112
0.8483106446139324
0.7003285794567098
0.8379037961950434
0.8026189602492211
0.7455300068105213
0.8084968419345484
0.82154762578043
0.6976866244713195
0.8109042437474134
0.8086586139056786
0.8227682279509478
0.775918717358547
0.757437047374641
0.8217786897210877
0.8713388178116086
0.7006556850804233
0.6737964213994581
0.8137412343460866
0.8537712925746354
0.8530135704889854
0.8554744993768603
0.6934412340364967
0.8139055258792682
0.8355792090779619
0.8321574615851981
0.7137310167084285
0.7724546400207974
0.6895296025183308
0.8642635309980795
0.851035251198355
0.8865889615490129
0.8401664965410459
0.8123535065166968
0.8165612044543841
0.7482642000386126
0.7950870040989875
0.8152011170598701
0.7573094384116164
0.7532639015208827
0.7934289648326291
0.7459189242710625
0.7220458285177136
0.7625412624738335
0.7489930528626559
0.7829050707562977
0.775003922947334
0.683499793625991
0.7195056486596519
0.8066435647196641
0.7689014118799815
0.8035797152819495
0.7896812125942425
0.8142513969245948
0.848598608549154
0.7200494601332472
0.8071560228734135
0.8509416183004865
0.7374374508357739
0.8660086999798929
0.7787782610275094
0.7835481919490112
0.8220116648009905
0.7278900601114473
0.7594823463451199
0.8220773444470678
0.881853564775142
0.8674840265374998
0.9086058425254596
0.8109341249100277
0.8535321590900297
0.8951832830055944
0.8538582733820665
0.851143547752392
0.8749444402844592
0.8166907154177145
0.8702507126532621
0.9062029742545296
0.8942203909984835
0.8824911425380644
0.9194643728497237
0.8979089677986821
0.8625358740475433
0.821562204652577
0.8704815419429577
0.7816854019106714
0.9093725164826324
0.8303253654985021
0.7617582921086049
0.9011190837862703
0.8813337253953057
0.8861252486252829
0.8381131917867353
0.8747115670926262
0.8646243874539254
0.87757385345506
0.8486617946777929
0.9069990496181926
0.7777052579564512
0.9001957751410155
0.9007603932550912
0.7755683304461087
0.7456772060847916
0.8376828926693679
0.8295893007896389
0.8315835941951379
0.8253355152900141
0.8139833903307067
0.7947332704525265
0.8706349864399718
0.8719380963957488
0.7267346327467341
0.8157315384933596
0.8772006832910921
0.8006300348842791
0.8914296461045867
0.8221124116941143
0.8350248708145522
0.7542832565180833
0.9054174675042634
0.9012190478106331
0.8928217045032734
0.8303865042499243
0.8685180808199938
0.8927593347787597
0.8236127520164229
0.8272981639975054
0.8364279698618577
0.8383487618422452
0.7182748438142683
0.8767661890752578
0.8231766738025533
0.8485315259331927
0.8088348595270443
0.7521737798725942
0.819523148299349
0.7636854046873409
0.8085114289110333
0.7668078024644804
0.7561016794944089
0.8125040064582836
0.7479434903762333
0.8039528269686269
0.7504730203276648
0.7120377956444217
0.8247208726789772
0.8278692152814111
0.7523062892756806
0.752878019665085
0.8355982793055436
0.8177036928116646
0.7959767592008014
0.761410701960216
0.763564900925263
0.87146380753731
0.7980932773625631
0.8189836347166708
0.8052647574010229
0.8937274717822226
0.9043865794554753
0.8526754646298034
0.8766577336436021
0.9068102236714352
0.8421689428243617
0.753599760402693
0.747983836541936
0.6996172319327685
0.7398519387992845
0.7756651162252801
0.7737109207014183
0.7753472626785348
0.7248332554454411
0.7512657250729193
0.7424245484632992
0.7476990646006825
0.7449166058781546
0.7156573416105407
0.7116822757014813
0.7234765052992378
0.7573154111834615
0.7265511427812857
0.8061216481787199
0.783317998893176
0.7537326877828476
0.6932893378423544
0.8219833241527175
0.7148643195155545
0.7787306450030429
0.819549551509624
0.7647323275009162
0.756311293651976
0.8456584595734806
0.8596623747321365
0.7587860733231808
0.8532465931201014
0.7746006414866686
0.7715738449587493
0.8641019284157263
0.7705047646104094
0.8310290790231176
0.8189588558896927
0.8167238189944823
0.8685470632044582
0.814405561719008
0.888856232387203
0.8272126051725879
0.8849906130447716
0.813208352755737
0.8335372810168669
0.8369945776661294
0.8291515817894779
0.8385454002810884
0.8936775163371636
0.8932845524496857
0.8310638701547843
0.8355235991402461
0.9014473328636561
0.8986499688913547
0.8659629655310572
0.8849125457859035
0.8186975919991957
0.7581198156240253
0.8297516070611819
0.7546628653060015
0.7236975041253745
0.8313716591654277
0.7927659837447947
0.8026935960939932
0.8471832095542402
0.7483302524212468
0.7143908656010032
0.6876939798970424
0.7717606342887449
0.7701887085358174
0.7665366080904498
0.6611983716489215
0.7155546136027884
0.6633149811315919
0.7003386919462876
0.6837664211314061
0.7135793923443726
0.6678340731800922
0.726572390340362
0.6769542420411989
0.7770994055434894
0.6518030242395687
0.6777460832891053
0.7101518755826286
0.7863292972060492
0.8064252833268619
0.6642302712013476
0.7245898925520295
0.6822275362202737
0.6646431024943745
0.8205697682678842
0.8178391197135465
0.8022697777975245
0.6945004647788926
0.7276970696329947
0.77660406633151
0.7513270937925105
0.8082745932360097
0.8204171349831678
0.6469637299164723
0.6188845869086455
0.6952306892903239
0.5906785505461222
0.6990033942115988
0.7268369499758329
0.7155795719238206
0.674125721191706
0.6834557148239926
0.7287174670508665
0.5884715459093117
0.7336098628520848
0.7446234961126735
0.6577784854031709
0.6674285329556127
0.7196211437338945
0.6930738027914456
0.6363608056078988
0.7144553038893131
0.7068294191297606
0.6215361913688092
0.7193432351431087
0.6809969756674734
0.7037506720993544
0.7387147907965792
0.703807061784557
0.6391368323581389
0.6935393910447638
0.6912402853103738
0.7961918035540276
0.7669995491637982
0.7506187784486458
0.718844382532378
0.6561071627379825
0.629841937592849
0.6691176001692247
0.6725598457813515
0.6611933606006839
0.6252275038186819
0.677928194549097
0.6764276644794647
0.6447991230793725
0.6733007508053197
0.6750313604112501
0.6728061012157459
0.6027229063482864
0.6824340855351341
0.6763431332698956
0.6167591123021257
0.6643545350907316
0.6337224920740254
0.6905314092359185
0.6647259348204216
0.6348015361297066
0.6278082402613031
0.6400560854131113
0.6705574326556621
0.6545378783663679
0.7943904811514784
0.683302896215527
0.6901213435787842
0.6988545170752447
0.738335302097836
0.6316456103623919
0.6662405427609661
0.7611749463874393
0.6228747707376663
0.654966129369992
0.6882106350328976
0.6625703325502194
0.6759895664265054
0.6200710303974222
0.5561310420158507
0.6340542227396151
0.6408049104060111
0.5929909632534917
0.6424519206364254
0.688437022563545
0.6702829185341935
0.6538885497342253
0.6302209479971819
0.6254203170001633
0.6300797024876965
0.607644842406615
0.6012404047062958
0.6442430088139337
0.6531542112563166
0.6626645700033442
0.6413485674984793
0.6472051755679163
0.5972337005643372
0.5719188927514732
0.6265859847413608
0.7843889421674866
0.7220194978136378
