0.9912527275339361
0.9500218326285659
0.9687420332836405
0.9764355624233053
0.9569849530237386
0.9919428258204733
0.9558823759963855
0.9810458999695899
0.9648842155592694
0.9540569136650077
0.9636193682311034
0.9522543502675592
0.9666102916028428
0.960125863704386
0.9576751571616571
0.9762032660490028
0.953381460848394
0.99027975194182
0.9804800209035192
0.9780735241323335
0.9872011577456309
0.9517727095096913
0.9720625818879463
0.9686576166256442
0.9590614665069189
0.962575047853196
0.9661382217449475
0.9561391825021638
0.9643659697963988
0.9681561630345316
0.9872986271423246
0.9872201719282522
0.98554457438075
0.9856331013317058
0.9576358895475904
0.9812559264982832
0.9853973498015863
0.9798399082016243
0.9807833437075337
0.9814959530970244
0.964208802421536
0.960689353888611
0.9572432344128659
0.9754301339432128
0.9844037121467093
0.9534066514604049
0.9588805198019807
0.9581644303663284
0.9665074531393556
0.9283079480809214
0.9708437213391559
0.9575992365550452
0.968381837485383
0.9439109468669611
0.9489416408070488
0.9433734488729301
0.9457674794571843
0.9395153873852198
0.9686857888652202
0.9617164359645458
0.9459496546161557
0.9556991730833981
0.9726972258553435
0.9633859190502925
0.9672965356723485
0.9867692548525469
0.9711392842971571
0.9471846933254533
0.9258300461711655
0.9269822870139308
0.9399284660391044
0.9550635446690785
0.9514380001424697
0.9434995009830852
0.9245252905300099
0.9445386274833762
0.9429489628197676
0.9547142709067025
0.9297402360492698
0.9326416733441527
0.9414655152047351
0.9477543323765896
0.9361373942558032
0.9410362191992123
0.9486738072099891
0.9517033856149987
0.946761758384832
0.9510758107371482
0.9487567806668067
0.9601915615883401
0.9533962726904475
0.9587617201146194
0.944839322082693
0.9477488161226898
0.9603809531501832
0.9540338344390759
0.9317393094144718
0.9524591885843301
0.9407515713006208
0.9314042798190152
0.9319844452295634
0.9364400311496809
0.9365776444823615
0.9388046414085288
0.9387344146518983
0.9414594148761113
0.9320613869421919
0.9443237207393003
0.930580014091398
0.9366680453798495
0.9267306816864649
0.9366307025643676
0.9349381368621231
0.9420787752119548
0.9340278393088253
0.938565222196834
0.9429450464844902
0.9503108148757526
0.9488154155288944
0.9470361492578658
0.9515292414666547
0.9430948717243048
0.9538825382222518
0.9482933879817315
0.9443937687249312
0.9464369167946238
0.9634140501423878
0.9664235330400588
0.9495891755568657
0.9232189440680192
0.9245648858257944
0.9294615046980985
0.9334966387390986
0.9274706146989209
0.9332760944094778
0.9145584863195904
0.9412088479118904
0.9436139070787051
0.922535573057752
0.9170380212616107
0.931762164798114
0.9267115908634302
0.8978712331924795
0.9176925671063147
0.926018964442803
0.9602893930098955
0.9717559987407574
0.9595159087288336
0.949370017986854
0.9710812474607193
0.9698562978080147
0.9372134113707113
0.9299888218969188
0.9418721255464073
0.9658770369268169
0.9740872372156935
0.9319678635683892
0.9625100294850011
0.9754319726022687
0.971264568890081
0.9630117029504075
0.869413680477569
0.9135678233851172
0.9295763188053701
0.8965847698077891
0.9363382879649877
0.9074731028908167
0.8669998384252138
0.9147990148357086
0.9381611558753046
0.9331561016094643
0.940215641284366
0.9318943180692784
0.9058949259628377
0.9291559730021361
0.9247812761205589
0.9743122126783478
0.9789979400531965
0.9740479389053338
0.9758522189344454
0.9408937651829715
0.9798878273293212
0.9720766225597779
0.9565599537716166
0.9661708341148236
0.9350578959464046
0.9742943568462284
0.9749205009963434
0.9080479336636121
0.9225858641484481
0.9276832681844799
0.9327621267671546
0.8838074887232049
0.9081384868737301
0.9174096747791378
0.8884456431124491
0.8834710459760916
0.9137181896958542
0.878362638755932
0.8862124070307089
0.92030504091587
0.9203683312232065
0.9190241756108165
0.8842600927442568
0.8738343247758733
0.9102733584610185
0.9088441384860437
0.8998581532689973
0.9056774613964342
0.9223925315901857
0.8818254260399429
0.9119764053165427
0.9048596937255733
0.9201678096664485
0.8873196830391192
0.8928528644939582
0.9062415172012813
0.8746518760744593
0.9088897279284678
0.9203760445449796
0.9207711066648827
0.8991806336230451
0.9080280889927097
0.8500884804516716
0.8526080425221367
0.8541817532293828
0.8665017936410042
0.8604474988209845
0.8121020892592545
0.8484203467966623
0.8495962145322089
0.8534560008205514
0.8421785270394764
0.8438181135570126
0.8378110867359325
0.8737157080457747
0.850315057096642
0.8264647891313761
0.9476178093338576
0.9367649318963732
0.8505894632828028
0.9294264314268867
0.8829240679408659
0.877170190231729
0.9309261262619243
0.9131116377113211
0.8440823459301368
0.8807843721514691
0.8415578602637646
0.8818413858675453
0.9424788638022068
0.8907605425873796
0.9496625666501204
0.8625751025797834
0.8177087831819299
0.7478673958069074
0.7948957099444032
0.7995753892526892
0.8036386374342992
0.8179246304280472
0.8362797523166963
0.786391262546577
0.8188393949232445
0.8579725192558294
0.8517195162370732
0.7906626389282354
0.8400160435083468
0.8285915121415368
0.8694662650832323
0.922970596115541
0.8867597738877426
0.833530475250903
0.8333037109575212
0.8619915218059875
0.9138892517291228
0.8847508573483872
0.8774315186486641
0.8688353190730543
0.9145243630200781
0.9027031367316916
0.9323785073009481
0.8704968866449165
0.9184500122908639
0.8835747198434214
0.79728544503519
0.7228751888792171
0.8241422400744824
0.7547283154723281
0.7257189950694655
0.8064545985219826
0.7766701535136523
0.743898612873585
0.7122780433006735
0.721310724352151
0.8172484010730673
0.7067550996356052
0.7655646745189147
0.7683499355756698
0.745956297972089
0.8413955255722906
0.7431275807743223
0.831753149417082
0.8420503739541969
0.7027113945380523
0.7160297194737619
0.7381531729993694
0.7188728758764162
0.6857584540046798
0.6700848366103994
0.7345285068948713
0.8253392201932925
0.8438215309135333
0.6981099767135152
0.7979900313179741
0.8957937592424102
0.6448391618206291
0.6984760791075778
0.6658788930028573
0.6578548966622784
0.6829626861214926
0.6109713268487178
0.6306418491934469
0.6833814114972567
0.6114346607484902
0.6558568016491919
0.5951838849553337
0.6828613504774741
0.6792614958175183
0.6646101266909449
0.6826192425527622
0.643361977267649
0.6046057781127532
0.6476252901604014
0.6005579531314522
0.6913378225203033
0.5792458598751478
0.5919894687374186
0.6637077216931021
0.6111490218213547
0.582407054288633
0.5990838361682085
0.5971323950758649
0.6572414200180221
0.628743377438608
0.6823615888896193
0.6055489029477316
0.6036714066954858
0.6077077659366947
0.6316703192809481
0.6588032768904235
0.6481979748100001
0.6126803940973518
0.6183904673621837
0.6267048385415124
0.6138030056217065
0.6050462164860582
0.5948321988451788
0.6031169376297031
0.6382403496551539
0.603558199604902
0.6047932206153979
0.7813735274569409
0.8339303733691563
0.6981080673272766
0.7877166365682702
0.8056733722505083
0.7366576879576534
0.7695110994591052
0.8052900130689236
0.801454597383819
0.8270257389240457
0.7481201016136085
0.8053825642059411
0.7644089453578826
0.7691561378708374
0.79680084732327
0.6892563776058478
0.777904903353731
0.7062218823414002
0.6977946809720932
0.7201160965713798
0.7698924163237821
0.7108547545284327
0.7791231494438846
0.7593949804114445
0.7070803250062347
0.7278013678930562
0.667571996734652
0.6724600707827713
0.7168904966484231
0.7397346130079018
0.6518612254089181
0.8606164333113966
0.8930149596018684
0.7849377309798463
0.8804977848390012
0.8906224044527091
0.9311276720638919
0.8998205728553761
0.921656920032992
0.9156865656300944
0.7810479479869157
0.7839386082808513
0.9468929930710934
0.9095239679608451
0.7513868977040783
0.9158623446719011
0.8750724361264912
0.8968108711889423
0.9244777611205144
0.8281550194605006
0.6421930920830444
0.7560171522857604
0.7289672050694395
0.7376023902005577
0.6772775813672856
0.6631503310099862
0.7817345191832659
0.8590802698940841
0.7715796071377852
0.6367132218556855
0.6413189433542895
0.6913772527304598
0.8084243948297061
0.8382922473791744
0.8408774209840426
0.8048267875477415
0.7887895983960147
0.8419532018081048
0.8351247824355367
0.8995733337505725
0.8267463251975675
0.8676518665868593
0.8212517707211149
0.7989004188976334
0.7775553434353195
0.8721213752360251
0.8457207933040545
0.9019513734368368
0.8488346588034531
0.8871072370564965
0.7970458978696982
0.554953171118751
0.7898305648951082
0.5429641406433503
0.7415274763556259
0.5530148010664927
0.7675012655892396
0.5467536522761482
0.5988943199642056
0.5505983154555213
0.7530507606583141
0.5656658245010725
0.5644480802514248
0.6398131887892341
0.5331828231427377
0.8535838483759633
0.6126651092529919
0.5740184435464117
0.5961018122801118
0.5508667612124662
0.5555895027460432
0.8619920868277529
0.5685101939861574
0.6114373232142875
0.5734019226222907
0.8255628692132465
0.5620338376120939
0.5950711996325444
0.552135815126905
0.6627234770092647
0.8010340392676911
0.5711781618567522
0.6762503544913007
0.6040168220229288
0.586279405520479
0.5781018822976444
0.5329309974542656
0.48828309043925167
0.46992750935144956
0.5187886449431602
0.5113392886764871
0.6218390165499954
0.5152469623574143
0.6066171959816713
0.5445167862148751
0.5430606626448929
0.5761638090439126
0.8349785518036772
0.6610250775117573
0.44781576405360446
0.5054890503956584
0.7828289182682722
0.6756940029973368
0.5245710716413939
0.5421400724198785
0.5288103129474597
0.6232101071961925
0.707101651216417
0.6088372092999297
0.6076001474324264
0.6525218174917211
0.5112565042686765
0.4615390070623402
0.7548236563286953
0.6418648166093744
0.4523151793254118
0.6103952143852127
0.5767678808382513
0.608675279516639
0.5527522430609303
0.52350134613383
0.48437568515905244
0.5653294940673455
0.5980174682936426
0.5502488498248894
0.5884411921657893
0.5260416873949576
0.5215897426523958
0.2932741783335501
0.5248068626768548
0.2696447320985755
0.5199096889908305
0.4355598355742071
0.442872816647226
0.2606180502366429
0.49868625938034594
0.33476352453498837
0.45684418193908055
0.4232246898360352
0.2932377656625074
0.30840315883534847
0.2528933985881946
0.5258671665660217
0.3627695851460834
0.4897628020199106
0.37035594237651
0.27886775995457064
0.2832129761952986
0.518578772369931
0.19893355367793764
0.2775537510368997
0.235351591948798
0.3653703571107838
0.2948826232063909
0.23101897408107885
0.2529411654009147
0.21893726716592898
0.3737710945511772
0.17813261875612912
0.22527250660162174
0.2014853210978087
0.5662998636478365
0.2715073257052921
0.46839444568117045
0.3848710163638233
0.37950317054930066
0.33758739294563944
0.4143233325509628
0.25205068275768405
0.31831913076990925
0.530673443877893
0.30413701866171566
0.27476709151654455
0.2893378551798449
0.2967386550238683
0.22854695534103486
0.5381916574193575
0.5841953670651079
0.24301631783727345
0.3991431048100599
0.5191775507651049
0.28509026166512313
0.47636116904523534
0.472172967096553
0.4163496237398403
0.5207030548239537
0.4327249900155399
0.4619748442855754
0.5063398194974762
0.5360047697065952
0.5933635541668119
0.3793050363854581
0.5110049290216674
0.7829528652341868
0.6868946344994463
0.852017043592862
0.7329256723246256
0.8578286818050298
0.7773940522978409
0.6659698581833717
0.774418451536231
0.5638520534820907
0.5798661098849215
0.6496232472409732
0.7743869827872263
0.5385492081200893
0.5649482768767776
0.6818322333203332
0.7662277525613942
0.8019600532810668
0.8364436340588601
0.8275876818063064
0.5823074629454563
0.8996953098105943
0.8772496481274259
0.5889161298784882
0.4958273368758773
0.4568833276811458
0.462639985311149
0.49252835804709916
0.5057957537675342
0.5562273813908005
0.5477461046319361
0.46671181742141954
0.44165107519835567
0.5139439153556167
0.47662145513938403
0.5070308198880027
0.5480355865871195
0.49561456477056265
0.494145757200505
0.4672120910424168
0.4832322255818697
0.5273135536157827
0.477721715860044
0.4721570813446918
0.46280730789369456
0.489866705117273
0.3878263824044636
0.4904948890924511
0.5206310257187043
0.5515541926058224
0.4248921244000143
0.5301066335444282
0.49387597868094396
0.47436552046765246
0.45378058773281815
0.49454084041186197
0.5118362665379788
0.4818338982064674
0.46178870939491884
0.3662005602262213
0.3991405753868712
0.5220027147804391
0.4918728090728176
0.39864983162642686
0.548219957015442
0.44890330514052
0.45472962800023403
0.5451141027346926
0.5072574473143554
0.5563035878808744
0.6922640347574591
0.5600037520838437
0.547262005730261
0.7125895510242648
0.5397859865923885
0.6681140312434832
0.5088607533930144
0.6147064270795579
0.657769922879013
0.6114976962423808
0.5574132561926546
0.619505687813427
0.5648112135044812
0.6253960126632284
0.6992985126985212
0.6038438630821301
0.7533488084166913
0.7590265269820025
0.5138920279936423
0.6045088620608878
0.6830029964019033
0.7095023916500028
0.6127197730448571
0.5869068359592463
0.4221801030416819
0.4136977051882213
0.4938119960913084
0.6981177059938398
0.3721351395442626
0.42171394001909557
0.7219149413951771
0.7775949700245499
0.7619385624726301
0.7623408488804433
0.7069958563185622
0.7732549740771395
0.7750623333859914
0.7219113523276077
0.7116742312757357
0.7306085619164085
0.7358808924668689
0.7424412358319107
0.7782921002092558
0.7904083895620547
0.7519356886425141
0.8281487912266056
0.7044648872740296
0.7976515993586475
0.7640538124416218
0.6603637440476652
0.6761428795039784
0.7310854922613774
0.7897315252727093
0.6874254903730759
0.8493573508324516
0.8593515608116485
0.888258592415736
0.7619673606396605
0.8938173802269637
0.8520151181355855
0.8199978347821582
0.7899970799985209
0.8258912299435706
0.747674052462266
0.7850509482235889
0.8055001071454448
0.8742620993094069
0.867204560534788
0.8172878085268885
0.8244701097306697
0.8700098097707523
0.8441258869406904
0.8046714356438596
0.8466469472287976
0.8411204260846173
0.7813707324057608
0.9073706207560934
0.8616704282912997
0.7863587256193876
0.7456760864087115
0.8087554762414113
0.9010631471235281
0.8213515670839482
0.812365298781013
0.8115420858549234
0.8462084799136129
0.7443088687638393
0.7950607440205586
0.8588003986268506
0.7753975420069653
0.8796818553042318
0.8490069968990384
0.862367358453593
0.8755958882473506
0.6810735687814684
0.8657476537542855
0.8613476196944947
0.819958896045735
0.7738134752737693
0.8414423399503401
0.8808187975235193
0.8407162156953193
0.8170150634262875
0.8467928614781428
0.7966265696763162
0.6488696195641579
0.7906440442431909
0.8052920958418466
0.8270495087658456
0.8212249367073998
0.8795207259243218
0.7684249581904474
0.842681262567472
0.8345550348876071
0.7755315419222149
0.7426746611460603
0.7953930468140602
0.8707107698724379
0.67663430876831
0.87787642393636
0.8397171517296833
0.8559665451743184
0.7810484359384013
0.673729488851077
0.8077155494027213
0.8121674293460545
0.652099200114076
0.7928764591764937
0.8451254038181797
0.8393879766471734
0.816071166032855
0.8016020663501535
0.9120581817454831
0.8961219429207194
0.8289608951801924
0.8598711658076035
0.8420097353578317
0.8330613578456502
0.8513693959050033
0.7829586370373081
0.6755345627339291
0.7265765193101201
0.842619823035005
0.8736474154868356
0.8347578246950171
0.7259835291821178
0.825858371415912
0.8545194440068884
0.8955919801298586
0.6434190363434341
0.7747372037040908
0.8596511644684017
0.8893094648878588
0.8491637423678458
0.881232216038217
0.8464654591118141
0.716323569489941
0.8338522965242124
0.72059790462379
0.821884095567372
0.8146734370631185
0.837407339012539
0.6996960014596092
0.6474691611785298
0.837824903929024
0.7079699641427855
0.8322741132379418
0.6618523921704274
0.7826077215859635
0.8678811385877413
0.7469373039785305
0.8843164708395936
0.8208916750543342
0.7125245727338962
0.868125629775178
0.8358018297337334
0.8043068958084587
0.8027496367363229
0.8659635247758253
0.8120053850070399
0.8351064327697766
0.8247351007990535
0.905367708786393
0.7330677508247869
0.747298958534274
0.7872236073153656
0.7093712844112153
0.8994709654337965
0.858932354790656
0.8672767728855875
0.913288672074769
0.9140132685737818
0.8244904573924008
0.8987937071918685
0.8883525578992895
0.8767664670948203
0.8888951901842498
0.893338878983301
0.7568501975427444
0.8176019593110576
0.8918956429119526
0.8711282216946582
0.880050299153776
0.7764631908009154
0.8482708123812298
0.8878417700013606
0.7355793428175579
0.8483962222960685
0.7512739871456617
0.8876181049075774
0.8633043951310786
0.7846744348632217
0.8109992455522849
0.8662012524745744
0.8799207942273718
0.8744764559570402
0.8944978675575593
0.8743160249816222
0.787559730160813
0.8235284670371474
0.9188212324789479
0.7300211730576187
0.7839771071241537
0.8291468763800579
0.810065937519364
0.8977201889654302
0.8449181153949442
0.8248887904796762
0.8725525711660966
0.8000097713474011
0.8379375373139473
0.8481262216328993
0.7978409097527536
0.8686613932337156
0.8924245081924551
0.8220434301386357
0.8549940119013579
0.810974882261449
0.805814886480688
0.7177440663344195
0.8595502140044741
0.8149423354700283
0.79914410445565
0.818330089095482
0.7369817771685313
0.8603497183438024
0.9153883110769607
0.8235835839878658
0.8589196815737058
0.8826937082002695
0.7797299709426844
0.8864954828910663
0.8963465980460236
0.7950799497963474
0.7672528809160852
0.8529304281735761
0.7257095504489108
0.7499725654951601
0.7460769723303411
0.7644609521969902
0.8588676786082019
0.8077351301605873
0.7599530393863021
0.7649427797203484
0.884271416068764
0.9070740745815165
0.9122439184591764
0.7943284608529293
0.875533233754175
0.8751745691519096
0.8376013855311027
0.8762284103094578
0.9128079470673427
0.7472057098417813
0.9133936774430628
0.8758822964471247
0.8974220796306716
0.9297788052393061
0.885640228685714
0.8740031737772008
0.8509510142716553
0.9081279303155906
0.9204456125574393
0.8166843287142693
0.774130737244547
0.8280857576055833
0.9030674248775734
0.7133988183957383
0.7310021758303118
0.7492737980482258
0.7383126025114973
0.7300555091105874
0.8104562831158587
0.7003371934354683
0.6812615528808613
0.8189084229133601
0.7374512632067061
0.7371135150940266
0.8542193001931739
0.7540923787937267
0.823188723577712
0.8090174338435716
0.8613556518296079
0.7629300254151845
0.8650454632485582
0.8063479256635226
0.843788048969573
0.8191287806609093
0.7541996643319901
0.7749685632581079
0.8608091777117695
0.7959966734467212
0.7482984632368714
0.8595159626159362
0.8549839138306581
0.8694529016652668
0.7663169152618117
0.8084842707818573
0.8321608065897343
0.8594560957365784
0.8512119227286022
0.880040403095047
0.8627731649531698
0.8246704348413523
0.8131940287043229
0.8352049699639285
0.8591183058258041
0.8978761959145023
0.8446509968944511
0.8865404619990609
0.8251161383280787
0.8017598867391836
0.839316947564904
0.8095806363280693
0.7251989607959859
0.8647806418763596
0.7391525634642098
0.8100139412639852
0.8665970536776284
0.7550806762691225
0.7513313538069188
0.7910219015143607
0.7721173008676441
0.8605677823312514
0.7528126334408533
0.7991422031954472
0.714785829219163
0.7311334428364077
0.7050148090957038
0.8222301927169652
0.7432955971439096
0.8079037103181834
0.7166198141772677
0.7516386863141401
0.7367642729664424
0.72975781624064
0.7096958040116355
0.7613295395337444
0.6974692670312613
0.8049505387625777
0.6731091011963103
0.69819215379919
0.6608447978327643
0.7459860814461747
0.7501985906819862
0.8105956372976781
0.7768661990725679
0.7323834475023482
0.6808566516435968
0.8024817961249152
0.8084633522259125
0.7325857270805894
0.8289118135253084
0.6752189240348099
0.7277308661886732
0.769514764176585
0.6781031177473122
0.81841480336309
0.7924555246406212
0.8121955031861893
0.7418815051450387
0.8452119057040355
0.7476622447384895
0.6743836381105361
0.8122010006495416
0.8300962608058235
0.646882679909122
0.6746015776261565
0.7006531552275787
0.6106507903838838
0.6123856712253275
0.739924787855863
0.7065972302780537
0.660825409453047
0.7052322980945327
0.7158457582928773
0.6637351066641037
0.7646187344492734
0.7676744182222148
0.7785775866532071
0.6318260849170072
0.7846142554923627
0.7741258317667095
0.6885526289384014
0.7156370616435181
0.7540199843602435
0.6092366909758755
0.7641762879999955
0.6729752136897709
0.6997047641285083
0.7793055887835572
0.7744424254979548
0.6295162335072688
0.660689595676325
0.695378591092227
0.7920699351565879
0.7155814426206847
0.7314912171556139
0.7070239438484966
0.6807671274058937
0.6746273958941885
0.6097840185208433
0.6538496220856957
0.6248355359684158
0.6735599644869608
0.6182278957057118
0.6324623956665101
0.6406921712360494
0.6480624523282652
0.6771481394039331
0.7161636612300107
0.7906410489998363
0.7051966085304792
0.6806234408739811
0.6510477001627835
0.7335639242524066
0.632067722957399
0.6539606412713143
0.7798768582597467
0.8382667003989015
0.7056088084439807
0.8339984160893277
0.6371054660539154
0.654701382875794
0.7610518551075489
0.7611287008456635
0.7047744814630914
0.7313689184901959
0.5864472305594053
0.6394436034193732
0.6672227000269416
0.7168734111819957
0.61215276714556
0.6496239811162385
0.6715055953486382
0.6243690514469685
0.6747796382887
0.5751221266681626
0.610498089213384
0.6437531291355663
0.644851472596081
0.6007095988139557
0.6585065571176456
0.7722014053833768
0.7641303894728927
0.7044617382287592
0.7566909535208246
0.6046530736582945
0.7067448681090752
0.5899007118953083
0.6296602034336334
0.6515355332231785
0.6723642880220788
0.7081353405161595
0.684876427478649
0.6348474639763588
0.5925112194746889
0.5585889919358562
0.6156754011221026
0.7092418936147418
0.7273759230588925
