0.9699046414088116
0.9930866948624443
0.9769745954139418
0.9881864482815707
0.9967357015051244
0.999730620984747
0.964849513169284
0.982050192138633
0.9712351481676604
0.9970765325729805
0.9911867844660461
0.9630370555278887
0.9765913827585999
0.9768188743556987
0.9697078873734234
0.9675463929570625
0.9927923421675107
0.9562281538602092
0.9968381919382183
0.9812339853716678
0.9796863655625916
0.9943102931540305
0.9976523513760183
0.9936945441676819
0.9969441695866319
0.9804135222639598
0.9720387057361254
0.995566524650555
0.9593809206488924
0.983238080769866
0.9693114459749976
0.9871500382158065
0.9648281274030429
0.9842981578768116
0.9619152678972656
0.9719647086929772
0.9819121599845638
0.9773034647569862
0.9726968233556157
0.9705711428728865
0.9578245265711745
0.9621649222839886
0.9601187479061641
0.9784704426509576
0.9899499282953885
0.9679676500635369
0.9602613878477096
0.9757726249748431
0.9631475403787686
0.9753630634499362
0.9710496071026407
0.9823278944190076
0.9582282044295095
0.9884744174862272
0.9719229196888359
0.9653377723568823
0.9997124147581625
0.975297633618343
0.9997023944729587
0.998579617063811
0.9848496810696767
0.995899205139975
0.9987815551601454
0.9747933899938261
0.9760650777350914
0.9929939594139376
0.9930203142385241
0.9993867124758822
0.9888208729973613
0.997765589920756
0.9911481655930356
0.9997254526171513
0.9931359473455168
0.9987519513318575
0.9810405623153233
0.9952441048933252
0.9988234442778121
0.9968954026773047
0.9984198344750358
0.9769559663403145
0.9995320166848309
0.9990500208301625
0.9949598428072088
0.9977572711221376
0.9851532314402438
0.998445834910616
0.996987898331998
0.9995428905647707
0.9998973422429878
0.9978698179574879
0.9986211960419588
0.9965931639657873
0.97776877135778
0.9908589508426623
0.9927540331711466
0.9897081479643095
0.9911092221642753
0.9772590986056672
0.9700420711038787
0.9672441117774964
0.9961853550320499
0.9548924438377986
0.9742519591197889
0.970201148203871
0.9806301936090984
0.9601738537625975
0.9698321193350388
0.9705882293341423
0.9539842635931293
0.9702507748424896
0.9768810539520354
0.982648922519606
0.9564370015441066
0.9712188464674826
0.9850877321040046
0.9795579184961852
0.9856425017357091
0.9928180448757619
0.995361556978289
0.9671349470649784
0.9633323156408966
0.9459731735848333
0.9532214704877899
0.9751617224361113
0.9755257041571325
0.9580958879854675
0.984374736951387
0.9492905372228083
0.9516618617061677
0.9724634414719646
0.9680515200314921
0.9550738621537325
0.971906513146061
0.9671922761410963
0.9668284669465086
0.9771992028337878
0.9699538958811569
0.976924998558045
0.9592921442781752
0.9771953605327859
0.956099958140643
0.9630527503149878
0.9579704802103612
0.961543470221547
0.9918254802811398
0.9630160479145824
0.978059673060315
0.9929899481298695
0.9845055945264052
0.9772145654535455
0.9752093469644294
0.9625242854088979
0.973709971898892
0.9765320083930884
0.9727653430753842
0.979977719572748
0.9748562000910201
0.9792430499171343
0.9809399125637563
0.9781137103493485
0.9892734438550841
0.9713469324138315
0.9746451518414702
0.9589312206179648
0.976689500726915
0.9766566376175662
0.9736370721148617
0.9638486061383331
0.9739784142015016
0.977095673703527
0.9584712335508749
0.9735504838420503
0.9759009590260042
0.9726617155478559
0.9767319171256015
0.9962508528616854
0.9801634541691552
0.9978462613135861
0.9777610906964898
0.9828895067649256
0.9930069048288184
0.9785511689394761
0.961580686584393
0.9686728556728064
0.9770150147156045
0.9661679270955122
0.977225120757276
0.9666352437712331
0.9710198690441441
0.987029710876913
0.965074229037984
0.9743725899672241
0.9651528937285854
0.9691672497424912
0.9691149588467765
0.971026474145973
0.9692940038039093
0.9737465245293615
0.9968039236520584
0.98187992911575
0.9764197621587847
0.9945564459184497
0.9971014180888842
0.9669687597757113
0.9761808893030686
0.9701391431270219
0.9801739712799922
0.9723504070626071
0.9858684931202817
0.9819502470566126
0.971990768176479
0.9785545746386503
0.9929407272984835
0.937321657004596
0.9597648876898942
0.9707171692154428
0.9434752087751603
0.9796906903457718
0.9639889506214349
0.9258285057715672
0.97333881863113
0.9718711202048519
0.9979688402637775
0.9793335031762631
0.9749068652046642
0.9571956196250637
0.9767354281209735
0.934882776330934
0.9785559100850024
0.9737103913797545
0.9897727957484528
0.9764506311162962
0.9566268931286479
0.9712533447719055
0.9742854310279492
0.9780984859198657
0.9772747968250673
0.9682930156866527
0.9780221093407668
0.9928847273080199
0.97173639159103
0.991450793106095
0.953879016892685
0.9871015338140446
0.9978418365563211
0.9604200764464037
0.9428604520959333
0.9336827854588163
0.9200401970991887
0.9344519063789618
0.9604171457727886
0.9327481592497266
0.9961032755945674
0.9330462891649463
0.9446337518218588
0.9249597296383035
0.9051854858517523
0.9789602922641484
0.9141349518490042
0.9313795135529396
0.9395695357365683
0.943324112705618
0.9257124728725168
0.9398735588093632
0.9568742712899669
0.986693156966894
0.9775834522827842
0.9715239510931636
0.9916343396530752
0.9743719164654898
0.9996707241652244
0.9996106155323972
0.9998838600616887
0.9997634654454751
0.9897613117289261
0.957415856925157
0.9603109260788727
0.9492363584210689
0.9667658525410137
0.9605931908991029
0.947013534789282
0.9653690804761988
0.9671348274736383
0.9651347797179353
0.9574302366341934
0.9630697697636073
0.9567748655082794
0.9691637226757712
0.9554242399761492
0.9516488638462746
0.9687029030990069
0.9886153427443292
0.937157963330455
0.9564331834645385
0.981749763462058
0.9401190119232228
0.9359918129316728
0.9556402946604383
0.9547186293704601
0.9730535644752052
0.9962278528405444
0.994539282241707
0.9727568125976167
0.9991139884373357
0.9679325930340247
0.9751627590804921
0.9366124534803185
0.9028969466324149
0.9506856346402921
0.9343125869914893
0.898507484986792
0.903667812806538
0.923391227189591
0.882479991013557
0.9531032635004514
0.9202953452579257
0.9177586167325489
0.9047478537792937
0.8758211781178427
0.8689738585515914
0.9830669081087913
0.9869632112146811
0.8898781313831006
0.9303211428683742
0.8739102504836788
0.9247487800751465
0.9202618349699923
0.8931497373746184
0.9112704085291257
0.901608795954367
0.9464274008829333
0.9997295461623139
0.8993087816023653
0.9761721206851928
0.9275449523400372
0.9889232913124959
0.7891273618559271
0.64982034792024
0.9308597789960185
0.739329028449131
0.6580084647954236
0.814103257752464
0.875657035137873
0.7390999271353461
0.6932490648326535
0.6573912901877104
0.7986380310949804
0.6664187536639521
0.8652836780911692
0.873283627496693
0.7782940685032514
0.8603854960103143
0.761794028620131
0.9260783134260818
0.8542129737641178
0.6480208123156843
0.6621508809588076
0.7215120227834144
0.7238790902939215
0.6529534577448252
0.6629328553990607
0.9728741712148186
0.785258183936985
0.9966352741480125
0.9823054781953272
0.911298620136177
0.9756290384246713
0.7641391964526194
0.8057556339730909
0.9647286869620404
0.8554910248740819
0.7353420291832689
0.8251459717697354
0.7604738884141133
0.7669017355528809
0.7946018808630358
0.668378382790882
0.7958117390811241
0.7015333041101228
0.7220637844738819
0.8576475650986313
0.8391635751468178
0.797742446154041
0.8090013581495671
0.8206084724216338
0.8254772158519058
0.9104161695136643
0.6904109767364724
0.6615685558829576
0.9429254819711335
0.7462118250488787
0.6366100163688455
0.9757191863152037
0.9987204578307896
0.8644269345328068
0.9123705358495147
0.8389894987049455
0.9914013451174202
0.99723971113195
0.9549674724957574
0.9985622057988772
0.9192414904606845
0.9092962098438575
0.9701638573814303
0.9453680634780277
0.9078510228550737
0.9510061314693493
0.9073834977386815
0.9408919597566445
0.97180215955647
0.9593221955224
0.8524844678164992
0.9041152335272579
0.9119449004428403
0.8461162577621097
0.9304796456541804
0.8839399750441185
0.9263575862556853
0.9685805442430766
0.9305965785071005
0.8433062415980664
0.8260755316495526
0.9345787453099117
0.94207582177665
0.9815175725648204
0.9983787734377296
0.9984711332012495
0.9998471441374822
0.9918207068268966
0.9908823254770547
0.9799558786527214
0.8708901677827889
0.9206480572436608
0.9487864167524291
0.9602653513125881
0.9909082264469335
0.9590667851981134
0.8907068224272369
0.9680585861459705
0.9117809026544113
0.9536227546642242
0.9245603253548527
0.9848807504804757
0.9294188740594186
0.9663663447073713
0.916986879833432
0.9708136560399498
0.9801796485636763
0.9250953350778686
0.9923319700726079
0.9517384736526262
0.9575857552720064
0.9354098462927487
0.9051662540707577
0.918309405136622
0.969560930170986
0.8835226445602107
0.9714846138391389
0.978637263672473
0.9715850206404381
0.9838950942428755
0.9690054181118898
0.9708242733340764
0.8304612138604901
0.9413184419622693
0.8899979980373504
0.9623490300783347
0.8154866056113762
0.8746339757672619
0.8936323592856394
0.9793809920387009
0.90339737511406
0.8333779868320697
0.8776407026210609
0.8247122348909863
0.9143427005513154
0.8870366197290855
0.9289828382827102
0.8984473933024055
0.8846683743838065
0.8593924838451186
0.8591318873367302
0.9623784371860453
0.8453417993355274
0.8798415546694097
0.8573382086919485
0.837205231619016
0.8869163730286254
0.892263765719798
0.9777817569794085
0.9270203743607648
0.9755207621343059
0.9038247518578871
0.9921946425919377
0.6779065322197012
0.8721916242579263
0.6764847330313863
0.9354153521882531
0.7509352047639711
0.9541429194173041
0.6789874629122493
0.700272326176397
0.7119073191513099
0.9072540566817188
0.8357150305132613
0.7066579048414312
0.744171230387088
0.6882940787773881
0.9158163070907552
0.6844760895780468
0.7151033634402344
0.8267549863068844
0.7367802313345619
0.7038219740509135
0.880260550914997
0.6684172530644052
0.6843883622048295
0.6637514396852295
0.938361980852126
0.9775586311698135
0.8349791525406942
0.9997753124384654
0.907471927489995
0.8547632746794023
0.8779845999657935
0.9761344063319355
0.994348942058942
0.5386575309288173
0.8501979066091326
0.5796692534129926
0.7379271069587829
0.6460043460331806
0.8321976774803099
0.7002262011081106
0.9682135610386049
0.8886925124080189
0.5643932593573702
0.9942598161798382
0.9452466508697228
0.7631857750293136
0.9435370789849054
0.9702947777986124
0.6671245163400453
0.540320729909828
0.9650839230801493
0.9424748502883715
0.6669131554625691
0.8749004204356126
0.7349232269257364
0.7963883909216873
0.8874073642445266
0.7721078698159822
0.734810765659576
0.9865948870299576
0.9536556316447945
0.9782435680574594
0.8638873474668913
0.9246205016286496
0.9845118653510362
0.4443068521723114
0.5169975813273983
0.7813906117962071
0.44221949887510886
0.4694521830872648
0.5301574257018886
0.41331592604885464
0.4741002428529941
0.5320769170507542
0.9107781877508924
0.6338387165224405
0.38460686913188735
0.5657088252364537
0.6950274810241227
0.3893729393659305
0.49775727599275515
0.5293116368281683
0.42760285042236834
0.34432499341245154
0.5801199555680293
0.5160671479541847
0.5365742613732222
0.5895385730714866
0.33338111384688307
0.4427306659473951
0.9020071499174858
0.9977170790786873
0.9689708355617562
0.9328805856841058
0.997110044028247
0.8710171567118116
0.9643050792417462
0.9766560233074815
0.9486446796126669
0.7821886671119599
0.625171122320519
0.8521001549605183
0.9077147793460254
0.6502577133414688
0.9560310424589206
0.8215198999657456
0.7915317531533661
0.8406607188534895
0.9003068079144929
0.6511088790136548
0.8820662822792567
0.845320965862632
0.6986372449188766
0.9131715949247136
0.9343527363312185
0.9888715394424605
0.885657258023395
0.8278906182339278
0.6897748999985246
0.8101777469959186
0.9253320970627907
0.8548781770326095
0.7978321647403464
0.9529437176109856
0.9236498075047871
0.9778875071267051
0.9333948642701706
0.9233003851258144
0.9424102308962365
0.9415339207219141
0.987408631041268
0.7935518875584556
0.8148351583389689
0.8838463036683166
0.5560353506911722
0.9251351580660301
0.7363183777815231
0.6415046574769714
0.8945527870145606
0.5596505800624846
0.8994763018675038
0.6819975180273641
0.7228343274795525
0.5874089598847486
0.8749628513802374
0.7589040649010825
0.8668979732033234
0.7386445426622935
0.617184633656868
0.8076642515856627
0.6065371439508889
0.5482627749596283
0.8937771412476885
0.8778425296871444
0.5663046687127972
0.5704900831191949
0.9447019713044453
0.9339663386923703
0.9841322487022144
0.7462875985754689
0.9808008023220783
0.9223595116243287
0.7335775324113072
0.9869402850824067
0.9948300744465481
0.4962617673037989
0.6883996939457263
0.5820714396975589
0.5793455129538854
0.500429583225419
0.6185056476356758
0.5074227161345047
0.5502115659853968
0.6289863909027833
0.5392965146822702
0.7092138458980943
0.827369427877207
0.625919779860517
0.6742497534434829
0.7978721458072909
0.6522174292802514
0.6005404806228378
0.8298349305108537
0.5154010611232136
0.5125990981715808
0.5195239141338349
0.8300797049192314
0.4066252307116704
0.5666189768761272
0.9111610722459972
0.7528299792211931
0.9517877713214666
0.8429284941480779
0.8693405132264662
0.9984316501294462
0.9796914283419756
0.8436790557749169
0.9277331486657228
0.845158973209996
0.7979804602610872
0.7263035921068733
0.6461417304405043
0.7392400535242412
0.7100587333516621
0.6580944899922448
0.886374126350153
0.696146957059351
0.7097931175384988
0.8054303384503372
0.8833659088852053
0.7706936612145953
0.703385187661226
0.7665538797299231
0.711106989905034
0.7578302169340094
0.7598822860639178
0.7167963022259567
0.72264838399768
0.8241511014226287
0.7635423930316865
0.7880023256862455
0.6880347350111937
0.6904667655430341
0.8660888220187655
0.8142935921256698
0.9991601503512
0.9367981792672664
0.9176410603369869
0.8050191386760931
0.7992154725803239
0.9752976402486169
0.8287660133005316
0.7678092162457357
0.7550197774771101
0.780920010633313
0.6671083454593634
0.6747808488900894
0.7000900595942123
0.7679323491322478
0.6457253203443296
0.7287326813575629
0.7648437166552632
0.7556567382569234
0.7816703122897202
0.7620413170202107
0.7514334918678176
0.6609204156368944
0.7593725690955647
0.860066030686421
0.6556324580588162
0.8089903625143626
0.7691992394801497
0.648328465928391
0.7954728174085852
0.7801860197990573
0.8577519440321248
0.7694229963209286
0.8927955161341437
0.8048302675970791
0.95226585122832
0.7074679793885175
0.7034521980660281
0.7206745796428282
0.9444752785628947
0.7028092169079612
0.857199333224115
0.8048299007367181
0.7186321552507092
0.7904794094433021
0.8826852653091091
0.7316948003822765
0.9633548042545288
0.7788049038822323
0.8881876378829264
0.6613871677211649
0.7655577646838991
0.8325605315193936
0.7316311730207357
0.8116673067902189
0.7998907274656833
0.8715658728706983
0.762252569488479
0.6839906343950704
0.8161309629138663
0.7579493783461009
0.8687464060215584
0.7676869830876368
0.8414033715604264
0.7917703304211527
0.8346396396467111
0.9571903543946584
0.8518373815127287
0.9971807437385642
0.8337784352733862
0.8618697681731804
0.9851594264228338
0.7529263086669911
0.7800710071189196
0.8052410551028635
0.7916765141138645
0.8079339833550421
0.7083103661823652
0.8895361459956869
0.8842964390686928
0.7590907312765655
0.7492059607943196
0.852192930235972
0.9062427237711583
0.8890528513552256
0.897286684445799
0.8204351817730964
0.7905009872379363
0.8055186933216993
0.8037023427513963
0.973204031717852
0.8178205859757357
0.7997808970053226
0.8154995885742307
0.7640498121929051
0.8383554749989246
0.7416444907631672
0.8651572616884848
0.8145992677950474
0.9540399320660939
0.8236376165830693
0.9380879190899513
0.8715617369513955
0.8417955502265502
0.8331445551657977
0.9499083872600158
0.8599113072514668
0.8737465881034763
0.9223943578805331
0.8826477906066421
0.6945126437490043
0.9122708430500808
0.8217482977588758
0.8469614911781789
0.9218923955177203
0.9034813598991409
0.8379564108479963
0.8943175810585458
0.8493963569696703
0.9191034881111503
0.8123712924290943
0.826145843711343
0.8552233811444123
0.9217439543383554
0.92286774899946
0.9405594946203453
0.8516295547052479
0.7799051917177733
0.7560800639734875
0.8754805606834797
0.9106262868501213
0.8184731588767604
0.7978433587222454
0.8845282226635021
0.8575540918999709
0.8876194615697369
0.8628647969356501
0.8801367524007125
0.8275089811933891
0.9098302098480923
0.9453613767998306
0.7312526558978749
0.786761745817737
0.7646712357709585
0.7416867249544843
0.7781060160182638
0.789795109757369
0.8504885447743944
0.8363800434754807
0.7753965482551304
0.8129715259534998
0.9077009321845046
0.9164600867538655
0.8747925546481378
0.7715128127560599
0.7835974706098223
0.7599676340053789
0.9937570702860878
0.8092390857885541
0.7281146078375813
0.727292047849045
0.7429275177716076
0.8597065683436429
0.6849991133448947
0.7341074516749893
0.8315366394048231
0.7333172802469423
0.8378230190115662
0.7707123436681977
0.8682086142024594
0.9097585772717285
0.8113932480659571
0.8367084030861697
0.9023869680324015
0.897926559585101
0.842562921041704
0.8035454946080468
0.787622009709628
0.885518302049251
0.8275789970470225
0.8143719903655892
0.8236861740304025
0.8314035998012164
0.7954934029037619
0.8957913875833085
0.9200809904985526
0.8472615642783037
0.917796035478528
0.8823462490407599
0.7939556594113512
0.8337847591732239
0.7785725493404092
0.9005823007408709
0.7382247649170781
0.8862639154719835
0.9074819501911462
0.7997149471075753
0.8264106980321604
0.8930538928221039
0.8753716752600159
0.9985211315275313
0.9993892092780154
0.9991000400461381
0.9974797045503134
0.9718924845906316
0.823106796800706
0.8909219764903141
0.9596881710006979
0.8446599176329075
0.9113780157517254
0.8429816045478034
0.8472127443430588
0.8770489801916249
0.8525180333720499
0.8843349415408317
0.9334154358034962
0.8345448154962909
0.9084408299270457
0.8334522618415731
0.8447049012537593
0.7969738082320522
0.8166543060981633
0.9079922240114062
0.9507932319020567
0.8897908028141241
0.8630499525879117
0.9267592591384822
0.8432797364241116
0.8086876723254957
0.8135241760471237
0.9017156475917969
0.901202978452704
0.9310619184229545
0.8800460987098849
0.8579899830339448
0.8882200271568823
0.9968347985618959
0.9550612894906388
0.9958602283758018
0.9437079268870426
0.8642508731281846
0.8515983428789848
0.9582031026735683
0.7940879701888028
0.7546216647149788
0.9286129129336195
0.7774271176847964
0.9389737770039279
0.8687014145503535
0.7812675953756141
0.7459394880128665
0.7596580353462572
0.8093354429200171
0.8758693420872989
0.8146045180128363
0.7755658644194634
0.8165227560071739
0.7980302633455523
0.7476487860053836
0.8574813354755152
0.7883080910681591
0.876013738292318
0.750422813369719
0.9110775290154465
0.939015460946667
0.7939837722022658
0.9941451789526099
0.9588279935221002
0.9229512554702213
0.8658279106603688
0.9283878574176474
0.9178303409622804
0.9689138432106987
0.9144332493947305
0.7016370088619046
0.7520287270624031
0.7716886006435402
0.8093394231175753
0.7476462936298798
0.7212042011420493
0.7196153280845979
0.6070768029168014
0.6907517105354886
0.9791132942889944
0.7978903176536422
0.7930481529772456
0.78201777914477
0.7958961344377
0.7579366463606485
0.7770606584478807
0.8072024270453102
0.7515529434445474
0.7630673596217861
0.7510335950024029
0.7511702005478738
0.7465981078574697
0.9507969970209353
0.730361668221702
0.7428400276845057
0.9046313188787454
0.8292629631060369
0.9919880097037787
0.7195614995729205
0.9984901394516961
0.9595830622228639
0.9412687750339603
0.9599952750402971
0.8682730115681905
0.7420806129392663
0.8036843019168631
0.8398531091908104
0.7994993464852814
0.8475719285948204
0.8076559510883797
0.8611697331593944
0.8273011390376059
0.8834423653424037
0.8345546871936013
0.7497807761176645
0.8560484740152345
0.8677182436711754
0.7679159152925223
0.8581380357384726
0.9807716139114643
0.8218534074464516
0.7576523208749857
0.8534151121811043
0.8882705077538511
0.8052027196244944
0.9108532486727423
0.7866810936508537
0.8242912877502236
0.9474657536861122
0.8272680206235807
0.8637835757103244
0.9589746865122664
0.992850983085191
0.8879223545798625
0.9879614314763191
0.9595828302138473
0.9288290211553933
0.8499347665171779
0.9482856794180112
0.833813877364533
0.8996291734578263
0.813326544014086
0.9394953252344425
0.8431278725183253
0.8163196195147626
0.8161695694340834
0.8742458148260872
0.7837636243674111
0.8880666609689685
0.8338059923936112
0.8340939902521105
0.80068094912802
0.9057488507147526
0.870906395700386
0.9383439936229663
0.8558466529555316
0.8579629321048341
0.9173886720268242
0.8832324519972174
0.8226459154329144
0.8407900234783696
0.951125617835765
0.9953614718245515
0.9555197858782303
0.9648598656016953
0.9507370248426886
0.9957278379741866
0.9836865970558146
0.9347948756454798
0.8518497373022761
0.8649445150116484
0.8785619318233778
0.8328454341029741
0.7221957069013205
0.9701904986169666
0.8610425360124563
0.8523836745653669
0.8745014676429919
0.9422501427298302
0.6834527900156011
0.8308489689162554
0.9859320561124623
0.8706813713193766
0.8022740751113866
0.9759837011622609
0.9116611972733699
0.6609819748581396
0.8584743733374067
0.921901298899513
0.7145954832863339
0.9374963604697234
0.9062228056387638
0.705400100627348
0.8400061220769972
0.974201017135512
0.9749209730178117
0.9571015585188298
0.905221499398794
0.8568389204031281
0.9836417673735902
0.993552580508368
0.9598509062371474
0.909853212021199
0.7485669408970748
0.8600840407517595
0.8532074867034959
0.7107301285652481
0.8105745779136777
0.8629212422117347
0.8401994107250467
0.7408529359103746
0.7970268790548711
0.8745120350554986
0.8912795142796013
0.9644683702537118
0.8901242785840753
0.868620694480861
0.8074505530320196
0.7725176475039044
0.753064867991583
0.7981123898443837
0.9566477238131853
0.9447864894232477
0.794688630841037
0.8866736369908499
0.7806402985994799
0.7791055722576787
0.9745805371629749
0.9649697520840153
0.9950693236294146
0.9897737500704007
0.971843325927274
0.9992201989574145
0.9307236273317936
0.9966388156321313
0.8085268082398529
0.8406818374416491
0.9102159746262675
0.8624747081009286
0.827364844905135
0.677945343846817
0.6880464222421258
0.8351114418667797
0.824973920361458
0.7533443577574597
0.9115308363560537
0.8516622660130274
0.8631274970395146
0.8304183588294748
0.8105726582758447
0.7769695658863741
0.9744621540159922
0.6258482959190728
0.7555035560374241
0.7959218767779467
0.80661537762996
0.8534055497759873
0.8521368310813835
0.8391912289611927
0.6840776563282368
0.9082897185297513
0.9463593426037111
0.9480177367421316
0.9975168629764224
