0.9586451487454272
0.9561627953080747
0.9986143169809998
0.9992809337902855
0.962923058996301
0.9566485034876137
0.9889822498778726
0.9744985579389525
0.9834788487898276
0.9880742404323855
0.9836257929868674
0.9978866983305538
0.990604100797128
0.9853965106932583
0.9635128441054648
0.9951499505575344
0.9610791899041253
0.9981103386208718
0.9672590735827075
0.9772287373483692
0.9961397998119093
0.9712858314083886
0.9979705847813906
0.9918336737952527
0.988472128514907
0.9827725197242376
0.9931296508253391
0.9622752094401472
0.9601382598927646
0.9986144289621702
0.9608717809509211
0.988896701247993
0.9670205824330069
0.9837788320333296
0.9956196057725635
0.9993526640632124
0.9626587116930383
0.9929156541313915
0.9959233058926003
0.9832762753839386
0.9584016963574884
0.9962327248130552
0.9586697428052315
0.9807149863365758
0.9809799534597698
0.9701828996108796
0.958515216963232
0.974794450948652
0.9757694185859391
0.9697273171876546
0.97064292402932
0.9829349350095115
0.965121874947652
0.9890437562625262
0.9792900636473835
0.9653336201316911
0.9999684558920329
0.9754578317975978
0.9832911907611758
0.9963266289945214
0.9925630479319713
0.9984181716645715
0.9999351037676146
0.9956756152795218
0.9858942575869728
0.999490078834886
0.999927229709497
0.999941772942574
0.9972642924901027
0.996324663125063
0.9942519675661218
0.9999529762195027
0.9971678007633538
0.9923401357215913
0.9744027710960469
0.992129715237861
0.9996928737140055
0.9979730455009375
0.9957027110682314
0.9820554591826436
0.9996054241399637
0.9948643307289962
0.999107004410817
0.9994523382174871
0.9914748825184241
0.9986914188515524
0.998938245054728
0.9998777036193474
0.9969437023745853
0.9959495284951507
0.9979093659876622
0.9994450428029811
0.9990319595993415
0.9973501722839209
0.9993555156235383
0.9988016728361885
0.9998312768808012
0.9989049329440286
0.9996632558502105
0.9922787979144192
0.9940767645998817
0.9802200031085287
0.9923696246013494
0.9880607748940115
0.9947183424196615
0.9912926518110514
0.9713558398114186
0.9763003223808262
0.9716490767067005
0.9992318960636482
0.9546034728615936
0.9781034819559644
0.9718469613084303
0.9741119893264305
0.964706590406883
0.9795579184961852
0.9814457097163315
0.9625885475235727
0.977616552728556
0.9939173168215288
0.995251702312921
0.9702926089778026
0.9964858212900972
0.990358078050557
0.9953304545053949
0.9834571881260861
0.9669785729105967
0.9951513284971671
0.9664387947034357
0.9738503558179643
0.9661947116771282
0.9557462328132418
0.9749825329282892
0.970565884845304
0.9795696100249608
0.9525699865147872
0.9510648990953555
0.9713238578658575
0.9725192262466679
0.9685440021260452
0.9550738621537325
0.9721760271516949
0.9654080730628262
0.9757753531188906
0.9651644007061166
0.9803114852663661
0.9574563682320301
0.9989411240241267
0.9990370549291003
0.9720038438507816
0.9816894530973627
0.9892911495842486
0.9902249313342422
0.9910094246840723
0.9837607791933631
0.9860188376579483
0.9893318689269076
0.9965183905090872
0.9729546166727594
0.9777071402218953
0.9820155045570749
0.9712877162106389
0.9771205462962484
0.9747382091012209
0.9783030211052823
0.9740916914205053
0.9779358018971708
0.9663651520264087
0.9756622730151061
0.9560388691017987
0.9731827755805793
0.9719677522633607
0.9583941402872466
0.9737248152836339
0.9761587640595967
0.9939491316137543
0.9967820201663831
0.9997824333927083
0.9999548194162142
0.9719297932706321
0.9993782213293203
0.9957426177203208
0.9963944360874275
0.9811120204517579
0.9939430789775971
0.971334027974341
0.9974350851838565
0.9747669633022995
0.9966946558678837
0.9992887223000297
0.9757646288821085
0.9619196911446491
0.9650236717952332
0.9773022310527447
0.9627982700914842
0.9681011320875885
0.967997868321957
0.9897998983190959
0.9886490881203523
0.9636594529985022
0.972025317648554
0.9835729763689867
0.9668070309427909
0.9771722642804654
0.97823715927125
0.960012919699931
0.9997400940767552
0.967724441835869
0.9981280485453705
0.9997114906049838
0.977384102457759
0.9767400148611636
0.9973637144526168
0.969426812858553
0.9807842818836889
0.9832444850773574
0.9872768216735703
0.9839217223282187
0.9849594691112128
0.9736082161859297
0.9799366495671585
0.9899291045228046
0.9481820126100262
0.9614681725355454
0.9760804903775634
0.9612527638991885
0.9807249738988499
0.9649997500454689
0.916175462980068
0.9645678333646028
0.9824614594888679
0.9755673176609252
0.9795235313452495
0.9841067503891817
0.9390208799977071
0.9759525853906901
0.9297781706427983
0.9777522213326773
0.962205701137273
0.977344203886114
0.9939299506505037
0.9995579974724333
0.9996732387666218
0.9897090179255791
0.9553665475848163
0.9942954555660752
0.9932394427649343
0.9875788933600174
0.9950838857712059
0.9572204328462657
0.993867197229519
0.9653996620652063
0.9997502024608218
0.9323749887202193
0.9318890186847505
0.9367793956579884
0.9383124871845381
0.9661191412280576
0.942633367897076
0.9134173398161123
0.9252690928953524
0.951100765509966
0.965346275857057
0.9616042292517153
0.9478410898187308
0.9593222829161303
0.9931277155726044
0.9765063605621559
0.9846043142882324
0.9952062550842556
0.9988261370384788
0.9709545544830622
0.9907348447083371
0.9911312209341534
0.9996723589954362
0.9998242994858993
0.9955945212743208
0.9961124496664527
0.9772028417989878
0.9954254009970651
0.9921553790184698
0.9801285841549461
0.9965638550488818
0.9997745843372718
0.9632397930523865
0.9652344833600559
0.9664255585731051
0.968774075132881
0.9690029732438048
0.9338813265168653
0.968209523356375
0.9659066058620875
0.9622812884141334
0.949815094352542
0.9642270934747742
0.9567872449144759
0.9621480579457338
0.95781390742705
0.9648218035760834
0.9780932246264391
0.9525743721141502
0.9291408337999255
0.9569929388785313
0.9674663837524868
0.9216376029341191
0.9950745426614753
0.969242723801498
0.9871181118471486
0.9877387847603649
0.9988940292312528
0.9912680804545851
0.98293661088606
0.992496604144173
0.9904183021339568
0.9944610641418311
0.9089644009623175
0.8560900093402142
0.9767099425023129
0.8678157825690027
0.898803251395756
0.9855090590133402
0.9757729536787907
0.882955160123141
0.9666624691641175
0.9391093465423563
0.989326601143067
0.8707297661798599
0.8853402519562035
0.9053098683153687
0.9075531913816126
0.9622800058737797
0.9855350328182269
0.9982495041322315
0.9245474788239265
0.9985147557625672
0.9928160004524466
0.9856650634418304
0.9517802121712422
0.9917726548494263
0.9766985725498156
0.99221471947778
0.9996567254741054
0.9859982180619831
0.9493809022738895
0.9915253344790678
0.7943026685380766
0.6535539625062015
0.9090922463306955
0.788310960509793
0.7605405233964087
0.9465312284327889
0.7512378249790076
0.7246409066327089
0.6826408232733852
0.6619862222868553
0.789441024398934
0.6540713641602054
0.7530069937657236
0.8149242396083025
0.6981083928619639
0.9354873422324606
0.9728741712148186
0.7717352003631247
0.9872642158391693
0.9404132374506081
0.9576304293594999
0.9453493334014731
0.9598867041447021
0.9840869248548549
0.991765279759113
0.9373028953267255
0.9916404882563441
0.7485060809930202
0.9277741040973734
0.984785308106122
0.8204152207456471
0.6604194863123866
0.781646255898215
0.7688134328220009
0.7137749128270903
0.8313707331584494
0.8418185460347878
0.7816135685735238
0.8048330275172938
0.818763796876014
0.857741423851641
0.7958117390811241
0.7088752317428215
0.677501933734817
0.8182274521794539
0.7446411790660945
0.6545697925828871
0.961240935429214
0.9959042105254359
0.8402624784244666
0.8818606310204358
0.912622951873381
0.956729695163042
0.8747710185171342
0.9792736777660029
0.8855614059565768
0.9890736279784008
0.92885407777149
0.9645245342579929
0.8657799391844846
0.8903660237195821
0.994656075990587
0.9600451380547532
0.938994868683672
0.9973728683370103
0.9820188097554347
0.8496905961054579
0.8991201770786104
0.9156068296695582
0.8339664941053293
0.9207892709901198
0.8778674376062093
0.9282817289824151
0.9668365996387999
0.9279901457304427
0.8506196180518573
0.8394837317769654
0.940343667623323
0.9663785955630138
0.997821117072503
0.999854613061699
0.9821014794972636
0.9921213438663334
0.998669762716027
0.9861977043267028
0.9987102818557306
0.9989718519117647
0.9996395735744453
0.9782598056039711
0.9799693921799145
0.9832420213269194
0.9988471320534682
0.9981698271858072
0.9938498919912861
0.9964551654281502
0.8477596120276051
0.8993061798756123
0.9576302056410809
0.9570381056210294
0.9823937001622756
0.9504591609209023
0.9213195808235914
0.9716417244234081
0.9328296017483502
0.9702782907451134
0.931795782272267
0.971833264026051
0.9257032534759477
0.9618073038052636
0.9405137412888198
0.9540830762672576
0.8792139951352389
0.9991123117440245
0.9735140490051072
0.9831118295266168
0.9764047704656142
0.9583483674166864
0.990847978334954
0.9492468323158942
0.9525740607950652
0.9897293662083064
0.9497441424961128
0.983095603429258
0.9467451136018317
0.9991449692888289
0.9914481788021534
0.9182782185366897
0.8002699377465834
0.9480743705638653
0.8658647123740378
0.9255766804579562
0.8400460317765258
0.8575605327139635
0.9335450832243193
0.9992564588261689
0.881527460705013
0.8410958835924375
0.8773951024484388
0.8328542039030631
0.9074596195063651
0.8687624680221855
0.9223993108253695
0.9110612826251643
0.9940632109726332
0.9257744291156456
0.9950001542340547
0.992576485567042
0.950800801213181
0.8933129512837823
0.9639199153903704
0.8834255790158432
0.9366167519512998
0.8928333190963812
0.9007380762863444
0.9110830834596657
0.9948739753913485
0.9316572993493765
0.9039631406609333
0.6743932604191467
0.9903336669774382
0.6669363122645936
0.8895573664594019
0.6664391105971312
0.8890435775040476
0.6913054740510529
0.7503258326826896
0.8527938896169918
0.8470335496796877
0.7222721470408764
0.7020442385351705
0.7418425620146711
0.6875609569219372
0.8726548808646941
0.7095000027471106
0.9915993684189452
0.8462418727998533
0.9944260910796887
0.8549518009040981
0.8402773494021836
0.8638677967220488
0.9981711174054135
0.9850379374609151
0.8800240816485773
0.8519162515919747
0.9562687576060978
0.9780676948150246
0.9615368883800288
0.8633773434000319
0.8656510489527912
0.9622206481896817
0.9770206414681377
0.5845367344031884
0.9673856053241752
0.6383878987847449
0.663939835722233
0.7658760070442567
0.8234158735349159
0.8421123870447644
0.8146598504865825
0.861989614699848
0.6466553693001349
0.9834403117726596
0.9300724837633777
0.7826362826376987
0.8579607448647801
0.9460465236699843
0.6108145006104146
0.9926165237140256
0.9882626811936075
0.8055795087161877
0.953551495197001
0.9107633382220953
0.9985939109046802
0.9795229229809808
0.9960005741330662
0.9831742479138751
0.7161730536964226
0.9996606383943876
0.8775551857253071
0.868777934882041
0.9661819572704287
0.9945241748939777
0.9707207975496304
0.7533623202500774
0.4326350016525466
0.5119957163618911
0.7393997362914551
0.5016500668914982
0.5750234059003504
0.4143154318960037
0.5404133173529175
0.37570611739369175
0.5597510559299996
0.630001198694039
0.45611837990180326
0.5276427005558042
0.655049345806122
0.3286981771472641
0.5665768270275158
0.942742722293558
0.959298516290584
0.8859973519745956
0.9096508136953616
0.9702958975316056
0.9105234646969108
0.8265977462145818
0.8435157662953505
0.995505179160548
0.790169840685396
0.7947204642869402
0.9756251662281277
0.7906123814824049
0.8487263032353245
0.9922821275439747
0.979674076642433
0.9831840177549216
0.8446720721773413
0.9280608578890986
0.6828016196682891
0.8252635861426841
0.8989812915248622
0.7303089513402825
0.9728320737892664
0.8971725945972184
0.9770996125225868
0.8084936578662051
0.8497809781896916
0.6754722144925047
0.8482923394978804
0.8962771226989295
0.8469402313193659
0.8330226310561843
0.9989024770670107
0.9310025448937713
0.9657972570950129
0.951250129115886
0.9204778278306196
0.9317746904265957
0.9372902627662605
0.9888218831211812
0.9497651842554252
0.9746866737318141
0.9310312025873898
0.9378404386961592
0.9397523505219312
0.9662234935567976
0.8989073720660017
0.9979113348435498
0.9921206817645878
0.7951266205622827
0.9234631488935648
0.8661186909731526
0.5428983837056801
0.8619920552968436
0.8189546135241571
0.6033521417474645
0.8400206704570631
0.5186607575898448
0.888474792637357
0.6623961433307928
0.7248488002385551
0.5845503340094175
0.988388368106617
0.7201265089527333
0.8489906292037368
0.9952125846922769
0.8832602049079877
0.9553026257577788
0.9955559433197292
0.6826165649933218
0.8622482927919504
0.9308424629115917
0.6763353536921213
0.9819714698884733
0.7937735767492111
0.9641942106950174
0.9375318995084376
0.8129870728010171
0.962378046956338
0.9646917984598252
0.9842181646848516
0.896897123163386
0.9578721658652855
0.5164069618910947
0.7686600439700106
0.7938540850811444
0.44720981201254184
0.5511761212549988
0.8272768116726171
0.6603977363589576
0.6007352720099852
0.5875653924851615
0.517968617896635
0.5155989563688916
0.551086126510054
0.9179592186903284
0.5878735522730003
0.49623099364285
0.6792471584393807
0.9431191090069094
0.8215788218215714
0.9855617716454698
0.9224636239614055
0.9773811116735396
0.9338943693860873
0.9442887886977023
0.8754292640080452
0.8576085773424621
0.8454498845316047
0.8610154592970687
0.8777106530336508
0.8415702832920589
0.8293012212931874
0.9491974183006733
0.8253952824081277
0.935282408305986
0.6949198795720287
0.8232960167076715
0.6739848987670587
0.72985237467127
0.7039085378762437
0.8758807294232189
0.7066038544239481
0.7103690541336762
0.7640807083458901
0.674432553890161
0.7138328098373312
0.803074053431137
0.7446614211127196
0.681455870972481
0.6896618931612581
0.736782027545845
0.8384927648295852
0.8055675626522225
0.8064286051234524
0.7694412773295665
0.9004122838573245
0.8959201309822321
0.7933495781234898
0.9518424104422349
0.900482112595095
0.9314546882412758
0.8332069217051818
0.7984387029625555
0.9949275575978798
0.903860247785344
0.902197827881684
0.9781760779560564
0.9607780354463216
0.7950503146777821
0.7810399133660593
0.75353592974804
0.7787555700085147
0.6681234773444327
0.7408662176405734
0.6920168180445938
0.7770585975701462
0.6479206791871045
0.7256809221601886
0.8487064434100424
0.6605235161720783
0.7718518493104893
0.7889493420767932
0.7556879320630681
0.6701535400593738
0.7673414784235814
0.9001947929011664
0.8336944804216041
0.942495318232988
0.954771077474973
0.9987502072807901
0.8788017737583917
0.9351345450384166
0.6908327859112589
0.9431678204287381
0.8157637177822288
0.9989976518802747
0.9660598362985408
0.8017706492901908
0.9734646882992017
0.737719038145189
0.9883299487266368
0.993135874174633
0.8095299246620321
0.7892411579055687
0.7976487168213571
0.7436522630172029
0.879181501278484
0.8549257403037374
0.6639722987738099
0.9082076410680033
0.702297907575101
0.7134820274696378
0.7651044877995584
0.6599248450415127
0.8230403640685053
0.8299191145186305
0.7976556981549396
0.8622243208264309
0.9560463434597916
0.9291347016551544
0.8531842279830122
0.8914395116223673
0.8437971552482411
0.8085087221107479
0.7428240934535474
0.875646074786577
0.9213084399294089
0.8576891440906815
0.9335550937766846
0.7433679561600944
0.8216745050152486
0.9911493267031111
0.9902785960184569
0.9212233005874604
0.8991538146324854
0.8077880654673525
0.8917208755224397
0.8417256270895552
0.9140833408523308
0.9070663193153827
0.8349845275164876
0.9170724741890165
0.8299943070542899
0.8108937138521944
0.8527200457616226
0.8681995025576406
0.8787522947356465
0.8455277817340635
0.8317368225387245
0.8295738055404744
0.7828684483386815
0.9127820907203299
0.8532526606900033
0.838712403373302
0.833943447183384
0.9720931151132854
0.947701101737118
0.9551561037903626
0.8799775244326182
0.998868328051453
0.8438841231621237
0.8814291481680341
0.8358779448632967
0.895875764471887
0.9461471317879699
0.9952153579925072
0.8225712233772959
0.9960600452302453
0.8670021339660441
0.9281372093477993
0.9017472988522772
0.832019546525729
0.8560764633540268
0.8824451851623553
0.8606716876661316
0.9416930720210723
0.9183663066218113
0.7957359601023432
0.8219430831097654
0.7915933275607815
0.7623597369931991
0.7923260388815254
0.8139979805576699
0.8667662741565921
0.9889459237818465
0.8690454281246824
0.9549122303259989
0.9295231526798162
0.837589596531833
0.9944286273376477
0.8019576951033107
0.8458481914481547
0.8303052433050355
0.9880224226236344
0.9458166705515476
0.9558803894827719
0.9830527807995612
0.8276000293894641
0.8275437414680469
0.8377532321554282
0.9397012192372798
0.9670680913390415
0.8630527691085136
0.8489503569688353
0.7380261096110275
0.6962253052052252
0.8322930238574695
0.7929724964916807
0.7985531455435866
0.8805873905291369
0.7715510821675624
0.6649457560327816
0.7902812271309192
0.8702831027272161
0.8293168514088654
0.6613977330668827
0.8553632994993756
0.8876823160158978
0.7745065852326465
0.9173220417024429
0.9914517609476627
0.8722295219510052
0.781372207582405
0.8101082068597834
0.9336403945260611
0.8921064258343434
0.8770560706446386
0.7089006294851273
0.7913628622084334
0.8503746369645793
0.7906635362340231
0.8944010691248557
0.9876846412019435
0.9675943369361918
0.7813173741863396
0.8682613867127933
0.8841261551196873
0.7758353030801708
0.9752140932675988
0.8073230897977411
0.8423900774660722
0.9096064852001713
0.8763204217046017
0.7748023456545323
0.9152796961810585
0.7780364096466506
0.8177582129179812
0.8999284936265912
0.8698849068528249
0.7933040269587743
0.7862432870285718
0.8555079645400926
0.9900950797231765
0.9508032339957306
0.9990518369324694
0.9465308493519003
0.943048165271136
0.8445258821343311
0.8758347808266247
0.8750692334716041
0.9842016738974988
0.9894760642453991
0.8365842671346284
0.8922656490169781
0.9221571973359257
0.9979659714697846
0.9587341686382094
0.9357879561957653
0.9557780670889648
0.8498613759297453
0.9219443328093455
0.906152357258936
0.8055758004439381
0.842735166701741
0.9047308833327924
0.8111811816102023
0.924505632377371
0.8357045874017239
0.9276224551076274
0.8364097341074761
0.8000358578409319
0.7963263765455066
0.8552437943762905
0.9094742535615782
0.8455398395159932
0.8899847449622105
0.9701590015098253
0.9696564765464458
0.8498954694020056
0.9598052310881751
0.9168026033405905
0.9730055641624661
0.9989950618306898
0.8340864313466219
0.9441689521695447
0.9755406220506696
0.947659815533276
0.9941089752197566
0.8567935643730967
0.9979074982974359
0.8406791690990982
0.8840302287668222
0.8431623288317447
0.9187744557331479
0.7797706763150193
0.7513932730015905
0.8988535759551609
0.7637074391751928
0.910796446903969
0.958380016172646
0.7962878132721585
0.8008343271519512
0.7916900768271486
0.8583551491659331
0.9532150664923958
0.8729226198702953
0.8327225447384703
0.7917154387984531
0.9085078474207019
0.8017726313327039
0.9427182593648159
0.987096003388729
0.9383039638246451
0.8903387931161599
0.9975058294563595
0.9981084655585049
0.9727188780204177
0.9003279323218226
0.8646806428550602
0.9461237136612021
0.9759073861381737
0.9670406131046478
0.9000112539442321
0.9248751680842067
0.9384709487472707
0.7539407879434105
0.7565182384850477
0.7643401070165761
0.795199055915921
0.9452784197306305
0.7354529974077291
0.7789076811828253
0.6746370178890462
0.7313876223558198
0.8002184427006642
0.7876617707028917
0.7446459391001609
0.7923594286980832
0.7715898829282378
0.7666010027401383
0.7252154929109309
0.9208237363314641
0.9073558039103269
0.9976602632622114
0.9832489435573477
0.8339745342397542
0.9951698753634073
0.8501802715522675
0.996389853370964
0.9595896520504053
0.9560382226278364
0.9988580756612491
0.9706346408746018
0.7461364991496549
0.911545835807395
0.9724064525618651
0.8831053915948202
0.9529121047333539
0.9467638304627666
0.8177783647523121
0.8116803417942401
0.830594800591913
0.8536560895694643
0.7660741835414461
0.8332264708247981
0.9069202250606386
0.822175579353279
0.7857049507218354
0.8450811085222433
0.9100065489480458
0.7844111899667876
0.8318391094180524
0.827444584933786
0.8283840298857503
0.9605739545520082
0.8695990603793438
0.9314695349384126
0.8605298009913925
0.9488296886229328
0.9471862391010479
0.8666180141278126
0.9836934179356596
0.9110069768769985
0.9986156192984732
0.9848183740202763
0.9876079128046258
0.8646112292779553
0.9769847831533257
0.9976263013796715
0.9560276503167882
0.9887815647089632
0.9224802153191154
0.8424131756289701
0.8698693647717621
0.8584069226837756
0.9110031609915208
0.7590789686462726
0.8487797895702942
0.877289830127252
0.8646614879383011
0.8252619362616712
0.8395503071763812
0.8397400185697108
0.9160998341571269
0.8715336228514775
0.9088071680861515
0.784203013835368
0.9825906275257933
0.9975022667937774
0.9405186292241021
0.9517941644452017
0.947043328786731
0.9302108628445881
0.9086572336353284
0.9904317579702184
0.9928245833292875
0.8345887186347065
0.9962352549311287
0.9827720979551644
0.9917368353708167
0.9974818739653454
0.9635909496684052
0.8984594677631323
0.951929044843145
0.8455560642990338
0.6377676655958162
0.7693625555234941
0.818116734785861
0.7503822630153387
0.9661390898677498
0.9455894896058556
0.7742400674769059
0.6958405721117813
0.9345669490629325
0.8023616433939146
0.85901831485161
0.9825945789940175
0.9634986852583979
0.7139394679231059
0.8481744541313744
0.9535254167811549
0.9875307728229377
0.9874282732626993
0.8878457914968613
0.9736335702296541
0.9772308051840153
0.985759884647039
0.982644328742216
0.96585834851083
0.9848470915896709
0.9655109552804775
0.9343245633144102
0.8979484037007378
0.9833842257776477
0.8495587204191598
0.9920728465884581
0.9670868688581797
0.9208425546115095
0.8183737045978473
0.8230427292503937
0.9477142878292817
0.7754176044845625
0.889723584642488
0.8674614058805765
0.8405716056596597
0.7791971131315065
0.8146937969103791
0.903641460078193
0.9292724814614666
0.848714975774902
0.8651526026347371
0.8092102549781929
0.7981273596642295
0.9592889117988401
0.9529580759115661
0.9431428639748746
0.9970919235887268
0.9000706273085933
0.9956984272565785
0.9442128506856318
0.9387702108150644
0.9799839791922911
0.8609115740381902
0.999648210987477
0.9790073878373804
0.9544109728626569
0.95111886506171
0.9941018163818601
0.9672261531265607
0.9409718394760915
0.8201415258163434
0.8607254273116416
0.87138375555154
0.8447300892634811
0.9007936199209625
0.6575847100903139
0.7155334488530416
0.8424475476176164
0.7191706684833814
0.68519191303548
0.8869429299222154
0.8834657556048353
0.9147868272990454
0.8423096406785646
0.9421178346935636
0.6905762808116319
0.8515680079175911
0.8641238504381746
0.8228923849089688
0.9353115110620899
0.926851742800112
0.8605468188045093
0.7783672401193193
0.9964184446073772
0.9304233298403987
0.9977020473302016
0.887766999968854
0.9962218451877305
0.9733630086890221
