0.9905084157691153
0.9511052488377838
0.975442524949564
0.9689468189565784
0.9566079856697385
0.9904772264693662
0.9552106805459737
0.976535477544551
0.9684636365141864
0.9533814041161723
0.9636346322150209
0.953436547695916
0.9677825403484563
0.9629747445826751
0.9574088590931936
0.9771343242862762
0.9561679746222014
0.9910511557629892
0.9793189677111466
0.9726399137742457
0.9914254033738348
0.9527635288059927
0.9711441798139218
0.9693010467674084
0.958867953229732
0.9617483234365147
0.9645983871915822
0.956088102300038
0.9614053521196514
0.9764248379635856
0.9773150437044228
0.9819604994083952
0.9750419604226053
0.9838319401573106
0.9580406514063808
0.9521955713202518
0.9501916241742279
0.981747419482494
0.9331792368239923
0.951205944019264
0.9686004086214124
0.9694595330348204
0.9373980150995714
0.9500160443377
0.947656607186466
0.9287321817189853
0.9319593474525939
0.9739853110144076
0.9723370591599224
0.9301492354038136
0.9557007512579402
0.9750629267108413
0.9527892848791202
0.9512169245148692
0.9840313879367638
0.9731783853153826
0.9470787871240441
0.9409835707374294
0.923372007666937
0.9384426282698906
0.9464909409888431
0.9490839379723552
0.9412945962533912
0.9233758530166378
0.9291309525008727
0.9430015481703865
0.9536485168432695
0.9319208828023587
0.9375527037118069
0.9404341249407397
0.9392104570085407
0.9377582903415709
0.9403899552369447
0.9506293309753078
0.9266747037032422
0.9433015892980448
0.9491077959896318
0.9445949037279089
0.947559144995749
0.9347209479757129
0.9477284037244003
0.9440669267817106
0.942914208619823
0.9530244988459902
0.942465646965239
0.9370590176064468
0.9479731844717612
0.9391099964187428
0.9345957118938852
0.9342873744785619
0.9419921864334223
0.9395057240462883
0.9384868682108092
0.9329944292597294
0.9444337133486738
0.9341657756986294
0.9394016578786977
0.9355834643581636
0.9249146911445116
0.9255279979900397
0.9331892936964276
0.934412632712855
0.9431195773576422
0.9298262574999622
0.9372515918510315
0.926892832135521
0.9388062149244614
0.9331908335785651
0.9387219031739401
0.9469342308521639
0.9310877373773154
0.9469775041532013
0.9357574206610964
0.9370057457930109
0.9376991725920116
0.9389453445400173
0.9459900237304606
0.9516418239455362
0.9086830183231231
0.8905261938023423
0.9215902158075886
0.9043182046045449
0.9201649400282625
0.923911060193206
0.9238559655315233
0.9360613092372498
0.9461506316435349
0.9220996653336405
0.9265551950771563
0.9325144226831957
0.929467202303291
0.9291438679108532
0.9321264848909173
0.9267846867478182
0.9350073279601573
0.9430714443100155
0.934833006015373
0.937193640737435
0.9443146944631241
0.9439854614035157
0.9226363195223388
0.9233404961925691
0.8995481627643032
0.9397501256387855
0.956564726163583
0.9593724912493642
0.9662982585169094
0.9718413477958865
0.9656634724690305
0.9588332024930493
0.8829822713290566
0.9142069248240438
0.9310786378237739
0.8965508288107465
0.9397638701399029
0.924709910314583
0.8697208940987755
0.9265828356847658
0.947035977944539
0.9522240016292425
0.9478399699609839
0.9356127491529596
0.8969920916780396
0.9287416857884453
0.8770847343315706
0.933564917774481
0.9345229641134689
0.9344829624426398
0.9351419943784829
0.9080902546970118
0.9347688629911717
0.9351419708820549
0.9324965203179192
0.9447508273229006
0.9235464021128315
0.9637539792517744
0.9540213558474699
0.9422340527905113
0.922033490746397
0.9314052513296043
0.9180831823600074
0.9199717908419303
0.8963957428420486
0.8963323474474602
0.9081439241025991
0.8713615223235707
0.9234840764077711
0.8802276533799036
0.873275430231609
0.9196532488857835
0.9169840624366681
0.9212284304664528
0.8784323581789056
0.8754812135374526
0.9123700843054989
0.8686560779084596
0.8878631906472843
0.9049675529955918
0.9135146582526172
0.8649476996321926
0.8894415698906004
0.9196595754728815
0.9155198872294857
0.8711835052781133
0.8742968469315231
0.9142893176804601
0.9026853628510281
0.903706320103538
0.9116627939106368
0.9276515090449576
0.8988641314805439
0.9110733011961354
0.8175719145909458
0.8632268319139242
0.8482615876581798
0.8447807012917232
0.8513361554854195
0.8240112300322884
0.8532531453597068
0.8475866049823398
0.8421075196450349
0.8127359984585635
0.8759579748599717
0.8554220194143364
0.8627280677379463
0.8776425330390187
0.850686748336961
0.8624237704113672
0.8729461018394387
0.813591634248902
0.8768323768632937
0.8551042918963425
0.8363205365550038
0.8183267212338667
0.837571389891306
0.8434535885956895
0.8632227868215179
0.8162011607782454
0.9498258783362203
0.9316272865290177
0.8872978507245215
0.9407596380637522
0.8709381714819746
0.8546030691177269
0.8140362016795935
0.8296465623705638
0.7638408380883133
0.7930799117491426
0.8111267009734757
0.8218320867158405
0.8217350112481643
0.8062146604525279
0.9021872360960386
0.820171261900587
0.7532647248178548
0.7645566683504961
0.7621420958303795
0.850847393210314
0.8361577753668135
0.7926193439621187
0.7650338284096937
0.7548685407848155
0.7810206191733801
0.848557132050705
0.803145823279652
0.8207348349765718
0.8637422749070234
0.8999513424036649
0.8851357871931551
0.9180358751893647
0.86978559653811
0.9067996858245316
0.8717599127512681
0.800830551905022
0.7288715788740698
0.834008664465727
0.7546706641985879
0.7122920188490172
0.8093132295678143
0.7689706407831708
0.7376838676108763
0.7116190953399875
0.7193722454274949
0.8171761266262565
0.7077272379991151
0.7863586414462657
0.7707752844516983
0.7485776510728199
0.8412311453006531
0.7522471166252538
0.8175318901035112
0.821046827635899
0.7186512315074006
0.7311679512775939
0.7725204766069107
0.7255044203950298
0.6972017086382399
0.7080084778193992
0.7598894186560063
0.8266011774880433
0.8905750821944924
0.6874070585760497
0.8165827277193372
0.8750111381824732
0.6428674765685332
0.6157516086643444
0.7073281346527476
0.6446869706366918
0.6446214450404899
0.6265967845483014
0.6757101311900506
0.6835057652469705
0.6810205202737013
0.6473083453717641
0.6213342525431295
0.6918363601820113
0.6914848397495956
0.5990422582415276
0.6852807196786197
0.6554704190607848
0.6080705635070327
0.6238201613129049
0.6848456259450253
0.6834476162031984
0.6397546526611115
0.5995931765368074
0.7141852275290036
0.6684572278567464
0.6298922682069228
0.6778171502152184
0.6703053315070335
0.6013680573740106
0.6553482352253885
0.665321005126665
0.6408867686860444
0.602335650035024
0.5998959976078133
0.5914930267813888
0.6052225227943571
0.6049155635261864
0.6064674666602505
0.6046547208876838
0.6670546095653461
0.634438178341844
0.6389541224593652
0.5934164735651821
0.6069389019795368
0.6175340292830709
0.6452404016257371
0.6611802990812983
0.6595984357701664
0.5934720849171431
0.6001412544778535
0.6101288909981687
0.6110241115431945
0.6077082954431091
0.6030841003997592
0.5896757985796066
0.6294474568409028
0.6102997316649053
0.6164374164938421
0.7634705449063068
0.8362574150538058
0.6971197599503816
0.787735033838201
0.8091911338663363
0.7256612007645836
0.7658153922633931
0.686526093562005
0.6916926037213535
0.7580548915717091
0.6965513363066488
0.8005003870232772
0.7202766462394345
0.6728510819679265
0.7373080650122678
0.6625486134636096
0.7229215159842843
0.6744010896510605
0.7143032627207504
0.7271382986761459
0.7902040965355311
0.6808314349192024
0.7418556955860485
0.7703252182820218
0.7092689425090449
0.7417986826150175
0.6929643382078678
0.6784807846309393
0.7102772045301063
0.6772057885694491
0.6501586057049089
0.8730498849530898
0.9311432135953861
0.7449684106109637
0.8764261403212997
0.9502114735900001
0.9220751321862348
0.888064652606382
0.8169244681302555
0.7459774545555291
0.7723574904225063
0.7193760293702276
0.8508718156825885
0.6952738239006183
0.6787894659966445
0.8128701886792542
0.7764962318235633
0.7850420398462931
0.7774382024350334
0.7379764733287351
0.6487130517900058
0.7613361557259695
0.7302907928347924
0.7000706804447443
0.7118084877446175
0.6460446752827577
0.7379243725748075
0.7946347612663281
0.7920118706836695
0.6461415283484592
0.6913816175366707
0.7450278491549889
0.6921406605368505
0.7454378677638338
0.8417219153095934
0.8433533121109946
0.8903600801744249
0.8850969708493212
0.9062084597571806
0.8315858765521146
0.562192471477527
0.781915273683905
0.5397966342499818
0.7797649546212306
0.5599932237515597
0.7527788788169243
0.5214021073677536
0.6023207434315339
0.5365551093381324
0.7536639423572836
0.5401052053759592
0.5911945759822201
0.6391613275008877
0.5488996601343513
0.7464836873924756
0.5517819440828353
0.5616800594945723
0.5570550336639961
0.5541413627573357
0.5262194669065006
0.7559317432095295
0.5399778498852763
0.5346422913742647
0.5566702283840339
0.7543944258986328
0.7177856438659496
0.6064218522927155
0.5772052924139222
0.6394454791280663
0.7775911686119605
0.5765694485898688
0.6993429814835674
0.6220992346895883
0.5358368322898777
0.5814610545824512
0.5379839755088938
0.5312947092391449
0.477327624518608
0.5163911114453192
0.48755255986361745
0.5397515779945724
0.5193793264688527
0.517182625301364
0.5461326319598369
0.5292583565634965
0.5106239635768306
0.6002362561763137
0.626136904426239
0.4859676817914525
0.6143196717903951
0.546466906526196
0.5752883327011084
0.5801310776155226
0.5222606614693847
0.5163176047363658
0.5159322008338637
0.6025809878922642
0.6673868428911656
0.6099250638251108
0.6437664954718675
0.48517702178348543
0.5782376993171643
0.6898439388095833
0.6575716172835846
0.47677548219372845
0.6165243633780891
0.555771475142693
0.5307136486132805
0.5208295653628792
0.6061657509777916
0.571266151090649
0.5782628252904994
0.5213907934840146
0.4456815558084283
0.5217355075504966
0.4414026330148896
0.566149558697894
0.5249543119363969
0.5442160462656134
0.5168292138240413
0.532693696802192
0.48612909237949115
0.560595335125735
0.5678318773815862
0.5489153037623711
0.610095329387041
0.5829272858932213
0.4848773770795643
0.29976638702349934
0.43402874422753873
0.25804102894408243
0.5213900626070981
0.37088227645096694
0.5232500836178507
0.37348711410839547
0.2860754194491122
0.28785569296638885
0.518357873653513
0.1858517802680631
0.299306108549986
0.258908423709692
0.19030663226071995
0.46241591972670715
0.22344902580361098
0.2545938811763528
0.1930535902948247
0.2219567369711894
0.19397182315206807
0.3796988414941332
0.20647377492214097
0.24956196390904656
0.1978771706852174
0.36045809318431005
0.22891749873868825
0.20786239837869308
0.23785632470852142
0.31717300086212674
0.35036169610967455
0.17932409666996474
0.21579743570876203
0.2924041098580738
0.5405765415814537
0.2823640439954213
0.5052251368684253
0.33209013390365105
0.4526736499251067
0.32150948790961087
0.3390847059766915
0.3718636226036752
0.35654695824952876
0.5254449848541397
0.43128546453828964
0.4474645320380424
0.4161674282718885
0.5921857122647229
0.3817522065245732
0.5474026139626504
0.5624839024565499
0.39830534100173426
0.583597963652505
0.5479814749665287
0.5348590443878033
0.49274105450509204
0.5401285929082137
0.4143541490939452
0.49804327796862363
0.42445606051918394
0.45131192719868357
0.5052076037981674
0.5408497110528289
0.5854418311822189
0.6042064269041142
0.47266143260773025
0.8187718137530571
0.5937166915993801
0.6401991200482673
0.7201239317920791
0.7586878021326147
0.8140011991298732
0.8489822736190025
0.7813339061647604
0.6052591183392568
0.7839462095186083
0.6449322361322585
0.5710053670599609
0.5004590224478805
0.5873549248358765
0.43656306560383806
0.4852819509009467
0.5715215404263646
0.4231901476928044
0.49150045522575364
0.5970081154923912
0.47160665689548037
0.43527788803425316
0.6074805059730992
0.45290518695517196
0.5395505140250145
0.5227691641448267
0.48329020877786133
0.5294660336762339
0.5891094959433374
0.5932887419177414
0.45987318539921973
0.45591248264301526
0.5743917282355264
0.5082552103938329
0.40185510387815593
0.5096569233087109
0.5027629084123926
0.6011300358411062
0.4093965389404553
0.53714469058211
0.4470264825558259
0.4786112199805739
0.4794064828648905
0.4734560427375625
0.460970455331694
0.5063867928393067
0.4527921431033636
0.3930461263076165
0.3922994184482222
0.4624148231544293
0.5018951487388368
0.5183578262088728
0.47124715236870446
0.3864387149721429
0.4743759487820064
0.5267959541406861
0.4814590432791229
0.40156015496528297
0.4667673825688861
0.4627325591722429
0.5152516173188669
0.4566486778401713
0.35069579942723467
0.5193936280019331
0.49741404093036584
0.4543038043340385
0.6154143592617952
0.5104897987140089
0.5573142026757424
0.684078994379443
0.5692662270289413
0.640321777785527
0.7071743299266293
0.5686930462883119
0.7579222221766814
0.5116319124889966
0.6203855217107904
0.63126260200725
0.6032757961423101
0.44943803327935594
0.5954067185028685
0.4619054560842242
0.4831253709078307
0.5854339586083963
0.5011490686737251
0.7422519714723119
0.712155772632725
0.42190381287861367
0.5325424772619569
0.7542276948186759
0.70865204019198
0.6388400831852068
0.6128279795634382
0.43136817104681585
0.4667057203096747
0.5343558972519094
0.6109458197896986
0.42025280021416367
0.4614612124267239
0.6823458654838543
0.7809944959903835
0.7581842209627503
0.6386489279078755
0.8408642253845011
0.7019705382822423
0.8368228955118209
0.7507720914943496
0.680630430007847
0.6633169745998857
0.667626505676306
0.7566708531258697
0.6614851552941812
0.8796069567820471
0.8476848465793261
0.7519100353196169
0.7820013334318341
0.8249627069291018
0.7759113802704116
0.8267827020797291
0.8177414736851689
0.7795860194559426
0.8169900267345575
0.7430026092953208
0.7990486922266178
0.850475043685768
0.8815161579082824
0.7880282153790208
0.8705921053777741
0.7707270347504452
0.7702405940594328
0.7650417499470868
0.7815003942181402
0.7528290575857828
0.786226160666675
0.816773879328142
0.8834946949487521
0.8147380530247211
0.7669555581855347
0.8338849557988224
0.9044370959999523
0.8176825501387337
0.8980642713371949
0.8095924543449255
0.7611227377549492
0.7340659490532049
0.7723401975197526
0.858914304366337
0.781638330599922
0.8298478339084219
0.8707728932573453
0.8191233619313563
0.8457959444467436
0.8829059695201685
0.8607837420853026
0.895190003832361
0.8093571759922917
0.8199157736353482
0.7755196880820414
0.7574343162465949
0.7289553374265152
0.7376565874644052
0.7742074193738518
0.7309572864702931
0.8665074409579603
0.835822664238697
0.8519878779955108
0.8641263821762427
0.8268464954914345
0.8391795149578067
0.8623121561303557
0.8452739112219795
0.7194694948700775
0.8418122845028354
0.7703094131147565
0.8229001386339909
0.8693802119443426
0.837655637478699
0.8407443406837606
0.8435806501368217
0.8077855679634829
0.8154524486859653
0.6841385656725851
0.8761169504642181
0.8166526364400396
0.7739214208484957
0.8755102034147864
0.8680585367644609
0.7923631993388498
0.8204871050761213
0.7966778455063461
0.8595534940245049
0.7161026739058878
0.7807813145565449
0.7812448618630408
0.8577415601024723
0.7888029417718294
0.7906177554562136
0.7759437159662357
0.8416899197031193
0.7869119154772701
0.804892017621395
0.9093143880797065
0.8430320163754945
0.6818524337227037
0.8651663234456661
0.7348242188032397
0.7450350132706907
0.6543358065058553
0.8646542332352125
0.8638621584546382
0.8815724218554206
0.842619823035005
0.8652252401807763
0.8019239344142213
0.8038370187792186
0.7942028976172891
0.7747910227473639
0.7458875799640134
0.7800534372213954
0.7986229777580972
0.685591353659844
0.824422125674735
0.7486738465058784
0.766915393916594
0.8311003713665395
0.7494927133580078
0.8222884032569666
0.8840804350413962
0.7502490814382895
0.7789279319299032
0.7944705007816935
0.7252133238817597
0.7426428378195503
0.8700224415126121
0.7769511745348905
0.8502337182036229
0.762392201353316
0.7217445795328715
0.8344888770059511
0.7401128533147951
0.8092824499471777
0.8535207847446826
0.7464056297829051
0.8058750043350906
0.846683745158658
0.90140483676996
0.8927582571551119
0.8711740840185256
0.8146623446012717
0.9161752243307308
0.8911529638924176
0.7155218518797726
0.7740870836958875
0.8582680957252677
0.8073836960328593
0.9036658467762038
0.8777272643965219
0.8690105880269534
0.8842735877845666
0.8382900619274459
0.89953011738529
0.8753922594853649
0.8272972387672372
0.8695910052438001
0.9219768743312895
0.9128059627470831
0.8274672162477301
0.8826312573135066
0.8349022908688035
0.8013220443982858
0.8922517918404043
0.8746203239438466
0.7650620170578589
0.871916155808091
0.8779407526295764
0.874217333451206
0.9074509887571833
0.8570894280076727
0.9233550412704985
0.8367290752772292
0.8084851267198735
0.8040491842442217
0.8514747246350619
0.8299233727016433
0.8286166401424497
0.7537547298201538
0.801346696316432
0.8020728052718825
0.8379375373139473
0.7518939666658404
0.764037504174039
0.7608953968202072
0.8831580269141425
0.8649462284513122
0.7955980632286248
0.7956627228725527
0.8347428877476012
0.8450282362975199
0.8276459988096945
0.8854738603245397
0.9279615072874543
0.8200294491736241
0.8482538957751057
0.8011169071638969
0.7671067911013032
0.8321937845513552
0.8319488268734614
0.8337321666283453
0.7201766906916451
0.8155328812261826
0.7890413636798841
0.8133567468491718
0.835781632521128
0.7690565769737492
0.7722760306345189
0.7398204737840307
0.821958052199335
0.7191666133919357
0.8171739712231257
0.815140837290403
0.7567590508824082
0.7481659511508207
0.7495894271504363
0.7318221687401729
0.8432052541357093
0.7245835771553973
0.7770195488905162
0.8136961715520558
0.7447689352997793
0.7945934317726737
0.8052460365691881
0.7530278928153862
0.7675754164762614
0.8681620351021984
0.9161283235343166
0.8980691674751008
0.7327100584682029
0.880476405027323
0.8802077841987612
0.8670621069021898
0.8683912165238625
0.9076558750616819
0.7378199940969683
0.893192348856372
0.8209539459320582
0.7045114661921352
0.762442602833977
0.6987825432134078
0.7363023289431363
0.7201908796876741
0.7315736044799765
0.750434375353454
0.8150901263786852
0.7186974897915661
0.8521701544352019
0.7454651037809239
0.6937726519337273
0.8373979062312509
0.7575835352730316
0.7364475102557185
0.7948401430159027
0.7490805234613822
0.7106698203309318
0.7047198351500135
0.7513401424522326
0.7087000083013024
0.7865182428296091
0.8407508270590638
0.8451799730551837
0.8563739005139355
0.7731547550169109
0.760858783398713
0.8249619971150798
0.8401669349507956
0.7608517703391593
0.7740401661554808
0.7593672684225226
0.7827537647726344
0.8886362061544569
0.9088149943913266
0.8326751873565643
0.8369884835557444
0.8098122344664593
0.8965541447091417
0.8372184723908151
0.8985461696105368
0.8309569765879938
0.8118617009455886
0.8346855581823469
0.8547349674340854
0.8911551414526464
0.8902568541482868
0.8207979040326163
0.807749961802532
0.8361678150125935
0.8405576399575952
0.9031130520525124
0.86054354807578
0.899661814517295
0.8203643756124658
0.771412778026721
0.8417992122112985
0.7488310970945153
0.785948514745622
0.8247210725051661
0.7490278988520366
0.7909602552381116
0.8517274702621582
0.7493422022064034
0.7843793031306974
0.7162626805181658
0.749756156913599
0.7435213528247574
0.7725439525548905
0.7243124238075993
0.6923629123825469
0.6539134094147656
0.6883223071511925
0.694426543642469
0.6924322297763756
0.6672387954640242
0.718858373645114
0.6702826833300899
0.8122198967480644
0.6587584195947562
0.7216935806831966
0.6620947134173196
0.7233623574518382
0.7347506797178993
0.756847255562779
0.6970003804522678
0.6660158890082365
0.7624468033008136
0.7966696047433206
0.7475602913885795
0.8061900427011456
0.7019628875013364
0.7474175533358765
0.7943412573014137
0.8108444866978985
0.7717103281329714
0.7541505492676261
0.7054274166188519
0.7259572913964067
0.6895284253260805
0.6400060901379412
0.7085085698016693
0.6447080539053345
0.6778088908102617
0.710725788002743
0.6987832555165921
0.6964363705605676
0.6509730661501574
0.7325537213068012
0.6626669378352459
0.6795382565611396
0.7441229722913911
0.7092633707643642
0.615934372234878
0.6582564047611552
0.731468885792748
0.6629231771611022
0.6672688505466027
0.7181492986686168
0.6469610461239659
0.723173220119082
0.6831694024510274
0.6561981965912349
0.7825114077933115
0.7709339537172113
0.6271550782867474
0.6961275250608308
0.6911789392503718
0.8029476815744832
0.7796732530581143
0.7585303536363466
0.7190142727495576
0.668116807420938
0.6761481921555057
0.6728244071927991
0.6558468000174285
0.6652324743397873
0.6763161306427583
0.6308245192335799
0.6757611691734569
0.6666688238844996
0.6703282098838018
0.6385712555559953
0.6825835749981013
0.6692297364158681
0.6474926843505515
0.6613199950579067
0.622268337227061
0.6713846946124045
0.6382525053588196
0.6527388175179187
0.6581160675690193
0.634119858468481
0.6711572376971787
0.736760052082309
0.6665428137910752
0.6513280787719414
0.7685704687222819
0.6905980928902706
0.7594334396928262
0.6405261512702848
0.7027007156183422
0.715524683084583
0.7045018514963428
0.7358744518655254
0.6195193569245445
0.6541866912970493
0.6691419317607976
0.67515994551406
0.6745128289197143
0.5834966245951124
0.5916668323625538
0.6165773800276981
0.6317161657936035
0.562619878664709
0.6697804183764987
0.6857786671011118
0.6862158095500639
0.6612075530214394
0.59063433462669
0.6125741371729082
0.6672149213849285
0.6162286540859916
0.607839371540627
0.6330823893635226
0.6384794478474238
0.6495314955725389
0.7303850192187584
0.6524288831264384
0.604886641001317
0.5807139690649139
0.6165789686419599
0.696682917263353
0.7223997932884907
