0.9848020431095295
0.9905328701597833
0.9761551706492199
0.9796732871213736
0.997034303853132
0.9766207261734097
0.9918400715215616
0.9828134822174893
0.9783407227595162
0.996911784027458
0.9742651190203613
0.9727529928032241
0.9971735281773055
0.9681384677393772
0.998514876505546
0.9978475473538442
0.9918393116637096
0.9674006618101213
0.9854038229748087
0.9923421959958755
0.961749064657032
0.994759992680963
0.9938523523747615
0.9789415120098182
0.9714568235727039
0.9740550398443235
0.969815487010359
0.996717895281416
0.9659759225030569
0.9812376056327671
0.9915004378928447
0.9920956700485495
0.9968990986365145
0.9570673379573252
0.998597638461838
0.965406850281289
0.999738097377452
0.9924029093662088
0.9986736714204745
0.9740791617739843
0.9764360734438642
0.9908684993469489
0.9810061810459088
0.9617265280403086
0.9968879090859826
0.986167723554885
0.9619744991119629
0.9933908600548413
0.9995228613298408
0.9705141417962703
0.9992187069866516
0.9814331418642341
0.9612125871389782
0.9797645951667041
0.9811780319465007
0.9634807202415201
0.9800708120891638
0.9952295269655258
0.9999682878801375
0.995920840341869
0.9928287018734034
0.9963625698169636
0.9992709948374066
0.9834801990105558
0.9855785047937805
0.9998046426006008
0.9998339351335976
0.9834629550044738
0.9947408217563334
0.9999220057448754
0.9968598428928724
0.999205650985314
0.9896954534749405
0.9998261631648404
0.9823764804103885
0.9999854354106903
0.9999533052356402
0.997840110033567
0.9938573444412443
0.9853868794174889
0.9999140384880231
0.9983476165515162
0.9930755728942939
0.9940138483966596
0.9880421690723566
0.9974155598390695
0.9995669463405592
0.9985572126277519
0.9996854562299822
0.9957617144333379
0.9999506870248456
0.99565117751323
0.9998877170727932
0.9997006678017513
0.9995235785355352
0.9998830548505264
0.9999609505505471
0.9994560427093852
0.999954892482761
0.9996102183740121
0.9999493074113408
0.9997705755716557
0.9982603688036598
0.9999265199484328
0.9998076891716096
0.9999020703331452
0.9995847254574078
0.9989205920164259
0.9955036670527577
0.9979795379433322
0.9796933717506637
0.9949907208207474
0.9901109456136357
0.9888608715327902
0.9941653691083463
0.9811109720953426
0.9864544764037779
0.9931469531737748
0.9989739422704663
0.9697763314074779
0.9888744610008394
0.9857649477158179
0.9968470368132452
0.9885837597964267
0.9953304545053949
0.9794695516010086
0.9962770662669261
0.9824239157462185
0.99814835218164
0.9988794987119248
0.996350193049904
0.9991055403780043
0.984547356250915
0.970009521699071
0.9833036616505564
0.9903515269513086
0.9997551452429669
0.9968208460438412
0.9685908984639362
0.960471323365973
0.9557462328132418
0.9741454574002855
0.9692649615340456
0.9544710954907938
0.9896581878998849
0.9613459575891478
0.9636151166757176
0.9804852436537781
0.9890307330118657
0.9808987166236822
0.9654495219308696
0.9685577240210079
0.9654406405877126
0.9762028374142966
0.9995496941029349
0.9622516826734979
0.9992703185813412
0.9970626193267472
0.9684728748142398
0.9831232983449457
0.9797964405916073
0.9973578962580208
0.9986298026834864
0.999854908308666
0.9972984658539963
0.9962842324049677
0.9758352744565146
0.99583647507749
0.9769371496654436
0.9629957129459263
0.9732375003237519
0.9743533292866571
0.9724703822822681
0.9819486253544444
0.9748093081510132
0.9993278274216141
0.9997552729714017
0.9878066165849786
0.9722941120541495
0.9990917414450297
0.986577198002297
0.9731296688785758
0.9977642680660292
0.9805974290932515
0.9914913443222164
0.9996713354899042
0.9995707262587724
0.9970408221651118
0.9997390712657934
0.9881656527861022
0.9996891968716534
0.9999415227420658
0.9733082281076464
0.9982368063227125
0.9992944451372444
0.972831470763483
0.9947898696838223
0.9871252763465163
0.99833526058206
0.9743476119904021
0.9608589680236308
0.9806667142246873
0.9750395338365835
0.9692863615332874
0.9769675385708395
0.9614571547873005
0.9794192121817159
0.9776975731380608
0.9946748732392446
0.9829026249862831
0.9907844933468115
0.9918515163706778
0.9917555351580204
0.9768162547776963
0.9819981450778228
0.9842754841821058
0.982152927869755
0.999531834659755
0.994684443817635
0.9755581972719933
0.9754722469702874
0.9950454831169531
0.9919757904602972
0.9753167973687242
0.9977136716209195
0.9803248043272509
0.9715002114095033
0.9806612326193562
0.9773371692245036
0.9757443378402185
0.983832245631307
0.9374083258973441
0.9612861860907378
0.9697017994015565
0.9440694930892018
0.9802723905770139
0.9636466327157414
0.9167253492971981
0.9858562332114867
0.9834258384084562
0.9906962617412913
0.972148854955725
0.9946564590165187
0.9949095425554024
0.9617933307740815
0.9839135043991489
0.9922455677144078
0.9921870857560533
0.9982393743851753
0.9991985630580337
0.9987136756561363
0.9983909208222167
0.961197870034346
0.9914518807648247
0.9995712949353435
0.9869460073478348
0.9906540265936403
0.9899580269217985
0.964903393799415
0.9516666402257634
0.9590421418286514
0.9626030829061007
0.9656178766581303
0.9508229273436657
0.9579164631495215
0.988730986378594
0.9856523342066834
0.9937055261581074
0.970046487760807
0.9887555551084785
0.9920959103757079
0.9986897493690488
0.9989747763393255
0.9982684700132296
0.980842149686372
0.9865229141395281
0.9988371815721666
0.9907229638014612
0.9974522630211953
0.9963332418911452
0.9816076978771116
0.9949336088883778
0.9976266928961502
0.989199858382545
0.9953943245906027
0.987543860283146
0.9994256070532381
0.9993670027270154
0.9959062258689237
0.9983231168218003
0.999075387334099
0.9963374462350536
0.9976830816245864
0.9561407994418083
0.9632990169895792
0.968135175895223
0.9579888676027186
0.9630238081885125
0.9483306110128229
0.96790787236905
0.9948733511660278
0.9646751303583141
0.9929585932089471
0.9784396424786985
0.9924993802181381
0.9532563015548253
0.970181405733442
0.9968826431803841
0.9586690053144605
0.9452822414410427
0.9256611707480218
0.9987588675817238
0.9683502996011927
0.918691569041425
0.9989089404940641
0.9835651731330887
0.9418511477942224
0.9537971214758338
0.928911107117364
0.9679502226023786
0.9291180659619498
0.9839312804966585
0.9838252708604855
0.9832394613208112
0.922566509443916
0.9167368153826372
0.9074187659505963
0.8781600412744004
0.9263483239797324
0.9105221600491462
0.9488316347504406
0.971360448319288
0.9537924784748972
0.9787952365849891
0.9259953595345256
0.9262221470476212
0.9661546560394358
0.9327577331303187
0.9808917626472977
0.9740446185443947
0.9696721511564691
0.9175772912206672
0.9993459813056995
0.9909901864965074
0.9393432145362625
0.9895310881694515
0.9536577097015976
0.9986825099445528
0.9144986824985033
0.8911502273731728
0.9093927929672599
0.946683058187805
0.9715143535626998
0.9984538975029796
0.8120989786043169
0.6527498343980088
0.8525138852457752
0.6992586876220075
0.7074890648514041
0.8178158398972478
0.8080937925588119
0.9451065154704108
0.9758046435189591
0.7668292940866246
0.9434378831468954
0.9887881779702896
0.976160840874618
0.9990000165353217
0.9991991455964382
0.779750860434145
0.9373028953267255
0.9859984888815219
0.8364874664202797
0.8764145962258453
0.893235965528492
0.9900699876719967
0.8180311014795122
0.9592464786734399
0.7798161884317121
0.9428659172459989
0.7887646760622841
0.7351334980972095
0.9647069329425153
0.9243230062069725
0.7431605562525524
0.8727080142686874
0.781646255898215
0.7815473492513798
0.6623539316862995
0.8112346829798872
0.7498705455680394
0.6708055124653444
0.9405149286635979
0.9935369276182762
0.8863998956156434
0.9969658539522965
0.9990169203732759
0.99621183613181
0.993649318713282
0.9997310423124446
0.9193117364799197
0.9774330901543169
0.9254985897689811
0.9983584278549675
0.8509720339317932
0.9808277275232785
0.960748613952227
0.9165857657088284
0.9942086682272162
0.885838075831272
0.9716348958167393
0.8412310243840546
0.9644671393010953
0.9172822067599438
0.9974343989054575
0.991044078745767
0.9214556907376746
0.9270887650015256
0.9933500219578699
0.941422122973437
0.8480768597350914
0.8518598985801411
0.9403517076718526
0.9358286552786839
0.9881406678765474
0.9850264821600049
0.9962442205000432
0.9869360253520727
0.9963664333955479
0.9973813323669894
0.9764478363616358
0.9990615347007961
0.984114718428315
0.9993774409402945
0.975226169176327
0.9983547876783372
0.9948394451657443
0.991700380960369
0.9816496323204034
0.9687183788317102
0.9804702573615668
0.987715495788592
0.9890415794673705
0.9840116525165722
0.9949259247569859
0.9969012558769725
0.9782105946172028
0.9988710549641775
0.9938413358399352
0.8745827148239326
0.9073546634125005
0.9459596097333626
0.9491737058772863
0.9751687658964372
0.9685780262561425
0.8973239395390651
0.9087527386279384
0.9924687425890616
0.997957966491873
0.9962080389966541
0.9994340596659097
0.947662507898583
0.9312539713914136
0.9724695889748626
0.9646402854078868
0.9796723542975151
0.9910552190516438
0.9971263264389456
0.9537145041195001
0.9836101398833674
0.9975232385729622
0.9477511047581676
0.9316162423921704
0.9417881178289195
0.9849117242797697
0.8974107729507861
0.9874274049866929
0.9590202093923073
0.9354070014935973
0.9685989997856586
0.9019083335110778
0.8173729514998428
0.943616820638769
0.8703700604198084
0.9216699435377486
0.8242393274917099
0.8509546976781246
0.9857597130800779
0.8754963801171753
0.9676444299069915
0.9543226698242685
0.9075211216270218
0.997809344702985
0.9059913707915936
0.9632713327265507
0.9581890932455802
0.9531266832459817
0.9681075169178954
0.9414169150596753
0.9407865531832861
0.9985820935053609
0.9709027969612589
0.9921316833108713
0.9363606366699114
0.9986259763765463
0.9258753840279126
0.9196827927250097
0.9640020937696618
0.9102854911132958
0.9855382392895635
0.9121968702472987
0.9509550998679533
0.7280215786055038
0.8903130306151783
0.6768628978940113
0.8736867385503357
0.6711229652647838
0.8530659773886051
0.7143867902419734
0.9724246379158337
0.8738324304105094
0.8460438855150533
0.8835062193706739
0.9625103942971172
0.9217351635195717
0.9996220308999516
0.8865535705945244
0.960802393470374
0.8450882568647974
0.9935643297986589
0.96392709962238
0.9390186093757542
0.847985632011947
0.8479282906297582
0.9877026164998262
0.9992073883796515
0.8527755349752496
0.985535364171203
0.9877991789321763
0.8417812688722571
0.9730102474427167
0.8645862725558923
0.9531589743600726
0.90286860480181
0.9893368135447551
0.6676244910218465
0.9501138177937177
0.6178937579252989
0.6823605017179414
0.636949180784267
0.7831438274199498
0.7827551072818266
0.7218115287968176
0.9518665016062797
0.990803530064626
0.8609083043529955
0.8455852657202797
0.9758555487709483
0.8983988285304654
0.9847536435843598
0.867373367396832
0.9979044492201798
0.9989179568146079
0.9894318745072044
0.8293858170783737
0.9490090681463068
0.916801660512043
0.8494691843727779
0.7000399532303131
0.888025865839501
0.9920203873237655
0.7453867783999022
0.9370508613505513
0.9321637449030888
0.980695210162053
0.9866113488982091
0.9888359784812862
0.45667433147213543
0.42633139241576035
0.6052753981073069
0.7072683619315769
0.48928019271047474
0.47740151586526414
0.4954314390699846
0.9307639349507131
0.871450667842679
0.9487785724472747
0.8559682124201085
0.9443935214697787
0.8981160074043146
0.7467339426446629
0.8634822638777351
0.8957135419808666
0.9857833880963357
0.7086034645485081
0.976273208833373
0.7619038656366026
0.7753098100531648
0.9944462048794145
0.8853108381318437
0.8601271421604968
0.952724237772737
0.9958147542524018
0.8541850961030503
0.9965698174256333
0.8007687451322862
0.9214827703825095
0.9982347655829009
0.9413980123111121
0.8606943470149
0.8025506038679211
0.8951770354012223
0.7088967619553755
0.8085274216339687
0.9233994519152684
0.8667947237298104
0.8470305631405073
0.9752817092836624
0.9266508952549398
0.9496263222273886
0.988657677020463
0.9082939144422562
0.9769359642199573
0.9483330740712456
0.964655838680587
0.9400546320645854
0.9873623022107645
0.9267834847132934
0.9161055359934678
0.9339575726274008
0.9738580785418642
0.9971535411147324
0.98174824617503
0.9428074090185932
0.9372565634276087
0.9354644195962818
0.9973242845555449
0.946419421572493
0.994150555580912
0.9412631213254047
0.9268546375025887
0.9501893129006791
0.9674810264550759
0.7936063415244268
0.8980592402867323
0.8793904712619574
0.5402060940443074
0.9722372714637035
0.7789134274546236
0.6219926382261347
0.9674535678390566
0.7337590985433559
0.996286093915815
0.9920882100977408
0.9040725197885793
0.947503568533823
0.7729631566311355
0.878956152259931
0.6782800337096597
0.8887059048466
0.9913214034297172
0.9731682486805746
0.9687581129585858
0.6543846420496197
0.8060696286939211
0.9382565955507246
0.7872914890109892
0.9783812978301931
0.9323959406575522
0.899786180903223
0.707972810465376
0.9699692306783483
0.9895677329984192
0.950256982415043
0.6688883213534547
0.8027895103926842
0.9142259306456909
0.5010669596074555
0.5111661365450357
0.5364201018007682
0.594920108508348
0.500219720253043
0.5004371280977902
0.6885025091509205
0.951243528313086
0.98885858664826
0.9963252942045425
0.9554180294356571
0.9304364178590643
0.853659473773889
0.8140698296305396
0.9783956401388147
0.9439668227357125
0.9892716282849796
0.760162501850864
0.9650703904983162
0.8036742978866757
0.7875791584486325
0.9019052316577743
0.9495080588418419
0.8822634930779103
0.9786700219092734
0.8356427395643133
0.9151840331279253
0.7599108514344441
0.9207158123789974
0.9355377221043834
0.9886013389492482
0.9636397464965549
0.9042292899381312
0.720983471427018
0.7062394411206759
0.6294469988068576
0.7099238578377676
0.6775536986081465
0.7053161389939655
0.6488188832456152
0.9592915397988894
0.841645346666301
0.8505704982186834
0.8071058940739069
0.9114928962153802
0.8669416459507482
0.9187338599518333
0.964270740074168
0.8348825160952066
0.8998924600145463
0.8238811936691774
0.9977113913229948
0.8229288264653446
0.9163742260368554
0.9879215527123608
0.9755264472700445
0.9812009953465668
0.8593259572339473
0.8754545524548853
0.7862469583380312
0.790668613918721
0.99879374313014
0.7809425376461492
0.9136887547905805
0.9208298730445568
0.9870467216458362
0.8031137143513324
0.800507796363378
0.7810884559255038
0.7435867537253426
0.6929451839693405
0.7367426717186369
0.706714905080511
0.767137774672138
0.8932907495841996
0.9021259254016738
0.9085816379929343
0.9571259792630102
0.9094549425680281
0.8886000378122461
0.9945889317625823
0.9886760202139249
0.9457194286163637
0.9458705219315543
0.970662931563637
0.9599560837797356
0.9963292045756122
0.7662181467106491
0.9041356363509356
0.9822316196767102
0.9862155454783605
0.951600513133021
0.8573082979775613
0.8839532285924614
0.8608409445946594
0.8090114456413853
0.8632759263921572
0.9741761415976298
0.8686975381383033
0.7033863657296022
0.8116922427889401
0.7896516202838388
0.8978146429373127
0.8271449642469253
0.8513657170775881
0.8485936857153995
0.6700986373528177
0.7658916416284056
0.9799356773310012
0.9749014029292307
0.9925816938310086
0.8134786867235713
0.7845396438168721
0.8164042394523929
0.9962350479328144
0.9541561199287991
0.9200023214983009
0.9906739570903189
0.88978120783857
0.8778062884773299
0.9729551205560807
0.9006636073804839
0.984721288670767
0.9011131669994719
0.8025587247379142
0.7831723679836888
0.9963502479587633
0.9753650475681788
0.876961977480877
0.9582238865667794
0.8379944733795692
0.9264189058503594
0.9320778625496259
0.8405482934049694
0.7892009743150604
0.8617282152834129
0.8894839116981589
0.7974054973074006
0.8068021485070199
0.8619889201520914
0.9742421240293037
0.8586731412388688
0.8639870395095528
0.8995694698249558
0.936784463581583
0.8244834616808668
0.8665314264485733
0.9046691340225614
0.9305067452717369
0.8429073184015236
0.8400110521073229
0.8081463831497472
0.8251486259472214
0.8434952221042804
0.837659354178011
0.8393847804693462
0.9970242370102178
0.9964064645183286
0.8220376660850249
0.8362961846868393
0.8436624284628884
0.9335360569851919
0.8574064611676309
0.9714784270089352
0.8777593247466544
0.9570123421669521
0.9183859293509669
0.8041625857857813
0.9252141996879736
0.7273858199076052
0.9250939259296311
0.8745250736889687
0.8701781097948615
0.9620562408838944
0.8828247406301712
0.776851438900847
0.8507650124426065
0.8520534033766125
0.9148009696128073
0.7722917036113346
0.8004134570102093
0.8365431819800515
0.8162397114312118
0.9196322093620043
0.8436359243638951
0.8221190079802122
0.755664989695716
0.8989715246409717
0.8012006779037265
0.8611116792332554
0.8127213523848466
0.8466809314618529
0.8348080177540509
0.793043665793123
0.8375266450585818
0.8101197264051587
0.8866579006920301
0.9601068986438316
0.7665165047851445
0.9911679197061005
0.7707624630334254
0.767744197466451
0.7059723375910918
0.7969386673404504
0.7839217687777725
0.7849581844132827
0.8201619094298624
0.8227742795926968
0.9439250644045551
0.9966640273621608
0.7498379699123178
0.9437739555765188
0.9733517138886364
0.9272470113036256
0.8175957182131635
0.7423516666224981
0.7591801532563509
0.7813140480427134
0.7861899022259041
0.9190181648819253
0.777773686430713
0.9843725445608907
0.7274407034687791
0.7727938719860052
0.8302330696066926
0.7300948957352538
0.7983660193123163
0.7637839499565814
0.98061383029326
0.9075233098362158
0.849388198743482
0.8052482203887332
0.9648089653787961
0.8055189675278644
0.7734877441449839
0.9821948438541341
0.8126829131307295
0.771912327628437
0.8043501408726981
0.9104587885653925
0.9847983665668363
0.9951137893876665
0.99273858406091
0.9447404781870372
0.962562486779595
0.9974712643524605
0.8513836521118213
0.9659931837627784
0.9646858731788202
0.9980532734977365
0.977241584102108
0.8548111402140018
0.8768122741101971
0.9578253249363204
0.9828901694173513
0.9575363241708945
0.940779263491227
0.8805605164364183
0.9948942028092924
0.9152556713336708
0.9283906774243049
0.8290860289873141
0.9501096196855368
0.9313368139875893
0.8155819025177128
0.9516457731619883
0.9644490420781091
0.852597768016201
0.9257557784945374
0.8776328705777448
0.8060244009427453
0.9199200777915261
0.9029420493227027
0.8842379341231059
0.8668806528105508
0.8336014773481186
0.9969632604133727
0.8329744761765526
0.9968634369284006
0.9583254929885626
0.8982488299104076
0.985275411391014
0.9942611145473697
0.931894936415427
0.8341589043111745
0.9694896086710045
0.8466088819068087
0.9377382209772583
0.900259759283315
0.9235925425997733
0.9650258444564136
0.9664979341290657
0.9975291638323929
0.9928580558623223
0.9860732577696267
0.9348511394980018
0.9149800506054844
0.9882299914889774
0.9964497207101529
0.8755959847931425
0.8452061953641761
0.8678644888349355
0.8381290224973639
0.7843469861922636
0.9941651810369093
0.8183074247343908
0.8535465272665366
0.9431660439391605
0.8914960363046388
0.9160264263057822
0.9830469722670272
0.9046078961859232
0.8716709539625742
0.955847373237014
0.8935132237202515
0.8696201256530517
0.978124537762425
0.9965756287937999
0.9694709432101104
0.800957672081045
0.9587010047356581
0.8716207048815879
0.9422532194363781
0.863238339860334
0.9812820517861713
0.9730978405837347
0.8731471375200768
0.9793878519964057
0.7951341193972844
0.999078170255693
0.802497600265344
0.8988805244991238
0.9747965524430976
0.7453501773326305
0.7621082944293825
0.74949341832723
0.8055746133446902
0.9215039568470881
0.7309532764925004
0.739635516127831
0.9863323185521922
0.9835674589394876
0.8593113581731943
0.9959831206530805
0.9502338416087642
0.7522014340715991
0.9979519525863079
0.9220958716396881
0.9869631716433642
0.936363237008488
0.6944854742787127
0.9893372326043273
0.9945389923447583
0.9821338842407602
0.8837196789669532
0.7757557139276108
0.853737486750069
0.997781378278188
0.9487350245889172
0.9748880347236261
0.9798520403860056
0.9976045161206532
0.9876727448390135
0.9665267240049049
0.8347058967604772
0.9394819732304079
0.7422537701882164
0.8532120255615883
0.8236401304295021
0.8262307696170667
0.8284730920387245
0.7884340572636002
0.8247677538101721
0.9880401065464315
0.8615350655673395
0.9781078149138775
0.9763693280846253
0.9105329405155771
0.9964464475969546
0.9871062053151036
0.8876689697990656
0.9334274046282435
0.8967235221728085
0.9582864342769275
0.9827634008636751
0.9724681404370747
0.9746468685190354
0.9388768912241618
0.9117794762336071
0.9661183026926874
0.8988976232558529
0.9682599282128581
0.8321515294939759
0.9696484552281026
0.902748193075285
0.8551927928210246
0.8584350342548306
0.8899751665748853
0.909247176462031
0.9446392397641992
0.8141603589586907
0.950080594448518
0.890166005539283
0.9446773045253891
0.8179698508556427
0.8439579182050206
0.9661909656918558
0.998752836875558
0.9180501723008518
0.9975799702621113
0.9359872123325785
0.9140284755796846
0.8990349260250792
0.9760657233814904
0.9800240190686682
0.9714620587767016
0.9942401123452844
0.836366615368892
0.9815524418152539
0.9951404487472248
0.9948577960527681
0.9883573456414907
0.9797145523008488
0.9950652172683743
0.9595269891711671
0.9483064854220102
0.9923095382107727
0.9816266828451479
0.9928911280833048
0.9993571268958482
0.9650563814934864
0.9648385555455626
0.8361169822143986
0.8291208124440791
0.7987213233805522
0.8146853921214829
0.8430368902209959
0.8524701229834779
0.7873260749478799
0.9657106971696846
0.9506342357001962
0.9877226238188417
0.9975746276371522
0.8655269630437367
0.9977619299514361
0.9860262153590903
0.913032683481966
0.9638876587319932
0.9994378311530459
0.8995893616891899
0.9629520410530061
0.9664172759145913
0.855000274011573
0.8826303590347354
0.9508659570277629
0.9356784773345951
0.924100173811774
0.9913620108609855
0.9128815145678603
0.9148913155230084
0.9598611554309638
0.9292778089706668
0.9492787446289279
0.9937553729878128
0.9881102090201196
0.9229817440087225
0.8351065987582513
0.8589479214172339
0.8407485321584948
0.7534477038307082
0.8285049851445134
0.8458804636009614
0.9995365896080001
0.9955634250306991
0.9571683113645976
0.9791208666127267
0.9144942850698325
0.9270521360683426
0.9621240643250044
0.9754067911918208
0.9981142322725702
0.9668609558861594
0.9172887043967035
0.89766606422699
0.9782429321188517
0.9975747015213161
0.9865354050304167
0.8990272869625572
0.9961489860665256
0.9944698244588426
0.8550856201148032
0.9717199522427855
0.9618473706685633
0.9993948184572581
0.9333489948042911
0.963691857404918
0.9909346076864745
0.982878812510368
0.7652727036200133
0.828924430209852
0.8988848007117454
0.8966622714260146
0.9077351902025033
0.7651462027454461
0.6348255367685602
0.9821506268784892
0.9968741310355772
0.7521637675855635
0.9994932118169959
0.9834922900431822
0.7930515637008202
0.7874644497902386
0.8852207012136484
0.9488148102599556
0.7584974735343797
0.8046130977933815
0.8737835282423969
0.8949542886370959
0.9977327716569517
0.9023315787724275
0.8824234963210116
0.8748928238638591
0.9897637021784302
0.9230688352043397
0.9850263533379435
0.9750147603315192
0.9949100714437802
