0.9904789239401921
0.9505446873559559
0.9746963129431698
0.9694441293581559
0.9565617034173797
0.9919749815810269
0.9557782899092144
0.9789645706726858
0.9647361487720358
0.95445062058955
0.9673807881935756
0.9523679619093751
0.9711957097777932
0.9603255018276788
0.9588960237898333
0.9789059961458079
0.9534088841454889
0.9858930090082678
0.9794823936229473
0.9755362268704822
0.9913351812823432
0.9531509677504884
0.9756619210109632
0.9709175740679166
0.9673230391987413
0.9677583085994355
0.9629950799446294
0.9562047436290295
0.9635316878688929
0.9571620810550729
0.9513496947372675
0.9828931890358261
0.9402016238568689
0.9494359215977715
0.968750036448624
0.9566874499544384
0.9416967258269723
0.9499006108578854
0.9447386538143973
0.9364914852258195
0.9313559743478363
0.9652015070709353
0.9675665913496729
0.9382120136944182
0.9505707701609329
0.9776567489306645
0.9522892757780131
0.9546883120537966
0.9654107924298931
0.9725001216491495
0.9271809359052805
0.9287297737510352
0.9468208981367683
0.9440093748481383
0.9479051922301815
0.9479918979645903
0.9430275186041861
0.9192788827224965
0.9432103439487154
0.9389928252357431
0.9455789915902776
0.9273863170133929
0.9412162319278394
0.9400293134973453
0.93954963144128
0.9339449680357415
0.9426555043637463
0.9500561637641661
0.9374389216705907
0.9434845753018593
0.9433158877640389
0.9447297609374324
0.94815264806611
0.9446009338871361
0.9335553940586065
0.9430698090824213
0.9423108231753801
0.955577680215366
0.9435577988451167
0.932095256794835
0.945229286422617
0.9385791015458836
0.9290742001298489
0.9198861992831949
0.9263988142256405
0.9363689665145734
0.9405487276407798
0.9264789241624841
0.9443844419100618
0.9360894899841744
0.944717804088814
0.9385218660308459
0.923730384505361
0.9315380633658699
0.9319076667759192
0.9388692808636858
0.93783384806777
0.9379460863001174
0.9274141441535367
0.9264119034799146
0.9419995159300298
0.9281196398740366
0.9403401069048869
0.9402031830107019
0.9404169750097793
0.9405638283692404
0.9365368974355668
0.9390073035679951
0.9368192537732374
0.9378258843407226
0.9339723527811259
0.945704662520199
0.8975001151350244
0.8855969452727906
0.9048413829050341
0.901885629456374
0.8974753258930446
0.913115412095918
0.900618523986527
0.9371148064800399
0.929988424085613
0.8956365038658005
0.9230138596043941
0.9297942526731051
0.925970086476821
0.8995860991908882
0.9365095543313744
0.9230845702844312
0.9220778471025776
0.9413238607533485
0.9407045866083965
0.9313539841747767
0.9468087254845701
0.9655561503647118
0.928082799049345
0.9080887801338229
0.9186435010121077
0.9505131496638051
0.9434014848495531
0.9017511149181581
0.9249367953554968
0.9408888854962534
0.9248963450188068
0.927166151822908
0.8695652159726628
0.9202404931141769
0.9444559148768479
0.9003654365000988
0.9428449432628516
0.9118386921605082
0.8732547552810465
0.923646221761504
0.936747109344653
0.9348464483893177
0.9392928283623222
0.9519966866457795
0.8911453100730391
0.9398168417479051
0.881876843141723
0.9545452624461583
0.9455601862978925
0.9356829745592024
0.9336707793274208
0.9030469631397591
0.9444375926582015
0.9324646758882513
0.9321224070898871
0.9304759646257857
0.919243778632842
0.9299035348456581
0.9275132058693243
0.8733074076776774
0.864155095978159
0.8897696022559591
0.8759234480090894
0.9105235702992056
0.8871083165606103
0.9215290296791323
0.9180870028980115
0.8967933628800685
0.9061407146073059
0.8793551007315408
0.8850395416422792
0.89688259133011
0.9087331411125494
0.8840343544574158
0.9115317343891085
0.8756563213451558
0.8855187950532263
0.8834614888188771
0.897721458048852
0.9135308895805756
0.8819230843096857
0.8685331472188011
0.8877244700909461
0.8871365296382216
0.9009729797912553
0.8762627005384751
0.8768914612679137
0.9121937904916724
0.8722861117158274
0.9091786425745982
0.9212279444365821
0.89313109207313
0.8858034641642787
0.8831310133088277
0.8426343745659418
0.8441531989769132
0.8359989484910197
0.8720061494336385
0.8586733503361172
0.8277346254100332
0.8356050834590376
0.8582640233299756
0.8459591317498816
0.8128496387833714
0.8420920529936369
0.8406209044264903
0.8614805502767224
0.8609620472128622
0.8370469418158231
0.8739195593215421
0.8972637854627838
0.8406081763465229
0.8459126379283155
0.8885255657794887
0.8363516576570241
0.8482942843983077
0.8397322770861944
0.8173160041059712
0.8660319319418295
0.8405725058303873
0.8693909341013893
0.8451758476478488
0.8386758295660502
0.8705502751496743
0.8513345349974002
0.7988267159568725
0.7974673881624029
0.8369320857657911
0.7747417777191907
0.8508417482458314
0.8099059157511181
0.8693759560480108
0.8422987886370116
0.8224323307636243
0.8336031248327613
0.8219868316612966
0.751481941764543
0.7610577207984004
0.8081100576222138
0.8223021455843061
0.9045718758375088
0.7741907831118353
0.7607928979198127
0.7402986240458613
0.7544179820532468
0.8705464514806991
0.7842399963673742
0.7808452382408448
0.8004328924680911
0.83841256670791
0.8501293791216286
0.8571464567920047
0.7884263209077105
0.8852230629539319
0.8498011182033416
0.7655490208006673
0.6979752658479881
0.8086494948768118
0.7479680455905413
0.7150372117932932
0.812632119804442
0.7852652900829769
0.7423822911414264
0.712567963118212
0.7187287390717123
0.7883432074457788
0.7125205442521483
0.7764899026679087
0.7700708891214975
0.7480710070869454
0.8313501031891656
0.7629135385132608
0.8267932920602856
0.8130997369263139
0.7191828435744078
0.7247822925768301
0.7721185576807247
0.7252391595801277
0.7129566477758909
0.7038956396221374
0.7631697375440286
0.8127934620596979
0.8417692573546898
0.712490695437451
0.7754906377266348
0.8278794164503714
0.6547883662955473
0.7103489894843467
0.6856711648414867
0.6527525441157178
0.6504734503754268
0.6908317872206072
0.6815957068638361
0.6157401308277886
0.6741591049614044
0.6380220324212935
0.6293006742402529
0.6212997352001084
0.6785576763715813
0.663775776546407
0.6860326974361466
0.6480525349208356
0.6463486811885153
0.6888416840503402
0.6969600910632481
0.6740179179189738
0.6369571542327355
0.6608686810486203
0.6710827619217975
0.6236982244936977
0.6230981537608834
0.6200603937032051
0.6861437091771654
0.6140575462755731
0.6449582665343844
0.7011766765248767
0.6840654572794558
0.6795632123100261
0.666086054267447
0.5902862126390462
0.6455440933703036
0.6003109242251733
0.6473832818026188
0.6106878423778441
0.6063383202484215
0.6068744184042774
0.6235763280575701
0.60094592927183
0.6027831980073257
0.6052315449994061
0.6659140700689935
0.6144980570347338
0.6441282572914495
0.5897607980142163
0.5896082397462805
0.5974057387930665
0.6497896598552327
0.6783453470626666
0.6525263562763957
0.5935581868415762
0.6129527423331063
0.630898587652311
0.6046052759268479
0.5984527238545816
0.5908154057488731
0.5853687903005383
0.6235786595232886
0.5907044042614285
0.6185121019362784
0.7728338896673028
0.6933670448787623
0.6581576032070109
0.7193178596091422
0.728520743017738
0.7163171189148452
0.7166277243878565
0.6861097876166115
0.7480795418674362
0.732377831514419
0.7044933327717082
0.733273883716028
0.7423551419771919
0.6738577783921719
0.7441832472859558
0.6587727479174358
0.7317344013016585
0.691491483219431
0.6613239448043997
0.7932578960555614
0.7829605243706728
0.7316150705606727
0.7028595554349883
0.6866500970574922
0.7036756887594872
0.7495779701370784
0.6863719819106534
0.6626360235236998
0.7472727605169742
0.737292830576561
0.6592255139101169
0.8393584706699565
0.8322234265885591
0.6338777681595991
0.7833629637911615
0.8106269860843143
0.8399670058650903
0.6825887644176041
0.7203627916284817
0.837671481103968
0.7823281853824767
0.7342464009214043
0.7620219615234888
0.7004849644072673
0.675696079049348
0.8202675771040524
0.7198977902193033
0.7965592641677185
0.7968543495404596
0.7267157520159873
0.6618344993381529
0.6999353206943945
0.7751656060501344
0.6425633382640665
0.7711295150248747
0.6386852963219126
0.68004874585496
0.7026866250166237
0.7871093833491316
0.6842195131490239
0.7338271490799838
0.8055402823988089
0.8170886742074734
0.8171638107123689
0.5267707541420622
0.7481272318874878
0.5426578282937687
0.7714563869844611
0.5517694093021384
0.7647081280773621
0.5634303212831249
0.5900289413733791
0.5661946865291512
0.7864183137227265
0.5910769291841882
0.5829775779203167
0.6010995794652629
0.5690009024419492
0.7360489705893047
0.5273148049145207
0.5177259624287398
0.5664012943695379
0.5569849633904471
0.5449399757002281
0.7519625126833749
0.5542256641141053
0.5686034628709192
0.5467125743924562
0.7907203855811291
0.5264378290132602
0.5338207593305249
0.5393110184848151
0.576338040065558
0.7750111033940402
0.5366780551334547
0.7640901507173978
0.6771384999210012
0.5620229608486748
0.585119168736804
0.5811903711155324
0.5207374033149351
0.47074596707027005
0.5009449944470956
0.49130441100829064
0.5441761633093767
0.5100314762375655
0.6035316364666409
0.5887119955102622
0.5318286817273012
0.5165384770691307
0.585524255664603
0.5462278857421534
0.49974045930278227
0.6159963604470426
0.5503116221210292
0.5255420856939826
0.5364792490772615
0.5370376089804185
0.5095306525588006
0.5307207609099696
0.5182057490980898
0.510367956588409
0.5238175063847166
0.5503114201362955
0.523864001981347
0.532994890000488
0.6066282439327357
0.8190055741379239
0.5033438860586837
0.6138491213043602
0.6188062861786541
0.5291666202483162
0.5235837899647775
0.6099997307740024
0.5993386774167544
0.5673674486341065
0.4997421752098595
0.4699027784548119
0.49254791621836547
0.5294545642851973
0.5550150211685769
0.5714241633699325
0.446526742807209
0.469473946746486
0.6008893968452703
0.5389112571278832
0.5676106242542509
0.5219642385990476
0.5542618839791713
0.5567578181503159
0.46891989199101014
0.4684735609095811
0.5663808159936088
0.5606790998868911
0.5597543230760116
0.6149414840643425
0.6224670892426489
0.472081797410498
0.41358179600511213
0.4426994315219991
0.28573856416963167
0.5146966945075724
0.19635498552908892
0.4360823260018135
0.2192585634126669
0.20602949247171712
0.3021129729125267
0.3834514099113878
0.25192669844891347
0.20336230579003217
0.2502472308545137
0.19100269460842517
0.3770576660215554
0.2015867911659618
0.2626370509592686
0.17993717496410047
0.20471841748424247
0.2315003846209464
0.36666494790566456
0.24375256560970338
0.2865168526035685
0.19964761441446904
0.3653703571107838
0.18914560892770135
0.2843080810492006
0.20957939614741247
0.21614612349722895
0.3591875541918291
0.18598394088612125
0.2783345427704551
0.23165579366650524
0.5340182501367479
0.3869092490447237
0.5346065241426876
0.33116052543115604
0.5030678480026881
0.4618371528734585
0.4400771596845088
0.564822968665251
0.4526868641946905
0.5779320565896737
0.5189626850749506
0.42721886561879524
0.5693053659739734
0.4247991093316019
0.5371427168203056
0.5445391982347008
0.5569380118475182
0.37719464811678427
0.5187806916221371
0.5481667848908078
0.4843057147840156
0.513637734461396
0.4851244327670294
0.5779671817407261
0.5404351729844112
0.39630500985565953
0.4449055209988436
0.5384345473014621
0.5352091635101027
0.5311167553195058
0.4886904387915905
0.48533708898391403
0.8659956504976288
0.8419206453148323
0.6558391175587823
0.849081955478233
0.8656825878007959
0.6152101253899287
0.5163584706543429
0.5339663679836464
0.46382797191744424
0.5729663533754721
0.6026206201244513
0.43071682778895554
0.48603190623953474
0.5998099606572088
0.44402806130011496
0.4802486817325864
0.5914514214673128
0.4289351054378944
0.5392527184058296
0.5368828775547738
0.46312840373596864
0.49158754822494577
0.5862146775328178
0.5431049064991756
0.47189119000089935
0.48043410396137054
0.5412363203544241
0.5343050402802942
0.5532234629955781
0.5190419356773349
0.5190286340939756
0.5388563179939843
0.440928374529947
0.5332306414208199
0.49651513575927453
0.4742634890644756
0.45378058773281815
0.5390010122124733
0.4662223314196314
0.4984656526381537
0.4680989725386593
0.41348603036947984
0.3559684659383081
0.471408542751767
0.461937760295712
0.4718731654711939
0.4594116502117098
0.4105789210454464
0.5116277565690034
0.4633283399384635
0.4926972496184269
0.522751324033662
0.467397504617332
0.43920260454579774
0.4644980445967585
0.5088372011728217
0.362043141764143
0.45753837360183025
0.4702743671608498
0.4718446181758642
0.5064900519611537
0.48400396004907986
0.4386424018845349
0.5470651837740268
0.4914205718169382
0.3651190937732013
0.6047522769066478
0.5840233024391133
0.5438428312353534
0.7356318988034628
0.5109782571167522
0.6230988142767088
0.5913143672873051
0.46540581673911113
0.7325886754691331
0.4553207999250899
0.629636173778441
0.5125819589615966
0.6552206022846057
0.45803618256772716
0.5320677855983222
0.4298075551093613
0.543173098864929
0.6052005265455944
0.5149505252276934
0.759448953306529
0.7711805855453896
0.40459531007972654
0.5449938381763205
0.7826856112559719
0.6269279614153709
0.6193034193655726
0.5912148444134327
0.4133503991190909
0.47760822896825583
0.5050838715688906
0.7260649317618908
0.4352897025847282
0.36120197732498693
0.7087559131487886
0.7611467144853603
0.6364273969954246
0.6468111126391192
0.6998402381388533
0.7494943854063514
0.6510239438019162
0.8081438262579351
0.771311694725912
0.7575213758484258
0.7658192750917536
0.8378800000916532
0.840964837771978
0.7826385442744599
0.7899660439679115
0.7556710874338176
0.7837012932254932
0.7695087590038356
0.7751737337645637
0.7545610163147892
0.7921546519869055
0.8224908386586678
0.8393612945051675
0.7469356314982697
0.796282910826441
0.8060893245559582
0.796891868824104
0.7238356325603085
0.8413962817143071
0.7365639377247756
0.8027099516645002
0.8495148698475568
0.8390350973768484
0.7714658143456223
0.7900199706731333
0.827149146646276
0.8890978017658135
0.6712029249406286
0.7929332440191408
0.7226450327272648
0.768073576524556
0.8586321824590055
0.7519085321678698
0.826893333534963
0.834162290705044
0.829336377228433
0.8750856127703927
0.7966873800374645
0.7588981822000573
0.8189226185523466
0.8841794749671421
0.7579560341813666
0.8123927506264432
0.8272743937293243
0.8326849804035055
0.7645360682221901
0.836611408844899
0.7491419227220528
0.8274806604823708
0.855458555273088
0.8771832896589616
0.755394080109674
0.8590079957403458
0.7608099249937423
0.7231678178573224
0.8429262662982812
0.8271127062767261
0.80753685910867
0.804996567605596
0.7820875049533242
0.8783985540515076
0.7011569067047525
0.8304272951746458
0.8076713611444822
0.837228125973036
0.730183844574412
0.7610718896390323
0.8714802225423122
0.6995834738270404
0.8471808099933347
0.8859777934779941
0.8589524304165548
0.7973965335204725
0.8128824138174198
0.8386132864918625
0.6862073455861792
0.8080165638013869
0.8104703025549886
0.7894024618424789
0.868351242261484
0.8808408063681461
0.782000027469131
0.7561903079057322
0.7659236691904578
0.7177370815942993
0.8426833463756485
0.8617075716409031
0.8218334011527759
0.7226838055716115
0.875513743662314
0.8304957688201056
0.7993420117490271
0.7808391499616066
0.8661146940383948
0.8511543393489795
0.8312400059404319
0.8291189113512132
0.7765152940030158
0.813853469912164
0.808310043502831
0.773543568200954
0.695939816232071
0.8343519434929332
0.7732357330297047
0.8082987710046303
0.8280626001192588
0.815548897196923
0.7788146928505377
0.7270998357598746
0.7163499816095124
0.8215909702956308
0.8537070178456714
0.9084045537875363
0.7078294876311031
0.7757322062635322
0.7994802638329692
0.7904719255521213
0.8700622341321567
0.8607352884320175
0.8351764771304542
0.7651206694153467
0.82326384993695
0.6998991691387968
0.7247026691474836
0.8268886463002842
0.8302226267077046
0.8380354873110474
0.8132948306785113
0.8096229789984736
0.7680799063663057
0.8002204952690588
0.8058199961741239
0.8627249010489744
0.8966896505745698
0.7790692712068212
0.7771696283471359
0.8610306057103407
0.8753228847551706
0.8817694515022301
0.8254972829667995
0.905503075632677
0.8991204135201458
0.8216240234686942
0.8446876399939596
0.7855649424159015
0.8108124023554515
0.9267498063304378
0.9048585456213178
0.8618987692497112
0.8570790261753791
0.8725715064231001
0.8885729342729138
0.8254850707322943
0.8278316381667072
0.8999967046998598
0.908782795648367
0.9048219501898458
0.8970373422724873
0.9193050898399888
0.8073151635425757
0.8202014273851909
0.8682732745741468
0.8978574528502328
0.7859696837245995
0.8674806861008835
0.8355158391939438
0.8080893557656138
0.8780292654034685
0.8660790714571868
0.9093072452441285
0.9013727032254808
0.824141600663123
0.8241062783894086
0.8330328753977594
0.8712025174424316
0.8448752786485532
0.7882327170617015
0.8057665972583639
0.8777548699615667
0.8746974658223926
0.8713574010877276
0.7666620313324789
0.7777112934504798
0.8786564246574946
0.8090205842864437
0.8997181945560488
0.7703383739438207
0.8509288947010425
0.8626767261929724
0.8845749173972339
0.8926799993058159
0.9225024338845925
0.8239385794103611
0.861166443211804
0.7928411000752107
0.7737597295859133
0.8312532605052895
0.8516967379812281
0.8680949119783348
0.7176671205671431
0.7322894711339154
0.8348422736507292
0.817440734602128
0.8376893004196515
0.7588827713507174
0.7457303522469496
0.7408544237954026
0.8361649392758235
0.7430708874993563
0.8322669140630676
0.7941026136448486
0.7757888589944043
0.741687124771788
0.7446725183693194
0.7576128638081165
0.8494644210019705
0.7578830758964843
0.815815158887101
0.7486294788376385
0.8184663222110105
0.8598733564755507
0.7443000460770959
0.7857536587652403
0.7356623047798102
0.8747013560676095
0.9181175140810387
0.8399756676929598
0.7340655216763172
0.8609620398552784
0.8783097535006212
0.7603798873515528
0.7568833811511343
0.7335809520470978
0.7201884555907075
0.7304488688813846
0.7035572859019661
0.7044398063809311
0.7589229306846147
0.7010497225333729
0.7351487756449894
0.7320846806348387
0.7220436157275683
0.7388603535308774
0.811562481139199
0.7061181179869007
0.6979349456847658
0.7009416379503913
0.7342406608451444
0.7189552059522779
0.7318994559805737
0.7339850895059957
0.8026160047940687
0.7332390978455183
0.6887002608362627
0.6946052812328196
0.7632991507020666
0.7573096707098941
0.768433846119521
0.8080640089894535
0.7629144498887557
0.8226971566199468
0.7892327305685789
0.8617292834981874
0.8813139148451098
0.860514920046571
0.8641133579291344
0.8173072681045446
0.8643767428687456
0.7907769182886897
0.8307984086137097
0.893417278907338
0.8351667867106694
0.8682042686574791
0.8033569332645167
0.9090556263608538
0.8764818681710191
0.8890264915859358
0.8195559627817914
0.8168888806715002
0.8560286132053823
0.8337072658911842
0.8947920807635328
0.8872763616156734
0.9046897832299973
0.8213820597051742
0.8431271032921933
0.9068965095246754
0.7997557565604579
0.8675147782192456
0.8007774271833682
0.8131809423453058
0.7724452630895168
0.8316123669846958
0.7753896099681938
0.7848524476566243
0.8567129116028642
0.7393160230954615
0.7049028378168879
0.8122070790887224
0.7149032750850102
0.7283757385266523
0.6590536158189644
0.7697467516487952
0.7315800770186962
0.7050858115692812
0.6604656861179472
0.6695560967457164
0.6566829771482201
0.727247997193144
0.694574882794713
0.7131223628557454
0.6667275844504273
0.6934966754977323
0.715229636655689
0.7897690718315526
0.7019506684085295
0.6553261784524479
0.7567426623381863
0.7169367003514773
0.6917144952283049
0.7390055573915542
0.6880101181573753
0.7224098594705419
0.6783035987011621
0.8136188994853346
0.7649005738693627
0.7401777853356135
0.7038809500415979
0.7418055074469134
0.6944755461757128
0.6966225093351734
0.7019588303669315
0.6761324052666544
0.6252838151851836
0.6712836295825266
0.7036281526195518
0.6468035034940993
0.7077313220405914
0.7251699114601032
0.6673770020419689
0.7099220910733268
0.7510755459415404
0.711619801079512
0.5963768034207575
0.722923462770718
0.7223867764011335
0.647795620172505
0.7045977395082129
0.7030615438236149
0.6274646842849769
0.6529053355591943
0.7064248690852193
0.6701344587668225
0.6804464719871963
0.7153739990595688
0.6616185173882848
0.7021036012457988
0.656557301064367
0.7640935366632016
0.7673501427812705
0.7792638995901195
0.715140327409488
0.6735735190494607
0.6643585153426272
0.6742434027880894
0.6418887016844491
0.6621521928188343
0.6237610964712548
0.6704752020754298
0.6723780751464461
0.669228230995095
0.644075615820388
0.6763553176324204
0.6757216439140697
0.6089480158564791
0.6747707777445424
0.67076651359696
0.6668278066492406
0.655346651152731
0.6994529169849139
0.6919779711137883
0.6639454602863277
0.6508033494424308
0.62733407754778
0.6743923844907735
0.6253036141221098
0.6545041087537036
0.642613343851461
0.6267769179704379
0.6714796433967152
0.7044228282298663
0.6840860411327361
0.6817677825203543
0.6677959857754949
0.7202535903664028
0.6208273563034913
0.6202697849106482
0.6695397774362615
0.6708479779017553
0.7014070737938543
0.6201588109443736
0.5599093072782468
0.6543348166160237
0.6358910441409773
0.6119864553063512
0.6791190676800744
0.6840514916264014
0.6771883579659435
0.6093349800797265
0.600263194696294
0.5871004059595657
0.6675844738310798
0.5758232504677796
0.6119278224189846
0.6469944374281269
0.6175459284821656
0.6545539826970862
0.6595655866630312
0.6417366841989603
0.5797506891035202
0.5659978937803799
0.6265446925055995
0.6603996473452458
0.7387360614344739
