0.9645697228020289
0.9838366535146603
0.970194625381111
0.9773379080217328
0.9958306059560591
0.9992838897873312
0.9706564764588967
0.9712656967975437
0.9701672440035887
0.9905927989762728
0.9621655357397865
0.9559468412494717
0.986572212699572
0.9628052067620487
0.9584511190409399
0.9691582443083019
0.9724029943759651
0.9910710041084483
0.9782175742237108
0.979846819656478
0.9874297972480162
0.9530457401914065
0.9660604329077822
0.9666600595280838
0.959227420350572
0.9612931676509381
0.9912099972349051
0.9579671244251207
0.9663094782755509
0.9685756476352626
0.989651197862452
0.9745150435073446
0.9879279543287618
0.985054075051808
0.9578398903970462
0.9805074942649802
0.9807765043152794
0.9806723211442201
0.9782580839941332
0.9816648612314869
0.9563325334131734
0.9593107817478349
0.9572284430729099
0.9836507741094811
0.9895758328628599
0.9735520162871794
0.9593105807144959
0.9770054459834557
0.9629481299806719
0.9712938914693641
0.9687185278407724
0.983559641572022
0.9576649151390317
0.9892505187401417
0.9846461858339745
0.9651224436125194
0.9900108215217842
0.9728028329935574
0.9972316222535307
0.9882433053020473
0.9878960105807006
0.9858461622003766
0.9976516991051676
0.9710392577427466
0.9827596351178897
0.9956635678368484
0.9983789921940788
0.9879596309235918
0.9735300463264313
0.9756208328797076
0.9739286089875671
0.9861005562510299
0.9782207235090625
0.9862281049757575
0.9666000134259263
0.9647021568759248
0.963462045690088
0.9881201367890539
0.9460343508578213
0.9675830547783595
0.9676155139975031
0.9667259381610818
0.9550497403671472
0.9621439686256773
0.952973061537843
0.9564982730273859
0.960481584322127
0.9748050429630575
0.976064154437185
0.9641865644607339
0.9736867236572164
0.9922206107534252
0.9657695561102991
0.9732220558099425
0.9959035966554987
0.9798902018417517
0.952717053826337
0.9417653105231442
0.9298584883427812
0.9461710370621078
0.9626635204020915
0.955847071964822
0.952134403163828
0.9454920132268789
0.9554650967365226
0.9446315084329349
0.957166117085128
0.9436693167226309
0.946622995531471
0.9567032033015883
0.9499867683981618
0.9501975221020558
0.9463851515700019
0.9582496263044753
0.9500144156556292
0.9543622044329558
0.9726785881991806
0.9538921570174522
0.9680527331718284
0.9600983268446281
0.96432846681449
0.9559787935898701
0.9519887230407398
0.9738319261757546
0.955577902930377
0.9508937134140981
0.9787625248678518
0.9556689345611242
0.9631971378227803
0.9417765877316968
0.9601651153353499
0.9492724856305819
0.9661408151116238
0.9691480106924699
0.9661015357995589
0.9567364885819495
0.9531479247690445
0.9617267534223812
0.9481062979356645
0.9445498421261815
0.9704888617397643
0.9461952546952033
0.9467982583015517
0.94524388791221
0.9583443326890322
0.9733409838100223
0.9735561870705712
0.9582607863437237
0.9761224217018314
0.9799036691333802
0.9747015563875152
0.9776723063878955
0.976875551760173
0.9760907569559967
0.973735068836014
0.989389383659139
0.9662608905068086
0.9790958660455679
0.9536805298391277
0.9517071927795926
0.9654012371527192
0.9450558188788901
0.9313822464251339
0.9374996940084772
0.9488580988467773
0.9676585878319172
0.9612685773280497
0.9372336562147755
0.9467215119992664
0.952582824316442
0.9378369194853963
0.9437400886578784
0.9388536919431603
0.9642232026278331
0.9409452849803905
0.9870328196004337
0.9710288744746727
0.9786690348015726
0.9923140419660238
0.9988572138109726
0.9640572004776818
0.964668919843142
0.9708111087219684
0.9731881008358921
0.9816170193947278
0.9685099908223852
0.980294345686021
0.9992890794038278
0.9680409341914615
0.9771133447478637
0.9332991857658232
0.959901075689322
0.9444492226240635
0.951207863402145
0.9781785560215609
0.9307025944326881
0.9116744494286402
0.9607109478683594
0.9799960407960254
0.9699953103431509
0.9784438081967877
0.9731913272999798
0.9440558226088906
0.9514859082367375
0.915530965539898
0.9718346511845728
0.9914856730155726
0.9839724314281351
0.9751170456839897
0.9652356776554535
0.9712126339908532
0.9914170062732889
0.9704468369177011
0.9773611040481053
0.9710744000347279
0.9683042102841171
0.9710787073748107
0.9359358099710801
0.9204789002886586
0.9300169860918552
0.9354981814911518
0.9054828962912229
0.9176347620912662
0.9212382884740313
0.9159815250223251
0.9122600199469116
0.9223308519979325
0.8830890656831857
0.8975336278567823
0.9135809956705747
0.9198916473565735
0.9209339911403113
0.912454852873356
0.894728140590247
0.905606472221115
0.8901700014006846
0.9024494408625383
0.903578699295246
0.9866420344200058
0.9400042000117294
0.9275632908134775
0.9855213219566803
0.9376429465676243
0.9478083682752856
0.9731877621963458
0.9693547929653199
0.901825585314477
0.9249098412712458
0.944332569350481
0.9345446024774339
0.9753008937699411
0.9285829055611305
0.9233885210631743
0.8759932063652996
0.866619612097349
0.8801398213463133
0.8917757643026578
0.8903780866341295
0.8763718171083127
0.8728116798998369
0.8655294776391672
0.8537974195875399
0.9149343661371644
0.9023210992547149
0.9087932821534521
0.9379411715002175
0.939525891316151
0.9562456510475337
0.9584515889327224
0.9283721364850099
0.9567393861743727
0.9551979537540072
0.9335947231881188
0.9606367167834172
0.9562717707659429
0.9485976940675384
0.9740625869943049
0.9290566087902425
0.9689662125925829
0.9622299395285899
0.9722813216540043
0.9649310911849426
0.9679055507727403
0.9101439462819714
0.8552829748825868
0.8928432935564659
0.8577622534720761
0.8988387865409877
0.9071137383212733
0.915178921231518
0.870379492003615
0.8906445819611937
0.9273202403501739
0.9247471039286013
0.8514366429387172
0.870084329813031
0.8355444331774233
0.8931225445418458
0.939498782141331
0.8889364848582448
0.9259857166113509
0.855118012307396
0.9118961699153414
0.9301493638349958
0.8855903905261586
0.9549080796581885
0.9277745263872246
0.9516777219568946
0.960340735678574
0.9854974689799982
0.8774511160090424
0.9076726551762976
0.8994020712612781
0.7917708197709288
0.6822901254532787
0.8361564339001382
0.7534835183940165
0.6666860460120516
0.8241221278604971
0.7786608779980475
0.6895498634639681
0.6702427803586077
0.6917041774895459
0.8213872624008836
0.6919502725969139
0.7759983661875495
0.7703154737569065
0.7274960650466322
0.8715298515063237
0.7474316390957009
0.8579107622063374
0.8204200859795024
0.6995155198943271
0.6659949276951906
0.8130658690035242
0.6923962200661302
0.6584129827355809
0.6352938245357546
0.7710823664229345
0.881841431678682
0.8657569837940536
0.6499855233993802
0.9207651657974435
0.9694487629169901
0.5991053706697943
0.6003319344087739
0.6588985246783499
0.5923328197288846
0.6327665945119936
0.6668466228896207
0.6474558891793578
0.6060940993578849
0.5984214388702752
0.6000352896118731
0.5901533028460861
0.5981168399037516
0.6030959877784514
0.5887324524361994
0.6268319383369187
0.5885879421933835
0.6168352706266587
0.7674377689584166
0.8351486690544383
0.7608574624282398
0.8132039271919344
0.8207704556038657
0.7966243754573078
0.7632649518168519
0.8413365868283066
0.8238646748759553
0.8297872793335037
0.7339099867016621
0.9453338660955621
0.8514301629146798
0.7714982785482161
0.8007061956008952
0.6970281110133827
0.7796030155824747
0.7017668925510115
0.7364502755152423
0.8361124089183753
0.839826671701108
0.7779756058878007
0.7988427432702528
0.8213281320309119
0.8270126189906128
0.7850188254698758
0.7271255013695179
0.6904117487721356
0.8120266633444764
0.7696099177667157
0.6671836526265493
0.9057884690497331
0.987148590003578
0.8405043619924951
0.9167911688707293
0.9797845980552997
0.9763571273826692
0.9164200565788012
0.9472952074993464
0.9833238442728353
0.8854793706880977
0.9145119449375312
0.9836648082779972
0.9495708981144411
0.9246117752967972
0.945939701883681
0.9099073453116417
0.7574572828942049
0.8898847782626791
0.9219600089018809
0.7778046871049293
0.8746636826513479
0.8723266247892592
0.7352035154609124
0.8900876425763374
0.7996530540789639
0.8886041668729339
0.910409692020457
0.9016957643736787
0.7524273081836459
0.7979067395879046
0.867175536591368
0.9081836305320675
0.9668160457675598
0.9037907050088192
0.9595403175633397
0.9569898592517181
0.9659046633900346
0.9407061635409075
0.9208027882011882
0.9134611460983326
0.9793007664913806
0.9555816603347513
0.8817999758839821
0.9661761692336162
0.9752709431549751
0.952158794890362
0.9548562049481912
0.8535728521115902
0.7625665946408478
0.8546910598033218
0.8532863431372518
0.9076425530068661
0.7970304382061856
0.79135429160453
0.8848334793255741
0.9129766265045158
0.8661461701452415
0.8281271888811403
0.7871929776898821
0.7869404653392011
0.8812454631473602
0.8300565977192549
0.8838688657937184
0.8119725147628039
0.8645772740321452
0.9086824312376309
0.8768863807341132
0.9365174226325415
0.8393591237680588
0.8897231623147399
0.9017390916408947
0.8363980972248699
0.8285028718362984
0.9169150449293133
0.9189282912897673
0.9129037277838015
0.9403701512296374
0.9238954564483335
0.8830366027258759
0.5612729953388219
0.796482883466934
0.6148544664763977
0.7816613858852869
0.5520356726082012
0.791848890240795
0.6043586088490547
0.6907104058794749
0.6788296587693315
0.7876092512806842
0.5887968373324712
0.7268249885965701
0.6393962824782173
0.562548131181765
0.787527378013134
0.5792367428477352
0.6773312200540218
0.841093287138412
0.6706253260260377
0.6632992013696599
0.87368016667494
0.7889870831665002
0.7430606468016542
0.6912577511344449
0.8675618679794193
0.6780345548803699
0.7203158058334822
0.7554378593023728
0.8291012283256629
0.8694843463072818
0.6934767137503528
0.7289696682842275
0.7309364005021202
0.5368595208038724
0.6658471736813003
0.4305641909051604
0.5098271527612461
0.46418315572237967
0.5276782483478482
0.5273159808580657
0.7899739555316045
0.5731660128229638
0.5247404257705841
0.654765845724276
0.6181035952133463
0.5786359162760135
0.6581524518310893
0.7039694103785584
0.7095185780861757
0.5375311417524153
0.976973366480202
0.7965060515909983
0.707740553646139
0.7810960696544977
0.8534201009030344
0.871261597103216
0.87446309806211
0.6862988074329102
0.8978859716572697
0.9445337705228296
0.6739854742694864
0.6884562493829944
0.7985548867448752
0.9808375204876869
0.7604256017092468
0.35832925405888694
0.3915428713831125
0.3819244186355187
0.5126969907687757
0.39541321279539854
0.38232983009672683
0.3031417465722144
0.5062708167583726
0.2403452380997821
0.47933437214556174
0.5536475137466366
0.30208443479541136
0.448244298987853
0.44622515924465816
0.29401326544250395
0.3784744967736541
0.8137836605607947
0.3687353679404424
0.5520737600788415
0.787059453841596
0.5453347882345336
0.40274076559869765
0.6949226318100274
0.3456021053190297
0.3715517049813405
0.5907044661603127
0.41805293004792565
0.4410693496427489
0.6292829192750797
0.4907966554602574
0.29660428841304554
0.5913446969932238
0.8244135668531882
0.23220906010341766
0.37480004991294613
0.5067197071905573
0.2971340308415849
0.4028157795069588
0.3292958519806717
0.3283307471024497
0.341700315448181
0.2861674431929697
0.23752887485019727
0.38723270445032465
0.4421577982233301
0.34077899697002556
0.2374928004174353
0.3627015956517864
0.8628879361319385
0.8076976893273073
0.8385882145161949
0.8528078624865145
0.8037478097230482
0.8004680460060325
0.9099037611217262
0.80374732586314
0.9170290421844349
0.7308538336163357
0.6088197795494129
0.8963870601947406
0.8999290226753779
0.6448877004257476
0.8621127649605557
0.9005716103338879
0.8142813744472215
0.8378601774083556
0.7987673305147251
0.6884156786411606
0.8835985387589383
0.586973743855251
0.7546768499527976
0.753255726013682
0.6487022564704739
0.8668389867977497
0.6015656408177772
0.8972114341506441
0.6060919361894606
0.7714096104239021
0.634302548568952
0.8704230772200717
0.736798376713937
0.8586968917148863
0.8430062095969482
0.6493585503060955
0.7808441900010246
0.62979383723584
0.5422244140797217
0.9103620880423255
0.7525541777319318
0.5415239095830799
0.5722887001487202
0.6458337641822426
0.68772480578337
0.9016813102992041
0.837110751680477
0.8186776092007186
0.6101142638554378
0.8926444593130787
0.8934660829564606
0.6331034420066775
0.46393316623986874
0.43855271697580156
0.4742371839070644
0.4351844201608681
0.45361692340515714
0.4515181427018098
0.4561295665415227
0.4790314459915619
0.49587968417816003
0.47391025283725224
0.4571181064079053
0.5021435755519503
0.5615843692076548
0.504029830864336
0.5460772880579031
0.5140492556586733
0.49905075435489415
0.9553795813550667
0.5112307672708608
0.5652909526828124
0.6017853650590228
0.6037762813017995
0.6376933904593232
0.5649021924078459
0.8538757161567495
0.7579309668554564
0.6952318087138137
0.6313943489111083
0.6080358168505682
0.5098624062673625
0.6172724766009046
0.7383322695341906
0.5644106673231236
0.6567801808087915
0.6775415365813304
0.5244773598366629
0.6029033574504331
0.7325629306920899
0.6416020759367149
0.6948597393934517
0.6000757037976633
0.5737077727921022
0.530237168235582
0.5346122345714703
0.6185087929847801
0.542942105075255
0.5473684966277883
0.7286679705807222
0.969342726893597
0.6555539244250916
0.6336436135704708
0.9178596692634213
0.9278194702849076
0.8124080428949386
0.776959402704068
0.944852938208236
0.7052779569796206
0.7448140170587952
0.7783350289425406
0.6375610965247832
0.7682689322959668
0.7408902921204117
0.6486189113976304
0.7309793790987793
0.9293256864645196
0.7470968665846246
0.8406549358997357
0.7372027273553787
0.7370421704975769
0.8024297630176973
0.763496637873669
0.7838272447023822
0.7951943605513354
0.7937247119474737
0.7839612095571253
0.7866253695275006
0.7197552783715925
0.7823541330298769
0.7886608778742659
0.7970615377458368
0.7206800783765084
0.7430470923757194
0.7658703586461355
0.9425943096296853
0.6734450527377204
0.7506151142790325
0.7756821964997642
0.6442354569536921
0.7645319039182885
0.7810870967704037
0.7995788246199507
0.7557278812180273
0.6901203445098405
0.6563666823187508
0.7485524473927416
0.8819915830363652
0.7663542340462821
0.8717446032266042
0.8099661629196355
0.7658123943184663
0.784545656312408
0.8004027930114038
0.8934685302350587
0.7808078407709234
0.7897769299889938
0.7483803774717213
0.7059960661003559
0.7219192434724404
0.8962343742983754
0.9071438987662932
0.8684601313474587
0.6596299583841266
0.7728185925555086
0.8795431001465701
0.8267547766826737
0.7841033442888986
0.8212388241032108
0.7520635125377599
0.7338942730639533
0.8345362963942904
0.7483728736470774
0.753724379206629
0.6806062405377151
0.7795476679889619
0.8586840731620607
0.7794416059610624
0.7709612640543593
0.8000552542273428
0.7089796606561731
0.7844057189653975
0.8037603374329609
0.8823003091103151
0.8325782371149727
0.7952829263731362
0.7698923986445692
0.8148531367123695
0.79827540316041
0.7728041571903235
0.7924989956067265
0.7388526159309707
0.7912981823081169
0.8511196675879902
0.7815540792370801
0.8349884879979825
0.7308485585885477
0.7934205009845962
0.8713056299485725
0.7398814543828186
0.8279383608250265
0.8490943802852268
0.8059273108144445
0.9195574356734934
0.8119932590509621
0.7443178912004563
0.8604915311504409
0.7621590269394868
0.8652303646856803
0.7897751557873409
0.8021764338631431
0.7419131057210945
0.8092772519150155
0.8489932315315767
0.8633796439890344
0.7976722960718665
0.8987526160873742
0.8065250785961307
0.8608609387847244
0.803854724595835
0.8802241016741092
0.7383740073166167
0.831874086541823
0.7957680895025472
0.8601975175740034
0.7793488377588856
0.779939233885636
0.7012920773798275
0.8266595620584433
0.9017941571580654
0.7291542245772429
0.8469251431544238
0.8651803228932297
0.7803353635241921
0.8770356125118373
0.9469306670336176
0.8903463121471775
0.6846523095620713
0.6886649228219235
0.8323447404669022
0.9020749355207069
0.7740883792781974
0.8714269679542421
0.703332878122009
0.8907612547181292
0.8078679703282524
0.8092985985120886
0.8331157303913501
0.8687262103227402
0.8157053078719503
0.813833064834041
0.8629646297099507
0.8517288932474258
0.7558689153392188
0.7601809665830755
0.7835450797882497
0.8725479420344694
0.8523625361027151
0.8495830952112593
0.8049484074068212
0.8050710802044716
0.8402298268715849
0.8494960265074288
0.8564322048192274
0.7913061768714937
0.7959631207220924
0.8590135821507637
0.8987777926336737
0.7950706157005935
0.6613918778327801
0.8370323241410562
0.7736091699893641
0.7243491487903575
0.852573016313104
0.7412058469745643
0.7481602421297828
0.7883129691535684
0.6786458158421629
0.8422394288149622
0.6743084956278439
0.7696544225174501
0.870752101435776
0.8373178222802685
0.8355401865417179
0.7979369638753635
0.87369445440651
0.8248033091151747
0.8246241904280579
0.885211525636086
0.8078639799095185
0.8699136027911964
0.8487563316184111
0.866093656044773
0.8686881735199335
0.9186787768106588
0.8545011132897877
0.8395927608571581
0.8756953440277118
0.9071442624968987
0.8239928644633147
0.9286496234086796
0.8438337667420843
0.8319222521363271
0.8306550513671342
0.7826077759615429
0.8842694617045532
0.9163893498739866
0.8791231855992974
0.7960910119535209
0.7756065431883199
0.8367408286743352
0.8559159385296993
0.8140793350895672
0.7500141544836221
0.78033769327435
0.8126776877564594
0.7744110963568666
0.790478755661884
0.9047960707706613
0.8424741503810812
0.905376705548216
0.8761290742376012
0.7027329174609489
0.7570115656036152
0.8246600413996963
0.7357252384060056
0.8796479835957585
0.8993775990503977
0.8983208545798707
0.8772425866633964
0.8721384221677907
0.8802831222047112
0.8775969571678429
0.859202983745196
0.8340499899191317
0.9095678890721747
0.9154783097422168
0.8372590565189044
0.8616638220333463
0.8785496660005185
0.8498614573782499
0.8488795991382401
0.9295490660399912
0.9175705139177655
0.8144828665941809
0.8294431137580858
0.8706309748492735
0.8246478417300199
0.9276745724456834
0.929310503794829
0.8957820654363664
0.8454105846312292
0.8108391829341441
0.9109193064798965
0.8305674711535496
0.8168794467948743
0.9102230938610614
0.8474021577238913
0.9164870387406981
0.9072956074992806
0.7797541494767706
0.7405182799098129
0.852976868440984
0.8496410960443299
0.8850960064518723
0.8939434260857728
0.8262393199102829
0.7977842782619943
0.7927608218377495
0.7632086923464968
0.8904850079545189
0.7477530815823543
0.9051705541643134
0.7336055106570196
0.9008503657754843
0.8670036283325344
0.7927591485640996
0.8459092385334487
0.836404797847168
0.9095557666074463
0.8650259649983387
0.9176655070410529
0.8464960656997015
0.8320010821388453
0.8228879111981655
0.8515054356342173
0.8096453240875577
0.8260313867056865
0.79287609169102
0.8428927028042099
0.8406794189588418
0.8416423370000681
0.8561327403421215
0.8263177173312476
0.8331212885127808
0.7505986198663657
0.793609220838331
0.7548511721274664
0.842959138342773
0.8355593136714643
0.7265854515665606
0.7398512777000738
0.7394969138809122
0.7397909642459863
0.7517479842602135
0.6892708211383252
0.7566399959117067
0.7515717400216764
0.6820290268610183
0.6743132847354922
0.8692949516754697
0.8184627696371777
0.7855243454784714
0.7205377503097556
0.7690937493475635
0.6427739259637535
0.749573448104958
0.7951982408729735
0.8337616528116163
0.7290946258135835
0.8095929624114546
0.7814374923534458
0.8032114937307824
0.862582886356776
0.781069066348979
0.8129492499543858
0.7952869267581455
0.8451482610550267
0.8097698468449129
0.8035358185355139
0.772059354887545
0.81243408778643
0.7820185372210107
0.8471027647125127
0.8773134922049095
0.8299977567843323
0.7595648915943629
0.7626580698871532
0.8846062174933118
0.8225095782831786
0.9478318790888486
0.8746361573305088
0.7120362062544902
0.787300261135161
0.8054774993470974
0.7343143566514573
0.8418503776459438
0.8117931295068014
0.8374385013608519
0.8194717308179842
0.9746588498083228
0.8012238204010368
0.7208410603004568
0.8293635870654505
0.8188736748673371
0.7445308377423272
0.7480299140594451
0.8448118550896498
0.7121116216827647
0.7115098424419497
0.745796871122198
0.8164976499732899
0.6934108292751757
0.8139033988192825
0.7448351378146201
0.8100006094700454
0.8026592683318359
0.8150101685039639
0.8830192912873325
0.8783089516113953
0.8659768227514751
0.8261200423109675
0.9073300856623591
0.843896669031178
0.8314366693173149
0.8870022012896501
0.9623838168504748
0.8341298772075885
0.8415925161015971
0.8891440360054668
0.8599940387793361
0.8279394271190025
0.8622191657334405
0.9172037871960996
0.6991907733200222
0.634292347492085
0.7280640264634186
0.5912013670233613
0.6512105697335913
0.7665029172433977
0.7314702727536048
0.6752705688289843
0.7005108115589346
0.7362503441002834
0.6802816703269812
0.7954635964477242
0.826480582166304
0.7816763616489255
0.6458819559308357
0.8950205854590245
0.9457841044803176
0.7498689422982879
0.8553795219562585
0.8442789861570283
0.8408108568893926
0.7579237410968092
0.8829642038476109
0.8297777072552498
0.9838866433532438
0.8779784980246215
0.8443554694461104
0.7559778636133507
0.8511332858476333
0.9427559028784869
0.9509417057039724
0.9251547653951848
0.8611541836025813
0.6084626520006595
0.6129503463631847
0.7147429054564505
0.721399641578721
0.6575601976804651
0.7628442213124751
0.6732387166035274
0.6441618242920097
0.6560893018381034
0.6564088458147466
0.6585554607781403
0.7837590003216686
0.8311901177537029
0.6653241407926874
0.6453007944464799
0.8065545713810407
0.8542798738407292
0.7466563540971642
0.8215369299478152
0.9548700948083604
0.8494951938853497
0.8767227442355355
0.9481745621975868
0.8158930353244418
0.7170852380959343
0.9727355430212896
0.8028795332991491
0.7635314678299121
0.8359698067061299
0.8530213004481981
0.812561291487792
0.7247419712732559
0.9382007372045382
0.6457645934516567
0.6833253148976123
0.7922740243705644
0.7367003379751196
0.7841272044234775
0.5915079262034559
0.5596721376001556
0.6810299050223617
0.6542585958459579
0.5795045314353553
0.7455026300427672
0.7026993307215075
0.7339757281275627
0.7023253162232257
0.7103412756312968
0.7059216125157728
0.93105580945067
0.7344885699729715
0.7156702336970436
0.8123134004722514
0.8311656864026054
0.8508034454852751
0.8311558457130949
0.8224592638890242
0.7684152306337735
0.6789110800937381
0.7153508380951298
0.8059287743204469
0.8352322218640994
