0.9702763934288571
0.9987660847057551
0.9692676563184367
0.9803304190310427
0.9644262742977878
0.9983831427352643
0.9637972315178223
0.9803779933301681
0.989787315380902
0.9689607431242531
0.9826518579589899
0.9753010061545178
0.9771411380569742
0.9720126257967889
0.9962145358774634
0.9666486743188492
0.9940711446510708
0.9985580011896842
0.9947169170336168
0.9759328186978042
0.9604255708346032
0.977036473491584
0.9884167902265342
0.9980438687088828
0.9822696932309882
0.9838479724922651
0.9907857757446292
0.9614377357154997
0.9609512679823388
0.9994896383034881
0.9906344463170833
0.964353943018277
0.9872709736582521
0.9798335087893046
0.9713509080301753
0.9777573072791471
0.9824880698514802
0.971381310412996
0.9711273527313875
0.9810243965252927
0.9578802273473066
0.9630458142406215
0.9696360200975931
0.9860241549066167
0.9870975813498237
0.9728988403538299
0.9605902719442165
0.9756526225787698
0.9800185842167056
0.9703575722512214
0.9711112423930734
0.9825717066296816
0.9574014666392714
0.9769916144143171
0.9833575745859351
0.9652380674840333
0.9999009028879605
0.9755759940217321
0.999210799286512
0.9893301203872076
0.9885684517096496
0.9982674178722255
0.9956191549402678
0.9709030041472131
0.9774290275517141
0.990690214090693
0.9998832049793736
0.995974955121535
0.98976694995074
0.9966062955502406
0.9955685433943735
0.9951981374319651
0.9987174601034244
0.9992948664382822
0.9749096012433365
0.9989055259152092
0.9953743583644861
0.9998550222329864
0.9886736915551999
0.9865914733242374
0.9989640508114138
0.9958406051658076
0.9980162498922541
0.9894088720134662
0.9963182834114092
0.9990755940609268
0.9999240862534229
0.9982085128967864
0.99996107528083
0.9992167952679032
0.994858062396944
0.9899924786593568
0.9840689655197977
0.9935020567627895
0.9882374042045816
0.9962014545765788
0.9691655417400693
0.9776270513333973
0.9687296437760424
0.9893103782333027
0.9605831681823975
0.9685730641015373
0.9769756154367812
0.9690164193564715
0.9721898890784106
0.9673466239400151
0.965702765141387
0.956884101687834
0.961843151861024
0.9885647620515946
0.9724477992981798
0.9648320104228194
0.9672763973470062
0.9867196167336492
0.9713664942002203
0.9803114566102066
0.9988345771839827
0.9991312191670612
0.9679423760220534
0.9557007019124883
0.9575848005908114
0.956576579557127
0.9755316443438695
0.9756604476988534
0.9516996911753026
0.9558171266354176
0.9812257433678883
0.9505483613285821
0.9732856230415381
0.9742117406252713
0.9653150234565395
0.9723809978359603
0.9740571141182844
0.9619541210765158
0.9693850231637591
0.9715104451883049
0.9506647095501852
0.9738059619264914
0.9750412172805623
0.9545201438959943
0.9648875302914968
0.9536362177881487
0.9612714070717604
0.9527935785681985
0.9825362726608935
0.9832848491533458
0.9566883417188846
0.9607565537333658
0.9787719027987578
0.9785513792929207
0.9626362905400501
0.9723280329476026
0.9772721460731801
0.9756512900273869
0.9749462556122179
0.975052630804428
0.9762951828962034
0.9845994590559992
0.9781372847617826
0.9929288961652114
0.9766420434337939
0.9722996876432894
0.9581153467741678
0.9755563824962374
0.9778426288069128
0.9750369444577816
0.9687751628700847
0.974486049084266
0.9768186968087629
0.956721295630746
0.9677836208038817
0.9769374078895032
0.9730279232365364
0.9751457347421828
0.9755193997877887
0.9948541141140033
0.9809892459161642
0.9740054500272713
0.9855651295839437
0.997566195031558
0.9772975442914738
0.9632578662783198
0.9744731133963359
0.9778364224732284
0.9619730048133905
0.9651167611806226
0.9690051730900855
0.9982596567196977
0.9679452518340668
0.9659556703149076
0.9711307692735724
0.9847963657819617
0.9708317010618469
0.9712481233668697
0.9722047904489052
0.9706508238754024
0.9780776291088104
0.9907062217073943
0.9872158612307576
0.9743475661005121
0.9928232339183516
0.9977470125634955
0.9682519780794379
0.9753568479049387
0.9779395531529604
0.9887426100008764
0.9802665413473937
0.9995111605273703
0.998525571021998
0.9785559856751196
0.9838883847770381
0.9798776573628919
0.9270050056643612
0.9612414820013802
0.9768328022931435
0.9431594479025974
0.9749286130609516
0.9626251763535263
0.923848531350068
0.9694233864491149
0.9841211061739964
0.9837257295445827
0.993724978863914
0.9745593560357947
0.9429927603030861
0.9852870435158918
0.933925991569078
0.9750843010001212
0.9724856495739013
0.9854670704399675
0.9883716547650185
0.9570642506977342
0.9801222748832401
0.9709381803844762
0.9741079709245624
0.9770179753579379
0.9709762679346328
0.9713620323532874
0.9740495392846062
0.9949215107530877
0.9559220450960104
0.9950918914013666
0.9552833736066211
0.9754368927002188
0.9895679631459697
0.9715682415935372
0.9422865019605625
0.9152406600793616
0.9403659450003049
0.9063725726522398
0.971364755822139
0.9553340618529009
0.9919302718213251
0.9328848301108725
0.9336895080868883
0.9045926375396465
0.9337074815101079
0.9583963700149012
0.9273954240254698
0.9395502249772549
0.9407231978411096
0.906327903829597
0.9444638994060789
0.9610886049567602
0.9543388039660413
0.9650061790310469
0.9748269839754735
0.9930851992804063
0.9642758898817009
0.9946417129851628
0.991270943540387
0.998344668233776
0.9948238674536038
0.9992712911284347
0.9549554910091994
0.9604133695234265
0.9671390119885535
0.9596261685350576
0.9623274074652994
0.9325220644844332
0.9714636220881744
0.963991388272478
0.964096649876414
0.954436878900295
0.9614842042647906
0.9565754148657611
0.9758703647935003
0.9694897299871977
0.9630779205993001
0.9658617386918087
0.9737510507640703
0.9403075639018513
0.9668261420505175
0.959455914688385
0.9301446107766591
0.9591129578695631
0.9499225444982973
0.9437032289828176
0.9753419033464454
0.9495156302390432
0.9725985825120808
0.9993177675359481
0.9943775829818442
0.9878285329986376
0.9623261710338429
0.9835121837893064
0.8957479395262427
0.9396568686428615
0.9253495922546426
0.9679757571388792
0.9032411370351376
0.9058847327794844
0.8971546267715349
0.8911394001213804
0.9776956185436076
0.9166213292710064
0.8531229889125427
0.9508063124478475
0.8703366702008319
0.9005966875487468
0.999654294265292
0.957254466874768
0.8660562004481709
0.9030852655059372
0.8853991126597298
0.9825847433988664
0.9001563620881687
0.886351056501501
0.9224903842560177
0.9133252245055432
0.944854838483127
0.99178866370885
0.9901804989685601
0.9864630858855283
0.9877402882559814
0.8011490515545733
0.659938585414462
0.8379548349217216
0.7560193901185761
0.686248652602593
0.8162486957253178
0.7403281921253009
0.7859455781394699
0.6861150746326413
0.6797182526349506
0.8227791948682207
0.6449401798926012
0.8107184275143514
0.8355254986239362
0.8080849083985064
0.9820957847493097
0.7213191838858644
0.9044690163320241
0.89449809046886
0.6609905390676447
0.6552264648187209
0.7360198683856582
0.6685248039918081
0.6835407208076498
0.643847645212495
0.7675292324136904
0.9755259586119263
0.734841226239888
0.8053107764136032
0.9561096048735538
0.7736046030620647
0.7008760143521362
0.7615250722595313
0.9418608817318064
0.8286681575084114
0.8292633901875898
0.7357906288619374
0.832569178372762
0.7566659039540429
0.7670041018488263
0.8117730822298224
0.6689235294101239
0.7805274470750879
0.6988661582379203
0.7152666333223738
0.8342963491169344
0.9000327974353229
0.7808822104819053
0.8042653815527394
0.8207116325154888
0.9796884231676952
0.8017541598187892
0.6942085494238011
0.7390853342335351
0.8188537028731284
0.7429444160190408
0.6665294790904661
0.9184403895820799
0.9690113581284285
0.9792986795042564
0.8938994493306216
0.9736444729106999
0.993520693499631
0.9355170136504253
0.9728778663852798
0.9976300197659402
0.9118355599649433
0.9088331538497331
0.9686570126095073
0.9403928087777391
0.9150169013596752
0.9545302210658291
0.9083107975194293
0.9355187383348873
0.9726724795180892
0.9648245914381199
0.8423651980838169
0.8922792087490798
0.9304304092700156
0.8452933835960561
0.9381950350488504
0.874004898925676
0.9267034856235254
0.9768394821948865
0.9386622960076536
0.827665791436369
0.8341007742786286
0.9402237616977323
0.922400872754566
0.9962182224565045
0.997035285872917
0.9952097434088278
0.9988192025111182
0.9896456868135741
0.9888914586304048
0.8737166274576592
0.9242496542799497
0.954560783492171
0.9476315920046233
0.9932277023535843
0.9640993956530896
0.9113156691664992
0.9517931822604202
0.9376379855771639
0.9422166581664382
0.9362269079903176
0.9641519816080006
0.9292642246061895
0.9710834990982281
0.9273506840442055
0.951608926646515
0.986463102487344
0.9308267136340371
0.9733800623568382
0.9702722077963388
0.9561164598907106
0.9308668677519065
0.9092819102209453
0.8987283933699282
0.993058321101528
0.9536627186240353
0.9645701402902066
0.9404030019924077
0.9721222761461681
0.9730378711969729
0.9637058668061902
0.9079521352416176
0.8688893481379819
0.9240476136920716
0.9046526214186694
0.9456555182801956
0.8424363037955653
0.8297644234090169
0.9291890848249174
0.9268857895564158
0.9184081229218609
0.8479888788948324
0.8287401793577275
0.8728925258372625
0.9086678541360489
0.8782129512536136
0.911615641016915
0.8820582716453511
0.8841740827948488
0.920743301895181
0.85232787476633
0.9113331003567815
0.8866601282295441
0.8887219872767727
0.8495622944735572
0.8138843579355702
0.8155395811786299
0.9930604696617822
0.8920990008319751
0.9893291700162736
0.9370555250894764
0.9987330643671138
0.9654452726013925
0.7301926374103569
0.8939955066091834
0.6525434469969842
0.8723259001491454
0.7215294452354053
0.9423034466383512
0.7735196346736257
0.7113047281745053
0.7124485050283137
0.876910425578111
0.7174088761565394
0.8454825888461038
0.7377595931479803
0.678657818109858
0.8751970455723376
0.6917820666014474
0.6887491231539336
0.7247528464626974
0.8146210502670935
0.753517308643887
0.8820146815544188
0.6721426471890528
0.682698942397125
0.6826561372345963
0.8765122998602763
0.7175532907616118
0.9997299039645264
0.8362216889865811
0.9817895963417433
0.999708325941671
0.9410914163124096
0.9235379227861396
0.9850997074703909
0.6002645120876419
0.8924046784504405
0.5800568767798778
0.7303750384024854
0.6783341901677412
0.7471520092891677
0.8095847227414397
0.8228351830834455
0.8985569881584736
0.6025592302758644
0.965083312340155
0.9683554012582514
0.9105215508835587
0.8446846730126274
0.9947395178613441
0.6205900044572689
0.5891628540405554
0.8359080323747432
0.8944850696908593
0.7166354875188711
0.908122248277661
0.8316880599655995
0.7664560797082745
0.857059732663242
0.7516313065971859
0.911019104129194
0.6954108182937366
0.8698506684373808
0.9845396795863429
0.9132621579347759
0.8249527773124941
0.973131283562054
0.5207913884682522
0.45665029082829744
0.5363473567152546
0.8062859744768793
0.4274461371599826
0.5035904553671557
0.3866862753438721
0.5455494646266755
0.27667521424168706
0.8299035577454967
0.9977205657804122
0.3223223586616368
0.37927203096351714
0.9276596745141291
0.36940365699572386
0.4968855481864556
0.5754394341139366
0.3614645112549507
0.3959019362418317
0.6272441630849486
0.3810574249843549
0.45670511808244474
0.810083450916084
0.36846402317524435
0.3162414030720113
0.43768629364324807
0.9977736549885785
0.9847034986353655
0.9105540768249581
0.9781733507535852
0.9038655875092265
0.9227879546619184
0.9050177184574174
0.7486783214658828
0.9299604040163004
0.7611708264891428
0.6073061971240786
0.9031165914285233
0.8847746343199531
0.6732768753601162
0.8572949027733813
0.8527440649455091
0.7747304983089496
0.8654722239774572
0.8860640411530445
0.6958420917150796
0.8144054251311652
0.863233160736504
0.739607923469664
0.9009395978204998
0.9838792933440926
0.9285876031169022
0.8120881851692491
0.8264897062660128
0.6806788453975012
0.8561822525753595
0.8926850713052744
0.8305921271925174
0.8108938849449495
0.9843826116583706
0.994497349818956
0.9350065964292815
0.9990641402784028
0.9991297878338513
0.9875143699529386
0.9413916184665055
0.7707394048908178
0.8311636979340107
0.862617636916907
0.54893231085218
0.8455751526345584
0.7967355332593548
0.6293497604320513
0.8534335660002434
0.5615856470786489
0.8809535618277257
0.6144445050303092
0.8132129811757072
0.6200723260244387
0.8696954051212007
0.6898866135088577
0.9492569914607102
0.7354750397037677
0.6284940189163715
0.7812566927156819
0.5637259675450776
0.5935572425020652
0.9001515089597849
0.7456177944325416
0.6163303358643575
0.607965303735038
0.6570639816496788
0.9701502629482518
0.9989066717063539
0.9899410475916117
0.8016518201479519
0.7580500434543098
0.8525139805293794
0.7630782343564795
0.7203521165228901
0.684732712228401
0.49696567324192953
0.6862156689010989
0.512162523661654
0.6455567992848428
0.5009395789318581
0.5808414452133936
0.5068293033650647
0.5524187209988172
0.6331875245633829
0.5376215063975869
0.7977548247068431
0.9853959843246215
0.5939323428531678
0.5534177863575676
0.73125832639855
0.6808481631592344
0.864323816284681
0.5847124636395162
0.5176833050084801
0.5018650969508051
0.631581484310673
0.5731450236590151
0.5565814594219128
0.6110256331373061
0.9246501884763603
0.7847510221996794
0.8479623124723876
0.9970187880520679
0.9499704025873574
0.8900003263017076
0.9680137657424546
0.881727821822716
0.8993711060872471
0.8110131070087343
0.6501447146060668
0.7153658470612256
0.6797085709724693
0.7069988336116627
0.7428722163117321
0.7443774153432481
0.7563268740708978
0.8229651294240792
0.705582104808666
0.8692658279600343
0.6960094390093117
0.8660995062717358
0.7150804177523713
0.8933710502724328
0.7062994998252934
0.7517568109905346
0.7193054861997088
0.7379928736636219
0.7309851607637211
0.6606707402491881
0.9679699330224794
0.6765204138611838
0.6889198235632453
0.6658167093642213
0.7920941344869333
0.8280162504827152
0.9686374734589116
0.978808852412739
0.8728722738183976
0.9663429177138675
0.9451261812357005
0.9727148114160881
0.788148991710391
0.751595565792202
0.7665193280845122
0.7333027169739703
0.6458807833381374
0.7272385768189451
0.7974779382241824
0.7026475617307824
0.7144482127004732
0.8723147280167411
0.7538818529779548
0.7844650783690109
0.7859935049057275
0.8374679824535267
0.7536641933300128
0.759867050930167
0.7978025726005833
0.6390705573181448
0.8241216863149168
0.7866737211700597
0.6494830578930063
0.7743554486335691
0.8122851444118788
0.7493278378199558
0.6967302326533382
0.6843044857845904
0.8657685771739576
0.9842886582434001
0.7757519845672293
0.746373715166577
0.7415509929583535
0.8606603006554874
0.941816637289635
0.8175878165883887
0.7528488035763633
0.8116268442978304
0.7662064038268395
0.8760274195577391
0.8773620972449032
0.7260180137320926
0.866710606013956
0.8157076980774036
0.8441243097877584
0.7196477009013956
0.7845362057598922
0.7774910815060005
0.7602660370793694
0.8106602547711156
0.7894111776324383
0.8819331593879447
0.7704082947291627
0.7302199616836582
0.875385190621168
0.77276227622547
0.791036670954685
0.8651320813629095
0.8216189884964954
0.8728951124935584
0.8654205004205864
0.7512048191812656
0.9969369976921088
0.7583225435329979
0.9773231737876122
0.8162607601959148
0.7548665358791897
0.8055510920502356
0.8634331399705308
0.7853915479693054
0.7941169721349488
0.8803788419189321
0.7814353331371049
0.86702507579375
0.9173881641371904
0.8751042410720516
0.8003000576245949
0.8714923929005902
0.9049500234058492
0.8805693239600222
0.8134773332856767
0.8094725088883166
0.7834430868743096
0.7691819554101942
0.8431299043920419
0.9113089199810773
0.7867267042147161
0.9043629438873648
0.888648968197316
0.8807435788883218
0.8771971137656195
0.8364329806873179
0.7980338352482421
0.8362649271778136
0.912592126819253
0.825984507046601
0.9810450981271127
0.8167851072704131
0.8312827955947406
0.85304800462635
0.8623775289197768
0.887230152572231
0.7878188677380109
0.8817325481989362
0.800617018368612
0.8648052852969321
0.8322561284339715
0.8528599425283498
0.9128316944506594
0.8835719625309507
0.8713870619986872
0.8258552091465651
0.930094017737471
0.8607428900762558
0.9142694375936744
0.7817297216942618
0.7882094298090383
0.8737684675618353
0.9426690877258477
0.9105927982919162
0.8326621245133523
0.8730339137704218
0.7490221835817097
0.9034694109395977
0.7770086629911819
0.8179594806412168
0.8798338934606409
0.9805865813297779
0.9331628734215817
0.9750864862296511
0.9636553731638845
0.9872229547969682
0.9670069578006598
0.7711268845384873
0.975723018106837
0.858980131830754
0.8591790600562554
0.8572602474203823
0.742177561458758
0.7846020970569954
0.7804813534859265
0.7895808386627048
0.862165880536975
0.7640529472930889
0.8071537076420602
0.863789884069841
0.8888259057757337
0.9390172865298706
0.7069293316088161
0.851975530364906
0.8695745145672948
0.7888067116360542
0.762144524310592
0.8487830650730738
0.7720973325364179
0.9068392298316238
0.7330252565307056
0.7237175349775264
0.6482232517275399
0.7792044429700002
0.7358854089983534
0.9949638874379676
0.9417208314700357
0.9402460699822391
0.8356832214799088
0.7704482088438035
0.8123433966723481
0.9191122956075142
0.9207583181232866
0.7698697907517875
0.8871315279429957
0.7946034859472622
0.8863581319647738
0.8766337118785114
0.9089842000661259
0.807070889092536
0.9021672793935889
0.8024659912917558
0.8088674407119385
0.8127332782093889
0.8706999821175749
0.9308519556682011
0.8032734668232522
0.762932256751739
0.7800396021403755
0.8720422281248754
0.7683377037226125
0.9540675106865545
0.7858568671568531
0.8159876802805002
0.8799168169377016
0.7874204112877625
0.8036527788400019
0.7873441918503957
0.8810662031033262
0.9510516580922113
0.998781378519263
0.8607946912794072
0.9917348226428407
0.8560695988560955
0.8767903533362019
0.8483712025856216
0.8317101063493961
0.9224188889511563
0.9150025546874195
0.809439325200267
0.8093246278688457
0.9298413165512287
0.8012148315459278
0.9332993571454734
0.8393054869744537
0.9034876382996542
0.8402914528862835
0.9169479073397604
0.8547974488047794
0.9328579599613833
0.9071976094904396
0.8352245678632819
0.7903535885960663
0.8850004165051452
0.8954853688416494
0.8449488619678067
0.8659767438626635
0.8013173530268985
0.8258393618333517
0.9186156451840807
0.8956619213232976
0.9152041088410364
0.9934205077793935
0.8986336205672347
0.9655986410407882
0.9894071375548507
0.9240059354107795
0.9824710814527389
0.9225189734523609
0.8894508014821527
0.8700400114248324
0.8707132361377423
0.8347033186313805
0.9178593034649346
0.7970875385856583
0.8600752733649325
0.9906088163146051
0.7984645243774907
0.7482085657896302
0.7429153255137104
0.8616376399275669
0.8637652708102478
0.8001828476714714
0.7898973362300437
0.7711633963740973
0.8021952567974283
0.7554760331457242
0.894650687844348
0.8072776130078846
0.8539457209927983
0.7485923550631947
0.8896382298000138
0.9723580626239365
0.7713808768335337
0.8365378876933194
0.9937499535328616
0.9988129369161377
0.934238805473228
0.8923804986854658
0.7853870961582965
0.9655185973274866
0.9628821317048896
0.7906333239262571
0.731384729928754
0.751649211683802
0.9725212657869047
0.7786915716865344
0.7979629748701703
0.7338199428828645
0.6987254975340085
0.6415267876223172
0.8876270755237927
0.996651615801992
0.7475940450280678
0.9441146243913291
0.7476929755684403
0.8244524718814996
0.7319765887127483
0.7414804850001084
0.6776904181568919
0.7494054295939023
0.7819099827898428
0.7636417008459939
0.7726403097555266
0.7846743611971168
0.6879201143328395
0.7483102397789196
0.7571672695750624
0.7875442140569258
0.9989535957303464
0.9225829808117476
0.9629915045826448
0.8929403894036015
0.8610255879283673
0.9884975134601857
0.8708621427003234
0.8793530953388031
0.8107643943555565
0.7872457657497832
0.8040934582796238
0.7702358373967795
0.8287814658849659
0.8046568029189504
0.8281042025269943
0.7884616767241128
0.8485721618050504
0.8195206228077341
0.7772644142224191
0.8423104817352897
0.8444656350402572
0.7779795162706286
0.9401243874947631
0.8370900308421384
0.7749047260596769
0.7320017069605296
0.8443809442231625
0.8241376642536968
0.7633607745364148
0.858471798040076
0.7799475447147622
0.8234524451262423
0.8336202784832639
0.9839969736953464
0.9185135787461938
0.9743875986592587
0.9383156622078985
0.9291960245970313
0.8896265310044023
0.8898084002636577
0.8822496324595558
0.903927169531186
0.9243200106115337
0.8594744830458274
0.8107743364226885
0.8556179433178772
0.8702591109984218
0.8594266594691522
0.7551377186204884
0.9179972592566128
0.8050105728212908
0.870022174941055
0.829671828042722
0.8915296530795158
0.7814201413221136
0.8228550732968631
0.9211304640781248
0.833124452919916
0.9656576461302124
0.7863689765740238
0.9501212830766586
0.849322984618787
0.8374357599088065
0.9129556577293252
0.8413217374368345
0.9940205930867319
0.9979007623096384
0.9867795149045842
0.9764238498408448
0.9437438568299081
0.8793614992607945
0.97574967865187
0.8878746215174668
0.8037139237029718
0.9717715918909905
0.751036877071794
0.8506021556372133
0.8922555567437883
0.9153920763968328
0.7821323648571756
0.9111559076790752
0.9527441677130346
0.7740413474463664
0.7956978464070977
0.8615299806251251
0.9540998596979018
0.7328374899547293
0.9453953280891367
0.9808945857033344
0.7823588025601368
0.7110114010338782
0.8861254401034273
0.8149720404398846
0.7959728895875712
0.891559888320641
0.8902347023664354
0.8063510820220263
0.8140156959766456
0.9293414021436741
0.9606137136348669
0.9456221104688375
0.8388894453291489
0.8994035566981667
0.9804929114417099
0.9973235415153406
0.9197175415491401
0.8235734843000031
0.7637943629872257
0.9495645110164957
0.7234200507985764
0.7740757676133811
0.7900419677098953
0.9297994477791031
0.7479412494530077
0.7257076735355671
0.9004437363889581
0.9080182822947828
0.8993806584694031
0.9377020386277208
0.8257315720516556
0.8069681832504247
0.8485907249813863
0.7283717821442411
0.7482034202107334
0.9559387578304852
0.947525932227719
0.9108185111797454
0.8469824176766865
0.7712965663645077
0.7484244419089986
0.9286661429242369
0.9967693484943865
0.9827041105022909
0.9724215329826932
0.941238809779027
0.9386715879008805
0.9197479568038426
0.9566168360694969
0.7458206236864555
0.8420067470291281
0.9752899409409063
0.8835420907298164
0.8907664732824183
0.6157795220735043
0.6376673144925942
0.8262382329410313
0.8285079760965959
0.7305928084648337
0.9128682733819773
0.9392860470279123
0.8547024629475972
0.7999263654930459
0.8412258773303505
0.6726753825233777
0.9351842251779305
0.7559333867730771
0.6750895457933459
0.7751389475374748
0.8377284121326448
0.815714694322835
0.8680707047905547
0.792496692852256
0.773369973131352
0.6424673154396017
0.9931600212290592
0.9663060224473521
0.922993123224079
