0.9911565686654862
0.9508515516178437
0.9753086111627896
0.9693059303327503
0.9575038722851753
0.9857428866144301
0.95492768016806
0.9767239369131383
0.966684713438756
0.9535237220486323
0.9643343025325619
0.9530154844285541
0.9716373581639458
0.964170994830354
0.9573045878795263
0.977574204666832
0.9540194402136597
0.9909745123522644
0.9790886703491601
0.9778089833342564
0.9916236215091403
0.9515798898906105
0.971937719307953
0.970873020753549
0.9585998347849838
0.9637566019368554
0.9654167556582691
0.9557761726354528
0.963106553082746
0.9719459311104066
0.9799969710936891
0.9682112265894489
0.9778217791585531
0.9821144645390506
0.9624200946511718
0.9827412440845686
0.9511721098568326
0.9527881169616357
0.9562475325442333
0.9825865435961327
0.9224697326516271
0.9684301458040463
0.9682013701828467
0.9520685646201057
0.9447226869987334
0.9504953142243827
0.9427773848501496
0.9310172064547078
0.9330846544420291
0.9742112581122921
0.9702523435304973
0.9368134090070199
0.947348372722421
0.9721501759812852
0.9489416408070488
0.9584011722787807
0.9874793379098747
0.9685144754751357
0.9457191657090215
0.9231841562636489
0.9297518434263072
0.9418202968227194
0.9503323676324975
0.9448935775755459
0.9278131654349393
0.9418973819383978
0.9450547440208898
0.9428599765543428
0.9467278725756885
0.9335854505137142
0.9401630199700464
0.9417196805495325
0.9452234230176333
0.9351950116645018
0.9366883032208768
0.9510234349779145
0.9442670720019295
0.944174396027741
0.947088270453158
0.9305212363168345
0.9499022426124163
0.9455168336999114
0.9469892550815592
0.9427151232693642
0.9412787692585143
0.9626280656691824
0.9509407248974883
0.9304071261600375
0.9490186606023581
0.9455204132328687
0.9368235698781694
0.9356929236591104
0.9352171989039355
0.9347251166482196
0.9416481900499364
0.9338792868356387
0.9412410430160849
0.9360193374772476
0.940185315109934
0.9274803683382704
0.9318826442628563
0.9270134397161383
0.9334603208145344
0.9335699307432632
0.9454791280922645
0.9298245618164851
0.9286596329614605
0.9350028710205752
0.9395710406405552
0.9369981212467574
0.9367512157909481
0.9462954479043388
0.9318518004403513
0.944517792906101
0.9382315245483095
0.9425128679106708
0.9469207533312792
0.9557797161446124
0.9484506299707155
0.9500263941573954
0.909501113268522
0.8882031914952493
0.9277301348819648
0.9284834086475929
0.9231339061873288
0.9013059885690287
0.9270269228954529
0.9391190191663368
0.9349732650138316
0.9231382432710613
0.9308946212052946
0.931762164798114
0.9288074793628445
0.936183054845908
0.9338589168186974
0.9119622057253582
0.9202389516515522
0.9542257260995525
0.9360059826155247
0.9130209616845288
0.9415903898435196
0.9412957070679532
0.8985468523742376
0.9114297361140952
0.9353181901101576
0.9727680094079844
0.9716433492149483
0.9301471120580986
0.953422203280155
0.9736363586632476
0.9587452403080361
0.9471673241229589
0.88626209199325
0.9091151925933205
0.9296724708787407
0.9085083663096893
0.9367746875868923
0.9220905691166217
0.875247727179385
0.9282326251951246
0.9483189637133147
0.9364805194204178
0.9367093705395813
0.9325728163392859
0.8915343705499801
0.930577900136316
0.8673434000803513
0.9365375726659704
0.9343090526430096
0.9342814230073613
0.9335585787582708
0.893265006924604
0.9346708585837316
0.9466502819071234
0.9319517457214513
0.9687037796170588
0.9486393189388116
0.9742102116866431
0.9726386656851352
0.9410881599318613
0.9102871695885442
0.9316517241927731
0.9243108895131109
0.8954397869195816
0.8925736377682887
0.882770754806143
0.9235237306129209
0.8983186539748251
0.8896779066970567
0.8773850473061233
0.889499755957119
0.9218637030654366
0.8868417436103488
0.9219347199508534
0.9043569040975841
0.8634217911922806
0.8994587881260427
0.879436463180717
0.9020597253066138
0.9045829537869652
0.912166311096287
0.8683595762352689
0.8888748505319344
0.8929771054968989
0.8991095078822308
0.8772585531234423
0.9053028082163345
0.9088804744460108
0.8753524982856871
0.9200382114569767
0.9090261160938483
0.9322567791470029
0.8981570471126923
0.8943064376922991
0.8408853800088406
0.8429749142467451
0.8298936591625435
0.8529588906452126
0.8829489632322911
0.8177384340255518
0.8569577775200348
0.8333833686323582
0.8488991271125312
0.8436983589479125
0.8518828808754466
0.8808410294842879
0.8712292629007548
0.8635887213250026
0.8240255034829201
0.8859909578011761
0.8947734903850241
0.8401505862631273
0.8537171250504125
0.8644782286229894
0.811902548509535
0.8476301961911082
0.8460952879465449
0.8176954061508219
0.948085367881931
0.8874757761733276
0.9002451946100429
0.9395670761392666
0.877456338534929
0.9291940457127226
0.9457945627333372
0.8494510678070293
0.7550864771224395
0.7873145579062752
0.7626377721084987
0.7943570226262728
0.8628033737618892
0.8450727342853186
0.8320454613770486
0.7794851892714345
0.8355737198458563
0.8269235150310313
0.7485910561429243
0.8102583067666801
0.7673472616609196
0.8128225010118512
0.8420345644164261
0.7960966400181133
0.7830686527813606
0.765916301063581
0.7752000609522678
0.880458604353811
0.8529280412967801
0.8384919634430077
0.8556674470198926
0.9099989309227627
0.9165105339323805
0.9161862081706738
0.8597418270316488
0.9230166212287287
0.8728589832563027
0.8000752888932086
0.7245555595217996
0.8027594118391377
0.7471252710098844
0.7200400348957047
0.8186042709831698
0.7847388254812115
0.7420249643282764
0.7121363018639434
0.7151151726892486
0.8089017322651366
0.7102368838238106
0.7941514869519201
0.778862011840726
0.7410061411091493
0.8289388327890295
0.7624813675913882
0.828922432177549
0.8085562056340274
0.7186600733582654
0.7240793595108767
0.7463732531291589
0.7286374948348249
0.7097601937459637
0.705441821006231
0.7431275807743223
0.8268195677733329
0.8858699674270007
0.7043996457977957
0.8052051805024552
0.8906627725055382
0.6317956421803517
0.6688486631731614
0.6946445161479085
0.605323047551444
0.6774130814056785
0.685517307364673
0.6824149114204255
0.6826533045529517
0.6351601553968335
0.6597643627426379
0.6643597466642244
0.6099108681227664
0.6810991878005979
0.6677611797055227
0.6073625396731426
0.6108039594270381
0.6780680727624915
0.6140399118375244
0.6886636741481835
0.6803549657774242
0.6357166759519512
0.657136570735005
0.7193879636273978
0.6705032915171065
0.6219179160053547
0.604017671385336
0.6483559774305032
0.6023004003883421
0.6387779056297427
0.6651372143159858
0.6062245149936806
0.599981200060361
0.61733597063764
0.5959032029726761
0.5889590363954305
0.5947882030543141
0.6722262365027203
0.6321788377240374
0.6381701703419829
0.6107465006217294
0.6070042204625234
0.6019066535402089
0.6510759637262609
0.6780658649359701
0.6513205114009728
0.5923521064499694
0.6231133476335654
0.609140249396158
0.5920671968024153
0.5919833793220067
0.6089376195345239
0.6044914244791618
0.6322195425920243
0.5939683847020198
0.6170893730577834
0.7778026383088577
0.8368485081322399
0.6977665546238401
0.7875369298645712
0.8100683673918516
0.7260238166292231
0.7644173843326578
0.7968800117330554
0.8158460978605448
0.6890058978642198
0.668907414861091
0.7469898277157783
0.7068505501619308
0.7524819114214849
0.7365726838382016
0.6586610622780878
0.7278013678930562
0.6643837758135874
0.6980233984116175
0.748840567351165
0.8124497734217255
0.6788381965403512
0.7479001931200423
0.708721483228568
0.7652843117841458
0.7382930231329041
0.6585143728356264
0.6737559698541853
0.7492654397667879
0.7283438889476213
0.6577371564660648
0.7680900139587328
0.8568451990146204
0.8098236311319056
0.8785900280801064
0.8254213602914666
0.9235243182183837
0.9039680266149555
0.9114844161477634
0.9268734624456487
0.7717335431490313
0.6489233243263159
0.8353816892466289
0.7755118426356746
0.7876551674471904
0.7127800234160104
0.6696564381888115
0.7971248700364894
0.8685906476294033
0.8159952059348221
0.6483172601345149
0.6673901393869901
0.6719768974024147
0.7237782531985468
0.7464486608868056
0.723300204078049
0.7135680450222006
0.7424919443554314
0.7413332501464148
0.6600261865582354
0.7373740272866551
0.7210051093532819
0.7942107183194177
0.823428625110348
0.7568084955899375
0.7215687096351606
0.8661703003063812
0.87215251063621
0.9001838811745193
0.8915811074686619
0.9076521639530485
0.8201355721940781
0.5460212919800679
0.7931819027869176
0.5624758627941207
0.7656575840646136
0.526878542606711
0.7661992711724035
0.5124217381206753
0.5650792817764099
0.5416389549551749
0.7798275350240236
0.5875373092475482
0.5783418445498703
0.6036673519077304
0.563332092220565
0.7846016174206414
0.5423372772042909
0.5549758745353435
0.5330722223021189
0.5315450667349417
0.5406608604124945
0.7600879187315221
0.554988588457695
0.5304862202727394
0.6986486994282044
0.8463402915839966
0.5857848735821636
0.5727254257639958
0.5543794529493151
0.606948639005599
0.8510864416114118
0.5986371030193602
0.6637633008385497
0.6265312493842589
0.5510101729179608
0.5751928924786426
0.5063380248092086
0.5264874423432577
0.481305050446271
0.5030068988863362
0.5192836137909118
0.5692861185071652
0.5234583073012896
0.5962097028097615
0.5591454030456846
0.5529601317424433
0.5456657525998194
0.6359756410825799
0.5484379054971631
0.5747282060378335
0.4925947243268276
0.5451252390052899
0.5343207880240302
0.5837691828126612
0.5079552937262827
0.5390189462917448
0.7349739273121066
0.6029658099216535
0.47867764351612135
0.5987346148384417
0.7814101461729552
0.5317118999688651
0.5184058877425988
0.5821136056140099
0.6444904083676848
0.5080381027675206
0.5555386386489022
0.5385178181927057
0.6090857930892206
0.5770089648350363
0.6132864516885557
0.5401768321898821
0.4754538308607886
0.5420749763897665
0.5137132668025913
0.5720488036137097
0.43627676645539065
0.5586507439231974
0.5163510079580612
0.5195123148236729
0.42736367771021055
0.6079915855610556
0.5972915612411799
0.5741927491962004
0.5703088479780619
0.5492927525976323
0.5601456296032687
0.29470699425195024
0.5125719923041656
0.2770985511006835
0.4341631034118235
0.2691941806707717
0.5138955175419786
0.3507094220258159
0.4784149262468452
0.3639764278542706
0.44635774779675264
0.2897993778565998
0.38160554514233885
0.21918475641360657
0.28226183715995845
0.3893357205307757
0.20578379548374343
0.30716663818281
0.2123638684023165
0.26096369742220016
0.1950060108933686
0.3823951197185992
0.21121835446523968
0.1984583523563955
0.20525383386804621
0.401723178032442
0.1778711430959737
0.2054141214737532
0.2395526792239111
0.2164090664061906
0.39828581327542845
0.2779908361762832
0.20554795094149925
0.20387412189318416
0.5052560420967448
0.3491666082660688
0.5113470901752717
0.3512783530938475
0.4150027759646611
0.3036647139568222
0.386526540747226
0.28324185469600194
0.3173471003878944
0.6051381337550006
0.2768931188025929
0.2590331774090503
0.4724339255513939
0.461852963123483
0.36266468467563207
0.5301291777751127
0.6263796450029309
0.4681919547107091
0.5391543358615898
0.5514123857908594
0.5648442069704664
0.4226575721383874
0.5407864440433154
0.4995408412675528
0.5127253908919575
0.41109954660840886
0.4888545548440837
0.4703746947465789
0.5382277056649412
0.540811494415482
0.4450803728024324
0.5202405524166225
0.6007427813001848
0.878706385250071
0.8008292966177125
0.5938527861607655
0.6405775718328933
0.715136164270501
0.7144193265943706
0.7848518101130425
0.8555810629516127
0.7599643338371815
0.5592198768260576
0.8955040512551379
0.885564407347526
0.5577634961479323
0.5012412160838533
0.473221998267669
0.525959127222192
0.4211067827052022
0.47613079174590245
0.5666745225645545
0.5241808988376871
0.45962934320312293
0.5675888804014189
0.4500335883172053
0.4920322423690863
0.4738174742083128
0.5899808613425546
0.5466347368095587
0.572508015972093
0.5493031491486661
0.46499757982398326
0.5514085531957785
0.5215742935123651
0.4857217485303076
0.5003502029033797
0.5254369631174847
0.3402983551894998
0.5517126899926315
0.5283686269935952
0.5338919015768357
0.39161429154827077
0.5272010417590077
0.46134131470820544
0.4601006216234899
0.4682234964434525
0.5270692450588526
0.4741272101712814
0.45689831613678666
0.5098283259171514
0.3924201056467942
0.42312085180765596
0.5429973882716445
0.4672732854258813
0.39648126044734466
0.47849916334565284
0.4836726326860316
0.48168454758274526
0.4605052593168988
0.475119883878594
0.4363845516362212
0.5260733767759735
0.4715618601690089
0.47326952318248705
0.5457060052140662
0.4132646281981837
0.4488818881908753
0.5225351853377984
0.5064531495782717
0.5626304339887593
0.6481226647670912
0.5665161286281367
0.5954740894626606
0.7032326720983941
0.5456464104432102
0.757077746501776
0.5533401493310739
0.7249256053199888
0.6433550786580926
0.6124838545008435
0.5516716034843023
0.5619986738939869
0.45905850030785006
0.5381743583347312
0.642430510897257
0.45327925673046515
0.7023632045505015
0.7569697754446247
0.45110588054630024
0.4551966955485286
0.7581338758850948
0.699575064471512
0.5858058410587055
0.5907446135289874
0.4955522532548968
0.4876740688765614
0.4515790855248005
0.7063663479964633
0.46682576290753053
0.3611306956432151
0.7267969921998837
0.7783508418461675
0.7888562524867877
0.7512774704642161
0.764622170890378
0.6903831070614415
0.8444903204193662
0.7001152998828886
0.796334042713123
0.7421037133054504
0.6473644603672193
0.7126315028651192
0.6913014316984095
0.78799975720413
0.7587472039472827
0.7902584203989836
0.7898639094531257
0.7671273618921839
0.8717872443871857
0.8250816620397952
0.822033867538096
0.817213870152121
0.7894002813791623
0.7203034941082375
0.8023898841381223
0.851640641352703
0.7829927541060725
0.7512669930587754
0.8847168114794671
0.8271144354686739
0.7935815103494241
0.8258781832140033
0.7843971982814455
0.7607040756933414
0.8150962671333826
0.8232119511322431
0.823760855651025
0.8888084291646308
0.8698087071485011
0.7907763806171835
0.8150773087093269
0.8480015378128207
0.9038635631043443
0.8243872116252804
0.8353211460856069
0.8124023166761549
0.8648390171951567
0.7205849265742432
0.8032287957996385
0.8605722474908999
0.7638290838876582
0.8762058645940214
0.8244052135716955
0.8271708619345914
0.846421772401696
0.7289395025533065
0.8671942903392864
0.8808878608449684
0.8385758009570934
0.8132123752979898
0.7469376348489167
0.7413464367778705
0.7471480724174823
0.7402527900991374
0.7663184874819465
0.8590870024644509
0.8522883341320949
0.8514139732329838
0.7817056653528558
0.742648675338143
0.8050680671844468
0.833798806856678
0.8310392706561633
0.8509809195596576
0.8610040225711046
0.8123751258323186
0.8090285953667662
0.7699932407188388
0.8497942274092368
0.8046620894308414
0.8826893472635196
0.8123703147518464
0.6970043109185545
0.8233489555359951
0.8277973347247765
0.7651124100803152
0.8200021268429403
0.8424208506621751
0.804468275308523
0.8686157801104749
0.8377949950592751
0.8219212446165409
0.6977113602397991
0.6855570237464094
0.7109129063222299
0.806699327498682
0.6595929069795621
0.79094045125391
0.82000047081359
0.8799408252417944
0.7251229661175331
0.8338743693271324
0.810720663544404
0.8265156281997206
0.881435986757422
0.8307307892047191
0.7871102039457055
0.8503475247350621
0.7357053498285437
0.8762911244610335
0.7601183133943286
0.8270459117280019
0.6671352301573878
0.8650912005038813
0.8496769765162443
0.8370706765040467
0.794543357579883
0.8053945804536258
0.8062946325969405
0.6783628161902584
0.784336775494193
0.7925607109747588
0.7582895605808007
0.6724990586394051
0.8110548277354391
0.8275751371389604
0.7805101802837235
0.7317109238752106
0.6889859401773918
0.7856743047293455
0.8813662819355399
0.7646423900821766
0.7029422277894231
0.7108944029381592
0.8295223272835832
0.8355959167241522
0.8537292431327639
0.6440241555653574
0.7590908085017094
0.7136448926187717
0.731904418137592
0.8178335926642177
0.8241189939492315
0.8869681072528834
0.7352050296793706
0.7713800465075091
0.8199312202455304
0.8063365111649826
0.9001684167646575
0.8250708812018861
0.8825269559742365
0.8575062417373971
0.7669388294905211
0.7768332356696674
0.7461409088810822
0.8218774893426612
0.8787116159348513
0.8957678572678598
0.8663898935441814
0.8894804093544705
0.8731879193477132
0.9023828916194073
0.8399354920383117
0.8407488961046169
0.8686967224634772
0.873532700015368
0.9028914339506569
0.8920957737685927
0.8754441500464257
0.811536115326615
0.8910836424833495
0.8562076118240151
0.8199569330139849
0.8124999270402744
0.8634238181593771
0.8973382126153553
0.7491024059631086
0.7997631306804049
0.7694457537660289
0.9049538694506807
0.85176799869584
0.8531483692987358
0.783457487474435
0.8442096972299014
0.8245747207210451
0.8393724142071153
0.7627039062315257
0.8023724269580355
0.7799894224258055
0.8487176541611068
0.7523490587185748
0.8519728868803489
0.8366273612700507
0.851989350212287
0.8036442731642754
0.8214615824338903
0.8592713922722188
0.8349899027964014
0.8190220316217801
0.8874780980543051
0.8585032416980747
0.8644658398847325
0.8255071913152155
0.895633424123067
0.8550051135728084
0.789043249595694
0.8330189432147026
0.827917033849962
0.8511687429163102
0.7773377469497923
0.8555430271490287
0.790576143111124
0.8155254448025071
0.8090152812040591
0.8431587979748609
0.7920311493239345
0.8416509360396667
0.7999202830363823
0.7409154343825914
0.8372430651774312
0.7934446535642645
0.8251362215561506
0.8440769803462287
0.7383771238870984
0.7600641401481346
0.8148162584756828
0.7320802310433698
0.8421409977991889
0.7144315955384415
0.7760941161912674
0.8237212162165033
0.7413252205947716
0.7596288409562433
0.7663310467627861
0.8866247636620025
0.913625744633518
0.7304049503120542
0.8295981423788708
0.8901632796739632
0.8580245886905804
0.8505133643997029
0.8317994229811236
0.9081969390590633
0.899633151678485
0.9111437176311157
0.8803355889315435
0.8830965554671779
0.87303543065434
0.7050928916469592
0.7674132904270492
0.7653999886979168
0.729440270255674
0.7333270248327748
0.8220891489859634
0.7181613923340893
0.6995680468919279
0.7266108939715373
0.7253783078992964
0.8698831968241816
0.7351482224944977
0.731197331501882
0.786234489958142
0.7735671917376872
0.6854873557857424
0.7421766867596566
0.8188292408592291
0.7007003092199893
0.7199531335778824
0.8185042700438181
0.8560341884050494
0.7472485371430724
0.8593089110068584
0.8795418787308951
0.7581477742500103
0.744134169946521
0.8282581362640327
0.7308880371952942
0.7552313247456437
0.7844699697759749
0.8307012088633978
0.8388488933022437
0.8050310711982425
0.8573179562872473
0.8269517577919684
0.8217861653794309
0.8444674204936056
0.9030339458543688
0.8167686355817924
0.8202771763132428
0.8245167972000578
0.8273953108274513
0.8317762642433105
0.886022950314227
0.8945563557341814
0.8072977400356272
0.8446037721146371
0.8951329106293442
0.8823287318919715
0.8487677409875113
0.9036183507502744
0.8147086768375291
0.8137246073313134
0.830456179549087
0.749274614443826
0.7521365980827432
0.8184208080869808
0.795951718008987
0.7871053127571609
0.8459995365383657
0.7246253018366438
0.7854766307031856
0.7447762132218143
0.8037727983594498
0.8524592573561179
0.7508815382960642
0.6944587353908361
0.7004400259975219
0.7071995581441533
0.7312524373401819
0.6843835484651999
0.688075320521179
0.6737227933346336
0.7036275242701756
0.670180542845797
0.7848166818303426
0.6523900795268895
0.7590643693512015
0.6728949188769515
0.7677128748535607
0.6944625574134591
0.6883031979195833
0.7047222162355382
0.7444669853773449
0.7737184127822337
0.7605126554863163
0.8167118786541615
0.7870989398309642
0.6754753198447139
0.7493688516738487
0.8401305911490373
0.8133115787450212
0.7901017249096965
0.8159463033601573
0.6781854085544903
0.6704157605804357
0.7632376419999347
0.7324689582246595
0.7074628538205727
0.6904804288296217
0.7065813588332539
0.6193477889888885
0.6553641232429888
0.7303299272502759
0.6618205849911027
0.6856174973133864
0.688278074634525
0.6773639526486835
0.6640170838311014
0.7335885765369694
0.701681659473828
0.6503109245408034
0.6785671909997122
0.7162155753928474
0.6900532779196409
0.6968869058646996
0.6899166300409059
0.7213149572752287
0.6289066747792988
0.6993779951869865
0.692766993771947
0.6966957479364924
0.7800092836925552
0.7365002090085984
0.6310105934840716
0.7015319337455381
0.699437494348307
0.8026074179127529
0.7735971510815987
0.7093801077517756
0.7158179705834761
0.6616537323238783
0.6331172388178017
0.6768318907534895
0.6772996030142427
0.6416369094578601
0.6777661520576498
0.669416801447354
0.673749227308616
0.659582565350801
0.6856157871679991
0.6792725367716338
0.642753293677308
0.6245278831787409
0.6477944045347034
0.6757229396181912
0.6272104178698585
0.6509304744529225
0.6489075326577751
0.6492450106583538
0.6716955786931624
0.7307749515650958
0.7353375513895017
0.7183684786427748
0.6595715567978864
0.6572076024481931
0.8529792236923284
0.6336323153127295
0.7260656237828438
0.7336844292546945
0.742630597369144
0.6990770284753216
0.6885944407866695
0.6975862736970861
0.6162110711617312
0.6554997784162931
0.669858372490401
0.6717451767909506
0.6749796556625093
0.6042891518506068
0.6018205456340779
0.6454174161484255
0.6572031060196942
0.5698298213636119
0.6837901624043837
0.6828911642169929
0.6258626464280165
0.6580956950942751
0.6148035089208934
0.6264634440652126
0.6651406630234208
0.5783668005434588
0.6315176167912679
0.649578199068888
0.7029926701638475
0.697009863460553
0.7107408423960913
0.6668557794772114
0.6019579776984003
0.5668165779680938
0.6227249697438547
0.7490074438406973
0.7335680361519794
