0.991501704312431
0.9504677948977945
0.9749927762350823
0.9712625945095126
0.9571797409951455
0.985869072347586
0.9550864999372667
0.9786653957153383
0.9640560948853925
0.9539125431819946
0.9678777938322872
0.9521268719632667
0.9664102514170219
0.9628664975685586
0.9579724998585117
0.9774659857861142
0.956692072859318
0.979994534968412
0.9673204355933407
0.9667893731871618
0.9813213479366867
0.9567970159550784
0.9754155309464405
0.9497571436076011
0.9513796575395945
0.9567611015989371
0.9620147164778208
0.9213179576067734
0.9698093844966709
0.9697181179389864
0.9529317789164269
0.9427668103509523
0.9507406744177589
0.9449710694592905
0.9156536400470017
0.9382930764824251
0.9652612126169149
0.9652631904208013
0.9339211445514406
0.9475348121313065
0.9626390329720576
0.9573435441630651
0.9648348986625358
0.9847067885084819
0.9612474822680002
0.9296208599465275
0.9485953542830831
0.9338148800411097
0.9244731784047705
0.9490370993840053
0.9414901017204296
0.9371274684847489
0.911735690690345
0.9438685337580591
0.9419436169937967
0.9437677764951351
0.9313412563870651
0.9249027315097198
0.9369282830940214
0.9382297507381474
0.9315851210186806
0.9358283855250925
0.9485967886078109
0.9256128942559048
0.9305862071800169
0.9479193340354557
0.944036748689385
0.9479201604735925
0.9393174683156275
0.9469170477685322
0.9386430347712877
0.9436028380235432
0.9526974713368361
0.9449428391115402
0.9374146993241548
0.9443157683038685
0.9367364617793776
0.930750017792987
0.9176836414207588
0.9155540903035257
0.9276573490443094
0.9373460973823973
0.9239413184934578
0.9376027250368429
0.9226386733038536
0.9440480055429742
0.9294854901812506
0.9231157226070815
0.930133226939927
0.9355182099970092
0.9406391164951865
0.9452051750991239
0.9292192674375795
0.930448074006109
0.9312482366003181
0.941572935304116
0.9277203390435425
0.9414400153402985
0.9407980779941988
0.9299142826243889
0.9452150147721443
0.9352454725252586
0.9384759370881972
0.933745436653987
0.9379134666504119
0.9333267274198552
0.9410987271920778
0.8989307787746524
0.886069170282682
0.910357608294287
0.8984201848576738
0.890864712714322
0.8950829696202627
0.8867576848054821
0.9237158719724285
0.9213897389048672
0.9001018488663584
0.920883085077762
0.9241345710605163
0.898221868348707
0.9049162617370258
0.903000022740374
0.9210699181671307
0.9257285679170176
0.9406128821539406
0.9232715401051411
0.9386419871807741
0.9383035092151593
0.942869061184602
0.9244710756613547
0.925633411635939
0.9294630865305569
0.9449354573650641
0.9593820232743426
0.9249790653444063
0.9232625216663934
0.943081161595168
0.9464175974805468
0.9291584964056809
0.8362653986545184
0.8780379000378056
0.9052984684703743
0.8469564433700323
0.9115180795202081
0.9066824409755615
0.8844591684427003
0.9314771163943261
0.9362306045430699
0.9413024320631294
0.9441008802436059
0.9321065906234655
0.8974216844072935
0.9304960183352261
0.8758522747259336
0.9396642416452732
0.9470231861190381
0.9338147860534859
0.9469354359934483
0.9071228583834634
0.948410312344796
0.9447583744459795
0.9322551946689523
0.9317167405296027
0.9228302936878751
0.9290799843222497
0.9296216193817155
0.8765622420565868
0.8627880665207868
0.8682552045673093
0.8799818459441255
0.8610851097412396
0.8404471387458681
0.8605440228629754
0.8836458690580193
0.8421643952534117
0.9109949158726882
0.873161097434249
0.8972448628931662
0.9189546819558156
0.9215758741012945
0.9065338265138017
0.9090164637280215
0.8707796564952179
0.8934135297463561
0.876158051944865
0.8743016191155142
0.9162376486955854
0.9158303491504179
0.8595037896185628
0.8888935046725888
0.9162831232742565
0.9182445115225599
0.8654568039573183
0.8783162669047424
0.9162813071408042
0.8611779660473236
0.8941591552135
0.9168629202620996
0.9199294687272119
0.892176423677576
0.8868332719775109
0.8463331593485819
0.8680320522521372
0.8270686523011477
0.8457403198092588
0.8606045253424037
0.8285610316979356
0.8449011253137024
0.8384033686044045
0.8494572610751789
0.8107715174723662
0.876737896877772
0.8403049687138697
0.8723139737460015
0.8502882299067213
0.8219736658369393
0.8587397957220384
0.863398536005873
0.8177673980622822
0.8739726939072369
0.8824747209002808
0.8046318180839324
0.8372436537583896
0.8566914944184589
0.8322021886581608
0.8773674201108426
0.8401843654800883
0.8733678755835482
0.8464269340122438
0.8509017664877829
0.8617027010765859
0.8594666469741292
0.8218410878883567
0.7231276771667856
0.7804146127770644
0.7672498989073216
0.8035845573498135
0.7949414814365213
0.8914620741384703
0.8132352694162718
0.8031911215653875
0.8881795195687379
0.8296322624364714
0.7805066063170032
0.8364092844643559
0.7939572560714991
0.8069927680489521
0.8265901620800155
0.7852764008473062
0.7485762331994138
0.7834746201655003
0.7703718624448157
0.8872774226788047
0.770768587965116
0.7761235598433476
0.7883532001092586
0.8269468395912989
0.8664999837941201
0.8328313937868586
0.776105498835199
0.8342932082981194
0.7904259725147607
0.7490602647218343
0.7262610716041089
0.7528785397254757
0.708268693314844
0.7058983930158168
0.785065502092393
0.7432851724881684
0.7333042303859318
0.707197841137275
0.7099845919237395
0.804085596297356
0.7107272841448307
0.7839757154300366
0.7788659979593217
0.7490901240731597
0.809026380289858
0.7548587253114314
0.8063559847279513
0.813202377969571
0.7181294653920733
0.729115253826671
0.7715675746240829
0.7275084683985451
0.7098245340912895
0.7045478938597112
0.763133087075655
0.8265231122847363
0.8215670975337596
0.7168105185407104
0.8061776379324451
0.8444456321951272
0.6636502269185913
0.7021917316369515
0.7281428386707569
0.6774586829115459
0.7213962634574014
0.7135333722816171
0.6986571905377272
0.6387094180496036
0.6747899539881879
0.6326767579439695
0.655463756394004
0.6893722386897784
0.6121647112004268
0.6622507900865695
0.6682009751605147
0.6298164929613606
0.6250370826093212
0.6792465738950094
0.6852565493881522
0.7184522878932023
0.6310495191527227
0.6266687994696312
0.7335411706707791
0.6809765546238403
0.5744702790853076
0.6769531890501663
0.686934413481781
0.6035677725548576
0.6239608899009983
0.7035263349144967
0.6240778454518333
0.6835443487657092
0.612823452988728
0.6783844238520502
0.6753806508302822
0.6787184095302357
0.689971445856892
0.6664838299035474
0.6054397714697997
0.6644945155752231
0.608967862632098
0.6327259632987212
0.6127876414733695
0.610483481169127
0.5999122000471007
0.6072084671647344
0.6193619318197756
0.5908723771205311
0.5854852749296191
0.6532125723625603
0.6320067282521054
0.6417425104926475
0.6018994320052407
0.5950937950168349
0.6102140359187167
0.6521388264050725
0.6727440030292156
0.6470424821926346
0.5915067430173748
0.6002198870473973
0.6151008228702264
0.593399830543755
0.5998835180506574
0.5925831440513226
0.6086149241584559
0.604786790281545
0.5766763195677862
0.5998725336301595
0.7581529621123526
0.7779465935490467
0.6606457682327642
0.7313381498744447
0.7016798840360863
0.6960860307411896
0.6932614721156649
0.772788802649584
0.6978433129275603
0.7810277749222929
0.6701040280012809
0.7615034233032111
0.7313925149594243
0.6681254199560345
0.7518513524535421
0.6763421142055351
0.7339578813979603
0.6686993571910151
0.6631698648091522
0.7147086523789923
0.8082857765316065
0.7223479751479098
0.6950409656499665
0.7574765260615662
0.7884201316471835
0.730354216244208
0.6822034657327296
0.6697071276220751
0.6017253807709502
0.6940528499826772
0.550042981667776
0.767111096472112
0.7371135532312483
0.642836639108219
0.7681316437619867
0.8623807844291548
0.8153802313739056
0.6912581239341238
0.7148590574901845
0.7694091651815447
0.7749119542468454
0.7204052612361029
0.8245197261400353
0.7441330777771276
0.6749501117240095
0.7816958306197161
0.7006015422089402
0.8023714603991163
0.7896301827089922
0.8155327001062429
0.6301120097817392
0.6512093465280884
0.6164629366232318
0.7188829351803101
0.7704537945905748
0.7473853307639152
0.7917878866244966
0.8540205286244341
0.6968291344239084
0.5097753794047817
0.6352074994456623
0.4801354552734558
0.6765233583212216
0.5443621711074652
0.7200052714557343
0.515983564589275
0.5808058865886273
0.5834721184891897
0.7796619860409221
0.5899720520197722
0.5983419985238168
0.6315462324684566
0.5446207342645881
0.7835165247516911
0.5585643155276032
0.5462342740238443
0.5298944159218507
0.5608109659949613
0.5144951148078026
0.7565525130755344
0.5220441134143015
0.5599453204328417
0.5590467650696918
0.7715787149944762
0.5261362561242908
0.5541090401767366
0.5634336594360756
0.5914358000099783
0.7789507495343324
0.5325587294072167
0.5736501177407296
0.5812216219918802
0.6328582955547273
0.578958157833483
0.6183669479904745
0.4913580815571479
0.467182092585143
0.4948654745881105
0.49937177793600884
0.5403981130146456
0.5159235523884973
0.4968710220879252
0.5626076807557046
0.553758920145186
0.5101033502475719
0.5965899895833565
0.5532781461850442
0.5081487929638274
0.6184424777444453
0.5868170813516629
0.5242797049953656
0.5820108842475568
0.51315513303318
0.5202025777234763
0.5154835888427267
0.5254294763117754
0.49340898609815126
0.5838931740342488
0.6156581060589597
0.5284609936734201
0.5598331630974025
0.602795255875846
0.5440566937008929
0.5402472374937606
0.7330829747902825
0.7054117094207213
0.6092887158834146
0.511202373367251
0.6092300744608106
0.5706476231858495
0.5791415643470101
0.5037079709386723
0.4811773669817429
0.5953327457840443
0.5186194898058404
0.5679504079475359
0.5058286344464261
0.47476640698508277
0.4879308536511312
0.6178474317181186
0.5664413120108482
0.5740091071341026
0.5292096933523166
0.5113938835791295
0.590173898211646
0.5463484547983676
0.5694068739361985
0.5356667041192953
0.5463694903039105
0.506034686216081
0.52925804204809
0.4928291588343965
0.5724430990241106
0.6149989808630333
0.5711676745370133
0.5875989791673065
0.6050711194473153
0.45470064598743315
0.3037294602518972
0.38370532647115885
0.1956633396916889
0.4581741624802671
0.22694176133981592
0.41619790287744396
0.19230460326653198
0.22393738661044443
0.1934439151716327
0.3775431700289075
0.19040537795971152
0.2691302040204139
0.21697110621201163
0.18474302888181998
0.39681878466690057
0.20195897913724203
0.23956933774024783
0.2932376140245162
0.2004140248976182
0.19308468081403407
0.37012301016742466
0.28459440785059575
0.19396276107993726
0.20816752114579679
0.36622350136914983
0.19394951007537387
0.27223668530191686
0.22229246785412077
0.21576368873246968
0.46308324838811765
0.2255146598598224
0.20237649094550553
0.4440064118510929
0.5754718879463387
0.4135869030816637
0.5275739636832955
0.4684046750846516
0.506974818724872
0.5118569696358682
0.45632118873548505
0.5866747268539592
0.42579439306047806
0.5456293400388428
0.46534481413117956
0.5420933418350468
0.4141898247770155
0.5279492955887088
0.37372903552960557
0.5462256310329701
0.5667796341580036
0.4362919599192007
0.5763254105787968
0.5490776305135961
0.40357054664842257
0.4811967572598511
0.5830944243103214
0.559599369393893
0.5031391950066595
0.5018732039350061
0.4012573338681793
0.47594080580460374
0.5412250217882072
0.5598244368968606
0.36680550656734334
0.4751197998144231
0.6239014210461763
0.5519868143513379
0.4928746155498772
0.5098994936186434
0.5001805987245407
0.5637470831272773
0.46108053361727386
0.5956371328925285
0.476985484051586
0.560196596483933
0.5885069323189764
0.49007007424875937
0.4361996812325033
0.5586046354501011
0.505817674340497
0.4767114739430748
0.5942844420889889
0.45453829871819235
0.5418461838545141
0.5767292589671805
0.48471944869566397
0.4922434130098612
0.5319595054558633
0.38117258029692597
0.5018576100203573
0.5264920292560595
0.5801686961861343
0.4323733267754686
0.5621229397108498
0.48510810004579435
0.4790339969947917
0.4544123902801416
0.5080728629386597
0.48285881016087684
0.5163051664224151
0.5040505995722393
0.36135618127102276
0.47992266812300816
0.4798608727283418
0.5114532721789216
0.3983648351436132
0.488617907430585
0.3897909560514078
0.48654322133013195
0.4564899474670964
0.5064995559019962
0.408847178379215
0.4662517685363857
0.487254476982647
0.45904437918301566
0.467353387746807
0.48150149950290344
0.45479743226165037
0.4652616371842451
0.4683388138871015
0.517868256716135
0.47074539256698533
0.4338856467926013
0.4677734151590841
0.45738747187909673
0.4425265332045039
0.4215118073020438
0.4212848761305843
0.5207667892772094
0.40707780877628025
0.46300007647043917
0.5933567856015407
0.5081452833799722
0.4499705587153614
0.7051213474453011
0.46872845850445405
0.5000381047847149
0.6013295851026466
0.46691462783758697
0.7525469181461641
0.37707426228769636
0.6581111488563176
0.5733755745192595
0.6379020232668136
0.4615057087666844
0.6213727026911342
0.4791448413732053
0.48829287919918873
0.6555987268268179
0.5451879903042234
0.6691043569316857
0.7475524361014539
0.4609937974009857
0.4639836732445772
0.7771961231410834
0.7058390180039771
0.6748640142862642
0.5686721401432856
0.3878748625718501
0.44374335440294255
0.5037464347184624
0.725442531172106
0.47168222232920576
0.47541620390506223
0.7320918827245527
0.7433648635256414
0.7960802667919116
0.7455749853521286
0.7269177916360916
0.7786214440348771
0.8271953341847933
0.8128762617011211
0.8263357254046765
0.818891373697001
0.7593567909761583
0.7795764135421296
0.7620180591398518
0.7806299850690711
0.8417834159177838
0.7880051408435962
0.8189315344509334
0.7773622067810869
0.9145504324617779
0.7579802068789214
0.7829217321863917
0.814297402589546
0.8178510886663903
0.7334389883273148
0.8121239414368258
0.8659171437212175
0.8968096983805862
0.8254678635116571
0.8076701910016707
0.7448972830586561
0.8252009259580075
0.8156042636567495
0.8051089577927197
0.7499801836511077
0.7330960427264885
0.8887943060097845
0.7848531922535636
0.7303581545949916
0.8422412527734031
0.8307161868341495
0.8391169667220079
0.8256843527051415
0.6964628480663495
0.8044091541661398
0.8244768319813838
0.8154319109677904
0.7797504964450199
0.7720342393241834
0.7593058235199066
0.8075817879288081
0.7510110848207376
0.763023950402202
0.8425103353460683
0.8031912254028157
0.8374221063063807
0.8858087533880656
0.8540210685103056
0.8462445505920488
0.7783401749394563
0.7598664821403691
0.7269559333941513
0.8511261006067554
0.7573385749920232
0.7826668764298585
0.6888870708643382
0.8470070283241695
0.8439699720690643
0.804336394238687
0.841037280720714
0.8170089426505625
0.8191987952630385
0.7212522849621816
0.7916883295878547
0.6855413025862309
0.7848521029973385
0.7951609496660801
0.8332497104950811
0.7957035112463985
0.7455077226124761
0.7923704195372184
0.8113138677077462
0.8380348049882388
0.7636324538641077
0.8418451028277222
0.7982085044920598
0.7759020261220466
0.8724766208156822
0.8440367120343653
0.7926585803101662
0.83048763156029
0.8516630639529323
0.8586279871818229
0.7421113204317247
0.7687008238067812
0.8278344826512264
0.8201222596439964
0.849132754587749
0.775968090423096
0.8482184818728675
0.8063720679042071
0.8264350734431865
0.804892017621395
0.876971884049627
0.7875183243959735
0.8188349918845182
0.7731481294495386
0.7993068349255312
0.8409546532325036
0.8135095172687816
0.7992205226788494
0.6660175865567266
0.8041595557244101
0.793915035222039
0.7338088330854654
0.7689152341830423
0.8467143538607238
0.8365185974805474
0.8631303757446521
0.676073493930518
0.8155039313362182
0.8389370613327789
0.7300169298463368
0.9041086747978668
0.8772612908465804
0.730695631069668
0.7580648575915936
0.7933222314911946
0.7611471962058883
0.8497504938649025
0.8572286362948507
0.8880533393470025
0.8350160999612724
0.7291501367041756
0.7105548242940908
0.843394498546718
0.7834795571281745
0.8532328329886225
0.928570069042619
0.8737565701869634
0.7627183522543992
0.8644970829641889
0.893178236380012
0.895058176044349
0.85819869172993
0.8947526582724197
0.8257884604894284
0.8804446908790136
0.9078412618927061
0.8896459085132373
0.8407982198679296
0.9023630873225921
0.8706971355099595
0.8486145155990276
0.8405776935597133
0.8917418870088729
0.7773287930940775
0.8052667844097642
0.9063898567763593
0.8544736369766393
0.8973604006589125
0.9090765294638647
0.8978196697455527
0.8783191142182513
0.8276295606450002
0.8998372639640317
0.7920321264322269
0.8518588684047435
0.8235415268021644
0.9219410254387408
0.9008286094082513
0.8648182125481503
0.8293902642549592
0.8399735762050289
0.7577238876009322
0.8249483536406
0.8246310495736014
0.8061248629204913
0.8186211138574728
0.8988409237279091
0.762874981410129
0.8976969278987205
0.7678983958045844
0.7929237863480822
0.832482920839717
0.8672861330538331
0.8374163992944148
0.7728675194715818
0.7799581145553114
0.7815163008274636
0.8854738603245397
0.8461068788773703
0.7412605117222499
0.7951470390359533
0.8392939948282093
0.8145155402561854
0.832474893530717
0.7771522060324143
0.8479355842868835
0.8545345351565015
0.8773524310787137
0.8586482092410157
0.8878055561921043
0.8510348205486248
0.8100528760701484
0.7296058693241266
0.8184699683825458
0.8450021409844445
0.8210808948417644
0.8619135406297219
0.7574073240674759
0.7397639884245815
0.8239003513406757
0.8072320580409734
0.8202031214669512
0.7538482641931425
0.7803712570231197
0.7754366187906592
0.7601730702728183
0.7305287344667375
0.7551965162651757
0.8307796808908996
0.7462591748943412
0.8149699386809869
0.7290596759990433
0.7669355903750452
0.8480337175346533
0.7622806106124307
0.792540921801939
0.7342579217160867
0.8526652486612605
0.8621285373610439
0.7969860585583777
0.7564340518111572
0.7192808093806212
0.8370129286277659
0.7483197362341478
0.7943485562845947
0.7986339982547106
0.8170309626785242
0.7267936999006102
0.718727440811295
0.7554842798412267
0.726996138846897
0.7705302071817957
0.7406390826422655
0.876232346099473
0.6836975923324419
0.7352415059613192
0.7110395780542437
0.7395154288711547
0.7815344959091565
0.7109101879788574
0.7629579070172724
0.7986937507121508
0.7002474152001027
0.7132207756514337
0.7336111393636278
0.7051711988041393
0.687502950038518
0.7701723036765311
0.7244312354643376
0.7333220609619421
0.800396956414558
0.6990464268801484
0.7793777285542348
0.8154487338605753
0.6841418766838656
0.7671069603508924
0.8203100483874814
0.8899569632154349
0.8624002307481833
0.8230528888043944
0.8333418858756177
0.8858731583049263
0.8278531941782434
0.8865933014213476
0.8138850758522724
0.868114080342923
0.7942426327562047
0.8935859170740708
0.8884233488711526
0.8099836460140817
0.8395077002822333
0.799775419196743
0.9022613503747213
0.8284557988532015
0.9049515168890752
0.7871525260148576
0.8264832508417621
0.8151309231640227
0.8569316357696242
0.8882857188030375
0.7998834552049219
0.8685686169218834
0.8177594332957824
0.8404356782505435
0.806933809914945
0.8612555229178256
0.8418360197404982
0.8522178170646816
0.8174178543353627
0.7435893336647872
0.7214674276139845
0.7716177649310139
0.7048771509070996
0.8103612191478295
0.6590888559621374
0.7903970756482633
0.7306440154155786
0.6959836374533727
0.6570750627063682
0.7138043152662226
0.6654064890035305
0.8102745657623222
0.6796435051424528
0.7355294441825904
0.5800770887189031
0.6759563748748709
0.7064816085745753
0.7790924255592951
0.6981375834696557
0.6662006253445759
0.7249601271424744
0.6845238015369801
0.7121471494961678
0.7131105011708563
0.741732836801142
0.7191914563701322
0.7130851158938407
0.8020599362513761
0.6642703833247765
0.6635201530356782
0.778628052573485
0.7844061164678858
0.7046259037441874
0.7066493333415647
0.7081391907970961
0.5815650719367691
0.6407345305231414
0.734657485202906
0.7189433202794084
0.6769873368243571
0.7029415323420221
0.6798331697828737
0.5663116714246063
0.7212523401114492
0.6885101496506895
0.7159632217514851
0.6506713789877873
0.7246146413020719
0.7030836553416828
0.6481759831254115
0.7057735509812411
0.6637493265363101
0.6834728795599905
0.7074663289875445
0.6449362321553075
0.6833286443475142
0.71381982703258
0.6813142340837008
0.5997737148178847
0.7032493366186763
0.6662785349067524
0.7014208471244598
0.7033107238827061
0.7028316778548738
0.7092252040403221
0.669750581787434
0.6669614989234373
0.6423278368770747
0.6435521939102739
0.6556242322874518
0.6779895616220504
0.6552244889654645
0.6731009343615413
0.6425800334955035
0.6642551453627371
0.6289498464136007
0.6709825858766164
0.654224279783036
0.6625057622801599
0.6224642263831262
0.6682708332724447
0.6738236234385462
0.6478684340015761
0.6881152455415511
0.6717299004555521
0.671520812356798
0.6304811462300483
0.6820991910420939
0.6724933674998761
0.6277988771642687
0.644696294378301
0.6250996644750583
0.6744559052664169
0.632396390448082
0.6515680659360379
0.6299818100637514
0.6536864032200378
0.6727977321967568
0.6441575372098146
0.6422594540866955
0.6679493534974228
0.6730089151248166
0.6764212436140965
0.58233317332491
0.5845516118873111
0.646998038967419
0.634404402008911
0.5760149789948322
0.6722748011596079
0.6927097399427837
0.663045589487893
0.6594273991283208
0.6231011336834609
0.5862965443750879
0.6684357314624838
0.6003417855283043
0.6187464673699421
0.6305037757781269
0.6547502787556718
0.6601101913587331
0.65968753961924
0.6334740405818334
0.6236968603149958
0.5847364353880868
0.6194630874575271
0.6760537434360101
0.6509340717923914
