0.9913873537786543
0.9518802666958442
0.9736017257504714
0.9928027531993889
0.9573240346065133
0.9918322157898338
0.9552855146617605
0.9805022687039828
0.9877480702126012
0.9546952010748658
0.9635653986205004
0.9532227765994677
0.9737361487401528
0.9626854191454305
0.9572969596035666
0.9778612602314276
0.9538050624875631
0.9902833792419587
0.9790449304706045
0.9721911919795416
0.9856839459171077
0.9519631602677785
0.9723496898684162
0.9676326753074934
0.9597084614882226
0.9617921911245351
0.9620138154206499
0.9565379846797986
0.965338407356196
0.9695590583905416
0.9900324923097996
0.9867871954853197
0.9881809628688538
0.9843241738916892
0.9564108298769717
0.9810065630366342
0.9844462513693408
0.980063146525233
0.980632518433081
0.9819635413752061
0.9573911824156236
0.9603842372902741
0.9568164423785628
0.9864488925986656
0.9855831128865571
0.9783039793913278
0.970491966435913
0.9794894937338712
0.967310664720439
0.9764800160301997
0.9631512287373014
0.9518103052070724
0.9596845851478975
0.9510950721440454
0.9826888316409914
0.9257421263466902
0.9619685142998541
0.9701238361003587
0.9614123376673855
0.9507729037265159
0.9629348316214098
0.9527152996913767
0.9435281796577029
0.9428627826634446
0.9667025365297404
0.9652464297197103
0.9509847394505695
0.9590530865816417
0.968496925702252
0.9633870702383731
0.9594950005739136
0.9902988874016072
0.9685380336977358
0.9474847616021982
0.9364476119846201
0.9265408567398645
0.9437259512061718
0.9553830353012993
0.9504892917330126
0.9305215837176406
0.9439354035281283
0.9453753641671259
0.9435857196977946
0.9523545099524485
0.9263611059756165
0.9494210259456719
0.9452068658874894
0.9481902703446925
0.9428672092208814
0.9550653056111398
0.9618363258922143
0.9541906912567741
0.9444521932643233
0.9568158759311631
0.9487978426067762
0.9563797825185644
0.9463041982013413
0.9564858434624407
0.9464753360044208
0.9440569664150045
0.963042202943661
0.9496545759707848
0.9374910471521029
0.9462815750063192
0.9466324727466968
0.9316551926371972
0.9267040556537369
0.9416529486800802
0.9329242117362998
0.9448515981057066
0.9284383123387703
0.9474688471935964
0.9311827277315075
0.9432353090476334
0.93094653035433
0.9373705536158153
0.9424203395336572
0.9565383927378293
0.9482911361142958
0.9489948497195027
0.9458299830883394
0.9415298619329975
0.945390392295392
0.9500330611250583
0.9705844704823923
0.9459977922514533
0.9690231132454277
0.9434899258158376
0.9505414729156206
0.9464736640001337
0.9581690205573271
0.951583938346119
0.9673824148092951
0.9672641701138956
0.9635931411186447
0.9166626948023744
0.9146266861693584
0.9384709390155358
0.9324616267653147
0.9080965712857256
0.9271184622929813
0.9218354639970183
0.933728995539898
0.934993692789428
0.9276386417265876
0.9658856062427886
0.9680636707592998
0.9369647381352098
0.945186175006723
0.9493977208210072
0.9272041721713876
0.9403619787315217
0.9704543710962458
0.961163286178578
0.9461771627671505
0.9742471704448956
0.9730534881292914
0.9594159916083539
0.9442051398031005
0.9553670701566722
0.9732422900332636
0.9663232379918101
0.9284494247272083
0.9445991151819946
0.9743489289933507
0.9600813192662325
0.9504674128698805
0.8773361005407504
0.9042635194006109
0.9332887818288179
0.8968710338027581
0.940784986971102
0.9137642321286725
0.8861740663348843
0.9197969577225635
0.973068612550374
0.9732937076266696
0.9797982450832591
0.9729797344511824
0.9458714683635592
0.9622798652555371
0.9343308371643189
0.9722720932151763
0.9571834073662602
0.9752991077202835
0.9573296866610976
0.9569634137197116
0.9797426754297935
0.9522508013593567
0.9760318648123751
0.9737317551026012
0.9700645217061612
0.9393286792309962
0.9747960724137518
0.9382783933655245
0.8889552125753619
0.9149282927661343
0.926123927431719
0.9192968675379858
0.8979101117124402
0.9192298641040277
0.9201907473417423
0.8941923187631023
0.8940814479923197
0.8744656259038106
0.8884849799000585
0.9346265089905571
0.909325657393258
0.908919980655825
0.9181732831127032
0.8904311134691806
0.9284373288208464
0.8955012227764364
0.9074521266577196
0.91219007285782
0.9043887341178857
0.8737411463550258
0.8931834632595588
0.9152280800026268
0.9146571358546322
0.8977651788415719
0.894511046988872
0.9283553442357331
0.8751955425156737
0.9087039739746534
0.932997527521618
0.9212452128309826
0.9048040327422769
0.896279644830976
0.8265466740784602
0.85976074617533
0.8559280766870192
0.8662476297029693
0.8712421723781516
0.8145728702170081
0.8626152963909214
0.8497735094560119
0.8298077575521131
0.9137606027520202
0.9278139577506322
0.8899302838463619
0.9421132987608865
0.8841727390690902
0.8987775802146338
0.9580992520403631
0.9274756692322013
0.8399356948223227
0.8815348295969824
0.8874058065742165
0.8287690440670477
0.9106677078313459
0.8934189448115848
0.9150820034630383
0.8798900123617599
0.8431760133482455
0.8834769594371139
0.8840898383625406
0.9257130743602063
0.8916858669321053
0.8763093241637672
0.8221743659641725
0.7631216389018011
0.8259300965803456
0.7845511111418066
0.8238254104393566
0.8652935873613055
0.9047863015903531
0.8417797270440308
0.8523713180236232
0.9201472651160858
0.9305622091618181
0.8234108190875431
0.8627150550164506
0.8717913890541011
0.8964123291382016
0.9323365999027691
0.8879418166608244
0.8307455736749918
0.8290917911720195
0.8364250644526593
0.9189635311096646
0.8833473331345143
0.8692282849692863
0.8939437898981306
0.9241083375426503
0.9135224966185722
0.9292107404413124
0.8711999268441952
0.9207374482349499
0.8650238890432349
0.7916514225545657
0.7229028523730788
0.83391928097973
0.7488974577527217
0.7241365848175045
0.8179763703742514
0.7576634630939321
0.7409806137263282
0.70992986463385
0.7187333570103343
0.8291159317925441
0.6778856254775485
0.7953866690045881
0.7799157908784047
0.7408533035524425
0.875023238162354
0.7588405705614281
0.8598182531795322
0.843023332860643
0.6657563986548529
0.6934348612331371
0.7587168921454734
0.7156446235681563
0.6836687511083055
0.6647385685528127
0.7601047149259548
0.8273645674528809
0.8799244153007866
0.6986232840579791
0.8029014512497216
0.8836001968733735
0.5943324176905252
0.6863756805787795
0.675437069538902
0.6621312307178417
0.6082766982719707
0.6851159607971248
0.6771529027228849
0.6848024501523146
0.6789661341609018
0.642330078845691
0.5882666896667939
0.6496896643335006
0.6013886919608129
0.6249583675849985
0.6012709551350801
0.5908729914363821
0.6022822925596445
0.607233218137414
0.6040147506181857
0.6646646982954569
0.5669890343124473
0.6411904202194485
0.6859963471023055
0.6260417316681128
0.5779277949742253
0.6034007729083566
0.5997765483492652
0.6400305157703354
0.6693939484973355
0.6946380988242377
0.6080273537509637
0.609370014787472
0.6206900399839121
0.5926965577879159
0.589568084848882
0.5982621490586573
0.6063764065792108
0.6363932809078379
0.6059998835868758
0.6251421219285345
0.780280015276877
0.8367587383330348
0.7095326047713737
0.7888127878660953
0.8128061531297573
0.721849012122451
0.7735281265270605
0.8036708292560737
0.8131367422693623
0.8331125212765604
0.7511883356412629
0.8181755570676037
0.7706553938363885
0.7704050951736827
0.7848293199806253
0.7025812155200609
0.7830158723601355
0.7041825224918606
0.7282354538557527
0.8342445971216418
0.8422979558522337
0.776677967094211
0.7944229341779779
0.8221050346032723
0.6851276318083441
0.6756857070303108
0.6843468364663033
0.668263730012149
0.7893431174790856
0.719723441380199
0.6504145532323108
0.854979887053783
0.8972207619783104
0.777702604449904
0.8556526229090533
0.9548031230165916
0.8859426724540561
0.8961184103573184
0.8810716880059168
0.9439903870463593
0.8727345133285482
0.8042581841817147
0.9413317085074225
0.910714822187578
0.8858353365594658
0.8947369325962213
0.7725039879737043
0.8198971827542425
0.9560646880282495
0.927802012986711
0.7506757548822822
0.8548477853010206
0.8842712783722169
0.7970739668848827
0.8758118972800932
0.7374201903970257
0.6751258694937969
0.836882801438936
0.7505247615848681
0.7361063708672746
0.6419392062462663
0.697279568144319
0.8009336929585237
0.9020516091949908
0.8376719572727485
0.7881205968114884
0.8029200399898873
0.8068459716583796
0.8955577442092945
0.8642494520943854
0.8853857521530734
0.8255885450485314
0.7857858695104145
0.856617720847071
0.8432532034849403
0.8904022973431095
0.8013841819070084
0.8781716933988263
0.8031757120554645
0.7703324203458739
0.7189781298953428
0.8830458763395647
0.8791731403930921
0.894430220127181
0.8596753990588684
0.9127776683651101
0.8301842424665293
0.5476035751625685
0.7943277920140411
0.5249085827825682
0.7457413884930594
0.5396186450508453
0.7383653722244141
0.558386068444545
0.5651960413376931
0.7526942309024784
0.8449750835861352
0.6178984647231553
0.6264641283816346
0.6377451505434821
0.5602268200658314
0.8577185730169337
0.5662038133482992
0.5998080503258381
0.5881862624104319
0.5871870498472417
0.5588019874760763
0.8375619705553297
0.5484648208152999
0.6144162641841373
0.5639026089970736
0.7911630226331214
0.6221456702116848
0.5472110333175662
0.5545033846838872
0.6206164926690002
0.8185017437623987
0.6688843687927323
0.6996373624548664
0.6024863271462264
0.5877492754386475
0.6545816903373626
0.5788967755160803
0.5306513681576883
0.538287110367178
0.49414844105652833
0.5207074115837937
0.8034516028881117
0.5563776112173823
0.4476875654812411
0.6366778658358195
0.7567884435044752
0.654133040808656
0.6790041274073422
0.6302053485301677
0.4848650698598894
0.4487068883048758
0.7474001925894608
0.7157010238020203
0.5154625742729297
0.5543507167741308
0.5478989922131552
0.5691793031518866
0.7567508603449848
0.48124759879033685
0.6128221323157446
0.6503390242104382
0.47810327081937065
0.5081676685014164
0.6289832682667129
0.8049796136163239
0.47078388074370026
0.6070104601574358
0.6159830236360695
0.602434668905923
0.6058330001072212
0.6127915436020646
0.5309820596358161
0.3176872136091178
0.5060379382669216
0.2467154461903468
0.5061501204877853
0.5906977468255898
0.443894805355034
0.2653422788191714
0.5181454199825156
0.27328840022430434
0.5240018103341788
0.3839717474771314
0.28412687163108374
0.3137742330762143
0.4893809435634561
0.5012107524251064
0.2770006726245258
0.4694691053090067
0.27784203751410097
0.27227132800454024
0.2542075364123929
0.5278803654115294
0.36894702385154193
0.4593374864830548
0.3917353942258368
0.44187846702797995
0.28192658741635823
0.42020450602516746
0.1936348370317577
0.30813182096854125
0.3830833691972747
0.17932409666996474
0.3193248834582835
0.22609077711749934
0.5607993224065788
0.28493513875935766
0.4880518229784321
0.3496181283460851
0.42352944128279557
0.31407693797564884
0.3828260311983559
0.25122286768849444
0.2978221952770426
0.579195240736954
0.22778151220036774
0.3049551646114974
0.3740513338968538
0.29051552080419374
0.2272704402249626
0.47549118894198084
0.622895667807946
0.2504970647296554
0.30096238640776596
0.4896304799732518
0.290014443059414
0.36781893042789077
0.3231481806406763
0.279176322259355
0.42598262011818955
0.3156802440255153
0.22561787065498545
0.48869742067221933
0.5373523453456204
0.42799416069231744
0.5690668652393809
0.4906380398874336
0.7981524650552507
0.7031206305181548
0.8433542992934908
0.6005911323422088
0.8692045875298862
0.6590145650453415
0.7305120112196467
0.6520292553778468
0.8885624343119698
0.6867833597486379
0.643089906746807
0.7617440658798142
0.6661773043325632
0.6586674356911926
0.5619380506179805
0.5985630468016758
0.8230634501764974
0.7739994775662793
0.5456295003267151
0.573564964799129
0.7238520460510934
0.7195873686275552
0.7420541052589764
0.8587945269451038
0.8266194050780954
0.6102827165878593
0.8857264090280661
0.8934661148218918
0.5773589634296286
0.5636101964807297
0.4460056340682965
0.42927485956960215
0.5237935042797792
0.4782131784150383
0.5016350288738571
0.47812145924534943
0.45043856251441905
0.4947853828298192
0.45470251882908186
0.49269261015217314
0.4535474528165669
0.5326988749934597
0.5074222429699213
0.4445658043386886
0.45457213220495696
0.4929383435617935
0.5346587193776879
0.4847379944050033
0.47805917551080046
0.4701778206264839
0.5109029906922873
0.40275993776401786
0.49526313556929
0.5027629084123926
0.5242719809914225
0.4650076611537454
0.5232259519506733
0.44878260231216777
0.45113501101155995
0.48865866537727864
0.5306148001378926
0.47598788202643244
0.472113245924482
0.5289409958670529
0.42583945094076936
0.35897038199067566
0.5846826060736647
0.5246992433422382
0.5544580452837577
0.6721497518603168
0.5612341195242034
0.576988431244523
0.6197016637209839
0.5027553208772224
0.7607220807097796
0.5484969772088135
0.7071540350480897
0.5526728500527873
0.7213038175990335
0.5238081680842922
0.5629324175969763
0.5038123184414649
0.5305457145863547
0.7009879549913202
0.5214388375547108
0.7424800361864211
0.7131378161106033
0.556537232887736
0.615591954077767
0.7637755562926608
0.7364156560986103
0.6904084022258683
0.6555181049470441
0.5089523027814548
0.5585308191181806
0.5150820942614223
0.6958942222673148
0.423511965356356
0.45494602380890237
0.6810681649440788
0.752132849049095
0.844226581614091
0.6933006557575504
0.7930994256940573
0.7638659270625607
0.7313818790916841
0.7782628491851455
0.749484042396846
0.7491243641180227
0.679164974668242
0.7680056679347332
0.7781755757893319
0.7939397363359456
0.7413359012900899
0.7349565651128749
0.7648764873050506
0.7485442896827925
0.7875260806237749
0.7397045896190305
0.6689925561174185
0.8000790854285316
0.7389049396702558
0.8281307722600697
0.7800898745313123
0.7619587917711219
0.7861687769622421
0.6851334474776672
0.7932688557591603
0.644764366486596
0.8056033413778583
0.7881733838361042
0.8190033417884984
0.7759937472475044
0.8117670363352406
0.7875826603309967
0.6589918362203974
0.7072749114836195
0.8385628408957264
0.8283275284779529
0.8817522625136034
0.7836383738840951
0.8927936433313796
0.8405856417675743
0.840230398064465
0.8043444690527833
0.8672594273787373
0.8658137434988521
0.8679993617715624
0.8274931139757127
0.9091830335350068
0.812260062309317
0.8088916756998388
0.8063024113029156
0.8160298755622404
0.7993810922142826
0.7977309160869157
0.8892335658748647
0.8121161257050953
0.8931663669650657
0.6773237892825832
0.8744283865403648
0.7528082215272706
0.7607197897357265
0.7738748070403265
0.887567208973562
0.8474376743247917
0.8246365382944609
0.7699391936894459
0.8151222099796167
0.8172825445576164
0.8369941316879919
0.7338056860332645
0.7557440759754379
0.7500140735780851
0.8124456953124282
0.8675380064431492
0.8271597010862906
0.8365862658063807
0.8755242447071568
0.8739662197646632
0.8137996138010092
0.7755948119090766
0.7774875970570405
0.7214897257618764
0.6797630604303302
0.8459490550645392
0.8531440174482868
0.8321834487221808
0.8373408581620545
0.8773309041884411
0.7431777179642234
0.8726133946433358
0.8049339985147596
0.6972826535161938
0.8471630222830755
0.8011014744591232
0.8436286379678579
0.80931817400019
0.8072763770859447
0.8072622861417617
0.8581754690193071
0.7028128969310592
0.8115423341350891
0.8301839187686954
0.8600195396319502
0.7759196586816477
0.6975732656925743
0.775401350408581
0.885465671672278
0.8078130135382662
0.6445585196923774
0.8507799968789422
0.7978081184952046
0.830249463507952
0.6774498743995939
0.6798225343237697
0.8654259448849354
0.839815370107369
0.8042913748006267
0.7149520376597662
0.6799837486452625
0.8143840103952089
0.8369051568234338
0.8899871093222734
0.8781596449402134
0.8145842462630857
0.7168321722046721
0.8842588562302208
0.8604856997796946
0.8641643801984383
0.839311289517908
0.7429834722097048
0.7660268089522613
0.8345270357694624
0.729334709859282
0.8419771662904647
0.7676322892689532
0.7263764283996171
0.7482856881336674
0.7588073979757174
0.79115228006377
0.8614811502679023
0.7213900456810876
0.7797569418248099
0.8376929285705728
0.8767722786979735
0.8040949449492663
0.8174312589815484
0.829006465047153
0.8508797513508849
0.8354817373820412
0.6274424147735806
0.8060775136190312
0.7308495906921448
0.8093730157374056
0.86376299465482
0.8068875659080237
0.8561322260604274
0.8581941020051814
0.8256509983310449
0.8196428372019027
0.8342407983860196
0.8949268041791025
0.8684843150104183
0.9293916043318318
0.8604029230682433
0.813657488759473
0.8246807287813325
0.8274922589354008
0.7793516888325511
0.8632120704371602
0.8691022523679808
0.8167660019939561
0.8688155826921342
0.873389073584196
0.8004449472904368
0.7898377869357679
0.9081637096676733
0.9257852407074563
0.8850871887075911
0.8510417159216026
0.7253244401197034
0.8352332537699663
0.8683376751740479
0.8437966555521701
0.8663289724439583
0.865054407280685
0.8687680039860266
0.8697165356139851
0.9150955817404857
0.8100111071041185
0.8712919948541402
0.8516020713315138
0.8109911344338299
0.8437182872514016
0.8361955595732157
0.8254035446261616
0.8540779143718253
0.881434687186285
0.8591111514533647
0.928819096823938
0.8296628313283052
0.8868175772311132
0.7972264767050243
0.8519324525843139
0.8360031735652168
0.893616212758102
0.803913579069631
0.7028013132781226
0.8693629894113621
0.8286618356269599
0.8262997336868112
0.8014762619974655
0.7151987612898651
0.8703265988589635
0.8552425771328043
0.7951378061988399
0.8089613166613249
0.9233342193326244
0.7869104490439454
0.9059753413145283
0.8994655791970099
0.8041024111259802
0.8415935730651642
0.8249158070828481
0.7207978111164325
0.8624593492825461
0.7231648382333762
0.8682347367259171
0.8535385526089116
0.8071355616799085
0.7833958100804846
0.7476736404840025
0.8660681592017409
0.8501378659991696
0.8586898386400245
0.8935928880088544
0.884686573418484
0.8534081974075987
0.872141826816491
0.8237974282492316
0.905758262343924
0.835778049068898
0.8567699106922575
0.837168399927495
0.8694648146802849
0.7574699690508087
0.885136571572333
0.7669790060510422
0.8743422304843499
0.7504194820272498
0.9166094341179667
0.8766654618471639
0.8087008246140526
0.8647426407731017
0.9019513712041239
0.9128447892015412
0.8723427648929812
0.9072636564704231
0.7700254074320154
0.8286347171366399
0.8059405207833117
0.699921023278881
0.7172293028938408
0.8158294421981722
0.7457354500252613
0.7208033510522499
0.8093088399030846
0.8426612129289279
0.8265759834186881
0.8580492448117382
0.7749284372349949
0.7571547445480763
0.8247974657479611
0.7570360577494867
0.7777571731151438
0.7760392029242853
0.7455654144623591
0.8200454284966995
0.8977377960228116
0.8164608271461402
0.7491654293556137
0.7704949800641523
0.8796262624058189
0.7640665055690714
0.8535248625371258
0.7799110966942719
0.8207483353036641
0.786852573723839
0.8747772992689756
0.8405489512646862
0.7622025662643778
0.8481378992830392
0.8491538471928902
0.8597380797706454
0.9063092414627497
0.8926338778258065
0.859201144789288
0.8327575301169723
0.8141061323686318
0.8171616637437418
0.8274764890738271
0.8065051673311634
0.7680389277814847
0.8655222002445252
0.7428821230416067
0.8133776554103671
0.8591109639111149
0.7965927779041375
0.7249671687832993
0.776686661444964
0.7763657441849928
0.8412262336705949
0.8106750066287778
0.7715181713213687
0.727528378712692
0.7865946754059483
0.6856651731486366
0.8301330324838758
0.6831642504094746
0.8030307457705672
0.6994475734442245
0.7976312782813566
0.8201806668726569
0.7847572908916421
0.7723161919836471
0.8026230976557369
0.8390263306002737
0.7726489458149953
0.6919054590470268
0.7297464560348936
0.7245162197629944
0.7667382219193573
0.7458786417940526
0.8088284436409194
0.7695163912172918
0.7178879638649525
0.6932450151516107
0.8202323161519176
0.7492416376023654
0.8149323453036974
0.7882700012228552
0.7349429814356956
0.6676721711163238
0.7756644226629579
0.7279848338736538
0.7327074059209969
0.782839339038687
0.7676838627368202
0.7722553437418824
0.8045978514978562
0.7303043122830947
0.7403599786029854
0.8311952396743585
0.8188250885309203
0.6988090518728227
0.8182826523035145
0.7855092487355122
0.6903302313619011
0.7022027364611905
0.811137924835281
0.6875234696350399
0.6563056124811133
0.7057201691880272
0.6287381071074744
0.7002972504244377
0.7687902602428374
0.6911998148280185
0.685996933339472
0.7110965643521648
0.7948144293413684
0.6368173654228797
0.794899216321272
0.8065891245064334
0.7899297985975964
0.6028974862152571
0.7884095782033615
0.7371334733466826
0.6798714450992751
0.7212024048942658
0.7553589606367136
0.6179607961924325
0.6977255047887952
0.6939834380423635
0.6842484084489235
0.7319775097689087
0.7252537634281933
0.6284606875091334
0.6643830621491451
0.656189200908226
0.8182773829445573
0.7673731764321501
0.7691382741683785
0.6770246229400637
0.6358716149481175
0.6556012506260508
0.6268575192921102
0.6366750885659451
0.673208135191738
0.6842127068590271
0.6921873358254221
0.700257875583471
0.6565835950481742
0.6542002206874343
0.7803060481710173
0.6506598217945545
0.8116395358888897
0.752641420112371
0.7525047682924935
0.6530807733629608
0.7281784336472794
0.6531295452548445
0.6524807331072952
0.7578447943758463
0.8104929191331093
0.7348720836543012
0.7686774500447764
0.5827682439802185
0.6235932061985127
0.8276624122448506
0.6860357664039998
0.7118550090020871
0.7916132076819231
0.668797098678432
0.6261046020435126
0.6670198053230767
0.7854715701310733
0.6419188979088856
0.6479637717794593
0.6792184089777646
0.6453379414680646
0.6546238471022305
0.5895613229307952
0.5674031468962928
0.6798162538199309
0.6779058384793443
0.5795497794597314
0.6925172252082651
0.7525527521835649
0.7626352293837962
0.7168269133855518
0.6685622889313173
0.5974780577288423
0.7115558141002112
0.5827173583005076
0.6270891921691566
0.6321388904469782
0.6823064274159223
0.6810998982457979
0.7180126984073838
0.6633936389189024
0.6095056456280221
0.5609968556398306
0.6301481334628711
0.7619662091643633
0.7339402036364464
