0.9868240690118237
0.9503787853774429
0.9751807746763648
0.9707889205176694
0.9569740697359261
0.9893688231780848
0.9555102226986937
0.9717502495406707
0.9680369581467566
0.9536667989551049
0.965236229607154
0.9524963301203144
0.9660360368562881
0.96304126026361
0.9576049367953721
0.9774928933549286
0.9535014839150568
0.9903767969978066
0.9798560745887631
0.9678449971824676
0.9680617847349433
0.9561551009801028
0.9756584975571303
0.9725824909516577
0.9638969687525831
0.9490197965319667
0.9641896619920562
0.9641640006730869
0.9604902352427889
0.9283937878153843
0.9511573197048543
0.9543039813753484
0.952213261646618
0.9419728111077699
0.9538130643371485
0.9446435372719021
0.9384016563738844
0.9381381909657689
0.9725364788847906
0.9619551548700525
0.926593355474717
0.9511872848680278
0.9618618083989672
0.9500160443377
0.9521080931600001
0.9766888895838215
0.9712024730140951
0.9316451003514905
0.9499336367757677
0.9383194778658039
0.921912950267095
0.9486902727147045
0.940278368700546
0.9404881123798756
0.9375134261974789
0.9260433885505034
0.9425123644240376
0.9385629579595239
0.9300478739670068
0.9386629173419578
0.9341376368482378
0.9418367265448659
0.9311597689517089
0.9388023111984065
0.9398547538525199
0.9437614160142882
0.9436539272050203
0.9481074639274734
0.9364039758973798
0.9489993693190176
0.9417892926767691
0.9479417378398955
0.9423808838045206
0.9424385398339595
0.9425993191163249
0.9455505737525637
0.9283542894086737
0.9452286014758958
0.9340413643306649
0.934884570866045
0.9225170075132222
0.9339295185331227
0.9257540963502076
0.9353814313308314
0.9181708365925016
0.9462395063754061
0.9319997997411443
0.9385974612881962
0.9309403941130934
0.9342856344663792
0.9347587589407805
0.9377707251237166
0.9330434802269931
0.9418499943807026
0.9338481030480796
0.9313630580326968
0.9267079789466319
0.9432452628691431
0.9281350973101565
0.9357511939819447
0.9445666047126678
0.9312934262278099
0.9455005500625906
0.934475801504973
0.9417544527477703
0.933764836370365
0.9311549508513026
0.9381426829814677
0.9417842345087376
0.89946967097459
0.8854120474207103
0.9102233708790303
0.8985169931213615
0.8879347444890379
0.8975490655046683
0.8897114871995977
0.9372759013233738
0.9339606629748372
0.9044437839223382
0.9064483610412952
0.9252754885068637
0.8961014481809244
0.927808657306725
0.9278188330275838
0.9231727959712182
0.9040000881541439
0.9568481902173942
0.9327299706078298
0.9234958146204333
0.9396608401329241
0.9533139310722469
0.9226363195223388
0.9248598101798833
0.9367931793628194
0.9494154894482263
0.9403176149739307
0.9163398028451883
0.9337185326369271
0.9472461746980569
0.9341071935349581
0.9269402924487105
0.8410157289291842
0.85982780250566
0.903297479967089
0.8866289561427674
0.9494365398827782
0.9275382399636825
0.8734252651455958
0.9149683841377987
0.94452020057994
0.9324108918826952
0.9373807037664483
0.932407978983449
0.8911110457739275
0.9274730861013756
0.8915109731813511
0.9356195910164417
0.9458900476500458
0.9448164190730389
0.9485739037601424
0.9106618366181469
0.9365443015677902
0.9328077231750851
0.9317196980920635
0.9390097815136016
0.9257257189582375
0.9217175427316322
0.9264203504078681
0.8792516761707427
0.8705895449080245
0.8743889842623782
0.8622832691105062
0.8595430507093281
0.8743385690556531
0.8626654288249086
0.911298061676619
0.8809456261122637
0.9233023517451098
0.8772100052827163
0.8944463540261065
0.9071865208073959
0.9217760988560807
0.9124785190406319
0.8875604112805375
0.8713647038397944
0.8825512611712102
0.8893273548688122
0.9045693610492196
0.883024870126489
0.9117558088675909
0.8679010755549014
0.8916048428681351
0.8859774172608419
0.9193990554284044
0.8791441373100005
0.8644235556638036
0.9035208116549407
0.8692624632929359
0.9097803675747993
0.9164150076860966
0.9189049618565731
0.8990818398378922
0.8862277265244145
0.8194525304163619
0.8405300077033689
0.8493864037969638
0.8755003360625562
0.8758724446570456
0.8200448897279793
0.8642292392144947
0.8294799816099853
0.8506262061403558
0.8109215570178143
0.8625733064099954
0.8452498747150977
0.8507520977793551
0.8397824635239876
0.8347240697469511
0.8880258407143602
0.8937561790471041
0.8184932935654827
0.8526089971391313
0.8852523301782296
0.8371947440163225
0.8360448775430915
0.8788815708198763
0.8419964816036553
0.8737243685556173
0.8127133933794083
0.8532165403593095
0.8611006117439988
0.8611457619897316
0.8675312264121781
0.8390176463973598
0.7975697951407386
0.7569393498298065
0.7981056172431193
0.7437222755744182
0.8578351249067224
0.8528143534275168
0.84171193615841
0.8203234517481489
0.7890884567235723
0.8740191677556564
0.9056314689109073
0.7767846772098063
0.7724176646163928
0.7527624834436519
0.8057909875599278
0.8282582978445703
0.8333780395521062
0.7721836552837329
0.7925962215669283
0.7438713161794102
0.8258817253718895
0.7766730747732111
0.7706391831380437
0.8364470221243832
0.8287290464199679
0.826631612523431
0.8389223234809193
0.7790254004479743
0.857196407237788
0.8035271641117085
0.7459640669435332
0.6946242661581573
0.7962580926403513
0.7236134773849799
0.6975827068049446
0.8023222101108209
0.7782754464331562
0.7304129043153373
0.7136964640063679
0.7179050146527226
0.8050434746029522
0.71060707854642
0.7934339375827573
0.7550917371014247
0.7436483444819626
0.8173686407804799
0.7551854136364181
0.8281098052827061
0.812243161463041
0.7185780216570742
0.72406692425709
0.7650035188739945
0.7280970051914751
0.710163814494188
0.7057525407929838
0.7522471166252538
0.8144383679250646
0.8429310932628028
0.7161873105551047
0.7959265031439343
0.8440516001800248
0.6577817658055998
0.7261094060548934
0.7350713935313158
0.6778373825471082
0.701355354542972
0.6396662169935519
0.673405984009855
0.6623539487235818
0.683961160097873
0.6571418279542676
0.5919981540976347
0.6800211789506942
0.6665228944660491
0.6421038216524232
0.6236198230865067
0.648251977036918
0.6782015157871086
0.6819991422028227
0.6839894610429501
0.6978713213776413
0.6440860387991224
0.6703358162409288
0.6754142983996574
0.6695324773965461
0.6314710062835684
0.6056250762952153
0.6265538489124318
0.6734448428459959
0.6160549496466745
0.7144858043710933
0.6201917336927522
0.6798930575744541
0.682218317824187
0.6802209979520047
0.6773565933654293
0.6639630692630318
0.6107041895629067
0.663561110685587
0.6085716274319624
0.6469120849008694
0.6090943266765179
0.5937553443971337
0.6063263327942975
0.6272638917857811
0.6088589578048378
0.589454484258158
0.6087984289932986
0.6522582013338571
0.6150334864163347
0.6219806640708222
0.6078078657623065
0.6088441160430481
0.6102075500938788
0.6352344295649673
0.6674886519897706
0.657775256407739
0.6023669138414627
0.6127782812934759
0.6104150799880588
0.5924681752369048
0.5922743674395415
0.5899280639643396
0.5956313928830343
0.6212300669257987
0.6055637368340945
0.5831982455427305
0.7199815876785738
0.76057914993372
0.6943373977958527
0.7303776194762096
0.6847732905763242
0.7000038075296628
0.678315407240772
0.7391562704750806
0.7210313777531621
0.8046638792996371
0.6701854367362228
0.7687504481018496
0.676618268664684
0.7247926514316112
0.7478597339829689
0.6537357822634946
0.7417986826150175
0.686242511497186
0.7085755668048332
0.7443121659692962
0.7127050135892066
0.6735308601286788
0.7654620655903044
0.7577160345832505
0.7269841912317845
0.7243486680340363
0.7025281500170368
0.6670605065665409
0.7248165759528863
0.6931861994480351
0.6228429885613919
0.7564670973549339
0.8041040679509952
0.7288306640753456
0.6716463598057943
0.7645142350071182
0.8221698568016149
0.809186116173767
0.8028925854735629
0.7798229252477443
0.6686322604832459
0.6646404692895997
0.8386576376270093
0.7736995441060712
0.7742995318691646
0.7603535145417457
0.6594175363642275
0.7559155187194851
0.8034531592816666
0.8287244647058307
0.6493421533714478
0.7257923641736012
0.6917544432190222
0.644077757558474
0.639497100176887
0.7203873164129014
0.7719032821368103
0.8466912256411419
0.7948878105943855
0.7351857773281409
0.642210262154776
0.4991466713451367
0.6884359347294867
0.5440053998430614
0.7318664526677423
0.5216739314692522
0.7476294349267152
0.5548459839978142
0.5939212854762491
0.5926969771711597
0.7855596016205149
0.5793694874296882
0.5723164156707135
0.6430957468387619
0.568877476306418
0.770109555789126
0.5221330272584057
0.5607787873682424
0.51981364119699
0.5310961900257276
0.518568181907358
0.7826834589404892
0.5576105411848998
0.5469529942025653
0.5285939284556083
0.7895192580834572
0.5679761670671419
0.5456337324938543
0.5570180485317222
0.5672476737445857
0.7427643885786361
0.5480970686280803
0.5786247242895888
0.6023284010803708
0.6334555784301253
0.6592802552405405
0.4889694014855713
0.4980486591538694
0.5078141525383332
0.5223448419980533
0.5167833520138649
0.5935161098073238
0.5106137275545555
0.5455602379741585
0.5632538237938773
0.549267051317684
0.52304284425334
0.6085019937906148
0.5476849528097671
0.5141657335240993
0.6044013523530887
0.5461036115175859
0.5373519251726506
0.5852907823699192
0.5057099022083646
0.5080996383002547
0.5216471907601875
0.5758200390108096
0.48876410840727647
0.5307646614432031
0.5457796969254854
0.49012271280289577
0.5648692611319173
0.5359331626071191
0.5456452272458321
0.4983678026362278
0.6134654425940097
0.5199001765900522
0.6158806151710885
0.5766045422689171
0.6128599399898851
0.5143512358275176
0.4969927558535402
0.6023796134313653
0.5680807279866527
0.5766980812333231
0.4499027699575676
0.49696424902284886
0.4886585309426593
0.5432930194626471
0.551911094190938
0.6159748631983244
0.5327388316879789
0.47573271832086067
0.5447873867508578
0.4634635877888254
0.6025422405766927
0.5305384855454973
0.5805270556455072
0.52929442670991
0.4507064593649738
0.4141320822204462
0.6078064984028085
0.6156978184254607
0.561400852900931
0.6119739342969412
0.5792707374218706
0.543190562748981
0.4269975942036819
0.35780848627235107
0.2853067570283607
0.3853035993993501
0.2090378017340908
0.45415373008027593
0.21006086081379838
0.2654110403460913
0.19646243842203176
0.37997791442743245
0.19555170543532546
0.2146952849506613
0.22455491560253302
0.2537680003168273
0.35363250671564617
0.1996232408786236
0.24134223057880955
0.18813537613841347
0.24551568921743172
0.2916755422153548
0.36121946776099045
0.21144131407246136
0.1855472341204615
0.28320376140606185
0.3717279266083355
0.18756585813503487
0.21385116404122606
0.20732251889324124
0.2870450752437503
0.38171893750371316
0.17914764491827698
0.3273038120595545
0.2605661640242591
0.5016785728196715
0.47501801512293507
0.556396219989258
0.4510494910322529
0.5160693337365304
0.4500028089892967
0.4909267950769089
0.5291531938981553
0.4506664491442711
0.5356693396149776
0.36022585656846834
0.5457485377642513
0.4939624756882225
0.5670261456923378
0.36073679059694785
0.5403493008513225
0.6203767642578764
0.4579266893975935
0.5344932245252698
0.5515410559005414
0.5573650128411465
0.5554213057398194
0.422470106883031
0.4838466698852018
0.5471244383018415
0.5586314363642267
0.4991188238458711
0.49700993991266307
0.532776934977755
0.4511298202226023
0.43849787193625156
0.5089807682225074
0.89523042837779
0.8747751028114157
0.6199045873910273
0.5908163259872075
0.48569914647963897
0.5178417748029271
0.4440975204241677
0.5778069590126317
0.4685040392604076
0.6017154845809403
0.601699744894749
0.4405251084374102
0.4372975622497365
0.6100933279673337
0.4417482871524003
0.5854835725465413
0.5461098434902701
0.42769783892412255
0.4909946463673508
0.5933934020423006
0.5744320267717349
0.4434864411402058
0.5772762225769934
0.48741548417670155
0.5128937440610393
0.37515771795593755
0.5179793406507631
0.5586336872723852
0.5572778103656881
0.44016994664449405
0.5326006671964095
0.42332635230572535
0.5587641959970379
0.4904720039729656
0.5366592239400904
0.4781876955487411
0.46870158577550514
0.5309918476895605
0.39172990068908686
0.43641126350438064
0.45404226207888815
0.4849448314053454
0.3990397073375521
0.4886194673602606
0.3838298800820327
0.5244156312521278
0.45368633478650416
0.46050690944724054
0.4570002306464721
0.46615238627569855
0.4806545173968052
0.5254108460783954
0.43486013555770386
0.3495182461414905
0.4613829535320533
0.5059491969863884
0.47149316155951354
0.4243732424173246
0.46534306102243933
0.4616948576094215
0.5256880602539155
0.46662377318067194
0.3568073281625997
0.5132045778514567
0.47932325988271585
0.38034278771101515
0.591859012576498
0.512535449450048
0.5504693728596481
0.6352242653976732
0.4663569584264867
0.5532922391147117
0.656922194267606
0.4134151072727926
0.7164967888641467
0.4501684659840916
0.6895448221517633
0.4980425469444673
0.6455950312675606
0.44571653305811465
0.5676842001956017
0.469129549991675
0.5592613169974703
0.6630758597465152
0.4591073385430658
0.7516597010785826
0.7762514844673174
0.3597831219033778
0.5315127934292327
0.7717379417743169
0.653132394624883
0.6274345179822247
0.5901607629529951
0.5333900227970301
0.4600229696489718
0.4104798109606618
0.6651976376119104
0.4242589332304479
0.5081409746459353
0.7506765842556671
0.7474540903545331
0.7542156170614662
0.6437797949363266
0.7883148986043533
0.7785211416122694
0.7550091957644198
0.7810610414882077
0.8276225310906553
0.8292400754435592
0.8363095368949225
0.8177015477652183
0.7697000772498017
0.8593902686182776
0.8405379527997264
0.8398214927380594
0.7722513288255537
0.7967349662419645
0.7876965147329622
0.7694025785352687
0.7880047877352929
0.7732831239182492
0.789347401580504
0.8057869581475917
0.8043447688647519
0.8259949622712652
0.861061317637211
0.7787006870918289
0.8985548050081581
0.7826582472587159
0.8007687319455414
0.7942283469575683
0.7925110444403931
0.7970212650785846
0.8129500644071392
0.7518936678336744
0.7711330049960186
0.7376878040533481
0.8560583736808522
0.8612987663394823
0.8876135828742996
0.838398601404912
0.8357397380646214
0.8294907528480013
0.8504249947103005
0.8591111802139492
0.8917285482215687
0.8461129531735935
0.8299842537016253
0.8024110873852348
0.7501437795386501
0.7270382088978531
0.8925006189930447
0.8236031128440382
0.8537370307420211
0.8891044635452188
0.8349199594661103
0.8710460744982023
0.8378447203596584
0.8540287912756406
0.7549013299941999
0.7329351440881268
0.7459918215830577
0.8513742467410622
0.7430873816328829
0.9071918146714611
0.7638549972359419
0.8219238068827232
0.8111259171652849
0.8358495442614395
0.8329857450235444
0.7184655612046085
0.7463054194552423
0.6711567721938934
0.8641529150307887
0.6983308775540389
0.8378996823519163
0.8597156805997292
0.781658421980252
0.8447201418145793
0.8230184607129688
0.8359777054135138
0.6995887784474611
0.8003048955054993
0.8208115838369312
0.7740183750262476
0.8583658447594515
0.8808049828375012
0.803132259422765
0.8491064751042504
0.8399127757280038
0.7780230138225301
0.8122225802465649
0.6852047289760479
0.7489647778818
0.8083654808244823
0.7844295194671378
0.8293594470386575
0.8355605122799428
0.8384317031843197
0.8320307089917459
0.8351310944989639
0.8943464219166107
0.8265156281997206
0.8753659097358513
0.854111627490564
0.7389367693739649
0.8151721518954897
0.7335359087745693
0.7924990564874457
0.7819353001292988
0.7697278145448962
0.8684029490935155
0.7947447808253019
0.7547645820651929
0.7936726181475733
0.7649418200038092
0.7205698723643821
0.8517158009939578
0.8854005823979373
0.7016829287643436
0.7335383153747932
0.8701870677701196
0.7258589636743111
0.8884867870179998
0.8181203352776867
0.770205523280207
0.8244160404945997
0.7823160393497942
0.8301839866714753
0.8470591929586502
0.8676048971270668
0.8282451162971829
0.7712465190967881
0.837467902237706
0.7996180927956644
0.8482020044603988
0.7680298820146954
0.8510658602559961
0.8652490668927529
0.9025541684452711
0.8400199117262795
0.8839450547177305
0.7447692078480945
0.7469036018683461
0.8114288550292839
0.8942517976148967
0.8945276699852358
0.8849186035951156
0.804992603024494
0.9055237891560469
0.905122776851868
0.9104655645784732
0.8474611474778868
0.856341999940615
0.8072230073036828
0.917597451005573
0.9094714017889908
0.8989253395672147
0.8750750743985449
0.8734010135914931
0.8941246899615456
0.8734232483013151
0.8348905496663035
0.8660464429244856
0.9272739667810731
0.9205128865217812
0.8181584291268496
0.9101350906883385
0.8256679983876383
0.8878650793717539
0.8499816078079807
0.8544388762389284
0.8119954164373161
0.8332224917242834
0.8270159156415323
0.8069142474047266
0.8999576391422803
0.8963389045353631
0.7612258466543202
0.8947974522596618
0.7315986664162949
0.7504604718881702
0.8488630247464274
0.8667744096552753
0.8278654601138724
0.806750898527448
0.757793489056197
0.8036068957139553
0.8585032416980747
0.7581759277984742
0.76862397171375
0.7859597465993635
0.879187522993591
0.8522254270898044
0.8981318878375526
0.8141235995413336
0.8291026326793807
0.7527197957118432
0.8860658477602377
0.856452272678844
0.8764760989734139
0.8260334865348358
0.8869114691397059
0.7758569992007108
0.8187596269542263
0.8223003792365329
0.8205148111209473
0.8495424124487523
0.7280725053332722
0.7939619474450759
0.837043956555254
0.8212394297699848
0.8238647079071663
0.7631379425166235
0.7905684879946682
0.8704273765899228
0.8010241260840076
0.7194481643206724
0.7327809739879583
0.8017582245257611
0.7516545583543043
0.8268642709956033
0.7546608415437239
0.7701408891173729
0.7909422448969106
0.7612458011741401
0.8342351974106602
0.7623537024078051
0.7927918488807268
0.8394100197435334
0.8056666174089537
0.8193119849164936
0.7615215022154036
0.8781334301843363
0.9042827031650436
0.8126869723610681
0.8091490839433553
0.706094295358771
0.6942078232573297
0.8659833244880153
0.8285824622258563
0.7322598664450802
0.7674278759431888
0.7457471345158009
0.7382388713946454
0.7519368554465257
0.7492982208079253
0.7050519183639026
0.7326745229484175
0.772905665800875
0.7261762040584971
0.7461605582090274
0.7597684438068839
0.7382363454355431
0.7287639320221471
0.7053442419748036
0.7106453318414936
0.701518349824903
0.7300182654054832
0.7356447798822394
0.802949653197508
0.7437972127887843
0.811509214989947
0.7127545304333487
0.8196123175348449
0.6999441269238176
0.767644934229375
0.8583808873471311
0.8257542575805457
0.8755874393638938
0.9073357568583047
0.8306629906037817
0.8411583512540174
0.8300690268426191
0.889405912904301
0.8074780888309541
0.864262274014397
0.8211335660623721
0.8502601546484337
0.8131889495755897
0.7991895371664038
0.8647115711920836
0.8011619562665935
0.8230795191929765
0.8730313125311782
0.8860819251828351
0.8296930655275233
0.8284593820845647
0.8593013556295994
0.8452849291873347
0.870276232588507
0.8781783468493022
0.9089386537710817
0.8154294424911224
0.8215466032587531
0.7996527297267321
0.8875519632402746
0.8322201184877706
0.8576293211229857
0.8318312956789385
0.806316633977801
0.8328894122965036
0.7503776876710149
0.6816341163212644
0.8132417569535332
0.7199820694905426
0.77539756706634
0.7090921117574608
0.722281167473924
0.6643786270932527
0.6937657053665841
0.6637888031940913
0.7887841610623094
0.665063371837618
0.770925920347842
0.5880183127183499
0.7172961433862068
0.661874415909621
0.7077897417064831
0.6995611994362281
0.7636429854626973
0.695255031034067
0.6683790757306877
0.8008249093956501
0.6650643420987472
0.6534501974411624
0.7385250115447584
0.8093884781919494
0.7425629367769013
0.6745261589214323
0.7137099505426379
0.6664877461147207
0.6713668792767504
0.8096547705708775
0.8089770581942205
0.7059243875680717
0.6309977240457646
0.6614332307406798
0.6645216824847977
0.6950251724448553
0.732547157611801
0.7164028974058518
0.6433213150940021
0.6301029324211896
0.7200480966970366
0.5851471447280715
0.7368445363899421
0.727604701108955
0.7155477643816329
0.6254826799526627
0.7201463318707939
0.7232858184657863
0.6528990459345456
0.7074372425453339
0.7054897956788521
0.5999902199001899
0.7165088913589319
0.6749323474547324
0.668014620863508
0.654713148126598
0.7208706418482351
0.6683343028962753
0.6607050982871217
0.6978276164791238
0.7199292448910725
0.7072958111614573
0.7222883642773581
0.6787767389181402
0.6277225804553521
0.6332466324846605
0.6604265745031523
0.6764271082959545
0.6544062743426647
0.6746409668765578
0.6282348958757802
0.6584572383045035
0.6343478416637693
0.6751948548289175
0.6780356109731354
0.6621195688053694
0.6371233477696434
0.6685030500899094
0.6787987791087895
0.6424795320016543
0.6758893361992161
0.693724161449652
0.6856851027176418
0.6400971656551171
0.6818396188694826
0.6729253661845533
0.6592814221529636
0.663666077564006
0.632932317528707
0.6703746298132977
0.6266497406345204
0.6401701353477594
0.6301081291886761
0.6425540688573959
0.6759202458981421
0.6658290719706603
0.7718056853418133
0.6555655410902451
0.6503016624873601
0.6734207098938371
0.6895166191283357
0.6287253718547376
0.5804084343525904
0.5835497431953198
0.6474435054459562
0.6513132596425285
0.5681353683814645
0.6631322540932556
0.6886190457475647
0.6774750933837741
0.6612524135239397
0.6171927709022693
0.6071226219691538
0.6195786036126676
0.603905801906337
0.6101749890509495
0.6553257645993735
0.6451797920850342
0.6600260168856937
0.664929480556273
0.6133871802517818
0.6115577625847415
0.564972249985558
0.6318260119351797
0.6815437345767102
0.6775038416658408
