0.9604336085079639
0.9779848989342429
0.9835449853290439
0.9794029719068237
0.9848396783247495
0.9946562873729198
0.997067261948734
0.982592512925889
0.9718251456192992
0.9876918467174597
0.9640933889775214
0.987233308239746
0.9728396747807415
0.9694543482423652
0.9741380043586668
0.972948193718487
0.9516978373793278
0.9713883464797533
0.971199293215833
0.9789280737277635
0.9921713784380802
0.9536036767647363
0.9661669394514465
0.9667633268057861
0.9551382346965913
0.9612796237761944
0.9677267192987986
0.9580333772380392
0.9921737398619254
0.9688019823063562
0.9899365554739674
0.9866369187201801
0.9872757111773252
0.9730717054977656
0.9575109862026179
0.9802710392701899
0.9840890250812404
0.979413022253848
0.9733643022330393
0.9829059394544826
0.9565435848084387
0.961683946273768
0.9573767839622045
0.9849569071401417
0.9871545883695186
0.974663902254296
0.9597924984028535
0.9765175449938039
0.9622561930802558
0.9708533232347869
0.9696068997188863
0.9829035846821406
0.9572171834706232
0.9894225039982836
0.9846262752964221
0.9647938187852365
0.9947010730395913
0.9734682564082606
0.9888326536586793
0.994082942245925
0.9885407807328415
0.9916189934780696
0.9959568939542849
0.9686851848777682
0.9834729190546473
0.9911028650713689
0.9991776395843128
0.9961582572659856
0.9904573194097839
0.9898279364804439
0.9759216972049827
0.9769648780330578
0.9801965400900778
0.9831697811447119
0.9675043720690852
0.9871681999465957
0.9640464867328391
0.9674198201611494
0.9600672302252105
0.9721228605353973
0.950799555955141
0.9652916498228271
0.9663727709939276
0.964483680592763
0.9501821815678194
0.9737495123164331
0.9659057130256585
0.9492842874533524
0.9624201945349209
0.9857262049740165
0.9802605303224108
0.965744027845753
0.9640816450802034
0.9868539606671918
0.9720666576772661
0.9739008866054009
0.992230898904104
0.9828966013131915
0.9534989535493196
0.9329233787511388
0.9347803545981901
0.9472379403212476
0.962548906387968
0.9550126037110527
0.9552237716209482
0.9454715688982012
0.9485560491672554
0.9509362635047314
0.9584221852601438
0.9494481291524551
0.944917030411657
0.9541282479913054
0.9508793772593027
0.9438832534534545
0.94869973608052
0.9665126470976607
0.9573857317017904
0.954733547215183
0.9747739407168294
0.956810339278158
0.968247166674989
0.9584073628044434
0.9605677135611859
0.953486448954562
0.9474251445094596
0.9722021924347786
0.9925193955914628
0.9724969842870216
0.9495351519928525
0.9542098227116492
0.9667698516527283
0.945465254471293
0.9573608964144371
0.9704446383039889
0.9683843158578214
0.9453305526699911
0.9518392203469277
0.9646746875776651
0.9632368627135948
0.9572949531275841
0.9455860335302662
0.942110815612369
0.9401948384208001
0.9473788079684545
0.9709743839662242
0.9733130862591511
0.9985323904399398
0.9746045383200952
0.9764184851265467
0.9786385812861216
0.96890489917027
0.9772717456513585
0.976308443094894
0.9778767356078842
0.9739464840374512
0.9750216070432345
0.9762226025722803
0.9858914898812721
0.98001682212196
0.9782611257095593
0.9554808489368849
0.933205147686699
0.9498862114054899
0.9425469718982762
0.9500789612316295
0.9362525347963147
0.9361930298956447
0.9699809139977306
0.961770279622044
0.9338562295702417
0.9442588468434532
0.960366542408839
0.9342528521237657
0.9619715966585294
0.9411867976542945
0.9620464947541423
0.9767575482416975
0.9992419302080227
0.9847543553259568
0.9777192083627033
0.9806768599279285
0.999258241272345
0.9648388967861579
0.9759957136244692
0.9736071485352835
0.9702823387186252
0.9979420722737029
0.963583423412578
0.9661051557344456
0.9962157444094364
0.9858408660153744
0.9788641985321962
0.9011319702635237
0.9607538985228256
0.973755580038101
0.9155796231534146
0.9683053483248993
0.9569779715203564
0.9274245582556793
0.9609160948053876
0.9793644677627222
0.9729180150337781
0.9771174113682994
0.9691774990193738
0.9272398730757172
0.9715489408486033
0.9477197614550226
0.9879543425443771
0.9773516242197107
0.9933585155730292
0.9730801464032204
0.9704367914094064
0.9708329280297858
0.9786305572819675
0.9781451944195498
0.9715097700577604
0.9666744504272596
0.9735030536990628
0.974428016825549
0.9412489225191754
0.9260099605793363
0.9204428659450307
0.9436831235224505
0.9208898388455268
0.9057998982270126
0.9303127844027681
0.9222936323753776
0.9011917348034428
0.9077125937760235
0.8973484337057351
0.9025170388243471
0.9211965109551792
0.9216804200984356
0.9077957519597866
0.9010238545668098
0.8779654257564159
0.9139004490310982
0.8892261152770708
0.9809806731235028
0.9735447852030006
0.9450130551574214
0.947592089520005
0.9166897231982825
0.9748216975248492
0.992790916888033
0.9424373980936
0.9069068117434371
0.9322317532247661
0.9033603605307747
0.9258716828725091
0.9925140262955973
0.9528202279802
0.9809481840184762
0.9112179644529698
0.8546027976907788
0.8792618612550446
0.8629476561302389
0.9315003424611563
0.886533028830699
0.8455122251531613
0.8797747790738681
0.8759633439247547
0.8913011795771917
0.8698660013056754
0.904737806056371
0.9343867187019206
0.9608151207869913
0.9483896056838872
0.9306136733493042
0.9640206390775741
0.978008564953202
0.9263191142557636
0.9563347144320993
0.9614156661064974
0.9343807604988666
0.9553105511968835
0.9527521379187852
0.9323306494428385
0.9691840905708146
0.9353922106742503
0.9759232448798549
0.9639502643310959
0.9700616745793527
0.9666622885522678
0.97039055684698
0.9093787503457742
0.8462209000648803
0.8948076514386534
0.8677130756687078
0.8862689649769582
0.9024091839835993
0.9203593176833629
0.8784919498033417
0.8833202756928491
0.9243804126010163
0.9287889252683694
0.8172148314968921
0.8602439137549421
0.8695333171051179
0.9033386896825404
0.9847114125665544
0.8918525966418401
0.915888119691514
0.878843715999984
0.8592706285721139
0.9867007412784145
0.9232995256705037
0.9265609966718542
0.9494875835568193
0.9768201167565101
0.9067800158462191
0.9106965981670159
0.891344924027587
0.9071175132142534
0.9468912602401114
0.7998711108466012
0.7200406124353373
0.8577983881538093
0.7410561881595504
0.7097189581159855
0.8269916881598157
0.7741183702118228
0.7252527480175652
0.6628683209728942
0.6988932274629756
0.818202989392299
0.6839007790011102
0.7850700336541336
0.7797076722366776
0.7288336319694372
0.8753904580266901
0.7275908065935004
0.9715161442656786
0.8491062665457443
0.6824744602041977
0.6653655795359057
0.7437287572252427
0.6665663338578034
0.6749936446473324
0.6565931808891452
0.7103342474845179
0.8203792546008275
0.9953384086979868
0.6930607377181954
0.8820098964292273
0.901676373511415
0.567389200234695
0.6050608013044054
0.6905440500763906
0.6470470247714324
0.6391710478972124
0.6071193636433652
0.6113410924993591
0.6208597037267528
0.5920705057566745
0.5790413504236144
0.5898604389122146
0.5982111037475767
0.6276837805989305
0.5949242106521998
0.6122241674079033
0.7696485832434006
0.8461064317031819
0.6942931336688798
0.7878429861204873
0.9456642460939558
0.7037037712137855
0.7609894982132543
0.9306391421250242
0.8264381957937734
0.903155964476558
0.7312593610841001
0.8203377180597796
0.7612021844051599
0.8389911112552861
0.9194713558801022
0.6883003117930817
0.7838622456381716
0.7129739484322561
0.7259142150031065
0.8338897691305287
0.8429392054829221
0.7837503509446306
0.799559222148178
0.8142860287583055
0.8202850322822355
0.785412264498579
0.7172025405166156
0.6933222777629205
0.8078124598037107
0.7656850228724278
0.669356051695623
0.8943045360083264
0.9913832213013292
0.8392386014421165
0.9288828009123925
0.9720240904309837
0.9585720921990726
0.9357020885682314
0.9670410142262604
0.9669724756828023
0.8957594549704333
0.9090972747213473
0.9554349434278273
0.9599866445333538
0.9271349317243596
0.958957314822598
0.9086408635258533
0.9264518431575783
0.9927075259488751
0.8003947178460572
0.736669564541738
0.8439270348662395
0.8633776942370307
0.8245575250038402
0.8847984699709704
0.7669482704317766
0.8916790063181417
0.9004026851274423
0.8918221612232302
0.7768937795093611
0.8175331599319458
0.8607789809865338
0.9038294058774018
0.9256135325113612
0.9468933959365318
0.9558884363571024
0.9224214299608723
0.9736595255845528
0.9616324214205413
0.9730469112391897
0.9476558673135439
0.9125020039823695
0.9025916746159961
0.9887055537045848
0.9644459185604776
0.8743203483593244
0.950990930188028
0.9815273333356086
0.9458083866357059
0.9415871081842183
0.8563822996405337
0.7894012814741846
0.8944513901905964
0.8443649456943824
0.8809703679188813
0.8069501695192416
0.8143073510666285
0.8722141438602447
0.9190163107414574
0.8459722812060675
0.7964746881031706
0.8008007697295285
0.791146297770887
0.8979478708066315
0.8279139181799504
0.9203201912016825
0.8996191230244249
0.8399530682450869
0.8833527798667704
0.8528843886419981
0.9108353191788349
0.9073775830799009
0.9087287814168349
0.8823379440026766
0.836434940189778
0.8218100928992798
0.888225395095134
0.9234393274369341
0.9176104678176824
0.9400196361728552
0.9326347974273266
0.8416657367049875
0.5981183085376596
0.7964536828921306
0.5551345994901196
0.805342783493918
0.5901669336221199
0.849411698614855
0.6456084902941914
0.5944837027119487
0.595909239583607
0.8465377822848652
0.586214878169499
0.5975614000412679
0.6375896835824146
0.5964902583596916
0.8773319535387383
0.8303417730868512
0.6780786497834008
0.6696903715738385
0.6507325638748573
0.7918910612721999
0.9526926955311457
0.6854995857669521
0.6593226435898909
0.6772669684466496
0.946811230750636
0.7622543733951646
0.7667271792337509
0.6766148193353739
0.7174730712618953
0.8663384491223564
0.7081852438369469
0.8651752255710046
0.7129393373351589
0.4311550162132278
0.6619162404802185
0.43760495220479967
0.5090904831059151
0.4876970111881682
0.6757855274938573
0.5187839571386449
0.6429218704525343
0.546577343952094
0.507490788898628
0.6569601910583162
0.6097734848652728
0.6208675914854729
0.957096532885671
0.8324318988363696
0.6472033384203588
0.5472529595632536
0.9916078506250209
0.8108243695891709
0.6513648480397458
0.8855610412649069
0.7858900455198217
0.752357397642961
0.8903964327391982
0.7611780565567909
0.8607908145635716
0.9694026890668352
0.654708992577544
0.7278140767507313
0.936384304107506
0.9528079841660061
0.7899210476774461
0.3590724135146607
0.5241920244547729
0.4027415588815253
0.37599075807222543
0.39029607858348303
0.5076490306138224
0.28617512849474575
0.4565230832354118
0.25227708380404334
0.4434289321156681
0.5422269742097154
0.26020852159696206
0.2936112136023518
0.4954451474602836
0.6056526935898067
0.4597952552381903
0.7863156005391445
0.44365650953508284
0.4599720937031202
0.7332483083336931
0.4806953936226905
0.34403571402062727
0.6502998682484321
0.6126828458738949
0.2965329874573596
0.3330621713209997
0.4789612516999225
0.46988114260409086
0.5425517508001276
0.7083428803596761
0.6409410724347094
0.3357776404312397
0.5267094384053298
0.4470023658826996
0.36979428387728336
0.3379596675910979
0.31676236834230287
0.37762739566324294
0.3572838836270594
0.3262184873569959
0.23880618495896427
0.35581662919569373
0.44554668767066813
0.29957227814136883
0.2449819160707849
0.43875847699540316
0.8068542719183451
0.8077528332930809
0.8352284288556662
0.793718907352829
0.8445209692002328
0.8431479885850736
0.8992478733681503
0.767744986976183
0.9743727308570024
0.7779679941084789
0.6150650671441735
0.846665678260047
0.8629011010888898
0.62617223664584
0.902854140972626
0.8611114176751768
0.7898490863825531
0.8907003984133599
0.9265746271547183
0.6352989128515012
0.8230435032960252
0.8205290476813853
0.7497858694425092
0.5885055680593374
0.8756841780459238
0.7487240363665364
0.7033497608505532
0.8732178499141632
0.5670042568108203
0.8640280510834738
0.6209891912625383
0.7478806134793953
0.6760753878516874
0.8684985395372093
0.7660220331817402
0.8973168626021749
0.7337348432282785
0.7409917189565955
0.8024019896644843
0.5697005888684644
0.5345407377413753
0.8975523132775753
0.7613245398623192
0.5306379894254202
0.5639126387270715
0.7185928329206692
0.6997278446340842
0.8390092723396888
0.8869732082176427
0.817999868795832
0.6039656635018331
0.9945575231366575
0.874459459811659
0.5349681999925471
0.4688530024691093
0.4967331331098107
0.4406648914809629
0.3814107794153397
0.4491791017789587
0.4736939382967191
0.4997267921912528
0.477989807513728
0.43973278539401134
0.49287911547207125
0.4931829166979438
0.46633388169197876
0.7240799932740976
0.6340277467733004
0.49768100174472546
0.6667914179711851
0.5127794781000139
0.7899064784982198
0.637398182920631
0.5119649575755846
0.6954626730212817
0.58393985183896
0.5628834350824288
0.6825727105075188
0.8417922141058506
0.6241063032573007
0.6206775525006937
0.6454301156561175
0.5571214575803857
0.6145280884684334
0.5929309557681149
0.8674946085311737
0.8411146093965614
0.5119494535000122
0.5387094323981174
0.7624666055091838
0.731192624271734
0.6512065563990894
0.5745734590079008
0.5786047596952366
0.5377251627733506
0.5921831232829322
0.6542586214704669
0.5344389977690984
0.5081297546421593
0.7499260357858522
0.8921852835475022
0.687099326157876
0.7829351020358769
0.7321960964775833
0.6969480284407028
0.7740710662752224
0.9613764136815419
0.927203049950613
0.6949100635980472
0.8882568018215375
0.7817320277362287
0.6968171632880255
0.7672675875714119
0.737600284437556
0.647080864412827
0.7825530833432541
0.6904857668127525
0.7658251296546478
0.903520637805858
0.7420708696839096
0.9550252865166033
0.7819539848875398
0.7140607878409073
0.7964972548182034
0.7589909946582643
0.7701426197377983
0.8282708827881604
0.7910173728851921
0.7791228839804722
0.7659177714539929
0.768808468076257
0.8035243707683202
0.7811832923233014
0.7900456234626994
0.7678408152796291
0.6508605384096344
0.835102162047333
0.813291446000297
0.6790712678741871
0.7855581865353449
0.764904360958476
0.6454772033052331
0.7691140442932014
0.7737010278715961
0.7588855464471086
0.6615257586609569
0.6447001559239104
0.681961696492047
0.7565683377514556
0.9362831450977163
0.9691864285257578
0.7654708309567335
0.7817437652864825
0.7527113852966103
0.7677264724290342
0.7962116892581071
0.882626334644942
0.8454778623997052
0.7942281361961293
0.6547174145360548
0.6630282043647383
0.7817041517708772
0.8951003262058161
0.8859851472877293
0.7782428820775875
0.743783351648523
0.7887050004164368
0.7994818278216471
0.7450223999660115
0.7772400258012243
0.7538892897288705
0.7257729541775618
0.8445106900384616
0.7298130911899712
0.694271813830941
0.7498367888641708
0.8007101673257948
0.7756767687845192
0.8703540065805337
0.8076124704742744
0.7210459145861827
0.7089895074592266
0.7892002891878658
0.8467378200955157
0.8676696636065058
0.7904184519864106
0.8023980075252888
0.7960258846097481
0.7659888916020925
0.8349031909873578
0.8537613271190823
0.7611434427092552
0.7380563870613506
0.7339017469757074
0.7690414776746592
0.7172396517566291
0.8291817099389223
0.8070033323637825
0.775865400371627
0.759146151188579
0.9074107477088406
0.8116022954503377
0.7598634567825131
0.8374287540802341
0.9317693985522391
0.6887081614308161
0.8146970501649728
0.796059297418962
0.760499343628607
0.8935252226597428
0.824541024912623
0.8552076731014269
0.7965000427169155
0.8745091924906372
0.8173735658668109
0.833326623083555
0.8085122041005328
0.7763558798728142
0.7936633617681295
0.8120389477049765
0.8673706372994332
0.8775619601654319
0.8759223214853757
0.8184812972547
0.888050563382838
0.8293233821841031
0.6572309614660305
0.8134393171537697
0.7874513010558444
0.6877024704997837
0.8124320444165936
0.8704044446259431
0.778061347113925
0.8272324482199522
0.8102936858452536
0.7859656888386092
0.8902621402756927
0.8451643393970704
0.8560382348757063
0.7721710220890061
0.7864968382682734
0.7991855784151196
0.8613219880022789
0.8976047351403373
0.7707076813061411
0.8806693188427029
0.8912410150140548
0.7901154293460465
0.8252474393262421
0.8591710845979192
0.9143237032014687
0.8907775835267722
0.9043721037004675
0.8528212562331652
0.8136751174775996
0.7904383054955069
0.8040222313202169
0.8145161047802468
0.8759688546028315
0.8047156794345429
0.8597564460467995
0.8207307234468891
0.8397136397554356
0.7757669058237231
0.7957519166777898
0.8618403991394754
0.8283220199194417
0.6705893621070405
0.8620955044588227
0.8098100539640166
0.8450426342667214
0.6707534130692563
0.7116144364053554
0.8158661050675284
0.8635372816144081
0.7314345773511819
0.6932434244992483
0.6778819894904347
0.7803984047207613
0.668086682781285
0.7091528275477388
0.7608658305820716
0.8772079126858432
0.8438773261267261
0.821973429903182
0.7158993203355332
0.7696201636522342
0.8499982671259514
0.8782433170706531
0.9121598000236071
0.7991947204836438
0.8769455936506805
0.8377878470749358
0.7673256084008897
0.7719963552865976
0.8573775995253974
0.9097650076853614
0.8853716431250775
0.781349046842024
0.8210166379022299
0.9237014465796118
0.9231156791615238
0.8856157193244247
0.8412657991383268
0.8341814158556432
0.8672777434939454
0.8177950158194014
0.8852422937196134
0.8996548223391598
0.801457251735951
0.851177312150953
0.8756306598096512
0.8461931802217257
0.7720002772229473
0.9065277194282386
0.9791190952763561
0.8672747532864169
0.8580874428713459
0.9529620589382043
0.8617122116513616
0.9416660123837552
0.8997495350591425
0.7224850311910039
0.7391514537421356
0.8176573573341444
0.7021163869662905
0.875591679849729
0.7539302577181628
0.9155849363167878
0.8833515637740692
0.8136288640747901
0.8541097923971301
0.7324579755550551
0.7926369535342637
0.8363578805634171
0.9209089802973343
0.8379030563913399
0.8008845735971017
0.8133831105914296
0.8223950409445606
0.9683375672479467
0.8519416313521793
0.8699650457785288
0.8679228647881574
0.8377210661743532
0.8867428512639053
0.9107957556069408
0.8693653165826742
0.8708200791193443
0.9192979111511232
0.8997679245792586
0.9077381105923359
0.9241793713786317
0.8131147414544855
0.8604368728457952
0.9107428679604521
0.8941220945774042
0.8779415095997659
0.9238360155922605
0.8518447362401058
0.8698500002982134
0.9014984042536839
0.8864819226563496
0.8884761630884547
0.739404009692493
0.8901305517290369
0.9289305711335561
0.7869479350979862
0.8361512861378819
0.8238344000441666
0.7782340002539704
0.7505944242821742
0.9282231493962543
0.7289012120965621
0.9023474295075222
0.8666910313909308
0.9166945009080465
0.8660516534708814
0.7484866890479355
0.8423914151390924
0.8217941233246575
0.9724416290478948
0.8650602929237168
0.8511579775364668
0.7404809364178813
0.8593509121879519
0.7900278842221302
0.8432484447080583
0.8630183068987178
0.8668191937960484
0.752236956226054
0.7576533812804663
0.8571432748415717
0.8338419788290137
0.836237959587556
0.8556657308767988
0.7547323945972112
0.7608624448892898
0.7947533905858641
0.8463907021661556
0.7538969545260699
0.7391784497878371
0.7115361947073924
0.7885706604343866
0.8455112451598626
0.7364338451514918
0.7668025142008044
0.7906220232616462
0.6953100108007692
0.9160483206362099
0.680583155415998
0.7519584242991852
0.7421150762443834
0.8236367043145831
0.7296830695210654
0.6196622096247428
0.8115873449869581
0.7733357922310279
0.7472064232725394
0.7651272328220152
0.8175670720024509
0.7245108368515505
0.8109767365427244
0.829750632535217
0.7826299679950786
0.815682720719607
0.7966273032362872
0.848388353183158
0.8199285896972661
0.811405001660481
0.7171749180133493
0.7936111018562775
0.8121838194540563
0.8392632991967635
0.8463708526300471
0.8213516081184676
0.7068483158572326
0.817841297557245
0.8776177348458449
0.8692624645930832
0.8698526921315861
0.824347363429784
0.7182158401029621
0.7365181103828553
0.7944005910777727
0.7932597941061502
0.8359331878804722
0.8211285569964438
0.8438348458434178
0.8088310339185452
0.841433675191052
0.8221501489408294
0.7479242118312264
0.8242906590048826
0.806419443115193
0.7411044020981233
0.8129113959454715
0.8437947891667559
0.6971728996672863
0.6957534705835391
0.7780146560982285
0.8033197701848043
0.6999026076218096
0.8149275691791636
0.712799907136489
0.8057128357590613
0.8179609255711491
0.8428531321213015
0.8280786810570366
0.8855966895131497
0.868017187205535
0.8268702671747266
0.8689575982567265
0.8324953596800602
0.9353484684818487
0.839591661399643
0.8395750747862604
0.8438521583358036
0.8488803361690622
0.8754617526420716
0.8806521819579112
0.8886061998817381
0.7886314712791155
0.8329658739098185
0.8761094343338859
0.8721330360563673
0.6932209259891997
0.6664545643349467
0.7007751781653622
0.6608825193696457
0.7061785311821847
0.8004746326861143
0.7360583323033163
0.63655476863356
0.7067583986255825
0.7965817250503919
0.6362006073936182
0.7996941898673888
0.7610178289736605
0.8827509775307878
0.7923711923758939
0.8736954900290835
0.92361239156155
0.76015648623842
0.9437215332388225
0.751366550262467
0.8172386017259882
0.9063875916048085
0.9258478581899527
0.7944155034990257
0.9761767407008801
0.8276417983295239
0.8225434094121287
0.8096329039183453
0.8720498119342412
0.9675434274452219
0.9093095237092021
0.7376502257480535
0.7209375568112475
0.780727926691425
0.6535911278766674
0.6904213410004543
0.8269995128928398
0.6515257702441339
0.6184561779369115
0.6788334269718249
0.767269508070243
0.6195890797103389
0.6594177049559653
0.7659635792592857
0.6616944943081668
0.7273392594844683
0.9323767298610532
0.8720797449060889
0.7651189466009121
0.8611379249493357
0.7944644644184157
0.706959696968036
0.9311970321830703
0.9437756417907355
0.894653033775336
0.8611038369956769
0.8372249289527629
0.7138790280082008
0.8568235168452518
0.8217020980851231
0.876980342565767
0.8299900574864256
0.7690507062653984
0.8981296645086411
0.7751388749323785
0.9056629611876482
0.6230857358349355
0.68478920769642
0.7862322932208266
0.7575209937788114
0.7275063041455537
0.6037918584928572
0.559705780053444
0.6823995463951976
0.6672493230681029
0.5737887717222276
0.7228603101631733
0.7371440485684406
0.7628586022370911
0.8207321080120271
0.8778864371484121
0.767915788303879
0.8752557638277343
0.7535855642417963
0.7705921150403885
0.8065398149975904
0.8034918657406509
0.8567775582875552
0.8731255716708464
0.7882130472737436
0.6929106987618274
0.5954975581300018
0.7107939911630892
0.8999971154652884
0.8792944151724212
