0.9578748447403818
0.9964638471234286
0.9935812098784604
0.9787742505200914
0.9932894172499778
0.9602705828354268
0.9880374754394228
0.9715145104057598
0.9803626393006872
0.9938576881602013
0.9869426553758187
0.9977416344178209
0.975213028623257
0.9692629083433109
0.9875171839611141
0.976767920835014
0.9859292223436407
0.9908076747826852
0.9746168474763113
0.9908406899848721
0.9914538661523584
0.9504462389424961
0.9713170395293818
0.9688283330845415
0.9582326853565872
0.9611052567965588
0.9678453840018529
0.9668919328428494
0.9662033662406757
0.9646087997540699
0.9899978131803169
0.9870132868339502
0.988109318200687
0.9688560826057034
0.9578367345703613
0.9802039819691177
0.9841112077853645
0.9780036135702925
0.9704205278429848
0.9815480476574415
0.957828815817246
0.9625647024151036
0.959943701280574
0.9828525732032989
0.9887660759614734
0.9730946319281985
0.9599773117234107
0.976183689102856
0.9635928292742746
0.9710064882310558
0.9661178308238829
0.9824664348225346
0.9568941608059585
0.989041899945744
0.9849700048713012
0.9653665093090391
0.9929478544528557
0.9725496781031078
0.9986307804590783
0.9887182229995839
0.9890787979249821
0.9922251590162116
0.998157440540831
0.9699269539816724
0.9836143151399743
0.997479237162278
0.9956383117990495
0.997292581951106
0.9807150860624043
0.9993686304717342
0.987178439167623
0.9993948860969177
0.9963975335659059
0.9974583860545495
0.9701834811803774
0.9831571242917685
0.9747709273544345
0.9837988350931266
0.9809498543402778
0.9685217781638915
0.9882856957529627
0.9661757491058778
0.9648621891162052
0.9631950340554112
0.9803108581587964
0.9607448331890837
0.9703299590642879
0.9688087507609024
0.9732769691457669
0.9699402243179106
0.9752425375358833
0.9740238970420083
0.9492744609294285
0.963541790667193
0.9807818628075461
0.9777577502770198
0.9548539804833797
0.973982130176221
0.9823798837636715
0.9664805854805565
0.9744632259210805
0.993316096163037
0.9808486880583682
0.9524939835593202
0.9458567586914627
0.9292049273589209
0.9477874994871369
0.9636572655211868
0.9579808852983743
0.955594989629035
0.9459472270914475
0.9536230080927134
0.9460231849373169
0.960115871394668
0.9395508992524589
0.9545373105893576
0.9667092433255184
0.9784320096556179
0.9665321376444331
0.9671591504036452
0.9720534720914191
0.9567928100889529
0.9528246356132799
0.9752300011583321
0.9476159720171731
0.9658316238282205
0.9741781360405313
0.9583069368587995
0.9507890482126159
0.9482900901814059
0.9740321901984567
0.9649904649567603
0.968233719910789
0.9889157372029642
0.9665258734312965
0.9560723762469321
0.9425491215394098
0.9643070229841245
0.9519514269581874
0.9506210276442622
0.9477747719278292
0.95390405504501
0.9403089321990717
0.952193242276276
0.9586861753088517
0.9734556838222499
0.9717128184277786
0.9589606788016458
0.9753497822181468
0.9778932528271853
0.9742644234785697
0.954718599862181
0.9750296687911847
0.9768502799458413
0.9725642408633657
0.9823481276537698
0.9766915821118458
0.9762807334544604
0.9797796068511486
0.9764635196543714
0.9773110188581966
0.9739487727030967
0.9600452548542044
0.9646568624366967
0.9789387473722015
0.9391626353981015
0.9331724698705263
0.9537914698699315
0.9448591284988903
0.931550064948813
0.937722459538301
0.9410002776824743
0.9637280591515438
0.9699260660024875
0.9348450491568822
0.9665499637187771
0.9698432753433313
0.9702742128187095
0.9700274837228612
0.9743261531248631
0.9661228749129182
0.9780883518907153
0.9893970885729768
0.9701845872537598
0.9778853366589084
0.9703903004060579
0.9999366518004693
0.9728275339897725
0.9739200978288736
0.9710234627533837
0.9891968446698133
0.9946912005939164
0.9697793284105443
0.9770849768602119
0.9944625992515718
0.9668698370532156
0.9690890013736428
0.930760551228722
0.9594039802589927
0.9714157592596071
0.9488235534777176
0.9794200620040148
0.9613508162422413
0.8987551209175778
0.9489431152574802
0.977528680024071
0.9987526538663329
0.9785462586707057
0.9756257327714521
0.9554705867840732
0.9686702954429576
0.9476799264273359
0.982673096155686
0.9788158083347707
0.9750444948125102
0.9724901544589533
0.9499469208821976
0.9790485712855278
0.9766544008475073
0.9784119854574405
0.98249246308868
0.9645629226979177
0.9848563841378264
0.9754802518816296
0.9374995000639402
0.9348365582888299
0.9313693582605378
0.933256588640827
0.9055484737556159
0.903726074159215
0.9195765914856219
0.9226374166946849
0.9033301834909143
0.9084828874186307
0.8873786566173306
0.8987989347565699
0.9151147404128572
0.9073024228371365
0.9925998106442395
0.97088312230701
0.9143951245907451
0.981893197246583
0.9121988908889629
0.9627620416682161
0.9915676677322083
0.9659418253664861
0.8980269518106583
0.9125270522067139
0.9404273860236548
0.9311499816162743
0.9623963205374149
0.9196743387406978
0.9900311228778691
0.903087434172773
0.9356133168610322
0.9396585473576596
0.9380224036502711
0.9689805603031398
0.9168762764300498
0.8574718022718685
0.891265602838234
0.8723612585375549
0.9131271678783031
0.908110655229659
0.8596670699054281
0.9344177047933223
0.9467879102095224
0.9380006309276112
0.9206591321357219
0.9571746434151186
0.9554584326190096
0.9646116214657107
0.9586955301748941
0.9647358014648236
0.9678944464592287
0.9906422193796608
0.9443058784818746
0.9511477201193488
0.9579665994683799
0.9273728612260894
0.9599433924969636
0.9635838837132289
0.9494629758391273
0.9731779130632358
0.9519764583356322
0.9753320684051092
0.9689693173851862
0.9676252388348454
0.9672738568682986
0.9589013995998297
0.9065912300830543
0.8561619845101821
0.8942886726345685
0.8547862005541986
0.8980512235950346
0.9064491616084972
0.9060155493332371
0.8657143413490066
0.892173187088832
0.9333929569303059
0.9766434036567653
0.8602460304339775
0.9293900074880156
0.8994172305707004
0.901461630810311
0.9975608831759781
0.9245152446172751
0.9119394682679792
0.8996004331454277
0.9235097165566234
0.9071345988939776
0.8864980696468996
0.8948523543134828
0.8931805286478935
0.966683444902173
0.9119219843427482
0.9203872594304003
0.9460151202191779
0.9086957154314688
0.8827861651595437
0.7739183075531757
0.6766307820442992
0.8352252281319859
0.7208973974581228
0.7093622729990207
0.8412498110967086
0.7786674762872524
0.722372584193883
0.6972508126095802
0.6875336726329595
0.8306934516610688
0.6536136671207481
0.8815520275611393
0.7698165445900792
0.7644702496877506
0.891644960718278
0.7324439315458603
0.825997712044777
0.8885074859132626
0.6635801766931815
0.6537470322113095
0.7204989314115076
0.766703944541975
0.6802153803823088
0.673906230738059
0.735738729089927
0.8284591255875269
0.9305119353096908
0.7125359922520762
0.930719523830577
0.9920925612534874
0.5738889841033873
0.6079050335033832
0.6761524494072866
0.590432499481211
0.5918325933327213
0.6069199661092208
0.6000466488415102
0.6290024585167757
0.5931283149556178
0.5955769112542307
0.7615249235505146
0.8327027164210311
0.691962600717466
0.7944137708547936
0.8089092849577355
0.7132613059094923
0.7634338401473302
0.8044782504953307
0.8156712755441125
0.986400498276724
0.7266261947722055
0.8467984859266098
0.8565890095375509
0.7721254859811839
0.8324403022118532
0.6822571320057035
0.779773244661998
0.6979212321812616
0.759588417788489
0.978104259378878
0.849525904213842
0.7778377567906415
0.8039789146658506
0.8194487549083458
0.8252388471150682
0.7851861609689303
0.7284772042118789
0.6938828393749599
0.8061470781555207
0.7671744935387788
0.6848854727272352
0.9041329503298294
0.9628181758485741
0.8348169725234805
0.917528263588437
0.9923828038302556
0.9580845457581322
0.955058936378473
0.9613821289487349
0.998220260107093
0.909426646604363
0.9061212843290583
0.9743182102593284
0.9605790960753908
0.9000587857043714
0.9489851009560002
0.9073092430511993
0.9169862516537446
0.9940977134500633
0.9759061913344259
0.8489240460792351
0.9026605020972753
0.89723130620855
0.8479640514975251
0.7309108394797146
0.7757185227244098
0.8839002479800981
0.9239388591807346
0.9032374812836861
0.7946303400478281
0.7351170819083053
0.9090750587841709
0.8764711902748443
0.9576864694875062
0.9239401659258726
0.9668500519889573
0.9263904179569316
0.9675622623046845
0.9291559849495392
0.9696194342347775
0.9773466858181012
0.923570642207674
0.9674673920617047
0.9655512401003294
0.9702274569218636
0.9377830736423292
0.8968319176654579
0.9126987387185101
0.9601818179593131
0.9545447865424803
0.8432201322936108
0.9638220075045854
0.9809037230713739
0.9627236394586063
0.9366444069138513
0.8956483184800701
0.794998424620498
0.8858955013475074
0.8669307397694166
0.881282122644948
0.7807424213179529
0.80419197136845
0.8569867638080189
0.9148143139242796
0.8492319016119868
0.8679077283332624
0.883538097949112
0.8454176805268452
0.9349267603316709
0.8655154633478479
0.898561724343474
0.9107385292630152
0.8399370858465232
0.8984220533104657
0.8749924795812081
0.945280900648074
0.8419399929318193
0.9202576477935962
0.8541451023117052
0.8431728038297541
0.7949857795920114
0.8933869525856286
0.9276295354952577
0.9165557170391065
0.9078175376263489
0.9352350839721473
0.8734802805624582
0.6288200866006395
0.8670007581973671
0.5519273979399665
0.7919832816437496
0.6641159434041064
0.7697280635736966
0.5571586463522192
0.5964194272506986
0.6309765428730281
0.8796077872297728
0.8609034730185521
0.7098071127261988
0.7325892897347341
0.6731881773152564
0.9788202451059062
0.7336452683868389
0.6887737118493256
0.6636587297632651
0.6688971116228677
0.7281439846064829
0.9648000533156939
0.7696925810431805
0.6808630267207365
0.6746183178456153
0.8821563303990875
0.6857867908894146
0.8012881748429119
0.6670999645612129
0.7218340772198454
0.8681307102897133
0.7220749498688376
0.7340837478354364
0.7603899677493761
0.545155415430572
0.6991430110861758
0.5169867138186582
0.49869650288128614
0.49433941171694296
0.5304210469586267
0.5157658507989229
0.6792755763170782
0.9232295661627696
0.5456037589111733
0.9817154747203424
0.8197405126851889
0.9424455911937969
0.8692109769172047
0.9798790363239964
0.6376164852785462
0.5015267750009191
0.8397398365492743
0.8599174825871256
0.609174252470962
0.807479223549641
0.8482594265106556
0.7566471755431633
0.9510124280226936
0.8248702753996677
0.92371497817987
0.9923430459701734
0.7652389157004106
0.6221389676996011
0.9452369216186636
0.9536882359271512
0.768533453242572
0.5212907609447631
0.36466493068746986
0.412892327576231
0.396824417133664
0.3927356687233709
0.5052963821299181
0.2767050330719486
0.407033724179629
0.2667195232812972
0.8664632936338469
0.6716243541340394
0.5856880449293232
0.43105397988245486
0.8673480216999025
0.393608661422377
0.5153372260742896
0.5096973350310949
0.4014185467040401
0.6053906443566884
0.5735342718287494
0.416553894822723
0.3683680243926135
0.5910611970957738
0.30710185726767736
0.546181142979385
0.6196511897600241
0.42979812015895125
0.4724576524083738
0.8765584045895274
0.5037879100634157
0.37780451968373885
0.4163571946540923
0.5012259949931568
0.3099392199727378
0.35611841532933086
0.26390358749287046
0.3748289271527164
0.5220715647081919
0.30485757593372254
0.3017975321801172
0.39748009669371537
0.8471099077234778
0.8060772520096031
0.8211421115955551
0.7918641196467224
0.8518300905415659
0.7827135839918983
0.891515288059058
0.7916235808648044
0.9571250998049852
0.7671097800084012
0.655737501821345
0.8786127944390792
0.8547850349474658
0.6203086194952228
0.9081152593183405
0.8424092900244622
0.7774714041134898
0.8526123134704264
0.9506375196749665
0.6951556834114726
0.8683635128243639
0.8519315404162628
0.7633869411581006
0.9169650085287842
0.9110300799522213
0.7982232594949434
0.8461365522118371
0.8859525363838655
0.5844283937532453
0.8545255609418929
0.7502529643521594
0.6673984950405646
0.8376434488055168
0.5536301772816414
0.9814235264905395
0.6032277452170248
0.6977609110652554
0.7049909141733617
0.8993576020749924
0.6975570099561084
0.8561946113905482
0.7587714002987747
0.6403302084508801
0.7921931263991409
0.5414125562819303
0.58631310098056
0.8788130997536722
0.7749764845516376
0.5576151630042037
0.5922469675582771
0.6758772255573483
0.7920512212288545
0.8352693385728693
0.8352210698074414
0.8194915043707309
0.6599317697298599
0.9174999547543572
0.8705126029281918
0.5309437248443819
0.4709341964179241
0.49717372680705524
0.4696667512891031
0.38197388235513235
0.5003600248251012
0.49058867781581095
0.4658541410798389
0.5425961993195179
0.5217991598352381
0.498581647828998
0.6817848262853623
0.524483520018558
0.7756839708138275
0.8041870501808189
0.5110466712315251
0.7056686316880533
0.4999694008213823
0.9220180320341788
0.5738745994051476
0.652979235841344
0.49381404390911565
0.7347212691477321
0.41720934455572
0.6479613482572518
0.8103711676937376
0.6832518184998123
0.7924721487581792
0.9757386528767127
0.49325147553173976
0.5512264080396444
0.8848449700256513
0.8151218156400073
0.6584905684923612
0.5525409462300287
0.5126416870969488
0.5543584784463071
0.5651003540930931
0.6932970025860863
0.5354156778905802
0.5516150809179579
0.6801421355683192
0.7833042757524394
0.7422067662218428
0.7593164065599343
0.9280791755861539
0.7284505658261402
0.6931434291286561
0.8029818716921887
0.8745615404404634
0.6824401412946859
0.6465091200178534
0.9345368462468903
0.7888617442914941
0.7213082833221025
0.7393204490304941
0.8765554849017156
0.8024076056428899
0.7946002953833129
0.7637613238174954
0.6633323346623363
0.6777676444899556
0.7865915062408135
0.723428813320532
0.6922590751771311
0.7679984490653953
0.730622848748229
0.7122874280675121
0.7377087503077147
0.7622967958334905
0.7902777851879862
0.7298408726656445
0.7975477109702285
0.8118562814977652
0.7414509794041708
0.7104944686224945
0.7676116436592022
0.8568547095914825
0.6630482015502671
0.7575624442808471
0.7810185791880375
0.8725244749080998
0.6986568068803558
0.783967550747814
0.7822186158800616
0.6766068013776027
0.7566624425793964
0.7740728207970538
0.6674096380326304
0.7580190597417812
0.7797101792813034
0.9263289881412384
0.6554784690545616
0.6900501856997703
0.7643282393841381
0.7568340655261434
0.9169242406622595
0.74459165419193
0.8341838050207655
0.7669432751663969
0.8832510487229699
0.8057667170095306
0.9035789135110792
0.895413640854169
0.8883009899901301
0.8008090389194418
0.7982271897052302
0.7298686223663573
0.8282682401804033
0.8144882620470697
0.7818957597807115
0.7693570373907315
0.8824684185116893
0.7380005552376709
0.8036506358737723
0.7296695110225916
0.7170734844789
0.7980459893369047
0.7507606788549149
0.8052461641193357
0.7861243130518166
0.7889290965022192
0.7567739563152742
0.7009898616636739
0.7846349089449477
0.8564643973841073
0.7729942643332026
0.7379711426289048
0.7952509584159282
0.8823533225353503
0.8145589379312295
0.8216390914750364
0.8825893362400726
0.8240583412009934
0.757141558030435
0.8042775896255581
0.801381910389564
0.8595550564975758
0.7925836182821455
0.776101732334276
0.7963205359888752
0.67245074967378
0.8717049752945099
0.8866744386528413
0.870744788223254
0.8157978428717658
0.9705613561586934
0.8434631001905233
0.8393722726218782
0.8697848176677621
0.8777821776080974
0.7863635986151116
0.9062706953230943
0.8248323101813722
0.9231760343528342
0.8222937874223026
0.748692991281975
0.8370251070618413
0.8469367561622696
0.7833697952274319
0.7804385519800988
0.8082311802749766
0.835499852343999
0.7696704444366802
0.7889014044617866
0.8841818100486111
0.9848803452176714
0.7730418209427024
0.822485476877775
0.8588330509310164
0.6443707804270723
0.8356766980195651
0.6596906925674184
0.7357382714506547
0.7710595063305937
0.9362487505159063
0.6912220530683493
0.8568850759228199
0.9068688984132631
0.90114679521057
0.9022218345737867
0.8896095122811305
0.7633319550746818
0.9114220262983644
0.858841189030668
0.8509542982161129
0.6929726498960205
0.8736464530215663
0.8336143836190351
0.8630915129703041
0.7552515885065992
0.8145599633565217
0.8674235101437617
0.8548495926750512
0.8531267262949935
0.906376047973532
0.6749082100470256
0.989622183402759
0.8092108710222206
0.8265323261037664
0.8709778377111463
0.8710110836061071
0.8597596384483908
0.8555234825768674
0.8195804996063591
0.8739072966318997
0.7817383467908853
0.8693552753273571
0.8224583969894563
0.6625946704512078
0.844465033683221
0.8449966900834674
0.8380726675095563
0.858708151623583
0.7614415525871523
0.8198719960888897
0.8686457887743033
0.9705293310630115
0.7724876902770712
0.8006694472182762
0.7205107670342594
0.9005812734925478
0.721551823273073
0.7759252598390189
0.8019578490225703
0.8464898932113225
0.7652526736114769
0.7238755677810667
0.785897907816419
0.7788936343341617
0.8331364305718871
0.753008795951964
0.6914100862284387
0.779002420439292
0.8533272278645897
0.8645302889228017
0.9217869271367956
0.7833763145334549
0.8654751801724241
0.8646629268341655
0.788386703937831
0.8490603307276012
0.8932547670319373
0.8422677264446499
0.8766008443633873
0.8550496476043554
0.8508322798723487
0.8637330447346124
0.9222512621380685
0.8647307880987873
0.7523191170583585
0.8114155938942185
0.8393560017795311
0.7852668872506973
0.8608455575902805
0.9024838463370642
0.8265616821096248
0.8741646094977192
0.8744972709560122
0.8106337779910872
0.8762165960610288
0.786558035035301
0.970700037710374
0.814434889054751
0.8895661017456763
0.7825660902342508
0.8866490209257322
0.7540752828640462
0.9027208238727127
0.730538895413787
0.9079747976141395
0.8223187370585869
0.8690983347737478
0.8606146613264019
0.7749048861680675
0.8395128021769707
0.8405945678224764
0.9239288461193038
0.8342997798447995
0.7934998126056698
0.8277601019868005
0.9670902687540565
0.8554813796458776
0.8222772804861707
0.8960135709466133
0.87821778671752
0.820314543704142
0.8505326558033255
0.860689297067067
0.806644377382917
0.8724525948099235
0.9307642415498798
0.9054149780588943
0.8928494670983181
0.8534558489373885
0.8210618312440972
0.8168519574096106
0.8992058684255577
0.9052897539161908
0.8203048977055654
0.8545073359150008
0.9080174645873915
0.8923960894631275
0.79428949989675
0.8799020185271482
0.8701351200957441
0.763219426406083
0.907327856879451
0.926411816891267
0.7640594245078093
0.769657729314058
0.7714644736898374
0.845596254552377
0.9056774435537076
0.8707423596542465
0.7777886798473355
0.815124611487158
0.8282375245511251
0.7723452464382208
0.8637391128422509
0.7477397500639552
0.8624908483544503
0.8388900055588782
0.9244920741796818
0.8652581855621627
0.7504056912286008
0.8330664416579043
0.8619035385453198
0.8662994421690124
0.8594516634424365
0.8533190783496074
0.7816716625885372
0.8736872073773039
0.8708080942674382
0.8559754439162581
0.8337099165957087
0.8568461901633301
0.7525521682124087
0.76080028027866
0.8283906185428972
0.8484179640054499
0.8055850703141235
0.7451805042247424
0.7704849051326199
0.8445628111360091
0.7542173442873851
0.7601251910915938
0.720424524932007
0.7488437588478921
0.7862438094231694
0.7537122245614581
0.6778708503428558
0.7768122568507091
0.7812573864310897
0.7956842227604248
0.7295205385982358
0.7974282597126089
0.6136198439419461
0.6847694958511559
0.8945903449694776
0.791433308217084
0.7537487410606972
0.7345622847410314
0.9328883793983276
0.7504678546545982
0.7422603453253274
0.7436485542148319
0.8152341057860464
0.8009253100675555
0.8375221406756994
0.8176185537736516
0.8007337048490153
0.7614247591487678
0.796553499531225
0.8127317974276435
0.8384570771478232
0.8259694114831659
0.8375183501268029
0.7312049954131427
0.7821260110091561
0.853412062322606
0.8475865316405732
0.8490333534559201
0.9104500944633305
0.8069450989065885
0.7571654094668081
0.7991479902088069
0.7568799285154291
0.8225375688986555
0.8439683791483163
0.8812702511735495
0.7656776594193673
0.8755270229782685
0.8214472037747452
0.740805459814104
0.8438966227923241
0.8387556129414251
0.7804450014333624
0.8250037472873176
0.9627768850483727
0.7627114295674492
0.705030958533986
0.8234851499070631
0.8110846049848018
0.7670007281161231
0.7422642730377593
0.7649844220550577
0.7721429606591816
0.8332029986163624
0.7676744182222148
0.9092689436744841
0.8309897074861807
0.902252587719901
0.837192899322892
0.8918527284480571
0.8296081079023152
0.882488019432954
0.8641702363155405
0.9133759227528837
0.8592890753061107
0.8323590329645763
0.9003050679968765
0.8869552938790756
0.8191224434817777
0.8358537531166794
0.8920784060869718
0.8619623983352849
0.8158518748776646
0.8823103702443129
0.8247660233998874
0.77561693423848
0.8619746103285236
0.9534999282241279
0.7090868132602324
0.6942964387620869
0.6992604728047169
0.6709129896541768
0.6566465244127022
0.8129527594523205
0.734691053380748
0.6339266674615902
0.8108863132635529
0.9523717575690409
0.7262829347947453
0.9349626999355265
0.9262117514289165
0.9766116339011202
0.7263637256670834
0.954167929190407
0.9386528626006152
0.8895750721890577
0.8364829706215208
0.9581654268097097
0.7202900093107518
0.9296648283885363
0.8177609377307593
0.8839632452487893
0.9355620563076734
0.9060081946940387
0.6658760047783143
0.700740989337325
0.8694300087565874
0.9196556999646939
0.929373884146283
0.9627085126254988
0.8297751148815006
0.6375768415691514
0.6636669415054962
0.6932260532183043
0.6854263730419707
0.6642622054099292
0.7553164652532001
0.6247651792624258
0.6829020770063856
0.8142634402381754
0.8066762729863598
0.8330207877730123
0.9483576862045893
0.9304950926549307
0.8336667227690501
0.8381596180584807
0.8129109375907296
0.8350926692021537
0.7215881024138493
0.8093544708665563
0.8681956133324769
0.8382667003989015
0.8269903833955293
0.9504563186483571
0.7547028971288546
0.7210627200770064
0.9432092096198862
0.878382109997508
0.8414731561108906
0.9187235749409325
0.8158498335536307
0.8981810983030626
0.7877604556833351
0.8599183486984836
0.6527012512213723
0.6721318860734176
0.7867170626083442
0.7549798719694978
0.7045500492124186
0.5902808294754143
0.5669125370029826
0.6819192177618381
0.7748572576184967
0.735402855817865
0.8906361285113313
0.8615787880895475
0.925497138093849
0.8467352087090037
0.8701776306907778
0.7046432304905197
0.9408030762063625
0.7527619027232891
0.7609236887376245
0.7515268142410776
0.7323437968264109
0.8061776702060997
0.8659888130995042
0.8220157028416591
0.7641962959840223
0.7421362028065894
0.7987346232556692
0.840090073159915
0.8205805566774007
