0.9853600288010481
0.9505821053942081
0.9757371325100324
0.9735734562627194
0.9573811327486239
0.99163508151613
0.9561666139141257
0.9790650949600536
0.9688498932271212
0.9531493990481474
0.9641950117119105
0.9524649709165592
0.9721700987444649
0.9605415714584415
0.9593111171151495
0.97734089109478
0.9540863540934241
0.9904702691270839
0.9799144353137204
0.9776124738170755
0.9861915213316224
0.9518357905975101
0.9724425489260307
0.9669706120012509
0.9631612392581822
0.9687668282950189
0.9640472814374078
0.9584065421009866
0.9603404752106106
0.9761143578499505
0.9838437242120943
0.9519555917927863
0.951978185980959
0.9500626183909503
0.9581494020446535
0.9349445612633858
0.9494638197241523
0.9616665535460655
0.959652908619528
0.9414799844297707
0.9548212400945626
0.9452678041460483
0.9154968514660404
0.9402778117201136
0.96451054057551
0.9698339962481936
0.9267966139867472
0.9480953164094776
0.9722942849864784
0.9501091553891402
0.9693365153157719
0.9840272281882507
0.9692453075395191
0.9415079139535998
0.9263336818350099
0.9437785526566984
0.9432706003748316
0.9412775901682116
0.950445967407647
0.9375348828979939
0.9329023807545549
0.9424126728960398
0.9416458068694642
0.9417847570305398
0.9339436289468048
0.9425560164403789
0.9410743718453752
0.9450717588017408
0.9293149517178323
0.9419967502311456
0.9471894020834233
0.9457669210723181
0.9429339224345006
0.9487391403545515
0.9253374579840958
0.9487161647762805
0.944487478159618
0.9479391952969619
0.9415305050670376
0.9321150670181322
0.9549939933728498
0.9467477630400576
0.9286692139901056
0.943957354346146
0.9321206668259142
0.9358179895952842
0.9268181752402477
0.9345815421326474
0.933438373060665
0.9439035015418289
0.9360082158766081
0.9481016738405292
0.9299695459774842
0.942942902679347
0.9309845595038544
0.9307699888756307
0.9258318441164449
0.935339311591824
0.9341823448201527
0.9375792323906482
0.9364674582966683
0.927433279485528
0.9343553619944225
0.9367826323606985
0.937161083547014
0.9360968296881589
0.9420581124446852
0.9376044880832404
0.9431250861672479
0.9430356955560558
0.9327729720162992
0.9419438396042209
0.9302988559577031
0.9369541749780383
0.94266060296967
0.9004502021289227
0.8914440442172926
0.9273429140434456
0.9098436351530875
0.8959318974056518
0.9075405383065951
0.8916166588352796
0.9406938427952554
0.932130706343597
0.9228024958407574
0.9051124287535534
0.9418801751734428
0.927135675677766
0.921180419377788
0.9242885666856494
0.9252112317895487
0.9292230498947265
0.9485440391487068
0.9504760979145306
0.936163118333147
0.9409088539276833
0.9432234047092389
0.9281920514463678
0.9244283025283395
0.9087569598891123
0.939964638419212
0.9372308725934604
0.8875343943259696
0.9251426030472149
0.9611601353471997
0.9701416489183492
0.9669855852306826
0.884141365903739
0.9037810650991202
0.9353975817890732
0.8991243560614168
0.9376707723512054
0.9180723742743082
0.8697001544613694
0.9112948056950523
0.9495477650276098
0.9337365736186889
0.9482480668411438
0.9456017879103683
0.9029275797817032
0.9392209579441388
0.8652611362465336
0.9342700865868545
0.9330624476857579
0.9435765477503651
0.9330695727264005
0.8955330612160349
0.9355105838057366
0.9324145768843628
0.9346366781525349
0.9305780829882895
0.9170340348824949
0.9263573749581844
0.9399911086754882
0.886240032840947
0.9153890035423309
0.9081265888928338
0.9333606120683171
0.9170651635023288
0.9067551791940789
0.9063666630382741
0.9218326986731131
0.8871114521536985
0.8978418714444303
0.8722271747611539
0.8708876041196306
0.9226114611882539
0.9222738735509263
0.8881082860407479
0.9059107546123509
0.8732212647505857
0.9169057466575306
0.8677209787763551
0.9045157499626714
0.9089515559657393
0.8827552815499673
0.8708799047990959
0.8843795294374444
0.9201406640927365
0.909685489238366
0.8805863625779371
0.8766238240457955
0.9179133381080162
0.8670046892546623
0.892835570606948
0.9184510206830974
0.9323796550069088
0.8993424011612906
0.8915369173688872
0.840787775139731
0.839259436644074
0.8543214416881754
0.8436756467105577
0.8580478412482229
0.8325229197305175
0.8359760296582399
0.8324387788159898
0.8378789365241541
0.8234647120369853
0.8585571423716933
0.8735141914904048
0.8508361241076969
0.8764326398086782
0.8524347947541101
0.8574298124376768
0.9000146756666113
0.8396411281515557
0.858602316182049
0.8504107054839727
0.8104150518144896
0.8304041363711114
0.8538238528840925
0.8419216805974052
0.8526993689359152
0.8150107174409106
0.872059156911854
0.8583231335748457
0.8391623421457313
0.9480337542716302
0.9164349440534606
0.8280236604664606
0.7916104110388045
0.7954580256683644
0.7949037851978915
0.8704203270774449
0.8451213720567389
0.8299413700520999
0.7642939736982178
0.7901457892777757
0.8257111033211854
0.8878052365784619
0.7637150001811321
0.8257203524175895
0.7519307301218288
0.8085012866065793
0.8314925744476032
0.7832560607577472
0.7944705289523647
0.7485214959722767
0.7639124531425929
0.8302848407401898
0.7930510950486447
0.8002394563924377
0.8179776617407994
0.8490559122399353
0.8757045203980893
0.9103608285043101
0.8326269257241175
0.8944696428493591
0.8607682209852627
0.7942806987852308
0.7158480852345217
0.8194861638150919
0.7543024800034563
0.7255771027251671
0.8260655173944222
0.7851070651962289
0.7276722901305228
0.7124460019449512
0.715747115634014
0.8087830552427151
0.7097131908883717
0.7861900423694888
0.7784925489444978
0.7451822814797749
0.8330783106675705
0.7571140270891723
0.8299185914723457
0.8216176247340532
0.7182594707071221
0.7298293343602374
0.7712207780622873
0.7305528836318208
0.7138571763525077
0.704362314418377
0.7558362012992318
0.7917927992934995
0.8260501232902859
0.7145318182011002
0.806878842907649
0.8962313017088186
0.6307186395518549
0.6613109463041658
0.7137373874846071
0.6626661228595009
0.605354193250399
0.6837610663402311
0.6663759174787591
0.656134882664724
0.614126638107276
0.6478269324784758
0.6499608218383861
0.6860741438069634
0.6783977034097846
0.6332457425872333
0.6906436307560962
0.6649608705352477
0.612849886464117
0.6859692376081177
0.6880491847997321
0.6699430609837915
0.5943623096048496
0.6548866554606756
0.6852292307880079
0.6735647656348651
0.5804570503014039
0.6780855952007658
0.68137574589503
0.6750530586296388
0.6429196099038232
0.7058067012203555
0.6060123342615266
0.6531701847095559
0.6023402321779541
0.6265459628100591
0.591025883320092
0.5974691447156822
0.6088734379458043
0.6249801727293347
0.6131808181417264
0.6034321943449263
0.6039684995681949
0.6588869812271575
0.6340487757358755
0.6417886363634447
0.6018586749928425
0.5941024994421287
0.6200430873591909
0.6315353862049432
0.6631041237054346
0.6386898207578775
0.608921324731887
0.6204518169936641
0.6235658440029052
0.5946112439473481
0.5990976124619971
0.6110975910294776
0.5963788724000885
0.6290802874929142
0.591932638049217
0.6047091015526985
0.7737234739418579
0.8344599107280051
0.7019488126723539
0.7881150600112823
0.6802877282239765
0.6648871413449471
0.7041631090650917
0.7291043422267811
0.7916405996789909
0.7737168192275092
0.6723147674141831
0.7574503966272623
0.682985064429555
0.7153349979819217
0.7119863744159614
0.6820369613211908
0.6800013909846678
0.6890181640060711
0.6657364583336051
0.7757134996604739
0.7940060428240985
0.6725610834583795
0.756000928526414
0.7591092098594441
0.766856788534324
0.695930543748535
0.6611096155424896
0.6546280420037389
0.7754877589610397
0.7181942624526301
0.6578310631992486
0.8561970760314341
0.9406186810237419
0.7889012689739299
0.8643413722373285
0.8415437664721488
0.7177501878536374
0.8024224767109336
0.78584847238847
0.8656791108414459
0.6650984381922623
0.6693551463172083
0.8280611587781719
0.8219180232358193
0.7571225590149808
0.7297338103867144
0.6656897802210543
0.6883632088611791
0.8500145671861212
0.7961282688831276
0.6981058833313437
0.6924362684663059
0.6693428314744609
0.6563623415344539
0.7229563530602466
0.7437814399063318
0.7008547519499255
0.8219666442330619
0.7232733924231157
0.6190464075538172
0.6464688095145112
0.7989413534765768
0.7937296991053658
0.8910046570834615
0.8505059909130912
0.8748061471531634
0.8162129561795589
0.554895935882405
0.7859889781729994
0.558906549527291
0.7791103285261555
0.5486836779122044
0.7448050840669909
0.5631503930754986
0.6020403929489211
0.5766381949646233
0.7466591913729823
0.5910949674047502
0.5414750435318314
0.6058069659032375
0.5209873463237467
0.7773158887510948
0.5547661016740613
0.5414697814847584
0.532702623495456
0.5535436651878866
0.5660489444360302
0.7759267540631845
0.554846131922742
0.5261939603341559
0.5316746662007383
0.7655059863962101
0.5348866491251929
0.5549539344914736
0.529448456136197
0.7582056268215628
0.8370896530496161
0.6059535939355156
0.6469405818053608
0.6038831187484501
0.5933971190416865
0.6319208577185265
0.5619758823010655
0.48611360144241955
0.5139631844213877
0.4958981418375724
0.5285836344024035
0.5660530672698214
0.5223073097547781
0.5353112185091305
0.5571547869014448
0.5297319790671786
0.5197958195730726
0.5778190484746304
0.5530670071931207
0.5683822198803522
0.5676278788130911
0.6218477617562925
0.5598061510817207
0.5846893485188402
0.5053965873008388
0.5346523381159565
0.5198367776130561
0.5309952779539184
0.5205392857891893
0.5365181191208483
0.6516688161409835
0.6330651653079165
0.5177524343291483
0.5942234075799177
0.6338874745958355
0.588320517287518
0.5630838457438142
0.6116692300073112
0.613841145320409
0.5984418541841423
0.5461177082804162
0.514742470464197
0.48837871490443807
0.5879950909668505
0.5235313827930268
0.5995957487275254
0.4362244983500474
0.4735663314440995
0.55149084882679
0.45328717730330037
0.5652213609935886
0.5787672927855343
0.5901416922179965
0.5139110468380563
0.45616896587713573
0.447793967207578
0.6010433081481347
0.5734994418019298
0.573485869572965
0.5793279974889924
0.571711247848461
0.5082624541687963
0.40250520306311144
0.517367927346468
0.48186740953069707
0.5154637819646204
0.2773044498400933
0.45270892672175633
0.3845602415931134
0.1983484634636977
0.2847717786119078
0.38916257609868293
0.19403799617649434
0.3149614620103284
0.2508924211079472
0.24192264756412274
0.36978072390439315
0.21659080777784123
0.206377165601919
0.20427457318289066
0.20815438968245809
0.253986812945981
0.3576271186379131
0.20344508302721678
0.22611806225171763
0.20626643287152208
0.4001982967579387
0.2892789933930403
0.20114271534632805
0.2025146075658414
0.2203766632944253
0.42116529210882614
0.18838740439013058
0.21129106280934268
0.2056121843442783
0.5104801421683671
0.33769740302525814
0.4985382560905861
0.3582756647581471
0.47905534786121584
0.3598146139253256
0.31646223612408597
0.46139931645667753
0.466179064910415
0.5943270611882882
0.560586702299704
0.4277964680164787
0.4899278740332934
0.5559926660528156
0.3813511282327191
0.533383608600338
0.6264090170222374
0.5430417416023152
0.5060205608628846
0.5406085561969779
0.41779099165544664
0.501915870455176
0.44855870676696374
0.48782516663166064
0.5066231759561017
0.46747657201237386
0.5782096905801781
0.5318417289245929
0.5244164161924127
0.4954416392199581
0.6131649799638799
0.5118073096868885
0.7391158114802208
0.7647835335289747
0.8326968059369164
0.8296072731628339
0.8342891256403705
0.6491077672206643
0.9054358967493595
0.801764047951669
0.5722954138023912
0.618230943883129
0.5944118938219448
0.43191133925736797
0.4183321746355957
0.6013921916554567
0.4365878045961834
0.5300225047424416
0.5658635247127259
0.4360832134791782
0.46041995354795284
0.6095811896241128
0.46639202506933564
0.5364643289589267
0.5403770115328472
0.44561938759366415
0.4920724110292185
0.47717700646444855
0.590195632194456
0.48257804078242295
0.5793780406412784
0.5520960287162306
0.5060893746834586
0.39948996880133714
0.518645863259183
0.519118895760902
0.589357002191528
0.4230121535264455
0.5166750529149507
0.4938578202164117
0.4653283572023894
0.4932606853859911
0.46584274655262436
0.4771520785624325
0.45717489857353
0.4894982520286773
0.3609800216929063
0.4175859107693909
0.44974383962910375
0.4665935242690856
0.4504420944572446
0.47024823458235354
0.4471055583511153
0.5408681086951712
0.46345748919292606
0.4692434320807002
0.4317151345160879
0.5323505621531315
0.451728527451805
0.4610304977870384
0.42230342565806894
0.40231802883243395
0.5079988350524045
0.48033001431654365
0.4637471726555694
0.550167273191202
0.49489954776202
0.43656683007177377
0.5700593306198701
0.5833462217475578
0.5319754701823731
0.7397475784802567
0.5686340932135788
0.6484551869287352
0.7006081478828484
0.5072334353137528
0.7333098574641876
0.5128891582113073
0.6874911032723354
0.5661428883617714
0.6737693405245522
0.3995284130657336
0.5465696592061458
0.4585355867515327
0.5549826689712578
0.5707175267538207
0.4766561661625008
0.7318825872250518
0.7452461500600565
0.4621879321636106
0.5479815634867924
0.7800022376502896
0.666859370663325
0.6354955895619692
0.6337542089338712
0.3880660320213876
0.4561628679632169
0.5060572453561993
0.6376317724001277
0.4602377670027843
0.4583935584437111
0.7473097123693055
0.7974247973685176
0.7432295344764234
0.8237952454404837
0.7409728100530344
0.6908797861745113
0.6568937179418801
0.7242988643065733
0.7468622620692349
0.660024479343881
0.7917629561903549
0.7867792662610935
0.7637429763843271
0.873278944887901
0.881713211755347
0.8395977643601934
0.8154701490758358
0.8216716280415637
0.9081498113400657
0.7481412077737208
0.7669430256902852
0.8178315649724823
0.8309700863048188
0.7639021802807329
0.7859464282951203
0.8591369960771719
0.9131628728811443
0.7311817424871994
0.8202897106039051
0.8060050166007073
0.783834462028514
0.7665145617509663
0.79862766269717
0.787563936021594
0.805615766296976
0.7448792956701046
0.7576229363625437
0.8986788740989641
0.7962108003971249
0.8273305535205155
0.6977346900654086
0.7670796181397944
0.760779315586076
0.8629593592420798
0.8626906418405865
0.8865890149936753
0.8865352184169002
0.8537251808535804
0.876151204746875
0.8388070140858963
0.7123339639639192
0.7209533538107968
0.8196673917768197
0.8150863628997085
0.8599377810603491
0.7620705631506608
0.8402153583631907
0.7496527674448983
0.8412787719128678
0.7754731202514833
0.7219209553324883
0.8876822467106216
0.8416342210147671
0.8845194400313934
0.7423523418950426
0.8682029430138716
0.7673552352619916
0.8564407623637227
0.8636518588486274
0.8529867556914691
0.8799450931936449
0.7755751156450938
0.8432565384530588
0.8546282272077298
0.8460757144068818
0.8148182312250605
0.8201767863128621
0.8265360872269447
0.7658606158898511
0.8027960406859783
0.8803752358730697
0.8304294778568153
0.7933413740712363
0.8800902718661425
0.8363988122956122
0.7722688121442263
0.8128844260959089
0.7961919481934842
0.6970778574436752
0.8086906427941767
0.8163714399277175
0.669933146124161
0.8278615531618486
0.7691642392792217
0.8298464187005021
0.8347095680730061
0.627817474942993
0.7946257984577219
0.8034592645500875
0.8067997117977388
0.821093635009702
0.8333349022031897
0.8247963580256514
0.8544341020563964
0.8874313845083279
0.8714579814063084
0.7738823574268123
0.6741122534202717
0.8471928561420699
0.8206933243507136
0.8831642565370373
0.7684995226483743
0.7608045698025311
0.7990594423011255
0.7357309993130869
0.8120790536861483
0.8035980686126794
0.8133822268102366
0.691914009649631
0.8056832605989298
0.7302009956724806
0.7678673841387719
0.7109573597156231
0.6860783786115487
0.8377499487161599
0.8334023158383526
0.7429258147520703
0.8352721290415881
0.8431054763377303
0.8388312695710664
0.8727313320097697
0.8086558021249528
0.7050330012086321
0.770683009004265
0.829804431198013
0.7752889880968048
0.8506102718315496
0.6588518314895373
0.8759923330721764
0.7260790673725901
0.7750481380935998
0.8071612809399584
0.8273801563549718
0.7631922343672923
0.8564656201875348
0.8228237801259319
0.8713931371109407
0.9120729852809445
0.9060159624555971
0.8784101395950642
0.864235432857877
0.8624109478707414
0.9196899237012675
0.8414426492521435
0.7527128979077954
0.7769764870587159
0.9180686362736252
0.9125594957002214
0.8729640406102727
0.8757369426554397
0.8709713271292672
0.8996764383869558
0.8785265621282002
0.8267258188943256
0.8979584434041907
0.873160643397587
0.9154445796132803
0.8231713984855329
0.9088357989346031
0.8823210832853674
0.8729695769170882
0.8803977576653101
0.881433228820608
0.8781935269911255
0.8627476564538719
0.8692552095462154
0.7819576003465901
0.8895485564554797
0.8858899251713619
0.9084985195105468
0.8892165275813984
0.7624192263212639
0.8034528451726874
0.8609979169472418
0.8289590068191837
0.8749171634140667
0.8382490135351485
0.8246484016560162
0.795757027877761
0.8567357402293727
0.7667307986919705
0.8540636797794185
0.8270040413078262
0.8437185839468253
0.7996691510235721
0.8924236140217673
0.7866731168240692
0.8116746657312844
0.7764447912184043
0.9011873273955675
0.8487598854101016
0.8971989231614568
0.8198017227243801
0.8867237563983255
0.87542071352585
0.7713949810236176
0.8308071536766897
0.8364892790450549
0.8361723305148901
0.8128718243480093
0.7852987680186538
0.8319555615444885
0.8177821866024768
0.8209488387452666
0.746401348980694
0.7521718527122176
0.826022482734299
0.819509375085726
0.7259213767726083
0.7435081226675193
0.7999901252590382
0.8022309803735926
0.8467301366567804
0.7172571887239458
0.7122389359118209
0.8082390186900804
0.750339668693381
0.7627312344603059
0.7645453345188258
0.7419526537226814
0.8585417967927895
0.7636354023913812
0.8150675673374925
0.7582456208362361
0.8853808907142653
0.9041652802517645
0.8217077198862218
0.8729362483408559
0.892606956281387
0.890010683400773
0.8712855639316168
0.8167480877132303
0.9040820542981636
0.7698593760506824
0.7540252960901621
0.7377096159789809
0.7612686553277154
0.7267973939298493
0.6821435036941713
0.7670651697912
0.7769787493771949
0.7323538196756849
0.742314436690424
0.7379852684536314
0.7004583760810097
0.8447695886533733
0.7253331629740898
0.6995275555464373
0.6897819598417307
0.7284719693645211
0.7507680996911186
0.7704573675335108
0.7374786845007443
0.6923569972544191
0.6950269089410683
0.7458985069319786
0.7120980460853563
0.7887045624553952
0.8564069082084008
0.7498873091117098
0.8198330553959006
0.8591794650816577
0.8097303117957336
0.8282170874442947
0.8173248561000971
0.8229955232946162
0.7750950897996405
0.8559460204176192
0.8236701269603031
0.8281296946692127
0.852011711193772
0.809482821795525
0.8625105749215114
0.7941337341698235
0.8262962520346432
0.8602390318401452
0.8177923086008593
0.7858711909990437
0.8172244286172241
0.8286300281539052
0.8445714546285241
0.8917968570592418
0.8765154284509531
0.8362841990348135
0.8081428188754258
0.8382608291842707
0.9039554195312169
0.861732685076469
0.8579327394270408
0.9014408482787004
0.8159636368442094
0.8020867576306648
0.8010236541130153
0.76560840385056
0.7016384233905286
0.8571834747208676
0.7572318005117147
0.8149901398884543
0.8516092703503908
0.7327848409334502
0.6825671506824111
0.7281809757235173
0.7251184791126482
0.8074280383194599
0.6611876629705131
0.7462033675016819
0.5897756446222657
0.6899068670386489
0.668350979946634
0.7620317220816883
0.6595367528284287
0.7756210178057068
0.6755595674476769
0.7380208300898143
0.7173785553189511
0.673528360897538
0.700145373134089
0.7448597795792199
0.8132165227078667
0.6945149606832308
0.7578747237655187
0.6788148878219187
0.6630328049064003
0.7444117183440511
0.8312856525498797
0.8110766988462353
0.7818540653597699
0.7170372837642456
0.6868531511841209
0.7603879057936384
0.8064489207076208
0.8131340619620817
0.702329296770792
0.6363024392582364
0.641696068949146
0.6352557060408345
0.6290567549507012
0.7387940797831072
0.7100288361114986
0.6771915981373102
0.6780354346809754
0.7328827988120874
0.6496600395657977
0.6829831087746943
0.7445574151569734
0.7076462326995665
0.5889848129463628
0.7241431744307956
0.7252590322008448
0.6686136469905493
0.6353166141700384
0.7232764708938374
0.6654017963399599
0.679638912550255
0.7011807228031528
0.6824874786799989
0.719664343418889
0.7165012831135201
0.6351771009723753
0.6909543422820241
0.6973912367031296
0.8015182441975743
0.7434175648422163
0.7644238201098789
0.7132492306305988
0.6262627495411015
0.675130155618668
0.6224374504102216
0.6727252240555905
0.6643113762215781
0.6695137800665402
0.6249993269043987
0.6700539393097389
0.6757772040514545
0.6455233716975386
0.6813429486983381
0.6711342022892192
0.6663874555162801
0.6332084409303326
0.686499208396853
0.6713137438854884
0.6092481907141337
0.6659381707053599
0.6299335800780859
0.6731658717472168
0.6575258929181157
0.629234067214886
0.6566488660008892
0.646897404215901
0.6844821020476339
0.7465470308761488
0.73003459999466
0.6691616260844444
0.7226487475040064
0.6645878905827814
0.7793499972426094
0.6338844469603775
0.7924823163500984
0.6210902778800229
0.6519341646013441
0.6728417182601898
0.6861081067742467
0.6635941386175115
0.5762244064898308
0.6098163587472953
0.6434615170794953
0.6290436257712203
0.5946605883883932
0.6100300508061659
0.65264289570881
0.6800194365940897
0.6617386262906388
0.6159015789327522
0.590480942227266
0.6699132520813079
0.5909620742032778
0.6258066763164962
0.6166778330529397
0.6445414047514225
0.6571756862583917
0.6726942713136973
0.6360747793536901
0.6299434729634179
0.5660305934057689
0.6196253204808406
0.7276378842479815
0.754855423284329
