0.9642642851073986
0.9645804802920415
0.9763979510994286
0.9780274053250761
0.9739205419834905
0.9681400683870962
0.9559268550953841
0.9850489727732187
0.9687274604497457
0.9599003329638112
0.9638214524968869
0.9503778327296766
0.9721330418964684
0.9917125719597405
0.9828104165577959
0.9753653701471635
0.9540433810722455
0.991686148365438
0.9735467192941644
0.9791549998568305
0.9905896423712977
0.9525684242617186
0.9709050158769497
0.9665480275977527
0.9729975068237284
0.9613732701916143
0.9671556611145078
0.9573377094451918
0.9654605959349383
0.9710198201233853
0.9899825842134462
0.9865322841157669
0.9879626781804063
0.9853113952945282
0.9557543562668078
0.9819463566281093
0.9851757820420448
0.9793454185963846
0.9783573400484236
0.9826246095518922
0.9565297009272191
0.9599742954223536
0.9586291698078657
0.9866189249250351
0.9896733449767379
0.974040976148703
0.9601369954675205
0.9769891142394054
0.9620422004246763
0.9708978573553861
0.9661530670339717
0.9834702747081767
0.9574287442575685
0.9891181704429075
0.9835835206096732
0.964741996246445
0.9980149465371806
0.9689524746046132
0.9965311717007115
0.9823062925319839
0.9896684270943401
0.9889674674369583
0.9971732669602411
0.9736191369527607
0.9814839006660226
0.9874344179898344
0.9842889996433664
0.9733821293796108
0.9718844132712706
0.9848582215830775
0.9719293623651143
0.9889735027346664
0.9630708512097366
0.9635205677029697
0.9687736605525196
0.9858310793352107
0.948878499568636
0.9662059531374563
0.9625733177199207
0.9672149407972828
0.9566463115261945
0.9645411026807036
0.958059007933312
0.9466098587426295
0.9475730013840562
0.9827311442051925
0.9743267774994004
0.952752294860327
0.9702270930827164
0.9909339354737463
0.9752425375358833
0.9790989692790296
0.9909121307575101
0.9791765952810187
0.9571044221345948
0.9382676774117804
0.9295356803280671
0.9524060914560476
0.9568821379386843
0.9545897318467336
0.9520099985348679
0.9463466494495342
0.9521235800887141
0.944851284061555
0.9673837484237724
0.9360589840937084
0.9457957002686417
0.9509618087128341
0.9525678950685956
0.9527375779961773
0.9455948192514477
0.9636050935706635
0.9480770769498247
0.9486127173753462
0.9557973900541105
0.9544119674330553
0.9672479365276685
0.9594652263907664
0.9643212554991034
0.957236877179322
0.9557186679897951
0.9712127952641033
0.9616682536369926
0.970671927326602
0.948183877238212
0.9488571767218821
0.9658946425983423
0.9409768914013283
0.9473075698425792
0.9445506150375111
0.9675931987520809
0.9477747719278292
0.9622941434073569
0.9625595577399383
0.9676703980505572
0.9637757365864174
0.9430950606696105
0.9590955137638253
0.968562730502801
0.9480470332452235
0.9539056250901288
0.9437257105441089
0.9399072728221243
0.9444681756840085
0.9705589762707902
0.9928298957174095
0.9876550771446613
0.9764562415350507
0.9737940898465308
0.9796061545879922
0.9761061392555125
0.9761664240245964
0.9777159637699555
0.9641762581634292
0.9729691036530357
0.9771788158303327
0.9416811064368353
0.9485789743808948
0.9638374116657469
0.9587742761834543
0.9541581712429295
0.940860734513364
0.9312198362090337
0.9697448689628589
0.9669516532597873
0.9325297949013778
0.9468003783950167
0.956717535618882
0.9397400372970742
0.9383534953610928
0.9413691954340472
0.9390182676843335
0.9387164364441817
0.9729307018700688
0.9601134653772121
0.9771375756560337
0.9746799672101578
0.9998241810672033
0.9688237764190142
0.9638850680410691
0.9749019651597555
0.9951033998715197
0.9863359509530252
0.9745841327377751
0.9671451525669863
0.9708199247975884
0.9947523991718932
0.9809795323726489
0.9039407186523503
0.9578352404401682
0.9733906900093781
0.9505136076558324
0.9513032573632294
0.964533666317708
0.9250953477989063
0.9345840314799164
0.966545104649107
0.9700555942476994
0.9789888000592031
0.9703480458009199
0.944581232298288
0.9743870759809984
0.9325784271314379
0.9713842703756711
0.9624037179373275
0.9723857531040324
0.9960692098664231
0.9501731112890751
0.9781710704654953
0.9858741078483251
0.970672629877244
0.9908961180782478
0.9640794430834003
0.9743803181510995
0.9753862936922819
0.9330121553363337
0.9115268603217677
0.9240008421996437
0.9300206475743225
0.9160954670435775
0.909151292246183
0.906484462510025
0.9297696355854606
0.902170370283749
0.9159778360059978
0.9052158828362629
0.900257194162013
0.9226763708699443
0.9072771405761857
0.9117791815402765
0.9101491381659027
0.8828643899638569
0.9191114260071873
0.897310517815793
0.8986257118719057
0.9164109067297562
0.9114833716965433
0.8699918793972565
0.973519538443048
0.9786994388685604
0.9472919624040661
0.9590691125148827
0.9061184183362977
0.9737034410037091
0.9687244581294444
0.9635768465148187
0.9458747359372142
0.9334050669547881
0.9228358716389357
0.9117615733311433
0.9134340314458567
0.8995570532591513
0.9325865320710474
0.8757656791699029
0.8884433466825699
0.8355852989293288
0.8741088778122372
0.9180530553388869
0.8614589445925588
0.8504117748760955
0.8915454957683002
0.8878368872720105
0.919764300494155
0.9067232195538734
0.875656784544659
0.945326481776636
0.9650915377421017
0.9158803513491971
0.9427454395946395
0.9555646894438489
0.9418758679193084
0.9405425798987561
0.9564253772046122
0.9546554275633117
0.9724930291078513
0.9453408160493542
0.9714858500305632
0.959955785780002
0.9630466217869627
0.9634312692003537
0.9704665875368632
0.9068255273829158
0.8464753059215389
0.8963621259197961
0.866657455572033
0.8977652321682108
0.9037973341730128
0.9148024249981297
0.8805172215348817
0.8749853119587636
0.9302954254445746
0.9246490400329879
0.8520869906811522
0.8645156455149808
0.8678580764351462
0.9016277006145411
0.9166804361439035
0.8750732529138234
0.8621041019371839
0.8494160869000693
0.9213512244363771
0.9090053730720951
0.9389291429269591
0.9051830485509507
0.8934534309536134
0.988430442229888
0.9392596033540266
0.9614898842274407
0.9318289295120032
0.9768302873369035
0.8860629196579918
0.7932440129652465
0.7017382987064702
0.834411771900393
0.7347543611196035
0.718417962747907
0.8271608046574507
0.7546492795043801
0.729894567568915
0.6971062901873273
0.651867811054698
0.8267497418093847
0.6850925076893936
0.7792655236105761
0.7770863422744627
0.7075181297134098
0.8547183206583893
0.7457099000061707
0.8559192702190059
0.8241726094241013
0.694065569563481
0.6610088267132762
0.8372715087884295
0.6954944901524145
0.691278283831664
0.6520384218406883
0.7324439315458603
0.81807886686672
0.9513215669032219
0.6772069371627731
0.7766294299656915
0.872125260193311
0.6272782634914665
0.6214460968745872
0.6827127853212552
0.5878331822892717
0.596505153580764
0.6081600827174336
0.642087689303205
0.6644985858428292
0.6374012844722964
0.5848899744721044
0.5939042846312425
0.6140005928759074
0.60281086820106
0.5901005404283759
0.6033878605065355
0.5811674745241531
0.6309134304566166
0.5970410260892803
0.6113818655126364
0.852468584935457
0.8954623981732508
0.6781156308406504
0.9143703789312406
0.8157614283961412
0.698349898320511
0.7623665521551202
0.8038622741722856
0.8250668665731427
0.9597230483363484
0.8164837091286965
0.828820329649752
0.7570841248914647
0.7732206252992214
0.7948426115427107
0.6849990405390298
0.7851861609689303
0.7199605927371555
0.7410013132220777
0.8259351746112586
0.8314331100522087
0.7825963588492071
0.8036556817133543
0.8162741592554763
0.8207055412457512
0.7860238908467961
0.7124539711941056
0.6966350479457007
0.8119407803375797
0.7582110560624145
0.6682479446685049
0.8983170287360727
0.9637283596106837
0.8458304322705781
0.9247402136594929
0.9632727656982143
0.9558406777607982
0.934083855967746
0.9347654966060697
0.9959077383610626
0.9163403139644298
0.9103813276931025
0.9809522593783895
0.9368388665407757
0.9267587829324329
0.7868761370592331
0.7937667898714866
0.8990669631878192
0.9296355032899157
0.9437350451726635
0.7928657463818515
0.7815291609002284
0.8747214069826783
0.7544255060820749
0.8871384639121926
0.8131060341480822
0.8992098788326659
0.895019421232324
0.8894860524597354
0.7565720772459663
0.7921982656592448
0.9041699640983692
0.8537743012132025
0.9703037679619337
0.9460167608756038
0.9528319860238129
0.9360927499700835
0.9129473989186649
0.911568155948538
0.9915003168456588
0.964968546766835
0.8752307999289841
0.9570147393395094
0.9860690959009482
0.9692994516713087
0.94802904732281
0.8613074293429095
0.7947721639804741
0.8518932909519397
0.8318019058603014
0.8722333475394771
0.8030434870578456
0.8121550659648613
0.8688906418977063
0.8864954474026487
0.8813654674051519
0.818175830618995
0.8076030082187298
0.8166277171613477
0.8669500584750498
0.8269313879705016
0.8629983942433179
0.8139529096189972
0.7988784544854552
0.8256676042896303
0.8701845935305561
0.9660413426986368
0.862983427467521
0.9093332388185227
0.8472359898974455
0.8208415991102238
0.8532890369404824
0.9149264275461539
0.9225663251252345
0.9392720493405061
0.9339543624591701
0.919377279930778
0.8884359989732624
0.5479470583920965
0.8363408983377888
0.5639143197415859
0.7807311208778169
0.6000762415473396
0.7679397745680641
0.5577583378659334
0.6099519968940825
0.6412404753625779
0.8628582359094454
0.6766160826537118
0.5944975419585055
0.6481302481780896
0.6924770885002856
0.788770083935945
0.5494379902769648
0.5490171849936233
0.6007247475015973
0.6692594924909421
0.8327795471615356
0.8805169777432531
0.6590277648143318
0.6719117389627739
0.7958862393839379
0.953107073412603
0.6909182703005056
0.634341239558285
0.6761769177439523
0.7825332905219118
0.9525387010352846
0.7930687162742234
0.7240134863759244
0.7164661439367308
0.5240430134563817
0.6827713986969239
0.548811083248429
0.46876024883134493
0.4454154081368611
0.5271176426740891
0.5223086184582613
0.6329261223228717
0.5707514228779587
0.5359161263666044
0.7147967921403606
0.6348782755427018
0.5688073958958764
0.6660464487462149
0.6634752870234555
0.4998498699486179
0.4453920226999492
0.9957641289506787
0.7738712670450937
0.6626258790160422
0.7673663120212646
0.8986998806706231
0.7755709685123015
0.9290144258570081
0.7974636797017309
0.8827250928867764
0.8394826948617756
0.7060611331656798
0.6515178477184087
0.8392015000034598
0.9601282673216648
0.646398165057517
0.37026888852422524
0.37924079841605673
0.3752273820209005
0.4130410816804424
0.37538209419701707
0.5112403001776791
0.30451721557036615
0.40378128530559
0.2589515376229845
0.5059251468740646
0.5286995667111085
0.29015243692151627
0.27393856895120106
0.5139379021867516
0.44693677353457695
0.34153762212338934
0.3985533485470112
0.2949581604274052
0.5814470993269429
0.626686276990997
0.6323109293860565
0.4389493427550297
0.7758933415586917
0.3867689014880096
0.3877347635421261
0.3276886310672739
0.5119540882492922
0.7096500301297533
0.548746495120541
0.469914325568119
0.35376179476499725
0.39251636865353123
0.43575237404690825
0.4654190029545662
0.627210928248471
0.269647800522397
0.30141814498986724
0.5473231986258791
0.3091148014490556
0.3539661488747784
0.31746405904611263
0.2888825836291968
0.33687105435249054
0.28375328368429587
0.23235717878861023
0.4189352576842141
0.4183328015669466
0.28407718860862335
0.28478109005388785
0.3668815977333266
0.8686437473335273
0.8797701000848968
0.7977761000479304
0.8058191191559947
0.8112530036887837
0.8359702540235381
0.8782612127267805
0.7584844277891344
0.9124906117347874
0.7395581109804611
0.6390787270927296
0.9157720710105879
0.8590825636864717
0.6847969712685338
0.9050839538494648
0.8081130247479513
0.7843754853435405
0.8177733871877453
0.8878679884527381
0.5701445527780725
0.8772534043331615
0.7506432068295965
0.6410022814279863
0.8678476997132742
0.5557511045403651
0.9046578675731053
0.6742381968838826
0.777705330802011
0.6132156013394653
0.8582069559405817
0.6993062123160548
0.8602807956953054
0.7878970300611967
0.6544707515440471
0.8911012738831022
0.5563041984386135
0.5266774185138937
0.9944407708620061
0.7657552943059337
0.5497899469939118
0.5589509819617554
0.6732676671916713
0.6950693828505363
0.8393656659808162
0.8330965524158529
0.879926479486498
0.5928742504508976
0.893783086496714
0.9285975327138116
0.576546224878279
0.4852516053792407
0.49385049892365257
0.470141486603282
0.3830591459378738
0.4801284368256902
0.5023965301454635
0.46076279273081366
0.457480056008712
0.4382494984638268
0.47744919509626477
0.5030699235634399
0.47363988118703815
0.5182035612957181
0.5839185891496174
0.4827647381020397
0.4585302367012629
0.5421219516567466
0.6942628314230764
0.4970929772173053
0.7056947580382834
0.5036755541030123
0.6834253689412573
0.539259164551132
0.5860069036244042
0.940378131447975
0.6187531283061216
0.7077512864873106
0.7779355543533104
0.6788330531176181
0.50216374803482
0.6779918069544367
0.566893056479912
0.5859134387628768
0.5824730454587452
0.5265268961922468
0.7513573400859754
0.761479736250408
0.5512527080158143
0.5488113276131854
0.7684822222479362
0.6653916984117554
0.6914064107479951
0.5911366332480283
0.5238000733318205
0.5023133683100498
0.5965487941866141
0.6838217405531878
0.5493285552018345
0.5127120807431349
0.7494202235777979
0.7585678647311765
0.7949998805385283
0.825708730512221
0.9334101132043963
0.7473359530114664
0.8369761439701735
0.7894598142022555
0.8049326700311865
0.7028100343700556
0.6492130955454518
0.7308473626478885
0.6545867691811721
0.7689418248637014
0.740770691990343
0.8683649190313395
0.8263083185500611
0.8714207990126841
0.7748258555262562
0.7148447391841286
0.7534402196519234
0.7397237472381367
0.7817078454300352
0.8387205403821161
0.7773982861934087
0.7586259243631688
0.7926023716866629
0.7296323210744695
0.7788078195287086
0.7701234572662758
0.7621261554547459
0.7422071426667487
0.7959679399159354
0.7816299767136403
0.7599196663344223
0.684232090463817
0.8167116109388671
0.8134503634246968
0.661687699232349
0.776317806378084
0.7770923682545335
0.8070566932440649
0.6554776376657185
0.6623684653319241
0.743318350452113
0.7581473210952202
0.9476641033565119
0.8110332066874666
0.8256753980657834
0.7799180539733558
0.9124842457652196
0.809249072654609
0.8047590872501282
0.7862873030345647
0.7821940962217753
0.7949626096531676
0.8019960380280236
0.7122762795023845
0.8447927845542615
0.8769268383600684
0.8936802986161488
0.8637118545906028
0.7024300505483316
0.8870007447027031
0.8714389897114542
0.8184313587816537
0.8821502474125117
0.7944436389786989
0.748285725436136
0.7247009098073942
0.793803015706352
0.7008603720638171
0.7344274449577477
0.7274766099724013
0.8114154284492203
0.8022427792585978
0.8026638501180787
0.7262681909009379
0.7151316734711217
0.8179330091917801
0.8185416000663367
0.7165907967972924
0.7546657422213192
0.7967781392811335
0.7396244664260766
0.7678549059200892
0.7993531155977041
0.7976903834711854
0.740700260008076
0.7657505947901071
0.7992077286821397
0.6706766578563662
0.8558902741271074
0.7219094250634465
0.7483805579709464
0.7531371104279841
0.7474516586409296
0.7577057012936226
0.7768909802220869
0.8097587438965883
0.7795930332816808
0.8798214819985066
0.9127848398436519
0.811493512793419
0.9282516071253908
0.8060483375102936
0.7316647044278674
0.839141626309523
0.836639078481637
0.8285027538974192
0.8793725191820494
0.8167122884734416
0.8614397400550179
0.7540585255683716
0.8220759131555353
0.7389749170809552
0.8425603028475706
0.8312133891979954
0.8899617755424389
0.8739594990248012
0.6656789105681544
0.8275604026695986
0.7131427969511253
0.6983535815390338
0.8219899942860233
0.8939736848448965
0.7590171690124774
0.8754958005680162
0.8970144952426604
0.734269989894416
0.8966492009456934
0.714038644436533
0.7408248407134632
0.7520776514716015
0.9517533429888002
0.8682845447961783
0.7888060180399235
0.7445513409938782
0.7344575117098202
0.8727797556525962
0.9149336892714021
0.729545763291201
0.8590586073885587
0.8558772337344396
0.8949294216422427
0.8573753952734666
0.8487235392910044
0.9093831462514168
0.7845867508850162
0.8491260737732115
0.8535544910220334
0.8415185263414777
0.7242759344207559
0.7825297069389618
0.7935840179945275
0.7222602407797294
0.7960778007043576
0.8655433329122897
0.8499775210823022
0.8089873099068445
0.8241948390489884
0.8743367494235923
0.7941968376090123
0.8440733919603643
0.8160043695020421
0.8489000074681663
0.844595109874742
0.8080033623193942
0.7028356396063531
0.8802017783733908
0.7549363960696809
0.8596292951471645
0.7655825795381412
0.7836799923264574
0.8012929829713
0.829566457336656
0.8003742841026431
0.8892064026281653
0.6730755311507457
0.8988318618984229
0.7804396995384206
0.6320535142164472
0.7010583720420429
0.7937226448884168
0.867556476704201
0.871978651738831
0.7761306775558434
0.7496806420941096
0.8854865569857411
0.8201223184549142
0.7480745442660556
0.7694444239445399
0.8347479480994191
0.8762906403503311
0.8662225435890571
0.7698390421609954
0.8938123845485014
0.9098279892201415
0.8123098966663208
0.9100598147941228
0.8885747891308835
0.8842828603210464
0.8601582279884874
0.9221935920030434
0.7877724954384568
0.8716909933164528
0.8788246938219393
0.8869591558339078
0.918200804602938
0.7716978678854911
0.832395662737988
0.8118572393172733
0.7968026573145781
0.8807161994702803
0.8854445067992455
0.9384671552039767
0.8661138683426187
0.8036369651180697
0.8815973346873652
0.8742873174353041
0.7844105269944395
0.9111458452936758
0.9245373525672289
0.7237317174637898
0.7909631200029421
0.8258148213111192
0.8689294238910773
0.8584959778929893
0.8925116970896889
0.9280487955475245
0.8164808460670894
0.8838675685983144
0.8386439100951492
0.8990510598529693
0.7881109451983668
0.869033392353538
0.9248798120457175
0.8431244286066835
0.8135996560415255
0.8028548542880692
0.8849345907414852
0.8371696927229101
0.9052799823380453
0.9108256522048559
0.848066516953442
0.8835156978339607
0.865209222170089
0.9244656116630985
0.8611191844104504
0.9251781304226692
0.845665678576339
0.9033027911922739
0.9206086700308529
0.7847759203011867
0.8227661370859277
0.8646377309454853
0.8659679964001109
0.9071028450102712
0.8727218850953542
0.8273032987563662
0.793678102129999
0.7442113731706597
0.8134178053552228
0.8993199924539301
0.8480676389788538
0.774852262372309
0.8777492099238727
0.7844606145981674
0.8098941172978762
0.912367048612121
0.7742163367548847
0.8666381898305929
0.7518324191883341
0.9033262267627934
0.8884141303180615
0.7817279457114467
0.8484816035182876
0.8898336501837479
0.8681955298655195
0.8788625130083796
0.8557783213083561
0.8286016718913474
0.8911862614827519
0.7923654989728357
0.8660966806768178
0.8602922724791158
0.826008634605802
0.8516432674773224
0.809769304090673
0.8437110211677439
0.8801790186483911
0.8338589312806874
0.8451365199365819
0.7547702672673942
0.8358492682373129
0.8640560704505926
0.7579820956908268
0.8413688978045799
0.7800599570835223
0.8518201279656789
0.8525652698279667
0.7643656652245834
0.7425433481949453
0.7747578112439766
0.6801651371940914
0.8265521726101557
0.8121022761689267
0.7371161662961915
0.823495796742979
0.7707651111188271
0.9645929481545055
0.7609376529571621
0.7320056078346437
0.749117909100134
0.736949133117897
0.7397346618787377
0.6476053623302516
0.7622376137882697
0.7236440257903989
0.8247720012368056
0.7687921528576747
0.8019619169417427
0.7577201108195709
0.8024286737089886
0.8591492578383757
0.7680740930008843
0.8063799023669264
0.7803312636370109
0.8403992572488677
0.8349343857301236
0.810588047026183
0.7336356805506968
0.8134055712029938
0.7690246167276662
0.8367383863150627
0.837454299095707
0.8318417549159438
0.74776881531983
0.8037054337635592
0.9685405201341244
0.865339699818808
0.8313333464657005
0.8353468479856112
0.7191124401468019
0.7097093880427283
0.817053883827094
0.8073239697809774
0.8436726795935782
0.8197786646542193
0.9031888595980936
0.7727962241936877
0.8105883444992708
0.804874005906833
0.7337301486838264
0.8310640079788597
0.7488159451086713
0.7047509789382962
0.7843248695390816
0.8145536434190634
0.701681659473828
0.725682562224454
0.7500398836503124
0.8166930837382448
0.7136123792924478
0.8151272144060657
0.7106431222164591
0.7947183201200636
0.8388387378041545
0.7992353291284805
0.8844131474316331
0.8426434260846947
0.9032121479500299
0.8380867310257534
0.8154208502546249
0.8852066707474762
0.9035775444031633
0.8727560341970724
0.8830401427163842
0.8605603483679255
0.8347920144424574
0.829055301582575
0.9215978817246483
0.8994527666748128
0.6746979963534527
0.6928466949593333
0.7352223274886807
0.6606517187813079
0.6330487776426638
0.792065579433262
0.697215862868058
0.6387062883381021
0.6967273005526302
0.7997543315679418
0.6940521752401976
0.7392190181887355
0.8261463728429568
0.7773773466298031
0.6498888022931613
0.7899496705534945
0.730356927826917
0.772379356413871
0.8861988009260746
0.8328300731005321
0.774921315936056
0.8514198450955214
0.9225769446585287
0.6765874560910903
0.9503023400503234
0.9103910961291807
0.8488914190901062
0.801290622623527
0.8889162357119458
0.9023834301218898
0.9355380107458573
0.8900200475226439
0.9158122233221145
0.7493005267730403
0.6676915173360001
0.5843158040890051
0.6707824982601205
0.6694242918022771
0.6765004616446356
0.69748579747799
0.8031604442330682
0.6550919319833838
0.6221079202691255
0.7101344617240837
0.7699230986466608
0.7247418485928971
0.7898257862888685
0.7349314601178998
0.6101300660787577
0.634689538147801
0.7890909901693193
0.7898859004745278
0.8996536889489481
0.9585529999096587
0.9079221887589763
0.8558213063644808
0.8061298063031954
0.7905050436704891
0.9368800048578868
0.8055703512075537
0.8823651855294075
0.8175636075818107
0.742630597369144
0.8177648993065341
0.8018672917461428
0.8590018705602751
0.6333042691383042
0.6807170378812413
0.771741104170707
0.738330515401628
0.7771860467159666
0.6047047239199946
0.5669627645269821
0.6784233085615574
0.6617760259965841
0.5873407021985819
0.7384870384022444
0.7729998566759273
0.7678464259413147
0.6694801883450914
0.6869605118492814
0.6129819964808307
0.7672454720992676
0.6788272563133403
0.8001303768553
0.8114192745637222
0.7856983418962327
0.854196586298114
0.8565402491155635
0.8138295084464724
0.6981312486216732
0.727603271093735
0.786151623152662
0.8862954860062113
0.8383308196789047
