0.9901057606561048
0.9747316329633229
0.997432601064471
0.9846821604569891
0.9879569071992522
0.9559006135872391
0.9656775501787875
0.983407423675233
0.9788246610303499
0.9936686147321856
0.9966453833874933
0.9949827886578954
0.9797089408166293
0.9955979107398119
0.9683198446088546
0.9721464982146817
0.9604399829893049
0.9966305093868795
0.9795478306746548
0.9799896600255349
0.9686558439371202
0.9514956583662828
0.9661739145723587
0.9652833008550158
0.9558420595371976
0.9586698449258885
0.9928216088070845
0.9806095670987027
0.9660488158427138
0.9685626603078559
0.990564144835644
0.9795295363757948
0.9880124031822326
0.9813555320329425
0.9574322327407923
0.9805902475153107
0.9841462791982232
0.9710748838811449
0.9776738388653975
0.9813454005360631
0.9576744877911668
0.9616371572370005
0.9797597071224989
0.9859113266344193
0.9897487459431786
0.9728997301788755
0.960787077642023
0.9714180618052997
0.9622482035669048
0.9701131274684747
0.9700590333764846
0.98361270272366
0.9582545506934633
0.9867252232827939
0.9825589807703363
0.9649387888915681
0.9960964001725625
0.9707512128481568
0.9943704889383574
0.9942766484983605
0.9829995368752037
0.9968874715606687
0.998228442215953
0.9721726700500442
0.9828572359910632
0.9940973421067296
0.9997008976565069
0.9898784790391493
0.992350363046006
0.9987801332430079
0.9898056416408268
0.998748112373053
0.9889671947274995
0.9988831388481141
0.9732408650014507
0.9988064032372812
0.9968359620821388
0.9988528490659871
0.9865395902921335
0.9704593756512748
0.9763365031106231
0.9828849662634865
0.9843036610826718
0.9788943415674988
0.9816982755097479
0.9753261437284572
0.9718178120160003
0.966300693069263
0.9935793271998323
0.9624813809234622
0.9759490559901334
0.9818569181538519
0.9677512255719729
0.9662226534608757
0.9720666576772661
0.9695541294881257
0.9507828265178164
0.9663310769619071
0.9771736197061598
0.9714357766260613
0.9619540628650798
0.9666721319230464
0.9885177744805798
0.9669916424463646
0.9790754768641989
0.9924239687740701
0.9762168776372042
0.959462383913132
0.936033905556982
0.941156561575228
0.9467581040706547
0.9663722379754012
0.956550482808886
0.9509548509725789
0.9484959955125727
0.9560608015314328
0.9576269029345486
0.9757709172259923
0.9638256599402154
0.957229093933769
0.9713547255849571
0.9668621478246742
0.9712350445351757
0.9726957183716253
0.9676242687237455
0.9572862227768907
0.9782546263486883
0.9749485937904456
0.9487117962770979
0.9637548744942206
0.9638244104477173
0.9606913264776039
0.9673792534225729
0.9870682173332134
0.9728127632165946
0.9582631542172123
0.9731458970309472
0.9740999737283655
0.9614539917578317
0.950881094983651
0.945465254471293
0.9473968817613807
0.94198279331617
0.9538178529095087
0.9660189763934863
0.9763913880098485
0.9948120960838149
0.9731150859381527
0.9789139566537766
0.9741079335754976
0.972394379238421
0.95744602849121
0.977503745190299
0.9769686735513547
0.9724490608683538
0.992377131841081
0.9745267144091295
0.9780470872367207
0.9827183946517213
0.9816034810506788
0.9802584540657122
0.972932121390244
0.9778961156460069
0.9746594687387409
0.9757249011115823
0.9766829209594718
0.9701044038805954
0.9694204996009101
0.977707247887308
0.9403868826547764
0.9311086644678701
0.9580024778789347
0.9405174763114087
0.9650789013936839
0.9372750600973593
0.961901616136743
0.9749725626273027
0.9924782974683325
0.9661446239345461
0.974786879446579
0.9721010683826621
0.969567878560545
0.9697514560518581
0.9766719967392378
0.9638126116122133
0.966063641342629
0.9995538783353524
0.9900250261465855
0.9739481686948466
0.9936826140425405
0.9946565750426546
0.9704897192094568
0.9693223602602365
0.972807528378306
0.9900308728010183
0.969546953020217
0.9712894514959883
0.9712724210848247
0.9975298843124105
0.9843674199143415
0.9765350893744028
0.9362381305050342
0.9576282794581723
0.9526998902036716
0.9313210743498439
0.9774830655843934
0.9787043266476616
0.9180898334309735
0.9658059480116634
0.9869433266931505
0.9789321194524219
0.9955254729738351
0.978936138984425
0.9466635437401886
0.9760447918252816
0.9248707374326994
0.9780286122729156
0.9781518899227967
0.9873372060339991
0.9865243216514332
0.9608575492516014
0.9712576374786078
0.9892761902907832
0.9783039861943029
0.9765282030684861
0.9808660168967781
0.9748114886983796
0.9751044777108396
0.9327150530424336
0.9172580876478513
0.9324486586894994
0.9326711576364013
0.9191655763132343
0.9013420393905645
0.9063878148769147
0.9233466015884647
0.8977089224218542
0.9076887421929454
0.9652743821375717
0.9610794890052802
0.9527639165368113
0.984975423652811
0.9413535096965089
0.9669775031854168
0.9709612819139143
0.9672469344052296
0.9132224750689012
0.9190239746125406
0.9332690604557309
0.9286655096672497
0.9509088429411852
0.9303875516214247
0.9928959452985187
0.929316428370011
0.9130572656927665
0.9058766518534065
0.9367970012576995
0.9478305704255583
0.9339285345805892
0.9499721918771238
0.9462331088208669
0.9323681223342499
0.9427195730795057
0.8772676599174127
0.9047582734262758
0.9272539309034087
0.9563577264313936
0.9524488809830707
0.9132067677990148
0.9567913864582965
0.9697797321159352
0.9490306702992893
0.9476550862019186
0.9592160152496441
0.9557321105123038
0.9706925874076273
0.9549706326140974
0.9440924921287326
0.9666941309316962
0.9699354758753622
0.9444482117675976
0.9701332795405442
0.9598941944837733
0.9383231953475155
0.961228449056503
0.9571647199564529
0.9501550484382044
0.9694116550336116
0.9497051374340606
0.9673697940529992
0.9679028220921014
0.9678779493657113
0.9655362444337883
0.9659661819327374
0.9069452003457668
0.8491665511585285
0.8688960315202202
0.850425065151762
0.9017522828097736
0.9075440820416758
0.9731613269104393
0.8857409966170342
0.9425353058870872
0.9425351147839309
0.9137050129318748
0.9073919035915483
0.9149780178678268
0.9194062975261194
0.9545399612351325
0.9900719670791549
0.889927713615695
0.8642652472367179
0.8683292469768074
0.8630004525067839
0.9663290839245355
0.8864170735199189
0.8770602894385106
0.974775224995226
0.9065337958768016
0.9089583031793167
0.9982168924127802
0.9402275909588916
0.9078009026139402
0.9594130732420939
0.8058661117814222
0.6662920500297966
0.8473334541420441
0.7353917175771427
0.7111543499691675
0.830806853741548
0.7859679399363498
0.699027524566185
0.7196189425569763
0.6619510914432749
0.9067281280835008
0.6600291358584718
0.7772145550773526
0.7281147934078449
0.7412775803227136
0.9133655845097142
0.7103342474845179
0.8284321666430965
0.9500064997097999
0.6735367831649808
0.6816912967127479
0.7473261456160863
0.6698147306913135
0.6691900715310486
0.6836868189644241
0.8407448082284371
0.9563682670604219
0.8700818481189656
0.6815666675997242
0.862704646172842
0.9231487491016868
0.5674976576822579
0.6043079579724014
0.6571935155754238
0.6114338616899396
0.5950747678114641
0.6154072774217181
0.7623029422818912
0.8369820385136184
0.6930426965498416
0.8003617065946026
0.8314128493505484
0.7186157540388028
0.7615989584339161
0.8124811481720624
0.8139963203957311
0.885895663483586
0.7337343720672336
0.8217857563269972
0.7582765163005898
0.8858882657344145
0.826108727555414
0.6708644411704149
0.9041398839436149
0.6943383768247938
0.7083029767265626
0.8524915204028894
0.8356780088206721
0.7829116290130907
0.8992348976422647
0.9530897056497575
0.8322342021538638
0.7838622456381716
0.7215649687011003
0.6763282208783015
0.8124447954935821
0.763966689518753
0.6872552313771241
0.9002126044027254
0.9612995858533512
0.8324281619021962
0.9183557114913368
0.9846809993026571
0.9579872888133316
0.9333901292463024
0.9523574402586992
0.9969832009022331
0.9064526925384382
0.9218300861958106
0.9820427091490305
0.9656169371282772
0.9207739994044296
0.9523194258844118
0.9087427648638431
0.948801031690444
0.9661590837412415
0.9575288833912446
0.8497910356767328
0.8759177877537399
0.9219503244524294
0.8459164304618854
0.9271220667110625
0.8807893590856686
0.9112635765730692
0.9870756041994444
0.739501905350301
0.7428653324843713
0.7830320447533543
0.898589614121604
0.919179319863527
0.9575897295684594
0.8840477859833009
0.9505135850117631
0.9302063280007618
0.9613306635333099
0.946032570358215
0.9935582336603497
0.9320833298216795
0.9671952544905036
0.9246049431632875
0.9678096443808266
0.9765720143114188
0.9244572218868825
0.9608575496237968
0.9630757752841705
0.9485034740897322
0.9321109524300548
0.8914973536664883
0.9123643079815617
0.9836347039333578
0.9595002807883783
0.8523626617490612
0.9732770531907251
0.9872187169649776
0.964053290350287
0.9614244499928488
0.8642317491373859
0.7620521560406253
0.8757066855599309
0.834130278078776
0.9119901634629664
0.7804814451291631
0.8654521462306968
0.9366766325719718
0.9564620659937092
0.9092325470788039
0.8291078737473999
0.8365981156629223
0.895966744002895
0.9292636540256052
0.9079075284957641
0.9190202195029731
0.8767669639243892
0.8105538969195522
0.9011667135018849
0.8521676076660003
0.9550998160501225
0.8555995310679766
0.8834997726106122
0.8888680064008585
0.8076775235968036
0.7870275620223772
0.9097833118239576
0.920842125352134
0.9715255448301316
0.965032764099765
0.920131265706428
0.849154692255365
0.6588921673525497
0.8037816013819112
0.5551054947043721
0.7823025160416951
0.5781315660280024
0.8556286139218847
0.8332719792843076
0.7122160409359835
0.7027423567199116
0.8709826606789355
0.8244045957831853
0.7861422880189098
0.751845378320882
0.6605595112250884
0.8774541640865615
0.7239189680246665
0.7549669528587492
0.7824934057657768
0.6657322098579664
0.674418167205084
0.8801787901910998
0.6785001612488669
0.810434418214994
0.6690982025532566
0.9059402840517642
0.6863596851414056
0.6882653455776347
0.6904484960548312
0.7629325579965963
0.9856276527258676
0.7750324291800325
0.7392816304809653
0.7155033053952222
0.503365002783863
0.6674086838157973
0.4958140879845264
0.5153227586212585
0.7934275438259872
0.6937450722625589
0.8256788403125398
0.8274157644828983
0.9121676717809915
0.5683884084584778
0.9760725495287715
0.9353106601299975
0.8461310816908696
0.8485855223868803
0.9488513284482781
0.592929375225135
0.5159967083654748
0.9672563500170082
0.7913704886580175
0.6859364250353925
0.912763707874616
0.8392240755693554
0.9161509019413491
0.9316981955604694
0.680488189413784
0.9586379572962473
0.9632183650308845
0.7875779775680283
0.6197673158459096
0.9139962111397785
0.9898485847325289
0.7545283439467769
0.3831538596863211
0.5152375322225965
0.35038935827020756
0.38613759442767487
0.38392409878784384
0.7959339222724717
0.38595793851255744
0.8064550019556003
0.3889620403411512
0.7467827697454728
0.7942937446235661
0.41873436937496733
0.3420480130007867
0.7316904021831545
0.6303682207240797
0.40561903387175857
0.5181511650986917
0.3722096266002577
0.37690266455667365
0.567451578623176
0.6257651881895832
0.6731197037362762
0.5377971544391263
0.37760201874201976
0.532284558483272
0.35186594235526225
0.5126409184005025
0.49133584640212763
0.6067739134431018
0.5564917642321756
0.3462648811923492
0.3289008647618451
0.6257760827668908
0.41496329622808314
0.37112181316881354
0.277062583502261
0.40016156040799966
0.8965234654980199
0.8383240126196523
0.8505107037209885
0.8025175334260983
0.8255587271687442
0.7890230476105569
0.8839854513417977
0.7520234007142397
0.9365249926940806
0.7166041338450715
0.5782815306803227
0.8947458967760091
0.8739957605344186
0.6586316176865182
0.911096057672482
0.8239232738300797
0.7869716751240343
0.8717381161974889
0.9281888581960164
0.672671847957631
0.8155919025978866
0.8557706911514696
0.7148154825951676
0.9160589193607724
0.9765533367584306
0.9016931041067278
0.8871571933778297
0.8752820241811876
0.6612995664022843
0.8149203811468648
0.8352618701227966
0.865377355880049
0.6305426414246307
0.8550169306116788
0.8253440289831676
0.6313864475424411
0.8419437409849886
0.6208907438618871
0.9154392028165111
0.6211451669700854
0.7040848243583127
0.6236518192771536
0.8668516130812727
0.6657982592528153
0.8506586344010254
0.8146265812232691
0.6456746902606918
0.8058878554562294
0.5696146663539309
0.5604906957935558
0.9045648841362706
0.8658943350692185
0.541321150525593
0.550676084622135
0.6742452314310459
0.778408693508138
0.8321538909934922
0.8337902299984861
0.7980717499228314
0.6042925442172291
0.9709732601875491
0.8891995252668894
0.5322384927773347
0.5012174051546235
0.4844973298720285
0.45659542066710535
0.48373325687279417
0.5233567584983378
0.5024513074579691
0.6756163547242957
0.5123328269118599
0.5663457393580074
0.6460819479310375
0.5151259502229399
0.8124641955323633
0.6294298789848535
0.8359055198788994
0.5798411894668387
0.6248476296841432
0.4985577853831832
0.8483560314368119
0.5056162071642629
0.552013790494214
0.5928103082274794
0.6362459992716368
0.624031432335153
0.9118640127855575
0.6055879055366256
0.7083908489422204
0.8368587319453841
0.9135208745381053
0.6236445853748098
0.5795165621951051
0.5642910856999659
0.5734375470037834
0.5595968064312176
0.619118054580414
0.526780847143268
0.5324209945737516
0.7433088331580613
0.8761347180169009
0.761476310142709
0.6502477735932637
0.8451585990089472
0.7169214378037114
0.7236380664301097
0.8996843621268289
0.9091674319945631
0.6784033931370682
0.7345422668510941
0.7948478893816012
0.7475664475595705
0.7729219535031515
0.7373356129381738
0.8134120488668414
0.9720210538427526
0.9175304026748173
0.7673678111625283
0.9110179998551069
0.7246254650008173
0.879459520839761
0.7223140166488944
0.6976054401568265
0.7034702097956738
0.7559645741131087
0.7621449972426377
0.6312932524334594
0.7397378637720451
0.6830416100889837
0.9155654511909018
0.7803589463316815
0.77292919415257
0.797357947640461
0.7313986741557859
0.7186929812161842
0.6541975179359664
0.9162103452880704
0.654987321660831
0.7629909214403883
0.8237361556611353
0.7092989622598752
0.768288328239559
0.7733408195307168
0.7737295164945793
0.7454381586901113
0.7758661469913269
0.8031430908551456
0.640451091953351
0.7560982905576505
0.769470246653588
0.6584218926993403
0.7869583224392012
0.7833529326077868
0.7544150200491795
0.6760506976103624
0.6939119066934396
0.674935256080835
0.7514057842698965
0.9065754650526396
0.9621375004374106
0.918641413708658
0.7727825475557237
0.9501263862547814
0.816801489062793
0.8002377021562005
0.8633010873013627
0.7957236180673296
0.8737789311223896
0.7808372115956825
0.8796811885024621
0.8044461286208795
0.7233283627792428
0.7283824558587706
0.7882157901289023
0.9060998385881103
0.7581001902786315
0.8074687599186678
0.9075243855273113
0.7874070265628574
0.8354806016182175
0.7681443582400805
0.7917192759680152
0.7660403910002551
0.8324744184586603
0.6965574890184782
0.7840677405024071
0.7961725984049477
0.8088312813146061
0.8067018545940855
0.7624384318477143
0.8964465158725525
0.9498286678509831
0.7510378343657288
0.9540591021396965
0.7907999328695947
0.7894279557366148
0.7331310803322091
0.7484395153732992
0.828082327253138
0.8481143745345132
0.786673419955019
0.8406183746996769
0.8982194012291018
0.7499046007715298
0.9255723217684686
0.7525438683469307
0.7619299230653098
0.8877357886810955
0.8583849755767251
0.8060562741693171
0.8074757293383573
0.8695315169526466
0.8220389398477274
0.8245076777412734
0.7367453610468894
0.8455610598146768
0.8795401221863748
0.8081697806189966
0.7899643074161609
0.8174668154918594
0.7982715060281917
0.7778692501305721
0.8818719923620372
0.8307767157643107
0.8486209996554298
0.7843350078982885
0.7901190234589951
0.9020886562238397
0.8219724328925593
0.8534535799862282
0.7371973959528774
0.8010374102509433
0.7761781009601937
0.946599404690515
0.6899859421952721
0.7917707330592386
0.8953240233537821
0.8507116791388953
0.6839038268342947
0.8910126958655576
0.7317627476785142
0.7881599286322984
0.9209318626790652
0.8785323884107017
0.6955190615928482
0.8763836818922305
0.9159359076006051
0.90353122012395
0.7548572789952088
0.8789321030415831
0.8052473651338674
0.8629646297099507
0.8334335867942647
0.8759340936698056
0.713800766639624
0.9240637694948048
0.8127451514890405
0.8146005993155726
0.827709276677712
0.996364036092239
0.7985967705558034
0.8828102514135655
0.9034694109395977
0.8358254390647474
0.7718981301010164
0.7958679661008083
0.8114921886415573
0.7774892280377532
0.8119109845206947
0.8105417040463453
0.836174668478315
0.6982774860633888
0.699318912630668
0.8632891479369018
0.8276960772114893
0.9302146827174376
0.7261372512581669
0.7724506640758331
0.8907311102067764
0.7691848856600276
0.6980712660729126
0.6985268918138405
0.8055055226078387
0.859362484592503
0.8579180938225677
0.7657106528415591
0.7596337747752033
0.8572460215102287
0.7358854089983534
0.8200988977255983
0.7302230721330436
0.7633358855677949
0.8444311495011851
0.6684775345597387
0.8604642167287762
0.7039374404589428
0.8414964928534978
0.8772366192453748
0.9172662116701125
0.885211525636086
0.8117260853625092
0.906542906789078
0.8232877952174683
0.8652747592636006
0.8324061008860159
0.8412542384645245
0.8687232668266462
0.9109053157971201
0.8249100747577194
0.8672881928230909
0.8834078789194755
0.8379906948758715
0.8209655161916982
0.7700515678938961
0.872386557875473
0.9887997484638811
0.8396016920148472
0.883042139059294
0.846809044076701
0.8513081021005329
0.8122826315954178
0.9158418233847614
0.7690620501529144
0.777973491448751
0.8096778449182942
0.8582262415000554
0.8034241244656812
0.7434518261122609
0.8741018819198467
0.8544924364663848
0.8908831961637262
0.8689705597253243
0.7338946477777973
0.802038798262938
0.8643216551485532
0.9316499768174229
0.9035646248000793
0.859701672684817
0.898625128114595
0.8490762289781193
0.9892985643885229
0.8637878630706621
0.8993680050284678
0.8478511060090355
0.8563622146880437
0.8610145900890938
0.8939585056658504
0.7880792470171242
0.9233030165858165
0.8414849947087812
0.8434578866052438
0.8720087183738584
0.8950636931827298
0.9053881766626728
0.8300258854442535
0.8763962870042363
0.8147350074897465
0.8620478782168933
0.911628660419606
0.9017174777957995
0.9296206779037505
0.9267451641617594
0.8428574311987775
0.8701143463441132
0.8516409046552296
0.8932798170148253
0.7728967604181206
0.8643905795579085
0.8216520405135967
0.9208662422346889
0.9274280199240299
0.7697825071129663
0.7774463014018416
0.7292857946579818
0.8798714854363112
0.8654625841120409
0.8777250783955516
0.7991956089264382
0.7622651221991756
0.7740778711276805
0.8337279079661676
0.9490468593618833
0.841751197921627
0.8579417227044792
0.741240040537704
0.8796963858896006
0.8647017237906387
0.755300945716739
0.8441286768074636
0.8276679079460871
0.9459799270126595
0.9265487212268062
0.8645534407718586
0.8150535965940722
0.8120992354323393
0.8525467430693111
0.849209853717368
0.8125621498126192
0.8255680692751808
0.8411167453523891
0.7878804440811593
0.759985679677839
0.7277010458516053
0.6744842232133297
0.8069868545815624
0.8405831795799092
0.8044722634659358
0.7492253463379412
0.8490502186270859
0.7414316964578762
0.7861251346411869
0.7330185538398707
0.7420911733432971
0.7481169568657137
0.7435764489672495
0.7015210390543715
0.6770378874190452
0.692470535738632
0.7626909052795324
0.6763524169478032
0.7591441330009847
0.9094761537695575
0.8098738254454811
0.7735677551956827
0.6626462092720722
0.7939750171037858
0.7494157421859557
0.7373129550252522
0.7539907854968197
0.8159378083023989
0.7260495921894387
0.8031019374980888
0.7904943605992673
0.8337722414984637
0.8389768514098401
0.818744137840235
0.7677133174378861
0.8153552455555144
0.8488627449247508
0.846532976678469
0.8899787032550461
0.8546827973267248
0.7849063450050565
0.7461984186226014
0.798824453216243
0.724249581444665
0.8367340074863412
0.8030252499845096
0.8865460936463596
0.7776485459909213
0.8487313939972686
0.8594610702554841
0.7550392752526791
0.8372152994911708
0.857527540395169
0.724049458135467
0.9253015680503424
0.8517622289092952
0.8077500011801816
0.7670599201204592
0.8326027501011922
0.9277554416487002
0.7587908704546538
0.7988175814761589
0.7853765967273082
0.8049673325215843
0.8750733345421261
0.7707320651710711
0.8767995718310624
0.8595209922533615
0.8615286759367888
0.7999551997220229
0.8959954750249941
0.8160846928937844
0.9314902981377933
0.8370413195530514
0.9329101242317346
0.790046221793619
0.8496553748203899
0.8668829295090598
0.9013739081738059
0.8737803050866848
0.7840514526659625
0.9294512620284131
0.8332552459218898
0.7860282260930154
0.8695233803454367
0.8617585810360195
0.827289981140632
0.8163801625182915
0.961641335780699
0.8347406447510315
0.850255679554305
0.8638339759074734
0.9397885888721793
0.6944533668765542
0.7125481042073268
0.7654412052658947
0.6657462879662515
0.7626192239710007
0.9611289853673433
0.8172554005616863
0.7915082868880503
0.7978870932979729
0.9914780403064931
0.7240955059676417
0.9685573505083465
0.9662759810892176
0.9797392272260221
0.752949507290621
0.9794714315437072
0.8692431938260121
0.845123093701603
0.8451116050308143
0.9414045309912206
0.8036348713237185
0.9017360286842393
0.6645429173749058
0.6903583165360925
0.9579104074403402
0.8565411557727509
0.818753903031948
0.9074337002328889
0.7846240032686077
0.8253032464709869
0.8993499811296157
0.9337846528154629
0.747519812280036
0.7759101000486422
0.7101022654099804
0.6209962166509057
0.6945539851893414
0.8027779990115516
0.8903851271987833
0.806074916039993
0.9449862206717972
0.8316277109447519
0.714075385133243
0.8673861224002554
0.927028160082153
0.9193447244652155
0.8394557712127262
0.8710652776507906
0.7256083636945112
0.7379051605649165
0.7325095510785677
0.8023526829745455
0.8781686176759447
0.8607947202751555
0.90875344586798
0.9340126794375831
0.7992386874584501
0.804716911215599
0.906329347517596
0.9047501632812853
0.8817172472993282
0.8304166159099643
0.8069618788768991
0.8932694087986106
0.7904091574917153
0.9399225990643582
0.6211681742103781
0.6845784136699364
0.7444906860460724
0.7510299715480873
0.8924478655617116
0.7587861561269973
0.6988920102642453
0.766496024020701
0.8253551057025339
0.6987587147551713
0.8887022056175451
0.8803777623340527
0.9219370051610252
0.8636006694141855
0.8498026849247101
0.6993984289746948
0.8290781085415082
0.6673407134387314
0.7845742950729017
0.815648720750591
0.8458248384726565
0.8779746180162891
0.8930536136083508
0.7299895537555344
0.6737207765815079
0.6653318412925366
0.6886183600622209
0.8997088220238061
0.890560079144007
