0.9891953916002263
0.9507780705812159
0.9738605929628138
0.9738112251306796
0.9584322690522292
0.9876960084632105
0.9572282614695833
0.979643876649632
0.9656518206264946
0.9536151688518499
0.9651432241643716
0.953024398456917
0.9666665409709291
0.963002810487515
0.9602442882534897
0.9782872356135341
0.9537525007085862
0.9888758962577439
0.9791114826034115
0.9703995758279109
0.9921317263342213
0.9517510921696657
0.9726405846430338
0.9674184093276289
0.9625271980930326
0.9610431484172115
0.9621017331579065
0.9565175170838188
0.9625506439192875
0.9680870423577541
0.9850693103474468
0.9805884168664305
0.9680659603498016
0.9783642223341344
0.9585833336035501
0.9784388683907672
0.9836697736811134
0.9522448019440362
0.9533508210389752
0.9524451557166318
0.9572904327586997
0.924633903146139
0.9670169214962794
0.9544361532065395
0.9536301244004194
0.9405633375685103
0.9522892757780131
0.9450066367167871
0.9204227859473033
0.9347981350869167
0.9675982986744354
0.9610367883660804
0.9258382938101481
0.9497501541699483
0.9737587116293213
0.9511888810628647
0.9619945086657687
0.9655486925608001
0.9662887680124008
0.9440280378751273
0.929153256850753
0.9208097848015271
0.9417232484141689
0.944155437075798
0.9442302320516596
0.9429089881430768
0.9434199729898699
0.9440653053463302
0.9379290803254909
0.9531543569952994
0.9250640569097024
0.9438967787848367
0.9388330714471074
0.9456160420032732
0.9364531195054913
0.941594310973548
0.9507565688714952
0.9456143951716554
0.9424763406388674
0.9419516662787429
0.9445479562898991
0.9497266724008921
0.9451392032910126
0.9462528192067666
0.9403104688115773
0.9489790126875582
0.9584765788770325
0.9476053608225993
0.9348908905239423
0.9531224204698917
0.9455167265473767
0.9390695111323442
0.9237774498168736
0.939808744338215
0.9336835794123411
0.9426776597672957
0.9275564003130061
0.9469555674682848
0.9308417474984209
0.9391118733929794
0.9330165914958903
0.925268811304153
0.9335667181449987
0.9289121766901152
0.9428113869099017
0.9380194714763208
0.932094556374585
0.9329364461682931
0.930382462164389
0.9448288403709677
0.9280939676518143
0.942102617563901
0.9413348991277861
0.935465080196572
0.9439905106910436
0.9436505335936047
0.9455367771354606
0.9489827293084985
0.9487635696292236
0.9456419851874673
0.9509982577491114
0.9030230181030396
0.9219867632298513
0.9275934612831431
0.9265313371073842
0.8944881160030029
0.9352972906631176
0.9234346583469483
0.9409175094988992
0.9344914287034436
0.9257628171960863
0.9245947448337571
0.9356613560795675
0.9343417785521438
0.9309559965778599
0.915664596924707
0.9181305258262126
0.9358702047490733
0.9461967946736575
0.9310832496443897
0.9313539841747767
0.9377090979718312
0.9381864161387413
0.9221540256137841
0.9285641467714072
0.9583560254232878
0.9716236937224028
0.966943220606991
0.9394013025881194
0.9567873103539891
0.9683910399727926
0.9602382438771472
0.9462870507493453
0.8798206067817489
0.8997554705972189
0.9430905213254963
0.8965284885090652
0.9488936262093814
0.9178606007035143
0.8826976925951289
0.9256849743397882
0.9384664878338076
0.9326884778642458
0.9361606491104013
0.9442208706213484
0.8959855821817216
0.9271009380811057
0.8733205635710974
0.9373412762463585
0.935613680477513
0.9334165462013363
0.9376322982328642
0.9023350848578304
0.9481973634010078
0.9318175405886113
0.9698551107773898
0.9575031639194399
0.9715517694687641
0.971013606357557
0.9740174815700285
0.9268402005109402
0.9243508282112656
0.9233345434146145
0.9079545478367562
0.9073396944003547
0.8765784383016111
0.9215047171926551
0.9224329094787886
0.873783115560081
0.918874382796301
0.876181626930084
0.8947268277858447
0.8848195851349475
0.9226654318540615
0.9176381676613785
0.8791945283427633
0.8734921097040925
0.9083937795425714
0.8847277518252354
0.8944311221823569
0.9109468969981217
0.9129224937064813
0.8676617941135638
0.875412719942653
0.902284644437032
0.9118234234843634
0.9066742526073176
0.8961564496592016
0.9095616730208067
0.9029368941580029
0.9019114799958898
0.9360133863930489
0.9051383631194303
0.905338747295297
0.8937287032534089
0.8193870232851436
0.8416858404053218
0.8401831317384814
0.8597268379344237
0.8844370847561475
0.8190937474621813
0.8394633216451534
0.8563797357829563
0.8549006804036869
0.8325675521722605
0.8763767671294137
0.8525455037361421
0.874809382007227
0.8421830517368747
0.8299902664728795
0.8901083916164017
0.8692065836805042
0.8395937646750553
0.8574828310998222
0.8454787188911229
0.8372464533489719
0.8378759526074839
0.8366346624434633
0.9117428921507569
0.9319378539891443
0.851654374227282
0.9422355573067882
0.8885381502191565
0.9174532909947481
0.9572424902868882
0.906460479802062
0.8160636688923024
0.7416312829724399
0.7965781277151796
0.7527832444679066
0.8526969711197844
0.8274679067334351
0.8954465973065879
0.7634875209901062
0.7928392471783998
0.8290328920075274
0.8296322845411985
0.7844441672538364
0.7733752025066156
0.7723051889161904
0.8130711973680087
0.8455271092380622
0.8137537570304081
0.7798763477583073
0.7632116631372163
0.7985635063136333
0.8966756260783499
0.8491771598301301
0.8331672995479298
0.8735836831138906
0.9243944969657294
0.8978262747905292
0.9261871658280659
0.8747803720435505
0.9174493098273435
0.882116841037839
0.8002080951892718
0.7123926330713077
0.8157017097843597
0.7427449629034846
0.7186379250847404
0.8250297248034507
0.7779958468913131
0.7443148314940333
0.7092393321516259
0.7165943118469076
0.8075028293687385
0.7092470369054689
0.7940750558721453
0.7645525058994259
0.7454354428773664
0.840697108068377
0.7631697375440286
0.8158590172534834
0.8213141394157941
0.7154130059385302
0.7120868643282734
0.7631174374863783
0.7281554907802102
0.7125491174427194
0.6612427336354829
0.7435093999975575
0.8551567792942233
0.8716578144053337
0.7063370786585599
0.7962819703042845
0.8825750378050385
0.6224325716366531
0.6552232723152225
0.6769102869952851
0.6546354303939104
0.6796001711031631
0.6883804428926854
0.67524264729864
0.6464930307764021
0.6866684555472082
0.6633875193594865
0.5890663236580784
0.688018704849163
0.6814375001200283
0.5940246436702394
0.6308008282445627
0.6484807231342034
0.6217326798831435
0.6836403511194782
0.6172683220369437
0.7117076068302508
0.6327311658034245
0.6569710571906758
0.7116032457571695
0.6617363647678624
0.5774869987899891
0.649959608097717
0.5960868873793821
0.6357910878229702
0.6102742033222921
0.6631181440930238
0.6043320319990272
0.6159507615581838
0.6067960181084255
0.5913343630497518
0.5897253344970979
0.6629601844754716
0.634395478049503
0.6399331813762154
0.6063729156560769
0.6076864806519469
0.6139849057638578
0.6379900070126248
0.6769875740016519
0.6573520453688437
0.6035777621156759
0.6004877059291551
0.6326441045199267
0.5927383465061977
0.5854977772881125
0.5933011891694078
0.6021750094842467
0.6381900501567437
0.6032154202362721
0.606183366829437
0.7654242407637224
0.8275865671658025
0.706701478474664
0.7728060523604032
0.8121933417360421
0.7232211189940623
0.7661540376288275
0.8030590470142005
0.8055149394768759
0.8336665348697452
0.699703386870754
0.7037319816274266
0.7082845118090941
0.7057207725100486
0.7737582764285904
0.6700536082867539
0.6752033509587825
0.6883060915970969
0.6707750894750691
0.7675290892647817
0.7550206009862304
0.750022662447674
0.6869536452466873
0.7665807578636146
0.7191129069131633
0.7317344013016585
0.6986745334769767
0.6507568491253972
0.7653452297665304
0.723801355494555
0.6711720111191535
0.8241247783229151
0.8649866967655984
0.7248251927300063
0.8893569924778186
0.9383435078935096
0.8092155046937846
0.8945517838384532
0.9239964582052782
0.9438398552508349
0.8536537251835372
0.7660952174985266
0.7302496143647929
0.8091674991703436
0.7376783419236533
0.829396647587087
0.6609986486074055
0.6938715734888472
0.8363747687482184
0.8471618744444365
0.6781469182739241
0.6724798759453563
0.6724626537800141
0.6453173783766111
0.7939428850940844
0.7019719772473472
0.782472762161168
0.78752636394169
0.6779354807057545
0.6661235496770965
0.6519689976698967
0.8034838637696082
0.7272828842218849
0.8579989130365012
0.8061013225785734
0.7593249296362168
0.7451456868562822
0.8786823524208849
0.8745118339912312
0.9042192958535027
0.8932007503475741
0.9040195909581168
0.8144979900737701
0.5625893467176966
0.7924927859921348
0.5476282835134354
0.739187556699419
0.5600299026096114
0.7187679587700977
0.5282182045864913
0.552657978183063
0.5850538550876562
0.7832664999570612
0.5713558573270188
0.5550391507241921
0.639810762659641
0.5699403227076243
0.7706285554599294
0.5524871584891923
0.524570869250047
0.5369273413142279
0.5397995010760044
0.5340013006079878
0.7884853248366269
0.5315825357055481
0.7197780646326095
0.6200158472336275
0.822043465613476
0.5898487356488582
0.5510564435243153
0.5517707616272226
0.6979597694501856
0.8050236746535133
0.6230316099869915
0.6394904952391489
0.6484861421721168
0.5953927950075159
0.6051266399856055
0.5849874228186127
0.48081162769925667
0.5236940628431549
0.5131007637506333
0.48404492177222735
0.535776685112243
0.5104920322446638
0.5932849368389361
0.5833475439280662
0.5921818671312149
0.5421327173960421
0.5775023104872166
0.5485048818485557
0.47597598164521565
0.6132826724234275
0.5514906618343671
0.5261009193182545
0.545598431250256
0.567032461819439
0.7030340495563903
0.5708403788466822
0.589783572970636
0.5034079853474067
0.7486939329006597
0.7263865613824197
0.5077895064678581
0.4955051541405079
0.600577334369407
0.7128154656233174
0.5468469369640289
0.551727083043635
0.6097705182492866
0.5999923567603556
0.6120745151420152
0.5789643021548295
0.5147154006956831
0.5408455496699702
0.5292037968622703
0.5430510140461398
0.49039500941220315
0.529079016316221
0.5159538850409225
0.46456598364525165
0.44293999270604156
0.5589051170626089
0.6178901539372565
0.5862811182641559
0.5765928548924257
0.5782468758039399
0.46106381504389254
0.3617358766034826
0.4535505582267285
0.4618811196949695
0.45438608300607874
0.27043422719651905
0.426100021891172
0.36560735333800104
0.37192314746297883
0.4319001350348797
0.5195615319220883
0.27327618685381727
0.29998617663318167
0.39804404928010984
0.18014771506629057
0.44324003770536385
0.23177772065071972
0.20547851289501076
0.29876684584617075
0.23126373277225554
0.24371391697406833
0.3735936960577958
0.22045894951490824
0.18620589590890535
0.21983959805736492
0.36072327694636785
0.2524000073128317
0.19928059461426664
0.19807162962820454
0.25663802029301436
0.35498295999038587
0.2188748896040162
0.3134447683513454
0.20023872386402042
0.5332111251921428
0.28204349113631066
0.5478552387019744
0.36532017642491055
0.4061318569441522
0.323233887586539
0.3177213604319276
0.3205632323561163
0.3232891478721712
0.5584486416618362
0.3428291368018863
0.3109070410286622
0.27871320300328295
0.48331510715857273
0.4020243017295645
0.5494533222631138
0.5425896603306196
0.39861525635075457
0.5023066174555071
0.5420061481246752
0.43926892830863384
0.5475201682920277
0.42824992352427055
0.5491016086168703
0.49165596419560575
0.5445475926949692
0.37039812213037293
0.49960736429234354
0.5319978319196712
0.49918849402910603
0.5216723333263669
0.49697881483953055
0.6145368056748162
0.5994451432180756
0.8590579424414329
0.7931086422943738
0.5933518154521092
0.6344963828390271
0.6822463094596651
0.7171864134894653
0.8446160208676524
0.7693254502574653
0.6361342287753182
0.6090098387289065
0.9003477017257651
0.6756835454351413
0.5708329394216443
0.5428962366415859
0.5244890545381751
0.425053049877545
0.4219695178981988
0.5992817590356864
0.4601443584523499
0.49019432512710026
0.5902352747568824
0.45139751164877695
0.46505229261332787
0.4918939000312469
0.47889082352779444
0.5816662572480238
0.5378883400069825
0.4926774698983132
0.4881649593593945
0.4601016366114706
0.5923007671076745
0.4832213497543797
0.49982480208550817
0.47554589196756536
0.48485416698836364
0.40622393515591676
0.4974428214225083
0.5256212339340127
0.5180010947142097
0.41356419818672974
0.5264944445011517
0.4483378677832676
0.4604665247142241
0.5202084902703096
0.4854271559474964
0.4847402843883833
0.5007987985059613
0.461382832673101
0.4317712765982601
0.4711131667701679
0.46372547556317373
0.4738908392478169
0.4263320433433945
0.5356322702731555
0.4008039220976184
0.4607687480216879
0.4747958690335433
0.4705711837219162
0.4836951801193607
0.4892090618064102
0.44095996626395745
0.5249237044018618
0.4779916622773964
0.3617972915666341
0.5228728215946618
0.5074009258984655
0.4974765504995006
0.7397399634070609
0.5074758336633715
0.6398847783209147
0.6497793944886288
0.5688692139848135
0.7553451490370086
0.5281115890236281
0.7245883711733485
0.6571289510420715
0.7112910015654013
0.5052832942805676
0.649947399572358
0.5053569386837973
0.5486961425332284
0.6326260711677457
0.5081452611611825
0.6931451717538466
0.7295651158212058
0.44997612453280156
0.5436797531503926
0.7213252778487054
0.6831699845507693
0.6211245934950548
0.5516124121525967
0.48322855917387686
0.4888937097788986
0.5181980270568892
0.6518578732661877
0.43024257349085687
0.4812442910748794
0.6557858004428088
0.7560000452748454
0.7552889528586555
0.7794553131516107
0.7572928750609492
0.751909576433232
0.6427167509917753
0.7974376897573741
0.7036198790033559
0.8045992338270536
0.7426336082642907
0.7110021330514203
0.6680556083822863
0.7981571816169368
0.792274547835256
0.6480063091447124
0.8069940749216458
0.7669535663825542
0.8984371712702757
0.7678934542548039
0.8283554922665602
0.8148294177360332
0.8008857798225267
0.8070250771384087
0.8397109661207716
0.8403679680078062
0.8585019444692384
0.8166285215638842
0.8590840478055167
0.7839618715786556
0.8225488910070369
0.7929443047582982
0.8455776423665388
0.7516355095316933
0.7962350440839272
0.8329182410281857
0.8892398039941651
0.7972416901890809
0.8759555909658239
0.8260430594118205
0.7961590390251485
0.7503769744003628
0.776863707443811
0.8231944728672336
0.8301313956196112
0.8115005382570224
0.7050616464063223
0.7840973217163568
0.7373753171833598
0.8943989494695926
0.8072643582230914
0.73460749626902
0.8326185576031654
0.8174245713889932
0.8220584749440417
0.8693541109451625
0.884730406263863
0.7533116408955631
0.8351284297668078
0.8855485360668289
0.763299355232447
0.7506307389817282
0.7535510825656935
0.7366289001039474
0.727004366131161
0.8363409640184891
0.7561682909050338
0.8101548538304388
0.7709736056665557
0.7951724578562519
0.7694341598726137
0.7234498300838768
0.8259927515670042
0.8601513999507826
0.8127200173519714
0.7082628859944602
0.8652697789835795
0.7733943071325371
0.861670378785639
0.8744045814918727
0.8105617424822377
0.840133961989758
0.7725329787810846
0.8000556856677725
0.8052031133756294
0.6754176025882872
0.8775161142727068
0.8155529800796899
0.7913577194605037
0.8822446416176054
0.8690006956270757
0.6426748729411014
0.7594867906423572
0.6901036419399513
0.7027597677613094
0.7984556697800319
0.8222264355191304
0.7052134214649185
0.8062384963475897
0.8813276306625158
0.7857197775618581
0.8639617067982498
0.6870143163804134
0.8341271292279717
0.8317725901380457
0.8321109960496476
0.7219879915109029
0.776718862709318
0.8612561974254394
0.8583677356481343
0.9040932586690442
0.6988197808035355
0.7683744470198596
0.8495162497136236
0.8844873198184795
0.8687625857563644
0.8727270113895025
0.8097285631101697
0.8447594772970357
0.8324449389606776
0.7120061066141445
0.7888722351944264
0.7651961406164425
0.7897114555839734
0.7362450438188375
0.76286518048741
0.7517663284122384
0.7439665570648217
0.7598197825984283
0.8622952162518351
0.8140236708102779
0.8011448560345821
0.7039399244076932
0.7771394749267433
0.8552949486658907
0.7640206117279433
0.8600470673456586
0.8601813626189978
0.7213932437511801
0.7785213562439215
0.7654426131344381
0.8360879281203663
0.8342090018549528
0.7202563128068833
0.8829095224179542
0.7523758123735189
0.794839163388325
0.8198464955206973
0.8061901862873182
0.8571812320956791
0.9066990923537259
0.8636022265778927
0.9248185269401898
0.7665219260255542
0.8340900214033047
0.8272823199545243
0.8038051013809807
0.9051058890480004
0.867662564491267
0.8798770443954975
0.8195569539001124
0.9124823149324541
0.8760805192304425
0.8833679901105838
0.875281911680178
0.9272450608766679
0.9074775572764628
0.8886500913366144
0.9132652408366332
0.8429798397566507
0.794007143750549
0.8555331759234616
0.8947402709044026
0.8663683119279878
0.8825561841261791
0.8731167650862334
0.7638048998768624
0.9095313869239022
0.8152121340369041
0.778536029937209
0.9150477870612594
0.8678351611931663
0.7834198554658423
0.8931745163804317
0.8266526751348899
0.8253955665943161
0.7944445534505348
0.7549526681414627
0.8611833670526583
0.872770394292174
0.9050048111666242
0.7526432871009999
0.8161291790988994
0.8776000934260424
0.7991101068488564
0.8827023574191464
0.7838560200318768
0.857345688607501
0.7214335965145293
0.882271689650344
0.8630421655871927
0.9030822036866718
0.8834519060989345
0.8860382419519073
0.8313499437622419
0.8149709190801087
0.8337038232368752
0.8384739654502351
0.8288436050523265
0.8233104624927179
0.8953123657261575
0.7881245132847151
0.8191395754674682
0.8217458401714839
0.7273215696505568
0.8798236913249269
0.8077088100080955
0.8133673763315494
0.718441768718006
0.7434733663333486
0.8010182953034491
0.7636800761739126
0.8221185926668018
0.7543346003453515
0.7221104500781896
0.8289798874763862
0.7521824351866877
0.8039126344430003
0.7537613302440563
0.7903774414926042
0.8264981778373324
0.7030148989812797
0.7509018553115449
0.7579051090789672
0.8728098909670394
0.7867444861396979
0.8466264492058662
0.7335912176941757
0.886782615732873
0.9063608134210924
0.860970694199257
0.8566330599655989
0.907165160929396
0.9101173243391902
0.9232658844675188
0.8587596878014991
0.810616995254352
0.8784763589088797
0.8539240317270065
0.7694159340284362
0.7756092394549804
0.7300560817907297
0.7444175973605921
0.747168768225841
0.7226893689678724
0.7387125155128347
0.7199553221788186
0.7133566787604299
0.8452468876993064
0.753821499630623
0.7347456594011862
0.7324256011854786
0.8000143220165064
0.6846581352135328
0.6804962392892429
0.770721864683324
0.7320863658477594
0.7517712471082342
0.8463490259408839
0.8476776097914804
0.8488838293165623
0.7507270294507149
0.860407571750957
0.8605443361661038
0.7964281014432641
0.7565335564798377
0.7726362624551911
0.8253456263004397
0.841375688665304
0.8715942503268224
0.7913220481333046
0.8224679735365821
0.8656676263102219
0.7775248148074602
0.8361105533727109
0.8245265005135831
0.8684322471387731
0.8007433597655336
0.8081279561391782
0.8413232584407216
0.8361630937969988
0.8893448349085992
0.8269713416903293
0.9053064737347849
0.805773796520567
0.8248612438920655
0.8227877006766966
0.8956430428288494
0.8555391605313858
0.8455104876803416
0.8167199847347032
0.8058769288509786
0.8428713233926826
0.7972931614045283
0.6959069880349017
0.8642052538870378
0.7303829502013027
0.8109964535906284
0.8206426512974322
0.7418080126611809
0.6948306004510114
0.7900184885808994
0.7903722872295033
0.8474328006673066
0.7778104048060483
0.7453749350834595
0.6092926254812208
0.7407290695182465
0.7100006947561256
0.7825780604862501
0.658527554930701
0.7801216551880421
0.675044256510953
0.7061704636303983
0.7017740503269976
0.7115104874081883
0.6548061343831594
0.7724483355908003
0.7127895238616907
0.7584568116142103
0.6648959932296293
0.6871548538450651
0.7132933296290083
0.7445270947310555
0.8258532894126006
0.7562756493090667
0.8076919443756825
0.6997333789671834
0.6813838336005029
0.8207007065580236
0.827371400581279
0.8094896170776702
0.7927801969042019
0.7183909386525373
0.668529028667264
0.7156456617648745
0.7057317341540457
0.813483627544787
0.6965968953684076
0.6792316717536869
0.6827215161760225
0.670667529329734
0.6905142093995014
0.6837030497254944
0.7167794708292393
0.656682183640086
0.6466378591625286
0.7325891964298101
0.6639510896210903
0.7000981204040742
0.6795637182673813
0.718335271991883
0.6622149433911735
0.6845460032994455
0.7273261309363479
0.6837513717099419
0.712746096124832
0.7076814897456205
0.6346667240220503
0.7496315307628345
0.6970445825907788
0.6964914965208583
0.760549675017889
0.7570410871679203
0.6332452385555687
0.6956630846460918
0.6927150055293358
0.8190553950976506
0.7069529753832975
0.7530267461326339
0.7185210770626214
0.6348124290128606
0.6780373002327057
0.6770510500313959
0.6366991251973793
0.6692559523546614
0.6697273860566813
0.6743660924853774
0.633045575974654
0.6834553080110408
0.6759990842190374
0.6255401317807918
0.650012683955181
0.6648470795152414
0.6744731675613214
0.6159532900503351
0.6515970342223495
0.6306885239663427
0.6507470928076742
0.6903237159559554
0.7429604957611571
0.7768203892889032
0.6856584846025533
0.7587187262695559
0.6554356874215208
0.6942957169428139
0.6903036885218311
0.7494024004435098
0.6971417048798441
0.8026997577649791
0.6704885180587302
0.7742243001236444
0.6562504184252695
0.7888693011146329
0.6428311544809526
0.6474516546513022
0.6713138756285456
0.673930323363163
0.6100528702609935
0.6066063873199713
0.5567214225573278
0.6583409005578624
0.6297530550335146
0.5669489587647023
0.672068979347973
0.6364412804039302
0.6755213224765134
0.6536096504114212
0.6064416511722371
0.5847194064674917
0.6753568978259412
0.6082587325771113
0.6419346208956329
0.6537537555317701
0.6868832436157584
0.6991813621544771
0.7432508553315518
0.6480234113709684
0.5852109995365082
0.5724933008977537
0.6188297665337531
0.7542815113395535
0.6940293569222941
