0.9937876644808634
0.9971561014412117
0.9695424247538592
0.9854121540830744
0.9687365742412682
0.999542309236298
0.9907469482199589
0.9719927406897917
0.9777151703017486
0.990851059268636
0.998273093625461
0.9907815997866494
0.9753782042834676
0.9931563566876176
0.963672086171205
0.9972339309903865
0.9950147375372158
0.9917583732379559
0.9686698758821277
0.9787669173465989
0.9895429053891616
0.9669530498993759
0.9672138275834112
0.963966918585679
0.976805201773538
0.9686329432070889
0.9667539056297416
0.9575537247585733
0.9667217203708287
0.9663978134952287
0.9900500216290795
0.983210417051095
0.9880003285546641
0.985501721738496
0.9577549812250361
0.9699055265673032
0.9841047236282803
0.9791189099445894
0.977617988994469
0.9804469749881294
0.9777367794374052
0.9621807213206701
0.9591954168213898
0.985933784443537
0.9901077024716958
0.9684575513151019
0.9591844928810384
0.9760396495539214
0.9627090537887988
0.9702472816062229
0.9656187511813
0.9831140423987408
0.9591190990213949
0.9887112791818498
0.9845750207599644
0.964856447325716
0.9954480887321965
0.9734623791598884
0.9919874795886794
0.9938096420765987
0.9904701714344653
0.992068233839472
0.9972712086294815
0.9722885662026726
0.9842271893372064
0.9894811167112769
0.9995126274064943
0.9979268660489955
0.9865780404373979
0.9982910701266505
0.9839470124088189
0.9996328763667744
0.9917730236367637
0.9984710412980643
0.9766873449464655
0.9978912077260674
0.9890272562844766
0.9855366145779012
0.9715488054444179
0.9694976022188707
0.9853978631838268
0.9810056171189002
0.9872820373625208
0.963843828388754
0.9598864780220755
0.9742316008513076
0.9922090695075343
0.9521202628294498
0.9719853382969029
0.9798347898034832
0.9773265044079332
0.9716263114297823
0.9657695561102991
0.968751108672278
0.9546253837290755
0.9644873449619286
0.9767280985919601
0.9808762525631057
0.9557208314809567
0.964782150251278
0.988605347091825
0.9682772196354957
0.9745195944786427
0.9919282171011595
0.9858635688853374
0.952713103852229
0.9348713951204934
0.9360440925768301
0.9485210865276008
0.9683667623028769
0.9556580180198886
0.953507792073031
0.9465477421836039
0.9506498147352833
0.9479364907333895
0.9684154763943249
0.9603602995438854
0.95556888117314
0.9696394584913415
0.9702601181489835
0.9684818336593153
0.963299216866549
0.969547974870042
0.9516933466245179
0.9480851455650414
0.9698875947901923
0.9831098522463158
0.9629911429088072
0.9548094743439605
0.9589226753224411
0.9720284346680785
0.9546851499590969
0.974022429968362
0.9991209572940394
0.9643603636423426
0.9532333150327641
0.9517148404535294
0.9661610662726439
0.9480321631398888
0.9485775460769545
0.9492724856305819
0.9610297752266377
0.9405326748236327
0.9520022873247868
0.9632546854908193
0.9778640218244105
0.99945643879778
0.9731557024393624
0.9733637515498119
0.9787422161800705
0.9761933248359386
0.9772444575734269
0.9761801146526992
0.9609452422384217
0.9719072379055593
0.9762718706793915
0.9603477078509778
0.9810147499676964
0.9801016917203484
0.9756591122233862
0.9800737414647895
0.9740905534463923
0.976637281721463
0.9755762807454773
0.9802999645162508
0.9645305256542087
0.9770689089361118
0.9425179777622954
0.9330896107140652
0.950181229031116
0.9428019228676892
0.9422469458168341
0.9358625526458116
0.9655417432428606
0.9699926809803563
0.9781953592570525
0.9675487373607256
0.9776640347247919
0.9820744436149882
0.9688435199887988
0.9749431712121455
0.9750145818365814
0.9602010278921258
0.9752709987156323
0.984529957356596
0.9676984669283687
0.9788359717351436
0.9975145605763586
0.9718815484381431
0.9688575014735116
0.9623311979737768
0.9720083989807105
0.9688588186951201
0.9961169778838307
0.9599557676175727
0.9649998861772386
0.9815225644976222
0.9834154130385688
0.9784405059655542
0.9306378089967964
0.9582055609405921
0.9753985720471728
0.9483236324265139
0.9591843655802186
0.9452565823404875
0.9234657965304446
0.9820964981970342
0.9728275709267105
0.9768968156201289
0.9906823432591882
0.976899660022972
0.9606749123237164
0.968570004864951
0.9342258223867308
0.9769688852108196
0.97199292849504
0.9729012237878676
0.9757995331595145
0.955244206261374
0.9790462798607374
0.9829546914770614
0.970858662462029
0.9887185487646031
0.9716861273179751
0.973390308981103
0.9845272542711989
0.9414092029834114
0.9251301608750386
0.9207927722476341
0.9269873509832725
0.9186783680704378
0.9122779326049095
0.9195858881397816
0.9086248014847506
0.8963201750655162
0.9233510919935902
0.8818516573956838
0.8936839014010827
0.9951905286968894
0.9784465737104717
0.9507478347265498
0.977855105428258
0.9038658974312241
0.9717574952025779
0.9779962225041186
0.9576704752057223
0.9349527805715514
0.9275793567854795
0.90043961309459
0.9128942856432494
0.9881270220294067
0.949998538363449
0.9686182375923948
0.9058852636122943
0.9431392771141556
0.9030967962798965
0.9290237211152612
0.9868250876997092
0.9426994801068407
0.9296108286046223
0.9210296827133441
0.860785313117127
0.9152886171418027
0.889023653599662
0.9023636521216537
0.9415073647857182
0.9215595712178654
0.9462160700591177
0.9384750896487827
0.9507342282978957
0.9566384963931374
0.9565171244867732
0.9559067877900507
0.9744019471842398
0.9586330134709158
0.9598551032118425
0.9749611008162582
0.9671813362629198
0.9340475143662275
0.9530825138020601
0.9616757296681947
0.9318250950410478
0.9560613851902118
0.9552946554399808
0.9550837790582973
0.9768685119240945
0.9469312585818643
0.9672988761821271
0.9646034846829038
0.9611698940129325
0.9698920903041439
0.9660248571091832
0.9074342478363489
0.8430165215669898
0.8939906672368252
0.8608816113539821
0.8745304438875438
0.8981550412174385
0.9264726631238718
0.8811226436542922
0.9568444677393914
0.9164889576598112
0.9632350485413341
0.8835948979671814
0.8744966446917385
0.9413319920700353
0.9328110744322937
0.9674967022875978
0.9460911226622647
0.9286085687665547
0.8529028593888219
0.8616593790636318
0.9218746447062062
0.8871726489658558
0.9413616233381354
0.8944485225802459
0.9135004531898947
0.9872555347652461
0.9113889321229105
0.871860147599163
0.9925415841548848
0.9525365736259912
0.792265161088386
0.6691210838634739
0.8554484723009341
0.7176032597230041
0.7016669406746665
0.827513480391862
0.7880995045551302
0.7235706364833057
0.6922155943820347
0.6555545008696022
0.9287523923399499
0.6616977197363583
0.8575503252921735
0.7640605496807407
0.7096278467354683
0.8519828916187204
0.7710823664229345
0.889715294125706
0.8044560512819883
0.6462762656094284
0.7077594063737191
0.7953415164600282
0.7282956225871446
0.6588399010280594
0.6381168219416915
0.7581599432869064
0.9505764378096624
0.9979609761254249
0.7191498038158111
0.7846952853080611
0.9443380313171261
0.588918984434454
0.6023206411392626
0.6573808748089189
0.5898198291713572
0.5916459808051898
0.6297170659115688
0.6049353986534147
0.6146195614783403
0.7677497777383935
0.873738572160581
0.6768025230530463
0.7862675592321591
0.8113049689720826
0.7083527334942736
0.7584401459980754
0.8376744226658488
0.8206780897771353
0.8315054622704485
0.7332356476311781
0.9745347685161676
0.7629172727535686
0.7705620487332958
0.9262383408030869
0.6808529831327833
0.805408817704016
0.6950953445897954
0.7242624676746626
0.8518803844394551
0.9745109557044495
0.8881216108653827
0.8086288055272439
0.8226902092929366
0.8284156908561875
0.7796030155824747
0.7102934042295763
0.687684152233818
0.8120384744720948
0.7675983092903579
0.6817623229682591
0.8891787535260329
0.9678293708908801
0.8426889376765119
0.9091254114047358
0.9696258437204595
0.962026880054676
0.9456295844838972
0.9504774032109309
0.9996499078536922
0.9153794360418428
0.9180892369996153
0.9671980868177322
0.9454676930162165
0.9226735668865716
0.9699918496980111
0.8854187980414664
0.9316166254145205
0.9815678698406364
0.9473846950123629
0.8456985136125512
0.904060550191869
0.9168768127271807
0.8463017777612705
0.9097421194240783
0.8811967054274744
0.7345002378262508
0.8814004411599129
0.8872892362466163
0.7872380178475109
0.8220728301929083
0.9008200641131836
0.827041752717999
0.9607079684341843
0.9137546723341872
0.9466259592609712
0.9405177436354919
0.9823530803249096
0.9284941214315362
0.9783701828072708
0.9347350915816894
0.9619881840207265
0.9639670212354545
0.9285840011960819
0.9803074718419851
0.9590365450042801
0.9539635442193544
0.9445293270490303
0.8871495543292376
0.8973368566228259
0.9618269600190383
0.9623636767191481
0.8794103613336042
0.9606497662692222
0.9644713234163602
0.9777917763580783
0.9585923473381357
0.8886668409256071
0.7959984456121092
0.8622309332257752
0.8313345836650375
0.8953956318123428
0.7849753203171601
0.8168347214672305
0.854308887934648
0.9611426352838708
0.9275423184697003
0.8537419744987297
0.8468493016635
0.8177244275113831
0.9105893280448653
0.9264473056330349
0.9170353943163079
0.886142523338002
0.8399855481708496
0.8910670098352907
0.8545777036903026
0.9576144740050847
0.8417713646620102
0.919843890943878
0.8748147903441084
0.8082905549061961
0.8322877524553713
0.8904770592837763
0.8984098545407204
0.9298028464057688
0.9362184926868284
0.9780964469705393
0.9122709434170979
0.5485961379360158
0.8129832696110366
0.683924045349159
0.7832760353672898
0.5497689567053348
0.768793150671
0.5906402388597709
0.7136302686958652
0.8678798757635228
0.8774325601177027
0.6933577598875054
0.7070990926020526
0.8586534356439475
0.741938458489718
0.8774675109274528
0.6418716993638856
0.6748716837931161
0.7380725917646745
0.750725816407816
0.7727042834661944
0.8813132482770474
0.6696389396214344
0.6886840404481808
0.684786504780695
0.9874091665824924
0.6699268691175956
0.6668464520392576
0.6803465650408654
0.7469821228387912
0.8653433094107021
0.7380857728576807
0.8768867442114794
0.7803883856909981
0.521557151371583
0.6659420319170223
0.4985061783325785
0.5151781383852586
0.4897646477730611
0.5552413525283502
0.8773095275381984
0.8076480784857307
0.8801321705818481
0.5566572502983533
0.9954630105079556
0.8337373311426002
0.9070555388417988
0.9330934162310182
0.9397506026298236
0.5963450829802648
0.5121581322455837
0.9431916262464323
0.8290791588073323
0.6464283644180308
0.7617901439502183
0.8834028616215144
0.8969382411052662
0.9168946349280176
0.8515214478888393
0.9382411360775853
0.835479392334476
0.7997242608831834
0.6785290998982145
0.941170737389271
0.8309491886648681
0.7305948474318262
0.3849230069146465
0.37800701594521435
0.398234986844597
0.5076136621273225
0.3485483792171481
0.3901015729431434
0.3122790814400972
0.8347236317944733
0.33430110772717025
0.8381730114832467
0.8484964596781703
0.49014315804490804
0.39548917313116605
0.7856235639274947
0.34171607125455544
0.49706072759459974
0.8356916461859125
0.3101323754636325
0.33940417608735673
0.6556830514554974
0.44441832211673554
0.30244866932904974
0.8587154701952782
0.6424301605352258
0.30752420119246715
0.36196506442328236
0.6688742123126008
0.4688036057526848
0.6887884449062022
0.526009942597359
0.34785318084284983
0.4389252249025947
0.49640851339003744
0.22507939257649934
0.43929569289168124
0.475157922154992
0.29185191907073227
0.35315554963947837
0.4136370129210457
0.8837571308678225
0.8115809695049019
0.8199551804392871
0.7948248121236594
0.8273028504210214
0.7854240284962279
0.9119350041733908
0.7483916728585123
0.9622109756450729
0.7649902512030294
0.5799057528068859
0.9277337064605191
0.909293842358843
0.611091233510295
0.8583273523952457
0.8335694764787335
0.8217864364476252
0.8607233120344858
0.8857575666820371
0.6665433397564628
0.849525060105246
0.8895896681066766
0.7322931339576775
0.8728546526382571
0.9190635720096875
0.9332478150897722
0.7998887223217076
0.8289324233924927
0.7160431136950014
0.8549442741406363
0.585142367807725
0.8579005750985429
0.7792328012129068
0.6381200543433918
0.9457953072360282
0.5493200940645316
0.8842325703501607
0.6878386404535959
0.7128198012300235
0.6337294911999387
0.8691938403283859
0.6889139783377216
0.8552175095129495
0.7405052770078209
0.632507277925659
0.8648422994703465
0.5539303433819172
0.5565179691086437
0.9438633999994419
0.7755798616701377
0.5437164177492999
0.6534895454022305
0.6694952196403192
0.676880073292787
0.8403134255157075
0.9289670505657722
0.8032482254416965
0.5742803844529789
0.9096626911467505
0.8830369808235383
0.6152482782771073
0.47813146333544543
0.43419178958857363
0.4927276616130757
0.4216879495247744
0.465962944229236
0.5543409037146991
0.5195443652599078
0.4986973650093014
0.7169430762158059
0.5132914881296269
0.5635711067711537
0.6808226932575583
0.6612330914781263
0.9272494173379137
0.4970171968223191
0.6334286328247385
0.5705334544295201
0.9112408499985318
0.49617673386916233
0.5929958994543592
0.4995757680422496
0.665056426266382
0.5296137345464801
0.6206593565200849
0.9256630839781201
0.9645009829787092
0.47507456508616974
0.7256675879052794
0.8150782607760862
0.6722330911107787
0.6939732103944267
0.6864146258375052
0.5381423977055497
0.5000435827569465
0.5224378863989394
0.7301300849268064
0.4965470867656555
0.5491667796846089
0.6589319569629546
0.7889818433844149
0.7280346259928795
0.6458773969016198
0.8622597417710306
0.8608577439082719
0.7915343780976678
0.7570428951197672
0.793048150955797
0.7162260208817808
0.8064539133111027
0.7557433911678099
0.6372059386712139
0.707121389215821
0.7383521160731625
0.8536849859799587
0.7893382972493355
0.9362811297848408
0.7592579511854114
0.7660410413504739
0.7216999042586296
0.739851321242353
0.7237572718385659
0.7331070982293737
0.7028072186692718
0.7551053267430037
0.7469871113081852
0.6454033790399444
0.7082983031569227
0.7581894916264341
0.7299485079759915
0.8010116173145108
0.7586182374442463
0.8042679458694493
0.785328829732818
0.7685674485416428
0.656049805443086
0.7425686719408002
0.7688004717066165
0.736414656328545
0.7653968590562727
0.7685221252958485
0.8811226520848976
0.710120246084017
0.7655505078090479
0.757946946051854
0.6381792972123824
0.7487256151731451
0.7608754253357571
0.7131116653769756
0.7646193898410856
0.8032592094482216
0.7693927977479951
0.7748246076334028
0.6869780960178521
0.6685670975244771
0.7584780255952824
0.8936587958717839
0.8047393828086419
0.8462509666698849
0.8047329345263363
0.9582339723671209
0.7712585002484351
0.903932775092624
0.8975293997731632
0.7813844756004853
0.7849548531601029
0.7903447936764016
0.8291371352974447
0.7425048703387884
0.7938363944607751
0.6917943801390776
0.7496811098869578
0.9865208447573481
0.7986999101800178
0.7515660748030908
0.8509466309173819
0.8028658317903059
0.757563958884144
0.7586610288144723
0.7678723443656486
0.7195069330853312
0.7188595793140289
0.7397638479462754
0.8538253192743099
0.7285241366050477
0.8482224776261182
0.8099476246327808
0.7934782375784186
0.7968884115739442
0.8054886109886794
0.870849758851066
0.9654963540866921
0.7345261085331471
0.8250518217769286
0.796687941481057
0.760496567050611
0.7302508370841875
0.8422609228526933
0.7717515103297972
0.7819449150626795
0.8423852074748739
0.7338088791445339
0.8031856088996727
0.9269332651714117
0.8346458103096216
0.8440987659908044
0.8370063800790548
0.8147058536130922
0.8358822154607229
0.769694348560388
0.8274300145238911
0.8466148298518186
0.9197836680828189
0.8675390160901274
0.776923445790603
0.7948658266792437
0.8998570854870702
0.8098403476949568
0.796038491663354
0.8019381347008508
0.8735367324843855
0.794005478647932
0.8238746611001493
0.7863006088559161
0.9174251905065012
0.8106918070390033
0.8042193317765947
0.8446497196954463
0.7452337994916888
0.8652880706828686
0.6536397238962964
0.8135623887004406
0.778439359649777
0.7868262386741749
0.864863611786524
0.9344100709105145
0.7405227084064041
0.8978808041663704
0.8771072681012864
0.9212067602430416
0.7728970879518205
0.7558741922186097
0.6897643296428918
0.8557349314292082
0.8743362610872885
0.8957938975831352
0.8472303098848559
0.867554937432081
0.7290065180126403
0.8535544910220334
0.7766411202420747
0.8223185834709223
0.7044292327311149
0.8494689315874017
0.8007182730321932
0.9170512960539161
0.8521253227515398
0.9217575668576126
0.7781970013746916
0.9078215290053301
0.8594268505400612
0.8860348712312651
0.8457733895631382
0.794281776639113
0.7691727348724238
0.8604273798418416
0.8247883548353059
0.7715071032705173
0.8114108769114191
0.6801787042783292
0.806189391293274
0.8615485916262596
0.9024904543700274
0.8625633962909307
0.7578279217031568
0.7121296099028389
0.9087787285190531
0.7523546323176218
0.6973716220100903
0.856281551423504
0.759505929475315
0.7115657431514666
0.8727099544854648
0.7660402000146342
0.8025994216549319
0.8841229062353224
0.8056042878068957
0.7427187671362389
0.7626795279611206
0.8791085232343523
0.8016785481525768
0.7556987640546569
0.8479644084708976
0.7203532838448603
0.7723685703464794
0.854888340571767
0.9077531221894732
0.8511858322549997
0.7889533016519614
0.8201223184549142
0.8305548915419463
0.9159670463851866
0.8425266805519969
0.8393387989137949
0.8265908578234509
0.8935511311936936
0.9014785982930649
0.8692611922920574
0.8827240790446887
0.8699441390834526
0.8157970925376368
0.8598799530734956
0.8497363753385863
0.7480523108777652
0.8159102466461339
0.8162108577527987
0.8358932344901531
0.780607741665775
0.7992179055634898
0.8240814706468431
0.9062636972387583
0.9423072087613169
0.7196572822923016
0.822488619651446
0.9034439348912402
0.7141488577868712
0.8333865324624024
0.7680344071921722
0.8724371559646908
0.8344374795957127
0.8241507234458352
0.881081881308196
0.7406468594278542
0.8422894435313384
0.8739146673218303
0.9323800989417816
0.8309198775937776
0.8751510547672163
0.8877806055227448
0.819433379421143
0.806258270104461
0.8207194702976699
0.9284173552354931
0.8440564875001186
0.7993234340596649
0.824013240242809
0.919792396212326
0.9005307824127586
0.859811853613959
0.8709375339046446
0.8403152472549044
0.9105630218897675
0.9242691795128674
0.8715982084535626
0.9160660827225175
0.8292713550948643
0.8784802623558079
0.8238754555399626
0.9211498813962115
0.8985871466635518
0.8527624269633324
0.8260224453096825
0.902104172036985
0.8508766505787277
0.7367414686579816
0.9121554473452946
0.8107574814724037
0.855083769435842
0.9523431982504693
0.825183069738898
0.757258694874119
0.74816533820603
0.8807279214148086
0.9018865362766346
0.8703092816710659
0.8052982052752566
0.8349349919772988
0.8201213467991502
0.7473661428576555
0.8859004878869883
0.8217265172967081
0.9276996715347723
0.8531243957088767
0.8575899653340375
0.9078703388764389
0.7707705033382504
0.8371588851530769
0.8272766250259834
0.8748437212706541
0.8633157674163672
0.8900883601958789
0.7581950921127387
0.848194358931434
0.7883951461349151
0.8665002071016528
0.8420199411257567
0.8246888673108005
0.7565330159120172
0.7618810808544779
0.8042950334987162
0.749990301867086
0.7516154480433719
0.7210270299854218
0.9149781595470691
0.7732881274783059
0.7348784270315203
0.7779153420546085
0.7849478916452579
0.7345809905388856
0.6753133352379717
0.8447251193429532
0.7642800301028319
0.7646704126365554
0.7711904919591637
0.6989631048951205
0.6330177995821626
0.8573308357238916
0.6952636081465352
0.776351035544205
0.8601727880004032
0.802591875938446
0.7977366223384168
0.7366307770644199
0.7512969434892744
0.7248832425137208
0.7697428966009932
0.7590144445345173
0.8514259665608888
0.8304867749078078
0.8081658681581352
0.7750947424244983
0.7996335456604923
0.8126201275675786
0.831562606863125
0.8362403843614309
0.8324170811682976
0.7869882956145371
0.772840373767506
0.9040650696768044
0.8480146518298662
0.8394648629746314
0.8494609498822496
0.7807506021263527
0.6977432379068689
0.8284577064128703
0.7663647387599811
0.8602563290863708
0.803982248430113
0.8194191247030723
0.7924718962513375
0.9536976389839033
0.8110383329331583
0.7899635985127504
0.8403659300071068
0.9616124008208727
0.7355476029999894
0.8268471909375406
0.8414374221645018
0.817227395135742
0.7230079534115068
0.8194894785858389
0.8000303453040156
0.763240775469354
0.8095806280476352
0.7889337548782553
0.7412306735826154
0.8506518718895725
0.807265869936958
0.8758255884556454
0.8235039491274097
0.8918128716394352
0.8092433378362902
0.9052819973347606
0.8429734797527193
0.9192627964113165
0.8254386010413499
0.8992679569917759
0.8269959904626839
0.8286826340717076
0.871935083693228
0.8529942552811495
0.89811043347009
0.8044042798815518
0.8243165360017815
0.8741710362871716
0.8400393361381387
0.8578261622931466
0.8353679558807579
0.8550862684161413
0.8070187211346616
0.8530271339247715
0.8757605882190197
0.9456286037390413
0.6746598112187671
0.7042503985968916
0.7614534524817622
0.6334140103055197
0.6683209921967479
0.7475994009999031
0.84256679688391
0.8178235588410625
0.7853166882793143
0.9314606946106643
0.731968333421494
0.9931844213891396
0.8470106922676273
0.946049446988598
0.7826249273054076
0.9869074459640217
0.9102510867153297
0.8809936254266664
0.782066758991195
0.9252953936174202
0.7667023009983768
0.9446122256320295
0.8601507997867787
0.8242507842474937
0.7553670093967695
0.7724870617234892
0.8325150064451349
0.7762422201720621
0.8427568173713165
0.9929406707126223
0.8833430828193857
0.7597189611276429
0.8512854833569833
0.7615538340231545
0.6237229622338671
0.709743583842835
0.8180133323680145
0.6126795651785804
0.6578439801521268
0.8590693603866763
0.9253116032204411
0.7716364347333944
0.8294425357550654
0.8972281111367677
0.8275639902507692
0.9006888765884763
0.9310168255050784
0.8531860382900278
0.7294541472216907
0.8511736781033727
0.719092237259856
0.6975408401694607
0.8854254566602529
0.9480650155151956
0.8211978638716491
0.866853720439321
0.8281728389804761
0.7771602511986174
0.9158256578862013
0.902787031165851
0.8348785508781678
0.9195782152051118
0.8537444173754087
0.8125872874401651
0.7524440740663142
0.9449968217045566
0.6449454384169606
0.6840460344027981
0.7066989821284673
0.7283148969090847
0.7427170811820198
0.5952440263200307
0.648856188934221
0.8349418739613781
0.8252276473705005
0.649899983422854
0.8886988529677414
0.900233721646404
0.914103892536936
0.820931216226474
0.8871670027653049
0.7755128613062992
0.9046745988541791
0.6722098199020587
0.6563597175356242
0.7476623725458272
0.8418438932033302
0.856573836298637
0.8676995254126898
0.837172250599416
0.777261869745576
0.6215901715890585
0.6954494154192795
0.8791104752093106
0.8169002758051194
