0.9766829096643574
0.9956467611680018
0.9776675661384326
0.9812211149875469
0.9987292721113825
0.9998956932888563
0.9767859606613856
0.9994412061267169
0.9733970529371001
0.9998462897748917
0.9973542465228888
0.9891866443891939
0.9813682541979964
0.9868085373830221
0.9983675140398522
0.9743101819453326
0.991096530912301
0.9741552873549727
0.994204225198855
0.9795146076639895
0.9985796343636071
0.9598561485279771
0.9782902363389451
0.9937534499432079
0.9755212509842124
0.9908732734304331
0.976673638965645
0.9683388836680055
0.9984975512578071
0.9839323410212971
0.9554390706352941
0.9999322030034458
0.999775357624693
0.9875130934513516
0.9979864233018043
0.9976667234528508
0.9715991585623207
0.9952737213670005
0.9718635723243563
0.999871918993557
0.9987319521790812
0.9573001516017694
0.9591091487973329
0.9731172785842868
0.990457853440512
0.9762365043154348
0.9593107281005974
0.9698945077855917
0.9688254298665168
0.9678850666470671
0.9700665448896062
0.9682921791045221
0.9785100308221237
0.988798713601676
0.9832656989205875
0.9658979661758411
0.9952990843094036
0.9751721797078994
0.9983418706283069
0.9957210319467966
0.9928195508508311
0.9992638092789958
0.9832118336451202
0.9795761613555661
0.98660808581191
0.9993238727089557
0.9993384123527085
0.9896905756054866
0.9943478991240914
0.9999524725805542
0.997511946800494
0.9997941609299051
0.9986884012255677
0.9952831326016717
0.9788991197868198
0.9997618707955993
0.9975717296011364
0.9947094721358933
0.9923095514504949
0.9785789154218343
0.9998879948088529
0.9975610909814495
0.9974562455822528
0.9959182445601761
0.9965676769865528
0.9994787785993253
0.9998480245799243
0.9998874111986279
0.9992507477969943
0.9965894965708022
0.9997507127482386
0.9948668541432398
0.9931401577184276
0.9988809853355863
0.9997149575014939
0.9996595638166315
0.9995037497311086
0.9990296567931773
0.9999660425026635
0.9950312189538337
0.9984137941108654
0.9993368928417086
0.9993016441166127
0.9924676714653147
0.9973387677193054
0.9792472202440148
0.9878050659934694
0.9952717279106259
0.9872470996397844
0.9994921139763753
0.9695527863521084
0.9790835566828648
0.9694363964665578
0.9945371616453647
0.9582979310282274
0.9801352128972324
0.9898256807680365
0.9950582821025686
0.9809052513188893
0.9838470092780545
0.9837743479129573
0.9624187776012171
0.9868513980702005
0.9929492226245364
0.9976409983167469
0.9709923054207077
0.9841519877288278
0.9903681340900445
0.9932863794768335
0.9986572895133069
0.9750505406095978
0.9909719301168474
0.9840529075599203
0.9587542507211677
0.9636452240562615
0.9533966773407956
0.9771141384125952
0.9713987225763587
0.9653634663800433
0.9545002620461993
0.9562639606014541
0.950710736054545
0.969456551806291
0.9745089993585114
0.9820316448955504
0.997994063560548
0.9897603418381516
0.9662021344453904
0.9948740917396325
0.9970186308813074
0.9972260912029575
0.9950590076919602
0.973435187430819
0.9923750391822659
0.9980115120258102
0.973366255931315
0.9957039909473238
0.9656718950609586
0.9746355654517244
0.9885098504194221
0.9657291172393975
0.9781597518129465
0.9981110410621785
0.9735254111227674
0.9785755642609758
0.972117571980081
0.9756260192419426
0.9753663245754776
0.9746185632581189
0.974066886123764
0.975490990003262
0.9718067285890146
0.9737808201769402
0.9980902758581136
0.9732723909187558
0.9914370327276019
0.9985371900666089
0.9977901416171758
0.9998864942520107
0.9998763274683642
0.9868223332574386
0.9999456756623178
0.9988070669891815
0.9987081096757252
0.9982371930236762
0.9739372689306756
0.9984748260275098
0.9954523805775936
0.9748210982479977
0.9998430133160288
0.99928778816384
0.975841207337059
0.994638257514927
0.9966026342982226
0.9757194323309561
0.9720136889152011
0.9704516045878984
0.9736495499528628
0.9646563794617475
0.9725736572902188
0.9625121695746349
0.9954765059399429
0.9867702836539531
0.9673630330038893
0.9679983968713435
0.9800945900626548
0.9923431746147146
0.9976637355975255
0.9828344862956511
0.9894123340700712
0.9848751638923456
0.9774733526868032
0.9865551117892829
0.9793830994838741
0.9970519350808714
0.9726254188849809
0.9993302522890841
0.9814126656055322
0.9989835342542304
0.977503238232723
0.9782442335242205
0.9994138087011457
0.9817371405104709
0.99986843627382
0.9993665898324252
0.9809627593801401
0.9370769783050359
0.9611751953065568
0.9712720445268063
0.9463330319035834
0.9836623705148042
0.9656365932837001
0.9270332312345635
0.9617865694698996
0.975528759522033
0.9743993903413048
0.9785774011008619
0.9747043204550829
0.9989662095299469
0.9907442544459923
0.9653406742862458
0.9651231786969019
0.9996007924772934
0.9810986763489489
0.9467085661322274
0.9969974574329978
0.9999100055210566
0.9918908281141978
0.997668352908744
0.9920119878381681
0.9887381369029664
0.9990926491976979
0.9716631490666947
0.9554756022127451
0.9499228283010667
0.9483960541073427
0.9516497823125467
0.9833854464257701
0.9301981756591174
0.947065385639162
0.9466682787420089
0.9296429766438046
0.9653330444548587
0.930699741319736
0.9375834875468066
0.993715852069261
0.9968299754637506
0.9964652062531528
0.9877193761655096
0.9765514506552198
0.9981733962464441
0.9828610476902382
0.9956084312047003
0.9968516289207229
0.9990844080667601
0.9948965843883726
0.999825592354113
0.9989009484804854
0.9987272544527465
0.9827498177516758
0.9900479827237352
0.9814362119545075
0.9805478035074244
0.9934312037752361
0.9898612432153803
0.9979258800515245
0.9972926510081821
0.9897471231234201
0.9608864514962265
0.959975791583122
0.964783002873334
0.9703687034838783
0.9800446521160963
0.9413386359752088
0.9653193382444261
0.9694180239145798
0.9447840702297026
0.9458840956168155
0.9598124099115892
0.9543640438135517
0.9765845945500438
0.9965928926208594
0.9985894816931771
0.9680103943791687
0.9959855169890424
0.999643963057435
0.9650904807077577
0.9595646523207789
0.9803107938796731
0.9996322120148684
0.994978037704773
0.9338518865086098
0.9989481799968143
0.9322585264052071
0.9764925364264727
0.9682581623922595
0.9682150169375299
0.938463084990924
0.9622648097124502
0.90630577642523
0.909268072345544
0.9621591571284263
0.8707580810483315
0.9719563304404546
0.9208064594900703
0.9864444007354176
0.8955692912120943
0.896882313248555
0.9478208257644674
0.9192221710618906
0.8953018542312668
0.9609230963244098
0.9936042922221194
0.9984632579494901
0.930257119059563
0.995012655819798
0.9381198352063096
0.878747512676122
0.9834938782370424
0.9831451252392311
0.9658370048142326
0.9520962603135021
0.9399857753431173
0.9454943451903394
0.9437333563404275
0.9864059682419049
0.9434597330632276
0.9759614562620854
0.9833977894225774
0.9157393340842648
0.6922187438441818
0.8470138099612298
0.7472090146314594
0.6994455064644205
0.8665447377272844
0.7402761650262467
0.6979149996989753
0.6471219134117911
0.6773648432733781
0.7963136591568355
0.6712954529430146
0.9977288455285144
0.8981348414360539
0.860706994994332
0.8636544821515391
0.9795623989304195
0.9964990015593527
0.9754512652723413
0.9577710082866333
0.9710998442655212
0.925613988652406
0.907607424434371
0.9990104614300823
0.8875923551247072
0.9951882318033377
0.8881930580484805
0.9991876994640929
0.9744598817946977
0.9769997015068784
0.9663052135607906
0.8861793441687509
0.837765302271867
0.9019635670674101
0.8130572374545035
0.8188419366789638
0.8280059635645259
0.7878249924041785
0.7059751601757653
0.6755466138351051
0.828430938111246
0.7447389928171759
0.66937475906569
0.9459871909163152
0.9554400056684169
0.8408791302490837
0.9940371189464957
0.9691006727751681
0.9907119115135621
0.9802435021710973
0.8485399320414482
0.9103008245121252
0.9993339934615004
0.9078043398026593
0.9565287646398772
0.9132027730271028
0.9978877831414898
0.9913114225358008
0.9782584770712532
0.8823889375189403
0.8416029872702355
0.9881817298363185
0.8548404688009928
0.9025371782820638
0.9261702902406393
0.845872605114739
0.9258446452061228
0.8769844906335462
0.9267838042875666
0.9655072604355366
0.9261600123605633
0.8508541586021414
0.8444799896554167
0.9382227417867457
0.94092357245641
0.9995646355597592
0.9991952613579809
0.9795517108642526
0.9903889505361606
0.9907355253480756
0.9822894119930712
0.9930927128009828
0.9982626834658901
0.9993007514675022
0.9978171054363117
0.9962986140543124
0.9980133090028407
0.9995967500799005
0.971487264875473
0.9826238922501875
0.9959833179645037
0.9988638874688238
0.9963853390393284
0.9918586618977918
0.9857331001936375
0.8613276403059739
0.9067201105736284
0.9637986488930904
0.9612673843829677
0.9836261435026383
0.9724023603116656
0.8935140027457731
0.9559641581458951
0.9295493745955088
0.9540147143571243
0.9552316898599146
0.9717554817393347
0.9513308152902424
0.9393060429465524
0.9848091716648306
0.9867612722200743
0.9919425073397649
0.9438248605312239
0.931426052399658
0.9941339211151852
0.9688398779780307
0.9858216397547102
0.9789949980380067
0.9263288606191049
0.9456183103241154
0.9900881953812314
0.962352269083633
0.9887220154988314
0.9983922965824912
0.9443467200793596
0.9685752034628332
0.9118515300635676
0.8282421744460271
0.9386572998844346
0.9100574246671297
0.9965240265422963
0.8140858242880039
0.8397001351369969
0.9260169684043231
0.9269929330371567
0.882330305458735
0.8370499767610531
0.8481994726103415
0.9071746872344749
0.8908551193648644
0.9422837785113546
0.9434895163980327
0.9141425553412592
0.9981182731138886
0.9526856318350277
0.9356038626518877
0.9871302584409751
0.9401280221855299
0.8986127777571744
0.9075960832357237
0.9875168784490032
0.8816008247521059
0.9463456048069501
0.9900633646795138
0.9131539417301872
0.9008957568176157
0.9221553754660687
0.9860185958044405
0.662279497010847
0.9291325775153725
0.6908892091861768
0.8853464400623074
0.8147771509421013
0.8212657996464227
0.7029155841589756
0.7040061950698262
0.7082791250228102
0.8780214831173934
0.6965018768708849
0.7605499979246002
0.915615261517513
0.8420057767320945
0.8491042246618536
0.8517364723181448
0.9956242671744207
0.8761438312366963
0.990603701836337
0.9899994819563964
0.8805369408485059
0.84526110435997
0.9922174399693258
0.972998774865278
0.9069552284919938
0.9997559945901568
0.8468669209165431
0.9982453136942351
0.9782901448602976
0.8683908529977433
0.9429687488485419
0.9739708254188738
0.8878469835430443
0.6450654494324697
0.9275046306048954
0.6618810494599069
0.6623304286542995
0.7154677667104719
0.8912107743487084
0.8293116157095447
0.9375601243213242
0.7500272774989903
0.5025784461633838
0.9421427441525145
0.9185597135955762
0.7763406351793918
0.9768259824131448
0.7137390246601445
0.9448291271604012
0.9196436687356011
0.916635388851926
0.9582377230619806
0.7748382902830385
0.9947565675744485
0.8282606610267073
0.9402101901369742
0.9980332685519854
0.9554686037179072
0.9776520073861446
0.9987194068699825
0.9583524913048131
0.9410033521815266
0.975713588618343
0.9742642850686161
0.9762112931519795
0.47824473251327354
0.5182039609527467
0.5341261450819986
0.5046272135756533
0.5530617621206125
0.5107079171780848
0.3364199366339945
0.6844353926900887
0.4809949134041011
0.5705701204746425
0.6461911387135828
0.47736226817268057
0.9606674215162085
0.834838800789466
0.9185688275569177
0.9568247250144857
0.9639477527636836
0.9167927500834357
0.9891596549027362
0.9500624614902535
0.9060846475273368
0.8533293352681159
0.9549539231873974
0.985257706841526
0.9753319901222495
0.6791232519285051
0.9463550377706107
0.9991248882493278
0.9522323848625703
0.9499413929368714
0.9990812187883515
0.7771049561469034
0.9491735085220403
0.8494220444358812
0.7592518866985526
0.90535128785213
0.8946449005733976
0.9247620830153018
0.8425341847021814
0.8958302139504192
0.6863857841055188
0.824171753884499
0.8884634362360335
0.8600013619926653
0.791934281792441
0.935949542619462
0.9189905862336218
0.9336802751662032
0.9678910506405778
0.9075223710916633
0.9303465512714663
0.9315570260539936
0.9591577960811607
0.9376521409180236
0.9719446812718419
0.95648601537351
0.97549337521809
0.9425884546101808
0.9594973624188177
0.9943687498855764
0.9864972010216639
0.9797112510754482
0.9239186370726209
0.9974799837261972
0.9362403317803476
0.9811674663300141
0.7923815213998693
0.9086546040098396
0.8761853174567418
0.551425005499706
0.8522931445786734
0.7438554985177843
0.6922911954709574
0.8613892637463881
0.5197889069645931
0.9950929630274938
0.6343522874343579
0.7121067302837032
0.9003601391414909
0.9708160219693214
0.8438688589283159
0.714732192960019
0.9337110867399336
0.9702040514511107
0.9007657504002256
0.7073958210753806
0.9980493207183094
0.9994381971763806
0.9017642387479289
0.8303666809341508
0.9923261098044198
0.8129844175542604
0.9987485815945103
0.9891037178513156
0.9527017456823459
0.8999559853187868
0.8537672291221101
0.638577997689411
0.6489656327061668
0.657159902262969
0.5297170872664643
0.8084866497242257
0.7129638389017188
0.5378939256135463
0.5808577806453629
0.5225878671948708
0.5102085098320086
0.5328393503061704
0.6862375044579667
0.493174660497476
0.507636295810165
0.7818325147115446
0.7343513012491041
0.895734750110428
0.9991441921116139
0.9613672725849634
0.9972197508159002
0.8403618905232096
0.9673018900041443
0.9962628254260414
0.9358092194858177
0.8974730245371496
0.9417594988260112
0.9643828461962589
0.9874695695382096
0.9922251293255778
0.9417340607515198
0.7704138412791284
0.9650862210327821
0.7659386063413647
0.9282046058345492
0.9079489469077315
0.8501650068781184
0.728834531062204
0.8857837915491086
0.7021750399085245
0.7596395746165236
0.7309267737664074
0.6875994979657405
0.7709670699002917
0.7194420834656281
0.7333373242277185
0.6978468148282044
0.7022217493781694
0.7709969346913562
0.8308798082366541
0.9626991840101844
0.9284920422205011
0.7859500734669774
0.9480008101393433
0.8131663333341383
0.8322004240760437
0.949886827020513
0.8017981433478407
0.9203839106292493
0.9537875624001928
0.8650582791982627
0.9165333566829656
0.966752503011202
0.921744183815369
0.821703525452
0.9986021232327291
0.9908288828637262
0.7871470367258573
0.9968174568315044
0.8826835652243119
0.8707774654762592
0.7736959649401194
0.766167327076062
0.7502445470620798
0.6698810350381799
0.6535810398515132
0.6569673362781159
0.8252040946646201
0.6505425996649653
0.7365393707527493
0.7551291132109806
0.6786215212489335
0.7833243211125458
0.9827036779397164
0.9590502394588004
0.9291020143647172
0.9289906955911161
0.721294027160259
0.9380639166861329
0.9642447664815306
0.9091582191252011
0.967075988691032
0.9322514322186648
0.8868089499116443
0.8160422801084517
0.8956254931779657
0.7742486689075643
0.996419069024969
0.9960385312526843
0.9798752092793213
0.7151630354114222
0.9247909913147572
0.9957849103036129
0.6964069982119007
0.8717605107993607
0.7892715573280591
0.8976277303127774
0.781864126504408
0.7866116783427162
0.9884442802814997
0.810953191635855
0.7036309469441719
0.8951960178436942
0.8323415367099216
0.7741905913622049
0.6668930494961549
0.7944570978347576
0.9584208001036709
0.7752915140225267
0.9703044146409343
0.9616422680201695
0.7937631681329604
0.8721791868584005
0.9962882851415671
0.9493578135516121
0.9219940660158076
0.9315192081358048
0.8205832461811979
0.8210018601817411
0.8681061215404868
0.9728545571012013
0.9759761946636163
0.7660384094958899
0.9418197145930869
0.9115948085872603
0.7892476199528935
0.7941127651557858
0.809143952074038
0.7920104913437238
0.8307353633182195
0.8629470759208929
0.8312647825035605
0.8957998345688714
0.8937479086712976
0.8825487350192611
0.8200674894334277
0.7746509320601697
0.849015053817674
0.8181503870177649
0.924289073151245
0.8295023516844695
0.9540966404681567
0.7986670735293857
0.8226727739380371
0.8389042368293791
0.9550191464941409
0.9040690585575933
0.842042325178828
0.8887097921892608
0.893403842224206
0.8308124226098123
0.9569935049270992
0.9949604572314139
0.9002089075587452
0.8811254880036973
0.8865203113205647
0.978625013278311
0.8163293168839874
0.8347039427130994
0.8369782556602815
0.8796362412024235
0.9173068766536003
0.8350433481265538
0.7691199673668351
0.9233287784823898
0.8834733461475394
0.8561142769887538
0.9472023929151427
0.906058200601688
0.8448756506359165
0.9097225030355794
0.7998208131787008
0.9150097497588345
0.9976348838975571
0.8252287177898839
0.8907892638386321
0.971193524823221
0.8449704603000614
0.8371072055731622
0.8477250109921006
0.8283017154613426
0.9152072489954872
0.9721595967135348
0.9930975694341394
0.9241956464407302
0.7613483326597128
0.7980282172246305
0.8303029601826253
0.9243478839934642
0.8539127772844117
0.9577593027553293
0.8799544619432752
0.7595006836104099
0.8108969564318
0.8863205803802141
0.769761759998759
0.6586814952501612
0.7276953785620832
0.8516674415477088
0.8070064863508394
0.7751440387632823
0.8522566077938631
0.7310557746875037
0.6959386577938348
0.7929495839091836
0.8266467125849991
0.791478080159409
0.9387189753707511
0.9982312991208724
0.880380784103981
0.9945680829070422
0.8464109705044942
0.8296574013828223
0.9771605083846041
0.7471782964640749
0.9657829139151981
0.8176733202010922
0.8194491267993846
0.9819152413057928
0.976781820501399
0.9892909902693556
0.7581497963943667
0.7751762491447858
0.8639303105070116
0.9773634354135716
0.8022911189809772
0.7933588528001437
0.804899874507176
0.7682407630425174
0.7725383322118691
0.8011258058902206
0.8709254788754359
0.8161763914787222
0.9043839123483746
0.8218094476232486
0.8727671436069364
0.8686585008234037
0.8920640430716313
0.9033767343574085
0.9477147256666731
0.9831199389465931
0.8493596629458124
0.972947161774357
0.8856505931963032
0.9543980570464901
0.84087459988307
0.8221302831948136
0.9894293672798506
0.8458413990212006
0.972137696934488
0.8873154089498013
0.9379568840009992
0.998579668792986
0.9036203183761933
0.989234231850205
0.989377552262331
0.9407618567713726
0.8864319850375172
0.9985574332963818
0.9938354612847768
0.8542951585626486
0.818582452536007
0.8913378291307634
0.8445909592222968
0.9012042442775885
0.8591322126661384
0.9343325962823282
0.901457119047121
0.8721788383289324
0.9559089027826961
0.9042701315509842
0.8599104091126699
0.8893382297394801
0.8817269638674397
0.8563705097165377
0.9946137165075606
0.8402245660767569
0.9836939716927784
0.9499560441818455
0.9437452511460207
0.846892220494557
0.891712981076459
0.90404984893714
0.9112256416205784
0.9516171814712331
0.9778429824990081
0.8610517898924706
0.8561016251456084
0.9455125970955056
0.9892393631973724
0.9736217367977571
0.9595617203088048
0.848059798966864
0.9645914462484365
0.8512376560071422
0.8663972316141098
0.8587415054764058
0.7865283256761713
0.9377373579168675
0.7666728462891587
0.8582559283431762
0.9355571230524404
0.8116820447661967
0.7821108411647959
0.7603483624781875
0.813599604615848
0.9326329872345636
0.9338477568581025
0.9975954519844888
0.8367868876823649
0.8332451338617441
0.9062189352034344
0.9987861468653789
0.8089134411111066
0.9162657954027587
0.9791099262177876
0.8490764682729273
0.9357780782824292
0.8143392128159548
0.9684217555791085
0.9677295161424067
0.9055049413351105
0.8805207357426321
0.832879538266528
0.8192933273536738
0.8776220535620578
0.9662699809908968
0.7669333886328605
0.7584352105056851
0.7648251546196174
0.9448069161227626
0.7942523353696171
0.7304306196369877
0.7641317053797458
0.7468894355566101
0.7458565082449046
0.9718826157991836
0.8238319134408005
0.7589493757017001
0.8313815784400893
0.9967281302795177
0.991578820257937
0.7393662077235861
0.9821581192162987
0.9763837891846028
0.9739204443922481
0.801452137138922
0.9952993684449614
0.7375826838543205
0.9768873245525965
0.8922736012886119
0.739793395163674
0.9280689520377354
0.8466603355752063
0.9680469644997262
0.8293995237441176
0.7723053587037216
0.9802481157798
0.9541401893393961
0.9667566487844662
0.9100575839318065
0.7461112237510773
0.8252816453725862
0.8322429683337556
0.7968179698042595
0.7613330409191723
0.8274871488902076
0.8721168691269393
0.8213748365643099
0.827974518997279
0.8178438771397578
0.8430101543446609
0.9818456481071072
0.9459029915691783
0.9553441537913554
0.9207499761826691
0.8794817152433536
0.9180222501550814
0.9500237548531543
0.979898829538377
0.8911491380451717
0.9872219046998663
0.846928873776591
0.9968036914874503
0.8443897485138421
0.9965180513890639
0.9712533440877789
0.9294242478301121
0.8428033003828959
0.9915733235908013
0.8816102419067282
0.8867655676401635
0.9818066761931525
0.9007011012159488
0.8128331229182899
0.8733410166478217
0.9296528992503035
0.9076715229143228
0.8317811518429951
0.8467615968222957
0.8767682941841604
0.8724033296587801
0.826480582166304
0.914079912619407
0.7701819454094588
0.9923952898135258
0.9960799758618513
0.9919050832749935
0.9712795347835936
0.9755002393550051
0.9668268963653088
0.9640455714663541
0.9083606178304959
0.9817611170749957
0.9255171447541612
0.9805581281961095
0.9994816049200723
0.9888115415391325
0.8881779563664333
0.9985357907477825
0.9904214570870502
0.9421560018015236
0.9823738237198265
0.8459207286317851
0.9881524016670311
0.9240852003685558
0.7877635081876022
0.8246719933934281
0.9604168016749333
0.7495864130029679
0.6980045105136694
0.9441910690882431
0.9125741756912462
0.7010637590973214
0.9032016279249055
0.980406411789446
0.7175259819993884
0.8738254648274033
0.9302335285137092
0.9058149206539174
0.8578589830158483
0.8398315629579196
0.8732080118404215
0.9009412081156609
0.9986897755065189
0.950166076912222
0.9141728547624095
0.9827459467435281
0.9117648345357111
0.9266163117204949
0.9838866433532438
0.9943625640268399
0.9785789106055248
0.9448311890856208
0.9250301886924379
0.8925105473030888
0.9834310325755953
0.9948342624078037
0.9120856618313744
0.8777412223591909
0.8333521963154846
0.8580624542919664
0.8651500989591693
0.7683648405854997
0.886111732381114
0.8674653245008399
0.9255285112039513
0.7182564199980783
0.7462037583648455
0.8368853985380706
0.9124618460874486
0.9584222509441254
0.9373916795396692
0.9981734668715612
0.9057555041996344
0.9759709567978958
0.9232320299888487
0.9378796078473064
0.9873599431972224
0.9105832991693682
0.9186355079527263
0.9727940813491455
0.9354138760692077
0.8371550644120707
0.9806085702995198
0.990400731535851
0.9577610507780867
0.9630821162290424
0.9428877178704875
0.9179411279963974
0.8744982954113105
0.9990792151607766
0.7569812809803043
0.7663552318551652
0.9449584966442749
0.9073830979773393
0.8476433974438863
0.7086681349061189
0.6788434894398568
0.7881225104738554
0.8262750941838746
0.695528566222297
0.9186791179006977
0.8673421618710038
0.8805686954941863
0.9938922097497389
0.9499235760522982
0.8586508836288158
0.9954473042526759
0.9973759315127037
0.9116735911557484
0.9908663443081204
0.992745333833911
0.8266223376313613
0.9970236740577428
0.9185505228714199
0.8099762262809574
0.7987749222406338
0.8248253252313642
0.8467552391778632
0.9427080494538057
