0.9684451757369676
0.9519706784411649
0.9702449282841589
0.9763153600864991
0.9559289235788238
0.9837356696934952
0.9526618249568777
0.9797463567679845
0.9937129038961579
0.9778663494641384
0.9629340197618599
0.9528317035631721
0.9741344881846237
0.9730095504427068
0.9606089131353712
0.9722559904301498
0.9541080688578023
0.9916056678887042
0.9783133672948808
0.9910084448294526
0.9923790122819819
0.9528405008634541
0.9706382021962714
0.9648307204877185
0.9651789557150103
0.9612062410320096
0.9667201935189497
0.9579911645293939
0.9665628843942282
0.9646707018807392
0.9885296574783161
0.9874885646199381
0.9879321415832704
0.98594148391053
0.9569205017996417
0.9815065021919711
0.9829577731050053
0.9791535056738703
0.978726440134799
0.9828136135806778
0.9559671035562374
0.9614532718093749
0.9576098108180029
0.9861876985650357
0.990245761697522
0.9744781763870165
0.9593728034525406
0.9772665640806567
0.962727364804813
0.9728074644962093
0.9689397476230117
0.983248518033202
0.9577995368371887
0.9890276570503497
0.9842946768278507
0.9645522970282345
0.9915920628067805
0.9720921587387741
0.995311769544349
0.992189255559352
0.9775051238960899
0.9781633451962819
0.9704448743987749
0.9671616307603494
0.968822309465408
0.9771445715146886
0.9882335772032722
0.9625991378486882
0.9641533834542233
0.9643781934327416
0.9790191978717702
0.9512283593782306
0.9622493746831
0.9650922119834029
0.96910803868897
0.9549500770769485
0.9623832939967989
0.9608568832323027
0.9445319301312325
0.9476163186154611
0.9735479345702395
0.9694805970499997
0.9496937766209618
0.9603282041341841
0.9708796337056335
0.9737495123164331
0.9706507627210983
0.9907655782682432
0.9781653462336285
0.9605851510967502
0.9409314236755681
0.9404552142434188
0.9454604307815384
0.9608035445286487
0.9589012221471884
0.9519672778615846
0.9454262289431363
0.9529962708525792
0.9454634321132167
0.9549554118581518
0.9423896945899666
0.9453572181511626
0.9498658153959253
0.949256072238758
0.9523407762808704
0.9448530514136901
0.9553117777203605
0.9524332488135725
0.947150011971168
0.9649457961853465
0.9464460738197417
0.9604965012513789
0.9477334007955281
0.952825810313277
0.9489230270724534
0.9537273498293442
0.974087226854309
0.9592423952962515
0.9588518285792502
0.9577129190902474
0.9501985891991762
0.942165340664187
0.9436104068770246
0.9491163596190523
0.9439941732038843
0.9477871895843326
0.9630595341483504
0.9536462726775425
0.9640126120080176
0.9564448274034655
0.9656934408044913
0.9455860335302662
0.9520272056500649
0.960064135361161
0.961399662509409
0.9502422146252563
0.9445155609967086
0.961285913388064
0.949952070859545
0.949628669492191
0.9695354758107273
0.9638146695433003
0.9484097368702075
0.9451761346518094
0.971597303422814
0.9739640913190933
0.9722128354973087
0.9767904420624562
0.9760088283530022
0.9777005104210059
0.9768862443353438
0.9401062185008022
0.9284954587448506
0.953709811629831
0.9460794385944318
0.9617468563114603
0.9384129353120008
0.9555085360182773
0.9741122220655913
0.9705623107572072
0.955047706096084
0.9470076243632048
0.9531686688059882
0.9374686071902416
0.9487194300566907
0.9394283217309325
0.9345913946244433
0.942861581337632
0.9704864990917972
0.9565850353877272
0.9427824145423058
0.967658929729195
0.9678149244258081
0.9651353938621319
0.9317106754919829
0.9726567901874403
0.9741552397255671
0.9973487297149904
0.9608729882493321
0.9763225174716315
0.9835456899582683
0.9922538174160496
0.9720741817868305
0.9130911814951101
0.9471798312214896
0.9442044105410741
0.9516555305062954
0.9804470779589545
0.9328986606292596
0.9261652035320249
0.9632974586885794
0.9798690074439973
0.9631624155405644
0.9793844246836705
0.971981444042032
0.9113410727972229
0.9606638797199843
0.9277928350298257
0.9741682180235316
0.9742056602341295
0.9740450265794263
0.9753441466867587
0.9534306636755199
0.956587130217512
0.962062923123267
0.974339709539974
0.9906109790688831
0.9656331285740272
0.9726683011981827
0.9832820124400393
0.9316690379465855
0.9378762328055553
0.9194079301548337
0.932605815370769
0.9142983578965773
0.9019580609766671
0.9054006356479569
0.9128621068747709
0.9016772597404389
0.9173571973370969
0.8973713516209538
0.8980381574354067
0.9315268867804034
0.92334218912752
0.9142732389528326
0.9197860277162007
0.8794229593876771
0.9199407177321932
0.8952261640424075
0.9017331600941789
0.9135732172458187
0.9178827486833383
0.8718477829240743
0.8973267572014652
0.9064234236738309
0.9205126074130059
0.8846016918763128
0.8827926040806098
0.9890052543350504
0.9435426627889606
0.9421988660939503
0.9899712694356162
0.9409443566222104
0.961114076734962
0.9799870312585317
0.8887544116891288
0.8873051250113728
0.8560972119098135
0.8850120758889007
0.8908397945962764
0.8990339423268725
0.8883558557383868
0.9347056548604629
0.8512942130533129
0.8473535644195962
0.8800038400325956
0.8823571747796398
0.9378402583689771
0.8859960471409131
0.8610575891816209
0.893330914972105
0.9027657463939982
0.8689012832681506
0.9031856219516639
0.9005241574746969
0.8984856295033776
0.9338568085455671
0.9456196523866871
0.9186739663852579
0.9646277564386112
0.9512617877087112
0.9643335810127376
0.966389151033612
0.9702082697303622
0.9684666560896171
0.9651987220646907
0.9106721801009051
0.8238145122693957
0.8831265753340494
0.8440123001764782
0.8995395478356043
0.9040555934334004
0.9213555854733253
0.8804728144262278
0.8924375174190419
0.9330776420464627
0.9261418666961484
0.8519996712689742
0.8756172682361033
0.8491664984051464
0.8974098891386066
0.9338685171846375
0.8863070836390893
0.8501300884954726
0.8470642499929438
0.8533925454803792
0.8977932105376437
0.8722539844086588
0.8773735022895659
0.89454211361941
0.9706269009381361
0.9086970037140034
0.9666656453819984
0.9015726053792552
0.9124063555443528
0.9628693589399433
0.807532076050072
0.6942225211960271
0.872776463270599
0.722430327794887
0.6971246640737134
0.8225474138606026
0.7825282007665524
0.722792421666101
0.6762660177424532
0.7111144578018388
0.8179361847565478
0.6509104183097066
0.7868540262159552
0.7710554125893061
0.6966196162596132
0.8828158887730138
0.7464616695331908
0.8584668255034419
0.8342856622063559
0.6618511997311622
0.699263313668796
0.7566670526835606
0.7205075029810255
0.6828509966421479
0.6808421648787812
0.7275908065935004
0.9635722309386945
0.909599280372152
0.7059530439436228
0.8132795311260667
0.8946088890293675
0.5654681752890323
0.6141802870509818
0.6698820026048798
0.5800388135766094
0.592624478577137
0.6614825155206264
0.6249339812848231
0.632595142186436
0.5890039502557154
0.580009823366817
0.5916747076607769
0.6358511793149416
0.6633032603475614
0.6344559674723932
0.6034289838432243
0.5961270958419127
0.6229123168185444
0.5948158661575528
0.6009462491588915
0.6716104935290178
0.5662599619064204
0.6119770262438973
0.6711176789490969
0.609171864937811
0.7598530448285126
0.8543237755283981
0.693331802188606
0.7971148783365037
0.9061566277442673
0.790699532905609
0.7634026223686798
0.8078974955815728
0.815814354837917
0.8306724940426576
0.7369409146286139
0.824811465559339
0.7749871362382319
0.7751500614221641
0.7924188628105095
0.702335372583287
0.785412264498579
0.708489080114103
0.7393159538620995
0.8284819213272209
0.8451066525652431
0.7764250950711786
0.7990085040641088
0.8200604710932089
0.8245246361828549
0.7823644400057888
0.7258841052029157
0.6950624860641573
0.8123187118336971
0.7581875533713753
0.6752837021826696
0.8843542679034577
0.9683223496094823
0.8219067329242244
0.9247657807625158
0.9889540092078797
0.9659907788340322
0.9390692371347431
0.943921212053769
0.9946699105907323
0.7019203003177593
0.7968997879854297
0.9263670782645628
0.902253411980169
0.8946948894803382
0.9154425281938747
0.7838716310513403
0.9063227712279756
0.9067530080968003
0.9270610154824745
0.7650513681849884
0.8734429286597044
0.8221962368410929
0.8006360220661735
0.8448127640831204
0.8345632832460254
0.8887992369925038
0.8879638991132739
0.8945300754747791
0.7959541023770242
0.7942280238440976
0.8821509913559747
0.8289883639950555
0.9057688656474379
0.9612026764039379
0.9494805296668478
0.8699821815605309
0.9613893645872926
0.9788283370006838
0.9736301028866197
0.957152886603898
0.8902634617738101
0.7725744919787796
0.894399625586349
0.861257751055565
0.902603429840399
0.7748440199751707
0.8117932951308962
0.8407979170442232
0.8928520885868078
0.8392556441999706
0.8119207494734932
0.8104969375704476
0.8022737000597913
0.8672799923093701
0.8649452364123977
0.8868176856290513
0.8243537069647242
0.8057075963458532
0.8234453431385977
0.8162086304519315
0.8817582896222349
0.8083612768174886
0.8790655319283354
0.8147601455029738
0.8639767356988846
0.8401810739464337
0.9184697774852968
0.9126593548505064
0.9108967623286921
0.9039245876629644
0.9922580064392654
0.8611928292981976
0.590997944462841
0.8273101191312993
0.5970159996392612
0.7834070031354023
0.5963168103210333
0.7680733314324576
0.6098501679911726
0.6075618620896208
0.589581708536947
0.8395575095432073
0.5873258079495169
0.5973306018564539
0.6635242697435246
0.6100003762823709
0.8606931415924441
0.6321596003842731
0.549169515798317
0.5644448409293528
0.6670844597585212
0.5540093300269704
0.7936287489321348
0.5480949576832621
0.5957035894320767
0.67949398765437
0.9974608146347517
0.6832037402059319
0.6544431416776992
0.6635884414549507
0.8478775062867355
0.9382264588450628
0.6953514898407143
0.7079772662252004
0.7163618877677349
0.4556531968345703
0.7613049178566433
0.5159387173680072
0.5086840281508614
0.45531738661338444
0.5354743662653122
0.5051279840877732
0.7785326500032581
0.533492615148887
0.43170043488133725
0.651783721866084
0.6506284124963597
0.5797862296626678
0.71147185174622
0.8115237934425671
0.43266100002787555
0.5320065905542722
0.651630970693271
0.58970512736165
0.5247669029952841
0.5578381931179413
0.5695315824658713
0.9291896312584095
0.7844511991222725
0.8157918265162543
0.811595635796557
0.9936010890869547
0.6736377483300431
0.6935224654254606
0.9122709390162633
0.9191577660173912
0.6435506262952879
0.3603243950058791
0.37281281386900644
0.39824119849749917
0.3825100741020679
0.5197631063219759
0.4109673923116377
0.29781573647348536
0.4058890218254668
0.2601580352136945
0.4388802729019446
0.5360077513949706
0.28471110493534546
0.2631281749501943
0.5412457933876464
0.4479139875449192
0.3551566757326919
0.4430127387276592
0.27579206619316954
0.2945273361341495
0.5259901120511373
0.3195475444326299
0.29342721314343323
0.44404475603144816
0.588618920183601
0.34824877105886676
0.5392290002386672
0.551305213296069
0.5714758043689012
0.7018600585629872
0.5514366825988779
0.336084196768635
0.4135017864721342
0.7991380744500742
0.2204559088046486
0.3513868979462227
0.3095487905970504
0.2974070793388901
0.3294262037324881
0.5169263943638267
0.6139994635191237
0.24510190132006046
0.3081864695255349
0.4770850273231243
0.3045186308701032
0.30999951634573053
0.36359724202169164
0.2681858964412728
0.31161201557165147
0.3048653768773203
0.23228182017511953
0.38273430604359393
0.5196875216473618
0.27870304616451536
0.25026862550465
0.366709949447162
0.8816111934888465
0.8290960180545015
0.7975859411751625
0.8109660537591017
0.817340613264167
0.8288308303604934
0.9401130257262499
0.7703692383164136
0.916925363657147
0.7696055380995648
0.5756165787517449
0.7909671782381958
0.8248677375840426
0.670671527174996
0.5825458328872328
0.8804458136194935
0.758051020779237
0.6523595453029085
0.866977336159148
0.5558647299397279
0.8955538424914278
0.624707057511521
0.6947033238554335
0.6380247388386606
0.8922530263975632
0.6976752765649277
0.8707540928576458
0.8044088473712805
0.632561464766823
0.8223129862984082
0.5655938586065279
0.5629723344636902
0.8526593417265975
0.7726925213311
0.6010955567790471
0.578361694123179
0.6402379874665154
0.799123194206024
0.8496203976283678
0.8611168104517706
0.7996093705615466
0.6013191423608737
0.8932765197443674
0.8967104282003647
0.5482090394954122
0.4938109186787953
0.46102585109035465
0.47689062881652844
0.4150335406419041
0.48517408949692475
0.4733913775507397
0.5043516029401816
0.47554427431813207
0.44468505759127447
0.4782579461862586
0.5048493141280119
0.4478509199435464
0.5233025776058515
0.49677214063607567
0.47311884585706976
0.49503574796412
0.47745967140840595
0.5185199113930106
0.49368027220421495
0.48680600125533213
0.45713019582302294
0.6447763729181321
0.43322823120644705
0.5714424232881412
0.8961893402785528
0.6422012024867645
0.5756357731625461
0.8620165802959501
0.5091311761810113
0.7284817494226814
0.535406221454045
0.787096589943978
0.6153590070642788
0.6022785465428241
0.5123690898651696
0.6756942107873332
0.5243936815579999
0.5987312024293117
0.603714726436604
0.6065144168939869
0.6900872682174652
0.7627610104303163
0.5400851430480338
0.5533385653616965
0.6872607492858878
0.7406853250529273
0.6414136563428687
0.6494555801296906
0.5086020652418726
0.5768272216033841
0.5741822954482333
0.621555171906146
0.5145662055560023
0.5040642517355984
0.7453283049137516
0.9973495830376022
0.6768466822222178
0.7243796676086194
0.7584983859700984
0.7013320152141986
0.6317166927143212
0.770441668226421
0.6990306981358492
0.6538296590849324
0.8802182404895698
0.8031155722422307
0.7553088131660484
0.7818343153309002
0.7698163073537214
0.7647695252794465
0.7357872699217224
0.7627259268376675
0.7741750820881628
0.7065438603049614
0.7286137803994098
0.7781496748987909
0.7815739015146407
0.824119830148512
0.7876249684895651
0.8154727248846022
0.8007485621037619
0.8148587924901011
0.7806154317017623
0.658495057857836
0.7084203150274756
0.7891025215980704
0.7815861309283749
0.7923482209320649
0.7852271859489611
0.7773008771526968
0.9772493951640576
0.6625714793463877
0.6409954630415862
0.7469187875768857
0.7764618257450319
0.8152475565603037
0.930079705392602
0.777377998913125
0.775941785880673
0.7565157231666306
0.7822755914273356
0.8641471526122395
0.873810723943033
0.7991974815140166
0.794834484628485
0.6532497905777483
0.8008998126550547
0.816335973021904
0.7830113196432011
0.9070862629533456
0.7773877520449436
0.724786745907822
0.8375951087693343
0.899964211969563
0.699065670871331
0.8987812736219547
0.8575657830067945
0.853846269814643
0.7668838771415218
0.8086511694894869
0.8885407735847206
0.7965470881135411
0.7833986423944651
0.7867811515418932
0.8697748352804253
0.7709764275244182
0.807389752704807
0.7270356763068577
0.7266516273366401
0.7661345682992753
0.8804705028174015
0.8231352709104583
0.8288056182193086
0.8320869035884233
0.7697743845580005
0.7605327403296982
0.6845677171384218
0.7634956149862793
0.7749251735558172
0.707524887171332
0.765213688044882
0.859146956658417
0.7336749810314895
0.7751964935792547
0.7779352059578613
0.7497978300170509
0.8445666902068074
0.7964750649053814
0.8406605694098152
0.8465225216308636
0.7166582519357474
0.8253041648848847
0.761343789705901
0.7811357390618441
0.7197697728269528
0.841612078204783
0.8411923789465168
0.8013295899824657
0.810845066337414
0.8954896095722047
0.839985995573993
0.8557322315589883
0.8529415930362627
0.817394577136124
0.9056805100949048
0.8214152180287853
0.8334340018880798
0.8848160694037146
0.8679318053603358
0.6517042744616443
0.8297684383712474
0.8771789510793241
0.6471150049399865
0.8086581502524304
0.7840592769143253
0.665345379615937
0.8824425336206806
0.8942123577036206
0.8968248695836527
0.8266474636700816
0.8731010262467735
0.6442487222841431
0.8237498794659683
0.8290985532084238
0.825088196485799
0.7027202157307657
0.7149154732812721
0.7874266499266396
0.9375976905794738
0.8010283527790327
0.7600707118095239
0.7527396064330009
0.852334172466178
0.8711819968095305
0.908292501735112
0.7309578038247178
0.918550395699934
0.8655501018672982
0.905309355647032
0.8975389155109146
0.8460903234795938
0.8572241945310553
0.8014687150754415
0.813573007259024
0.8674180653629744
0.8599810913532563
0.7332167942253593
0.7397490893300387
0.7132630982392578
0.7315899291859991
0.8089632639240247
0.8659193874387704
0.8569797240026837
0.81115740469432
0.8397211597492946
0.8556396071394068
0.8057765268245547
0.8596363858262204
0.810980468131506
0.7187663441299961
0.8397693379625581
0.8906699634159938
0.6605245929067277
0.7742940378399805
0.8260347354301778
0.7579412052353873
0.7597671698860038
0.7704801578979259
0.8619552934719422
0.8293693265715474
0.7209355627557538
0.8725113585362545
0.673356762161873
0.7720759748984894
0.8978025877648637
0.8238498048874234
0.7321385494495392
0.8359284297482761
0.8616647562086421
0.8707671133304293
0.8425724155946652
0.8298770502010762
0.8489131651773474
0.8892508904304628
0.7559672657012353
0.8765786800830071
0.8133704324652817
0.8484107994542646
0.8708340854987362
0.9198962712226759
0.8621654919526897
0.8912299420116139
0.8412178558129122
0.857332417253199
0.8377005348479971
0.875812526302123
0.8820328787908918
0.7895202321157655
0.8466240569199072
0.8314727437879288
0.8303993854127905
0.8241999452269715
0.9144159846559035
0.8918446435576916
0.9172906017281688
0.8556200746998455
0.8292796083559641
0.8286693541654867
0.7338552874057744
0.8417903108029472
0.914885052614067
0.7636505134542168
0.7512963992318358
0.9142337682044017
0.7832931861969328
0.8378424597772097
0.864977089572323
0.8629576347149227
0.7479995242855548
0.8131148247854512
0.814869918819004
0.8530007685134122
0.8806930292635075
0.9201346815941088
0.8040330278935903
0.8561704077206402
0.8731623997427448
0.8155291525644306
0.8180592135790865
0.8628920036732789
0.9296520776559847
0.926610746406365
0.8254805181356215
0.8370743571845105
0.9076477774191992
0.8211469873829574
0.9001636575965253
0.9303453403667428
0.9120303634475008
0.9201716452034481
0.8874367892428928
0.9266577830485974
0.8602507356826705
0.7853145729602103
0.924846798919986
0.8613090885401105
0.9180471140756515
0.8866934339446142
0.8580877036155092
0.8863004794050502
0.7827639552620584
0.8949606725042183
0.8694807818757821
0.8734817316738238
0.8705772493343886
0.7807009807686229
0.7520466138286983
0.836012261977287
0.8787672337687193
0.7381812154236769
0.9030266819158987
0.7371747509395992
0.8539389616989497
0.9459089585887202
0.7821142914149549
0.8463282013812645
0.8287388532102704
0.9523099297774211
0.8651915702309643
0.8944457899512156
0.8642603268501392
0.8843159061379212
0.7988873029704354
0.8764852922456773
0.8446704275840783
0.8181152699615222
0.7603481005410939
0.8447809351723057
0.8672100723498086
0.8707406537165291
0.8516239488242344
0.802275332857651
0.7920486131015725
0.7801871968679229
0.8683366742121923
0.7530228638490966
0.8362945418879202
0.8090607292419405
0.7956530520411811
0.8652091579816874
0.8877864571904999
0.8143369932259326
0.7492027291615357
0.8542444670695329
0.8145335304439606
0.7922668417731005
0.7557293083223559
0.728448025795939
0.8119690996001361
0.7691108464182013
0.7227715945813123
0.742249390203618
0.7516578452938908
0.7128005021191796
0.7987494505377501
0.7724001720846612
0.8117096047204359
0.8539806705437561
0.801161704406036
0.7760903409440862
0.7339266468329899
0.7772525904007885
0.7884013461337327
0.8312583957187538
0.7733458559177887
0.8124226442718998
0.7236724909179716
0.8060752812462049
0.8567948408845835
0.7825027960997394
0.7648721730981713
0.8129583100936817
0.8227952237157286
0.8223442547317534
0.8200143817232606
0.7282947250118521
0.8095602065750978
0.7976390949368908
0.9255289014194414
0.84465258778271
0.8195357570702826
0.7901787674860307
0.7438432047573512
0.9367379731402157
0.843842209166122
0.8213435241559924
0.8444944936627203
0.8087354543335297
0.720310473919965
0.7905434954082433
0.7173675190962567
0.8257507655246488
0.7892215801794856
0.8281062213630545
0.7065485396924436
0.848418574015775
0.7613696201580833
0.7280870861525442
0.7445574151569734
0.8252650094880934
0.6773508507664221
0.8184605470767292
0.7986163757370106
0.7619911449851196
0.6693521610630275
0.801346843655155
0.8062487786436626
0.6689845125310276
0.8159459419949189
0.7126650772486676
0.8118022285338207
0.8191393350987182
0.7786233382343531
0.9082762745482893
0.9120770727114246
0.8766088622680989
0.8364753116366023
0.8849471628675591
0.835084313536032
0.8399380507594365
0.873984939654879
0.9346669243225176
0.6770198548376216
0.6545971019967297
0.7573812279120624
0.6442875159381765
0.6407872604933287
0.7410567842337095
0.7374808490816711
0.6516684249698103
0.6855493955613741
0.7721651153800292
0.5862954228170518
0.7371341610304769
0.777673187964085
0.7584822122100612
0.6007636780952478
0.7762850993476722
0.7284115570180735
0.6816112174271844
0.7154690328259401
0.7565942332565936
0.6190883944169827
0.696062009268516
0.7984863133956321
0.8423019587531433
0.8669618747958623
0.893340898761297
0.7496472957415616
0.9152061000829212
0.6657063615591481
0.9765918381243126
0.913416924338435
0.9723422680234406
0.8288634418757289
0.79982325786823
0.6404866994632069
0.6986613427326273
0.7468402029578051
0.6723247284402825
0.7142199809907961
0.6841018927147728
0.6156610060557357
0.6120846711969662
0.6639132963339871
0.685242148717764
0.7657324107727885
0.8398027998805024
0.727931061140128
0.6100161298536007
0.6520432517411712
0.686128519291074
0.6411417593487241
0.6535461943846157
0.8310577423944226
0.6703794821870668
0.6687974789674881
0.9509704762152845
0.8363070857839534
0.7474280522655021
0.9826330263281624
0.9012278215623747
0.774065621925309
0.8859865750155642
0.8559839897870569
0.8820866009147095
0.7217862658719825
0.9456797071353937
0.6279111221584759
0.6519341646013441
0.7315112400416803
0.7555385617060268
0.7289164439290313
0.5847419934360726
0.5694352707866814
0.6804937513524779
0.6704486209488174
0.5701262186674302
0.7297898288520503
0.7733722681177071
0.7701645552753221
0.6918443323353562
0.691981769139865
0.6000043546455952
0.7796840403068692
0.5856766513072806
0.611805483797004
0.656468586676388
0.6906053347495641
0.7078675358115194
0.8310584356627928
0.8215632567575264
0.7596184182231517
0.6387459018504771
0.7875900952291575
0.8918633947481658
0.8753564948222099
