0.9911354501767269
0.9508613247610811
0.9743218216857936
0.9760113945663891
0.9576692731754514
0.9916420240701085
0.9556865579078667
0.9795895176805246
0.9634363702637954
0.9539949381064204
0.9638732238744907
0.9525067843130026
0.9711049917714023
0.9602247232018237
0.9590744493169363
0.9773175127175153
0.953560509995715
0.9900823088587901
0.9793980257139869
0.969963448944892
0.979837052635632
0.958840246973931
0.9746533278238501
0.9726234558589338
0.9680038690829205
0.9663958058633644
0.9630059931868094
0.9595968386745479
0.9703295712249285
0.9730848240825922
0.941597463024231
0.9497110900667016
0.9543472140132854
0.9522109827102213
0.937008987475945
0.9496160086734315
0.944706067135866
0.9342125485182252
0.9376106042487358
0.9685226047342892
0.9682016877119091
0.9287357205567706
0.9491800630733671
0.9725059262165369
0.9523178973621389
0.9551341211323072
0.9619431367663759
0.9715564559473107
0.9227737185104102
0.9448892457046985
0.9454245356583059
0.9421780008069249
0.9387659697164391
0.9466064607271631
0.937165866399037
0.921098846117693
0.9437004066813445
0.9255541066956583
0.9512635155950664
0.9254198016724393
0.9353717855074841
0.9342820474695179
0.9422791523025951
0.9391978620440291
0.9353131843478963
0.950295153063674
0.9450660299844795
0.9429143077857263
0.9425693196948379
0.943719224085429
0.9451614087431234
0.9458972681376575
0.9461991606342197
0.9426070781396401
0.9280531042955518
0.9535078695079527
0.9452984451851627
0.9304692388026159
0.9433798747081442
0.9260714365777613
0.9305102675139674
0.9224709066575759
0.9321939257653697
0.9251053062646607
0.9312960534340962
0.9346990238567361
0.9431997009431923
0.9293696758634403
0.9424425812855124
0.9359476970210814
0.9333098770584007
0.9369901510312917
0.9285505511456869
0.9381229351066775
0.9411521455571574
0.9356847938503561
0.9270209030209462
0.9358578811320313
0.9373783393337203
0.9273940489285069
0.9399973412326428
0.940900588508126
0.937053901958867
0.9405548149810523
0.9430184129731016
0.9321006261476334
0.9359417677408112
0.9345334502004861
0.9360093824695049
0.9464304864669042
0.897507182081769
0.8869422880026712
0.9030382103711165
0.9001477708474739
0.8889159587767893
0.8979163820748801
0.8962082379570302
0.9421486566239847
0.9291626157717499
0.8986137253505071
0.9137958795544552
0.9172426185260413
0.9272992522027508
0.9268280951438796
0.9257757607791967
0.8911544216961231
0.9372699684765795
0.9401393614301565
0.9349174839020225
0.9252731122377464
0.9499010353445843
0.9454884025904366
0.9259217184127132
0.9294083986216535
0.9317963825533069
0.9395806794437133
0.9400637991762025
0.9253908577885332
0.9269475516644142
0.9435343363639174
0.9362446193681545
0.9251613001199699
0.8301916006627359
0.8701116817984558
0.927259458453338
0.9087884200164481
0.9512168660419497
0.9168432904703865
0.8630850732615506
0.9173451909157264
0.9373024120797644
0.9332032319337268
0.936597880114018
0.9344345919833993
0.8802708584233205
0.9416156488869691
0.875881360820122
0.9524688971019912
0.9440859288632896
0.9492100170854723
0.9462602472842172
0.8935343477435352
0.935233521210823
0.9315965979223834
0.9406700301200303
0.9313960691695138
0.9176654450916967
0.9243889694411597
0.925490790674702
0.8900617618004754
0.8656266224100045
0.8612577335242837
0.8733979441004707
0.8795221607292366
0.8534444917296985
0.9114343815437262
0.8989659655515024
0.8996344155089435
0.9178001163654713
0.8790633324713831
0.8817998408963266
0.9216297160605393
0.912783000986323
0.8969175291522333
0.8944997674103227
0.8586479671981105
0.9194355707964603
0.8870871613891873
0.8767657052431221
0.9105614970737954
0.9090030269486755
0.8691815417658172
0.8702522480974076
0.9218671207217088
0.9138532079278092
0.8664827368598393
0.8739156330864207
0.9125035536189174
0.8717280434290351
0.9020190632514424
0.9218132721640064
0.9194282461663354
0.898130332521923
0.874591498975266
0.82729909654302
0.8659860610843635
0.8548047378270626
0.8517877201048725
0.8487094039680755
0.8268326107930631
0.8348977890448743
0.8582887694480861
0.8243207772008632
0.842742965795787
0.8535054175294813
0.8418549852456572
0.8497610044172195
0.8449128394057108
0.834695865376935
0.8888469985408589
0.8942014457470283
0.8078599107232313
0.8816433151182526
0.8566521023997815
0.8271449754891549
0.8387653502407675
0.8537687841477652
0.8440708690530868
0.8500695168422865
0.8150612501090824
0.8629611453046362
0.8654258564480708
0.860980072178085
0.846655810255969
0.8358376843300218
0.822801284494884
0.7507668141145745
0.7815981653864643
0.8097367724455373
0.84318213511619
0.8240809974404213
0.8823920780045272
0.7746280557550871
0.8269636885029523
0.9099929901278145
0.8656169929141629
0.7521293104177726
0.7589477719180528
0.764947888004033
0.798032911527498
0.8937671888483865
0.8012857091081504
0.8089313654972374
0.7330990125128987
0.7593020915360152
0.8197702256623074
0.7798873691839938
0.8131108889334494
0.7947764026590188
0.8345492766853252
0.8269975904099282
0.842328634224766
0.7949064520861093
0.8524415428289215
0.800324916657367
0.7484019246115123
0.70581080794439
0.7913212928216155
0.7173698932018798
0.7177452795080861
0.8198713456435206
0.7637555547470785
0.7418823226418022
0.712420684639191
0.7223569940676178
0.8170001129057216
0.7115023636476816
0.7689946344220635
0.7672952328820171
0.7391904146234106
0.8339504895843972
0.7622648018177813
0.8199207555950645
0.8215306050803366
0.7157262545747676
0.7261283327923218
0.7648084776354866
0.7300610503038052
0.7130043246331668
0.7046438541483724
0.7572096356450191
0.8260007777858582
0.842161301065523
0.717311675799355
0.8068589836309996
0.8376868542807206
0.6513158309380814
0.7304053681986256
0.7287887763311958
0.6765568926575862
0.6275884000409271
0.681613179953368
0.6599738713671319
0.6888100277549911
0.6853776193398562
0.5898503355839029
0.6480384833310211
0.6649891885066668
0.6532604810764135
0.6125996472079586
0.6818372459368467
0.6501175714900682
0.6842523313449811
0.6794903008838757
0.6448328152835283
0.7314549490217467
0.6475148160443085
0.5936447367539327
0.7186605791073224
0.670944743384593
0.5702114462346616
0.630948771666628
0.6828071382420334
0.6180098852346263
0.6522318880362505
0.6736600825846035
0.6842883491228298
0.6788594707620216
0.6806123924568181
0.6800805341711296
0.6630758522553567
0.5965068791240764
0.6658778031305681
0.6105103117613495
0.6433313481898157
0.6129049983170828
0.6072371537947308
0.5924840267591108
0.6272319200243051
0.6168032675914252
0.5981020598040463
0.5900737740318549
0.6731569410476063
0.612740199947992
0.623640580829611
0.5905326621363487
0.6066356323978438
0.6174026497552896
0.6463977006079917
0.6633473144865631
0.6477216087839934
0.6108455243156966
0.6119820877214766
0.6216606968221441
0.5928610489426672
0.5867786140461446
0.5947339135678897
0.585732243482061
0.6314437762988703
0.5936159277786972
0.6293495647538991
0.6887850941978979
0.7635208716549673
0.67650867619262
0.7660864127847482
0.746744011765807
0.6679757001531095
0.7172855459609931
0.7037719091211397
0.7430297021330275
0.7446644519044814
0.7236839738305214
0.7100434151365886
0.7284483438718345
0.6755948602767411
0.7403633460397132
0.680928311095351
0.6733148742846257
0.6917362377215212
0.7029422907763587
0.7772821820300027
0.7501446640269691
0.6674735509504087
0.6743258300367134
0.7858498861436186
0.7646737502275237
0.6947270671642496
0.6855791205043313
0.6768875920615551
0.7525649235352033
0.7061958112906523
0.6644712130878305
0.6382697275568042
0.8315296573118147
0.6623342794981892
0.7855659902479346
0.749659936184271
0.7389583267954025
0.7921486412363528
0.8328512294082681
0.832889601984337
0.6717764599418778
0.6657537158456192
0.7487800756030031
0.8092532581444101
0.7392517077418592
0.8096670218141251
0.6918354076468602
0.6879766057108162
0.8120450575163791
0.784827862846853
0.7304612192035427
0.6833991926426215
0.7502270653630647
0.6275993343989149
0.6772656100128429
0.5938818353429343
0.783168724291986
0.8251432140889069
0.7935370648505261
0.7096283778982795
0.7370777173642644
0.7153322272289508
0.4977821764794875
0.7741984001934452
0.5148940894025134
0.7340784443368169
0.5429510333497104
0.7583656612946483
0.555037961134295
0.5989114383600156
0.5937021277178964
0.7756982843469306
0.5653311473785432
0.5979763280475765
0.6426853846090608
0.5535436228787088
0.7441480707381285
0.5585952319215504
0.5139277906490891
0.5372972745726552
0.5226385971597394
0.5574443171149166
0.7861911130558186
0.5429070306066186
0.5258436171065548
0.556086665502723
0.790287726058152
0.5502630211668943
0.554590991719296
0.5255090830991082
0.571535011840484
0.7535893143118617
0.5401989220382348
0.6107709809540243
0.5691156029813096
0.4720108357102407
0.6140321841917511
0.5483088396135908
0.49887693722313586
0.5418197495390498
0.5100397825396243
0.49460779954776496
0.5439874540873563
0.5079753742870848
0.5815945003436458
0.5788692663195782
0.5381842715038844
0.5184145523142591
0.5780756543287977
0.5911378119737645
0.567689610635671
0.6140191198099916
0.5923371619181772
0.5299020274499286
0.5742181624492322
0.5089832970741983
0.5020018536455123
0.5406558429298038
0.5722283792953752
0.524794099294484
0.5226322229721487
0.6481277558188656
0.5196165250759593
0.5750664860056198
0.5266902450368054
0.5685461126812303
0.4989083540919018
0.5230891312767
0.6104620103786491
0.6010581901228318
0.5979924796353544
0.5257562064503518
0.5195215974686733
0.5736217414706591
0.5871305089786274
0.544439885259967
0.4815876789805828
0.47421901833755065
0.4915642715945404
0.574050232123811
0.4875166599687203
0.572062619804969
0.5852614941286347
0.510947202801731
0.5575421284126103
0.5354245144557613
0.5455662637631744
0.5668850050855794
0.559530187219652
0.543591472178298
0.4700961034800253
0.41755125016425093
0.5458937935426942
0.6189883366242628
0.6161319354371606
0.5744232077531927
0.6089878689079831
0.5156327240053974
0.3100641144290106
0.5157375853053566
0.18697772655658684
0.43937436133921215
0.23518297541743546
0.360733999081684
0.2957632745620237
0.2264825557423027
0.24913787379130284
0.37056057095683886
0.21141092027091568
0.20370656684817515
0.2430937494090537
0.1861735814255122
0.40887878236906283
0.19359270110849702
0.19998963897397568
0.23258230376278166
0.2071195610478868
0.22843758715258491
0.45758218803703954
0.19913119400945264
0.18554901690237147
0.208826392628288
0.42001548349395124
0.19673556422966218
0.21137609735847926
0.20353293038034426
0.22561380919140378
0.408078307408583
0.20239818784078029
0.21172975355233037
0.3259841624361828
0.5625235613739958
0.27298036536528636
0.5534005154624242
0.4737237535593036
0.4837159323599529
0.5272434429872543
0.4586308515730884
0.4821435613539446
0.5236532421478585
0.6004512907254014
0.5882863586688453
0.39755034170270176
0.5369286408263586
0.5102980515233972
0.5313381577281795
0.5515965694763111
0.5757991788454349
0.3904515244227596
0.49519137490145765
0.5431404288966685
0.4709875673351282
0.5407784015187069
0.5757442225420399
0.3990899352607654
0.4827468287155867
0.6020214963345438
0.5536000793715851
0.5036707824524884
0.5387024988459765
0.45662063580155016
0.4119666067871644
0.4961941378630986
0.6635476649206349
0.8801288873935751
0.8543728432706545
0.6176166068717548
0.5580042268087286
0.516084581756042
0.46153114993117533
0.55989213319456
0.47992254494098674
0.5361547538347801
0.6070905700285406
0.4615832445998689
0.4388137353857983
0.5845854433294273
0.48735785976117346
0.4762980046579121
0.5846654639187636
0.500852969780204
0.45498846650671465
0.6067016258801572
0.488456268688753
0.5388702036204698
0.5694665821238887
0.46038950194256484
0.49300786652798034
0.5171108781752523
0.45341919775449097
0.5169589548549027
0.5488831685279995
0.5765987962785122
0.40365444884217866
0.5441105609952672
0.4989803566543417
0.47529496268422666
0.5271557791605211
0.49694539235458474
0.44702625848050626
0.5193945789923455
0.49630523804968507
0.44490619282200566
0.3466628086577809
0.4793569581107153
0.462771842165851
0.41668531994105684
0.4600582659709715
0.4625627600360883
0.4557211963173362
0.46266359517935546
0.5004381012524841
0.42456066134318104
0.49833592003792304
0.5380346265701902
0.45797406907345406
0.41657575423378834
0.3965020072620398
0.5109607528779665
0.4763261390448414
0.45874782740852516
0.4333521030355919
0.4753080905818512
0.5129898876375165
0.490250117230694
0.43392286945211395
0.5064069663923756
0.43060102236699555
0.41887173901920166
0.6094120661881055
0.5576220856252578
0.5029901125678298
0.7124286320840181
0.5076436791552074
0.5650365976400238
0.6458602196795051
0.46680970990407133
0.7060767686074361
0.3933835168170969
0.6674143565905433
0.5863312136453158
0.6047636969684477
0.42126655116248823
0.6048276043593034
0.4307596090695123
0.5466344931886675
0.6586197286584301
0.526937217523343
0.7103026220953974
0.7658049355893954
0.47387587023212185
0.43987475269949095
0.7499255032626855
0.7076629429741486
0.5594298450303505
0.593352485895274
0.48217345353967955
0.5243375822741055
0.4846938755227547
0.6090074224885424
0.4188373614273029
0.4355407059386106
0.7450739762225157
0.744987098001924
0.6656968954544895
0.7453575383070472
0.6897504561845931
0.8008962481489947
0.7482264433754836
0.7858478414933909
0.7742323279732561
0.8208417163795924
0.834319714352295
0.8175404384180079
0.8031789590344085
0.9080966583698329
0.8294176804673253
0.7593604770876871
0.8157352805785874
0.760279231143411
0.8843122505227965
0.8207727892282771
0.7727364193923763
0.8016609972472185
0.8098207604977583
0.7704399065458555
0.7822953801096232
0.838236657681851
0.8346822216815788
0.7221150032308179
0.8729650410067302
0.8146047121348363
0.7944775961886748
0.7698817858465152
0.8134862199491397
0.81237423283684
0.8133668530695415
0.817443738205187
0.8746512013959212
0.7870267162978187
0.8230743494858532
0.8629210576388218
0.7550353240505842
0.8279952626772691
0.8519631489604204
0.8487712457382397
0.8327321648584779
0.8858499635348382
0.7413885742370798
0.8426890629975681
0.8731954757361384
0.8702280924706753
0.7577193812228182
0.7351956395949308
0.8184880187944737
0.8937261938477964
0.8298080536576955
0.7470964258775816
0.7970353921231623
0.8605018543351721
0.8282246269805508
0.7932175361357896
0.8617787780691818
0.7583879298983214
0.7532667252691265
0.7348828998126792
0.8471791158850491
0.836931893789107
0.8368623029502689
0.8670128229014223
0.8604893263647693
0.8286893146087805
0.8804051077209412
0.7779111821480271
0.6930857701872986
0.7900814475855754
0.8363479611505549
0.7783542358786597
0.7737642285434013
0.8009579280880954
0.8249245625064149
0.8662099315468679
0.8502525739370265
0.822628555316286
0.6961499126701403
0.8043986718021676
0.8362467902374472
0.7780225099954918
0.8236985124825352
0.867383393011542
0.7983321587175507
0.880521601060446
0.8439979775669568
0.6372885285032172
0.7133062800091787
0.739388300883739
0.6941735241715035
0.8179932239521575
0.6273331830720061
0.7903636260452516
0.8347352967205919
0.8154880392747417
0.7641212723692571
0.8541796490190777
0.8813868855096822
0.8749553844126743
0.8317725901380457
0.8402066559882205
0.8497327584218992
0.7503901836706206
0.8328772798252511
0.727163645409342
0.7804640112188429
0.7756763741732577
0.8380472784658435
0.6980879800929701
0.8106088992090823
0.764847682944737
0.7719758916287225
0.7829156084703872
0.7120615855325584
0.8308254685236816
0.8555123950235255
0.6987058719357064
0.7745575975131315
0.8613225279611685
0.7534032424800827
0.8286665800591942
0.7558097790907552
0.7671378849062546
0.7005402890693505
0.8129134621198317
0.7498037799387199
0.8081428424618331
0.6994581232503476
0.7506369969078697
0.8374243427943238
0.7500210183630531
0.8383340404348559
0.668302790362044
0.7549134645080355
0.8467946882410542
0.911238632210757
0.7990778941257752
0.8949622073298353
0.8237609429193283
0.7448964505804764
0.8206664594618513
0.9033040873766347
0.8869932846989828
0.8861859367912018
0.8686487282078107
0.9198315558579762
0.8780036219352391
0.748847251953243
0.8450918657956785
0.9062546175903463
0.7846347062738603
0.8954755496091331
0.8689770315684091
0.8517048247412753
0.8944262897823417
0.8717549926588649
0.905732615430074
0.8563413214105258
0.8427033286963785
0.8653445534743187
0.9300899235812786
0.8677612234753134
0.8144213181819806
0.7716060597055356
0.9022873156131588
0.8954898880825521
0.8894649651971319
0.7661631202205716
0.8000604276187897
0.8222010200693581
0.8396183927192101
0.756913121307788
0.8760073954438805
0.8676023176552199
0.9097505513460935
0.7713405001581852
0.841906604530124
0.8161250435625602
0.859986315380514
0.8289303522377591
0.8770920099799399
0.8393884241684366
0.8147296230502341
0.8097285745646525
0.8630421655871927
0.8851760588666142
0.7285663972770979
0.7859100321956839
0.8711800237286376
0.7803353223162105
0.8962587166093733
0.8349947152383843
0.8466803283130345
0.7191054443180527
0.8927661720274648
0.8595629255796143
0.9003326187789844
0.8294563891686793
0.8637657144279189
0.8804518092554947
0.8142722335809807
0.8590128481197109
0.8219234421533663
0.8243341489602539
0.7450761054320417
0.7448367452345365
0.8240745808319988
0.8421152440329362
0.8146763579728227
0.767823551543382
0.7404309706483401
0.800190618354377
0.8196440940460522
0.7219710978081213
0.7724598310783226
0.8483671317899152
0.7449706201545931
0.7595216264745382
0.7605082221051472
0.7602916360999395
0.8470421221719224
0.7297547799751627
0.8191048605899819
0.7581888959309719
0.7354602826968551
0.8555676566386934
0.7867647809236211
0.8219077370064756
0.7659384016204757
0.8649290585243957
0.7720101635554375
0.816832967565883
0.798708274187551
0.7011939609888769
0.7035156382396613
0.7543907358252122
0.8656715743317904
0.7179584362632452
0.7813392029283437
0.751692297820767
0.7062599525248563
0.7038949680385158
0.738177669238559
0.8522797281105923
0.7337251051113574
0.7246562951619921
0.7318882658615886
0.7391682108317934
0.8191394481416048
0.6900076648874223
0.7115051070226633
0.7207285506113045
0.7019676335190326
0.7046527741431428
0.7671133598555008
0.7232548938704682
0.7971128826788381
0.8127281857912928
0.7129858965884713
0.8526237338939838
0.8175312794553085
0.7186268622766709
0.7230659032617617
0.8479903243002098
0.7795631207594842
0.8148273217496744
0.9091643495203175
0.8810333840089708
0.8634937921535062
0.8377960414721104
0.8771642418039448
0.7850550464885528
0.8627353290161052
0.7897579528883256
0.8281221822601885
0.8712042199717592
0.8220112590124375
0.8566915804595602
0.7958988466731675
0.872088944732565
0.8279289546259314
0.8945090831480373
0.7736813906005744
0.8195296306756088
0.8514266450789061
0.8516729844188657
0.8885754072074192
0.8656849021029167
0.8940860366097352
0.8070399221646175
0.8365636911824514
0.8731905007914667
0.8041876424033596
0.8590915613722245
0.8098071882127585
0.8233610832938718
0.7927970478906636
0.8304446000363547
0.771119011811316
0.720093190901741
0.7490048613564851
0.7589116221385181
0.7339371190275072
0.8076140852904028
0.6575029463202731
0.6897224020432586
0.6680392859135555
0.704867887015463
0.7057280615458903
0.7460179582121864
0.6654826026039393
0.7106794292466423
0.6614514975566961
0.7181458033554486
0.6880197945120718
0.6808201190403537
0.7115288940214655
0.6507543634260413
0.7819199855993091
0.7187721134950715
0.7230468497801807
0.6706261828027149
0.6594286055810625
0.7727449639414995
0.8035989187059738
0.7190068786320563
0.6743059309862276
0.781121107808344
0.6684415724690479
0.7527714355294247
0.7987883392361408
0.7999305393065492
0.643028970706164
0.6500929954730443
0.7055455577088415
0.6763406865678268
0.6777312938712118
0.7383256863669485
0.6585063378735458
0.6264582422454895
0.6905404525801284
0.6814089916367314
0.6710893872826121
0.7263121777646653
0.7440021050324352
0.691337446299982
0.6620660873763788
0.7189740541386823
0.6751187228049689
0.6878453489926488
0.6941774411590961
0.6595437148756282
0.6712103155042837
0.7052282211975955
0.6652641815614196
0.6379921866715761
0.7213650913161815
0.706938141881696
0.6358274453274863
0.697590352310174
0.6842623624079252
0.7397045550160491
0.7222142643800729
0.7100565477717449
0.708992310220343
0.6252752345771058
0.6670803870353774
0.6777586267913616
0.6451254769288923
0.6637005380171795
0.6251760899556446
0.6719012095778806
0.6431280950455911
0.6699388014846993
0.667592999448518
0.6704724122160142
0.6427863541769854
0.6493909995438586
0.6759192233282754
0.6280120362140856
0.6710084860491625
0.6656596007855569
0.6921523442520232
0.6555812309515564
0.6801807625668111
0.6731385595716959
0.6276509032741799
0.6549128171138342
0.6194785814865503
0.686012797979104
0.6539172445849513
0.631859228569911
0.6258322617009433
0.6251023182833704
0.6709238236223317
0.6919290268512485
0.6658925392648707
0.7106462953065735
0.6351921386723466
0.6643296412039715
0.6967599323786091
0.6300128524113429
0.6770035518801483
0.594490496418606
0.568337567590248
0.6535723854587818
0.6382852438317834
0.6249547824494739
0.677388707133306
0.685796545096824
0.6779827763082648
0.6519270425348636
0.618734984447678
0.6135016048661929
0.6414714700494698
0.5704825653897307
0.647127665705364
0.6181655087047058
0.655536673822334
0.6584962123879644
0.6206245382777669
0.6375031535250916
0.5793601414096146
0.6108913243093506
0.5963542766067065
0.6849081440295388
0.6445895603829229
