0.9806125448264205
0.9512804547342814
0.973549514471109
0.9768037142791405
0.9575141144890971
0.9902067085552869
0.9551259502467135
0.9789911360576564
0.9686025190746332
0.9535955441993195
0.9660055855612942
0.9525212621160717
0.9664042561131454
0.9634878634386773
0.9576988145243143
0.9780286475317974
0.9539563282292534
0.9908482368542604
0.978421857021441
0.9774662560071794
0.9923148945673252
0.9516958317526912
0.9717323766474416
0.9685569683451543
0.9591522728872757
0.9647417694827845
0.9658900094741543
0.9563600950130562
0.9622912356140643
0.968511740950218
0.9856337728043665
0.9870497993841498
0.985001236918177
0.9860204231055556
0.9557923467997294
0.9811596994573384
0.9843496626411657
0.9814427616499135
0.975435185806427
0.9796695987070206
0.9575918015714431
0.961537483491383
0.9566919041631012
0.9516861449223974
0.953628748612135
0.9590379576308243
0.9629882333573616
0.9319974676709997
0.9625540594826681
0.9672770153360624
0.9713665601940155
0.9420026788572291
0.9527892848791202
0.946853583265275
0.9375148649787977
0.9335501915126053
0.9706528615072474
0.9696134589880804
0.9462040693601094
0.9575585968765572
0.9685276974419137
0.9574373702261454
0.958633262357527
0.9681244601167742
0.966919472923002
0.946535446596301
0.9310701102580992
0.9253730753641006
0.9373055728536437
0.953738683722037
0.9472371957454685
0.9454419095931633
0.9421598468466665
0.9441540767199589
0.9295023764194948
0.9528074584250534
0.932860886932481
0.9437667938737864
0.9366484207370769
0.939065949288539
0.9375290847610056
0.9430465301569941
0.9513069393255993
0.9441773571334466
0.9418096705031418
0.9583047782259643
0.9478288334966272
0.94999207620775
0.9495629659282048
0.9573444716725064
0.9514634681846718
0.9523638912682858
0.9557200297762058
0.9529673421355365
0.9349627050976326
0.9508649352244051
0.939926237997041
0.9371259427202612
0.9250232770205182
0.9352274277492967
0.9363683309568402
0.9394325551451064
0.934910805330565
0.9414472525836903
0.9381960006803987
0.9395662912114352
0.9295004705198904
0.9327296942650748
0.9295600399261656
0.9377256242142513
0.9342564891488212
0.9445932398213296
0.9313176534822674
0.9306934038339103
0.9313248782980617
0.9454506667170455
0.945589339076781
0.9525702670704693
0.9517329144284206
0.944799461062243
0.9520276609288931
0.945474708781186
0.9480197850028422
0.9480103608630712
0.9692739449874879
0.9443318649074042
0.9683676438826222
0.9244181932569702
0.9179189752071055
0.9306646264359524
0.9347931445397157
0.921523896858269
0.9301110738270469
0.9283208705179299
0.9523620098126436
0.9344888713033181
0.9213948073929046
0.9324562882480301
0.9337176967455889
0.9060659732172824
0.9291438679108532
0.9271991065509899
0.8886722673742704
0.9183777604657615
0.9596378916762771
0.9697907271256222
0.96639702099474
0.9679832459088521
0.9724610057637231
0.9528666368303568
0.9289076024659058
0.9385884955027728
0.9657824023589417
0.9683352702807654
0.9354606679986394
0.965772968182004
0.9724207757757591
0.9706825205897731
0.9612194591670196
0.8935869649370239
0.9162950866052724
0.9287177772834248
0.9021300883789696
0.9361949992785292
0.9149122831191816
0.8749748645770649
0.9129744939671272
0.9373892063284006
0.935417758714666
0.9376700465712615
0.9328325872324477
0.8798349126555394
0.9299634797437688
0.8935902326110643
0.9345524528048152
0.9709068271901131
0.9717229485510057
0.9767189879757456
0.9533301387627924
0.9790556906011885
0.9657001951312896
0.978112426732199
0.9704039414629453
0.946590801465726
0.9610447314312629
0.9410626443937922
0.942228186640137
0.9244635379096151
0.8973073995169902
0.9307131224877241
0.9156714168024979
0.9069595096883121
0.8845231556258346
0.9227384445090718
0.8927835515256952
0.8885904091381023
0.8739782524169792
0.8870481047809327
0.9210527247838081
0.9141791219104164
0.9194906368215194
0.9070148100594666
0.8736182220026134
0.8898716654089336
0.877547002328274
0.8967042404416834
0.9255304720962673
0.9052032586762899
0.8693047432208718
0.9084584038655756
0.9053889250991156
0.9290370002484294
0.8936821004077518
0.8821821447835073
0.9169495680458145
0.8877305605800995
0.9015553117663184
0.9133319290726609
0.9155251152988666
0.9034789340138085
0.9003949107938314
0.8197374150844132
0.8742434055280843
0.8574471477033199
0.857623334167779
0.8925043779246127
0.8396452485139003
0.8635270711447462
0.8326901038295681
0.8348643739650974
0.8257020790309123
0.8607366176851593
0.852596836669962
0.8524415320013455
0.8408404053846468
0.8527065605328576
0.8553608370461923
0.8639978033770229
0.9050794886277985
0.9214124666847642
0.892513193904459
0.8915908578221821
0.8486182070317916
0.9179632357407915
0.9246846520156439
0.9225342588999288
0.84153401626393
0.8805489565831297
0.8875582724266968
0.8726619508807463
0.9436585718531086
0.8848959409059656
0.8773554377988443
0.7407830542282402
0.7992193803382982
0.7562980916780484
0.8005944034600122
0.8566837832169949
0.8299777666508028
0.7831729813820687
0.797430986401169
0.8431120989739406
0.8606218201497464
0.7711641508416348
0.7909706368825251
0.810299860676778
0.876790313475746
0.9112246406287636
0.8475317634655274
0.8367273837737288
0.8435527015813538
0.830647110190762
0.9132185629524833
0.8878738552091048
0.8661448114777563
0.8925474205989088
0.9218774257288187
0.8961264508711995
0.9231227640660026
0.8511406155030453
0.9223063438239364
0.8807543612204345
0.79331101575458
0.723590489436666
0.8320863505392156
0.7487565174129722
0.7231553325993689
0.8265170765145075
0.7857740635521853
0.7373978749619743
0.71236330085277
0.7171226738741345
0.8168888047527632
0.71281180186229
0.7940447672840908
0.7702924515212373
0.7273034061156078
0.8238096452029638
0.7598894186560063
0.82973079981521
0.8400848862203447
0.6839321048553172
0.6933115764265496
0.770641081261102
0.7216874633739967
0.656094213810171
0.6841737436501687
0.7548785892956148
0.85700103319166
0.8894708277306559
0.6886627171884085
0.7999903528820965
0.8646404644145799
0.6322835862601476
0.6458570002935484
0.7234521513812557
0.6692239482391995
0.603410743243203
0.6882003645012855
0.6787295365935051
0.6094526358458681
0.6214821099132581
0.6474026154636485
0.5988992851037647
0.6874724392766223
0.6150905501152095
0.6673283382382713
0.6822539298984628
0.6509242343591308
0.6805508059406098
0.667317326329333
0.6004776020352709
0.7060343008674701
0.5787921312425455
0.619587194785258
0.6741439760791501
0.5981345778627556
0.5667590669980782
0.615519417949832
0.5995303586959567
0.5967380214770708
0.5985640945576497
0.7075248099822475
0.627880927893465
0.6317698809163133
0.599522760719312
0.5958952378803615
0.59588249544883
0.6420741314915479
0.679169840051215
0.6559083835285424
0.6065096820479576
0.6209984971740545
0.626838301612652
0.5974221185297164
0.6070303165170852
0.6110149597083089
0.5977503035100693
0.6190878629258755
0.6137650769169758
0.6032263028659767
0.7726467673903201
0.8353425508695617
0.7098423920803874
0.7880525804038296
0.8104010851053978
0.7241335815199768
0.7584705316882945
0.8032034437204009
0.8128591177773044
0.8153836558157027
0.7389161886790377
0.8216688031768373
0.7667937247167786
0.7689342221790552
0.7895129441226727
0.6897304492562286
0.6869358717516867
0.6585673124193627
0.6915589978579395
0.7593314370989257
0.8181527730954101
0.7235456962960698
0.677590461959686
0.7546417910909202
0.7262826733227189
0.7229215159842843
0.6787024293338119
0.6747863623560629
0.6943303610760198
0.7284467198917584
0.6517593130747814
0.8562093715144994
0.9335271982664765
0.7301039270404696
0.8839537751693362
0.9380444140847364
0.9305696284481122
0.8747764827576466
0.8451004870324428
0.8763111714422757
0.8821099232849083
0.8655164997955317
0.8198353322414178
0.9059493088093485
0.8900354205671168
0.9140534133838274
0.844528966028555
0.8044370761023146
0.7423821601700853
0.8279304094752084
0.6673734771008923
0.768694848675733
0.669742546513935
0.6439781644037361
0.7804461178637491
0.7575814569812235
0.767504475030391
0.7661199576696198
0.6779561552681218
0.6293144647029952
0.7285611114952748
0.7666407345464021
0.7992250110641621
0.8210587420570953
0.7622253745590781
0.8191308066611839
0.8257558046267668
0.8948200194426632
0.8210350003066963
0.8802746524053955
0.8451437029820441
0.7927901437568726
0.7402651315673108
0.8877343668760007
0.8830009537031358
0.8957404140385177
0.8562679617797833
0.90765519268179
0.7939289265464413
0.536246060120892
0.7477336782935269
0.5551051965940349
0.7769664606810187
0.5421594208429796
0.7297290257446912
0.5579632264613787
0.6033212325171088
0.5758697855238474
0.7887091460875901
0.5490489010555041
0.5593380537156935
0.6176169346835664
0.537165323312376
0.7819843652232051
0.5278637843528051
0.6996971561070069
0.6366806870769881
0.5702620370438118
0.5862393855076762
0.7905587584972302
0.5492011983714651
0.6492526319922689
0.5717852082177719
0.829659920622038
0.5814529246396137
0.5850293458865639
0.5556639237051566
0.6677030369353317
0.7784245041169838
0.6257177210358209
0.6295961089228097
0.6038173002749028
0.5081053631559688
0.5704142973208597
0.5725528584382974
0.5119314208981638
0.4966497333188481
0.5044106818092586
0.4943257274254814
0.536392575778734
0.5109543016321286
0.4853608910081324
0.5434963213566673
0.536579984314807
0.5123105937381343
0.5911759910744201
0.6593821904190394
0.5830441783807385
0.5262461314437799
0.6433998380028297
0.5771392377958073
0.5675254837999171
0.6423511037754652
0.5479980114241625
0.5457881302430796
0.5975298805624166
0.5494053812172188
0.7122475299130377
0.7621744611845427
0.49865174035548904
0.470719342129161
0.611125929420536
0.6606420957749817
0.6033961933179465
0.604478248177884
0.5926596307016423
0.5993149913171759
0.5363535719448357
0.6031286639605813
0.5481127094115104
0.47088315087490484
0.4867683866054216
0.536062518798951
0.5880163805611247
0.5265804434324289
0.5751479180919516
0.5799460810666026
0.4550172184965626
0.2935306418298632
0.5205348493708379
0.41124801301983427
0.4530720640942155
0.27608985406909636
0.5312450780506965
0.33148284852062593
0.2908770927537955
0.41700645538820313
0.4580396988873676
0.2658998674096329
0.2712894068293377
0.3994414113671686
0.3511615868620447
0.5189498643544388
0.3901874634475657
0.2719193300474414
0.285100395895438
0.4130797941726264
0.1831365321790857
0.4441929264975679
0.23793538412715248
0.18554901690237147
0.3118856731045748
0.37889396062866654
0.24098010193585895
0.2144493653843353
0.21495432427126987
0.21888392887987002
0.3692028551625475
0.17405861659711241
0.2730094836000089
0.19773917312366646
0.4989365180959422
0.31383553745283993
0.47135394037371026
0.36800439722528716
0.47570993911799964
0.2897410152891826
0.33927769713192724
0.26190524568694196
0.38021799512927423
0.5650420199969284
0.2306130446277746
0.2696194252414235
0.28504981746354147
0.35344982790911483
0.24498116688636423
0.5061923856463462
0.6297364919728594
0.2871806753284447
0.2905548848572635
0.5493393204673228
0.4572614192416071
0.4293795627286858
0.5525517866610554
0.4365471141886193
0.4896767303283248
0.534419333048761
0.3912388177987746
0.5245298783832658
0.5271934106878449
0.5578598643319862
0.4807318703319575
0.5118899730221091
0.886361982991865
0.7501418896029989
0.8475728684246377
0.7843982934703944
0.7121131454736703
0.8024578809537958
0.5647005678251551
0.5874951420003584
0.9063500487951859
0.7384948738157905
0.5492981800155247
0.5927973691023709
0.6835994819892992
0.6204066179619638
0.833557958345112
0.8670231659361467
0.7982427603516341
0.6102931872857704
0.9159042072172017
0.7018322214260522
0.6075203102260167
0.5060141670492329
0.56178009025451
0.4446296421128366
0.42156415138272874
0.4808511237465175
0.4765624363628793
0.5275517449454008
0.5929915901997055
0.49861016897347843
0.4539354292733489
0.4966945693252909
0.49399846444629714
0.5387583522109214
0.5704024878897016
0.463340705414101
0.45370264731354215
0.499066181742116
0.538483029839107
0.4817644162263012
0.45746537388758346
0.47125956254695767
0.4986716297242889
0.3537828126876148
0.47767597283933294
0.5559309673338241
0.5207250451532134
0.42056320083970145
0.5533786367490372
0.47746715094371156
0.484581500720726
0.5269422554714727
0.4899065323915933
0.44702625848050626
0.46290605224474496
0.5218577807129073
0.37482335839189607
0.34500806279145624
0.45922679767326513
0.4789885960830954
0.4776464217656454
0.4951572870873891
0.3885708601389747
0.5424978579003936
0.5148590460067086
0.45481022315558245
0.615299291963272
0.5554836450660481
0.5514082005860852
0.6383980714123438
0.5729675851710061
0.6363265511134588
0.5926359274670525
0.5025773922443507
0.674477726857457
0.5589949588072837
0.6195032910375269
0.6483537462823467
0.6591442134550152
0.559123261857641
0.6725511931712037
0.5453424630600483
0.6323927270487474
0.7019699419449177
0.5809819145577249
0.6714769043720521
0.7380029358118456
0.5166991608754966
0.5372766808754188
0.7421697183599065
0.7096080378904779
0.5645923648982795
0.5296525728667207
0.4752382551817441
0.4805321525350255
0.4257722237739856
0.6677409633164934
0.4321736486390194
0.4193680092445834
0.7332265020228351
0.7866188310754523
0.6803795060984238
0.8069724065689651
0.7532366800729052
0.6970031425343997
0.7635581169715262
0.744082518669619
0.7450850032089871
0.7561944108512657
0.7403418053498663
0.7599091073497863
0.6523376719744831
0.7813783155874323
0.7357279528019532
0.8179214912685476
0.7518106187875402
0.6739900732809017
0.7848907365496727
0.6808429262812143
0.7394529225386135
0.7240523242731036
0.8608219032350196
0.7164279258418297
0.8323136582419433
0.8617536121988945
0.8923326856201399
0.8281732696720944
0.7845852751262379
0.8194850416302513
0.7848184871185315
0.7689173513580176
0.8033197253712383
0.8268090395913755
0.7801747802210656
0.8209433398817105
0.7017252217912786
0.880280190086599
0.8187741415363889
0.8179104148404326
0.8133928381265167
0.8474143600415645
0.9022778440115414
0.8380735281913456
0.8341935006333264
0.806170053402823
0.7954951241220642
0.7628563700519132
0.850701227344671
0.7951130246449232
0.7243405592099597
0.8847206202065244
0.8148031173489436
0.7458207459801999
0.7362003531758068
0.7882385544560169
0.8454566090965908
0.7753787424717514
0.8322005112753275
0.8811781299628849
0.8250009221839438
0.8761360776315938
0.7218504627266121
0.733494697885861
0.8675925710355009
0.8099310747014035
0.8376936571632088
0.805180449602735
0.8668182000044795
0.8337548567426707
0.819204036691632
0.8347535243674002
0.8382917038309556
0.6832435858329015
0.7667494229551197
0.7209148542282573
0.806895823642725
0.849123948515226
0.8373064091359417
0.8580654645997103
0.8814160824058714
0.8566499089318071
0.8329572120782425
0.7953137966395846
0.7054126584110697
0.81169777564154
0.8181534154248024
0.8754741828254771
0.7546602812153878
0.8071924635849084
0.8288606139485426
0.8192817257025405
0.8129729483126642
0.6880127795222454
0.7868881921185964
0.8735831210185219
0.8197471742805567
0.6791983727180715
0.8186256781763348
0.7947757193106382
0.8530262612151691
0.8006811823868537
0.8329590030188336
0.7307872289522808
0.8246415480198718
0.8898415266230215
0.8454480010961472
0.7275702688643535
0.7005080223761742
0.8418257843680033
0.851035251198355
0.8705094947850431
0.7024046869601173
0.6626422317668468
0.8358800848218186
0.7265941315297784
0.9017766349078937
0.8504577395838557
0.816249991339568
0.7442268035716517
0.8562440253621975
0.8535026541797147
0.8984632586271615
0.7794720124306931
0.8307804824627134
0.7609823735971968
0.7412972840427651
0.7679842539427431
0.793523579979794
0.8285332912568616
0.7505338934773476
0.7593382611880186
0.7063261807486032
0.7340927660839326
0.8318862925227417
0.8068217324381435
0.8167091325474403
0.8911486614948685
0.7015708431699021
0.7949946106646951
0.8225836175190218
0.8440896697837517
0.8465579821506669
0.8410456774705657
0.7157658113165176
0.8563784849260108
0.8699303634570688
0.8051470504878634
0.8311862366496556
0.8400176578484431
0.8606229254331306
0.8578126734742058
0.7956921815191076
0.8114153933823653
0.7267170725034497
0.8069515355936205
0.8883434023370017
0.8832312304236423
0.8600548823643217
0.9060291599776596
0.8689766913668604
0.8630061556187949
0.8760733084477541
0.832226555717382
0.868716187210232
0.8999192351678984
0.866016838595052
0.8187184544048421
0.9129769342273598
0.8030482401226459
0.8914185835478743
0.8873024508386729
0.8809146607586666
0.8223145374866865
0.8632864098137105
0.8633000246606326
0.85852618887918
0.8595996794492844
0.8621128913603203
0.7666731521958647
0.9093739705198186
0.8530161687818187
0.7600530412504074
0.8830915206895229
0.8666480167952259
0.8593617664746867
0.7427263297154927
0.8483379829597351
0.8558752437850977
0.8999960099948374
0.8922164555735828
0.8418950116190007
0.7656462498157114
0.8501532434323404
0.8537098631160029
0.9044580545088812
0.8433867011026104
0.839716695058089
0.8840823957808172
0.8071651865610537
0.8706349864399718
0.9033437697690785
0.8744105208073747
0.8218570871283553
0.8917496960849969
0.7651293243378833
0.8016508792095975
0.8347362299442481
0.8689039561969258
0.7777571698323447
0.8780362054634796
0.8235215243079554
0.8182533931120554
0.8113353601206947
0.7258169721545118
0.8793884396342699
0.9110152883488516
0.7684925635723738
0.75484222312005
0.8519768080040031
0.7777303495334665
0.88215881442203
0.8092752661055829
0.7628739062859057
0.709571808670282
0.8291276626860767
0.7466412358680264
0.7664074188901528
0.7629921923044156
0.8727601204549592
0.8261354481361984
0.7476910633951361
0.7545144382029716
0.728231734900463
0.8706288092705147
0.8917423020327229
0.7912102054322825
0.7432615939429343
0.8860826547087964
0.8206956873081142
0.8627615236343742
0.8780870848525515
0.9079075852437957
0.729091847834292
0.9153111723578783
0.868769808849664
0.8425045760669516
0.884735910184496
0.8616712423120176
0.9240029077120361
0.8974894886014879
0.9042801237849203
0.770349613853472
0.798026070964233
0.8998842999573085
0.7363435331721839
0.7265510130839854
0.7094722798640916
0.8540091631139737
0.7318061936907261
0.7363016837360603
0.7885819237287203
0.8045702930938523
0.697794032215203
0.8320017477852838
0.7418669459798979
0.6893061381200645
0.727046617469058
0.8493738403448816
0.7995153000952955
0.8299771864373551
0.78022591726675
0.8859678372371105
0.8026506752754327
0.7714014899119439
0.8409529247434425
0.7425458148313205
0.749302566912905
0.7424599463826479
0.8865139452186908
0.7746960183977928
0.8493785618245079
0.8025124302650688
0.7550998695116506
0.7798451350343915
0.8649101605442315
0.7848527010793668
0.8068587477661949
0.8328746177493462
0.861741672155172
0.8330919306148256
0.8421391222604777
0.8765693634505527
0.9039991214811952
0.8169236660962278
0.8296381668494306
0.8357223459967351
0.8886305621706474
0.8386812598040347
0.8948593208174009
0.811737458968807
0.8110653074757791
0.813770665340247
0.8081249012695019
0.7092119257114362
0.8445281151093049
0.792724140903269
0.8152375953837924
0.8610266883037734
0.7912813435143962
0.682688300292966
0.7381539771498251
0.7601474426410557
0.8535623187398713
0.759058594219196
0.7573589587149671
0.7199956999093347
0.7850439013625209
0.7512777098702026
0.8226402665048577
0.7174722078235263
0.748935223432682
0.6974872283792551
0.7735274094644662
0.764904905270597
0.7289097976051877
0.6538333009559125
0.7679126354825254
0.713830525740021
0.7261290723269892
0.6659555001910353
0.716754531022681
0.6633510247648599
0.7783713829829197
0.7871029375081579
0.8150958046384379
0.7441062139066119
0.7086630439644583
0.7420465014470768
0.7530416599987989
0.8219779704250924
0.7643538702608034
0.8262774998835268
0.7036213004597117
0.6686081440452085
0.7883653898948852
0.7093129623188945
0.8140264074562067
0.7694135588226554
0.8145804804018189
0.7104084490647014
0.7723192348163604
0.7818245742116792
0.734629286862682
0.7032552113512904
0.661955083776117
0.6498371313123061
0.666442649283888
0.6593258833199216
0.7008861847887139
0.6469450986508113
0.7026773527247452
0.6902336894328952
0.6957519595613537
0.6699819926933311
0.7171402423398077
0.741021627641316
0.7323693868720227
0.638669246639832
0.7873852307770226
0.7994566783407306
0.6868363599689182
0.7099260813511319
0.7428604311599891
0.6253694499619171
0.7619309074105833
0.705811310518007
0.6828953352186853
0.7228903140414047
0.7465791322550343
0.6277778594733787
0.6894360459984579
0.6927017544704492
0.749655650421415
0.7730035139939503
0.7384476923899786
0.6850061703022975
0.6708763393197517
0.6602553920044009
0.6847197104248629
0.6757907786419395
0.6200065690358818
0.657220064869777
0.6139419939405557
0.6744968480866356
0.6285111431084248
0.6512154902131917
0.6291492225812604
0.6289334070183098
0.6686937947706061
0.721174926324812
0.6946280846077488
0.6448095065065985
0.6686626457935342
0.6652080564536965
0.6905979663011704
0.672376625771747
0.7978854293441364
0.725330279094262
0.844505806268137
0.659303762762009
0.6852036265435383
0.7238041193041389
0.7450266977795318
0.687605832412396
0.7756279921121777
0.6830526460221634
0.7142365087915541
0.6183335888770887
0.6663471003483938
0.6202830942310142
0.6587515117516681
0.6703636696755282
0.6876477725724365
0.6742749433429736
0.5965951945042682
0.5999907202661727
0.6345912925524053
0.64413108690504
0.5610878236234504
0.6844912575051463
0.6550089925955506
0.6565810802362757
0.7208583099806933
0.7185274009038856
0.6134550367129059
0.8108172178997435
0.5876975902682597
0.6122641540982547
0.6529009300554338
0.6873547513614542
0.7088350857944288
0.6890323033393109
0.6525179437883983
0.5893713405778402
0.5713737437026775
0.614119102245896
0.7605223205603862
0.7040462174694415
