0.9567067523653476
0.9808549212809883
0.9964939929265955
0.9798820304262881
0.9989018729374108
0.9702118494424345
0.9942908995750808
0.9801658874355887
0.9821862161729309
0.9584702835513019
0.9787630518477768
0.9591613928664176
0.9744816099940532
0.9942513025751186
0.9714616271703849
0.9967708893804861
0.9785241647076278
0.988401359499779
0.9975350332034426
0.9800561010205742
0.9587646803412766
0.9968539153171444
0.9899875533733054
0.9801084670380644
0.9954332946967708
0.9945991937896606
0.9785634602330203
0.9906642620550647
0.9794954598819822
0.9827597459670795
0.9963176167144698
0.9595832344014859
0.9998958161548482
0.9996676955130699
0.9923498330546863
0.9806876636211064
0.9643140382237894
0.978017241614593
0.9715296051035256
0.9729331340799277
0.9566521254617225
0.9610090585237983
0.9907274187961526
0.971446790563445
0.9897262462271437
0.9727250786930624
0.9609746108841342
0.9697803316872525
0.9631847782963585
0.9658972798098935
0.9704514738172358
0.9827760482490444
0.9586467697054191
0.9715127344554471
0.9833860438659473
0.965469993066362
0.9995679761571619
0.9752722080543728
0.9897799873279596
0.9959364426572652
0.9918551811077781
0.999030876602654
0.9994855314948485
0.980931857554107
0.9785773228043256
0.9973295837970717
0.9999009311744005
0.9969560158885684
0.9846113041228909
0.9948693943639777
0.9868771880148819
0.9999420485964374
0.9962192576166313
0.9969303342715585
0.9756939763908836
0.9993534458823264
0.993761573151547
0.9996386848125345
0.9984647317868224
0.9810979952903288
0.9992465334807441
0.9964024579505089
0.9995010056445522
0.9906182899074409
0.9964385313574688
0.9990126314791636
0.9984786427980334
0.9989811484600637
0.9963755830070979
0.9961794245530715
0.9997674908131706
0.9962393807182157
0.9982903829218933
0.9997921851722144
0.9963435828236474
0.9931997675365032
0.9794790979679862
0.9937252217196326
0.989255395888565
0.9832036987849762
0.9969206850783632
0.9698379367438842
0.9756430663283112
0.9677529317125544
0.9987437211583428
0.953969952950369
0.9700216373692572
0.9778379771079705
0.9728213749933157
0.9730633659561476
0.9679808688593449
0.9730765493396965
0.9520913771623489
0.9635799393922595
0.9798508067168564
0.9852985887307258
0.9724417598673037
0.9870264564097629
0.9993031117726527
0.9838470092780545
0.9886242528580245
0.9998773777745171
0.9931550390168602
0.9708262942889896
0.9726046575420464
0.9476732644405659
0.9796460957567129
0.9743295669302654
0.9776604042110753
0.9523265513137279
0.9694456723514193
0.9562639606014541
0.9601630532303089
0.9736283357112905
0.9654975035233144
0.9538422620901457
0.9772168842022031
0.9688662788537818
0.9702775453594763
0.974393134587731
0.9692280069747572
0.949756566451529
0.9551472388976181
0.9789742872536265
0.9885958398575723
0.977896969836417
0.9668887263050177
0.9913504704964222
0.9735450113397187
0.9790055173077209
0.9736646898972408
0.9969610742854916
0.9601884887014929
0.9976947360074584
0.9762367833680676
0.9863937857095205
0.9736785028603236
0.9774648055515713
0.976505104840389
0.9797499035000183
0.9771672853652957
0.9776755114598101
0.961003856688544
0.9719842598473079
0.9841931764201641
0.971687207496625
0.9733660325478201
0.9653743964213131
0.9763832228742035
0.9773796190942039
0.9745969402336255
0.9726708766338017
0.9705213916327486
0.9742282391494161
0.9579544600267031
0.9964916916473558
0.9834388591825327
0.9988520445006679
0.9995944104663053
0.9989172558989587
0.990034679665621
0.9990099044222529
0.9823360100004008
0.9987872475065953
0.9951978022713788
0.9656446659264364
0.9652479839297905
0.9842443251981761
0.9744318259440369
0.9635750294901189
0.9740942894482449
0.9643968070612821
0.9688128243343122
0.9907486504477947
0.9652063481419005
0.9653615945787868
0.9716751216779014
0.9656640767316618
0.9705106088460415
0.9710005060073807
0.9610339125653053
0.9766384402333219
0.9954457439965734
0.9697548262985204
0.9799645520111187
0.9904449753753392
0.9784764705098471
0.9895437243618144
0.9829163170873693
0.9981170646880743
0.9810882224066519
0.9786665449690524
0.997841033336387
0.9845175358614346
0.9947633297995111
0.9860862072261946
0.9992397661393275
0.9310971465354985
0.9599168489210339
0.9772130527272824
0.9549364155300295
0.9731794984027244
0.9764371281398085
0.9283044846600655
0.9669104654307917
0.9882512330758624
0.9753283267150045
0.9792111141683768
0.9744651866975158
0.9418032618903058
0.9794757697236404
0.9342193509926607
0.9769593420598774
0.9708630651037429
0.9728153766599488
0.976267287575233
0.9543079065575073
0.9765362955745933
0.9637985572999024
0.9865900451941789
0.999870326516793
0.9916139055441555
0.9947527158177027
0.9956060924271531
0.9970831079982616
0.9760579746636353
0.9547361086821842
0.9476382534201364
0.940348705514418
0.9223969687578853
0.9901457314320155
0.9533038395487394
0.9780009406502699
0.9325733726957157
0.9108949675324942
0.9153142744829482
0.9402448948690609
0.982052589682911
0.9430750462751041
0.9358936454157711
0.9095268396437306
0.9448171940704806
0.9401912073158353
0.9480349046833467
0.9511946022180271
0.9852349029300447
0.9675796160447677
0.9802817811162221
0.9944667756806127
0.99662707636878
0.993875115742314
0.9783146696763703
0.9998109467000363
0.9899707598475277
0.9981951089780623
0.9771103160832455
0.9919291781355342
0.9898204372552948
0.9881584460070162
0.94686284988516
0.9656315472171271
0.9624823295613923
0.9733295999299625
0.9726246493618276
0.948511756847737
0.970810092793446
0.9678080400798527
0.9600656198487123
0.9552249107661592
0.9584307436900954
0.9562673860403094
0.9714315243895657
0.9603824055912064
0.9590266427832013
0.9934365204197049
0.9768618281112655
0.9219197179022443
0.955634561494356
0.9608018621417789
0.9396292620431643
0.999744171148446
0.9911607945537515
0.9904891979169772
0.9989006797785341
0.932940483652046
0.949768140741506
0.9779841726784009
0.9964489439827038
0.9737213333901389
0.9864510750206537
0.904600117282867
0.8575523920777772
0.908770692448978
0.8705249267531996
0.9582142731317459
0.906856254401289
0.914380459758536
0.9592202699644679
0.8906520300046054
0.9142303505717665
0.9971586109622393
0.9097416037844759
0.8787376489341306
0.9412135360663229
0.9181070323308678
0.9950879188092214
0.9017332338098862
0.8738279535688129
0.883754338817127
0.873606063332613
0.9462870819762306
0.9816162001448816
0.9824727719881201
0.9997404699294908
0.9232645940209676
0.9952388682956531
0.9894353184819644
0.940105985080994
0.9603903372702552
0.9968703687773676
0.7644884762196532
0.6510091085329626
0.9848936636124499
0.7645525861985993
0.7115836218874527
0.8457765467360245
0.7458006016167958
0.7219460872368471
0.7043944369647641
0.7176361908878679
0.920425511096532
0.6524215911891162
0.8156224264523242
0.8038513658813771
0.7225269148156457
0.8500901237759708
0.7253185378684224
0.8288475655682188
0.9071873743309486
0.6532235979592236
0.6733166253642925
0.9817576750395398
0.9565463874274287
0.7846406384502227
0.9528118768540813
0.9795623989304195
0.9989258252312767
0.9082851262731912
0.9935904207582262
0.8916864459663549
0.7287491110759693
0.7229260096638978
0.8219249619867587
0.8622870746550086
0.7687780068447043
0.7951910349059725
0.6896912528078704
0.7878249924041785
0.6991567389292722
0.7255422172871152
0.8716849664550603
0.8894741360806533
0.7754306408636074
0.8070133672601614
0.832419686082774
0.8243353627133587
0.8065812151028708
0.7068118444983756
0.67718859087738
0.8122960078461696
0.8437420670842684
0.6422234712762975
0.9935326152855621
0.8474669270385611
0.8702271699144115
0.9712364460994987
0.9552272515239688
0.9948121178420437
0.9993002517563611
0.8597959831004125
0.8398334784944834
0.9722931509386684
0.965880939905063
0.9759903650852544
0.9666981811939788
0.9313443965770988
0.9572303626182412
0.9070494742172927
0.9381514001166704
0.970238841330228
0.958821122368118
0.8516096251421839
0.9022363147781065
0.9062021371242617
0.8428220611555761
0.925073828543197
0.8809628212481895
0.9257411809714982
0.9959433849296837
0.9345335370297687
0.844873793026368
0.8479757224262388
0.940673209191579
0.9440788227299244
0.9955232119595117
0.9690943372050056
0.9755390588246479
0.9984049024060759
0.9867697824221162
0.9871698509151638
0.9797503012172242
0.9864956610379064
0.9932612534769589
0.98122228020891
0.9814143336575605
0.8697663745414017
0.9211820936378585
0.9415905838639046
0.9577096277466983
0.9642246650734672
0.9543250054388739
0.8849756648288523
0.9670664536217842
0.9364978553325873
0.960399448766226
0.930738405404339
0.9967275503915511
0.9354111553667571
0.9676435740796429
0.9415076813358075
0.9527799148730235
0.9615094706651498
0.9214960020235687
0.9667655337089747
0.9678922675054635
0.957592091016279
0.9384082515234894
0.9946726227944236
0.9611038234464899
0.9708892286732875
0.9741806686777742
0.8918734749385209
0.9313241448628247
0.9799888725170047
0.9531190659308203
0.9928957964661802
0.9391266726659799
0.7992418763544347
0.9441318393690101
0.8660458428321649
0.973173213432632
0.8406888174172176
0.8316970581043066
0.932673150586155
0.9267843745305624
0.8972111972123193
0.847563032205814
0.8539551218263768
0.8932497470009634
0.9792144891809371
0.8654692509225475
0.8991934083311972
0.8904907619299085
0.822385404078388
0.8597785465096646
0.853967794257354
0.9405791791293227
0.905424916554232
0.891572891029473
0.936487162671019
0.9067734022357643
0.8717031643815485
0.8970490534801838
0.9042932452705685
0.9704586403954074
0.9699099344073949
0.9454500358463904
0.9971823270383384
0.7496244555641793
0.9766032173124851
0.6777697025998771
0.8778524010958524
0.6781586659472972
0.8765772047162613
0.805995954367726
0.6964410703684449
0.717979427035163
0.8771558731933213
0.7322465972399632
0.7136971832885404
0.8043708222131569
0.8224787810470218
0.8436228143418429
0.6950105458250766
0.6750887321784571
0.6865522582042143
0.6730837709800652
0.6693177868485201
0.93758404005552
0.9966251064183409
0.8427459056754676
0.9979319535436451
0.99680384946577
0.9838457745947351
0.8634947196037257
0.998523972815649
0.9949849857661678
0.8911034315057322
0.8630175259301681
0.9931082703907119
0.9944984556157185
0.5472749319434559
0.9350061645684276
0.5813215758298965
0.8154087186822605
0.7453010687855148
0.8227138658328402
0.8607850434609445
0.9514700430137191
0.7311004110191577
0.6243935814993935
0.966167414172116
0.9611909299718957
0.7629939812550713
0.9157403768908057
0.9988518622900542
0.6517327524275406
0.5520518387139483
0.8511439103013486
0.8237554539758312
0.6133571669544424
0.8647896598144817
0.8495067798440326
0.9587066581857144
0.7693535233625075
0.9985220769878704
0.852488361166664
0.9139803309664987
0.9905627332927683
0.8119016788078477
0.9751517502723931
0.6899208020034394
0.8219527330011298
0.4509244910065313
0.48306040836817893
0.4966127168380269
0.4363404818584378
0.7017559279036625
0.8428293592232327
0.3426675360802345
0.5680993065435568
0.5158958790372444
0.5936238332604254
0.7796133847501765
0.3984014049001925
0.355130528599456
0.7952196980564631
0.35237713197489684
0.41079193774179734
0.6671687842770069
0.5413051487584958
0.35847698780567394
0.5977961424119578
0.5325172130049451
0.9699670595855383
0.9113832813759671
0.8996092628225969
0.8652288899097392
0.8755808616318179
0.9622790205008032
0.9600137496807959
0.968851773687443
0.8592186224640639
0.8139591937236992
0.7090084052031778
0.9235298087963348
0.8630241945517301
0.6818802955712684
0.8951809011000968
0.8251598126905293
0.8301768604907087
0.8720581541761255
0.9842447404606617
0.6614815956856817
0.8600645538591903
0.8440353140142307
0.727652022536389
0.8684064153789425
0.9311742094133484
0.9296987962135597
0.8100359751694781
0.87013221060642
0.6710060933007582
0.8424667378441254
0.9261090702163788
0.8524623292995241
0.8053728212263325
0.9888275374887956
0.9983402833800188
0.990513547874925
0.9962726170702487
0.9276710136067228
0.931899995279571
0.9374010153074566
0.9393074583032618
0.9323003366333957
0.9008555316233164
0.9808215863121238
0.9954032220024456
0.850732645133904
0.816002471919647
0.8690708221922088
0.5851509338353817
0.858079663168952
0.744046142705959
0.714544342858459
0.850147442209068
0.5223285503220282
0.8852212940800639
0.6706113954223123
0.6981136485651225
0.5956798227108984
0.8745647306277776
0.6907791457696768
0.9371548429820136
0.7573199687775265
0.6177255830851258
0.9092885623330598
0.5822379655814702
0.5415431119041192
0.9115165283113682
0.9826126174992226
0.6511620837359428
0.998831667754613
0.8479275181554302
0.9942452676882486
0.8476944158925014
0.9990922137804976
0.7530649363181605
0.7054144868788269
0.6989187412549326
0.8628006570214571
0.9778575533273859
0.49150671922315553
0.6056758073123643
0.5068048093146054
0.4921986435739093
0.617285869970656
0.5468191484286768
0.7028830079960748
0.7529088679795196
0.49411534923840683
0.553665684411668
0.7472527621281371
0.7436161719488591
0.8477484131171098
0.7382796865368164
0.5171487329023368
0.5051664703400139
0.5327191321162055
0.9330129522169466
0.4937842125688818
0.499141506293094
0.6694485938814233
0.777120580534839
0.8539111760483307
0.9269271425186398
0.7449700750163561
0.8108771798712391
0.9669853495783933
0.7809858177456481
0.9585702827392713
0.9740199749434464
0.9426703909088102
0.854152727191004
0.9984281718138903
0.7057711685296173
0.7092183380248258
0.6435043485924989
0.7295352523258455
0.768912077394479
0.6998521656144897
0.680367908448513
0.7912634225091026
0.7576200761550876
0.706200672157185
0.8655584178920581
0.7375020629400137
0.7586407397197814
0.7263598924726175
0.6475000781067558
0.7067824222073209
0.6492283631010994
0.7130124192307234
0.7324345625492507
0.7445988470131875
0.7912681997084385
0.8561431263671581
0.969334948151949
0.9395531330340069
0.8396163028489385
0.9771165728088447
0.8221472938813342
0.99467328624064
0.9222510798508693
0.9993150401207422
0.824983421852636
0.9576811054846608
0.8930951449086255
0.8442212144299723
0.7619218617921445
0.7634015723729941
0.7741885020048113
0.6661781866720856
0.6554494207210051
0.785413633110436
0.7653474490945303
0.7104097457229687
0.7191361511471006
0.7525816382308542
0.6678609033736078
0.7639054529918128
0.7619540378851917
0.91402230293154
0.6514457600847618
0.7684287028031755
0.9252337542043465
0.6668496224607178
0.7543948827869934
0.7582364639141619
0.7158699724653077
0.986995569879351
0.9593423233148903
0.7842286465880687
0.9406084836856258
0.9811849362844818
0.9947792771957565
0.94670885806176
0.6824190496688204
0.7868200186079211
0.9634969897676379
0.8794241987820322
0.830413340677641
0.8727828246763893
0.8361880204857608
0.7133163585949899
0.7804965902850312
0.8419106414907587
0.9225338807007859
0.796929069364355
0.793954190924925
0.7222632660617254
0.7821967701225832
0.7761457834297206
0.6625050699385113
0.7699024722298461
0.7334790658804684
0.9188910325391499
0.7812159959142428
0.8795899707482944
0.7817315853620583
0.7324464494287115
0.7754035740309749
0.8538425531267289
0.7521523117795255
0.9971691945904093
0.9430019057836161
0.8319872136696776
0.9149893475328095
0.8916660099122756
0.7370474144890868
0.9879780728591057
0.9415478924603927
0.7767664858246434
0.8831621463496324
0.7979677474386899
0.802813312212859
0.8448201470321448
0.8578020896900265
0.9132151077121788
0.8378861357858759
0.8883771901423376
0.8295051588300961
0.8535935911885871
0.7947459196789312
0.9014475848120855
0.8667030087568217
0.8374437248942519
0.9524900154259155
0.8434552257769534
0.7914838342025381
0.7608937546576751
0.8282840394346385
0.8206687238743863
0.7163953101368614
0.7884281695909534
0.8616374086938565
0.9225256327307352
0.8245812864247661
0.9260734987930659
0.8597490025997154
0.8306610849900185
0.8472588239886243
0.8665530328837832
0.9633894974957165
0.9827215192265032
0.841841033794794
0.8925860561860095
0.8122117310991008
0.8448457121463955
0.7996573982897437
0.8309641620557509
0.7102412514449031
0.9041618002314644
0.7913734043824822
0.6953559308675289
0.8622967265502172
0.8903707136208486
0.695838120788032
0.9106817392530141
0.7976834538924412
0.7913814094428908
0.7967349673033971
0.8227646476738665
0.85040698187942
0.9551599114557159
0.9312590124218114
0.9145733006048963
0.800389389310627
0.8792104736210816
0.8081070780435493
0.90876638526898
0.9078033885645846
0.936176712165026
0.8441433282242028
0.825698687017179
0.8264025779921751
0.8963050127493798
0.8693853618647687
0.8101550524758621
0.8581672762974173
0.9397771210279983
0.8989337703308011
0.8902950046406002
0.7807246569408893
0.6913019848196886
0.8078113000593964
0.8553881077984844
0.848722742154659
0.8534354668084438
0.8755977477332924
0.72491852207737
0.8385140920814227
0.8011015706448787
0.7908525757205508
0.9511423754342372
0.7889435340361108
0.6958371977030979
0.9117984844297651
0.8973811588663303
0.7649641054617934
0.7432535860187212
0.7391998336175897
0.8870637293381796
0.9985639867105967
0.9410395927134081
0.8368764993130365
0.7999634786298702
0.8128756707313365
0.8131572648551297
0.9315026692686792
0.816294948964841
0.9066869474037197
0.9974117685146139
0.7868819495798174
0.8314234972724633
0.8846298401522155
0.7748797714377024
0.9082627098406071
0.983095342663903
0.8735272568792973
0.8089381645863853
0.827361889701612
0.9176122279215262
0.8999906886355704
0.9256788787360205
0.7690514297179822
0.8981621036263261
0.8898500902297084
0.768867892243991
0.8027922510444718
0.7757682018806102
0.9643441787230638
0.8763180490101836
0.8517891202655767
0.9375150316764299
0.7750610183722948
0.9960712912208433
0.9848421935208194
0.9163799697530977
0.823042878573472
0.9088036025250839
0.9412583049896215
0.8334463419037835
0.8294804837275105
0.9331360057963688
0.8620692250333872
0.9312693591223086
0.9024305912002126
0.9333558364260319
0.8561846222219995
0.8373944088762563
0.9318208571434088
0.9100724890335525
0.8485412769175951
0.9116797381594197
0.908427357580277
0.9063503086558456
0.9831010555915441
0.9071415594054884
0.8464694429492501
0.793673319482247
0.8943773876660195
0.827189047519461
0.9251414150399252
0.8390816469513461
0.8104238492291289
0.7875008158920245
0.9220232411711804
0.8386471892318045
0.8560945262393017
0.9582630981256618
0.9132206942995958
0.9937794282333166
0.9823643568031604
0.9674388441930768
0.8547058995786706
0.9631931569797223
0.980897982011786
0.831469469019912
0.9993883952831625
0.8350203742197257
0.9044060459766341
0.8513560825411972
0.8681796855338828
0.8771760624542915
0.8207390344983101
0.9256614574241799
0.7862520036142872
0.8928719272619996
0.868703524652489
0.7555366664853533
0.7651523914717089
0.7783426849788782
0.8757065780142703
0.9623541364472517
0.8382458134473594
0.7704295599158603
0.7841502754839729
0.7882701666302054
0.7543510381350688
0.9362089180176075
0.7637739419935656
0.8521062272710453
0.8288539687389758
0.9827662759994688
0.9149156931459116
0.996085018746339
0.9113479768134114
0.9541357383495086
0.9863686425716108
0.9826193506096192
0.9224369255748777
0.9924859877788308
0.8686430631951328
0.9963142393543344
0.7947995836961446
0.7477261333597021
0.742696695538934
0.732281578576632
0.8239969961321252
0.6905190079062951
0.753648201580734
0.688120852243151
0.7423541087112613
0.9871337184454627
0.8162742951882993
0.7446655749253516
0.9193708906173994
0.743747523199276
0.7668048689050191
0.7604217278861031
0.7448843084889327
0.7692649659557199
0.7888301965485518
0.7736726720591964
0.7203422416265259
0.9599116897104462
0.8817419037370557
0.9388085196837233
0.7146866419348519
0.9928027640268959
0.7144568787268313
0.995542456733751
0.9820069393806368
0.874372516355136
0.8379845143600082
0.8725875551389379
0.977491005845223
0.7545487343401214
0.8602893145714615
0.8165539702742296
0.8269651705753933
0.7978450983330547
0.9297845514787111
0.8128996979223219
0.7718050665190312
0.8308501238039163
0.862052119493995
0.7514837302801458
0.8973072689161703
0.900735290757137
0.7851931461859731
0.752344737747751
0.8346831799785739
0.9627154993354152
0.8227292427773416
0.8477848566483468
0.7891602402476328
0.8339662629404593
0.9176136864817409
0.9681350936314546
0.901120552837642
0.9195258378865147
0.9988904184455683
0.8474955530652278
0.8807352622105236
0.8635287006671032
0.984135757739136
0.9227149433873119
0.9477982380908692
0.9968788491113187
0.8896960171775834
0.8535369873146285
0.9472716574315232
0.8754362097837503
0.8499191899424483
0.8195699851133
0.8578451830070205
0.8148956980639074
0.8444763417132404
0.8031463626900027
0.8358465065603824
0.7863257126630511
0.9501977843551559
0.8426875331344675
0.9351228894186692
0.783018298115425
0.9033343449427718
0.8795072037816327
0.8929914837590427
0.8894484406122523
0.7874007612888902
0.9986695918501421
0.9992058735027609
0.9298279395629254
0.9980861148470579
0.9558044218061915
0.9610559260661586
0.9030418875980197
0.9240844516288708
0.9848853623325129
0.9927781577143839
0.966783725291412
0.9117094005361227
0.762942845069819
0.8298714134639479
0.885197440465036
0.8191583641972766
0.8145619338655445
0.9514327799580342
0.70552931434838
0.6729491273001725
0.9086385304959765
0.9002115642995716
0.798451758842638
0.9866947055722223
0.9439420990027549
0.7585352652573412
0.7680037830997962
0.9466619382211555
0.842004963053709
0.8569617517146093
0.9270929622811059
0.775462892315939
0.7171628454130978
0.9802670314803799
0.9571028894193245
0.9527761144409923
0.8385621576420574
0.9186951015904541
0.8539319887702395
0.9808063421692003
0.9904152277509599
0.9412372883853262
0.9901748418621047
0.862663325038068
0.9589232946936442
0.8092880651227231
0.7684125784770319
0.8559061422073861
0.8641794309455331
0.7319469492486366
0.8911663759508777
0.8424579749225567
0.8876261295306919
0.8295898545885563
0.7677044379754345
0.900919066155531
0.9302198906696939
0.8524569217460778
0.8816838732945642
0.8667543885880119
0.8077627769688849
0.8495426774002282
0.7081389755395047
0.7347541987310869
0.9036443860711194
0.933215001017402
0.9985570105419589
0.9194271056871071
0.9899329419591908
0.8881445461435034
0.8661143757302777
0.9976425264902413
0.997400332388759
0.9987309881888644
0.9879046868851302
0.929386342880693
0.9138236865023829
0.9982467550605205
0.6674794271787556
0.7865499026754661
0.9254671724757255
0.8969630853227357
0.9239804255565154
0.7692921229938401
0.7327574434732003
0.7514145453797028
0.7519311757899017
0.6777247783777203
0.8316999810316907
0.9081509558146634
0.9432234193924166
0.7723702955704552
0.8478537067814065
0.7461306447867178
0.8930924381435938
0.741370609195072
0.7656462526539118
0.8305042289836255
0.7919268329718185
0.959044815442489
0.9900641876603993
0.854189818783901
0.8399788645446883
0.7653278855048881
0.9795734750269162
0.7515791033773314
0.9796917907769064
