0.9914279092921514
0.9510329090043725
0.9719183881598963
0.9917368920530532
0.957101873051599
0.9917250187173358
0.9557204492976294
0.9809959421300798
0.9685089560734306
0.9529010630179775
0.964260096551919
0.9525336473790482
0.9706404469688048
0.9602494002860268
0.9570115513965247
0.9767343316309411
0.9535633120284108
0.9898654511181162
0.979897116492111
0.9748680876504214
0.991954570734394
0.9520257318524562
0.9710689272226868
0.9677933500354357
0.9600312051341686
0.9615282458077653
0.962920125184082
0.9572395848402222
0.961793174300505
0.9683444444047613
0.9897437840870225
0.9858510797484175
0.9881952227220341
0.9849836412856865
0.9562168827627855
0.9815652157162864
0.9850163689326448
0.9805606741731833
0.9780150567909187
0.9834393568413626
0.9589816446805397
0.9641976198743369
0.9595771020849023
0.9820555245519872
0.97530279675199
0.9769430989529349
0.9563081294817479
0.9545299712087306
0.9649108983315688
0.974522705148933
0.9300112039419725
0.9509279459869402
0.9695181600911728
0.9528268477567197
0.9412201047134748
0.9511888810628647
0.9562224393275827
0.9247696279847271
0.948599895942529
0.964252176696526
0.9654405051438295
0.9450688427297971
0.9559987002895347
0.9677984472087722
0.963595873275856
0.9610527562689424
0.9895802648032317
0.9681829888437623
0.9439574072834467
0.9304948529681323
0.920155108990123
0.9452027531598246
0.9524807270224537
0.9518831955931671
0.9249919971746071
0.9427907285336168
0.9442949920054107
0.9441839742059194
0.9513526482715687
0.9317772459783258
0.9437148953908923
0.9414502749441669
0.9464416609117614
0.9355741262153012
0.934780189072533
0.959756173373997
0.948853922132632
0.9442661437518092
0.9558429201852423
0.9520673012506314
0.958887667383133
0.9557237692238169
0.9481070108227219
0.9494702335613342
0.9470802052259093
0.9619128352860155
0.9488586320650503
0.940035647645904
0.9467884228321777
0.9396441005238685
0.9354210922499997
0.9253940245550246
0.9411929179900436
0.9296006386416518
0.9451321880134559
0.9277484994552001
0.9433441295375657
0.9351931897256606
0.9420686236302424
0.9390114736252339
0.9249846976116243
0.9362362488128227
0.9298235626200593
0.9382892735426542
0.9415264091154296
0.9409975821216852
0.9465731900184864
0.9456832534757151
0.9499040802571093
0.9443967633967971
0.9495739455485286
0.9492226476061427
0.9468918221946279
0.9525258272376822
0.9460390479393175
0.9450811270146643
0.9668184881267048
0.9702602939885286
0.9615186957611963
0.9495561729130437
0.9337688597603186
0.9232916111069135
0.9339811821932937
0.9401995564463822
0.9250175430094936
0.9153275840493904
0.9202004602066918
0.95342428150502
0.9364846261001956
0.9102529051554298
0.9245947448337571
0.929595113335473
0.8952857449588355
0.9158104733221862
0.9372208941792407
0.9611773961767489
0.9648267443051652
0.970447396726416
0.9636147236785053
0.9518230265375951
0.9646016554552411
0.9713713122615103
0.9371704178411806
0.9338862389804405
0.9431868018218239
0.9738312158235649
0.9681354049718761
0.95089041992674
0.9593444790373038
0.9756941507983398
0.9706131198376791
0.9505445325592947
0.8862941446103845
0.9090282909607418
0.9372749931244141
0.9011627243819076
0.9383348456515825
0.9118614285230177
0.8638766906952491
0.9232884624657219
0.9365269913116725
0.9388099758509656
0.9359877286472671
0.9556133614258623
0.8925853642580925
0.9669180962907846
0.9114555384063241
0.9755042183133282
0.977299365412849
0.974879995203519
0.9743659427000273
0.9560344610803562
0.9739066052348053
0.9569396769796223
0.9673495307481156
0.9454357855625051
0.9716192139208106
0.9736705351675696
0.9464144175627897
0.9394064410458558
0.9205816873542085
0.9318761995477456
0.8957079973017144
0.9208152048107275
0.9023471238184784
0.8857699719923046
0.9048569224752793
0.8892011349974194
0.9205442100032618
0.8729941252655098
0.8923585143410934
0.9206112221607267
0.9194651891427345
0.8927080332782995
0.891118565847332
0.8720779608322686
0.9284476902752921
0.8972926908265623
0.8993126512111845
0.9214882985500557
0.9028814614098344
0.9005084317263587
0.8960266419674667
0.9213016635848095
0.9153597348270193
0.8949275891089139
0.8860481441314374
0.912235434989342
0.8976104085415642
0.9098845797634609
0.9240178546229976
0.9069146773079944
0.913545798973447
0.8943563537299066
0.8385953306613165
0.8741409020038979
0.8556628594989467
0.8693734255556691
0.8565281790039616
0.8139169066343334
0.8565160321485281
0.8579534999790308
0.8530804531681662
0.8139491802734045
0.8432375464122914
0.8563270184846444
0.8639272447329212
0.8401720562472814
0.924210204506519
0.931041398889572
0.904572264010272
0.8948159359068848
0.8812956282982961
0.9201641248703374
0.9141051581205517
0.8856283212250358
0.8815738944478766
0.835044473221323
0.8889886089389544
0.8343661709245265
0.9452001378340483
0.9021617013458985
0.9408206558244943
0.8789189203903499
0.8739917841401247
0.8112583210108126
0.7513726681855182
0.8403762334250033
0.764951140819975
0.8093064213899834
0.8182299308195462
0.8396490681802387
0.8030726674821624
0.8146357317467665
0.8536709218058401
0.8912559727233325
0.8143653164120178
0.835791147249797
0.8230821515518615
0.8856237924140704
0.9393016527196475
0.8638295072819191
0.8482996956672377
0.8500307807060887
0.8465568295272506
0.9147009301228237
0.8857948039510724
0.8483366704010378
0.8798893472734896
0.912547278403184
0.9152004715915909
0.9237254061032553
0.8641951234782165
0.9198373829044741
0.8836406664328454
0.7938153791188161
0.7247916737149273
0.8348121051223572
0.7552477339541084
0.7216181310119771
0.8152654881895095
0.784976911478481
0.744586034278226
0.7130208294132461
0.7177753890677623
0.80835112999995
0.695727179034886
0.781824168147802
0.7749712069839856
0.7492408603112581
0.8837301862328235
0.7435093999975575
0.8615544072703617
0.8377546585493928
0.7077255393687195
0.666628018395165
0.7692054626145813
0.7125183016289257
0.6789043151413809
0.6529685959190819
0.7437224482312701
0.8243130651879649
0.8615812631112247
0.6905673824908476
0.8145917455545544
0.8461823631039669
0.6481934223375037
0.6139936754865167
0.709172457670367
0.6595744528971579
0.598905869225012
0.6336829638846355
0.6755837754735712
0.6223882347647084
0.6826279464847322
0.593142751853551
0.6531116067391749
0.6828120192238805
0.680568998759914
0.6673006398573492
0.6748005914340175
0.5901398145793962
0.655292360769268
0.5940702227240348
0.6344976533163981
0.6735854965963766
0.5776750152260934
0.5845217108313692
0.6819861706596495
0.6018972453886788
0.5654715351104282
0.6005362578732234
0.6544015453235055
0.6228218247169444
0.6346103258374494
0.662109390991498
0.6080389746913977
0.6060059702308802
0.6432141938393023
0.6590504227339549
0.6374526399437103
0.598644059793545
0.6206421380275586
0.6281049409468076
0.6095999095885571
0.6074806498530366
0.608325763359763
0.5909262478912144
0.637923029531339
0.6104296566386913
0.6170223414417133
0.7708342638323757
0.8306076270503779
0.6935262231766661
0.7862712564603931
0.8128129776533857
0.7350591747654547
0.7726076370513304
0.8044149861969303
0.8151815402163272
0.819185686113528
0.7504807499741802
0.8215526910713362
0.7564807901610766
0.7693654895637155
0.795775442417289
0.691856749032833
0.7809244030185947
0.7086501646523016
0.730454488972095
0.6905376419308608
0.7267490247524456
0.7128965660860305
0.7224316061382434
0.7989130030884917
0.7660856852956301
0.6752033509587825
0.6939359325478757
0.6597622516408349
0.7397156229793581
0.7008660475288382
0.6670024843675975
0.8046274074205868
0.9320465901272612
0.7388572712354117
0.8790685468399724
0.9431372366420254
0.8774016282802555
0.9011170244450184
0.9178132279718538
0.9464831038138337
0.8385543430183355
0.7761522465904898
0.8613199749341445
0.9192841098600045
0.8824383642642526
0.7992397215273602
0.8608764234538802
0.9081774596433361
0.9414069158966586
0.913095809611829
0.7147737043309138
0.6414125202520199
0.7768438266771862
0.6623767269582712
0.7948456699181046
0.6495794916897824
0.6827407323729682
0.8286707769555307
0.8013901630494281
0.677863894392229
0.639221267027221
0.6927413066897494
0.6945964582906472
0.8845560914435162
0.816759689985648
0.8447232006961511
0.8204108298655932
0.7988234643687265
0.8441451295752924
0.8502925676361309
0.898818295290625
0.81922896620293
0.8541021629945922
0.845712535912907
0.8002552863948103
0.7529891288221535
0.8473196755745522
0.880752400843146
0.8623400829734196
0.8642733808045913
0.8723310958373898
0.8204570972286505
0.5588230114518717
0.7757704505870405
0.5248717624477872
0.7800984688120635
0.5607738887879885
0.7532803996259565
0.5590224948795245
0.5608771317769266
0.5538604852781066
0.7637736829462813
0.5575485264634128
0.595886773921831
0.6073798479608483
0.7191341617237563
0.8431682176931767
0.5698862523546395
0.5781346052156624
0.5685068706167518
0.548279852979102
0.6446387103151169
0.8207489655646427
0.5961336212070688
0.5827458966082394
0.5939396465394692
0.7921635046460496
0.617562276647019
0.5470709318430481
0.6061416127496384
0.6181477132589708
0.7777322401457065
0.6336850736942389
0.6110549182211413
0.6062571273671882
0.5829650944294417
0.5994523408921582
0.49521929245104046
0.4818015266054599
0.5409162909927243
0.5047145426618594
0.5148557341539982
0.531637293340037
0.5282280690873705
0.6042763594962232
0.5718175473309526
0.6176020428321323
0.752022761269137
0.668727433753572
0.6503937407076426
0.48940264007855255
0.5095582997047603
0.7286063021219111
0.5950786501953731
0.499115359484116
0.5583387402855582
0.5873801182865054
0.6598269272925137
0.7246261491334032
0.5156706473149925
0.6049697420227556
0.6624558816463026
0.4635687111899025
0.5919189405294656
0.6001089911021297
0.650644185979721
0.49694203408422505
0.5821214729261369
0.6045976482929476
0.5724379304606839
0.5173439181458463
0.505530536120379
0.5945215729469553
0.5733082937783638
0.5833254706707144
0.5500137598036106
0.5772914601895716
0.44841140104400523
0.29694289020282255
0.449813964183879
0.524059631386027
0.44868075289137566
0.37748910423132953
0.49899231009990885
0.26720384713551637
0.2847205700861222
0.4480072873993573
0.500476689541304
0.2753355765776172
0.42666453265503024
0.3287686260380578
0.2544733220717704
0.4352196412422985
0.3801029758727605
0.360750891227864
0.4603062518009912
0.39964763877993936
0.2624626870013707
0.4694458560704109
0.40954074310317656
0.17531816183944626
0.29579975983890394
0.383915348000398
0.18866581715570557
0.31443288206232833
0.22131825428765212
0.27452538178315655
0.36068310622580924
0.19448599637504185
0.21272537776956696
0.21721518221244646
0.5201662302661837
0.33259549184835413
0.46683867794459216
0.32327731094421797
0.43715392588618274
0.30027501286479247
0.35243702913888464
0.35648007303836826
0.2918776918413071
0.5575012646827786
0.23038371068658597
0.3386018686224924
0.29408427285987254
0.2967898438550448
0.22808618905001068
0.480649893207145
0.6152534586749661
0.2621388807366823
0.29959972953022274
0.5463655199065983
0.33379045398114704
0.29858845222572705
0.48879176911161487
0.4562325603233721
0.4419321701314817
0.5665162657828036
0.3916196451858376
0.49524713268716647
0.5390215769240239
0.4475497653229539
0.59392139138157
0.4758281724573663
0.6757479809317607
0.7787802815882763
0.6794308083456038
0.8390357821361967
0.7441230551875961
0.8251112665611804
0.7609733411772088
0.6774000226981218
0.809114561574837
0.5877106338949589
0.5484652622128758
0.8907956054459928
0.7752735915127464
0.5540888222210145
0.5915557914699437
0.7359552364069087
0.7313108893420546
0.8260552722589027
0.8580994784486913
0.6883947318851744
0.6468235957804348
0.8916060459286961
0.7551469794984815
0.5774038718628719
0.49741958341619974
0.46171863072195074
0.481028138038329
0.48149542047695965
0.5959360497520326
0.4847785245851777
0.4883222304813537
0.46512012735568564
0.5167447743815001
0.4782850150044074
0.5088912031913451
0.4752105893802624
0.5196251683675253
0.5799542321197058
0.4520976820804398
0.48780491399940085
0.45432263715893195
0.536627014263023
0.4692654933727897
0.454226376337715
0.4531307330831444
0.5448505603916065
0.3368860226894371
0.5032238900526189
0.5434678578727021
0.5337784272007655
0.4155905985811486
0.6003906650128756
0.46675738555686264
0.45420413202849486
0.4884418059072888
0.5335875357830069
0.44969385947067403
0.4610935533220362
0.4774811752039327
0.4072451500379479
0.4243365308602132
0.4847047419816655
0.47757663755923024
0.5342581413310861
0.5200885740749157
0.38951870885815626
0.5545260343461158
0.5269693115384924
0.5004989746611042
0.7442928311712138
0.5487902332672048
0.6310369135013554
0.5959323937294956
0.5733304274740408
0.7539847080283646
0.5107670678899809
0.6107783278273606
0.548631820420968
0.7177006233957643
0.5005671105976215
0.6679608553927321
0.5400192035330081
0.6291401786072633
0.696146689267416
0.5947115229258892
0.7518437045554183
0.7615530639956807
0.5098609499300798
0.5358915421653752
0.7429906515406663
0.6254185293795305
0.6263768500022255
0.580597945697322
0.47604117731055284
0.41575848527918247
0.4407732297371195
0.6792436860398152
0.44424043440026373
0.3770867429214232
0.7107923995542047
0.753640223247341
0.826618807805972
0.7526813083794492
0.7629793439615936
0.7084693415512644
0.8237455941338214
0.7584223482247299
0.6887336097879732
0.7181306104224567
0.7303102905956979
0.7556686277980991
0.793661749648185
0.7963470128961216
0.797463478723102
0.6435361015877088
0.7984463675329467
0.7038363698694006
0.7666532359780295
0.7412720277585072
0.6679329840321689
0.7264106915510391
0.7722059148389355
0.7431767662174857
0.7269583573882057
0.8784589429200653
0.8689428172309249
0.7491100607078851
0.8712652047768061
0.8191664113456838
0.8168373607303121
0.8193011833181781
0.7886850165668112
0.7807807033809713
0.8071314098073872
0.8037000086088697
0.6629937713128164
0.851787507971907
0.8703096413879954
0.8377609476309859
0.9055748409827336
0.8025217596052665
0.8607134982509063
0.8427550092336203
0.8451905335043519
0.808863141764268
0.8619587901699446
0.8673928112707681
0.8866921468939377
0.7942000079615906
0.8044591224674713
0.747335011800619
0.7937181780396259
0.8151196119260491
0.8116645366403161
0.7314935768101536
0.7458468914402985
0.7424647924848333
0.8430129420899346
0.8310083964574231
0.738740563587526
0.8845036257107631
0.8769403054872726
0.8346062346041314
0.8669083527456618
0.885284977084297
0.7609354255034971
0.818768982687637
0.7798185869352783
0.7501481662363036
0.8800298404920401
0.8407744703521939
0.8318715207714629
0.8558755781133107
0.8431459960501789
0.8231707425782336
0.7178690566552454
0.7613434093431481
0.7331733813326541
0.7725762185099542
0.826877848614393
0.8221309794595297
0.8399947478388416
0.8564947661033698
0.8436938808042337
0.7989614921902966
0.7818755535168087
0.8333734495055898
0.8349914418539307
0.8084701353839654
0.8782413975064547
0.797401267160351
0.7062411387279197
0.7125202104479397
0.6792926735991385
0.8720139185113291
0.7962978550934237
0.697503308519717
0.8129737077756185
0.8685218582977005
0.6602561961653499
0.7953640037946569
0.8983967616630668
0.9054630721787499
0.8947807664799876
0.8177046810639628
0.756938155433564
0.847887968576502
0.8277817421243114
0.8077191711282632
0.7222481018713961
0.6652829939057017
0.6732016129578438
0.8194427804528894
0.8933644026984404
0.6957609253702735
0.691084549134047
0.8255443542507923
0.7921993422935283
0.8699884503540758
0.6458360905605454
0.858563329510978
0.7835715949260653
0.8968804535128962
0.8479701371128496
0.8228002325946618
0.8041384016780343
0.821998702353446
0.7690992441636684
0.7603457348946321
0.801637973616294
0.8380813199260898
0.7737358747036479
0.8032922278070307
0.825138078791255
0.7212672495079705
0.8201760812469677
0.7671816473554631
0.7410018876726291
0.7844647300458444
0.8736403945508244
0.8072724393392915
0.8243011484679952
0.8105529386213473
0.7172763123179944
0.8393558186581432
0.8396535611910196
0.8029326549070472
0.8024617727697769
0.8005004769151924
0.8059069757733546
0.831257486672373
0.6440828052170583
0.8524071243242299
0.7461637909533276
0.7462057596267708
0.8519183304614786
0.8018281664282279
0.8981877942254908
0.8765827774509867
0.9181231645592315
0.8700766662894328
0.8332035299947493
0.851161384284952
0.8808036722011277
0.7800597627775953
0.9064891041140242
0.8913803331266271
0.9028175938934068
0.8153981441129775
0.889078075240601
0.8926645214636897
0.8527451308304259
0.7969295485602215
0.8759875614918854
0.8624092529769092
0.8175629694270803
0.9066121146561998
0.8658556378771775
0.7629241344405049
0.8804136221844507
0.8666574848940106
0.8659664668352922
0.8884273849151993
0.8661757752404984
0.8769590757438329
0.7682519651484903
0.8671286256403911
0.8601445867087586
0.8850578407079119
0.8745985589183038
0.8544380058744807
0.809838041097046
0.838228579459203
0.8573552785278741
0.886252561675321
0.7742184841475517
0.8522954755150326
0.80029391318525
0.888932032462067
0.864423242506642
0.8723091539899568
0.9012070039880226
0.8882345262919911
0.7997497935529096
0.8346000194139566
0.8383993294032693
0.8843601957125715
0.8119793624346154
0.6984819509284501
0.8559517283690593
0.8403996310425061
0.7989913050715504
0.8137623465108528
0.779126483101434
0.8522687564111703
0.9114340072518026
0.7625455108195219
0.8964120088646716
0.9194268295267987
0.7756019557703641
0.9086494376749752
0.8692398562006983
0.7134792325607819
0.8722211875997179
0.8451270431596523
0.7672235214896546
0.7857811131137686
0.7541665433035396
0.8862402312759681
0.8234942398126635
0.8005478584191335
0.8293695209501205
0.7268157732362095
0.8886381646065611
0.7813231029499283
0.8207956983475466
0.8996588451446036
0.8650589500324549
0.8875993593263339
0.824604212659161
0.8481100664062133
0.7617085081998243
0.8949361878677287
0.7804416467195368
0.865562934790441
0.7905385009482397
0.906509226805659
0.8821351917691349
0.7742766477512953
0.8485284438475782
0.9046422639090808
0.9187928680310198
0.8496084995090823
0.8987188472935843
0.8815242978539763
0.9036445335874665
0.8977301868403179
0.7272378503796197
0.7606702527976201
0.7376997329558838
0.7312273902977284
0.7406356945389804
0.6945341833643209
0.7150899844037535
0.8162644903348975
0.7109330382722296
0.7288489671135098
0.8246509598360099
0.7889226144013879
0.7547843196234869
0.8485006309392653
0.8496036489470918
0.8358687081238807
0.8071699716581308
0.869356261400163
0.7644153108319358
0.7509382152150748
0.7594571563091674
0.877262396447628
0.7502654402365239
0.7852619727446027
0.8427259161325942
0.8324359515753981
0.7438441618924319
0.8617500555770936
0.8518070952282053
0.8471488529977582
0.8401967970390674
0.8532746517877063
0.8696439369776412
0.889551195687166
0.8862775553425143
0.847230969145625
0.8419969939714045
0.8247575104229568
0.9048261375400117
0.8672716980212865
0.8696834845241133
0.8404605181948732
0.8116692947416695
0.7823133931165707
0.8341806952001994
0.8070168043368641
0.7882135125539104
0.8373952870197147
0.7980148898304257
0.7942958633051826
0.8410651544041686
0.7859979679493605
0.7348193974587304
0.7462121213064523
0.79902162032811
0.8411758807236985
0.7951927111814482
0.7405790736319681
0.7336651974817339
0.7066863532556148
0.7026370285241456
0.7990776658463974
0.7886944084198517
0.7958294208891611
0.79587209950162
0.8040990883858761
0.7895839116994907
0.679438355715565
0.7547084193313554
0.7211027356892932
0.7957224672063008
0.6883334160132196
0.7755317794311373
0.6713557213187287
0.7035005493836521
0.6611473581943382
0.8204895319569516
0.7485558177561655
0.8015877279899573
0.6882968613566275
0.7496648155523213
0.766298658031757
0.8005282077158196
0.8047107887008338
0.7507043324262328
0.7077055053504129
0.6666264501870096
0.7898318458324578
0.7066169142825964
0.7478966282194023
0.7938569817615377
0.8304088080156631
0.7700966353291809
0.8013188343328821
0.7872711723860455
0.6782720425118658
0.759462085017582
0.8350965014841429
0.7302542101692019
0.6981171824310295
0.6557401622567564
0.6724480128983202
0.575436256690417
0.7008900838991259
0.7290680165120645
0.6769851223397139
0.6956701885014167
0.6858231498115623
0.7340918250477559
0.6420225575047757
0.7511377201985244
0.8114847004427944
0.788600517984052
0.5964508084122729
0.7669078905348261
0.7900565961378869
0.6751128737433325
0.726550482254389
0.7401586000708452
0.697153009466153
0.6991286890432424
0.7099583240987835
0.7034120971708855
0.787885921394834
0.7498123328810669
0.64843667587903
0.6919000294774891
0.6734850901027793
0.7713860632889111
0.7319361243542046
0.7593066055324518
0.6817355430626322
0.6719201149680945
0.6124178489906783
0.6628412251286131
0.6574751155152967
0.6759327423719654
0.6208234601978683
0.6452498518492368
0.6387582721814619
0.6490175801635352
0.6784283717810404
0.693556871269336
0.757104793231431
0.7302393989079541
0.7407169829889273
0.6683558269410963
0.7067296078481828
0.6083581077229012
0.6630899746775967
0.6531737457335698
0.8534589754605595
0.7392191682327878
0.7838683929195449
0.704540234412102
0.6747503172370461
0.6585722458255818
0.82953091392279
0.7293402417712835
0.6965691113098129
0.6037861638981943
0.6172332914435774
0.7553329040727095
0.6636920639383661
0.7809841949739715
0.6214095749130308
0.6548558205780495
0.6348363918298817
0.672663148985715
0.6750149056328922
0.6205836437280343
0.5563430461891777
0.6494460182044275
0.6383336255234593
0.6205703798537445
0.7520095664469455
0.7613604820625951
0.7369827452608038
0.7319570384448484
0.7205627916082716
0.5907533129498982
0.7582588872959617
0.5875993131365888
0.6294477371940731
0.6393984168333084
0.6967012365623952
0.6732848786117231
0.6749819422121903
0.6552996039815004
0.5873397348638001
0.5663941172547935
0.6104386921258169
0.7515302141348092
0.728420282968661
