0.9909463765046289
0.9516945679638995
0.9763023521176473
0.9748283976282186
0.9575644559422304
0.991748981189642
0.9579950583373209
0.9794220585419509
0.9673278977381488
0.9530147280646628
0.9643018808096808
0.9542297341447505
0.9717539089278779
0.960437130801497
0.9589682116122
0.9782425072001555
0.9531894292863305
0.9851782092622485
0.977566018112947
0.9641122603594092
0.9772620978059993
0.9543594280174335
0.9736153335683908
0.9717652721321108
0.9493696354126511
0.9508122550641742
0.966251386809615
0.9564129885728156
0.9268466629551273
0.960369895720848
0.9547282236283006
0.9520480994922914
0.9432911795708485
0.9495931028888276
0.9426106032805925
0.9351863153501909
0.939413174284893
0.9713558364341286
0.9668423182169872
0.9359115828873905
0.9487972049860637
0.9627576033801419
0.9553637933964103
0.9498479721840001
0.9854583443996938
0.9722392136598721
0.9208801868468504
0.9409840839750045
0.9463292214373288
0.9321266534322026
0.9403488126983122
0.9470911706219467
0.9112502466019152
0.9403065789545495
0.94183124956243
0.929996063218375
0.9515384085140297
0.9403090971134689
0.9420686512898768
0.931106155846613
0.9395967428979828
0.9302858969773098
0.9366893871665274
0.9388857837667983
0.9291344500794254
0.94289564838664
0.9502886101922231
0.9429741509265068
0.9428198939506731
0.9450002253966908
0.9434647047886904
0.944404271282205
0.9422718310019014
0.9531033851255614
0.9275088660925007
0.9286545766289829
0.9440293265760407
0.9389519911203659
0.9258205159210726
0.9058639883683001
0.9340002847900599
0.927612987154863
0.9358745599771409
0.9232896269267361
0.9329414397148937
0.9345133809977615
0.9413434676562538
0.9266059308634854
0.9284221055159296
0.9356326396681454
0.9347996665809195
0.9422892346065745
0.93758377597506
0.9348705094232238
0.9300267946310301
0.9332744980201204
0.9365929000773734
0.9343634719028231
0.9367506375068904
0.939748336220565
0.9368357059527527
0.9412911179635425
0.9402404386702468
0.9320450606095603
0.9431504397557162
0.9293031365320903
0.9352447879436034
0.9446804237829538
0.8988408914954393
0.8859140370302943
0.9026464990797552
0.9004838265000169
0.8877305685716397
0.8968680434773239
0.8877162330965578
0.9328974717263219
0.9261162146367288
0.9146193759685788
0.9118744457154433
0.9198698748314915
0.9031993867090826
0.8986550801000066
0.9293012444601978
0.9208746852133259
0.9244660815889645
0.9377369616192974
0.9450605775502499
0.9273038460737414
0.9402342569370847
0.9424025736492678
0.9276156972489029
0.9245740910300727
0.9303094377712975
0.9586050914956588
0.9503273478071237
0.9096489714696285
0.9259967917733691
0.9556416517975971
0.9386423552093784
0.9205438084852846
0.8481836708494387
0.8716943873199486
0.890791358118632
0.8559467841694377
0.9329792164348973
0.9247614861625251
0.888285769140057
0.9212481625722844
0.9426213068120173
0.9436966498911493
0.9367905333460765
0.9328045336265939
0.8969046760925594
0.9293438108369008
0.8646904024192034
0.955999121494866
0.9335196068131519
0.947397547030812
0.9446101332197989
0.9136872108656299
0.9470992125283113
0.9327657092259709
0.9329606227772371
0.9303388955234355
0.9246703131216872
0.9284408510115452
0.9246359607324336
0.8822484323336616
0.8597805922212876
0.8795153778039253
0.8747243731556327
0.8501418927858035
0.8501303998053387
0.8799343497050698
0.8671985065137029
0.8864643704963608
0.8989080795513795
0.8812907603564045
0.8909407633621178
0.9214708817620842
0.9069030934821125
0.921054827690921
0.8984474749302478
0.8719908213509475
0.9023463907768488
0.8659407346412233
0.9064436672592828
0.9146653307258468
0.8836402435292384
0.8678317551794426
0.8867375866985716
0.9210605347456302
0.8847614055003378
0.8828468785102026
0.8756980984593656
0.8880233788161811
0.8725139854354234
0.9024711107582244
0.9224033858361779
0.913071690850557
0.8984794110010441
0.8871054481275218
0.8454759790649258
0.823820038485336
0.8357244999735519
0.8615506548637688
0.8893415236607249
0.8111513244943429
0.8421935074622532
0.8569900524936691
0.8240404468696348
0.8343186198821768
0.8388181914457564
0.854404647664806
0.8644635685461073
0.8420808872891903
0.8240487811309821
0.8554353032582325
0.8932638730398236
0.817267853765073
0.8783037920589243
0.8594868130727978
0.8219205390929203
0.8475109469542086
0.8449528894979466
0.83191282113248
0.8706680828045157
0.8420798212697491
0.8492487893315639
0.8500690246268778
0.8592123166579332
0.8676961792276943
0.859127157454187
0.7892502194083406
0.7320556512600058
0.8045831853099821
0.7612858686050193
0.7870928953646692
0.86789172691543
0.8728894650487143
0.7886329174915826
0.8369256630534302
0.8318769651624016
0.871374597142956
0.8107387596297513
0.8008238982237442
0.7662819189384532
0.7968366855120086
0.8356751166689051
0.7766952195124694
0.7992943396340131
0.7584919605819627
0.8060092715181351
0.8135772387741622
0.7849698373647704
0.7672055624786295
0.7912625616673147
0.8761762112062679
0.8208725987449537
0.8386033698613767
0.7758713335917704
0.8376409776142665
0.807366102822772
0.7473326889694167
0.7302421066064356
0.7715334619621527
0.7276419681840205
0.7031610054065636
0.7785293746054864
0.7667632098329853
0.7387939620785372
0.7025858505994473
0.7221669206568555
0.8173477818709529
0.7138425884832071
0.7936851575905832
0.77818281741646
0.7310175135649761
0.8221264184011359
0.7505980286414498
0.8217756154080118
0.8201904190184769
0.7201391694789989
0.726392237396029
0.7675906293886067
0.7271150236714476
0.7115319107835693
0.7032277698886429
0.7636314457024049
0.8052869531369253
0.8312452754337323
0.715829590298299
0.8063649711715182
0.8318098788551418
0.6512216846791278
0.7216158556308194
0.7156470506954582
0.686495595962318
0.7057663055719368
0.7095733903978269
0.6370789520026825
0.6799638326142989
0.6503549024131963
0.6546476940516452
0.6583718210885747
0.6117567399920095
0.6783760624733062
0.6530864449973639
0.6544931388668045
0.6035257079796802
0.6781085239402389
0.6820965317484617
0.6874165788446298
0.7062282719891708
0.6048022185713517
0.6666870259873948
0.7372358596457347
0.6030297283323389
0.6288987111417526
0.6781923935369003
0.6034765192375032
0.6288975963957618
0.6423590245582995
0.6769833720088942
0.6876293324074415
0.6157639687624878
0.6812780937973926
0.6780565719090169
0.6770160044123101
0.6825589550261011
0.6705130674386419
0.6080022877954399
0.6609114125853508
0.6127934159290075
0.6443071157377019
0.5960861921130989
0.6106789845164482
0.6065512524750715
0.6193301309854045
0.5967303037360676
0.607054968805945
0.5915067039871671
0.6557940844113649
0.6137344093038051
0.639712447274757
0.6104551137153997
0.602538279082673
0.5988879932866638
0.6421695522206676
0.6781785254245173
0.6510792053032711
0.6021124163594448
0.6001196528450419
0.6108823092406666
0.5974140226503268
0.5874921660464786
0.6039681767317859
0.5888382751872666
0.6516024734783868
0.5555056373227503
0.598007060901111
0.7190129275035613
0.8140613574347055
0.6760609665738524
0.6768283355571878
0.7433705829373721
0.6709238760214794
0.7119814510089462
0.7169315361212796
0.7832901737880789
0.7218150599883368
0.7141223627605564
0.7127848829966819
0.7266002839663455
0.7301180585539353
0.6833192428929307
0.6806533161510548
0.729807672551619
0.6935042114229166
0.6768945348469058
0.7057348912464178
0.72104964069072
0.7460960735866686
0.7388322172324846
0.7160551321817872
0.7643684947216798
0.7469933619232765
0.6919381348704012
0.6683509268023426
0.6707028044720396
0.6345704287066607
0.6628364922026683
0.712862546726019
0.8463164129665339
0.6395415631203109
0.6769998370045386
0.831267466306232
0.8454340035685136
0.779330603096539
0.7250864215051576
0.7726910851191404
0.6678243088876227
0.7696471514079739
0.8019537792750515
0.8002281730835995
0.705891824837342
0.711450288560711
0.7109913336668836
0.7426339239025139
0.8489737710263596
0.7661007347640519
0.6860943252761272
0.6637537559238262
0.666659350742766
0.6410927798598312
0.7820231793450153
0.7094028116934117
0.7911467512547281
0.8342576716653906
0.8014844433959587
0.6435194688770116
0.5638625932047412
0.6868280603838417
0.47867921187735507
0.7615278568597906
0.5206432389206046
0.7220513077430506
0.5429256492062752
0.5936892879173545
0.5838143478145368
0.7854179907836715
0.5916146503501929
0.5863637788319664
0.6177912742401754
0.5683570227329213
0.7831362243053495
0.5443934935477566
0.5221218708726538
0.5737432450358354
0.5193079245750569
0.5300035652795605
0.7442143922310829
0.5538308477223887
0.5636625858100175
0.5439715430252646
0.7509444334251407
0.5617746252908649
0.5620159264996526
0.5459421444993633
0.606048982436665
0.7385831448585137
0.5354799639607285
0.5861852306365233
0.5733105580706097
0.5997704027184177
0.5724057551115417
0.46943858007316797
0.47378674302396406
0.5069343533477284
0.49645276180748094
0.5273826316168162
0.5334635258289531
0.5227585762329621
0.5864363408915703
0.5848951722170466
0.5387547598956288
0.5160525333034901
0.5819902706567639
0.5928043149507295
0.5867243807653257
0.5479748057884711
0.5571784268168216
0.52646834233039
0.505652007550828
0.5175404687154749
0.5074654820042528
0.5180662617709343
0.5391981696039958
0.4948580806186398
0.5792543444397008
0.5473600383625077
0.5149004421811079
0.4990885998384922
0.5236608312767198
0.5512301654041731
0.5336113453012397
0.7073192553384433
0.6061738664966452
0.5229699836716495
0.6060906762630132
0.6105672075751924
0.5939205061664554
0.48128121081366
0.49883619492219866
0.5464287159477956
0.5771543341176499
0.5109193700533535
0.5084429985463388
0.4940945365675359
0.4918488923578797
0.5747748385809508
0.6017876313766513
0.6048765557921753
0.5399930695956899
0.46286559519260595
0.4758548637290275
0.580584251970594
0.567495548628245
0.4799983501239651
0.5641713534609835
0.5079216781556278
0.44922391916049625
0.5028430594778774
0.6075816761151059
0.566652757781726
0.6014888480732004
0.5716272974449605
0.5954076142768824
0.5397068846784289
0.20681177276088264
0.4379361251985623
0.22407100429949448
0.3605811447004922
0.31089257798725334
0.37799119638244705
0.24226503293715912
0.20866468552468098
0.20884997366754293
0.3661274016519904
0.2083782450827264
0.19812535321352237
0.2842748350596761
0.17877061344811
0.3608068610974051
0.2403091851001558
0.20236410544359937
0.2293342867387818
0.3080812139030516
0.18380917772709
0.3703064418595154
0.2082598578090767
0.2665268724789535
0.21558624867605375
0.3650331466989003
0.1904316186550664
0.21510092562345645
0.26780179196937015
0.24164721694372848
0.35755667435141447
0.29334262068149175
0.2621729747515915
0.1987095189178653
0.5703265663138117
0.45316071023755283
0.5521389944584153
0.5157481112835594
0.49920691298514647
0.4878629888530348
0.5117230141260698
0.4200772926216986
0.5550877430738276
0.6025697087286211
0.537048797315089
0.4919287492960306
0.5351379357790537
0.4301952350902347
0.4843693256020517
0.5543689705226179
0.5956679145295868
0.5173587281122032
0.4811361236111934
0.5398244286669429
0.5731025239016291
0.4171934289507616
0.4944027399978113
0.6016969566782746
0.5163048172296416
0.5181984549819499
0.47744451632783497
0.4752561262832747
0.5353472430312496
0.4777282863185052
0.550881289063234
0.4700366858994553
0.8893401168041621
0.6217665248575636
0.5726079188947966
0.5081271791112896
0.487112326055759
0.5387565716354157
0.487008329573361
0.5222917798572607
0.4895466374837092
0.5833850599744034
0.5847429183749819
0.43852031367757366
0.4850485142825142
0.5652568749809688
0.5333108076846654
0.549851761640014
0.530725780317213
0.49273913520101476
0.4705282644524875
0.5562201913957515
0.47765438382061737
0.45073985905820385
0.6130298571109523
0.5074248880167695
0.37811888866676624
0.5067641035935062
0.5660345722906932
0.5714600793468914
0.48089523202086604
0.5853039926034064
0.4452391444267745
0.48557861636382754
0.49947674544125575
0.49510522174120075
0.5116806366397348
0.49700469816894977
0.4698976973194958
0.5013219016234384
0.36836152230762353
0.5027477361850125
0.472417294788999
0.4370390619165048
0.4613728067821306
0.40652909127799997
0.45695739853497425
0.5213705370342008
0.4540462859588845
0.4245118859684228
0.5062875489317189
0.45349630582846084
0.4917833526781926
0.5323227562486048
0.38892358536052374
0.4653026331050202
0.4650346053086737
0.5027741307265298
0.4418048299978893
0.4617006364639068
0.4417051611143692
0.47861677117737983
0.5094854347240073
0.41675347902734045
0.36827779418964324
0.5437947511965497
0.43962966140362286
0.35914636190784327
0.5285549166650717
0.5681561040638481
0.5018737224184028
0.7211384050604124
0.4536496192779462
0.557154939480342
0.6002760310604333
0.4110669197278688
0.745518346063752
0.4522667058047479
0.6164720292370927
0.5402117526920369
0.6692215443005569
0.419575128545786
0.6074903258785124
0.48115247867846206
0.5649968508848762
0.5938916681199764
0.5192599279404073
0.759431801154102
0.6957233767820492
0.4259395954869031
0.5361259606578488
0.7322763171045807
0.7122123379661308
0.6233511579718578
0.649971739773939
0.46547684952887597
0.3807305648721352
0.46877552278909207
0.703679201239043
0.4921220171737978
0.4868093884679052
0.7472697039278757
0.7780923537330201
0.6451277674850359
0.7915968827430293
0.7280865614708055
0.7775487614541445
0.7637427864758823
0.8389959643597255
0.823308733307113
0.831222863387029
0.8212631949767264
0.7854592870031165
0.7388255376981936
0.8638709878469637
0.7896527583875506
0.7494849131881766
0.8064335999158149
0.825003136665646
0.8725943900180475
0.7841460741149424
0.7603717884557013
0.7924694206025319
0.7855559260412277
0.7209791479391177
0.791481518607676
0.8513497431813085
0.8699123082251885
0.8154464921165814
0.8955666700706926
0.7892514941017101
0.782433912435113
0.7987792518989225
0.8325678965128157
0.8257206314176948
0.7447523029602956
0.7252325489029202
0.7524013656604569
0.7679900870790997
0.7979011300335557
0.827625151787297
0.8553460818319201
0.8507800471009883
0.8755561558020113
0.8351090917275095
0.818023783789911
0.814358043867085
0.876283291691522
0.8521606160010262
0.7650850270552532
0.8070667918481594
0.7434722547295959
0.728424003834903
0.8134595093571823
0.8510250531265718
0.8007714121776203
0.8498091276696789
0.8126121174296708
0.798904520093625
0.8366881355340389
0.7689464251268182
0.7265998243213074
0.7318705029421333
0.8445418197885355
0.7488907754767035
0.7600347631724418
0.8836708711400411
0.7492781446344894
0.8491156948822516
0.8702193638521105
0.8286376137009324
0.7861100891539545
0.7614631859109348
0.6840960376880555
0.8172113144328566
0.8339576676420262
0.7834708199694089
0.863746408357412
0.874484783458296
0.7973926975975996
0.8213516448926499
0.796376142079301
0.8466040538119923
0.7032302433023485
0.8081542769031517
0.7281812317113291
0.7642378438596811
0.8769501643230228
0.8793897988079158
0.7698180001935047
0.8464789676311181
0.82893404514336
0.7908384900893998
0.6946596387763415
0.7780638269026623
0.8012260340136703
0.8660392665810669
0.8326547732459026
0.8338743783745663
0.8030984819066225
0.8538802251981378
0.841799793638435
0.7965485286072497
0.8437162487915781
0.860403861989371
0.7722422888846807
0.7969505850229788
0.809080681488759
0.7916145439804455
0.8015506995766015
0.7999582887667728
0.7843703333909995
0.7140651546472303
0.7407618566980754
0.7087938928656805
0.7759730562121954
0.7833390392245645
0.7156290240036225
0.8111737547881024
0.9157911862630872
0.6694328319703344
0.8498144769693158
0.8643804306215461
0.7217989716724075
0.8915541066504212
0.8755881361277832
0.7770296174829137
0.7363898823449362
0.7557936219160558
0.6823318886222016
0.8194431526183117
0.7575643024303309
0.792810127545165
0.7679005228593552
0.6572602870258489
0.8559984220214869
0.8195665547467976
0.8885163597694112
0.8842796981521248
0.8797522685298977
0.8603734587115113
0.8337768623151791
0.814261487546277
0.8899474414605664
0.7477961446552766
0.8562693960172915
0.8245905633413102
0.904740821929827
0.883396268232935
0.9012891106779541
0.8317115786665898
0.91199272796932
0.8766950673973951
0.9240959197957991
0.8245352150336261
0.8670091177366452
0.7978440569143028
0.8760410795879913
0.8853121169456446
0.8487408433166849
0.8829259196285735
0.8197211024889237
0.9021858688845754
0.8474555837811035
0.8305989060848438
0.8619409894130879
0.8348283533242536
0.9009442966690271
0.8933145443687485
0.85790389381449
0.9027365754655279
0.7616095218225288
0.828365258193739
0.8802178896794055
0.7794635986879299
0.8344350832117925
0.8414073913979798
0.7507090459950708
0.8791939140780876
0.746038286980969
0.9057747587933557
0.7755787244958174
0.7580818698787937
0.766378203094994
0.888512239971956
0.829614256999395
0.8742557958799547
0.7799547158701979
0.7562235583860928
0.8338952792670732
0.8810937813381545
0.8263551891436561
0.7619639149026136
0.7934294122555539
0.8364781938208508
0.8406621685813178
0.8891114456683623
0.7737472475271118
0.8349440640073029
0.8427059845831466
0.8903007909742088
0.8380847572152584
0.9016241135429592
0.8575697322860281
0.7976765062088229
0.8021377300908982
0.7923508525020873
0.8255447748104462
0.8467032421254634
0.8235710295001635
0.7619725114054692
0.8018571237839971
0.8063439703549706
0.8228324373776414
0.8127178047602199
0.7283189890117384
0.8149903417489727
0.790665130680991
0.8058616893717527
0.8083249035298075
0.7466911038950577
0.7851557838046284
0.8313142506830198
0.7527216048330954
0.7621965966850641
0.7566577730950739
0.8428891583596678
0.7582422664375652
0.7483675195184079
0.762939753390133
0.7981386357056801
0.8640819416491763
0.8050391948333842
0.810783890541263
0.7595358601183902
0.8377654583295782
0.8995384773534365
0.7963296745822405
0.8081579923068689
0.6938907702515249
0.7810062427648358
0.8334358919535211
0.7118792567318143
0.7362050197345834
0.771138237648291
0.7531218209365654
0.8559997706518292
0.7852939183382386
0.731999535229042
0.8120227603925882
0.7646592240256539
0.7470210841910234
0.7291865833529793
0.7323607221577577
0.8205818255749181
0.7107412833596276
0.825108278476947
0.7218116184554584
0.7258296397102364
0.8243964167243333
0.7584298678887821
0.7433214730163327
0.7313569528349951
0.7372320787017592
0.6989254102199943
0.6845538475462316
0.7608423268179928
0.7084902486914723
0.7275463778916142
0.8432762395521369
0.8984837234722487
0.8669032487098622
0.8439114613047647
0.8303201299462384
0.8763215866525402
0.8551817138866837
0.8727876425813956
0.7843033834004265
0.8409278818100574
0.8015038434570567
0.8327864869790156
0.910519540849432
0.80730979451981
0.8653256250713117
0.8108836141737557
0.8800713062466088
0.8992378507310725
0.8430847399742403
0.7989110746726048
0.8309975891793675
0.8515214411122478
0.8248667611606508
0.8718912014461639
0.8939012407968338
0.8021305133426333
0.807769955771587
0.8379447013825041
0.8957348660654175
0.8137279328218971
0.8627743363236713
0.8318136945640124
0.8272348152467397
0.7961227793014833
0.7756869625604453
0.6961825990484625
0.7360788011844814
0.7744003711165981
0.7545579840339284
0.6788898550382063
0.8191428926155846
0.6701478524107078
0.688772533084768
0.6621334517919437
0.7445710443218876
0.7138703609996546
0.7775557058110222
0.6774670945107504
0.6593737274585626
0.6567901000451639
0.6897307747320895
0.7295915969783271
0.6611753929592761
0.7820729962585662
0.6626592351240472
0.7625634554281784
0.7269166059375392
0.6499784392184895
0.7266136001835041
0.7661439726667737
0.7520405980608227
0.7013097316451211
0.7771837470149717
0.6609021657362018
0.6695776942072476
0.779733358236613
0.8187090580581524
0.7109347594340105
0.7008950127971614
0.6507987339546859
0.6007307878373013
0.6710195303128073
0.7386236675952855
0.7122415743768106
0.6868175671027597
0.6467347159587595
0.6681212928351017
0.6323909106229014
0.6834565868885489
0.7442935312815419
0.7081920669376985
0.6712722029357945
0.6981654989006991
0.7261442310496369
0.697549205483458
0.652313097302968
0.7168706026091016
0.666388897410771
0.6600357564577899
0.6915972325580808
0.6616437752016832
0.6837475891897965
0.6521218462569238
0.696686078981848
0.6726104781704736
0.665475370599057
0.7398458284147179
0.6882883194325239
0.7230424670095921
0.6885942221470609
0.665613438584738
0.6518243664871977
0.62283944264865
0.6482680192024419
0.6693483578831976
0.647327351873444
0.6757959706761842
0.6307807398771279
0.6704623447159572
0.6406132995858668
0.6754520572806374
0.6706921095640326
0.6413331726695228
0.6474916702089559
0.6777458567311083
0.675229541948501
0.6367088736368377
0.6942488659583694
0.686701868210291
0.6734387271977477
0.6344125306156343
0.6844643435464439
0.6752292540061035
0.6135195783653226
0.6609642648182552
0.6587568715837364
0.6761271073165954
0.6196065353054503
0.6286883559460554
0.6315362589396563
0.6330850407061325
0.7007528657412572
0.727633810819968
0.6189611117212982
0.660390314719433
0.6719954470905983
0.6756996162530868
0.6954613589263807
0.5917106902360213
0.5664851507548642
0.638632503138766
0.642100127060802
0.6113136144878932
0.682202246944773
0.6730484569247527
0.681182506576175
0.6627800577158202
0.6163625721091299
0.5886020489442234
0.6691307148816236
0.5991756759808121
0.6219366293481043
0.6278080971162867
0.6601883750041708
0.649011557702812
0.6709882005867436
0.6469666012662084
0.6003811346454294
0.6017204408360912
0.5917420072290585
0.6551778693112862
0.6726858088805463
