0.9928611646801797
0.9795491039491158
0.9870408965657067
0.9855621541389519
0.9913086760025581
0.9768179160688437
0.9987490743495718
0.9718800177938983
0.9994846851728255
0.9997810136818157
0.9792579174651961
0.9900275684246909
0.9759141847109264
0.9674535788566677
0.963764623615791
0.9961580909576278
0.9967867873840721
0.9927868048745332
0.9974550424158855
0.9771314480867893
0.9865978241546148
0.9664927506535335
0.975621894055742
0.9783945720893735
0.9864197782369643
0.976227503608789
0.9701423881365747
0.9797599945904023
0.9931274375023553
0.9971497407569349
0.9652392657584996
0.9814897899912434
0.9621844428039625
0.999215755096754
0.9994988483267577
0.9947817048397749
0.9998951076063325
0.9888936163249975
0.9778716761336816
0.9674460834892119
0.9571714146004412
0.9683703602988736
0.974725414510204
0.9839317849198774
0.9888704278374566
0.9758953096996829
0.9771697719287863
0.9750010586394353
0.9629368594233583
0.9707005109811812
0.9807339092570786
0.9826707628446898
0.957853255221091
0.9890251294620421
0.9836575011554111
0.9654861681881457
0.9835167494266579
0.9752801024369304
0.9996749918212616
0.9955678401212005
0.9932452772892435
0.9905516960996837
0.9991751183968495
0.9789929838136769
0.9864144540095517
0.9997657231190924
0.9981182372364314
0.9949614115354695
0.9911720400148238
0.999855752698691
0.9932270932423154
0.9944399055018391
0.9936317164541781
0.9914530252727647
0.9815231395067147
0.9967746255811345
0.9973121408103074
0.9974471633125364
0.9981685107389694
0.9799528382978507
0.9994067784460321
0.9997713333090075
0.9953034567881933
0.9987293699326208
0.991602954657063
0.9980033969010603
0.9959628136710095
0.9997749235158435
0.9998066769424282
0.999702317030475
0.9984678481338333
0.9995441788851367
0.9997777968079936
0.9985972225773952
0.9996501798977706
0.9998772079023587
0.9994259755184873
0.9987691245765002
0.9882100371684793
0.9786815367571665
0.9924906532395601
0.9896563452802467
0.9905886613935654
0.9907589606357191
0.9796907911506461
0.9691699979279197
0.9701215811696718
0.9964438172176877
0.9579549602781544
0.9792923392524664
0.9708464936872776
0.9796690652962388
0.9618780278535157
0.9727514214358371
0.9673042157696099
0.9604690229146097
0.9760942092337213
0.9997219904117711
0.9937315447444128
0.9721706787245874
0.9853104478170953
0.9960190334346148
0.9989850358483099
0.9997962610324147
0.981562726605991
0.9907016501740978
0.9990546498456179
0.9718932060677128
0.9721532707967057
0.9492576773149222
0.974804228992307
0.9757912291456847
0.9699268193081635
0.9943607052084971
0.9720621701310572
0.9549603015339005
0.9738169094585392
0.9629708707962021
0.9582730846053958
0.9733824772668349
0.9743636070532795
0.9711942358241205
0.961570031911785
0.9709064601055482
0.9876571126775404
0.9624711556531564
0.987085133911787
0.997937279361371
0.9958554051722865
0.9865663389908099
0.9849399633581741
0.9996069716727076
0.9976020324216612
0.985232539835619
0.9750890039400739
0.9989562745061003
0.9987843602192682
0.9782644361335187
0.9801027843142436
0.9752507397302385
0.9781929349537841
0.9728984535319534
0.9719095827052565
0.9742034877516319
0.9795663614380865
0.9597577275395848
0.9753261026457022
0.965324298563233
0.9732198923017343
0.9734648211282948
0.9592651480695276
0.9738368061829706
0.9757419039005033
0.9728495701933291
0.9564227472620699
0.9921079850756704
0.9821293522823771
0.9701495829296896
0.9891565189597742
0.9964189543580635
0.9893241092633985
0.9964178840782647
0.9982731345916696
0.9782556347152467
0.9931178130044861
0.99772321635574
0.980092405515715
0.9960737982698005
0.9710609653997444
0.9607888666852026
0.9780359287887088
0.9764974703081888
0.965878150244401
0.9764004957156664
0.9620656313421023
0.9696062503399583
0.9736892218664637
0.963627780428203
0.9739287667753198
0.9791131597684077
0.9674445764669124
0.9701994337142874
0.9722345566010402
0.9728234960483848
0.9780845637537273
0.9923446494152453
0.9807350714911218
0.9910796259597157
0.9919819187480508
0.9779942409575726
0.99849781501381
0.9900693945900981
0.9903804154516558
0.9991119965657254
0.9979070355889718
0.9941784465073934
0.9997703068731381
0.9909546222650275
0.9783959715459649
0.9839201418885771
0.9402119151423313
0.9537863241147653
0.9878438807786567
0.9515555191797009
0.9792273661106582
0.9749691182975386
0.9272503218454791
0.9684390745108619
0.9737669922194487
0.9881082808342523
0.9867555511413877
0.9751969538401074
0.9463660006183554
0.9692419289215047
0.9250909640014457
0.9755808544265113
0.9784421670535804
0.9739502789428756
0.9557323542121421
0.9996300586732136
0.9989973016291394
0.9771443550209127
0.999121252882867
0.9914113011910707
0.9740302654254998
0.9988615448969111
0.9969412650027829
0.9561924520421501
0.9460561847561708
0.94720767885099
0.9976916733087406
0.9529630308491015
0.9843209626353802
0.9335025961044543
0.9446645398994425
0.9163705357668775
0.9379228168025185
0.9538862399048269
0.9211491102937139
0.9484931239688859
0.9464679235088004
0.9490591723320515
0.9570049588710864
0.9270483517977685
0.9536481856559722
0.967278668925563
0.9889471058013888
0.9908629145683071
0.9894296132369143
0.9714774801442942
0.9974589232776008
0.9992785317752011
0.9994853520821729
0.9975665700614299
0.9831571319191522
0.9849302043052242
0.9906178354591441
0.9933078168902205
0.9976061744731071
0.9993941973835769
0.9991245260420221
0.9960055763038398
0.9582970888688274
0.9603658772756103
0.9691483015639166
0.9748313653086351
0.9649440260871415
0.9354631592150775
0.9682404507223901
0.9579320229046837
0.9630441962698777
0.9527998807073315
0.9609222665297754
0.9559785932835493
0.9693379551007388
0.9599358328793763
0.9416289182287774
0.9674150099107548
0.9799110741776498
0.943249655792383
0.9456035113901546
0.9759654893139492
0.9761655565429391
0.9807093294479198
0.9885718667295923
0.9986011750366867
0.9952155372933195
0.9840170022967001
0.9801126291471635
0.9531951169543669
0.9740445096456606
0.9788607100632554
0.9897965342062307
0.9045937770595937
0.9133848559282316
0.8966633792841419
0.8670322011534315
0.9795651268483916
0.9039565840623403
0.908683820577761
0.9589302751182689
0.9593733534265318
0.9118415242791313
0.9865539372143568
0.8786986805547936
0.9507076328462003
0.8874388184639335
0.9049218558282814
0.9522099501615247
0.8974659408177761
0.9074194149723875
0.8956058551144466
0.9994472744000219
0.9892069540640465
0.9834615774911879
0.9801545674185065
0.9948296384837252
0.9997030187004685
0.9677626534140376
0.973645611608875
0.9400575798092663
0.9981579627482635
0.9661212946560596
0.8532462502457852
0.6791816348985664
0.8715105327227496
0.7018163520850362
0.6890220862023222
0.9405552760581072
0.8866685803504382
0.7671337375752646
0.6559875644815354
0.6668912247661607
0.8807914216843034
0.6619495748382842
0.751726595511205
0.7451631037066465
0.6905440392869779
0.9604411420653389
0.7181596953796463
0.9124323880418659
0.9889240374501094
0.9991872800705001
0.7591552578876575
0.9957737889063714
0.9985939770511345
0.830702376406064
0.902105718845264
0.9919979468323956
0.8245547902151101
0.7397628328956756
0.8834358504101795
0.8737893091351512
0.9126381167243238
0.774923199102889
0.7976668873594791
0.7472035476550638
0.7860592464507695
0.7014459839056679
0.7256783368810902
0.847921443694118
0.8417052406529831
0.7746604209909548
0.8201086241228803
0.8526184778356007
0.823423552923521
0.7844076093240873
0.696651865817292
0.6776168893806331
0.8483224031789429
0.747392414606767
0.6684842830665836
0.9292077264524087
0.8432155091329616
0.9058515027343528
0.9995619403335901
0.843995337782683
0.9715927724159396
0.9378242877967007
0.9840431068305431
0.997476996872011
0.9860667075274445
0.9297291265499199
0.840629245112595
0.9985100961798381
0.9848943508516497
0.9575290621667217
0.9141272165163485
0.9516120126486953
0.985689828423544
0.9626706116704682
0.8488337601477562
0.8824351503873558
0.9072540184524402
0.8537810629511434
0.9278881386664694
0.8634639593499573
0.9243642952633752
0.9759394194980937
0.93925476329152
0.8442377705986974
0.8414445393074056
0.9479057296372091
0.9607838318713717
0.9941502893333176
0.9783605354193403
0.990900366644099
0.9960325471231684
0.9879716401662583
0.9930026565684771
0.9890852233774835
0.9934799823082434
0.9903430829877842
0.9991508682792813
0.9856710182330788
0.9847763005351382
0.9866809817561087
0.9993475916261196
0.869205233191955
0.8958994754614205
0.9467890664614684
0.9353945502053617
0.9873013902380773
0.9623099351619642
0.9099927345176345
0.9527984384994109
0.9455729755339175
0.9683695738532707
0.9438550786295832
0.9981437485718564
0.9173927959551829
0.960052658117029
0.9256874746254169
0.9550790957754237
0.9839783747962669
0.9152913009260333
0.8768220680632146
0.9465980548315847
0.9924535486803584
0.9934615673582263
0.9271923425775774
0.9293441714208968
0.928703275959444
0.9920840548971113
0.9581273214969318
0.9839099481247118
0.9633542662222695
0.9876161309237377
0.9900187128595048
0.9067175100319428
0.837654093899097
0.9162098376384563
0.8661263785561892
0.9805506581757891
0.8178556925000074
0.8408888420736392
0.9114242831320787
0.9721978333273024
0.9252963709220139
0.9063376007365187
0.8248614891093342
0.8369231923435183
0.9529869085200333
0.8712026673043397
0.8905997782413322
0.8486849000822858
0.8400511158805509
0.9243337855301348
0.9115505179086385
0.993729870645568
0.9782855649176287
0.9511035000491677
0.9091974553479487
0.9697392872468293
0.9190472743858398
0.9608387935028743
0.9973850979211413
0.9101829598910165
0.898972725857061
0.9087767885220011
0.9098028078674912
0.663479804785174
0.88859621554718
0.6819162607088125
0.9820239188393391
0.6606473390058487
0.8690447861904915
0.6836174345200161
0.7270147711766479
0.7182881166401054
0.895141015829381
0.8473688540874266
0.7790263068963175
0.7591250692234015
0.680676237365182
0.8772544712033639
0.6758788568962328
0.6621192002432645
0.7228304683969775
0.9981131092558648
0.8381675235468771
0.8426178792960924
0.8524454664588061
0.9809290231424003
0.8693754072776276
0.8447408659261568
0.9931211407647389
0.9477270042463408
0.8450837233421205
0.9868947239293777
0.8943847295607189
0.9657568588166436
0.9792725393307506
0.8953458388026726
0.6363034308446672
0.9539784755480213
0.6148031358121462
0.8308883947854979
0.7305472844705057
0.7024261506662121
0.8525463447041124
0.9381803585806123
0.8944643418584814
0.548695340531665
0.9699001692477787
0.9735520872939041
0.9199753165864042
0.928176008488176
0.8533426017098447
0.5546277002146985
0.522541194002493
0.9493312549903224
0.7767860844698107
0.7861101995457118
0.8246975540222968
0.9830826454372861
0.9245624042160232
0.9535166474579855
0.9992167282498202
0.9980993085941701
0.9389542761741285
0.9124214934131252
0.7784259207547931
0.9928133102859005
0.9727910255954586
0.8406847991941472
0.40107879310837713
0.6892277111712877
0.8067969541635436
0.45545059846879093
0.5002701421658389
0.7536586558501654
0.39419600235472807
0.6068555805358797
0.35856724304143106
0.5625114927257264
0.8280272551468388
0.3572500310660829
0.31193657872049213
0.8360790022680573
0.5252282604360471
0.46683468067114847
0.49237672588433123
0.48226069405378585
0.924234285665841
0.8628314811573932
0.960503281291553
0.9205829843647988
0.9180229195265486
0.8741789411571802
0.9843736835662995
0.8192439121156219
0.877918818974413
0.89709927293418
0.9735594419526029
0.9409393747009727
0.988343314981955
0.7445087424013992
0.908696230990106
0.8120182618484719
0.8256478158708357
0.8786356029252211
0.8849829624244128
0.713474721168532
0.8582811261826802
0.9312609018192415
0.7120839864042097
0.9433394640693981
0.907507184439155
0.9114943332598411
0.8026071941499131
0.8796295887393261
0.6613200904834003
0.800564744009133
0.9203487532390902
0.844631220662063
0.8353338125583254
0.9131369440722958
0.9186149851600516
0.9739045669186488
0.945939968249252
0.9918675256689374
0.9955853644722211
0.9292907822633428
0.9931469274385031
0.9991597649309785
0.9393076883972288
0.9292832936606363
0.9870962167101185
0.9752279554651205
0.9385550645693077
0.9880011355538235
0.8159321424021728
0.8260021019318198
0.8831738950797734
0.6440391704825248
0.856294576934581
0.7174072777117937
0.6401454557406031
0.9364165469341268
0.5235449927679406
0.8774387442677525
0.5714542020735265
0.7278265913536384
0.6770206889641224
0.8835717569269266
0.6570820712945173
0.9783879729089426
0.7969282970066096
0.6384039501115577
0.9989315019890995
0.7490517816138
0.6596284284342457
0.6692330874472046
0.9467870107298502
0.8099644317562866
0.9859910382443406
0.8578531691258581
0.883055721058084
0.9679422856131711
0.7941282101932048
0.9614730831367169
0.9960758382778361
0.9926962411281768
0.8250200665393149
0.7005120246014487
0.5296041154502087
0.6404990239628334
0.5400767707543238
0.6440877192683847
0.7494611355917691
0.4989782726684837
0.5460138628144087
0.7645741604983658
0.6979902950287087
0.6143682571179709
0.5778732358105045
0.5304535261949734
0.6649404197625822
0.6469142275098471
0.6945618868951724
0.5008414285222809
0.49913522529750926
0.9658914756646731
0.9190048085303417
0.9764638373615939
0.9001425340189655
0.7635353941735192
0.9262893842623576
0.9529976942393414
0.8028489350909844
0.8154054833975684
0.9311755529858863
0.8336968503899063
0.9233881184976249
0.9149843042325034
0.9082225513276536
0.9770098142722556
0.9707361974288427
0.961966532063541
0.8539534575155503
0.7646466077009384
0.6623346044160432
0.7542002197573141
0.9321136358718378
0.727404358458297
0.8343932810674541
0.7048466069748514
0.7123108697798374
0.7138155079208661
0.7323915753802475
0.7718390091036567
0.7015487842791587
0.7878268308824707
0.7162825937363699
0.6892492166578875
0.6447550229571923
0.9990938959025379
0.9844509262977561
0.7841803389690181
0.9270006549004519
0.885824626434906
0.9147889953230133
0.9082463780504929
0.9432055779668671
0.9906452606020486
0.8593895200075614
0.8990385219981765
0.8035392060043732
0.9652848055824454
0.9077504463348988
0.9981834601445606
0.9994276630499512
0.7743217703021912
0.8471114224515564
0.7812967040896962
0.7314626767125686
0.733409379704099
0.6823668205458787
0.7561929039193567
0.646234499325039
0.7406535582698988
0.793917733320499
0.6530325891514085
0.775501568758942
0.7643195705236374
0.8896989738494244
0.6604040969293989
0.7685571329707583
0.8253121871465658
0.690208475186217
0.9828926396369249
0.9550856322020945
0.9348749644667547
0.9590959469182773
0.8992652226827123
0.6683542054373963
0.7683123969064536
0.9954857057996208
0.950884996082196
0.9652638318405176
0.6674352420041496
0.8444477118342819
0.8751125254816905
0.927808967728094
0.6878681919011249
0.8673983015775713
0.8622089147206189
0.6881697454035822
0.780827963387724
0.8771640575849665
0.9535267978060579
0.8568668245288322
0.7906125421321248
0.8997617579917916
0.722263832866576
0.7159030957317238
0.9681601333151765
0.7640846098732127
0.86220930263081
0.6842760809455477
0.8342034575777384
0.8359011357706649
0.7902101146381693
0.7491887637509934
0.8334669474599514
0.9636968330825169
0.9681660525061238
0.860862574666738
0.8052216569789272
0.8067828645979651
0.7638126020971716
0.8182551069345102
0.9855034479865044
0.849291207605662
0.8219949248777662
0.8175062408243732
0.9098486362830949
0.7814963370326389
0.8165855673738895
0.7920193317816058
0.7982811811130539
0.8103538506346981
0.865624639426148
0.8469497735425637
0.8572646806376398
0.7340882392371579
0.8175294666991492
0.8357017421065752
0.84378497588613
0.8928489917479967
0.8418617501734068
0.8202253063729523
0.8293166190850584
0.8734730684521667
0.8812470072862642
0.8259624403149588
0.8390143578598077
0.9946663291609863
0.8591205965623807
0.7858553635976898
0.8742804175836716
0.8233638405819479
0.865131826123976
0.9170110132366203
0.9037574815933549
0.8447675754801138
0.8710181558068932
0.9145437716489357
0.9793458744620376
0.8780696236335117
0.9647252143755249
0.9104154245994764
0.8160872472401193
0.8468219219587332
0.8598422529676745
0.8511464205223777
0.8102589336814112
0.6930901325709009
0.9339432516027123
0.9066212382851149
0.8209506376438622
0.81725339064097
0.8900763033465968
0.8083119563974387
0.8446573360758376
0.7318781481355012
0.8312485686560673
0.9091255039913985
0.8937058343438742
0.9717254294971449
0.8069685599085421
0.7761077361538226
0.9833478986819362
0.956866341855531
0.9378657014253622
0.8385313405134189
0.8488758366104125
0.9651783942586563
0.8075280290690818
0.9884640874359487
0.8581314849282486
0.8975047351230684
0.921618999933134
0.8598274102964656
0.8012006779037265
0.8766973104120581
0.8368239081417214
0.8287407712032675
0.690776664927258
0.9634031500040366
0.8563631633319184
0.8201619094298624
0.7872149701990581
0.7411570595262851
0.7485546340871118
0.8599009606374958
0.7961515086951606
0.7857463821755297
0.7157658570756394
0.8318657030708255
0.8060374561888364
0.7747423041175412
0.8042277991888088
0.9893037878396242
0.9863671526082947
0.9618843294217616
0.9098820902958603
0.800856585500369
0.8559277556243365
0.9678528926580858
0.9258689875837376
0.7618027829727749
0.7570875413209763
0.7916287498675194
0.9799245064051536
0.7870740204484763
0.8014883481516606
0.7968952111219345
0.8119043277993816
0.8285147293825339
0.7899252393973833
0.9362659975987289
0.903641920604975
0.8352038307347975
0.8309558479209803
0.8872222420745837
0.7718848486197685
0.8340816046948059
0.7704687363530778
0.8222127692129649
0.8215934070951245
0.9429228221661086
0.9185152081294616
0.872147150275062
0.9014383590136068
0.7681490533051796
0.8760209019487816
0.9216163762973153
0.9194931767404825
0.8232039850444277
0.936046911009762
0.9820760248792563
0.9832856444108018
0.8551173432744306
0.9987846366865094
0.9956393898618332
0.9524209626023838
0.9475643243704113
0.9586308644946462
0.9496876134293688
0.9571168471964681
0.9990012046454002
0.8455736085015183
0.8975181365118745
0.9091158179613128
0.9203763895197248
0.832404687856642
0.8401737462260477
0.8550665661433507
0.9042629611643316
0.974840607355389
0.9215300702135872
0.8320916714605064
0.9028655536329595
0.914636173913801
0.8624246006974873
0.8635154413984127
0.8405781360112858
0.8392817560855763
0.894424363047531
0.8750304542978513
0.8477090366233455
0.8888175054133405
0.9415285534254227
0.9674284092955431
0.9974006528955318
0.9387081790066416
0.9755020100389806
0.9651680612535519
0.8858109369225845
0.8349879110214109
0.9648367751977818
0.9393836961389062
0.8577179107653401
0.8622455737021641
0.8481360938392171
0.8964335855688556
0.8085753341512139
0.7799765489658834
0.8613827077593319
0.7622124693157007
0.860927809402553
0.8828923700089804
0.8201268372053018
0.7726335928245951
0.7545744989417851
0.8104551501996853
0.8793982465133603
0.8465363783801376
0.8387951600043357
0.8302497458888991
0.7905971998890107
0.8209403576793598
0.9855554485038608
0.8267584170365736
0.9508604168297177
0.9582193026049024
0.9347856644250584
0.8928074694949835
0.8644640555263777
0.9308127694862453
0.9399117809503907
0.8346553389162239
0.8250156265407482
0.9868584258078985
0.7883640176563931
0.9953093314412411
0.985938619483326
0.6434675700266337
0.7303117749379017
0.7944718957094946
0.784331298878415
0.8995821190339317
0.7329003129686106
0.776983472358419
0.729744306722835
0.7821044384037051
0.9317596041983093
0.8425250555211635
0.7701178493423049
0.7634585528213642
0.7565678982405359
0.7619552052620265
0.6945484915719337
0.7624075794472329
0.7550178765758351
0.9674345940109237
0.8957285079290784
0.956848837392316
0.7224395399620047
0.9941536961978981
0.998060109397563
0.9463659046661601
0.8547673832304066
0.7743923127235323
0.8497659178772399
0.7036625598669792
0.9614454935250318
0.8514346333476208
0.9542811611923823
0.9868377906363739
0.8742482022071403
0.7801127174473934
0.8470608431061221
0.8352480572805149
0.7964944650848103
0.86376962678077
0.8476805380777959
0.7693901140853591
0.8268332687374536
0.8739416921576928
0.7919588562117286
0.7265676922530584
0.8381530182494885
0.8533230347999985
0.7986136574848242
0.8387998171040436
0.7905746661877109
0.8345673035711358
0.99610443808856
0.9993195713232849
0.9200036197501578
0.9649124445434485
0.8755046517600383
0.9905032256007189
0.8649229228132929
0.9819035128049154
0.9282884273955413
0.9089849915898873
0.9963523972405546
0.8854457124399565
0.9024694052458362
0.9641248217820431
0.8382326136575364
0.891572914248765
0.8117290025423043
0.93208239471318
0.8628009549337644
0.8679460785989175
0.794138043759447
0.8603522695541941
0.7980788197494383
0.8313957411330375
0.8274305501327037
0.893769179097219
0.8395778766459634
0.8545382924606628
0.8820323010296639
0.9003511731613565
0.848235849555238
0.8688423350429109
0.8240366813014615
0.9282217276533233
0.9280381807687832
0.9390395784175624
0.9911152745936904
0.9682338037561653
0.9979140725753943
0.9526696740971333
0.8831348613865959
0.9983462176258607
0.975881445470153
0.9754184745924501
0.9907088739161232
0.928528301464228
0.915120737132644
0.97958277275945
0.9041097756950173
0.816822052829757
0.9060979350141511
0.6818588546610411
0.6940509254351186
0.9782621896185091
0.8289467440200601
0.8285765893500372
0.925681533721669
0.9200833178024965
0.717472835977754
0.9380207502697144
0.975881445470153
0.8143101538857052
0.815338113694631
0.971107805105276
0.8250424982495721
0.7249186604358335
0.9928077203497208
0.9393987301259197
0.8730563330736892
0.8793976705698527
0.9415897740365031
0.922116312712177
0.9824219068249225
0.9363416328068408
0.925789719979504
0.936468905971577
0.8983759338901343
0.9976251957118347
0.9745277729282245
0.9958556031969794
0.8997046544159577
0.8361870639889829
0.7546072879098331
0.859394861380213
0.927758331108972
0.7801280158030005
0.8856776623408665
0.8242573623831215
0.9278711814759368
0.8160555485737336
0.7323953172919486
0.8432138277276827
0.9336215013321959
0.936396970026762
0.9329774058921771
0.7536020620409559
0.7575021848898119
0.7967992296789778
0.7783411969153285
0.8992190438695988
0.912242016423268
0.942909247838661
0.9859078230144256
0.8953585201608123
0.9693480024727544
0.9430003931287809
0.9766712211788815
0.9481240744867242
0.9416691501946188
0.9966041178359417
0.9566633507607163
0.9346137686817213
0.8951494664358997
0.9605121495609692
0.8086165742711975
0.8381469868018038
0.9955444474391859
0.9173134342123652
0.8648870290375139
0.6643597677369251
0.6578792376855707
0.7569189752807821
0.8276222584548215
0.748219593070526
0.8108639771012796
0.8939588468125812
0.9132337786795692
0.8240323190839312
0.8731638645111065
0.7362144993445353
0.9924793578414335
0.6640788577986791
0.9984437139521214
0.9856681196546022
0.8920974971052098
0.9873117195678665
0.9468875641089092
0.921933272536281
0.9611042650076309
0.8451700822525335
0.9661694745567814
0.7769522397392483
0.9990298370573792
