0.9986287653614672
0.9569918170849611
0.9943118583439607
0.9842394198814715
0.9821508174914647
0.9965608380933526
0.9818112880344132
0.9755247775498344
0.9734397260207933
0.9971875760102324
0.9805530249762895
0.9955382718944603
0.9744668155620477
0.9677659485275711
0.9801810393599184
0.9752468920550517
0.9849734276127542
0.9653050967357976
0.9870660770290737
0.9863268576367006
0.9941930628882598
0.9965004235374042
0.9870197602351806
0.9881319254688112
0.9980098497804064
0.9616316180437996
0.9946291734785074
0.95664808172032
0.9720577904332353
0.9692323094081474
0.9888605905595419
0.9852959439336186
0.9680409234405982
0.9711026841796673
0.9573336540863411
0.9803110622670463
0.98451021877049
0.9721716337937845
0.977731237379493
0.9771108931473214
0.9578126314029269
0.9627560450218445
0.9595940025981629
0.9689757372872239
0.9899428628661671
0.9727211998696145
0.9601455011457007
0.9743050040498714
0.9719106426542801
0.9702015904335574
0.9705831306399793
0.9825543716188094
0.9589686745896179
0.9866541992158104
0.9844399872662413
0.9646851564755894
0.9995077204324389
0.971052748226799
0.9910483493549774
0.987834981545598
0.9814211021492577
0.99810942591199
0.9945342513425857
0.9744734084739828
0.978961741821979
0.9985291197513907
0.9946498788415145
0.9985692330602227
0.9929077038376513
0.9957390075562091
0.9947905342718795
0.9966666873670704
0.9992091425237097
0.99027318638613
0.9801406890891948
0.9985255635248318
0.9948047631475369
0.9988995377639669
0.9873537339346986
0.9864621948256942
0.9934739129939955
0.9992827751653421
0.9970103277363961
0.997670671236141
0.9841550734036912
0.9935898609826521
0.9815616168355011
0.98392401445264
0.992328442183344
0.9928899727391018
0.9974551946747321
0.9795675916219659
0.9676133108462137
0.9730518767729626
0.9940054584458288
0.9605712357946056
0.9680721595733811
0.9792465995677293
0.9699821335615468
0.9592006665620249
0.9737700992175586
0.9640533870603017
0.9565603945535033
0.9569855463685111
0.9879612510394942
0.9719561501698544
0.9575425355532486
0.9729464319512844
0.9851155948005927
0.9788400291759923
0.968548917726615
0.998963300376853
0.9756060209376884
0.9578967620858001
0.9363517631326373
0.9426658762792883
0.9573993785914421
0.9784025817846448
0.9755980463485052
0.9588629919520566
0.9559545236596744
0.9572383526138166
0.9535369456550278
0.9724961669459926
0.9727267044933569
0.9563942972257258
0.9649334609524556
0.9744682365772699
0.9757093560895509
0.9755101562751749
0.9709794281344366
0.9564196756039737
0.9625216325054371
0.9691334503548773
0.9732199755411165
0.9670355908132076
0.9557075336949021
0.970455529178109
0.9629599618000144
0.9545989167584938
0.9740522336377229
0.957450142949271
0.9471736452531553
0.9518826148810506
0.9726915057824922
0.9881255068870354
0.9713594132615357
0.9762406402143333
0.973957464653349
0.9781465501850057
0.9731020289810881
0.9771515796436242
0.9614391502546216
0.9742029440978688
0.9751142785194424
0.9749515269984392
0.9748342226335118
0.9863126756487649
0.9773774963778237
0.9773445709163946
0.9769634432719864
0.9706599240000124
0.9746000101864964
0.9753244569639765
0.9806335211843187
0.9680971694095472
0.9780000956340733
0.9753349505528186
0.9785081489654589
0.9765395327886984
0.9751207763898966
0.9733082068323983
0.9602519693141658
0.9886213060269103
0.9761477498499677
0.9763790807028871
0.9760210511867846
0.985241903123352
0.9758644288538574
0.9656729622234681
0.976146220425668
0.9659894144658252
0.9884374678282732
0.9698676701071105
0.9623682918618754
0.9653302818426368
0.9893504739914202
0.9698940318659928
0.9753567871589783
0.9727567384764942
0.9605524347392727
0.9768357748098269
0.9691277498390058
0.9892200128790448
0.9756222492103046
0.9696485587677641
0.9822814004943728
0.9660868278404592
0.9632846286739205
0.9693483886380743
0.9910582975961943
0.9935481645530706
0.9597801007172189
0.9673778933591265
0.979076233336202
0.9853263066861742
0.9810053456595018
0.929446460797213
0.9574272009395512
0.9845376865915118
0.9418109445707885
0.9934634872048336
0.9572720628250606
0.9276460638652726
0.9677249177173541
0.973191797216451
0.9760969011235654
0.9782355133040503
0.9889242258048366
0.9467747089509303
0.9809798817366454
0.9241797454590753
0.9987910768613208
0.978708542062313
0.9748500434817271
0.9935808162219435
0.9567005527456984
0.9795286013972166
0.9726483622623394
0.9736924354889134
0.9809312978065665
0.9722055644279173
0.9747952508871514
0.9687965764831863
0.9333519241529977
0.9245010885904529
0.9263282783712496
0.9236259943938474
0.9931790425434244
0.9693333057619464
0.9512831410308732
0.9845748362109542
0.9205649311170983
0.9743727627889434
0.9743384340618773
0.9518140584656127
0.9443165075782616
0.9338022293869933
0.9407883040229449
0.9240154505914454
0.9567027996451019
0.949247486423497
0.970725710154436
0.9184694533641788
0.9374320577726245
0.9297329080350043
0.9011077481460823
0.9625741566520235
0.9426314960745601
0.9430577761050577
0.91543376159036
0.9151454298972206
0.9645929372086722
0.9244399479882484
0.9495922697596484
0.994594987640845
0.9963765063041734
0.9856611922645486
0.9761012777482454
0.9446520531727276
0.9640777151974094
0.9510314055879554
0.969592799276399
0.9675239438525325
0.9401738112795263
0.9661168117322148
0.968094695554931
0.9471694099456693
0.9445358876390998
0.9576795599802893
0.9568732606447565
0.9697712493412953
0.9596939205848686
0.9624985718633353
0.9731834000599848
0.9758071534875254
0.941053189605609
0.9809764455447462
0.962484894632459
0.9284192112311429
0.9550159697309635
0.9564008873024373
0.9473964148639114
0.9733355033136853
0.9408979021162552
0.9752360848996061
0.9588750306582767
0.9645149197681742
0.9693497451222819
0.9671659896902637
0.9669937467020027
0.8632351253958526
0.9451731438481219
0.8971533483638519
0.8996078705787034
0.9817874168055555
0.9431241964799943
0.9291827448929294
0.9481303398889442
0.987249882520002
0.9095196585026242
0.854672813498077
0.8935759390701354
0.8731331375118616
0.9594946165617196
0.923341780131107
0.8881187840585334
0.9272377765341586
0.8491474931174698
0.8592598990599701
0.9911397506692956
0.9552960130897095
0.8802291600139054
0.9681858624996496
0.9263766686221193
0.9811197748836781
0.9287637106214234
0.8828399985506337
0.9367312099963077
0.8937175598344798
0.8060958983389163
0.6584205396926108
0.9798269198207983
0.7326973227323181
0.716899416180076
0.8531098111015624
0.7649804095916719
0.6822778340916086
0.6805187454593842
0.6645241426729366
0.7934259739952146
0.6432035395151563
0.8909579709199764
0.8092206304222818
0.7588197405399602
0.8844046148266369
0.7135930952786402
0.8976648476663076
0.9281342733612457
0.7152500501005983
0.6942234783286808
0.7318019955078487
0.7058926389532715
0.6769012640557244
0.6537728289645712
0.7110406670496716
0.8337646504785025
0.8639185392143641
0.6969855706200898
0.7803263807255405
0.9515166230406424
0.759391252881348
0.8341362564117478
0.7581986217171328
0.7951845270446085
0.8101812512821467
0.7202908160756074
0.7638610152355573
0.8061011595514578
0.8131633685732746
0.865515650548035
0.7273242954418221
0.820755891057291
0.7584707533121924
0.7688315216791153
0.7970986756226474
0.673476530260124
0.7869679714541025
0.7024843866148529
0.723067745875161
0.9900914798484433
0.9011760549028756
0.7810522182897224
0.9324163545429902
0.8324360520788229
0.8958460987143956
0.7869619817038377
0.7087527805172076
0.676480138048369
0.9137016046029293
0.834498422236607
0.6733536949437325
0.9531193217760463
0.9719040590638186
0.8383591137944383
0.9268970416890914
0.9818079622334022
0.9605559192688659
0.9346918252281855
0.9471239736504377
0.9725236339749004
0.9115222502696834
0.9104633101322667
0.965505385747724
0.94473652141406
0.9205150897042822
0.9708697132501224
0.9019314162099231
0.959131074201251
0.9907660160282684
0.9836111261639207
0.8469604209059979
0.8953303758090829
0.9171965908507342
0.8457711462104232
0.90521908370518
0.8599083042816337
0.9259082643237874
0.957748422952666
0.9383810200473377
0.8442494849462978
0.8463135253402082
0.9463684452496627
0.9320773069855948
0.9973346778097272
0.833307919744578
0.9018212725827521
0.951014412870433
0.9534826990506192
0.9862985399827049
0.9673372048929398
0.9149125555464807
0.9643028116187897
0.9283948605704591
0.9675710746802266
0.9516833243416337
0.9800442035338783
0.9151309069469885
0.9715279361021629
0.9077565911719936
0.9546544489891071
0.9530783207286944
0.9257239405116067
0.977570362226513
0.9593673758863956
0.9548434533186353
0.9510311286983004
0.9192611204218097
0.9105077576324423
0.9967390136684474
0.9522949311071975
0.8578744838636607
0.958873956242222
0.9694647136992962
0.9754158602875933
0.9400322469465927
0.9401672501974494
0.854303879394166
0.9283212393527939
0.8908026528723382
0.9177383328047926
0.8294966260769614
0.9019449909728963
0.916679162745303
0.9756920224330637
0.9105504955238836
0.8575648972536056
0.8261810592187496
0.8656164315738886
0.9101603459228609
0.9086094497978158
0.9087439805552145
0.8464618921801008
0.8607887039585791
0.8591946827404084
0.8616324334167257
0.9241148523850597
0.8743619679229946
0.9240513571660462
0.9036093868602152
0.8044691522157879
0.7821517234857962
0.9404688085859272
0.8938234875692892
0.9154871706634923
0.9042499669945177
0.9549471745818545
0.9070597650294119
0.8291804904346237
0.8879067919697282
0.6623901413145806
0.8655403247985953
0.787203335704491
0.9257432188113768
0.6908700825942629
0.6914920252351302
0.7098628934145295
0.9429253406634552
0.7932137463170005
0.81836615665329
0.7415754325363986
0.6775446354897692
0.8734655698219305
0.6781028376771612
0.8037281654975913
0.6745503233939617
0.6676024759017543
0.6839650620422417
0.9231820333092411
0.6849542153767929
0.7197041471599477
0.8227730456232027
0.8558336526365717
0.7034911919015834
0.6664445225034472
0.6763306588950768
0.7265261748443577
0.8658806719210126
0.7390273572178849
0.9498186762200194
0.8815249035064693
0.612892454267143
0.8575364355539308
0.6886250646495917
0.6921388612017949
0.7242163876870973
0.8289163997540356
0.7467602879230755
0.8194979944708736
0.8211649022091692
0.5364269823945336
0.9071095660131058
0.9382979358567096
0.77262611588312
0.9416201755300933
0.9889273297086558
0.6207401251257048
0.6104415012693636
0.9732479183883673
0.7818895599853799
0.694331655428471
0.88138009003265
0.878926609392479
0.746266091699063
0.922681414162023
0.8624544203108353
0.9465757973252915
0.957818180441646
0.6642953622514362
0.6086536621888784
0.8765594730844117
0.942975013116879
0.9450029318090682
0.46319303377171467
0.6963485382093368
0.5870658781026292
0.6657519087878612
0.5338419641431699
0.6045339658610779
0.36674329651509074
0.6001514975463718
0.5830523873955882
0.5033602370867389
0.6673051268699206
0.3690171792478595
0.38633911611212085
0.5903304785316108
0.5743878342886918
0.745551196568514
0.4809129481760772
0.38721531862267033
0.5383294941078718
0.6704435766698492
0.46329227279406926
0.3984916990453269
0.5836823134015355
0.4047995346014177
0.3395133741094556
0.29939108929207736
0.5672939335439653
0.6149282061321635
0.6118093193511829
0.44876077546847243
0.4523988507346606
0.9779995456941699
0.9738083197806148
0.7887575618297098
0.8492227265143213
0.8379089846479995
0.8004680460060325
0.9130116925545627
0.7834170892012418
0.9977965699252449
0.7363326442336967
0.6004338333202321
0.850135607978082
0.8769708329327089
0.6237951355967621
0.9073987872197233
0.8091849311701138
0.7727314528197824
0.8841922464207048
0.9214563726121028
0.6905351302746939
0.9008076920230643
0.8701004050538177
0.7153768730674934
0.923690067795705
0.9296835809827824
0.9076815236087014
0.8077233353917715
0.8359327751183232
0.6869926403219296
0.847126711182153
0.9612906927518884
0.8428070554234754
0.8577938333108432
0.9382079635207214
0.9190517182254734
0.7993799674081725
0.8094724046039913
0.9793050508716089
0.5587704377888904
0.8780358355306236
0.723041716072736
0.6389285724918982
0.8436022148515672
0.5294690634209911
0.8745451532514243
0.6521737095642988
0.718977114754277
0.6264872519807898
0.9223450229545798
0.693337652092781
0.8761728069612214
0.8498950030626826
0.6516471774551738
0.7808441900010246
0.5630707438055722
0.6012084837494984
0.9063170913918357
0.7522271604604271
0.5194016698948337
0.5887304397083137
0.7293963036566335
0.7065391052734472
0.8230175788504364
0.9567590684509137
0.8656458399118865
0.585606069315926
0.9029153627879933
0.9636679108800383
0.6864055662366764
0.6478455844567372
0.5122032466973299
0.5710092390989085
0.5631351626966996
0.5121943140400556
0.801630347285064
0.5035628877901754
0.6576083645765699
0.5762528755937136
0.6654549401530672
0.5059142454153986
0.6298707514699555
0.6526206842315644
0.6844331616409743
0.635034609309375
0.5265060647989739
0.7285584491179073
0.9927028741969781
0.49523582496449814
0.5513886301082824
0.7206906626874017
0.8439152792113416
0.5124964277084025
0.7001042945109341
0.6402494615660912
0.6439928626536409
0.52835098705619
0.9021351032383833
0.49068109951237415
0.5034655129884087
0.8307891923267707
0.7875416654329395
0.9803749292499797
0.807711983592907
0.8952815558596336
0.7039248086135322
0.637468486184045
0.8275129629880486
0.8565622636384786
0.6727435825403929
0.7553037063040365
0.7394332845898288
0.7173272373646061
0.7116618802544534
0.7339595686459792
0.6635680719944794
0.8588386236614755
0.749388585705276
0.6924607882285697
0.6903985287128506
0.6692484266306238
0.9622056714338383
0.7425512681908821
0.9209578625101335
0.7059007264696524
0.7567723221499099
0.7531581709347199
0.6578772957002028
0.765597071968106
0.6297542404052239
0.7249712008802182
0.674264143633765
0.685250168980768
0.6489126273581214
0.9912484695031332
0.9309783887623775
0.8087395479837554
0.8345670683767272
0.7541283158309161
0.7680805083300117
0.6660548926188962
0.687798564927218
0.657644773289505
0.7713620728378574
0.6910467059651453
0.777165856871559
0.8184072974833478
0.6943438643912061
0.7566995168561472
0.785981585748703
0.8533457254099361
0.6548491433103708
0.7716514295228484
0.758693484624477
0.6938560774185623
0.768061065130889
0.777657524325939
0.6501954684421087
0.7639541193841014
0.7642632946142928
0.9825978792866079
0.6563605970397124
0.6390977163148288
0.6521251861674385
0.829642823273043
0.7523504984004976
0.8355730419820813
0.7628758875396014
0.9981006085199634
0.8944392863427659
0.8711777627695274
0.7061939520358267
0.7085333989215894
0.7883205959342996
0.8616600273013848
0.9387946803097438
0.9104258127392271
0.7376082946626802
0.7311307788330037
0.7766950719878782
0.7871054430142348
0.7166407626209499
0.7463209604709236
0.7963884604402631
0.6901505830208973
0.7025444223444441
0.8148352678334215
0.7577119305122328
0.7656861948744671
0.7847040437381556
0.7798977868477959
0.785419811908212
0.7221186328081435
0.7248596606633186
0.8152041248221619
0.8132140477768723
0.7301687452047878
0.8837627240630572
0.6938890802618167
0.8106166436539294
0.6741921484130668
0.9140591158916251
0.8173359495182319
0.8028789397935884
0.8345261568825875
0.8979450765829879
0.7053025362318773
0.7733364062531696
0.8595611200158728
0.8977251930126745
0.7340027027139835
0.7957457063248421
0.7581722295299658
0.9039761967514395
0.8308802071203621
0.8212008637980006
0.8192591190636203
0.878755170488276
0.7718091910943707
0.8079760594789589
0.8104556704816943
0.9138451752085398
0.8856202720776023
0.8848181933352842
0.8282016887743512
0.8824646215383841
0.8683890845697543
0.8098759964289866
0.8093161260579688
0.7470263308145988
0.8401399615775136
0.8732256754932658
0.7581430125327897
0.8312719288651937
0.8864438622759173
0.8068832602686249
0.9022353724285181
0.9231667193666163
0.8867733401324713
0.7514690180534656
0.9050873446762886
0.7048047955643699
0.8218509417953216
0.8557975737122167
0.8630052501523896
0.7099196854440629
0.8233671013464708
0.7844604766855314
0.7971025518230408
0.8042407988247638
0.8016559164962322
0.8241356573890336
0.8582218735605739
0.8566443108549864
0.8503915523785223
0.6831244669130317
0.7874423328659285
0.8474217383367616
0.9045666583487091
0.7843759962373693
0.829513182334843
0.8816939141115874
0.9531332649674793
0.7544190789686303
0.8004515371970089
0.8308017582923387
0.8955735231765063
0.824400241967137
0.9785370902493564
0.9877785495874445
0.7861399370497149
0.8332652998449355
0.7331808551912118
0.6947976080903251
0.8557638546041066
0.829696249229939
0.8599543479130397
0.7948376759943614
0.6719674975890836
0.7779044006383169
0.7877681436108483
0.7737168978201927
0.9122617641653195
0.7840673077960637
0.8188871176701015
0.8668956596075751
0.9229894773301761
0.7510141665671808
0.7335144627522331
0.7935891278919994
0.8579853268677714
0.7232177677028455
0.7985903250754365
0.8033548991847024
0.8004462988218601
0.6719781441649139
0.7306558399219016
0.7393955747903649
0.8184166996306692
0.7864645661321991
0.8444410981952262
0.985816646404718
0.9316278571520044
0.7822711106539386
0.8208951244535103
0.7928646024967425
0.8082831749666413
0.9185734322939083
0.9099234903750848
0.8951071845292395
0.8041045552770657
0.8430722802299355
0.8208976701538939
0.8496252258640613
0.9058795110341449
0.7921463308150506
0.9366141238548551
0.8781352920778984
0.8092871437972884
0.9065134949428434
0.8336049265620236
0.9158584274631876
0.9639453632714472
0.7908692386343775
0.8915328919856285
0.8744917849036836
0.8031967065633643
0.8102876776792511
0.7776921252279415
0.9093800382638557
0.8344070454469807
0.8920574507685495
0.8010685185072728
0.8776007164019062
0.8159121012267884
0.9611721709345513
0.9901289046398369
0.8560869569049656
0.8465809098839604
0.8876491786108662
0.8164515504775414
0.8145992953495389
0.9054155276031017
0.883753238746716
0.917793732669904
0.9894806994708026
0.9031636090962187
0.8530322519088288
0.7887552723835332
0.902540194273628
0.8452106894024769
0.9032859021309292
0.837469860575678
0.917925727439151
0.8441932717366054
0.8185084432641901
0.8188940045115716
0.8182010897044493
0.8251740353983005
0.8714329959261771
0.904633687519445
0.9319590674789542
0.9223234015708761
0.8469563066782106
0.8443561773752541
0.9202883160782749
0.8876123548576164
0.9303327791231721
0.874960384403638
0.8682424049061598
0.8937621699579679
0.9068354672005221
0.8026787043716311
0.7923321345983179
0.9087496553656873
0.8359075711824903
0.8626059673022357
0.985791723712126
0.8113333173105932
0.7485797076379348
0.7463134619346835
0.811997289850794
0.9950839688003406
0.7878012567062718
0.8027839823211219
0.7538494583106541
0.7896977191759865
0.8392351491380765
0.8580615021097274
0.7670385254826259
0.8499497831694551
0.7537396001216805
0.895350827460186
0.9268423243604358
0.7930931703484962
0.8376469954096337
0.8580804806430036
0.935121949645017
0.9443229869977379
0.8778795847357257
0.8152655272727511
0.9834045082064142
0.9408218682357026
0.7237845370707807
0.73908791153109
0.7859450918734411
0.8550463075455405
0.7642240472975235
0.7926789187076486
0.707940923522035
0.6805409817826646
0.7230640616463295
0.8012125346288963
0.7743263307258389
0.7525680304896671
0.8109261660473832
0.6432325034766397
0.7338977154572954
0.7022875439007956
0.7477676081279441
0.6779951232213354
0.7489980538287218
0.9588338842104831
0.7337766866938458
0.8018795674725496
0.9046293074083753
0.707233151315241
0.7508577103892764
0.7402764209237847
0.7869725119798308
0.7543664011627131
0.6810940608056278
0.7717013644447448
0.7424744815447759
0.9343641402142402
0.9985623310347032
0.8235246537299005
0.7344857661409664
0.8152813527976294
0.8249236543128957
0.8313563163816589
0.8631098638912822
0.8316847718948879
0.7708976943151942
0.7896340556779731
0.7969146974523372
0.7500428620651459
0.8637180212933535
0.8062009245597982
0.844714885815643
0.8168922019728617
0.9039712273793202
0.8423135985692992
0.8121823820429459
0.8632107419641638
0.9230996756161696
0.7537491896431906
0.8218765073277166
0.9928455425293238
0.772130453930559
0.7035136036647679
0.8270404435594898
0.8504675465057401
0.7590047553125358
0.8407954247824443
0.8099980208736487
0.8403505003423368
0.9004273230062498
0.9948433613729788
0.9139798990877347
0.8850632259770244
0.9072352536686139
0.8676138657579263
0.9101925215062112
0.8101541737500584
0.9007958418671911
0.8383872716586339
0.9101296751080484
0.7665038414429975
0.8854254507843646
0.8188903323361416
0.9402961584884078
0.8419396729811837
0.8338804234062804
0.8336722705234775
0.8386468234954091
0.8352161954755153
0.8217029118642738
0.8697899952650455
0.7847295902296447
0.8665008210149047
0.8957260197060513
0.8202413700493323
0.9387718046730391
0.849093444926949
0.9238328189479077
0.843840882028061
0.9188837607322196
0.8373913151681234
0.7799620526824429
0.9701303290504383
0.9522389091691509
0.7779521467291459
0.7885849790280346
0.8576895691646944
0.836988360673639
0.694334649252075
0.9725440904354625
0.8889182219403516
0.8754737779164949
0.8218704308519892
0.9878408232205185
0.7182503444542986
0.9657139384569806
0.9481315853987041
0.957287221476768
0.7942728881303226
0.9280820183902091
0.7756977331552357
0.6774086170955245
0.9180779711472336
0.8436342688820158
0.811508498086666
0.9580329619520551
0.8094901817868269
0.665989862585834
0.9143449812610972
0.9289717161027541
0.7088924033769184
0.8831074411951818
0.8781357197544705
0.8644819622367957
0.8202373761963266
0.9722131544629289
0.9502709337655472
0.8573419933667481
0.8508770568399511
0.8595437117639586
0.8493829831698796
0.7871280127728146
0.8898780222740412
0.8499376328152954
0.8305628557634828
0.8316612580443377
0.7178720841979644
0.784579543434724
0.8501229392163114
0.9767202624402269
0.8491689412235173
0.7788754884024462
0.8103996240485273
0.8291619450153909
0.7647152034092339
0.7984982948659671
0.9170753722845519
0.9483077049071837
0.91140881425671
0.8717015339131174
0.7864396880373082
0.8056408719563806
0.9544243713626092
0.9056123123812849
0.7647011765885243
0.8447161297109458
0.800903598121429
0.876520828369336
0.8990931709003425
0.9312742198794064
0.8030137241163301
0.775434130876849
0.9653039296990596
0.8893922119495017
0.9196908771642871
0.6881140024279562
0.7179112429939265
0.8336348164061378
0.7971365191545752
0.6617199748375371
0.791928264781129
0.8738648577684491
0.9154075890992355
0.8625020289467101
0.872073861236529
0.785281761725876
0.9839848052906542
0.6413080632446638
0.7102907713795491
0.7669926027304717
0.7771571823074507
0.8551119981463302
0.8822723567947099
0.7079782359650297
0.7189651289863985
0.6866092419464891
0.7258979720723215
0.8983074631116827
0.8618927522326568
