0.9912329490843297
0.9504059253666413
0.9761546928241658
0.969902075922602
0.9589920544667918
0.991435692619958
0.9549559436711175
0.9777809525273979
0.9656759851766554
0.9545730595588992
0.9653776763228792
0.9521403786528182
0.9727283339901657
0.9605559979548961
0.9590935155586536
0.9783917585502799
0.9541169255973189
0.9855977000546107
0.9792713722953871
0.9770409423445628
0.9882724266345184
0.9520468217685728
0.9748884688075152
0.9667142949740071
0.9612886988077505
0.9613550595716588
0.9640699325449327
0.9559079195341773
0.9608374867823989
0.9749380781896972
0.9676615994963277
0.9779426838104053
0.9819200627506323
0.9757540416949122
0.9575278590322431
0.9518291024219205
0.9509265770327918
0.9549036881304218
0.9807307499170128
0.9359138584660978
0.9666245705566172
0.9690850240641831
0.9684329443184623
0.9424306152813227
0.9523178973621389
0.94446787299785
0.9179178439343474
0.937267892851224
0.9730610937221402
0.9704365683460805
0.9338419570089446
0.9479130271354369
0.9662694967115639
0.9514688963241124
0.9494786427657063
0.9681854372233072
0.9683138171993044
0.9286042340761705
0.9268755743529064
0.9223521491480611
0.9348620710674352
0.9503350842832704
0.9491916433347919
0.9237062854244091
0.927139880594529
0.9438082815254591
0.9436328429230918
0.9517450447192661
0.9275780774892921
0.9430676739396845
0.9315159897365388
0.9480644751745713
0.9348830760489613
0.9407284428738454
0.9389182079487163
0.9445146367446056
0.943005781911858
0.9513414550154169
0.942138931339255
0.9388727884545375
0.9457160597561822
0.9475325410737133
0.9433562346409087
0.94224197635548
0.9505582084431409
0.9540838412159641
0.933310511422007
0.9453541964152761
0.9430752783024545
0.9371573148448572
0.9333677719822631
0.9434510932452551
0.9289293086876313
0.9420879633355201
0.9319414501441549
0.9455954061121404
0.9303393577025503
0.9447639116021744
0.9282067365226174
0.9238433533586541
0.933425602858658
0.9294028274870165
0.9397154277939291
0.9380331860469399
0.9402142402685505
0.926772536790611
0.9291979297697796
0.942767735208213
0.9302852772385919
0.9425561052214735
0.9408400096062335
0.9391397891243288
0.941739034671631
0.9389572546512206
0.9361354259305168
0.9438750145020504
0.9456661119109717
0.9532386046842105
0.9512457090213537
0.9051929198603219
0.8967298377358458
0.9126331067673245
0.9300718985052315
0.9202330038950799
0.9231414801102219
0.8932377553036657
0.9559823723728665
0.9327773586713785
0.9227861373416566
0.9263671243262286
0.9381153112479299
0.9285441905341996
0.9296310696020538
0.9386334975852577
0.925146632223248
0.9167620947145364
0.9421877891411963
0.9425972242727493
0.9324061519187767
0.939476696285064
0.9454884025904366
0.9216046555375552
0.888996574425325
0.9162810638022733
0.955738521487921
0.9729136971828451
0.9663511100383733
0.9438878277414005
0.972292277630431
0.9675923677652845
0.9456981248351436
0.8866028179157135
0.913329627391257
0.9302989066030464
0.8858473234465578
0.9500738047590642
0.9139775059479729
0.8804680143108938
0.9227271992496906
0.9495103950151219
0.948933810080189
0.9383592937995882
0.9324311433924544
0.8910769866631236
0.9352287081417716
0.8813726386236072
0.9379365259331884
0.9339016952756615
0.9350203396028482
0.9346198821554923
0.9033483078776502
0.93876383427381
0.9325722672419396
0.9460260719018253
0.9305809041371871
0.9606250000312616
0.9520493623003915
0.9754185246604009
0.9390050820840544
0.9242008946625642
0.9169407559717833
0.9325541495934457
0.9115076391675394
0.8865793836821696
0.9082913576173102
0.8859819630998698
0.900444683212773
0.9223567266829484
0.8659550162185852
0.8918845248430117
0.91752131719136
0.9218053507364548
0.8855710510461008
0.9099114793990726
0.8736984269928889
0.8846818863189463
0.8772328784508909
0.8950697416351662
0.9123244513659512
0.905844746368401
0.869079289480939
0.8897427005556648
0.9187932752388983
0.891048651705975
0.8754448001290813
0.8739670985112927
0.9312647465701724
0.8946560102403383
0.9038660379907981
0.9309481989907864
0.9057150307274704
0.9167644177171288
0.8961067877164326
0.8490446910975555
0.854376003457433
0.8281704675065886
0.8437919812539367
0.8495315174469565
0.8181971386439029
0.8543612698074037
0.8496788370260582
0.8270949804724196
0.8325362762163001
0.8636551355757172
0.8441791033790863
0.8784917073783343
0.8578847722923787
0.8535139478284897
0.8641534438001202
0.8916609363052092
0.8195056183076674
0.8538969042345055
0.8547056655473443
0.8054479093130134
0.8207407524306491
0.8577052629675357
0.8341091576691697
0.8496298085919274
0.9086255537590933
0.9340756317268389
0.8989708671630683
0.9304201001222142
0.8898146143132746
0.9121177379921723
0.8847708544692295
0.7801929467856753
0.797807103409455
0.7503894716733325
0.8022270451427556
0.8035124425433484
0.8852414862725186
0.7912201345634484
0.8486622805856852
0.8222191844434159
0.8334731849435986
0.745089827001211
0.7680528473813382
0.8030305626154879
0.8071047735729844
0.8418556531464347
0.7926184657155267
0.7680076372054732
0.768854202023297
0.7779737963631927
0.844597375075848
0.832030036331856
0.8426157509343669
0.8605577104334741
0.8961414848214176
0.8999271638567081
0.9336268559009974
0.8453420910603628
0.9168271190549635
0.8852395351990767
0.7905031792575941
0.7236358180863214
0.8340225077091193
0.7346741954772251
0.7241476130913018
0.8046800480051103
0.776979256601503
0.7437583104461212
0.7118148911319391
0.7176876857609054
0.8135454500772146
0.7084963207562761
0.7855202705260198
0.7794681964654644
0.7495704649538308
0.819293809461711
0.7572096356450191
0.8291728676678942
0.8210225062625753
0.7219921372173638
0.7261442496862236
0.763938252201318
0.7123016687227985
0.7142020010939998
0.7024510986594874
0.7633717896711093
0.8555628628796452
0.8483730807672155
0.6898495267819301
0.8166250422618115
0.8450117520607646
0.5770760257511001
0.683387985559338
0.7008546253540984
0.6341604210536527
0.6147849565210857
0.6842374744629807
0.6758533843213564
0.6869548440783284
0.6782666816828178
0.6198988655905654
0.6608474770024667
0.6961419044387189
0.6103653266952263
0.6662729333264164
0.6854338709540528
0.5856063250129561
0.6322644921609378
0.6808512327218545
0.6211072755760575
0.7204120448245789
0.5807028221518737
0.6596713390129645
0.7078292347072015
0.6684547264403543
0.6285511653370768
0.6700115987065186
0.5954822989595607
0.6519475658131264
0.6112638166451231
0.6858228988489745
0.6071835567112251
0.6013975156101148
0.5980397253656818
0.6056908162915704
0.5952375625908776
0.5937731229170689
0.6080339166726183
0.6699217433245627
0.6307597848109403
0.6418326988273676
0.60675740306647
0.5962615944088452
0.6177292600668813
0.6516797168652526
0.6730336753886951
0.6396927579982532
0.6140755808439231
0.5990946107654083
0.6110756399353562
0.5935881814211453
0.6052961902553937
0.611579040843312
0.5975745930830383
0.6206958324261408
0.6022953445091417
0.6255482274596799
0.7773628561749186
0.817669737632392
0.6955591475599137
0.7864883009769984
0.8110922996806758
0.7238312505346876
0.7627016485006042
0.8055534006857477
0.6760086397133793
0.7150926108340456
0.6977377796912695
0.745021854759822
0.750356981413549
0.7188820199547321
0.6826051972755396
0.6806835155233918
0.6888312147658942
0.6850531385634855
0.6839245378523493
0.8071976251397394
0.7339541289258742
0.7315776295606862
0.6892614171411618
0.7588861785099738
0.7770810774886995
0.6733148742846257
0.6991176696511623
0.6692009701804595
0.7510332752067562
0.6932353331868328
0.651877075026173
0.7785790258814228
0.9430469336244987
0.7847634652467164
0.7491203301012941
0.9375048036811707
0.9342747393994576
0.8927636882192945
0.9052383711402965
0.8501303781692423
0.6531717738695964
0.7663948815838721
0.8076343125133083
0.8164849867736409
0.6742634956206712
0.7249522296603341
0.7477148821734495
0.8140194678174116
0.8319829606029506
0.748622940533621
0.6490819138168948
0.6646624683469964
0.7787756228634101
0.6672441628719445
0.7822753392298246
0.679741301044164
0.6804042060769053
0.8035252494627432
0.7279385309529136
0.7313370896815117
0.6419478741743315
0.7915654775488821
0.7488659499627429
0.7854912797629845
0.716953703683678
0.8449696293381572
0.8622594750076951
0.8986145050134556
0.8874555755124712
0.910485960103701
0.8248651001070935
0.5517454483355454
0.7694297775354519
0.562158505587417
0.7794762941344625
0.546853340627344
0.7275580590595322
0.5635730955236913
0.5482724042691056
0.5542435437376381
0.7412655915478442
0.5840245321206625
0.5947774220548452
0.6234511934597697
0.5287550390233491
0.7842652049566099
0.5594144934801009
0.5443545565733807
0.5708574234899835
0.5283351209651119
0.5299209731152117
0.7666186007975586
0.5347033458666174
0.5627273216630362
0.5319834594326782
0.8575534828343229
0.6314554896410995
0.5695114329160398
0.5813437305939585
0.6043282900348037
0.7832112477374815
0.6563716859081694
0.6354374451558684
0.6546229538864745
0.5709944579442664
0.5952886102144763
0.5836854274138117
0.4787093310372704
0.5412177917614719
0.48871911430236725
0.5086593422043219
0.5332666927927256
0.506228983363709
0.6045141710075799
0.5499579276596542
0.5363247845730943
0.5180109551968449
0.6439917697577042
0.6208672462573519
0.5840804772734595
0.60982614633311
0.6484475032681085
0.5232968372526794
0.5882033597922944
0.5127678947964049
0.4995005614152675
0.5687175623275137
0.7805075049437369
0.5204656261378768
0.5983443840778372
0.6357861419063425
0.594656689367091
0.5208114925894622
0.6131683608694551
0.6232752363536838
0.4805556067375163
0.5670239955685767
0.5423655014341027
0.5309664849729121
0.6037087417370761
0.604807085715745
0.6076611338483977
0.5218884747169341
0.5080221128895704
0.5226977275833944
0.5079354061855108
0.5240192796483889
0.5274304830644482
0.5569005127142959
0.5130340643334813
0.46355265772094156
0.4951102533817737
0.5908993669799476
0.5737529048623206
0.5701620447058107
0.5626508228171088
0.6130673568080615
0.5242911614263357
0.5090742014031626
0.4542189502646311
0.25913273390207753
0.43163894479933856
0.38917838139476435
0.5085254883994307
0.47211146847869667
0.38824918894735894
0.2710201358014792
0.4684368868524367
0.37347998411980754
0.1940687772177124
0.31858917116197594
0.22022488004259982
0.3665302186104012
0.30728841672490614
0.22386941481535183
0.24525311708025221
0.21461334582454739
0.20526663960810723
0.3693950121752352
0.22273399840862904
0.18139629552773345
0.26560250209195774
0.353516394609551
0.18370828656601046
0.24699959390551518
0.20041524746549783
0.25816208148152753
0.44936385606319096
0.1705145464525805
0.21209264887272442
0.21006506520055473
0.5746676272887714
0.2892248482400519
0.49637880655275524
0.3596215779216003
0.38440313289088773
0.37177009231770897
0.3361156051943798
0.26222695731212753
0.41010858835975134
0.5863233107891722
0.22065354961904426
0.4678996924559147
0.45402636611576525
0.43029730049767
0.5613595411861175
0.5616199070974202
0.59365091062016
0.5255598875861459
0.447545644724171
0.5428402683842276
0.4095977589063078
0.5234938317261766
0.507419617803769
0.546143952622945
0.44158209842048635
0.5107279362028573
0.3834950009656282
0.4908597693231566
0.5397078986977047
0.48309168992670404
0.5838122124648539
0.5332798866740219
0.8936984695497047
0.813155749730147
0.5989868817556553
0.6370130218754421
0.7299274904470969
0.741468451541686
0.8380247454590463
0.791543550503036
0.8238613682438825
0.6211813499740053
0.6515206623533423
0.8807807245093657
0.5702907433804026
0.62246584949264
0.4341613941315448
0.47477098165431847
0.5500358401156311
0.4673790896276687
0.45718808908028286
0.6061565328158796
0.49245219213256797
0.4376541771074096
0.5685448042305088
0.4857686844169743
0.4679641191685795
0.5424141109552627
0.5512237326195963
0.47230982848896114
0.605293934299678
0.5172007073800292
0.5395489150664128
0.44813176436071345
0.5308470996864469
0.4638083931553319
0.5616827493915405
0.368443378456892
0.46873296779644075
0.5903442278535532
0.5369094975819433
0.42082244644219335
0.5222237003024328
0.46757082315094095
0.4672796351992034
0.46554973274875955
0.4707518474634003
0.5081866589687812
0.4511735856336953
0.46020706143407797
0.4162022338563842
0.3842662220223436
0.4936995848719039
0.5373615267851384
0.41937774556132434
0.46994970471959713
0.4185348194990533
0.5311403915645373
0.4824057109626419
0.46254600233146026
0.4093571549731225
0.4783286097176771
0.5128470609055608
0.4818734828484173
0.41873221353012546
0.5001396356571393
0.5029118556945288
0.4530984962403394
0.5224457934299134
0.5877718033152317
0.4986321421644465
0.7297284127013437
0.5430755918277234
0.643754014626909
0.703928416749982
0.5514736629097707
0.7564002273775932
0.5350353487263135
0.7170907890543287
0.5540102718159777
0.6895615944668041
0.5051333965403493
0.6091931246661391
0.4461864724657905
0.5399658065581765
0.5854895626992038
0.44874999317646097
0.7331015681918529
0.761452324322069
0.37614910358552806
0.49770556628973284
0.7561656249587986
0.6764907521693385
0.6244679311216352
0.604733541998989
0.4952925041600204
0.42562131047348484
0.5066396293986244
0.7201336102742312
0.3555771808881564
0.4308928176202664
0.7318053215501855
0.7411308388863405
0.7605632818871376
0.7491985759043712
0.688943100229361
0.8056975470416119
0.7554827888361598
0.7859865954661658
0.7476460204062909
0.6541156848060253
0.65600659734349
0.7174565126147454
0.7703261061757719
0.7837184400006818
0.8689060647913763
0.7482339364279426
0.7855544884397222
0.7726801083762962
0.882011881017631
0.8248818914342555
0.8242576474860049
0.819381506365763
0.8570483724313285
0.7049875078136766
0.8156664017157618
0.7872678593059287
0.8554309487536667
0.7830620528919743
0.7884052894171022
0.7545352791320444
0.8042233065616404
0.7685439974152349
0.7749925635969197
0.7851825129416206
0.8114018243579149
0.8092942076522408
0.8978190173611844
0.8652887477315085
0.7808608048959162
0.7469202128004553
0.7854032796331829
0.8293729453839889
0.6974491470233247
0.8398007852487228
0.8173159727325269
0.743153302630694
0.7561088599747491
0.8342038265324724
0.8458882469920321
0.8745946909601777
0.8850326224953502
0.8355387156890106
0.8349975496474791
0.8472982698863596
0.8826777494851505
0.7509618259549155
0.8091381469218903
0.8797165873266337
0.8551842844768525
0.7640355400259627
0.7369392504980321
0.733730035560837
0.7582078107316785
0.7691546761666002
0.7201206218089321
0.7993462845721542
0.8690018069696297
0.8185927328470454
0.7670402904761432
0.8422903968429569
0.877007543674067
0.8312611449966993
0.8364550768364687
0.7440475254048238
0.8273035021397918
0.7603194712280713
0.8592182848556542
0.8169003937554808
0.6936735321217609
0.8760873629036321
0.8456391360873197
0.8417205987229655
0.7560105226705647
0.8035829609072047
0.8225310766844802
0.6903423412530433
0.8169537559559628
0.8810810023947103
0.7660444811449385
0.8452401503872482
0.8195811187414603
0.8534709852351063
0.7054841962634242
0.681042165997841
0.7524469944269312
0.8297795765372421
0.7881238014561411
0.7995212568661627
0.809664601153586
0.8435340194752985
0.6550278436814436
0.8676315218255355
0.8437162487915781
0.9063718571985662
0.8133186425481531
0.8633338044014943
0.846310795449303
0.7282473494273043
0.8281371738718802
0.8173905879972609
0.862097057777589
0.8273512757472137
0.7722786700093262
0.8194427804528894
0.8797768119720945
0.822549406422311
0.8301990998097154
0.7706141474852259
0.6855619148032901
0.7530347998562086
0.8037255739750864
0.7949257994839037
0.7070130195316462
0.8354664342104365
0.7439485742229608
0.8339346663232676
0.7674766455086885
0.8012685666775085
0.8334311315032255
0.8098007927041884
0.7151719321444443
0.872785756450038
0.7689933800641015
0.7866969838788045
0.8742278051480432
0.827409290865916
0.8127348838836252
0.6769685388453464
0.714243976219592
0.7322385807540732
0.8346196142245412
0.8672643780108857
0.8523260689253357
0.7401588642456862
0.7424924767715968
0.8134806739799874
0.8047409408891837
0.9009777435471173
0.8838358228069431
0.8170771459026162
0.8713880963618184
0.9010692048621003
0.8049218119116537
0.7767085778355303
0.7499050989566276
0.794201723854959
0.9264463653978652
0.9054854980948737
0.8980802368019047
0.8951829669304237
0.9139035089584655
0.9119799295684622
0.8765338618973891
0.8328732991330057
0.8640417100057659
0.8920950332280513
0.856678053568486
0.8369859347413173
0.7591483694940353
0.8533395302604408
0.8953859384236651
0.8626318001839204
0.8820587273887616
0.8293700051642867
0.8754067254092444
0.8910660674350652
0.8678661807290255
0.7902819728542079
0.884763171290381
0.8671465591466734
0.9208097143583338
0.7246115682283554
0.7917685498916265
0.8334382731865833
0.832522663954783
0.8432220717750508
0.8265662717545145
0.7488251519715786
0.8587478292311587
0.864423242506642
0.9082816888423939
0.7427202969062825
0.7636585798208367
0.8423134017475329
0.7541476579715087
0.8809057782855962
0.7917940803046231
0.8372680897097109
0.8131929111841731
0.887000380739156
0.8810937813381545
0.9123657456689678
0.8108657032972798
0.9109620540074512
0.802341211343528
0.7827170668535981
0.8223256279610386
0.8565041530667115
0.8293134770100532
0.7171364993397873
0.849282346313319
0.8194797052067564
0.8193532021611625
0.8326553908320339
0.7640428902038776
0.8075379992950762
0.7836240184614048
0.8309258131398026
0.7559126381914099
0.7617617967927635
0.8303110273916807
0.8582746341039832
0.7585609301650833
0.7605471473947227
0.7596276028594775
0.8308020735937127
0.7545413245524162
0.7933468809922795
0.721053410852084
0.7355672775883304
0.8254211797674844
0.7602279645778292
0.8218074982981571
0.7638245905671253
0.8711086824540185
0.7570073570905009
0.8466584881964705
0.8838780138077211
0.8792367396184954
0.8841744764231273
0.82573030808086
0.8702311628688939
0.9102300946351012
0.8690000866219398
0.7671678938275377
0.8229534838040364
0.8849218318726783
0.7640434746446846
0.7099058493777008
0.7562328466213395
0.7254683343748254
0.7109686878314496
0.7475333224760682
0.8141693315413505
0.7128175069277418
0.7307610471861246
0.7218155234249627
0.7549147282082704
0.7343026076524363
0.7395299928517698
0.7418252983932148
0.7609187308384976
0.8081585698450209
0.7003274345421606
0.6996743559515173
0.8084264821239293
0.7101995731927271
0.7778420911593651
0.8187863055956643
0.7478164042754035
0.8325817811068428
0.8840046600562808
0.8158781071285136
0.7555441888611574
0.8470368716742788
0.8429429961294538
0.8351819140805121
0.8102511682435187
0.8081979794057423
0.8645112442626803
0.9088492565504305
0.7994002997106271
0.8566964281421866
0.8316195412913228
0.8485935300187627
0.8895402185909
0.8608857308773654
0.7988093990578802
0.8224765086879453
0.8255601236833083
0.8440529005227321
0.8795126112182958
0.8936913511019255
0.885428994413628
0.8299080654080788
0.8278292504378635
0.8897305430265716
0.8489817711747989
0.8732052190696509
0.8954743142252923
0.8128561079165382
0.8017385410170188
0.8124846976229696
0.7886951674920031
0.6954948499733205
0.85869926661006
0.734416716330592
0.8052480762002202
0.8258808729796678
0.790298006346241
0.7400251825626452
0.7889707797221692
0.7924130723006899
0.7930131193313353
0.696060171473039
0.765863786635307
0.6455204211318684
0.7382210838561039
0.6650247087332113
0.7989051481744258
0.667393149802505
0.7026695352520821
0.6717362288646274
0.7461945877312727
0.7096199153563036
0.7325519166917189
0.665016949547487
0.7331019446220032
0.7076520556114946
0.7132514224358186
0.7109798178265243
0.6562165105630388
0.774810495401405
0.6679457526545105
0.8249527870369328
0.7941235936038922
0.7391114033311204
0.7327364648098794
0.727638864908339
0.8147951631494472
0.7910100930732238
0.8104558600650107
0.7707027368054896
0.6780608951861744
0.6997624845467254
0.7789580443267103
0.6509879547749146
0.7014735503619184
0.7007962072966252
0.6697237439447676
0.6627546313386058
0.7395378731017113
0.7143849027518612
0.6485173099650952
0.7039973703582756
0.7280998393563833
0.581525575615995
0.7329258341398076
0.7492780639482137
0.6810323893322784
0.5754813849563554
0.7265809525767549
0.7203021057857646
0.6644096981578431
0.7090047285120248
0.6994274386325929
0.6825656919292631
0.7114729344294044
0.6726102647272016
0.693277071282576
0.7910434076237789
0.7546432625422317
0.6341580739251951
0.6943935857281136
0.6850612956956654
0.8188915290819532
0.762053657685541
0.7806195536438203
0.6792092137127118
0.6698471687959586
0.6746016069326124
0.625001866628413
0.6698508549534219
0.675693450068425
0.6262661763602726
0.6793113940945398
0.671358331144772
0.6693381627816242
0.6538688360568186
0.6899890975850717
0.6743812223166881
0.6775376492470245
0.6509859931130304
0.6118161653026887
0.675080666777994
0.6194935526768786
0.6537916654238644
0.6467954119477872
0.6418968606999067
0.6715763103539154
0.698179995238212
0.7835115504904824
0.6489493093409969
0.6560408740567485
0.7372276056124466
0.7835892308442574
0.6207220846805086
0.763283488189873
0.6773433154944862
0.7837531046177547
0.6685160290107366
0.8228302905974786
0.650542055947492
0.6456257173047186
0.674564534047381
0.6826505362858227
0.6747608575129593
0.6027753751314128
0.5914274017303376
0.6328148230640462
0.6404047310183953
0.6233404623832087
0.6718424758568816
0.6930406127678566
0.6745033679801742
0.6180649155355163
0.618213277811423
0.5818291249755437
0.6466241821854488
0.5685503907379694
0.6164815883236854
0.6387678545422659
0.6502765860390205
0.7123975989417815
0.7147057944518894
0.6659433063027218
0.6063699680527221
0.5703984832612178
0.601022306828795
0.7405833922329883
0.7244555629047982
