0.9920556146730068
0.9599061891278615
0.9739058305694606
0.9791055665492243
0.9571040248716767
0.9923560593846408
0.9556080483666142
0.9888520140284771
0.969472547317521
0.954885276290149
0.9636042203208106
0.951475275862729
0.9901004028686604
0.9642574227217484
0.9601143171057896
0.9763387267437373
0.9546156384299684
0.9894304048423632
0.9797486414026308
0.9773346690872659
0.9920717543786931
0.9517704902874773
0.9732184405081825
0.9681395146334291
0.96114761161625
0.9608606770435035
0.9636709027713419
0.9562046582696027
0.9623215252160655
0.9688708151116227
0.9863454900642297
0.9868916739022147
0.9885391690269203
0.9857846987574829
0.9563048057216997
0.9823243472164538
0.9845675123264115
0.9813516821738792
0.977979746758487
0.9821346731321215
0.9564534471547228
0.9602252715711307
0.9567487994875954
0.9863463915970458
0.9859487750567639
0.9730425357380346
0.9590595163765984
0.9758172395395706
0.9652428116181868
0.9760293057279489
0.9669647674129158
0.9795930562926335
0.9606979750573093
0.975147066834444
0.9834294280857673
0.954772021824102
0.9631353109457492
0.9701392686095969
0.9830069017823351
0.9450462929937096
0.9657765842763893
0.9608939686380022
0.9600006680584974
0.9479206254369972
0.963595873275856
0.9552063736800465
0.947933575749258
0.9503658234641872
0.9651378513475979
0.9684215072333789
0.9452509193602291
0.9630009618098627
0.9760085005770214
0.9614637665330958
0.9681786203607793
0.9885579557115114
0.9696526007488971
0.9506096782828002
0.9265385042693209
0.932530208660606
0.9450193058614718
0.9547301977787477
0.9525579910146955
0.9437186293734913
0.9400347789547229
0.9518279914611717
0.946599059071154
0.9543975234510415
0.9396690833089456
0.9519986385211539
0.951468964377528
0.9616344875863971
0.9385551136441805
0.9498541880889984
0.9575314982789875
0.9516866773927704
0.9449232371314339
0.9611447930372174
0.9466371247492936
0.9506419998147573
0.9521116680517527
0.9495827686002087
0.9508026343840006
0.9442504008147834
0.9684412211099755
0.9489063880480678
0.933342083448768
0.951931774312605
0.942669238781771
0.9388179174318395
0.9251009387988686
0.9428209241085748
0.9310867390476154
0.9423924490383639
0.9320686624361418
0.9485425482450334
0.9451197846944839
0.9513304609999684
0.9524766941089643
0.9414275004041359
0.9442590117836781
0.9416236582445786
0.9493046823951985
0.9506788557169004
0.9434860097721295
0.943065883141174
0.9624118582202938
0.9480705123964872
0.9672681144748098
0.9615352748032672
0.96262482389857
0.9489015919228071
0.9601944066844552
0.9726196132241882
0.9603438717345267
0.948405155724698
0.9634551914043171
0.967608017574639
0.9570155222340391
0.9116682968937039
0.9232916111069135
0.9275176967965557
0.9030683403295986
0.9186356008939952
0.9352728017311702
0.9629673692256453
0.9714955144264416
0.960486516356871
0.9459620836090341
0.9561099092304481
0.9507674808534354
0.9355123206096321
0.9380972160424019
0.9427896172453691
0.9369901634005586
0.9595053920086165
0.9710045778033829
0.9693145066839852
0.9546107584722421
0.9744456079012134
0.9763581967387175
0.9429541640050626
0.9300013140595381
0.9400405399839823
0.9709904759767625
0.9649572576120987
0.9334991584510488
0.9470440430791479
0.9720882743931768
0.9603094471657979
0.9485245144663791
0.8680927935220335
0.9078022843640321
0.9434550548456513
0.8979869088852273
0.9741039651325232
0.9417708432663088
0.928652128037599
0.9650047403424473
0.9799022971696868
0.9747482367738536
0.9798067729691708
0.9722858533174837
0.9216402378107612
0.9642959041489559
0.896196309766466
0.9756068146713881
0.9786476040178255
0.9653539405033001
0.9745861339150956
0.9516307478571732
0.9789819437860104
0.9471636121491489
0.977867281102116
0.9740445314651446
0.937883618126448
0.9573779427184075
0.9686995359070791
0.9408175236291652
0.9178283633256177
0.9303317516277857
0.9316075098021477
0.9180146011937647
0.8834269577452227
0.9019350518431934
0.9157882079592112
0.914042662714126
0.909589889003264
0.8841887424707542
0.9099458966369094
0.9073241903890843
0.9326797872806498
0.9051215023806918
0.9120261564973079
0.8792786783323704
0.9062454975262454
0.8915877279520537
0.900672201362621
0.9103694508344354
0.9121006724217728
0.8955589935369812
0.8972839309803444
0.9294288696656843
0.9210121693217186
0.8873847163666714
0.9052398237407038
0.9216026620879911
0.8746548492912392
0.9030501936963633
0.9151162454123694
0.9196884122279457
0.9075318696902046
0.8962713488038343
0.8212132426073157
0.8428162146592006
0.8578791346320536
0.8587959447203934
0.8485438302815647
0.9063010801371076
0.9193715812302437
0.877882538482493
0.917630296315598
0.8444403002105054
0.9243593238536498
0.9467611393726673
0.9246919712781374
0.8851547285774881
0.8477653263679995
0.8929897264176208
0.8988146040102045
0.8979607558391614
0.8933664182956054
0.9415391015630722
0.8251689720439129
0.8514794921615179
0.8798449646487053
0.8424517111524646
0.935751552099312
0.8415233581468344
0.8954095082789052
0.893699698282438
0.8855793480198777
0.9193592006608989
0.8955727951905097
0.8367214677670143
0.7943453790631554
0.8673960120329615
0.8249932061652467
0.8655770842179284
0.8908805570005014
0.9267070261236556
0.8539788553299156
0.8815598830866662
0.9357899239037547
0.9239499385340465
0.8522967405943833
0.8751989407423133
0.8389666634689719
0.8914750939930156
0.9253826934734546
0.8853934465261046
0.8606842886097955
0.8387369884719797
0.8610817994867029
0.920263978384725
0.8809853313091
0.8693118546568714
0.8925034152835929
0.9210501979769209
0.9035489404285153
0.9280116620701706
0.8724775308734595
0.9163139136488357
0.8735842855752929
0.8002913043374323
0.7208917773483055
0.7992514418614376
0.7481009037005054
0.7224258694954553
0.8267088954197146
0.7769765711541878
0.7204426357410525
0.6847393964108588
0.7017551208884684
0.8157388208842984
0.6548542750423232
0.7976369654065856
0.7763425181694623
0.7296616669126633
0.8818910388571175
0.7437224482312701
0.8291239760702052
0.8301713784403661
0.6879621301276246
0.685438440484543
0.769882455057093
0.728356774804956
0.6520737884434096
0.6847235686459882
0.7525896589396869
0.833594471613783
0.8898999118300199
0.6935173624067981
0.8038144080353234
0.8701167303544868
0.580218159051227
0.6855047401200947
0.6972081112099011
0.6564149292405181
0.6780063555362338
0.6769998545039575
0.6032782995251691
0.6543271939542967
0.5912541304364299
0.6152085989775519
0.5899744072814869
0.596984288081911
0.5994120751919955
0.6063076497855764
0.604458616451365
0.5800535804468977
0.6026929390414961
0.6538778186382749
0.6209052780067718
0.6880305028373259
0.5769682257360759
0.5868273332785103
0.6774804289756783
0.6351343923170379
0.6284444398457665
0.643621203561423
0.5987725876336205
0.6094449079222797
0.6259219618083933
0.6654683017137966
0.6042477552424252
0.6038881580009762
0.5962928508221954
0.6175034472370223
0.5925748193265599
0.6133211316311539
0.7818853323987616
0.8348511960312499
0.7057691894362677
0.7883280654463782
0.8103286403139645
0.7265636148613557
0.7715743318324251
0.8019888257218797
0.8169023588190061
0.830866243645458
0.7539557413150586
0.8214280395792921
0.7654510123755538
0.7696406936024089
0.7942420300133337
0.7034767146416238
0.7838948020570815
0.706256025230177
0.7274828685108599
0.8278841411149145
0.8416976557603885
0.7657933206844003
0.8048671204758266
0.8201563749163238
0.8279673220467074
0.7809244030185947
0.71695382921438
0.6810511711230169
0.6774490019288153
0.6797070186244416
0.6615468158049229
0.8436530194269334
0.9480731893562748
0.7860368499096246
0.7980358932053053
0.9386921601617678
0.8947696598902302
0.8991271332922767
0.8974716269931672
0.9603654630225873
0.8175471096990791
0.8679813693163629
0.895635640800697
0.9114919194740427
0.8836706016095064
0.8689393526786515
0.8717314198627628
0.9038339723703831
0.9448383184718478
0.9017445506296926
0.7228414562053413
0.780085509700406
0.8869643010270207
0.7945850369370865
0.7597071291315038
0.8348709255431771
0.8951671478973144
0.9346937152077748
0.8805386356441841
0.7171503964822643
0.6349609439902839
0.8068743407279186
0.7723998707132528
0.8979904998065944
0.767990719721571
0.785364999605396
0.8652188747984071
0.9070702019567385
0.8720277748128336
0.8194168589472437
0.808906175311433
0.8060885215678784
0.8796762503547388
0.8626763266006148
0.8852924469313912
0.8247121786313591
0.7691453316816166
0.8501720228584823
0.8073876556141043
0.8726718089477981
0.79722082365787
0.8736081552623864
0.8394072747701767
0.786867679213643
0.7275570549085328
0.8847451959531996
0.8855304956215443
0.8973043815219945
0.8924548182158618
0.881135757259702
0.8057970628910647
0.543862479671744
0.7629268728697409
0.5569609976741802
0.7452322777355322
0.6824299382062597
0.8272401249202646
0.5814464435321895
0.6265368140958438
0.5920498796837095
0.7965406973867967
0.676252208913479
0.6125177390931287
0.6799747843130288
0.5833463412766605
0.8220696577773869
0.5506796174236074
0.60533959737253
0.5666806036376988
0.5960346815983043
0.5673659614908972
0.7920377447711195
0.60501330092056
0.5597225998584923
0.5553958234856133
0.8183751182252893
0.6084723402675988
0.6296828831855956
0.6410198893615261
0.6038458465178088
0.7880185305241659
0.6987354281602862
0.6110465760064447
0.6061634592950431
0.595171950953385
0.5884950402380298
0.502175101190803
0.6513960990423424
0.5013289139082908
0.4974551971710486
0.5086684665555475
0.7650915693604257
0.6188922889821127
0.5226286537036797
0.6254142203270607
0.6161859656550158
0.6391524589376215
0.7599097500155898
0.7638754258437
0.5033497342752267
0.46383958958469435
0.6615486748050455
0.5987171864081857
0.5817081190841402
0.553971805866068
0.5231055758008242
0.5688506353890166
0.6343428917133556
0.5165168673119748
0.6433984917615688
0.8086766618343848
0.48312825016911687
0.5270341977604495
0.5994585544465316
0.6462225605610568
0.5049240276614408
0.625033981691872
0.5716323549651726
0.41962650832794113
0.5089772779939757
0.3786342526993839
0.5065736218815728
0.30524020172640487
0.5004366105990883
0.24141704791992705
0.441066530039263
0.4842776434843522
0.45657156656286285
0.2750247898419334
0.4770765714031508
0.31893816974049827
0.35652645160782687
0.5094918211371705
0.2778765852765836
0.2713269781001673
0.4804250208392067
0.34951497864600534
0.26778351882796947
0.5153604039856052
0.28851439308667504
0.251269941219607
0.27004345895922943
0.5234194745149374
0.3499485588068896
0.5243150683732669
0.3847223924688066
0.2953390505211633
0.46254637579916585
0.3520223734018197
0.20254371410461788
0.3038338108220703
0.5507367767442388
0.2837470388289663
0.5599253902872818
0.37267056064115706
0.43801825209656153
0.3213047635715657
0.32655929935470385
0.2647222929312972
0.3271243483987327
0.5440700001230045
0.28651974588327084
0.2578088110586346
0.27715493283625126
0.3274014905888183
0.22150548924049568
0.514925779431116
0.6317872734453951
0.23168064285480328
0.30141814498986724
0.4564204257756119
0.3588738110316365
0.3228338704016972
0.31547635948312003
0.2805397409201724
0.3199795870532941
0.3314471936211639
0.2555400596412327
0.3757942799909373
0.5224943024974215
0.3308942520938593
0.2387491014579885
0.49650039406364754
0.8528900535936798
0.868690715264296
0.631475662523598
0.8367492250334234
0.7874074679867318
0.684714875955607
0.8577210361618528
0.5879752632071236
0.9009731310116016
0.6297868717024417
0.6054350846378269
0.6339711717319811
0.8795456651176368
0.6124455485162212
0.8666858143962605
0.8065496047907392
0.6890282096188428
0.7999135735778884
0.567162426598461
0.557730299348725
0.8975981665532843
0.7753987587621484
0.573924716693947
0.5971398224600464
0.6820414847652506
0.7159909960964473
0.8509230983719178
0.867027910564297
0.7159583434442023
0.6564797990433541
0.9153437813516575
0.8747371784872581
0.6195561237367748
0.46184241377707347
0.49627633762839246
0.4663299359235916
0.3830591459378738
0.5027746533670372
0.45969111756497505
0.4918834077851863
0.456055088979726
0.475555742141896
0.4653599821480261
0.4665422886670998
0.45990101216871815
0.570553865939307
0.5076449583390261
0.47647742347470373
0.48116268005529866
0.48573684825123126
0.5390213931451004
0.49511553697577976
0.48065624464793116
0.45386262616127987
0.5080902375868288
0.3950725887034383
0.47700350942622866
0.5044486890296372
0.5142049746051398
0.4157684672522557
0.5716695864772632
0.4670035390513625
0.4513228814359969
0.5268011385696045
0.5169390030027319
0.4684685382916768
0.520762609843056
0.515496115358746
0.5360539429199076
0.7365576909683151
0.5522134232722768
0.5617765893167055
0.7135029401636968
0.537475321411873
0.7589281012927889
0.5368764075854415
0.6375029895409448
0.5465576763496104
0.7214953544457666
0.5444601808379724
0.6591765451206528
0.5081103544119948
0.6382823575939759
0.6936847263455752
0.5178929412915558
0.6591334030311053
0.6852341624138665
0.5581981659422526
0.5343361907562277
0.755771020822531
0.6779106355068615
0.6846593756827615
0.6611069771510781
0.5639627032770826
0.5719527743115466
0.5891073989922437
0.7249866497002779
0.5161755018650629
0.5533842921617933
0.6449716843163176
0.7747684909804561
0.7262109888697563
0.7713929572141437
0.7778657502344113
0.7591747496911609
0.8477119525496575
0.738470687843707
0.7303217698791935
0.7598976986843149
0.7026566116237879
0.7808295663448435
0.777263383164897
0.806246617594041
0.791178974816856
0.799950387698992
0.7612975248378566
0.683469164082505
0.7165788739619736
0.7307249233934106
0.7373607934959016
0.7447134269453072
0.7997005921012524
0.7492660178915915
0.7193965425071708
0.7954147606087065
0.7339332560250105
0.8222029196667644
0.7732328047479895
0.6345528464968702
0.7073231763966736
0.7255560427847142
0.7785838453605001
0.6712144320001681
0.776742685834296
0.8120466966967013
0.8988641782012097
0.8539529546621071
0.7849649345157892
0.7839286218334263
0.6712783180093814
0.8454306728218739
0.8949971279056894
0.8446498556218403
0.8220581700684194
0.8039477201686607
0.8998694477816832
0.8625020454342943
0.7964811026142791
0.8128628467392442
0.8615642659865614
0.8272209039953661
0.8016386457995676
0.8089618951302397
0.8088187390153918
0.8885508683996057
0.7980815514588792
0.8951347051533546
0.7826368751309891
0.7950198830928881
0.7536562946904108
0.9032309417160951
0.7336712357687464
0.8953047753253804
0.6726452789442986
0.7456306805523485
0.7289633359400123
0.8960488739197365
0.7707970528644268
0.7904952204014994
0.77466735144679
0.7237275303036849
0.7526051338357233
0.7400535212147661
0.7299086743714183
0.8178057161740886
0.7739883351738878
0.7936674972176797
0.8133090523231625
0.8770803126600875
0.8831108644565981
0.7973991161020402
0.8265389712178481
0.8590953878735524
0.7452032236604873
0.6379157211046238
0.7575280350765532
0.7801850367827302
0.8059755682158447
0.8248488677920964
0.8764123658053316
0.7171907935379822
0.8504858153235186
0.6895349479702392
0.8376598416570281
0.7825298152104178
0.6834279455088306
0.736866585928215
0.8427153450274807
0.8758531661940236
0.7945443956349867
0.8060244490525383
0.8712462924925443
0.8800304462061037
0.8175229721668873
0.861257338719819
0.7646649378907939
0.8446335292091312
0.7917216617609617
0.7300225038872843
0.887979215665404
0.8807814883466537
0.7129097091775852
0.883640303751476
0.8466927204520666
0.6898229711223756
0.8347661549525516
0.8420137419000523
0.8091652647963334
0.6361760884035477
0.683244213915781
0.7769680405369348
0.8380627380317378
0.9073191711403487
0.8296481759686318
0.8508616483492837
0.7729857697639142
0.7593599718172205
0.8953366796734337
0.6642782998914106
0.861389655623108
0.6737725717643139
0.8242149713051266
0.7435577056275697
0.8740944822755182
0.7596955129576428
0.8206332523489039
0.759384470057922
0.705816505754
0.7221798734821008
0.7943965528257586
0.815995062931692
0.8167303596758024
0.7440481074727288
0.7199571697834617
0.7243111244220379
0.8709718069517252
0.8071143414215132
0.7992709790242107
0.8213163326039259
0.877501715329139
0.8212989254370262
0.8378202475805625
0.7485414656530786
0.8585514179321595
0.8083509042272026
0.6830154261784507
0.7970349855449324
0.852425893375218
0.8058280957048625
0.8596102315294237
0.8073651911901752
0.8823775378569472
0.8426264400614593
0.7858911045662814
0.8522835151686697
0.7928000830038895
0.8203725004329001
0.8951483795839841
0.9050244935047453
0.8486595598373781
0.8747601401324476
0.8909257622264456
0.8354597964139082
0.8699076780160377
0.8677278500266067
0.7754626506609832
0.9002938310773629
0.7474034811612811
0.8529175663633799
0.9124251347160905
0.8173271795540537
0.7950901438672493
0.8835859774211292
0.8522119689559242
0.8769243220020624
0.7503725376473902
0.8395383331408727
0.8342802740975779
0.8414898621417917
0.8820319255392709
0.7999503353116493
0.8192153403102546
0.8646834247633615
0.852872896877398
0.9189010423808958
0.8976893335224163
0.8466482382489018
0.8297324289423541
0.8354770238471614
0.8899192635144648
0.8961212623126231
0.8285687818871663
0.8377555083250021
0.8038605721956236
0.7713652301661961
0.8321313593631605
0.8088333080986475
0.8391277173490406
0.8881006955953874
0.8117215625675045
0.8537624614381885
0.7974421998189314
0.8039941494928848
0.8657840406744524
0.8245294580146216
0.847339795769554
0.7572565383588397
0.755733455819847
0.8832868666069247
0.877510895542027
0.907634326008891
0.9269756235902724
0.7342116088815449
0.7465994538538359
0.8274933582741392
0.7128987321219341
0.8916631718136252
0.7939077818561653
0.9176028339621785
0.8350680352290831
0.81705674157552
0.8756930922438807
0.8566211796392629
0.8649429674501248
0.9175289869697865
0.8002330090383478
0.7386765019309177
0.8829592726312857
0.8853605076498429
0.8610511930858568
0.8711824093039777
0.842533731308895
0.7505821803838585
0.7755735700125094
0.8290419380005292
0.9128388100658762
0.8653102232837452
0.8680808672813274
0.8340033898209896
0.7743693143925998
0.7613456975541442
0.9214215245050922
0.7366986837364868
0.9029129606277804
0.875259543651795
0.9053971562413774
0.9123245411492376
0.8832501777007878
0.8927889830867137
0.9070901891139938
0.8975343022275967
0.8665034357128031
0.886154699852936
0.8750796846390524
0.7949293340190112
0.8931258665555584
0.7738297016776892
0.8455408924253841
0.8191926065597565
0.7551269283859696
0.7638146966184711
0.8610593708039226
0.8331512060895613
0.8386763591885711
0.8393516878218806
0.8605193434987751
0.7657756028207523
0.7952979589630884
0.7732616013843483
0.8494309488081714
0.8213128086971784
0.8098731924428915
0.8268599027252393
0.9012246866573463
0.842793054522954
0.7549001859058998
0.7839418127269213
0.8206465984390142
0.8047144446580782
0.8462702267400928
0.860943058838564
0.763759697025078
0.7479977426456578
0.8318970387781341
0.8324272337964168
0.7684289080381443
0.8416471088816178
0.7618914864180378
0.8323402229533295
0.8175810635699197
0.8050347370966591
0.833284684857841
0.7825472103924251
0.7867198471319339
0.868289337944854
0.7908725820994783
0.8228289127260557
0.8374225494024496
0.7984779962777241
0.7093348314577135
0.7227207706046259
0.8142081461137698
0.8592028271107672
0.776394219855544
0.8031900725740055
0.6773108272134016
0.7739699365274659
0.7554332152688826
0.8235706393687088
0.7481343211746037
0.8045107402452176
0.690246055095953
0.814578646975153
0.8118368622594279
0.7810674281477697
0.7367424847327535
0.7869632982623251
0.8095570669236123
0.8282042969238244
0.794483373843846
0.7923026534841238
0.7888967399608494
0.7510462591698922
0.8023188375171992
0.8214884190728687
0.8013666054656903
0.7424682245962992
0.6886366114875306
0.8303499783763642
0.7792606490247949
0.8019859731573251
0.7442233627267097
0.7328645442128121
0.6729535402258301
0.7831183690148132
0.6939317354311572
0.8184717698186204
0.7263447830310539
0.8005466703348005
0.7665909029252354
0.7808990804671097
0.790279095274631
0.6733759669785182
0.8246565394179176
0.800394183907354
0.671976914680415
0.8188514721578716
0.8495930099061829
0.7600758673727642
0.6880863491705382
0.8060897896292198
0.7722082961573469
0.6880182305875464
0.8009421881112927
0.7695477544396667
0.7083141350185593
0.6338167343310656
0.7056837726280877
0.5965764783407461
0.6985040844791207
0.7948424672713406
0.720580211431578
0.6779884481116241
0.7132886006200516
0.8073110629794662
0.6048672170587432
0.8030597917769582
0.7665038414429975
0.7663405739696458
0.609183223321126
0.7929969243154671
0.78769697601396
0.6416507974515964
0.7199458447676788
0.7233573531480362
0.6346171890875465
0.7200723211473657
0.689689854540379
0.6581700470610776
0.7360033675417482
0.7572804881259243
0.6271701301914477
0.6730911373491515
0.6467678212341302
0.8189401320766991
0.7664383109462073
0.7829798308855598
0.7107335561795776
0.669331241457649
0.6580122775994637
0.6855090040620635
0.7149199209341899
0.6527427159103125
0.6812579386936799
0.7465647832707856
0.6506625612075221
0.6733432843616084
0.6552558488106506
0.784579543434724
0.7240246429210387
0.8404671347712006
0.6928147755481071
0.7089998285804011
0.6540031388673038
0.7096337298883897
0.6641598465428697
0.6545003082642191
0.6368777593722091
0.668086802678865
0.7650752188306514
0.7252687957590027
0.6694507532392739
0.680235353731441
0.7538916929922022
0.6275649150344231
0.6906909113009484
0.7554633317643219
0.6310882842904817
0.7506619171227545
0.6783385113622182
0.669183338283653
0.6473399370471813
0.6924705980589578
0.7852654880424008
0.7301631205569141
0.807003494557255
0.5943335957812477
0.5643796228669051
0.6768384018350451
0.6621319672736954
0.5715135155634169
0.7018558402113926
0.783917015241686
0.7105769438164707
0.6687904754527447
0.6757862448967593
0.5904048454705966
0.7230599939476945
0.5793019655449752
0.6308108010249585
0.6545931728212934
0.6919469057722736
0.692388381028713
0.7131592967833165
0.6646159838383585
0.5989433207764272
0.5638044661941073
0.6312414617223159
0.7512670623572302
0.737888425957486
