0.9560767572915951
0.9692182611529603
0.995183931009832
0.9778614833346
0.9878954350648971
0.9933250563156732
0.9934561972735161
0.9783806595542156
0.9912177423240647
0.9600076646224673
0.9760598934621494
0.9844785104302136
0.9838242554982346
0.9790811078613579
0.990207461375087
0.989602845610041
0.9892367438964029
0.9956801397296493
0.969362464211436
0.9804354683666561
0.9952295506247244
0.9883748897913902
0.9710469505408834
0.975773227859651
0.9574431098281946
0.9581533816716973
0.980441877461856
0.9558165054715569
0.96488121607614
0.9802813695829882
0.9758788568448997
0.9862811707454965
0.9878464834166303
0.985626373149149
0.9661689921984099
0.9805174723220476
0.9800796808033487
0.9794086131660519
0.9777721023097993
0.9815595735582725
0.9858235067738808
0.9625619501514195
0.9596610260678392
0.9859013661135807
0.9894374718834553
0.9698041877119075
0.9603186252420195
0.9755023791995172
0.9632294933121589
0.9704546505517146
0.9706537169386757
0.9838741315566257
0.9573066648844617
0.9889444943613555
0.9842948441136761
0.9661744318120998
0.9934573438977168
0.9684094734468703
0.9990015647964208
0.9906003102553473
0.9871310894084768
0.9929011655685559
0.9979028118667088
0.9716873000914417
0.9833363992971553
0.9988037132686651
0.995947096394102
0.9983834484307066
0.9871449320181118
0.999627530523109
0.9853185508260505
0.9996619900699828
0.9980856428705556
0.9942993808601822
0.9783721753467005
0.9898274516119353
0.9991182641670499
0.9943272576999063
0.9974688269127882
0.9831311161531844
0.9984360812978267
0.9904604313445096
0.9832959352324698
0.9744450357090856
0.9752459069515679
0.9945304794358549
0.9862211832829435
0.989507761670299
0.9733666069811406
0.9782119903456773
0.9762481968876395
0.9981310844810048
0.9521333947927201
0.9728844065025013
0.9747701477571356
0.9748506864945983
0.9604141307699318
0.975588654634244
0.9639905677660401
0.9502106767213467
0.9647137854042133
0.9773485853343112
0.9787175093324996
0.9543094748854652
0.9766735296398277
0.9816562108020228
0.9698321193350388
0.9752539951932343
0.9950424808182945
0.9863904852518972
0.9532771449065647
0.9437614320820047
0.9303422016772098
0.9499391026374617
0.9598071908886041
0.96813708827857
0.9584792559610489
0.9539793318953962
0.9581600411587279
0.9578214873106989
0.9748306151555908
0.9544082907870025
0.9529342622665196
0.9724894877073995
0.9751713799388144
0.9592621628753664
0.9659569345146498
0.9677045086341722
0.949576374139517
0.9489691800501274
0.9744640269981977
0.956099958140643
0.9666095005592461
0.9824356607396068
0.9679818312342329
0.9539844327107977
0.9498594666389514
0.9715455807081218
0.9693743795900134
0.963991407505397
0.9556258714271766
0.9558584461811561
0.9409497692534738
0.9432453922191094
0.9701975961594649
0.9739377784305535
0.9839231504426906
0.9749502006638991
0.9787128527303499
0.9775229594021748
0.9738415825320386
0.955483923487611
0.9733674593405561
0.9751140319073817
0.9727838720411464
0.9757912032949448
0.9761390533717744
0.9762810920033336
0.9840317140382361
0.9757333108373167
0.9787884705602499
0.9708791325058832
0.969073247665871
0.9755746369484218
0.9752352644719902
0.9771213919587094
0.9748543900549917
0.9759143663372278
0.9759677543572067
0.9599983680799585
0.964855846831954
0.9761053708176322
0.9383994326971443
0.9608116849411021
0.9516959625136514
0.9763002618330477
0.9692438183264893
0.9770753952924156
0.9629911654800027
0.9970045143433994
0.9746679286654207
0.9690130264634527
0.967966086628861
0.969067239850796
0.971968548734341
0.9681892050708903
0.9756873854074317
0.9649336370768278
0.9717731010800732
0.995379488876757
0.9833415967128496
0.977218386272829
0.9689338434768374
0.9993885463828259
0.9679220362980396
0.9721345079158188
0.9767408310508228
0.9870734906876923
0.994181448917911
0.9585848308339697
0.9738139235819112
0.9970291659517871
0.9883727352075089
0.9679299981148164
0.9186125523004396
0.9551282571651065
0.9897525191856902
0.9441193690285835
0.978800959890481
0.9734814922183663
0.9151058068826826
0.9822303316603446
0.9714447972487911
0.9748582622435729
0.9784123562963869
0.9757321676909232
0.9384374583204185
0.9757564738564588
0.9313478909314239
0.9915252871087881
0.9832812823272985
0.9796618187845321
0.9949371183938189
0.9569604171942506
0.9785352226087446
0.9871777353060505
0.9788630074690648
0.9768858549878586
0.9658131652913695
0.9701913586820188
0.978789915391898
0.9417562011385009
0.9234131395435968
0.92136596680047
0.9233645829625319
0.9205879511537652
0.9053846982719731
0.9064259705531319
0.990048646213713
0.9623030756219466
0.9502761938241546
0.9570550461030505
0.9190375358474432
0.9778733515979545
0.9958627971964509
0.9708215963193576
0.9311431761507836
0.9048777677517267
0.9361644782954228
0.9099523389655522
0.9767631619192093
0.9466756713309371
0.9876277445333034
0.9004745121276045
0.9204798910994413
0.935784355785386
0.9345694205040205
0.9558740952471989
0.9078783178836859
0.9451384564450469
0.9067867915793357
0.9405009141957374
0.9692742578687535
0.9611190458777705
0.9417048452363845
0.9696352048487076
0.9362310791605064
0.9522591334377336
0.9363509711931988
0.9619980010048366
0.9660731579051793
0.9280411129319002
0.9652460722087531
0.9688927820717426
0.9607848554257028
0.9513665680559187
0.9579740842054936
0.9504868133220068
0.9696849791094533
0.955121133748224
0.9647334743330906
0.990057530684433
0.9743117889521338
0.9420668755912438
0.9568530662402651
0.960653199456271
0.9373740806237834
0.9508748933330831
0.9534552810158088
0.9401194357928473
0.9744335983889928
0.9469093284234572
0.9686030680067607
0.9671834162999157
0.9669733832725891
0.9716320210892131
0.9503458221350279
0.9023184589873405
0.8551985799358186
0.8969872669701644
0.9312309769896593
0.9004925060160343
0.9516569243792581
0.9323355540287201
0.8797124823505433
0.9715220683274436
0.9527243662199163
0.9579300217154294
0.9060785036258969
0.9464978051973203
0.8750684319228365
0.9000790636959133
0.9384120211967175
0.8891072754018342
0.9240011951753853
0.8488731414289711
0.86024188168932
0.9890734804413759
0.885818921364416
0.8767389485973818
0.9757452949088747
0.9732568864841474
0.9076550589622422
0.9889321569352094
0.8968195132863226
0.98377896020663
0.8978515350841789
0.7951757307246101
0.7038715146653234
0.8442316925938018
0.7461656171269004
0.6712667070862198
0.9540540258967347
0.7821889031218752
0.7536594085669575
0.665913542719113
0.6575030189634044
0.7894487483606586
0.6719474603836868
0.8045792824107711
0.7309212591292681
0.6896214989635177
0.9911367856359703
0.7798589892380405
0.9460133122272092
0.8336959588306432
0.6489750067151098
0.6691800795620437
0.8206356442269307
0.7776396547128083
0.7032373268790179
0.6450481589290287
0.761794028620131
0.9172867574029435
0.9156698295699778
0.6525025224524442
0.7898170521669234
0.8718516410260202
0.5960455875602614
0.6055807015136885
0.6747245063827465
0.7575851969190117
0.831462750591149
0.6964166549423201
0.7953236622021902
0.8097977634466935
0.7192634185520478
0.7617394260057189
0.8266332152531546
0.8142799770604452
0.835396370340196
0.7266652374580549
0.8214654126296701
0.7692625584673539
0.7716829596592275
0.7961934330547197
0.6864657104592581
0.9104161695136643
0.6799268889573289
0.7138909417290173
0.9849933472385153
0.864899996076308
0.7943348552667191
0.8105860910106544
0.8191839829203889
0.8402469519699591
0.8647020378799479
0.7759257866803945
0.680529049927467
0.8122407412455253
0.7637161042780977
0.6671962802492584
0.908938596933321
0.9717888225525827
0.8455733471221929
0.9180699672893436
0.9676045077098369
0.9573303964524027
0.9347209694262899
0.9578761388121881
0.9726281510758592
0.904496205563524
0.9091115826607893
0.9877536253855288
0.9451664620176805
0.9381406213763626
0.9643148885257755
0.9146588295433049
0.9380206818360856
0.9746322139511009
0.9663569222536523
0.8438733460464239
0.8783367534408618
0.9014074102340532
0.8518373625518514
0.9016700500838926
0.8823308773439212
0.9326793923850999
0.9802640684849712
0.9330862081800663
0.8305119816343101
0.8434205894991577
0.7632604809181149
0.8451950165553193
0.9509136334730002
0.9349811214831532
0.9685003496023341
0.9576022903898486
0.9115343635586143
0.966089099944166
0.9456151838444321
0.9670777853180215
0.9431272766029583
0.9745979557844233
0.9330455328612375
0.9734871125932978
0.9279002549080279
0.9508091636770739
0.974480413868947
0.9012584872723419
0.966185624492855
0.9463930870207502
0.9681414572491757
0.9433366571235372
0.9118268923251788
0.8909433603353369
0.9950254519819067
0.9661779028084176
0.8752680790535854
0.975622757229063
0.9657844456276906
0.9565654064675158
0.9450856518316503
0.8716782028753813
0.7916960837516882
0.8662809623329581
0.8783618625760625
0.9843512181596981
0.841899052892584
0.8494545761799479
0.8860815314129082
0.9263341755243082
0.9356246232552194
0.8512138788047289
0.8574103889231691
0.8449476875702142
0.9432967336253872
0.8673114142601912
0.9320614438545903
0.846852664196224
0.8470920720615054
0.8763248837839921
0.8521092230796314
0.9614079276378575
0.8412885751666117
0.8942917694728334
0.8760182066194713
0.8394703498384857
0.8334237986446852
0.9551777541439983
0.8846437206783515
0.9177097146809873
0.939388510234316
0.9243421895990351
0.8420413710136591
0.5472161677282172
0.8279537462538635
0.6808491839107342
0.9929171211386182
0.6686947492458233
0.8559911769536559
0.6679589820900862
0.8276575528698454
0.7791385190135056
0.8814511666553985
0.6854609237323316
0.7047540048409637
0.7968604530747256
0.7618024761154036
0.969744237585226
0.6689274043091686
0.6721912898756957
0.6916964752651467
0.6752626578659464
0.8054067797204107
0.8963188585209181
0.6708293616454087
0.6861724283823838
0.6988351006221696
0.8838626405187404
0.7186025736127766
0.8146106890230086
0.7511024826709112
0.739595424226515
0.8636492178580083
0.6864821028898443
0.7251559344372174
0.7165704102938614
0.44866347576462895
0.9769048899880313
0.5699005476830474
0.7936407782135189
0.6395440332525721
0.884396708546525
0.7201202351854887
0.9490962071148664
0.8621513495700928
0.5204898251468062
0.839272433024408
0.9059978471027623
0.8714896440286728
0.8966647477735494
0.976328516326822
0.5977996677728512
0.592778277329993
0.9815545813242512
0.888528089784019
0.7036490585213774
0.8985231730751815
0.7161325673410347
0.9099296029889912
0.9172644042847529
0.8320096742633585
0.7984114796514796
0.967077506692318
0.8205221926453834
0.7089018078256879
0.9063201078227215
0.8470891342702536
0.6515550579725893
0.37574489717454645
0.3805564685617787
0.7590695637182112
0.5030931403149863
0.709410272673786
0.6294705090362029
0.5076482979755034
0.6183683725338512
0.3728874623159855
0.5453766585508681
0.762807718592805
0.64155413572204
0.3073363620692063
0.6412630902441455
0.3618268065471998
0.47702821291656217
0.46054516123640293
0.5894920240187502
0.6352083107112072
0.5848989043969073
0.44698096410651933
0.5751204762793084
0.6168086010980496
0.3837834263787519
0.3720588285457779
0.34004290650321023
0.5366934692975069
0.44672379414140595
0.5554597003934183
0.5910079862997291
0.5083062837226267
0.3877413808311913
0.46419072359837116
0.3606099990071839
0.8890192557195334
0.8447796989590459
0.8047841354885821
0.8539566294326121
0.8317397804351401
0.832353699966573
0.8619299171418235
0.7745895482028312
0.9314879878562417
0.7531593614997191
0.5936251429536696
0.8995467672898967
0.8577058892229028
0.6114412462904878
0.9020755659888791
0.8195658491190174
0.8083853995083834
0.895416962812834
0.9337683632548671
0.6648797484999477
0.8401097433626543
0.8955043047640662
0.7243080413118059
0.8691904997454376
0.8955093198222182
0.9695674373220378
0.8630395592352615
0.8658820297180301
0.6914641869412141
0.86857089064242
0.9233870350409354
0.8308385459207834
0.8064226812176911
0.8233528361861802
0.9667618059315526
0.5703947042735507
0.849094408924692
0.8393486816106246
0.6191098368250241
0.8692926377120984
0.5304210337150839
0.8927169806908852
0.5967121587690583
0.7032180640115561
0.6001418065617568
0.9444533238419097
0.6811330450415771
0.8627158849659721
0.7790393802537164
0.6594261412443836
0.8100095917807908
0.6251215034358224
0.5488798697249522
0.8917755045481637
0.7737577239826197
0.5922255175690061
0.5511320958937687
0.6479223905356695
0.6735150839355228
0.8421977981270856
0.9179824730287749
0.8219753662265274
0.5631843588352918
0.9991863059895844
0.9405278018985591
0.5546932365420302
0.522031956387401
0.523981105054545
0.4983221123076041
0.61810015007874
0.5138761189685325
0.5804679903881651
0.6157964790752405
0.5106446046496531
0.7630962106027352
0.4980038856838511
0.6465558146714825
0.6037499367373962
0.895607889620526
0.6005349452940638
0.6015291790682629
0.5027318047506981
0.5493137325670185
0.8828812747210748
0.5356095781593233
0.7362367638382433
0.7077581062865044
0.5818084617795216
0.46398984820064515
0.9242163114641903
0.8795982511847737
0.8085680902752754
0.6062842576522862
0.6650683446999167
0.5096487320665121
0.5341184217105036
0.7787658479871122
0.5417745162102388
0.5134546823309084
0.6446585028708872
0.9626445341933044
0.6340547780970199
0.6372897042625331
0.8011557104375018
0.8710944361211109
0.6390220073683658
0.8708047523423603
0.7047078422848008
0.7819386949454957
0.7815914981953483
0.9487057019841156
0.6479971293915895
0.733143217235818
0.7266786079905525
0.7943459540812485
0.7739764473451329
0.6778098795264224
0.6967952526565663
0.8755266765111909
0.9033868248772569
0.7938948226848326
0.7707252981802578
0.7529017361560111
0.6940528846268675
0.7498323916650924
0.7603141136867932
0.6237747685077447
0.7704009076500242
0.6330784697042087
0.7107102031492081
0.7797806425959852
0.6852788414373779
0.7441724757755862
0.778952670140515
0.7541685187947991
0.7481651312252361
0.6997295489532991
0.6683496756170435
0.7728670256447152
0.8487853201939083
0.6705195772704906
0.7138822724593451
0.7621860983980455
0.7327258741601158
0.7858847408520685
0.7665016152619888
0.7862494405016672
0.6669435839746067
0.7672086419915511
0.8867719650380801
0.6590208478513429
0.7599661032670983
0.7826340272532915
0.723188080911913
0.762036304967663
0.7791516692171251
0.8837487174491252
0.7242065775429085
0.6379652383363099
0.6542185382879812
0.7978627343028728
0.9268648429544718
0.9386422797849092
0.9520170595567611
0.7786982267390438
0.8450267483970318
0.7674678398412133
0.790318228261264
0.7969872829571629
0.7803190541156704
0.8266531377883193
0.9651245860781739
0.9941944114565269
0.732348796124699
0.7169125978511245
0.7392201245406064
0.7752598156491007
0.9594576332155467
0.7757318771188322
0.8171596053973079
0.7136681023945735
0.7404166813879184
0.8236754576481751
0.7761439919818058
0.7366910728645227
0.7483360676711367
0.7821489113144351
0.7235778392751484
0.787966919745893
0.7962496807243389
0.8237284619958112
0.7748856745389823
0.7550197752846651
0.7177199170788766
0.7779602398137357
0.874465643714583
0.6787361423123799
0.8771743266531751
0.8020296554373498
0.7297590542741668
0.7798807787737001
0.7955726736643435
0.9130539108746677
0.9027812805463427
0.8162492540932585
0.7418635701018503
0.8833565449028099
0.8272219339746052
0.8843764981384574
0.8650219421764789
0.8323586144394322
0.830663572000761
0.8066798548556147
0.8329455427015073
0.8742806971394267
0.8429640017064282
0.8565377069587914
0.9027153968275703
0.9061969126414018
0.819163445407638
0.7799631885477765
0.8251803846888145
0.8355274906572416
0.8204147964684341
0.9262865526109606
0.8141794493143147
0.8002043565218226
0.8106260773740073
0.8701107158584004
0.8187072446475818
0.7263807745914066
0.8943050825878751
0.7447693240796509
0.8128441060747263
0.892809489104254
0.7601850180297529
0.9204555149717144
0.7526324578366398
0.6822599798848712
0.8771872704682235
0.8867606267219423
0.8291962350428632
0.893350657400906
0.914035842478166
0.811907872782062
0.8095665210573548
0.7813072249912655
0.8407913643707692
0.9270250752947553
0.9009541358732002
0.9220948748588931
0.7286577345701566
0.6928315416759507
0.7899981539501038
0.8806704505480437
0.9084686671887934
0.8099048058491325
0.8511867839614369
0.9017507481510203
0.8413390050402535
0.8123054605944486
0.7495597159721202
0.8919850829080321
0.7684965117914665
0.9149845071696516
0.8452710414806052
0.8944862919378853
0.7614038863868178
0.8621300977863953
0.6959847026463684
0.8479911361121739
0.8426541974761083
0.8579520634685416
0.8418363158584057
0.7481872351495301
0.7126186022753398
0.8006033975110358
0.7521635280606775
0.7910623395097995
0.6786325595381781
0.6565561842057728
0.7143650864030573
0.836678073352668
0.8016997440580578
0.8421744214173323
0.832161228558803
0.7454665138669122
0.7467650588023095
0.7363198796484682
0.6697513645769686
0.7961806590213237
0.8094602050517394
0.8608594044529709
0.7365019508393926
0.9138079975249379
0.8584720057168755
0.8205210306391152
0.7373782300386587
0.7187195183125927
0.8300161855082786
0.906230622383239
0.824283725905111
0.9146232003745706
0.8120458812154567
0.859487749901547
0.878516194649926
0.9101298798003364
0.8710840382405449
0.7526825250413599
0.8593010705320364
0.8728074705908778
0.873393151237849
0.8427970797711142
0.8737006459221041
0.8888849020916096
0.9556367358227562
0.8336152242018966
0.8021298124679959
0.9439015554323829
0.8452354071156195
0.8160593490328167
0.8686563313361849
0.7992678513719791
0.8845406594678407
0.8600847104949515
0.7720438437089843
0.9326404117581836
0.7418663393823712
0.8383522009035551
0.9180116133585158
0.9144546658607701
0.8195862603556102
0.7788413474949322
0.873293977754418
0.9028916259374234
0.9296410355105243
0.9200050545954711
0.7879622751889286
0.885019203674385
0.8405140650383796
0.8358246414642236
0.8335527811353998
0.9294088944170397
0.8459963310319639
0.8054681235975438
0.8374851565139054
0.856077286692736
0.8687219973150366
0.8513062357026606
0.8994479576408255
0.8556282449728515
0.9039245421126455
0.8435233111172038
0.8258408326103456
0.8328882470507708
0.832598369502632
0.9034221350113101
0.8306120709844153
0.9061650943259651
0.8289643006462358
0.8757507547727328
0.9239233301021553
0.8567000809199069
0.8559742673142325
0.9212117070914473
0.8189143889647985
0.8740766361116589
0.8595878157003153
0.8479497783355352
0.7940232290903149
0.9331031556408322
0.7789304088814282
0.9173451330890231
0.8990567989525273
0.8228935820239416
0.858668048194154
0.7811127638931515
0.814572505403629
0.9109924014718256
0.8277792308615223
0.7791752255143736
0.8449761653200564
0.8065103263231428
0.7395429432945053
0.8751344723936925
0.763134393531887
0.8578847114971837
0.7722150499701104
0.8557351528798414
0.8738835378139174
0.7795444578012054
0.8743655839476256
0.8512173113110965
0.8596975778318112
0.8649333572491023
0.869818646292918
0.7569760623239337
0.8798962318197032
0.859484518217421
0.8393113934742256
0.7584521922723959
0.7491328840455923
0.8206201435274558
0.8520329981249082
0.8088417591279078
0.7111120216483802
0.7337534999206142
0.7916627494406001
0.8634486975678651
0.9735984089751704
0.801332142021506
0.7938473538871431
0.7889852822088129
0.7549770288021922
0.7004845655815559
0.6793363032672879
0.6917054590901138
0.7998035835370151
0.7606331753002256
0.6949035859668693
0.7488781385843704
0.9707554304536502
0.7324455949426074
0.8148575453336597
0.8316215079220521
0.8348150409257035
0.7533004507794226
0.7691668502687942
0.7561746577170829
0.751001763027116
0.8354709569080381
0.7586038874891279
0.8054838465842225
0.8741120279924661
0.8328197351436828
0.8362031025052051
0.7964340420152358
0.7746221879761714
0.8373951537381774
0.8493837672843167
0.8247123837364205
0.8369237751054757
0.7454665167007319
0.7242091917825323
0.7993643236473618
0.7864471115072622
0.8471332525644164
0.8049002367378651
0.9300323787194167
0.8254038525387528
0.9328281488779664
0.8195511447093686
0.7575419240939812
0.8216817459716804
0.9852170725289471
0.7502789668514889
0.8404664383170583
0.867807227910598
0.7624238637796938
0.7128181663867034
0.8414690201996338
0.827001051210807
0.8080233706557143
0.8306193700252436
0.789161864613338
0.8124418751232904
0.8278549287969574
0.8634431670598028
0.893598922743846
0.9380814562358659
0.8082216907484014
0.8591930435559098
0.8389753738139629
0.858862600715623
0.8229289351706963
0.887261131482863
0.8372880682123889
0.8616764621628626
0.8424978469126401
0.8857199970594352
0.8501411926979892
0.8497710574811543
0.8206864897590976
0.8634750398974678
0.8758487362905241
0.8020418128254765
0.8804779321061216
0.8405053847640328
0.7688248586398547
0.8553266577413847
0.9960278558857318
0.8796086616636256
0.8867878225567425
0.8647603386340211
0.8663597437879196
0.8265805311184178
0.9132041457704474
0.9158153240025539
0.6740416643868827
0.763390824582304
0.9192602558212764
0.7287846566692731
0.7862316929018993
0.9109177940528058
0.9535508194885163
0.6655702311524361
0.8953979971266786
0.9457159962756936
0.8355498224477601
0.9221763134791485
0.9977112810492272
0.8447923170450193
0.806768682994594
0.909139196176568
0.970465321998768
0.829306860738324
0.8683491145702502
0.7257767704743529
0.7218830657633842
0.9416916240991828
0.7840742477874131
0.8532827883193933
0.9726604132607859
0.8792680989998307
0.7174252031185875
0.82251028286053
0.8483076285249911
0.8797999072135342
0.94313916894885
0.9569043185271081
0.7311227638804556
0.6777559026250162
0.8311878688084908
0.8617653056845218
0.8872243043434719
0.8346625506846008
0.886976219214701
0.7611551525656609
0.8952724141829593
0.821527068072347
0.7886296940688906
0.8021977137534819
0.9379502243880518
0.8543872414734668
0.8229200675909947
0.7912472218825617
0.8240463889722811
0.7716219097963222
0.7244801267531131
0.7829729636296195
0.9382048332454272
0.9122477384806322
0.9103503940893128
0.9109101796818682
0.8244914500514438
0.7882859914118988
0.8700567905350994
0.8470863526491416
0.8756852495246195
0.9213568539355182
0.8546356502697612
0.7849370198303165
0.7399357573716667
0.8864478438931639
0.6460521986571852
0.7932188210902391
0.9400741900534915
0.8986092111122619
0.8756016085591232
0.7635067973918058
0.6781409318075478
0.8286816588972533
0.7749193516804476
0.741941937152813
0.8927381151373331
0.8951585180003556
0.882083356513978
0.7533357818231226
0.8291242410685544
0.7553357674028665
0.9472697339303595
0.7421366732543807
0.8115700416441427
0.8290409234045013
0.7722931047960416
0.7912544277517104
0.8408055622857613
0.7358911636983272
0.7697383643471319
0.735619251602338
0.6600653010180861
0.88446109228724
0.8727954751419105
