0.9744796542792111
0.9516160390466847
0.9733626401043096
0.9759719376158948
0.95555808556444
0.9807721204528457
0.9554589724615217
0.9802652550108584
0.9694995572345448
0.9553110462289203
0.9587750431839086
0.9520006420562392
0.9714964255805345
0.9637675257478617
0.9585271807723921
0.9777973707294577
0.9540591848183646
0.985380400136973
0.9782165551053509
0.9750417740727289
0.9911242195556955
0.9518764365772744
0.9715531663034092
0.9684214001239682
0.9585884759788984
0.9622711371098598
0.962619358695356
0.9566312503744321
0.9621095882614958
0.9686357054013415
0.9853681929435816
0.987242528662418
0.9881246379672707
0.985020603242234
0.956285717441281
0.9829733203715487
0.9846189244632078
0.9806251431486086
0.9781822103787323
0.9829552449378742
0.9559959143271712
0.9586143502839894
0.9585434772536897
0.9685035830304103
0.9780683210193906
0.9777111579092799
0.9678900785770921
0.9792294860107805
0.9558396062746163
0.9548449883005927
0.9711887805704458
0.9829520086804138
0.9220265213972013
0.9507839615664019
0.9557180379330517
0.966547895786444
0.9531672318060898
0.9621260807104713
0.9542327469394375
0.9416549569064925
0.9487974765992016
0.9667957242068645
0.9628500226542274
0.9386370262864459
0.9594954113757576
0.9748574551231282
0.9640790228989207
0.961854939658801
0.9791567047641347
0.9705063352543588
0.9442995002339427
0.9316483481186477
0.925355727328445
0.9437448472978142
0.9436502723519666
0.9524068688152363
0.9437894477889112
0.9439890805901017
0.9432083375075151
0.9331080783653467
0.9541752741228609
0.9345830223616589
0.9431935468156762
0.9394994855739327
0.94102080454252
0.9453165692668364
0.9470625763682792
0.9524948101357607
0.9497898238784976
0.9520055078045797
0.9604479745750439
0.9530355764261723
0.9503996021953819
0.9503094476847127
0.9521328556573847
0.9505784237640649
0.9440596101433282
0.9653045475106738
0.9495902250837792
0.9313793024816912
0.9514414415663663
0.9408209877545658
0.9357722523401808
0.9244318624470388
0.943789392081819
0.9296020840861123
0.9406496219348468
0.9355188598825008
0.943980399752655
0.9380196552764569
0.9401938069154374
0.9373070553632534
0.925957033843064
0.9315938496345244
0.9320520041063318
0.9434916104488359
0.9485615151266458
0.9465580878000612
0.9499511789475683
0.9432489147401099
0.9496534035174694
0.9409943510602822
0.9652104445851157
0.9525729794549721
0.9433675307281817
0.9503708314141247
0.9668148885395644
0.9445684406960356
0.946574360898195
0.9680655614883686
0.9674029425009856
0.9546149150817755
0.9314959429033991
0.927703020708278
0.9376650311625434
0.9175402092024797
0.9206973279544752
0.9340391006902018
0.9234339622509979
0.9409421730045366
0.9343491061033264
0.9205489144738912
0.9024969071529638
0.9322641577520414
0.9331379175052011
0.9588955471255396
0.9644941372107247
0.9308908165945906
0.9486120826280566
0.9726220637111467
0.9547596465649344
0.9421601158628913
0.9679921999676026
0.9733799220765613
0.9453803378892448
0.9542429757184965
0.9408978149500375
0.9732937646860548
0.9730323269786404
0.9541368730354627
0.9611830408094699
0.9704244940327731
0.9613028946005894
0.9478780748168185
0.8809809908492405
0.912824367486043
0.9288418978897159
0.8941304680137574
0.9380346028398024
0.9187712075360048
0.8699633300476199
0.9118319943926001
0.9359307402242552
0.9572802642200039
0.936334812545643
0.9741679718718819
0.9233308362702604
0.9762842425464846
0.9320340790006898
0.974505173518764
0.9662587353499821
0.9756948138662108
0.9738026050385904
0.9312582505821838
0.9693967095991047
0.9470587261158239
0.9784475678306594
0.9769137278205495
0.9403753551710948
0.9710346695912483
0.9710602997806229
0.9414772484828222
0.8874398111877043
0.9323201613401588
0.9296229759247457
0.8850994399587966
0.8908199750529157
0.9142093336756829
0.9207305109041697
0.8884050282457487
0.9193531833514006
0.8780406690985317
0.8919133967990587
0.8924592255794763
0.902859982767567
0.9158868850890605
0.9219780322769452
0.8956561806678947
0.9079591996782148
0.9066965148268595
0.8990237757721586
0.9256495654948392
0.90232316213151
0.8701987412322629
0.8954599177903193
0.906968746014432
0.9048517433967662
0.8860335401893427
0.8985256992055395
0.9165294857902352
0.8970861276792965
0.9027006385284146
0.9329978411698885
0.9227231284176691
0.9016668324238595
0.9090311186881511
0.8484418113557373
0.8667504900007768
0.8300191316379665
0.8550834635804792
0.886223076850438
0.8401017494997595
0.8604847206092848
0.8357967050862132
0.8291435575536394
0.8437778597945297
0.8535585970196493
0.8365718771949284
0.9497676611314766
0.9248544817475002
0.8662268166319091
0.9391398954795971
0.8943624510796386
0.8803950498553692
0.947572669375454
0.9151221471286124
0.8366056149342725
0.8414025265941437
0.8830810400920093
0.8369673949409512
0.9431522821490763
0.8553217654646865
0.9513557464230598
0.877962291494585
0.8804886169182948
0.882551446437723
0.8702704286073043
0.8614701992129201
0.7563888017143028
0.8037328692825091
0.7693813641160385
0.8129883944612586
0.8411605112267206
0.8542364019430209
0.7961595445683657
0.8409564346213481
0.9123948996740279
0.9046105856653962
0.8038103624031001
0.8515281708314879
0.8665302917692461
0.8832284414677107
0.9313220529570002
0.8900538279621961
0.8494822102272539
0.847864004251743
0.8602663274411859
0.9007689295745827
0.8703539520446271
0.8565859835717697
0.8917139357787363
0.9147828880949209
0.91134184425316
0.9295137201737625
0.872748316414071
0.920677637611049
0.8758535651687676
0.8005021004919958
0.7247338344146286
0.8128476214256628
0.7492800321575134
0.7236903167315272
0.8259105287844328
0.775606906463354
0.7448900490627013
0.7078226093293183
0.7033238254020439
0.8023785502307443
0.7084264939881404
0.7938339952228993
0.7665471656735248
0.7254010315612553
0.8801261660570884
0.760444136077076
0.8297727112846974
0.8252860017724143
0.6976424312954094
0.6972101228712275
0.7625486174805325
0.6883066954102224
0.6815094917793978
0.6811845086136905
0.7543716614708649
0.8235121251176472
0.8904672914476573
0.7103270457178268
0.8074465707460399
0.8872895799178864
0.6377705361715031
0.6899825449891623
0.661851115114277
0.612760831845405
0.6785923672974115
0.6238149512602242
0.6820977397417505
0.6185787873724161
0.6774482715245684
0.6497348595915853
0.6508670389412596
0.6835618157586658
0.6725377055409949
0.5949401978213396
0.652786640154311
0.5915817021571287
0.6392668757962773
0.5941943311695161
0.6003157065182708
0.6630020083976433
0.5873311921670585
0.5945735194943684
0.66547884107907
0.5930521684302827
0.6227626812265032
0.6221369363166098
0.62428957088306
0.6010381680199935
0.6011591872214893
0.6684106970743389
0.6449836544742014
0.6632049877875537
0.6492985436248956
0.5938274186466104
0.5986956810724758
0.6192022996694135
0.6137828053385317
0.6059871632538382
0.606754487121078
0.6037290246030419
0.6353574487863722
0.5958002210561363
0.6248735514263855
0.7805267075582187
0.8405956692438706
0.6957491562868778
0.7886317021702505
0.8105438861592562
0.7242043437248835
0.7646989558810717
0.800823014533045
0.8097235204142259
0.8346140829584241
0.7409042672224678
0.809314206899192
0.7726524632233596
0.7728661021114342
0.7805483291904994
0.6871150965595418
0.7813697501215433
0.7080248844432329
0.7300564870420327
0.8241371778997983
0.8401458072874697
0.690320020273562
0.6812743397594805
0.7438103411562165
0.7493965326212954
0.7624274908865962
0.6876338255097275
0.6549781640942102
0.744898124275936
0.6861724972295946
0.6657274679471297
0.8303889683576626
0.9454353692767272
0.7368478162223534
0.8789921593760641
0.8987124718661822
0.9280478402535399
0.8977478390970536
0.8668113122039347
0.9530125328731937
0.8702265856878272
0.8672789308678924
0.9056075140427136
0.8333085416697484
0.7987447703786696
0.9288218442000417
0.8615498628361749
0.7783089984067909
0.9413760990074085
0.9364337338419993
0.7952459148606561
0.8376693679299976
0.7760703766488168
0.6397813332525658
0.7940143447860626
0.6993080268293115
0.7940508336260448
0.7471243565445637
0.6815710183904555
0.6920586664405565
0.731461726264569
0.7870453198308096
0.7060289693205073
0.804593560558819
0.7745207210380367
0.8612755165296779
0.8378476219818237
0.8750358430810614
0.827882137071375
0.7986449842185068
0.8545636280605606
0.832317120933302
0.8798647767092158
0.8294812106949616
0.8799548773406303
0.8281068125758062
0.763773833086199
0.775102609575681
0.8402473952783351
0.8525432239021402
0.8652583641093434
0.8892756666080203
0.9076152242606004
0.8177917751872446
0.5346261423833252
0.7929296989583258
0.5635514676046119
0.766271760190858
0.5535931525351087
0.729798660469611
0.5280695256490567
0.576905412983443
0.5587072979025611
0.7850848259267282
0.5535376170801585
0.755106193224127
0.6998262283954113
0.5874380678416545
0.8170718357160857
0.5494411732341282
0.5491891782092182
0.653595587924015
0.5675539388113933
0.6077711576888538
0.8216725993498593
0.5891960283959292
0.5627678456505303
0.6069498074327835
0.7929618333092163
0.6138746685502107
0.560613635322061
0.5514177307638576
0.6726980519613439
0.7787580966368646
0.5860559833004898
0.6311962346778406
0.6525052313157214
0.5030298082375347
0.6326793609963528
0.582359973357528
0.5150979576880672
0.4814234897359816
0.509231480232996
0.5276528794579052
0.5333687929849795
0.5069616360253135
0.5109973523440436
0.8233298309590178
0.6181099453941222
0.5587794240488215
0.6532363508973904
0.7834215075736772
0.4946687908064258
0.5306440655216588
0.6256696603201708
0.580319481651059
0.49395295433488545
0.6633178074297574
0.6432789012232389
0.5670606017278849
0.5962433357159453
0.5267953128512419
0.623677934957225
0.7956741308139306
0.4539645087686168
0.4577227743510114
0.6052462311122709
0.6773877787618215
0.4979529172480958
0.5706819525137015
0.5240796625673243
0.5037184143667075
0.5991687067374933
0.614482655950895
0.5934905014712838
0.5783348963607977
0.5859397010585148
0.49583727768264946
0.48715369659388236
0.5314528126601652
0.2726175877310909
0.4499418286445223
0.5631916349499597
0.44050679141686644
0.3562135408000462
0.411737905000901
0.27295806718209126
0.44327449758268644
0.4560566430453169
0.3483006509916011
0.3175731545305881
0.449438653195475
0.45838472944010317
0.2658661581487102
0.26501526255094365
0.36557784767657375
0.37074864883107517
0.47785650192163376
0.5206677228989507
0.27734686647462636
0.2795351799739236
0.40434472149059286
0.3547958189599544
0.2803458028788474
0.23923581850899098
0.2025146075658414
0.3226132254829031
0.37627579756396423
0.23479430699476542
0.21480467511468965
0.22381847133316835
0.5230206180701213
0.29293843784306317
0.49080773313177795
0.4012859260558134
0.37703405918481625
0.29578234451634106
0.36557636543232286
0.25963374326152794
0.3393520352913825
0.6068472151639683
0.2206079719104932
0.2696898101245966
0.28056185188455085
0.36645240412756575
0.2342888195693546
0.49851855430476655
0.585577943518542
0.24592422379375697
0.35171081880865984
0.4810920532957448
0.2956384613722789
0.4077374462146327
0.35471269043106607
0.2700408258971122
0.47916091923540427
0.45204760967866503
0.3723304673057495
0.5134977702071689
0.5398704587497308
0.5066883565958027
0.5294587304011308
0.4869558895145125
0.6024394513489197
0.8781428490240879
0.6670686663439992
0.7611201591088925
0.6815761641487817
0.8290964438382055
0.6972452576158817
0.7952825842070206
0.7597140163673768
0.6621380310438338
0.6315744989005501
0.5620300239902352
0.5461289719168538
0.6805913344611676
0.7733543769913229
0.5916937720018093
0.6279790808329012
0.6866627191675401
0.7166036131698224
0.6899739150912907
0.8628900181828639
0.8148080971379406
0.6137688145287326
0.9161788681878946
0.8986177195150411
0.577154143680067
0.550221930140387
0.4686988825873133
0.5699929531257293
0.5029417085414467
0.47166591340756114
0.42812438258120056
0.5677903640615569
0.477697436803408
0.49625542457616784
0.4656159252416068
0.459277627753928
0.5045016636707451
0.5391186044673382
0.5226245482754543
0.4455547035513763
0.4730996668775387
0.46777065935395384
0.5303011299456495
0.46017148097039373
0.49457564057544606
0.4597567537360064
0.5113154092592579
0.37433931797603415
0.5065137174145911
0.5183570864947613
0.5968622783567207
0.4112663068218003
0.5166750529149507
0.4710275003643496
0.5007058550817924
0.457326953238165
0.466708254497167
0.44338845224870904
0.4670263215912458
0.519021378697974
0.41942172973271075
0.3422839021226246
0.5492644495037654
0.5188122538150044
0.3984562346871974
0.5629495578337547
0.5811617719324531
0.5274647233394305
0.6587931873330853
0.50672994176112
0.6523470772586454
0.6587944477009433
0.5590172733486615
0.6677445802049695
0.5560604317535571
0.7177701837626286
0.5484697099502962
0.6033187933437076
0.49994248089310206
0.6780921881971156
0.5040052655045888
0.6252245578988631
0.642311705670964
0.6028192871889357
0.750412450395078
0.7607508673863513
0.5524646229244692
0.6242888571078308
0.7625988063682634
0.6357872021006046
0.6630527921908641
0.5544697099385281
0.477344595407616
0.4577304945246496
0.4987421469005279
0.6388073424837983
0.38872895588641576
0.4481470795723287
0.7316660463487465
0.7278444925453008
0.7853136098498644
0.7045188069494328
0.8284807005619784
0.7519029018146487
0.7866106414956333
0.7306769815163665
0.7758064084481879
0.7439971918946062
0.6612764004260715
0.7087538978878871
0.7711993815214306
0.791278603044094
0.7693434422440506
0.7457123769699086
0.7685716874802808
0.6743084802632396
0.773367568526772
0.7052138915783766
0.7958716917871662
0.7514397362890575
0.7342448548731606
0.6904915042454798
0.754571974587501
0.7959831581912646
0.7805702083860586
0.8033899105072269
0.8756826991854454
0.7488269188922758
0.7807752764668079
0.8467609690632517
0.8123769641398421
0.8338105450450576
0.8221377243628476
0.7838387201042636
0.8949483656485386
0.831889633313798
0.7562445144370886
0.8042234876036274
0.9056268780680057
0.832665544337206
0.9027548709968893
0.8013522123761312
0.8281264268846642
0.7916807436474466
0.7749859890076382
0.8732194682323754
0.8880310014547509
0.8119597743685099
0.9073989894656151
0.8044138501527784
0.7542330164466902
0.799062044615857
0.7920213801609082
0.7434408992133197
0.8102722483076439
0.7464801190934703
0.7768798461604429
0.7480010835605874
0.7488629615787927
0.7887408675305703
0.7687150366323027
0.8856629670424465
0.8315245390653647
0.8204330657045368
0.8417214777594484
0.8752130407232852
0.8487154646541689
0.7986126395716475
0.7609760696445252
0.7703014409295258
0.8270100983050199
0.8453147353815574
0.8172634959195413
0.7998879845755231
0.8624804491102438
0.8078112997449913
0.667801150510408
0.7727397658717288
0.7793173324932663
0.7325961875827903
0.711007028997735
0.8589321269472944
0.739940098647953
0.8086372463327598
0.8444515626484486
0.8754559542847519
0.7739387296841365
0.8361043450033563
0.8724484547337976
0.8464221603031915
0.8453598639587137
0.7254865833439834
0.7023295919918864
0.817777352859511
0.8172717975473082
0.8130195165800858
0.8216768144115429
0.842020076570748
0.7873763485062621
0.8576254245741524
0.6883740214487504
0.8622780048926406
0.8898063999742551
0.8357767498166783
0.7242487968995766
0.719823085020083
0.6754351906237206
0.81493542156214
0.8207576974750515
0.8070429497304763
0.7112012668828617
0.6512675609407805
0.7809786661817514
0.8687625857563644
0.8999902016671033
0.8516460985102032
0.6672474803902648
0.825715224431993
0.7507514481359059
0.9041339978146347
0.6606075677289047
0.8649518218661985
0.8552555289926577
0.8262585954981145
0.7697157528904857
0.8709231410070533
0.7845900724417539
0.7910367441895141
0.815304236179581
0.7728415799165578
0.7600432186106968
0.7932364416776748
0.8393218915641542
0.785606756378127
0.8027535677968713
0.7690411529266017
0.7031056673087376
0.7148504241876112
0.7408360232590753
0.7806117965347009
0.8509232897244767
0.7103881011418659
0.7609034834569756
0.8143006955156715
0.8459522529991628
0.8489989381787253
0.8353393372585771
0.8119563876629419
0.7935606257923261
0.8617488681052339
0.6242540254793462
0.8325951900531903
0.7212098255939645
0.8056085129535142
0.7969687641170808
0.7944900479537058
0.8280592641130335
0.811067790146046
0.8225654294057064
0.8995130359208876
0.8778321793010448
0.8217969449634663
0.9030062505634765
0.8465038666487619
0.8445738247435619
0.8388228185546502
0.891047590746292
0.9003333178664599
0.8867649988985106
0.8640278024979424
0.8949291781761122
0.8051680810285249
0.8633855619788455
0.901483441408744
0.7730125523073971
0.8680254626809354
0.8844512183215475
0.909483631273736
0.8715891890043417
0.7741513126619255
0.8361187236306304
0.8312684009969739
0.8673490247729357
0.8839411635787957
0.8445540769261317
0.7717582628352673
0.8146380059476979
0.8203937317099326
0.7811662568813555
0.7785929841079333
0.8523752316968751
0.8817866896579056
0.764246688158203
0.8947408705361428
0.847634855920586
0.8446989126584978
0.8005449666058171
0.8861163098826781
0.872770394292174
0.8933074395207568
0.9060628594345157
0.8265438006020908
0.8875422257403043
0.7756273746350572
0.8137330530445361
0.8664620311075761
0.8434815663039344
0.8662674260042746
0.8645979420242048
0.7855924043351917
0.82049413810307
0.8337172857330628
0.80237114530055
0.8968131566659208
0.918061507754621
0.7895326189825022
0.754980879180056
0.8856634761548947
0.8560274663454757
0.9175378343146238
0.8972320585463593
0.7158559613434881
0.7398131693291026
0.8259452672695468
0.7953856644398407
0.8097067855057838
0.7675393818002328
0.7838172522075497
0.8259660074592925
0.8077834436020545
0.7652410917161214
0.7647301413499675
0.8736303760812762
0.837845891926506
0.737976988288469
0.7364173650394792
0.8632962758576213
0.906815997855986
0.8044684654008558
0.8231667406674309
0.8758509207144621
0.7741583676620194
0.7618622556889212
0.8677940203760012
0.82905804114795
0.9059745628293839
0.8554215487854677
0.8972201476214515
0.9148641388798118
0.8001076750249687
0.9021633446622684
0.8003487495763157
0.9115934819455814
0.870758153754321
0.9022496735796767
0.7819181078935089
0.8327590482448874
0.8814771828054994
0.7419880079820497
0.7891385370894085
0.7926425432042745
0.799096581987673
0.7890815337589281
0.8227998161464015
0.7107864630405887
0.7720552797256275
0.8419650063789137
0.7526961915881822
0.7582706162621806
0.7979574661606552
0.7784021969146749
0.8283876478648614
0.8320535117184362
0.838684525713227
0.8103004763824548
0.8517993573246581
0.7761232746001432
0.7839947084186701
0.8632898766565515
0.7973538908734968
0.7479161122417298
0.754456793293554
0.8915471414067007
0.7954971917408731
0.7495239689371762
0.8075003371931868
0.8077652860306087
0.8321788200100679
0.8777328208398973
0.7710700103555967
0.8265657199491928
0.9078882578350378
0.8032582525979335
0.835732289535694
0.8280064124280515
0.8740284828131304
0.8724860945551228
0.8636404448491593
0.8126295176351874
0.7997992087039467
0.8391577004788493
0.7665763831225596
0.7373427057193154
0.8635154839663229
0.8013212160971853
0.7991094638790939
0.8601811516068869
0.7305641418963997
0.7778794483869451
0.7608086172481294
0.8015948909431935
0.860847938949067
0.7964978896655033
0.7384645893160937
0.72117165634996
0.704740671730165
0.7827341982635421
0.7948536922958894
0.7032916496546796
0.7823559158435707
0.7958727284083811
0.7971169228587045
0.8441260080663564
0.7241230834018003
0.7335213472325899
0.6910642835733201
0.8020363896004378
0.7456571583731242
0.7621808489628388
0.6629371015650778
0.7675050055307789
0.6788009968436639
0.8065875094450639
0.7445140517443487
0.8057812544721834
0.6802964362446383
0.7471535296815018
0.7912327352589904
0.8186046831852415
0.7620668567635431
0.8024135246827575
0.7259944854874798
0.6532304294872905
0.7756942074584348
0.6765369429842809
0.8211928321098563
0.7757965337478007
0.755652808166587
0.7713476272810487
0.8503642608399433
0.7952895237425273
0.7038123045940297
0.8147564862709746
0.7784632876077817
0.6722115823869769
0.817922556995748
0.8378350494727036
0.6684233339250245
0.6235409201476737
0.7107367674141221
0.6614004821319461
0.6471456004917036
0.7365089193084848
0.6990501745614577
0.7035487133973224
0.688629443338479
0.7476607877861994
0.5920851523613629
0.8069973678835938
0.8051058873103
0.7545483200299794
0.5968890890156353
0.7753575182416588
0.800387731370433
0.6856533430037893
0.7286227545139824
0.6963387585593431
0.6208178540326014
0.7469825132233718
0.6957727074068019
0.7018252912241544
0.7129898599597254
0.7632849661484047
0.6332500465289356
0.6709668522042967
0.6649677793461742
0.7991653438718334
0.7019748508724009
0.7205989551068226
0.7043663023879532
0.6490513587005473
0.6181255078779184
0.6738832544422344
0.6590744361186487
0.6486911292111178
0.6259411006986066
0.6365930116341127
0.6722454837360828
0.6521368584305425
0.656135117823161
0.6829170826680233
0.7352567901417191
0.7347132358274615
0.8187809360995295
0.6140923034992257
0.6646365829500898
0.6730177631816954
0.705098198744534
0.6564551229818624
0.8425736102923943
0.6989562370022473
0.7506130532531143
0.7515579044701117
0.6922568509779393
0.6574820682369433
0.7791916362207683
0.5986416861300881
0.6276313578039905
0.7741779299207154
0.6597242958234548
0.7317810991433034
0.6843616018468575
0.7348664090614354
0.6150150791840211
0.6487239387875414
0.6695514684540955
0.6522062199501955
0.673840420195403
0.5829986254192817
0.5991815288310718
0.6502350282919662
0.6740469039726475
0.5805384540424667
0.7242852607368309
0.7973452531285246
0.7641592520597804
0.6728016522065436
0.7026972782784291
0.605550279820553
0.7709497352807247
0.5805779803273716
0.6233260610068534
0.635716583119686
0.6586313156595873
0.6894973557797011
0.7188952997166163
0.6552361939061275
0.5913045767096157
0.5721530368756512
0.6224074130056927
0.7370715997428009
0.7247566412377606
