0.9907823175514474
0.9828622543778344
0.9689730056472071
0.9765735604353671
0.9570132103680771
0.9924338211009884
0.9586821213034513
0.9806925896329914
0.9717572270116149
0.9545849338261251
0.9639439848840758
0.9531399463577626
0.9932968907812961
0.9646287825972242
0.9605154613528151
0.9763177673276897
0.9526534097087849
0.980200363592993
0.9783143544658829
0.9787052488426067
0.9923777588423188
0.9532737610703048
0.9657194727692213
0.9679532894640974
0.9590942978706573
0.9610889818314823
0.9647742428393471
0.9556091319338664
0.9622555661847456
0.9704543590166175
0.9896327394340714
0.987197438974573
0.9882376492290358
0.9863839570497646
0.9571186047702178
0.9814425675388523
0.9844520653810984
0.9802846305751409
0.9794862618766862
0.9823799634460524
0.9560780492153684
0.9613831887666545
0.9575163317480011
0.9865359519367187
0.9897242306688256
0.9742409706420456
0.9593663363073285
0.9787746982293448
0.9620729744085841
0.9719981992772173
0.9683769137256102
0.984016284179797
0.9568103533344143
0.9853957232798567
0.9810044619739801
0.9745238225324395
0.9800141851071307
0.9640338976139242
0.9761725988913722
0.9788642633661419
0.9651241688325185
0.9595304798272475
0.9586995681187029
0.9669675929588908
0.9399468080423183
0.9610287074386519
0.9674804799023962
0.9632844555332648
0.9518218400613853
0.9633870702383731
0.9529840117550168
0.9486142615064591
0.9507855999385483
0.9710689021277399
0.9687584832392352
0.9495325792626182
0.9605942417812292
0.9797876962568566
0.9590265677078245
0.9672164664639091
0.9896255199760029
0.971572183790117
0.9485666689479056
0.9296238952650336
0.9203716953412395
0.9511491485250433
0.9582009079379995
0.9540950086658504
0.9501236757141559
0.951433504966916
0.9528956206690232
0.9536139846806422
0.9548669928325868
0.9404875735836016
0.9475125300916176
0.9489113618814642
0.9494180369659764
0.9482330980381397
0.9456379468311658
0.953102990283726
0.9519866209193185
0.9458796611032803
0.9586137745360019
0.9460241884390229
0.9624441791263129
0.9462940143214826
0.9501517648421269
0.9512114520206141
0.9462668977158769
0.9686191024303592
0.9494114840424244
0.9419950515036472
0.9472783509524569
0.9439497723486032
0.9348728715958171
0.9373904259246375
0.9470972533497504
0.9470742369842327
0.9501492129144358
0.9435082582425259
0.9519917909582127
0.9416027999603
0.960449637459925
0.9705757333878052
0.9416669887618254
0.9416252395116377
0.9623493639223317
0.9459664640805114
0.9487203399388762
0.9439834263676196
0.9647695397074993
0.947334269481584
0.9582121176636023
0.9585211717855832
0.9681143300481061
0.9518744030050428
0.944424967224147
0.966204035603354
0.954253872314256
0.9469669743257925
0.951583938346119
0.9698852136435534
0.9422945881000853
0.9504153818161581
0.9372469402326905
0.9569771041859874
0.9679071288005985
0.9419342712550061
0.9443714571201662
0.9482471378355314
0.9293513424668692
0.9676251087609777
0.959277177600175
0.9370106355365999
0.9491945854236385
0.9691827885375273
0.9384097547834145
0.9529860545869908
0.9510326366204604
0.9563355253713152
0.9553870685219145
0.9689492126767215
0.9577407050857647
0.9425644744525759
0.9720626594134661
0.971246430160476
0.9425675024435719
0.933869891288931
0.9422975335190752
0.9641607018050459
0.9678694974628413
0.9373335107844596
0.9408030682901349
0.9732243062975678
0.9633755341996759
0.9703665116589743
0.9146069855177215
0.9612944508156822
0.9748613215181465
0.9502306572821413
0.9700507505753044
0.9643246790159605
0.9199866263660788
0.9435131142832768
0.9705450617911993
0.9621128731700505
0.9797630588579342
0.9743391617007808
0.9129834756115374
0.9735640991535539
0.9304531614218855
0.9740759165270111
0.9472800960814312
0.9752458345095061
0.9740170363016298
0.921407031546068
0.9654575402482288
0.973445302970447
0.9772603991101156
0.9718257151852787
0.9685284047487939
0.9719757464052634
0.9719693546424235
0.9126987956163399
0.905655742393389
0.926934669411446
0.9465808138036838
0.9078972842501146
0.9015911862010786
0.928219145902873
0.906503622131326
0.9145869803387159
0.9058692942300857
0.8842780236676226
0.8979639257192495
0.9088788813374581
0.9062603428989828
0.9112508909758295
0.9073419365545389
0.8978593978381146
0.9173660347501134
0.8970653114840629
0.9150685648165833
0.917053257979882
0.9112162801721014
0.901609236476625
0.8973706320546191
0.9225905992623127
0.9059794341687526
0.8974012467138975
0.8988406708688287
0.9220376151563499
0.8771105280046786
0.9031477556068546
0.910158044894815
0.9223675496604707
0.9007243073310058
0.8910150049990013
0.9206239777744476
0.9286268778769424
0.8742917374362864
0.9360177808241923
0.8857233149751191
0.8811810433077117
0.9477142566227202
0.9034600221175167
0.8611622028348296
0.8370765311026427
0.8859264942824109
0.8794817061462825
0.9450768339465656
0.8969496559845758
0.9268131665278942
0.8927087682046518
0.8973580706986028
0.8352354564498035
0.8852812811066367
0.9285794996969057
0.8366334959786503
0.8544079886074102
0.885505860790255
0.8523033064563066
0.9175616836529427
0.8656267515589724
0.9089518723586235
0.9448487607918501
0.9517518498206015
0.9560056517501085
0.940429313811991
0.8952394984730914
0.8516862449546949
0.8742959724085372
0.8529449256211588
0.9025356886512504
0.9013715066175958
0.9191307821110297
0.8800979476232008
0.8659603951215138
0.9252273197368805
0.9178656632551756
0.8471532723727073
0.8726477962945081
0.8608744416418159
0.9027235258116745
0.9394926571930726
0.8835692825838428
0.8531902658439127
0.8475950281692348
0.8608872182105622
0.9079347197877947
0.8768657793931351
0.8769895926840856
0.8919556467931019
0.9189546467693525
0.9103197931936637
0.9318880606734193
0.839343754655536
0.9146822154472595
0.8834264266499193
0.8005858004962496
0.6786855435933427
0.8378932214463256
0.7414928299471537
0.7127844769477019
0.8254433280077953
0.7599354751471618
0.7345219825196232
0.6884923894009889
0.6825407806321533
0.8230092207475429
0.6794881447353214
0.7842927638985705
0.7743483036753521
0.7272801475724271
0.883944721772564
0.7601047149259548
0.8309219555909269
0.8199634985699563
0.6980253767547615
0.7103884682136257
0.7293108792810846
0.6946302278072243
0.6868842761500926
0.6522346890030836
0.7572405235365662
0.8476768546721352
0.858702368349605
0.6891400021349192
0.8173530832881696
0.8581264140426439
0.6268092761342003
0.6014649728157198
0.7014395943093672
0.5892308407137135
0.6279359483534308
0.6047765743290141
0.6035669902476231
0.6033087631943661
0.604902564453569
0.5895538899366672
0.5786030208262821
0.5990570902472587
0.6582729800856191
0.6127258382866565
0.6304934501815445
0.5900270816866243
0.6057583798778521
0.5980850274883822
0.6388487352752763
0.7193453986202186
0.614268462324823
0.5914147828040457
0.6786450109302161
0.6146773631824507
0.5807204689031931
0.600597211815505
0.5981621819453722
0.5975529969953903
0.6320782336321875
0.6633728247284612
0.618323265681919
0.758795447258442
0.8389990580268716
0.6934528152919306
0.7859386175005738
0.8124589535625666
0.7377269668985391
0.7714717932598234
0.7995251262632922
0.8092471873763996
0.8339890108440777
0.7432356898712121
0.8173810344741417
0.7745493689853451
0.7751553674744383
0.7957208267969228
0.7049377290815411
0.7801988977028335
0.7062920113950188
0.727857885379257
0.8313000179554784
0.8367510815349946
0.7805899509837524
0.8045587248130643
0.80829886866377
0.8211491547447143
0.7830158723601355
0.7123925354342597
0.6783518572911467
0.8119242712558485
0.7597565189086997
0.6712042727736157
0.8816932339631346
0.9806467202110339
0.6983478488465027
0.8112933160661443
0.9289438696818747
0.9173852466938365
0.90968655700919
0.9128714935197841
0.8784168457997601
0.868719325780608
0.8244814417488624
0.9317036276300805
0.8902881010348311
0.8938205415230078
0.8779668229438272
0.8654689333317889
0.863823044445552
0.9424006904056192
0.9294125226945642
0.7367889193545453
0.8661556326986615
0.8758431842776153
0.7969232344844848
0.8613643327239555
0.7529797710144803
0.8044638037517452
0.949618656714237
0.8914669740246354
0.7517070380343734
0.7913834004536863
0.9106717497216359
0.9002984395349246
0.9454669234564685
0.8554994231610416
0.7513447028168856
0.8782513349467626
0.8497515734893449
0.9061273241029693
0.8019087872988364
0.8111105413220293
0.8743876858497185
0.8985119311214548
0.8818605595704464
0.8141927233976409
0.807882322659496
0.7812763147388071
0.8982509968594643
0.8160964467239213
0.8557004642348593
0.8037140160210148
0.7998056004166483
0.8487142251363284
0.828522271947486
0.8667307710804311
0.8380467402654459
0.8823345910563464
0.8286671999077202
0.8019111595601379
0.7281740980362816
0.8535184258112998
0.8599315110173713
0.8816213274936624
0.8904887231104346
0.8851612831962821
0.870551386163324
0.6056264140894103
0.8270784958803685
0.5825666051855067
0.7804108055893494
0.5481407579098991
0.8392278435421594
0.5746493065156246
0.6446619167512442
0.6199297525168088
0.8240584925701899
0.59074345628307
0.6545970154849148
0.6365771618016471
0.6153118514894894
0.8097596914112095
0.5455066429706603
0.6096137218572338
0.5666829047923606
0.551977800950114
0.5703031096060798
0.8290733083214519
0.6367483515318574
0.6499426683768905
0.5513637955962664
0.8064476940111561
0.6916014284527376
0.5458232392249641
0.5548477808746786
0.6068443170522011
0.8139910571658184
0.6869451116487085
0.8914596414998265
0.7245405338435194
0.4446876345759604
0.6503945007443401
0.5341786630161098
0.5503729455810462
0.5038986246919817
0.5062513912978702
0.5060050278438302
0.6959703447482315
0.6394060751011901
0.4987008697020334
0.6498068796534274
0.6148662149358323
0.5831921886282088
0.6726781387655153
0.7980654148224466
0.4432809080726013
0.43470730227087107
0.6502261309379154
0.6186416003348393
0.5135241529504957
0.5847039365840795
0.6898942776041667
0.5873436267384828
0.6186510995305334
0.5060826775059791
0.6102177654435368
0.6552143885863116
0.49325278116133964
0.4899079482597032
0.9587953252970212
0.8240762511913496
0.7504650884050752
0.520122109404884
0.3918999657706011
0.5115352902555853
0.38395905403604275
0.3875766887703449
0.37091311450254344
0.46283953609729056
0.392111363352807
0.2585233898410854
0.4251662139322492
0.5334112629970921
0.4567501303422177
0.27587459132127934
0.532650433448097
0.26993495302401027
0.3771876761662478
0.40729006875236995
0.4579126327630341
0.276325026085238
0.47974053381672116
0.3462968221082966
0.4525794494666594
0.445474412636491
0.29293970744034487
0.2643498763792669
0.2866019869545531
0.51917692044281
0.3371225890053162
0.4532180903874069
0.3849879707146685
0.5868404073704314
0.3820911622119302
0.7484560135652938
0.3214779180908739
0.4688670128028293
0.3432152783342577
0.33927769713192724
0.3638133151508402
0.3317972666567992
0.5848569059634078
0.23368614315215241
0.2810777565860353
0.2916380702684072
0.30589343703569294
0.22168655042005217
0.5377354050619872
0.5486192866073204
0.23638015936286433
0.32642842779486814
0.45440748145879906
0.32268190418549386
0.3973806723097013
0.2930348201134345
0.28074142015885806
0.315042845844085
0.34340865558719935
0.24458633354153198
0.3671975480437861
0.45645060764354095
0.29231747903483873
0.31044816942466325
0.39125523789266264
0.827764869691437
0.8813465932608453
0.8399818478155398
0.7871872709867506
0.8173061125250344
0.8106906058320267
0.8776362916513825
0.6122795887188608
0.8728242376267745
0.7227884806967271
0.5757521176953754
0.8496226095883241
0.5488540229312451
0.680970789912217
0.6191989738886772
0.7802932266181863
0.6622876088451991
0.8673799462346004
0.698280684802169
0.6984330846608504
0.7973627215258092
0.6704397109244751
0.7338114290997172
0.5687090692568328
0.5535918654252598
0.9098458858054275
0.8138787985814459
0.58784322234681
0.5888786546522813
0.7293970342485079
0.7173027489260219
0.8343649088939368
0.8344366395494298
0.8150374317209916
0.6647912128942077
0.943897250556764
0.8764495290752141
0.6378920801679033
0.4727637552618159
0.4728884249140891
0.447509543127692
0.39715297488931245
0.4691907019065724
0.45161978084001064
0.4613845523801287
0.4932123600730865
0.47225762039810515
0.4814096838006583
0.4865524107044869
0.4866011002681564
0.5352173362840289
0.5765056903464936
0.4698656045484226
0.45370264731354215
0.47934519444422613
0.586876379972706
0.44578889235402497
0.4594666666370865
0.4537194021347644
0.5092827248432196
0.39128967663806113
0.4984145077545821
0.5024458954412452
0.6057315889066202
0.44570224935956393
0.5231053672891344
0.5467247838228951
0.5236251371780162
0.540386338988988
0.834614326821147
0.5316941217379745
0.5408214893974872
0.5998522199167491
0.5500307804941996
0.757027848949564
0.5496318146965005
0.6284802276170403
0.6617466492865552
0.6466230192565774
0.547061725287353
0.598907090360095
0.5219541359064176
0.5297024243553048
0.7050790955356001
0.5714881225165319
0.736181690820927
0.675483692222244
0.555023412831763
0.6110011933810233
0.6867850919966336
0.6256066066546655
0.5730405602727948
0.6679125084197842
0.5066367480654329
0.5686948338902723
0.5571216118864007
0.7282279530119254
0.5129856350969376
0.5338782181778372
0.7455267163416548
0.7773320850286111
0.6336768266150603
0.8567854347138855
0.7863010146606906
0.8974586217677878
0.7639858944240503
0.7345325181553484
0.7589764992091126
0.734041111557158
0.7779024238193057
0.8078240939820182
0.7307931217265907
0.7420277917102519
0.7906017317652585
0.7032231661543105
0.779497780364179
0.7449365956708811
0.797773564510146
0.6919522755744938
0.775394479969656
0.7617530691222261
0.7610430695633538
0.7830169857352518
0.7782676253584213
0.8014145318775052
0.7645136219955357
0.7454776740869777
0.7971377295708417
0.6378176669159707
0.8013407247849182
0.7506857587951535
0.8045082859279445
0.7850681639824475
0.7665347190242661
0.7693240079382111
0.9274498163931462
0.8262295497425365
0.830689754626984
0.7611371596227294
0.9076051644061001
0.8192106688681858
0.8938511724194136
0.7902569613357198
0.7805274431448697
0.8003929044169968
0.7585290783008588
0.8288221697145114
0.8933963112728034
0.7979176901702358
0.6946102019693626
0.8648438800394387
0.8147669254530847
0.8169358618235049
0.8056527283369049
0.8538329518131035
0.7751662094045233
0.8668722564602331
0.8492771047518053
0.9015433959481011
0.8189470607633091
0.9017013900785956
0.9049294485563351
0.7994189099667828
0.8448903842008326
0.7978793552133304
0.8731873133509107
0.8219973050083204
0.8066897603618068
0.7567044632831016
0.7911619728609656
0.790878427273263
0.8045845174035277
0.8190904897651761
0.7755229079620101
0.6674908147797398
0.7744157346615309
0.7703957862823101
0.7321659508683207
0.8082999962022157
0.8689375071922436
0.8232408785529738
0.7420294410418393
0.7654840678923747
0.7804921588758267
0.8025876762902509
0.8435932748757758
0.8093189279113148
0.8231890284444286
0.867620053263021
0.7602668913807967
0.7736605853417218
0.740184043261454
0.7873685047891215
0.7199088931035488
0.847927940985512
0.7178353566161195
0.7448917279207411
0.8480897588924603
0.8714710821304439
0.7413173930619542
0.8420046171294057
0.794279889481007
0.9025641612163449
0.8320062584969585
0.8382270464460575
0.7113400536596723
0.8087698009366513
0.6615958760120844
0.8287259265863923
0.8265146010887652
0.6568356790970945
0.8428349081143482
0.8232866714601621
0.6894073495606274
0.845225568272453
0.8933262225665148
0.8784249020534123
0.8963844899643668
0.761952604818932
0.6597620207698096
0.8406036571602322
0.7910887196798839
0.8220201294616629
0.7047771812232184
0.8533893963458903
0.8312724555635806
0.8576590323510215
0.9088990539489004
0.6921569996972462
0.6997494936291954
0.8584515032234858
0.8424344730514968
0.7635606809335562
0.7735118267655802
0.8360136068599764
0.7546806300403419
0.9116538203849363
0.8628438341369029
0.8575103373405121
0.7905324264935096
0.7882322425007905
0.8062559526820768
0.7141956767212205
0.7317007217763847
0.769132539314886
0.8648508542576094
0.8062580980383086
0.7838382817195015
0.8158404420015157
0.8628436797755562
0.8674431710744172
0.6486680057363365
0.7826579711318373
0.8706490303461584
0.7190851176170237
0.7330748816850978
0.8210030058966851
0.8398917299157447
0.843175834025496
0.8646423934349644
0.8021982918748451
0.8442212127673241
0.8406254447725531
0.8081544847962008
0.8641433888865011
0.800688409850898
0.8937500748562982
0.7792659522368366
0.8466881008033504
0.7589225055058648
0.7816096651828859
0.8278977710378022
0.8266628542716321
0.8719610884082016
0.8874057629901786
0.8731169569219424
0.8066252924844316
0.7414132254192289
0.7579934598254987
0.8921253534667448
0.8522566894529315
0.8151840647619998
0.8563014592097393
0.8555971053105837
0.8832674548572503
0.8899372172209272
0.7970235850074237
0.8482961418373703
0.8491003939373751
0.9004089806817317
0.7885474642861541
0.843844545667028
0.8587237037513238
0.8744798810186512
0.8561210455969446
0.8518579046823805
0.9061383804398402
0.8760077088775915
0.9174310725748729
0.8893267913639332
0.8195882405258625
0.9246221542474939
0.9311002353553657
0.7970958501437826
0.8105356569411435
0.8264496916161778
0.8366869165334432
0.8382324006084636
0.7096539319362853
0.8708940077958023
0.8076098513922032
0.7846442508754566
0.8148922951588324
0.9058286194290013
0.8298771158023945
0.8413317977592276
0.7667731622928873
0.7491208230034351
0.8778499857977533
0.7928706016038007
0.8511959640743211
0.9048537892603132
0.6893239255166043
0.7424769867828553
0.8347927001444235
0.7701233491541528
0.9232365551866928
0.7652688677242314
0.914248666878551
0.837408544427478
0.8597370580375652
0.8918934561872898
0.8228467137780815
0.8160577169307783
0.9059254215570833
0.9263539600385284
0.9256011043840453
0.8538555044665638
0.884836562328805
0.8678307008576256
0.8155242682805682
0.8091156688133785
0.9266336790616359
0.8401767970194584
0.8663954910705378
0.913353586204346
0.8210658515446283
0.8852393042223821
0.7633726218708055
0.84886341248975
0.9071572747149867
0.8858990500888075
0.7769982108961392
0.8755895928669283
0.8628540014491304
0.7624592905613994
0.9103430893415342
0.8861947510468196
0.910325719637437
0.7539625275139488
0.8583566381207114
0.8922997243573103
0.8687432197540322
0.8766285349564487
0.7969862132670735
0.9150539088458867
0.9068836737031225
0.8523527939444806
0.7557118829569958
0.878519309487152
0.8382280062512888
0.8752094411296182
0.8244791279126098
0.8406013147007909
0.7559929509165626
0.8386636742466684
0.8227165129738998
0.7849786798016346
0.8670843586027476
0.8595142755746841
0.8518496817062032
0.7667891154154456
0.8049801603558175
0.7588076871851768
0.8646235186970457
0.805412018523747
0.7717394615031805
0.8278213762915495
0.8662560754034239
0.8651451761367982
0.7488794464688676
0.8468204589525075
0.868305835643107
0.8453841226094995
0.8320757838341076
0.8774627600272094
0.7680675027650355
0.7583608295934419
0.8392686977998357
0.8036941227973187
0.7893950172730482
0.7559463990357805
0.7437327910590636
0.7397448847557431
0.8662203010889216
0.7598200965999741
0.8169619492621115
0.8327735236018833
0.7911770849701473
0.7668728946184826
0.7860432067393703
0.815390549255783
0.8372393693587641
0.8110973953614405
0.7553438552182489
0.7050904503040857
0.7830393407486799
0.7784471513308064
0.8077342066407843
0.7775494024482983
0.7864072089292169
0.7916900785427483
0.8219698172490669
0.8515004087316778
0.7533244243468746
0.7931176157994515
0.7718273424873752
0.8481247702630738
0.7967511055220549
0.8020830284202802
0.6931545981421731
0.7825540353583067
0.7695120616415018
0.8311963274092384
0.8436031460023885
0.82553450091128
0.7278746732753689
0.75019129359958
0.8040145161845214
0.8275736429974888
0.8089036176720589
0.8323582192945675
0.6833549086144661
0.6917979307662128
0.7447713052172463
0.7237044916571485
0.7442935312815419
0.7934659669267448
0.7542986600424813
0.7660247163130065
0.7999050688170346
0.7990364677435011
0.673208284224545
0.8038938574924208
0.8134339715340351
0.6487702149445254
0.8243460986333139
0.7789593148460388
0.7625860522256489
0.6930879819665625
0.7491852519256883
0.8170647760168251
0.7380158346373769
0.8103586363623556
0.7535023700681251
0.7992765730995224
0.8086018918113872
0.787075420040744
0.8875344481472801
0.922018890812335
0.7032063734660706
0.6482417291096501
0.7620571076393683
0.644907746532338
0.6910191495195415
0.7959453886628118
0.7448147327346668
0.6333330192569449
0.7160391998736475
0.7976435407425138
0.6492387293022077
0.7959719537306755
0.7551377186204884
0.7838545870027317
0.62997638091817
0.7383914065031004
0.7631457084379829
0.6844768239165134
0.6869017677750784
0.7063647335267517
0.7229583552124621
0.7501893237524742
0.6832556573334075
0.6544413308413295
0.7775630931370291
0.7567130152300456
0.6962041239723729
0.6918359642760672
0.6455069755934948
0.9303559477271093
0.9217803061909091
0.8495800541688489
0.8481457260804103
0.7030421979893671
0.7245494175197573
0.6114985586100823
0.7982852437924166
0.6545832633498956
0.7740757676133811
0.6749484233012484
0.8046161274150077
0.6358077109916582
0.6556800904339146
0.7049197632098675
0.7900472221643187
0.791479815259349
0.7497619213730121
0.58522778457588
0.6106575770375064
0.7073277172232376
0.6603279492762575
0.6536364984916169
0.8405788161191027
0.7382751793558455
0.6297629991314027
0.7606061527785053
0.6712193030279006
0.6292853368915091
0.8230036142805084
0.7687860111566303
0.6331232843573769
0.6737234060241757
0.8477303142041196
0.89696519023384
0.7462963197395129
0.9550018286545101
0.6342464439237235
0.6547527028860503
0.7658754081835994
0.74828409833923
0.7756908283576646
0.5853322053061938
0.5602646496071351
0.6559180862911752
0.642100127060802
0.5686920358516874
0.7461472110516203
0.7256850321825179
0.7174142692535161
0.7085912389094609
0.7080980089775366
0.6149818585005316
0.7831011710560605
0.5975618052336684
0.6333362605068674
0.6510337848785235
0.6809609577121527
0.700812941433605
0.7130342781026551
0.663651542686533
0.599945497445884
0.5695849210681045
0.6229403743196615
0.7269981062519244
0.730827217435326
