0.990883687200819
0.9984657514419465
0.9888403685400844
0.9821282776331366
0.9757523289869415
0.9999310837160944
0.995750563131347
0.9773769416701099
0.9813441456542744
0.9899653416697234
0.9997657793184395
0.9923110240484349
0.9921434683676268
0.9957266202160492
0.9853409500692689
0.9924076237387078
0.9620419418008154
0.9993397327892206
0.9970889192538633
0.979494394655023
0.9910891671807135
0.9608250346960125
0.9975574898205992
0.9967178422090982
0.9827158052041809
0.9861411494895229
0.9939714202928605
0.9969336327980767
0.9588059709352346
0.9756792045697131
0.9819800504556183
0.963101981901109
0.9880077785948984
0.9701701130239861
0.9856208761544231
0.9676223296187303
0.9995811650755497
0.9759278217782654
0.9905243746981378
0.9995244685601663
0.9900746512127387
0.9627698180767494
0.9948266175370395
0.9850422571302604
0.9857397067207455
0.9692580123510735
0.9586124561513822
0.9735565889939961
0.9837197905686952
0.9725706564453559
0.9710534517975673
0.9824509377226811
0.9591636742676017
0.9823416406584966
0.9834868556147239
0.9620636856244051
0.9996669339447385
0.9756445726043635
0.9997566814377481
0.9897172625397557
0.9923663830925252
0.9991142920416667
0.998893088063628
0.9799870299940523
0.9995316870353164
0.9995386727449785
0.9999738741970787
0.9998845112812016
0.9949505266922639
0.9982647738976913
0.9908757999243512
0.999050470107328
0.9995453684304905
0.9972124291512753
0.9732762168622351
0.9943303061390361
0.9920605722663444
0.9999581944593701
0.9949520697609131
0.983983248949985
0.9968602482127981
0.9996642733669814
0.9939197423593175
0.9989164818105937
0.9968618093431971
0.9998801399587103
0.9998897866595361
0.9969764568748176
0.9991981127969194
0.9997276466167894
0.9969706924524047
0.9963841498461576
0.9965851317695842
0.9997544284425003
0.9967316499859613
0.9986635357302676
0.9954107046191779
0.9974382476282102
0.9992126137062151
0.9992102761594328
0.99815857493961
0.9885987165602128
0.9859612796740898
0.9853081338395331
0.9978990533495569
0.9838644278270936
0.9930486669407862
0.9760531976879476
0.9730131836943651
0.9797233930672054
0.9903771770809857
0.9630574817762055
0.9693117161277212
0.9753122265206957
0.9727689661224452
0.9737499224104804
0.984599904975427
0.985473369793216
0.9642354291458083
0.9756235573646346
0.9979997452669506
0.9875928133385573
0.9825211887983678
0.9943146099537924
0.9914240096929486
0.9827397791517738
0.9742850464445028
0.9811292702393934
0.9990833184562073
0.9672457634291317
0.9671386959847433
0.9698695095275677
0.9626906403955595
0.9715319212407559
0.973236026170383
0.9556723061998632
0.9501087946545856
0.9761896486037867
0.9574153377437697
0.9751042673685804
0.9701189677574303
0.9496225662557074
0.9595817465934594
0.9789800800112851
0.962048495343033
0.9967324563561916
0.9752709530379744
0.9990018401502572
0.9798218753528298
0.9996069233831686
0.9979471134384981
0.9827471084477336
0.9934149707179079
0.997380650438673
0.9764609603965964
0.9653630071138174
0.9829884046111432
0.9645734279098277
0.9926329309941466
0.9663360953103368
0.9787906780715081
0.9709326282493977
0.9732288897119761
0.975121873862476
0.975558133903556
0.9709851116637606
0.9735876488030287
0.9781296141988174
0.9681941802283892
0.9741051673329234
0.9582242714873728
0.9713606526171044
0.9704687015801874
0.9942533190636869
0.9763401470984105
0.9972088711179117
0.9794521675363913
0.9691420530671339
0.997799271144834
0.9983318381711788
0.988131679550538
0.9852510545854675
0.999476494381371
0.9776449744961829
0.9954681290438145
0.9720280384616268
0.9980578999686871
0.9984524772633874
0.999798153412603
0.9846581794736567
0.9999343919270206
0.977338769512047
0.9694221850653124
0.9833053516217287
0.9748943526443019
0.9672860616167155
0.9769415663134202
0.96052109038631
0.9960697464688506
0.98294466756416
0.9656639776103907
0.9732439442831795
0.9824151398390693
0.9774248632166795
0.9787981572712077
0.9717791201647963
0.987197473248553
0.9906873837593566
0.9892545276744267
0.9808575261873773
0.9844743467419017
0.9781857379294174
0.9692598060113371
0.9803655266695306
0.9774556278658253
0.9878862828959696
0.9885305517807002
0.9955525704577768
0.9974859802024054
0.9845265424874606
0.9761812174170301
0.9799957188816201
0.9818915641697069
0.9378021743768625
0.9589733773483169
0.9857935400140083
0.9511077779258206
0.9801952980862024
0.9587316833423041
0.9206736799411663
0.9719864414838887
0.9808223445393006
0.975684098119628
0.9767386402585039
0.9738631319327166
0.9466147185795866
0.9761019395703283
0.9254639040163355
0.9511854205494203
0.9849746691385735
0.9922084158844505
0.9694079393321549
0.9786705561884825
0.9877641419284418
0.9550285986530975
0.9933065280058622
0.9990771035034686
0.9854217029316975
0.9933868322158906
0.9897044774872525
0.9996264929080478
0.9585042678603737
0.9991548810584083
0.9468270040341011
0.944295605410994
0.9233173307009144
0.9388728569309761
0.9817888145551186
0.9227025980144286
0.9461353575283838
0.9132597516505854
0.9281634675277444
0.9680323177730799
0.9612433113189722
0.957394459172608
0.9828306008388237
0.9726147954923384
0.991690124795533
0.9739144099358706
0.9922737306456533
0.9993292631771835
0.9947529011159623
0.975537419659583
0.9996840817380463
0.999128877140421
0.9855794620403018
0.9980203101818516
0.9769380489397188
0.9992420946039187
0.975450295435909
0.9998675073755248
0.9738262969081954
0.9987738286964092
0.9974783509113824
0.9977806619899503
0.9605642155220335
0.9650020543718791
0.9617152361930199
0.971816151638657
0.9615014054272494
0.9420182688087367
0.9668583657888432
0.9648534475318149
0.9619302983211027
0.9475711534104154
0.9629535179934199
0.9495451928891439
0.9705995273196333
0.9565901360739251
0.9627998380783327
0.951322309040626
0.9674789045127414
0.9801585537039985
0.9684466047810867
0.9989923088860869
0.9987968398713619
0.9867822480920605
0.9643227538608337
0.9933567700440958
0.973535362819945
0.9349830579538383
0.9757798933852551
0.9939886685508343
0.9722301779400602
0.9700057778849218
0.963948000383151
0.9084693168297874
0.9120988866452031
0.8945391780187617
0.866387204295799
0.9809254132194615
0.9678535375958153
0.9061315416193183
0.956211709802172
0.9109254311972577
0.9929605315048808
0.9252917028268746
0.863956041556303
0.9097264263805505
0.8833242469039012
0.9382566009003667
0.9894890390663066
0.960480252507225
0.9571836406127552
0.9892456769606713
0.9434108305232167
0.9973440455937129
0.9678410775719293
0.99957011258062
0.9996850613906778
0.9970717479318266
0.9948664868215644
0.890870135488313
0.9996419664050543
0.935477268016495
0.9856013222491437
0.7691012483597506
0.66669352114696
0.9687295024858329
0.8256055124200983
0.7304130652970355
0.8223854128234942
0.8015211442927037
0.7349155792669226
0.6686625359952989
0.6487476866200634
0.8059466281227429
0.6442835093399617
0.8443686683785456
0.7369762058857072
0.7385755678354167
0.946452394758369
0.9244880979225831
0.9991223635068014
0.9304120954256256
0.9681044037769652
0.7989501630206173
0.99575644060533
0.9989317530754971
0.9989911918876326
0.998394458525068
0.9551293617045018
0.8059685575866091
0.9224499830129216
0.9521905493932761
0.943698006276556
0.9975676445444425
0.796026051486077
0.7026272129156113
0.8088718660286027
0.8612539892662905
0.8349360955105558
0.778906911898741
0.8101514138843086
0.820355265395935
0.823301558483387
0.7904019212138766
0.6939486443935894
0.6774933593643475
0.8125294624367077
0.7419878132596613
0.6702831794210301
0.9985925384813775
0.979200130533318
0.8390983644073629
0.9552493132596976
0.840522474900939
0.9268728970368082
0.9866394559667602
0.8550692523035112
0.9455302378995023
0.9808689090388256
0.9863609197831169
0.9996704429862393
0.9911807322573225
0.9061869656792988
0.8485402165505981
0.962751399250781
0.9987595024222282
0.9855324054726888
0.9845870187554218
0.8436395708017198
0.9015282094708534
0.9158948608275044
0.8511765071402491
0.9135282554881736
0.8639523557288467
0.9267671858575611
0.9818480733033851
0.9250759559563415
0.8418571344570893
0.8506485255803562
0.9537710039199969
0.9415180359208766
0.9900129788172365
0.9960255856214948
0.9997812159953565
0.9935073683632507
0.9986283211746751
0.9980001883804605
0.977338567711149
0.9947482574528073
0.9908258506626071
0.9967066072171948
0.9949991123637858
0.9816225800036918
0.9953978694563033
0.9961554511338087
0.985926232446718
0.9708859819490319
0.9996030827126406
0.8336344692753902
0.9226576760513108
0.9578922311430362
0.9520037764070793
0.9703550347534046
0.9702974466831773
0.9177566106242288
0.9644084877374464
0.9465339992358529
0.9505757639139603
0.9349660864143992
0.9766706318641916
0.9224384841490529
0.9803030288415506
0.9204943538544883
0.8965878818444595
0.9410273972709675
0.9805563854898937
0.9726295820863086
0.9728823562935571
0.9901653953863192
0.9795762557084174
0.9577988692813986
0.9804579197293489
0.9761467067793299
0.9660133856159605
0.8906403754834893
0.9479497722104429
0.9965112901074512
0.9485701930110947
0.9816028121458336
0.9075375457568463
0.8476765469339194
0.9021412640656022
0.8763372042067824
0.934733007232063
0.8441529714517582
0.8951566457494609
0.9500269978069387
0.923907858412824
0.8943638881112106
0.8824214399002989
0.8352195757651547
0.8244249645340287
0.9120906780178282
0.898526934238084
0.990088083791534
0.9182055768328349
0.9022041199553473
0.9986810379232368
0.9179856815505768
0.9045084923559722
0.9843097319652718
0.9971567756366579
0.9072133594163123
0.9035034149039145
0.8725951849725624
0.892981732935892
0.8997639443341374
0.9963496179430433
0.9457790248852277
0.9691086458206085
0.9924368734311406
0.8007758747583755
0.9050751336969053
0.6741632002861877
0.8715484152400579
0.6892927142523959
0.8518635999813605
0.7177415687298366
0.8538399107463548
0.7893691730866973
0.8786512462038175
0.6990992301265943
0.7154600230127997
0.7447618447301589
0.6740296909387976
0.9308564766299574
0.9952639849596945
0.8363097968135581
0.9941421513965061
0.8512261552762989
0.9908698955759768
0.9921727037866265
0.99316841028903
0.993157572035511
0.9640680503841451
0.9991012606838352
0.9900793205647578
0.9580701550599025
0.934268835818536
0.9866121679425152
0.9989070623684165
0.9504131840019636
0.9670227493561413
0.9915624492873495
0.6545918318675058
0.9424405875834936
0.5762092399683056
0.8220654571786309
0.7090878318823883
0.8633730413090921
0.6896418895786129
0.9429320723834416
0.9183013259905706
0.5973724169683959
0.9588553318169505
0.8238718144563103
0.82914830808541
0.902740719616308
0.9559957661482478
0.9921291491508489
0.6921898635150794
0.7268493173578257
0.9338871923581044
0.9815450195361222
0.9837513752040853
0.9943638367827706
0.9654156906342032
0.9735718183737425
0.8760330479232692
0.979931229349879
0.9876455749462079
0.923350959737071
0.8005420182346696
0.9633573306534908
0.7448650705691224
0.907729972847864
0.419457411127942
0.49364004132444556
0.7118699724710404
0.5302149439603383
0.5267905911904149
0.5613801738042352
0.37892888568827787
0.6451201177788761
0.32646734735742633
0.5101548332428689
0.8676528940570875
0.5356109962143534
0.3668788035040525
0.6195260767651165
0.46768714583540594
0.9984668440825157
0.9595947637470688
0.9440356670606176
0.8756117449301253
0.871276215484863
0.9342929524618984
0.983215460948637
0.9843814736482676
0.9787858919921262
0.7988762017107836
0.6461225876065584
0.9587500611945153
0.9706007584695153
0.9880673366322212
0.9258491976298063
0.9384352121116362
0.9080287602689664
0.9336077592057729
0.9114246652680436
0.7074463585434176
0.8663344985739323
0.8468633617886643
0.7657281803014137
0.897371068430308
0.9903611549965272
0.906252483516952
0.8373421204959974
0.8184656679194158
0.7013367233500072
0.7946227553058076
0.9252674399523453
0.8334914256711403
0.7926944838010889
0.938689195160776
0.920942212245443
0.93411824710027
0.9282572944687845
0.9057924452660338
0.9812363095781175
0.9812879263084433
0.9369779390971664
0.9302697938055634
0.996388248120891
0.9964144018058557
0.9595979376847568
0.9990305873656158
0.9658565474438607
0.9486457029070714
0.9602389073691292
0.9372298201639125
0.9503369282182652
0.8838330234772063
0.8228540883757653
0.8645715106149359
0.5793422142029143
0.9431648568393789
0.7182689405180527
0.6112836225138191
0.845031466112483
0.5534144777795551
0.9607980541391344
0.610579991310854
0.6948610476141649
0.7091660896896699
0.934907545302786
0.6744002949563156
0.9520672961503192
0.9735905739345788
0.8025257482142142
0.821079128743564
0.7008776645087484
0.8278945037998614
0.744709389160107
0.9554303878691832
0.9934451591610949
0.6879715935271672
0.9841708923120388
0.9984587132458694
0.830292758403167
0.9858236916984436
0.9336452215994715
0.7447553997830811
0.8699249846200174
0.7840579362031583
0.8034377784966478
0.6739078665381153
0.7978181050121287
0.495159734511874
0.4919744884961055
0.7612025278220652
0.7325841368279806
0.5906530586969272
0.5803910431160364
0.5157134055821715
0.5123689351159597
0.5351747947293515
0.7294694367059729
0.6181046223561384
0.5987696199845616
0.7437028815656785
0.9903166552565329
0.9722756893720785
0.8170238403533543
0.9147228196825927
0.9930402862114561
0.8736891842433434
0.8252270588617298
0.9190975675749038
0.9095361882623454
0.8626096696474012
0.7979171493240063
0.9736144270235403
0.9982006434945616
0.9024096396998347
0.9579239604659207
0.833435656624258
0.8963646513168548
0.8651565852032947
0.8580665302518033
0.8377477294962554
0.7431643949132383
0.7321919395003018
0.7899713383050333
0.7060241331144097
0.7574049390016616
0.714812874924983
0.6229226406554139
0.7162223371833014
0.7438951342734474
0.9390246278589266
0.6724899538528452
0.6861019048832386
0.6711482736375833
0.9952321291441839
0.8665450914084731
0.9978381820362157
0.7814119799031405
0.9080146101301533
0.9721271366086732
0.9836977970695437
0.9295160258691755
0.9606407904398694
0.9944393429242877
0.9190468274025945
0.7869554494440589
0.9903652630372906
0.9465826593079827
0.94443252740784
0.7926646475508019
0.8135709378999377
0.8986397668079327
0.9992589351181693
0.7773805090740948
0.749920821422736
0.7368784201573968
0.7357079155333609
0.6544449107232844
0.7368454487389575
0.8132714850959933
0.6597850956744541
0.720847980759752
0.803260541332709
0.6494932266976453
0.7940505172902123
0.7858994099175926
0.8014482224709218
0.7369660389155087
0.9948925728094183
0.9219056712950724
0.9314212758634784
0.8987927835572045
0.9002526915076535
0.9662424297775905
0.9169539526917448
0.9090759417135819
0.7584400288329103
0.7852322810572296
0.9625746215935839
0.8940235861828476
0.9587379244992564
0.9470572552924983
0.6996721507122866
0.914213401028899
0.890697465945751
0.7013953371850193
0.8528531694120182
0.7911167663800747
0.7064881151395599
0.7944041916922593
0.8797157563033868
0.6639102745944596
0.9877703044550734
0.7916807422665296
0.7318881825907873
0.7745102490583431
0.8262488252753626
0.6731855839953051
0.8106809251106594
0.8043597247724155
0.6824816155234109
0.8418858705122024
0.9416293603897201
0.9089108629749829
0.9366663559308055
0.8063505665875728
0.7573005466865199
0.8210147270633469
0.8246360318775132
0.9344761817087979
0.849837227041834
0.8281676549269583
0.9228292945323201
0.9359087402579851
0.8433829970409907
0.8510621440441526
0.8072468184211572
0.972382735896828
0.7790251361493788
0.8257706727483192
0.8967224169005508
0.8034940979683127
0.8563786836850482
0.8510711673392841
0.8883740972770646
0.8707012759658883
0.7646413172534074
0.800435034504097
0.8828647700716148
0.7897799890645651
0.8452588631508234
0.8331067414161701
0.8379032363552075
0.8398137200860611
0.9664111599032298
0.8169807132354956
0.9801418373839799
0.98125496131584
0.9787048425261844
0.9513493516530839
0.8670982649604284
0.8310423510645244
0.9578321768125035
0.8502251362945028
0.8376723901963117
0.8262696507366916
0.9991334337492181
0.9059026053562962
0.9543655935610347
0.912660856584116
0.8771423435884003
0.9419601009610695
0.8709825990986064
0.8698725958997191
0.8733824043424958
0.6771876687559113
0.9593251000323373
0.8376012631849801
0.8139134217113244
0.9187427804335286
0.9869516934423112
0.8625204759215996
0.9032467939832918
0.7359819505976892
0.7878096710256646
0.9217644282071839
0.8051368443075783
0.7905297558962444
0.8937847577006726
0.9367975647211919
0.8259495923930513
0.8585473242923952
0.8704730694982515
0.9355429634226728
0.975723018106837
0.8719931871691777
0.8153589478817502
0.7726767178008032
0.8475960710111561
0.9450030706782895
0.9972118116576519
0.8769845317929699
0.8200663656298803
0.8123449289845033
0.9049881410004749
0.9842607299077047
0.7254283804358754
0.8640922263756999
0.716640313091969
0.8094462523191337
0.7915262487574699
0.803989423751184
0.8675804747007881
0.8397575365617883
0.7435447494334826
0.8197843024746176
0.8888450184113768
0.8140477262151478
0.79575041682476
0.7073323225358075
0.851975530364906
0.9946370231844164
0.8680359016475788
0.8634652586544597
0.922769007900063
0.8759614848546995
0.807955377031145
0.8301291679876523
0.9208193225645582
0.9694221018311325
0.795394981858042
0.8302588454356945
0.792499715689762
0.8340996595940331
0.7609162311886788
0.8093822943133756
0.9326519452283859
0.7691429949022215
0.9883005378350247
0.7936394413154151
0.8270649897937392
0.965103501043434
0.9565845464325966
0.8687346255868942
0.8087761021510078
0.8664873905317593
0.8838983022812803
0.8786066275788961
0.7605850459043132
0.9269761777518202
0.9027294886777099
0.7781199752544812
0.8979261551300179
0.8650479904532766
0.8711526449787005
0.9648312265662031
0.9270089995246064
0.9350472602674935
0.8377494186478669
0.9737121909202405
0.9901325170983168
0.857809264972273
0.9828425971358055
0.8498239237623804
0.998752798673405
0.8551304467949609
0.9112679529170687
0.9708479372075185
0.991103320709403
0.8789269458820415
0.9723299316984626
0.9800215680822894
0.9774436927361472
0.8593387409738813
0.8942687622529144
0.8440437430808552
0.8685509019803261
0.825289997558434
0.8407647575776942
0.8803476083377504
0.9065031741167282
0.8380007187928608
0.9212218591016017
0.901986398286567
0.7897750912325863
0.9163479492385995
0.8313183354540457
0.9290017294787565
0.9662310614035781
0.9768908572520745
0.9419836837693777
0.9947958133634712
0.8685362572518966
0.8932689168756129
0.9861321919263482
0.9057147441375888
0.8394560467428509
0.9762260823492871
0.8345834714948323
0.8927065061319706
0.9139999266339108
0.8589089215682639
0.9622477920284136
0.8482964391114185
0.9840895120518827
0.892671814591135
0.8699295824303686
0.8678344456265579
0.7873757663552543
0.7585080449080963
0.8895978075153972
0.8329498348051909
0.9088401727952591
0.9316133515655813
0.7712531678557613
0.7829422586210506
0.7594702311835217
0.8709791682036565
0.9879809910871082
0.853268803049893
0.7717577246311605
0.9448130607465333
0.8746602138835787
0.8692933150292457
0.872385205069148
0.7964673558289881
0.9279821802021803
0.8062746354957111
0.9546063239978106
0.8809756435425353
0.9981363075753205
0.8816102058386639
0.9981953089334279
0.9881327698418096
0.9426752327722964
0.9482612504397614
0.7790820957906599
0.9306470804649436
0.8482738819842115
0.7543018890765981
0.7643114592163734
0.7499757536374279
0.9930351809758831
0.7771721362335302
0.7829616894954737
0.7171871795405287
0.7093051904421804
0.7424038165455584
0.7690516287383335
0.7935420956814669
0.7657080420004069
0.9625401991201692
0.7507950470097179
0.7603134481840795
0.9828331521620193
0.9511075398811437
0.887587444661608
0.8488105566553501
0.998397427128813
0.9858419258115345
0.9544902008887965
0.7859081320919257
0.9817358502132814
0.7292477015423942
0.9186945747604682
0.8640199321122101
0.8631285165481272
0.9468072454007592
0.9435698213775885
0.9732874225170978
0.9972005718622391
0.8986647807597943
0.8117707797110241
0.7519025703314612
0.8276344781905145
0.8272529065789489
0.7946460201248061
0.8721182526706724
0.8551601370486088
0.7799921331179098
0.7939427052364257
0.8261398321556872
0.8406834649035837
0.7653302124561879
0.8430596189226531
0.7908211577828606
0.8428358934944917
0.9759140841393397
0.9723714864480739
0.9950209954173255
0.8899987596483487
0.9239505551771544
0.9973805432797149
0.9987541813154674
0.9279980902731831
0.8736117334814535
0.8479395160872275
0.9028083539461835
0.8273874552299919
0.9383214101249706
0.8727334212221893
0.9501435250195108
0.9095212992567179
0.8468558639970061
0.8565203307601119
0.8792911489169493
0.8258000333754867
0.8872418555976749
0.8812581960359909
0.8497104662987615
0.780686819396456
0.985141723274606
0.8435384416834807
0.9142705197589331
0.7590991652163586
0.9411527951740651
0.8176304323320471
0.9379517396302741
0.8488010610079622
0.8382490193357275
0.9544172698905089
0.9995912384296628
0.980959897082129
0.9098702542861975
0.9721889500559096
0.9898431448594374
0.9632140529296485
0.9956812483716895
0.974694698763748
0.9439420990027549
0.9470790727525091
0.9653651931982559
0.9467348877822028
0.9266068919205381
0.970641916017039
0.9992083533720735
0.9317899316635271
0.9666439592277911
0.666704910386654
0.6804972162553763
0.9450506025833907
0.7314477135991644
0.822163618773966
0.9899118441726904
0.853889738141285
0.6625566813117475
0.8447370019889968
0.9589119873756093
0.7209308969322105
0.970745672663704
0.9927781577143839
0.7967490386087432
0.7172248650904457
0.9559705660524964
0.887217599168507
0.9406284217919649
0.8948176891369691
0.9273948970527373
0.84635692690354
0.9970861814932461
0.9703878988027933
0.9881119676444705
0.9964107374637445
0.8680812298029696
0.8542037658676805
0.9185248267280464
0.938773758167157
0.8338157686474098
0.9962420864052732
0.9898635373242768
0.9699879961080267
0.8997370506764477
0.8060277657031931
0.8556325080474861
0.9051002020509665
0.8029702205914557
0.8922567939857157
0.7845376100333082
0.8719323216429598
0.8330745519189994
0.7961970224260604
0.9023842441858927
0.8186532289869444
0.8619079657213209
0.8764025824463249
0.8484411675630057
0.923963646317781
0.9988853862964191
0.939937774587661
0.8848534980980014
0.8885857133746646
0.9696471774023262
0.9829445942819675
0.9907937066566449
0.9986784739154755
0.9980197151025645
0.9573891896529125
0.9925266381449718
0.9170329905255193
0.9949516165586777
0.9957256394391494
0.9454016025150417
0.9408708410652921
0.8913904944943499
0.8201204856794938
0.7610603489743084
0.8799692144769168
0.8756620405303821
0.8708980296886315
0.7614335754947311
0.7273594914142691
0.7299130067878845
0.7928677112401956
0.7004113727170529
0.8600275117489073
0.9055214576483541
0.9017040924906153
0.8901378620651992
0.8233181972018719
0.9836860429349626
0.9037106069745673
0.7600912888870615
0.9037169460363574
0.8785715886687078
0.8707067073090158
0.7982496621328163
0.9848790305437252
0.9990485981727968
0.9808583726189577
0.7730601512037096
0.8535176358359209
0.9903520764053596
0.9975924889832178
