0.9909796433089749
0.9500107336777156
0.9756169098695155
0.9723334842205691
0.9574323363646957
0.9871943611598003
0.9548628338189302
0.9799779078860764
0.9643704277941954
0.9538996655161662
0.9653549142655289
0.9528608702083134
0.9662469432779636
0.963289967110314
0.9587696744991677
0.9775771931477726
0.9538145774892806
0.9857588648175772
0.9790784418902707
0.9709584242334999
0.9919352793333196
0.9515067820615283
0.971579429028741
0.9713270423411361
0.9666604127812015
0.9694761650743506
0.9630169825740501
0.9569370019626418
0.9629337394140692
0.9725259502912453
0.9536463413822995
0.9515707339689928
0.9503690740598655
0.9829290470150267
0.9221913410765585
0.9521802476409107
0.9551297836355925
0.9581537494026687
0.9412176036533728
0.9494828398908091
0.94315100885026
0.917605930189505
0.9313515030565513
0.9643172931744787
0.9581620379237044
0.9318509828822183
0.94736497576829
0.9781626476142382
0.9520528862211658
0.9556437876571081
0.9637472934298554
0.964309046963143
0.9192772082561991
0.9234411188165007
0.9199529446766532
0.9270414130920105
0.9519788754741596
0.9422773073214714
0.9421741864726035
0.9367301812353135
0.9346727574037006
0.9421155818115112
0.950134669673002
0.939560653284505
0.930614857742043
0.9378786320227819
0.9473452822246187
0.9348044232618702
0.9332189247267798
0.9513511909023157
0.9402714821286788
0.9443228885541048
0.9483189360736326
0.9430757826386937
0.936159440884992
0.944832177464431
0.9463596509964536
0.9443492517088237
0.9418923105176635
0.9443660282277051
0.9469012942463307
0.9300207902843718
0.9446288068493741
0.9364284643501586
0.9243518352458608
0.9318337430267979
0.9375909477717359
0.9283026390983109
0.9416837415869926
0.9367443783313127
0.9468896253479411
0.9381422530398044
0.9392462753441613
0.9315126425280057
0.928774104040526
0.9324658687943972
0.9290280818906843
0.9408272793488268
0.9386027648450088
0.9293685110429932
0.9317365095532179
0.9278868600291039
0.9423001213671383
0.927603785406821
0.9428167919575303
0.9401860619759843
0.9326315663624717
0.9459705469453286
0.9373462503456117
0.9418768398157148
0.9344462692647475
0.9366882204466809
0.9343418581686662
0.9432030560993385
0.8999048449690237
0.8865552302045321
0.9164813139164885
0.9155836872449045
0.9019554373253738
0.9028409531234535
0.9028189557396975
0.9347529784037004
0.9326597605331879
0.9201113352696109
0.9256690901077437
0.9188189173722492
0.9324676815607116
0.9268957377234821
0.9220734475826402
0.9224015835079311
0.9341255291890096
0.9437132394656498
0.9380479290562601
0.9403495688212018
0.951389842467391
0.944402978801988
0.9233702353744014
0.9272690083227393
0.9297681960081302
0.9375898890460477
0.9408150628479343
0.9220919625277553
0.9038001133046498
0.9436935958588781
0.9516529992117829
0.9666526644525014
0.8988721472969493
0.9120565119013232
0.9331477410938628
0.8928862387154741
0.9371814905080669
0.9193296201953464
0.8760298157362783
0.918885862632659
0.9395456901877461
0.9536827754567221
0.93676629884654
0.9486249510106213
0.8956588845402598
0.9411767491015827
0.8864959216049113
0.9383749642041931
0.9340217765590074
0.9331727929932413
0.9434353369806291
0.9074753280176584
0.9362236575505325
0.9322146245830651
0.9321573648614473
0.9334421368994895
0.922958881921031
0.9217999955166504
0.9284586784161875
0.9010036904682115
0.8665046156470502
0.9221061423061891
0.9095035652367341
0.9210859209313589
0.9028268374111379
0.9203750766852539
0.9063757570718397
0.89728743006941
0.9119244503771764
0.872896781639367
0.8823032921218064
0.8830781567416203
0.9233139342613765
0.9214361065360379
0.8799052048717415
0.8737518523540498
0.9112224679816663
0.8860580413769259
0.8755526632928303
0.9147524908763452
0.9101530546385301
0.8578277679508566
0.8801600433572204
0.9138776255223925
0.9171041966893592
0.8750999039093779
0.8769208341096353
0.9188949490233702
0.8709695112561966
0.885852260096949
0.9041961590021765
0.9151467963408842
0.9162773092619152
0.8975550598392619
0.828249340734172
0.8707303706343552
0.8264459861897036
0.8753144744369514
0.8603296317678262
0.8398673436469724
0.8532324687655433
0.8310131359592509
0.8275915782459246
0.8263810337792992
0.8554125121234859
0.868142748606486
0.8675051597824259
0.8421479801366496
0.8439400945240931
0.8614186811832398
0.8650104535281682
0.8268268592538014
0.8536829618684743
0.8585026270827638
0.8092306929628748
0.8235151279520591
0.8681760653687656
0.8423136332180284
0.8704702534288089
0.810170609044712
0.8489601042966293
0.8683615738951888
0.8532442642049054
0.8476141680229252
0.9348578773510398
0.8574194947649574
0.7655002437521832
0.8444847946114047
0.7615574482942622
0.8405332098007946
0.8799585071289403
0.863725954923936
0.7770999724681784
0.7802691061797977
0.833091964578991
0.8234655569933804
0.7888891655046237
0.786073764514933
0.8180553071178591
0.7959016745428997
0.8380479487103665
0.7801350777216471
0.7556572382226769
0.7790516415948826
0.759367853505934
0.8298979933989434
0.7895918901684391
0.7839711609991351
0.8222972783797708
0.8530376972996698
0.8414409269278796
0.893164129573652
0.8368918665297876
0.8984040898951138
0.8406672997639804
0.7797170306594479
0.7196688953904964
0.8054149411051176
0.7489571340121586
0.7248344480883449
0.8136720697741577
0.7856725060055568
0.7448942095036903
0.6996151362202772
0.7208671955686785
0.7964765154769979
0.7049584635024875
0.7926294847917001
0.7716463433340478
0.7486220729543218
0.8389591908179951
0.757032422662335
0.8191328640581301
0.8217360131505758
0.719667361728256
0.7275414522989663
0.7647386884648593
0.7300042223991641
0.7112584881095974
0.7074479933219893
0.7635033836370155
0.8176348774095386
0.8077433865029463
0.717497818689667
0.8036169718425787
0.8459755252303229
0.5991920989204258
0.6825750953920279
0.6971848933105753
0.6609679211152173
0.6840929292717565
0.6171933814889035
0.6762047214359878
0.6696661613353322
0.6443808203637994
0.6005331388487417
0.6485746806130028
0.6847967038449222
0.6832377800357008
0.6628706031723972
0.644808395600809
0.6614620288881812
0.6915004524520182
0.6053164423719755
0.6880130577766134
0.7221598708264061
0.5702939515186618
0.614307624060513
0.7110806998517105
0.6127603647471638
0.6346315515869483
0.6161464385235944
0.6814147122973582
0.674911069099609
0.6497030064241789
0.7050138687530747
0.6768101801489868
0.6012805377190186
0.6573427011097237
0.5919531391881503
0.6260226395611264
0.5999424490853601
0.6114005590913278
0.6055990534471912
0.6237443315685487
0.6171886249584886
0.6024518920688361
0.5924089530093842
0.6700639734222518
0.6342350575868076
0.6347906143404898
0.5895350606176187
0.6114642965459892
0.5963020335707081
0.6345204144588339
0.6600279012748789
0.655589634167443
0.6114644469398647
0.6132221737405179
0.612240390176273
0.6059503087782578
0.6069796990212423
0.6021807575281717
0.5943981499905433
0.6187651135957036
0.5899665969191508
0.6092840600041147
0.7721051870546278
0.8242664234252493
0.6981264588788905
0.6851599040811457
0.6882501436709805
0.6898540683883679
0.702347735827052
0.7814802957348908
0.7526312554003225
0.7124595768668385
0.7090589208963882
0.7198179056303219
0.7160482846225394
0.6965851977171639
0.7649811684282066
0.6590737109614524
0.734805195261941
0.6600966550808058
0.7068388334252025
0.7880779557878437
0.727003591580244
0.7384580967102261
0.7413278324447824
0.7604758023881505
0.7334111973558818
0.6675961943095536
0.6637740688004137
0.6746054494722014
0.7475512236038613
0.6959811628939185
0.6536294630417834
0.870018430725398
0.9280328489277794
0.7649045868444022
0.7821462751601838
0.7345099462830942
0.8281171192680842
0.7584375430609188
0.8273244706962399
0.763090139298719
0.6720407932889036
0.7492136790393573
0.8566085058358159
0.7937671184653685
0.6791135186348448
0.7194192941559302
0.6642810123337606
0.8055344577929567
0.811509326810075
0.818297529459524
0.6533663731788872
0.6561572755827352
0.7204189544638404
0.6509324078022964
0.7901096832151477
0.6719771055651194
0.7730610458121768
0.7903821390915013
0.6778571789402106
0.6324269598731063
0.7244952015586211
0.790349809042425
0.8090690774453948
0.8750737756129094
0.8714155614942594
0.7981789767358358
0.5470507975495167
0.7840567584599256
0.5540476106350494
0.7782894094944557
0.5596538499369064
0.7557401493011463
0.5396665279833831
0.6017082429233083
0.5927283581921372
0.7725120196985825
0.5456146560843088
0.5981880121158919
0.5918828832221616
0.5330219717963917
0.7387417859324231
0.5509687066680259
0.5570087762071929
0.5536822016274046
0.5286020821423776
0.5590251103476596
0.7909437297229185
0.5454226060539189
0.5638001032272524
0.5282751560403387
0.7548032498865671
0.5420872264519786
0.5368156632919198
0.5567286762997817
0.571716926826654
0.8480237680670837
0.6429479697185603
0.6438515198275621
0.6357879174544239
0.5927195324450062
0.5676536042909179
0.4826158723895834
0.5073133011407012
0.4886514507528239
0.49883704798932305
0.496930078880499
0.5411690549238843
0.5068420532945245
0.6068012149892786
0.5868708912663082
0.5344939573804758
0.5129409227434562
0.6116077724053158
0.5479714991575048
0.5725945862663937
0.606062778798334
0.5829222474266811
0.5652829053965986
0.49610713061410383
0.5191820782998514
0.5082487696724366
0.5660127898283551
0.5200911839592315
0.5278896030670929
0.5260214534876821
0.5710276421917202
0.5003418660308936
0.6111427443693379
0.6076899919326084
0.6358581067345233
0.4827590481952151
0.5431726537723922
0.5503578615374689
0.6160542002358813
0.6036321919804017
0.6129646855185168
0.5204603409710001
0.4907983883982363
0.5006978486752086
0.5533948219935065
0.5438048166767149
0.5472044211382867
0.5360310611796959
0.4704480317309615
0.46475328661009185
0.5403335965618017
0.6105892974001005
0.5251260648804126
0.5596067288885384
0.5141037452139102
0.5148528831032804
0.48941751652939025
0.5605819430792356
0.5811943644721196
0.5783711461299225
0.5633873170782662
0.5680627497615962
0.5789799014067885
0.3836798966455802
0.5147788251235372
0.3796535862591863
0.4428514352458246
0.2982558507251109
0.5101443014947482
0.18104623096100952
0.3004667228112107
0.2254916164418692
0.3673813051280508
0.3065954285307854
0.2235655244268003
0.29417929114852237
0.1922670729375382
0.37962867221242236
0.20643898211046183
0.21673102516254106
0.186938697825625
0.2677036114996456
0.1817330541343418
0.36462903882886843
0.24628042846151876
0.18208795036353648
0.24419944763802404
0.45089363561291157
0.17986326836907796
0.21311669292924212
0.20293045377627075
0.29748891643637754
0.36585239072504744
0.177538365272639
0.21367581035024633
0.21561895395120453
0.5665488785568079
0.3020717076694258
0.5045630053307233
0.4384924356266912
0.4457602545607072
0.3019828514091585
0.4800830373053634
0.44041196786571446
0.4331977968012487
0.5374451487284064
0.38835599424996414
0.4875368189790924
0.5265149226764048
0.444362438146722
0.590032883660619
0.5557672769451381
0.5529507005809107
0.4744264759784395
0.5479303574426783
0.5448715924358979
0.5069191700516611
0.43973667787908316
0.4973078841085645
0.530799132938222
0.4777459224442343
0.577644203709082
0.6002135211358719
0.4572233822007873
0.5394102608105759
0.6099224760805086
0.5602323534804792
0.5083632004822694
0.7689811688776007
0.8487543150117307
0.8399105669946607
0.8176629295460928
0.6567463794731339
0.838997026125258
0.890063532773816
0.6025018504159216
0.4905538285161447
0.549516671189681
0.5916495080667954
0.4230551563316782
0.4645829667682766
0.5767726407930351
0.488310212287119
0.503672216840403
0.541791510874306
0.4331786635694852
0.4905485850454581
0.5551956835360171
0.5729183627369191
0.5049165197782742
0.5662613374369359
0.4863456763962074
0.47438654819481324
0.5451251483669557
0.4927656425323782
0.4900990571484198
0.6113707469931602
0.5361055368723671
0.37872508039847286
0.48509026017015633
0.5622382632790908
0.527795082833011
0.4672379042713032
0.5470950803154017
0.4402174638322357
0.5052048641515418
0.474954115884082
0.5007120505859699
0.45460348632085884
0.47268906303869734
0.45790699095987925
0.3806228844461025
0.34629214026862876
0.5179348353207225
0.4583311493709087
0.4186422403358803
0.5144023835041216
0.41031448288794126
0.5011366128525286
0.5354951980871187
0.4602821445864368
0.4039441710246051
0.4745039693906886
0.5216760872486321
0.4841030989354492
0.41333092435324204
0.3535644943091736
0.4659077939513716
0.502722135546965
0.4827621544763665
0.4298986228400888
0.511095069078017
0.49502284673376074
0.4522014116072586
0.6107870590638862
0.5670750368289679
0.5374774166383549
0.7398062196803412
0.5564224818785581
0.6334641356570387
0.5994336734219285
0.5566512029227081
0.6655148103351216
0.4470783028739408
0.6731265023841239
0.5710379294923874
0.6177591491798016
0.3930541895172139
0.5897834670481072
0.4706403235762527
0.46528398864233794
0.612746500712025
0.5101302317945451
0.7192036905850882
0.7655032272127285
0.4744360319866152
0.5523529845552158
0.7466006938935683
0.7199028253602265
0.6621416330873178
0.4984815492956975
0.4660545507754372
0.47669576301628397
0.4349684146851754
0.6983539736144161
0.4536693727596209
0.5045038111229643
0.717673691501869
0.7025631502653316
0.8309195224962209
0.7522525869149723
0.6894253107723848
0.6939919947710887
0.6787614832879602
0.7601677100156484
0.682867763264766
0.7943520633006755
0.752985968361449
0.7849854218385104
0.768516171308129
0.8903777123773253
0.7981563827625411
0.8413442829955868
0.8159315415815458
0.7691424990522371
0.8601285771487008
0.7650663468782296
0.8239613703237163
0.7684524891367902
0.8589996080195719
0.8202437862776885
0.8262301576336519
0.9068541685653952
0.8427581034959046
0.754268151297534
0.8024097980382912
0.7365774518894757
0.7739902245293729
0.778763804338648
0.8236928238790633
0.8414508573717008
0.7541459887684123
0.8260495077244527
0.9011756440935104
0.6718140095701112
0.8660134798494157
0.8178239797079607
0.8688376126600224
0.7151646592436619
0.7642716724619991
0.8612232716491162
0.8528897406192149
0.8312284060858138
0.86111415269219
0.8643082010203751
0.8505026471132732
0.8730660375588652
0.7441629313587417
0.8717115750436294
0.8205136197098004
0.8646583367111614
0.8278576062250051
0.7551758969496717
0.8401736658877461
0.7780531975315534
0.7814485613241646
0.7501892691259279
0.8787972582281891
0.8122335388874439
0.8876135497978306
0.7567130668264641
0.8572353275744754
0.8351836431829085
0.7693807896853859
0.8166549109272584
0.8388130132149116
0.8396521950175588
0.8130978692396995
0.8350875866359984
0.8392400199429146
0.707513302790939
0.8479591006786452
0.7449703857201206
0.7685290510827044
0.8201297848218652
0.6838338958227413
0.876433387309052
0.8175718173533497
0.766424065051488
0.8188010924821663
0.867499592351348
0.7054468092299414
0.7029091500834017
0.7972160241928614
0.81213971535142
0.696187646184528
0.8085746709752175
0.8435677210454664
0.7864726826209978
0.8271507161733593
0.7729839414243578
0.7610803453410908
0.8099446933701607
0.7724167837471017
0.7917216848561839
0.8461419782294035
0.8228393137407153
0.6527992481236325
0.8226428461850134
0.8480418805886887
0.8873894444441279
0.7239448018065
0.9008719081615097
0.6807476934618463
0.7633514057255139
0.8743729319939666
0.8497512319110199
0.772373232868981
0.825077641857386
0.8209578490528749
0.6896450420276707
0.7994490587229046
0.8213705047955626
0.8030625709828463
0.7200204163568423
0.8279306824376977
0.6969344855319917
0.7616400608212264
0.7605596595460267
0.7287076762657455
0.852781399086423
0.8964654746149971
0.8398502488554578
0.7449963070313852
0.8462663125295381
0.7337946046596031
0.8137083582337759
0.8572821613304452
0.8486323463453942
0.6908730098510432
0.7521990540504391
0.7934625999554568
0.8189589111547962
0.836784056434815
0.9015491701047116
0.7272493164409412
0.7506706863543725
0.8192142514173331
0.8821285573610408
0.9012590685770648
0.8599068373339933
0.8925501685495001
0.8201972014631149
0.9158948350328964
0.9115963031155253
0.8685026120417002
0.8736771221723298
0.9072144029381293
0.870698556029388
0.8842118726020765
0.7714320294955312
0.8490931486450426
0.8127512053263721
0.8249941724912891
0.9029622624224694
0.868453556282934
0.873136268323331
0.8928841044090736
0.8667372729046655
0.8216484905902115
0.8987940911549052
0.8660318356576786
0.8699295430859237
0.8822246220940013
0.8961065145354318
0.892932174911942
0.9057032499391009
0.8557367346040172
0.8750624108637975
0.8384865220967218
0.7291052771963927
0.8427569084142862
0.900085471926164
0.7964296171519846
0.8806224825750957
0.8989090756385558
0.8862307182722096
0.8962717654269781
0.8284293861432116
0.7379068231625912
0.8410769427954495
0.8717060368017998
0.8277518529508849
0.8174291272740533
0.7590091754635457
0.8169511401201546
0.8894289932103079
0.9067163236845922
0.7325953368768543
0.7588585315314632
0.8459275211047474
0.8229666253546418
0.8076652275314811
0.7628678223906029
0.823460453053616
0.7570390854614903
0.8874406544689146
0.8534980478757699
0.9042224801012065
0.8647736947177573
0.9084131318328827
0.8017596240488731
0.776231176473188
0.8324820950810907
0.834530058941511
0.8466541623779782
0.7604299609371135
0.7989528476332419
0.7969416047602051
0.8238010192995446
0.8384808686009069
0.7217218725432217
0.804331197848108
0.8653792098643095
0.8165194254854788
0.7553984551554767
0.7498262781467744
0.8053221257880107
0.8626259416759827
0.7933391256624902
0.7251762155862209
0.8018813468824213
0.8274411274312437
0.7373476047487997
0.826774558127088
0.7644232073349884
0.8167701478937501
0.7873302893863307
0.7993881321244554
0.8247488642652867
0.7579294637854319
0.87140544218444
0.9084866570988246
0.8885545971955394
0.8575173100901257
0.8817183630065033
0.8286094590211879
0.8089387138356141
0.8138380905250961
0.7367323647123016
0.7674374130832324
0.7431199663712756
0.8636084922524915
0.7122322057712105
0.7667019068789982
0.7066950182327078
0.765398109501978
0.7784237506832659
0.7251242724185138
0.7544474552052369
0.7792750013199028
0.7134450489617317
0.7431754287917024
0.7172656249386077
0.7123049975774977
0.7617955784615327
0.7775315883572467
0.7371349560260485
0.727927346406698
0.8099220939579299
0.7069561191541951
0.8088452145598497
0.8218488335394686
0.7243663253868153
0.7190387776655756
0.8303790194961721
0.8326446496436368
0.8375190273533948
0.7693208236368615
0.8702699490497683
0.771416924643016
0.8414821384124206
0.8850202530708002
0.7625824867255433
0.8556911902056668
0.8254393104938448
0.8368129818796533
0.900797214904526
0.8207681878885634
0.8654186948052754
0.8263047681212411
0.8664471849993667
0.8266545792485936
0.8977718088741123
0.7999683191146721
0.813301804285326
0.83379380926808
0.8340177731281094
0.8701400017747796
0.8516201540343445
0.9063723267772434
0.8029747575328262
0.8334822238688416
0.8526386873025897
0.8835874567698243
0.8672839266825243
0.797442966348623
0.8094230375737899
0.7645785671851584
0.8265783150497876
0.7595816847516065
0.7874975831678586
0.8380600298530776
0.7906589875563714
0.8115474702704041
0.7931946570928199
0.6877946044261098
0.728453729560544
0.7048841738948708
0.7654592355286951
0.7088137936045458
0.761231527694902
0.6785464386899864
0.6218205755293136
0.6546216616795479
0.7173522945060455
0.6866366775858334
0.7298512126879906
0.6741388657017767
0.7200381125049258
0.6689820166207885
0.7329168751068007
0.69440815294601
0.7253353772643745
0.7737400476277465
0.7084968066230464
0.7843470630147475
0.680605164464567
0.6603096668307624
0.7423898786506324
0.7633858131422284
0.8147380130891041
0.7888592804330861
0.7951539026839243
0.6758468832722041
0.6814492322880106
0.8252443897843356
0.8163144699682428
0.697427724250528
0.6892494362695709
0.652847088896869
0.572502167805908
0.6771945141345483
0.6843214723384984
0.7209538660486825
0.6918020711040292
0.7015443635391123
0.7085239930804007
0.6650345766265329
0.7298809702345668
0.6863043792388567
0.7137170735895422
0.6642364381412388
0.6651571081285887
0.7278507082555226
0.6520470565997168
0.6718498612779645
0.6523982161921676
0.6870948171827295
0.708780737940133
0.6610519165877524
0.6980098525103475
0.7015310944624323
0.7197602398997086
0.6308752194713323
0.6647589726742325
0.6915433779083274
0.8196894988049098
0.7646761206119532
0.7427801183800156
0.7148923509684613
0.6703778058191773
0.6387082135165988
0.6716356117459893
0.6584743018981348
0.6697481221240744
0.6753821929597451
0.6737190183378176
0.6412553799325684
0.6726710684407857
0.6798903100027602
0.6267816550184231
0.6744843513541903
0.6675775879636194
0.6733512797808664
0.6460108700229827
0.6818961292152979
0.6719139555645316
0.6292841234226043
0.6629554797744243
0.6634985828855082
0.673651078100447
0.6287819896230323
0.6399373632000395
0.636852717221027
0.651748857563765
0.670647886248467
0.6948941455524578
0.7057328565266503
0.6908333783197134
0.6728508684754819
0.6887271825755763
0.697568901477325
0.6583015667428017
0.622371122783419
0.6418687457885124
0.7033930480613345
0.672733223199152
0.6882518779485846
0.6312825799552395
0.5627383080275253
0.6538363309864678
0.6385949233761188
0.5750098946914255
0.6723754065261992
0.6249377373574913
0.6420696517411254
0.6633617701029174
0.6240469226179123
0.5851824860767421
0.6798165429564544
0.6188992048432569
0.6111400952956043
0.6362826123816698
0.6446412684324476
0.643752454342526
0.6675692429298046
0.6379466374752752
0.6181005547690972
0.6229458789736931
0.6171540781103044
0.749511050034427
0.7157829688937156
