0.9914727443915874
0.9514382887838412
0.9738378118686057
0.9773930046222332
0.9572489315941148
0.9745157797331223
0.9556749923818735
0.9807451376943637
0.9686916580043183
0.953518883928747
0.9656375263049632
0.9529164092455866
0.9729477420202399
0.9646609926322034
0.960902483116356
0.9718561518530231
0.9534926174335918
0.9909044012000185
0.9784956123819761
0.9763383839673785
0.9871019015609852
0.9516163664535853
0.972704430858623
0.9662988844295256
0.9590649607244657
0.9617156259839239
0.9638017242168121
0.9573406796006552
0.9624955911585057
0.9680904596176803
0.9902800101961073
0.9866405794495363
0.9883995085556683
0.9858657647354173
0.9569874001572969
0.9822825822678491
0.9847758004830266
0.9797031238652508
0.979085633429483
0.9824541557914193
0.9565083099806395
0.9605906463055224
0.9579053322571776
0.9866939636821467
0.9895406652582933
0.9728624891580449
0.9618251075179809
0.9799539793794101
0.9731573011884123
0.9762800651869841
0.962837789066445
0.9774532970468832
0.9594324803074511
0.9531068550004971
0.9507011723472629
0.9631826085851759
0.9846228718368079
0.931456877504443
0.9600168481773862
0.9612798642056959
0.9657812419316268
0.949881945469859
0.9577757281286703
0.9530896358012033
0.9335326348128231
0.9495241757818113
0.9734339336035979
0.9660855650995075
0.9462722529041494
0.9615985089520069
0.9696493460198117
0.9647559404751567
0.9622897340967558
0.987687285267885
0.9682362231128225
0.948343230504251
0.9297692364037413
0.9283054050426167
0.9427496131328819
0.9448753755750006
0.9537902470060537
0.9451174207823543
0.9431097786355589
0.9441764138232405
0.9418063405336498
0.9616497928380671
0.9380132839457028
0.9437734514889546
0.9469123873587947
0.9593515104995225
0.9474226540924572
0.9574013362021994
0.9529479027002391
0.9505326407527455
0.9478945197422967
0.9576395308657191
0.9459549038670583
0.9593212106177076
0.9471574828443834
0.9483654229580748
0.9507213262983361
0.9450327163115
0.9629158336257155
0.9488515915770921
0.943980309170947
0.9460668573074014
0.942052531643728
0.9363960383933922
0.9279712766810708
0.9437104463010395
0.9303058646101765
0.9445017321035187
0.9292839277119709
0.9452933319876793
0.933428489715562
0.9461241174226864
0.9489513311244171
0.9447855803020573
0.944412419345234
0.9448632992220455
0.948033054575946
0.947659776863205
0.9467561181281345
0.9699727596662194
0.9425046195158533
0.947776922811324
0.9608113201508645
0.9639021126393528
0.9504443563904672
0.943857675532175
0.9626342291044864
0.9516873320442357
0.9552021366837562
0.9727831778653506
0.9647793444249384
0.9551506435088126
0.9497237473231822
0.9355795633342217
0.9232077395231606
0.9242655396515999
0.9316593331745625
0.9208909841402861
0.8991206475435058
0.9177294089678136
0.9587589882026596
0.9697735429947674
0.964878945252522
0.9428815804294539
0.9610782241688375
0.9463807453107457
0.9367674588730345
0.9402595529802329
0.9293892014719392
0.9430982396220378
0.9693558492100847
0.9706698488237413
0.9434678814743882
0.974197918820443
0.9754331232991562
0.9617259707233796
0.9465063679849837
0.9421443919682655
0.9652015343551863
0.9674371300839308
0.944509323768319
0.9429010348005064
0.9713028373767323
0.9637779964215263
0.9505943711634508
0.88531866095638
0.909318616826267
0.930843813312214
0.895204925746471
0.9502285991059549
0.915096818582685
0.9188058925721552
0.9455005305615845
0.980894626957642
0.9726147019458679
0.9790027567152182
0.9750286924882914
0.9463332022841564
0.9686346336035137
0.9099338505152108
0.9745475485898174
0.9472160265357917
0.9757168010370408
0.9764565443267559
0.9233553603909668
0.977962153091634
0.9754249499896814
0.9772276420332686
0.9456713938428629
0.9709180705768344
0.9699305760842173
0.9436686693038463
0.9249310807614927
0.9182258046902608
0.9311178863228164
0.9259439084183294
0.9185273895324638
0.9050806092664521
0.9186849971015703
0.8940554079535575
0.8830730695384768
0.9154655511981108
0.9055490615400312
0.8980143612596725
0.9101431900919732
0.9279837743629703
0.9056630576368556
0.9222162351453066
0.8904388984996697
0.9193179912998035
0.8911153252139048
0.9004143039581922
0.9030454177034968
0.9083310448769252
0.8955111711689128
0.8999835081844398
0.9206075203032027
0.9056080945138361
0.9046557543961997
0.8821693661898995
0.9153714789472265
0.9035140408995748
0.914154389698951
0.9236617354348694
0.9069855825135225
0.9010744026221427
0.9010188249977962
0.8486909509726719
0.8615036264565332
0.8320855699710443
0.8447600143049883
0.859187669443245
0.8320640704726404
0.8383300604835191
0.9326507252509206
0.9077440501212686
0.8554381979571085
0.9356120062250953
0.8802059060387369
0.9299656555437337
0.9497797267855319
0.8925780934935796
0.8885825115156819
0.8983353968546999
0.8396413313112463
0.8830097321394851
0.93504242037507
0.8511586319175815
0.9209805758498584
0.8761719136716486
0.8456819513619928
0.8839915960713465
0.8399193203950424
0.9380755903496214
0.8904414762654742
0.8826153046845499
0.8948983373640593
0.8793849655665926
0.8453623175141208
0.7744870070183529
0.8179840542981272
0.8065594580358446
0.873144985525493
0.8797448284996943
0.8979353329319588
0.8570406774770603
0.890636909637261
0.9182753727364875
0.9233288798832456
0.8546300714259585
0.8638413035945692
0.869024891255168
0.9028126898066772
0.9192809048874682
0.8732272978529629
0.8393174520055988
0.842319987287127
0.8585083561629179
0.9150911073823669
0.8861653729727261
0.8775226757887697
0.8898746755875276
0.920096048302576
0.9107913976046922
0.930885322311426
0.8528256650593279
0.9183096432809302
0.8825898387975848
0.7998687044714321
0.7278387822851646
0.8340658095141109
0.7474889159309898
0.7088490163469633
0.8107782734100601
0.7819360390970364
0.7450326243453718
0.6725612003040742
0.6841257247116299
0.8322638837768114
0.6951815136305852
0.7907491894488634
0.7490909868126404
0.7402755329114494
0.8779263461684426
0.7509657621448466
0.8595941375242253
0.8166408213780401
0.694240124566345
0.7056870350999964
0.7552789362635772
0.7011083935468054
0.7047978913186007
0.7012620102073167
0.721425884581755
0.8255049588946082
0.8423486181619221
0.65524108879273
0.8095783018517437
0.8479326817135575
0.5838405588371389
0.6901625604006307
0.6723980112415154
0.6590306958309671
0.6767933204449315
0.6866779250122772
0.6785083131125107
0.6760590911787682
0.5894149508563478
0.6318207350304644
0.5892801122708001
0.6312667639315757
0.6017500367291533
0.5952789891943264
0.6008034910340331
0.6005956874001301
0.6089859714401136
0.5940006477166055
0.6019212171776697
0.7124929696605113
0.5926561526146413
0.6150607219660338
0.6709811949236968
0.5958359319333185
0.5822565829201738
0.6384132557802131
0.6605519883656167
0.6453735775247146
0.6050749797528742
0.6697056453720984
0.6244903382498588
0.6032964529124627
0.5982718296263925
0.592775519061975
0.5883001885637771
0.6277618268863724
0.6125017403250279
0.6226645680509957
0.7723162151131249
0.8277041127000885
0.7104139216631986
0.7879960851807393
0.8066497928543161
0.7362857599026871
0.7710303839341136
0.8039014897355182
0.8096517376103051
0.8314929584412007
0.7409877154978103
0.8234555862359296
0.7723766222322052
0.7762432837402655
0.7970347932146475
0.6896053955475829
0.7732016170421723
0.717374436206452
0.7375999062933787
0.8170781393521482
0.8399290094642782
0.7769522634343968
0.8034508612311477
0.8195101970866707
0.8166550029738595
0.7829537855268998
0.6991074044829657
0.653396587810327
0.7329059329865788
0.7085400110125459
0.6717214679995691
0.8553091332963906
0.8588249561601414
0.7815661230405282
0.8408555833616138
0.9347567836156554
0.9047366545299065
0.9080953163127871
0.8760487457119397
0.9477760765901231
0.8228062741373655
0.8653196521099709
0.937466218139629
0.8568236987154679
0.8871459662687722
0.9201550975435783
0.8630648615122936
0.8793897831739057
0.8807015721775673
0.852342322438959
0.8153039436222513
0.8551166325678329
0.7441091591296882
0.7945654412927101
0.8948021107150486
0.8366545666139775
0.877001878270387
0.8381786661684181
0.6732278440419606
0.7157939181183017
0.6643545524401722
0.8112870084644352
0.6918774753971639
0.8075439050955011
0.8420061559557301
0.8806251542142491
0.859488054609665
0.8121660754993091
0.8101347788507061
0.807461889980078
0.8979079450663352
0.8466837504773315
0.8620761906667309
0.8384933316202033
0.8023546073454855
0.8386843624421705
0.8130454530862585
0.8991041077856408
0.7945194532754434
0.8468734928049306
0.8067119954171738
0.7962726514895552
0.77174992716687
0.8710196344401122
0.8489765526375928
0.9064112417435325
0.893427589599271
0.9038113546709654
0.8384709729042092
0.534177731680904
0.758944460108868
0.5389326987372218
0.749984483938263
0.5537832616192839
0.7333641312344944
0.7123192923789626
0.6651912591154268
0.6244623700532479
0.8193728862840527
0.5895904990420299
0.5938470804102705
0.7122359615767491
0.5800544201879103
0.8261892675526772
0.5675367668191881
0.592356759561413
0.569739111298858
0.5980600924810369
0.5555623801219898
0.8336110946201487
0.5607977662840788
0.5593355753296407
0.6112910816948709
0.7914591985990924
0.5611583073366899
0.5629775627718626
0.600638664944345
0.7064270208859746
0.8521039106191913
0.5712038012209721
0.6155931239708416
0.7242115515862297
0.5922113928692881
0.5738794730930292
0.5821590821073767
0.4951376020204037
0.4965902680171475
0.6887239160246268
0.5236515488946747
0.6154145899491926
0.5401822165013106
0.51494268148837
0.7256941652266495
0.6279696105291936
0.5506820263356681
0.6656012399030072
0.7179618268743975
0.5132231243170053
0.49422547395937966
0.6484860554281524
0.5775743035012538
0.5295157727274362
0.5723045017500782
0.6775677850771566
0.5516428232857074
0.6044943269588838
0.5171840440279907
0.6418031553761734
0.6636663202135245
0.4960559761807006
0.601764561682136
0.6458438801983505
0.6651076063173399
0.48753850090538975
0.6176695274997624
0.6113990190425498
0.6085336458121207
0.5350332806474477
0.4124250180820852
0.5072389513927765
0.29155667675481817
0.50493139583762
0.2577347821705255
0.5056005002676414
0.5380180996413502
0.29303729604759376
0.2728174016686725
0.5309116759235837
0.2756218245567818
0.3705178204623695
0.40243896288778996
0.2677626648773553
0.44378783188200777
0.521879226970398
0.34123955631016567
0.2705748137650297
0.49082428516899324
0.27393044668269073
0.4385585411824793
0.2695027768093643
0.3605790058913273
0.36623445751801864
0.5155763826353448
0.3705505138403009
0.28226166043653655
0.2902682344416655
0.4025865002620398
0.34659172251266845
0.26659431407280165
0.24284340861130876
0.20387412189318416
0.5854795930965326
0.2986546158992863
0.5312962702724539
0.3556311139702172
0.39318654846059214
0.3181737869471572
0.3488007243856318
0.25909909057601826
0.36491882657957175
0.5208803989974602
0.22513930916379615
0.30014803815935764
0.2813546887734793
0.3416002798259211
0.32278952650842374
0.4661380177526982
0.5842787108804559
0.24133850729375553
0.3630667243474602
0.49567233085497325
0.2961872132926051
0.3177910506818519
0.3063340405066023
0.3354815339146969
0.3387809010518018
0.27368707424579697
0.34604636979093495
0.41286553053823766
0.4252309215067682
0.4879609477798075
0.4286884749200642
0.47512584040074063
0.6373321418373703
0.8665413732833069
0.7833729321381172
0.6885711884192808
0.8524386769723329
0.5980262852445486
0.8961490922835853
0.642379803140781
0.7283803164228984
0.638623013509082
0.6433197241831793
0.6998108328907212
0.8666418015382238
0.6407630305590463
0.6647473375174403
0.838929626639243
0.6021574448309742
0.5472010930263571
0.9110116284787657
0.6701911245771257
0.5789140105779683
0.5964965893871012
0.6649697062230993
0.7204971394382891
0.8462418483877603
0.8583085967293396
0.8434581644738022
0.6560695957232868
0.7363729632090348
0.8605355414783233
0.5744368271011585
0.5160136661779386
0.5030595444935932
0.47279699072201564
0.4419588264339034
0.47303649684001026
0.4426367257733993
0.5065758809920717
0.4602416777728917
0.47939034380586754
0.44950948662756385
0.48110861091374113
0.47028155380777314
0.5311433686947031
0.499328067197124
0.49177506348906774
0.46129827427664205
0.4815780054581368
0.555679049322981
0.4893251120244184
0.4832737918523403
0.4999049121774439
0.5034333329646743
0.3402983551894998
0.500047100705271
0.5675057845706043
0.5213745835454999
0.39218693603236077
0.516561953732327
0.4703599570708309
0.499369265852016
0.4847329991805761
0.4558173412765401
0.5077892547933543
0.5026593511164787
0.45329197332077525
0.6043020966915298
0.5519975977519207
0.5451022881048674
0.6500054232805496
0.5666097569216206
0.5858117450584457
0.7103155240811441
0.5302674552021691
0.6859341759535178
0.5109110879521195
0.7285852148628345
0.6114103345182733
0.6996311509941927
0.5080084683894827
0.6822558949992363
0.5340792939852734
0.5308568260015327
0.5834670679649867
0.5171114808341796
0.7516508891507558
0.6937618948067609
0.5559424293310578
0.5795537961682308
0.7601542562623791
0.7327856373246205
0.6872062154768721
0.6662297306615088
0.5696316045926986
0.5396011590843256
0.520436581854706
0.7053735777492244
0.5197326063397847
0.44884047088325807
0.7162191207264774
0.7810027953465015
0.7679176967569064
0.794056919123886
0.8454807964932164
0.719812151581207
0.7819149016672668
0.7698800265755528
0.7179849921872472
0.7980024302718585
0.7416214476262856
0.7647389793533249
0.7092179239137492
0.766861907378653
0.7794761888089293
0.6564320456320782
0.7114300330657823
0.7343064421944164
0.7822563529011006
0.7509223140668069
0.7403176419407362
0.7696801697750626
0.7383510763303434
0.8351571091847727
0.7380409658890896
0.7901320466087803
0.7769751169927529
0.640135744473576
0.7888695753456187
0.6689808228484603
0.7545140173830553
0.6950629784302598
0.8412676895785216
0.7647599804265337
0.7850295141039749
0.8042238666803642
0.7963465242327509
0.6572163110547766
0.7421457238516408
0.8429232095603614
0.8945173693314565
0.8507774815541964
0.8743065450727294
0.7937028751771587
0.8139403192537645
0.8073576917294661
0.7329601279886784
0.8655024827689128
0.8345478333353944
0.801033396964288
0.8371125657911989
0.7308613102513974
0.8150520169837847
0.7799693893196539
0.8042955227277859
0.9043637575792675
0.8213791878662189
0.7884205288946295
0.8526203242641099
0.8934824475759475
0.6808981897093608
0.8945165505753326
0.7238981641176838
0.8722754403274606
0.7821232969392297
0.9042246277425114
0.8512701521260766
0.8769474241326046
0.7997604702372414
0.7721006657199844
0.7581940705711352
0.7154370755081702
0.8334127273608753
0.8583673619921984
0.8194893474888781
0.7335201002427272
0.8040949996221104
0.8382045411382575
0.8400481726328168
0.8758998886761507
0.8135207371102775
0.8315499852670701
0.8456647384325551
0.7560598214824372
0.7590904594976128
0.7128455822450733
0.7475496700892467
0.8249455995486561
0.8204340365465094
0.8563958914985835
0.8752308757371055
0.8379540717056535
0.8410618010599342
0.7345804580396058
0.8661770335065994
0.8411734955409687
0.851440628937338
0.8013986030556433
0.8041452069481986
0.8088143272450118
0.8030862450461187
0.851307281633811
0.8324612477211353
0.8615860288394462
0.6671175149822193
0.8816202027112863
0.7951017491194634
0.7619643230590216
0.863616359119214
0.8899704003205753
0.9061821753152324
0.89537223397126
0.7124926171822366
0.643784376120591
0.8427683623297602
0.8296744183627789
0.8192201481801039
0.8243969806369236
0.6571815484876469
0.6571812964029936
0.8649040220521722
0.8954726653465062
0.7514102367669773
0.694774278853338
0.8317210096688131
0.8362903731367358
0.8021605345344852
0.6403500521691419
0.8638136330146875
0.6648788092802878
0.8830388399792463
0.854202605137493
0.7979428202055091
0.7936112942544967
0.84174474186271
0.822671262322094
0.8347283233354288
0.7658222404769524
0.7401517704201418
0.7317253251617946
0.7326477679240718
0.7667038154426972
0.8670571589828642
0.7164232733912106
0.721467368791875
0.8330377757368546
0.8013901427630314
0.8543509014451245
0.880329552408565
0.860309366832505
0.8206374500502879
0.8441291412771667
0.8821768932490421
0.8432384121878131
0.7105478989035046
0.8631166735147578
0.7943938489468576
0.8062944204621201
0.8401160414176787
0.8130518292299239
0.8943261697980792
0.864548536356683
0.8521275517064262
0.8163939468980066
0.8165502678111178
0.7855341451569517
0.9041873905054089
0.8958511123614306
0.9165924668747601
0.8036659049936101
0.8811517525436632
0.8628287680818345
0.7973313115642445
0.8323625371070722
0.8731601630256274
0.8941282981695841
0.851821224764616
0.8165983173893618
0.9036067036212163
0.7869232567661087
0.9170531997981588
0.8488848494633767
0.8319625792373831
0.8803326179778985
0.8662592154898763
0.8403661432390789
0.859339678879
0.8355697822162831
0.891662428592898
0.833270087381794
0.9104745569291441
0.8594466439403194
0.7853131474024195
0.8778570650924244
0.8484662951685257
0.7755755722575237
0.7655736803760205
0.874540414446793
0.893270225414811
0.8741895211513409
0.8527731495374858
0.8831772310451316
0.8158941840738897
0.886520265785262
0.7972089702337006
0.7723034035696352
0.8325632154481186
0.8989716177113841
0.8407628411550989
0.8795573467982236
0.8751125906988394
0.7826484557245285
0.8159792720925244
0.8307080816402375
0.8909929355514619
0.8784442370316923
0.9256264338638676
0.7702605928576043
0.9062289300434678
0.903562051235582
0.784141421105542
0.9246150132352381
0.8863342153414381
0.7203559352788566
0.742983980833452
0.8233060906189023
0.7613659623042152
0.8906663662937121
0.7245338943169903
0.9021333954761569
0.8335198731808016
0.8873383347227001
0.8054008345234074
0.7685703538894131
0.8417910391349992
0.8089139499913451
0.916381803684182
0.766766344343357
0.8909655070329408
0.9077630369516869
0.8277769990186151
0.8760258380867534
0.7797181136346287
0.8500275497029979
0.9215293144162703
0.8221346464720438
0.889326413483527
0.8472269880987617
0.8837073774789739
0.7523958912093176
0.8929858624900606
0.787257528482835
0.914066446393444
0.7362598596734393
0.9024217555738094
0.8696149080947567
0.8035900020254227
0.8900016700211175
0.8442644290769745
0.9264581139677668
0.9122233314622106
0.8519370811983932
0.738466323402001
0.868450879797394
0.8455253262532991
0.8193472937112785
0.7117398512164437
0.7605511003801398
0.8336898183584482
0.7581159769142639
0.8362222806918571
0.8543773335573892
0.8609236306018191
0.8366440595277959
0.7560130523868758
0.7580846849113339
0.7836764133697263
0.7575121745915836
0.7879876698612394
0.8489181282118492
0.8602683654343964
0.8453379032653656
0.8501274551461184
0.7868608915768232
0.7640985208378832
0.8727256572486298
0.8629799939798827
0.845667685421747
0.8077429878795019
0.8614084539299045
0.8555702572631321
0.7528910527005102
0.8326077946294099
0.8563172757366844
0.8570814443912729
0.8655653135960957
0.7874112874165071
0.8311648261750328
0.8686859551854936
0.8947639293630456
0.8271305473588466
0.8000816010208309
0.828661088773704
0.8049682833095864
0.7848124663728722
0.8647916905339559
0.7767773371735627
0.8203903760386296
0.8302944213637857
0.7494388501324166
0.7751528160248184
0.7812311109693617
0.7869625197199976
0.8608433607483945
0.7635568166721922
0.78813960392506
0.7374898846910463
0.746240404924076
0.7412123408077459
0.8203079287699335
0.6818348195741728
0.8142088558501672
0.6935648958968672
0.8042421025592035
0.8153778729778304
0.7099935426211036
0.7454175290319729
0.8010529334309782
0.8208300056317326
0.8278800220498832
0.8005113577598074
0.7190769688896017
0.6941283435136432
0.7731311241846421
0.8143927469934533
0.8237790104649712
0.7380193453630504
0.6983668426102196
0.699215550143949
0.8071133797852972
0.7439522182768309
0.8145766604561503
0.7510156359488674
0.7358814978306973
0.6795775164145189
0.7886361670505471
0.6770806877644545
0.8013848561915808
0.7882731094410487
0.7396029472393016
0.7529638448141438
0.781870826275474
0.8006562240034948
0.7104882064553688
0.755871851991097
0.8257228918589247
0.7093651330452372
0.8131716490130951
0.8010672134790979
0.7376388072712863
0.6705025762485245
0.7511402330096072
0.8272263276192419
0.7489221438189257
0.7050156363896061
0.6795326171284868
0.7096737049027686
0.6557483235593795
0.6313082289615894
0.7999003461653872
0.7445473993049048
0.67506126867108
0.7081490792486085
0.7962509660940749
0.6317642024777679
0.8067462244078871
0.8061677967798886
0.7802492336727924
0.6427212905652884
0.7781676490521737
0.7902929768350422
0.6989567984256897
0.719567004999744
0.6955175776682546
0.6267537160062067
0.7273745028083675
0.6788438643908072
0.6759769194875527
0.7768227489332061
0.7033410861392932
0.6360285124486968
0.6718292009041245
0.6949991646164615
0.8169434188738778
0.7010719316692681
0.7770580751570534
0.7095260950925031
0.6329061514206562
0.647319449368895
0.6706937973013278
0.7324122914989926
0.6563198842536253
0.6743460650327011
0.6788700578580712
0.7086771232692048
0.712404618382129
0.6188134246991999
0.746681116176986
0.7467873455557305
0.8483371603201151
0.7291130089484282
0.7433668925813032
0.6334422087649072
0.6909872153109644
0.6664928318469021
0.6590818224666167
0.7921034143290081
0.7622760378337385
0.5988828597681818
0.6729619852291726
0.6898167347119162
0.6521358378498232
0.8043532522727381
0.7769083649632402
0.6829679101461011
0.6341125152679605
0.6726181366891739
0.7353451623684822
0.6434984004755725
0.7992242874782813
0.6260773370851763
0.6383290055434203
0.6544512293239106
0.7609488724051172
0.7765951172780279
0.5958545727593233
0.575616285753582
0.664884387127639
0.6437646144560201
0.5808057412976715
0.7387999442709778
0.7655844968180905
0.7137201192805807
0.718126896402816
0.6659659614982489
0.5945025355886114
0.7258772359177079
0.5751166672887356
0.6283112613880679
0.6417484402899798
0.6903342063715199
0.7057288253399376
0.713319713063959
0.6395192036942718
0.6122745286735877
0.5707242766834106
0.6173822805889932
0.7139095400587936
0.7188352507358489
