0.9912840635332719
0.9516402572555318
0.9738548602746709
0.9764296647932591
0.9569647759880782
0.9916609699427206
0.9551705074623656
0.9779737597993593
0.9635544383414534
0.9530176943046389
0.9661292118748084
0.9522950319187298
0.9693304416268793
0.9621863217375362
0.9580179678361586
0.9772403165704274
0.9545647499404247
0.9906620550503826
0.9796889546162797
0.9731958502578884
0.991920085479503
0.951624185326698
0.9713663321376409
0.9702830045222453
0.958829756281755
0.961203128278278
0.962347154090653
0.956551429449533
0.9607950576702526
0.9681714555078631
0.9855172543371926
0.9873736962235669
0.9881717971311248
0.9858161113191883
0.9574140590306018
0.9816769871583169
0.9694045174817836
0.9801830016334454
0.9808396555868952
0.9777350150459337
0.9567657484079325
0.9615837399669535
0.9623223047599839
0.9500437029172211
0.9832201256696576
0.9303037488358555
0.9637264773031127
0.9654236426715801
0.9679023136223346
0.9394017027565033
0.9615469397522519
0.9450799356596825
0.9158593560802016
0.9419191890777929
0.9659519213122223
0.9720810248516893
0.9479144293251348
0.9565932197055776
0.9738539708727816
0.9600726512999758
0.965437712869051
0.9842672734562434
0.9649917414019653
0.9325757173632999
0.9335812497041195
0.9243487260673999
0.9445062369042788
0.9522169640089722
0.9461325336736036
0.9443713632575741
0.9383776059573008
0.9457635833691496
0.9429083798845559
0.9524186546465323
0.9365117422548767
0.9429058352119579
0.9396756182704944
0.9483933890043836
0.9326694762915391
0.9343811785128427
0.9523267743569468
0.9453966010339625
0.9436100046826497
0.9488207700527342
0.9408675920748262
0.9569220868818276
0.9482945115087685
0.9477487784229242
0.9487286440058019
0.951366373807268
0.9647503228760395
0.9564765914469242
0.9309800632822569
0.9497624362035392
0.9431081241039025
0.9354679157345385
0.9242256839146756
0.9421135588369473
0.9302113282487304
0.9383673186964143
0.9347430492055624
0.9421529909073998
0.9345002566688796
0.9396008569226313
0.9389646179278671
0.9243148376152432
0.9283397505556625
0.9342633263232185
0.9365795111434339
0.9453608602874618
0.9305349117786181
0.9357508210467778
0.9284813114850956
0.94110945327125
0.9306878656236566
0.9433353174911587
0.9500967176888611
0.9465548192161173
0.9522702718591757
0.9469628046807281
0.946987890313076
0.945736978989257
0.9699170015084084
0.9664250259899769
0.9491140087243386
0.9037437830935641
0.9266568632250578
0.9288965919458225
0.9234289914220795
0.9232161570416721
0.9323894466881947
0.9226110729912109
0.9479084189183489
0.951695279290027
0.9258151081120543
0.9227988727241889
0.9325776363604703
0.9313753611093006
0.9292172163861685
0.9108577484692131
0.9225718456232159
0.9250511095496959
0.9354696943299706
0.9347219234417892
0.9391181350418953
0.9730373804278404
0.9717503855721166
0.9383531257485338
0.939047700029683
0.9485928088820877
0.9627282138268707
0.9650287391924803
0.9285904122143818
0.946803687324752
0.9706745162488069
0.9713171528990917
0.9492623315235241
0.8914204746454699
0.9128440274848159
0.9427261270069741
0.9042836451776407
0.9386692645507387
0.918436742608414
0.8692651258803601
0.9201154636414869
0.9364583317421851
0.9359702764309472
0.9373799273331902
0.9347551209966625
0.8962724542312481
0.9288931585211071
0.8641744400862367
0.9335406574859975
0.9468939530829623
0.9332513805412996
0.9751183204925398
0.9330899141191482
0.9800623976808284
0.976789346656199
0.9772531499373256
0.9641925979787331
0.9708638988303515
0.9654443236591278
0.9519853830781382
0.9286956542164296
0.8855883669286468
0.9325059683780027
0.9326380726983796
0.8864753529715736
0.9039767665234105
0.9164419161037607
0.9217410620890014
0.8726739814680615
0.92264606859247
0.876871498357394
0.8728140898633923
0.9052797807942212
0.9145719241570278
0.9203176022488285
0.8999766369075008
0.87477589305572
0.9151582256263708
0.8834192651084107
0.8809583630606798
0.8947294829921638
0.9080461322593312
0.9001556361724705
0.8972664915558999
0.9085533123247603
0.9246851001841885
0.8942063583547653
0.9059465212295865
0.9053741897485637
0.8750905927477148
0.9099712405722358
0.9105706947463835
0.90587331256624
0.8993499741018991
0.9002188475412803
0.8313249111390906
0.8625658750566799
0.8299095913507073
0.8729909273764949
0.8589029676722677
0.8301730386395672
0.8654563017391426
0.8576432073480371
0.8560522169335825
0.8152159078940493
0.8503461153699792
0.8715766228585942
0.8713107065950101
0.8578071349865792
0.8243469430793713
0.8585689338579099
0.8670155976875734
0.832255494473208
0.8396063855365254
0.93989178280601
0.8814661208705655
0.8594419273636393
0.9294323218835396
0.8426736100149648
0.9278094071241261
0.921477339737355
0.9249010216546942
0.8896683284539815
0.8704530780360253
0.8886895567609394
0.8658482189120643
0.8678386449606912
0.7669895837368117
0.8561617689023029
0.7495672117464172
0.8049005561433755
0.8071111096706356
0.8280402305808277
0.8162497355630431
0.791940109143735
0.8393924271931154
0.8377236632692564
0.7599645721812964
0.7976061949535479
0.7874408346167724
0.8275055458509792
0.8974162342843595
0.8562494740050295
0.8200017217590808
0.7985931285160148
0.8338255887172352
0.9203052699093975
0.8607737205912943
0.8650349190095734
0.8956847938043815
0.9182868151031616
0.911809018533381
0.9317342819147385
0.8427583802126575
0.9134565205622478
0.8635154027087768
0.7931227203077869
0.722994309926327
0.8248299345021246
0.7545118839394925
0.7217817448429885
0.8183754656902676
0.7772165889845093
0.7442547850559202
0.7135251078138292
0.7180689714578
0.8063967238955233
0.7099275832327856
0.7935753780242805
0.7695498657378786
0.7491497889196226
0.8329676509638831
0.738855227198328
0.8126889130562496
0.8183011822741248
0.719554471538878
0.6816766597091402
0.7545457140298771
0.7091760750093838
0.6968639502635171
0.6937154115774362
0.726590584655695
0.8514533700767819
0.8833901616903392
0.6868574938268409
0.8054011611120993
0.8495921250183331
0.6343006597518911
0.6887288819439938
0.6985559022106173
0.6255707150380658
0.6859355643980398
0.6976128884665511
0.6109319868638114
0.6857229374706
0.6843701218554716
0.5820178845323748
0.6096712368651144
0.6840410579683335
0.6189551163352349
0.6701798658754528
0.616742226886166
0.6529869504050221
0.6794361171809639
0.6801432033323221
0.6844552169239695
0.711785552330457
0.5768034665612762
0.6356467356514838
0.6744355434724427
0.6308009996747828
0.580533259572834
0.6041697562433288
0.5964836330693877
0.6156968346326305
0.6151223791336816
0.6576530811528374
0.6048286049467354
0.658390395303533
0.6246885901707716
0.6212243871087382
0.5886530612547695
0.5984645071903708
0.6177475914155119
0.6500351367745334
0.673876964473709
0.6571949707549212
0.6085031501629334
0.6048964795990758
0.6301286693853323
0.6134345857753803
0.600264196719321
0.5915252004055609
0.6072027338727877
0.6173691710472847
0.5886960762163433
0.604324449891696
0.7790709716800278
0.8320647099860361
0.7077641709285446
0.7877720400884368
0.7977726278080308
0.7345526608677615
0.7689041591558841
0.7881971071920022
0.816151893400654
0.8317246091201664
0.7426649364662963
0.8211405283361327
0.7632043075754682
0.7705219722601641
0.6864306985996026
0.6565328625918803
0.7153546570644833
0.6785407570704237
0.720944019136816
0.7768488418127706
0.7238613936433665
0.7253605540085696
0.6956816858203616
0.7497513546202256
0.7387880711868506
0.7536136630824986
0.6632369497660038
0.6716436774152055
0.696457580561407
0.7268321229218694
0.6664196789234653
0.7973083836109968
0.9373754941421284
0.7858029715521706
0.8812992035712899
0.9087389199405785
0.8575080944588355
0.8150879508307683
0.926657049927361
0.9439709734721033
0.7411138496481549
0.8642248766501123
0.9445382486896481
0.9040729892947307
0.8689628973662329
0.8184842099487524
0.6479032082769455
0.8063261292504722
0.8174848552812011
0.8414011486713199
0.6481777847963439
0.6724023385776913
0.7611984683860679
0.7311958367278039
0.7653375708830772
0.6628958129582908
0.6797312291103028
0.75323997636028
0.7954445458624939
0.6768094374381214
0.7052183552780341
0.7341615694505255
0.692281174110748
0.8345641381497197
0.8077974194633233
0.8604835885799237
0.8149201712385366
0.869191957913636
0.8344450088521609
0.7965265783159022
0.780130035656575
0.877020909414489
0.8593015793706154
0.9019258086357445
0.8935953391728773
0.902338979529927
0.8015376134184939
0.5625589353430207
0.7450509711078415
0.5285477113377968
0.733819992490279
0.5524418021721044
0.7635469547062586
0.5435952084071322
0.5606048942544679
0.5926702064862813
0.787602939765655
0.5749436624987578
0.5987625108210115
0.6035270549843048
0.5327858182984555
0.7613847184432677
0.5310922165991568
0.5547881722450029
0.5374144414551372
0.6847343332641933
0.6271250969095672
0.8223041278964633
0.5755439452220099
0.5614766420220528
0.552308389385402
0.860896223814076
0.577850787514284
0.5911539389507131
0.5739454579776384
0.6525832673638877
0.780629036639225
0.6297748202056578
0.6111456717544983
0.6577399177024075
0.5817464367108244
0.5678812347984051
0.4968123543734503
0.5265171030335557
0.5277145485777546
0.5037607619493404
0.49620548592908886
0.5999353917905317
0.5230301126648462
0.6029839842713283
0.5455830828026997
0.6151122814478259
0.5090967662642419
0.5813228427645702
0.5468244131730149
0.5422195511230932
0.5192529176912772
0.8238041436241755
0.5895093515708774
0.4584595029072483
0.5528898196908065
0.6631878058599818
0.6389257960414022
0.609909463619643
0.49533608255589473
0.6065448332731835
0.7160011043102189
0.5531402141422392
0.5600320597195572
0.6041181953301407
0.6442625032456464
0.5105118494702803
0.5890095096604344
0.525865986539368
0.5864949151438901
0.5510107642325042
0.5992977845711887
0.5331038578602398
0.5621704515750194
0.5531096763650281
0.4380041254517979
0.47670495167885774
0.5409729653259119
0.5726319031665238
0.5711980312599304
0.5535194735409488
0.5803509213134811
0.5762736077617734
0.45084959657997015
0.45382615232913304
0.26511677028956093
0.5240983490962595
0.34935502062461254
0.44324984613348795
0.45252123375961606
0.2978032947715219
0.26339044317599725
0.43467770879971174
0.36601199605406776
0.3660341682176871
0.45441405310675664
0.3724360403574311
0.44671848646789336
0.29208297236097003
0.3988814268421289
0.18130351307062442
0.2981854047382773
0.22178623702662026
0.3703064418595154
0.31362705065762575
0.20630798896012859
0.2594537635246894
0.3688688204469769
0.20187670194530466
0.21278317438163202
0.21395620335964255
0.21350212293623516
0.40418790742596655
0.16623653304486907
0.20870400940161554
0.24833426981286852
0.5015476297964936
0.31756347993162404
0.558695031227165
0.31758640449883896
0.4133259216822063
0.29891632128043044
0.39680655946498833
0.26903180998241927
0.3154536958571872
0.5589358875785475
0.23494480989137667
0.3266415790462127
0.30153036332878974
0.29573264824106726
0.33702509690110516
0.5339097658749659
0.5524942062883142
0.4425202113374847
0.4666463912286663
0.542720601665047
0.548595667128469
0.44871108234242146
0.5041038411000655
0.5363046735346098
0.4577396035625422
0.5857390092216953
0.36329283063288065
0.5080423925722514
0.5397583523885401
0.5555223155034659
0.38693974947673637
0.5045664974973647
0.8794690626540025
0.8036400237357437
0.7096472219318958
0.8099404316117869
0.6088887585270581
0.5969456239559676
0.9007609151651704
0.7588412851360566
0.5441817706026967
0.6086616883469551
0.5896839750730382
0.7167141808456421
0.8342675726063749
0.6708446297601027
0.8170650724276973
0.6599977733978473
0.8255423025176329
0.8727381717249163
0.5757873398870517
0.6227691399980979
0.4581475662901109
0.4281553518819934
0.5814841260843018
0.4686492340897672
0.4624444921215888
0.49278246972332856
0.5110242430547798
0.47752566782400185
0.5731328090598479
0.548497934007167
0.4557794628653956
0.5492940400333843
0.549019412587948
0.4724866388285009
0.5015676875641849
0.46824522268008967
0.5204088925521551
0.4963318032540247
0.46021011379427956
0.487210085200001
0.49052663263480617
0.3495039425205819
0.48774353800388837
0.519679135336832
0.5143463706736711
0.4575569388904085
0.526100218252682
0.4741205123343183
0.48116288372179894
0.49655366091900405
0.4952044521500905
0.5099422188253384
0.4568289808096646
0.4698976973194958
0.4016217814460328
0.4418322152750147
0.46687748121959466
0.4662478598216442
0.4021599735419895
0.4829737876159129
0.4685303852371302
0.4915297679004341
0.47127034364014253
0.5193238832509042
0.46513918168093016
0.45204278250679675
0.5992723036960026
0.5115546883037458
0.5616425297990751
0.7356102161359241
0.5062953944422071
0.542230791856793
0.5941407343618824
0.572855625208391
0.6829927075078082
0.5561846056706896
0.6661902810073418
0.6521490361457705
0.7138512154658092
0.5352674128631908
0.676762135732687
0.5514834782276875
0.618194760747801
0.5915445410837563
0.5861884240808379
0.6570076264361213
0.7614196044393604
0.4294473136551533
0.5287272257142658
0.7253574355549813
0.6590142675350403
0.6078143877422885
0.6021142328900404
0.40390566566719116
0.43786507365085336
0.5011838777112987
0.6620606181631993
0.459693273155908
0.4738996030972255
0.7394854117101595
0.7653911539856914
0.7621031318015893
0.6532634277279049
0.7820153679282509
0.7386312444304604
0.7694766497936918
0.7403220704867833
0.7478550949381688
0.7394551845880228
0.6490494735858441
0.7995008924562031
0.7511979173772336
0.7750522934649575
0.7758008065155032
0.6416891544133534
0.7267398603857624
0.6882021081402552
0.7799263543251933
0.6660625675410903
0.7979312352185417
0.7861987984402677
0.8482421584837937
0.740192823290805
0.8623267222505709
0.7947826625317153
0.7872133302339406
0.7804092276172312
0.9048751341583554
0.7291666532443382
0.7765875690735704
0.8123390109160173
0.8039165426786459
0.797170833238182
0.8220973672930754
0.8170035870977377
0.8729463560075487
0.8120282035450221
0.8668057017861267
0.8395247478095825
0.9061044338577423
0.8459687509724286
0.905342807903759
0.8395770423989913
0.7902131412644826
0.758368055601236
0.7935165242317658
0.8522477974203837
0.7733603872674712
0.8187204068901618
0.71600909085227
0.8766875892466205
0.7333322990380929
0.9028535823355326
0.8469594313520993
0.7720050836115377
0.8278767518450791
0.8791550245925743
0.8577358661819776
0.8641497329337746
0.6859253536590693
0.7300334789433256
0.8964848431710359
0.8667889901339265
0.7555265300486034
0.8345120189231438
0.7585411318363332
0.8110617571553922
0.8073072733448869
0.835596798537031
0.8735732485089337
0.6631185773641034
0.7688142250946923
0.741469815884143
0.7404081021552131
0.6928761981483146
0.8608195616599162
0.7972373383445144
0.8464885959975881
0.8337505636641084
0.8822321155971198
0.7608022576360445
0.8531908984677352
0.8523815527001952
0.841912693061032
0.8001749184976963
0.8314171764571676
0.8086475051320154
0.7392743800865156
0.8088286987889
0.877316544061034
0.7998873177940883
0.7824755949384332
0.7743053811828121
0.7853071763864191
0.8139918294557478
0.8266863367059947
0.8409467401294239
0.8462854876757968
0.8101202795280288
0.8204064787093115
0.8510258555107733
0.8326681307928689
0.8168606435011976
0.8121918668817103
0.8692241991360352
0.7796851600202521
0.6874447180060184
0.8743729319939666
0.9005757010070414
0.8024402680093676
0.6758586780777793
0.8514202683045171
0.8235393362876265
0.8928786899774683
0.6598381899311583
0.8611717011982709
0.8837651423009355
0.8918311480722341
0.8468596943533624
0.8607648919313997
0.7821880748745105
0.8446179922886642
0.7756370684653748
0.7232174730851788
0.8460485697655231
0.8060679977609857
0.7842843594117501
0.681119557897542
0.7705864813452201
0.7544184050049434
0.8155412326223606
0.7182033175747495
0.788033861964031
0.8376110721338821
0.8356033656042366
0.8328366957785587
0.6945151175186802
0.8145671695214585
0.7302636802129754
0.8634213748440676
0.8188106824006244
0.809094809304242
0.733843316502126
0.7230334999127396
0.7925927950548909
0.8349466792781026
0.8092407342322043
0.8541319160122729
0.8077270918944839
0.7942941497888907
0.8186559218453502
0.6570737917140415
0.7722448058203819
0.8618642026644767
0.8032861102921472
0.9223832432455479
0.9156469080143519
0.8764702658594912
0.8748019349595777
0.8186666992903299
0.8982538865304986
0.8722846816005622
0.8414094877233822
0.8937637023712766
0.8579169812095387
0.8997537347500539
0.81515059023898
0.9180673643232161
0.9032725269191328
0.8863192239483114
0.8831013712395966
0.8219765310594416
0.8440408379444251
0.866800035477995
0.8625216920718306
0.8419930933652139
0.790787555243591
0.8984104423428894
0.8943847727196941
0.9250774066923382
0.8101535283100487
0.8787490733894778
0.8428731889541302
0.8646622246954723
0.8387924339412011
0.8117901796661127
0.7979975517596256
0.839603255454839
0.8401988158132563
0.8765404139283424
0.767517140002877
0.8016568458589306
0.8522025339015653
0.8509469659229268
0.7835563084279049
0.8578722664615039
0.8388521625426935
0.804350849919315
0.8785225178835498
0.8894289932103079
0.866366570365489
0.8922904116979078
0.8735325949959758
0.8054155018566949
0.7724513319268961
0.8459439882861501
0.8218733479598015
0.8114049179818839
0.7497991981777739
0.8338066939903753
0.7952324806943316
0.8164925306986185
0.8282225544401641
0.8080377945928763
0.8695783425941814
0.9135293569386915
0.811692215806622
0.7549324978774504
0.8896813196334092
0.8309573317363985
0.837711712777026
0.7854515084154399
0.7530693674050147
0.748894792304712
0.8226846852351117
0.763779518817998
0.840349510755026
0.7349839097369513
0.7386472409691414
0.8106657035454132
0.7883184326838713
0.8297550662799651
0.7112806726907973
0.8498683916118276
0.8730083540077666
0.7544861713789013
0.7355628829997636
0.8927159380930216
0.8457081542301423
0.859999749657176
0.8745404718031173
0.9098176389713668
0.916252459260387
0.7912137573143323
0.8611037044181666
0.8846624664114242
0.9280479820738468
0.885058891674483
0.8917513759649662
0.7398933160670926
0.9056740474887368
0.8942629342894386
0.8153568612985552
0.7181418937158259
0.730113556299897
0.7271405739354873
0.697235841151685
0.6896207583722294
0.7585943137160429
0.7318272515788105
0.7910612840803171
0.7395758284638323
0.8221553146016412
0.7168844969686875
0.7497692626199854
0.7095750001958232
0.7426977882940271
0.8095629409905256
0.7705929724815347
0.8632010372354993
0.8187657498167752
0.790367256480749
0.8382757485449746
0.8518601370500081
0.7497414859927487
0.7304255018247707
0.8453267693115762
0.8275058153645771
0.7555951928398903
0.8466517397183484
0.7871383696543777
0.7529088163767333
0.7952278897496484
0.8031788372081172
0.8570055247632309
0.903836254102051
0.786644908326475
0.8183576346799666
0.8307018577508968
0.8252746035374029
0.8941015907989893
0.8706810735384078
0.8981056047798541
0.8336050201240259
0.8246324036620939
0.8153115557344023
0.8925558174750601
0.8696342411847084
0.8899140440063245
0.8287200684260048
0.8131441197794508
0.8162408498719368
0.7926562641312807
0.7744135914677028
0.8574100088700873
0.7803404879720252
0.812046191702742
0.8387631908788706
0.7641189619030457
0.6819317342443041
0.7829504144624929
0.766386292296019
0.8472915971540153
0.7649788949669517
0.7960028115329137
0.7377013160140639
0.7820855321570086
0.7146291510596275
0.7674067506615302
0.6863111754454925
0.7716021063158154
0.7122509208378314
0.7667924069227947
0.7048434834193535
0.691096579813645
0.6651892860544923
0.7006785415779825
0.6950378416350069
0.7672363368723583
0.6658175886905906
0.7288007296690219
0.67743148003179
0.7386598372047752
0.7578797523650178
0.7992400059360788
0.7991536469253244
0.6546303667883457
0.7261874601174041
0.7692010022440107
0.8229507717378312
0.794316194894277
0.7511880369201711
0.7351062949075693
0.69506969062511
0.7858936424707588
0.7011571928486731
0.8075074130153306
0.7392156205678353
0.7593277912245263
0.7369580462547548
0.8442410054107714
0.7010598462826938
0.642887918865932
0.704884975269133
0.6653976776643842
0.6260155989314757
0.7353115973027484
0.7020560678009466
0.6656457488216967
0.6342111669938927
0.7367800323074991
0.6593906379533686
0.6974474321548434
0.7414815130868923
0.699107842798375
0.6725621512427726
0.7450968662251019
0.7387485948943986
0.6933703358811814
0.7270667598153628
0.7412364053714767
0.6281773027641722
0.7493589160172621
0.7073828707067522
0.6990052188721144
0.7780664905253942
0.7729416340666545
0.6388251858287526
0.704754542733381
0.6950064704674924
0.8206750231257673
0.7590068625929506
0.7053714678285816
0.7127647659615853
0.6732011757681723
0.668238572095105
0.6727947810978403
0.6373149320912865
0.6817006754451502
0.6746074225260417
0.6108120954022072
0.6517619886133785
0.6228718548153303
0.6807649647761854
0.6273218010972317
0.631204172484571
0.6307091982104892
0.6312560858415193
0.6728229037169856
0.648855315310024
0.6793217480199236
0.6598495615103154
0.6549078800543029
0.733961162562605
0.8339080391860765
0.6359958143586648
0.804427673533294
0.6622535755923549
0.7010753779563171
0.7550141188535003
0.7784771409085742
0.6589272075370451
0.7593447282830865
0.6722110269584401
0.7569151061919217
0.6678592688221805
0.7579037018469814
0.6216654707247729
0.6331723022482542
0.6692125748365089
0.6695742956540109
0.6751340025865614
0.5794702148502815
0.6109481527452815
0.6169448742005408
0.6429191324179203
0.5663822978364307
0.6529955375807965
0.6881689245394693
0.6840380083096023
0.6387790484366096
0.6118461567541924
0.6024079241246285
0.7768857679575432
0.5881392549450934
0.6367419229804326
0.6403171449649083
0.6620687762322728
0.7005442672020136
0.7149886801847825
0.6615798469236687
0.5911675487566145
0.565923310433507
0.6063097559541697
0.6907454942782983
0.7064109597462063
