0.9981849379897778
0.9568473744932207
0.994862643428389
0.982029694729253
0.9908372456409331
0.9643557742125058
0.9931579421022884
0.9826309010260085
0.9728696081979893
0.9959966016877572
0.9765114300450899
0.964891629898651
0.9814401356419533
0.9651790298177845
0.9931946154438664
0.9747714416522261
0.9556947524693387
0.9830632731680385
0.9751230872371379
0.9780040044056639
0.9727072901422502
0.9758962339070458
0.9697467922394536
0.9664372797937519
0.9596222921076799
0.9598284097988878
0.9671589251252335
0.9585607170025809
0.9657107327072754
0.9687788763972438
0.9902993268110885
0.9696055179244012
0.9879700127417097
0.9850238084118011
0.9572890556403795
0.9790948817503938
0.9721811864532135
0.979269692424216
0.9774908753616713
0.9815709584977872
0.9585440568592707
0.9614403176919404
0.9565397489693253
0.9868051924330203
0.9898090327613891
0.9732565493466303
0.9605470147259347
0.976830591532569
0.9643781913951653
0.9698998798027452
0.9666426653215257
0.9838740720407946
0.9571290244833415
0.9890345163440146
0.9832918240799993
0.964509746755349
0.9992320829193697
0.9689837073963645
0.9977391134557445
0.9888877128547401
0.9904091380682415
0.9871893516256129
0.9977777446760616
0.9756070911030738
0.9778025774126605
0.9968312634614667
0.9908230674143153
0.998714801233529
0.98407651026047
0.9990478259555762
0.9922378376852246
0.9986899342068469
0.9882838466486925
0.98213590946389
0.9680080524648909
0.9813719209625658
0.9839370721577452
0.9819297569804921
0.9842479883905788
0.9665568352499412
0.9661834345039585
0.9654461610421089
0.9859446623115162
0.9487103189208759
0.95863933954463
0.9766225443536889
0.9716031483232677
0.9582089565124643
0.9718172227940666
0.9723557084157364
0.9572930892956124
0.9687101632367264
0.9749668874294267
0.9770434112185371
0.9600110181507964
0.9719160161780943
0.9818050133902622
0.975588654634244
0.9688847950350254
0.9917337874217604
0.980861603345373
0.9535145751264886
0.9392401776548451
0.9293041164372055
0.9549213886024137
0.9560220276663145
0.9567441310718079
0.9525016747826967
0.9478047928998574
0.9556128893597341
0.9452719677056556
0.9656139375804293
0.9373733561076707
0.9481961825177155
0.946791175462276
0.9641085318161897
0.9633029044800658
0.9763883428581331
0.9717002405961211
0.9579367817360155
0.9563811721199746
0.9685654951391449
0.9532602564376551
0.9645910412446078
0.9531596546240797
0.9625817912079777
0.9867777167449856
0.9479644788557016
0.9749299596134324
0.9559572650432364
0.9669804474911313
0.9556258714271766
0.9630834046664785
0.9647652534704582
0.955678517787254
0.9488504621202731
0.9451193630770941
0.9698903578535802
0.9504090543537069
0.9518655758690319
0.9690004190321806
0.9583487583739534
0.9418022413423119
0.9437708968670286
0.9651110863247091
0.9918929920273626
0.9729550065701059
0.9764922993351111
0.9735926015938219
0.9791450151349
0.9723832687368104
0.9770371804425345
0.9577599061023483
0.9703737580671432
0.9776060404613979
0.9747497610553093
0.9769047372284494
0.9771527203824815
0.9765039123105917
0.9767477650436642
0.9841916761376492
0.972133279540964
0.9773180224554132
0.940711800279937
0.9428922721222457
0.9492351200357578
0.945041660760072
0.9357071149402842
0.9400090565747944
0.9314500075250458
0.9701159654184728
0.9636046718824318
0.9303491571699332
0.9668603520470376
0.95544459312858
0.9703474330565514
0.9789342404896828
0.975403872849793
0.96150692191704
0.9773388459642305
0.9825090905665005
0.9891768432372999
0.9757651735060293
0.9735810627244549
0.986677204839502
0.9642571552179438
0.966363462670697
0.9735197557757853
0.9707542572165864
0.9927032490994314
0.9600430927569528
0.9759994756050678
0.9695146672908481
0.9923243054276136
0.9758949378368627
0.9025482583470359
0.9434589817040004
0.9712231600564519
0.9499329958258282
0.9763274118898074
0.9619560066926803
0.9270528333148065
0.9648452871415534
0.9575234380787846
0.975093163152974
0.9766858752395391
0.9980093378452832
0.9395367917207856
0.9749731192125891
0.9423862749965802
0.9809329541983737
0.9917422965694634
0.9767581526824858
0.9764611362267079
0.9548543869661941
0.9725945316472663
0.9737421490596883
0.9780425355524365
0.9763294598324848
0.9722922014847641
0.9786870213158312
0.9685867823627021
0.9525356712012869
0.9248449285210563
0.9261864825824984
0.9431922442507128
0.9193788039240736
0.9105023411297881
0.9062871871366085
0.9125298452036116
0.9032557517493174
0.9226741717743808
0.886589627036526
0.8980629821712484
0.9084449251961789
0.9230436457912117
0.9147576232037093
0.9006143952077941
0.9615424236664156
0.9754742425264108
0.9229917907103056
0.9737986182286328
0.9339132203983491
0.9705525250459708
0.9657381961341772
0.9494427977899335
0.9418035063464933
0.9300171633989568
0.909655314432639
0.9061092194376161
0.9858706601371945
0.9145452960287527
0.9863335781778155
0.9364243279097424
0.9442460989733216
0.9189105079490891
0.9133868533929921
0.9044615244835126
0.8880952560652626
0.8691813366657795
0.8888862904409824
0.8934871895890749
0.8694755059102564
0.8988392351283617
0.8870649861830653
0.9245327692621402
0.9297004243902304
0.9510310305034074
0.9419105894860857
0.9654623599112022
0.9585139595601804
0.9459917801311065
0.9679379837006357
0.9812820387478375
0.937969721791319
0.9636651148161312
0.9610489844404895
0.9211278461278762
0.9486562078117916
0.952941729262738
0.9535854867173746
0.9700787401547544
0.9462142279919595
0.9704188862307377
0.9682757817581156
0.9717099858034302
0.9711908516597654
0.9643748886145146
0.91047472098572
0.8341776124175371
0.8893131111429503
0.8670831206342002
0.8983344470571889
0.9021212898627511
0.9154202743433495
0.8754700667744154
0.8624409060447457
0.9264473089795382
0.9305137190462045
0.8539455505020872
0.9419940401002712
0.8772812724928133
0.9493158799452032
0.9471298266501393
0.8882561220419125
0.9287839657618648
0.8870452233743322
0.9081561264809646
0.9615735029301311
0.9587141160557304
0.8813150818348838
0.8930449723317097
0.9211832790343641
0.9068353972621332
0.9757687102240855
0.8728516186683547
0.9149195794329922
0.9633242069948496
0.7958977859504096
0.7071450117567766
0.8533809102224014
0.7283843966461407
0.7019131561756629
0.8441765085077511
0.7853546034138217
0.69998242678429
0.6874796541964355
0.6858911994424136
0.8309467458720412
0.6808969668783176
0.7963223020535685
0.7481670313579446
0.7877001854027716
0.9001761876340357
0.7963922759893765
0.8676050673231513
0.8273879404080122
0.6450330390642912
0.6733642718871418
0.766367940018502
0.6674207188052423
0.6447050202595213
0.7054684016440308
0.7798589892380405
0.9372422760964004
0.8939749420854586
0.6517260932913973
0.8383026122949252
0.9888155422181601
0.6330637513296395
0.6455166584280537
0.66317203989003
0.5950970572652233
0.6104006145206091
0.6053954286650354
0.6006790197140681
0.6060929175060068
0.5898558189857024
0.6073732929308
0.5870008452772189
0.6080147022551002
0.7602632513057005
0.8596237111924941
0.6920203398626901
0.81723672010505
0.8126759488594248
0.7201146689654542
0.7604305680602259
0.9375001352365351
0.8577089853272355
0.8612387032021
0.8221700750255375
0.8383281626027093
0.7597832842584625
0.7711045878778473
0.7955070586200284
0.6847641562407741
0.8647020378799479
0.7641384302903351
0.7240095118335204
0.8405568305484821
0.8433499020405419
0.7749389376463249
0.8035932823866336
0.823181933554066
0.8266276733341702
0.7839825375691944
0.7207864021523742
0.6940824712045698
0.8121547974019496
0.7603223773322325
0.6849852980708121
0.8922941203623372
0.9691767289848963
0.8380973335016715
0.9148352445764039
0.997326634134873
0.9707785271275905
0.9498022677854377
0.9505074859574625
0.9758264253537151
0.9130942736039256
0.9141178709944421
0.9589506711612616
0.9409230638851364
0.9212733051502191
0.9369976761130567
0.9114852666670581
0.945805888479155
0.9869365971275033
0.9728313637629484
0.8320252076829858
0.9034656641286123
0.7082530318146205
0.7381604247719932
0.8824535772768519
0.8246740328958829
0.9004127920946717
0.9340044811622626
0.8089509810659568
0.7937623400872684
0.7540459278038805
0.9063871293317617
0.8881965686850769
0.9777598471573616
0.9092326411683407
0.954451441991968
0.92628339042527
0.9620937797265862
0.9719446361922188
0.9327854757028838
0.9811206931543968
0.9600822572671672
0.9599423727495389
0.9483691185103458
0.916120678734505
0.9095806958542191
0.9656614154670734
0.9630651778426482
0.83913842405875
0.9558852718405272
0.9597526189248196
0.9663788333088226
0.9539615239587634
0.8853139151683126
0.7583382380715731
0.8932299546343834
0.8665047356472427
0.903856539008808
0.8102432741730541
0.7913395963565716
0.8539967956002525
0.8999109052386416
0.8515436284705882
0.8212724887241052
0.7903613126832826
0.8652973818174363
0.9628482752970775
0.8947695860032161
0.9186458351241371
0.8461031457396755
0.825787972551709
0.9185903008231657
0.8743777266564348
0.9520550232207745
0.8611855687455063
0.9152810291553358
0.8496606348277392
0.8488886877185219
0.7724095852636677
0.9308223948197971
0.9047921258069146
0.9188863856662594
0.9441993100807254
0.9231780634825918
0.850793186689272
0.563502766687672
0.8323358535983345
0.6470645369688369
0.8552353207171703
0.5468304784167511
0.7785459860017896
0.6871475499031324
0.5952809222887693
0.5922478483819301
0.7909807119164927
0.6249707094967907
0.7125319905607177
0.8973780385513012
0.685815100864736
0.8811241641528174
0.6544189916930933
0.789906680098748
0.7474586874703668
0.6823775628922737
0.6551596220101106
0.8864022067424607
0.7241681200839445
0.7631372513123146
0.7763948661035472
0.8817896412070958
0.6758803440123673
0.6768546285874284
0.682039091370416
0.8605136344437042
0.8763338590234171
0.6993815209563354
0.7280757736827634
0.7463093524620042
0.5062828789732436
0.6957650495838901
0.5582070090019076
0.499471487442258
0.5125823049642122
0.5171371411113552
0.5214468204027765
0.6272236977383268
0.5455264767682977
0.44579973471227546
0.9985271292010962
0.7996237434896892
0.9165119561317885
0.8554160693493478
0.9975271611730473
0.6148576290361081
0.559042959471916
0.9623374573915433
0.8434425853016112
0.6133567692920416
0.8489273772917318
0.8110726757115617
0.7941555629363742
0.9244102388581442
0.6896894565114133
0.9567108688702824
0.9835240281385954
0.7436380539759831
0.7452331644615712
0.9229452753111234
0.8310111078587712
0.7806553599159161
0.3527852403592447
0.3843969520727581
0.5175819118944495
0.3805558187624887
0.40498941898870294
0.4043432508854551
0.31976516021479917
0.5047518548043586
0.23513908395484145
0.4218774659087852
0.5163771674540973
0.6165567709427692
0.3637487224978818
0.9465327195820092
0.4289470717339374
0.5783907096956458
0.6039200752239178
0.42348171067610163
0.33423705611430554
0.7057329965724584
0.6842277344469392
0.30879870470594156
0.5747397476634326
0.36125833157306647
0.3727505342179479
0.2884781911168195
0.6800865152564023
0.7377553698552997
0.5606975157113273
0.5025376897350873
0.5437841597944986
0.3937968529961233
0.555852084891082
0.2982852529894262
0.35957369777302767
0.3640840857886902
0.27533343459519954
0.3383422887589098
0.3913256127497343
0.4799194185394657
0.293088107468133
0.26134801658941115
0.3904606187947881
0.8443982226752769
0.8002214271612555
0.8435497865688361
0.7877671981182237
0.8019005833247981
0.824403252655675
0.8854388621329257
0.7930044350810824
0.9274307751762003
0.7259743616443532
0.6073061971240786
0.8874141133729364
0.9054988334509916
0.6454975980724253
0.8543685604707002
0.8342548394283775
0.7850487204513402
0.8847664714682276
0.9674791324439197
0.6662668938120622
0.9014011786962125
0.8917169638432884
0.6890055213060968
0.8010283669080387
0.8348344099740105
0.8870538033294446
0.6360589368128271
0.8808502757189314
0.6830683653958083
0.6970421538489869
0.8663621861078119
0.5652073322540696
0.8515710562601035
0.6114948443877168
0.8061104812311869
0.6163490566222928
0.8696954051212007
0.7808417330337669
0.8849535734722501
0.7651701728632647
0.6281039390294558
0.808145845082695
0.5498652650031479
0.533780626208088
0.8806976106640119
0.8315483573144966
0.5398707946549062
0.5897836023739987
0.684873639379449
0.7118456036642599
0.8462317069667804
0.9451407150873218
0.814349217822111
0.5658376473522412
0.8966815703918125
0.9662217834176745
0.5354132798422252
0.458978855541694
0.4333700883224648
0.47348122245483015
0.43125898639996507
0.47981111017732087
0.43875856131003255
0.5044562084788575
0.4855613101192564
0.4652592667190413
0.5464368219969085
0.5250885625152135
0.5095246173277264
0.9419358102153664
0.6187529165185878
0.5692062823732942
0.6091242039303457
0.5109712115981964
0.9850643131116519
0.49737214361700777
0.6644392398072272
0.5533563276363604
0.8032197087817252
0.40805518345117736
0.7162435250684734
0.6258355286225978
0.7207516095273903
0.6580846807262146
0.6985399947054625
0.7748608011176417
0.7415161482111267
0.5323445899281222
0.6294842771665827
0.8521836597380698
0.6246422388302402
0.5815818531706157
0.6643664488323234
0.5423957166143708
0.5519535314440103
0.5318407307443997
0.7378889786968165
0.5475497144699029
0.5459729941888709
0.6735574469667363
0.9456413737557161
0.8130058988896537
0.6556065974361369
0.8172706107351401
0.7715798850032621
0.7552638811263751
0.7622319396409479
0.6855670556214724
0.8386581672295841
0.8500290997362294
0.9620434242910461
0.6586721166726768
0.7310384385671485
0.7291706981531015
0.7344658396543985
0.7983098405854031
0.6816192704551116
0.7660665961159948
0.6973331550992188
0.6799955850837728
0.7316540785797019
0.7656866841489854
0.7753608597656407
0.7164623081239936
0.7880213970565453
0.7677500922296957
0.7597023475169005
0.7514345811825103
0.8109380544134797
0.809640651563547
0.7601244904500999
0.7632426178829367
0.7961010923191689
0.761759664172996
0.7414433678517571
0.7781080090485111
0.7946374974744678
0.7931774831755294
0.7253519744796708
0.7781258258888395
0.7869101081402424
0.6408363411493934
0.751388891583197
0.7751563247024503
0.7237858547368952
0.7682474437461738
0.7590511848882666
0.8721455894951442
0.7676569864761442
0.6370686670509526
0.6546686456615699
0.7607498044193541
0.7632170777873386
0.7534994944805511
0.8543618724196949
0.7774457464202909
0.8704212748820079
0.7541919637744225
0.8990431410201064
0.8993196065549603
0.8839887940062396
0.7954987842994263
0.6583283227155654
0.6580584788000685
0.8169137140866023
0.8499434484134067
0.8122648354367445
0.7689971497585959
0.7620346472732135
0.7650997639075914
0.7454481591662905
0.8785975397171029
0.7660843196005179
0.8682658006889785
0.7049853565620746
0.776490287545641
0.7316159283400919
0.7287313507499036
0.7507841772838224
0.7921828158976761
0.8167454480162257
0.8145009307262728
0.8199593531952918
0.7142651690710883
0.68209372293798
0.765429133383215
0.8133568933047719
0.9039699327374973
0.8112137248084423
0.8094091282208633
0.7285157648560663
0.8127128045452146
0.7775018531274056
0.6932094368349537
0.7582197346094233
0.8003510510943813
0.8415972054398106
0.6955084266058498
0.8530638865207303
0.8356510882942318
0.798493143733275
0.7839450059729529
0.8493977557528891
0.8224634220441738
0.9541360297224025
0.8615077896841207
0.8412834104157219
0.8230754016811885
0.8985876692129842
0.8178696972607611
0.9233529809034116
0.8669389718544651
0.8675022505252744
0.8525179863538367
0.8426042391580608
0.8059662502468576
0.8946116989270076
0.8008890941929719
0.8509857411275186
0.8394960819400399
0.790614871626216
0.8357144143073709
0.8444476366317497
0.8571178160575623
0.8273685216363864
0.7804164518991675
0.6759395349416277
0.8296861798058774
0.6473702567601192
0.6956225453586656
0.8473596795946832
0.8319673454197556
0.7299618446803355
0.8793672848090992
0.8169236139974181
0.797260853349287
0.9228231029027885
0.8653857320640216
0.6691755936081027
0.8688212281387206
0.9176255716620644
0.9279347170544543
0.7164644418762764
0.6931316806369565
0.6899076078622285
0.8577092392179007
0.7953827590525883
0.7858985802982837
0.8014005794288259
0.8788678084387089
0.7819280756207886
0.9180229567875023
0.6819695375174191
0.908880725537174
0.7027369047935512
0.9135019616340203
0.8563740572679286
0.8493553583905142
0.8497397912580239
0.835823662053051
0.7884505793882618
0.8108094044295958
0.8420056257283817
0.8468262320014102
0.7810744931464926
0.8011041380000861
0.8436995845129579
0.7870014601843753
0.7996670731153468
0.8418504778527607
0.7768184158681983
0.7363419549845962
0.7265400824175978
0.8513244445610562
0.7765032754142058
0.7221148222498591
0.7527692787374587
0.8554743315646715
0.8559357185344794
0.6631967366581283
0.6969623609218043
0.887435590862806
0.7510584786476238
0.8487818234356326
0.7862270585364547
0.7375353481417503
0.8845219268031733
0.709101266476161
0.8662895536937473
0.666084447530251
0.8113009576514953
0.8306416783704267
0.8767467189562719
0.8273021183720566
0.7878472926791729
0.8993218325280735
0.8374067914371389
0.7484920913175169
0.8864259811749442
0.8848148422091503
0.9153445376440864
0.9188155957154973
0.7896980902154231
0.8504450569114406
0.8762034955118359
0.8582274900361823
0.849866725711319
0.8748316552669395
0.7691196509105591
0.9087665455137718
0.8497337355501839
0.8692141373962602
0.8571176135587051
0.7870784939803637
0.7823443394689016
0.9310871908268459
0.8298843680233533
0.7948208053525043
0.9299625329110036
0.8926599916571465
0.8103314683784132
0.9723372476426346
0.8143272912229764
0.7867730667276345
0.8195003873945186
0.727246252443273
0.8690524135237879
0.7163749361698359
0.9263799290425765
0.8360616309463194
0.8636414807556523
0.864635574468832
0.9094478626565405
0.8566708185622052
0.8380282584616381
0.9038444739862717
0.915409944509882
0.8743928718376325
0.8970701727512574
0.9882568239349365
0.8052988230776645
0.8590786079408733
0.9193310990639297
0.8451058040452062
0.8589948187854197
0.808372104825517
0.8714285526687506
0.8504336597052295
0.9309646449660385
0.9149484869739297
0.8164131585707458
0.8635976439800193
0.9227857333637769
0.8953005104745777
0.8497084762853833
0.8946425307788428
0.8136237882947133
0.8630295328593311
0.926247084729978
0.884117455001655
0.7551868129852618
0.9126151886323361
0.8818496619813909
0.8776107975077011
0.879176081222256
0.8746718970334925
0.7601976156731814
0.8000693171939818
0.8681043050141772
0.9835223462474798
0.8321857554019811
0.7918432447944729
0.8193944630428462
0.7371996304151769
0.7623970487752147
0.8645682775588777
0.7838568063016014
0.860449926369375
0.7479982230111596
0.862248051789601
0.8655218783411911
0.79751495714275
0.8406325368208644
0.8369704340083868
0.897450069160527
0.9103779103105711
0.851234936883066
0.7655321248778173
0.8294844002786741
0.8066507688815906
0.8374005622611003
0.8316896222702972
0.8300679590849157
0.8421959013085056
0.8515233485655971
0.8558780521245553
0.84681811248036
0.817773143776207
0.8518894499568008
0.8446206596674362
0.8261933520876634
0.7395774174684655
0.7967315093403518
0.7269966036651843
0.7663243001873536
0.6887583504591737
0.7524327364786995
0.8345140200713075
0.7341084405249302
0.9004334683895454
0.7003293752553552
0.7429585043705704
0.7482572362274096
0.7201138426593621
0.7173591951508521
0.68388560000857
0.9153235783534256
0.7835122331300105
0.7500720857485261
0.8861427688540366
0.7450363368027613
0.862647767443729
0.7576322459138746
0.8614467832484274
0.7345801587466075
0.7970739089052947
0.7943228092065542
0.8346445104033298
0.8409378429667815
0.7996559440499007
0.766146283445729
0.7938750812582325
0.8127412979903323
0.8495753915861627
0.8512621313477613
0.8237976770936297
0.7831711869854769
0.7882083169729274
0.8622059654168608
0.8981711136674531
0.8233961201230168
0.8616641707123971
0.7433990710855327
0.7438843837271566
0.8017345104654373
0.7266382999046832
0.8564549784945739
0.8034361681374489
0.8374860324945277
0.776327486908918
0.981666946575335
0.8292456370825981
0.8059545003943092
0.8394892317494107
0.8330067434283989
0.7414668289922579
0.821666471355148
0.8107575271635425
0.7663600246608351
0.7195589140975627
0.8257568707747616
0.7437906252827164
0.73370732508931
0.7764349858971478
0.7734459834873764
0.741021627641316
0.8588596386186839
0.7763984792466002
0.9209732280882144
0.8631085635942037
0.8880005251789145
0.8230764198344209
0.85345562720037
0.8645351108087375
0.8720176912691092
0.8678668315881111
0.8541831323107962
0.8544756697724989
0.8436000451909057
0.8201827102597604
0.9350924652674468
0.8486834977323385
0.8272347991189182
0.8568896496682241
0.8851027858057421
0.8056425515706733
0.811099104908119
0.8738951325160791
0.8517667127271775
0.6854400632530941
0.6859791704680085
0.762058401246626
0.6839076691190928
0.641398528176838
0.808711152602541
0.7318962709339525
0.7064689791266225
0.7044626955480568
0.73869656443101
0.7421801550802059
0.9555701080742709
0.9180501723008518
0.9053228691396682
0.734666045080085
0.9838513545598827
0.795665470337275
0.8485217284182223
0.8743521066477602
0.9664172759145913
0.7612428176680441
0.9607719695307718
0.7621318067757494
0.8622308550861553
0.903641034018055
0.9471328318028891
0.8112564266939108
0.8314121860920076
0.6334392438174149
0.8530281549174916
0.9477911337950856
0.8619268402323106
0.8899186280117258
0.7982550590343482
0.6615641209407015
0.6094316916010718
0.7555114971445388
0.6572805019937482
0.6491115690085849
0.7173141056879724
0.7946860576149425
0.61128779735186
0.6296948470865635
0.8951520876793537
0.9303293539710369
0.8669533630202502
0.9518319484591298
0.8684457621981114
0.7207757547489371
0.8233353096377605
0.7863545099238887
0.7765710469774609
0.8694142301295529
0.9503295132898667
0.8083141512027507
0.844505806268137
0.761522167505128
0.8072664294602659
0.8707354108879748
0.811067031082748
0.8806607023834518
0.8938158407754105
0.8215860862851508
0.8933765971658371
0.7594510032462856
0.9431261338909187
0.6418875476884414
0.6732678541064582
0.750172621626352
0.7478410343415093
0.7844469109914607
0.5923965751287131
0.5669056583413051
0.6789097820383203
0.6708322866708597
0.5790252186337007
0.8565771020483589
0.9085726333359747
0.9167922923071389
0.8036594121457736
0.8988179566867298
0.7409535940566707
0.9189692169657063
0.6769415278476378
0.8019077892312809
0.8120290903402663
0.8233796829881244
0.8092193665570879
0.7646019639436099
0.7572528703899533
0.7472037293831654
0.7311652489756666
0.7842369847834423
0.9278958661335048
0.9010539652863154
