0.9797774595200346
0.9947406725945129
0.9874182882520732
0.9817149070324654
0.9710936110548847
0.9724936788208967
0.994929115363637
0.9726349705603197
0.9896878949823855
0.9900680388879883
0.9853210481817637
0.9968824610518492
0.9799729192158741
0.9934641629089063
0.9640525239898274
0.9997059750843702
0.9776955075162483
0.9998140139017213
0.9709003663746885
0.9788288949815879
0.9763898165284423
0.990892053913579
0.995793535248704
0.982865819502472
0.9895488255472583
0.9813292320250186
0.9839459065418801
0.9611500484255129
0.9588692892960682
0.9766104668368449
0.998632501023518
0.9573828615871705
0.9954617494817012
0.9999055811477318
0.97232137653153
0.9990901709802559
0.999040771185391
0.9695995374112221
0.9708682338728765
0.9632167550031807
0.9560948844849948
0.9579612494043949
0.9776923340720907
0.9637817146147514
0.9868063355023421
0.9940651029874168
0.9930875226017614
0.9747546172141476
0.9765499760359554
0.9893190236240597
0.9627747649796347
0.9998636603994714
0.995300984279869
0.9895308587063807
0.9651535029861088
0.9642362732556453
0.9968457023015205
0.9889114488497355
0.9996195569649143
0.9972630167161769
0.9925515069122056
0.987665398434431
0.9998870833821174
0.9790433898696569
0.9869205929804601
0.9954890402742878
0.9999673116457914
0.9978220053186968
0.9940931202744042
0.9998539254312258
0.997861513163993
0.9821307790764529
0.9999177569535089
0.9999403138109562
0.9819681795554838
0.9995417072280792
0.9893933523355499
0.999940530169434
0.9992910000264561
0.989210991888776
0.9998648822533436
0.9980849452726896
0.9959092102571078
0.9981775427133559
0.9976591010223657
0.9995922234188809
0.9973186504247211
0.9959198058374815
0.9975453482875236
0.994903106994984
0.9993494919809115
0.9978133489225601
0.9976450024956027
0.9987449298710888
0.9986941576977244
0.9987330515959485
0.9999527708739602
0.9997732850777878
0.9999609284126908
0.9975509188517777
0.9974426563654331
0.9951090112240263
0.9979971880592351
0.9996626629452937
0.9990774740800503
0.9995980886434097
0.9949977203124196
0.9976549079799524
0.9974747063173444
0.9947343184465703
0.9991347429198603
0.9975672342198318
0.9942542503434166
0.9923617702891953
0.9826636113836958
0.9973343310018574
0.9998800243418113
0.9990984937061478
0.9985214505791598
0.985364609190934
0.9891405239324952
0.9827382663795775
0.9842481326830078
0.9758089278117614
0.9998046186898762
0.9869322423119686
0.9723590824332322
0.9867570035178805
0.9932863794768335
0.9890972404999969
0.9838027129931957
0.9901049470567509
0.9862359613985523
0.9608469336910164
0.9990255054062283
0.987858694509959
0.9967611898354947
0.9854747589661765
0.9934496955463861
0.9950299759940309
0.9909719301168474
0.969223813706338
0.9492250344302574
0.9689548661658981
0.9851889907545825
0.986564711426632
0.9843923790412893
0.9948582787103557
0.9731327969296099
0.974900829354761
0.9894921735509399
0.9761364305481284
0.9634778096392844
0.9995766806865456
0.9903922543625567
0.9962130555489772
0.9698254700148505
0.9997759507197695
0.993331286268901
0.9641317584493343
0.9712143648016692
0.9956070261493983
0.9996865530853132
0.9901595222845765
0.9849551913496386
0.9870579580316994
0.9827138798182942
0.9971041930739862
0.9932178750705795
0.9984605049184124
0.9615833342790012
0.9799131030955377
0.974768566646734
0.9906083135655529
0.9734486070052255
0.9966541643077944
0.9794374596203546
0.9855192061892482
0.9981121469838279
0.9955237344387042
0.9933532985016054
0.9901362190809837
0.9765691027894451
0.9754925902130422
0.9888919328850264
0.9983418642487545
0.9973788688635681
0.9963852548857778
0.9734184828101075
0.9714675773605249
0.9968895679115632
0.9987619429193701
0.9996569003528679
0.9847151867332078
0.9994764099404895
0.9714346434443051
0.990400284109199
0.9989907164266777
0.9999164839710991
0.9988032101861203
0.9773600039759761
0.9838139733450435
0.9991095302987095
0.9734097930031265
0.9752292718998632
0.9775751917449358
0.9978917457247173
0.9937615920129731
0.9804011149441662
0.9869654913060929
0.9754214244922352
0.978820008570221
0.9985957726607476
0.9835320225102979
0.9991544221760801
0.989413210163862
0.9855698028442632
0.9825273144599693
0.9956266958037795
0.9950952157287924
0.9763836357093338
0.9841243445128676
0.9994757727956
0.9995719937897893
0.9924417057297459
0.9827440387978699
0.9708237820237009
0.9741623151053402
0.9858904370791497
0.9725668429707708
0.9947072526126872
0.9893595581294157
0.9987044543269281
0.9772504424487747
0.9996838629390341
0.937378101884468
0.9593432791288548
0.9744943105217045
0.9976865292795228
0.9828739517909786
0.9923319955519607
0.9932869318289503
0.9900919884779091
0.9872169701659756
0.9424195793620556
0.9888236645452966
0.9930404018914584
0.9616181880991546
0.9961386970809776
0.949870223965051
0.9609080512693438
0.9986994662133993
0.9508757853444985
0.9975644557143764
0.9810452122837057
0.9935140559925897
0.9949309512461783
0.9827942316207471
0.9993781033248756
0.9951606483160202
0.9972794280861049
0.999045644970295
0.9848066877854412
0.966846008737212
0.9692646063362025
0.9988779706288501
0.9987212140870901
0.9885951610052399
0.996380521294596
0.9984027571264285
0.9987747072069459
0.9973089484002529
0.984031429248627
0.9998914037336865
0.9967793428438231
0.982744899465032
0.9897356563903911
0.992930446083178
0.9794668079251396
0.996933831641083
0.9945388860244566
0.990161451444107
0.9996266824596847
0.9911191503705075
0.9836000095797321
0.9949790816534889
0.997071770504089
0.9766891363581369
0.998864880212635
0.9808218971960785
0.9998579207865108
0.9963711097939452
0.9887622671354249
0.9953232262015917
0.9779168202258117
0.9985971305596196
0.9825256583825597
0.9521720332598733
0.9622718944510615
0.9661859663886608
0.9833257129223152
0.9723582167327975
0.9838439413101727
0.9980897451128936
0.9607413973516683
0.9873551963735631
0.9830202419197901
0.9674806523871675
0.9558669320015281
0.9685020763773544
0.99892571480401
0.9515164278022459
0.9682088790890454
0.9738339833034098
0.9878003381303624
0.9915904564924891
0.9920783212652342
0.9996713153597512
0.9422880851239288
0.9924928947641176
0.9952194811388089
0.9780794438437792
0.9307200184624778
0.9600681821308055
0.9894632137916799
0.9717349250575775
0.9989718713353646
0.9761716448425546
0.9315857699071649
0.8696312771968706
0.9341396094881262
0.9402314057864143
0.9343148062075963
0.9965788485101309
0.9249030734052651
0.984668369084591
0.9923377656793313
0.9983013769863383
0.9573405053025668
0.9464744879052284
0.9458539070126202
0.9336480388460993
0.9196979731049858
0.9488951483263559
0.9840293559578428
0.9445622727874532
0.8879159441265023
0.9679776607695854
0.9229857186726322
0.9514076552089408
0.987668852892791
0.9864744979139964
0.9679921183158753
0.9622558724103321
0.9768740010923714
0.9389705078329994
0.9985997154787062
0.9611732116738465
0.8592932201513941
0.6578229305281074
0.923779198884882
0.9634185563287365
0.9629560891569281
0.9928622069816533
0.9838159578149469
0.9959748816643678
0.8411386401172375
0.8983013474785537
0.9201181028039477
0.9966391421689028
0.8841751040422379
0.9769199781150844
0.9736146522990646
0.9345181825978676
0.9951882318033377
0.8742009119188585
0.980597948473855
0.9296416437026169
0.7701895775003532
0.9557775540281985
0.9618072157117744
0.9780022882334047
0.9300992471517696
0.9872467804130087
0.8141588902459249
0.7381344497016412
0.9744598817946977
0.9842659344086124
0.9994565313134494
0.8407206481673657
0.749769275444722
0.7248945179347721
0.9912456662163072
0.9976003534243321
0.843209707901762
0.9894664509773192
0.9867102680816671
0.9877586117615631
0.9815755727525464
0.953610583267825
0.9958843811548987
0.9631163381631129
0.9941024111778999
0.9937561457153652
0.9530850212608294
0.9908648685194359
0.9861996357952277
0.9356757811769449
0.8619489199308912
0.9113337984271894
0.9517500370158862
0.9989827861749216
0.9761812688145755
0.9754110026139531
0.8822183984095523
0.9529806945509219
0.9449616141039242
0.8969625954055741
0.839708989224809
0.9963948055144435
0.8724327241029102
0.8484291446525746
0.9588623525664368
0.9586957211767608
0.99986162576127
0.98341259543209
0.9840473050792388
0.9852716781480964
0.994842601751786
0.9994649617711286
0.9824767231598187
0.9996942980152381
0.9953253658166843
0.9980384839220717
0.9780207435429532
0.99971312920944
0.9873329413872838
0.9985774177643009
0.9778313478546281
0.9789193312890954
0.9864356073359186
0.9893441756589416
0.9842635024297153
0.991303672837299
0.9884413497397384
0.9914597966116899
0.999642986781198
0.9785799997090077
0.993845879605185
0.9802092970862444
0.9990388550661661
0.9784472969630542
0.9984720449976277
0.849770569722545
0.9293250416221539
0.9457654141572607
0.9255430131512793
0.9339460860930355
0.9805058127995843
0.9669322978565539
0.9754779581441285
0.9525286458182216
0.9574719613721401
0.9839709921666984
0.9512963255431166
0.9779755633743168
0.9626390880858031
0.9458953551425728
0.9599827033017321
0.9993979097796166
0.9976285219471439
0.9812456530693396
0.9837009272189221
0.9599807136520354
0.9599720591719296
0.9410591710148288
0.9424196652225219
0.9583658220664142
0.9377664868394411
0.9739226925193758
0.9855053068492625
0.9823961108821664
0.8934049379971974
0.9679055953096052
0.9035651858649443
0.8054648744805186
0.9325162159239768
0.9315473315410028
0.88039283776295
0.9032946673962963
0.9435533006660032
0.9588505746954958
0.8957731761949281
0.9140330040000397
0.9021262155963305
0.9050275181108354
0.9073864733835226
0.9061454067328665
0.9286438617893511
0.8949382229843295
0.9124700189981576
0.9107111346579634
0.9341907452853018
0.9983555601834406
0.8999785147522787
0.9860359538469123
0.9384957832207526
0.9198319911837354
0.9369482576463576
0.9332635323200926
0.9447290780072839
0.8969802195922755
0.8744683413295915
0.9967516424936309
0.9536708492583125
0.913793116190417
0.6677363364520554
0.8812230242934855
0.7128409213871112
0.8517204555979447
0.8349101006682913
0.8649002657451957
0.8557103984118619
0.9769343000719255
0.8978153806574414
0.847769159057113
0.9887970193393929
0.9919692777425063
0.908037027135307
0.9885803041345829
0.8873909657369516
0.9274321905134153
0.9954081501988219
0.859914870568174
0.9990408071157793
0.9982775305193726
0.8528125605303893
0.9996405876648764
0.9970161782355118
0.8476508714063142
0.8424168727170684
0.9997105352757236
0.9955460721775157
0.8423801855099703
0.9876290427199558
0.8552838302607706
0.960550389434324
0.99146596338852
0.9033062664964422
0.5208493186757653
0.9098419068279429
0.602365203630274
0.9147562954967139
0.8404898080670556
0.8931744489281989
0.9961715599360291
0.8391553601566363
0.99470063445069
0.8664365285784528
0.9884059367293887
0.9654941777419374
0.7557512640409902
0.9651239591049301
0.980549766902492
0.814429374268022
0.6938067582423433
0.9974882521005028
0.8170273496958593
0.9639950538153543
0.9589556818290005
0.9769415016570575
0.863639628148309
0.9870628718549399
0.9909746620283633
0.9740876724097534
0.9787330545553813
0.9943492913367802
0.8255269928484018
0.9722485629541373
0.857164810133365
0.9919062042482875
0.469248200645582
0.4428233928042875
0.62326314787188
0.9624468034884108
0.9969772056210127
0.9777842734575415
0.9000821741683394
0.9538259315859441
0.8386917253476545
0.8462735558259432
0.9033045143821605
0.9475632098227511
0.8418563974645696
0.9967407657664382
0.9973093551991323
0.9653656410995293
0.9082869873788721
0.9901779599594551
0.9310222146865124
0.931558115453627
0.9824765194518746
0.9700497212965062
0.9874622879787286
0.9588828001210609
0.9604474848286706
0.7658261641754645
0.9305602062557683
0.9252501632972645
0.7381156515715577
0.9837250200297363
0.9448388542282369
0.8075741186522363
0.9853175893356533
0.902641563001918
0.8913734698666931
0.8288852701216105
0.9674453793888549
0.9972411259167404
0.9987502258975467
0.9214897734608505
0.9178800849104096
0.9322188318830957
0.9393584637835071
0.9833878364242734
0.953703980017375
0.9408799585978471
0.9484527826068004
0.9768715807615542
0.9918417515613773
0.9964505337704164
0.9778280564189841
0.9739299097477208
0.9969154328879579
0.9277418544461844
0.9156559976474208
0.9260144705815438
0.9934502660132853
0.9603061698211921
0.9448100733456978
0.9317188240453498
0.9398602334586232
0.9264798532347551
0.9355584547191492
0.9776348973682937
0.9412746385922762
0.9740893462806335
0.8953744361874474
0.876887973871992
0.8561973912411946
0.8381031777837051
0.9872235717548847
0.8980373725163526
0.9781658457034106
0.9991343673869018
0.8430907923928992
0.754194385062758
0.7821302437284301
0.8636882820227183
0.7374986603736151
0.7365943786509495
0.99498197384725
0.7785203504556446
0.9066435832584034
0.9947508192076636
0.9631327828757099
0.8390309814190333
0.9185160352483246
0.925060211598998
0.822899385499064
0.9982024084408667
0.6795448075836987
0.9575993060516835
0.8503569448309687
0.7784247827996984
0.8696986824364799
0.9470522385745733
0.7966082603132842
0.9637656475769993
0.9547065833821379
0.9911147328807159
0.4998579712438618
0.49597253757544035
0.7500123282345128
0.9469480191520601
0.9573202137900121
0.9922755695380346
0.9566853982426498
0.9991399955549461
0.9783432652834374
0.9488882391500152
0.9912800177493081
0.9713919273149899
0.8211658900767564
0.8225908683987427
0.9808762895135623
0.7584933384446748
0.8512822981111425
0.810633689792662
0.9537334190576212
0.9983702768191027
0.7336428007485561
0.8862372663963114
0.9043496245590293
0.8031445968091686
0.9913348482021096
0.7135362428516461
0.9587381760302544
0.9940359368529577
0.8669619679639026
0.8706768321121552
0.9193888609663374
0.9553047860133326
0.9020417686213089
0.7356788919074306
0.7072731327349189
0.643038245314095
0.7733089307037535
0.9484571472522974
0.8283011859622398
0.9647006303665306
0.9866693139738558
0.8504271805114861
0.8819619113798611
0.9949219658820568
0.8100842703061
0.8907671497261826
0.9799758965420533
0.8802677098747416
0.8506430660740509
0.935772277941282
0.9123917624437288
0.9978328736994071
0.8297920753536082
0.7731936478626312
0.8655271250929585
0.9949615007366335
0.8552879091581091
0.9461503178777005
0.835269448971768
0.9328996529444655
0.8855316324595683
0.9950669537453767
0.9946414144791446
0.9901691758992666
0.8234527847050764
0.9318733694372205
0.7881988777447915
0.7746250353816542
0.7565014943805037
0.7757372952449266
0.9397390780919443
0.82090144422389
0.9030921042308437
0.8299061518728696
0.9941512446950851
0.9346564727646027
0.9956755932003557
0.9815192058675226
0.9784730139604985
0.9243509389316786
0.7527395267144181
0.9048659925487126
0.9702808313370679
0.9848541211110102
0.9796422984877684
0.9890760983981257
0.8768365835868165
0.9931364767893756
0.9578811076518244
0.9990195404725064
0.6848413703511449
0.8863606888885219
0.9073378266580735
0.6731304283554265
0.8347149522686721
0.6817015402986222
0.6936005966822385
0.9134185265106584
0.8343089159997945
0.998372971780676
0.8701294417195249
0.7903402763316862
0.8939271075636149
0.8049922947846745
0.8708353877189869
0.7321946739970424
0.8019494375558072
0.810671642973632
0.7397906160184395
0.7456763105424261
0.893117085296277
0.7438513720441052
0.9487598448218861
0.9796404464291062
0.9815025465975311
0.9732543129648714
0.907652416844523
0.8803338943963736
0.9066126205133218
0.7918079522657683
0.9473452905482299
0.9859035844688513
0.8342265487412039
0.9743744359475115
0.7961599955668982
0.8737147160166667
0.9041379605694246
0.8921635183122217
0.7534517887364132
0.8969431168526264
0.7604219755807969
0.7542674800638898
0.8660392788496487
0.8698402493182678
0.7696138161027606
0.8147913871492881
0.8673565353032086
0.9584126610006137
0.8692362288280875
0.9485103667324883
0.854395370902351
0.8425664707030145
0.9761007615309096
0.8404763431977751
0.8787490532328142
0.8449727765874455
0.8368145416494481
0.8425995747478158
0.8788058126568412
0.9826625401595788
0.9905699432181203
0.7712676011251725
0.8183962569888608
0.8398823623538927
0.7927322198966466
0.8412650066470722
0.8451612946508855
0.8893137247647243
0.890411468143266
0.8949719323665299
0.9636696907898401
0.9232945146192082
0.8710924779404651
0.9850983305137927
0.8860841313700147
0.9036890335538316
0.856705160285818
0.9214689962867596
0.8289475022612225
0.8266612413354587
0.8722764766967397
0.8241987352744492
0.8815854655855444
0.9915677372162448
0.8727582502887767
0.9951403517758384
0.92599745121052
0.866865013500239
0.7759324675812931
0.9766403696061626
0.9454851615808655
0.7895523684339667
0.9083806363926189
0.8060406302533834
0.8377603946703298
0.825405541087937
0.8436337168602137
0.8332694521783737
0.8099317300663935
0.7771911188473345
0.9259869086717659
0.8125475702064606
0.8548264983566398
0.9896802959637419
0.7632856795428558
0.8307744488722433
0.8446086078676687
0.9009860673253268
0.8053786006452146
0.9358346219626333
0.7773264803055077
0.7764049338307394
0.8543007814643783
0.9014126293617399
0.8747246807883855
0.8090674219290207
0.8784072833491291
0.8954936341659072
0.892886939524049
0.8232653937125742
0.9194749188987712
0.8586843841587772
0.7805017260676165
0.806685972209916
0.7811595151413325
0.7916629101121415
0.78875101939777
0.8505277422272797
0.9726508288225452
0.8702858397632813
0.8359878329566985
0.9950383578960836
0.9676965006076232
0.8129882427984474
0.8033399244537579
0.9980158760462907
0.8390262820299262
0.869596011109317
0.7182238128555332
0.8214132551342976
0.7824788938033689
0.9565281008547757
0.8846364094197522
0.783169133423377
0.8798437226583793
0.7610045869907542
0.8247619834295407
0.9150949963263323
0.8891037493475134
0.8244702319695846
0.9520095664462767
0.9460665958102373
0.835953294116442
0.8529510378907144
0.8562104420946675
0.9282302442337054
0.9950751469770345
0.9756468238116456
0.9387990718248558
0.9924197919863164
0.9140483813052865
0.983319071027092
0.9795759643155315
0.9949547335259936
0.8609159206515264
0.9025251008185343
0.9987837960807908
0.998905137160615
0.9667634490503186
0.9766845796926411
0.8412374986924414
0.9625381681876566
0.929436492732424
0.8509846913497242
0.9928608149992733
0.9811730649441472
0.8710791198183365
0.8656152472354692
0.88774603943328
0.9323001468707348
0.8817755736875935
0.9530800044365202
0.9989529470034824
0.9529572389388418
0.940582110435516
0.839937570650977
0.915776936765288
0.8392132723544109
0.832030950396362
0.9343883909241688
0.986154205626969
0.9208208324642739
0.8360529784570565
0.8652591940610508
0.9256791166955641
0.8403669047591996
0.8509909651677693
0.9337177222196453
0.9325665241835353
0.9374560201998825
0.8985327098284064
0.9258178351275881
0.9243436319582781
0.8559481218868109
0.8966774289739483
0.9990195225539257
0.8588888060708292
0.8870436581071515
0.9983517078890134
0.8689881552150804
0.8975992751141583
0.9229032919432782
0.7744541655260703
0.896434752134074
0.9741504167888486
0.9904294468520317
0.8800092565540765
0.9955653990286605
0.9971852750467445
0.8549637574058611
0.8040458766186835
0.9448357928720729
0.8082348807624462
0.8838054093500849
0.9737532117262291
0.8711760009702006
0.9497430543555812
0.8879218921490036
0.9312673870595761
0.9718837687681302
0.8225224698116549
0.7995276015012491
0.8564770451499726
0.9691247013309316
0.97188901587635
0.9857990127681613
0.9408724204256127
0.8433893054209798
0.9676532346710578
0.992425063176762
0.8078222167912182
0.9566076007294784
0.9749494501702201
0.7441519912883727
0.7576864436342715
0.7557551273160676
0.80000911674932
0.9118601928289938
0.9321877848438058
0.8101680475289468
0.8214986611382515
0.975859711133439
0.8278279952281592
0.7279331738837753
0.9385712637356742
0.9990306451290324
0.804538671608501
0.9964068217222515
0.7700591681465139
0.942180061406636
0.8548911621424514
0.9305490327411954
0.9710595641537492
0.9573745722813595
0.8990844990049365
0.9984189849698641
0.991307624492977
0.9960132302067973
0.9752948352170155
0.7199862883709904
0.9305550648169694
0.8100136596821089
0.9519835043341102
0.9976718826801669
0.847741963895492
0.9230660496205777
0.8524278934493157
0.7877476102290331
0.8290680154634584
0.8700769503213468
0.9158189414957321
0.9377324788740051
0.9595932230112694
0.9745305693176365
0.9075161029915715
0.9920217556379608
0.8755708046124819
0.857401490404877
0.9923116682005821
0.8885612808558474
0.8420933907790671
0.9990901989973058
0.9053800234700743
0.9743946535979888
0.989972068618469
0.970324053422661
0.900706325960292
0.9408521647084825
0.966013166406238
0.997242537301701
0.8672163037444132
0.8828908772086712
0.8320725535721349
0.8473468760222918
0.8855662609355646
0.89363951395978
0.8379559173872217
0.928126791123603
0.8761517732216223
0.9379408673672975
0.8692163167716307
0.8582819178517568
0.9955830103780474
0.9754356524546519
0.9228341178062767
0.9419134702297568
0.9579252694577135
0.9696532580133215
0.8470106922676273
0.9714430287710516
0.9733552307205577
0.9089506673596628
0.9740867255197092
0.957141836691372
0.9297507958269785
0.995291556770213
0.996594391025925
0.8452571404177787
0.9278765618538398
0.9792686810864093
0.9379159297613747
0.9194898436494594
0.9962479441587831
0.9968141730128393
0.8998427992514251
0.9668259783362971
0.9779977823981556
0.9722668561115848
0.9781300684245376
0.987550125689826
0.9982580707516664
0.927434546666598
0.9100311246489894
0.6847911015699812
0.8148675164951905
0.9197969312283705
0.993471304062299
0.9810916501167182
0.8903576765824619
0.979928233379977
0.9489081147090986
0.973242919792882
0.9043791981246404
0.9531869995450851
0.994028610154019
0.8395231906046451
0.8371349075621071
0.9869074459640217
0.996668185758509
0.905152300016048
0.9740813371957172
0.9843016271589207
0.9204479615440166
0.9939018806454061
0.9815457135157348
0.9127287352896856
0.989757160421221
0.9692888197838314
0.9270907606679308
0.9464609274201556
0.9512899906105592
0.8483272768526303
0.9537695251728173
0.9485748713523552
0.9468768907485872
0.8510215042393581
0.7870257386215274
0.8381318892231925
0.9922784657982229
0.9822292610026634
0.9914300413389372
0.9521580382747336
0.9166762010953158
0.9605280643828136
0.9511414882348657
0.9928979939975544
0.9267579903653003
0.841655818194724
0.9863990277942866
0.9716724762828057
0.8486069391515334
0.9467061051487184
0.9338181185070588
0.9801990436511155
0.9223734365422314
0.8857290272002256
0.9076668557506566
0.9987159161029249
0.9184430778133212
0.9111977180964778
0.9859856578785348
0.9572111997742054
0.9344160556484262
0.9712126704010043
0.977567192257364
0.9971971499110581
0.902011716900653
0.9455916389411413
0.7749418779601396
0.865506179854613
0.8860358741976375
0.9197630201302226
0.9172639545595171
0.770773821913014
0.759432236085305
0.9090335190619456
0.908761869510095
0.9937732406497364
0.9724944788151091
0.9292010107651996
0.765472918714315
0.9939843742767728
0.9433668327922177
0.8254334257434626
0.9275068536284697
0.7654481538304603
0.9918276610892957
0.8639795803644483
0.8517071446108138
0.9448452567140861
0.9565568777931317
0.9873604746616723
0.8833631568582999
0.7895491621322245
0.975497414111143
0.82876266598935
0.7815171490955458
