0.9915295304802917
0.9514777876694726
0.9737310930255654
0.9763470131482723
0.9660105078563511
0.9918613443781952
0.9553466865086641
0.9807112422870954
0.9697779902133314
0.9523743239999076
0.9647192226233201
0.9525609072626577
0.9725565198471903
0.9622848398083239
0.957300418829988
0.9772721479588468
0.9555732986381326
0.9906474712131801
0.9798378259133076
0.9761045807151685
0.9904852479380423
0.952605397103506
0.9725122304509068
0.9666708201042692
0.9598814460261464
0.9626652544602881
0.9654961934386852
0.9554503567194532
0.9649499661712639
0.971221685958816
0.9901275983297846
0.9870932179296368
0.9865308391487162
0.9859186191550477
0.9570755252940432
0.9808530967039929
0.9834567158638272
0.97996631186766
0.9787392670210511
0.9823026202146566
0.9568057305685371
0.9597612168555096
0.9633757727859362
0.9781381484002498
0.9821286084371299
0.978016731956822
0.9622644007215011
0.9534545845931536
0.9581705893259289
0.9599126340448413
0.9631770364993848
0.9369320651961364
0.9647442795607766
0.9548584348425105
0.9528405651372743
0.9388189772188578
0.9610425540345553
0.9507914417183326
0.9445457971842198
0.9479562959161747
0.9661925334555879
0.9623625123829542
0.9450024754752439
0.958490351249988
0.9674314465384017
0.9600461052644647
0.964920013226936
0.9873324912774543
0.9640879688218422
0.9489925125908878
0.9222827261914057
0.9280120087450894
0.9435771717001009
0.9529109183702308
0.9441866004972563
0.944049857226187
0.9425370952695251
0.9456024990048343
0.9425324650079377
0.9436126829065217
0.9346045108413026
0.9435153863852369
0.940091049307167
0.9458226815204275
0.9291980586081339
0.9514943160393599
0.9557223159415208
0.9459246324128417
0.9478392277466019
0.9618123264675804
0.9515165041655886
0.9617324617670553
0.946014230134484
0.9528309793362415
0.9487893379268936
0.9487657287888062
0.9562045194771209
0.9548027662722058
0.9320618543490999
0.946085190763222
0.9443676357950184
0.9322532840509152
0.9320982461152871
0.9356953693590803
0.9401940591508303
0.938769281792953
0.9299912974395577
0.946554344682709
0.9329058811313238
0.9455371824763101
0.9281558218604299
0.934954355806842
0.9276538644474439
0.9325427853504673
0.9374921888380141
0.9459575635781703
0.9442164137274813
0.9581124049781717
0.9449047339636998
0.9486260939867237
0.9504858161445235
0.9452922096813624
0.9538705740867737
0.9453575508771506
0.9501032800227351
0.9460850394274534
0.9655828290291916
0.946108977912468
0.9657945905496392
0.9639720296921102
0.9617603186005502
0.9283839599991561
0.923717562906696
0.9448157688356384
0.9356251072546848
0.9157069704288837
0.9189789920882331
0.9261417039457428
0.9454882754024345
0.9318497560522606
0.9214813588400159
0.9231969456944696
0.9163863807830197
0.9153519739430547
0.9346670214349572
0.9587193821189874
0.9668428974458745
0.9407153753692297
0.9711475316510396
0.9658688173529575
0.9411447111813429
0.9662172396675578
0.9728870118545656
0.9411261608067398
0.9356689580370974
0.9570588988138812
0.9669856294738387
0.9738526460819291
0.9459473933948728
0.9644466753417846
0.9763740180196925
0.9625324033732792
0.9464301378972091
0.879629208424306
0.9096125489403256
0.9312269631150428
0.8885511778399451
0.9375052600753417
0.9095249801929244
0.8754345672382706
0.9191254947260844
0.9405724250667864
0.9321861343465557
0.9515202201736277
0.9325373234341181
0.9363993164255884
0.9554892378538261
0.935061980946337
0.9733918951988163
0.9779483424673535
0.9751447175543725
0.976695145880772
0.9473687246605267
0.9582204588531611
0.9677332397843128
0.9465752202182434
0.9773587229851557
0.9710021737812418
0.9441100197964043
0.9725022298105902
0.9373629694072282
0.9246815987819266
0.8942451952030124
0.9332011314610043
0.9166751442415788
0.878507989512711
0.9045201815615129
0.9140716801027526
0.8956942970486002
0.9133841585853129
0.8782041722862047
0.8928078216902468
0.919772681311268
0.8937053073365034
0.9023340451568992
0.9022297148004946
0.9041923013582972
0.9071120200104392
0.8894866323167123
0.9142972544838157
0.9030984135772576
0.9265728157300127
0.8825799336114137
0.8967446352581658
0.9157355559369335
0.90612504396903
0.8890952826049998
0.8817504695149748
0.9150945227877346
0.8973926709609403
0.9125389921032804
0.9100938021828806
0.9294010260036587
0.9056174887378519
0.89344393311548
0.8418316757768397
0.8616979908739366
0.8588369063816308
0.8451752418639373
0.8800781921228034
0.8199796791389788
0.8607245368241276
0.8575432495442297
0.8290268121804871
0.817144311603263
0.8644034225911438
0.844913082781822
0.8506133030273566
0.9398749043751774
0.9035295139510531
0.8985735972101234
0.9446295481450713
0.8383292647539826
0.918011559635078
0.9503796436063214
0.8711809204577895
0.8498817598866879
0.8769676457234034
0.8441858508731348
0.8825300275164676
0.9011555733899608
0.9037509008138227
0.9485592584281524
0.8694514956544559
0.893474578435262
0.8676549421924844
0.8137898931279139
0.7880286890353014
0.7980845243920729
0.7697372754627986
0.8094874464185295
0.8216779195338455
0.8589162214488681
0.7993160592236221
0.8112487807528994
0.8949932490292892
0.9079422001311158
0.809682395735369
0.8304043195201516
0.844790798752533
0.9037083605843683
0.9210432779492952
0.8775039871283872
0.8645821917203407
0.8344683048504702
0.8596516951643396
0.9181075478032213
0.8584508610598536
0.860727395366037
0.8763783513695157
0.9230261259761311
0.9103087735024527
0.9282065827499764
0.873384570539992
0.9235070952639333
0.8781025609050815
0.7927784454541108
0.722083774422498
0.8346512878722105
0.7445116740497603
0.7243266444611778
0.8260777259028478
0.7855845544626996
0.7417717181238528
0.7124737005329662
0.7147284891395154
0.7847947975645618
0.7132106511304221
0.7904907722088285
0.77867315991139
0.7210621426652442
0.8446613584631093
0.7528607693160219
0.8529185293561401
0.8203565740913956
0.6596616917179216
0.7040723243334629
0.7658584239132127
0.7063857428041097
0.6612469141486111
0.6726283561903298
0.7480229819063342
0.8391174957857155
0.8442177474840447
0.6813262087720809
0.8068849410913762
0.8459096894808906
0.5739816677445051
0.6900073363237611
0.7143960315631912
0.5863211768324612
0.6219458300638457
0.68515961671867
0.6200236555108862
0.6878137027639205
0.6074453857540848
0.6524923310357933
0.6503104553093644
0.683993468231404
0.679768458684815
0.6576215302658663
0.6005617342356606
0.6345688759732853
0.6053420885471854
0.6283838578138798
0.6010230973037829
0.6712889151560818
0.5669790957614199
0.6018188903998998
0.6769218307155479
0.5915159050843914
0.5670007145088058
0.655120158704138
0.6159895603173824
0.6310076214059657
0.6066781825813023
0.6602436167194949
0.6107619174449144
0.6409537401813592
0.671016747013311
0.6379319051419683
0.5920838804122878
0.6089257482466739
0.6303084806593857
0.6114702862420237
0.6027196749749394
0.6114080425066358
0.6023073296690298
0.623711000503873
0.6103724774390269
0.6248461754304967
0.7790030370729703
0.8330328505747829
0.712816746795437
0.7855078372560166
0.809087006129663
0.7214134447274503
0.7708365711995673
0.8014863673812131
0.8147141138436955
0.8320938419012011
0.7378767539504086
0.817991254248299
0.7701752528042136
0.7591232952584313
0.797176748540198
0.6886122785527544
0.7826361492914768
0.7057382129021051
0.7307251987707406
0.8361008419007332
0.6963417443674675
0.6752039465246132
0.7253239304315766
0.7418091576314365
0.8045097218077178
0.7269703047246043
0.6644617633357863
0.6746484138052055
0.7029153920096286
0.7164698303865462
0.6615507164638119
0.8740781910822044
0.8903893255433162
0.7927557825475211
0.8333521142380875
0.9383984065054145
0.9274088842689501
0.8424186439880493
0.920827469712648
0.9435693637737463
0.871350988890377
0.8330437889207253
0.8691312567022986
0.8277315417671596
0.8927074947536993
0.9192669775954014
0.7387977741342595
0.8987030519734756
0.9537834104447047
0.92401821124208
0.7726760607398941
0.7564399694606422
0.6593159966648043
0.715963142528837
0.7448861707008776
0.7534641215935258
0.6788220664858375
0.762139952057988
0.785272778499063
0.7318397602879236
0.6780389099569641
0.7006572664342012
0.6966266841119974
0.8015918990411584
0.8578793826289525
0.8202743783792534
0.8654560982120572
0.8258942017595081
0.8003088705992001
0.8590391309135744
0.8447739031845676
0.8938064585611241
0.8133217258202897
0.880737584856117
0.8436971062185327
0.7894081591209167
0.7239707640060149
0.8870347723956495
0.8385239701594331
0.8797608723444612
0.8515069528420901
0.9070718017208306
0.8227060143007823
0.5456560851343868
0.7552436480039667
0.5563564776399232
0.7807520068842134
0.5443824677359503
0.7680542306735387
0.5243503150904272
0.5647807570124168
0.5665033191853176
0.7572387173972772
0.5894042326429563
0.5602280482377179
0.7846330577356794
0.6327807331382957
0.8164459607610031
0.5737601790509332
0.5521577577101437
0.5659915501928481
0.6277393974619346
0.5758412937751687
0.8311008835936011
0.5696076739331428
0.6045310832322908
0.5555517630796585
0.8361388330482306
0.5589607026385591
0.5932142872528918
0.5632726569284046
0.6059281065028279
0.831602723679739
0.5713152735576332
0.6213043690220701
0.6167983743741057
0.545801422272767
0.6340326999329096
0.48107616995740893
0.5276095721286411
0.5292384476297141
0.5253008713786791
0.5158643985923842
0.5396589962498397
0.5190593027778118
0.5658694625648916
0.65312872409906
0.7951923680742963
0.5779584712207579
0.6514718254003502
0.6417839312211873
0.5510581107441318
0.4598915039503047
0.664544945814081
0.5681871564091332
0.4951353284453185
0.6271305266711749
0.6239795164145838
0.6782200404892013
0.6006951246894232
0.48752669997029163
0.6155487176019707
0.6672280929763859
0.6097327101987315
0.4582493693852996
0.6093246949037363
0.6461704130082706
0.4725266823873241
0.6063182803067406
0.5696258569169319
0.5300467588772922
0.4842249730763017
0.6046576106040613
0.5997955227011494
0.5745606337545827
0.5952657835085933
0.5587143662738814
0.49203806715212234
0.6073789763145288
0.4528741346079159
0.2692260361389871
0.5312865999724736
0.2817695800506561
0.5124318583112761
0.4029805307849548
0.2908808322429033
0.26998869550771004
0.5244188749062764
0.338485485567419
0.2839314300979663
0.4410010126500206
0.27349200010552255
0.43781396194442934
0.26495565696975154
0.3771271117040034
0.3534996159923307
0.5131641846646025
0.3763452484034375
0.4474733689587979
0.2976908593547456
0.37701110540427496
0.19928599501176952
0.43733281122231893
0.2185374066603039
0.21311669292924212
0.3059966404841963
0.23588039635794758
0.4156284551078347
0.18166836342156373
0.2297253783666165
0.20777197906089945
0.5432444856304657
0.2793892431831121
0.538785402829652
0.32472536687766973
0.3753558120231213
0.34937749746399793
0.31408575185787646
0.29938441063053445
0.3992472705955392
0.5216382187512916
0.23255430596070167
0.2678903128622122
0.35265408968483647
0.30229369378576243
0.2251627954977924
0.5066317478772756
0.5655409961507689
0.30219299132282473
0.3165747205127347
0.48899457093105825
0.39186411538373067
0.3550156253770703
0.30369499046085585
0.47642313519979185
0.4682615125182319
0.4129414278154361
0.5624351371853551
0.47875830020015353
0.5409603332288863
0.545879384360578
0.4079847332389289
0.5257590135374819
0.8927843841729146
0.674050641863608
0.7689201087314057
0.6731844607842444
0.8631661037986942
0.7274046780121869
0.871014874155609
0.7499583796593469
0.6610528519731889
0.7533257563081206
0.5465688890720188
0.5473977238119583
0.8957469956466562
0.6475424203227642
0.5396685308049272
0.6438009855395742
0.7061291200977395
0.7184420448770036
0.8467149333958421
0.6965048320533966
0.844149343563033
0.612756429235797
0.7617973614293865
0.9016982952327806
0.5753867895958393
0.4942191051807776
0.4795081810519903
0.4703223961620966
0.5871397005596811
0.5280938516217548
0.45041213486574555
0.49846340626609353
0.5422852578121389
0.4808602084812269
0.496999325882293
0.48021269415827206
0.44612209800537156
0.6078688003101435
0.5228556502962668
0.4745581858274425
0.4563638228335166
0.477389148978775
0.533791651390513
0.4514057480107876
0.46330653483251516
0.4916252108119977
0.49969363439825615
0.3413742284301755
0.5177984584606983
0.5251760585604663
0.526392528451838
0.467049391101476
0.5261076236154869
0.4402174638322357
0.4781561724212664
0.5260368142508678
0.46421231344440794
0.45644273102149535
0.4753754466681426
0.472148202226204
0.4476904792632378
0.4107145130119979
0.4560855608911521
0.5373288531942172
0.4586721868332945
0.4581542536153787
0.6117548376691668
0.5360816803429127
0.5187239091755431
0.6349836133629317
0.5682935354804564
0.6040157623922534
0.6907763582673312
0.50688412398552
0.7597597011979034
0.5160771350881519
0.61215504851142
0.5473262174262811
0.6067887675805415
0.561865079005772
0.5667577522873233
0.56220431556002
0.5819019013490262
0.6952928268785461
0.5898232533364461
0.7523513526088947
0.7603883523272359
0.5333976928943823
0.6075686299744156
0.7043217021754085
0.707925034154294
0.5721913755126224
0.5931801553907725
0.46684445267336816
0.4694219473822125
0.44435394031657266
0.643624477277017
0.4478089172188006
0.45657164585125076
0.6722357336439445
0.7817813995606989
0.7126307351229809
0.818985152994805
0.7626656615649019
0.7583181544772761
0.6961732341052029
0.7656202042310398
0.7521311180490133
0.6687451349594413
0.7243874963382104
0.7415531215126716
0.7723966701751888
0.7527141097872956
0.8021583009842576
0.7444031645600833
0.723588337155625
0.8093474286337501
0.7121330113573734
0.7995966412844863
0.7432419411140283
0.7252218045411472
0.7512617171369449
0.6975612045075452
0.782054889702577
0.7725848322328699
0.8809369823109127
0.7346545087353831
0.8952679304153405
0.7613551309207252
0.8346002422171849
0.8220266868519539
0.8097224400993333
0.7976195952563214
0.7791306898879103
0.8198741851969139
0.8546828543312635
0.6594506651434415
0.8566273787575447
0.8272309344741053
0.7250518448794947
0.8451504428717294
0.8710821469506715
0.8362496296952583
0.8367288519433342
0.811844613963895
0.9061324483957085
0.8674251244978389
0.8905542701152793
0.8157947235854224
0.7914124962063586
0.8388067544170423
0.8103067671837729
0.7905090626663416
0.8161844028824233
0.8983619233239657
0.8162711130872193
0.8274388273655431
0.7190127132603643
0.7931403114813556
0.7823067065941754
0.7457242181733127
0.8797907771933453
0.8508441062896547
0.8152673699082847
0.8477135301949679
0.7653056207672224
0.8438586045084397
0.7903482784709783
0.785662695346061
0.7741531466794093
0.8379856350691823
0.8306135449848103
0.8463125886550449
0.7571630495773293
0.8124747718365906
0.8656679284430708
0.7898274292100794
0.7833576951296178
0.7771363490948753
0.769922560852405
0.8540957859143814
0.8331361567886799
0.8343415507310288
0.7583273629009828
0.6950640490962273
0.8492090055429297
0.8109889454577794
0.8357354351684142
0.8733054841327554
0.8084223277136193
0.7802542782703447
0.7983181783293373
0.6797908380769583
0.7719846550041957
0.8036847131831525
0.8025200842227781
0.8094884050259448
0.7427079253477906
0.8818069756345543
0.823121363974541
0.8347057002843656
0.8842162868772218
0.8954809420392345
0.8937318209569596
0.8306805453032915
0.7287742335556842
0.7451743393358252
0.8689417717427305
0.8148480148785213
0.8217925570556168
0.6674165309049449
0.7534763342922741
0.7448333488749368
0.8496769765162443
0.7247663955994006
0.8287312562931677
0.7815392048438428
0.8182651216406682
0.7735663245717419
0.839608012551922
0.7470589411011755
0.8017634304701942
0.8740859692374933
0.8821412389373503
0.8340472482311797
0.7606512367504739
0.7911969258345467
0.8283336343825725
0.8321846855161239
0.7329450580430434
0.8317504624375263
0.7802517598156582
0.7807112019342224
0.8120030114936044
0.7406449012730867
0.8372888204795267
0.7564746460471141
0.7130451994621709
0.7566591906083975
0.7998641255734318
0.8159145329220976
0.8653205783161252
0.7488783661345969
0.8112910245856293
0.7846793301511118
0.8510180322649153
0.8382733264089763
0.8010230536801457
0.8591735183034401
0.869990684804287
0.8118369674637195
0.8476152758525834
0.7761297183017091
0.8793805943008114
0.7490734074043577
0.8280822548888072
0.8204794818039015
0.8329922154722567
0.9018580635491432
0.885617437104711
0.879924201901741
0.877915470873437
0.8716247735248688
0.8948097656467876
0.7784621138616363
0.8555593485676638
0.8662981503416324
0.9246460496272964
0.8984540038038443
0.786487382863786
0.865443458809235
0.8819804613344645
0.8811719641871563
0.8807985767758799
0.8984998302544849
0.8315866569271375
0.8971292426754387
0.8909469233646536
0.8819429347469059
0.7628379331221506
0.8638570423951997
0.8452765299969665
0.847921152745825
0.8864799885898357
0.8644594048864185
0.7873402770668921
0.7587829917561528
0.8957719342790906
0.8275021892045655
0.8866540900867101
0.8799188661790034
0.798158834030011
0.8848967363016954
0.8382649684320356
0.8920178404700374
0.8102864040358584
0.8282466747167924
0.8756485669144776
0.903480565826006
0.8487176541611068
0.8408429905874334
0.8313695610562313
0.8464390434017758
0.8110029248989608
0.7639772336187127
0.839993070369639
0.8412189644475545
0.8782749995253657
0.6998294957108542
0.8697407917970962
0.7887324753782545
0.8189543118983211
0.8144332518850608
0.7627367375330549
0.9096971576941437
0.9082680990076676
0.7828529628991311
0.7560533019108251
0.8881710109274426
0.8156753898653117
0.909592152973745
0.8947703837163552
0.7286968781316365
0.7421763472869687
0.823959238240052
0.7621122377550091
0.8286613307997502
0.7150265934327318
0.73888211959821
0.8478156531328096
0.7488751412187207
0.8183228472764966
0.7583500363007162
0.863907440642639
0.7939645428920382
0.7373358427644527
0.8055785652436117
0.8893178714014618
0.8811312714458732
0.812500939632554
0.8314085575472664
0.8232621675420184
0.7354364526943322
0.9229764387435819
0.883642776094327
0.8994585285185657
0.7497963864282852
0.880415903162864
0.9274399807037847
0.7529253906818545
0.8979192882562558
0.9057031404092911
0.865338976544004
0.9092630056546998
0.8608250647136652
0.7704988185812482
0.8967629815494109
0.8315327968727455
0.7606294793211472
0.743412035664562
0.7794320221247318
0.7366267711886327
0.7423203250875909
0.6826664673779943
0.8187270949672432
0.7037945116031343
0.7744231066153633
0.8383161014376335
0.75036652710816
0.7767621641200624
0.7558796374154768
0.8705665889653589
0.7923955358686046
0.8401335074628347
0.7657619049133988
0.7436533806330132
0.7860709102095237
0.8471319559671071
0.8713448158894967
0.8739270486326385
0.8479706948994361
0.8126591552037775
0.7654123061786122
0.7851842595720061
0.7476067445305615
0.8401367423590116
0.7707400300991626
0.8191236398836147
0.8709124246252868
0.8676930841656603
0.8193881416605229
0.8947678694253445
0.9044962641048546
0.8292828438517592
0.8471328980190791
0.866998686232024
0.9016659468495347
0.8674186751900762
0.8978840047079426
0.8299823920666738
0.8115167959175396
0.8106436893729674
0.7743887852614377
0.78156750881342
0.8632533868569823
0.7491158910764647
0.8207530724441685
0.8386670616851469
0.7800317114154556
0.7655577332248429
0.7296753491615642
0.8113837043471455
0.8546552041600879
0.7570578228517367
0.7801641286405666
0.7076657936903838
0.7857151110376945
0.6958876587030726
0.8135338842058812
0.6969326436245789
0.8065809930875338
0.755544936063037
0.809219435968346
0.848885270222826
0.7148248500751586
0.6824159284335256
0.7677829162272595
0.7554296203077291
0.787881583188634
0.6647819958372239
0.6881843524800726
0.6768090667998765
0.7048377581798076
0.7443182405553336
0.8145552008407246
0.7406676932229114
0.734496245441548
0.7051681583741614
0.8200751740159433
0.7562592930873594
0.7977406242709502
0.8104055869535578
0.6535746930875207
0.6980495614071938
0.7206881445346606
0.738271162088491
0.7965133690377029
0.7226420346790416
0.8179702123623953
0.7575410040988305
0.8243447480443369
0.7749651434250614
0.7206883394014054
0.7763650103546513
0.7622669171685221
0.7034526028709728
0.8179217645464212
0.6832842610670826
0.6617264946324204
0.6439419577092245
0.6732241511490218
0.6654380538328674
0.6982190355122249
0.7180813261799799
0.6819504231967662
0.7085012413423921
0.761607795689844
0.6481596244986945
0.7972954389695099
0.8235039491274097
0.7757461427032949
0.6289575134105404
0.7863834829090852
0.78226086120824
0.706020543310067
0.7189077078995874
0.7533022567761356
0.6386200240236992
0.7411909324410224
0.7104839429898686
0.6904012172535948
0.7760025297287513
0.6996075152440306
0.6558176120321122
0.6916900602179014
0.6522303911777769
0.7869561142988064
0.7622067496591993
0.709007798116025
0.6883271043132666
0.6352201290660238
0.6673146973971396
0.6135422679954882
0.6758311346971934
0.6291211494700906
0.6376889242371726
0.6267749316941114
0.6296760699297919
0.6722210124718804
0.6518619901762741
0.7273520144405975
0.7009249211664009
0.7650039801511782
0.7143172914654107
0.7483573932393537
0.611248415898089
0.6971933647536922
0.6625265547100765
0.6975408401694607
0.7515478578199275
0.8280477613164472
0.6744154063031482
0.8012081609046875
0.6604548113023778
0.6625868233620698
0.7952410908552789
0.7186542138118126
0.590470570661382
0.6483499909814459
0.7128282546287941
0.6838899157983553
0.6667851721874813
0.8212503570226959
0.6438188897013772
0.6170611866256881
0.6711116139293034
0.6753677427099207
0.644778791158534
0.5730765002302973
0.563015386750065
0.6387621523049196
0.6497258443041746
0.5741701667222323
0.7387411237874335
0.7377360764411591
0.799340703954732
0.7021103279738894
0.661242031032618
0.6100531728410155
0.7731627821270706
0.5803983029145474
0.6210121004702565
0.6423220940074943
0.6681822204416829
0.6635228348524793
0.7013556630483634
0.6418942332251043
0.5951737865863609
0.5660264259296776
0.6193809605684172
0.747461230577747
0.7202294447153451
