0.9883005274840537
0.9651465071823955
0.9702108664331153
0.9755623296554063
0.9785216030503132
0.9779270845995327
0.9547791986664491
0.9802628656012912
0.9701537198531887
0.963873357527515
0.963906389530069
0.9520925213767226
0.9728235843506964
0.9651076325106029
0.9607042932936409
0.9693418273278447
0.9543740837167538
0.9910485212436799
0.9783291708354506
0.9787649449139163
0.9820032272758269
0.9526539597312453
0.9705016363758661
0.9666742028707995
0.9592931445616941
0.9563697110585828
0.9630084850060548
0.9567460156979106
0.9653365367260927
0.9685100664398167
0.9864179410348031
0.9854238217132478
0.9844792937513914
0.985059436090963
0.9558029909362291
0.9817380182202536
0.9856757078411387
0.9798231627946006
0.9789183895304463
0.9818197242482335
0.9577902794349572
0.9593129258366222
0.9577477942131758
0.9863103556323942
0.9899594623487806
0.975688632240844
0.9594191634570437
0.97570920793765
0.9631041406340688
0.9702188321003381
0.9640312188926233
0.9830557700812925
0.9590193150937822
0.9893195354828395
0.9846552260361258
0.9643431875983999
0.9881097234067993
0.9648425218295462
0.9716230137098472
0.9725344287441005
0.9726407584073984
0.9742783481408379
0.9834585812331906
0.9667147083838934
0.9670419708204561
0.9611642824532227
0.9869450389828411
0.9477378492379027
0.9636832223344376
0.9668588514126711
0.9597772548213928
0.9572307832020597
0.9613851734632386
0.9567071487529215
0.9303595329299872
0.9521272959501048
0.9719506389757323
0.9703654477265177
0.9460623278560695
0.9602811247809308
0.9785727355996806
0.9645411026807036
0.9637261251707189
0.9881152412567159
0.9636298281247708
0.9590398049914239
0.9348332812601153
0.928257843902077
0.9491512233386746
0.9657022627003355
0.9632407896265713
0.9543954687678189
0.9445352900597198
0.9505937914949403
0.9479147651450932
0.9609667055699296
0.9363918200407766
0.951234873645783
0.9438894169045393
0.9489882488613978
0.9456725482987574
0.9458682117684438
0.9600151131819846
0.9470153261003149
0.9538555137539904
0.9520464453198634
0.947648695939223
0.9582445011254069
0.9487400956717583
0.9597500979826215
0.9463237482622957
0.951302128175681
0.9579262504558932
0.9530458744276409
0.9347976255358259
0.955412566470306
0.9490146292594839
0.9538009844101711
0.9433298796178151
0.9475203623806862
0.9462500865293046
0.9472572627976037
0.9458217625960087
0.955427231878879
0.9677738908818978
0.9481774659816009
0.9601481380119969
0.9414148135858527
0.942992738773673
0.9694139524585503
0.9592520038887792
0.9539056250901288
0.9539730994121763
0.9571785851559125
0.9575570146914725
0.9498777645632623
0.9648765998517801
0.9692230328335331
0.9580122631456537
0.9459448358530157
0.9556715398649646
0.9465787051072168
0.9433995859360832
0.9476067875742975
0.9624813719605003
0.9863052443962683
0.9743776005845186
0.9403250665302312
0.9383816874118853
0.961779158831204
0.9410671048279815
0.9310063176947168
0.9369364529162514
0.9352509905746704
0.9685933385587289
0.9708001079554143
0.9361355085012784
0.9622742107364337
0.9653492646079513
0.9547991328593505
0.9513683669827371
0.9431403896716521
0.9291995142422663
0.9411406327424496
0.9734432305972278
0.9563801379547188
0.9450811149318648
0.9685084445718205
0.9726753976249765
0.9378444517207885
0.9323850089425897
0.9448095382247286
0.9607885163473533
0.9727842507938589
0.9305165403780464
0.9681912677737374
0.9762115255727272
0.993962806445357
0.9767237822740247
0.9369590683573539
0.9452418446938978
0.9767641739893169
0.9419863731915441
0.9609298969362075
0.9509725199551555
0.8890426157702613
0.9687505939102773
0.9805877135569419
0.9677062193837825
0.9779061089016274
0.9719794961338941
0.9461899824478573
0.9432836433850602
0.9350022678929719
0.9723716751786187
0.9494329399307204
0.9750756067607804
0.9722669609140207
0.9551094179522686
0.9753637361550642
0.9769286076664154
0.9767803817075216
0.9741030182410793
0.9440560046850419
0.9553702064905771
0.970311814607034
0.9552812377648421
0.9146152612650509
0.9226822525622382
0.9413485636038568
0.9043920271536439
0.9206982012757947
0.9049307440557126
0.9227723795991268
0.899795493790513
0.9079422701302313
0.88751213327812
0.8953393562952663
0.9169673051520246
0.9173586356534225
0.9206068466261601
0.9015963777690466
0.9027685473675717
0.9200982065942137
0.8910541187646697
0.9158157860782216
0.9163253785121824
0.9178050702992374
0.8791537725381806
0.8987534205825883
0.9194706219346457
0.9203025484236991
0.8894639430151923
0.8955721129283603
0.907035493933865
0.8743357125858355
0.9085842166110513
0.9102192215359839
0.9904645769327048
0.9651262105849672
0.9257369189949609
0.9100007989758485
0.886125217002258
0.9062434447608902
0.9540649474993974
0.9182540779036615
0.8402408564400727
0.8675696672226283
0.8688391310324624
0.8545597735236643
0.9062957379945429
0.8995712194091734
0.9380609294371647
0.8812892854514456
0.8879056152878071
0.8521642707681074
0.8944999826311113
0.9413645768982871
0.839928505766226
0.8858458696766799
0.8873005600237929
0.8457978833312925
0.8796410521399542
0.9031631648961227
0.8631239713334935
0.9457808558771439
0.9243120987594287
0.957752725810805
0.9518696062788565
0.95789215373027
0.9710303365876387
0.9540037470494687
0.9047298341178636
0.8578146650362211
0.8883022893742513
0.866402497557572
0.9004482331731829
0.8868377205764257
0.9166987101361581
0.8597264726962897
0.8892493414221172
0.9259135705212524
0.925139578036207
0.8536968880982683
0.875297216644294
0.8634301385109407
0.8989097629378794
0.9263715259421608
0.8883179254514411
0.8411875984933599
0.8362829450136617
0.8603517021143274
0.9136660793463005
0.8765317741443927
0.875290959588655
0.8908383650719107
0.9039537606413854
0.9067821643095095
0.9336083158381476
0.8739134474468913
0.9710009579515911
0.8880492374516835
0.8053618081425855
0.7068594016422178
0.8349237797117919
0.7145633162943617
0.7093896944804005
0.8495619792214752
0.7835041519415593
0.70460502955797
0.6830178855725866
0.6943555464947238
0.8228681770062758
0.681725868019907
0.791687521748779
0.7774725886518918
0.7471422557582241
0.8709176325216619
0.7506194759888889
0.8291126145503754
0.8152364133983516
0.6721648235496458
0.6986772027398682
0.7449413494438633
0.7184604386874673
0.6576361738216103
0.6769003170297622
0.7457099000061707
0.8504870757874811
0.8550334222494739
0.6973974869341253
0.7938907679958254
0.9954412558431198
0.5769289657802326
0.6349669246441443
0.6669717239485147
0.5886184641277287
0.5920011551798363
0.6176355970328244
0.6076644117505765
0.6025008339587743
0.5908153572909338
0.6376360334878642
0.6042355286112953
0.6258928064568293
0.6000903042270436
0.5919484593197339
0.6047691967452722
0.6223418544670961
0.665194531808267
0.6396998151923423
0.6036282460441307
0.6774684904013262
0.5896975431565215
0.5930264588751621
0.6661317933043797
0.5997660284271006
0.5665659377884177
0.6265039010788546
0.5994399727250166
0.6135529578181846
0.8046864903476982
0.9834533352076437
0.6943401385097162
0.7911038401881312
0.8116637648751267
0.7196476889413135
0.7629293072395865
0.8064245844387884
0.8140640887999848
0.8308005190122875
0.7450982156246638
0.8169788162896889
0.7733020552317699
0.7712098823435117
0.7954685458146855
0.703103933309406
0.7860238908467961
0.7039365271419126
0.743093124944646
0.8338375590988143
0.8374358406799957
0.7776113952952461
0.7982989497313271
0.8165931128083419
0.8276485638804257
0.7826379426492855
0.7138949992842583
0.694431031842791
0.8106662472037848
0.7521618873106987
0.6690825894386891
0.9066058331670914
0.9733226380011102
0.8402467382910941
0.8998066864196042
0.9894936589816675
0.7980112249790823
0.8340165532715836
0.9132075090101104
0.9316479864721599
0.883899862168033
0.8634529832465243
0.8632940425561297
0.9134618384143073
0.8453269542833084
0.9197833242270197
0.8356304249703679
0.9124280767343665
0.9019385566341968
0.927916469296652
0.7452703672940855
0.8542378150242662
0.8777289216244754
0.7386061997832
0.8920078447716334
0.8358811163011917
0.893347224551098
0.9065351854067629
0.8069931124750972
0.736146228899652
0.8141301983957695
0.9048182232790639
0.7837086280314621
0.9593235548483258
0.9590742272733666
0.9507401545498133
0.9458785964798835
0.8913590542491725
0.7891802035047883
0.8937175276343176
0.8627431802093406
0.9040105155626825
0.7912622626349632
0.8125962760349514
0.8856792458502296
0.9060712282649435
0.8434282822285887
0.8135017409111064
0.7762051931259032
0.7875714744586223
0.8588170864760988
0.8522219303483742
0.8819928358928708
0.8224733604322563
0.7715316839948154
0.8605020990347705
0.8498000165193419
0.8925127113452501
0.8387888084992927
0.8428480600606052
0.8128486728753379
0.7806517739933773
0.7335893561648991
0.8853889438465428
0.8518384251942694
0.9552132305098937
0.9482612134216791
0.9499321434948995
0.8624551237070281
0.5521937984385666
0.8081551365108535
0.6418227874973657
0.8084398396535959
0.5919979871368408
0.797097168408538
0.5996397878162874
0.5981051108686715
0.6509958690965985
0.7895710942284692
0.6420580225085133
0.6054424364059354
0.6358065232114164
0.6234183524714464
0.7861145567769781
0.5499037160918797
0.5638905041817328
0.6137443544478054
0.6334631950369992
0.6455316189381373
0.7908880773631605
0.5480937826076937
0.6919506602391483
0.5504245046216893
0.7924468004758823
0.558756969813518
0.5778479927870653
0.6797222026134904
0.8850422766216193
0.8678722645803638
0.6840254969408548
0.7179785744251965
0.842514965538042
0.4690132827483137
0.677193180120797
0.48376765180793607
0.4925279841433956
0.49853949004716747
0.6105007943562302
0.6190474536071747
0.6234147698164652
0.5348939298255784
0.5287010265148142
0.6683185454823042
0.7701736045053795
0.5643304842482275
0.6632401535828925
0.6579945827050799
0.4509835303405353
0.5184061900512924
0.6917798041918413
0.7592956669951797
0.4478719188169186
0.58617863236587
0.5312063269562259
0.5683595640219716
0.6032575081868031
0.510834752231436
0.6627648759298359
0.9973303473295465
0.6371968340940518
0.704678251617616
0.8031486370667061
0.9871063320439163
0.665680671743039
0.3568912352824415
0.38387505037222713
0.3667985963757781
0.5125639341303327
0.3666724254403282
0.38243296471876276
0.340713321185278
0.41170133276896925
0.42280765284232735
0.45711496786746303
0.5581060107200249
0.2727858342637595
0.2825422410411731
0.5200452542053268
0.45341972409111764
0.3752338803583569
0.39340203885948566
0.2821724573627098
0.4388388864073938
0.4849542252346825
0.35469468984024355
0.27500524551941385
0.461210042243091
0.4524789109979323
0.24871637845545133
0.2829376647544308
0.3817184833360968
0.6867713246905301
0.6036241640192739
0.7161220074754038
0.414543548163437
0.5034506904088911
0.5647521063268459
0.30791022503808196
0.3455589256933974
0.33921505334089463
0.5575012646827786
0.33505972238993986
0.2843926031533934
0.3342634662134836
0.2990248802903297
0.2370510029934208
0.49539236440766854
0.5944357216892215
0.23892556098996615
0.34613231411452583
0.45005029391278417
0.28251035784702233
0.34436198393826634
0.3042180090512174
0.31214035070687496
0.41801535502454806
0.26354504149384944
0.23779059077749867
0.3413690244533345
0.5059272430906192
0.29594000111270014
0.24813220059667174
0.4018550389450055
0.8370839979661847
0.8578875553228429
0.8272415662698539
0.8092257597108328
0.8730474134261538
0.8280657704504685
0.8613227990714148
0.7678734139713205
0.8325358450445363
0.7714842836416393
0.5518587217261587
0.8587764933277626
0.7482090238359658
0.5916753700419477
0.8531550520280087
0.6000279688496357
0.8224222535542915
0.6222770935448003
0.7334017332774263
0.5952679062875681
0.8878832590035184
0.7030392275725785
0.7507236303153266
0.7680285355138121
0.6654597068519437
0.8126639503578734
0.6133890119574856
0.5946633188098982
0.7342997664686151
0.8042249753671453
0.5433939765252048
0.6092361370069759
0.7237838680907771
0.7079801150352991
0.9282267301312008
0.874344596202266
0.796682355516765
0.6760319666349544
0.9337760069820792
0.8992412446647874
0.5434366337249013
0.4739857900748007
0.4603364744138344
0.4473410522068165
0.3803721694832073
0.4957254790966419
0.46637031236961596
0.4775276825980306
0.47725414167347696
0.48715572494843506
0.47670838935343873
0.5080716710720259
0.4741389880051883
0.5196251683675253
0.5137679948046807
0.4956039178030127
0.45819304015383916
0.4560316185266012
0.5180797202018931
0.48025329453752086
0.4984889326814587
0.47471889912249815
0.48427246875053176
0.40673593076224157
0.52583356985338
0.5087056469614069
0.6941267220837526
0.5140433848734786
0.634767783578392
0.7410116162724747
0.5147468866376188
0.633620956385267
0.7527734661946637
0.5302066683343529
0.6654152912100126
0.5201785795001335
0.7218785648705175
0.6400144945524319
0.6773867437090593
0.5214397822968062
0.6836450139070644
0.5375733334288352
0.635149628467667
0.6210978384961365
0.5398323581356625
0.657428499375718
0.7645587665087715
0.5506305975717729
0.6110836369948619
0.6840109316453402
0.740507359473936
0.6803541446770734
0.5552218579676748
0.5041593425977859
0.5010158762541718
0.5978835364610857
0.6290014448352343
0.552618033736718
0.5425206330836356
0.7403378867128753
0.7642188699194381
0.6371452851145698
0.6662296381629811
0.7088759994097698
0.6950028076807322
0.8281149965916612
0.8119086866178395
0.8829353559393434
0.7335423250394598
0.7113348951251149
0.7643500598393327
0.7737950865484058
0.7588427472482737
0.7984715003522684
0.6935876194562007
0.7285077827285491
0.7599457034151571
0.7648513505947621
0.7927448880578088
0.7416968933213612
0.7744674558959054
0.7829948078612996
0.8158082994141826
0.7783408319225756
0.7863671319710792
0.7386317599717336
0.7503680529097551
0.7978019933878249
0.7972240682851902
0.7548520279629785
0.7867968438249725
0.7031977045637825
0.8325382108226334
0.6885815001811499
0.751997873861919
0.8051334265524297
0.9990894018475752
0.8223409569358403
0.769299977758078
0.7801526030666326
0.7979379524604637
0.7912700483962747
0.8364867789932174
0.8072690072788278
0.7840032062126288
0.7976248841741197
0.7385210201067445
0.7213576343585747
0.8328401691494949
0.8902939158826212
0.8913937593864671
0.7910129546007919
0.8014505059220252
0.7743193498120496
0.905443348786005
0.8191541182410164
0.8943733166525378
0.8097235062570709
0.8964289414888603
0.7802561069858015
0.7483477817979737
0.9060964195156478
0.8386555502289352
0.8909723411892125
0.8050415528419128
0.7814521157050948
0.74829655904745
0.7543690262518699
0.7961895676078323
0.8352478505189977
0.7539720253071183
0.9189873811355691
0.7556204821720025
0.8113725466896071
0.7826847550470717
0.798036977450899
0.7830139539170226
0.6897485653388186
0.76936292780738
0.7685312693035041
0.8409026241754476
0.8437212151259393
0.8400811329618232
0.8258877722135438
0.726371764938001
0.7543640679527633
0.8756892419691029
0.8261037433620995
0.87583946536215
0.8129890987402164
0.7699770943638236
0.8568627927054311
0.6334894729369411
0.7875216794414727
0.7756506374053214
0.7306357453424797
0.842639647877493
0.8020132133882131
0.8473690046491039
0.7361913428366439
0.8471090472361322
0.8285352877890242
0.8099644577788075
0.7683211342272831
0.9381879417325262
0.7105304083561673
0.8374158435842763
0.878159670067052
0.8932066912816757
0.8772755325247883
0.7804933863124897
0.8133494082567383
0.7752365980227536
0.6926719327492468
0.8446695189917882
0.8440901830744927
0.7814231875775712
0.8831853899774313
0.8160020340249418
0.7900475342281378
0.9068655990882162
0.7716286402719488
0.6998208599851521
0.839663850331402
0.8774928405945108
0.7753062894927292
0.6423039086406045
0.6986219565235905
0.6544875427208264
0.8432954634222773
0.7075778286833336
0.8560240393498162
0.7205282539367158
0.9516665603472858
0.8332565930769043
0.8253611442593317
0.8138214324821912
0.8616113152303104
0.7890824143387677
0.9009277129884787
0.9020749355207069
0.8439053803714263
0.7467897709750644
0.772077185993001
0.8409965916320443
0.8697502766784547
0.864686495787333
0.8518030147011548
0.80913102091944
0.8042387132694275
0.7843309754388847
0.7134169486087454
0.7077894180750652
0.7238079035365901
0.8460029176348056
0.844564917273313
0.8571884739200217
0.8585194560874577
0.8059849780526689
0.8516439924521838
0.8441588874898079
0.8850070342271272
0.8280303763661763
0.8078149977930686
0.6935886401660838
0.8685573461812162
0.7254269197721489
0.8532182062438853
0.7374059491511603
0.8209048902250817
0.8375696357084961
0.7230617357516171
0.7147154958731888
0.7974880513022587
0.8537109146740387
0.8221435938575017
0.9108820754315294
0.896992437297176
0.799942194571823
0.819123846433526
0.7447186931760612
0.8421389085841826
0.8578434115284234
0.8782008333307694
0.8813084104158802
0.8513813307580614
0.8535670096493866
0.8675062069987725
0.8239928644633147
0.9171047630628338
0.8490575115394973
0.8373505509624627
0.8780250091261743
0.8185739808543233
0.8653304607778011
0.8443091515751606
0.867989270095516
0.884962606606492
0.7790283217390346
0.8920581298899092
0.9005310093445841
0.8333969314374656
0.9079599381216343
0.8103554409267888
0.8771093199480875
0.8053313974183853
0.8955317037397679
0.8572662317526258
0.8041230089174588
0.841791294734751
0.8117728353867157
0.8152708058463947
0.7916709220122198
0.7316505828230309
0.8923223341857576
0.9091914955466984
0.848533968250711
0.7484509262975141
0.8485607978274881
0.7544329517723098
0.9099151812678283
0.8771117552833647
0.7349092693175487
0.9065259081447844
0.8068673209950749
0.6944884957853608
0.8915308270005821
0.8678014226920445
0.8887739024572545
0.8086882319855158
0.89852481850982
0.8640463921608873
0.735307533428966
0.8088188317301688
0.8379379580186885
0.875325818018229
0.9235021687095527
0.844796577030863
0.8912735371784448
0.823400256310272
0.9321624241771763
0.90693207462177
0.9064637263299471
0.8692063430269779
0.8704861261371375
0.9080555100048155
0.8310083900421406
0.8838301836643159
0.930872026669563
0.7906074973049324
0.7963990279830117
0.7790347847795577
0.8011690265737208
0.9124762700338179
0.8282538962102279
0.8829498044708115
0.8756424115273339
0.8665266577898973
0.7624964147080273
0.9146066056893432
0.7454957993541357
0.8381221526710931
0.8262804039954228
0.8747131127141405
0.8691477587361384
0.8293574219031086
0.8606996758281513
0.826040875949702
0.935653231258152
0.9396916982612549
0.8599574661439815
0.7477759821175546
0.8781538050346374
0.8062324921559025
0.8384470465983325
0.7755056297277977
0.7970260377082841
0.863614311283907
0.7936619979271591
0.8610032901314805
0.8247163999312213
0.8067728575246338
0.7886668074980178
0.755278265710965
0.7447630890558665
0.7943765567466259
0.8509507576635909
0.8398046526208192
0.858480724853118
0.8499951034885576
0.7622762464241748
0.8758102382482531
0.8187675961613096
0.84936523167119
0.8436017676966001
0.866051586997207
0.7502374790363441
0.8238787976850366
0.8723661831108414
0.8514535787532078
0.8196644881962114
0.7566201797598937
0.7146159456034593
0.8384891851578251
0.7990692218322111
0.7371244793848057
0.7536618176410141
0.8631843140183283
0.7526418568739979
0.7885706570501334
0.7705712800149149
0.8008357368169075
0.8648850801941712
0.7958338384262702
0.800683905338607
0.7403176825016088
0.7911004945922432
0.7196636491710964
0.8218307211004814
0.7739149567676705
0.8113015134183454
0.7402521441794732
0.8140248210545891
0.8343869859525361
0.776490883294986
0.8189184387742026
0.8027402065403063
0.849089519852688
0.8264636068273966
0.7779023236495294
0.7363197596749977
0.7576317309017231
0.8033146263809349
0.8417107357909462
0.8692561433099197
0.8341226412779215
0.8044225633846502
0.798743620296571
0.8265900092934236
0.8810359928047883
0.8180736073115724
0.8030627837319358
0.7413094511354593
0.7155407125527937
0.7965929441267415
0.6843454899902214
0.8160797966379999
0.7536888609052539
0.8047683922016001
0.7109120825862587
0.8327119795601492
0.7325680945124011
0.739528503926804
0.7913451517390864
0.8246411471686358
0.670876596759254
0.8013015341016203
0.8179007364063603
0.6695578161095547
0.7016942211763768
0.7580441499055175
0.8214409164416185
0.7305378426800964
0.745465719123739
0.7808262374478403
0.8127885930673264
0.8466024160477779
0.8084534281678717
0.8986881137555285
0.8486623258179818
0.8226985940961589
0.8773600249161535
0.8973803204620949
0.7082861939823364
0.703127403251937
0.7566101690196503
0.6571946367736973
0.6344681886325085
0.796509443421113
0.7337146102136366
0.7028131391381187
0.7167045052868375
0.7330894900086354
0.5994063150974691
0.7808036931860933
0.7748662164576595
0.7425342592554635
0.5915034940826637
0.721232036080291
0.750130692824714
0.6649247626213479
0.7229873093347264
0.7468180081341407
0.645742404664204
0.76233996591391
0.6924623596574274
0.6956657267260709
0.7851128802172075
0.6993152395163877
0.760731913196965
0.8497222892768528
0.7511114371486103
0.9492057817731967
0.8614623506141004
0.9694276353687195
0.708411188283788
0.7695058717539904
0.667364990497938
0.7431624331240329
0.7407783757603619
0.6961515634948856
0.6637723290599324
0.7060807620312591
0.727752249674188
0.6850858464511302
0.6575709147484272
0.7161809152165053
0.6151490850135698
0.7149083099011508
0.7946352084325193
0.6636284469387037
0.6582139267592024
0.7258458437823287
0.6633210498583157
0.6249823584930254
0.7672346110393312
0.7910812563852087
0.6602518303830247
0.8111020150040573
0.7024079338211652
0.6234739114988053
0.7222146180949781
0.8989806738360896
0.8799709617936422
0.8509923643900461
0.8666899424301655
0.8936127244383535
0.71490607618295
0.9141009190038424
0.6389758159247447
0.6895097851288344
0.7207728455982421
0.7657506359183313
0.7171001385761476
0.5860137754172537
0.5567859811370182
0.6628809168626808
0.6632477959017402
0.5718422799719542
0.7416766754279391
0.7593333787604009
0.7493022111560842
0.7019145436206222
0.696626450508739
0.6049756736386862
0.7764990604011874
0.5791764652744201
0.6429436249786383
0.6363697810465069
0.7008014110748619
0.7037096041885968
0.6756439096396095
0.6646107215634236
0.6055952354532141
0.5703327121159201
0.7214002622791456
0.900661081126694
0.8776593972416585
