0.9778377691407507
0.9508182087845152
0.9735590427287826
0.9774578331774477
0.9585203576670471
0.9918878114030005
0.953068734421969
0.9801639731082781
0.9700633328666817
0.954999162156001
0.9717193824869533
0.9531834894022463
0.9734440619309108
0.9639030853146833
0.9593922448781229
0.9703181039193531
0.954138274257184
0.9909180570598823
0.978367293591821
0.9794577114754837
0.9908790342031067
0.951293935879096
0.971947177277557
0.9665420182861284
0.9590338681606663
0.9633011331362855
0.9620878007728448
0.9560471587568224
0.9651868390930984
0.9685986711696752
0.9895865984042441
0.9874452155080433
0.9881310973047199
0.9843027819648655
0.9562175894832998
0.9814732199213998
0.9851913495659488
0.979999882540156
0.9793799054390511
0.9820147412813798
0.9571580962930025
0.960786609058943
0.9575081467512583
0.9853971177836413
0.9897255218942129
0.9762002194729255
0.95920693814594
0.9774522571579154
0.9621721007249272
0.9704068766146905
0.967481000072251
0.9839999941828701
0.9622559458675635
0.9682652590390785
0.978737597073325
0.9700184995607333
0.9780581330565095
0.964795756717663
0.9607731489699949
0.9622951903442407
0.9656064354725783
0.9811580442356176
0.944991213637449
0.9696355235737635
0.9676020519599771
0.9624306921245953
0.9564679389670949
0.9608909287878601
0.9550273462896873
0.9474721402588686
0.947486698126876
0.9741426011654002
0.9664373188646043
0.9483514127884943
0.9589153903820019
0.9772693151257882
0.9623832939967989
0.9663168595693459
0.9858967661254754
0.9661368375646315
0.9499094458686415
0.9314627954743866
0.9265444657060707
0.9436769127278333
0.9501320634860999
0.961071592383643
0.9490055547579861
0.9443518574988546
0.9498412185698134
0.9524860319257722
0.9637621688539321
0.948240950481479
0.9440055272467529
0.9478400111917971
0.953439514870512
0.9447874815012167
0.94505561322978
0.9623299298189714
0.9476270471711554
0.9448721538070708
0.9586907512334539
0.9469096056943149
0.9572206730046355
0.9465119220901119
0.9595747372613967
0.9458388066771879
0.9454865776177761
0.9640220904132109
0.9517272529337019
0.9441732617739923
0.9466420166392748
0.9460272606395957
0.9326138293195239
0.9300311003341156
0.9393721308075095
0.9410782219119538
0.9484230434335768
0.9458648127103586
0.952272477384362
0.9444006708475894
0.949922135663278
0.9435180128304816
0.9437577248909008
0.9435211326013457
0.9706311057029502
0.9460250317675092
0.9683512599448068
0.9435659984816029
0.9685767667072187
0.9430880737767946
0.9609059251912629
0.9695354758107273
0.9669714144269503
0.9740782506337693
0.9595083311017951
0.952137857818706
0.9466962048735126
0.9624410164233415
0.9542194642631315
0.9525027829780888
0.9677434999425063
0.949702720323532
0.9016369473034719
0.9112127642539247
0.942448915371646
0.9611724275232983
0.966282498500455
0.9371430215581409
0.9431541038823947
0.9720394433082353
0.9560101939238781
0.9332670277419901
0.9418351525421271
0.9567110397374241
0.9405300014237761
0.9572623372008342
0.9418915399054644
0.9531293339600656
0.9536611972338299
0.9751603424286355
0.9689423976099545
0.9451348690957414
0.9673871515935051
0.9723513088631413
0.9543264121809418
0.9289787929210678
0.9423680775412734
0.9667860736812394
0.9676889385040803
0.9285895212655348
0.9452708370730303
0.9708146861882923
0.9567829105050834
0.9674263712297947
0.8813644495684686
0.9501189656992984
0.9565924694076946
0.9515908000475186
0.9792483560422676
0.9635902330572854
0.913677248702226
0.9679008826243307
0.9749723734053336
0.971462510670713
0.9746614856051887
0.9608758883059134
0.9471660749866369
0.9758247526354007
0.9007281978663164
0.9729754176567458
0.9759940899748296
0.9746638600274719
0.9585116680563501
0.9563970927958753
0.9772957013990446
0.9492710015611728
0.9636513697750404
0.9717271192507879
0.9697817262521102
0.9671299857587675
0.9729174150311064
0.9403552827519235
0.9226649432279381
0.9021204974485084
0.913633841166227
0.9149695869686163
0.9204312491719678
0.9089582993839691
0.9101759520673542
0.9108490203571644
0.9063954825961291
0.9062288403821891
0.8968197467766834
0.9215474671336655
0.9168985914671907
0.90727911349396
0.9004380146933612
0.878547645813144
0.9129112514275817
0.8993325458937524
0.9065032851447072
0.9038866474259861
0.9236514339917377
0.8704257627431863
0.8950189506839371
0.9296971013869084
0.9197518564390943
0.8859990930414943
0.8905910551153744
0.9115159629232821
0.8981380840694544
0.9152932831790825
0.9218731671804115
0.907942975256185
0.8979837260406975
0.8931769491392612
0.840411638296301
0.8425446271612893
0.9302988669296098
0.9276150972650357
0.8953526284216917
0.8957972019569316
0.8747961159507605
0.9092657149196448
0.9398503156125236
0.8813236566656393
0.887678052361831
0.8779615711672619
0.8904147284111499
0.8784874708020993
0.9171274198598363
0.9013322858024152
0.9546313960964885
0.8285808176291054
0.8843025827771118
0.8875137795837345
0.8347746275483587
0.9015216793550184
0.8824398344031561
0.8489126269764835
0.8932073122139065
0.8499612963688575
0.9199570707444316
0.9123796442843672
0.8960205720626906
0.9459879066373247
0.9483712986524437
0.8844955767610109
0.8073383578434656
0.8769671091783896
0.8634030941930914
0.879809645117001
0.9005785196752315
0.9258327558756847
0.8692554372016523
0.8902533220408217
0.934423215299256
0.9119220511024865
0.8337619217437957
0.8542009002876043
0.8652267708351559
0.8997520042371102
0.9338322532983953
0.8882808421784423
0.8622169253064778
0.8409724847274158
0.8503349363116177
0.9128705207359022
0.8861987909151758
0.8581686899900904
0.8861858870986304
0.918262233876962
0.9109616762643351
0.9277085920944247
0.870632460691898
0.9218719641375178
0.8519011582850307
0.7877542397613657
0.7216846971857377
0.8348330364584724
0.7311472742873044
0.6959086026912858
0.8508579881360159
0.7881639992741942
0.7364836225027239
0.6582909548119253
0.6969961823903421
0.8315739909878943
0.6772617889399968
0.7809510334248251
0.7639462352311087
0.7315286901830075
0.8578263137747617
0.7444190638480048
0.8638315746027346
0.8219145439792092
0.7153308582692348
0.6626911476842368
0.7612507484764227
0.7171775558619067
0.6493939007826124
0.6591484185178255
0.7464616695331908
0.8504523544465622
0.8669156860048906
0.6643784099949066
0.8064614848915422
0.8553277321374535
0.635084801327309
0.6859393837215915
0.7039818563719245
0.5880550006222857
0.6470160223565481
0.6043128649484797
0.637868187946511
0.6038639881387533
0.5896130305284166
0.5775421689502633
0.5985144440666583
0.6008553323372603
0.5986011022768225
0.5894009776042295
0.6581452416533642
0.6062048657921375
0.6344742919452027
0.5922452359986113
0.6055597965089419
0.6765188588942326
0.6088387242162348
0.6462168320976034
0.7019328031781455
0.5983342892456447
0.5839543005755767
0.6189481883213126
0.5968470648944115
0.5979434727727416
0.6059941130581286
0.6582957029033294
0.6325150118317285
0.6037617082982152
0.6149982028066917
0.7687708929191861
0.8339962513415804
0.7046291635714466
0.7903547980948255
0.8069817123723594
0.7294791857850036
0.7722095630307602
0.8047250016050369
0.815045804725604
0.8267879992106764
0.7527105956007663
0.825723512268222
0.7639781113785044
0.7771193308078768
0.7953793783038897
0.6895036988730553
0.7823644400057888
0.7172698206034883
0.74200201529947
0.8373366914477266
0.8379455106048638
0.7697347863484075
0.8004547971570491
0.8198471126409956
0.8089296240314028
0.7821966763912824
0.713916684657947
0.6832279114721874
0.8110712084005697
0.7572551294047959
0.671753598392832
0.6878302926206487
0.8754337024523637
0.7730060113366469
0.868280961724462
0.9571880298637857
0.9229809553988788
0.8169831136659709
0.9208885799947335
0.9094083353637553
0.8655027619230395
0.8394492074369757
0.9492890175121118
0.8662838762041276
0.8821001418647771
0.8826444842490699
0.8610950465351949
0.9018331787350005
0.8957239464371649
0.9332385272300942
0.7930005931566628
0.8560200262410291
0.8436622750800888
0.7236540117532142
0.8054067754166319
0.8527886574825472
0.8890629184650524
0.8219334341094551
0.88796400716433
0.8142070769160417
0.794196313439933
0.894734432310657
0.8070387368551891
0.7773888910801445
0.8536990477780386
0.8255912359965091
0.8975641761604867
0.8027695598694475
0.8119075917415512
0.8860248054781434
0.9102554145729229
0.8685466718621384
0.8057782290136728
0.809872756118529
0.8080997079725913
0.8893748699664549
0.822476244640523
0.8833770110123893
0.8012890881430887
0.7757363009641594
0.8180000466522878
0.8356932116546288
0.8988303203378112
0.8165832983184651
0.8435108956848228
0.8468555823328763
0.7989204062111948
0.7544768394058813
0.8860342657446505
0.8483032598433488
0.8777847197920405
0.8719457195125309
0.8889198836268933
0.8330897751289006
0.5372085924491723
0.8602779210589221
0.6239159571175217
0.8124933958461746
0.5728866813356022
0.7664280477661908
0.55469849758523
0.6815491624271046
0.6160182082990786
0.8282329678548336
0.6128151515338459
0.6386573539454434
0.6387823147401124
0.6188570898272541
0.7864246280900604
0.5974546699274114
0.5609095440547655
0.5662291876999114
0.6019837906236225
0.5554426425203882
0.811420013170739
0.5636226578603449
0.6090180415827349
0.6435699985340404
0.8622072648905079
0.558206150464317
0.5481451705277847
0.6817791551021759
0.6056356303418815
0.7804408259288972
0.5721554804426093
0.6507240116437785
0.726596755329401
0.5537789029306968
0.6650613931804672
0.44074763704849484
0.49556564425865235
0.5777885686456778
0.5897231795880729
0.5282215727881954
0.6033181647417057
0.5444545656169535
0.45081943087123766
0.7447200162363061
0.7378209464463432
0.5738497806315352
0.6552103319499742
0.6708103690550788
0.4419961166302701
0.5220799329110128
0.6495309244387852
0.5868593349716311
0.5121011315779405
0.5900716002774273
0.5425550912381867
0.5784959638204692
0.7679375426713457
0.5133483649225101
0.6263277730184068
0.652642635993201
0.4988331101336447
0.5192688535971649
0.5962577405710149
0.697000405386421
0.8081905322588445
0.5213023703693921
0.37303342419591135
0.5166644898377708
0.41332178977990075
0.509386683430278
0.3909771812282502
0.31218186979130413
0.3875285830663071
0.42244865413227306
0.40714600258937844
0.49824497093194087
0.31985370414944925
0.26589275067817153
0.53075363468207
0.27632180024890923
0.36670215816717633
0.39568130323293993
0.28457362593987157
0.26167686743839713
0.5225377148045335
0.3482272479610924
0.26434955593470555
0.4767531711321259
0.45341940463324026
0.2537938098289448
0.2741729027542601
0.37599361853491947
0.3797576253629076
0.5197311920292207
0.3477208667583437
0.2915842367559547
0.3090671843223108
0.7769562530759553
0.27245959110758244
0.553200638674627
0.37937908823917255
0.4133259216822063
0.40550110914276655
0.3528643011561885
0.3157562753195188
0.31815572426188604
0.5440563871900785
0.2325503621989159
0.27870609096935633
0.2867654722122198
0.3479827615023549
0.21311115995902047
0.46978708339083375
0.6055145637996431
0.23928990338256606
0.33286327544117
0.5454277413285746
0.2766533222801678
0.3172246963464439
0.30201197836114735
0.34715961780540305
0.34999946043470254
0.27413754473140417
0.23855407674608212
0.3466205633875552
0.4962766733477576
0.3077202188118466
0.24931202534751612
0.46934052848872637
0.8680971921606615
0.7978168035304815
0.8108949827051974
0.8189809039841063
0.859733308160163
0.6261477782247571
0.8672443245272401
0.7425069051385984
0.6443564781031261
0.7715667309192478
0.5444353588959006
0.8863817734280479
0.6198923720230151
0.628370773203019
0.6320711478865728
0.8892951038978865
0.7177050429212538
0.8554718010241202
0.7647342498851357
0.6123676980637657
0.8320848543579527
0.565425626532248
0.5769910332937724
0.9119403804511044
0.7785050638401569
0.5489258078823789
0.6460066135173319
0.7326577100006744
0.6624886545522162
0.8378717326042362
0.8574670020549431
0.8222340272815867
0.6538716084197511
0.8905335783211492
0.9762361542866883
0.5621787628527939
0.4595315019211761
0.4943021053683214
0.4550070154763631
0.4183062813279203
0.4585119231330695
0.4708667838630296
0.46742255086084744
0.45468771103013184
0.45805369135419677
0.49303584742602624
0.4704761342819653
0.4826635093484199
0.555071054142327
0.521861702654635
0.472549983594792
0.5010745811471353
0.47583657512434846
0.5204088925521551
0.48097510350445294
0.49864979353940025
0.4587684450723966
0.48852864076219493
0.3424767614196344
0.5012298275806429
0.5589802211954572
0.5221659199967033
0.38173879540630584
0.6097085152891297
0.48619318419044016
0.4642124391137162
0.6017468682465275
0.5905160574496151
0.5164756446877958
0.6349376574862157
0.5147440757943732
0.6440425726703807
0.6996795288112673
0.5503952812470558
0.6778913568636288
0.5468940331948604
0.6534728373974211
0.6583205523301502
0.6383687220212503
0.5218245192519
0.560581793059349
0.5633159808689412
0.5903584787754264
0.6827554214760898
0.5224763756198304
0.7555341667196486
0.7577384366128659
0.5144207083948448
0.5300126506165698
0.6966907105802409
0.7364559578395087
0.5761966125062932
0.6582510640407275
0.5448799434059504
0.5718221842441331
0.5793223501610263
0.7314077514483263
0.548125400940044
0.5405041234241819
0.7419806497735031
0.9950590914687025
0.6903078495218383
0.7910288373811556
0.7552437669429672
0.7245061762675147
0.7952136457681515
0.7308795694000443
0.7617454767911442
0.8231905557112575
0.6953461826174749
0.7265589728577184
0.7948823504490978
0.7726403183674717
0.7924333920084019
0.7470826305573617
0.7734343607151679
0.6979583895214385
0.7579134393839264
0.7435299204417471
0.6812162822786108
0.7137904629819141
0.7767762112202552
0.7417743429416912
0.7745770382158799
0.806127425981584
0.8021676419515213
0.6455353775567374
0.7850974050757357
0.752264472124849
0.7898197673362843
0.7951791304280779
0.6988421496752126
0.6783247430183811
0.7605223192124149
0.7780414077957458
0.9662260782110113
0.8239702911139285
0.8732304295384621
0.7990919587182933
0.9000197076852398
0.7864996891272378
0.6602174859948896
0.7820874412485685
0.8472220554547172
0.7789789591063498
0.90717138631251
0.8577536994305803
0.7343417600982449
0.7920433607233565
0.9090864765338336
0.6941011997094282
0.8106021098211413
0.8009699307121825
0.7780467710503232
0.8547575164894957
0.8089019012545207
0.8993240577460067
0.8573016098144414
0.9012798109440454
0.8804483068163919
0.800169414412396
0.8021139883148897
0.7709545458660427
0.8989053742799532
0.8178857576178737
0.8745941941848336
0.8143203084763637
0.8092681270566215
0.7892653749364911
0.8335882606944458
0.7590626222753711
0.8222127621477838
0.7023211273653419
0.7885456473822633
0.7454085192485216
0.7710571979548112
0.7412222426623047
0.8484801418285893
0.7860703574040807
0.7768162437881321
0.7427093720171583
0.8331652917475086
0.8611284633465857
0.7626500581809984
0.7865521265910933
0.8423469573657096
0.8644655699479341
0.6546493362592225
0.7667422171935918
0.7844460032832525
0.7255322100445116
0.7257171609701406
0.7889920209865812
0.8507974480961882
0.8463279646507502
0.8409237025982819
0.7624418644738588
0.7514977378568966
0.8291775957645221
0.7281100524274822
0.8299813038485786
0.8523295007463024
0.8366725559868962
0.8956521352966342
0.8339139886961139
0.6646375171761649
0.8174513179743679
0.6558982155094872
0.7461439847061788
0.819108200341859
0.8118076492648846
0.7462235404915945
0.8534116274163472
0.8970182957177888
0.7530040778723552
0.9056908320085069
0.8438826643222563
0.6329066384263634
0.8353272727228884
0.8167557565177073
0.8222144863768883
0.6394956242652017
0.6863925335450529
0.7696571655933072
0.8340472482311797
0.8358303454639653
0.7230481167442249
0.70239644545221
0.8583860584465978
0.8830938405256126
0.7709516387038848
0.8124069504105595
0.8002666821824571
0.7449520057965742
0.8841862827510567
0.9191796374741841
0.8688895196144591
0.7389124302597023
0.7813328596435094
0.8128383036236653
0.8093564296012761
0.8551400613016025
0.7519980467052194
0.7401798019748178
0.8080557220814947
0.7860729142108654
0.8757174064111479
0.8624878315503286
0.8076561551044867
0.8012585978336229
0.7989060225165574
0.8948394299332534
0.7105693566004045
0.7475677199511834
0.7870405684682392
0.7405083584168408
0.8517603045756778
0.8437580265859541
0.8047060350930466
0.727547856588878
0.8697840518402103
0.7685150682644415
0.8261527482924637
0.8174525462530284
0.907797737034905
0.8706548912646501
0.8479028982537151
0.8331427585640618
0.7597671125587175
0.8093143963805328
0.8774094299933545
0.8481519059950411
0.7387191377477147
0.860918920905462
0.876803890482816
0.8353288748713489
0.8011079151001615
0.8733551905551474
0.9259313464293566
0.9043990619935995
0.7644832611667293
0.8605570797106143
0.888127631873935
0.869812066789138
0.8821182104888758
0.801761804362592
0.8326563512170373
0.8648060302357466
0.8838805277775313
0.8866776850826315
0.7892760002639072
0.8399812376544682
0.8338139352750984
0.7977505807780961
0.9081082125228424
0.8551645775537133
0.9106584591034989
0.8590183921574549
0.7990076120378251
0.8275021892045655
0.9808128011645711
0.8912040878736045
0.8859153007828013
0.8795614202914733
0.776411473353231
0.8315316928197142
0.823872390648771
0.7942239913188374
0.7269861178237671
0.8653669324272623
0.8048427040393848
0.8417869923995979
0.8279028163747675
0.9007388157830305
0.8935425879513257
0.9133089788775588
0.8287685343729498
0.7506432379249359
0.8572428532537999
0.7540421170752252
0.923482232653762
0.8980263698182898
0.8331730927235261
0.8320820694274409
0.8022383918387535
0.7365300642538601
0.879297624179588
0.7279885178162515
0.9186391077069267
0.8415700309768639
0.9004644122459906
0.8771234151291517
0.7334948348211924
0.8514657004893745
0.9030988454680795
0.8501600337987527
0.8164717234973307
0.8944490930764246
0.8838606468272411
0.8524038184592274
0.8628897186673583
0.8566135305856811
0.8861830493238981
0.9225271827625485
0.8479961405897473
0.8377260541750845
0.7695935298314424
0.8565091298798732
0.9322997934585642
0.8337678575955695
0.8795278422697645
0.8684483009754221
0.7445476963345786
0.7655357284192539
0.869413903775955
0.7897954472394256
0.9029171269962748
0.8711597476454143
0.9118458686279772
0.9069026669800377
0.7469009372296124
0.8125216116099507
0.8739550187423594
0.8800473691134539
0.8431596445914131
0.8964159464463063
0.7466267905613744
0.8072277099762255
0.862577151740074
0.8299830346238886
0.8437358744237926
0.8604374354930852
0.7547404536055589
0.7804949875684359
0.8428395230926757
0.7744972570269695
0.8122529196102624
0.7774595823797898
0.7694416102791721
0.7413751902859438
0.831058615847538
0.756389369866407
0.798411626521976
0.822224171659526
0.8692080552045843
0.7756997981713754
0.7804164850065745
0.8274151232397642
0.8134074292657667
0.8573239319562016
0.8518382809095744
0.7481323567288777
0.8573434437525816
0.8033000856001298
0.8601172696137381
0.7504552661941912
0.8376732049366752
0.8306480470139695
0.7669261626168851
0.8397473224248022
0.7736395214667229
0.7546291139896426
0.7946046379509841
0.7411190079843317
0.8549691602441456
0.769489252284846
0.8097789466269065
0.8646749283966002
0.7884241932021777
0.770526216124303
0.7749092157681192
0.8134056308749908
0.8316637862727901
0.7817714640869073
0.8018658584121865
0.7425317912400973
0.7269863770270224
0.7733502838043319
0.8027602430319505
0.7814999231213788
0.8212263093989733
0.7264305250447788
0.816105513166778
0.8474027489806272
0.6844185959512948
0.8115992394600668
0.7589230240757631
0.835827799165259
0.799326425687311
0.7936035288041194
0.702353308158038
0.800347537715792
0.7854551318681711
0.8338659746773278
0.8598303906658167
0.808374587313843
0.7112599335586316
0.7549931360057837
0.8147114189057312
0.829146749014721
0.7446072786495235
0.8296928691840886
0.6887401955605129
0.7076056238541948
0.7221549251724486
0.7343664372725021
0.7486342425013831
0.7889089767152683
0.7898150355841447
0.7718868430802166
0.7786493613919678
0.785185535960879
0.7321589744576699
0.7435127054527668
0.8361120468854882
0.6707875818328557
0.8225980232185934
0.8048692763906741
0.6903014402374297
0.7278382978240281
0.8211497707226714
0.8111225483156185
0.7229335829719818
0.805677827245358
0.7214007801142723
0.7445244691620059
0.8656645744907199
0.8664739432870635
0.6939716753568326
0.7072133253402461
0.7596640258039166
0.6505282275742591
0.6502122308333498
0.7955506672799598
0.7441633719309066
0.6719951811577816
0.7098858227758353
0.7458201950800294
0.6250187074021771
0.7977369766004181
0.8259975781240342
0.7703921956215029
0.6505005317789625
0.7913309188395861
0.7696810770979802
0.6437965304121239
0.6993221466646444
0.7376743344707173
0.6565288104933402
0.709854103510176
0.6819435170300783
0.701736265432052
0.7696410889447203
0.6998742081221885
0.7246773881982302
0.6900735440520976
0.6958512008243691
0.810675373801742
0.7013976388999432
0.8741953300932205
0.8795096748082459
0.6948714321148044
0.664115378953977
0.663904362883439
0.834393193290375
0.6142532583003077
0.7355362775372193
0.6843050271326969
0.8139374443021405
0.656853495316106
0.689647907097046
0.672284916738215
0.7735420205717767
0.757529953548661
0.796122292755183
0.6935359588559445
0.6547660329094818
0.5803614742459089
0.6349437472165251
0.6571101445724538
0.7309940611808581
0.7864222781405115
0.7822905270504709
0.7443063794106339
0.6110244766710352
0.6553564699452695
0.8091133421899305
0.6584867298916014
0.7312254421020423
0.7830213935217983
0.6205816375654789
0.6657028360376289
0.788215181075499
0.9419533676639629
0.6497604221815576
0.6986769718249661
0.7873495175610445
0.6972405939876943
0.762179812815533
0.5944717117269368
0.5574213793473001
0.6599532396641692
0.6635546174131637
0.5738629350858322
0.6878315457255345
0.7279272737476163
0.7760963544142798
0.6930312221358654
0.6699009508329067
0.6058149761593501
0.7648331483006092
0.5955241381811782
0.6151689186998532
0.6581757164484308
0.7022757895944316
0.7063726156754613
0.6979689008744944
0.6673774071026921
0.5973956053576515
0.5722962954338383
0.6177302126237765
0.6918107427998439
0.7147326033095065
