0.9867646552657241
0.9503999163330984
0.9753621274958628
0.9756317763993825
0.9567650559600388
0.9909435091793297
0.9555659046477746
0.9795744482954589
0.9635546876363481
0.9537357543294056
0.9648201135841168
0.9525613724547295
0.971543649603265
0.9607561603419825
0.959715917245746
0.9780370008159778
0.9536514936632341
0.9905798165536174
0.9790085673618869
0.9768306220219727
0.985795098252741
0.9517718235575072
0.9731512495091974
0.9671238560485242
0.9591589590258549
0.9610810359409367
0.9620488529239499
0.9578731415414122
0.9653996820073989
0.9755687135770883
0.9814726682846939
0.9751877255096686
0.9840192374570729
0.9513345557714327
0.9607063513253691
0.9536479994662204
0.9828450788053451
0.9342633991505436
0.9543444244974066
0.9584275085044844
0.9685738775797295
0.9393191075680221
0.9553637933964103
0.9454219057832534
0.942141842758487
0.9362544039609136
0.9708767972913421
0.968893949504425
0.9278717830293123
0.9468909940692748
0.9658136303429259
0.949797912099467
0.962160444690028
0.9852763213145858
0.962456388093803
0.9240770505819278
0.9282326900686194
0.9429593300973451
0.9427869430578336
0.9472252220192006
0.9459679421009368
0.9415820903380263
0.9403377833436364
0.9258672372740768
0.9311396852022575
0.9519378086716652
0.9341861732236156
0.9425036629377204
0.9323885686331873
0.9467045046057629
0.9276968491014894
0.9433468711506308
0.950319335821423
0.9441395796511932
0.9286382676241175
0.9493550780965402
0.9432157581065663
0.9502245761919547
0.9439419348408586
0.9366619447711216
0.9442475430712549
0.9432281337864996
0.9537573670999837
0.9452413907615668
0.9221882044570071
0.9510188468030483
0.9419337933692671
0.9308440711015284
0.9285458982832988
0.9422387673614946
0.9375678663053879
0.9452519786519824
0.9271128884134519
0.9450319320308962
0.9331569333026352
0.9434941649492194
0.9278319645681677
0.933780055359652
0.9266602973182574
0.9286497386670858
0.9394748192118685
0.9387356155996631
0.9366628498661619
0.9268517312688971
0.9383585866216777
0.9367715253058041
0.9293265305533911
0.9408675326401186
0.9426751916099497
0.9405563202654683
0.9411971705110257
0.9419841809085092
0.9335245482135189
0.9385622609451946
0.9325490401703899
0.9412158038332048
0.9495922018296418
0.9146952342584986
0.8952362739014623
0.915416168394876
0.9105105148985408
0.8928255841848839
0.9254804668442227
0.9210509915025948
0.9396589125357668
0.9244503637464163
0.9268415816490618
0.9247288741855686
0.932859899341312
0.9240746487644709
0.9302956137228415
0.9308435727640706
0.9240529409976679
0.9385638426493881
0.9530380198931723
0.9340622918050925
0.9214967174158142
0.9524786894151352
0.9479443475212623
0.913538777620746
0.9245740910300727
0.9263943417715582
0.9285759393598361
0.9403725411572743
0.9262945683320535
0.9656806430533558
0.9720644041667396
0.9629305185405862
0.95570427343954
0.8766459207050085
0.9112215777702836
0.9328890249047952
0.9019628759764838
0.9378284116236396
0.9054957366912011
0.884039563566559
0.9188112002420804
0.9485503168213634
0.9469768486932739
0.949497090648857
0.9475819891696309
0.8808298917179087
0.930853093627368
0.8756455507401992
0.9476634775665722
0.9336707153167498
0.9353231115254402
0.9345918654757617
0.8979354164702271
0.9367303255065251
0.9318373149959058
0.9344890603851436
0.9312217537532914
0.9337020304999631
0.9265286262830947
0.9656476913486529
0.918631468512038
0.9251962080806166
0.9292387845175025
0.9323103400641772
0.90539551353756
0.9072134752426677
0.912403456869531
0.897866735451102
0.8840001080674142
0.8862074983307717
0.882279854863945
0.8959366691713002
0.8876852925465433
0.9193025007541112
0.9166156915407574
0.9088088775323215
0.8615776828992983
0.9181442039953568
0.8825317981634241
0.8761993788222563
0.8962402788579336
0.9061978055100043
0.8683397198649683
0.8834504575808706
0.9192099720271891
0.9165295989307963
0.8797554901307545
0.8695612288796539
0.9016022449276253
0.8697661822060005
0.9238410005910644
0.912423415744562
0.909203897377914
0.9127389530777925
0.8967840460551159
0.8419588430917178
0.8380785437181248
0.8562955487689041
0.8593980906726735
0.859240449691195
0.8127804954274273
0.8461970748545348
0.8468557634451546
0.840075782202407
0.8251780506988431
0.8418911107598925
0.8780780037015861
0.873402886744843
0.848844732109201
0.8456433889390772
0.8601521774467924
0.8677958300305535
0.8122673766158082
0.8672289875624446
0.8815898733595626
0.8369010297047543
0.8457997006135232
0.8469391462976948
0.8165724678369909
0.8728413989282949
0.8324956431571454
0.84900155893031
0.9468738056208028
0.9216626127922605
0.9000370957377661
0.9257014988081851
0.8139130439006539
0.7839886216739973
0.8644533549072699
0.7908332188090651
0.8034371456172054
0.8023492136001606
0.8292696363940859
0.7662576891469298
0.8385557037153445
0.8484826577860072
0.8983015080864962
0.7379108022536339
0.7737163151936555
0.7586329742346347
0.8042241710047934
0.8855158996878587
0.7871638716179493
0.7654465240389522
0.7521852627472282
0.7663653966267576
0.8533516991831009
0.8064148321410054
0.7935641726772039
0.844517539561044
0.9028760376414774
0.8893641813653614
0.9029765150685388
0.8484944310535247
0.9236588299635338
0.8577873850282547
0.7895296848406146
0.7236852800686128
0.8205615755797494
0.7549248482594664
0.7254624399628571
0.7965327166309544
0.7731887358603764
0.7356138751597027
0.7061477856906619
0.7171632732024948
0.8082936011909991
0.7103453863715353
0.7900035478129607
0.7712651752082518
0.7448209490132716
0.8405930364335832
0.7636314457024049
0.808156067356289
0.8101767834696201
0.7179911063305049
0.7262158435986532
0.764040966404884
0.7308065649223456
0.7080750203579613
0.6901510109164626
0.7558345387525368
0.8235606012666677
0.8437467632167008
0.6774546767182383
0.7993233299386797
0.8906087098859066
0.6396710697513315
0.6914325172224949
0.6699386394470861
0.6538054287481954
0.6579486456546034
0.6567880851166055
0.6233511648150278
0.6826502869351019
0.6807137958320502
0.6567367695186767
0.6482545400500425
0.6420552097559291
0.687281010330208
0.6775124027171762
0.612029558490745
0.6531825350095
0.6808860198248501
0.6008725455305609
0.6310958912142124
0.7091520263663103
0.584178760347388
0.6627873343029766
0.6820180474323809
0.6706224887970297
0.6246182778730067
0.6763056977557721
0.6823621916499896
0.6686307263209595
0.60498823512322
0.7009920536578664
0.6067264980655668
0.6367604691484103
0.60213214747096
0.5904092954823162
0.5894224364745749
0.6157693815398142
0.6170477637308422
0.6029870378684248
0.6003597469463168
0.6706635195842141
0.6309879726891948
0.6274149737697927
0.6106063123745273
0.6077970825251557
0.609740002198024
0.6334114610533856
0.6801335075015691
0.63785254441399
0.5884536712858273
0.6001904064695367
0.627915274668968
0.6134801856847945
0.5999284573595207
0.5927861542124904
0.5949563085863043
0.638790199863889
0.602256154008835
0.6169416912396477
0.7710000363350393
0.8342785228546016
0.700121145977274
0.7859389765813027
0.8019993313131913
0.7242236094524928
0.6896950535891225
0.6897911406285067
0.736520534273573
0.7556385027859025
0.730708630784809
0.7619854582506271
0.67709073785125
0.720351195719487
0.6990465943067226
0.6780573002433742
0.7025305101738009
0.6943498663138199
0.6660152777170789
0.7842551903422181
0.7364791191619489
0.7293110419599813
0.7514660084169748
0.699535738385225
0.7823983872252058
0.729807672551619
0.6996144362022935
0.6626408507418318
0.6767589304101154
0.6818082196326058
0.6668455935581332
0.8569364703566642
0.8155489429240272
0.7853989088077081
0.8867015857850913
0.9375365047836661
0.9125723989672085
0.8004774246134345
0.7036788463207029
0.8485006784480933
0.7237558250749871
0.773221415807892
0.742845189253589
0.7057846232624502
0.7721378487490579
0.8351036144921458
0.7327820907434643
0.6967976779242833
0.7690201018192422
0.734867423123172
0.7203604328644893
0.7166369849939334
0.7640733505191586
0.6467612315470276
0.6782871617657809
0.6927177106249021
0.7250411871413185
0.8393520020702766
0.7023888159865208
0.6823903455721195
0.6273548344613487
0.6907202316450687
0.6720837313157182
0.8669210414926939
0.8396481608575049
0.8678651735166047
0.874435642472811
0.9046249423060997
0.8214191826929661
0.5588078019346974
0.7924286571686233
0.5503541457875819
0.7566349593998183
0.5598039236810661
0.7665478827271464
0.5482402853932755
0.5577988869600936
0.5924452656686441
0.7386253123840827
0.5529334529872738
0.5467427504303446
0.635495765626805
0.5653605264652091
0.767088865370773
0.524511735855745
0.5541590870351312
0.5753275100814972
0.5448823040193153
0.5599777701135396
0.7520921688680005
0.5313003298800483
0.5419766225857973
0.5352743043324604
0.7875305000766164
0.5307131975684389
0.6784357004003306
0.6220716818900716
0.6353167921145222
0.8110108437005268
0.5739997628638005
0.6140127652147969
0.6949414252872632
0.5760146198542487
0.6006642463772995
0.5569583766236373
0.4943478957341007
0.5436795206467039
0.488246905766448
0.5229164811831363
0.5624862479884075
0.5111337611877408
0.6022963456440811
0.5917222786666099
0.5324994638034792
0.5066765429649194
0.5877160331682643
0.5876559710833572
0.5006079153117868
0.5051304437337094
0.5483998239230982
0.5206323150353703
0.48458295648781186
0.5091141020903625
0.5248319838700842
0.5236361388449001
0.5303415340475237
0.5172495440508682
0.7865092338403995
0.6530967128480654
0.4534740382841684
0.5000907419519732
0.7418981504285611
0.7240146710392314
0.5073151189152076
0.6330012229242086
0.6142506702823081
0.5359784925200899
0.5196414190073535
0.5320009370810725
0.5976956598841321
0.5444156639212766
0.6059264439779602
0.5081539252975332
0.5048893708339575
0.45137854942845884
0.5434051389334877
0.5644279455204944
0.44434972784858773
0.5571039479078788
0.5725707144682801
0.5108715043420291
0.42956631700356823
0.5571685111289205
0.5510482783613195
0.607592408098089
0.5762101446986536
0.5748827563243947
0.5295699903594864
0.2825088246699099
0.4317790806164361
0.37112178073724916
0.5167480047700984
0.5157130310851397
0.5095173858541227
0.26142939621448164
0.30290212276115813
0.3691357775246348
0.35527769517781027
0.29040256324504654
0.23372224835765848
0.22998061464208017
0.29708194768381607
0.3833207288701195
0.25477294645672843
0.20733057398977606
0.2053076855676251
0.21272215927050708
0.2051792601942915
0.3652353983246789
0.26693185745184095
0.1740431017291268
0.20390888197814022
0.39056843799934815
0.18596916961976856
0.2474086007192751
0.3000804700161692
0.21053512336747174
0.35735553077840526
0.18043998740563344
0.2899013391952586
0.21239812538491742
0.525756553359169
0.2839312698476045
0.4795039296279901
0.40443763001939603
0.40342641848065186
0.3219082232911816
0.4227429015358717
0.3050196027200993
0.3015960507008135
0.5873090476815139
0.4081603614972738
0.40803387899637833
0.5520313311029084
0.44675340635293437
0.4553006363865512
0.5374150056642605
0.6220204312994781
0.5918446356231416
0.4182301649801351
0.538926787028312
0.49524105397292245
0.522854514065997
0.43578948274747525
0.5136128304762475
0.45132998047018746
0.4839697317200397
0.5127982346664852
0.4886643494268621
0.5410457250722716
0.6019019818526785
0.37412237917382896
0.49770746863753335
0.5938986606160908
0.6454807608927269
0.7277981681052536
0.747420257832218
0.8408641387140783
0.8207378286434606
0.8209988248067367
0.6331838060541994
0.9124820197903997
0.7771292786629587
0.5482084210440948
0.5064277976601947
0.42897939302820287
0.585919388805255
0.4205760362473521
0.5095531615008866
0.5148034458593023
0.49121313966062913
0.47160753414642526
0.576276889238737
0.46872448351752083
0.4889907054028194
0.5371653302223491
0.5404287055632035
0.5189342239547416
0.46359634721980447
0.5374319739367128
0.4953700474437062
0.5639874090951418
0.5034745106826106
0.46477375487209815
0.5010347239532486
0.535950772738548
0.34039215474025186
0.5468623105320292
0.5379259705000414
0.5131223938811327
0.4681103153307407
0.5382155805645261
0.47288324490385375
0.4585770576899645
0.48603239590579367
0.48172267549825054
0.4574721291550405
0.45665504384206673
0.5180585352183402
0.3738040218109865
0.38501248208580285
0.5001199821680296
0.4675009523207087
0.45408376071654805
0.5459974078265991
0.41146008329877426
0.4672582874878412
0.4705144055427767
0.5103655482344421
0.4180231400649169
0.4556078154286864
0.4440358616846608
0.46905394957392876
0.4959895060896815
0.4145485819580085
0.4688539736284525
0.5160456949168646
0.49342740998683315
0.4273076203848084
0.5269321183073048
0.5799686036087688
0.5367546521632401
0.7344854749903251
0.5447131425688982
0.6444241800689219
0.7080108065455708
0.5574182736674064
0.7549608229331035
0.5115460922163968
0.6968953533739974
0.5480203931760568
0.6764027446748366
0.4357380416649439
0.6038444488907362
0.40799521966097807
0.4788808592170404
0.6249516812627756
0.5202963998085567
0.6856010518072437
0.7485220216449168
0.4389345409381997
0.4929624723556399
0.7731122940955985
0.7235449041914941
0.6440873409871395
0.5389427829831513
0.4766795462511331
0.5008325661919248
0.41037644617916125
0.6910843497429859
0.4581704612733425
0.3864060177612782
0.7370545025436599
0.7798943484001548
0.6391597279700476
0.833332880145618
0.7791830838604348
0.7940248959598453
0.7755091453985439
0.716758902967281
0.6850290794816977
0.6750784570709918
0.736270233908217
0.7108218315779037
0.8151848915023205
0.8795028861864784
0.8635887521667216
0.7632396799161626
0.8383808005786628
0.8243563513053738
0.776332508071427
0.8173376993375066
0.7673224758011645
0.7808311101502351
0.8287702607648695
0.8369399452016837
0.8178308788067488
0.8771868227225394
0.7855665275689394
0.7520731920532295
0.9179286136415173
0.7464426883163855
0.7880157376667534
0.7796967311064458
0.7910545336590409
0.7525485363839552
0.8049045353024697
0.8196699802909438
0.8015919617787697
0.8515783991190358
0.857254958823279
0.807095724100021
0.7045880305664192
0.8415991437676122
0.6913156554090103
0.7637797100106059
0.723989473235767
0.9050061611316267
0.7985485727855768
0.8081971104624049
0.8552606775034737
0.8257715181332188
0.8542580328957462
0.8691467106147199
0.8804147962084231
0.8585527705771122
0.8104871343090086
0.889115338512791
0.8580024330789501
0.7620288247483316
0.7728811459697007
0.7512879681080649
0.7329852248807867
0.7669732260813162
0.744777875355227
0.8900206824564801
0.7956033722794913
0.8124610154032845
0.8154659126890724
0.8607697585474773
0.8664982022345354
0.8066601483539642
0.8798559850296768
0.7400164912046965
0.8268469690565571
0.8386525726728866
0.7566880333355622
0.8254839821499121
0.7519199536225571
0.8463514885948638
0.7825023398930108
0.8056330417012317
0.8339271339034207
0.8362221795377691
0.7986480627100214
0.8128042142469977
0.7214562684484465
0.7812650253317359
0.8729576314451892
0.8390724915903657
0.7220871685284524
0.7962747018890368
0.8117793857666349
0.8482292328257639
0.7466997241944173
0.7698784704813725
0.8199922901044325
0.8737809697467782
0.7825312157060087
0.7405287787692332
0.7261185160021411
0.8275657248575914
0.7900046142706934
0.8206768843108183
0.8286064664177251
0.7109595904188759
0.8180758117608016
0.828222648873183
0.7384389555081294
0.7032194173662343
0.77916956936344
0.891223312075586
0.8963143220888905
0.8301820357096149
0.7874567260603923
0.7634258116880233
0.8294062859507361
0.8318870895719153
0.727811035533368
0.8062123162152971
0.7630780709162198
0.7709779157968899
0.8000697181587539
0.8340879389207846
0.6929977302571256
0.769557402383012
0.7591701160780133
0.7665384623317065
0.717815538367041
0.8686831685839085
0.7080187225582504
0.8722239543956392
0.8357353102360814
0.8474197725128605
0.8082744905405376
0.7310030135770613
0.7976744242499005
0.8288914308780284
0.8305113414484475
0.6417364406117121
0.8319498774980213
0.7512007253999802
0.8823666454367753
0.8114246663095421
0.7992085684816954
0.8046264835164962
0.7385998124985682
0.8046777032559004
0.9042006459607593
0.87651667880613
0.8630789324308722
0.8286412399719073
0.9214692555699358
0.8888256101218058
0.7181131444445596
0.8341267823307961
0.9086390022911974
0.809871891749278
0.8047154799548288
0.9172772034597583
0.8735250636649642
0.9071846516283159
0.917046722007252
0.8910234188282534
0.8307322050376343
0.8394563431564195
0.851598823072986
0.8718942021177232
0.8747019269079273
0.8459419401976391
0.8682896546056452
0.8079787160519161
0.8908916911386469
0.869336565089608
0.8567063220424351
0.7487621571910116
0.8567132186106221
0.8583989745730467
0.7332014559632803
0.8278313076455621
0.9107837328927247
0.8095800551542001
0.8999021653322058
0.8335453503821169
0.7725055978443089
0.8579559372746519
0.8267556345842619
0.8445038772463955
0.8257940497646548
0.8303433688586384
0.8758360386199714
0.8705970643174838
0.8687872108718435
0.7744131724274947
0.8186949411133464
0.8299535594596223
0.753021950860209
0.8862209749258851
0.788329258333642
0.8481015950265057
0.7211834279220324
0.8953828429699062
0.8909215470782201
0.9287863706106858
0.8322907437314595
0.8564510914431517
0.8045749220079594
0.8303209204632027
0.8172597805472896
0.8323755073715968
0.8378946334356246
0.7315617951443294
0.8525546387241647
0.8411808243261378
0.8405619163465635
0.8461187571855778
0.7134296443984066
0.7329488830389025
0.8781280149501324
0.808002574322709
0.7766025046197369
0.8311815862547183
0.7988298927568479
0.7422052474187015
0.7545499523268564
0.7255236321953141
0.7552253658342243
0.8262380708391002
0.7319170566274108
0.7421985109265965
0.7426932721330775
0.7455759652195261
0.8613598968871066
0.7525672408074633
0.8124638353675684
0.7556327055295824
0.8688164918417767
0.9128766905718002
0.7378416468696523
0.8016334228429016
0.8680440743135472
0.9081054701563673
0.8650089218944519
0.8566245949846218
0.7687594650906566
0.8465300030958449
0.8873325503183046
0.7439150711167845
0.7063840858122904
0.7509102545155499
0.8315130226288119
0.7248120681215641
0.7860430104306182
0.732356006206502
0.7428918230085281
0.8153698700357147
0.7205294813217026
0.8747744439613034
0.7122885757929196
0.7175034379794745
0.733872524761949
0.7379703369603727
0.7355010292647748
0.735955649286506
0.8142474339928139
0.6866107590102596
0.8005508411239902
0.8219165506360774
0.7250871165610111
0.7174591993294649
0.8065795845129191
0.8664322989150299
0.7552096935432064
0.7451886010122788
0.8668379977989861
0.8416183560138528
0.7906763405727835
0.8315236996529909
0.7972991399844742
0.8034200543770841
0.7816320694923069
0.891536825206352
0.8378518025903364
0.8421087098531126
0.8639565151077053
0.7955076924441926
0.8406069855919196
0.8816563915222964
0.8382898662180247
0.8067824420745286
0.8341496430284143
0.8631164199371493
0.8350633123060565
0.8895097651939595
0.8344593518463964
0.8921314321106659
0.795836579627871
0.8368639910132663
0.9067719196653945
0.8935742153583075
0.8670250113850444
0.8577573509660228
0.8134341111454413
0.8120017749184154
0.7986740024735601
0.8021101683915132
0.6975786711016908
0.8520163352129893
0.7367977745206824
0.8141188402582307
0.8335167364607039
0.7876840331774974
0.7204772245078049
0.7163051235522493
0.69546835609489
0.8112881621664981
0.7270817407004354
0.7607561647217352
0.5853565240536684
0.7067905572417245
0.6727780190524721
0.7207759687085431
0.6615461996451344
0.7433994751377926
0.6682279318648129
0.7770062876101433
0.7235535159149091
0.7100267065931414
0.6556583469875787
0.6869273665118965
0.7438858198082509
0.7822030159051925
0.7785647108404977
0.6596499773108
0.7606602822460717
0.6834460809646887
0.7500516586121126
0.8149848372023742
0.8079001227595564
0.7293529316673415
0.7141341438159692
0.8240746113598945
0.7678454430013193
0.755929237387865
0.8125731170356896
0.7320749632289372
0.6302536873436919
0.6839077037469354
0.6543899310556418
0.6735884861590671
0.6843989689550898
0.7358992651591645
0.6911674334893925
0.6458254167192018
0.7016319820099257
0.6810359493219339
0.6738081736371455
0.7294240042887776
0.6834867106451858
0.7149926925347443
0.6632088469313802
0.6878428607650694
0.6643551881781045
0.703936627023106
0.6961769978002608
0.678450139063554
0.684442690569971
0.7017236516225682
0.7047513262012506
0.6672043493788122
0.7243694786520947
0.7571969666167275
0.6804692712308276
0.6963413199071831
0.6786760345846574
0.8030901284804824
0.7520649851044348
0.7787916429491883
0.715889429610559
0.6361722440137385
0.670147140234929
0.6757189247711666
0.6642535756038809
0.6387977163282792
0.6748127062684722
0.6782040001523828
0.6278039034073659
0.6739614732286023
0.6710698722385283
0.6781453682211693
0.6316175608063924
0.6697520860674357
0.674844207034061
0.6092283348936084
0.6580819109118816
0.6140921588092436
0.6966319592236605
0.6352313282938713
0.6413922025204492
0.6505814987395712
0.6249342631260677
0.6729062251886104
0.6542603603528133
0.6558265089799181
0.7312103401868678
0.7110340842871993
0.6757520026561419
0.798564514887651
0.6125221715030997
0.7450626682348813
0.6661127271923928
0.8328721222636545
0.6435738107325605
0.6474314579095537
0.6615036492357605
0.6805664672064171
0.6774094995742708
0.5745568792782613
0.57154893268532
0.6446263594247231
0.6185176965266438
0.5997305898244208
0.6811314583419739
0.6798459154583234
0.6789215292514588
0.6649163486213481
0.6207386202322237
0.6028529040747725
0.6690598798850261
0.5722262719411889
0.636782575949408
0.625603950189656
0.6585983131965579
0.6374570816515492
0.6534481990708445
0.6638889740303768
0.6037820663027118
0.5707723240012859
0.6230311514392088
0.7480799503968707
0.6844628427654054
