0.9558604055652912
0.9582955284437837
0.9904491940726702
0.9788234759900035
0.9973446125790548
0.9839019173189091
0.9977737663619924
0.9726089007924211
0.9942013026487203
0.9650946656681005
0.9899016131939598
0.9586480043078124
0.9746524568060856
0.9870805337669779
0.9610804270723141
0.9689617834176143
0.952758974365048
0.9878066819852616
0.972913420805949
0.9783510487787757
0.9916025975287814
0.9842816984608956
0.9686087143748486
0.9657144974614271
0.9588506186236927
0.9618690706627272
0.9758977383341001
0.9580094512342721
0.9678273224600078
0.9686812588455241
0.9904859255825482
0.9868000333992131
0.9704218689186005
0.9851987456574175
0.9578157045754612
0.9804306320228768
0.9831171818560087
0.9707646501046645
0.9776049254933792
0.9814261043680057
0.9582373987816932
0.962878980142148
0.9582853623746876
0.9862955274911247
0.9900661607994643
0.9727911583089512
0.9592784048807794
0.9773696445653146
0.9630459360057031
0.9719017573689902
0.9699086390784701
0.9839415625398389
0.9571928108170795
0.9889162996140116
0.9838308798811344
0.9660170041508602
0.9986498819552787
0.973828327763181
0.9934912710480006
0.9934410741653402
0.9844495758512787
0.9975790184958326
0.9880625758458021
0.9768177733932105
0.9822980244751556
0.9935559709579515
0.9984535996271626
0.9886573935029408
0.9922067168793034
0.9931615731744277
0.9947866724764749
0.9979164294139429
0.9974107891102066
0.9883285841475014
0.9678739073481232
0.9750034137242842
0.9811178974040364
0.9865396897148329
0.9760866795974534
0.9730816560920057
0.9658568453606203
0.9665019334584422
0.9638214266583718
0.9853345218331555
0.9453339294303497
0.9740255145020897
0.9727402516002193
0.9675719279459164
0.9650969811736347
0.9762584093629063
0.9712933330116346
0.9589646201044706
0.9555320256104738
0.981479126822008
0.9763865857746199
0.9618138514275698
0.9659328553596397
0.9901745853899402
0.9682469668717801
0.9672325719820173
0.9977190539925817
0.9750032263390594
0.9591023565496382
0.9329735468556128
0.9410437866829682
0.9462069760170146
0.9578418873615411
0.9625202067264551
0.9496860263873101
0.9535414144267631
0.9473886342276723
0.9524858061406868
0.9570200579961088
0.9406446716598478
0.9475191884067221
0.9582107237548317
0.9714182381493883
0.9734979790694814
0.9710446198127298
0.9703122416224086
0.9570833757195438
0.9554954649941265
0.9754756458685272
0.951038564580251
0.9627631108193928
0.9591287252245944
0.9735073229315154
0.9507324950146321
0.9488503337389655
0.9740976757798304
0.978713594605321
0.9699606023931384
0.9624746759870534
0.9743599742437759
0.9659278562046264
0.9438670604724029
0.9474300447810047
0.9614579828463
0.9650245459662256
0.9451807189057209
0.958361295119054
0.9685503939973956
0.9469772506248741
0.9662604617229876
0.9629555804161489
0.9731982424569949
0.9967398363609343
0.9766366484232284
0.9767382833449689
0.9747805047107785
0.9549619441532016
0.9738164159918241
0.977483744515358
0.9622065383278413
0.9739810787948883
0.9774901654512769
0.9751223694780583
0.9793180126233032
0.9770673220295104
0.9759670614651229
0.9780684169228648
0.9714008172236582
0.9656166224111453
0.975368419767237
0.9524368616521738
0.9274198641325929
0.9541335282619439
0.9441726919736357
0.9365551645827713
0.9375590000931819
0.9339156443653174
0.968844675584365
0.9540079432116298
0.9641984131153393
0.9430949238167003
0.974828010608995
0.9789521676243076
0.9722509520744881
0.9731626052617519
0.9633540981179357
0.9773209035045085
0.9983093341290433
0.9794769932587254
0.9775093098242046
0.9825005680104091
0.9705826771968876
0.9753267080832585
0.9650164125139016
0.9738935856618913
0.9918916799782618
0.9899309646067918
0.9616428595349371
0.963801746654767
0.9989907030505901
0.9866564500661017
0.965509948463207
0.9208988911195097
0.9532690426672936
0.9759184646620873
0.9437713730966292
0.9792679585605553
0.9626552538247508
0.9262378936623833
0.9407372525381918
0.9643804398267359
0.9710342122170017
0.9950984952626357
0.9858811226722113
0.9405347908922842
0.983999869825041
0.9234325658902516
0.9998071055075335
0.9703204433467172
0.9755912105181201
0.9756361540488722
0.9495091231023736
0.9742999687062578
0.9781634292258985
0.9766643155036132
0.9780757269649304
0.9761951211858346
0.9673786591915104
0.9863986166587859
0.9420711214781243
0.9177716841220398
0.9418385189820185
0.9322951212520465
0.9212199585500147
0.9015675365708293
0.9117209930338785
0.9201995701100179
0.9046400940926835
0.9222388288747005
0.8955382507452703
0.895187875882282
0.9220562172952165
0.9158746415938527
0.906942926739888
0.9845439855082044
0.9461220978672591
0.9465012611631558
0.9615645920573865
0.9253316450823716
0.9697393059094097
0.991720413953274
0.9307010528230212
0.9178446285459991
0.9334253830148407
0.937057359508416
0.90771273890782
0.9591653247451949
0.9519686693890694
0.9606079177630762
0.9242885987072088
0.9482321229000326
0.9357540490244737
0.9208525261608812
0.9607935321400891
0.8530297132168558
0.8915830096578021
0.8690250637775356
0.8920949888863734
0.9132675347587842
0.8644011632373826
0.8936481989732917
0.9297145929381381
0.9426536681347237
0.9248782688763869
0.947918924204732
0.9519742795006192
0.9762603581361489
0.9540345491352604
0.956947893848321
0.9747121233267839
0.972852741530802
0.9386866187100223
0.9553622367578591
0.9540983131581723
0.930443117670232
0.9446428960903759
0.9573472610501046
0.9459344028440614
0.9754202242634278
0.9486235420242739
0.9747517105216303
0.9693470357450855
0.9708200042379024
0.9656162143810763
0.9674849682575062
0.898936259089461
0.8440418493426158
0.8952722134739334
0.8661009111232588
0.8941532923380868
0.9043434700645425
0.9249580122055205
0.8480475952163757
0.8791443251040219
0.936221832099468
0.9275703552651349
0.9097031324348663
0.8822390144919787
0.9238220932519507
0.9218307423883513
0.9198597688461967
0.9690346534188032
0.903662592734622
0.8929841936145588
0.916358412666346
0.9757426475539847
0.8882289114959648
0.878606364435529
0.9073589635916322
0.9049243250920599
0.9651018754706416
0.9191143676442013
0.8722988988356846
0.990455652162754
0.8833756308125361
0.7964556238682958
0.656506269586749
0.8715638108467199
0.7366689414639649
0.6764151632594536
0.8411998175320766
0.7639148104325779
0.7264574667901437
0.6832737816847425
0.6992814863428269
0.8171992704520643
0.6879610876949047
0.7712356962578499
0.8522081427472021
0.7207575990986872
0.9722748401882502
0.7415671305811986
0.8529670592467673
0.8000044044785993
0.669432314654167
0.6683509465080932
0.721281792529376
0.667593802277903
0.7207731937058182
0.6681937169874343
0.7905527712542044
0.8526401247628376
0.8716486231239289
0.6797151536898125
0.8964044932095916
0.9994487484061673
0.6140032206002674
0.6048405961272142
0.6716032269335945
0.6037760210095531
0.594026196443252
0.6042565535054565
0.605705808252866
0.6029625598804706
0.6167801684106793
0.5841530165328371
0.5972631974979072
0.7636534054324362
0.8387364512688604
0.6814959586058262
0.787135016130039
0.8432215796591988
0.7173890846419566
0.7625770871819455
0.8060757282772344
0.9598696002774751
0.8874609260847839
0.7258310457091826
0.9674353814399765
0.7595864413683932
0.780847153535445
0.8048412354776313
0.6854893599422053
0.7892805715688629
0.7208981890441433
0.8016879222638531
0.8429247671913168
0.8465888427752288
0.780595079506764
0.8026925261208604
0.8205380541901366
0.8286943485078765
0.7863532885006631
0.7264434722014859
0.689960547645352
0.8076800220670316
0.7676479349237605
0.6742833979752672
0.888455511276076
0.9626186400721068
0.8472615674486534
0.9249705360803605
0.9702000004450138
0.985278571818446
0.9405811864524827
0.9717220397304211
0.9767354278160572
0.9088321522276972
0.9106528910502986
0.9870990709476246
0.9318403454553368
0.9090916725491367
0.95456255704949
0.882513267329302
0.9483643865506937
0.9920598639326772
0.9691399577960036
0.8446480650114169
0.8804020449256962
0.9200745600918189
0.7058470606795214
0.8216623215088843
0.8260208949194014
0.8807325821437755
0.9543965394953523
0.8877521999461472
0.7383900726988472
0.7895459990506717
0.874332885742123
0.9077164731055201
0.9399546156418677
0.9635105738995816
0.9122371955612114
0.9649732145912844
0.92740342779041
0.9634917544249353
0.9820085055099866
0.9277849789588211
0.9731602266839903
0.9549173969422963
0.9714785223262241
0.9465962500494446
0.9131714279035781
0.8884077212052948
0.984248847490573
0.9456037927755605
0.8599633678073368
0.9471933150529922
0.9798163767523635
0.9670851483883001
0.9480296777202395
0.8647749024019465
0.7939832926903755
0.8953271444549146
0.8466795744226507
0.9158997504884296
0.777142465081526
0.7941750912468327
0.8627890275938562
0.8943455375585713
0.8812339838255187
0.7968961273174671
0.8670069428347037
0.8791160939051899
0.935221469357657
0.8941365470553941
0.8860435717342925
0.8516146138957374
0.8829812981308778
0.8822164177840562
0.8918586790055775
0.9333126940167447
0.8688429122104425
0.879375705166417
0.8852219460267801
0.8110627184569126
0.8288550535356817
0.9068923461903222
0.8888439585741286
0.9703701273072995
0.8992627141101577
0.9264373607621829
0.8569180039459842
0.5893623598018987
0.8685317345516964
0.642819597754342
0.7808031928960364
0.5474801238762957
0.82752766838277
0.5531269290404538
0.5981027289277816
0.5902811089501881
0.821790159430136
0.7049326287877851
0.8682989483542083
0.7427226716194302
0.6667743938730255
0.8692338575350146
0.7884803541736815
0.735815328201622
0.694019994132393
0.6383678953075134
0.6776126464526597
0.9463029305117527
0.753386159922856
0.7784377835115475
0.6759946007891664
0.8948071407061704
0.6891536346278639
0.6745138832046598
0.8036608633048198
0.7132835201780289
0.8843065652991197
0.6899267972219401
0.7584277744660093
0.7299353337799328
0.4878888919045921
0.819999856980242
0.4380979093746863
0.5274677669824464
0.48349371494973037
0.5273087806484671
0.5245806255513973
0.6171341295192178
0.5860920198035076
0.6539379401034542
0.8290742914731515
0.9504394365789958
0.7780607913610385
0.9486902045255493
0.8619684069900102
0.635830652823878
0.5602620801281204
0.9284833873414402
0.7872547497470997
0.6023612154690158
0.8576612857263148
0.7675424444925212
0.8734985756524944
0.80095127253402
0.8369407538941553
0.9502585885286846
0.9621636737028397
0.8088267106856096
0.6999603457006258
0.7897266798329745
0.9829759426270732
0.7242936901788826
0.37308086929780954
0.519927220933626
0.37594426573257467
0.4201721333911498
0.3836658718714801
0.40653658625100786
0.45837231858370087
0.3690339084937968
0.27096480187047217
0.42783299615124815
0.9829686230178143
0.36803163503625946
0.5777962230879727
0.8162749957568725
0.4802756595147024
0.5013712386037297
0.6223994339734849
0.3462205506253019
0.37603123784390635
0.9623316561135871
0.37638938570940306
0.3498620739410003
0.6042849986386111
0.3884309281856887
0.28989220005907557
0.5399978502263844
0.7674119961735131
0.4105943860999284
0.6394774693962612
0.6970899612572528
0.3603509957835103
0.41370645162702335
0.547415725193566
0.268703817730377
0.40964547838374243
0.2975098645595873
0.23779059077749867
0.45040133186757064
0.46877524431666295
0.3388394547712502
0.2511448161833958
0.38082165995025885
0.8147488158347534
0.8334135301404662
0.7912176535460671
0.8381967925541126
0.7935769493117717
0.7858017011240881
0.9068017990208594
0.7555555704345533
0.9949958402592711
0.7863113988857355
0.5771580808258964
0.8521001549605183
0.8960973987281687
0.677563267178127
0.8741685683334257
0.8160462972372051
0.791186431213248
0.8802737681791152
0.9244191040189583
0.6772669637284177
0.8306288992989821
0.8954049219196468
0.7449080853885706
0.8779265986708285
0.7975898268751838
0.8356420032216839
0.8733804534493779
0.6304922288103555
0.7306286597499361
0.786094007163023
0.6502944176356316
0.8501908736519617
0.6033459637167989
0.8783986995147024
0.67580485913698
0.7254560492380524
0.5874089598847486
0.9837237351968404
0.6756640244857637
0.8815899732618214
0.7388037221499391
0.6557333094062276
0.7914324525669291
0.5357203373213517
0.5367716273339673
0.9615806116204167
0.7648405258851362
0.5491702362415644
0.5936171109679518
0.677203571881988
0.709936081452036
0.9353910613868508
0.8442673991320788
0.796682355516765
0.6033834744686248
0.980843000984266
0.8891392366907782
0.5436629443717795
0.46028418211665434
0.4706820943331795
0.498622881670737
0.40130970661532994
0.44978486896083636
0.496465133962651
0.49049478009880554
0.46464265420569295
0.5438155008107335
0.5242228447650065
0.5056398366918191
0.7638692435799617
0.6599529023796369
0.7034789041936551
0.6483149252120921
0.5045594181368049
0.7417237591912968
0.6316648199548747
0.6682543238959815
0.5740912848625657
0.617035324885246
0.5875458043701047
0.5036634844077423
0.5813995651505273
0.703237930107256
0.8286083329841536
0.533352770963615
0.9521872352590495
0.8044616313114352
0.5031513825683269
0.6114515163900279
0.9073621964828635
0.7574693147265827
0.5700417515694389
0.5633734011573881
0.5627166963691355
0.533555168065024
0.5699857789476475
0.6375825642801201
0.5399783535747916
0.5411640499114568
0.7476541739850513
0.9341957060617448
0.7529087846506513
0.8199301870248032
0.7256678457430197
0.8072777676946276
0.6740022112322841
0.9281335110433204
0.7209173301498533
0.6535713606441387
0.8255303628380651
0.9533194873039363
0.8038664897668678
0.7710266897360896
0.763765319024468
0.6893929252599098
0.8720962329693152
0.7341248149316555
0.7645180913967434
0.6682940951315539
0.7074454629205872
0.7517032539795668
0.7271246920258732
0.9252858676958164
0.69497802129256
0.7146632973680828
0.7894123496789391
0.7387372142382994
0.8018101394546922
0.777144390532438
0.7555429137854397
0.8215971220747694
0.767631221688434
0.776469039271684
0.7767242407211824
0.7620897352693508
0.6507749709294494
0.8002062250301841
0.7608999482317121
0.7697645595130719
0.6470063319108812
0.7579865932603661
0.9165185190671298
0.6667283704184421
0.7554912218728802
0.7837637539969465
0.6451917078511593
0.7598607026786205
0.7593896369110658
0.7723771812018585
0.6671779279436718
0.6596594401187594
0.7633115590075438
0.7580380991198394
0.7579574881824975
0.8814861777768788
0.7468742885195938
0.7628704462406741
0.811147718325911
0.7655272635089904
0.9000225731466895
0.9004819944796464
0.9052428217706974
0.7975630132206927
0.655441312070016
0.8035258171179587
0.8303818514242043
0.7803384664087036
0.775712135809482
0.7650994361745486
0.8639373742175527
0.7109467601681367
0.7667538185577956
0.9457009648627177
0.8202374314565383
0.74089031640995
0.7480184260438667
0.729239088166987
0.8637351561379079
0.7790079283306566
0.7609876957407535
0.8303146854727972
0.7666031882730628
0.8653118138344522
0.8673651807675404
0.7624098159841368
0.7941510532851906
0.8085328579752911
0.7735339851747527
0.83381862334083
0.8112568825404811
0.7953653284788338
0.8428818881119355
0.7666660626470352
0.8469229948505872
0.7959405603966634
0.816925805020252
0.7768978855427103
0.8405588470072749
0.797449144446668
0.7244583754254892
0.8070810849200701
0.8720501880614311
0.7717430281227655
0.8302705890269851
0.9609757296999384
0.8445937181974088
0.8661595033289461
0.8266467651738019
0.8156955091846606
0.9129797020904235
0.8798462383697201
0.7479585514025191
0.7940070619118598
0.8867822813848636
0.825313480969299
0.8028120735288057
0.8711320005129795
0.8277828969035965
0.7954025144521661
0.8736208618080539
0.7633747186478849
0.7721278282315179
0.9069167737389192
0.8366783594725824
0.8293087386665742
0.8181921859996552
0.8762286936433237
0.8758066701553728
0.811463713310649
0.8130793462247103
0.7274835524914613
0.7876897324190335
0.7996239892988062
0.7930178219636346
0.8918900504312031
0.782595362265093
0.9230470911813042
0.9114260715596704
0.8496722364823001
0.7399570048352785
0.9152278229849063
0.9367348287938488
0.8553678004615313
0.7008489403010473
0.7167208055632711
0.8430996673594078
0.8608450897573541
0.7880941663353842
0.7445902845100564
0.8823334231257596
0.914401207548364
0.8374660217202851
0.8949659684734659
0.7588450846066916
0.8328154901304815
0.8841170736169175
0.821241135127792
0.9045666583487091
0.8392096671704565
0.7989487126646231
0.803532314440347
0.8499000520914457
0.8469568250523248
0.8583164304002555
0.7787326462087971
0.8701090134031313
0.7380111856297845
0.7901129270646927
0.8163973003070853
0.8255337548585902
0.8530815041663737
0.683153307453373
0.699984108382312
0.8623522921070697
0.8359939481519664
0.7390529807038451
0.8781316031328692
0.7089300007331683
0.8800604825625573
0.881073146259145
0.7528040545331087
0.7253205787277094
0.8413671646342022
0.7659821781387572
0.8548502530583522
0.7501152520782162
0.7456603558450754
0.8505333137033082
0.8444410981952262
0.8000915418069905
0.7065950548417915
0.8773076111897602
0.8726416673058282
0.845994756089008
0.9174992879056865
0.8914996411030782
0.8765207334955245
0.7377185188025175
0.785078754530496
0.8608526024323144
0.9348871680942141
0.8639031997501914
0.8056991922477572
0.8013356381670307
0.8215710260192757
0.9137520291716302
0.864774284778921
0.8492183787196892
0.7732064420905994
0.8513800931527828
0.7925071770361505
0.8656132592964988
0.8758589608381895
0.7740159043156842
0.8096681566460182
0.8130837425777909
0.820216433463457
0.7898631694961056
0.9215160677262166
0.7708496323607412
0.8266281396600208
0.8034094949590485
0.7160732509537723
0.7865143293357104
0.8428280992011095
0.7873063220485117
0.8840140803472705
0.7308127057650873
0.9177560900858541
0.7907918519048059
0.8316933922239504
0.9105711732321012
0.733539574352151
0.9659898941211038
0.905778667340446
0.8341703025328846
0.9117904459537688
0.8084305280890016
0.8510761983586055
0.8520764996140413
0.980019687822806
0.8613611867010694
0.8930076814419264
0.9096398384345519
0.9575376394490468
0.8086105665105159
0.8723511036099157
0.8169020146505731
0.9312379982232657
0.9304170052038767
0.8781918388414598
0.8423002868666551
0.8873644310506416
0.8821066326613005
0.823743921570276
0.9060258131027501
0.8867522231585692
0.8977019550333162
0.903124090634696
0.9112565842893228
0.8116334590164126
0.7448571950645445
0.8931315422475492
0.8619570607958641
0.8297341920629651
0.9165891494734526
0.8005809098252863
0.7911555810586384
0.7618566949158525
0.8813230316554863
0.9287180145142262
0.811964380503611
0.8510985907084823
0.7880239035699224
0.8047029875291448
0.8659219321053286
0.9414398956358243
0.8552034741523158
0.856076725338181
0.738605852944907
0.8564810261690007
0.9825774228052626
0.8293509128423739
0.8370470216977887
0.8330027531112322
0.9254925586634761
0.8645827097953778
0.8477722269366429
0.769172021663578
0.8154576459313698
0.8713370180333216
0.8440523692080835
0.843086445235413
0.8288661304288636
0.8271756694718131
0.7633711884264779
0.8516133074383575
0.8198656973835581
0.850101492119419
0.8339422785602266
0.8057291770222622
0.7893764162697205
0.74601898619657
0.9014569288352666
0.8002787996763655
0.7358237682866597
0.7361164137787486
0.7436648900650784
0.7045467384870905
0.7562926250156771
0.9242068649205135
0.7294820920046694
0.816499734460984
0.7793676343898469
0.7022655164205296
0.6424027421264609
0.7865225791097828
0.99265445799064
0.753881020662807
0.6701952885499166
0.7695450895136968
0.7869366272140934
0.7635112020419487
0.7706466159000691
0.7522696312061213
0.8043082773222235
0.8041905192412179
0.8220745749649783
0.8243018267549282
0.8170060709418115
0.7885724681883156
0.8143243081988283
0.7935042213107871
0.83495246838067
0.8438813448288229
0.8329775619693864
0.7742570257859241
0.7860046369356188
0.8441580998764898
0.8435665557849621
0.9250515001939825
0.8347486538465643
0.7633908386432898
0.729832041062042
0.7943066053264457
0.8046314496090906
0.9074042890591973
0.8059619964866052
0.8361782476325503
0.7927048555133811
0.8501066886441004
0.8345832187431196
0.7450391230134336
0.8273407191182056
0.8378232844839022
0.8072938480226871
0.9098959547262218
0.8353475311117121
0.745645953509599
0.7353564252046204
0.8120759584786019
0.8276837886553997
0.6952336883997422
0.8158776801674655
0.7355889478813455
0.7994035446947052
0.7797608096015606
0.8454412947955319
0.8193817822483747
0.932393114907336
0.8369977610736014
0.8757741693993804
0.8245683393314964
0.8497678764216802
0.9004564799908029
0.8324348492112466
0.9449005161461578
0.7931489817794063
0.8957815909817404
0.8435490760640529
0.8387236059428311
0.8871180175435129
0.8513269274663744
0.9002943480280556
0.8314452174550695
0.8666467679693164
0.8207874962593213
0.8202287569675465
0.8555259442558109
0.875630074431662
0.6892022387711599
0.6631213373649899
0.7584360054927535
0.6661237131338704
0.7190234291944245
0.7976930643753493
0.7477885308584713
0.6912634910828784
0.6764901921848312
0.9112776536393865
0.7886712156051126
0.8949600244084404
0.9544424427326923
0.8709920856340614
0.8333562954025019
0.7853711959284049
0.9602460511473276
0.8156012662279389
0.9475455187133575
0.8665013993633333
0.8380017330818257
0.8233455677021522
0.8792126580587032
0.80280865698843
0.9612620325502774
0.9203897733866991
0.7944573010823105
0.6565476249369261
0.6783503565068738
0.9821837559130524
0.8615038919123237
0.931655475882037
0.9306136876154022
0.7157216819461307
0.6102555405087844
0.673182537697386
0.7914167237294196
0.6198654244551465
0.7408198720805456
0.733095777975606
0.6622305455124142
0.6272002689340966
0.7955984836259109
0.8999454880281532
0.8658524973420855
0.9942205831080192
0.9364145737158909
0.7629998595065945
0.7911885266512856
0.8508619929360247
0.7817079792140978
0.7137706617837476
0.9595553837457497
0.8535033072513926
0.7932397260915969
0.8782873863293454
0.834439347736669
0.7271709154111486
0.8698354409977155
0.9036530344624818
0.853933095964586
0.8788744724514447
0.8533806435432072
0.8525517680384312
0.7897162024552357
0.940900769626592
0.6376758884963769
0.6866438677624721
0.7913557713640441
0.76134328285655
0.7794210591057553
0.5829031302848553
0.5585666372940241
0.6769960180597503
0.6734370540266479
0.6681588092555493
0.8910448083240999
0.9079406286546956
0.865202763710077
0.8603181596512739
0.8567235522306895
0.7613612556381968
0.8908811424989985
0.7519515962922267
0.7978858946499083
0.7799718200185654
0.7999234782115758
0.7432337236278957
0.8248848070358286
0.8103046317873416
0.7722941794272737
0.7158912627212164
0.798191512888714
0.9250095030142353
0.8128287031376351
