0.9554991272689266
0.9766423148316001
0.9807067959704379
0.9806472197231695
0.963064617417072
0.960677019430011
0.971884818250445
0.9918622157321062
0.9934658027755612
0.9859558046881275
0.9912860816225256
0.9863058138353895
0.9961043686051847
0.9995440112243439
0.9753536937632801
0.9773838901419204
0.9594267737300741
0.9935628377448624
0.9830375626393505
0.9835413143241407
0.957154999363554
0.9800755846220399
0.9988396591344331
0.9978120826086841
0.9997310146533789
0.9848777132223714
0.9971920521885217
0.9960552090478016
0.9831319710983694
0.9744114063259421
0.9993509282404425
0.9999008705966687
0.9995752400992771
0.9589312816654971
0.9692232267482632
0.9980650995250075
0.9966817861900796
0.9997421824280242
0.9981317184421463
0.964191535506119
0.9993899567821491
0.9998302262616356
0.9559494246712097
0.9992831199107043
0.9831456479810206
0.9902596443059138
0.9873451881909521
0.9915228791778239
0.9963443345981242
0.979434674421669
0.9648722895422319
0.9674153388416571
0.9586873800882011
0.9981760505610215
0.9782703270228186
0.9656472633739024
0.9756766599541462
0.9752109576206553
0.9971418865491024
0.9981633442996375
0.9938601067460443
0.9997602925865382
0.9796101472390886
0.9976971700953252
0.987012107277262
0.9995412864755011
0.9997442791727615
0.99517268715794
0.9945824378546148
0.9973418693727064
0.9969901071725055
0.9997110553628421
0.999962608252025
0.9833180448544135
0.9829603675747451
0.9999594988832889
0.9997826502336993
0.9990895612844185
0.9899680237060754
0.9887410345606722
0.9999845708277744
0.999899256078823
0.9999450731290976
0.9985284882339429
0.992024771469935
0.9991507612536843
0.9992385524621116
0.9987542727177929
0.9981186757285478
0.9998449068994106
0.999654793450215
0.9941250542454703
0.9981355292795717
0.9999174911926949
0.999772352450843
0.9983827364075113
0.9964070418695536
0.9969382259461415
0.9998321141991523
0.9972638355393804
0.9981957149874763
0.9984403058315638
0.9977179404103395
0.993949267985895
0.9943484374947045
0.9998148233772886
0.9983245626000219
0.9988143619241919
0.9959067881277748
0.9937546202769751
0.995824446118045
0.9965959220667877
0.9994638023496033
0.9998491152230167
0.9955877301916858
0.998439977310376
0.9969098124502387
0.9982213301277408
0.9994556962108438
0.9987302220830307
0.9974631829142755
0.9834162471733036
0.999572597221845
0.998826340400988
0.9838421338282386
0.9687302467280957
0.9733436821407282
0.9980825148732357
0.9996599588770161
0.9861728605959013
0.9942721461112547
0.9971978010555951
0.9790557607538425
0.9887394667141984
0.979579190568774
0.999170131018194
0.9754722151912246
0.9888279453267352
0.9861606993132354
0.9878875214562024
0.9969065746655428
0.9813591218327451
0.9882550408236017
0.9663276224315599
0.9591838690974289
0.9984738949439191
0.958879906656241
0.9772795140451842
0.9997413812646381
0.9720492410105348
0.9984411002273861
0.9983403331231254
0.995410092846187
0.9875998716766081
0.9854515561655768
0.9675781088134879
0.9722880707240698
0.9986417847826043
0.9976029453886373
0.9991693793905816
0.9900586874743231
0.9808124984937793
0.9973463984489945
0.9764302797456632
0.9704703577213469
0.983347985261698
0.9967424076436404
0.9990187429977734
0.9861879825272958
0.9936791844242963
0.9814116490911466
0.9730823790140641
0.957874902179693
0.9606099837896259
0.9742809413042267
0.9899324858684522
0.9769469981646897
0.9966637437510173
0.9985451152568912
0.9886385714108777
0.9877972433886831
0.9948055296639355
0.9845871540186428
0.9904947499569472
0.9822107224752878
0.9707432291198425
0.9997668205979793
0.9725573291297946
0.9746453394480191
0.9994511148156788
0.9983004943030105
0.9703466298409922
0.9699067434582685
0.9975222537111739
0.9735939464828771
0.9922134224655181
0.9907068254328911
0.9972927423484845
0.9978897044227975
0.9993287922139976
0.9996546874929888
0.9998689902541636
0.9772176685987755
0.9976983288581082
0.9865559606131584
0.9752744926666316
0.9890745245335925
0.9837775133572041
0.982174590284733
0.9854445156935415
0.982899710441664
0.9844188273598629
0.9743267855925465
0.9962189778946478
0.9880823466248265
0.9978409099505468
0.9956619644739964
0.9828076303200989
0.9997214460728491
0.9988523228732433
0.9911603166265055
0.9886439982008649
0.9789180509856933
0.994379860812343
0.9803361073271439
0.9796863243685405
0.9987345098330825
0.9757567207835247
0.9883295966596755
0.9975122042113655
0.9782299290551535
0.9998916188865844
0.9734626543156384
0.9881437530891216
0.98195130454337
0.995968476057046
0.9940695879635143
0.9289515902552042
0.9929392751547473
0.9889454184051787
0.9807015775018874
0.9732995696041724
0.9866732454710418
0.9832704752767466
0.9788325921278268
0.9906156542960984
0.9925195476921989
0.9967003401004073
0.9974953060979029
0.9625728214173189
0.9791501813802695
0.9679542382033419
0.9479958353267608
0.9918583207417652
0.9935454366667029
0.999736700214437
0.9747207106823614
0.9798769393890236
0.9997562225471377
0.9999042101877531
0.9999061665719012
0.9963976600566592
0.9997272617995928
0.9996953150944197
0.9776701374043693
0.9958121569669336
0.9993795598356321
0.9997564035473334
0.9958031140930131
0.9934945899535836
0.9929727938564027
0.9977380752522156
0.9930832196734289
0.9934118847699341
0.984289402075067
0.9968806326288415
0.9869070215521053
0.9982608101621198
0.9996038107252213
0.9949957338781789
0.9877150123090619
0.9829452063315532
0.990107283154176
0.99666812832927
0.9986693636745625
0.9998629418297914
0.9782707819784078
0.9883505688145509
0.988728882038053
0.9980597541684005
0.9873581844485448
0.9993367750055442
0.9837596031128772
0.9790958590664783
0.9837597448067698
0.992506301583572
0.9971716604676064
0.9943234391611424
0.9984734281529828
0.9606202812323825
0.9561715588088544
0.967675247040352
0.992079661943212
0.9674902697751271
0.9286128695409128
0.9704687075536327
0.9981563907618516
0.9985255477466595
0.9954957978884788
0.9439729079016148
0.9911673713463307
0.9741693564466294
0.9833391573022491
0.9548053153383231
0.9549361376342319
0.9990923791858141
0.9308406031282589
0.92092758247162
0.9988968209945399
0.9189770469226456
0.9898543394619392
0.9446560121409289
0.9352740377930211
0.969016553432834
0.9645751413601283
0.9555228494447523
0.9973814022839711
0.9796148722017092
0.9827566469172822
0.9792811437301768
0.9422616406834795
0.914781151248058
0.9418914993568386
0.9640226975752064
0.9576288077423727
0.9986086192569283
0.9921044191629329
0.9571395029563852
0.9943885767639735
0.973136414530053
0.9993571164714845
0.8914500879453472
0.981740329720366
0.9985201267087805
0.9593070051934017
0.9847581377047441
0.9709146131023032
0.9736169894992011
0.992770987703947
0.9954165743079462
0.9155517160255082
0.9748144563054865
0.9966398073990503
0.9882120162574737
0.9802222528453627
0.9970131784313279
0.9935425322241748
0.9392891522411452
0.9429739838971813
0.9663618950735922
0.8365247038277044
0.859701653949349
0.7600455355273323
0.877809642545199
0.9863888744347442
0.8630820224873312
0.9667178936411057
0.9680378733230224
0.9892219163683906
0.9865887412276778
0.8403194291922047
0.8534880864196921
0.8988668576172051
0.995683438279932
0.9823233086846261
0.8466669957698516
0.8781201188138733
0.9050372519666259
0.9924172707981984
0.8175115878341963
0.9973079906199387
0.9076897608549339
0.9795734427220142
0.9886454577556048
0.9957793797022964
0.9419400738358932
0.9182146138144458
0.9878365480541453
0.7746505362754401
0.9022983520114805
0.940369206696886
0.6413171473156696
0.9234337177629746
0.8389628065785432
0.8760443029883302
0.9408749135518713
0.9931527119093833
0.9843692178512617
0.9910233645393964
0.9801251680190637
0.9269992763115631
0.9994910800722108
0.9316698764274126
0.9869615723086385
0.9795418725870997
0.9709942865667436
0.9436343152093256
0.96837400140913
0.9653845198107003
0.993247340974698
0.8444995569196374
0.9088800304507688
0.9894623579308925
0.8965009735010725
0.8860700449117245
0.9582464249099212
0.9497497061617678
0.9572550881732391
0.9606245882991428
0.895474302419251
0.9867417128010452
0.8668090722211852
0.9996345859106659
0.9442537685539791
0.991351014387709
0.9996308724933638
0.9941394085471562
0.9959707724445923
0.9997783257801017
0.9920624738515753
0.9978500317987087
0.9937392727170484
0.9948846220088832
0.9841465139756324
0.9990956393562258
0.992050730256341
0.9921044598780429
0.9805184929070292
0.9766143277236167
0.9949446877076207
0.9968901598714747
0.9802526931331531
0.9997386262784265
0.9955817203498699
0.9927912371481318
0.9739326458785476
0.9974875545645419
0.9895685743377451
0.9853916997456803
0.9737681779799927
0.9996469001894817
0.9985543502198782
0.9992947101506898
0.9799880692728101
0.9786776049626235
0.8480135137387216
0.9593308523238119
0.9773142324913691
0.9987515076593261
0.966823454538646
0.9757300627925444
0.9308541059946798
0.9514521358072576
0.9760208074172712
0.9821733734992508
0.9889836543641166
0.9615420046998517
0.9443798583010039
0.9473247169087387
0.948002931553743
0.9607926148806112
0.9828146768939682
0.9453158935477257
0.9442106282617558
0.9816475884844922
0.997240701233501
0.9739337383937923
0.9815435537821241
0.9889640619224678
0.9272629147474809
0.9798028768640634
0.8930273440545101
0.8921131297150349
0.9888608873312938
0.9930692468454818
0.9673452917959533
0.9351318582458654
0.8929404109906497
0.8915771365368479
0.9339015873336898
0.9270512844220875
0.8997516622696549
0.9842779770039507
0.8983435773436762
0.9540128042073854
0.9398129873454468
0.9214874731604875
0.9935902731106918
0.9982212158101926
0.9084196373381314
0.937703373346233
0.9534181374134153
0.9155419956106252
0.9302131720881729
0.9148660293612296
0.9986219328576762
0.9161743773640908
0.906595476630105
0.9145760361685733
0.9698569191460795
0.914167441241937
0.8568331764615815
0.9169961186812685
0.9828415604909891
0.9588738177411555
0.9861019646755792
0.9803947510198727
0.9141727259217229
0.7062393024229988
0.8347425335809932
0.8370540296068518
0.8538253689957621
0.8512772861961335
0.8630461240328591
0.8669412809379308
0.9910326164745171
0.9805995063535324
0.8828828270932547
0.8761220885034675
0.9973637003381559
0.9577140777339428
0.9456765754716564
0.8548746915283416
0.8472099300191624
0.9991681290097959
0.9903749429715618
0.9808998652823964
0.9924329939120144
0.8438037578411177
0.8417820255131889
0.9858621162772525
0.9891077135020396
0.848294792399976
0.8483385285090257
0.9802010347353483
0.9914899866502213
0.9801110480253403
0.9113854270301726
0.870219320008571
0.9851316112410984
0.9919228725265641
0.5732598150610992
0.7305638626355296
0.757153970086557
0.9393706787992177
0.9906449696915612
0.9644718569132416
0.998016246559387
0.9215128807784352
0.9607641095646382
0.8098796255588747
0.669606278721965
0.9846827638297894
0.9874528663102269
0.9580796730240246
0.9614235762559196
0.7190367631365993
0.9739534197219699
0.6564051233220272
0.9670952967838824
0.833885809812527
0.8464915238071581
0.9899782829875516
0.9932337715659283
0.978119956004347
0.9279720067024553
0.9222836868741389
0.9831940667132479
0.8448617779619445
0.9865437709252012
0.8387245759820174
0.9805756070676093
0.839971392161543
0.5723237876082641
0.9925421246411605
0.9808791090211771
0.9852781846822825
0.9753668238221469
0.9710983002400163
0.892104466949388
0.8679825892894866
0.809097324385984
0.7807743591619555
0.9321255666260206
0.7022788160526325
0.9989375075834774
0.7291923758384117
0.725396049978992
0.9603461438355789
0.9356361897938349
0.9022413779431355
0.9629958029107077
0.7295538630602898
0.8058563152391074
0.9812177447021877
0.82951101794676
0.7931239108219645
0.9921271224996606
0.9989471913950951
0.8917614366328208
0.990657306418459
0.8530008200955306
0.8998232188988591
0.89892018600017
0.9588835280823056
0.9391680036726444
0.787370462571481
0.9206416226494064
0.9704846853419453
0.9739045669186488
0.9204778278306196
0.9499033894495625
0.9286623354367556
0.9260403944630939
0.9441699582564645
0.9608757447017195
0.9625260327774505
0.9689034360923986
0.9399098237438339
0.9353480641160834
0.9932463618518369
0.9376501839483513
0.9371760039013834
0.972229988872102
0.927294322079323
0.9119922672871079
0.951250129115886
0.945939968249252
0.9283058537025102
0.9511175581354414
0.9819846335299309
0.987350362759335
0.93179637945683
0.9338834596617153
0.9360422909147942
0.9288311527830269
0.9143192351601934
0.9691805783922945
0.9398088591816781
0.7756003718275124
0.9900903265497121
0.9763386443237068
0.7003794338922764
0.7274867455399682
0.9191893846203281
0.9595714184371638
0.8187167100215094
0.6949389830334509
0.6460476953521306
0.7187519646269396
0.9504305530568227
0.9617029361440663
0.7557943692546023
0.8353067333042494
0.8571552146257572
0.9244548988482992
0.9568390136583181
0.917017771858791
0.7871801392999469
0.9939881006535926
0.6373303626600222
0.8947692875515348
0.7718786522232048
0.9594838534752219
0.9679792900966597
0.9952217423114662
0.9204572422070778
0.9990251911595501
0.9914260911097657
0.8340695683969248
0.686238365920304
0.9956056853565769
0.67207970238038
0.6600743312656036
0.8674007436800819
0.9993044228970889
0.8826310744857875
0.942589198185551
0.9389656778301309
0.9023788060188926
0.9862956588478597
0.9895766185219037
0.9985923302844362
0.9580348091517656
0.9049903499966634
0.8647645027748834
0.9780674983795152
0.884039918125743
0.9207607482290845
0.9707206821014396
0.7801021935932275
0.7961832711353047
0.9991080549073321
0.9558663898760549
0.7965873872588722
0.7450666578964962
0.7543887241988234
0.9788596840953252
0.9981967082197878
0.8909015764042447
0.8772930566416756
0.8543262183926724
0.9336526934173395
0.8740802334403788
0.9965672888104539
0.9865502075938146
0.7595192470204344
0.9913496370689855
0.8203016259204848
0.9902415308512398
0.8625687955733088
0.9587975420050898
0.8580635903582473
0.8930559452475104
0.8850933362664448
0.8740716302768279
0.9985334996287777
0.9749272363839135
0.8241478577555603
0.9267058932723699
0.9851195786752356
0.9090496220039274
0.8590622947655335
0.9638411769044475
0.793477824465129
0.9962850883747264
0.9985948784914711
0.8393447964170831
0.8251948957170613
0.8408830089572802
0.9655561199915803
0.9569713139138815
0.9446103085704922
0.9975617348574086
0.9760307579203645
0.9812408589425685
0.9851125442198543
0.7614798666810645
0.8737535314190294
0.9148946380497833
0.7766217366935798
0.9735787417696052
0.925158857080866
0.9771145560123784
0.9717458791958764
0.9762908924803495
0.762758321130124
0.7938670745251295
0.9683942422388688
0.8839163696735506
0.7932592222704016
0.8979158906245197
0.9980501745076495
0.8924294833768687
0.7584527766768379
0.867921699683192
0.8995007170850363
0.7337007362951324
0.8556797715837727
0.9661742695979811
0.9039523815303804
0.9115121812567039
0.9959911688207641
0.8350591523093917
0.6718260706203336
0.9422674545266057
0.9537601418354671
0.8408229441018724
0.8466282071683295
0.9891287023100132
0.9902970350660059
0.9093935513585587
0.8578288044266044
0.8455859513363584
0.8614948780890375
0.9903154155647979
0.9323939969431028
0.8427271109947869
0.8250296850724292
0.9983902559663265
0.9500654699035467
0.7933246211713662
0.9585379049245285
0.9347398391872203
0.8209147475799876
0.7990826725901115
0.9917780846433685
0.8569110473745432
0.83258461905239
0.9212066119083177
0.8544116303090494
0.9720294370252234
0.9825535421856368
0.8599895538925841
0.935627593796568
0.9162151990081884
0.9585978559208836
0.8381603196171845
0.937894988521172
0.7744543848093303
0.8374130378897422
0.7650930800045116
0.8391177561397096
0.8364141357591817
0.7605497191631293
0.9171922103249255
0.7950837041177208
0.9023468900404008
0.8930589058275915
0.8617173641479349
0.8786250276341079
0.9940811281271795
0.9282626251596867
0.8319111477437267
0.946804290048411
0.846079326092572
0.9952158415311825
0.9175788633518238
0.8339589902981627
0.9963337281286857
0.9986815292064581
0.890188899611452
0.8698275039163458
0.9552012757302304
0.8187975303504479
0.8546205237619413
0.929073967778607
0.8767608867945358
0.8091010680895786
0.8901487681646219
0.9496744204792682
0.9866977839350931
0.8995889665897694
0.898067652321905
0.8999206566220399
0.9618813718135049
0.9714833282254363
0.8696580731994468
0.8717023387180145
0.8362615727687766
0.9259284317682345
0.9456718567322109
0.8366902916530718
0.8528783763083885
0.8577833162878394
0.9074767252776585
0.84076243461382
0.979241377131394
0.8254769266165236
0.7677883922972784
0.921556876407074
0.9891126592761013
0.9928203999636773
0.8945019175348544
0.8185096076241722
0.8188398922718574
0.9812848120960957
0.993957279212303
0.8427626049168879
0.9536689298057919
0.8984761987899118
0.8108969564318
0.8728215093370453
0.9437971160233167
0.7911175570370845
0.8397420858495469
0.8261400760603529
0.9044930518529823
0.8159678061133981
0.8650635740198664
0.8711569196730582
0.878221040713097
0.9561507852794033
0.8863205803802141
0.8283641613839485
0.8362731479192868
0.9228687756822221
0.7355290529732099
0.9237988368840917
0.9795773053117889
0.996678055224754
0.9212783820749988
0.7350202405810541
0.7768790783672115
0.9646317118212334
0.9898712776887201
0.8266064991960427
0.7773382195422371
0.9577855119603835
0.7754841262384684
0.7653336267636816
0.8603972605818151
0.7921667228045921
0.7821801096773582
0.9947498936056143
0.7375527805753779
0.9532574821826322
0.8394177638990197
0.8907023536932719
0.7403341492237445
0.7809557506091993
0.7491886641920668
0.8106319674392939
0.822317078426245
0.9803402523363486
0.8201668270607023
0.887492495444324
0.8795905736318368
0.9435178168505034
0.9971821820810937
0.8457031963816335
0.9911438632506002
0.9078449932392764
0.9985678492739591
0.8475521817308311
0.9543845064548859
0.9773623166777157
0.857449709490471
0.9180836879800455
0.9423881778669421
0.8934951574777386
0.8885284033549943
0.996552897793753
0.9500235636814027
0.9838002964540841
0.9285697691645941
0.8965402759477933
0.887813623434823
0.8780863112326729
0.9949952053424981
0.9086854041526937
0.8696204961496566
0.983310190481602
0.9442046473499919
0.9974344980736379
0.8691141078455401
0.9822066783890365
0.8181979039782649
0.8801792371207748
0.9421698987362215
0.850251671626654
0.8720238308845281
0.9835290656574012
0.9543212745027555
0.9716344325639402
0.936738689986135
0.9297455763045108
0.9322397814757557
0.8377056133122036
0.8514616467289584
0.8507609352292962
0.8416573312679287
0.9843175157768775
0.8596467174482638
0.8595953299275849
0.8536363898867869
0.8392550641418057
0.9981280286725549
0.979226237307794
0.8478901121941353
0.924754149217746
0.9888564478087438
0.9913893896028135
0.906842475177404
0.99829080164268
0.9873486276359271
0.8646792705586597
0.9799879024236908
0.9047075224896273
0.9964777505984244
0.9712460919908197
0.9648700831078627
0.8706280469090435
0.8448266356506043
0.9724857948369318
0.9260069572873677
0.9431431503311476
0.8203460549499049
0.862872088130816
0.9249697211481167
0.9678237530171995
0.8686144939280882
0.9633598825309453
0.9967513813274969
0.8687409651034604
0.9134203791682414
0.9006581788568296
0.9925142619172838
0.8948455299691096
0.852189839565693
0.9481990491178026
0.81082966237399
0.8375460551227215
0.8498532069678983
0.8109772095071086
0.8182392173561825
0.9658198662224201
0.8346158573528111
0.9064659542947626
0.9899079713967421
0.9519167954744856
0.9958292981399828
0.9851067680980279
0.8419298605938406
0.8557058029430729
0.9989030541800753
0.7369776281862603
0.9887473715254518
0.994921347075667
0.8423046114239738
0.9731926412610382
0.7897729194301044
0.9654581869668304
0.9825865454246043
0.9895154767505148
0.8042902844127975
0.9913043131823165
0.8509410018062461
0.9069782723325326
0.8600626804125893
0.9751843487490957
0.9167956270980053
0.8657218217638708
0.804527007635536
0.8703235063374256
0.9048990184860076
0.81447066489577
0.9762928072474568
0.7514177897100225
0.7650171365168578
0.9825769762186323
0.8004284768871243
0.9306976612890129
0.8189980047802923
0.9456805677447382
0.7929431466994956
0.9041850414548191
0.9493392099020171
0.9650261294063575
0.8321803625817287
0.9959505880624901
0.886960659221987
0.9800165837505903
0.9509957980993209
0.9656248460146741
0.9562328771337189
0.9660726330551507
0.9181218627443448
0.9483905349632029
0.8934911205858446
0.8364050293177521
0.9613191842530606
0.9963388166300065
0.9040536565786947
0.8978738743745505
0.9167284661711472
0.8400995712454127
0.9113414791578005
0.9902773314531789
0.9954618822389829
0.9285681248769719
0.8546397376730577
0.9611721879081554
0.8311393441255271
0.8548140055663744
0.8672372070319976
0.8439442123089709
0.8399990913061963
0.9143328005220343
0.9627522335003862
0.9769286921998379
0.8652445123790806
0.8463808226584923
0.9819920000983822
0.9680266155825312
0.9870951322807
0.9917462264671038
0.9307831761821331
0.854127023616136
0.894957701901274
0.9890351107234747
0.9662759810892176
0.942730252269695
0.9521355257244407
0.9197623637005368
0.944284027481288
0.9789085657254185
0.9654378114662795
0.984628287929102
0.9977399824551137
0.8992040378489607
0.9628401897415346
0.8942999352897507
0.9462552964911997
0.9669387406062979
0.983433711573839
0.9548021945263933
0.9448599603301749
0.9300939448536953
0.9888678601888641
0.9291664482230297
0.9169276562989626
0.9958678755463775
0.8964875181364679
0.9919460906384507
0.7526165425779396
0.9542721751977872
0.9204446834705798
0.8559074220113967
0.9351797899912127
0.8634804370869688
0.966986180146026
0.9559540230369876
0.9614562005972039
0.955544039146749
0.8355209401755457
0.8380144361972108
0.9955700976489088
0.9797392272260221
0.8415599077716174
0.8365077144548518
0.9994545595734582
0.9163839665136301
0.9673686594976085
0.9948666286463888
0.9004163838649841
0.8966348497140475
0.9763871700071751
0.9964331462705733
0.9409992525970711
0.9924481619218202
0.9044460814877341
0.925840693410962
0.9947756984913582
0.9013558860806997
0.9783221699228133
0.9972859147617034
0.986640187662517
0.9041965309771576
0.9496772688355762
0.9947552397911507
0.9454419936127297
0.9018315013401563
0.9439643497571606
0.9947652134578684
0.9715198491303642
0.92986124445037
0.9874388734115649
0.9270652088447697
0.9902820004818697
0.9634054515633149
0.9657207876133924
0.9661742472856587
0.9645801929039519
0.9835649190853906
0.9464586013926907
0.9986552354329988
0.8735459895739234
0.9975270649174752
0.9841697641631146
0.9804470489947292
0.9131724945326213
0.9726822626419785
0.8562157385763094
0.9610613723185175
0.9946765707542543
0.9879907739256951
0.9673378089109734
0.983307614124954
0.9148093462453848
0.8891314355236483
0.7325963599016503
0.9754017768413143
0.8818016802050723
0.9379694487661207
0.965004706687562
0.796113875054696
0.9752321078902555
0.8334159669376522
0.9990459623364536
0.8744577268568253
0.7898937639422927
0.9874572402161306
0.9969188352000397
0.9604012793292568
0.9054588150546952
0.8094289081819536
0.8042028197058322
0.7672449711208005
0.9507504613393866
0.9937163964188482
0.9782968170005872
0.99937582105569
0.9976866357951442
0.9690363972532424
0.9428064715591082
0.970648549416391
0.9399693217000898
0.8707081540191208
0.9939628523123902
