0.9918173991630124
0.9787384464139488
0.9736984041295444
0.9768107286784588
0.9569260857537057
0.9916215262692608
0.9670833189031023
0.980397880297825
0.9689742207993506
0.955014797492483
0.9639668279969775
0.9496677116159374
0.9684328650355962
0.9629654238158483
0.9597171924982789
0.9777368626039795
0.9549186913293891
0.987277993848342
0.9778645476492299
0.9780770083095838
0.990608628650363
0.9518256235354013
0.9730968936967426
0.9672998340602783
0.9601983371069325
0.9610125159424131
0.9666991529998933
0.9553993709263852
0.9639878443113055
0.9694243212659258
0.9899986030151073
0.9847604060629254
0.9883858343660163
0.9857420782840434
0.9565434487282685
0.9813715438846535
0.984654387537877
0.9795800681484077
0.9792826527455265
0.9823845658004329
0.9558517154432569
0.9597289390953656
0.9569295383674723
0.9807329673751437
0.968553262902152
0.9781954879744514
0.9636944584741813
0.978918493304417
0.9658086560243963
0.9532819692366716
0.9675740478849681
0.9519910036037738
0.9600924413609611
0.9406882566363824
0.9495060774048734
0.9696878831356128
0.9634025417005341
0.9450466238324893
0.9590534748465718
0.9537992201877881
0.9391814864666237
0.9473183611404155
0.9674447833270797
0.9699318971080213
0.9424006294283847
0.9581831919432476
0.97848211918093
0.9608909287878601
0.9636063313224492
0.989198631407384
0.9628851861581387
0.9502369065656127
0.9288666786690083
0.9255995175087091
0.9274244321579774
0.9533805514225855
0.9521993830579316
0.9454796918848883
0.9413429835984258
0.9315805037629731
0.9441089739233377
0.9540835091597779
0.9332015379223836
0.9424996462245254
0.9331904966596023
0.9557535626768138
0.941158861511255
0.943529084775192
0.9572575894357458
0.9532612710123913
0.9511438649360614
0.9640178338105994
0.9451192744921579
0.9555142668922585
0.949672286695626
0.9536956566360231
0.9458045312587258
0.9506315383143982
0.9571364503344068
0.948439116363095
0.9373750775896798
0.9470827180392167
0.9446924820812513
0.9316910146718305
0.9364807673624678
0.9356856139676462
0.9318431705268717
0.943496358504399
0.9311248561909748
0.9479662582912092
0.930829332751882
0.9452289527536415
0.9286761265500284
0.9298682532439122
0.9305156449938701
0.938893748477065
0.9465103737864129
0.9506485886282385
0.9460761145107475
0.9452381106164964
0.9447492011823622
0.947196600679254
0.9698546233388976
0.9643555896459232
0.9500959487744934
0.9438409626043489
0.9691149595072451
0.9463142465111971
0.94506519662186
0.9463916337052454
0.966285626821101
0.9677434999425063
0.9592615743279068
0.9382118580955178
0.9248465183743474
0.9286731331976441
0.921333488707302
0.924577689492522
0.9284833155139873
0.9067257922263183
0.9427910395401575
0.9317372143974623
0.8946835197690395
0.9248275660117633
0.9441983784272074
0.9590452972960078
0.9656723672586465
0.9410657497433521
0.9411209181882662
0.9510322185096112
0.9667653611134952
0.9565324821011407
0.9419986882034199
0.9689753186173171
0.9709643836969346
0.9634822463506585
0.932935559340323
0.9533454895713374
0.9722689487809676
0.9742020861679642
0.9485449748145549
0.9478974022100165
0.9712995595910772
0.9631051319987706
0.9599680767784925
0.8851514779744969
0.9020033690690892
0.929397371919549
0.8911581203706685
0.9380138374821344
0.9143163477117022
0.8567812710886964
0.9187980923704849
0.9492510341006548
0.932790461910845
0.9759084631167723
0.9727645356206907
0.9471408839134999
0.9737798457948522
0.9341278540929983
0.975141357006966
0.9787794114365781
0.9732237882877455
0.9677800318923111
0.9428631437272653
0.9484119971139887
0.9787035720656108
0.9780350801159712
0.950749049860161
0.9681858187698261
0.9693773669682983
0.9740546513488246
0.9050643155600873
0.9250759439019915
0.9286202187415111
0.8973101779851566
0.9035718375460905
0.8984740680148793
0.9199135548578459
0.9137155017824666
0.8946166681675578
0.9199991039084374
0.8772716337781079
0.8772962102781898
0.9026235646853487
0.9162081298128304
0.9326095909991191
0.9024632639725753
0.8792533163354928
0.9240310862970742
0.8960909416757614
0.9182035675575946
0.902527025462303
0.9172995580549462
0.8695902935228438
0.8978108916478389
0.905489498798941
0.9107449202379676
0.8982327594458333
0.8981254557603262
0.9199493292246903
0.8911117429681137
0.921015599215069
0.9233640437935628
0.9149652709043057
0.914252952697859
0.8950084997539951
0.8509916758390081
0.8434109175119446
0.8381716765923821
0.8636302136214968
0.8581994630986571
0.839580446232681
0.8421079027163256
0.8339849594902475
0.855227176752748
0.834392723704746
0.8427620811930733
0.9364748443824473
0.9340031827235379
0.8942189300422991
0.9137136857630812
0.8886090867420906
0.9328442753653838
0.9174087364594228
0.9131221551705185
0.883029348998775
0.8270504477875998
0.8502196391958232
0.8783953229055568
0.9041860326726867
0.9015344493937337
0.9121002672346123
0.8796842166427415
0.8923063862037889
0.8742063078997808
0.885161368256028
0.9206841314858903
0.8160455161303143
0.7608202407178655
0.803839930498297
0.7724168910698894
0.8319769135758096
0.8365109018371149
0.8502016457477337
0.8240795695189758
0.8607238761287479
0.9087100647355915
0.9008804909876351
0.8265811060510726
0.8725051175598615
0.8416095754711015
0.8955538010657351
0.9391783922286192
0.878547698906156
0.8619484670533767
0.8485151108246964
0.8278774454884624
0.9095791279786682
0.8664451138745921
0.8735110157814115
0.891244131134276
0.9190898793427004
0.9137911611548275
0.9335771329948521
0.8667193906709957
0.9193831469929971
0.8817680991097355
0.8008158587500649
0.7243721969041677
0.8224116233989205
0.7541535173044172
0.7240468817275203
0.8136465478100205
0.786164559925149
0.7389201214830923
0.6961477369140554
0.7216737125027908
0.8138554500149784
0.7114525934438254
0.7886846527397781
0.7639479112208647
0.7321487443654384
0.8675999318365277
0.7565590114689426
0.8511041193965132
0.8398489863663894
0.6903315970233392
0.6906431495777956
0.7465118982287824
0.7056352275076337
0.689236924829738
0.6822545913030387
0.7444190638480048
0.8567881212048032
0.8437614227930925
0.7134647382311314
0.7910039823000304
0.8465423101667399
0.6398668349238046
0.60945757073253
0.6834237570646147
0.6539992600650764
0.6121149054316671
0.6895984561046807
0.6161107310751532
0.6837102481030007
0.6772057771011677
0.6499905196238429
0.6530463504348862
0.6722443509455407
0.6004769131207384
0.6409504716112695
0.6008363779641965
0.6177385498413603
0.6058107654025726
0.5930116427818217
0.6013191969420575
0.6803926218234561
0.5811773935649255
0.5829501120214451
0.6651420724770671
0.6525871303404693
0.5918057191309172
0.6298073088386174
0.5945379311826359
0.6012419004337521
0.6163810589379827
0.6902651822855308
0.6667330634367982
0.646487462177062
0.6013117188295813
0.5992276549367095
0.6087867140462164
0.601364593434982
0.6092080736749762
0.6096804826493536
0.5987843497932615
0.6383527758777194
0.6083488660502203
0.6092944723517512
0.7778705295631358
0.8290894296395067
0.7071845294624417
0.7861284642226204
0.806210837999918
0.7198179975182815
0.7649081584282722
0.8058726246952532
0.8096513264893977
0.8288094490001974
0.7486993923726661
0.8223972039002376
0.759218868006962
0.7761158580959894
0.7957713544141367
0.6902200140318338
0.7821966763912824
0.7052623132700937
0.7321069793074261
0.8341230073434387
0.8276993621316775
0.7784741339003287
0.6754182356843147
0.7003526952873378
0.751423243040543
0.7129428273054883
0.7083033845289742
0.6628608010214945
0.6847886431222838
0.7213254973050187
0.655240432154139
0.8514191533392779
0.9069439255055411
0.8137566959875984
0.8275808746500202
0.9416973622179655
0.8898456284924212
0.900282989260121
0.9170783450828526
0.8987237847629985
0.8764284853541432
0.8662558241427433
0.9372408272508155
0.8860732284292545
0.7959392490870739
0.8405827723864473
0.8780795209245082
0.9023738408260198
0.8323214422546774
0.9253031126075704
0.8121285593206614
0.8561721079478075
0.8590855905398251
0.7183615482891694
0.6712894434767117
0.7365817152327191
0.7468117025777385
0.8532591687231823
0.6763622496900059
0.6368176383104246
0.6984579185510464
0.8163537001448192
0.7907023901423598
0.8091845354020049
0.7781631057122709
0.7771688954001637
0.8836466831350074
0.8479169430564195
0.8776272503268812
0.8421236176195483
0.8006993447480644
0.8411245867833013
0.8239779421359491
0.8982383511880467
0.8258064991378053
0.8631411496189625
0.8100824911251943
0.800546383781823
0.715560684536886
0.854913539401587
0.8412258591338331
0.9010974964124943
0.8914073157368347
0.9011248421591854
0.8036737956248626
0.5554775174112978
0.7940680772600479
0.5459377030127109
0.7817051712234315
0.5287411674260614
0.7341943305253057
0.5391109547070967
0.5695159027707076
0.5920897673114309
0.7525656806765757
0.7512799745676403
0.6687117826359599
0.6699330637276141
0.5913517016916804
0.7844868929371588
0.546812319207608
0.6366007425666238
0.5844750787888447
0.5937770213961693
0.578564729255646
0.8267489945634583
0.5528839323680077
0.6182339962266125
0.5520756778088967
0.8322039178652801
0.5695889902810047
0.5457670384089481
0.6131884383551103
0.605943535605199
0.7942122627736565
0.5952533895298572
0.6611757622796388
0.700344248324759
0.4884441825228343
0.5707199219520187
0.5741570233583049
0.5012141785992905
0.534234564611736
0.5217461640975292
0.5198418492976739
0.5490509530283215
0.5535878358189266
0.5442508738804507
0.6546601984445157
0.6075910921733989
0.5615042457234974
0.7977787603978531
0.7278990707553614
0.513330416177298
0.5058948970698993
0.6523446223194799
0.6603584338295203
0.5291515556076871
0.6817942625445227
0.5369580446587874
0.5512407295874231
0.6074400782620999
0.4947402021951384
0.7619262518100575
0.6497028001974564
0.4567485315846467
0.5120820173988525
0.6390166311878169
0.6548886663280825
0.4957592578820988
0.5311587658061678
0.5039205762730439
0.6088530579469638
0.605522438691343
0.6050559984295627
0.6009538334044762
0.5818241978152662
0.5113926661580818
0.26951833591258284
0.505617185449772
0.5489623630123096
0.4527863438128862
0.28139885706827916
0.5398336532009043
0.2656614872783962
0.37693726239354497
0.379325421408227
0.45694993928094685
0.272474504407748
0.45935073057886977
0.3733456152174952
0.26714995093041566
0.5157485118573337
0.28331448277957394
0.2657079081046195
0.2567613757774728
0.3887591178523539
0.35241956245363765
0.5179395404518783
0.3967285604114318
0.258877321419543
0.29617495175514974
0.5149743765847297
0.17919298349117188
0.29766943062034706
0.23013528026617552
0.21611013476294022
0.4553627887163081
0.20124356796666104
0.27115547592570505
0.2067669225227423
0.5188793712833168
0.2851173323099995
0.5141197422855194
0.34648457983644354
0.45088756152308823
0.29665722581971
0.30966766979871574
0.2944733005552319
0.30203578842065937
0.5688842299477055
0.32833249237141837
0.2582027766481705
0.2901106719389658
0.3015722595037962
0.2987286480590423
0.5124395548457921
0.5765827975739233
0.24462570565202
0.299898032591303
0.5244251926707949
0.3066665906051648
0.31648591425875816
0.41143343128458587
0.31982052180356085
0.31904255490870004
0.47244163143002094
0.4119803229098995
0.46211752292617037
0.5378530807250023
0.4483518260093979
0.4749871472977136
0.5101128933769796
0.8713869206128783
0.6006846903064025
0.8578973332284541
0.6620019904740768
0.7726048554258866
0.6697396532309583
0.8837196467917083
0.7042186762673731
0.8764954094252275
0.7297136523600267
0.58099653316165
0.8024419688218059
0.5612255314258406
0.5545600121024847
0.8966834730035398
0.8171623107040712
0.5886053430359083
0.5937264266060505
0.6832404006634027
0.6386930727240301
0.8543601275565718
0.8395748316201677
0.7398676580942349
0.612873452539359
0.9150399644429307
0.8986776630657474
0.6227304565923658
0.5410588461612315
0.569394839957775
0.4900354247409927
0.42064194471408733
0.47306395191816697
0.4959577678489566
0.4748330388310903
0.4994841675182861
0.46597577850409005
0.44240921772450587
0.5105001351318814
0.46355045381385473
0.5418665431585742
0.5010092101026575
0.47031899668926
0.4596568459902968
0.45229618021673473
0.5265438873072725
0.4931276126390604
0.47786693925235646
0.4660442500360533
0.531928425012123
0.3452051347779031
0.5020970614796226
0.5862344529733631
0.5205483486947293
0.38438453997692157
0.5296697904268857
0.49741525575990087
0.4556692492742026
0.4636043582049222
0.4566413827124037
0.47997468614348865
0.5071946916109754
0.48503090971416607
0.3629868924570343
0.48980661296914946
0.5074826538129876
0.4583844708591849
0.6156146316928488
0.5438439191904436
0.5489867621100305
0.6651166284471319
0.5247161192659007
0.5416153041969469
0.712781357412562
0.5465722291818438
0.7420019815702481
0.5158170036075417
0.7286855420199954
0.6458589193181732
0.6047648758415354
0.5021580584476497
0.5634399571440614
0.5683558704680762
0.5341780198266094
0.6911536866904626
0.5640086420963146
0.7470701448799251
0.7589971814896008
0.5263486555319001
0.624994936716821
0.7645650890706115
0.7307632660815935
0.57802117378415
0.6406643351045549
0.5052595954420293
0.4691001817853492
0.49460265208427234
0.6953897045456632
0.39780983146635973
0.39281183121876245
0.720392148328759
0.7571180272075106
0.7702785400330852
0.7756471374009648
0.7189451304191521
0.7864594227242878
0.7755847341140776
0.76765253966696
0.7021734732276458
0.78502717972082
0.7443551476039073
0.7150594981607314
0.7590253447283555
0.7619254646564793
0.7970900530093137
0.7717189978814822
0.7668061954390653
0.7449755720160995
0.7756470542088474
0.8111616019518452
0.7017014433652857
0.7890074582214022
0.7780837405039773
0.6877787071605915
0.7326602485045515
0.7942617592818826
0.797018697613511
0.6539101048500833
0.882925306609529
0.7430975012598191
0.7839471697159549
0.7976408881147035
0.8545067840325958
0.8362665374330144
0.7998871512894379
0.837379566708177
0.8954271692197
0.8829469410114541
0.8675410446275624
0.8045002957021928
0.898720013493028
0.8441311576039348
0.7175023348014619
0.8405215379839248
0.8006584342312912
0.7805338026235429
0.8218018678485117
0.8499323856538025
0.8929008199735614
0.8021657011499457
0.908940907134759
0.876063593801137
0.8030461993259881
0.7617112298647831
0.7978237390088933
0.8978904231141736
0.8191959753151234
0.8888974656259911
0.7943098288240544
0.8375417845344657
0.7741784277973287
0.7566772176548842
0.8160939207333496
0.7490506864959843
0.8714719005900295
0.8110249509329153
0.8736930289750406
0.8416028158050328
0.7932040564827412
0.8127400742606348
0.7684129946523244
0.7235935935208628
0.7948527553814291
0.8426399296763128
0.8244393254868436
0.8171129227499534
0.8263767488620235
0.8435839091924588
0.8511258628544462
0.756965048992239
0.7702080333090818
0.8228825894220357
0.8180827027202431
0.8227715926761332
0.7881122672845837
0.797239201843341
0.8426223947778996
0.8371370337136912
0.8221664791173731
0.8128887903547922
0.8346709778868378
0.7190687654342984
0.703499002070032
0.7933033976800807
0.7891501815388959
0.798727863152869
0.8118344701783109
0.823436680057499
0.8325099451086222
0.8153928966587154
0.6791787208606771
0.8363637059614328
0.8480912598040383
0.7126227283003871
0.866242537506998
0.8187013603285761
0.7078137075243268
0.7293842435919036
0.7184785486995634
0.7476320839930671
0.8386442401275482
0.7992195634822201
0.8475952276406706
0.6761351296343641
0.6940038579302044
0.6527756209243601
0.8463668189685258
0.8828657121138099
0.7604357105111951
0.6623068343279939
0.8491114807520029
0.8269921512790459
0.8899481910978508
0.7751669920661536
0.8588552621768961
0.8431678869301846
0.7952202861448289
0.8576590323510215
0.8666038261433832
0.8307265151510761
0.8081765024910356
0.8300073630371481
0.6988932121814058
0.763886202900437
0.8383955395627865
0.7440361919270743
0.8246629843967941
0.8167908958764742
0.7123735092000648
0.7027606613836823
0.7623468402480069
0.8734638714970653
0.8024331046299089
0.8795922923253767
0.7085126738026578
0.8656087461083648
0.8202008286491647
0.8432033969325639
0.8455712934332
0.8219600688665933
0.8031820827167978
0.8225789806027229
0.7138954954591314
0.7534367431641075
0.8214112336007179
0.8398550341971858
0.9034834140422492
0.8688356942978821
0.8067720597147124
0.8151479527820582
0.7211584258290749
0.9010834496735198
0.8563533818761906
0.8264215975889464
0.854253336804254
0.8174449132034943
0.922180773722844
0.8446201160827596
0.7566351677394504
0.8742000392200633
0.8845642663210537
0.8883158605394675
0.8050505081120976
0.8597726170547508
0.8820107400401158
0.8655138468836795
0.792351726084821
0.9084695129896456
0.8695043355586035
0.8996381726611804
0.9166358072833296
0.8666825925487357
0.8590492023258273
0.8408968798034416
0.8481131574743692
0.8616225615327311
0.8368207980828253
0.827112480064083
0.834441420273755
0.8893267913639332
0.8278745626754127
0.8210414008729889
0.762378733824424
0.83324660702296
0.8682873935709905
0.8552227304754147
0.8269011066760448
0.8520811170208127
0.8321428748981106
0.8951684999919727
0.8451227143681794
0.9312154551886234
0.8294183289871495
0.8355544325127389
0.790463669561349
0.8478839410807852
0.7997548425013392
0.8174211157931403
0.8607373329838173
0.7376460000056889
0.848026685346093
0.7830331195399383
0.8001673660943003
0.8096568971096147
0.879716498776839
0.8845265669851174
0.9200084764502963
0.805215327376861
0.757469161447597
0.8751360417992722
0.770867153148211
0.8782401984122821
0.9243058114628077
0.7116803937302545
0.7421344839319755
0.8238640633809338
0.7184366065445693
0.8942941841514289
0.7614907058167009
0.8467212078768815
0.8253564459687688
0.7427862960549209
0.8340658724066635
0.7170777625567636
0.8715232394014556
0.9129362016533007
0.7690620928233394
0.7343457723318312
0.866600453144545
0.8768778131562256
0.8637043019630841
0.814073873427176
0.8755367938733754
0.8085067294082077
0.8141143181386037
0.8787876686269042
0.9066394566513711
0.7737087623300477
0.8826141297201155
0.7452980376951923
0.8742295296203039
0.9067503859891322
0.7952333779928517
0.7961077696584262
0.897642744442128
0.8720958604110762
0.9099465857653615
0.8976139158736303
0.8794096361572418
0.8871637406224666
0.9012304187037808
0.7905966301660272
0.8027356174145359
0.692417316371469
0.8416619528767988
0.7559352796896097
0.716763744999142
0.7713075925961097
0.8111023799512767
0.8462293197096293
0.7553051811758381
0.7445171314147009
0.8418427074788529
0.7553485568867712
0.8526120903648889
0.7961510895513336
0.7337082501849741
0.7535118080562846
0.7549292008541372
0.8554915051954743
0.7565074684727133
0.7987068348517834
0.8341394872078727
0.8476756201086637
0.8669053297162179
0.8919458702993724
0.7693240162319552
0.8522280655240564
0.8330041870958691
0.8414915992058613
0.8517799726696904
0.8296840198536461
0.7789461276229235
0.8370948998426908
0.8070390041310224
0.8399422808273017
0.851943258802073
0.8363605426681067
0.869405155040498
0.9019555407205115
0.8168012314252869
0.8149318852619243
0.8218958780762676
0.8105172038655346
0.7122997561917469
0.85672039084228
0.7964988238604243
0.8192697730338708
0.8316647323539708
0.7926440042777843
0.6902432104618239
0.7831253372525033
0.8186936156559205
0.853632595717486
0.8011669532523884
0.7951610424537848
0.6710082477441323
0.7552967720613832
0.6903772814628888
0.8194297383308837
0.6878437168610397
0.79773822928495
0.7087820048415306
0.8077937787745733
0.829541985112721
0.783494548973003
0.7923457156059397
0.745933984561331
0.7271634760249066
0.794807683851537
0.7212071624884109
0.7313589437125829
0.6604785670798345
0.7657940914238353
0.7802037643098658
0.8041314292308768
0.7383719861607198
0.7304653753076572
0.686839843183966
0.8201799546141271
0.7861116725333921
0.814454305628834
0.7594952696519213
0.7125833415510465
0.7129840426240736
0.6997448154656355
0.7098900535531746
0.7573813520163555
0.7952978686755952
0.7971833990556934
0.7000592988675283
0.832907290052991
0.7997582736934759
0.7379504142190104
0.7953441485324813
0.8335486898685187
0.6750957905639025
0.7600578388095258
0.8389913801578757
0.7512542882784027
0.6343856583466204
0.7041086432921895
0.6997874657893375
0.6056818033146739
0.6954260780647487
0.7178782789392014
0.7215178006742726
0.6374337151897718
0.6792806935249422
0.7981749681502188
0.619320175828592
0.7936822473998631
0.7999551997220229
0.7778554296226924
0.624865102747775
0.7970192942991604
0.7880362094935125
0.6900383066444512
0.6823034498574769
0.7367877665611848
0.6138075560316971
0.7654785323077856
0.7105498183834651
0.65407937786363
0.7866945397087342
0.7324014444712551
0.635816442066556
0.6842076001037644
0.6851548902037681
0.7495792522311471
0.7197463300338306
0.7624708326806738
0.7194585939872595
0.6346307172561192
0.6737906620065375
0.6180290358543534
0.637633879153282
0.6421236136375541
0.6310637612552961
0.671902693057679
0.7147130519733184
0.6620138632549262
0.6480137554006457
0.7090448450138612
0.7096680527466441
0.8453944815187103
0.654686464053277
0.7147839026233569
0.654269619906485
0.7379051605649165
0.6650277522185074
0.6814164925576306
0.7114253729392426
0.7943523098413517
0.7103118018954273
0.816538592076384
0.6663322734261076
0.6566798495700831
0.6581380505583051
0.6413388752192497
0.735957711561106
0.6945190388545175
0.6885196230560897
0.7725359271515475
0.6670144670065966
0.6529339690960241
0.6325601354713835
0.6390107779332459
0.6488698571825502
0.6831735972922985
0.6825093773856759
0.6139508008639449
0.6235453885854363
0.6836976198561134
0.6612984999745115
0.5789204628398417
0.7700364551074291
0.7609593616362127
0.70530376100067
0.7073177798757979
0.7137674358048804
0.6010367639592747
0.7143029830002661
0.5818477837293523
0.6178526476131991
0.6295296140147665
0.6836731297499489
0.6974350544016839
0.699123690893817
0.6488466265831998
0.6023715540879286
0.5696264912784392
0.6269670982840245
0.7536839359579919
0.7196965295498405
