0.9769505032070434
0.9917893844180471
0.996951394039296
0.9832235430359666
0.9658633814803961
0.9956661451528455
0.996596464733855
0.98159069740215
0.9946555105632696
0.9535613475845278
0.9599646389449383
0.9647993905268453
0.972358167459084
0.9626890828318223
0.9896105223475389
0.9698769349779833
0.9535122666756923
0.9909644794680829
0.9788621679704888
0.9879273657479195
0.9923177185374507
0.9532151806297572
0.9707801776169719
0.9667871356314444
0.959037078485349
0.9723205270713469
0.9671889900686268
0.9578795898544553
0.9655594687581888
0.9673657205947236
0.9785720864766736
0.9866672201651723
0.9877876455307644
0.9851809567818234
0.9581081010527293
0.9762673657579941
0.9851060077787301
0.9800811394051965
0.9776550338159714
0.9825410566573148
0.9567033045115569
0.9594166175207137
0.9580056947819381
0.9857724228843894
0.9893685703626551
0.9734692267839926
0.9593233750575214
0.9760733536568399
0.9635069264763809
0.9697571700417886
0.9699305432758503
0.9841260018422872
0.9573542981838574
0.988143724747365
0.9838020747223948
0.9674215012576741
0.9988648706363232
0.971750656729141
0.9931045003505206
0.9922032792230029
0.97833659502402
0.9970035021753416
0.9897687745050993
0.9760397098850282
0.98003009820484
0.9968025033251062
0.9901857821909619
0.981719899982423
0.9671123086459648
0.9820194138750848
0.9768587224160589
0.9814184830713375
0.9861827781789247
0.9631461849811139
0.9676560247050092
0.9636609306528943
0.985635748657397
0.951712069890865
0.9599448816206702
0.9667189066869073
0.966408152521002
0.9569453458406547
0.9627745123467999
0.9574045599525028
0.943569528600926
0.964772921336653
0.9787107958306293
0.9703743079998541
0.9596839460104077
0.9747132496545972
0.9897100360296901
0.977918586117974
0.9664801272858499
0.9965400440329506
0.9785032821033761
0.9589316100033591
0.9332771210526893
0.9373772921346506
0.9469011083198271
0.9556041802044438
0.9614634289642515
0.9478731458184542
0.9503412748331185
0.9469362655524487
0.9544826334620387
0.9553410688508135
0.9380337334081992
0.9505047184420923
0.9463811154429558
0.9628470516468962
0.9398167778805959
0.9561908791948639
0.9551492905718155
0.9505956904931709
0.9479884364438952
0.9660659887183637
0.956290844833162
0.9681891087679844
0.9604614704991552
0.9636270694084593
0.9569769138485023
0.9548231881975502
0.9742330905072023
0.9593879773700271
0.9730590830798455
0.9570220446037847
0.9709501536118951
0.9681875288503373
0.9421849906213399
0.947261967801614
0.9574732406961145
0.9642310796020478
0.952925182833895
0.9750696718477209
0.9648218454293431
0.9518535486428205
0.9686948192722828
0.9571654558163326
0.9495275683049095
0.9531320650320014
0.9512641867105601
0.9489379932370909
0.9418933740266444
0.9636795441693431
0.9653300117321788
0.974724400969678
0.9975711389338969
0.9685811019767423
0.9787666672481331
0.9749501121467086
0.9774765535104057
0.9765452892181655
0.9768481236935422
0.9766418062573103
0.9728178513872675
0.9849250934993609
0.9763131797591809
0.9566143772616297
0.9440118751518503
0.9676655009386719
0.9556825756599261
0.9375165246668689
0.936959082101291
0.9335120379861271
0.9729256948826814
0.957431668343292
0.9386051604750751
0.9459575535598496
0.957067806146763
0.9359925184889931
0.9400606825129367
0.9457427585923058
0.9267017538651958
0.9623224944109476
0.9706825032282544
0.9773492064032909
0.9788440270487575
0.9980960359333609
0.9958105544096879
0.9709217119742785
0.970828300222859
0.9732651491671999
0.98553182134989
0.9733173411255432
0.9654195795521359
0.964960816060539
0.9998229182386
0.9931081393640867
0.9666497744080254
0.9353050143843632
0.955876680348916
0.975936378996447
0.9137949716659177
0.9802584122503493
0.9603659181814619
0.892387328038238
0.9510098141917553
0.9762944126105044
0.9732506210465512
0.9755772809410309
0.9729243080957812
0.9450800121231242
0.972980382926502
0.9054232513848295
0.9758843841866846
0.975427313797492
0.997008805897744
0.9817259165683045
0.9521915117331655
0.9865644995433993
0.9707622249794877
0.9912800756080709
0.9700355674403126
0.9716330111278553
0.9740864023018847
0.9696061563591309
0.9326889111404008
0.9152904151641524
0.9280614084808604
0.9319835019469902
0.9198598021033699
0.9010836596936016
0.9300137510988137
0.9237006468600879
0.8990571471213112
0.9295732609538783
0.8850118240957165
0.8988373330976753
0.9083271755107127
0.9120676978461209
0.9195188298977595
0.9133957559419421
0.8811104483164061
0.9063195577276877
0.8915949501202243
0.9068902249319554
0.9109014350061366
0.903586904217551
0.9558340189321346
0.9587047403951768
0.9502145850293122
0.9824639586511956
0.9093557054531053
0.9445470287276255
0.9937058905641736
0.9342181803670677
0.9330610478162836
0.9372717677271302
0.9404770004607251
0.9181642834420412
0.9671633381063433
0.8662932142171658
0.9456844135296907
0.8548852167264842
0.8872939496728146
0.8913227219440724
0.8384437331659641
0.923475994310426
0.8688975403253791
0.8656868105345101
0.850250789491735
0.8944863375261376
0.9076351868275885
0.9141182795508007
0.9021992010127402
0.9209009259433162
0.9601133970239979
0.9613349284289239
0.9119568277709906
0.9525390321980213
0.9608899291420925
0.9229335475118015
0.9517698901050088
0.9537532898770387
0.9464362668112338
0.9711498896716481
0.9504381443294359
0.9633440195333132
0.964579893716361
0.959394181968518
0.9723393501204314
0.9643747001547982
0.9071391573507005
0.8568719646604197
0.8974142082887622
0.860387552564121
0.8960295684053452
0.9050991753585318
0.9233923996860596
0.8612838190364639
0.8836083806471042
0.930417570947285
0.9218503900175472
0.839747331461463
0.87282342407649
0.8639951149420719
0.8781031421461906
0.9294770857141568
0.8885084259326832
0.8638425527108813
0.9025440090582502
0.8673166985604471
0.9568661143687773
0.9117504377663488
0.8767914559336025
0.973483166824737
0.9407678072278343
0.9501848373893753
0.9711335088850616
0.9429057109910842
0.9071505441218333
0.8841121221514288
0.8027662006690688
0.692079326252784
0.873359993790167
0.7512154438602341
0.7214255555798949
0.8316167197740072
0.777253304220251
0.7322245508248646
0.6512406508207335
0.6713247092828358
0.8100032227207381
0.6590738619072194
0.795553297074842
0.7529718891560074
0.7319045055566415
0.8482879026309755
0.7598883582606427
0.837985906720526
0.8399053084635842
0.6546179323781132
0.7009058847182124
0.7586328811189949
0.7337327994775624
0.6624868095806926
0.6482082704103216
0.7086822630154264
0.9109947378128825
0.922812542659317
0.6496947240041053
0.7747396528149655
0.9977645274810555
0.5919680373802272
0.6296917090179817
0.6636773594536394
0.5842161310423958
0.5973059398737407
0.6429057441222013
0.6640545269180806
0.6474883599633077
0.5925289237044087
0.5920567033159637
0.601249342855351
0.5982440386356467
0.5992250783571356
0.5969535595306454
0.6006065951386438
0.6102183559511591
0.6064851034150339
0.6050047163759344
0.761495916355525
0.9941177678547901
0.6710509916523203
0.7981141773678065
0.937599056722463
0.7137032606565636
0.7683100997210767
0.8119221602324211
0.8138884872230154
0.8477239560563903
0.7749592575421466
0.9610552287742993
0.7602106442955345
0.7685717827614377
0.7978542127024355
0.6851028381695775
0.7806001830016429
0.7125107288646777
0.7430633841233152
0.833123879589017
0.8290451903778098
0.7825265637432673
0.8026451011513023
0.821549973911891
0.8206606292363969
0.7855077583829524
0.7235581131808921
0.6785822692721177
0.8078016012569906
0.7539591255284877
0.6713839056436701
0.9106878361742079
0.963968201967986
0.8391392233971988
0.9196081886496201
0.9918300792195782
0.9492079054252701
0.9269350940233776
0.9523220768992166
0.9647773961289074
0.9174852806541935
0.9131723612260725
0.9774689968359787
0.9534287646138024
0.90427332249194
0.966807651477954
0.6966878558768862
0.8391581510890327
0.9326245992954272
0.9181572185300021
0.8240769123010752
0.8539935114599237
0.7932576911056215
0.7920041244732405
0.8526490715703635
0.8304932193620358
0.8684496257724805
0.9519375150925418
0.8431971619057896
0.8016589477170863
0.7469402088363543
0.9070365402975189
0.9055265877566224
0.9218771983912126
0.9560558885411881
0.9489278735175377
0.9622252257248153
0.9386127537575775
0.9137153732356819
0.9175069850633857
0.9870480439667586
0.9600385292824195
0.8657991156650664
0.9676334975488113
0.9835834479552485
0.9629687975873489
0.9356608719298427
0.8966212511745779
0.748025869915049
0.8677211711670114
0.82426093217872
0.9071510268803054
0.8049471017153895
0.8078652996603457
0.8513984306646839
0.9164535527854509
0.883417235281372
0.8115758722463499
0.8206077401976991
0.783542590606656
0.8707240502877743
0.8360967822479325
0.8572327599322342
0.8427366887711046
0.7747030958971188
0.8736745009932438
0.90387935566148
0.9367984953839177
0.8619354021487531
0.8783630198249485
0.863733321217523
0.8770741346389295
0.8036126823421402
0.9301192719876002
0.9133886476465698
0.9523757289454438
0.8959290510253028
0.9738029606500299
0.842915734856591
0.5929720702423754
0.8241278844863581
0.551813075472653
0.8341914556307506
0.5467297309275524
0.7848523689176103
0.5691872828440561
0.6427783870944419
0.6884074624757173
0.8606713935367288
0.5867850964747788
0.5930923161157265
0.7178802686490449
0.5587040992526122
0.7874985762665057
0.5461018849523239
0.5835407781735141
0.6870303899076665
0.8294483513026376
0.6826249512936715
0.8901729009847241
0.6549330555904165
0.7974118713279105
0.74116251775865
0.8875346764785027
0.6591877060599662
0.6667566531258017
0.7270143426100536
0.8136889090590089
0.9624083345070316
0.6844314577547653
0.7274769367349527
0.7258124506314994
0.4295326778481158
0.8082296545135186
0.4351893963359096
0.47256040788052717
0.4950372324777337
0.5354304545773283
0.520461125614728
0.6632826634737681
0.7048630972006975
0.4328536382027903
0.6752383101390804
0.6149045410414005
0.574486004997979
0.6701387678674069
0.6448993199841689
0.4681928979686555
0.6308366962159662
0.8292242569351367
0.9104202522672523
0.6195154082706047
0.932554365884932
0.7450166563069037
0.8784425211978832
0.9214675212078915
0.7364979490126446
0.8034071975898508
0.9409574775822072
0.7135549040118514
0.6217765167559459
0.9155684758317537
0.8384981252413461
0.7734470518638401
0.3676165398106215
0.36599024965089755
0.40587649987555835
0.38772445557157253
0.521595527861935
0.4175697526628289
0.2839765958208067
0.43663715891010657
0.41879464516759
0.42732091476944906
0.5997735486180648
0.2773451512164622
0.2991999295471531
0.5333437649549748
0.25849168949780493
0.3762370676342951
0.4043759835566997
0.622176923105138
0.353637649928308
0.9238094930026866
0.49990878182400034
0.4905913193328071
0.6728744086002103
0.4015508799353959
0.3291418959220127
0.36917899680806526
0.7393783416490451
0.39876506832767056
0.5975311998241768
0.4937178915763272
0.3796707064265741
0.3177960697878075
0.7420181357729155
0.5471210438673219
0.32710155114774
0.3196014515943095
0.4878967733499677
0.38561989073528025
0.33065591499564334
0.35746137110725074
0.28166078643515025
0.3289527046693169
0.27723309907379245
0.2490317334608803
0.36192724530605735
0.494550104345511
0.28126415381913994
0.2430481665451175
0.4244612612223678
0.8165759137307727
0.852431948120853
0.8625580672009439
0.7933206067911555
0.8093050733193866
0.7919938499838479
0.9123374135059503
0.7774491312335324
0.9213092971808532
0.743288739593525
0.5920704513170016
0.8950722569585132
0.9252216989957657
0.6389806041850445
0.905261071358969
0.8725298775403074
0.7682399664637425
0.7895332166881341
0.8355702514940091
0.6967553761321406
0.6210660005039537
0.8560672436566188
0.7059085224910213
0.6538945599575695
0.8662066657361597
0.5580708884187422
0.8835615751881125
0.6683757517626516
0.672551383307467
0.6809189479094049
0.8932722839351658
0.7168213602564624
0.8411860974740237
0.7589983933445914
0.7269155185840946
0.8159234343829287
0.5290115646258855
0.6192696823106445
0.923545931998396
0.7805199757980547
0.529987821363727
0.5856857821673501
0.6592238629617424
0.6821582295026299
0.8231236956795728
0.9111281686149343
0.8072543457648675
0.6050723772302129
0.9524494299591741
0.8758508832742973
0.5715261454633258
0.501709196966057
0.46704787722188756
0.4406104286844924
0.39062161469344986
0.5001851595924736
0.44430984252334316
0.4606213547377147
0.4455137083225895
0.47829360259734255
0.496928676449957
0.4828994993150978
0.442303182591389
0.6125174818494405
0.5441631584307008
0.4558904084468687
0.5327720196239589
0.5218577846588573
0.6448289975466641
0.7110280368082231
0.5136241666961506
0.5472192854450281
0.7835249994647404
0.42016539016034177
0.8966826872163136
0.6079157560884716
0.8710076015758701
0.5905899246562715
0.8791238543667816
0.49476279602568807
0.5877401908614805
0.5498470942463088
0.6362330560640617
0.6795621072248167
0.5156896124218763
0.6620050685762826
0.759547497377314
0.5043609246566365
0.5952121928305714
0.6925242990748597
0.7412627923125603
0.6200286718659108
0.6692421893653889
0.5329501223984836
0.5212926218231171
0.5143655014436546
0.7375223501778396
0.5503615118699364
0.5530239139672983
0.6478903207635421
0.8028871642513508
0.6320695147381018
0.8018962782218702
0.9299570046102408
0.9390861632773564
0.6566784351933136
0.9809622830650748
0.7461785022748877
0.7554846306844958
0.6952291866202489
0.7234178363976385
0.637871787159405
0.7713616849864546
0.7386360621171884
0.6406976560791027
0.9839727326519898
0.7560212245164293
0.6922354027914921
0.7340486699206363
0.7183341501691562
0.7735698352467181
0.7587133770324364
0.8076066922297657
0.8082076597285184
0.7939513096337212
0.7542443754343798
0.780828747720931
0.7777187364318865
0.833376211672037
0.756349095280484
0.8012470278022017
0.7538831784701263
0.8145876662365514
0.7695123880690107
0.767841359900291
0.6515067015070128
0.8505306192642922
0.7600000176824806
0.7042740664737666
0.768293492909167
0.7629909444378978
0.9547976921420753
0.7438095315557938
0.6717335002696546
0.7656847586382944
0.7737900025901446
0.8385320092086403
0.8491009331142562
0.7645888593429762
0.7734009130530235
0.9787530409400186
0.7750289507839443
0.7997776213800073
0.7879149755230028
0.9049765968212142
0.8268987232775984
0.7004455474810343
0.762437041134374
0.8021929930960514
0.8962039308810136
0.899747976778718
0.9004098908123987
0.669617744455769
0.8571597768267409
0.806896893611921
0.806860266735423
0.8111095573121299
0.8336174363517475
0.7405554826371038
0.7590907997257365
0.7854407903202297
0.7097587694407916
0.7951877382144812
0.8194141062094678
0.7426421831070757
0.8560386897014272
0.8212813594071066
0.836108720059769
0.7912313260781302
0.8274439221445395
0.8369801633170604
0.932296484747764
0.8016552316140877
0.8145424922352054
0.7650396279549863
0.7545407404749812
0.8340154153827767
0.6739584938535996
0.7661949284500026
0.7726534879599639
0.851800915081647
0.867876105772063
0.7949548972862164
0.7433933880497658
0.770251895725241
0.7431717875682906
0.7677529695933295
0.7850801850327973
0.8680742904867087
0.7149328650578232
0.9435459126511079
0.7956627762988221
0.9074419736672005
0.8615173104612416
0.8494205702919596
0.8551661925655467
0.731445820512783
0.8247377539402946
0.8088926896910102
0.7921257797472044
0.8367372024121951
0.8286717529000682
0.8173050713098933
0.7908374992320729
0.8211039745946079
0.8954541577300684
0.9423797304185964
0.8539284185692445
0.8456002287216087
0.8750389407073993
0.8349337089167903
0.7888381817578074
0.839866459360372
0.6773024771636689
0.8681778804697919
0.8089636425313069
0.662051717139657
0.8722908080145072
0.7133731068606259
0.9017223883932928
0.7537283753125698
0.8565865147947905
0.7482886279685104
0.9486449652642741
0.8587642346976005
0.9441129333867588
0.7780288737991732
0.6850408767891114
0.7153572185843051
0.8685393062293674
0.7254456917177419
0.7653540213986941
0.706371986431577
0.8525840776767567
0.8131690650272794
0.8141837208437628
0.8397566387258333
0.9111160841125805
0.6951274187257442
0.8234392265338378
0.885882692319416
0.8693834856604787
0.7517631601582301
0.7701286968910723
0.8361595058847557
0.8028483124577787
0.869712964089318
0.846422086727767
0.8544327542809064
0.7030639945998229
0.7859995616947453
0.8140618089554499
0.8315739235768617
0.8686888527423581
0.6773192296150192
0.7946629246739803
0.8961708345573496
0.7687956735344328
0.7899858465336038
0.76273210351061
0.804306287883022
0.7820607328040197
0.7220689327741119
0.7680983696898398
0.765903302709011
0.8985083566841753
0.694954206937208
0.8159158437606161
0.670135277887185
0.9120819648705447
0.7888592919648317
0.6916196286169866
0.8568998541616786
0.7926109113184296
0.8602176020418041
0.8437307559640391
0.7612778293864996
0.8057624851337992
0.8213976470150072
0.8448627038368268
0.7579426026478941
0.857225218847705
0.856876354425739
0.8714004192809898
0.9042038446535039
0.8361449771280911
0.8765979992483973
0.893202853973511
0.7832068473398804
0.8913760315948042
0.9363496668711557
0.8645470911047015
0.8697180758208769
0.8517927582504119
0.8394002183327505
0.8991411460522162
0.8745284306452678
0.8904709515918355
0.8991674248904598
0.8652341504940624
0.8422352195314275
0.8098762007371372
0.8031779466011354
0.8420717559173487
0.7726054717738442
0.9946183305157956
0.8476444836535288
0.8022607673847114
0.898154247189801
0.7821470641607222
0.8931129825302733
0.8997866245355939
0.6981583835469144
0.7405098103670852
0.7899077442539688
0.7264761168562835
0.8462253704837313
0.7349976135579086
0.837269813121253
0.8021904758620519
0.8605706471524195
0.8822305873144398
0.7392737099795869
0.9400274995402123
0.8719630715864243
0.9082699782024873
0.925798070202619
0.8874614603352933
0.8066099351160709
0.8578114388889757
0.8742683198751251
0.9045096881861578
0.9279187011082748
0.8993810179952946
0.9274648450775387
0.8157044768783654
0.9158596633944454
0.8348753774544412
0.9303155929182927
0.9246420447375703
0.819332210839252
0.9102944999652549
0.8586079525610337
0.8932246541750442
0.8753305174178062
0.9087884666306751
0.8756642799881437
0.8700372174939144
0.9277411735018791
0.8386066578847509
0.7464303625916366
0.7414419901580606
0.8699145309284644
0.87519327231031
0.7886583961847322
0.8909243028117368
0.8191245563642955
0.7653107350355126
0.7531117202447208
0.9317212587294182
0.7532947715498264
0.8489191610148847
0.7566858867008203
0.8430109892271214
0.9600556067739772
0.8515448309980622
0.8915966968319251
0.8239330854091551
0.892112735893354
0.8935436273788501
0.8527668439092904
0.7772686692159524
0.7994233744845929
0.827265083760657
0.8718235579631266
0.8389213937086688
0.8020884050801873
0.7877849240793158
0.8225394666950918
0.8468650237032896
0.8349522638153317
0.8421530978360494
0.8572594012389502
0.8455150752941503
0.815225613413362
0.796821962649354
0.7563176170211177
0.8158407328717148
0.8055565202650709
0.8038568757627281
0.776642544240042
0.8046618769766551
0.7494942563084559
0.8691184268615466
0.8066855514817084
0.7031552056035573
0.7691067211740584
0.7882539175837378
0.6964503047828069
0.8446832877700889
0.9808033084641332
0.7564909514826306
0.8007140533358938
0.7637404886497523
0.7235162341193959
0.6752026625914285
0.7320312291683329
0.7387816127678313
0.8234744367078171
0.7918412982597761
0.8005105615749237
0.7892434622921787
0.8188582990917463
0.8452834834816345
0.7718365335227548
0.7836589333385877
0.8113982693860311
0.8146714606875546
0.8289966332648341
0.8119810360720222
0.7809563321980808
0.7838461419554349
0.8126045844357505
0.9035121589055715
0.8377351154151663
0.8234354927643734
0.7361162014609091
0.764941600193108
0.8258894796542731
0.9192803482779117
0.8781175823161058
0.8384611204596562
0.7918039575949254
0.7045147362644114
0.8058072511561942
0.7339762571774536
0.8299409139885083
0.8330091089829896
0.8250041798784613
0.780207071337381
0.8374618392963372
0.7857492968290891
0.7464844194129572
0.8158597711856082
0.8374554287566962
0.6789771240758756
0.8268747981362898
0.7935885852901745
0.7524018098664651
0.6795637182673813
0.8165499727295515
0.7505510071035675
0.7548941812436437
0.7835784135867592
0.7813153426776691
0.7486537179046879
0.8241527008038756
0.8281923681569636
0.8540324375627251
0.9077394089461226
0.8255747427290847
0.8892021677887771
0.8441276560667607
0.8180115583660644
0.9231516579542751
0.8479145440010123
0.9206106134693958
0.8073270315858878
0.8881929178751221
0.8346720119671739
0.8473902147170267
0.8773464908613883
0.8560265924032944
0.6961287227169961
0.6446925237109977
0.7127793850619196
0.6552833995856602
0.648579417801706
0.7418621851302437
0.7006339085275908
0.6686504477483737
0.7172989874158131
0.7936939927793618
0.6561627788622665
0.801146364287219
0.8092643435101621
0.7889515786205941
0.6031375825750929
0.7227124201332332
0.9024176503650543
0.8270634895884362
0.7995043918648542
0.883274262939965
0.7423511456480811
0.9655108952727531
0.6950816977689527
0.8660246843571404
0.9271656670568849
0.9704038184118682
0.7689821859950312
0.9095256920480776
0.737607163935674
0.9746964722784075
0.8884575057286185
0.9510021754070319
0.8807852233596156
0.7364753988368816
0.5823389106809032
0.6169140115317597
0.8096437448793119
0.6467718891245072
0.7216958345818092
0.7398332511583624
0.7213692335119654
0.6138681495196706
0.653764637612773
0.737691604867739
0.6739293557376742
0.8190043096848836
0.8030586802586117
0.6254461644769639
0.6251103928212383
0.8432386974876374
0.7915064163208289
0.7415835741045905
0.9673990967351559
0.9498527046214392
0.8035581304797895
0.9257482743658376
0.8301012932191735
0.7816692703427016
0.8665128732517983
0.9100674300620493
0.7798313883947615
0.8026997577649791
0.7823257109857132
0.8953116438684798
0.7300552272658444
0.8550370403626966
0.6407777167427229
0.6880483520541611
0.7603177319071714
0.7494244715543809
0.7533032300955214
0.5929628996452745
0.5665236558915147
0.6678946869087945
0.6749983065995935
0.5757924962862341
0.751944450226334
0.7659768314007038
0.6987269195268749
0.7036054701927712
0.6856737347883333
0.6085236600263562
0.8902850455045903
0.7467094782927115
0.7952978372252867
0.7368257858275633
0.847374757905347
0.8393460391495636
0.8664113481058895
0.76509279188013
0.7710429036879164
0.7319734048193387
0.746528918577094
0.8660600377902801
0.7763675988974308
