0.977319283243272
0.9922849754802616
0.9920648510671974
0.9957264178770524
0.9920109817804678
0.9605138000234119
0.995068568079778
0.9837918632563948
0.97124600627602
0.959088554375183
0.9811787805287723
0.997441088842946
0.9758994115164038
0.9683543300200304
0.97334602339279
0.9961531203573197
0.9726221734039897
0.9556421462680478
0.9651243057766512
0.9809903792582133
0.9975500182117996
0.9578580352888433
0.9971098132894308
0.9906402143043594
0.99335090576314
0.9968010500391953
0.981861064884973
0.9948479283241433
0.9627187829811598
0.9924597926786068
0.999842634774102
0.9990780003862907
0.9713515167351958
0.9856289931218407
0.9923402016765935
0.9791045292745815
0.978564332101691
0.9718060607515536
0.9749978695673622
0.9797727703954917
0.9893364449862934
0.98579767018913
0.9593015669324889
0.9858335575896421
0.9904173109892032
0.9677679252719995
0.9605431493488404
0.9707907871315631
0.9629697196290914
0.97039604321286
0.9711298845324512
0.9692640060294334
0.9587205754320862
0.9888933579508972
0.9833683518399663
0.964219083053273
0.9897970952131026
0.9748296797580127
0.999381385208119
0.996346987545395
0.9925966340143116
0.9997666166840059
0.9933718226080175
0.9756727961902693
0.9852049494661211
0.9965186518098664
0.9938403998731449
0.9933508566089828
0.9838551301950712
0.9998276258518506
0.9921009337397986
0.9982940919987864
0.9955871518968415
0.9990757785720827
0.9741256703564277
0.9990725211521073
0.9994732479718171
0.9966520486186585
0.9975292115450609
0.9812909362159775
0.9997194264360885
0.9922049073131927
0.9992557972294365
0.9983325888963909
0.9910091666252075
0.999417698104722
0.9953003295590069
0.9997441153821801
0.997840845881306
0.9969363094238446
0.9991584160942081
0.997248489311455
0.9915067479617159
0.9925174220168759
0.9836049288869912
0.9915533504328974
0.98848009732348
0.9921340203034232
0.9918753826565216
0.9681231848615517
0.9755552457075478
0.9686781983727293
0.9959837588510743
0.953638484641223
0.9789774105510872
0.9703548030378728
0.9713197875135826
0.9681666826873251
0.9713189840005558
0.9753445147227351
0.9513304530348589
0.967774184545726
0.9779141228193702
0.9769538949953651
0.9593708121677296
0.9781125258286248
0.9984102889530052
0.9888872012394444
0.9875113837480716
0.9992648909168689
0.9967404774874722
0.9656658714840958
0.9701042889267601
0.9705730808572282
0.948421274535161
0.9723438071526627
0.970744797061373
0.9525478157745249
0.9491420509943145
0.9494332908653854
0.9638818372820155
0.9725045860495011
0.9691744350321068
0.9861967271214732
0.9685556604570738
0.9788782406224603
0.976025518364699
0.9669768062710995
0.9694708138680979
0.9555559194124315
0.9556042434123302
0.9744743454032384
0.9553009341667513
0.9662926019092897
0.9786669394540055
0.9747762128166368
0.9569846002213902
0.9984147306381259
0.9992698491851482
0.9714386382116504
0.958178087223146
0.9958192025606047
0.9756678743241467
0.965630967062777
0.97126415167064
0.9757403006108637
0.9753830356382752
0.9796703039232773
0.9761857371723278
0.9784483892544267
0.9830604987199277
0.9752762724022541
0.9564497755433047
0.9728498161381354
0.9749870907074837
0.9568309533183156
0.9753663398725678
0.977297734176473
0.9746760531925658
0.9552607315647276
0.9740559439219674
0.9748342555857428
0.9568957589525054
0.9852835990075065
0.9762540010710595
0.9942133579986693
0.9830994023375105
0.9971604305090243
0.9994441819215554
0.9993636326102988
0.9912279465370452
0.9821130948859107
0.9992103546291977
0.9746630153429925
0.96698946909374
0.9664837684369081
0.9783201386701651
0.9674232758549377
0.9705178858004138
0.962833531787664
0.9918339560830411
0.9891292413224371
0.9636738049390521
0.9756246424696147
0.981248996305154
0.9737675019267209
0.9771800868628777
0.970835348402625
0.9623397562558716
0.9738082162683629
0.9945825468031907
0.9865090602289689
0.9757477161035106
0.9727865273524441
0.9795984500038784
0.9672080246991671
0.9903394417936415
0.996163145123065
0.9943388744068113
0.9803314377348129
0.9961865250561955
0.9795722463328544
0.9709502454237882
0.9971779719126449
0.99485594872652
0.9283788722172908
0.9551063948513165
0.9766275416456092
0.9493529316997177
0.9809836115631967
0.9696268204095497
0.9160002547355642
0.979906390123467
0.9806041678851416
0.9757531501822327
0.9920552380287091
0.9751080746785749
0.946958051061002
0.9704941519195797
0.9283280749051992
0.993015890101274
0.9790393150774372
0.9760076705547612
0.9795753642561704
0.9504904255137603
0.9796281096414227
0.9783896959952668
0.975744974440385
0.9663196025996815
0.9968876793464942
0.9984006928658975
0.9858387901522967
0.9636090677802254
0.9806882726276094
0.9998029463136048
0.9829833779306401
0.9418751144944164
0.9215976074353658
0.9413817008652218
0.9348158593926653
0.9723921398610946
0.9528726327959638
0.9666728875656101
0.9139961799167944
0.9467000098382843
0.9361509176051561
0.9382817045367474
0.9746366342981442
0.9054642157133207
0.9422185391491905
0.9182586485644448
0.9341442108734268
0.9601346403542682
0.9567320950756808
0.9162582248682805
0.9714341507306828
0.997614274121979
0.9921832103491921
0.9718738239675777
0.9788633740554029
0.9974467602205664
0.9738230414887366
0.9979149236713765
0.986698948573999
0.9997649333190214
0.9949297638847107
0.9995363306705798
0.9408992753080675
0.9613731316105848
0.9546507411480762
0.975310371762774
0.9832134113581119
0.9428137203289401
0.9679699896651319
0.9701805646201273
0.9660523463914852
0.9525695168568169
0.9670656091459007
0.9538808052158299
0.9679579123673894
0.9593949589743227
0.9610298132155816
0.9873328500041489
0.9732400026376208
0.9339126170979232
0.9576836123037726
0.9532046208723222
0.9317610108981424
0.9606679476090352
0.9536749002737548
0.9977758779156953
0.9854326701487307
0.9877584038613167
0.9923623594436297
0.970130351606261
0.9662513277897992
0.9810080348552753
0.9995127775585266
0.9583049424969337
0.9162644952180616
0.895021054116933
0.8689314634131331
0.9119287833522953
0.9032137270681082
0.9691756523992905
0.8805040900654677
0.8912698725776476
0.997733005263712
0.9092403700188447
0.8523080999262913
0.949949751020713
0.9364567581094783
0.900733641862856
0.9930087356028465
0.9084954704118162
0.9303581320494471
0.8657225831201123
0.8709503256304163
0.9358080614102171
0.8958972304594192
0.9212763818011352
0.992022233644752
0.8964890188866282
0.9920033715887782
0.9248845556820302
0.9706482486940806
0.9956291752858841
0.9628470002474516
0.842040068691942
0.6658020751383813
0.8423841291504708
0.6983316750647963
0.7496418161451825
0.9137903704802306
0.8355152336627624
0.7049647732584741
0.6478254851016467
0.6657410927297776
0.9140827971216746
0.7247064882809547
0.8721390375515319
0.7405903185651366
0.7334518731995248
0.9485465584907447
0.7488104318050888
0.8245272629378511
0.8160409823996155
0.6475761980469311
0.6798470923504129
0.7284186566610676
0.7104759775863856
0.8931532172197033
0.9929882728562505
0.8920191648307152
0.904652732262927
0.7861637174053733
0.852301388211152
0.990554069090247
0.8088996663708262
0.8504005209335272
0.8315968233438127
0.8243511110959453
0.8414047317444728
0.7604159481980555
0.770078928506567
0.8048879856165871
0.6862852072718222
0.7793628342800147
0.6838073065658209
0.7147650427121632
0.8324429437681615
0.8436655145099166
0.7787147907731279
0.8037720102821136
0.8647083883326177
0.8341880865951667
0.7806547552707777
0.7077113596043938
0.7384309668897497
0.8478798658337962
0.7421402077871927
0.729692672881119
0.9823013375802403
0.8900483907284303
0.8661113343699693
0.9419149275429313
0.9586923676769123
0.8553158951069246
0.8763141989338668
0.996452035209284
0.9694598430244672
0.9130885902240002
0.9178956470409838
0.9891282622873945
0.9479014811027758
0.9217588054998105
0.9528539113738849
0.8911577415778651
0.9361363924347742
0.9803972834003264
0.9707993626263385
0.8369182438258366
0.8903577439923624
0.9153074895350946
0.8443273701356525
0.9246136494024033
0.88522917817268
0.9310952435423896
0.9925565013111478
0.9296176324102693
0.8467439872837111
0.8497778264208551
0.9529291503072819
0.9269886369147806
0.985728302650812
0.9868376209336724
0.970482256690118
0.9967071950378223
0.9901763431015981
0.9937915643098052
0.9811851507173588
0.9965783664375966
0.9918590040577284
0.8547218672855199
0.9247639542526651
0.9597730607244654
0.9520396093588959
0.9694650981742468
0.962627437508534
0.8815371532604843
0.9567839579414845
0.9144105786391098
0.9640582556138437
0.9486739122668855
0.9801136718765179
0.9165909212028578
0.9827853694223632
0.9381762757313094
0.9620878953763309
0.989013751862146
0.9123066957588946
0.965049221384665
0.9565690267267323
0.9586483892799174
0.951282478223618
0.9022288926685582
0.9592099887251907
0.9373363360466007
0.9847206807372069
0.9372947415071455
0.9790756424408871
0.9853910547284492
0.9324196476590545
0.988601312260904
0.9442877886413379
0.8304227793795159
0.9366259263840415
0.8682221214886798
0.9766198137384192
0.8215633567919405
0.8670924202834371
0.9088189380366212
0.9285631818479543
0.9229990999863593
0.8333108786111886
0.8401749698534712
0.8430340524029755
0.9459672202069366
0.9125326585451659
0.9537603028286202
0.8461727387631086
0.8293851849753421
0.8962483709642617
0.8560363856975401
0.908468368811872
0.8434872852876893
0.912363600232174
0.9330362514024103
0.9977470472661099
0.8917576257245357
0.9370896769865709
0.9502023007467322
0.9077751918263968
0.8972552234039818
0.9639380942807738
0.9132759079444256
0.6652583945276127
0.9505752336984095
0.7559450344338818
0.9660107620798916
0.6638236538984317
0.8592231039295517
0.6890826606217173
0.7122935666619381
0.8405243807223934
0.891687903916049
0.7082425505769844
0.7176402161116846
0.7654430767110944
0.6946694523008254
0.8902273124107115
0.815686814810552
0.7481754409652822
0.7064848763955243
0.6689207846216363
0.6800366477486139
0.8812528757692298
0.6574272851212395
0.718434170377433
0.994144637404224
0.9993383016030967
0.9970449383331708
0.8516757497057159
0.9940373771212173
0.9177076190148667
0.8593885416843646
0.9697071910698807
0.9935829552926437
0.8911926898728342
0.5506710223403719
0.9110748927118347
0.5728502270868953
0.7774306611487559
0.6345361593826588
0.8680693175612764
0.8347688938431347
0.9376458753492265
0.9094543635984552
0.5881882199466242
0.8353431711133814
0.9648477102727693
0.8941037876476008
0.9431103276685628
0.8388308315052112
0.6267447147808632
0.6233417168349707
0.9788837977766951
0.8942372780369447
0.6229333796372534
0.8144064208780556
0.7994934585775471
0.8500055034086164
0.7400399650879547
0.9068675386527485
0.7636242812170309
0.8659014486648979
0.9960282634653255
0.9450575304874534
0.9402323476178589
0.9962483877469184
0.9505167057902448
0.7251123926157703
0.4210870461745055
0.4772998395943039
0.5195877194397577
0.49125605427402963
0.4457022953187393
0.601063099358486
0.8806543560351516
0.29432464533555713
0.5921749341935338
0.9497288427189846
0.37714694598320553
0.39109872541171575
0.7144228328193523
0.35448218267798404
0.5193588663416153
0.5251590155045133
0.31517549292145436
0.42572665003022847
0.8694200773922434
0.438876333752914
0.3307670210633854
0.7624394561915776
0.9406385368228964
0.8945796697403373
0.865547764746297
0.9682437690634115
0.9780489792817839
0.9398749380096874
0.9184061811583969
0.8411740655765937
0.9187560783554384
0.963037653971931
0.5716555805369061
0.9029939403007925
0.8923616498763861
0.6376687656758955
0.909181895379489
0.8540909938620018
0.8192917445336072
0.8416108112936289
0.9601645880849177
0.6540621092161829
0.8506915133719912
0.8373803282781445
0.7477005888246653
0.8841165257803658
0.9397064250219043
0.9309204572975929
0.8098242152190236
0.8802678184664482
0.7384111980874715
0.8027733511255997
0.8809378997576974
0.8598733029179266
0.8479836417341806
0.9481824768230912
0.926502964367368
0.9844445176710057
0.9417346823317254
0.9847620735894771
0.9319262479728195
0.9185662334472084
0.9085664491011123
0.9405338367597619
0.9978052399363295
0.7760469386866745
0.8098694664965099
0.9392800354712297
0.5695291249521359
0.8594595704968347
0.7613560841138453
0.64321689118395
0.8644212337610007
0.6161875359558879
0.879725170603644
0.5752358064918784
0.7271210648888156
0.6860594262897264
0.8818016575268821
0.6666142153176902
0.8599396484145418
0.7596935769611386
0.7104984874554663
0.8074756665126348
0.5264212641620107
0.622567455392993
0.9542237669039579
0.7581141791476607
0.7540723031218575
0.796361990057036
0.8215003369280491
0.9295403750256126
0.9928310617908384
0.9389847422594138
0.8825276147241953
0.7672250681353108
0.6299735878944147
0.9995151402377562
0.9851740884013147
0.5475025312097834
0.6745406916196048
0.49710106820369626
0.5291246700486947
0.508622035164479
0.5654477968569396
0.6063124099022044
0.5357894693579511
0.7488810200248258
0.78356196097528
0.5080820972164908
0.5716689044406422
0.993151832042297
0.8626976312635395
0.6159047787537208
0.5669188821556347
0.5162071348317987
0.6713367650009554
0.5327121999646006
0.6769164940605732
0.49937229275992495
0.5859722074822382
0.6091128213399885
0.7816247535513524
0.8777715433634364
0.855002605972566
0.8342607244191191
0.8005330082044384
0.9980380782051341
0.9967726059824737
0.9006125976411935
0.9245314089781556
0.966079479594681
0.9405477834823638
0.7404342248196123
0.766610626802252
0.7455085087914028
0.7129517374905452
0.9252147690976704
0.7012055380779413
0.7133299104098283
0.6756501731452212
0.8069593683064705
0.9217052754172805
0.737928099999941
0.7175159032205813
0.6926271051856023
0.738905207729748
0.7098816914868591
0.6297912226390934
0.7641513271247242
0.7852810860811856
0.9440527595541175
0.7650554988731624
0.6908885418054813
0.8154090580332958
0.872071274091654
0.973724202726987
0.9510548131579315
0.9938374291042693
0.9099953238308399
0.8868650462686771
0.9975504993598537
0.8341539476629245
0.7933746001191166
0.9652360736278545
0.9896013844687179
0.7782808900249587
0.79351511295454
0.7449613022313755
0.673147312563908
0.7224515630048349
0.6719164631328383
0.8973983765946383
0.7112606233482233
0.7759223554020092
0.7565758886880196
0.6626277071568796
0.7802588208294494
0.7573998156541726
0.7838076720017136
0.6599976243164295
0.810750747571868
0.9338013619482212
0.6397971613457734
0.800920521371296
0.80709449190036
0.7262945289517955
0.755899319359058
0.7810894592079679
0.8524834211546817
0.7983256456468812
0.928761914108273
0.9506179849958425
0.8574329396171326
0.6630609839306458
0.9514356989153364
0.7542491379683283
0.9644802641422008
0.918475804996282
0.816871715209695
0.7875033999921647
0.8026363161270131
0.8136463720178819
0.8230512683768725
0.8323912055601168
0.6904354497472484
0.8007862546765513
0.8039437528045569
0.7800400455778557
0.7423451359594164
0.8418645504032368
0.7764713705653493
0.8578824780889055
0.932682690350987
0.6976605615345678
0.7578809623102495
0.7434917552744258
0.7544289655891381
0.7054579613823251
0.8231116516195269
0.7462126766215899
0.8750460259343034
0.8204087799732254
0.8759531933828772
0.9210522449081064
0.9107746664476022
0.8846740104281647
0.9733382483595163
0.8155732012995478
0.9770118256743756
0.9647919948828827
0.7835952869772667
0.8121723589360104
0.8411417675160751
0.8015873295812539
0.9043014305851593
0.8217243163402892
0.8607111455943761
0.8991676192945692
0.7513087799648239
0.7876618740668849
0.833364823328218
0.8761296650461322
0.8440558760552194
0.8291387908956454
0.827235002224221
0.9339467808733448
0.8011937181585687
0.8119286208226245
0.7986297433918419
0.7175783901354822
0.8814195390010267
0.7632915816298355
0.7573474362978811
0.7840498930056818
0.9199935665497695
0.8703304277697821
0.9646357313046213
0.9778578779917189
0.8269836560600546
0.8889025335453034
0.8361470978603744
0.9280414254876438
0.8752574927848529
0.8340838721303732
0.8692697856859389
0.8218336872230217
0.8336622998102171
0.8109723099409262
0.9199823680770507
0.7153345897151054
0.8662663709063428
0.9290363546838871
0.9036088446121686
0.6874515412335637
0.8851417510298101
0.7772307991375753
0.9185473962432578
0.8139819654948192
0.7534401963261419
0.8364421132831983
0.9319407227345939
0.9130327755216486
0.9500994918303316
0.7843817625405554
0.8583461062450988
0.8520668379657473
0.8452710414806052
0.887967574312082
0.9083915929465664
0.7853235504327808
0.8231346982183514
0.832640422044957
0.8654292794458098
0.9592456588166982
0.9651732701707458
0.8576435392421444
0.7631440514600984
0.9721595967135348
0.8413404334845814
0.7663453718733988
0.8282734861922911
0.6974783280865378
0.9218436728479661
0.8422232110002064
0.8382238507393182
0.8419381172779559
0.7597239748217391
0.7311022738584362
0.8775807200657978
0.8266467125849991
0.7992071852594915
0.7177439339998092
0.7469508217099325
0.8718009964462685
0.7930017655087875
0.7321390650459408
0.7212331400106226
0.7741508604298184
0.7919438618244552
0.8963105919062268
0.7363198796484682
0.823620481734699
0.9609286814929814
0.7252551064896924
0.9209778986119923
0.7975991797145405
0.8051412167435523
0.9893641028279804
0.8327989729623912
0.7627415847813603
0.797849595042017
0.883168798986595
0.8550016531688607
0.8047431588637503
0.7466373217355602
0.7745419724007154
0.8417236104677028
0.8545197734658865
0.898110867270232
0.8668165797888971
0.7998577858533975
0.9205670456687515
0.8192127386898307
0.8280161760217835
0.7973708474912561
0.9054440691836858
0.7631040011471402
0.9174199355861756
0.7732254985406195
0.9200237849506532
0.810647466851944
0.7911615474576204
0.8109914683561772
0.7705699479579572
0.9191763860874131
0.8717780886861815
0.969747387968193
0.9208290199114795
0.871608987659876
0.8799370510923088
0.9228960121561065
0.9768049462238309
0.9060253933326718
0.9381547626221413
0.9852314153423408
0.9063388280709535
0.8793227074708074
0.9283351462974323
0.8091891699825515
0.8806681437036687
0.9331957166096816
0.8602848165351159
0.9124584605555364
0.8293757672753959
0.9071268530091597
0.9741052150129315
0.8540184392986525
0.8507066086795985
0.9207197298725063
0.9221365972093543
0.8266940761479636
0.9092129063467063
0.9134911715527405
0.8485703653945542
0.9133215971701407
0.8796338346574086
0.8174249383141863
0.8702485344105125
0.8683047965823107
0.9990177168310644
0.9599355771869664
0.8662079251121817
0.9544169531610602
0.9745410311469228
0.9419690787092687
0.9922091098037744
0.8305700465845135
0.8628584151135014
0.850805313044376
0.8855478210068806
0.8193243456020822
0.8014155966785996
0.9987892193244114
0.7894108276843177
0.8708383824384553
0.9145317597424343
0.8048408687627209
0.8230416997502441
0.7646606595861478
0.8361079474688484
0.8827794064383575
0.8665205559080542
0.844111774390067
0.7742710515727635
0.7750903743497726
0.8019035189290259
0.8990111242350706
0.766420654736753
0.9138156090515456
0.7486941517290406
0.8510615517302338
0.9554302857435633
0.8456908006811226
0.9611559551373724
0.9069501369845513
0.9805998248365972
0.9097732473873952
0.9950236839794486
0.7952610169899497
0.9497832178056169
0.8957215816484307
0.7338587728457477
0.7617060989666988
0.7749160228428409
0.8119138952131857
0.7747703337866767
0.6190870619036275
0.7044844701481403
0.7094570247625034
0.7529993541894587
0.9549454499172079
0.8092607005086638
0.8409701164221783
0.7897445491144816
0.7762014509788403
0.7537938478064519
0.7094330891083405
0.7708839529020828
0.8124987092408245
0.745076903863249
0.7824337002575827
0.7093940437978106
0.7397173694287369
0.776039808931595
0.9768138775240507
0.9227101694216933
0.940388278378393
0.9988159838052727
0.9037235749783974
0.9977941696837578
0.8951711015532331
0.9781499346028182
0.923814821837896
0.8604118606816321
0.741158410972042
0.7973097392607378
0.8119797615102115
0.8416330021509665
0.8072495603798426
0.86737759370407
0.8003098461763505
0.9195894719082505
0.8301562374159712
0.7855733664426192
0.8448607126747331
0.9310380032480025
0.7750327178423997
0.8490635181773094
0.8473325412329501
0.7853197190297556
0.7011898116663482
0.8361484953598479
0.880670370800337
0.7675042238646534
0.8522437033237644
0.8000279532386373
0.8874015018406505
0.9992404767679646
0.8274177504169948
0.9838454778260066
0.93691921693802
0.8907515394289669
0.8578322334544342
0.9966204169982766
0.897244367538281
0.9943601181778516
0.9201417544878154
0.9427882017673774
0.8175360026755177
0.9014209005229806
0.8771218017969145
0.9476147717003416
0.8119299143041261
0.8463665925236246
0.8508100479044318
0.8478685834887709
0.7748662164576595
0.8695865245941244
0.8112918734836573
0.8467727482711336
0.8168167344131986
0.9368868944121252
0.8300518061128583
0.9034777903156921
0.8238282017826698
0.9257074955091351
0.8799651159081494
0.8508619581896575
0.9258930483601973
0.8059412230818863
0.9472570823397528
0.9870874768520971
0.9596353313477379
0.9995314978686815
0.9637851752914848
0.8935629320302357
0.88656494654955
0.9931056456398201
0.9423771079867643
0.9002199989030607
0.8135100656774517
0.8581939633867298
0.828948940942696
0.8052253690002105
0.777623017246833
0.9811404244733903
0.9010932613048678
0.8019720813663932
0.6719139262672144
0.8245369180783234
0.8161007450289431
0.9037774970452326
0.9751694547721592
0.9687561856310098
0.7516702102699061
0.7745050168306857
0.9268330177642585
0.8428054387045343
0.7542339273603613
0.933905091209347
0.8305835845171168
0.7803502243396663
0.7522484710320574
0.9919107101973641
0.8958063886455034
0.9982115704334121
0.9574544311203537
0.9421339238784308
0.9099048394245213
0.9604746993687852
0.9243880297362815
0.9798468254853867
0.961449072200133
0.9298296107646311
0.7442798899060699
0.7431624331240329
0.871398263098664
0.8214371832436378
0.8050241532012088
0.7773950470991587
0.9232833786417194
0.8035222110707176
0.7722974493584839
0.8978805635998879
0.884919694230975
0.9361988217850289
0.9339705610195457
0.7857208755881679
0.7725120754358057
0.8517844526548575
0.791183520058252
0.7828745427354191
0.8559943072055156
0.8811722833631064
0.8462607029607537
0.9378573347603145
0.9417395377896182
0.9658242163423976
0.9130989414665044
0.9820245664614569
0.9503957259525351
0.992774170271851
0.9978090453882906
0.9911578898465547
0.9594849959699491
0.8981593274451309
0.770382450108334
0.78972489932881
0.8360901529620239
0.8590371208504952
0.9205802249149846
0.7646921168408529
0.7069085740478194
0.854237714025908
0.8448935104877372
0.6320084346513414
0.8353792115012688
0.8891738373774307
0.8598054858857658
0.8608878013783507
0.920146631693004
0.6449341490552147
0.9031586105052198
0.7125743984375343
0.7403568457961168
0.813352485868058
0.8265424513893308
0.8826856621772698
0.819745390047525
0.9940574794802599
0.9061215366742209
0.7407759241148402
0.8827210707171116
0.9729227322586239
0.8317249434239681
