0.9906094473623084
0.9490551304664241
0.9698328259143572
0.9930900588048335
0.9564470107418767
0.9917692340831177
0.9562022738862573
0.9891127545367593
0.9694318829416784
0.9553589939815966
0.9637749748275808
0.9533860058138331
0.9737264882776373
0.9895706019962398
0.960597259892388
0.9759922087870602
0.9539471470049079
0.9908585334559215
0.9720504080868119
0.9788343266469344
0.9921319585560833
0.9529838907405335
0.9708541454814574
0.9615509823608082
0.9592844798411944
0.961574908661767
0.9663616460342586
0.9562176606560596
0.961973455219195
0.969353980422321
0.9850031286033636
0.9864874099371876
0.9880273428296433
0.9861468066357422
0.9559856916050853
0.981016826956918
0.9837849924874738
0.9794470032824285
0.9785894656658829
0.983270396383711
0.9565852349562594
0.9591458214447
0.9585703346771601
0.9845038602973212
0.9900922972122144
0.9728145811131026
0.960075784009141
0.9761036208101214
0.964724561635494
0.969843234455753
0.9660078857795441
0.9834811599236757
0.9568781854415604
0.988949319496027
0.9840448264265333
0.9713800149226328
0.9735229298369243
0.9651983422036085
0.9811036120389361
0.970618641021635
0.9754761699106014
0.9591381961194738
0.9598148914023846
0.9697179560049748
0.9700961462305027
0.9469687462555378
0.964845621589834
0.9645127697184999
0.9635504442925507
0.9557124010609197
0.9585934496091901
0.9601915294506348
0.9460412756224599
0.9508987849668127
0.9676850544131363
0.9677789433694495
0.9492341066923307
0.9636710730289699
0.9737890282576264
0.9640717153946281
0.9650590905455799
0.9898591414895243
0.9700258244155349
0.9479864047351478
0.9232748855096227
0.934596292751857
0.9481312387318928
0.9550624474104444
0.9586319021330154
0.953230419173182
0.9509461045796836
0.9545254126337106
0.9443822705794799
0.9601634998645663
0.9397885024827285
0.9491672661341891
0.9433678644444979
0.9586651016445102
0.9398612407871254
0.9446503829107652
0.9602035507833718
0.9479329219498425
0.9501146773929181
0.9520485195398903
0.9538653639881147
0.9508543289699649
0.9478400387975192
0.9554855963779134
0.9482736835973788
0.9533246469074286
0.9569484370355952
0.9556140616611781
0.9325925694420866
0.949796713568898
0.9435809735547993
0.9398110431208391
0.9412866512661356
0.9492780926232478
0.9464611787225801
0.9486178029227063
0.9449579755494759
0.9501093585342074
0.9688523539378104
0.959372459302257
0.9723690920045869
0.9403754985183141
0.9621248376874203
0.9715270689466186
0.9464015277231104
0.9487306852780236
0.9569982105811086
0.9693690832278391
0.9524478157244832
0.973438866686352
0.9629880502046076
0.9539739530482054
0.9504725500175752
0.9616262723839843
0.9580210457351763
0.9479911249521681
0.9500419360090743
0.9463543694161549
0.9402262542164558
0.9569724469299912
0.9708780085744296
0.9602625299736375
0.9648520695064959
0.9511742725793587
0.9491785320515924
0.9482478287798329
0.9362906197896412
0.930884733750022
0.9696048258355265
0.9619040134717058
0.9417611192769489
0.9658010766171959
0.956092950417117
0.95221750325753
0.9493951767928938
0.9561376483119967
0.9507399162334411
0.9441559401546935
0.9698677450030595
0.9599370927650394
0.953497586407486
0.9661601434009675
0.9717853378425672
0.9413765125393944
0.934341031221432
0.9390257167808214
0.9667659233502627
0.9673898482607892
0.926548553109319
0.9665889109031485
0.9720536720118953
0.979408776897457
0.9686306552091146
0.9380130221610121
0.9575846193828543
0.9759340989643515
0.9355311530662838
0.9806299708524074
0.9554088136261742
0.9032415507926448
0.9547542386957794
0.9494635134581287
0.9745541854650664
0.9795754838878491
0.9668278017737613
0.9441131656418822
0.9722509551065257
0.9345378652396357
0.9646088819243033
0.978462804813454
0.9730338966858452
0.9608266560782424
0.9390517727311802
0.9752757111637405
0.9776112497313039
0.9730904319512448
0.9753195103924712
0.9691855721536112
0.9705990941044189
0.9497951669129228
0.9226309644110863
0.9198635408631927
0.9450369047913152
0.924547599256293
0.9075686244478567
0.91687727724971
0.9053395087654131
0.9325929353223259
0.897155075280675
0.922802237056635
0.8846644626466942
0.898570505854358
0.9074765480213479
0.9121174896236577
0.9152945933520484
0.9081988066170306
0.8974428851250744
0.9056732671631809
0.9066685145015279
0.9077731120594232
0.9108274042631532
0.9241193646283764
0.8703049763444496
0.8957366393245159
0.9065165124637653
0.9098016138272721
0.8986602923512328
0.8861810407498139
0.9215492732897239
0.8931805357617337
0.9021342975269637
0.92303597894211
0.9155249407241082
0.8969741549799303
0.9717435456388609
0.8997893294148028
0.8965079870536026
0.9205284800894555
0.8842649402684691
0.9234826847251651
0.9188297118001039
0.9096296775433256
0.8684795258567364
0.8525601025108114
0.8460484198812777
0.8784378801082683
0.931866611140042
0.9036228508145192
0.9414734374078133
0.8464077587025126
0.8913932228594698
0.8987174257183207
0.8380885392629345
0.9262406519109507
0.8838672179137943
0.8422360318687986
0.8542282536107049
0.8885504925266672
0.8734634981890786
0.9120001411326693
0.8607085673265112
0.9476820237356315
0.9577116291761947
0.9478439235200354
0.9529208574085175
0.955283830737632
0.9124635669051588
0.8265862749736628
0.8873442962896112
0.8689420256611246
0.8934165150186468
0.9053015104099122
0.9242904304598414
0.8515288392945242
0.8772815544897951
0.9225959839782385
0.9292675597522405
0.8511588671980788
0.8669981241575142
0.8705362475827814
0.9045244167799567
0.9363140367769519
0.881476986098636
0.8613459664409011
0.8490989901862137
0.8382773816188115
0.9148331788773254
0.8852071318620016
0.8759696882126903
0.8858794305076467
0.9139639636477057
0.9146367673557932
0.9118700198271634
0.8572622840057598
0.9234933944707411
0.8842089266822053
0.7994936343484622
0.6882253959451864
0.8703733942462358
0.7503315058057484
0.7144238872175912
0.8366404706309682
0.787298379727388
0.7282580067864127
0.6817742294457434
0.6649098880792789
0.810241233386437
0.6875436360278024
0.7926251228935306
0.764092828074845
0.7247642909049292
0.8418636201473306
0.7620811096846207
0.8464046195905337
0.8183728168732427
0.7023998057361607
0.6589004070904269
0.752130000503362
0.709800150679111
0.6603501240591878
0.6851646033967668
0.7297703034537211
0.8358231359539667
0.8521003420459996
0.7026278857441516
0.8050235078088791
0.884786555557549
0.5749482281434419
0.6528559783181407
0.6675271785530283
0.6195938775750955
0.5931381788983414
0.6040134702166389
0.6004821311368715
0.6169073187270331
0.5951104786429511
0.5761243433218732
0.5802997780612102
0.6556165794418969
0.6229431952712023
0.6203511094593875
0.5997394307297754
0.5836380144644516
0.609321863087719
0.6332832950940185
0.6632094861497715
0.699779151228549
0.5757198265435683
0.5969201143076637
0.6836399090772644
0.5999514478545731
0.5693349261193583
0.6063503951122813
0.596252042262636
0.627434327532284
0.6042367654593916
0.6730700640091112
0.7619661146652077
0.8412521380863965
0.7051828080415621
0.7848669639969088
0.8108002817065098
0.7304758846775126
0.7735084324997533
0.8020410965474493
0.8077253861287577
0.8264514938283692
0.7516590046633986
0.8231779786427691
0.7724781459525676
0.77700525510458
0.7992673700112605
0.6873098854102522
0.7853048424137543
0.7018671687627529
0.7305153544072308
0.8353527033718255
0.8378904566439558
0.7823755175975038
0.802753455475317
0.8211531699550587
0.8128180123652704
0.7858830109645614
0.7229345739103982
0.6823909982572609
0.8139641543725697
0.7573741851014347
0.6739548365170356
0.9048914538984856
0.9590211973176779
0.8417957272812908
0.7136391737037948
0.8842431880874286
0.9212591142250889
0.891625993796751
0.9312031629679296
0.9423135392342934
0.7899659548988173
0.8643671872228479
0.8995348247377488
0.9105670814394091
0.860239257963967
0.9309429148373567
0.808621054177846
0.900180142212226
0.9029596069670986
0.9290706115735976
0.8023671099259186
0.797149339529398
0.8813240017882669
0.7960666731570105
0.8920074398430029
0.8072513482546404
0.8042205056090761
0.863701138688252
0.9002744275151594
0.7943136924091527
0.7502304538851796
0.9009898407533704
0.9122833245651183
0.9614564347857663
0.9305401370297364
0.8587870947517433
0.775608665748011
0.8888561364382856
0.8520438602069531
0.9113266963501527
0.8027976660286247
0.8106191829676186
0.8619824200310939
0.9106320533404865
0.8807113053571847
0.8124014743134946
0.7849073787523961
0.8084896487560786
0.8559252200378078
0.8277203652241911
0.8423554159337485
0.8278978836114728
0.8021551380587352
0.8369956527925783
0.815155902305384
0.9008661430662936
0.832236853938426
0.865001711150473
0.8477928526636545
0.7659865811665307
0.7295241937010726
0.8634119117466625
0.854343342737795
0.9047410353599207
0.8629185431258224
0.9546952704737219
0.8981082492753913
0.5696323957172408
0.8259148035246828
0.5546686917258684
0.7870345631106971
0.6256569443430573
0.794739270561432
0.6068741935623492
0.6190036733971895
0.6372592165295387
0.7901956203761512
0.6469171992029698
0.5944721050774084
0.6822562129842701
0.5717424473561141
0.7853453342470625
0.6041257050981867
0.549572481633622
0.5682976053844367
0.5627778566452636
0.6052378480478808
0.8650872938336898
0.6327119276782072
0.5589332171315868
0.5509831454836298
0.848399526848951
0.5571197050882261
0.5503639095397697
0.5517896850967183
0.6439596143393229
0.8703470993205225
0.84925965201947
0.7234443587147434
0.7073636583605152
0.4914196413334818
0.7954972014916699
0.47739740925621427
0.5176498419033297
0.4750035757257502
0.5138071550757302
0.5607037410277314
0.7283488329798969
0.6583987025754945
0.5103122865652058
0.6547711567447138
0.6248331954762407
0.5832433487885915
0.8112439708361812
0.6558602049558934
0.44009105165519236
0.5138203466400413
0.6839661368323747
0.590012799621318
0.49961224825857253
0.7274890335266906
0.5544457407021313
0.58725596984685
0.5962370380506442
0.5168832574965173
0.6104895168418911
0.6389420624087473
0.4971920120118877
0.7641578714836097
0.7818352355468261
0.9705880460695644
0.6515938932120521
0.3790657783480318
0.5105310118415016
0.37888482740731355
0.3956612481515903
0.36490940348044976
0.5107118282723713
0.2945278644124915
0.39653461420199554
0.2942961133211036
0.43095351067266185
0.5386266871251866
0.27937277431574725
0.27497900851296053
0.5000050619186478
0.2829669387277961
0.3581531737486575
0.5104541246416483
0.2832556949254469
0.25790445393964334
0.520128187253653
0.4968779139179838
0.2665079214003755
0.501324835718173
0.28206479743971224
0.28817412030662093
0.4300038459444514
0.34688015126746596
0.371332075642574
0.4598836222499512
0.745412583250115
0.35566584248513833
0.5943705197147444
0.607082949520726
0.3733375116143766
0.3916319131731668
0.35973141444972073
0.26361176053761876
0.40486933262928426
0.5696208053238708
0.2833087727641128
0.27070230530934786
0.29333411636172463
0.300303005384172
0.2388153938651853
0.49283764027978083
0.6154858815997605
0.2312143677051966
0.2912119380800984
0.5112411336029337
0.28683764149452273
0.33590341856642425
0.3998180644528082
0.26686519058924074
0.3434189022173779
0.27314035218801813
0.3078077104130394
0.3835484001606951
0.4472187310298262
0.29143108628490816
0.25275588385870995
0.4409325642210806
0.855087150863224
0.8185452204739592
0.8633875122161025
0.8355609083475938
0.7926625231955109
0.795709292765256
0.828309247404118
0.7954527407917917
0.5814228738646008
0.7753456715065322
0.61277952177103
0.6508089261384272
0.8534881363606439
0.5516810827917187
0.8919773997326125
0.6721993695195032
0.7442664674112451
0.635198221816252
0.8936658460338746
0.6293974789325087
0.8798850734583205
0.7633730193972432
0.6508916137940381
0.8144560268656101
0.5667510070541946
0.5565453145569826
0.8842343420134877
0.8154172048924218
0.565407576236925
0.6404400827149446
0.6839793494727672
0.733062544389822
0.8273489413191611
0.8438330740096667
0.9064856112426853
0.5943911614777209
0.9025330438442634
0.9877206365350675
0.5507492258519819
0.4916381714370844
0.4453959812350827
0.4705275419488711
0.38468058460799637
0.45829297590960405
0.4554973776519894
0.4967937225312436
0.4701076908399967
0.4828519184901634
0.4744697164772961
0.4834991947458187
0.47676719815068724
0.6031627926550887
0.5095494550708557
0.43856317085198226
0.4696545743127082
0.49750188821513847
0.5239021106911986
0.4561510710513904
0.44466694899854464
0.469185964145732
0.5469333802995052
0.35341242200902223
0.4672753128513723
0.5949155107242624
0.5570963176997715
0.40599596007906213
0.7103665744651941
0.522956614750497
0.5021519737244803
0.8129974407754244
0.573210363235489
0.6016035115936492
0.5900161775894699
0.5110509533515796
0.7560635296305817
0.5060185562516224
0.6846992374986494
0.5675893918277125
0.7221899953884141
0.5373314895717513
0.6803551642943232
0.530623649787073
0.5544307901960186
0.5823758632250867
0.606546253631737
0.708703310833731
0.7465499454939852
0.5196551500219432
0.6305259655664771
0.7608543374673509
0.6270532540780983
0.570673798030533
0.5558236268041631
0.5819463058139762
0.5040977280099811
0.5900935600099998
0.6749688526953231
0.5528639140188139
0.5284571440929859
0.7454779068043956
0.8118673382324013
0.6383190827757957
0.6346121234262443
0.9391483532652093
0.7788810466019582
0.7630812005859896
0.7573745568636685
0.7221146900234835
0.755515611244211
0.7397142007616713
0.7543675579387736
0.8393152658525915
0.7866167838434313
0.7576607825776691
0.7693452824275608
0.7410717536969916
0.7903947662512557
0.7835101721599091
0.7482144941648246
0.6977568914209535
0.7685987853270101
0.7794996346575404
0.6932410743615169
0.7444067024388736
0.773490291585067
0.8028431996607925
0.7975886294102063
0.802519292560226
0.7656921993550541
0.7046537554809795
0.8202621652756282
0.7400582919200991
0.8255494541232032
0.7586937784724126
0.7827260315980753
0.9555535716723205
0.959827348844725
0.7625729847924054
0.7766698995364502
0.7872445536834551
0.842616078085892
0.9003728070358092
0.8277206528541762
0.7959610300557787
0.7943153111883365
0.6771230602853794
0.8428609503944422
0.8609490637606985
0.8149835179971527
0.8990439281325378
0.6594544484167593
0.786409689547538
0.8077000732936395
0.8172855581598035
0.9019031604646177
0.8027995351844692
0.8966069096846034
0.855796201883438
0.8188897145365812
0.8869838180940469
0.8331701455097958
0.9063325782519861
0.8936305099242275
0.8099562995931228
0.7697023437190481
0.8557997892651117
0.7935243871251254
0.7927269348152758
0.8068736900300642
0.85366407246351
0.7417126393385872
0.831591344696094
0.850992606228022
0.7574063858031653
0.8024846676740396
0.7428165771609561
0.7792695396021414
0.7649231426611423
0.7906645870974992
0.8096424356252478
0.7732068959665921
0.7378379642806423
0.7741428252168379
0.7321544486540876
0.7990432376240284
0.8479341736997932
0.8733000495965524
0.810884525181218
0.8768466028389105
0.8659788036061322
0.8427069889026066
0.7955572820430666
0.7118604293227349
0.8321725162546111
0.8221203098923267
0.7555900486075972
0.7296293984931643
0.7723276211030661
0.8370682112029801
0.7537059095684944
0.8123211522390226
0.7583697216033255
0.8065496535999914
0.8795068789206586
0.995092483114514
0.8165421470794827
0.7150168972311282
0.8757473316194625
0.8798061330326924
0.8293751371664486
0.7557238129770023
0.7369380939735257
0.7966763321985562
0.8495633805475409
0.7086520593012604
0.8849063976701699
0.8701551013047153
0.880931247037755
0.8603688291005829
0.7354620563796044
0.6749749316684148
0.8248303027547501
0.8226598184522753
0.825538787173735
0.8745016316769968
0.7531881988563014
0.6476411924475916
0.8327839608788072
0.7083920080181545
0.86198344330565
0.7536344574058017
0.7821359900372926
0.8465270162018277
0.8434226578117316
0.6761144496488487
0.9254009787656935
0.8914441367959909
0.9072024403217063
0.8727797556525962
0.8526633030698128
0.828026495909891
0.8058011535550349
0.7885744726679131
0.7128907806857119
0.7450628964692072
0.8628852533021697
0.8592209409858342
0.8049179742354733
0.7712677167629929
0.8664837315549041
0.8554256456210629
0.7140337217326436
0.7827281247234268
0.7781804137910846
0.8118310216766231
0.7991031126426603
0.798509581418978
0.8269210801964467
0.8399265037070243
0.8786900657869634
0.8388381152002387
0.7748939280609836
0.8594867228458127
0.8612974733410024
0.6566803750862682
0.825114164112595
0.7522130176251197
0.9053699089244647
0.8136301059181126
0.7290475120308468
0.8361220627557937
0.6740294147233588
0.8726015079739152
0.870813951200554
0.8938934286050861
0.739576628701534
0.7929386981750064
0.8307110634184882
0.7552364271367868
0.7625860930751669
0.8562879331730193
0.7734877864740546
0.8854592560404957
0.8696098387332385
0.8414185730442231
0.8309156808054211
0.875436217750531
0.8636714676235172
0.8885747891308835
0.8906715992563778
0.8567191028321814
0.7633014581441343
0.8369871122489918
0.7894162131324874
0.8755394112124524
0.8812558453972641
0.8391104785021217
0.8904328517421473
0.8921918119930143
0.8897435236276308
0.960816345853116
0.9130100401845174
0.7780016996241557
0.8598957419609131
0.8462825258227712
0.8503929544087366
0.84469295131779
0.8377416286516401
0.72848862548101
0.8611104967849641
0.784134227120539
0.8157667531654337
0.7928224868871154
0.730385252648375
0.8268716271371868
0.890352891696191
0.8439731071192953
0.7657450361980385
0.8861216687012713
0.86603174945934
0.8764088504377514
0.857287550343805
0.6916123116494255
0.7391549255434413
0.8264631132471505
0.8297610133732538
0.9119449244115749
0.7516032588857315
0.9091969567190391
0.8380141122853775
0.8438619431065524
0.8800154972839009
0.8687040081767565
0.8523584224634684
0.8958949682542586
0.9274400241993377
0.9192618572937523
0.8401135152232223
0.8329014416232116
0.8512202853670952
0.8709521307384336
0.888612809240871
0.762205891618805
0.9172261880676582
0.8364657990266934
0.9034664114947043
0.931965821694026
0.8797147586944475
0.7713184021217889
0.7460127762180131
0.9051142107776621
0.9149004477686449
0.7912178280920521
0.8852002266461032
0.8421031913311536
0.8328085451008
0.7730479125600785
0.8712641612872405
0.7795688489913548
0.9092935415080952
0.7346832613052916
0.838376360398605
0.8993124443942233
0.886896608910698
0.7923063947600445
0.8913488697531549
0.9164746641674726
0.8583498014247788
0.8817872281531942
0.7654259859697224
0.8423725786628548
0.817413468148518
0.835512552813451
0.8440942281185272
0.8167995228600509
0.8646743058021013
0.7526111494940543
0.7442110873777428
0.8764207366041721
0.8598686658239123
0.8173187380438421
0.7586890038117741
0.8590855230632506
0.8116967635367822
0.7643448381573448
0.8437409287481045
0.8055766769745274
0.8109385333472833
0.8459287880028111
0.8612396878859914
0.8025753457049483
0.752357061405388
0.8604734610612135
0.8049340261714993
0.8370124276281816
0.856155748788735
0.8712331998204865
0.751846836496415
0.75020524360224
0.8373231453556194
0.724543055456812
0.7515602248042126
0.7309900507525571
0.7690983670412244
0.7922278483527382
0.7781392703124431
0.8151326419891172
0.8510779300266965
0.7645091687812321
0.7831504476053839
0.7629526088056098
0.7981077079564476
0.8613122780975908
0.7899046318882715
0.8068553742117869
0.7288460290057419
0.7407471577265574
0.7692466855071858
0.8278008470834375
0.7279094086257303
0.8127713627067874
0.693601407739419
0.8047010821241214
0.864942990235097
0.7365954162906461
0.8120255921878272
0.7978911007301019
0.8197743480818316
0.836929953030609
0.7689689351941632
0.7840965914961018
0.7640098283295326
0.7776758155192354
0.8467752479401451
0.8302394597003752
0.8363040468492708
0.8063244306844044
0.7584547936150463
0.8235448383247035
0.8012813061787094
0.8239579923161715
0.8155441591889028
0.7447060283344008
0.6732887578431468
0.7761091215765057
0.6906193335740981
0.8063547287511442
0.727604701108955
0.8176303232706846
0.7050676459452674
0.8416968202854057
0.7695086206535673
0.7405010393218736
0.7658092591400345
0.8046590360324788
0.7263806112452005
0.7438368432004427
0.8459097721655925
0.6918852963939697
0.7311602076733211
0.7964928687514947
0.7520239704619558
0.7579023573719544
0.8218956865747052
0.7792130812788267
0.7844383806052633
0.8734182921900728
0.7979671332874816
0.8279413221487946
0.9002996890005892
0.8949917469899903
0.7036623090504341
0.66837884606192
0.7475605213977117
0.612088327200222
0.6408423719741295
0.8096193873384416
0.6916151683629299
0.6657291850903504
0.7174430101914188
0.8050958865685387
0.6200571362837404
0.7357842700420086
0.8161695694340834
0.7497755485488296
0.6382819966997906
0.755471804508256
0.7851792489779181
0.6466054622291136
0.6911448714100586
0.7439923078467447
0.6089524987303614
0.7569470169336738
0.6692778306415963
0.6763103891279054
0.7813224045399476
0.7746358864807052
0.6464550891329892
0.6616380732514848
0.7739915907554744
0.9674179618146546
0.8496181804907845
0.8984429900519364
0.805133792237704
0.8051442129445864
0.6098039136401264
0.7048721053975626
0.7668030985146036
0.7107301285652481
0.6910639365679688
0.7415486986784979
0.6889048865626891
0.6680686415034522
0.6561772553714615
0.7582753658136607
0.7575425014419921
0.7757780215799408
0.6191768351227345
0.6206179641381968
0.6735986419704799
0.6556548610084539
0.6631258903006587
0.6766301939688504
0.7506661117422144
0.6559204153632494
0.7166449492472128
0.798274156250834
0.6202116498391579
0.6565380974256443
0.8362900356774821
0.6464124628184575
0.6529308045352937
0.9144489978602113
0.8592320700979057
0.8325037510237319
0.8226412361419441
0.9433949859694335
0.6220553191832788
0.6837653181472838
0.7809790277370304
0.7547123118355104
0.7199116720464822
0.5871399333342322
0.5671218482849024
0.6474435054459562
0.6635445886582675
0.5675551253542339
0.7119516736552354
0.7198626115380575
0.7646725977035065
0.7128828713314733
0.7003345842377047
0.5926875357333166
0.7493924168007453
0.5864568119638005
0.6304591984177699
0.6463541150823447
0.6946003705896542
0.693917058237687
0.7287238299942728
0.6579491885038271
0.5868010544877831
0.5638878919112447
0.6256529268602884
0.7502108165524899
0.8415606836563013
