0.9715478074866375
0.9740994531529019
0.9726983155390683
0.9763407112708581
0.9578518059123612
0.986353778675747
0.9557236992841611
0.9835357281467967
0.96887464218729
0.9552996039432912
0.9637247194136198
0.9781826817850225
0.9734291691100945
0.9645642310263847
0.959891925974345
0.9746372465870194
0.968334375605663
0.9910580301909732
0.978182597062914
0.9791691297069471
0.9925457464962746
0.9502469294470484
0.9725566665730372
0.9673802146932584
0.9587571369861541
0.9615411254379036
0.962038085860363
0.955208796294248
0.9625767761986515
0.9683335651325995
0.9892328831802097
0.9873545538009597
0.9882247594803315
0.9855938006615651
0.9570787821524008
0.9807016186589137
0.9850167750539661
0.9811729047984857
0.9781988120057321
0.9832292675307766
0.9573214471010087
0.9593534901335903
0.9579792264183693
0.9864080598194275
0.9876316065924637
0.973210891872762
0.9613606061707509
0.9756381181109903
0.9643218341214317
0.9701088019078671
0.9667416303644683
0.9834095367700407
0.9591478612675159
0.9805922204742515
0.9700180478486808
0.9723417110809656
0.9829256855221244
0.965494850779574
0.9844059009603037
0.9620249470370694
0.9656553738517367
0.9584596208633893
0.9820452471171939
0.9353453374155638
0.9678723098148718
0.9636751128265842
0.96627074877355
0.9530721029992567
0.9617229227103503
0.9587084397521577
0.9424587598720519
0.9544228617507884
0.970856019403394
0.9666459298240697
0.9397813217610915
0.9608913369198628
0.9770164992336503
0.9654325061692981
0.9599754848374125
0.9744359218224778
0.9712653997714527
0.9499234104492957
0.930111415842801
0.9261312789374901
0.9412485862365506
0.9622806820819974
0.9570179570759775
0.9458812391174991
0.9482518287791593
0.9535615490182165
0.9514681112458094
0.9669405049421793
0.9355851619364699
0.9481636088483256
0.947082233932771
0.9550905458683732
0.9394058547195332
0.9543561390705829
0.9544019854294141
0.9467909946137043
0.9502209347233963
0.95297092407719
0.9508865720556735
0.9509771264485886
0.9565580668055123
0.948466447361562
0.9475576887465855
0.9499775725469876
0.9593872596363232
0.9576863936152179
0.932015827552641
0.9531005721401684
0.9412595364860625
0.9351539979811148
0.9289260085238404
0.9443273706825338
0.9445465883101996
0.9521896498707902
0.9451432431937382
0.9512323271809842
0.9491884819458551
0.9477217138151532
0.9703176478936408
0.9424716226709873
0.9421103801161987
0.9429642574642555
0.9666641877812012
0.9486546107915876
0.9442075990036822
0.9705011990141452
0.9555205596435741
0.9533466005125597
0.9664041488562892
0.9703845740597599
0.9643539596808881
0.9459424127410146
0.9506486685398711
0.9636445265284266
0.9527202303009408
0.9483808809781923
0.9698882565285014
0.9662193361158546
0.9478664409045835
0.9181484413988985
0.9269589810957195
0.96799017947044
0.9663575997670328
0.9328681617897768
0.9457167868440157
0.9469950489391111
0.9657533135042392
0.9576201910151703
0.9335179911943963
0.9457330238796842
0.9583366928415552
0.9571336325920679
0.9406045307882941
0.9543273364592173
0.9482122724808582
0.9582944080548179
0.9756278208713437
0.9599014588479708
0.9419892022845668
0.9682553326406933
0.974397889189576
0.9364161689325267
0.9343760650569075
0.941699052215732
0.9665115150616694
0.9649687143008188
0.9313978156035535
0.9520669210051484
0.9663293173074046
0.9701345165953768
0.9474446296677719
0.9277287624952922
0.9377131030465777
0.9771475047175882
0.9480636782781782
0.9798058105267543
0.9490122321430294
0.9278529471236112
0.9591971903637653
0.9591687395676025
0.9742965879808765
0.9545490306363767
0.974670487459948
0.9464265694939473
0.9482658841123037
0.9325085374744095
0.9723832442456761
0.9778961013924923
0.9605267788161316
0.9762636937445611
0.9524371047772372
0.9505921183068999
0.9640127888500616
0.9729516584606005
0.9760715437406758
0.9640436589899835
0.9713915045479282
0.9733606997109635
0.9394149418080364
0.895277426178542
0.9123304477204143
0.9279526233863755
0.932064532587132
0.901714488174951
0.9081150829491575
0.9281008146529737
0.8979402573048221
0.9322079752270541
0.8928831356638793
0.8997073991422408
0.9162278065066194
0.9076193882834788
0.9058793560809391
0.9042505315383387
0.8982189268866874
0.9141825250782392
0.899429214300572
0.8994428751738076
0.9226889232255808
0.9179931284445346
0.8700733845841455
0.9097936297931324
0.9207488196145006
0.9209784133727132
0.893070569024998
0.8978501569473389
0.9189351612798621
0.8787815864628763
0.9144408595440192
0.9112168354379706
0.9067728499114681
0.9046486809187586
0.8912505608203329
0.824130225170131
0.9439471924542736
0.9107914012201491
0.893787629368745
0.9353844825730844
0.8386748633095829
0.9151098327925751
0.9441404333595845
0.897043300240519
0.8457626450083621
0.8773919210562477
0.8831995904688663
0.8836671649558256
0.9356268610095009
0.8699921776706785
0.9492753048263882
0.8979213072900802
0.8417027023070627
0.8841001089401195
0.8882814117614279
0.8862960493158147
0.8499065217194963
0.8857046922682597
0.8487873983325773
0.896293654057556
0.8708441079533131
0.9141935049624386
0.9073738521932426
0.9364369696253838
0.9587083574999455
0.9441961153329914
0.8801222225683446
0.8297686991729827
0.8960333242652337
0.8381933297793737
0.8925068556838995
0.909156278331356
0.9204292262173281
0.8790141106515981
0.8914014865929545
0.9165415902939646
0.9201707015712222
0.8290587619056407
0.8712040215673591
0.8677065025533135
0.8982758205383505
0.9355204535784336
0.8887680870708814
0.8558428351993619
0.8383984409273497
0.8591885247733408
0.9175869295794332
0.8679126345562764
0.8672890030622229
0.8928906544215185
0.915872136129089
0.9106555545688377
0.9223814708473315
0.8673062126796415
0.9023169418272038
0.8693516414816616
0.7975447225946481
0.7246174786896435
0.8727152661791455
0.7331750613476185
0.6988547782833556
0.8448702125669225
0.7818816861194592
0.697442746588524
0.695445839270914
0.689704948415616
0.832886045142671
0.6599103675757785
0.7826404297994215
0.7671131119644801
0.7365244695213207
0.8408542068755963
0.7466274132180828
0.8310548876026094
0.8222216519793724
0.6556188045294953
0.705573844485829
0.7629523079203734
0.6736551716562649
0.6675196118386638
0.6785331798998653
0.7330422815407487
0.8437389446546055
0.8874380791415346
0.693271506277901
0.8018344148711503
0.8796355050459901
0.6369485664392467
0.6759678567214213
0.6628307000715301
0.6361717398914188
0.5931469678917685
0.6385603646202522
0.604536045685087
0.603173457726125
0.5901325001690512
0.5970676210278247
0.5917310843659054
0.5983436417546812
0.5999523538803411
0.6463124299663362
0.6220587861127311
0.6132286127966224
0.6041677946206145
0.5985253067907311
0.6042730885492171
0.6955289936185851
0.6337246442283839
0.6291036859601706
0.6715387279208356
0.605200839072926
0.5893584834678105
0.6050865076468147
0.5962428699334898
0.6036148002871147
0.5990771138895801
0.6804359861733231
0.6082788126384814
0.6136357357643416
0.7771678909374968
0.8330900408544805
0.6934876524359557
0.7899457494016305
0.8102960968796362
0.7356550128613137
0.7664319466666116
0.8016498054628891
0.8142370681637983
0.8335920943304542
0.7502773062014068
0.8173290390758562
0.7720320054252031
0.7685613550452116
0.7955269247511465
0.6850888177063988
0.7812566205648217
0.703181227701914
0.740426089396517
0.8307224027667314
0.8434731848435735
0.7782190621321402
0.7900698716008094
0.8170740805063107
0.8256539791327275
0.7692189384482344
0.7123605057326932
0.6798382602770863
0.8131481601474457
0.7577508349853449
0.6779516861456718
0.9060112052363701
0.8071852595892832
0.7298435847022882
0.8711573385323219
0.9258636104434055
0.9414870673700642
0.8944354638925774
0.8404314632022571
0.9442292324241341
0.8300742919557804
0.8608685441675028
0.9093129407525535
0.9212672106641753
0.8315510334271717
0.9178176976614134
0.8135002116433426
0.9044587788919278
0.9468025594067159
0.8792112524014026
0.8066030719029712
0.8554708442986431
0.8772430361288395
0.7622177855748735
0.8024516749637901
0.7648390864717722
0.8978592853996592
0.9362692973207243
0.7656361326417964
0.7951200098192273
0.810801580333832
0.8989838333446553
0.8958854929607478
0.8816131162506493
0.7489174529144238
0.8569619134555467
0.841358016651015
0.9046468553837392
0.8039951198634049
0.8150983658541021
0.8859286347994741
0.9066446993484998
0.8566653614116962
0.8158729368959121
0.8101324399933727
0.8049266561803987
0.8638533420270034
0.8573890833937144
0.8393948731451414
0.811261613443908
0.7641865763868265
0.8450818037670589
0.8392252390279717
0.8893328635701498
0.8034436673586641
0.8782184804861535
0.847830256243434
0.7902015260129085
0.777598703151092
0.8503337083816395
0.8513910490207557
0.8880781236746582
0.8659291075147864
0.9110787583612084
0.8064054527691225
0.6764267611929905
0.8510869585650918
0.5785349203380837
0.8135139735284618
0.5502560804090882
0.7736490487960828
0.6447049026793911
0.6151778008809055
0.6440636913802702
0.8181074536888024
0.6320590951840395
0.5983595241123056
0.6876254701547373
0.5601716972354183
0.8287331891283836
0.5582620206113245
0.5486746554846236
0.6274113060951525
0.5474735609444598
0.5586415228727911
0.8180730018711417
0.5939551932483058
0.6559193811789219
0.6394731419749757
0.7896484078515202
0.5569586818361967
0.6615218782091773
0.550267310864024
0.607848918339907
0.7789422532481824
0.6114326070653873
0.7257383292339636
0.8776443882303082
0.5141215484277634
0.6602465213312927
0.48603272113229135
0.6132524124862762
0.516109657307666
0.5344316532781412
0.5009005940545344
0.6244248995242867
0.6036165298326699
0.4793378150746672
0.7612833540437292
0.6155267495430726
0.5647002971957119
0.6728845363009655
0.6716331340053753
0.5652885925533504
0.44347092636858554
0.658234822321863
0.587323484770002
0.46436918137518524
0.5703332801530662
0.5544879846761676
0.7223159080199748
0.6381738620259835
0.5343749326419838
0.6051610597725887
0.6490547770715861
0.5057567869866146
0.5086427960801078
0.6580065821292242
0.9921691867565436
0.6297293680568221
0.36188290206242574
0.5175689824596594
0.4062694247725552
0.5026576595179072
0.3725148739055092
0.40106856184260603
0.2915497268157747
0.5086870796388521
0.2518202347300225
0.41079750089680434
0.5019184153408842
0.26928536726075925
0.45383973513843556
0.5435666187426438
0.27552789093938435
0.35852392831066854
0.43497106036269534
0.26852247442555943
0.44439786496375594
0.5300573852756129
0.3286095499179601
0.2813105696226733
0.512980607724717
0.2728649969832909
0.2754757924167964
0.26347219097309044
0.3894219902224816
0.5149050635890344
0.41356174433068593
0.38171099291632404
0.2896882143876476
0.6249910028962559
0.4998649417882805
0.464185986646526
0.42349452866398585
0.4324831411263025
0.32233716303843163
0.4189570553929466
0.2787690970761445
0.3569897854850867
0.553934954840005
0.2434880114259903
0.2711498470364688
0.29745507453950903
0.2934281260695885
0.2809984594628545
0.4685186581424751
0.5528822630051509
0.2771951116088688
0.29513257595862563
0.49661334970609394
0.3793597138618269
0.287945305723632
0.31676236834230287
0.27617441901522255
0.4006590208427851
0.27995714993914445
0.23573426870080275
0.37744857469542203
0.4264129586775032
0.3469169937360874
0.2692414386419629
0.4007416808926517
0.896665834972181
0.8549669026950288
0.7867613076362042
0.8029761274050716
0.8366210257005247
0.8256668681931928
0.5845639502634707
0.7979015646187568
0.7443518066176946
0.6512491303461168
0.6443358822948635
0.5496807394949327
0.8912031078256125
0.5782832863507601
0.7298353121849703
0.6862976310004161
0.815870976650042
0.7017780568933325
0.8805609857651971
0.6625930936630233
0.7067831056364047
0.8021199383802176
0.5839627766410512
0.5546902748331473
0.909778089498255
0.7789872960645127
0.59406854354887
0.6399435806265974
0.6454863806178481
0.7576707313710456
0.8461323493372955
0.8438967711029786
0.8216666874351024
0.6017082702275944
0.9894997540207904
0.9181318493158959
0.5349681999925471
0.5036819972256276
0.453616382294845
0.474605876342627
0.38438510598014597
0.4792127705916482
0.465137093989781
0.4648953803385627
0.46027660162790274
0.4920321195749173
0.46906447818361274
0.4795546456869998
0.4844511900301035
0.5447976933395989
0.5157993653418906
0.49317580395178073
0.46525205628377353
0.44822795468007837
0.5397120107061256
0.4968470785830443
0.4489946987515526
0.4537452132557798
0.48617510609037584
0.34623531577844635
0.536626484556455
0.5142727629011671
0.5129716109500565
0.4685766874680395
0.5593080462397346
0.45585930963341115
0.5437627530827535
0.5732034395692878
0.5569011323981238
0.7777100573759356
0.5039989642701455
0.5511114508366636
0.7063656722054938
0.5295604186706981
0.7227722639738862
0.5291927953619198
0.7288989434116501
0.5924456373866875
0.7191458887138497
0.5303636498276607
0.5894451668622958
0.5044685791774789
0.6374857081210492
0.6512642899526236
0.5915109682305395
0.6595443191083233
0.7635107132282625
0.5143034513733188
0.5305118086019808
0.6895196683510265
0.6299061727735393
0.6903149128106003
0.5592645814786719
0.5743349343826042
0.5412584062795412
0.5934644080917192
0.7279544540948935
0.5195267242829201
0.5565448568455944
0.7466920754949397
0.7544384512340472
0.8499968683611895
0.6946745256420529
0.9097939960677518
0.7472138335745171
0.7449793279201353
0.7663435133861295
0.7314975348590383
0.7709620429346156
0.8283214573149401
0.7322820872897629
0.7770527481341652
0.7800780167885073
0.7823127102233269
0.812516691250517
0.7682755258607376
0.7519079670928955
0.7891939484742554
0.7796602363513312
0.7461784965986705
0.7289944600800022
0.7448510654852865
0.7238739054094896
0.7860876066728055
0.7693351025321247
0.8076536569814424
0.7456608469723489
0.7779168012858169
0.8453836235139116
0.7007859230844575
0.8144557775607961
0.7857353232554074
0.6567089989151806
0.7591981440632054
0.766318402107767
0.7997569997170533
0.9905362585486389
0.7520264098672141
0.8200684844320245
0.9005581882827682
0.8333904451548619
0.7971019640884943
0.7690189903262699
0.7926170836385303
0.81936806533929
0.8927437071259766
0.8709526805016977
0.8872472453783952
0.8056604191551308
0.9038742010403962
0.8775290462129479
0.824917506644409
0.8053161598726245
0.8025799257085231
0.8978535282649599
0.7867943727130864
0.8290195533890359
0.8650934047191549
0.8897469869509174
0.8970481882731949
0.8908779885681679
0.7918115473549999
0.8232017586628441
0.7414308257373837
0.7925987841592121
0.7842396377187076
0.8175717659108749
0.8074046486385973
0.7961850566390621
0.7961361013655439
0.7986160886237497
0.7842143673181661
0.8611186198416281
0.8407065078854409
0.7361403179926378
0.7820769054238067
0.8253384473432419
0.853522080067967
0.8636860690840282
0.7868152938823425
0.8061491333982805
0.8035232606175932
0.8635346882633765
0.7712572787595993
0.8032332095860315
0.7818197957611124
0.8747442997630244
0.8334105676169057
0.7628306346288636
0.7738466431440013
0.846816070176524
0.8411882366358261
0.6744739209149425
0.8392213999972542
0.8216228860998686
0.7250571054390866
0.8390771074510535
0.7888081586625746
0.8079854358145251
0.6877349618148485
0.8860604561529123
0.9040736958740796
0.875553716518253
0.841574270730266
0.8305876407861197
0.7990837587749211
0.6580920918319326
0.8117058057133757
0.8643393871980518
0.6847375763482544
0.8025194398411692
0.7888986125358823
0.6461725788283437
0.8760424821595267
0.7298418954843866
0.9049310154822188
0.8680157485393382
0.7791161642968182
0.6316286817181278
0.8574877838635844
0.8194421525442686
0.8046024253877376
0.7373124928309276
0.6774216890897219
0.8749677053594296
0.7697157528904857
0.7775789366477839
0.8377455458624373
0.7380542888935142
0.8294934674935884
0.7263478990721498
0.8369103981612582
0.7821276355039533
0.9274361893043559
0.7308547204205876
0.8393582817433971
0.890627986666761
0.8581746145639184
0.7402438923077764
0.7941317106474144
0.8359677094582235
0.8651408780602521
0.7362899283657187
0.7462378711596731
0.7606653755220758
0.8068971914062864
0.7858973595679242
0.8760008335749252
0.7911400737983224
0.8653528890794733
0.8243743779224906
0.820544717568265
0.8565678935690926
0.705439135807751
0.8696104835138072
0.8558744551796613
0.8466019520562968
0.8515162869666835
0.8328991166233655
0.6955934578671629
0.8000238011594254
0.8048824343037767
0.8271305460356484
0.8250818096540408
0.6731404838738357
0.8488724937109409
0.8257047447054657
0.7847661785615903
0.8759979156054711
0.6596040957080807
0.8638096764131369
0.8748108429371183
0.7538972556690847
0.8663377216687458
0.8731469618552012
0.8634211579151225
0.8060120902593384
0.7453723799901854
0.8932857510768994
0.9231198094663493
0.8532335199538601
0.8510313500926427
0.8293202890459022
0.8862904491436785
0.8569479502287487
0.8231444627494741
0.7790089255757267
0.8723560662884644
0.8842224102045843
0.8931177407824776
0.8762729493660668
0.868827673366139
0.8415647221723468
0.8751313244357677
0.7703066786131101
0.8547957798523309
0.8759262334591533
0.8773589307334859
0.9149636887323327
0.8203937317099326
0.8069971849728361
0.8148647356237655
0.7982691609813589
0.8451051832603671
0.82927876771151
0.8298694055308972
0.8365565461317233
0.824800465295723
0.7088525628517413
0.8312018634463629
0.7859241759782778
0.8171838971799752
0.853189401046913
0.7355213628457457
0.8375305615820555
0.9309258476145648
0.7570363587346282
0.8992744656167434
0.8425146715037595
0.8888413120072125
0.9159486108656498
0.9127230606833676
0.7126542464132775
0.900408458066648
0.8047376980317115
0.7308077756087534
0.9292370758364804
0.7349778280735954
0.9166275266055532
0.8260906693600625
0.8905534693494728
0.91941032935375
0.733210450589989
0.8248326460425843
0.9049854863197699
0.9257554117463589
0.8556988849134435
0.8772278264667863
0.9074404078105599
0.8052168356934211
0.8622200277167031
0.9032424631895175
0.8018066979220138
0.9184798726242688
0.8715802342567012
0.8807403257524343
0.7788625557730756
0.8770704202173585
0.8722470439829666
0.9243308621602092
0.8995137804251516
0.8626661079671663
0.7361758112537852
0.8389479716057664
0.8791536043749395
0.911441082121486
0.802168991739277
0.8695033132014339
0.7545903560416871
0.91178791223604
0.9058852533165449
0.7391864163110489
0.8813956488736837
0.8553494455415898
0.8581330120136639
0.9106575216678994
0.8796177496511687
0.8040363426203628
0.8656894186765677
0.8757134867254813
0.8565937697671975
0.8643834109800358
0.8132237818185049
0.750343474991403
0.757008299353607
0.7320764329981273
0.8149999315452248
0.7472468433984305
0.8768774733574763
0.7515308316933709
0.8468364933124709
0.7628029028092227
0.854180132061062
0.8577258315336564
0.83426913802745
0.8530698325352829
0.8344701705846633
0.8327531551439589
0.857450870667181
0.834088772931991
0.8400815729842751
0.8572429087067064
0.7517834453595071
0.7932606973211221
0.8448796440209458
0.7716549177253662
0.7513400841755116
0.812392120832246
0.850732870873856
0.8557736195804699
0.7513394847480602
0.7392233417530256
0.7455368881508
0.7590522825227639
0.8576943314170304
0.7942476505856699
0.8063512322299329
0.8516979483029856
0.7856530299560087
0.781856807988669
0.7673005335015957
0.7965838382427626
0.8611397974943432
0.7727362097126923
0.7654515109682143
0.7357377838729867
0.78921667435163
0.7359694409817698
0.829386466511008
0.688576335927062
0.8031471545691349
0.7545887313678774
0.8084102723833043
0.8594570990216406
0.7859031615316917
0.7583360581235272
0.808771996550971
0.8030047251608485
0.8255295882645187
0.774292113968154
0.703050684671267
0.7708495334398134
0.8007351358827053
0.8462595217675017
0.8341710744251195
0.8406526586477865
0.7323596434620049
0.7310527430530068
0.8294743848326405
0.812861371960925
0.825100238618488
0.7462478266389385
0.7023107987328472
0.6787953392576191
0.7804051539876504
0.6885101496506895
0.8180397866514899
0.7256096825707951
0.8179561518279951
0.7326696309964145
0.8310975514651907
0.7344430521457663
0.7201017793233795
0.8111289785225575
0.7649837213478571
0.7093620449465292
0.768717293961702
0.8377919738142805
0.7370956763832027
0.6704559730832484
0.8169173673693486
0.8396901066934737
0.7562472480134346
0.7886856158997005
0.7582077825484839
0.7609016140549033
0.799331684295001
0.855080721172922
0.9123495602517364
0.7005653381021436
0.6642054023693909
0.7394549007286978
0.5985231598140816
0.6398516783902647
0.8106307681578382
0.7318898635773281
0.6952528040906072
0.6797831886512637
0.7926666337900594
0.6127889637244928
0.8057903252263134
0.808488610954855
0.7070253254199061
0.6090399755189351
0.7624347517288679
0.7463456119715846
0.6553551095811408
0.7123722050842741
0.6996790466408236
0.6344446958612272
0.7527596580714703
0.706740316644471
0.6687713119373434
0.7152900333288272
0.770102507012376
0.6358898105312725
0.6935771321112001
0.6937106480411921
0.7564414562593238
0.8734594317196603
0.9240722130970981
0.7918978767624076
0.7275860860249392
0.6587309969302491
0.7390157198279828
0.6630403078486045
0.6610619127178414
0.7060237434083536
0.750760497393216
0.7225428626229491
0.7059946284340348
0.6374533814299033
0.742177703171989
0.7293704765245397
0.8250824108074418
0.7635801187400721
0.6860906248714019
0.5874169045069924
0.6128217862622733
0.6653276014206068
0.6518801930782845
0.80104073288668
0.8263900024141908
0.7044148443196337
0.6600756114972216
0.6590459586300674
0.6556951771670075
0.7160952990616158
0.7551901358539936
0.7457229635793163
0.6528473596217945
0.6394514408513898
0.8923029575225938
0.7903625370953524
0.8819716509504507
0.6467474964148108
0.6733264737213398
0.7137582647570472
0.741532598140732
0.7750634198700894
0.587520225951689
0.5658378161963866
0.6738592700117612
0.6499810555247797
0.5760149789948322
0.7146468008740894
0.7741992053774994
0.7235029059655974
0.686597671627559
0.7141773460709506
0.6089783284590599
0.7526459256037163
0.5778457331757924
0.6414894527914099
0.6551895016600946
0.6966943979029989
0.6864352897605407
0.713107914895007
0.6446408401366034
0.6010008071284132
0.5703802489668868
0.6012001015605357
0.7257870552964518
0.7143389474735874
