0.9837552318810614
0.9860402988371313
0.9894544131502816
0.9798949341423973
0.9875353026306104
0.9611693479553512
0.9887342279100493
0.9724255922497884
0.9719467321523797
0.9596945613992489
0.977587412449717
0.9618086138597817
0.9864956397851308
0.9734124503988976
0.9654143907089578
0.9971149617177755
0.9816435072775285
0.9944455006630193
0.9653777575546882
0.9826623127468418
0.9566420498332865
0.9589816385516491
0.9864549791128433
0.9981875813332345
0.9960979121513338
0.9952161057808403
0.9872166742419087
0.9824417313764449
0.999491909704759
0.9856159576258434
0.9578159215768595
0.999740312758311
0.9986354922686271
0.9746451282228152
0.957980758394575
0.9684959588465104
0.9831132772384679
0.973152078849679
0.9710604908794749
0.9791929862234081
0.9563581072719822
0.9925392296546371
0.9833011800565592
0.9854844114290201
0.9897879461655568
0.9731990245240272
0.9647300726557095
0.9757313878700888
0.9603512032518715
0.9702624259884713
0.971330552834485
0.9825434717880107
0.9830216097479678
0.9890185597665881
0.9831714894316816
0.9652121374228161
0.9997406480879216
0.992779223814896
0.999433865883286
0.9958626699996977
0.9923750186596855
0.9990836683786651
0.9993705733881608
0.9724401952280048
0.9823257153353746
0.9992319126286187
0.9981833637870644
0.9919573589114553
0.9861901817529819
0.9927219845485248
0.9964613945790728
0.9977693086037489
0.9968843934485772
0.9956311314712267
0.9807224893574428
0.9938455746772853
0.9990182650939176
0.9998427781247529
0.9932787659694228
0.9858722652822373
0.9962479534262373
0.9997629613258489
0.9911217027372085
0.9991077347946506
0.9953078803638613
0.9998077972216453
0.999933030387256
0.9919407961624223
0.9994998732450991
0.9999406263835409
0.997792605594418
0.9980575501869628
0.9989839808807153
0.996970296318457
0.991773130173403
0.9849880242142508
0.9857733449604851
0.9959071460709344
0.9845674451788675
0.9905742968827778
0.9753508724434123
0.9699797130139065
0.9745058069372174
0.989504130958385
0.9646048282931132
0.9677853645527641
0.9724890351972114
0.976508689840885
0.9645487028864592
0.9788400291759923
0.963704263370379
0.9581407301103808
0.9591442214467654
0.9813805908417588
0.9754912795304822
0.9677487509492009
0.9831488290503443
0.9996980919955286
0.9861693967720339
0.9845738434286155
0.9966440976356393
0.9895963138733919
0.9727230296961449
0.9703037450341404
0.9726474377293538
0.9570961389012207
0.9713011525105852
0.9751151955015488
0.9525078814222386
0.9488460831992123
0.9678829270779146
0.9548854571608696
0.9726956501832936
0.9603286642523731
0.969086469665275
0.9767511259673484
0.9785458931717463
0.9643285217787456
0.9722773073388278
0.9720089878612637
0.9564196756039737
0.9489721666725979
0.9673074540998929
0.9509913830619933
0.9753387797735168
0.9709650785645878
0.9702957752577188
0.9964387373077808
0.9805363341571831
0.998646544729666
0.9995070784030503
0.9580388983126907
0.9989024235180726
0.9757258185526426
0.9720093044795926
0.974445278430427
0.9758194797378758
0.9769211463270889
0.9788284856313546
0.9759329927976002
0.979907201881893
0.9705838032446135
0.973973612149871
0.9578049690202767
0.9747566323234615
0.973584574707381
0.9695651182372979
0.9767967578978516
0.9771448190554141
0.9751052199664552
0.9570390678091643
0.9716914172402383
0.975349757918861
0.9951903167277155
0.9681145072342803
0.9977639922658819
0.9795159036091976
0.9945707976339898
0.9999089903774249
0.9996297613602307
0.9907963491735676
0.9754038522467756
0.990334459217072
0.9809236963704775
0.9768193583018847
0.9676850830462557
0.986410600724622
0.9778487757081982
0.9682075625889411
0.9746164120850067
0.9619589679359327
0.9965575807669361
0.965776068406079
0.9687586762383873
0.9714944089065103
0.9662936533979621
0.9765431378943097
0.9678933425565885
0.9739308109293667
0.9590783514917804
0.9759586754846348
0.9962347860867473
0.9854361277347519
0.97633140950174
0.9771506407365028
0.9943189390516534
0.9819625045623624
0.9997357465235834
0.9837904371162897
0.9804570923132844
0.9795183893716859
0.9880863523784277
0.9943373971680489
0.9995570614766194
0.9997864093593594
0.9954686632176755
0.9278634133297815
0.9582294793666603
0.9754759685796195
0.9513571926772534
0.985292508358573
0.9578391601199618
0.9382013148373705
0.968799824315099
0.9794428350319389
0.9966312213233424
0.9795634129135987
0.9740901674239898
0.938322239399517
0.9720273670801691
0.9356437143038949
0.9768724416054686
0.9791364292147221
0.9818968322596806
0.9722648809903123
0.9565229385271639
0.9793910838574169
0.9758999526027097
0.9642541798281427
0.9879403129381085
0.9970935260449219
0.9889500432060869
0.9965006620139888
0.9920925932331306
0.9997988492651779
0.9817967728070072
0.9560590231705818
0.933174101915882
0.9275499768343853
0.9355260095177687
0.9869063548897361
0.9342072473570613
0.9906549754752927
0.9061992245262387
0.9228275684394108
0.9381758004579817
0.9383525843641165
0.9831346499776596
0.9320027827873376
0.9096635384812497
0.9422545862668943
0.921285078646261
0.9526256938067772
0.9557456378736758
0.9522288082698165
0.953587153821052
0.982996467855769
0.9957749905388511
0.9907168666984284
0.9816493277149951
0.9908182139292172
0.9966658998566568
0.9784374561592439
0.9975881143508234
0.9960114676593569
0.9834598561433341
0.9995826475288618
0.9834471144732315
0.9508794818935999
0.9591758526064633
0.9688225887505422
0.9687583560684989
0.9642797691796817
0.9448825383571258
0.9712117919854141
0.9689727402141419
0.9647342818919843
0.9464425400079919
0.9581855530160789
0.9534015851504747
0.9744134518011266
0.9571012509622945
0.959196405530375
0.9682187012232613
0.9972336321106411
0.9437532182036887
0.9502766503919886
0.9587139529923199
0.9422368751907959
0.9586985005772007
0.9484256000983111
0.9432690079046151
0.9899722127230075
0.9675892543585258
0.9669032704249023
0.9386020503607195
0.9995445849816591
0.9778717963562333
0.99670302714064
0.9727801959245259
0.8609726314637647
0.894580720159922
0.8868345210576973
0.8981406571813453
0.9616196740129536
0.9135083831984112
0.8797709533994887
0.9726013193833329
0.911997679667278
0.9112762152424414
0.9015776571806843
0.9436460550355696
0.8733045240034543
0.9733270327649326
0.9437899027981224
0.9668454362582078
0.8808044675936149
0.8589148056287043
0.8958529392860968
0.9149636912817677
0.9282064529737806
0.9659457345852667
0.9476332960974333
0.9833002451238269
0.9361271879432896
0.9835575493731445
0.9603140272304684
0.9990402891398219
0.9995639530959476
0.8180405576000997
0.6513777643323664
0.8402926041135782
0.8145584194170057
0.7033698491747093
0.9270751148634284
0.7694527232917064
0.6856504436334463
0.6739286516669688
0.6886688109332771
0.9460643403109992
0.698440162182328
0.762838454878144
0.7882000859625096
0.7447185704255522
0.9061691812992689
0.7110406670496716
0.8409939948582639
0.8030822770632962
0.6762679800374714
0.6603946925276598
0.7816612393465623
0.9344576085268452
0.9823207146454482
0.7663273936986089
0.9988762361373676
0.8466396733206465
0.9813551744294896
0.9410051491631836
0.9356649049407371
0.7521292535696782
0.8797047668175998
0.7350588226998038
0.9788350838224282
0.7552010445389901
0.7670140625312372
0.8007951968849729
0.6862072507877781
0.7818732388899847
0.7014069335191334
0.7130175230270297
0.8804499119312414
0.8362510852721682
0.7784999040322149
0.8114651806071074
0.8188316265460598
0.8786838645446542
0.7869679714541025
0.7103742175605567
0.6781894318402558
0.9510233394831866
0.7461300928199661
0.6535674800144001
0.909547889603856
0.9607183477793217
0.9249247983986559
0.9950821222204526
0.9997024832375099
0.9794481833048705
0.8878535913038692
0.8525328561350318
0.9665416327544833
0.9697412395792517
0.9105471446083797
0.9911965611863212
0.9635754321389257
0.9212595468323277
0.9537911802387841
0.9065094392391095
0.9304154009980411
0.9715424123409564
0.9637131541035718
0.8472955613731968
0.8866642351324949
0.9101066954512735
0.8540397440485421
0.934143143570435
0.8693404803813731
0.9456103953228444
0.9847955655238405
0.9435531955655869
0.848174162300311
0.8468868364516811
0.9420411630888943
0.9557328097918701
0.982627831571206
0.9728615256956935
0.9893656293250781
0.9814060122845067
0.988743711791561
0.9888465458653043
0.9841532791641581
0.983242284217531
0.9890142586551532
0.9990424134231626
0.870186012642489
0.9241086949999655
0.9534536990316309
0.9399504961650161
0.9890701583314396
0.9441383338702394
0.899543567309578
0.9476835861400601
0.935512885735762
0.9644028678628608
0.9422268704676959
0.9686807620399098
0.9387056777101832
0.976651112037127
0.9286594141009471
0.9719424869378255
0.9592907012593881
0.9158680890627876
0.9694893632127211
0.95411366904346
0.9732617411881038
0.9303130627545955
0.9613974885969359
0.9935351144200495
0.9711374769577915
0.9792709217724855
0.889830859600626
0.9991894001127584
0.9301546889654216
0.9839118132245219
0.9938000905423452
0.9287269924295172
0.8328582583534333
0.8988749322306203
0.9061818154759396
0.9228642019015896
0.8510823002539467
0.8458761749508541
0.8932567910844542
0.9869323926756637
0.8828479728436545
0.8424372869787572
0.8443051790264464
0.8495641625236312
0.9586200066087169
0.9285539562640953
0.8886651194868995
0.853439982278738
0.8622732189322839
0.8633557830673406
0.8528824948690974
0.9126472541484586
0.8644619118090017
0.9778730637481623
0.9120502981015763
0.8992955261978332
0.9306621923366862
0.9687648741636641
0.8981571353506106
0.9092742537488152
0.9921788148921544
0.9970671653524344
0.9360621968884726
0.7202911089096145
0.9686647969138995
0.7715949877032797
0.8728184916543698
0.6659156080474575
0.8530922044628545
0.6832301323423218
0.8411284899551199
0.7088733405421603
0.8994816241970216
0.7090597797238521
0.7424949075724925
0.7571796219523124
0.7214455982246344
0.989767695333877
0.7424757235578718
0.6995204333029447
0.6813905540662692
0.6646129188094698
0.6846502475782941
0.8770447824494982
0.7098765265442535
0.974187288038293
0.8423081638855734
0.8432076515548121
0.8603316732490627
0.9996127013114096
0.8634839465700228
0.9843742461045105
0.8955126887356892
0.9966101937206264
0.9066400839053427
0.9924981431025883
0.5558737928560111
0.8692588759350519
0.6258274657030138
0.672933388305049
0.7583869529461069
0.856820030445594
0.79988016319989
0.9734474327682766
0.8741699465545525
0.5507414596612894
0.9921880209470182
0.931381180442424
0.9295355980411724
0.8446897372603855
0.9738287551377218
0.7022755801028124
0.5752658409614805
0.957298789220272
0.8012179650556455
0.5686391403890156
0.8435050072486676
0.82056738206417
0.8128443061253615
0.9841962478550181
0.9230932889192717
0.9038798141603327
0.8122853887164698
0.981751519430003
0.9609796321902957
0.9899887620537242
0.9480519607392325
0.9275910286322588
0.4075913493189487
0.4637892314835332
0.5033022979035882
0.5078902063417141
0.4215713195786557
0.7629646850093108
0.6858111298967932
0.4936363815422725
0.35078477903025096
0.8203664472789801
0.7256329090307149
0.39783561628223607
0.39162506587132545
0.6512383628056196
0.4134756209954016
0.45438243402204337
0.4738423858557245
0.461498499195239
0.5033152979292664
0.6346526608987663
0.3987423282787733
0.47771799343811444
0.8923975174427078
0.9226444793292919
0.8741426487786433
0.8577591989716826
0.9909839570368546
0.9419845067888224
0.8021711179594846
0.9562321591607377
0.9860110964594538
0.8630006286309697
0.8487404969061922
0.8565905489877431
0.9076956265458884
0.6556898142684917
0.8583273523952457
0.9003766280610385
0.8025357330878525
0.9231813304977613
0.8865769717692016
0.6669630382937763
0.8172734916499308
0.869247200909632
0.7007857918030942
0.9198706760119981
0.9182689399809698
0.9498092643983076
0.8546671970096165
0.8228762328928059
0.717810947461706
0.8673696211135953
0.9258386946188096
0.8373342232123637
0.8018033043744389
0.9284275011488385
0.9484154533585798
0.9603593999726039
0.9969140619127301
0.9126083974369361
0.9701025899856355
0.995292241144089
0.9965770570266251
0.9088055738971099
0.9454435434209725
0.9551841211575782
0.7723261964293489
0.8896873990911057
0.8593811431281845
0.5814843743860173
0.9018681944328686
0.7469371450828459
0.6420281454131485
0.9533709590903677
0.5487675985577536
0.8842325703501607
0.6134148313884207
0.7997884673401315
0.5879209547727986
0.8645569432960225
0.6568989179356893
0.8678172501996471
0.8260159228457646
0.654764919172921
0.7790577589953368
0.6326304408241202
0.5730872751661356
0.8772307022447782
0.9987016680571428
0.7081216879867268
0.7125030561944145
0.9573441650351027
0.885650908276909
0.9510183038202098
0.8307706169036044
0.9865092374084046
0.9746103409432496
0.9977813008652774
0.7272398174491645
0.8961730615593799
0.6079807175111431
0.49625631493983025
0.6045863899514257
0.4531597034007442
0.5514737406253387
0.6550102560286248
0.5322163294354493
0.726466156013881
0.7775041694755215
0.49534987158513005
0.5513288374879812
0.8383871820733109
0.9288109267755635
0.7702531827840093
0.5918321079923652
0.5090434780907376
0.5113720318970973
0.7105354457726758
0.6811544574005932
0.4964914747591592
0.4963088045819325
0.8797257746967364
0.9372428726497875
0.9326771542896382
0.8722955073093646
0.7328414447014268
0.8858243513940514
0.866459957760958
0.9125258315272686
0.9955708658131198
0.9355783390162602
0.930871330410924
0.8920364481151801
0.7713480830756555
0.7016946169918536
0.7367305290894477
0.6430027018647052
0.8425389131054565
0.8455425199089928
0.7706853869023187
0.7777368146152797
0.68536585580794
0.9094093638211149
0.7085209593305215
0.9165804017080283
0.7077602636882927
0.7191954565242551
0.7489682130177275
0.6987149083858004
0.7717100382040784
0.6283264000168758
0.9243077513792449
0.7514444329782257
0.7578705756475683
0.660528192568204
0.9889261459428123
0.903607398155301
0.8762966772715751
0.9167099658649716
0.8934699035457483
0.8363687577153582
0.9895653681148511
0.8777062416887487
0.9791864807612323
0.9474479824073507
0.9531941032753101
0.9948275290608566
0.7806500987073849
0.7511940534404222
0.7377619477932069
0.7240304990013218
0.6479832808268372
0.6543321819165444
0.7703618331880153
0.7109201601517304
0.7744635114283871
0.7974283358021057
0.7657032921424867
0.7545799520950836
0.7674693099379644
0.830514150495192
0.653512130160333
0.7979023086520769
0.8780960987937658
0.6449597071641362
0.8424230368712412
0.7791160209563531
0.6564328979723247
0.7823565101336767
0.9939368064754592
0.8813047096127795
0.9112696224251665
0.9757032938061714
0.9916722388100755
0.8280595635369274
0.9233027346017754
0.716049057402535
0.826107205596859
0.9588564010407431
0.6839579274650275
0.871958174891382
0.7966422229185413
0.8484894959569929
0.7583695051858028
0.8637730234908503
0.6940713057246961
0.9068128833573449
0.7591142127825321
0.8094071076072662
0.6850264882673482
0.7808639240061173
0.8297188128503409
0.8414874393290558
0.7981568733065372
0.8169833041504222
0.7537601863620489
0.8129098579980079
0.8058712390106577
0.7351155696808872
0.71225743296052
0.7793814144467273
0.7753162614150894
0.8474339495378487
0.9583492674393725
0.9064421933420507
0.8420992238176499
0.802062548927559
0.7320878756942593
0.9831941437594205
0.8693096974381014
0.7575819800053838
0.9040477546615047
0.8191885765108139
0.8623936602449553
0.8191011011500215
0.8332495189351801
0.7405872318372938
0.8758428148950832
0.8211292723593662
0.8658028486792548
0.8058360159520328
0.8144031821496442
0.8897142881475599
0.9051168273459256
0.7811141019520447
0.8354667288717996
0.9413815745252081
0.8341844501320446
0.8445619083119742
0.8575723540522101
0.8353063396242079
0.9031833528400781
0.8383902417580309
0.8796899153756232
0.8388751746630487
0.9026115979910836
0.8223245441749802
0.9916490498779691
0.8591049693373204
0.8631986257807442
0.8252550588102208
0.8708631830471798
0.9813259227008535
0.9963854994715735
0.9151228986562576
0.824087210605744
0.8987885307759841
0.8072260577017668
0.8322442659008622
0.8030987733783586
0.9021945786699082
0.8442498575659155
0.8302494014618089
0.8571023299702296
0.8435343712266739
0.6935974151024686
0.8639599612176638
0.9011721037264326
0.8168020635021755
0.8026631822367707
0.7702492168893637
0.8036054939074976
0.8784077366620979
0.9413913764376403
0.9311841777211718
0.8297231480263987
0.7720233283709602
0.8604757776216327
0.9970756736622921
0.9876145151763954
0.821127859636332
0.839619462711165
0.9788355506329236
0.9117294407589398
0.770498081792104
0.843645159375949
0.9965061972881856
0.8031727038020267
0.996911820637725
0.864778023636118
0.8667957248360798
0.7640068467270194
0.6534921908055544
0.6801187629725991
0.8447310524672405
0.8455684878179099
0.8355584513583396
0.8639301575637782
0.7924939504329592
0.7057084899836128
0.8422621564919277
0.7830400009477313
0.8038038690674206
0.7870015525881748
0.8320749070118817
0.7948774668633016
0.7717172677075379
0.689630913092431
0.8466816911430445
0.7282073890976231
0.9090546417412843
0.8826970050173278
0.7361046385976475
0.9237727221909803
0.8033048766277862
0.849359491035711
0.780871288031784
0.8859447588763814
0.8197256610725864
0.9975927819916808
0.7601359360021798
0.9833994154107679
0.7983811562303132
0.8809815370310212
0.8519449548546252
0.7519835542033755
0.9218730695802573
0.8211142521069767
0.8617075630345582
0.9044171242626297
0.8212603331733589
0.8303540932721939
0.9457365719769861
0.9109542790358871
0.8903440571512832
0.7974332404260245
0.857289142457369
0.8837597097939724
0.9142746813021734
0.7602232363531869
0.8990509020721086
0.8687858328345825
0.9062024228580919
0.8322187779966184
0.898432623012126
0.898929188182729
0.9708955922886056
0.8326811251312021
0.9554805251763212
0.9164143407018026
0.8989791882172086
0.828051377796515
0.9364874913129559
0.8957969304490617
0.971384676822038
0.9538062560560358
0.8505871748691815
0.8167199690711434
0.9222041914332725
0.8559433362347971
0.9097147094382367
0.8831125370453471
0.906409375240075
0.8746613025391187
0.9252706138564151
0.8464258437949611
0.8549138690168006
0.8330675718778247
0.8379696773029611
0.7941511707774289
0.8530606717399492
0.9014602143757455
0.8414270445274405
0.9140587232426985
0.8035552911655213
0.8236075291834914
0.8470995467124931
0.8134961763739399
0.8717290948581413
0.9820500974524992
0.9968928210462052
0.9882507365783131
0.99917261698747
0.8963086425750408
0.8914881359474666
0.9459268657693838
0.9918409646763864
0.8473884069005083
0.9594863220970214
0.9673213013422503
0.8468785669867218
0.9024011858732144
0.7785247154602453
0.8104422878899725
0.8603838015023547
0.7906470728773196
0.8665349101284495
0.9394184027361284
0.7889132657941422
0.7617893545412322
0.7683355211261678
0.8244044485859479
0.9699908595786602
0.8650062059022925
0.8194869705786632
0.796390439677527
0.7640454109457232
0.7517013617050835
0.9131863669602939
0.7774955431066705
0.8842612480313503
0.8266854394110109
0.9957068954598947
0.9944427124389433
0.926184413897831
0.9129866031340437
0.9078242827572061
0.9010273692506328
0.9954728495534436
0.9487901060694912
0.9377892541389586
0.8902787019574363
0.8736500664959174
0.7476085533626267
0.7863726164821441
0.7519248506734296
0.8372858959715478
0.695134483401122
0.6729843270079037
0.763742306833217
0.7407455122731744
0.7172138443856901
0.7886998557824145
0.9992954879884204
0.761561727671537
0.7632152984304709
0.7328171445842987
0.7546177728794944
0.7291695258984665
0.7378333082446074
0.7979472945440413
0.7595385434381589
0.9367253055764224
0.7257561084591102
0.734905428626231
0.8400241474737661
0.9549922003740958
0.9028180400684045
0.9433588550742625
0.9632432956973869
0.9548912102317253
0.9558714412670917
0.8350472555602045
0.9945772960019068
0.9153959820094675
0.8183937869020657
0.7921185720466907
0.7476796705260667
0.8324905093494885
0.8353736800869574
0.8345491926333755
0.7827884185572113
0.8604636743152316
0.8135716403762434
0.8084834613144394
0.8376128925846623
0.8480366168950346
0.7436163125947842
0.8635500702712646
0.8809269580812882
0.8053634673696415
0.7766944038041095
0.8839590820817373
0.8203382108427875
0.7737141100620214
0.8623832454703176
0.7847165386472617
0.8183797667162047
0.9548449679806263
0.9984183460885754
0.8820407171402638
0.9442003668702394
0.8709219049390613
0.9570963240148873
0.899665783574807
0.9533065818031279
0.9922860660583269
0.9704595679974733
0.8346207582244114
0.8494396753594449
0.8529883123183415
0.9054176450265226
0.9224655719384749
0.9017202741460132
0.7593782058677745
0.8901465298767014
0.8331503635986385
0.8302742846714889
0.7906866063070461
0.8962703673567236
0.7661223872363879
0.8739988261276246
0.8829010270844149
0.8902844427969165
0.8539376251131365
0.8112837843727139
0.9188049576662625
0.8499512786149087
0.9227789403361639
0.8333742553000574
0.8512725197071946
0.9761147678748336
0.9798017196884876
0.9943039598370176
0.9339274775007912
0.9901624696124105
0.9790796363294836
0.980011938655313
0.9987888250992927
0.9781173969617317
0.8730101446094882
0.9840008946035113
0.9210331695410976
0.7239390943314882
0.9330703572988148
0.7560327258548305
0.8383940208875537
0.9614822710590518
0.8832722305565441
0.6302956984242689
0.7166135721908347
0.9717097549984217
0.7300530128145553
0.9608787022116716
0.9955730674295474
0.8924656895152191
0.7233060659990993
0.9195178715385941
0.9531200262114448
0.7099235445270728
0.9131518766149
0.9480484054924416
0.7098990279219384
0.810529638499105
0.9977477503794328
0.9677334798321908
0.9958845454863405
0.8684381377668686
0.9927825805622128
0.9301881734145832
0.9715953326775583
0.8779557770475089
0.9728477347651014
0.9863308296431968
0.8968597384616256
0.8241410331896373
0.7288512212163777
0.783043775493723
0.9469436590466143
0.7386220801465545
0.7993117309542247
0.8684586055804493
0.9036102298194617
0.7914200408362415
0.8132516165207544
0.853809884645285
0.931553750629446
0.930398602635544
0.849890830269912
0.8156417970243852
0.8267856973874088
0.8485335604489848
0.7872013802764715
0.7002877910005479
0.8933665562761167
0.8929993167416079
0.8888095821887421
0.9878633959068912
0.9989020069938841
0.9489240758669688
0.9846424792431767
0.9325351967844792
0.9990120973528585
0.9780317601693986
0.9604203254756716
0.9547581225036613
0.9829819860711916
0.9825385847147131
0.7411358039562005
0.7204442979871398
0.8923620382199489
0.8976112302831041
0.9386948420921766
0.7545815602801857
0.7352274509739075
0.8534026700868288
0.7408536478662175
0.6449253732154935
0.8664098229580592
0.8563053021880644
0.9196187949615513
0.8728376327063805
0.7925347001910646
0.7254630677380862
0.916232678679118
0.6840766655536377
0.7984957037427148
0.7844441410835329
0.8757527327104783
0.801322059525449
0.9419669949412701
0.9929071613291156
0.7807591143110757
0.7697091928001076
0.8380770460429021
0.8083875352032938
0.770677464148704
