0.9899328525125215
0.951272100574948
0.9754402285967361
0.9749415677380509
0.9578859504350807
0.9890448644738765
0.95524922681911
0.9753204275518192
0.9682772639348649
0.9542093381086594
0.9638856785459122
0.9521684604245935
0.9673889803448281
0.9626991858257591
0.9573885471861383
0.9770500657075675
0.9555966204562721
0.990926259509898
0.98005049092817
0.9765311964188711
0.9851803183880228
0.9554647505330713
0.9702587534372189
0.9728731342256152
0.9654677569010657
0.9695016283472105
0.9621244990162086
0.9574599170253786
0.9659118982912387
0.9627626753357614
0.9825985902987476
0.9394161368207463
0.9500245751175387
0.9547455644148781
0.9683046588487825
0.9413561246012628
0.9493649305615728
0.9448422411622174
0.9328018265401056
0.9386770063166481
0.9652691062469921
0.9683497565507517
0.9266734868279812
0.948296451165114
0.9723521455752179
0.9504953142243827
0.9611281581438441
0.9791256493600751
0.9728535689785207
0.927394496228783
0.9429581478702409
0.9221930192139848
0.9174225194062703
0.9486913161539781
0.9461380683579805
0.9204657390422035
0.9419256835470668
0.9224393526852805
0.9425350391329504
0.9471598800122786
0.9303853956834046
0.9416936422410811
0.9351407563973886
0.9421528938792108
0.9342421044402607
0.9394133676911673
0.9517873259802452
0.9440518213969893
0.9379743394514394
0.9496784286552522
0.9392949496012142
0.950149864011005
0.9444239636172824
0.9464092884353679
0.9247908529152512
0.9426195450481082
0.953273428983197
0.9471857283802888
0.925151334697724
0.9330144104951197
0.9386400390949542
0.930462359053295
0.9205570335219153
0.931533021068073
0.919749611809992
0.9431723287128201
0.9300558986528075
0.9404051282378759
0.9332223222915561
0.9446847208376974
0.9348428949943144
0.9357574515504672
0.9253510823910892
0.9322411645178703
0.9372309737879793
0.9424533969619026
0.9296394606535796
0.9341957433895448
0.927529941575461
0.9363276114195376
0.9320572274401737
0.9367477960244832
0.9448853749435725
0.9303638640540575
0.9478126483105558
0.9344635842093814
0.934302320433184
0.9405057099712871
0.9320604130351919
0.9402977896108604
0.9398343997684773
0.8991678630885158
0.8852060515624397
0.9048368388660841
0.9007204242081763
0.8909605466544016
0.9032991122625867
0.9114508868155443
0.9397318313413272
0.925444893630462
0.9065292215048047
0.9034077712332915
0.9301266269833169
0.9265663617743081
0.9256111630639936
0.9038246580267363
0.9258767417187865
0.9251790517979012
0.9418565636586754
0.9344464573875775
0.9353308673857108
0.9415903898435196
0.9503142835443315
0.9327706005976283
0.9260810846797856
0.913963755347902
0.9395175106153841
0.9514118647067606
0.9231273019945176
0.9177374774306288
0.9448687293178297
0.9331747203630987
0.9073002546316629
0.8390487950232559
0.9001962749683703
0.9426303541467767
0.9119824206878684
0.9362569928510638
0.9093593107596369
0.8661827604901094
0.9215103278282295
0.9378166943327304
0.9326335874782352
0.9377961492854441
0.93676340031449
0.904041664625489
0.9288225265288341
0.8879677899033847
0.9491497297343944
0.9469328705728972
0.9465505431053877
0.9358199891357373
0.9082556105767847
0.9344858307371209
0.9413796223040778
0.9326444118723651
0.9303516896092208
0.9209874517338431
0.9229768933697026
0.9314178576861954
0.8850183670055531
0.8529511556160814
0.8729332094812592
0.8912540098222499
0.8618264475107122
0.8954158992471911
0.8976851269823906
0.9233546591384245
0.8931969690586615
0.9214567400849827
0.8725554826218387
0.8949226876618939
0.9133411016435463
0.8976963756324532
0.9084196614646861
0.8771445593822418
0.8774002116180719
0.9179915547164003
0.8691960446629372
0.9003959317315455
0.9078002713085043
0.9147068654115704
0.8550222437081284
0.8926209736874693
0.91732090820298
0.885745890799194
0.8749964091043867
0.8732054893333754
0.9194333868679208
0.8679171606974772
0.9084003603841346
0.9220117655772612
0.918479476657703
0.8801393408309769
0.878952362677245
0.8400166373293596
0.8766490637895399
0.8347456928318628
0.8489606912492604
0.8920528480110105
0.8069497606063238
0.8659870065434601
0.8300522648529521
0.8537700485515828
0.8348745875615797
0.8436095556027203
0.8371384879015464
0.8580367204478041
0.8577783469297523
0.8350789090815032
0.8898078113423692
0.8817320206802357
0.8254450063517965
0.8562567906258814
0.8481086634094341
0.8233480562908796
0.845889851675096
0.859757839422231
0.8143908257849392
0.8574657886675937
0.8213630109219556
0.8696319482140419
0.8652890217205416
0.8445913480292572
0.8476569897964846
0.8613662042432723
0.8149996286698471
0.7333291331404024
0.8514675459874717
0.7969760892463048
0.815351420043323
0.8607566856244833
0.8280807348100868
0.8107698339993801
0.8575521112028555
0.8680777378578259
0.8314566642591268
0.7387535827490734
0.770819541335696
0.7550937838753262
0.8568487573819432
0.8508941529739495
0.8436089206488333
0.7451660935849006
0.7482751866633558
0.7509216500267866
0.8223022308037868
0.8240447581189894
0.7756784894421545
0.8003595517936409
0.8350413793471969
0.8303606380511597
0.8619119989146515
0.7914366129045379
0.848441048294671
0.8285290130629436
0.7688414107155896
0.7029213330075047
0.7850107689534616
0.7404565799268904
0.71967647915014
0.7991191420094581
0.7754820289507218
0.7443938331769853
0.7139374779626076
0.717858654782044
0.8166304889624669
0.6991224338953639
0.7806510655289263
0.7629712454506264
0.7416137877966109
0.8392884441592738
0.7579476341963216
0.829597582142056
0.8180806538630498
0.7173242501677309
0.7281342949848357
0.7723436010089388
0.7316886538196299
0.7109683242287307
0.7061410944839184
0.7624813675913882
0.8257699787950967
0.829852809423639
0.7162360664229844
0.7987508473497462
0.809433559704831
0.6617951133609496
0.7147282690224475
0.7317399993832564
0.6185818762059894
0.6743593341929328
0.6628939917056207
0.6819597050456057
0.6878091311406309
0.6043588517777465
0.6470948496515604
0.6391091230934196
0.6513905523393676
0.6220500899238367
0.6633906321107897
0.6828751514422686
0.6572907156632961
0.6776859408176068
0.6373124986323178
0.6926056054833327
0.7352123784016371
0.5746858793586427
0.6590345503278463
0.7241487723033505
0.5980079048967124
0.5932158301069116
0.6742775046169208
0.616678874294141
0.6795198879177002
0.6131793514123958
0.7072822003114567
0.6830863133818283
0.6802256261669736
0.6844498096692424
0.6665254400518528
0.5888402762823194
0.6563633863983562
0.6128717551259055
0.6451601396946552
0.6086372258664483
0.6108845883796703
0.6047210401888228
0.6117196440214312
0.6170544097409661
0.6034504526778768
0.5993612133808015
0.6542712473398553
0.6366076797726175
0.621098497791272
0.5872360487743523
0.5963791664387907
0.6151028373544853
0.6517331407502703
0.6740366422102279
0.6415735785033441
0.6028696925974453
0.621369129182015
0.6221694530915827
0.6056140383879178
0.5888143764081986
0.5891528299334923
0.5903737602472313
0.6203452164697099
0.6031501605473923
0.6067871500261492
0.7088328539801149
0.721579320641508
0.6770026987740985
0.7166424915181215
0.7868760876210539
0.6944861949003928
0.6705919851323173
0.7440406525474323
0.7069811200235341
0.763756863107089
0.6893581866729781
0.792868567094517
0.6759473072732589
0.7268591464678632
0.6927599171717909
0.6823773287491577
0.7382930231329041
0.6556440167865407
0.7098939418547145
0.7763566339971701
0.7840189112402298
0.6945807115408269
0.6710375502983177
0.692967563034949
0.7926831929779193
0.725695295616376
0.674818799482023
0.6613930797073257
0.7713504229734693
0.7239940693576538
0.6625321882909165
0.7566930356845369
0.7264230587594315
0.7021781094970594
0.7334442852873586
0.8564625713773399
0.7255184949228952
0.6888980516702488
0.8110650575384462
0.8717166109194312
0.7401608975051295
0.6691710092444513
0.7521202402957331
0.6984193661453417
0.7865944753121539
0.7850273423208305
0.7516238323879976
0.730664714695689
0.7537715864539978
0.7951117417269082
0.6570703975448784
0.7595842437832008
0.6884257074605835
0.6862408622186458
0.7146662217707116
0.6408173069615841
0.6439846097628397
0.826931397921768
0.7759642990166452
0.7286544472037402
0.7157266024328939
0.8144986678897013
0.7212788126551752
0.5484333847561031
0.7456700083299834
0.516788614332284
0.7597921461876408
0.5520397199891133
0.7599057422869677
0.5601217116351489
0.6021391432539276
0.5801266577108757
0.7637918241826548
0.5913432337766198
0.5980722597970318
0.6275425420223616
0.5259478089405054
0.7828307305467441
0.5147696343088068
0.5280099156895983
0.5246088749705111
0.553181914685317
0.56116776080742
0.7724689703427414
0.5282897354401657
0.5625961255291876
0.5635713653756189
0.7749762455670193
0.5630085825054886
0.5309749814733058
0.5290904793510336
0.5835281542159798
0.7470061041756275
0.5739437158992997
0.5743106106336183
0.7622190118219052
0.49928947026813986
0.5818693648721887
0.5489071535661139
0.5299202655455353
0.5353226031101656
0.4994800858308162
0.5057640370847374
0.5600099571340369
0.5094345726659291
0.5607898374920732
0.5514809351297711
0.559519639521052
0.5153331628587188
0.6037988299380901
0.5604650505720516
0.5820985011024422
0.5295289660538769
0.5481387428297662
0.5213464380147314
0.5701656207587353
0.5140939554634286
0.5150079820566305
0.5378155955608396
0.5278388294042385
0.5120452643881619
0.6063066195089529
0.5440467474888525
0.5314184349144966
0.5687965591486953
0.5325953675923079
0.6466479585684817
0.6259669038492923
0.6162367544723375
0.6132955569897145
0.6065277926192508
0.5201117654240952
0.5418712203117579
0.6024169303440146
0.5880097952417104
0.5879434079936716
0.48262613001667987
0.48435476636892905
0.49247977527458386
0.5758471552719437
0.552488994538984
0.5616864664182368
0.5330715540736932
0.5380236601631029
0.5504285512343348
0.5470922825518213
0.5639424662517389
0.45190579686035537
0.5966732979815601
0.5154372806946175
0.5121394247508326
0.44062322015184613
0.5500163793337871
0.5572830529210026
0.6164684515201879
0.6165589694978353
0.5623710270742817
0.5555479610498485
0.28921031788162843
0.4656521347007828
0.39171008404633667
0.34946649767664983
0.2943504065764493
0.3845499801381504
0.19026601104580917
0.3152662070792666
0.21665094130324
0.42027711506227683
0.19659086931104833
0.2176762214428773
0.22965776954250977
0.2029810603134798
0.361569903941165
0.2611929308792756
0.19428772459267735
0.1860139138566927
0.24760073098482457
0.19000015714284724
0.4050955592546306
0.30736768459980746
0.1761779938424673
0.20898573618963742
0.3658461461622724
0.26934383749529667
0.21997436387383346
0.2015804780510113
0.21735090589794126
0.365393144112837
0.239818716045009
0.23791808510246698
0.20371982218866744
0.5832754031108107
0.3234176050556731
0.47263592893434714
0.4825869064993984
0.49905463146464424
0.43063658227405044
0.525012691076857
0.4207170917009445
0.4957561610323412
0.5534783261279832
0.38785868957617065
0.5858077321352776
0.4057826198900254
0.5714199794933187
0.4625573376858144
0.5353029054299778
0.6198647085389111
0.4940269269640115
0.4399291707595521
0.5458859293026584
0.5213537205926931
0.4735588017679461
0.5604089669763086
0.5943941566169608
0.43311537191067684
0.4799287975424381
0.6096997651890701
0.5097367312512664
0.541318836137201
0.5160278357865086
0.41787479151384244
0.4866873219063214
0.849626501264106
0.6617995350822108
0.8612643453594229
0.8416622417502299
0.6176946445447367
0.5992163527011224
0.459609364693792
0.5354055692067696
0.4151272386810567
0.5877118571621025
0.5855872200625075
0.4911412163850475
0.45789728380252703
0.5810409466513845
0.4424979708101205
0.5311457968213572
0.509848303294009
0.5332168285316854
0.5172343788283285
0.5799595015259215
0.5264051120254181
0.45474985562397935
0.571542881303156
0.455472009828742
0.4763148249178906
0.49177294439395675
0.5365764128568175
0.44222912620420257
0.5226033356390396
0.5621594787384219
0.5297316492677926
0.3916987131096309
0.5820632425456365
0.47089110285718305
0.5039433358774639
0.48766413055162494
0.4582414018288712
0.5097235146599735
0.49064507552934356
0.5044013223008961
0.3643252984388274
0.4050963199849528
0.448677588127426
0.4933996403186905
0.3934995565557241
0.5281756009774006
0.39343888180638875
0.4661231802546763
0.5104300125090299
0.4628316922403053
0.45861903813213967
0.5450931496961056
0.45357867926040274
0.46934714388033816
0.4414600466921762
0.4526712502183541
0.47921986205214984
0.45958041001185507
0.4656723824409754
0.45411717387505324
0.5017097935016356
0.47049006783295794
0.46458062912966225
0.5493964354938587
0.42028919658382974
0.3723502245676797
0.6120373372584753
0.5776246944576006
0.5218250452968607
0.6477939760970595
0.5581430399505006
0.5426975176463082
0.6597568335263553
0.45340323082085265
0.7582336706668209
0.40068807573173654
0.632085358618801
0.5598047172296775
0.6808836319625824
0.3774279750694107
0.5735380422548706
0.4578623483993157
0.5016811673226389
0.6443372716755249
0.5272813470749111
0.7506774930761355
0.7373570840455397
0.4356450122586689
0.5745821729946482
0.7049698736340232
0.7043101478074925
0.6247122513544534
0.5243238787990684
0.48429129786157055
0.4751056565782825
0.5574371621719806
0.6755301702770398
0.3550556868980306
0.42115196129050547
0.7397266065089503
0.746182533528413
0.6490008162497721
0.6611221196721534
0.7586087094954137
0.6921200812461153
0.8083317656739222
0.7882617675024111
0.7709181561979639
0.7658909059116011
0.8154512791885492
0.814758951360004
0.838932006104107
0.8033690325148315
0.8735662077208068
0.7370529016780454
0.7780180445449191
0.827469441642321
0.859676361348519
0.7901547846506823
0.8206595514675545
0.7924825834398266
0.8808399531555942
0.7198448241214028
0.7809104060871213
0.7934175952557982
0.8457161965080681
0.7410470983347182
0.8673786421346488
0.7759344446173989
0.8311569658152802
0.8249529425942517
0.7752186576534688
0.7694619635122155
0.8190994686856836
0.8220176591651056
0.678850053556079
0.8794540798793291
0.7231874607476351
0.8833813927085225
0.7945583184483865
0.8277716772770198
0.8870873134900976
0.8363463232044503
0.8462747176942402
0.8453108221115266
0.7048871304811808
0.7792850971413522
0.8724427027442541
0.8203876983648432
0.7885952899108322
0.7454247624696755
0.8176332625519793
0.8280776720254495
0.8922123455354622
0.7747512723028553
0.8608575739084389
0.8727883728376324
0.8650895157710052
0.8795431719961714
0.7496427968114343
0.8640827186186768
0.7668207384827602
0.7364662696040629
0.7269274480787675
0.876135268916612
0.7613718950277971
0.9079471875117253
0.8239498794466346
0.8262692394607405
0.787415902425623
0.8358837807392483
0.7624924173769003
0.7083353584159534
0.8205515700778947
0.6830291250684901
0.8502248683543491
0.8315305378943629
0.7923097247568432
0.8833278198153304
0.870850570319093
0.7583132236990953
0.7364529244090867
0.7878738023449142
0.846946770481303
0.6828090550659119
0.8160523377688147
0.8445153249657642
0.7885793442962439
0.8819108643691658
0.8785900356590015
0.7098779125990199
0.7939114605321911
0.7141334535909694
0.8034526102849371
0.7997597415583476
0.819033080690678
0.6703094584634655
0.8078961218624258
0.8268424860589034
0.8372744024551722
0.8683893416463235
0.86541433768047
0.891837950165836
0.877733402554558
0.8444029130488344
0.7654526695387118
0.8456703335076508
0.8189497589237192
0.7657502801958769
0.7232192394115916
0.7587250305836883
0.8382301058249537
0.7683087220129748
0.7365280719841041
0.7829665940761852
0.7504379044654739
0.7884080246046495
0.7183360911747403
0.7758328135199108
0.8149045237533054
0.9018606575234414
0.6647123387741584
0.7224999679407548
0.8571353092522827
0.8224569291665162
0.7688444083854555
0.8669175991308293
0.6797673380547213
0.8721134965095958
0.7904649780084181
0.8430841711688708
0.7797887833881058
0.7987697497756391
0.8742238836358573
0.735764315389888
0.8175993323640175
0.8374643237575439
0.750492078336059
0.7599397699098931
0.8762601201916639
0.8010245739283453
0.8576183287160665
0.7883769604325718
0.8122516889793897
0.8264845453219593
0.8712609318019245
0.8911047258084007
0.8805059829223116
0.8296678111350666
0.87395842783822
0.8840473542145222
0.9033117045298868
0.7678982775796821
0.897677062240865
0.8063507842680874
0.8754215325341044
0.9052862415573704
0.858367222239069
0.8793852760117347
0.8198278448969023
0.8994494693774244
0.8193239265973079
0.8963025357703678
0.8751500635036558
0.8792151068766516
0.8800837981738976
0.8965700366934881
0.808120002852652
0.8049249123587134
0.8305044954513296
0.8603809016118873
0.8745906778056496
0.7929338201491466
0.8270701695962996
0.8404981830052922
0.771269468095599
0.8921423809724383
0.8976132288555181
0.8844434026723171
0.9053224327837879
0.7406625599686532
0.8132801138137449
0.8775007782879141
0.831398274438557
0.8364997183730132
0.7963451216943918
0.8133987359191568
0.7853886807226853
0.8596611688871424
0.8714814745871298
0.7975827259425242
0.8208490323673338
0.8650269007503271
0.7994640079443014
0.8899083655602569
0.8392840693323466
0.8480215284510151
0.8369606358408027
0.8530028427206255
0.9042647535801942
0.9020880052766553
0.8281132581074592
0.8304514857107175
0.8023710890031451
0.8350448161722297
0.8485366674060846
0.8667902208616425
0.8252943598801066
0.7558826430303957
0.8037521227119313
0.799733829538803
0.8417585726113005
0.8457253549892032
0.7318735956801262
0.7337431659052176
0.746391415720278
0.8048312184114041
0.7618442724836829
0.7888838006690131
0.7943684576385919
0.7401881781222517
0.7486122672957953
0.7360794591568773
0.7694664374620281
0.8216444660739943
0.7671124745854188
0.7642663355967063
0.7609485643793559
0.862931153793482
0.826212458981946
0.7737233588552657
0.7979435135807689
0.7665990218262623
0.8737575297071374
0.913253580159609
0.7335432579284269
0.8020548712856843
0.861885615370376
0.7001529882277278
0.7638463333694061
0.7467293460777897
0.7329998191509648
0.7120416958174114
0.7511129857776624
0.7463114799926489
0.6948711524984137
0.7642114947052846
0.8214175687632773
0.745005728233704
0.7390538493801369
0.7198291018068086
0.7508633040725033
0.7889998283373472
0.717499625833371
0.7726858947206114
0.7432371149668262
0.7048033266294258
0.8168872027601778
0.7593555357970334
0.7408749597430301
0.7244357703837516
0.8095690495417073
0.7044841391547436
0.7574234030094174
0.7427746771664906
0.7064581453678526
0.7798396997549002
0.8580618889420082
0.8372526498706787
0.7672444035861021
0.8376032608788067
0.8780832160561991
0.8725840507000542
0.8327207381693387
0.8412202360795619
0.8027504482904506
0.8673575465519892
0.8116600767044875
0.8706035470502249
0.8251290577609509
0.8119809527072535
0.8380708885928743
0.776075483492771
0.883692428759042
0.8652897994059762
0.825527852186664
0.8032965320954919
0.8232925084235869
0.8228579219281735
0.8459838745622112
0.8811077036996474
0.8933535299504227
0.8471576040746491
0.801590036504639
0.8414168358659171
0.7984730006889282
0.878575323293284
0.823364422283304
0.8891930713640546
0.8203030338575302
0.8042149328147162
0.8174559923078992
0.7984086557084258
0.7344535079453239
0.7961779708246881
0.6912900336622364
0.7824758533520613
0.7697300218125657
0.7478482061657827
0.6542840749476742
0.6869918076668698
0.6774359132655232
0.7507263742818724
0.6607463606956714
0.7412180787858673
0.5847533863603747
0.7444485543467869
0.6728045650651653
0.7532634152939012
0.6576262482941311
0.6891320572936684
0.7093572969670829
0.7604870331200667
0.8199138443334102
0.65037758218891
0.7441300689734576
0.679217401962203
0.7033154202489148
0.7639296657455396
0.7755756239101724
0.7124392672202262
0.6768321926046441
0.7825643256226469
0.7691884017481823
0.7493607404204575
0.7900570683798316
0.7307982746993292
0.6581922972787501
0.6713768408760301
0.7069902302683055
0.668821402521671
0.6881551064388819
0.6828379668614594
0.6434911575178434
0.6856476702862411
0.650641626628536
0.735314902943178
0.6417630430028696
0.7336024079204241
0.7109120825862587
0.7091541492224083
0.6586268153794052
0.669207617313712
0.7274979019495127
0.6584284443022925
0.6475064410284173
0.714701155726348
0.6637496973511694
0.6834008898280647
0.6341565256582911
0.7043629506248408
0.7110894857261676
0.6776489174522792
0.6926301781522521
0.6794826857824642
0.7049003932577285
0.7763585533051167
0.7081733097700547
0.76442279331237
0.7190310371025366
0.6426132094046093
0.6783751685053006
0.6562026947711459
0.6739147613472325
0.6408390180924526
0.6657571486468218
0.6224665617626286
0.6711337758832375
0.6707966764650171
0.6635619214282416
0.6293196896288893
0.6681893686538658
0.6663606177822065
0.6304438564116067
0.6799058299585765
0.6655975199657597
0.6706148683630367
0.6563450202086988
0.6932977113356639
0.6742994401147819
0.6555480860270142
0.6494234139765809
0.6602536439421829
0.6727956165759394
0.6379972332388227
0.6268120094914562
0.6271440158447819
0.6327639400885856
0.6683898668428925
0.6646624512558447
0.7252017144777865
0.6629996876735051
0.7483869423139555
0.6578257631749518
0.649738424507361
0.6383150125894999
0.6842446425056786
0.6730697588579462
0.5860137754172537
0.6091307873992694
0.6432542936419756
0.653655747010838
0.5661988181423971
0.6744281318151741
0.6859843418891228
0.6771291215969635
0.6581494940316956
0.6409712836610529
0.6111953236169837
0.6666861012888146
0.6289524521131057
0.6035802640941246
0.6284034731775758
0.6575525818580094
0.6165575436942057
0.6625403651129984
0.6213028040048365
0.6238646768418594
0.5583507221198261
0.6053874982656944
0.6484235617086563
0.6564550447277008
