using cuda:0 device.
15777
1662756845955097675 0.05967593193054199
1662756846017490148 0.04106783866882324
1662756846078370094 0.04077267646789551
1662756846139344692 0.04031109809875488
1662756846199688673 0.03627133369445801
1662756846260267257 0.03418326377868652
1662756846320709705 0.0343172550201416
1662756846381273508 0.034532785415649414
1662756846442199230 0.03439950942993164
1662756846502228736 0.0345003604888916
1662756846562354326 0.03419613838195801
1662756846622539997 0.034549713134765625
1662756846683049440 0.03459048271179199
1662756846743002891 0.034667253494262695
1662756846803218603 0.034722089767456055
1662756846863946199 0.03448057174682617
1662756846923915624 0.03437328338623047
1662756846983790159 0.034461021423339844
1662756847043907165 0.034406423568725586
1662756847104084014 0.034288883209228516
1662756847163902997 0.03422665596008301
1662756847224020242 0.034442901611328125
1662756847284179687 0.03483915328979492
1662756847344070434 0.03442263603210449
1662756847404124259 0.03433108329772949
1662756847464032411 0.033911705017089844
1662756847524120092 0.03403115272521973
1662756847584194421 0.03397822380065918
1662756847644260168 0.03387713432312012
1662756847704296588 0.033995628356933594
1662756847764715194 0.03393387794494629
1662756847824980974 0.033927202224731445
1662756847884872913 0.033827781677246094
1662756847944926023 0.03397369384765625
1662756848005193233 0.03406858444213867
1662756848065258026 0.03394484519958496
1662756848125270128 0.03390622138977051
1662756848185070514 0.03425741195678711
1662756848245013475 0.03409075736999512
1662756848305249214 0.034455299377441406
1662756848365452051 0.03432631492614746
1662756848426008224 0.03425145149230957
1662756848486070871 0.03422236442565918
1662756848546058177 0.03425097465515137
1662756848606899976 0.03449869155883789
1662756848667013645 0.03439140319824219
1662756848727093458 0.034441471099853516
1662756848787076711 0.03471851348876953
1662756848847147703 0.034577131271362305
1662756848907321453 0.034593820571899414
1662756848967143058 0.03454780578613281
1662756849027242422 0.03435182571411133
1662756849087133169 0.03468489646911621
1662756849147025346 0.03434157371520996
1662756849207054853 0.03450369834899902
1662756849267006158 0.03437042236328125
1662756849327113866 0.03470015525817871
1662756849387082815 0.03447675704956055
1662756849447163105 0.034304141998291016
1662756849507971525 0.0342402458190918
1662756849568101644 0.03441953659057617
1662756849628031730 0.034070730209350586
1662756849688114166 0.03406572341918945
1662756849748642921 0.03396248817443848
1662756849808786630 0.03396034240722656
1662756849869113683 0.03397226333618164
1662756849928920507 0.03380942344665527
1662756849989150762 0.03408074378967285
1662756850049036264 0.03387188911437988
1662756850109084606 0.03403043746948242
1662756850169183492 0.033812522888183594
1662756850229116678 0.033735036849975586
1662756850289312362 0.033904314041137695
1662756850349898576 0.03415346145629883
1662756850410249948 0.034270286560058594
1662756850471084594 0.03454113006591797
1662756850531231641 0.03423619270324707
1662756850591513395 0.03439521789550781
1662756850652099609 0.03432631492614746
1662756850712091684 0.03490924835205078
1662756850772099256 0.034644126892089844
1662756850832159519 0.03452754020690918
1662756850892270088 0.03473377227783203
1662756850952239513 0.035008907318115234
1662756851012269020 0.03468036651611328
1662756851072249412 0.03457355499267578
1662756851132226228 0.03420209884643555
1662756851192242145 0.034403085708618164
1662756851252144575 0.03423142433166504
1662756851312876462 0.03441739082336426
1662756851375348329 0.03488326072692871
1662756851435260534 0.03432631492614746
1662756851495222330 0.03447747230529785
1662756851555107116 0.034456491470336914
1662756851615116596 0.03415870666503906
1662756851675287485 0.034311532974243164
1662756851735094308 0.03419351577758789
1662756851795026779 0.034447669982910156
1662756851854833841 0.03425192832946777
1662756851914849519 0.03408098220825195
1662756851975143671 0.03416609764099121
1662756852035080194 0.03399848937988281
1662756852095848083 0.03409862518310547
1662756852155754804 0.03430485725402832
1662756852215965986 0.03379368782043457
1662756852276108741 0.03397965431213379
1662756852336755275 0.033972978591918945
1662756852396996259 0.03436994552612305
1662756852457131624 0.03427743911743164
1662756852517241001 0.03419184684753418
1662756852577332258 0.034446001052856445
1662756852637809753 0.03440141677856445
1662756852697827339 0.034288883209228516
1662756852758165359 0.035570621490478516
1662756852818994998 0.03414320945739746
1662756852879089117 0.03428077697753906
1662756852939337730 0.034224510192871094
1662756852999681949 0.034131526947021484
1662756853060224771 0.03435397148132324
1662756853120923757 0.03445744514465332
1662756853181066751 0.03423452377319336
1662756853241258859 0.03445315361022949
1662756853301256895 0.03428220748901367
1662756853361366271 0.03417491912841797
1662756853421638727 0.03426218032836914
1662756853481445074 0.034328460693359375
1662756853541891813 0.03435230255126953
1662756853602094888 0.034284353256225586
1662756853662254333 0.03436565399169922
1662756853722333192 0.034336090087890625
1662756853782579421 0.03446555137634277
1662756853842535972 0.0343928337097168
1662756853902982234 0.03425908088684082
1662756853963628768 0.03406405448913574
1662756854023890733 0.03442978858947754
1662756854083882570 0.03393697738647461
1662756854143920421 0.034093618392944336
1662756854203952074 0.034127235412597656
1662756854264626502 0.03396487236022949
1662756854325193166 0.03429102897644043
1662756854385000228 0.0341336727142334
1662756854445366859 0.03435778617858887
1662756854505939960 0.03423500061035156
1662756854565980434 0.0343935489654541
1662756854626178026 0.03433561325073242
1662756854685984849 0.03438687324523926
1662756854746113061 0.03433966636657715
1662756854805889844 0.03431248664855957
1662756854865571737 0.034511566162109375
1662756854925977230 0.03426694869995117
1662756854985869646 0.03476452827453613
1662756855045960426 0.03455662727355957
1662756855106015682 0.03456830978393555
1662756855166080236 0.03432512283325195
1662756855227191925 0.03463411331176758
1662756855287098884 0.03445839881896973
1662756855346946239 0.034825801849365234
1662756855406925678 0.034945011138916016
1662756855466648101 0.03481888771057129
1662756855527184724 0.034746408462524414
1662756855587102174 0.03481101989746094
1662756855647855758 0.034545183181762695
1662756855707998991 0.03481912612915039
1662756855767818450 0.03454399108886719
1662756855827890157 0.0344243049621582
1662756855887845993 0.034519195556640625
1662756855947960615 0.03459477424621582
1662756856007912397 0.03475189208984375
1662756856067897796 0.03459739685058594
1662756856128325700 0.03452181816101074
1662756856188816785 0.03466463088989258
1662756856248937368 0.034445762634277344
1662756856309116840 0.034473419189453125
1662756856369530677 0.03434443473815918
1662756856430110931 0.03471517562866211
1662756856490524053 0.03465723991394043
1662756856550292968 0.03455352783203125
1662756856610762357 0.03496861457824707
1662756856670399427 0.03419089317321777
1662756856730613470 0.03447604179382324
1662756856790804386 0.03452754020690918
1662756856850794315 0.03441143035888672
1662756856910906791 0.03436636924743652
1662756856971138954 0.03461432456970215
1662756857032075881 0.0346369743347168
1662756857092735767 0.03473305702209473
1662756857153156042 0.03427457809448242
1662756857213339328 0.03444957733154297
1662756857273814678 0.034482717514038086
1662756857333976030 0.03433585166931152
1662756857394227027 0.03450822830200195
1662756857454175710 0.03432917594909668
1662756857514527082 0.03464937210083008
1662756857574969291 0.034566640853881836
1662756857635225296 0.034607887268066406
1662756857695216178 0.03456830978393555
1662756857755109071 0.03445577621459961
1662756857815287590 0.03518414497375488
1662756857875236272 0.034607887268066406
1662756857935088634 0.03465604782104492
1662756857995299577 0.03475379943847656
1662756858055954694 0.03471231460571289
1662756858119335174 0.03449392318725586
1662756858179000616 0.03425097465515137
1662756858238994121 0.03454327583312988
1662756858299309968 0.03465437889099121
1662756858359615087 0.034441471099853516
1662756858419428348 0.03422856330871582
1662756858479472398 0.03420138359069824
1662756858539355993 0.03436398506164551
1662756858599345922 0.03457927703857422
1662756858658994674 0.03472113609313965
1662756858718855381 0.034612178802490234
1662756858778978109 0.03505587577819824
1662756858839622497 0.03438973426818848
1662756858900075674 0.03439640998840332
1662756858959977626 0.03405451774597168
1662756859020204782 0.03430628776550293
1662756859080818176 0.034734487533569336
1662756859140727519 0.03406167030334473
1662756859200888872 0.03487420082092285
1662756859260728836 0.03661298751831055
1662756859320481300 0.03410530090332031
1662756859380383491 0.03412437438964844
1662756859440819025 0.03412795066833496
1662756859500787973 0.03433084487915039
1662756859560864686 0.03486466407775879
1662756859620799064 0.034881591796875
1662756859681031465 0.034850120544433594
1662756859741722106 0.03452730178833008
1662756859801848173 0.034832000732421875
1662756859861918449 0.0345001220703125
1662756859922631740 0.03438830375671387
1662756859982972860 0.03476405143737793
1662756860043066978 0.03451204299926758
1662756860103134155 0.034526824951171875
1662756860163764476 0.034517526626586914
1662756860223765850 0.034700632095336914
1662756860283829212 0.03473043441772461
1662756860343916177 0.0342402458190918
1662756860403678655 0.03438425064086914
1662756860463781356 0.03421950340270996
1662756860523522138 0.034297943115234375
1662756860583618402 0.034325361251831055
1662756860643924951 0.03403878211975098
1662756860704066991 0.03396439552307129
1662756860764045238 0.03368568420410156
1662756860823741436 0.034163713455200195
1662756860883961677 0.033568620681762695
1662756860944662809 0.033792972564697266
1662756861004892826 0.03365516662597656
1662756861064990043 0.034150123596191406
1662756861125645875 0.03434324264526367
1662756861185971736 0.03427910804748535
1662756861245999813 0.03436017036437988
1662756861305965900 0.034319400787353516
1662756861366738319 0.034398794174194336
1662756861426963806 0.03453660011291504
1662756861487340450 0.034421682357788086
1662756861547284126 0.03464055061340332
1662756861607786178 0.03426814079284668
1662756861668030738 0.03458571434020996
1662756861727918386 0.034551382064819336
1662756861787945270 0.03465986251831055
1662756861848178625 0.03450775146484375
1662756861908169269 0.03442573547363281
1662756861968299627 0.03453803062438965
1662756862028703451 0.03480267524719238
1662756862088794469 0.03432917594909668
1662756862148999929 0.03414201736450195
1662756862209170341 0.03444790840148926
1662756862269866228 0.03444695472717285
1662756862330035209 0.03401970863342285
1662756862390076398 0.03445315361022949
1662756862450000286 0.034574270248413086
1662756862509818315 0.03438377380371094
1662756862569943904 0.034642696380615234
1662756862629951000 0.03427720069885254
1662756862690421581 0.03410196304321289
1662756862750599622 0.03438901901245117
1662756862810824155 0.03396034240722656
1662756862870740413 0.034024715423583984
1662756862930697441 0.034029483795166016
1662756862990834712 0.033876657485961914
1662756863050712347 0.03445267677307129
1662756863110516071 0.03464984893798828
1662756863170891761 0.034726858139038086
1662756863230661869 0.03485751152038574
1662756863290900707 0.03428483009338379
1662756863350845813 0.03484201431274414
1662756863410952091 0.034653663635253906
1662756863471334218 0.034613609313964844
1662756863531278133 0.03451204299926758
1662756863592011690 0.03437304496765137
1662756863652427434 0.03406190872192383
1662756863713041305 0.03459429740905762
1662756863773391246 0.03449440002441406
1662756863834227800 0.0345613956451416
1662756863894747734 0.03425264358520508
1662756863955158710 0.03414797782897949
1662756864015916824 0.03386187553405762
1662756864076181411 0.033597469329833984
1662756864136527776 0.033818960189819336
1662756864197061061 0.03444337844848633
1662756864257202386 0.033883094787597656
1662756864318314552 0.033658742904663086
1662756864378933668 0.034485816955566406
1662756864439450740 0.033930063247680664
1662756864499888420 0.0339813232421875
1662756864560145378 0.03387904167175293
1662756864620609521 0.03393077850341797
1662756864680980443 0.0338442325592041
1662756864741176843 0.03421425819396973
1662756864801348447 0.0344541072845459
1662756864861845731 0.03409576416015625
1662756864922097444 0.03405404090881348
1662756864982239723 0.03419923782348633
1662756865042975902 0.03405499458312988
1662756865103876590 0.03440213203430176
1662756865164219856 0.03385472297668457
1662756865224436759 0.03389382362365723
1662756865285104274 0.033904075622558594
1662756865345235109 0.03422808647155762
1662756865405815124 0.03413581848144531
1662756865470038175 0.034316301345825195
1662756865530244827 0.03443312644958496
1662756865590877532 0.03473925590515137
1662756865651238203 0.03479909896850586
1662756865711395025 0.03434038162231445
1662756865771448850 0.03444242477416992
1662756865831659793 0.034435272216796875
1662756865891993761 0.03419017791748047
1662756865952270507 0.03459620475769043
1662756866012128829 0.034552574157714844
1662756866072175502 0.03621697425842285
1662756866132696390 0.03483247756958008
1662756866192740678 0.03401374816894531
1662756866253069400 0.03438830375671387
1662756866313961267 0.03437376022338867
1662756866374823331 0.034273386001586914
1662756866434874534 0.03453636169433594
1662756866494814634 0.03435635566711426
1662756866554966926 0.03454732894897461
1662756866614934206 0.03478646278381348
1662756866675051927 0.034603118896484375
1662756866735041856 0.034739017486572266
1662756866794967651 0.035050153732299805
1662756866856034755 0.035164833068847656
1662756866916834592 0.03496050834655762
1662756866976816654 0.034792423248291016
1662756867036959648 0.03516221046447754
1662756867096965074 0.034319162368774414
1662756867157005071 0.034252166748046875
1662756867217598915 0.03412127494812012
1662756867277586698 0.03419995307922363
1662756867337846755 0.03443098068237305
1662756867397833585 0.03429746627807617
1662756867458139419 0.03449726104736328
1662756867518895626 0.034455299377441406
1662756867578713893 0.03428483009338379
1662756867638973474 0.03444409370422363
1662756867699520349 0.03435707092285156
1662756867759578227 0.03449440002441406
1662756867819737195 0.03444719314575195
1662756867879761934 0.034569740295410156
1662756867939887523 0.034180641174316406
1662756867999730825 0.03431415557861328
1662756868059610843 0.03453660011291504
1662756868119818210 0.03492116928100586
1662756868179668664 0.034621238708496094
1662756868239752769 0.035308122634887695
1662756868299966812 0.035219669342041016
1662756868360117197 0.03472757339477539
1662756868420236349 0.03448367118835449
1662756868480746507 0.03455376625061035
1662756868541121959 0.0343785285949707
1662756868601032495 0.0345001220703125
1662756868661253929 0.03435993194580078
1662756868721952676 0.03466200828552246
1662756868781991720 0.0347442626953125
1662756868842216968 0.034647226333618164
1662756868902314424 0.03496575355529785
1662756868962373018 0.03468942642211914
1662756869022490262 0.034825801849365234
1662756869082726240 0.034374237060546875
1662756869142649650 0.034563302993774414
1662756869202441453 0.03458452224731445
1662756869262205839 0.03452777862548828
1662756869322421073 0.03456902503967285
1662756869382565736 0.034412384033203125
1662756869442591190 0.034451961517333984
1662756869502480268 0.034566402435302734
1662756869562155008 0.03423023223876953
1662756869622330665 0.03441452980041504
1662756869682498931 0.03443789482116699
1662756869742845535 0.03418850898742676
1662756869803520679 0.03436779975891113
1662756869863558769 0.034188270568847656
1662756869923858404 0.03453469276428223
1662756869983919382 0.034749746322631836
1662756870044063568 0.034729957580566406
1662756870104055881 0.0345919132232666
1662756870163969993 0.034406185150146484
1662756870224017381 0.03482317924499512
1662756870283904552 0.03476834297180176
1662756870344090938 0.03494906425476074
1662756870404083251 0.034925222396850586
1662756870463958978 0.03502988815307617
1662756870524005889 0.03450417518615723
1662756870583924770 0.03460812568664551
1662756870644144058 0.034578800201416016
1662756870704535245 0.03525996208190918
1662756870764633893 0.035050153732299805
1662756870824906349 0.03471684455871582
1662756870884728670 0.03460073471069336
1662756870944833755 0.034557342529296875
1662756871004814863 0.034693002700805664
1662756871064772844 0.034775733947753906
1662756871124775648 0.03446030616760254
1662756871185384035 0.03418326377868652
1662756871245555639 0.03445553779602051
1662756871305591106 0.034427642822265625
1662756871365897655 0.03414630889892578
1662756871426805734 0.03458738327026367
1662756871487026453 0.03465414047241211
1662756871546884059 0.03461265563964844
1662756871607130527 0.03471064567565918
1662756871667028665 0.03540635108947754
1662756871727064132 0.035866737365722656
1662756871787081003 0.03570365905761719
1662756871847220659 0.0351719856262207
1662756871907854795 0.034883737564086914
1662756871968122720 0.03477954864501953
1662756872028074264 0.03487372398376465
1662756872087992906 0.03472447395324707
1662756872148038625 0.034749746322631836
1662756872208564281 0.03456473350524902
1662756872268804788 0.034718990325927734
1662756872329001188 0.034479618072509766
1662756872389106750 0.03461432456970215
1662756872449190855 0.03476309776306152
1662756872509753227 0.03466510772705078
1662756872569904565 0.03474831581115723
1662756872630462169 0.03460264205932617
1662756872690915584 0.03485441207885742
1662756872750891208 0.035024404525756836
1662756872811226844 0.03453969955444336
1662756872871578931 0.03468179702758789
1662756872931730508 0.03425884246826172
1662756872992858648 0.03424882888793945
1662756873057085990 0.03445076942443848
1662756873116662025 0.03441023826599121
1662756873176749467 0.03448677062988281
1662756873236895084 0.034575700759887695
1662756873297175407 0.03437042236328125
1662756873357988834 0.03494071960449219
1662756873418688058 0.03479480743408203
1662756873479052782 0.03476738929748535
1662756873539163827 0.03509831428527832
1662756873599217891 0.03441262245178223
1662756873660009145 0.03443765640258789
1662756873719983339 0.03490924835205078
1662756873780284881 0.03508353233337402
1662756873840876817 0.03498244285583496
1662756873901023387 0.03445315361022949
1662756873961757898 0.03511190414428711
1662756874021629333 0.03506803512573242
1662756874081723213 0.035186052322387695
1662756874141801357 0.03548431396484375
1662756874201787710 0.03500485420227051
1662756874262121677 0.03499722480773926
1662756874323396444 0.03511691093444824
1662756874383591413 0.03565812110900879
1662756874443836927 0.035410404205322266
1662756874504360675 0.03526043891906738
1662756874564766168 0.0350191593170166
1662756874624853134 0.03497767448425293
1662756874684738159 0.03516268730163574
1662756874745413780 0.03506064414978027
1662756874805494546 0.03489065170288086
1662756874865294694 0.0355372428894043
1662756874925702810 0.03513336181640625
1662756874985689878 0.03483295440673828
1662756875045907020 0.0349271297454834
1662756875105742692 0.03444051742553711
1662756875165708303 0.034635305404663086
1662756875225864410 0.03478670120239258
1662756875285769939 0.034705400466918945
1662756875345752716 0.03537344932556152
1662756875405585765 0.03489995002746582
1662756875465695858 0.03477954864501953
1662756875525773286 0.03509950637817383
1662756875585819721 0.03483867645263672
1662756875645974159 0.03512716293334961
1662756875705844640 0.03490281105041504
1662756875765954732 0.03477072715759277
1662756875826239585 0.03472399711608887
1662756875886770486 0.03435707092285156
1662756875947683811 0.03463244438171387
1662756876007844686 0.03447580337524414
1662756876068620443 0.034149169921875
1662756876128953456 0.03425955772399902
1662756876189537525 0.034764766693115234
1662756876249432325 0.03449583053588867
1662756876309692382 0.03492379188537598
1662756876369836330 0.03471660614013672
1662756876429808378 0.03466153144836426
1662756876490356922 0.03450155258178711
1662756876550156831 0.03423452377319336
1662756876610714197 0.03444981575012207
1662756876670658588 0.034637451171875
1662756876730689764 0.034442901611328125
1662756876790649175 0.034414052963256836
1662756876850830078 0.03442835807800293
1662756876911196470 0.03446555137634277
1662756876971522092 0.03464365005493164
1662756877031680583 0.03474545478820801
1662756877091838836 0.0345916748046875
1662756877152782440 0.03471183776855469
1662756877213009595 0.03510737419128418
1662756877273458719 0.03493976593017578
1662756877333950281 0.03487110137939453
1662756877394839286 0.034964561462402344
1662756877455491065 0.03512978553771973
1662756877515771627 0.03491950035095215
1662756877575616359 0.035411834716796875
1662756877635290622 0.03446149826049805
1662756877695414304 0.03461456298828125
1662756877755085468 0.03470134735107422
1662756877815145730 0.03481698036193848
1662756877875287055 0.03441214561462402
1662756877934824705 0.034703731536865234
1662756877995192766 0.03450894355773926
1662756878054757118 0.034333229064941406
1662756878114363431 0.034567832946777344
1662756878173980712 0.03460550308227539
1662756878234236717 0.03437638282775879
1662756878293973922 0.034636497497558594
1662756878353540897 0.03476071357727051
1662756878413381576 0.03472566604614258
1662756878473118543 0.034963130950927734
1662756878533304929 0.034703969955444336
1662756878593415498 0.03478860855102539
1662756878653466939 0.03505277633666992
1662756878713632106 0.03470802307128906
1662756878773416280 0.03461098670959473
1662756878833371639 0.035520076751708984
1662756878893280267 0.03542208671569824
1662756878953097820 0.03551769256591797
1662756879013385057 0.03540515899658203
1662756879073426246 0.034594058990478516
1662756879133515596 0.03485369682312012
1662756879193423271 0.034606218338012695
1662756879253372430 0.034707069396972656
1662756879313289642 0.034868478775024414
1662756879373214960 0.03410506248474121
1662756879433418989 0.034674882888793945
1662756879493318319 0.03473854064941406
1662756879552729129 0.03458666801452637
1662756879613280534 0.03466677665710449
1662756879673143148 0.034799814224243164
1662756879733525276 0.034697532653808594
1662756879793329477 0.03523612022399902
1662756879853209018 0.035391807556152344
1662756879913375139 0.037961483001708984
1662756879973357915 0.03488898277282715
1662756880033492803 0.0354158878326416
1662756880093402862 0.035376548767089844
1662756880153409004 0.03498506546020508
1662756880213243246 0.03496670722961426
1662756880273107767 0.03483128547668457
1662756880333255529 0.03527522087097168
1662756880393350362 0.035520076751708984
1662756880453237771 0.03542637825012207
1662756880513098239 0.03553152084350586
1662756880572943925 0.0352015495300293
1662756880633534669 0.035308837890625
1662756880697243213 0.0352175235748291
1662756880756550550 0.03521919250488281
1662756880816535949 0.035425424575805664
1662756880876220226 0.0347442626953125
1662756880936407566 0.034998178482055664
1662756880996492147 0.034773826599121094
1662756881056471347 0.034417152404785156
1662756881116461515 0.03443646430969238
1662756881176402330 0.0351104736328125
1662756881236387491 0.03493857383728027
1662756881296244621 0.03496980667114258
1662756881355834484 0.03458094596862793
1662756881415735483 0.035277605056762695
1662756881475543975 0.035126447677612305
1662756881535525321 0.03526425361633301
1662756881595333337 0.03522467613220215
1662756881654909372 0.03512310981750488
1662756881715266466 0.03452491760253906
1662756881775099277 0.03426647186279297
1662756881835378408 0.034540653228759766
1662756881895264625 0.034613609313964844
1662756881955420732 0.03424525260925293
1662756882015305280 0.03428530693054199
