1662756985708393573 0.04880070686340332
1662756985771499156 0.04125356674194336
1662756985832439184 0.04085040092468262
1662756985893281459 0.036603689193725586
1662756985953684806 0.03668928146362305
1662756986014400005 0.03635406494140625
1662756986075293302 0.03606009483337402
1662756986136025190 0.03456711769104004
1662756986196243047 0.034636735916137695
1662756986256810665 0.034415483474731445
1662756986317406654 0.034325599670410156
1662756986377177953 0.03470754623413086
1662756986437150001 0.03463625907897949
1662756986497928142 0.035027265548706055
1662756986558269023 0.03446674346923828
1662756986617912530 0.03452563285827637
1662756986678432226 0.03436756134033203
1662756986738971948 0.0345156192779541
1662756986799382686 0.034336090087890625
1662756986860315561 0.03483843803405762
1662756986920299530 0.03442835807800293
1662756986980537891 0.03426933288574219
1662756987040836572 0.034394025802612305
1662756987101021766 0.034413814544677734
1662756987161469936 0.03444218635559082
1662756987221412181 0.03425312042236328
1662756987281359434 0.03456401824951172
1662756987341570377 0.03458595275878906
1662756987402067184 0.03438520431518555
1662756987461958408 0.03482246398925781
1662756987522320985 0.03456997871398926
1662756987582756519 0.03442549705505371
1662756987642730951 0.03438448905944824
1662756987702864170 0.03463029861450195
1662756987762945890 0.034995317459106445
1662756987823386669 0.03477621078491211
1662756987884055852 0.03458070755004883
1662756987944270133 0.03494405746459961
1662756988004367113 0.034758806228637695
1662756988064330339 0.03514862060546875
1662756988125175237 0.0346376895904541
1662756988185280561 0.035010337829589844
1662756988245911836 0.03505253791809082
1662756988306134223 0.0347747802734375
1662756988366903543 0.03447985649108887
1662756988427024364 0.03447556495666504
1662756988486763954 0.034479618072509766
1662756988546586990 0.034806251525878906
1662756988606803894 0.0346674919128418
1662756988666800022 0.03465080261230469
1662756988727029561 0.03475642204284668
1662756988786872386 0.034406185150146484
1662756988846723556 0.034755706787109375
1662756988906969308 0.03472614288330078
1662756988966840267 0.034777164459228516
1662756989027092218 0.034525394439697266
1662756989086889266 0.03444314002990723
1662756989146866321 0.034536123275756836
1662756989207079172 0.03441429138183594
1662756989266879081 0.03427743911743164
1662756989327171087 0.03428196907043457
1662756989386993646 0.034446001052856445
1662756989446958780 0.03463912010192871
1662756989507226228 0.034522294998168945
1662756989567195892 0.034687042236328125
1662756989627264976 0.0344233512878418
1662756989688022375 0.03445768356323242
1662756989748119592 0.034691810607910156
1662756989808043241 0.03460240364074707
1662756989867921113 0.0349879264831543
1662756989927958726 0.03457474708557129
1662756989988187074 0.034219980239868164
1662756990048167467 0.03435945510864258
1662756990108451366 0.034331321716308594
1662756990168293952 0.03468656539916992
1662756990228339433 0.034523725509643555
1662756990288140773 0.03446364402770996
1662756990348212957 0.03441905975341797
1662756990408063650 0.03451204299926758
1662756990467899084 0.035126447677612305
1662756990528212547 0.034674882888793945
1662756990588077783 0.03453183174133301
1662756990647968769 0.035091400146484375
1662756990708219766 0.03486824035644531
1662756990768189668 0.03466606140136719
1662756990828106641 0.03449058532714844
1662756990887975454 0.034300804138183594
1662756990947861194 0.034792423248291016
1662756991008194446 0.03447127342224121
1662756991069196939 0.03451371192932129
1662756991131042242 0.03474760055541992
1662756991191044807 0.034627676010131836
1662756991250431299 0.034674644470214844
1662756991310958147 0.034305572509765625
1662756991370928525 0.03430962562561035
1662756991430958509 0.03447151184082031
1662756991490807533 0.0344996452331543
1662756991550791263 0.03466916084289551
1662756991611646175 0.03454327583312988
1662756991671772003 0.03450322151184082
1662756991732975006 0.03462815284729004
1662756991793200969 0.0342714786529541
1662756991853993892 0.0349123477935791
1662756991914285659 0.034403324127197266
1662756991975657224 0.03432893753051758
1662756992035584449 0.03433799743652344
1662756992096878767 0.034479618072509766
1662756992157222986 0.03465914726257324
1662756992218186378 0.03487563133239746
1662756992278418064 0.03474903106689453
1662756992339915513 0.03470301628112793
1662756992399984598 0.034562110900878906
1662756992461102008 0.03435516357421875
1662756992521148681 0.035195112228393555
1662756992582136392 0.03409934043884277
1662756992642181634 0.03450155258178711
1662756992703041315 0.034299373626708984
1662756992763343811 0.03442883491516113
1662756992824004411 0.03425717353820801
1662756992883961200 0.03466916084289551
1662756992945190429 0.03426384925842285
1662756993005129098 0.034186601638793945
1662756993066201448 0.034555912017822266
1662756993126944780 0.03483080863952637
1662756993187930822 0.03469371795654297
1662756993247964859 0.03467369079589844
1662756993309149026 0.0344541072845459
1662756993369159936 0.035083770751953125
1662756993430903911 0.034427642822265625
1662756993490980625 0.034528255462646484
1662756993551928997 0.034567832946777344
1662756993612316608 0.03452873229980469
1662756993673896789 0.03455686569213867
1662756993733855962 0.0343170166015625
1662756993794880628 0.03427839279174805
1662756993854691505 0.034423828125
1662756993916303634 0.034389495849609375
1662756993976320028 0.03477120399475098
1662756994037758827 0.0344996452331543
1662756994098114728 0.03440213203430176
1662756994158936262 0.03454160690307617
1662756994218914508 0.03420853614807129
1662756994280162096 0.03439927101135254
1662756994340180158 0.03483176231384277
1662756994401650428 0.03432464599609375
1662756994462152004 0.03451347351074219
1662756994523581743 0.03526878356933594
1662756994584372520 0.035034894943237305
1662756994646027326 0.03442692756652832
1662756994706002950 0.03423595428466797
1662756994767111063 0.03436899185180664
1662756994827148914 0.034352779388427734
1662756994888144731 0.03435015678405762
1662756994948376893 0.03444790840148926
1662756995009874582 0.034374237060546875
1662756995069805145 0.0344395637512207
1662756995130764722 0.03420233726501465
1662756995191276788 0.03455948829650879
1662756995252651214 0.034339189529418945
1662756995313147544 0.03443765640258789
1662756995374138593 0.03467869758605957
1662756995435065507 0.03422188758850098
1662756995496243476 0.0346369743347168
1662756995556960582 0.03494095802307129
1662756995618095397 0.0343630313873291
1662756995678288698 0.03446531295776367
1662756995739628553 0.0344700813293457
1662756995799572229 0.03438425064086914
1662756995860732555 0.0347292423248291
1662756995921221733 0.034555912017822266
1662756995982415199 0.03441929817199707
1662756996042924880 0.03438591957092285
1662756996104152202 0.034534454345703125
1662756996164482355 0.03466010093688965
1662756996225665330 0.034921884536743164
1662756996286176919 0.03461408615112305
1662756996347378730 0.03453874588012695
1662756996407663345 0.035017967224121094
1662756996468986511 0.03446698188781738
1662756996529866695 0.034605979919433594
1662756996591014862 0.0351102352142334
1662756996651466608 0.034881591796875
1662756996712842941 0.034809112548828125
1662756996773152828 0.03478837013244629
1662756996834303379 0.03506636619567871
1662756996894867181 0.03461480140686035
1662756996956176042 0.034963369369506836
1662756997017203807 0.03475618362426758
1662756997078301429 0.03485107421875
1662756997138858556 0.03442740440368652
1662756997200093269 0.03448033332824707
1662756997260306596 0.03474020957946777
1662756997321983814 0.03490900993347168
1662756997382570028 0.03460121154785156
1662756997443877935 0.034790992736816406
1662756997504127502 0.03468918800354004
1662756997565333366 0.034830570220947266
1662756997625782012 0.03467130661010742
1662756997687110900 0.034723520278930664
1662756997747185945 0.03459811210632324
1662756997808475017 0.034717559814453125
1662756997869316816 0.03478240966796875
1662756997933192968 0.034636497497558594
1662756997993004083 0.03446030616760254
1662756998053056955 0.0346379280090332
1662756998112953186 0.034804344177246094
1662756998172558546 0.03445291519165039
1662756998232229709 0.034090518951416016
1662756998292005062 0.03426694869995117
1662756998351900100 0.03467512130737305
1662756998411780118 0.0347895622253418
1662756998471867799 0.034958600997924805
1662756998532086849 0.03476428985595703
1662756998592193365 0.03553962707519531
1662756998652274608 0.035164833068847656
1662756998712856292 0.03502488136291504
1662756998773005962 0.03478503227233887
1662756998833291053 0.03491806983947754
1662756998893884658 0.03543901443481445
1662756998954151153 0.03490018844604492
1662756999014197587 0.0349884033203125
1662756999074654102 0.03489398956298828
1662756999135022640 0.035057783126831055
1662756999195147514 0.03482770919799805
1662756999255220651 0.03497648239135742
1662756999315373420 0.03515481948852539
1662756999375861406 0.03592944145202637
1662756999436173915 0.03539919853210449
1662756999496474742 0.03515291213989258
1662756999556403160 0.03505373001098633
1662756999617015838 0.034932613372802734
1662756999676769256 0.035007476806640625
1662756999737093210 0.03454732894897461
1662756999797108411 0.03484344482421875
1662756999856941223 0.03448653221130371
1662756999917104721 0.034375905990600586
1662756999977111816 0.03445839881896973
1662757000036941766 0.03485846519470215
1662757000097106933 0.03507852554321289
1662757000156994819 0.03471565246582031
1662757000217099428 0.034789323806762695
1662757000277797460 0.03446173667907715
1662757000337795495 0.03458762168884277
1662757000398110866 0.034728288650512695
1662757000458054304 0.03470754623413086
1662757000518290519 0.034601449966430664
1662757000578840494 0.034182071685791016
1662757000638860940 0.03487682342529297
1662757000699304342 0.03434324264526367
1662757000759806156 0.034896135330200195
1662757000819990873 0.03449583053588867
1662757000879943132 0.03497171401977539
1662757000940051317 0.03522205352783203
1662757001000108242 0.03503751754760742
1662757001060026168 0.03518795967102051
1662757001121098756 0.03463625907897949
1662757001181338787 0.03508877754211426
1662757001241262197 0.03489518165588379
1662757001301467657 0.03450512886047363
1662757001361816883 0.03499126434326172
1662757001422301530 0.03428030014038086
1662757001482651710 0.03454852104187012
1662757001542608976 0.03458809852600098
1662757001603128433 0.034123897552490234
1662757001663060188 0.034183502197265625
1662757001723069906 0.03431892395019531
1662757001783842086 0.03421139717102051
1662757001843844413 0.034299373626708984
1662757001904036283 0.033983469009399414
1662757001964659452 0.033974647521972656
1662757002024825811 0.03408694267272949
1662757002084946632 0.03426313400268555
1662757002145636558 0.03394818305969238
1662757002206100225 0.034329891204833984
1662757002266100168 0.03447723388671875
1662757002326012611 0.03465008735656738
1662757002385967016 0.0345311164855957
1662757002446583747 0.034304141998291016
1662757002507152557 0.034201860427856445
1662757002567280292 0.03461718559265137
1662757002627562046 0.03416299819946289
1662757002688119649 0.03412818908691406
1662757002749371290 0.034482717514038086
1662757002809622287 0.0345613956451416
1662757002869979381 0.03502154350280762
1662757002929971456 0.03499269485473633
1662757002990370750 0.03479599952697754
1662757003050869941 0.03448128700256348
1662757003110889196 0.03443479537963867
1662757003171188831 0.034593820571899414
1662757003231957674 0.03435778617858887
1662757003292936086 0.03471732139587402
1662757003353387832 0.03450155258178711
1662757003414112329 0.03454852104187012
1662757003474529027 0.0342254638671875
1662757003535189867 0.0345916748046875
1662757003596030712 0.03461956977844238
1662757003656132936 0.03458881378173828
1662757003716403722 0.03436136245727539
1662757003777165889 0.03427290916442871
1662757003837485551 0.03362417221069336
1662757003898056030 0.033832550048828125
1662757003958370447 0.03372812271118164
1662757004019308328 0.034189701080322266
1662757004079388856 0.033815860748291016
1662757004140367031 0.03339433670043945
1662757004201198816 0.03455400466918945
1662757004261994600 0.034076690673828125
1662757004322520256 0.03389120101928711
1662757004383014202 0.034013986587524414
1662757004443767786 0.0339047908782959
1662757004504406452 0.03384256362915039
1662757004564955234 0.03416013717651367
1662757004625689268 0.03446769714355469
1662757004686116456 0.03414463996887207
1662757004746897220 0.034142494201660156
1662757004807271242 0.0343172550201416
1662757004867841482 0.03437995910644531
1662757004928311109 0.034423112869262695
1662757004989404201 0.03404378890991211
1662757005050135374 0.03407883644104004
1662757005111099720 0.03417468070983887
1662757005171548843 0.034348249435424805
1662757005232905626 0.03422856330871582
1662757005296274662 0.03464102745056152
1662757005356360673 0.034516334533691406
1662757005417129755 0.0348358154296875
1662757005477487087 0.03495907783508301
1662757005538017511 0.034731149673461914
1662757005598020076 0.03478693962097168
1662757005658831834 0.034832000732421875
1662757005719147682 0.034639596939086914
1662757005779492378 0.03486323356628418
1662757005840053558 0.03453826904296875
1662757005900048971 0.035054922103881836
1662757005960513114 0.03525853157043457
1662757006021266698 0.03438401222229004
1662757006081683158 0.034612417221069336
1662757006142178058 0.03430676460266113
1662757006203417062 0.03396892547607422
1662757006264602899 0.034447669982910156
1662757006324832439 0.03435111045837402
1662757006384805202 0.034522294998168945
1662757006444829702 0.03464984893798828
1662757006505691289 0.03424406051635742
1662757006565761804 0.034509897232055664
1662757006625950813 0.03492331504821777
1662757006685997486 0.03480219841003418
1662757006745887279 0.03472423553466797
1662757006806065559 0.034574270248413086
1662757006865911245 0.03522372245788574
1662757006926228284 0.03453373908996582
1662757006986555814 0.03466200828552246
1662757007046561002 0.034342050552368164
1662757007107236623 0.034332990646362305
1662757007167600393 0.034924983978271484
1662757007228084802 0.034719228744506836
1662757007288172006 0.035037994384765625
1662757007348037004 0.03490591049194336
1662757007408414602 0.03447127342224121
1662757007468497037 0.034790754318237305
1662757007528652429 0.03472566604614258
1662757007588938474 0.03463339805603027
1662757007649705886 0.0346217155456543
1662757007710231781 0.03477644920349121
1662757007770947933 0.0347137451171875
1662757007831537723 0.03469061851501465
1662757007891900777 0.03473615646362305
1662757007951909542 0.03473830223083496
1662757008011742830 0.034529924392700195
1662757008071608543 0.03460550308227539
1662757008131792783 0.03474116325378418
1662757008191863536 0.034685611724853516
1662757008251905441 0.034783363342285156
1662757008312003374 0.03655576705932617
1662757008372135639 0.03419351577758789
1662757008432545900 0.033944129943847656
1662757008492819309 0.03413081169128418
1662757008552670955 0.03416919708251953
1662757008612696647 0.03439640998840332
1662757008672694921 0.03458046913146973
1662757008732648372 0.034772634506225586
1662757008793001651 0.03459334373474121
1662757008852909088 0.03483891487121582
1662757008913015842 0.03475642204284668
1662757008973102092 0.03528189659118652
1662757009033752679 0.03509664535522461
1662757009093635797 0.03503298759460449
1662757009153528213 0.03493690490722656
1662757009213506460 0.03458428382873535
1662757009273826599 0.03459286689758301
1662757009333606958 0.03473496437072754
1662757009393674612 0.03477764129638672
1662757009453749418 0.03464508056640625
1662757009513831853 0.03454947471618652
1662757009573872327 0.0342559814453125
1662757009633916139 0.03444480895996094
1662757009694029569 0.034409523010253906
1662757009754331588 0.034348249435424805
1662757009814193010 0.034392595291137695
1662757009874372720 0.03471517562866211
1662757009934258222 0.034769296646118164
1662757009994328260 0.03462409973144531
1662757010054596185 0.03469276428222656
1662757010114739418 0.03484463691711426
1662757010174906015 0.034958839416503906
1662757010235034227 0.035108089447021484
1662757010295811891 0.03536176681518555
1662757010355744838 0.034622907638549805
1662757010415865421 0.0349736213684082
1662757010476598262 0.035040855407714844
1662757010536903858 0.03563737869262695
1662757010597516298 0.03541088104248047
1662757010657669782 0.034926652908325195
1662757010717620134 0.034664154052734375
1662757010777996540 0.03500723838806152
1662757010838480949 0.03473782539367676
1662757010898283004 0.03502702713012695
1662757010958729982 0.03465151786804199
1662757011018658638 0.035257816314697266
1662757011078989267 0.034795284271240234
1662757011138858318 0.03499174118041992
1662757011198691844 0.03481888771057129
1662757011258859157 0.0344698429107666
1662757011319549798 0.035068511962890625
1662757011379823207 0.03494429588317871
1662757011439853906 0.03480792045593262
1662757011499704599 0.03567957878112793
1662757011560092449 0.035706520080566406
1662757011620028972 0.035463571548461914
1662757011680153846 0.03541421890258789
1662757011740674495 0.03520917892456055
1662757011800824165 0.035308122634887695
1662757011861029386 0.03534293174743652
1662757011921014308 0.03519845008850098
1662757011981127023 0.03529214859008789
1662757012041248083 0.03494095802307129
1662757012101023912 0.035375356674194336
1662757012161143541 0.03489565849304199
1662757012221756935 0.03505730628967285
1662757012281979799 0.035141706466674805
1662757012342650890 0.03484940528869629
1662757012402600765 0.03511381149291992
1662757012463160276 0.034897804260253906
1662757012523866653 0.03514456748962402
1662757012584676504 0.035439252853393555
1662757012645096302 0.03479599952697754
1662757012705222129 0.03490734100341797
1662757012765799760 0.034915924072265625
1662757012826318740 0.034737586975097656
1662757012888940334 0.03481149673461914
1662757012949068069 0.034787654876708984
1662757013008881568 0.034897565841674805
1662757013068696260 0.03490304946899414
1662757013129156351 0.034832000732421875
1662757013189855575 0.03537344932556152
1662757013251240968 0.03532242774963379
1662757013311674356 0.035009145736694336
1662757013372062206 0.035302162170410156
1662757013432751893 0.034749507904052734
1662757013492961168 0.03450918197631836
1662757013553491353 0.03535056114196777
1662757013614151716 0.035230159759521484
1662757013674473524 0.03514218330383301
1662757013734709978 0.034607887268066406
1662757013794777393 0.034879207611083984
1662757013854593276 0.03470253944396973
1662757013914932727 0.034999847412109375
1662757013974924325 0.03548288345336914
1662757014034788370 0.03501081466674805
1662757014094970464 0.03493928909301758
1662757014154884099 0.035178422927856445
1662757014215547323 0.03572392463684082
1662757014275479078 0.03588533401489258
1662757014335533380 0.03549695014953613
1662757014395662546 0.035321950912475586
1662757014455549955 0.035117387771606445
1662757014515845775 0.03519487380981445
1662757014575876951 0.03516840934753418
1662757014635758876 0.03516030311584473
1662757014695897817 0.03519725799560547
1662757014756393194 0.03516077995300293
1662757014816973924 0.03496599197387695
1662757014877609491 0.0351099967956543
1662757014937737941 0.03489065170288086
1662757014997837543 0.03509521484375
1662757015057905435 0.03509831428527832
1662757015117843866 0.03523135185241699
1662757015177753925 0.037915706634521484
1662757015237898588 0.034944772720336914
1662757015298777818 0.034337759017944336
1662757015358938217 0.03463482856750488
1662757015419129610 0.034670114517211914
1662757015479096412 0.034682273864746094
1662757015539253234 0.034456729888916016
1662757015599569559 0.03457379341125488
1662757015659346580 0.0344691276550293
1662757015719394207 0.03462648391723633
1662757015779469966 0.03475069999694824
1662757015839832782 0.03431344032287598
1662757015899889945 0.03441667556762695
1662757015959950685 0.034421682357788086
1662757016020550489 0.034522056579589844
1662757016080562591 0.0348658561706543
1662757016140642881 0.03493785858154297
1662757016200491428 0.03517723083496094
1662757016260768413 0.03483271598815918
1662757016321630239 0.034691572189331055
1662757016381969690 0.034865617752075195
1662757016442576169 0.03454923629760742
1662757016502693176 0.03484535217285156
1662757016563803911 0.03457045555114746
1662757016624676942 0.03477001190185547
1662757016685135841 0.03471565246582031
1662757016745886802 0.03460097312927246
1662757016805922746 0.03498363494873047
1662757016866295576 0.03465747833251953
1662757016926499605 0.03448367118835449
1662757016986517906 0.034703969955444336
1662757017046878099 0.03452277183532715
1662757017107596635 0.03457283973693848
1662757017168051481 0.034896135330200195
1662757017228718757 0.03458690643310547
1662757017288580656 0.03485226631164551
1662757017349038362 0.03908228874206543
1662757017409426212 0.035058021545410156
1662757017469372987 0.034538984298706055
1662757017529608249 0.034818410873413086
1662757017589414596 0.03485894203186035
1662757017649678230 0.0346982479095459
1662757017709706783 0.034922122955322266
1662757017769796133 0.034966468811035156
1662757017829755544 0.03486013412475586
1662757017889612913 0.035033226013183594
1662757017949824810 0.03495216369628906
1662757018010307073 0.03518486022949219
1662757018070114612 0.034879446029663086
1662757018130380392 0.03528928756713867
1662757018190074682 0.03530478477478027
1662757018250044584 0.03500771522521973
1662757018310260295 0.035028934478759766
1662757018370188951 0.034931182861328125
1662757018430299282 0.03503847122192383
1662757018490243911 0.03538775444030762
1662757018550359964 0.03443789482116699
1662757018610245943 0.03456425666809082
1662757018670325517 0.03485107421875
1662757018730475664 0.034795284271240234
1662757018790310382 0.03496503829956055
1662757018850389957 0.0346832275390625
1662757018910268306 0.03524279594421387
1662757018970178842 0.035155534744262695
1662757019030315160 0.035393476486206055
1662757019090079307 0.035169124603271484
1662757019150142431 0.035039663314819336
1662757019210448741 0.034956932067871094
1662757019270261526 0.035039663314819336
1662757019330595254 0.0352475643157959
1662757019390194416 0.035347700119018555
1662757019450459718 0.03504586219787598
1662757019510342836 0.03526473045349121
1662757019570561885 0.03514504432678223
1662757019630573034 0.03500223159790039
1662757019690412521 0.03571438789367676
1662757019750386476 0.03546023368835449
1662757019810074329 0.035201311111450195
1662757019870230436 0.0353085994720459
1662757019930323362 0.03551983833312988
1662757019990246772 0.03512716293334961
1662757020050470829 0.03493905067443848
1662757020110303163 0.035607337951660156
1662757020169923305 0.035585880279541016
1662757020230514526 0.035614013671875
1662757020290144205 0.03583955764770508
1662757020349933147 0.035753488540649414
1662757020410313129 0.03585624694824219
1662757020470604181 0.036232709884643555
1662757020532727718 0.035784006118774414
1662757020592219829 0.036368370056152344
1662757020651873588 0.03594326972961426
1662757020711326360 0.035495758056640625
1662757020771642208 0.035623788833618164
1662757020831304788 0.03521251678466797
1662757020891150951 0.035312652587890625
1662757020950869083 0.03524374961853027
1662757021010340213 0.035536766052246094
1662757021070732116 0.03557920455932617
1662757021130214214 0.03492164611816406
1662757021189706087 0.03523707389831543
1662757021249612331 0.03552675247192383
1662757021309245586 0.03510475158691406
1662757021369482040 0.03514432907104492
1662757021429322242 0.03510570526123047
1662757021488707304 0.0350191593170166
1662757021548715353 0.03516101837158203
1662757021608565330 0.034690141677856445
1662757021668341159 0.03499174118041992
1662757021728201150 0.034697532653808594
1662757021787879943 0.0349576473236084
1662757021847802639 0.03487205505371094
