using cuda:0 device.
15431
1662756728667476177 0.06150317192077637
1662756728729686260 0.040952205657958984
1662756728790147304 0.04040193557739258
1662756728849902629 0.04040360450744629
1662756728909957408 0.03448486328125
1662756728969951629 0.034279584884643555
1662756729029915332 0.034288644790649414
1662756729090580224 0.03468823432922363
1662756729150844812 0.03472280502319336
1662756729211166620 0.03467535972595215
1662756729270953178 0.034490108489990234
1662756729330839157 0.034240007400512695
1662756729390861988 0.03434610366821289
1662756729450963973 0.03438067436218262
1662756729511222124 0.03418922424316406
1662756729571099758 0.03449201583862305
1662756729631587982 0.03427433967590332
1662756729691830635 0.034538984298706055
1662756729751705408 0.03446078300476074
1662756729811723232 0.034529924392700195
1662756729871690273 0.034348249435424805
1662756729931855440 0.034267425537109375
1662756729991958618 0.03446078300476074
1662756730051853656 0.034451961517333984
1662756730112652063 0.034207820892333984
1662756730173073053 0.034522294998168945
1662756730232976198 0.03456997871398926
1662756730293186902 0.03449559211730957
1662756730353055477 0.03437304496765137
1662756730413116455 0.03430795669555664
1662756730473758220 0.03427624702453613
1662756730533820629 0.0341799259185791
1662756730593999147 0.03427457809448242
1662756730654459714 0.034516334533691406
1662756730714688777 0.03437495231628418
1662756730774782896 0.034150123596191406
1662756730834817647 0.034424781799316406
1662756730895042419 0.03444814682006836
1662756730955782175 0.03428816795349121
1662756731015635251 0.03423571586608887
1662756731076016902 0.03438615798950195
1662756731135937929 0.03444361686706543
1662756731196066856 0.03438138961791992
1662756731256060600 0.03443574905395508
1662756731316683053 0.03412127494812012
1662756731376624107 0.03418135643005371
1662756731436454296 0.03443789482116699
1662756731496763706 0.03455972671508789
1662756731556822299 0.03474307060241699
1662756731616956710 0.03451180458068848
1662756731677071571 0.03461790084838867
1662756731737637996 0.03481411933898926
1662756731798006057 0.03500962257385254
1662756731858209609 0.03488039970397949
1662756731918691873 0.03498339653015137
1662756731979074239 0.03461003303527832
1662756732038840532 0.03498983383178711
1662756732098922729 0.03472137451171875
1662756732159067630 0.03456473350524902
1662756732218800544 0.0343782901763916
1662756732279076576 0.03444862365722656
1662756732339018583 0.03439760208129883
1662756732399501085 0.03419327735900879
1662756732459866285 0.034244537353515625
1662756732519731521 0.034049034118652344
1662756732579940080 0.03416633605957031
1662756732639881610 0.03418922424316406
1662756732699758768 0.03416752815246582
1662756732760770559 0.03405165672302246
1662756732820556640 0.034239768981933594
1662756732880697488 0.03408312797546387
1662756732940910577 0.03398466110229492
1662756733001096248 0.03382086753845215
1662756733061472415 0.0341486930847168
1662756733121523141 0.034195661544799805
1662756733181765317 0.034250736236572266
1662756733241999864 0.03416872024536133
1662756733302697181 0.03412914276123047
1662756733363035917 0.0341341495513916
1662756733422928094 0.03475594520568848
1662756733483693599 0.03416895866394043
1662756733544139623 0.034223079681396484
1662756733604096412 0.03424477577209473
1662756733664188623 0.034626007080078125
1662756733724139451 0.0343775749206543
1662756733784005165 0.03415179252624512
1662756733844049692 0.034043073654174805
1662756733904466629 0.03432106971740723
1662756733964920997 0.0342104434967041
1662756734025881052 0.034279584884643555
1662756734086921215 0.03437066078186035
1662756734146778821 0.03405904769897461
1662756734206411838 0.03426480293273926
1662756734266446113 0.03430533409118652
1662756734326552391 0.03423762321472168
1662756734385839462 0.03414487838745117
1662756734445705890 0.034327030181884766
1662756734505502223 0.034503936767578125
1662756734565106630 0.0344698429107666
1662756734624790191 0.03467988967895508
1662756734684524297 0.03447771072387695
1662756734744603633 0.0343630313873291
1662756734804621219 0.03413558006286621
1662756734863960981 0.034644365310668945
1662756734923554897 0.03417158126831055
1662756734983714818 0.03417062759399414
1662756735043554306 0.0340428352355957
1662756735103231191 0.034140586853027344
1662756735162919282 0.03424668312072754
1662756735222583770 0.03426527976989746
1662756735282713413 0.034189701080322266
1662756735342400312 0.034232139587402344
1662756735402531385 0.03388619422912598
1662756735462141752 0.03403353691101074
1662756735523209333 0.03384518623352051
1662756735582955360 0.03400230407714844
1662756735642915725 0.03388786315917969
1662756735703646898 0.033814191818237305
1662756735763880491 0.03390979766845703
1662756735824462413 0.03403043746948242
1662756735884685993 0.03385281562805176
1662756735945280313 0.03409171104431152
1662756736005888938 0.03383302688598633
1662756736066631793 0.03407764434814453
1662756736127601861 0.034174442291259766
1662756736187800884 0.034122467041015625
1662756736248907566 0.03422284126281738
1662756736308941125 0.03436470031738281
1662756736370051145 0.034093379974365234
1662756736430582284 0.034400224685668945
1662756736491873502 0.03429007530212402
1662756736551795244 0.034178733825683594
1662756736613501071 0.034253597259521484
1662756736673585176 0.03422045707702637
1662756736734767436 0.034387826919555664
1662756736794900417 0.03420424461364746
1662756736856482267 0.034008026123046875
1662756736916661739 0.03427600860595703
1662756736977960109 0.03427577018737793
1662756737037934780 0.034230947494506836
1662756737098953008 0.03429293632507324
1662756737159625291 0.03434014320373535
1662756737220489740 0.03440976142883301
1662756737280948162 0.03459620475769043
1662756737341867923 0.034268856048583984
1662756737402725458 0.03430032730102539
1662756737463907957 0.0344538688659668
1662756737524592638 0.034449100494384766
1662756737585875272 0.034351348876953125
1662756737646788120 0.034540653228759766
1662756737708073616 0.03445291519165039
1662756737768221855 0.034538984298706055
1662756737829800128 0.03444480895996094
1662756737889930725 0.03453779220581055
1662756737951005458 0.03436279296875
1662756738011074781 0.03448081016540527
1662756738071968555 0.03448319435119629
1662756738132763862 0.03468203544616699
1662756738193936586 0.03476548194885254
1662756738253860235 0.03461647033691406
1662756738314975738 0.03473687171936035
1662756738375270366 0.034456729888916016
1662756738436294555 0.03472542762756348
1662756738496721982 0.03467202186584473
1662756738557755708 0.03455781936645508
1662756738617967844 0.03461933135986328
1662756738679543733 0.034627676010131836
1662756738739751577 0.03465723991394043
1662756738801581621 0.03487753868103027
1662756738861824512 0.03472471237182617
1662756738922806024 0.0346071720123291
1662756738982877254 0.03465414047241211
1662756739043866872 0.03448295593261719
1662756739103890180 0.03459906578063965
1662756739164893627 0.03487515449523926
1662756739224997282 0.03466534614562988
1662756739286633491 0.034769296646118164
1662756739347531795 0.035054922103881836
1662756739408541679 0.03469085693359375
1662756739468567609 0.03478837013244629
1662756739529806852 0.0349273681640625
1662756739589826107 0.03472328186035156
1662756739650885343 0.03473305702209473
1662756739711589574 0.0349879264831543
1662756739772820949 0.035257816314697266
1662756739833077192 0.03465700149536133
1662756739893993616 0.03481745719909668
1662756739954694986 0.03489422798156738
1662756740016697168 0.03480887413024902
1662756740077574968 0.03471636772155762
1662756740138581991 0.03471541404724121
1662756740198797941 0.03470420837402344
1662756740259888172 0.03481626510620117
1662756740320106744 0.034653663635253906
1662756740381444692 0.034864187240600586
1662756740441862821 0.0345308780670166
1662756740503663301 0.03437018394470215
1662756740563864946 0.03474736213684082
1662756740624881267 0.03469705581665039
1662756740685775279 0.034352779388427734
1662756740746845006 0.03444862365722656
1662756740807723760 0.034636497497558594
1662756740870729923 0.034422874450683594
1662756740930320978 0.03434491157531738
1662756740990402221 0.034353017807006836
1662756741050492525 0.0344548225402832
1662756741110414028 0.03444671630859375
1662756741169978141 0.03438544273376465
1662756741229665517 0.03432631492614746
1662756741289484024 0.03479886054992676
1662756741349529027 0.034806013107299805
1662756741409476518 0.034571170806884766
1662756741469571113 0.034531593322753906
1662756741529390811 0.035597801208496094
1662756741588829994 0.034813642501831055
1662756741648892641 0.03568267822265625
1662756741708908081 0.034212350845336914
1662756741768869876 0.03458714485168457
1662756741828615903 0.03523397445678711
1662756741888657569 0.03467297554016113
1662756741948419809 0.03469419479370117
1662756742008006095 0.03458142280578613
1662756742067833423 0.034500837326049805
1662756742127640485 0.034296512603759766
1662756742187670707 0.034322500228881836
1662756742247521638 0.03470921516418457
1662756742308340072 0.0348811149597168
1662756742368855953 0.03495311737060547
1662756742428632020 0.03481173515319824
1662756742489547729 0.03457140922546387
1662756742549743413 0.03491091728210449
1662756742610531806 0.03439450263977051
1662756742670498609 0.03439617156982422
1662756742731142044 0.034583091735839844
1662756742791596651 0.034094810485839844
1662756742852006435 0.03422880172729492
1662756742912954807 0.034391164779663086
1662756742973126649 0.03496146202087402
1662756743034614801 0.03487706184387207
1662756743094604969 0.03440594673156738
1662756743155795812 0.034482479095458984
1662756743215816736 0.034276723861694336
1662756743277396678 0.03449106216430664
1662756743337784528 0.03430962562561035
1662756743398787021 0.034357309341430664
1662756743458914518 0.03409719467163086
1662756743519999980 0.03373217582702637
1662756743579956054 0.03439474105834961
1662756743641018867 0.03388571739196777
1662756743701676607 0.03425025939941406
1662756743763528347 0.03416109085083008
1662756743824492216 0.034296274185180664
1662756743885684013 0.034503936767578125
1662756743945808649 0.03456854820251465
1662756744007553100 0.03434014320373535
1662756744067841768 0.03454852104187012
1662756744129719495 0.03460979461669922
1662756744189904928 0.03459787368774414
1662756744251285076 0.03455471992492676
1662756744311796903 0.03433656692504883
1662756744373939037 0.03438711166381836
1662756744434151411 0.03442740440368652
1662756744495788574 0.034515380859375
1662756744556004285 0.034349918365478516
1662756744617516994 0.03455018997192383
1662756744677788972 0.03455185890197754
1662756744738859891 0.034668922424316406
1662756744799721479 0.03482174873352051
1662756744860769271 0.03440260887145996
1662756744921027660 0.0341029167175293
1662756744982297420 0.034536123275756836
1662756745042569637 0.034219980239868164
1662756745103755712 0.03417706489562988
1662756745163781404 0.03456306457519531
1662756745224719047 0.03443145751953125
1662756745284706354 0.03463315963745117
1662756745345807790 0.03444409370422363
1662756745405983448 0.03430914878845215
1662756745467425823 0.0342106819152832
1662756745527528762 0.03427529335021973
1662756745588526964 0.03395247459411621
1662756745649356365 0.03401994705200195
1662756745710447549 0.034081459045410156
1662756745770526647 0.034105539321899414
1662756745831312417 0.03457522392272949
1662756745891822338 0.034252166748046875
1662756745953578233 0.03461313247680664
1662756746013717651 0.034291744232177734
1662756746075374126 0.0341188907623291
1662756746135821580 0.03452038764953613
1662756746197505474 0.034307241439819336
1662756746258106708 0.03472304344177246
1662756746319909334 0.034635066986083984
1662756746380581617 0.034676551818847656
1662756746441781759 0.03447723388671875
1662756746502135515 0.03493928909301758
1662756746563722610 0.03480720520019531
1662756746623987913 0.0349583625793457
1662756746685565710 0.034336090087890625
1662756746745894432 0.03394365310668945
1662756746807448863 0.03392291069030762
1662756746868129014 0.0337069034576416
1662756746929774761 0.03367257118225098
1662756746990800380 0.03385019302368164
1662756747052060842 0.03388357162475586
1662756747112702369 0.03379511833190918
1662756747174260854 0.03464651107788086
1662756747234901189 0.0341336727142334
1662756747296869516 0.03402376174926758
1662756747357459306 0.03419899940490723
1662756747419219970 0.03417325019836426
1662756747480229377 0.03437447547912598
1662756747541746854 0.034229278564453125
1662756747602165460 0.03454756736755371
1662756747663772821 0.034278154373168945
1662756747724212408 0.0345001220703125
1662756747785775899 0.03464984893798828
1662756747846434593 0.03417181968688965
1662756747907978057 0.034621238708496094
1662756747968947410 0.03436160087585449
1662756748030620098 0.03399324417114258
1662756748091844081 0.03423166275024414
1662756748153935432 0.034604549407958984
1662756748214778661 0.03463292121887207
1662756748278235673 0.03474688529968262
1662756748338397741 0.03460431098937988
1662756748398906707 0.03500819206237793
1662756748459213018 0.03475642204284668
1662756748519381761 0.034645795822143555
1662756748579802274 0.03460860252380371
1662756748639942646 0.03477668762207031
1662756748699916601 0.03452467918395996
1662756748760912418 0.034612178802490234
1662756748821008682 0.0345761775970459
1662756748881644487 0.034850358963012695
1662756748941797733 0.03499937057495117
1662756749001868724 0.03411221504211426
1662756749061912536 0.034537315368652344
1662756749122046470 0.034626007080078125
1662756749182591915 0.03405046463012695
1662756749242788791 0.03452634811401367
1662756749302617073 0.03433966636657715
1662756749362159252 0.0344395637512207
1662756749421941518 0.0346684455871582
1662756749481816768 0.03460860252380371
1662756749541824340 0.03449845314025879
1662756749601686716 0.035265445709228516
1662756749661557197 0.034966468811035156
1662756749723120689 0.03490138053894043
1662756749782643556 0.034876108169555664
1662756749842610597 0.03534650802612305
1662756749902901411 0.0345616340637207
1662756749962947607 0.03473830223083496
1662756750023546934 0.03456997871398926
1662756750083578824 0.03426504135131836
1662756750144233465 0.034746646881103516
1662756750204768180 0.03472733497619629
1662756750264980316 0.03475689888000488
1662756750326399803 0.0347447395324707
1662756750386415719 0.03445124626159668
1662756750447466611 0.03456258773803711
1662756750507774829 0.03481030464172363
1662756750569346904 0.03486800193786621
1662756750629784107 0.03479504585266113
1662756750691209793 0.03484225273132324
1662756750751545429 0.03460812568664551
1662756750812852621 0.034815073013305664
1662756750873057603 0.03490495681762695
1662756750934290409 0.034882307052612305
1662756750994481325 0.034590959548950195
1662756751055546283 0.03477835655212402
1662756751115740776 0.03455090522766113
1662756751176844358 0.03469395637512207
1662756751237384796 0.034507036209106445
1662756751298321247 0.03439450263977051
1662756751358611106 0.03445696830749512
1662756751419651269 0.03438878059387207
1662756751479866266 0.034337759017944336
1662756751541225433 0.03450727462768555
1662756751601395606 0.03456282615661621
1662756751662647724 0.034544944763183594
1662756751722756385 0.03470277786254883
1662756751783730745 0.03448319435119629
1662756751843966722 0.03466010093688965
1662756751905429363 0.03443431854248047
1662756751965669155 0.034537315368652344
1662756752027417421 0.03472781181335449
1662756752087757587 0.034731388092041016
1662756752148808956 0.03461790084838867
1662756752208979606 0.03449201583862305
1662756752270075798 0.03456830978393555
1662756752330509662 0.0347139835357666
1662756752392341852 0.034699201583862305
1662756752452366352 0.034607887268066406
1662756752513467311 0.03456854820251465
1662756752573606252 0.03439903259277344
1662756752634549856 0.03435707092285156
1662756752694690704 0.03436708450317383
1662756752755560398 0.034537315368652344
1662756752815636873 0.034533023834228516
1662756752876690626 0.034522294998168945
1662756752936810493 0.03446769714355469
1662756752997847318 0.03433060646057129
1662756753058457851 0.03441190719604492
1662756753119522094 0.03461027145385742
1662756753180528402 0.03459906578063965
1662756753241565942 0.03479480743408203
1662756753301457405 0.035094261169433594
1662756753362619161 0.034650564193725586
1662756753422820568 0.03450584411621094
1662756753484319448 0.0346524715423584
1662756753544660568 0.03510093688964844
1662756753606354951 0.0351407527923584
1662756753666385412 0.0344548225402832
1662756753727693796 0.034525394439697266
1662756753788306474 0.03449678421020508
1662756753849460840 0.03457927703857422
1662756753909810066 0.034449100494384766
1662756753970952033 0.03449726104736328
1662756754031558036 0.03433060646057129
1662756754092591524 0.03451895713806152
1662756754153290748 0.03430771827697754
1662756754214721202 0.03439164161682129
1662756754274758577 0.03465771675109863
1662756754335995674 0.034470319747924805
1662756754396607398 0.034476280212402344
1662756754457622051 0.0345606803894043
1662756754518883943 0.03516364097595215
1662756754580307483 0.035771846771240234
1662756754640530586 0.03565025329589844
1662756754701592206 0.03507423400878906
1662756754761805295 0.034647464752197266
1662756754822741270 0.034737586975097656
1662756754882819890 0.03465843200683594
1662756754943844318 0.03450512886047363
1662756755003727674 0.03477144241333008
1662756755064702749 0.03453230857849121
1662756755125443696 0.0345301628112793
1662756755186363935 0.034464120864868164
1662756755246653795 0.03448295593261719
1662756755307503700 0.03503990173339844
1662756755367630958 0.03458404541015625
1662756755429688930 0.03459453582763672
1662756755490528583 0.03463602066040039
1662756755552244901 0.034811973571777344
1662756755612850666 0.03516435623168945
1662756755674459218 0.03472614288330078
1662756755734355449 0.034577131271362305
1662756755795599699 0.03484821319580078
1662756755856448411 0.03446698188781738
1662756755919762372 0.03440976142883301
1662756755979499101 0.03444194793701172
1662756756039412975 0.03442788124084473
1662756756099428176 0.03464245796203613
1662756756159294128 0.03451657295227051
1662756756219024419 0.03477334976196289
1662756756279116630 0.03479599952697754
1662756756339073181 0.03479480743408203
1662756756399025678 0.03505086898803711
1662756756458906650 0.03459048271179199
1662756756519336938 0.03463029861450195
1662756756579598903 0.03503084182739258
1662756756639633417 0.03524136543273926
1662756756699705362 0.0349431037902832
1662756756759572505 0.03496408462524414
1662756756819458723 0.0351099967956543
1662756756879278898 0.034765005111694336
1662756756938971996 0.035056114196777344
1662756756998632907 0.03542041778564453
1662756757058156967 0.03484225273132324
1662756757118130207 0.0346524715423584
1662756757177647590 0.03509354591369629
1662756757237074613 0.03528094291687012
1662756757297256946 0.035224199295043945
1662756757357952117 0.0349884033203125
1662756757418065071 0.03475189208984375
1662756757477622270 0.03447747230529785
1662756757538004636 0.03473091125488281
1662756757597887277 0.03451085090637207
1662756757658139228 0.03470563888549805
1662756757718557357 0.03494763374328613
1662756757778944730 0.03461408615112305
1662756757840146064 0.03428840637207031
1662756757900381803 0.03453540802001953
1662756757962048530 0.03421282768249512
1662756758022321462 0.034471750259399414
1662756758083355665 0.034778594970703125
1662756758143315792 0.034534454345703125
1662756758204341411 0.03484487533569336
1662756758264392137 0.034641265869140625
1662756758325295448 0.0343785285949707
1662756758385467052 0.03450608253479004
1662756758446524620 0.03432798385620117
1662756758506525039 0.034346580505371094
1662756758567701816 0.03426957130432129
1662756758627742290 0.03437018394470215
1662756758689205646 0.03397059440612793
1662756758749731540 0.03413128852844238
1662756758810901641 0.03442049026489258
1662756758871449232 0.03390145301818848
1662756758933334112 0.03414344787597656
1662756758993397712 0.03429055213928223
1662756759054236650 0.03458380699157715
1662756759114468812 0.03452920913696289
1662756759176157474 0.03470969200134277
1662756759236477375 0.03487062454223633
1662756759297600746 0.03461647033691406
1662756759357657909 0.034496307373046875
1662756759418676376 0.03415656089782715
1662756759478711605 0.034555673599243164
1662756759540306329 0.03457236289978027
1662756759600756406 0.034560203552246094
1662756759662449121 0.03457236289978027
1662756759722666501 0.03430032730102539
1662756759784573554 0.03442716598510742
1662756759845545291 0.034595489501953125
1662756759906831026 0.03463912010192871
1662756759967577695 0.03458094596862793
1662756760028613567 0.0349733829498291
1662756760088631629 0.034677743911743164
1662756760150249481 0.034685611724853516
1662756760210382223 0.03430294990539551
1662756760271379709 0.03446221351623535
1662756760331568717 0.034528493881225586
1662756760392425775 0.03457307815551758
1662756760452468156 0.03469276428222656
1662756760514095783 0.034438133239746094
1662756760573966503 0.0344548225402832
1662756760635435342 0.034470558166503906
1662756760695158243 0.034665584564208984
1662756760755885839 0.03441786766052246
1662756760816290140 0.03432631492614746
1662756760877058744 0.03432464599609375
1662756760936992168 0.03442668914794922
1662756760998095273 0.034464120864868164
1662756761058171510 0.034270286560058594
1662756761119025707 0.03421735763549805
1662756761179107427 0.03458857536315918
1662756761240248203 0.03457522392272949
1662756761300367355 0.03454899787902832
1662756761360978364 0.03464174270629883
1662756761421302080 0.034374237060546875
1662756761482285976 0.03449106216430664
1662756761542509555 0.03477644920349121
1662756761603404283 0.03441262245178223
1662756761663374185 0.034479379653930664
1662756761724115371 0.034403324127197266
1662756761784297466 0.03447866439819336
1662756761845236063 0.03455471992492676
1662756761905289411 0.03457164764404297
1662756761966254234 0.034543752670288086
1662756762026178598 0.034696102142333984
1662756762087128162 0.03478431701660156
1662756762146919012 0.03487539291381836
1662756762207664012 0.034494876861572266
1662756762268254041 0.03436923027038574
1662756762329108953 0.03451085090637207
1662756762389182567 0.03459930419921875
1662756762450304031 0.03455829620361328
1662756762510935783 0.0345609188079834
1662756762572168111 0.03467273712158203
1662756762632470846 0.034803152084350586
1662756762694025039 0.034656524658203125
1662756762754223585 0.03501439094543457
1662756762815197467 0.03515505790710449
1662756762875345468 0.03495526313781738
1662756762936331748 0.03506302833557129
1662756762996001482 0.03531146049499512
1662756763056953668 0.03501272201538086
1662756763117060422 0.0349116325378418
1662756763178096532 0.03516125679016113
1662756763238333463 0.03534817695617676
1662756763299791812 0.03564119338989258
1662756763360136032 0.035654306411743164
1662756763421462059 0.035659074783325195
1662756763481372356 0.03573298454284668
1662756763542885541 0.035741329193115234
1662756763606262683 0.03546142578125
1662756763666473388 0.035816192626953125
1662756763726248264 0.03561091423034668
1662756763786224126 0.0351107120513916
1662756763846129179 0.03565549850463867
1662756763905528545 0.035237789154052734
1662756763965006589 0.03502631187438965
1662756764024380922 0.03492903709411621
1662756764084069728 0.03539633750915527
1662756764144173145 0.03510713577270508
1662756764203929424 0.03505444526672363
1662756764263934135 0.03476524353027344
1662756764323364019 0.035228729248046875
1662756764382910728 0.03481292724609375
1662756764442113876 0.03484153747558594
1662756764501984834 0.03496050834655762
1662756764561925172 0.03460216522216797
1662756764622121810 0.03458714485168457
1662756764681662559 0.03444480895996094
1662756764741541147 0.0345609188079834
1662756764801130771 0.03469133377075195
1662756764860985994 0.03435945510864258
1662756764920664787 0.034973859786987305
