using cuda:0 device.
15087
1662756607708128929 0.044977664947509766
1662756607771602392 0.04072093963623047
1662756607832240819 0.04033350944519043
1662756607892265558 0.03991222381591797
1662756607952742338 0.03383350372314453
1662756608012966871 0.033950090408325195
1662756608073418378 0.034131765365600586
1662756608133595705 0.03430891036987305
1662756608194144010 0.03417205810546875
1662756608254571914 0.03390097618103027
1662756608314662218 0.03397941589355469
1662756608375047922 0.03406381607055664
1662756608435597896 0.03403353691101074
1662756608495934724 0.034101009368896484
1662756608555703878 0.034334421157836914
1662756608615698337 0.03427267074584961
1662756608675928354 0.034303903579711914
1662756608736373424 0.03416275978088379
1662756608796874761 0.03420090675354004
1662756608857762575 0.034018754959106445
1662756608917626380 0.03384804725646973
1662756608978020429 0.03391909599304199
1662756609038758993 0.03416800498962402
1662756609099322319 0.034021615982055664
1662756609160014390 0.03387928009033203
1662756609220139026 0.03401017189025879
1662756609280318737 0.03392386436462402
1662756609340706825 0.034043073654174805
1662756609400753259 0.03406262397766113
1662756609461046457 0.03410935401916504
1662756609521807193 0.03418612480163574
1662756609582337617 0.034079790115356445
1662756609642571687 0.03399920463562012
1662756609702693939 0.03440666198730469
1662756609763057231 0.03450727462768555
1662756609823096036 0.034267425537109375
1662756609883176565 0.03415656089782715
1662756609943136930 0.03447771072387695
1662756610003655433 0.03415060043334961
1662756610063674688 0.03418111801147461
1662756610123598814 0.03425788879394531
1662756610183821916 0.034044742584228516
1662756610243974208 0.03431582450866699
1662756610304326772 0.03418111801147461
1662756610364892482 0.033976078033447266
1662756610425528764 0.03398299217224121
1662756610485334157 0.034060001373291016
1662756610545835971 0.03440427780151367
1662756610605796098 0.03435492515563965
1662756610665914535 0.034137725830078125
1662756610725777149 0.03414487838745117
1662756610785641908 0.03412795066833496
1662756610845952510 0.03450155258178711
1662756610906018495 0.03422069549560547
1662756610966113567 0.03440070152282715
1662756611026068925 0.034085988998413086
1662756611086010456 0.03410935401916504
1662756611146205663 0.03400158882141113
1662756611206527233 0.034043073654174805
1662756611266834020 0.033773183822631836
1662756611326766729 0.033776283264160156
1662756611386541366 0.03409266471862793
1662756611446781873 0.03376269340515137
1662756611506695270 0.0341486930847168
1662756611566868782 0.03392362594604492
1662756611626743555 0.03396344184875488
1662756611686894893 0.03397560119628906
1662756611747106313 0.034235239028930664
1662756611807498931 0.03445172309875488
1662756611867721319 0.03417539596557617
1662756611927536725 0.03407740592956543
1662756611987778663 0.03385663032531738
1662756612048027753 0.03396892547607422
1662756612108609199 0.03401350975036621
1662756612168921709 0.0340728759765625
1662756612228881597 0.03409743309020996
1662756612288731813 0.034182071685791016
1662756612349181413 0.03395390510559082
1662756612409604787 0.03432035446166992
1662756612470008850 0.03469681739807129
1662756612530803918 0.03410053253173828
1662756612590769052 0.0342097282409668
1662756612650764226 0.034157752990722656
1662756612710732460 0.034728288650512695
1662756612770774126 0.03425478935241699
1662756612830918550 0.034126996994018555
1662756612890847206 0.03401803970336914
1662756612951231718 0.03406023979187012
1662756613011678934 0.03407406806945801
1662756613072573184 0.034162044525146484
1662756613134078025 0.03423714637756348
1662756613193748235 0.034131526947021484
1662756613253669977 0.03401327133178711
1662756613313825845 0.0340733528137207
1662756613373262882 0.033930063247680664
1662756613433854103 0.033670663833618164
1662756613493494272 0.03378868103027344
1662756613553874731 0.03399038314819336
1662756613613993167 0.03396248817443848
1662756613673974752 0.03407621383666992
1662756613734143018 0.03411269187927246
1662756613794528484 0.034271955490112305
1662756613854251861 0.034214019775390625
1662756613914110422 0.034020423889160156
1662756613973707437 0.03375649452209473
1662756614033925771 0.033608436584472656
1662756614093690872 0.03371071815490723
1662756614154342412 0.03389692306518555
1662756614214128017 0.0341184139251709
1662756614273795127 0.03425288200378418
1662756614333882331 0.034116268157958984
1662756614393630504 0.034044742584228516
1662756614453361988 0.0337984561920166
1662756614513477802 0.03365159034729004
1662756614574025869 0.03369545936584473
1662756614634187698 0.033837318420410156
1662756614694759845 0.033557891845703125
1662756614755098104 0.033416032791137695
1662756614815237522 0.03374814987182617
1662756614874619722 0.03380990028381348
1662756614934907197 0.03360605239868164
1662756614995707988 0.03370857238769531
1662756615055691480 0.03363966941833496
1662756615116003513 0.033817291259765625
1662756615176422595 0.033917903900146484
1662756615236907005 0.03377223014831543
1662756615298592805 0.034029245376586914
1662756615358903646 0.03392434120178223
1662756615420523405 0.03414344787597656
1662756615480839967 0.034058570861816406
1662756615542375326 0.03414130210876465
1662756615602989196 0.034088850021362305
1662756615664275407 0.03417634963989258
1662756615724353790 0.03417563438415527
1662756615785852909 0.034403324127197266
1662756615846061706 0.034097909927368164
1662756615907170057 0.03409385681152344
1662756615967844963 0.0340275764465332
1662756616028806924 0.03397989273071289
1662756616088808536 0.03417253494262695
1662756616150038957 0.03403353691101074
1662756616210578918 0.0340878963470459
1662756616271904230 0.03410458564758301
1662756616332597494 0.03435373306274414
1662756616393730640 0.034247636795043945
1662756616454440116 0.03449845314025879
1662756616515558481 0.03456568717956543
1662756616575905799 0.03446340560913086
1662756616637037515 0.03430604934692383
1662756616697032928 0.034332275390625
1662756616757976770 0.03434014320373535
1662756616818790435 0.03447151184082031
1662756616879853963 0.034212589263916016
1662756616940371990 0.03425765037536621
1662756617001660346 0.034311532974243164
1662756617061855316 0.03421187400817871
1662756617123377323 0.0343782901763916
1662756617183686494 0.034612417221069336
1662756617244793891 0.03463888168334961
1662756617305166959 0.03456521034240723
1662756617366624116 0.03454184532165527
1662756617427433490 0.03432273864746094
1662756617488458395 0.03441357612609863
1662756617548837900 0.03467512130737305
1662756617610524415 0.034461259841918945
1662756617671076536 0.03428936004638672
1662756617732349395 0.03427267074584961
1662756617792569398 0.03457951545715332
1662756617853672266 0.034575700759887695
1662756617914433479 0.03435945510864258
1662756617975687742 0.03440284729003906
1662756618036136388 0.03438115119934082
1662756618097421646 0.03452920913696289
1662756618157869577 0.03451251983642578
1662756618219014883 0.03461861610412598
1662756618279528856 0.03442025184631348
1662756618340819358 0.034421443939208984
1662756618401668787 0.03489065170288086
1662756618462913274 0.034302711486816406
1662756618523033618 0.034523963928222656
1662756618584785223 0.034630537033081055
1662756618645035266 0.03469491004943848
1662756618706754922 0.034481048583984375
1662756618766978740 0.03491377830505371
1662756618828031063 0.034955501556396484
1662756618889055252 0.034247636795043945
1662756618950659036 0.03461623191833496
1662756619011512279 0.03447389602661133
1662756619072973966 0.03424811363220215
1662756619133091211 0.03426194190979004
1662756619194487571 0.03437995910644531
1662756619255090713 0.03431391716003418
1662756619316618204 0.0344235897064209
1662756619377705574 0.03424501419067383
1662756619438939809 0.03442788124084473
1662756619499582529 0.034281253814697266
1662756619560876846 0.034333229064941406
1662756619622092247 0.03426361083984375
1662756619683894634 0.034240007400512695
1662756619744132041 0.03429818153381348
1662756619806255817 0.03422069549560547
1662756619866759777 0.03430914878845215
1662756619929550647 0.03429698944091797
1662756619990304470 0.03422236442565918
1662756620050510406 0.03428792953491211
1662756620110284090 0.0344548225402832
1662756620170751810 0.034236907958984375
1662756620230298519 0.03443598747253418
1662756620289936065 0.03403830528259277
1662756620349776029 0.034685373306274414
1662756620409217596 0.03431558609008789
1662756620469359874 0.03431844711303711
1662756620528549194 0.03421664237976074
1662756620588870048 0.03475046157836914
1662756620648566007 0.03423810005187988
1662756620708881378 0.034313201904296875
1662756620768451213 0.03389573097229004
1662756620828609466 0.033995628356933594
1662756620888889551 0.03463268280029297
1662756620948484897 0.03402566909790039
1662756621008300781 0.03422212600708008
1662756621068500280 0.03462982177734375
1662756621128510475 0.03454995155334473
1662756621188516378 0.03401827812194824
1662756621248728752 0.03496670722961426
1662756621309653759 0.034534454345703125
1662756621370561122 0.03480052947998047
1662756621430539608 0.03490257263183594
1662756621490567445 0.03444218635559082
1662756621550639867 0.034182071685791016
1662756621610808610 0.03444051742553711
1662756621670813322 0.03428792953491211
1662756621731283426 0.034139156341552734
1662756621791883468 0.0341489315032959
1662756621852554798 0.03414130210876465
1662756621912576198 0.033978939056396484
1662756621973030090 0.034220218658447266
1662756622033266782 0.03456687927246094
1662756622093591451 0.03460073471069336
1662756622154576301 0.0341036319732666
1662756622214504241 0.03453469276428223
1662756622274570226 0.03375434875488281
1662756622334622144 0.03405332565307617
1662756622394832849 0.03389692306518555
1662756622455665588 0.03380298614501953
1662756622515661001 0.03379321098327637
1662756622575950622 0.033373117446899414
1662756622636598348 0.03387904167175293
1662756622696626663 0.0334620475769043
1662756622757128715 0.03360390663146973
1662756622817579984 0.03369712829589844
1662756622877983093 0.0337679386138916
1662756622938195705 0.03403496742248535
1662756622998627662 0.03401970863342285
1662756623058845520 0.03409910202026367
1662756623119488716 0.03402519226074219
1662756623179560422 0.03418374061584473
1662756623239651679 0.03410053253173828
1662756623300340890 0.03406977653503418
1662756623360624551 0.03404355049133301
1662756623420519113 0.03412747383117676
1662756623481395959 0.034020185470581055
1662756623541532516 0.03400468826293945
1662756623601697683 0.03458833694458008
1662756623661980152 0.03384852409362793
1662756623722653627 0.033949851989746094
1662756623782597780 0.034111976623535156
1662756623843052625 0.0340580940246582
1662756623903115034 0.03380441665649414
1662756623962973833 0.033570051193237305
1662756624023509263 0.03403949737548828
1662756624083454370 0.03394651412963867
1662756624143712997 0.03341078758239746
1662756624203608512 0.03385138511657715
1662756624263544082 0.03395414352416992
1662756624323734760 0.03423595428466797
1662756624384340047 0.03416633605957031
1662756624444837331 0.034049034118652344
1662756624505598306 0.03388667106628418
1662756624565809726 0.034345149993896484
1662756624626056194 0.033823251724243164
1662756624686471462 0.033759117126464844
1662756624746848344 0.033777713775634766
1662756624807037591 0.03383922576904297
1662756624867217063 0.03432059288024902
1662756624928275823 0.03411555290222168
1662756624988563060 0.03426504135131836
1662756625049557924 0.03448057174682617
1662756625109786272 0.03405594825744629
1662756625169662237 0.034448862075805664
1662756625229935407 0.03390860557556152
1662756625290580511 0.034165382385253906
1662756625350711584 0.03430676460266113
1662756625411303520 0.034737586975097656
1662756625471567869 0.03464508056640625
1662756625531780242 0.034510135650634766
1662756625592164754 0.0345454216003418
1662756625652165412 0.03463912010192871
1662756625712581872 0.03411984443664551
1662756625773507118 0.034146785736083984
1662756625833702564 0.03386950492858887
1662756625894328594 0.03365588188171387
1662756625954931497 0.033792972564697266
1662756626015278816 0.033966779708862305
1662756626076013326 0.034027099609375
1662756626136649847 0.03392505645751953
1662756626197893381 0.03452014923095703
1662756626258907556 0.03432631492614746
1662756626319837331 0.03437185287475586
1662756626381036281 0.033887624740600586
1662756626442011356 0.034392356872558594
1662756626502890586 0.03432106971740723
1662756626563303232 0.03457283973693848
1662756626623734712 0.03485584259033203
1662756626683871269 0.034282684326171875
1662756626744779109 0.03406667709350586
1662756626805735588 0.03446173667907715
1662756626866252899 0.03449535369873047
1662756626927209377 0.03432035446166992
1662756626987715482 0.034450531005859375
1662756627048807382 0.03386950492858887
1662756627109311342 0.03394508361816406
1662756627169689416 0.03470969200134277
1662756627230674743 0.0339655876159668
1662756627293815851 0.034287214279174805
1662756627353906393 0.03433966636657715
1662756627414214611 0.03474831581115723
1662756627474195480 0.03438830375671387
1662756627533973932 0.03447985649108887
1662756627594012975 0.03443121910095215
1662756627654422044 0.034444332122802734
1662756627714560031 0.03444409370422363
1662756627774640321 0.034838199615478516
1662756627834525585 0.0344538688659668
1662756627894697904 0.03460431098937988
1662756627954653739 0.03483390808105469
1662756628014552116 0.03397345542907715
1662756628074235439 0.03445744514465332
1662756628133838176 0.034140586853027344
1662756628193678379 0.033919334411621094
1662756628253455638 0.03463292121887207
1662756628313436746 0.03430008888244629
1662756628373376369 0.03437948226928711
1662756628432976722 0.034285545349121094
1662756628492778301 0.034227848052978516
1662756628552551746 0.03440499305725098
1662756628612586498 0.03464651107788086
1662756628673059940 0.03471207618713379
1662756628732825040 0.034539222717285156
1662756628792430877 0.03457522392272949
1662756628852559089 0.03466176986694336
1662756628912890195 0.03395199775695801
1662756628973335266 0.03430962562561035
1662756629033601284 0.0337522029876709
1662756629093604564 0.033791542053222656
1662756629153460502 0.03411149978637695
1662756629213518381 0.033692359924316406
1662756629273498535 0.03412675857543945
1662756629333507061 0.03388667106628418
1662756629393670082 0.03375554084777832
1662756629453596591 0.034195661544799805
1662756629513945817 0.0340268611907959
1662756629574070930 0.034522294998168945
1662756629634062290 0.03422117233276367
1662756629694325208 0.03411245346069336
1662756629754464149 0.03425931930541992
1662756629814763069 0.03405499458312988
1662756629875015258 0.03417706489562988
1662756629934921979 0.0343325138092041
1662756629995595693 0.034166812896728516
1662756630055514335 0.0343015193939209
1662756630115594387 0.03439450263977051
1662756630175625324 0.03464007377624512
1662756630236153602 0.03433585166931152
1662756630296638011 0.03423571586608887
1662756630357495307 0.0343778133392334
1662756630417449712 0.034040212631225586
1662756630477567672 0.034243106842041016
1662756630538184881 0.034128427505493164
1662756630598733425 0.03417658805847168
1662756630658660411 0.034063100814819336
1662756630718626499 0.034212350845336914
1662756630778808116 0.0339205265045166
1662756630839287996 0.03421521186828613
1662756630899564981 0.03395819664001465
1662756630960437059 0.03421926498413086
1662756631020602703 0.0342555046081543
1662756631080812454 0.03428506851196289
1662756631140646457 0.0342864990234375
1662756631200965642 0.03374648094177246
1662756631261215448 0.033806800842285156
1662756631321254491 0.034006595611572266
1662756631381535291 0.03373360633850098
1662756631441307067 0.03374743461608887
1662756631501441478 0.03366208076477051
1662756631561648130 0.03373980522155762
1662756631622164964 0.033826589584350586
1662756631682508468 0.033876657485961914
1662756631742417097 0.03423929214477539
1662756631802586317 0.03411436080932617
1662756631863558292 0.03413105010986328
1662756631923424482 0.03423023223876953
1662756631983728647 0.03404092788696289
1662756632043577909 0.03423285484313965
1662756632103405475 0.03427624702453613
1662756632163454294 0.034646034240722656
1662756632223372697 0.03462028503417969
1662756632283520698 0.03528571128845215
1662756632343514680 0.03448820114135742
1662756632403394460 0.03461122512817383
1662756632463698625 0.03470802307128906
1662756632523695468 0.03500986099243164
1662756632583757638 0.034942626953125
1662756632643738985 0.034242868423461914
1662756632703663825 0.034278154373168945
1662756632764499187 0.0342252254486084
1662756632824935197 0.03445863723754883
1662756632885469913 0.03468132019042969
1662756632946209907 0.03432893753051758
1662756633006265878 0.03431391716003418
1662756633066497564 0.03427004814147949
1662756633127182483 0.0345158576965332
1662756633186988592 0.03426623344421387
1662756633247373342 0.03457307815551758
1662756633307395219 0.034512996673583984
1662756633367704153 0.03434014320373535
1662756633428278207 0.03465914726257324
1662756633488451004 0.035446882247924805
1662756633548969984 0.03626132011413574
1662756633609148263 0.03531479835510254
1662756633669394493 0.03449106216430664
1662756633729536294 0.03424811363220215
1662756633789542675 0.03454160690307617
1662756633849703788 0.03451037406921387
1662756633910256624 0.03438901901245117
1662756633970578908 0.034549713134765625
1662756634030619621 0.03453207015991211
1662756634091376543 0.03421926498413086
1662756634151587486 0.03434276580810547
1662756634212359428 0.03426194190979004
1662756634272650718 0.034664154052734375
1662756634333065271 0.03472614288330078
1662756634393503665 0.034632205963134766
1662756634453802585 0.03480219841003418
1662756634514844179 0.03509879112243652
1662756634575206041 0.035100460052490234
1662756634635762691 0.03457069396972656
1662756634696305513 0.034316301345825195
1662756634756736040 0.03452348709106445
1662756634817941665 0.03436613082885742
1662756634881680965 0.0344085693359375
1662756634942457675 0.03453636169433594
1662756635002929449 0.034454345703125
1662756635062695980 0.034919023513793945
1662756635122792720 0.03504204750061035
1662756635183062076 0.035355329513549805
1662756635242992401 0.0349276065826416
1662756635303965091 0.03457903861999512
1662756635364222526 0.03486371040344238
1662756635424775600 0.03442096710205078
1662756635484940528 0.03431868553161621
1662756635544595003 0.03464484214782715
1662756635604757070 0.034882545471191406
1662756635664649963 0.03456711769104004
1662756635724402189 0.03418421745300293
1662756635784734964 0.0343172550201416
1662756635844613552 0.03402137756347656
1662756635904770612 0.0341799259185791
1662756635965211629 0.03447294235229492
1662756636025111436 0.034105777740478516
1662756636085249185 0.03387331962585449
1662756636145238161 0.034172773361206055
1662756636205361366 0.0346677303314209
1662756636265861749 0.0347442626953125
1662756636325330972 0.03472757339477539
1662756636385421514 0.03446459770202637
1662756636445395708 0.034291744232177734
1662756636505546331 0.03464102745056152
1662756636565628767 0.03435230255126953
1662756636626182794 0.034926652908325195
1662756636686524152 0.03522157669067383
1662756636747039318 0.034759521484375
1662756636807201385 0.03441953659057617
1662756636867333412 0.034468889236450195
1662756636927190065 0.03415226936340332
1662756636987501144 0.03437376022338867
1662756637047305822 0.034570932388305664
1662756637107080698 0.034323930740356445
1662756637167307615 0.03476977348327637
1662756637227113485 0.034538984298706055
1662756637287387132 0.03409457206726074
1662756637347287654 0.034035444259643555
1662756637407160282 0.0339055061340332
1662756637467421531 0.033896446228027344
1662756637527526617 0.033941030502319336
1662756637587692260 0.03408169746398926
1662756637647661685 0.03370499610900879
1662756637707684516 0.03409743309020996
1662756637768086671 0.03414177894592285
1662756637828055858 0.03400921821594238
1662756637888195276 0.03413128852844238
1662756637948304414 0.03408527374267578
1662756638008000373 0.03432440757751465
1662756638068080663 0.034328460693359375
1662756638128004074 0.0342714786529541
1662756638188198328 0.03447747230529785
1662756638248268365 0.034317970275878906
1662756638308296680 0.03417229652404785
1662756638368473529 0.03398394584655762
1662756638428435087 0.03411984443664551
1662756638489387035 0.03452777862548828
1662756638549491643 0.03426527976989746
1662756638609540462 0.03427410125732422
1662756638670490264 0.03402376174926758
1662756638730900049 0.03431534767150879
1662756638791476964 0.03406333923339844
1662756638852445363 0.034258127212524414
1662756638912499427 0.034195899963378906
1662756638972745180 0.03424525260925293
1662756639033355712 0.03422212600708008
1662756639093519687 0.03425002098083496
1662756639153760910 0.03427457809448242
1662756639214203596 0.034314870834350586
1662756639274586439 0.03416848182678223
1662756639334964990 0.03432798385620117
1662756639394811630 0.03426837921142578
1662756639455055475 0.03408002853393555
1662756639514902353 0.03430008888244629
1662756639574910640 0.0342097282409668
1662756639634856700 0.03432583808898926
1662756639694769382 0.034247636795043945
1662756639755285978 0.034256935119628906
1662756639815168142 0.03408241271972656
1662756639875078201 0.03441166877746582
1662756639935273408 0.034575700759887695
1662756639995187282 0.03456926345825195
1662756640055116891 0.03448319435119629
1662756640114759206 0.03489422798156738
1662756640174976348 0.03493857383728027
1662756640235074758 0.03487896919250488
1662756640294755935 0.03475046157836914
1662756640355074644 0.034545183181762695
1662756640414994716 0.03472566604614258
1662756640474986314 0.034743309020996094
1662756640534956216 0.034500837326049805
1662756640595113039 0.03417015075683594
1662756640655294895 0.03423953056335449
1662756640715139150 0.034513235092163086
1662756640775275468 0.034488677978515625
1662756640834937572 0.03438234329223633
1662756640895032644 0.03439068794250488
1662756640955357789 0.034770965576171875
1662756641015177726 0.03452420234680176
1662756641075109958 0.034395694732666016
1662756641135102748 0.03475832939147949
1662756641194824457 0.0343015193939209
1662756641255024433 0.034605979919433594
1662756641314864158 0.03479170799255371
1662756641374689579 0.034757375717163086
1662756641434852600 0.03457784652709961
1662756641494928836 0.034697771072387695
1662756641554905414 0.0345308780670166
1662756641615048170 0.03472495079040527
1662756641675129413 0.03484034538269043
1662756641734925985 0.03482985496520996
1662756641794843673 0.03458809852600098
1662756641854883432 0.034787654876708984
1662756641914986848 0.03500199317932129
1662756641974735260 0.03453636169433594
1662756642034965991 0.03454184532165527
1662756642094636440 0.0345001220703125
1662756642154420137 0.03493666648864746
1662756642214186429 0.035076141357421875
1662756642274205684 0.03505301475524902
1662756642334101200 0.0351872444152832
1662756642394258975 0.03510093688964844
1662756642455029249 0.03520846366882324
1662756642518062829 0.035329580307006836
1662756642577963829 0.03531813621520996
1662756642637744665 0.03553318977355957
1662756642697201490 0.03496050834655762
1662756642757382869 0.03534126281738281
1662756642817054986 0.03475046157836914
1662756642877083063 0.03462672233581543
1662756642936903238 0.03455209732055664
1662756642996872425 0.03527641296386719
1662756643056530952 0.034876346588134766
1662756643116033792 0.034929752349853516
1662756643175381660 0.03440046310424805
1662756643235021114 0.03487586975097656
1662756643294482946 0.0346217155456543
1662756643353859186 0.03439211845397949
1662756643413191795 0.03421521186828613
1662756643473358631 0.034549713134765625
1662756643532841920 0.03446650505065918
1662756643593205928 0.03418469429016113
1662756643653157472 0.034319162368774414
1662756643712742328 0.034265995025634766
1662756643772502899 0.03408551216125488
1662756643832174062 0.033934831619262695
