10.14041901
0.2801418304
0.2598762512
0.335931778
0.2574920654
0.3793239594
0.40102005
0.3118515015
0.2648830414
0.271320343
0.3287792206
0.2822875977
0.274181366
0.4022121429
0.2703666687
0.3747940063
0.3657341003
8.732795715
8.640050888
8.317947388
8.464574814
0.4043579102
8.389234543
0.3967285156
0.3502368927
0.381231308
0.4901885986
22.31621742
8.4233284
15.53583145
35.60352325
28.66983414
15.37251472
15.46216011
15.32649994
23.99086952
35.53462029
30.37619591
28.70178223
28.69558334
22.61185646
22.31693268
22.74084091
29.46209908
29.3238163
28.93638611
28.9311409
29.14857864
36.27467155
28.81669998
42.18864441
36.96870804
42.11258888
41.98479652
28.97262573
28.75781059
22.57323265
21.99244499
15.22397995
15.33484459
28.85508537
22.16744423
15.98668098
15.41280746
22.04799652
28.46169472
28.5782814
36.26132011
35.50171852
35.41326523
41.83936119
28.49817276
28.4318924
28.54824066
28.75733376
21.96741104
41.82243347
35.31050682
35.22968292
29.2570591
31.69727325
29.28090096
29.06537056
42.33717918
37.11056709
28.79714966
42.7069664
72.86930084
49.46494102
49.2606163
49.13520813
55.78875542
63.2083416
58.12311172
55.92036247
75.76298714
74.92089272
68.38941574
83.61387253
82.24606514
68.39108467
65.13690948
68.52865219
62.55030632
61.57517433
75.63447952
69.9942112
68.80426407
68.7725544
68.90583038
69.33450699
62.40558624
76.48873329
88.83547783
75.36816597
82.24606514
82.22794533
76.58696175
75.14238358
87.63337135
80.87778091
94.08402443
95.61777115
94.80595589
61.44356728
73.86231422
95.03436089
88.65237236
74.26595688
89.61820602
81.54320717
88.95254135
81.88700676
75.95992088
96.52781487
88.61374855
87.35918999
64.69106674
62.12830544
49.00932312
62.81995773
56.2980175
42.09303856
35.68983078
35.34793854
50.21810532
35.39466858
55.79423904
48.96831512
42.03605652
42.43278503
41.98431969
43.20502281
41.84961319
42.48332977
35.31885147
35.53318977
35.6836319
28.60355377
41.90731049
48.78640175
42.16432571
42.03891754
42.11091995
35.52556038
41.77689552
35.65096855
35.05110741
42.2770977
35.03799438
41.71037674
56.73003197
61.92278862
54.94189262
41.78404808
62.05940247
55.99379539
55.39798737
55.85241318
54.92115021
42.69433022
55.89199066
55.39941788
42.17123985
48.27880859
47.93739319
48.43497276
48.47502708
41.53060913
41.90158844
41.62979126
61.29932404
61.87367439
54.82888222
54.87990379
61.29384041
48.35629463
54.90875244
41.73064232
48.59638214
41.45121574
55.24396896
34.96861458
61.43498421
73.58050346
56.62536621
41.65911674
34.76834297
36.21983528
28.51581573
41.83578491
42.21343994
42.43969917
41.81456566
48.48742485
48.25520515
48.75063896
41.78452492
55.00888824
48.11382294
41.3403511
48.08354378
34.82580185
34.89613533
22.35817909
21.58689499
21.91329002
21.8372345
22.16315269
22.50528336
15.27476311
21.82936668
21.65102959
21.5036869
21.62837982
22.50790596
21.67987823
22.17531204
21.82435989
21.92354202
21.94261551
21.52919769
21.80194855
21.75784111
21.69942856
22.0208168
22.48907089
21.99435234
28.50365639
28.35631371
22.81022072
15.18702507
15.15412331
15.09141922
15.20228386
15.16270638
14.89949226
14.88208771
15.18106461
8.097410202
8.002519608
8.141756058
8.033752441
8.162498474
8.384943008
8.306264877
8.046627045
8.137226105
8.116960526
7.998228073
8.057117462
8.021831512
8.301734924
0.2868175507
0.2737045288
0.2708435059
0.2784729004
0.3044605255
0.2748966217
0.2658367157
0.2694129944
0.275850296
0.2603530884
0.2634525299
0.271320343
0.2846717834
0.2844333649
0.2682209015
0.2863407135
0.2698898315
0.2737045288
0.2834796906
0.26512146
0.26679039
0.2737045288
0.3912448883
0.2820491791
0.271320343
0.2689361572
0.2715587616
0.2670288086
0.2846717834
0.4210472107
0.3087520599
0.422000885
8.731365204
0.289440155
0.2970695496
0.3590583801
0.2665519714
0.3135204315
0.4365444183
9.072303772
8.573532104
8.325576782
16.29304886
15.23399353
15.55967331
8.921861649
21.98457718
8.044958115
15.00988007
8.210659027
17.12965965
14.95814323
14.90330696
8.178949356
8.057117462
15.56372643
14.98556137
15.68174362
14.97459412
8.398294449
0.461101532
8.050441742
0.4470348358
0.4968643188
0.378370285
0.4181861877
15.46573639
15.10286331
15.07663727
14.94884491
15.00153542
8.172750473
9.093046188
8.109331131
8.309364319
15.02895355
8.157014847
8.157968521
8.182764053
8.15486908
8.1615448
8.409738541
8.211374283
15.64478874
0.3614425659
15.7585144
15.15483856
8.243322372
15.62023163
16.3257122
15.00630379
15.03038406
15.0001049
15.19322395
23.39863777
28.39279175
28.37491035
15.04039764
28.55086327
34.59191322
34.76500511
28.67245674
35.02130508
28.2599926
42.56725311
34.98005867
28.29241753
37.91856766
28.46550941
35.4385376
29.91986275
34.96980667
41.22138023
41.7778492
35.3872776
48.20394516
28.35893631
28.3870697
28.58805656
28.20467949
41.26834869
28.80477905
34.71779823
28.30433846
28.59711647
35.0792408
41.02730751
34.72661972
34.70921516
35.22109985
28.46693993
41.58711433
35.72750092
35.33935547
41.74876213
41.54372215
35.7336998
41.53060913
42.04344749
34.81626511
41.59069061
41.67509079
34.80482101
36.2329483
34.95526314
44.15011406
28.25117111
42.14453697
41.67938232
35.22253036
48.37179184
28.43904495
34.94858742
35.50672531
28.19657326
28.56016159
28.49197388
28.39803696
21.51727676
21.75831795
21.60811424
21.50392532
14.93883133
15.10167122
14.88494873
15.17987251
21.73089981
21.72684669
21.58689499
21.73447609
23.53215218
28.42187881
34.80195999
48.77233505
28.25951576
41.81599617
28.54156494
35.23182869
34.5954895
28.8643837
34.99627113
50.47273636
40.91882706
35.69054604
34.88755226
35.02964973
35.1126194
41.51344299
34.81078148
34.92116928
41.482687
41.39852524
35.73870659
71.59304619
54.35585976
48.26426506
48.37703705
34.67178345
41.74637794
43.60985756
41.62549973
34.59954262
41.55397415
42.50073433
34.90781784
34.6724987
34.84129906
34.86871719
34.87968445
41.98002815
35.10260582
28.11598778
35.3012085
28.13744545
36.5152359
28.15437317
28.23853493
28.94663811
28.22089195
28.28192711
28.4705162
29.65378761
28.72824669
35.04776955
35.11166573
36.49616241
28.42593193
28.44190598
31.17990494
28.53178978
29.36959267
28.2292366
28.73945236
28.8143158
28.57470512
28.33557129
28.53131294
28.38659286
28.59210968
28.56683731
21.83127403
21.8834877
15.09284973
22.02701569
28.45597267
28.46455574
21.59190178
22.72582054
21.71134949
22.22514153
21.8129158
22.01461792
28.23591232
21.82102203
15.28382301
21.95167542
21.92807198
21.78788185
22.82190323
21.95239067
21.69322968
21.80409431
21.43669128
21.93903923
21.63362503
21.85940742
27.97079086
28.2804966
28.43809128
29.6895504
28.96404266
34.54184532
28.51605415
21.7628479
28.46598625
28.40971947
35.09831429
34.78264809
21.4548111
21.63290977
21.59023285
21.80552483
21.70753479
21.55137062
28.26595306
21.49438858
21.96002007
34.84535217
28.97620201
35.50004959
21.8873024
28.39946747
28.03874016
21.61979675
21.98982239
21.88920975
29.41608429
21.70228958
21.6627121
15.65980911
21.69585228
21.93427086
15.15698433
21.66748047
21.51632309
21.80409431
28.05662155
28.28931808
28.58138084
34.85274315
28.04350853
28.17082405
22.05204964
21.9578743
21.81124687
28.45788002
34.54995155
42.6735878
41.27836227
34.7032547
28.20372581
28.99074554
29.56724167
28.27429771
28.08070183
28.51510048
28.47981453