25
12
7
8
1
8
10
0
7
1
3
12
14
34
14
8
15
16
34
46
12
9
13
13
8
15
30
101
85
83
103
102
64
88
65
86
87
74
99
122
80
64
98
104
83
95
99
83
54
59
87
83
90
71
70
63
69
60
42
69
67
60
61
67
76
82
80
105
90
101
98
94
90
105
98
99
109
115
100
117
116
168
113
121
130
133
177
218
166
224
234
241
182
186
195
290
267
228
299
258
274
235
214
264
255
191
197
187
201
229
252
241
215
218
216
277
278
255
249
213
305
258
293
277
264
218
206
239
206
289
252
276
254
255
328
336
269
153
165
126
190
193
151
126
155
132
153
135
108
118
114
111
134
117
109
113
141
162
147
126
169
154
133
127
150
165
144
139
125
142
193
187
203
166
165
178
164
135
135
118
130
130
144
128
114
116
118
111
133
102
110
144
131
155
135
134
133
143
129
122
124
149
137
204
166
117
86
86
85
65
117
106
115
87
121
99
105
95
90
75
101
90
93
79
52
37
38
42
31
25
25
34
57
36
39
38
38
47
42
48
39
41
35
42
44
41
43
41
58
57
46
42
39
51
46
48
44
17
47
33
31
28
26
18
22
21
22
21
20
19
19
23
25
10
7
6
4
2
3
9
2
4
5
4
4
6
5
6
9
5
4
6
6
5
6
6
4
4
6
6
9
10
14
7
9
14
12
7
9
4
10
16
12
17
17
33
36
40
21
32
28
31
31
32
42
29
22
31
43
46
54
53
107
34
60
20
22
15
31
59
109
64
103
80
26
33
44
42
40
34
38
39
31
43
52
33
44
12
28
36
20
51
33
33
50
42
68
83
82
106
58
37
66
66
82
67
102
108
88
85
74
61
77
99
131
105
96
123
70
49
42
46
56
68
53
65
43
47
75
76
65
84
75
75
101
96
99
93
117
90
101
105
102
114
99
93
95
108
91
64
70
74
82
74
84
90
65
57
58
65
56
68
60
56
45
49
62
65
67
90
74
69
103
131
140
148
158
111
101
138
129
147
138
148
169
126
141
129
170
128
123
124
215
163
163
192
160
192
148
169
157
214
205
164
154
179
181
147
124
106
96
129
99
114
83
74
65
82
83
69
63
65
65
60
57
56
85
77
63
55
31
54
50
39
42
34
37
23
25
27
23
34
29
63
31
25
39
60
52
63
57
39
31
34
38
47
44
28
44
33
33
37
36
34
46
50
42
40
53
65
50
37
44
61
49
49
48
55
50
62
52
72
49
59
50
49
51
39
47
59
88
91
76
59
34
49
51
48
44
56
47
56
57
42
43
39
54
61
60
71
75
76
65
56
67
53
52
70
79
84
106
91
88
87
78
79
69
76
73
70