using cuda:0 device.
30157
1662934186052956819 0.09079098701477051
1662934186098840236 0.051485300064086914
1662934186166168928 0.05182385444641113
1662934186223194122 0.05396294593811035
1662934186279801368 0.050469160079956055
1662934186336663007 0.0447998046875
1662934186382890939 0.03434491157531738
1662934186429725646 0.04231715202331543
1662934186474063158 0.04181981086730957
1662934186518909454 0.04201078414916992
1662934186562583923 0.042549848556518555
1662934186606411933 0.03715181350708008
1662934186650298118 0.04419660568237305
1662934186694256305 0.045258283615112305
1662934186738690376 0.0366368293762207
1662934186782497644 0.05457139015197754
1662934186826212406 0.044866323471069336
1662934186870387792 0.04606485366821289
1662934186916013717 0.04674410820007324
1662934186962410211 0.045874595642089844
1662934187009577989 0.04629158973693848
1662934187057532072 0.034613609313964844
1662934187102499485 0.05100822448730469
1662934187146854639 0.044057607650756836
1662934187194065093 0.05200314521789551
1662934187246982812 0.044783592224121094
1662934187293349027 0.05120515823364258
1662934187347372055 0.0428464412689209
1662934187394941806 0.04486656188964844
1662934187441097259 0.05093812942504883
1662934187491875171 0.04608154296875
1662934187536230802 0.04289412498474121
1662934187580945491 0.037405967712402344
1662934187625717163 0.04128074645996094
1662934187672785520 0.04285073280334473
1662934187718740940 0.04489636421203613
1662934187762812376 0.034308671951293945
1662934187807015657 0.04228568077087402
1662934187850727796 0.04251861572265625
1662934187894924402 0.04499650001525879
1662934187938611268 0.03465104103088379
1662934187983006000 0.0419156551361084
1662934188026751279 0.0463559627532959
1662934188071535348 0.034079790115356445
1662934188115501642 0.0419764518737793
1662934188159126996 0.042536258697509766
1662934188202738761 0.046465158462524414
1662934188247306585 0.04533958435058594
1662934188291513442 0.03546500205993652
1662934188335276365 0.0429837703704834
1662934188378980398 0.04289412498474121
1662934188422697067 0.04501700401306152
1662934188466949224 0.03487253189086914
1662934188510685205 0.04288673400878906
1662934188554276943 0.042020320892333984
1662934188598033428 0.04192948341369629
1662934188641699790 0.04560256004333496
1662934188685976982 0.047275543212890625
1662934188730394363 0.046341896057128906
1662934188774171352 0.043228864669799805
1662934188820153236 0.045606374740600586
1662934188864656925 0.045252323150634766
1662934188909028291 0.04513430595397949
1662934188953310012 0.043115854263305664
1662934188997618198 0.04358053207397461
1662934189042035102 0.03530740737915039
1662934189086488008 0.042113542556762695
1662934189132466793 0.04069185256958008
1662934189176500082 0.04927992820739746
1662934189220412731 0.045537471771240234
1662934189264851093 0.04389142990112305
1662934189309268236 0.042089223861694336
1662934189353737115 0.03479766845703125
1662934189398171186 0.043555498123168945
1662934189442250013 0.03418278694152832
1662934189486947059 0.042034149169921875
1662934189530931711 0.05098605155944824
1662934189574533224 0.04976654052734375
1662934189624498128 0.04491162300109863
1662934189668853521 0.05302309989929199
1662934189722198963 0.04232478141784668
1662934189769775152 0.04528331756591797
1662934189814301490 0.04325699806213379
1662934189859700679 0.034629106521606445
1662934189906559228 0.04317951202392578
1662934189950438737 0.04289579391479492
1662934189995642900 0.04601001739501953
1662934190039685726 0.04154801368713379
1662934190084608793 0.037749528884887695
1662934190128658771 0.042635202407836914
1662934190172878026 0.04267168045043945
1662934190217637300 0.041013240814208984
1662934190261467218 0.03764510154724121
1662934190305051803 0.04294443130493164
1662934190348692178 0.04253077507019043
1662934190393193960 0.044551849365234375
1662934190437352180 0.04574131965637207
1662934190481896162 0.04395794868469238
1662934190527008056 0.03487896919250488
1662934190571310997 0.041333675384521484
1662934190615092992 0.043318986892700195
1662934190659260272 0.03415036201477051
1662934190703890800 0.042617082595825195
1662934190747712850 0.04489445686340332
1662934190791833639 0.03442096710205078
1662934190835494518 0.04268074035644531
1662934190879238605 0.03397679328918457
1662934190922560214 0.045603275299072266
1662934190966962099 0.03448820114135742
1662934191010742187 0.04384565353393555
1662934191054121732 0.034310340881347656
1662934191098848581 0.04149317741394043
1662934191142529249 0.04076027870178223
1662934191186571598 0.03696727752685547
1662934191230514526 0.034195661544799805
1662934191274812698 0.037438154220581055
1662934191319059133 0.03653669357299805
1662934191362775325 0.04119086265563965
1662934191406634569 0.03435778617858887
1662934191450548410 0.04215812683105469
1662934191494355440 0.03411149978637695
1662934191538948059 0.03436136245727539
1662934191582651138 0.04214763641357422
1662934191626392364 0.03411269187927246
1662934191669776201 0.04245305061340332
1662934191713758468 0.03421926498413086
1662934191757239341 0.03432822227478027
1662934191800750494 0.04379916191101074
1662934191844659090 0.0346674919128418
1662934191888347148 0.03470778465270996
1662934191932382822 0.03495454788208008
1662934191975944519 0.04286956787109375
1662934192019561767 0.03408670425415039
1662934192063083887 0.034201860427856445
1662934192106647014 0.03483891487121582
1662934192151493787 0.03804636001586914
1662934192195391893 0.034386396408081055
1662934192238785028 0.04233193397521973
1662934192282964944 0.03660011291503906
1662934192326656103 0.03433394432067871
1662934192370898723 0.03435969352722168
1662934192414208412 0.042777299880981445
1662934192457879304 0.0344088077545166
1662934192501476049 0.034905195236206055
1662934192545747518 0.042334556579589844
1662934192589396238 0.03414130210876465
1662934192633312463 0.0344998836517334
1662934192677744865 0.040932416915893555
1662934192722545385 0.045140981674194336
1662934192766033411 0.03448653221130371
1662934192809128046 0.04243159294128418
1662934192853129386 0.03464460372924805
1662934192896867752 0.04303765296936035
1662934192940644502 0.04269266128540039
1662934192983971834 0.0428614616394043
1662934193027489185 0.034427642822265625
1662934193072108030 0.03876662254333496
1662934193116022586 0.0440976619720459
1662934193159783601 0.046966552734375
1662934193204449176 0.043325185775756836
1662934193248206853 0.0532221794128418
1662934193292906522 0.04402732849121094
1662934193336811542 0.04158425331115723
1662934193380807876 0.04558610916137695
1662934193424379587 0.046930789947509766
1662934193468489885 0.04350614547729492
1662934193514305591 0.03825974464416504
1662934193558465242 0.04104876518249512
1662934193602492332 0.042833566665649414
1662934193647965192 0.043344974517822266
1662934193692759513 0.046636104583740234
1662934193736720085 0.046038150787353516
1662934193780847311 0.03449296951293945
1662934193825067281 0.04315686225891113
1662934193869155645 0.04628443717956543
1662934193913008689 0.03507518768310547
1662934193958290576 0.04199647903442383
1662934194002000093 0.04319477081298828
1662934194045523405 0.043274641036987305
1662934194090413570 0.034961700439453125
1662934194133856773 0.0410304069519043
1662934194178089618 0.04338359832763672
1662934194221884012 0.04439568519592285
1662934194266495943 0.03484964370727539
1662934194310514926 0.043424129486083984
1662934194354337692 0.041989803314208984
1662934194399326801 0.03835654258728027
1662934194443755626 0.04396367073059082
1662934194488370656 0.04165077209472656
1662934194533101797 0.043036699295043945
1662934194577430963 0.036771297454833984
1662934194621636629 0.045676231384277344
1662934194665215730 0.0346989631652832
1662934194709311246 0.035407304763793945
1662934194754466056 0.03832578659057617
1662934194813322305 0.04251384735107422
1662934194856791496 0.03431820869445801
1662934194900140285 0.043547868728637695
1662934194943465471 0.034830570220947266
1662934194986918210 0.04447531700134277
1662934195030329227 0.034551143646240234
1662934195073534011 0.041077375411987305
1662934195117474794 0.03809022903442383
1662934195160795211 0.03456687927246094
1662934195204636573 0.0373990535736084
1662934195248569250 0.04629063606262207
1662934195292159080 0.034453392028808594
1662934195335373401 0.04377126693725586
1662934195378489017 0.034537315368652344
1662934195421697378 0.0426182746887207
1662934195465375900 0.03468966484069824
1662934195508544445 0.043256282806396484
1662934195551837205 0.04613089561462402
1662934195595502376 0.04650092124938965
1662934195639317274 0.034903764724731445
1662934195682780265 0.04492974281311035
1662934195726224899 0.03396272659301758
1662934195769456863 0.04462146759033203
1662934195812874794 0.03481149673461914
1662934195856702089 0.041419267654418945
1662934195900207042 0.0423436164855957
1662934195944145441 0.03934478759765625
1662934195988293170 0.04097938537597656
1662934196031632661 0.03427577018737793
1662934196074746370 0.04229569435119629
1662934196118497371 0.034559011459350586
1662934196161870002 0.04368758201599121
1662934196205669879 0.03493666648864746
1662934196249453783 0.04596662521362305
1662934196293297290 0.03465390205383301
1662934196337055683 0.034706830978393555
1662934196381150960 0.04102635383605957
1662934196424623250 0.045047760009765625
1662934196468746662 0.03455495834350586
1662934196513421058 0.04070901870727539
1662934196556968688 0.042092323303222656
1662934196600749015 0.04437541961669922
1662934196644554138 0.03477644920349121
1662934196689007043 0.04052376747131348
1662934196732844352 0.04290604591369629
1662934196776613235 0.04394888877868652
1662934196821061372 0.034535884857177734
1662934196865644693 0.03910088539123535
1662934196909626483 0.042859554290771484
1662934196953919172 0.0425722599029541
1662934196997956037 0.03508925437927246
1662934197041499614 0.04451560974121094
1662934197085425138 0.03465747833251953
1662934197129171371 0.040656328201293945
1662934197173450469 0.04309439659118652
1662934197217262506 0.03430461883544922
1662934197261793136 0.0385289192199707
1662934197305869579 0.04342198371887207
1662934197349534988 0.03448820114135742
1662934197393300294 0.042452335357666016
1662934197437121629 0.043215274810791016
1662934197480451583 0.04248690605163574
1662934197525235176 0.037337303161621094
1662934197569988965 0.0393986701965332
1662934197614314794 0.04253029823303223
1662934197658211231 0.04283642768859863
1662934197701513767 0.04335761070251465
1662934197745886325 0.04221963882446289
1662934197790289878 0.03667044639587402
1662934197845865726 0.045519351959228516
1662934197889993190 0.0345311164855957
1662934197945524454 0.03636026382446289
1662934198001260995 0.03530573844909668
1662934198056878328 0.04211878776550293
1662934198101110458 0.04134416580200195
1662934198145444869 0.042516231536865234
1662934198189822196 0.03757810592651367
1662934198234939098 0.03912043571472168
1662934198279680252 0.04131174087524414
1662934198324371814 0.03976035118103027
1662934198368229389 0.040772438049316406
1662934198412610769 0.04297614097595215
1662934198456787109 0.04317283630371094
1662934198500536918 0.041146039962768555
1662934198544243574 0.04381513595581055
1662934198587924480 0.04545283317565918
1662934198633317708 0.04497790336608887
1662934198678201913 0.04466891288757324
1662934198722978115 0.04246211051940918
1662934198767653703 0.042617082595825195
1662934198812126159 0.037671804428100586
1662934198856266736 0.04293179512023926
1662934198899900197 0.04333829879760742
1662934198943772315 0.04193472862243652
1662934198987536668 0.04327583312988281
1662934199031387805 0.04374551773071289
1662934199075695037 0.045603036880493164
1662934199120771408 0.04644131660461426
1662934199165815830 0.042853593826293945
1662934199210710287 0.050832271575927734
1662934199254956960 0.04301595687866211
1662934199311426162 0.035347700119018555
1662934199355641365 0.040552377700805664
1662934199400339126 0.042321205139160156
1662934199444169521 0.04210519790649414
1662934199488006591 0.042406558990478516
1662934199531910657 0.042481422424316406
1662934199575818300 0.04290199279785156
1662934199619863033 0.043985843658447266
1662934199664231061 0.03916454315185547
1662934199709301948 0.036603450775146484
1662934199755168914 0.03872275352478027
1662934199799926519 0.04124164581298828
1662934199844660282 0.04195237159729004
1662934199888899564 0.04296231269836426
1662934199933006048 0.0410771369934082
1662934199977645158 0.03944206237792969
1662934200022296905 0.03751230239868164
1662934200067252397 0.040941476821899414
1662934200111346006 0.042366743087768555
1662934200155650854 0.04323887825012207
1662934200199694633 0.042952775955200195
1662934200245965480 0.039742231369018555
1662934200290718317 0.0381011962890625
1662934200334569454 0.04282736778259277
1662934200378179788 0.04209423065185547
1662934200421888351 0.042835235595703125
1662934200465382337 0.03976082801818848
1662934200509762287 0.03841066360473633
1662934200554362535 0.040735483169555664
1662934200598171949 0.04251241683959961
1662934200641840696 0.04324483871459961
1662934200685466051 0.042833566665649414
1662934200729029178 0.04322957992553711
1662934200772675275 0.04461503028869629
1662934200816938161 0.038407087326049805
1662934200861449241 0.039426326751708984
1662934200905098915 0.04300189018249512
1662934200948622703 0.043060302734375
1662934200992606401 0.03598737716674805
1662934201036798000 0.041274309158325195
1662934201080514669 0.042447805404663086
1662934201123953819 0.04402899742126465
1662934201167784452 0.03446006774902344
1662934201211236238 0.04166388511657715
1662934201254549026 0.04215598106384277
1662934201298001050 0.042777061462402344
1662934201341311693 0.0432896614074707
1662934201384552478 0.043996334075927734
1662934201428347587 0.035271644592285156
1662934201471702814 0.04304051399230957
1662934201515036344 0.03469538688659668
1662934201558293819 0.04296612739562988
1662934201602204561 0.04281926155090332
1662934201646107912 0.04505610466003418
1662934201689656972 0.04233098030090332
1662934201733942031 0.03760719299316406
1662934201777895927 0.04277920722961426
1662934201821892023 0.04203939437866211
1662934201865825653 0.04279136657714844
1662934201909614086 0.04459023475646973
1662934201953768491 0.04344797134399414
1662934201997957706 0.04309701919555664
1662934202042090177 0.04315972328186035
1662934202087037324 0.03681755065917969
1662934202130923032 0.04340243339538574
1662934202174775123 0.042610883712768555
1662934202218531847 0.04376840591430664
1662934202262346982 0.04289984703063965
1662934202306196212 0.042600154876708984
1662934202350779533 0.04373741149902344
1662934202395658254 0.044110774993896484
1662934202440507888 0.04540610313415527
1662934202485470294 0.04554176330566406
1662934202530450582 0.03486299514770508
1662934202574215173 0.04209542274475098
1662934202618189096 0.04283428192138672
1662934202661863327 0.04389810562133789
1662934202705554723 0.04566669464111328
1662934202749743938 0.03973579406738281
1662934202794149398 0.038220882415771484
1662934202837990999 0.04273343086242676
1662934202882165193 0.04271888732910156
1662934202926110982 0.043697357177734375
1662934202969532489 0.03498125076293945
1662934203014216899 0.040284156799316406
1662934203058146238 0.04249286651611328
1662934203101640462 0.04453015327453613
1662934203145913600 0.03964114189147949
1662934203190497636 0.03821730613708496
1662934203234408855 0.042510986328125
1662934203278762102 0.03461956977844238
1662934203323963642 0.038797855377197266
1662934203367958784 0.035080909729003906
1662934203412732124 0.03830862045288086
1662934203456542253 0.04324603080749512
1662934203500294685 0.03466391563415527
1662934203543271064 0.04207921028137207
1662934203587373495 0.037688493728637695
1662934203631169319 0.043267250061035156
1662934203674808502 0.034233808517456055
1662934203719196557 0.04121279716491699
1662934203763055801 0.03462862968444824
1662934203807504892 0.04122161865234375
1662934203851570844 0.04359722137451172
1662934203895545959 0.03483438491821289
1662934203940462827 0.038848161697387695
1662934203984517097 0.04303336143493652
1662934204028276920 0.0453488826751709
1662934204072004318 0.03541254997253418
1662934204116245269 0.039652347564697266
1662934204160442590 0.04238009452819824
1662934204204575300 0.04471755027770996
1662934204248218774 0.04400277137756348
1662934204291713237 0.04627561569213867
1662934204336218118 0.034574270248413086
1662934204379370212 0.04353046417236328
1662934204423247337 0.04646754264831543
1662934204466620445 0.03455305099487305
1662934204510565042 0.04311990737915039
1662934204554810285 0.043508052825927734
1662934204598345041 0.03460836410522461
1662934204642417192 0.04038429260253906
1662934204686472892 0.04270815849304199
1662934204729962825 0.04615974426269531
1662934204774081468 0.03474545478820801
1662934204817288875 0.04387927055358887
1662934204861285209 0.04091620445251465
1662934204905007600 0.03779482841491699
1662934204948976993 0.04294228553771973
1662934204992669582 0.043253183364868164
1662934205035938978 0.03462076187133789
1662934205081181526 0.04063725471496582
1662934205125579833 0.044649600982666016
1662934205169634580 0.04619598388671875
1662934205213679313 0.03489851951599121
1662934205257509708 0.043561458587646484
1662934205301382064 0.043767690658569336
1662934205344676494 0.04564547538757324
1662934205388936281 0.03565788269042969
1662934205433342933 0.04084587097167969
1662934205477742910 0.04229140281677246
1662934205521777391 0.040517568588256836
1662934205566055536 0.03789877891540527
1662934205610248565 0.04500627517700195
1662934205654465198 0.03531765937805176
1662934205698444366 0.04323244094848633
1662934205742172718 0.0346980094909668
1662934205789271116 0.04056048393249512
1662934205833517551 0.04478883743286133
1662934205877545118 0.036626338958740234
1662934205920975446 0.04300117492675781
1662934205964355468 0.044470787048339844
1662934206008240222 0.03610062599182129
1662934206051630020 0.042153358459472656
1662934206095442533 0.043749332427978516
1662934206139039039 0.04272007942199707
1662934206182635307 0.04252910614013672
1662934206226205348 0.043213844299316406
1662934206269853353 0.043271541595458984
1662934206313547849 0.04316067695617676
1662934206357136964 0.042471885681152344
1662934206401027917 0.04376387596130371
1662934206445315837 0.044644832611083984
1662934206489617347 0.04388713836669922
1662934206534241676 0.034943580627441406
1662934206578071355 0.04394173622131348
1662934206621707439 0.046174049377441406
1662934206666197299 0.035154104232788086
1662934206709836244 0.04279899597167969
1662934206753049850 0.046339988708496094
1662934206796963930 0.03438401222229004
1662934206840089559 0.04374408721923828
1662934206883153200 0.043668508529663086
1662934206926831245 0.046415090560913086
1662934206971193075 0.045560359954833984
1662934207015697717 0.043407440185546875
1662934207060146331 0.03608369827270508
1662934207103551626 0.04268598556518555
1662934207146817684 0.0430142879486084
1662934207190023899 0.04739975929260254
1662934207234436035 0.03445744514465332
1662934207278922557 0.04435586929321289
1662934207322906255 0.03467392921447754
1662934207367030858 0.043443918228149414
1662934207410895586 0.035254478454589844
1662934207454775571 0.04352569580078125
1662934207499168872 0.045006752014160156
1662934207543314933 0.03530287742614746
1662934207587025403 0.04441642761230469
1662934207630631923 0.034722089767456055
1662934207674783468 0.04311227798461914
1662934207718399763 0.041822195053100586
1662934207762846708 0.03844475746154785
1662934207806739568 0.043344736099243164
1662934207851211786 0.036379098892211914
1662934207894695758 0.04411053657531738
1662934207938779115 0.03445744514465332
1662934207982612848 0.04411149024963379
1662934208026875019 0.03505229949951172
1662934208071851491 0.03992891311645508
1662934208115782737 0.04338836669921875
1662934208159435033 0.034787893295288086
1662934208204125642 0.03793168067932129
1662934208248541355 0.04293465614318848
1662934208292849302 0.03575396537780762
1662934208336725473 0.04394865036010742
1662934208380241870 0.034477949142456055
1662934208423882484 0.03480720520019531
1662934208468593835 0.03887677192687988
1662934208512041330 0.04288458824157715
1662934208556233882 0.037699222564697266
1662934208600540161 0.04530024528503418
1662934208644375801 0.034543752670288086
1662934208687738656 0.04464387893676758
1662934208731758594 0.03436589241027832
1662934208775388956 0.03508710861206055
1662934208819460153 0.04332232475280762
1662934208862890720 0.034420013427734375
1662934208906069040 0.04390692710876465
1662934208950523853 0.03464221954345703
1662934208994926929 0.04297327995300293
1662934209038482904 0.03443098068237305
1662934209083446979 0.039402008056640625
1662934209127387762 0.044384002685546875
1662934209170848608 0.04271984100341797
1662934209214958667 0.035318613052368164
1662934209258734941 0.04306149482727051
1662934209302804231 0.034531593322753906
1662934209346627473 0.04317760467529297
1662934209390285253 0.042098283767700195
1662934209433976173 0.03728508949279785
1662934209477433681 0.04286479949951172
1662934209520840883 0.04249858856201172
1662934209564680099 0.04249882698059082
1662934209608117103 0.03522157669067383
1662934209652562379 0.03928685188293457
1662934209696318387 0.04317188262939453
1662934209740054368 0.0344395637512207
1662934209783710718 0.04265189170837402
1662934209827090024 0.03520822525024414
1662934209871564388 0.03917956352233887
1662934209915220975 0.04480862617492676
1662934209958721876 0.0355229377746582
1662934210002580881 0.04076671600341797
1662934210046079397 0.04635453224182129
1662934210090122461 0.03466320037841797
1662934210133428812 0.04351615905761719
1662934210177431821 0.034837961196899414
1662934210220455884 0.043669939041137695
1662934210264583826 0.03487348556518555
1662934210307471990 0.0446012020111084
1662934210351300001 0.03594493865966797
1662934210395572662 0.040277957916259766
1662934210439364910 0.04395937919616699
1662934210482831716 0.03500676155090332
1662934210527235984 0.040326833724975586
1662934210571021556 0.043973684310913086
1662934210614620923 0.0436091423034668
1662934210658113956 0.04146313667297363
1662934210702976703 0.037003278732299805
1662934210746616601 0.04273796081542969
1662934210790808677 0.0435023307800293
1662934210834259510 0.043721675872802734
1662934210878063917 0.04385256767272949
1662934210921223163 0.04349517822265625
1662934210965343952 0.04361248016357422
1662934211008872270 0.035935163497924805
1662934211052361726 0.043727874755859375
1662934211095782518 0.0352780818939209
1662934211139641284 0.043836116790771484
1662934211183500051 0.0434718132019043
1662934211227761745 0.037535905838012695
1662934211272041559 0.042107343673706055
1662934211315488338 0.04337644577026367
1662934211358591079 0.04334902763366699
1662934211401649951 0.04431653022766113
1662934211444950342 0.046273231506347656
1662934211488672018 0.04208970069885254
1662934211531964778 0.03949904441833496
1662934211575206756 0.04684329032897949
1662934211619338989 0.03582334518432617
1662934211662506580 0.04693484306335449
1662934211707613229 0.04425835609436035
1662934211751139640 0.03671097755432129
1662934211794934511 0.04532909393310547
1662934211838980197 0.035337209701538086
1662934211882193088 0.042888641357421875
1662934211926046609 0.038585662841796875
1662934211969313859 0.03544902801513672
1662934212013280153 0.041875600814819336
1662934212057015657 0.044612884521484375
1662934212100229024 0.042110443115234375
1662934212144463777 0.04354214668273926
1662934212188683032 0.039475440979003906
1662934212231925249 0.044378042221069336
1662934212274830818 0.04273676872253418
1662934212318185567 0.044934749603271484
1662934212361896514 0.03482985496520996
1662934212405108451 0.04317903518676758
1662934212448336124 0.04273629188537598
1662934212491639375 0.04027295112609863
1662934212536591768 0.03757309913635254
1662934212580036640 0.041832923889160156
1662934212623525142 0.042646169662475586
