using cuda:0 device.
28661
1662933948926782131 0.06540608406066895
1662933948972675561 0.0524904727935791
1662933949017290830 0.04732084274291992
1662933949061683893 0.03546953201293945
1662933949106135368 0.04381442070007324
1662933949151592254 0.0443270206451416
1662933949199094295 0.044046878814697266
1662933949242430686 0.04387784004211426
1662933949285913705 0.03724813461303711
1662933949329587697 0.058153390884399414
1662933949374252080 0.0343022346496582
1662933949417995214 0.0427243709564209
1662933949461810827 0.04277825355529785
1662933949505799055 0.036216020584106445
1662933949550216197 0.04262375831604004
1662933949595031738 0.04307818412780762
1662933949642985582 0.04296875
1662933949688560724 0.04299020767211914
1662933949733488798 0.043169498443603516
1662933949779826641 0.04293489456176758
1662933949825628042 0.0424962043762207
1662933949869786024 0.04288887977600098
1662933949914520502 0.045949697494506836
1662933949959299802 0.04279804229736328
1662933950002995491 0.04363679885864258
1662933950047543287 0.0526885986328125
1662933950099804162 0.04894828796386719
1662933950151157140 0.04594254493713379
1662933950195036172 0.049935340881347656
1662933950240750312 0.05486345291137695
1662933950291440486 0.043306589126586914
1662933950336462736 0.04262256622314453
1662933950381183385 0.041654109954833984
1662933950424986124 0.04221153259277344
1662933950468819618 0.04002094268798828
1662933950513780832 0.037642717361450195
1662933950558146238 0.043538570404052734
1662933950602133989 0.04703640937805176
1662933950647073745 0.04257559776306152
1662933950690886259 0.035453081130981445
1662933950735242605 0.042107582092285156
1662933950780717611 0.04391622543334961
1662933950825118303 0.03418159484863281
1662933950869254589 0.042586565017700195
1662933950915676355 0.04337334632873535
1662933950960119485 0.04411745071411133
1662933951004550457 0.03941488265991211
1662933951050080060 0.03968954086303711
1662933951093839168 0.05056309700012207
1662933951138147830 0.04290127754211426
1662933951184164285 0.043120384216308594
1662933951229383945 0.04368400573730469
1662933951274228572 0.03487062454223633
1662933951319897413 0.0414891242980957
1662933951364299297 0.04296445846557617
1662933951410934925 0.04188942909240723
1662933951455767154 0.04315066337585449
1662933951499604225 0.04324030876159668
1662933951543534040 0.04330706596374512
1662933951588451147 0.04285740852355957
1662933951632618904 0.042646169662475586
1662933951678519487 0.04275250434875488
1662933951724475622 0.04268240928649902
1662933951768539190 0.042197465896606445
1662933951813549041 0.04268383979797363
1662933951858400821 0.043920278549194336
1662933951902193307 0.04355168342590332
1662933951946330070 0.04374551773071289
1662933951991493701 0.04255938529968262
1662933952035873889 0.042524099349975586
1662933952080234527 0.04689908027648926
1662933952125962018 0.04178476333618164
1662933952177477121 0.04268908500671387
1662933952221077680 0.03459620475769043
1662933952265756607 0.04254293441772461
1662933952309419631 0.05123639106750488
1662933952353362321 0.04317903518676758
1662933952399098873 0.04992365837097168
1662933952442749261 0.042693138122558594
1662933952487231254 0.05279231071472168
1662933952535917997 0.03418421745300293
1662933952580126762 0.0481562614440918
1662933952630892753 0.03775358200073242
1662933952677171468 0.04312896728515625
1662933952732810974 0.04399895668029785
1662933952776535034 0.044322967529296875
1662933952819907188 0.034055233001708984
1662933952863341808 0.042781829833984375
1662933952906875371 0.045209646224975586
1662933952951234102 0.045244693756103516
1662933952995059967 0.04427671432495117
1662933953038728475 0.03416872024536133
1662933953082392692 0.04300642013549805
1662933953126061201 0.04172515869140625
1662933953169650793 0.04249072074890137
1662933953213442087 0.04259514808654785
1662933953257054090 0.042458295822143555
1662933953300687313 0.0439763069152832
1662933953344517707 0.034860849380493164
1662933953388183116 0.041655540466308594
1662933953431729078 0.04240131378173828
1662933953475227355 0.03432202339172363
1662933953518823146 0.0419459342956543
1662933953562637567 0.04310035705566406
1662933953606178998 0.03390669822692871
1662933953649769783 0.041455984115600586
1662933953693915367 0.03453946113586426
1662933953737602472 0.04245948791503906
1662933953781229972 0.040731191635131836
1662933953825053930 0.03753662109375
1662933953868890047 0.04289865493774414
1662933953912553310 0.03416585922241211
1662933953956612586 0.04196619987487793
1662933954000483274 0.035552263259887695
1662933954044387578 0.04029417037963867
1662933954088244676 0.034151554107666016
1662933954131889820 0.04274177551269531
1662933954175170421 0.034154415130615234
1662933954219343185 0.042038679122924805
1662933954262463092 0.03418302536010742
1662933954305843353 0.03458070755004883
1662933954349454879 0.03945279121398926
1662933954393142223 0.03453779220581055
1662933954436723470 0.04298973083496094
1662933954480392694 0.0355684757232666
1662933954524007081 0.03428173065185547
1662933954567571401 0.0427546501159668
1662933954611663579 0.03544902801513672
1662933954655327320 0.03473162651062012
1662933954698858976 0.034694671630859375
1662933954742404937 0.04266786575317383
1662933954786129474 0.03421735763549805
1662933954829689741 0.0342249870300293
1662933954872854709 0.045835018157958984
1662933954916567802 0.034514427185058594
1662933954960229873 0.03500056266784668
1662933955003784179 0.03487873077392578
1662933955047365665 0.050629615783691406
1662933955090949535 0.03466200828552246
1662933955134186267 0.03445577621459961
1662933955178111791 0.04298043251037598
1662933955221788644 0.03425288200378418
1662933955265233516 0.03505754470825195
1662933955308833122 0.04695296287536621
1662933955352523565 0.03488588333129883
1662933955395540952 0.03457832336425781
1662933955439587831 0.04304146766662598
1662933955483188152 0.03489184379577637
1662933955526508092 0.04353642463684082
1662933955570690393 0.03489851951599121
1662933955614380359 0.03926730155944824
1662933955658137321 0.04170083999633789
1662933955701979160 0.042739152908325195
1662933955745554208 0.04250192642211914
1662933955789140224 0.04122281074523926
1662933955833203554 0.04253339767456055
1662933955876842260 0.042624473571777344
1662933955920351028 0.05334734916687012
1662933955964515686 0.042693138122558594
1662933956008433580 0.04274153709411621
1662933956052302122 0.04047846794128418
1662933956095914602 0.043093204498291016
1662933956139753103 0.0432889461517334
1662933956183486938 0.04357290267944336
1662933956227230310 0.042070627212524414
1662933956271862268 0.04293417930603027
1662933956318284034 0.0428318977355957
1662933956362769603 0.04598402976989746
1662933956406346559 0.04503631591796875
1662933956450626373 0.04387068748474121
1662933956494374513 0.04714632034301758
1662933956538066625 0.035906314849853516
1662933956581776380 0.04326295852661133
1662933956625789165 0.04500770568847656
1662933956669474840 0.03499197959899902
1662933956713465690 0.042412519454956055
1662933956759982824 0.04320216178894043
1662933956803930997 0.04371047019958496
1662933956848720073 0.046068668365478516
1662933956892810344 0.03514289855957031
1662933956937072038 0.04068565368652344
1662933956981001377 0.0433812141418457
1662933957025172710 0.04487156867980957
1662933957069326162 0.03480982780456543
1662933957113600969 0.043174028396606445
1662933957157483816 0.0437169075012207
1662933957201595306 0.040033817291259766
1662933957245347738 0.03824925422668457
1662933957289493560 0.042786598205566406
1662933957332826137 0.04046630859375
1662933957376421928 0.03495907783508301
1662933957420210599 0.04307842254638672
1662933957464167356 0.034659624099731445
1662933957508305549 0.04300117492675781
1662933957551797389 0.034897804260253906
1662933957595012903 0.0432283878326416
1662933957638406038 0.03459763526916504
1662933957683063030 0.04423785209655762
1662933957726838588 0.03462529182434082
1662933957770579099 0.04087710380554199
1662933957814521312 0.03468728065490723
1662933957858367919 0.043752431869506836
1662933957902799129 0.03412008285522461
1662933957946811199 0.04152226448059082
1662933957990660429 0.03451061248779297
1662933958034404754 0.039098262786865234
1662933958079451322 0.04107022285461426
1662933958126119852 0.03636670112609863
1662933958170011997 0.04082083702087402
1662933958213626861 0.03806781768798828
1662933958256940364 0.04334378242492676
1662933958300678730 0.04296231269836426
1662933958343792200 0.04300212860107422
1662933958387255668 0.04299211502075195
1662933958430767774 0.03471827507019043
1662933958475274801 0.040374040603637695
1662933958519527673 0.03865456581115723
1662933958563209056 0.03733634948730469
1662933958606916189 0.04351639747619629
1662933958650595426 0.03435397148132324
1662933958693948745 0.043676137924194336
1662933958738401889 0.043057918548583984
1662933958782117605 0.03440594673156738
1662933958825984716 0.04462885856628418
1662933958870175838 0.03415536880493164
1662933958913800477 0.045789241790771484
1662933958958005666 0.03500723838806152
1662933959001816272 0.043900489807128906
1662933959045663118 0.03613448143005371
1662933959088950157 0.03463172912597656
1662933959133702993 0.0409998893737793
1662933959177195787 0.03490281105041504
1662933959221047639 0.03865361213684082
1662933959264709472 0.043337106704711914
1662933959308439016 0.042275190353393555
1662933959351666688 0.04302072525024414
1662933959395255088 0.04266548156738281
1662933959438995599 0.03598165512084961
1662933959483096837 0.04351639747619629
1662933959526853084 0.04260516166687012
1662933959570241451 0.045752525329589844
1662933959614225864 0.039719581604003906
1662933959658848047 0.03804469108581543
1662933959702647924 0.043080806732177734
1662933959746972560 0.04599714279174805
1662933959790861129 0.03449821472167969
1662933959834638118 0.04297351837158203
1662933959878474950 0.03594541549682617
1662933959921881198 0.03745102882385254
1662933959966023445 0.04222559928894043
1662933960010238647 0.04156827926635742
1662933960054260969 0.03579115867614746
1662933960097994327 0.04373598098754883
1662933960141713380 0.03434133529663086
1662933960185246467 0.042550086975097656
1662933960229447364 0.04302334785461426
1662933960273598194 0.043641090393066406
1662933960317229270 0.041838884353637695
1662933960360892772 0.03720712661743164
1662933960404676914 0.04108285903930664
1662933960449000358 0.04319310188293457
1662933960493382215 0.04268479347229004
1662933960537280082 0.04276847839355469
1662933960581075429 0.04356718063354492
1662933960624951839 0.04262995719909668
1662933960668909788 0.04466962814331055
1662933960713229656 0.04173755645751953
1662933960757587432 0.042246103286743164
1662933960801712751 0.04135537147521973
1662933960845556259 0.03958535194396973
1662933960888769388 0.04088711738586426
1662933960932980060 0.04252934455871582
1662933960976639747 0.04212450981140137
1662933961020491838 0.0430755615234375
1662933961064457416 0.042601585388183594
1662933961107994318 0.04236626625061035
1662933961151746273 0.04336214065551758
1662933961196466445 0.043001413345336914
1662933961240434408 0.042664289474487305
1662933961285045862 0.042841434478759766
1662933961328785657 0.042450904846191406
1662933961373579502 0.04275226593017578
1662933961417342185 0.04141545295715332
1662933961461979627 0.041681528091430664
1662933961505678653 0.042591094970703125
1662933961550314426 0.04222869873046875
1662933961594061374 0.04288220405578613
1662933961638811588 0.04291939735412598
1662933961682697057 0.04223179817199707
1662933961727634906 0.04272007942199707
1662933961771653175 0.04262256622314453
1662933961816911220 0.043392181396484375
1662933961861117362 0.04364776611328125
1662933961906336545 0.04374957084655762
1662933961950644016 0.042958974838256836
1662933961995720386 0.04280495643615723
1662933962039747476 0.04296088218688965
1662933962084923744 0.04308032989501953
1662933962128777027 0.038404226303100586
1662933962173757553 0.04153013229370117
1662933962218430757 0.04204583168029785
1662933962262296676 0.04177093505859375
1662933962306240558 0.04192018508911133
1662933962350059270 0.04282045364379883
1662933962394120454 0.043433427810668945
1662933962438246726 0.04360699653625488
1662933962483503341 0.040535688400268555
1662933962527610063 0.03657793998718262
1662933962572027921 0.03983163833618164
1662933962615996599 0.041900634765625
1662933962660928249 0.042125701904296875
1662933962705174446 0.04195284843444824
1662933962749638319 0.04296064376831055
1662933962794000864 0.04377174377441406
1662933962838577985 0.04261445999145508
1662933962883086442 0.04147934913635254
1662933962927417039 0.03936767578125
1662933962977087497 0.037882089614868164
1662933963021376609 0.04256868362426758
1662933963065063238 0.04217052459716797
1662933963109030723 0.04308581352233887
1662933963152971267 0.043473005294799805
1662933963197146892 0.0445561408996582
1662933963241162300 0.04527568817138672
1662933963285106420 0.045522212982177734
1662933963329708814 0.040973663330078125
1662933963374349117 0.046761512756347656
1662933963418536663 0.0443882942199707
1662933963462739706 0.044641733169555664
1662933963506856679 0.04190635681152344
1662933963550889492 0.03703761100769043
1662933963594595432 0.0480043888092041
1662933963638677597 0.04283428192138672
1662933963682980298 0.043215036392211914
1662933963727513313 0.046807050704956055
1662933963771497726 0.042848825454711914
1662933963815562486 0.03707003593444824
1662933963860402345 0.04277801513671875
1662933963904555559 0.043218374252319336
1662933963948636770 0.04491090774536133
1662933963992690086 0.04286026954650879
1662933964037776708 0.038449764251708984
1662933964081895351 0.040604352951049805
1662933964125601291 0.04406595230102539
1662933964169327020 0.04346585273742676
1662933964213496923 0.034532785415649414
1662933964257393836 0.042899131774902344
1662933964301298618 0.03464031219482422
1662933964346182346 0.04287242889404297
1662933964390430927 0.04306817054748535
1662933964433949708 0.04554438591003418
1662933964478014469 0.03560328483581543
1662933964522518634 0.04061698913574219
1662933964566342115 0.04156303405761719
1662933964610080242 0.04246044158935547
1662933964653710603 0.04221153259277344
1662933964697338819 0.04269862174987793
1662933964740768432 0.04279780387878418
1662933964784404516 0.043575286865234375
1662933964828006744 0.04242348670959473
1662933964871750593 0.03679823875427246
1662933964916747808 0.04037046432495117
1662933964960910320 0.04564642906188965
1662933965004637718 0.04280996322631836
1662933965048697233 0.04393911361694336
1662933965092980146 0.042267799377441406
1662933965136788368 0.042402029037475586
1662933965181520223 0.04292130470275879
1662933965225485086 0.043494224548339844
1662933965270179271 0.04279685020446777
1662933965313994407 0.04249167442321777
1662933965358816146 0.043154239654541016
1662933965402664899 0.04348492622375488
1662933965447851657 0.04149580001831055
1662933965492207527 0.03614640235900879
1662933965537467479 0.04082036018371582
1662933965582270860 0.047713279724121094
1662933965625931262 0.042665958404541016
1662933965669618844 0.042482852935791016
1662933965713016510 0.04209709167480469
1662933965756875753 0.036997318267822266
1662933965801149368 0.04332280158996582
1662933965844762563 0.043022871017456055
1662933965888009548 0.04360198974609375
1662933965931685686 0.04238176345825195
1662933965976335525 0.03530073165893555
1662933966020250558 0.04633164405822754
1662933966063873767 0.04171156883239746
1662933966107691764 0.037277936935424805
1662933966151279449 0.04088020324707031
1662933966195250511 0.037950754165649414
1662933966238604068 0.043089866638183594
1662933966282751798 0.03428959846496582
1662933966326472043 0.043186187744140625
1662933966370172739 0.03442859649658203
1662933966413675069 0.04055356979370117
1662933966457844495 0.03491377830505371
1662933966502626657 0.03958749771118164
1662933966546735048 0.04358053207397461
1662933966590597391 0.03421926498413086
1662933966634187221 0.04157543182373047
1662933966677457571 0.04375481605529785
1662933966721418380 0.04311490058898926
1662933966764742612 0.045171499252319336
1662933966808946847 0.03936195373535156
1662933966853441953 0.039581298828125
1662933966897327184 0.042964935302734375
1662933966941058635 0.04264354705810547
1662933966985258579 0.043311357498168945
1662933967028515338 0.042996883392333984
1662933967072376489 0.03469038009643555
1662933967116234064 0.04115772247314453
1662933967161152839 0.04433798789978027
1662933967204953193 0.04454183578491211
1662933967248270511 0.05861234664916992
1662933967291667222 0.034935951232910156
1662933967335778474 0.04365253448486328
1662933967379846572 0.04238772392272949
1662933967423218011 0.0434567928314209
1662933967466920852 0.042543649673461914
1662933967510688543 0.03450918197631836
1662933967554391384 0.04288506507873535
1662933967598648786 0.04059481620788574
1662933967642177343 0.03734302520751953
1662933967686844110 0.042984724044799805
1662933967730810880 0.04316377639770508
1662933967775002956 0.03524971008300781
1662933967818738460 0.04156994819641113
1662933967862723350 0.043439388275146484
1662933967906959295 0.04369163513183594
1662933967950886487 0.044460296630859375
1662933967994621515 0.03546571731567383
1662933968038395643 0.042684316635131836
1662933968082692623 0.04369664192199707
1662933968126782178 0.03620743751525879
1662933968170829057 0.039632558822631836
1662933968214040279 0.04407191276550293
1662933968258343935 0.0438685417175293
1662933968301655769 0.034716129302978516
1662933968345493078 0.04140353202819824
1662933968390012979 0.045148372650146484
1662933968434239387 0.0349733829498291
1662933968478358507 0.04362654685974121
1662933968522251844 0.034581899642944336
1662933968565732955 0.04169011116027832
1662933968610018253 0.0442194938659668
1662933968653857707 0.042324066162109375
1662933968697202205 0.03634452819824219
1662933968741067886 0.04066586494445801
1662933968784976959 0.043325185775756836
1662933968828852176 0.043549299240112305
1662933968873147964 0.0432133674621582
1662933968917074680 0.04517102241516113
1662933968961013793 0.043146371841430664
1662933969005071640 0.03843402862548828
1662933969049582242 0.050830841064453125
1662933969094345569 0.04471325874328613
1662933969138584375 0.04340100288391113
1662933969185401201 0.0433962345123291
1662933969229572772 0.043847084045410156
1662933969274785757 0.0433354377746582
1662933969318908929 0.04666566848754883
1662933969364052295 0.03502655029296875
1662933969407988071 0.04317975044250488
1662933969453417778 0.04429149627685547
1662933969497934341 0.035680294036865234
1662933969542847394 0.04091644287109375
1662933969587288856 0.04349398612976074
1662933969630955457 0.035366058349609375
1662933969674537181 0.041210174560546875
1662933969718279600 0.04321885108947754
1662933969762099266 0.04365038871765137
1662933969805349111 0.043604373931884766
1662933969849073648 0.0475308895111084
1662933969892612934 0.04282736778259277
1662933969937414646 0.03765368461608887
1662933969981060504 0.043317317962646484
1662933970025107145 0.04632830619812012
1662933970068701744 0.035066843032836914
1662933970112696409 0.043425798416137695
1662933970156430482 0.04607343673706055
1662933970200216293 0.034714698791503906
1662933970243964910 0.04362797737121582
1662933970287365198 0.03501439094543457
1662933970330837488 0.04150652885437012
1662933970375387907 0.047080039978027344
1662933970418908119 0.035305023193359375
1662933970462404251 0.04367232322692871
1662933970506110906 0.03520917892456055
1662933970549352884 0.04304766654968262
1662933970593333721 0.03921008110046387
1662933970637288093 0.038622140884399414
1662933970681143999 0.042822837829589844
1662933970724774599 0.03612256050109863
1662933970768805265 0.04340314865112305
1662933970812438488 0.0419619083404541
1662933970856510877 0.03582334518432617
1662933970900380134 0.04303550720214844
1662933970944061994 0.0433809757232666
1662933970987697362 0.03443193435668945
1662933971031723976 0.04253220558166504
1662933971075427055 0.03430485725402832
1662933971119248628 0.04243779182434082
1662933971162844181 0.03511762619018555
1662933971206445217 0.04176688194274902
1662933971252282619 0.03514528274536133
1662933971296500682 0.04439687728881836
1662933971340670108 0.03430342674255371
1662933971384702682 0.04066133499145508
1662933971428633689 0.035007476806640625
1662933971472460508 0.0445406436920166
1662933971516775369 0.034914255142211914
1662933971561031579 0.04400801658630371
1662933971605070590 0.03432631492614746
1662933971648559570 0.04138755798339844
1662933971692914009 0.03507566452026367
1662933971737524509 0.041953325271606445
1662933971781621932 0.04475283622741699
1662933971826617956 0.03580951690673828
1662933971870784282 0.04510903358459473
1662933971914609432 0.04334855079650879
1662933971957935571 0.034783363342285156
1662933972001818180 0.039109230041503906
1662933972050459623 0.04296088218688965
1662933972094247817 0.04326176643371582
1662933972138865947 0.0356295108795166
1662933972182070255 0.043501853942871094
1662933972225870132 0.04545331001281738
1662933972268957138 0.04425835609436035
1662933972312037229 0.03491353988647461
1662933972355543136 0.04187178611755371
1662933972399260044 0.04330611228942871
1662933972442945003 0.034444332122802734
1662933972486382246 0.04299521446228027
1662933972529800415 0.040177345275878906
1662933972572932720 0.03882861137390137
1662933972616282224 0.0441441535949707
1662933972659526109 0.03510427474975586
1662933972703565120 0.040441036224365234
1662933972747056961 0.045350074768066406
1662933972791017293 0.03498077392578125
1662933972834622144 0.04398965835571289
1662933972878242969 0.03491973876953125
1662933972921540975 0.04228973388671875
1662933972965235710 0.043105125427246094
1662933973009570121 0.03518080711364746
1662933973053084611 0.04301810264587402
1662933973096871376 0.03494071960449219
1662933973140546560 0.042139530181884766
1662933973184187173 0.044389963150024414
1662933973227862358 0.03490757942199707
1662933973271233558 0.040657758712768555
1662933973314727306 0.0461578369140625
1662933973358576536 0.04151177406311035
1662933973402304410 0.03719949722290039
1662933973446157455 0.042768001556396484
1662933973489773511 0.04396677017211914
1662933973532837867 0.04536151885986328
1662933973576999187 0.04558587074279785
1662933973621000051 0.04440188407897949
1662933973665132045 0.046979427337646484
1662933973710158586 0.04075312614440918
1662933973754073858 0.03856921195983887
1662933973797768115 0.04371833801269531
1662933973841689109 0.043125152587890625
1662933973884820938 0.038129568099975586
1662933973928574562 0.04231762886047363
1662933973972468852 0.04349017143249512
1662933974016256093 0.04269576072692871
1662933974059987545 0.0439908504486084
1662933974106787443 0.04406332969665527
1662933974150144338 0.04400181770324707
1662933974194025278 0.03996777534484863
1662933974237723827 0.03960919380187988
1662933974281812429 0.04406857490539551
1662933974325351476 0.035410165786743164
1662933974368993759 0.04449033737182617
1662933974413159370 0.035178184509277344
1662933974456834316 0.04400348663330078
1662933974500623703 0.044789791107177734
1662933974544373035 0.04623818397521973
1662933974588541746 0.03524589538574219
1662933974631840705 0.04407811164855957
1662933974675274133 0.03497576713562012
1662933974718743324 0.043953895568847656
1662933974762195825 0.03560686111450195
1662933974806350231 0.044148921966552734
1662933974849952220 0.04411721229553223
1662933974893435478 0.04359245300292969
1662933974937501192 0.043819427490234375
1662933974981168985 0.04337644577026367
1662933975024865388 0.04344367980957031
1662933975068439722 0.03506302833557129
1662933975111858606 0.04304337501525879
1662933975155776023 0.04350543022155762
1662933975199246644 0.04419112205505371
1662933975243128776 0.034417152404785156
1662933975286838531 0.041460514068603516
1662933975330361843 0.042678117752075195
1662933975373394489 0.043337345123291016
