using cuda:0 device.
31002
1662934311841122388 0.09313130378723145
1662934311887687206 0.05120062828063965
1662934311932579755 0.05191302299499512
1662934311976893663 0.05619978904724121
1662934312021242618 0.0431675910949707
1662934312064941167 0.0439455509185791
1662934312109034061 0.034952640533447266
1662934312152935028 0.04366612434387207
1662934312198081970 0.0429074764251709
1662934312243268966 0.04321408271789551
1662934312292424440 0.03449201583862305
1662934312338620424 0.042200326919555664
1662934312386699676 0.03427624702453613
1662934312431176424 0.0445249080657959
1662934312475168466 0.043009042739868164
1662934312519575119 0.044951677322387695
1662934312563613653 0.04228782653808594
1662934312607810735 0.04277539253234863
1662934312652415990 0.042722225189208984
1662934312696887493 0.042771100997924805
1662934312741050004 0.04283642768859863
1662934312785452127 0.0420529842376709
1662934312829999685 0.04481673240661621
1662934312874238252 0.04193902015686035
1662934312918989896 0.05228900909423828
1662934312963616847 0.043303728103637695
1662934313008054494 0.05256223678588867
1662934313055388689 0.042877197265625
1662934313099691867 0.041846275329589844
1662934313144704103 0.04285740852355957
1662934313197714090 0.05263686180114746
1662934313242349863 0.04293966293334961
1662934313286845207 0.0456387996673584
1662934313332135915 0.04313182830810547
1662934313381389617 0.03615617752075195
1662934313426413536 0.04264497756958008
1662934313471256732 0.04333901405334473
1662934313519086599 0.044611454010009766
1662934313563802003 0.0343930721282959
1662934313608244657 0.04112100601196289
1662934313652923107 0.04372978210449219
1662934313697584152 0.04202461242675781
1662934313741771459 0.03719592094421387
1662934313786372423 0.043314218521118164
1662934313830915212 0.04572296142578125
1662934313875230550 0.04663276672363281
1662934313919967889 0.043927669525146484
1662934313964340686 0.03624582290649414
1662934314008668422 0.041347503662109375
1662934314053035497 0.04246068000793457
1662934314097151994 0.04344534873962402
1662934314141460657 0.04349994659423828
1662934314185633182 0.035509347915649414
1662934314230615377 0.041167497634887695
1662934314274907112 0.044051170349121094
1662934314319584369 0.043567657470703125
1662934314363677024 0.04497981071472168
1662934314408082723 0.04615640640258789
1662934314452877998 0.04400157928466797
1662934314497368335 0.04301714897155762
1662934314541406869 0.042978525161743164
1662934314585753440 0.04271554946899414
1662934314629820346 0.0428159236907959
1662934314674196243 0.043379783630371094
1662934314718466043 0.04368090629577637
1662934314762836933 0.042266845703125
1662934314807185649 0.045697689056396484
1662934314851683378 0.043586015701293945
1662934314896068811 0.04840731620788574
1662934314940445661 0.04284358024597168
1662934314984753370 0.04294896125793457
1662934315029090642 0.04250788688659668
1662934315074175119 0.03413534164428711
1662934315119702100 0.04182314872741699
1662934315164552927 0.04259014129638672
1662934315208805084 0.04259061813354492
1662934315253264427 0.051201820373535156
1662934315298047304 0.05071735382080078
1662934315342108249 0.04402756690979004
1662934315392637729 0.05352473258972168
1662934315439074993 0.042025089263916016
1662934315483999729 0.0471341609954834
1662934315530438661 0.035214900970458984
1662934315574818134 0.046059608459472656
1662934315619626045 0.04311943054199219
1662934315665096759 0.042998552322387695
1662934315719111919 0.0452570915222168
1662934315763824701 0.03511166572570801
1662934315808700561 0.042333364486694336
1662934315853041648 0.0427548885345459
1662934315900077104 0.04307961463928223
1662934315944611787 0.035424232482910156
1662934315990000724 0.04029703140258789
1662934316034406185 0.04275703430175781
1662934316078626155 0.04285264015197754
1662934316122744798 0.04210352897644043
1662934316167232751 0.04276537895202637
1662934316211190700 0.04321908950805664
1662934316255601644 0.0342555046081543
1662934316299766778 0.043972015380859375
1662934316343250036 0.04477405548095703
1662934316386640548 0.03627490997314453
1662934316429899930 0.04076743125915527
1662934316473780155 0.043462276458740234
1662934316517500877 0.034551382064819336
1662934316561383008 0.04497933387756348
1662934316604845523 0.03419232368469238
1662934316648789167 0.042077064514160156
1662934316692943811 0.034299612045288086
1662934316736395597 0.0434260368347168
1662934316781221389 0.034635066986083984
1662934316825050354 0.04247307777404785
1662934316869199752 0.034387826919555664
1662934316913015842 0.041828155517578125
1662934316957254409 0.03386569023132324
1662934317000615835 0.042563438415527344
1662934317044203758 0.033913373947143555
1662934317087504863 0.043430328369140625
1662934317131285905 0.034531593322753906
1662934317175768375 0.03455686569213867
1662934317220107793 0.04095315933227539
1662934317263742446 0.034539222717285156
1662934317307422399 0.04210329055786133
1662934317351720809 0.03436613082885742
1662934317395383834 0.034787654876708984
1662934317439477682 0.04289984703063965
1662934317483153581 0.0342557430267334
1662934317526573419 0.03420734405517578
1662934317570157051 0.041715145111083984
1662934317613758325 0.03696727752685547
1662934317657277345 0.03506660461425781
1662934317700805664 0.03506350517272949
1662934317744347572 0.04320073127746582
1662934317787914276 0.03418231010437012
1662934317831014871 0.03435206413269043
1662934317875024318 0.04277443885803223
1662934317919379711 0.035539865493774414
1662934317962617397 0.035012245178222656
1662934318006803274 0.035056352615356445
1662934318050732851 0.03811168670654297
1662934318093960285 0.03432917594909668
1662934318138122558 0.03428196907043457
1662934318181625366 0.04148578643798828
1662934318225462675 0.03478574752807617
1662934318269025087 0.035485267639160156
1662934318312813997 0.0388944149017334
1662934318356023073 0.042315006256103516
1662934318400451183 0.036656856536865234
1662934318444432735 0.04103732109069824
1662934318488323926 0.037859201431274414
1662934318532094001 0.04395794868469238
1662934318576163768 0.04345560073852539
1662934318619485139 0.042168617248535156
1662934318666071414 0.04788470268249512
1662934318711574554 0.04406571388244629
1662934318758398532 0.03518843650817871
1662934318803037643 0.04213666915893555
1662934318847242593 0.04303479194641113
1662934318891283035 0.04402732849121094
1662934318934959411 0.04119396209716797
1662934318978621244 0.05107426643371582
1662934319022645235 0.0427703857421875
1662934319066359281 0.03850102424621582
1662934319110114097 0.0415339469909668
1662934319153865098 0.042688846588134766
1662934319197504758 0.04205060005187988
1662934319242008209 0.043091773986816406
1662934319285456657 0.04295015335083008
1662934319329213857 0.04629039764404297
1662934319373506546 0.041822195053100586
1662934319417504787 0.03774142265319824
1662934319461164951 0.04269289970397949
1662934319504925251 0.041605472564697266
1662934319548605203 0.043463945388793945
1662934319592585563 0.045623779296875
1662934319636665821 0.04309654235839844
1662934319680558443 0.03905057907104492
1662934319724660158 0.04044651985168457
1662934319768471956 0.042986154556274414
1662934319812501192 0.043454647064208984
1662934319856944799 0.044248342514038086
1662934319900834083 0.03648853302001953
1662934319944658517 0.0414729118347168
1662934319988839387 0.04637551307678223
1662934320032744646 0.03488898277282715
1662934320076379060 0.04244804382324219
1662934320120178461 0.04462432861328125
1662934320164560317 0.03465437889099121
1662934320208483934 0.043378591537475586
1662934320252276897 0.04071617126464844
1662934320296010017 0.04730415344238281
1662934320340650081 0.03509998321533203
1662934320386821269 0.042931556701660156
1662934320430161237 0.034415483474731445
1662934320473527908 0.03537130355834961
1662934320517747402 0.03799939155578613
1662934320561480760 0.04424548149108887
1662934320605376720 0.035279273986816406
1662934320648787260 0.04480481147766113
1662934320692230701 0.035024166107177734
1662934320735617160 0.0442044734954834
1662934320778930187 0.03473353385925293
1662934320822181463 0.04520845413208008
1662934320865437984 0.034691572189331055
1662934320908767700 0.047097206115722656
1662934320952069044 0.03479790687561035
1662934320995220661 0.04315662384033203
1662934321038470506 0.03455758094787598
1662934321081508398 0.04519057273864746
1662934321124631404 0.04325985908508301
1662934321168192148 0.03583049774169922
1662934321215623140 0.043883562088012695
1662934321263769626 0.042974233627319336
1662934321310341835 0.04326891899108887
1662934321354058742 0.0346522331237793
1662934321397675037 0.04448819160461426
1662934321441880226 0.03437089920043945
1662934321485602378 0.0425267219543457
1662934321529195785 0.04656720161437988
1662934321572832345 0.034470319747924805
1662934321617027521 0.045116424560546875
1662934321661055088 0.04332089424133301
1662934321704853534 0.03469991683959961
1662934321749042749 0.041898250579833984
1662934321792400598 0.03587770462036133
1662934321836177825 0.042093515396118164
1662934321880398988 0.03693580627441406
1662934321924137353 0.04247927665710449
1662934321972936153 0.03723907470703125
1662934322016714334 0.03445887565612793
1662934322060187101 0.042801856994628906
1662934322103863716 0.04055523872375488
1662934322148063659 0.03731226921081543
1662934322191874980 0.04222393035888672
1662934322235902309 0.04233360290527344
1662934322279495477 0.042955636978149414
1662934322323292732 0.03552508354187012
1662934322366684913 0.038922786712646484
1662934322410977363 0.04481244087219238
1662934322454728603 0.043778419494628906
1662934322497937440 0.04570436477661133
1662934322541995048 0.04088854789733887
1662934322585836887 0.03715014457702637
1662934322629961967 0.043781280517578125
1662934322673938512 0.0429377555847168
1662934322716984987 0.03430676460266113
1662934322761123657 0.042353153228759766
1662934322804386615 0.03925752639770508
1662934322848143577 0.03573775291442871
1662934322891843318 0.04176616668701172
1662934322935941219 0.044678688049316406
1662934322981517791 0.03482794761657715
1662934323025335073 0.042986392974853516
1662934323069128274 0.04131150245666504
1662934323114346504 0.03573942184448242
1662934323159063816 0.04285621643066406
1662934323202890396 0.046808481216430664
1662934323247503042 0.04425168037414551
1662934323293690443 0.035550832748413086
1662934323337899446 0.04079031944274902
1662934323382265090 0.04791522026062012
1662934323426191091 0.0426638126373291
1662934323469631433 0.04262065887451172
1662934323513241291 0.03461265563964844
1662934323557224750 0.046805620193481445
1662934323601177692 0.038153886795043945
1662934323645873308 0.04334306716918945
1662934323689659118 0.043128013610839844
1662934323733483076 0.04404735565185547
1662934323777810096 0.041075944900512695
1662934323822007894 0.042612314224243164
1662934323866372108 0.042957305908203125
1662934323910815715 0.041077375411987305
1662934323954604387 0.04330015182495117
1662934323999385833 0.04208207130432129
1662934324043236494 0.03734302520751953
1662934324086948633 0.040221452713012695
1662934324131221294 0.042966365814208984
1662934324175002336 0.047190189361572266
1662934324219096899 0.043736934661865234
1662934324262705087 0.044558048248291016
1662934324306995391 0.0446016788482666
1662934324351073265 0.043996572494506836
1662934324394897937 0.04459547996520996
1662934324438925981 0.043247222900390625
1662934324482488155 0.043737173080444336
1662934324527004003 0.045336008071899414
1662934324570601701 0.043435096740722656
1662934324615237951 0.04291796684265137
1662934324659286260 0.04639267921447754
1662934324704134702 0.045703887939453125
1662934324748449325 0.0440671443939209
1662934324793448209 0.04337358474731445
1662934324837848424 0.04345440864562988
1662934324883280277 0.04281306266784668
1662934324927114963 0.04382729530334473
1662934324971601009 0.04439401626586914
1662934325015413761 0.044997215270996094
1662934325060091972 0.04385256767272949
1662934325103899717 0.044159889221191406
1662934325148801803 0.04487752914428711
1662934325192592620 0.04286551475524902
1662934325237599134 0.044379234313964844
1662934325281732082 0.04356193542480469
1662934325326297998 0.04342055320739746
1662934325370370388 0.03523087501525879
1662934325417469739 0.04555249214172363
1662934325462436914 0.04298806190490723
1662934325507821083 0.04217362403869629
1662934325552375078 0.042832136154174805
1662934325597013950 0.04383111000061035
1662934325641411304 0.0410916805267334
1662934325685942173 0.03708338737487793
1662934325730332851 0.04810070991516113
1662934325776365280 0.043842315673828125
1662934325820505142 0.04517078399658203
1662934325864589214 0.043314456939697266
1662934325908548116 0.03472113609313965
1662934325952948570 0.04662680625915527
1662934325997388839 0.042556047439575195
1662934326041866064 0.04202008247375488
1662934326086225032 0.044661760330200195
1662934326129966497 0.04325103759765625
1662934326173849582 0.035920143127441406
1662934326217901229 0.045923709869384766
1662934326262006044 0.04311800003051758
1662934326310754537 0.0427095890045166
1662934326355297088 0.043520450592041016
1662934326399617195 0.04392743110656738
1662934326443711996 0.0463252067565918
1662934326487499713 0.04031777381896973
1662934326531246900 0.03889775276184082
1662934326576146125 0.04306292533874512
1662934326620356082 0.04351472854614258
1662934326664542913 0.043467044830322266
1662934326708570003 0.036261796951293945
1662934326753203630 0.043709754943847656
1662934326797408819 0.043410539627075195
1662934326842531919 0.04227447509765625
1662934326887196302 0.04402732849121094
1662934326931599855 0.04200243949890137
1662934326975826025 0.03722381591796875
1662934327019822120 0.04146242141723633
1662934327068914175 0.043366432189941406
1662934327112907886 0.0453336238861084
1662934327156973600 0.03509855270385742
1662934327201277494 0.0434720516204834
1662934327245897769 0.045794010162353516
1662934327289382219 0.03543376922607422
1662934327333720922 0.04135775566101074
1662934327377464771 0.04346919059753418
1662934327422122716 0.04487943649291992
1662934327466610908 0.04515695571899414
1662934327510365962 0.04542374610900879
1662934327554725885 0.04432082176208496
1662934327598290681 0.04499650001525879
1662934327641916990 0.043805837631225586
1662934327688499927 0.042996883392333984
1662934327735509157 0.04152369499206543
1662934327780213832 0.0372772216796875
1662934327824463367 0.041075944900512695
1662934327868238687 0.04287886619567871
1662934327912420511 0.0430145263671875
1662934327956695556 0.04339599609375
1662934328000822544 0.04361915588378906
1662934328044790983 0.042769670486450195
1662934328089151382 0.04287838935852051
1662934328132915973 0.04279160499572754
1662934328177710533 0.043975830078125
1662934328223756074 0.044603586196899414
1662934328270498514 0.042795419692993164
1662934328318877458 0.03690958023071289
1662934328367756366 0.04337787628173828
1662934328415231704 0.043129920959472656
1662934328458809614 0.045259714126586914
1662934328502535343 0.0446164608001709
1662934328545938491 0.04027104377746582
1662934328589452028 0.038335561752319336
1662934328633297681 0.04261040687561035
1662934328677289724 0.044327735900878906
1662934328721057891 0.04358029365539551
1662934328764970541 0.04250288009643555
1662934328808910131 0.03727912902832031
1662934328852566003 0.04168963432312012
1662934328896090507 0.04263734817504883
1662934328939574241 0.04306769371032715
1662934328983220577 0.04214143753051758
1662934329026592731 0.03738093376159668
1662934329070596694 0.040431976318359375
1662934329114661693 0.038468360900878906
1662934329158485651 0.04269695281982422
1662934329202021837 0.03452634811401367
1662934329245111227 0.04387831687927246
1662934329289525508 0.03438162803649902
1662934329333188295 0.03518533706665039
1662934329377157211 0.03960084915161133
1662934329420804977 0.04389214515686035
1662934329464201927 0.03457903861999512
1662934329507324218 0.04256129264831543
1662934329551312923 0.040060997009277344
1662934329595959901 0.03769969940185547
1662934329639818906 0.04326581954956055
1662934329683385610 0.04244518280029297
1662934329727115154 0.04582643508911133
1662934329771060228 0.03475499153137207
1662934329815151214 0.04093313217163086
1662934329859630584 0.04313254356384277
1662934329903322935 0.043650150299072266
1662934329947478771 0.04295992851257324
1662934329990949869 0.04274487495422363
1662934330034045219 0.0398097038269043
1662934330078700065 0.03904247283935547
1662934330122665405 0.04438614845275879
1662934330166659355 0.04002976417541504
1662934330213339090 0.03885388374328613
1662934330257103443 0.043843984603881836
1662934330300251960 0.043271780014038086
1662934330343708753 0.03491711616516113
1662934330387549161 0.04069161415100098
1662934330431572914 0.04240131378173828
1662934330475503921 0.04383111000061035
1662934330519721269 0.03486132621765137
1662934330563421964 0.040273427963256836
1662934330607219219 0.04394698143005371
1662934330651296615 0.04401731491088867
1662934330695159912 0.03546643257141113
1662934330738680601 0.040522098541259766
1662934330783088445 0.043766021728515625
1662934330827103137 0.0445554256439209
1662934330870740652 0.045685529708862305
1662934330915186405 0.03594517707824707
1662934330958998441 0.04190707206726074
1662934331002927780 0.04302191734313965
1662934331046911954 0.042424917221069336
1662934331090262889 0.037377119064331055
1662934331133971691 0.0415189266204834
1662934331177678823 0.04328560829162598
1662934331221711874 0.0350644588470459
1662934331265719413 0.039108991622924805
1662934331309754848 0.04683542251586914
1662934331353099822 0.03526806831359863
1662934331396432399 0.04408550262451172
1662934331439676761 0.05364036560058594
1662934331482924222 0.037104129791259766
1662934331526776790 0.047338247299194336
1662934331573009729 0.035382747650146484
1662934331617216110 0.04281330108642578
1662934331660708427 0.0447087287902832
1662934331704764842 0.04568076133728027
1662934331748605728 0.03531336784362793
1662934331792154788 0.04149055480957031
1662934331835567474 0.04352283477783203
1662934331879091262 0.04292941093444824
1662934331922863245 0.04655098915100098
1662934331969583988 0.0353245735168457
1662934332013969659 0.04423999786376953
1662934332057558536 0.04442715644836426
1662934332101586580 0.052674055099487305
1662934332145612716 0.046211957931518555
1662934332190438508 0.04102492332458496
1662934332235050916 0.03812980651855469
1662934332279169082 0.04245185852050781
1662934332323090076 0.04393172264099121
1662934332367152214 0.04585146903991699
1662934332411284208 0.04396200180053711
1662934332455122947 0.03629589080810547
1662934332498857975 0.042786359786987305
1662934332543730258 0.04734492301940918
1662934332587714672 0.04650092124938965
1662934332632777214 0.036362648010253906
1662934332681500434 0.043192148208618164
1662934332725087404 0.04306316375732422
1662934332768772125 0.04290199279785156
1662934332813044786 0.044736385345458984
1662934332856651544 0.04362344741821289
1662934332899783611 0.03744983673095703
1662934332943416357 0.0457456111907959
1662934332988065242 0.034847259521484375
1662934333031926870 0.043700456619262695
1662934333075844526 0.04282546043395996
1662934333119601249 0.0384674072265625
1662934333163458585 0.04355669021606445
1662934333206630706 0.03476834297180176
1662934333250314235 0.0442357063293457
1662934333293781757 0.042644500732421875
1662934333337397575 0.03667569160461426
1662934333381358623 0.047112464904785156
1662934333425416231 0.03485989570617676
1662934333468532085 0.04329705238342285
1662934333511978149 0.03462028503417969
1662934333557181358 0.040721893310546875
1662934333602843999 0.03494000434875488
1662934333646570205 0.04345965385437012
1662934333689810991 0.034430742263793945
1662934333734206914 0.04088640213012695
1662934333778082847 0.04297208786010742
1662934333822689771 0.04193401336669922
1662934333865871906 0.035390377044677734
1662934333909632444 0.04273056983947754
1662934333953879117 0.03436684608459473
1662934333997725248 0.03903603553771973
1662934334040950298 0.04437899589538574
1662934334083966255 0.03429102897644043
1662934334127986192 0.04311871528625488
1662934334172083377 0.03442549705505371
1662934334215123414 0.046442270278930664
1662934334258679628 0.034637451171875
1662934334302911281 0.04337024688720703
1662934334346754789 0.03387141227722168
1662934334390480041 0.03452610969543457
1662934334434660673 0.041486263275146484
1662934334479584932 0.03455829620361328
1662934334523566246 0.04386544227600098
1662934334567423343 0.040854454040527344
1662934334610892057 0.037473201751708984
1662934334655332565 0.04192209243774414
1662934334698773145 0.0368647575378418
1662934334742810249 0.043823957443237305
1662934334786966800 0.03488516807556152
1662934334830553054 0.039121389389038086
1662934334874181032 0.04329705238342285
1662934334917850017 0.04109525680541992
1662934334962050676 0.037070274353027344
1662934335005958318 0.04665422439575195
1662934335049634218 0.03499650955200195
1662934335092733144 0.04173445701599121
1662934335136785984 0.045465707778930664
1662934335180591821 0.034256696701049805
1662934335224906444 0.04878973960876465
1662934335269642591 0.03880929946899414
1662934335313827514 0.040062665939331055
1662934335357472419 0.04352235794067383
1662934335401164531 0.03995919227600098
1662934335444479227 0.04791402816772461
1662934335488718509 0.035318613052368164
1662934335532819986 0.04376935958862305
1662934335576361894 0.03502225875854492
1662934335620167732 0.040313720703125
1662934335663389921 0.04408693313598633
1662934335707293272 0.036086082458496094
1662934335750613689 0.04346442222595215
1662934335794228315 0.03480863571166992
1662934335837647676 0.04445052146911621
1662934335881040811 0.035730600357055664
1662934335924108266 0.042824745178222656
1662934335968404531 0.04340815544128418
1662934336011732339 0.03452658653259277
1662934336054834365 0.04155135154724121
1662934336098390102 0.043660640716552734
1662934336141805887 0.03494906425476074
1662934336185389280 0.03569388389587402
1662934336228890895 0.04233884811401367
1662934336272212505 0.04403042793273926
1662934336316093206 0.04056882858276367
1662934336360109329 0.0383758544921875
1662934336403806209 0.042597055435180664
1662934336447308301 0.043659210205078125
1662934336490828037 0.04372048377990723
1662934336534250259 0.0430757999420166
1662934336577944993 0.043031930923461914
1662934336621491193 0.044063568115234375
1662934336665192127 0.043564558029174805
1662934336708735227 0.04553103446960449
1662934336752382755 0.035259246826171875
1662934336796323060 0.04357719421386719
1662934336840510606 0.043548583984375
1662934336884246826 0.046212196350097656
1662934336931578636 0.04661822319030762
1662934336974819898 0.046102285385131836
1662934337017927885 0.04587745666503906
1662934337061144351 0.0463716983795166
1662934337104179382 0.043624162673950195
1662934337147372961 0.03843545913696289
1662934337191027164 0.04461479187011719
1662934337235624790 0.0353243350982666
1662934337280054807 0.043515682220458984
1662934337325669050 0.03529715538024902
1662934337369168758 0.0434114933013916
1662934337412432670 0.03584885597229004
1662934337455778598 0.04255986213684082
1662934337499411821 0.04339599609375
1662934337542957544 0.0462031364440918
1662934337586380481 0.03493618965148926
1662934337629770517 0.04439902305603027
1662934337674093723 0.03463554382324219
1662934337717525959 0.04471015930175781
1662934337761294126 0.04213857650756836
1662934337805522203 0.046399593353271484
1662934337849337816 0.036543846130371094
1662934337893452405 0.04399228096008301
1662934337937306404 0.04215240478515625
1662934337980399608 0.042897701263427734
1662934338023403406 0.03453516960144043
1662934338067313671 0.04323577880859375
1662934338110866546 0.044147491455078125
1662934338154580116 0.03637123107910156
1662934338198700428 0.04206347465515137
1662934338243389844 0.04313206672668457
1662934338287327051 0.038582801818847656
1662934338331446170 0.03860783576965332
