using cuda:0 device.
29407
1662934073144075155 0.08670330047607422
1662934073190496206 0.05125546455383301
1662934073235009193 0.05158424377441406
1662934073279400587 0.0401921272277832
1662934073324440002 0.056382179260253906
1662934073368923187 0.04543924331665039
1662934073412576913 0.03659391403198242
1662934073456732749 0.0425717830657959
1662934073500551700 0.044883012771606445
1662934073547227144 0.04280424118041992
1662934073591586112 0.034471750259399414
1662934073636769533 0.04215693473815918
1662934073680521488 0.03428244590759277
1662934073724787473 0.0425112247467041
1662934073768427610 0.04235577583312988
1662934073811604976 0.04429006576538086
1662934073855998039 0.043688297271728516
1662934073900300264 0.044884443283081055
1662934073944719076 0.04500269889831543
1662934073989685297 0.044231414794921875
1662934074034485101 0.04643559455871582
1662934074079272031 0.04253983497619629
1662934074123106718 0.04097867012023926
1662934074168606758 0.04821300506591797
1662934074212594270 0.04700303077697754
1662934074256485223 0.046126604080200195
1662934074306219100 0.052109718322753906
1662934074350147485 0.04262733459472656
1662934074403343439 0.040421247482299805
1662934074452585935 0.05201077461242676
1662934074496918678 0.0423583984375
1662934074542133569 0.04066824913024902
1662934074598754644 0.04201340675354004
1662934074642383575 0.04395294189453125
1662934074686697006 0.034395456314086914
1662934074731255292 0.04059290885925293
1662934074775062084 0.042372941970825195
1662934074818764448 0.04628729820251465
1662934074862355947 0.03467130661010742
1662934074907282829 0.04051494598388672
1662934074950920104 0.041940927505493164
1662934074994485139 0.04259324073791504
1662934075038135290 0.03547263145446777
1662934075082206249 0.04204440116882324
1662934075125924587 0.04624795913696289
1662934075169342279 0.04310870170593262
1662934075212958574 0.03646731376647949
1662934075257030248 0.04290413856506348
1662934075300942182 0.041878461837768555
1662934075360867500 0.04521369934082031
1662934075405100345 0.04204440116882324
1662934075448734521 0.037061214447021484
1662934075493025064 0.0418550968170166
1662934075538232326 0.04307889938354492
1662934075582027196 0.04711294174194336
1662934075626741409 0.046486616134643555
1662934075670543193 0.04388570785522461
1662934075714272260 0.03810596466064453
1662934075771135568 0.04025411605834961
1662934075814690589 0.046640872955322266
1662934075858341217 0.044097185134887695
1662934075902075052 0.046964406967163086
1662934075945740938 0.04412436485290527
1662934075989966154 0.045178890228271484
1662934076033722877 0.034400224685668945
1662934076077505111 0.040546417236328125
1662934076122326612 0.04210209846496582
1662934076170024394 0.04218697547912598
1662934076214057445 0.04170632362365723
1662934076258190631 0.04215717315673828
1662934076301798343 0.0529024600982666
1662934076345425844 0.03956341743469238
1662934076389251470 0.03810763359069824
1662934076432994604 0.04503893852233887
1662934076477057456 0.03684043884277344
1662934076520836591 0.04569578170776367
1662934076564661741 0.04544353485107422
1662934076608419418 0.05138444900512695
1662934076661414861 0.04211902618408203
1662934076709706544 0.050872087478637695
1662934076753891944 0.04252314567565918
1662934076810430288 0.043092966079711914
1662934076855109691 0.04273676872253418
1662934076900206089 0.034973859786987305
1662934076945298671 0.04151034355163574
1662934076990362405 0.04263782501220703
1662934077033644914 0.04391193389892578
1662934077077438831 0.04087257385253906
1662934077121609210 0.037731170654296875
1662934077165266990 0.04279971122741699
1662934077209018230 0.04274106025695801
1662934077253101825 0.04018378257751465
1662934077297741889 0.03821444511413574
1662934077341563224 0.043131351470947266
1662934077385136842 0.042903900146484375
1662934077428755044 0.044039011001586914
1662934077472931146 0.04477238655090332
1662934077516842603 0.042790889739990234
1662934077560921192 0.03471803665161133
1662934077604533672 0.04104471206665039
1662934077648615598 0.043967247009277344
1662934077692507028 0.034913063049316406
1662934077735436439 0.04128575325012207
1662934077779961824 0.043790340423583984
1662934077823597669 0.034544944763183594
1662934077868046998 0.038498640060424805
1662934077911443948 0.0436708927154541
1662934077955557823 0.03436565399169922
1662934077998766660 0.04288291931152344
1662934078043301343 0.03621554374694824
1662934078086320877 0.04355812072753906
1662934078130175113 0.03437542915344238
1662934078173197031 0.04240584373474121
1662934078217170238 0.03374671936035156
1662934078260222673 0.04312753677368164
1662934078304320096 0.03423738479614258
1662934078347800493 0.04250502586364746
1662934078391126155 0.03388404846191406
1662934078434648990 0.04385089874267578
1662934078478238582 0.03403449058532715
1662934078522249937 0.034156084060668945
1662934078565692901 0.04314088821411133
1662934078609721422 0.034291744232177734
1662934078653666496 0.03476405143737793
1662934078697751760 0.03952765464782715
1662934078741101264 0.034451961517333984
1662934078784616470 0.034230947494506836
1662934078828581571 0.04273843765258789
1662934078872333526 0.03420257568359375
1662934078915843248 0.03568148612976074
1662934078960273742 0.04602313041687012
1662934079004437685 0.035582542419433594
1662934079048150062 0.0343317985534668
1662934079091988563 0.034143924713134766
1662934079134993314 0.0431361198425293
1662934079178599357 0.03431987762451172
1662934079222166776 0.03484511375427246
1662934079265716552 0.03497934341430664
1662934079309963941 0.038825273513793945
1662934079354329586 0.0345151424407959
1662934079398124456 0.034491539001464844
1662934079443279266 0.03789687156677246
1662934079487242937 0.0348358154296875
1662934079531208276 0.03500699996948242
1662934079574722766 0.04265189170837402
1662934079618346929 0.0342254638671875
1662934079661813974 0.03448820114135742
1662934079705540657 0.04350137710571289
1662934079749190092 0.03447151184082031
1662934079792319536 0.04376721382141113
1662934079835851669 0.03451085090637207
1662934079879442691 0.04318547248840332
1662934079923034667 0.04576373100280762
1662934079966573715 0.0346226692199707
1662934080010815143 0.04277658462524414
1662934080054500102 0.04266238212585449
1662934080098630905 0.04895615577697754
1662934080143672466 0.04513049125671387
1662934080188014507 0.04304218292236328
1662934080231759309 0.05135679244995117
1662934080275670528 0.0359194278717041
1662934080320233106 0.041562795639038086
1662934080364026308 0.04162716865539551
1662934080408793687 0.04236030578613281
1662934080452499866 0.04197287559509277
1662934080497198104 0.04278755187988281
1662934080541302204 0.04241204261779785
1662934080586661338 0.04449748992919922
1662934080631454229 0.035015106201171875
1662934080676627635 0.04250454902648926
1662934080720339059 0.04224252700805664
1662934080764946937 0.04239797592163086
1662934080808698892 0.04343914985656738
1662934080853823661 0.03457999229431152
1662934080897968292 0.04343295097351074
1662934080941642045 0.04348897933959961
1662934080985304594 0.04645109176635742
1662934081029323101 0.0444636344909668
1662934081073879241 0.03533339500427246
1662934081118181228 0.04310297966003418
1662934081161898851 0.043441057205200195
1662934081205955505 0.04366493225097656
1662934081250469923 0.036180973052978516
1662934081294765710 0.0418095588684082
1662934081338981628 0.04654836654663086
1662934081383417606 0.03453254699707031
1662934081427594661 0.04151177406311035
1662934081472368717 0.04571366310119629
1662934081516347885 0.03482961654663086
1662934081560896158 0.03978753089904785
1662934081605188608 0.03471112251281738
1662934081649191379 0.04227399826049805
1662934081693550348 0.035119056701660156
1662934081738056421 0.03890824317932129
1662934081782833099 0.043548583984375
1662934081827258110 0.03627920150756836
1662934081870678901 0.03453183174133301
1662934081914931535 0.03912067413330078
1662934081958411455 0.035588741302490234
1662934082002920866 0.03924202919006348
1662934082046786069 0.03442692756652832
1662934082091120243 0.039647817611694336
1662934082134599685 0.03476834297180176
1662934082177949190 0.042478084564208984
1662934082221292257 0.034723520278930664
1662934082264448165 0.04291677474975586
1662934082307600498 0.034427642822265625
1662934082351280927 0.04113197326660156
1662934082394570350 0.03433585166931152
1662934082437718152 0.04249691963195801
1662934082480863571 0.04295468330383301
1662934082523971080 0.04639554023742676
1662934082567490339 0.043792009353637695
1662934082611188411 0.04628777503967285
1662934082655716657 0.03438925743103027
1662934082699397563 0.04434847831726074
1662934082743222236 0.03445839881896973
1662934082786630868 0.04285287857055664
1662934082829764842 0.03520321846008301
1662934082873647928 0.040955305099487305
1662934082917950153 0.043045759201049805
1662934082961478233 0.045029401779174805
1662934083005064010 0.03449249267578125
1662934083048442840 0.03428530693054199
1662934083092914342 0.03731250762939453
1662934083136669635 0.03494668006896973
1662934083180733442 0.04096364974975586
1662934083224315404 0.03487658500671387
1662934083267396688 0.04336357116699219
1662934083311073541 0.03430461883544922
1662934083354139566 0.03499722480773926
1662934083399010896 0.038045406341552734
1662934083443003892 0.04288434982299805
1662934083487065076 0.04210519790649414
1662934083530890464 0.03607439994812012
1662934083575130462 0.03896617889404297
1662934083618945837 0.042745113372802734
1662934083662621498 0.043793678283691406
1662934083706308603 0.0352931022644043
1662934083751367568 0.03924298286437988
1662934083795172214 0.04248762130737305
1662934083839388132 0.04452872276306152
1662934083883302450 0.03458142280578613
1662934083927487373 0.03965139389038086
1662934083972425460 0.0427398681640625
1662934084016154050 0.043166160583496094
1662934084060311794 0.03382444381713867
1662934084103793382 0.04084658622741699
1662934084147897481 0.03480792045593262
1662934084191744804 0.04169511795043945
1662934084235521554 0.04320216178894043
1662934084279263734 0.03464174270629883
1662934084323040723 0.04269289970397949
1662934084366491556 0.04224443435668945
1662934084410365343 0.04046750068664551
1662934084454747200 0.03675389289855957
1662934084499037742 0.04299616813659668
1662934084542843103 0.04220151901245117
1662934084586619138 0.04424142837524414
1662934084630957365 0.04239010810852051
1662934084674969434 0.03483247756958008
1662934084719654321 0.03962087631225586
1662934084763941526 0.04299020767211914
1662934084808041334 0.04312562942504883
1662934084851781606 0.0424802303314209
1662934084895295381 0.04317593574523926
1662934084939597368 0.04240679740905762
1662934084984497547 0.03715085983276367
1662934085040521383 0.04086613655090332
1662934085085247516 0.04254150390625
1662934085140552997 0.04102945327758789
1662934085187618970 0.04024910926818848
1662934085231620073 0.04221916198730469
1662934085282031536 0.04236960411071777
1662934085326223373 0.03538250923156738
1662934085371047019 0.04544258117675781
1662934085415688753 0.04516744613647461
1662934085459790945 0.04275989532470703
1662934085503953218 0.042021989822387695
1662934085548091173 0.042931318283081055
1662934085592247247 0.04198002815246582
1662934085635887145 0.042588233947753906
1662934085679696083 0.042658329010009766
1662934085723553895 0.0421452522277832
1662934085767355680 0.043593406677246094
1662934085811209440 0.045316219329833984
1662934085856350183 0.04507327079772949
1662934085901140689 0.042612552642822266
1662934085946208000 0.03437972068786621
1662934085990902185 0.0414431095123291
1662934086034761905 0.042691946029663086
1662934086079723119 0.042471885681152344
1662934086123759508 0.04320263862609863
1662934086168902397 0.043399810791015625
1662934086213146686 0.042395830154418945
1662934086258475303 0.044905900955200195
1662934086303355455 0.04143834114074707
1662934086349782228 0.04115748405456543
1662934086394744873 0.038680076599121094
1662934086440059661 0.042153358459472656
1662934086484111785 0.04175257682800293
1662934086529681205 0.04239368438720703
1662934086573789596 0.041542768478393555
1662934086618907451 0.04223346710205078
1662934086663162469 0.04274320602416992
1662934086708297729 0.04417085647583008
1662934086752557516 0.04073143005371094
1662934086798437356 0.03690814971923828
1662934086843775749 0.038808345794677734
1662934086889218091 0.04080843925476074
1662934086934660196 0.042328834533691406
1662934086978742122 0.04190254211425781
1662934087022840023 0.04433417320251465
1662934087066796779 0.040528297424316406
1662934087110837697 0.036875009536743164
1662934087155720949 0.039435386657714844
1662934087200160264 0.042508840560913086
1662934087244737625 0.04247570037841797
1662934087288188457 0.04310274124145508
1662934087331790447 0.042207956314086914
1662934087375915050 0.03512740135192871
1662934087420080423 0.039752960205078125
1662934087463708639 0.04259467124938965
1662934087507235288 0.0427248477935791
1662934087550969362 0.04318380355834961
1662934087594595670 0.04536843299865723
1662934087638683319 0.04544425010681152
1662934087682819604 0.044286489486694336
1662934087727422237 0.043314218521118164
1662934087770877122 0.036727190017700195
1662934087815149068 0.04197525978088379
1662934087858838558 0.04277944564819336
1662934087902330636 0.04438638687133789
1662934087947125673 0.035073280334472656
1662934087990903615 0.044137001037597656
1662934088034217119 0.04319262504577637
1662934088077710151 0.04548382759094238
1662934088121757030 0.034854888916015625
1662934088164984464 0.041204214096069336
1662934088208602905 0.04334115982055664
1662934088252083301 0.04258322715759277
1662934088295945167 0.03566288948059082
1662934088340152025 0.03956460952758789
1662934088383574485 0.04188108444213867
1662934088427652835 0.042519569396972656
1662934088471020221 0.034889936447143555
1662934088515445947 0.03946638107299805
1662934088558871746 0.04350590705871582
1662934088602600097 0.035875558853149414
1662934088646867513 0.03993582725524902
1662934088691360235 0.04351520538330078
1662934088735189914 0.04310417175292969
1662934088779044866 0.04642844200134277
1662934088823008537 0.04298257827758789
1662934088867952823 0.04131340980529785
1662934088913281679 0.03748798370361328
1662934088957780838 0.04089856147766113
1662934089002566337 0.03986382484436035
1662934089048593521 0.040683746337890625
1662934089092751026 0.041849613189697266
1662934089137561321 0.04259920120239258
1662934089181683778 0.0435183048248291
1662934089225308418 0.046044349670410156
1662934089269162893 0.04477715492248535
1662934089312857627 0.04655814170837402
1662934089368425369 0.04514956474304199
1662934089412382602 0.045349836349487305
1662934089456118345 0.04355430603027344
1662934089499869108 0.04472494125366211
1662934089544859170 0.04024052619934082
1662934089588846445 0.03789567947387695
1662934089633355617 0.04285573959350586
1662934089677082300 0.043115854263305664
1662934089721022367 0.042875051498413086
1662934089765050172 0.04337024688720703
1662934089809833526 0.034345388412475586
1662934089853741645 0.041281938552856445
1662934089897456169 0.04237556457519531
1662934089941097974 0.04222416877746582
1662934089984935760 0.040354251861572266
1662934090029648542 0.03829240798950195
1662934090073159694 0.04326462745666504
1662934090117077350 0.043277740478515625
1662934090160667419 0.04265165328979492
1662934090205297470 0.03488755226135254
1662934090248622179 0.04093122482299805
1662934090292992115 0.04294085502624512
1662934090336668491 0.03458094596862793
1662934090381000518 0.04102015495300293
1662934090425440549 0.0429997444152832
1662934090469268560 0.034392595291137695
1662934090512779712 0.034477949142456055
1662934090557483673 0.03951716423034668
1662934090601482868 0.03514671325683594
1662934090645181655 0.04327726364135742
1662934090688983917 0.034240007400512695
1662934090733057022 0.03994297981262207
1662934090776811599 0.03464794158935547
1662934090821235418 0.039769887924194336
1662934090865306615 0.043936729431152344
1662934090908899307 0.03486013412475586
1662934090952280521 0.041611433029174805
1662934090996974945 0.04245877265930176
1662934091040769577 0.04256582260131836
1662934091084651231 0.04642677307128906
1662934091129625082 0.04582810401916504
1662934091173949956 0.04191255569458008
1662934091220448017 0.03838634490966797
1662934091264493227 0.045998334884643555
1662934091309312820 0.03498196601867676
1662934091352839708 0.04205584526062012
1662934091397567749 0.04373931884765625
1662934091441188335 0.04287385940551758
1662934091484993219 0.036774635314941406
1662934091529374361 0.04286527633666992
1662934091573049545 0.04558587074279785
1662934091616470575 0.03470134735107422
1662934091660659551 0.04286932945251465
1662934091704462289 0.042322635650634766
1662934091747755289 0.042919158935546875
1662934091791786432 0.03446459770202637
1662934091836359739 0.039319753646850586
1662934091880151987 0.0438690185546875
1662934091924465894 0.03988051414489746
1662934091969362974 0.03867697715759277
1662934092013289928 0.04175925254821777
1662934092057870388 0.0439913272857666
1662934092101957559 0.04465746879577637
1662934092147074222 0.04642438888549805
1662934092192100286 0.0378420352935791
1662934092236240386 0.043496131896972656
1662934092279901027 0.04331707954406738
1662934092324106216 0.0350031852722168
1662934092367743492 0.04309654235839844
1662934092411673069 0.043747663497924805
1662934092456491947 0.045922279357910156
1662934092500457525 0.034578800201416016
1662934092544141530 0.04289555549621582
1662934092587891101 0.03427839279174805
1662934092631838560 0.0422358512878418
1662934092676520347 0.0396883487701416
1662934092720896720 0.038466691970825195
1662934092765164852 0.04428577423095703
1662934092809142589 0.034349679946899414
1662934092852562427 0.04335522651672363
1662934092896028995 0.043466806411743164
1662934092940111398 0.03717231750488281
1662934092983701229 0.04309725761413574
1662934093027113914 0.04331493377685547
1662934093070553779 0.04054880142211914
1662934093115210294 0.03806948661804199
1662934093158820867 0.043309688568115234
1662934093202319622 0.0436403751373291
1662934093245982885 0.04393196105957031
1662934093289457321 0.0397791862487793
1662934093334079265 0.03909134864807129
1662934093378584146 0.05130910873413086
1662934093423511266 0.04378104209899902
1662934093467386722 0.043962955474853516
1662934093511092424 0.043465375900268555
1662934093555350303 0.046529293060302734
1662934093599811315 0.04607439041137695
1662934093643504142 0.03516888618469238
1662934093687691450 0.043196916580200195
1662934093731299638 0.04472970962524414
1662934093775792598 0.0348515510559082
1662934093819119691 0.04362678527832031
1662934093862530231 0.046259164810180664
1662934093906793355 0.04546022415161133
1662934093950264215 0.036318063735961914
1662934093993638515 0.04217863082885742
1662934094037066936 0.04393482208251953
1662934094080238103 0.040630340576171875
1662934094123373746 0.0431971549987793
1662934094167781352 0.045638322830200195
1662934094212404966 0.03486990928649902
1662934094256189584 0.04418683052062988
1662934094301452398 0.03451132774353027
1662934094344892501 0.04330921173095703
1662934094388719081 0.03463482856750488
1662934094432373285 0.04361414909362793
1662934094476989269 0.04316973686218262
1662934094520934581 0.03528261184692383
1662934094565315008 0.043152570724487305
1662934094609043598 0.03432297706604004
1662934094653048276 0.04296684265136719
1662934094696281909 0.03472542762756348
1662934094739953041 0.04161524772644043
1662934094784062385 0.03556561470031738
1662934094829464673 0.037792205810546875
1662934094873800992 0.043943166732788086
1662934094917690515 0.03479719161987305
1662934094962199449 0.041893720626831055
1662934095006975173 0.03501391410827637
1662934095050783634 0.04639387130737305
1662934095095048666 0.034928321838378906
1662934095139726638 0.039647817611694336
1662934095184009075 0.03455376625061035
1662934095229410648 0.03761434555053711
1662934095273457527 0.03809022903442383
1662934095318042278 0.037879228591918945
1662934095361477375 0.04260396957397461
1662934095405736684 0.035967350006103516
1662934095449310064 0.04299759864807129
1662934095493263721 0.03434300422668457
1662934095536454677 0.04309654235839844
1662934095580043554 0.034368276596069336
1662934095623859643 0.043311357498168945
1662934095668210506 0.03403067588806152
1662934095711472988 0.03457498550415039
1662934095756410360 0.03788042068481445
1662934095800889968 0.03492856025695801
1662934095846467733 0.04084444046020508
1662934095890663146 0.04430842399597168
1662934095936830997 0.0344243049621582
1662934095980564594 0.04355812072753906
1662934096024533510 0.0346832275390625
1662934096069034099 0.04274630546569824
1662934096112922191 0.04337716102600098
1662934096156839132 0.036467552185058594
1662934096201642274 0.03888201713562012
1662934096246044635 0.043099164962768555
1662934096290285110 0.03442239761352539
1662934096334384918 0.043115854263305664
1662934096378074407 0.043746232986450195
1662934096422181844 0.03481101989746094
1662934096467180967 0.038669586181640625
1662934096510900974 0.04386329650878906
1662934096554630041 0.04295492172241211
1662934096598634481 0.042604923248291016
1662934096641877651 0.03990459442138672
1662934096685939550 0.03782486915588379
1662934096730110168 0.042665958404541016
1662934096773914337 0.04250216484069824
1662934096817041397 0.034479618072509766
1662934096860230207 0.04219985008239746
1662934096904706001 0.04639267921447754
1662934096948860645 0.03516197204589844
1662934096992338180 0.04282212257385254
1662934097036423683 0.04364466667175293
1662934097080423355 0.03701591491699219
1662934097124539136 0.04379439353942871
1662934097168457984 0.03487372398376465
1662934097212144136 0.04305434226989746
1662934097256584644 0.036878108978271484
1662934097301279067 0.04276776313781738
1662934097344441652 0.0427401065826416
1662934097388541460 0.035920143127441406
1662934097431725978 0.04377865791320801
1662934097475685596 0.034876108169555664
1662934097519397258 0.03477597236633301
1662934097563167333 0.043099164962768555
1662934097606379270 0.04472708702087402
1662934097650415182 0.03511452674865723
1662934097694564104 0.03991866111755371
1662934097739663839 0.04265785217285156
1662934097783568382 0.04368996620178223
1662934097827501535 0.04635810852050781
1662934097871736526 0.0443425178527832
1662934097915767908 0.04484224319458008
1662934097960562944 0.04384112358093262
1662934098004916667 0.04203391075134277
1662934098049293041 0.037557363510131836
1662934098093899965 0.04403996467590332
1662934098138073444 0.0352632999420166
1662934098181692123 0.04281163215637207
1662934098227401971 0.04352450370788574
1662934098271647453 0.044252634048461914
1662934098315237522 0.043813467025756836
1662934098359572172 0.04446244239807129
1662934098404173135 0.04476499557495117
1662934098450993299 0.03675556182861328
1662934098494284629 0.04364800453186035
1662934098537430524 0.04387235641479492
1662934098580806732 0.035277366638183594
1662934098623942613 0.043862342834472656
1662934098667116880 0.035314083099365234
1662934098710254192 0.04479575157165527
1662934098753371953 0.03557395935058594
1662934098796616077 0.04525589942932129
1662934098839752197 0.04568600654602051
1662934098883032560 0.03550100326538086
1662934098926155567 0.042421579360961914
1662934098969287395 0.03530120849609375
1662934099013027906 0.04113268852233887
1662934099056362390 0.03582930564880371
1662934099100523710 0.04116320610046387
1662934099143735647 0.04405570030212402
1662934099187017440 0.04375457763671875
1662934099230742216 0.035150766372680664
1662934099274548292 0.0411992073059082
1662934099318547964 0.04905533790588379
1662934099363066434 0.03656363487243652
1662934099406363487 0.04708147048950195
1662934099449759721 0.03476858139038086
1662934099493364810 0.042304039001464844
1662934099536609649 0.0429842472076416
1662934099579829454 0.03790926933288574
1662934099626508951 0.03719949722290039
1662934099669844388 0.042762041091918945
